[2022-04-06 02:06:35,762] {taskinstance.py:1043} INFO - Dependencies all met for <TaskInstance: IngestToGCP.processing_tasks_posts_questions.remove_posts_questions_parquet scheduled__2017-02-01T00:00:00+00:00 [queued]>
[2022-04-06 02:06:35,871] {taskinstance.py:1043} INFO - Dependencies all met for <TaskInstance: IngestToGCP.processing_tasks_posts_questions.remove_posts_questions_parquet scheduled__2017-02-01T00:00:00+00:00 [queued]>
[2022-04-06 02:06:35,872] {taskinstance.py:1249} INFO - 
--------------------------------------------------------------------------------
[2022-04-06 02:06:35,872] {taskinstance.py:1250} INFO - Starting attempt 1 of 1
[2022-04-06 02:06:35,872] {taskinstance.py:1251} INFO - 
--------------------------------------------------------------------------------
[2022-04-06 02:06:36,004] {taskinstance.py:1270} INFO - Executing <Task(BashOperator): processing_tasks_posts_questions.remove_posts_questions_parquet> on 2017-02-01 00:00:00+00:00
[2022-04-06 02:06:36,063] {standard_task_runner.py:52} INFO - Started process 159668 to run task
[2022-04-06 02:06:36,127] {standard_task_runner.py:79} INFO - Running: ['***', 'tasks', 'run', 'IngestToGCP', 'processing_tasks_posts_questions.remove_posts_questions_parquet', 'scheduled__2017-02-01T00:00:00+00:00', '--job-id', '10888', '--raw', '--subdir', 'DAGS_FOLDER/ingest_dag.py', '--cfg-path', '/tmp/tmpa3fvh9ju', '--error-file', '/tmp/tmpkr87q8dl']
[2022-04-06 02:06:36,157] {standard_task_runner.py:80} INFO - Job 10888: Subtask processing_tasks_posts_questions.remove_posts_questions_parquet
[2022-04-06 02:06:36,813] {logging_mixin.py:109} INFO - Running <TaskInstance: IngestToGCP.processing_tasks_posts_questions.remove_posts_questions_parquet scheduled__2017-02-01T00:00:00+00:00 [running]> on host 9fe4286b2855
[2022-04-06 02:06:37,329] {logging_mixin.py:109} WARNING - /home/***/.local/lib/python3.7/site-packages/***/utils/context.py:156 AirflowContextDeprecationWarning: Accessing 'execution_date' from the template is deprecated and will be removed in a future version. Please use 'data_interval_start' or 'logical_date' instead.
[2022-04-06 02:06:37,552] {taskinstance.py:1448} INFO - Exporting the following env vars:
AIRFLOW_CTX_DAG_OWNER=***
AIRFLOW_CTX_DAG_ID=IngestToGCP
AIRFLOW_CTX_TASK_ID=processing_tasks_posts_questions.remove_posts_questions_parquet
AIRFLOW_CTX_EXECUTION_DATE=2017-02-01T00:00:00+00:00
AIRFLOW_CTX_DAG_RUN_ID=scheduled__2017-02-01T00:00:00+00:00
[2022-04-06 02:06:37,554] {subprocess.py:62} INFO - Tmp dir root location: 
 /tmp
[2022-04-06 02:06:37,555] {subprocess.py:74} INFO - Running command: ['bash', '-c', 'rm /opt/***/posts_questions-2017-02.parquet']
[2022-04-06 02:06:37,795] {subprocess.py:85} INFO - Output:
[2022-04-06 02:06:38,236] {subprocess.py:93} INFO - Command exited with return code 0
[2022-04-06 02:06:38,531] {taskinstance.py:1288} INFO - Marking task as SUCCESS. dag_id=IngestToGCP, task_id=processing_tasks_posts_questions.remove_posts_questions_parquet, execution_date=20170201T000000, start_date=20220406T020635, end_date=20220406T020638
[2022-04-06 02:06:39,085] {local_task_job.py:154} INFO - Task exited with return code 0
[2022-04-06 02:06:39,203] {local_task_job.py:264} INFO - 0 downstream tasks scheduled from follow-on schedule check
