[2022-04-07 19:25:40,517] {taskinstance.py:1043} INFO - Dependencies all met for <TaskInstance: load_to_BigQuery.create_external_badges.create_badges_stack_overflow_data_external_table scheduled__2018-01-01T00:00:00+00:00 [queued]>
[2022-04-07 19:25:40,589] {taskinstance.py:1043} INFO - Dependencies all met for <TaskInstance: load_to_BigQuery.create_external_badges.create_badges_stack_overflow_data_external_table scheduled__2018-01-01T00:00:00+00:00 [queued]>
[2022-04-07 19:25:40,594] {taskinstance.py:1249} INFO - 
--------------------------------------------------------------------------------
[2022-04-07 19:25:40,599] {taskinstance.py:1250} INFO - Starting attempt 1 of 1
[2022-04-07 19:25:40,599] {taskinstance.py:1251} INFO - 
--------------------------------------------------------------------------------
[2022-04-07 19:25:41,221] {taskinstance.py:1270} INFO - Executing <Task(BigQueryCreateExternalTableOperator): create_external_badges.create_badges_stack_overflow_data_external_table> on 2018-01-01 00:00:00+00:00
[2022-04-07 19:25:41,278] {standard_task_runner.py:52} INFO - Started process 4279 to run task
[2022-04-07 19:25:41,328] {standard_task_runner.py:79} INFO - Running: ['***', 'tasks', 'run', 'load_to_BigQuery', 'create_external_badges.create_badges_stack_overflow_data_external_table', 'scheduled__2018-01-01T00:00:00+00:00', '--job-id', '12958', '--raw', '--subdir', 'DAGS_FOLDER/load_to_BigQuery_dag.py', '--cfg-path', '/tmp/tmptla8x79_', '--error-file', '/tmp/tmpu89nz3za']
[2022-04-07 19:25:41,330] {standard_task_runner.py:80} INFO - Job 12958: Subtask create_external_badges.create_badges_stack_overflow_data_external_table
[2022-04-07 19:25:41,857] {logging_mixin.py:109} INFO - Running <TaskInstance: load_to_BigQuery.create_external_badges.create_badges_stack_overflow_data_external_table scheduled__2018-01-01T00:00:00+00:00 [running]> on host 2c54f2187010
[2022-04-07 19:25:42,439] {logging_mixin.py:109} WARNING - /home/***/.local/lib/python3.7/site-packages/***/utils/context.py:156 AirflowContextDeprecationWarning: Accessing 'execution_date' from the template is deprecated and will be removed in a future version. Please use 'data_interval_start' or 'logical_date' instead.
[2022-04-07 19:25:42,528] {taskinstance.py:1448} INFO - Exporting the following env vars:
AIRFLOW_CTX_DAG_OWNER=***
AIRFLOW_CTX_DAG_ID=load_to_BigQuery
AIRFLOW_CTX_TASK_ID=create_external_badges.create_badges_stack_overflow_data_external_table
AIRFLOW_CTX_EXECUTION_DATE=2018-01-01T00:00:00+00:00
AIRFLOW_CTX_DAG_RUN_ID=scheduled__2018-01-01T00:00:00+00:00
[2022-04-07 19:25:42,530] {crypto.py:82} WARNING - empty cryptography key - values will not be stored encrypted.
[2022-04-07 19:25:43,802] {taskinstance.py:1288} INFO - Marking task as SUCCESS. dag_id=load_to_BigQuery, task_id=create_external_badges.create_badges_stack_overflow_data_external_table, execution_date=20180101T000000, start_date=20220407T192540, end_date=20220407T192543
[2022-04-07 19:25:44,024] {local_task_job.py:154} INFO - Task exited with return code 0
[2022-04-07 19:25:44,208] {local_task_job.py:264} INFO - 1 downstream tasks scheduled from follow-on schedule check
[2022-04-07 22:18:45,737] {taskinstance.py:1043} INFO - Dependencies all met for <TaskInstance: load_to_BigQuery.create_external_badges.create_badges_stack_overflow_data_external_table scheduled__2018-01-01T00:00:00+00:00 [queued]>
[2022-04-07 22:18:45,767] {taskinstance.py:1043} INFO - Dependencies all met for <TaskInstance: load_to_BigQuery.create_external_badges.create_badges_stack_overflow_data_external_table scheduled__2018-01-01T00:00:00+00:00 [queued]>
[2022-04-07 22:18:45,768] {taskinstance.py:1249} INFO - 
--------------------------------------------------------------------------------
[2022-04-07 22:18:45,769] {taskinstance.py:1250} INFO - Starting attempt 1 of 1
[2022-04-07 22:18:45,769] {taskinstance.py:1251} INFO - 
--------------------------------------------------------------------------------
[2022-04-07 22:18:45,995] {taskinstance.py:1270} INFO - Executing <Task(BigQueryCreateExternalTableOperator): create_external_badges.create_badges_stack_overflow_data_external_table> on 2018-01-01 00:00:00+00:00
[2022-04-07 22:18:46,013] {standard_task_runner.py:52} INFO - Started process 6605 to run task
[2022-04-07 22:18:46,036] {standard_task_runner.py:79} INFO - Running: ['***', 'tasks', 'run', 'load_to_BigQuery', 'create_external_badges.create_badges_stack_overflow_data_external_table', 'scheduled__2018-01-01T00:00:00+00:00', '--job-id', '14217', '--raw', '--subdir', 'DAGS_FOLDER/load_to_BigQuery_dag.py', '--cfg-path', '/tmp/tmp3yuica3x', '--error-file', '/tmp/tmpvhafkgel']
[2022-04-07 22:18:46,037] {standard_task_runner.py:80} INFO - Job 14217: Subtask create_external_badges.create_badges_stack_overflow_data_external_table
[2022-04-07 22:18:46,185] {logging_mixin.py:109} INFO - Running <TaskInstance: load_to_BigQuery.create_external_badges.create_badges_stack_overflow_data_external_table scheduled__2018-01-01T00:00:00+00:00 [running]> on host 36107d30f64e
[2022-04-07 22:18:46,411] {logging_mixin.py:109} WARNING - /home/***/.local/lib/python3.7/site-packages/***/utils/context.py:156 AirflowContextDeprecationWarning: Accessing 'execution_date' from the template is deprecated and will be removed in a future version. Please use 'data_interval_start' or 'logical_date' instead.
[2022-04-07 22:18:46,485] {taskinstance.py:1448} INFO - Exporting the following env vars:
AIRFLOW_CTX_DAG_OWNER=***
AIRFLOW_CTX_DAG_ID=load_to_BigQuery
AIRFLOW_CTX_TASK_ID=create_external_badges.create_badges_stack_overflow_data_external_table
AIRFLOW_CTX_EXECUTION_DATE=2018-01-01T00:00:00+00:00
AIRFLOW_CTX_DAG_RUN_ID=scheduled__2018-01-01T00:00:00+00:00
[2022-04-07 22:18:46,487] {crypto.py:82} WARNING - empty cryptography key - values will not be stored encrypted.
[2022-04-07 22:18:47,448] {taskinstance.py:1288} INFO - Marking task as SUCCESS. dag_id=load_to_BigQuery, task_id=create_external_badges.create_badges_stack_overflow_data_external_table, execution_date=20180101T000000, start_date=20220407T221845, end_date=20220407T221847
[2022-04-07 22:18:47,596] {local_task_job.py:154} INFO - Task exited with return code 0
[2022-04-07 22:18:47,702] {local_task_job.py:264} INFO - 1 downstream tasks scheduled from follow-on schedule check
