[2022-04-06 01:09:07,881] {taskinstance.py:1043} INFO - Dependencies all met for <TaskInstance: IngestToGCP.processing_tasks_posts_questions.remove_posts_questions_csv scheduled__2015-03-01T00:00:00+00:00 [queued]>
[2022-04-06 01:09:08,059] {taskinstance.py:1043} INFO - Dependencies all met for <TaskInstance: IngestToGCP.processing_tasks_posts_questions.remove_posts_questions_csv scheduled__2015-03-01T00:00:00+00:00 [queued]>
[2022-04-06 01:09:08,059] {taskinstance.py:1249} INFO - 
--------------------------------------------------------------------------------
[2022-04-06 01:09:08,059] {taskinstance.py:1250} INFO - Starting attempt 1 of 1
[2022-04-06 01:09:08,059] {taskinstance.py:1251} INFO - 
--------------------------------------------------------------------------------
[2022-04-06 01:09:08,308] {taskinstance.py:1270} INFO - Executing <Task(BashOperator): processing_tasks_posts_questions.remove_posts_questions_csv> on 2015-03-01 00:00:00+00:00
[2022-04-06 01:09:08,371] {standard_task_runner.py:52} INFO - Started process 121349 to run task
[2022-04-06 01:09:08,496] {standard_task_runner.py:79} INFO - Running: ['***', 'tasks', 'run', 'IngestToGCP', 'processing_tasks_posts_questions.remove_posts_questions_csv', 'scheduled__2015-03-01T00:00:00+00:00', '--job-id', '10290', '--raw', '--subdir', 'DAGS_FOLDER/ingest_dag.py', '--cfg-path', '/tmp/tmp4hixcvv8', '--error-file', '/tmp/tmpnab6zgr4']
[2022-04-06 01:09:08,498] {standard_task_runner.py:80} INFO - Job 10290: Subtask processing_tasks_posts_questions.remove_posts_questions_csv
[2022-04-06 01:09:09,340] {logging_mixin.py:109} INFO - Running <TaskInstance: IngestToGCP.processing_tasks_posts_questions.remove_posts_questions_csv scheduled__2015-03-01T00:00:00+00:00 [running]> on host 9fe4286b2855
[2022-04-06 01:09:09,771] {logging_mixin.py:109} WARNING - /home/***/.local/lib/python3.7/site-packages/***/utils/context.py:156 AirflowContextDeprecationWarning: Accessing 'execution_date' from the template is deprecated and will be removed in a future version. Please use 'data_interval_start' or 'logical_date' instead.
[2022-04-06 01:09:10,000] {taskinstance.py:1448} INFO - Exporting the following env vars:
AIRFLOW_CTX_DAG_OWNER=***
AIRFLOW_CTX_DAG_ID=IngestToGCP
AIRFLOW_CTX_TASK_ID=processing_tasks_posts_questions.remove_posts_questions_csv
AIRFLOW_CTX_EXECUTION_DATE=2015-03-01T00:00:00+00:00
AIRFLOW_CTX_DAG_RUN_ID=scheduled__2015-03-01T00:00:00+00:00
[2022-04-06 01:09:10,002] {subprocess.py:62} INFO - Tmp dir root location: 
 /tmp
[2022-04-06 01:09:10,003] {subprocess.py:74} INFO - Running command: ['bash', '-c', 'rm /opt/***/posts_questions-2015-03.csv']
[2022-04-06 01:09:10,188] {subprocess.py:85} INFO - Output:
[2022-04-06 01:09:10,994] {subprocess.py:93} INFO - Command exited with return code 0
[2022-04-06 01:09:11,191] {taskinstance.py:1288} INFO - Marking task as SUCCESS. dag_id=IngestToGCP, task_id=processing_tasks_posts_questions.remove_posts_questions_csv, execution_date=20150301T000000, start_date=20220406T010907, end_date=20220406T010911
[2022-04-06 01:09:11,311] {local_task_job.py:154} INFO - Task exited with return code 0
[2022-04-06 01:09:11,412] {local_task_job.py:264} INFO - 1 downstream tasks scheduled from follow-on schedule check
