[2022-04-07 19:28:05,592] {taskinstance.py:1043} INFO - Dependencies all met for <TaskInstance: load_to_BigQuery.create_external_posts_questions.create_posts_questions_stack_overflow_data_external_table scheduled__2019-08-01T00:00:00+00:00 [queued]>
[2022-04-07 19:28:05,637] {taskinstance.py:1043} INFO - Dependencies all met for <TaskInstance: load_to_BigQuery.create_external_posts_questions.create_posts_questions_stack_overflow_data_external_table scheduled__2019-08-01T00:00:00+00:00 [queued]>
[2022-04-07 19:28:05,638] {taskinstance.py:1249} INFO - 
--------------------------------------------------------------------------------
[2022-04-07 19:28:05,638] {taskinstance.py:1250} INFO - Starting attempt 1 of 1
[2022-04-07 19:28:05,638] {taskinstance.py:1251} INFO - 
--------------------------------------------------------------------------------
[2022-04-07 19:28:06,176] {taskinstance.py:1270} INFO - Executing <Task(BigQueryCreateExternalTableOperator): create_external_posts_questions.create_posts_questions_stack_overflow_data_external_table> on 2019-08-01 00:00:00+00:00
[2022-04-07 19:28:06,209] {standard_task_runner.py:52} INFO - Started process 5365 to run task
[2022-04-07 19:28:06,269] {standard_task_runner.py:79} INFO - Running: ['***', 'tasks', 'run', 'load_to_BigQuery', 'create_external_posts_questions.create_posts_questions_stack_overflow_data_external_table', 'scheduled__2019-08-01T00:00:00+00:00', '--job-id', '13111', '--raw', '--subdir', 'DAGS_FOLDER/load_to_BigQuery_dag.py', '--cfg-path', '/tmp/tmplk6xg9vy', '--error-file', '/tmp/tmpztvhfxlw']
[2022-04-07 19:28:06,278] {standard_task_runner.py:80} INFO - Job 13111: Subtask create_external_posts_questions.create_posts_questions_stack_overflow_data_external_table
[2022-04-07 19:28:06,559] {logging_mixin.py:109} INFO - Running <TaskInstance: load_to_BigQuery.create_external_posts_questions.create_posts_questions_stack_overflow_data_external_table scheduled__2019-08-01T00:00:00+00:00 [running]> on host 2c54f2187010
[2022-04-07 19:28:06,830] {logging_mixin.py:109} WARNING - /home/***/.local/lib/python3.7/site-packages/***/utils/context.py:156 AirflowContextDeprecationWarning: Accessing 'execution_date' from the template is deprecated and will be removed in a future version. Please use 'data_interval_start' or 'logical_date' instead.
[2022-04-07 19:28:06,978] {taskinstance.py:1448} INFO - Exporting the following env vars:
AIRFLOW_CTX_DAG_OWNER=***
AIRFLOW_CTX_DAG_ID=load_to_BigQuery
AIRFLOW_CTX_TASK_ID=create_external_posts_questions.create_posts_questions_stack_overflow_data_external_table
AIRFLOW_CTX_EXECUTION_DATE=2019-08-01T00:00:00+00:00
AIRFLOW_CTX_DAG_RUN_ID=scheduled__2019-08-01T00:00:00+00:00
[2022-04-07 19:28:06,980] {crypto.py:82} WARNING - empty cryptography key - values will not be stored encrypted.
[2022-04-07 19:28:09,860] {taskinstance.py:1288} INFO - Marking task as SUCCESS. dag_id=load_to_BigQuery, task_id=create_external_posts_questions.create_posts_questions_stack_overflow_data_external_table, execution_date=20190801T000000, start_date=20220407T192805, end_date=20220407T192809
[2022-04-07 19:28:10,241] {local_task_job.py:154} INFO - Task exited with return code 0
[2022-04-07 19:28:10,566] {local_task_job.py:264} INFO - 1 downstream tasks scheduled from follow-on schedule check
[2022-04-07 22:20:41,888] {taskinstance.py:1043} INFO - Dependencies all met for <TaskInstance: load_to_BigQuery.create_external_posts_questions.create_posts_questions_stack_overflow_data_external_table scheduled__2019-08-01T00:00:00+00:00 [queued]>
[2022-04-07 22:20:41,953] {taskinstance.py:1043} INFO - Dependencies all met for <TaskInstance: load_to_BigQuery.create_external_posts_questions.create_posts_questions_stack_overflow_data_external_table scheduled__2019-08-01T00:00:00+00:00 [queued]>
[2022-04-07 22:20:41,953] {taskinstance.py:1249} INFO - 
--------------------------------------------------------------------------------
[2022-04-07 22:20:41,953] {taskinstance.py:1250} INFO - Starting attempt 1 of 1
[2022-04-07 22:20:41,953] {taskinstance.py:1251} INFO - 
--------------------------------------------------------------------------------
[2022-04-07 22:20:42,448] {taskinstance.py:1270} INFO - Executing <Task(BigQueryCreateExternalTableOperator): create_external_posts_questions.create_posts_questions_stack_overflow_data_external_table> on 2019-08-01 00:00:00+00:00
[2022-04-07 22:20:42,503] {standard_task_runner.py:52} INFO - Started process 7648 to run task
[2022-04-07 22:20:42,563] {standard_task_runner.py:79} INFO - Running: ['***', 'tasks', 'run', 'load_to_BigQuery', 'create_external_posts_questions.create_posts_questions_stack_overflow_data_external_table', 'scheduled__2019-08-01T00:00:00+00:00', '--job-id', '14373', '--raw', '--subdir', 'DAGS_FOLDER/load_to_BigQuery_dag.py', '--cfg-path', '/tmp/tmp95_ozcik', '--error-file', '/tmp/tmpkqpk8zvf']
[2022-04-07 22:20:42,576] {standard_task_runner.py:80} INFO - Job 14373: Subtask create_external_posts_questions.create_posts_questions_stack_overflow_data_external_table
[2022-04-07 22:20:42,854] {logging_mixin.py:109} INFO - Running <TaskInstance: load_to_BigQuery.create_external_posts_questions.create_posts_questions_stack_overflow_data_external_table scheduled__2019-08-01T00:00:00+00:00 [running]> on host 36107d30f64e
[2022-04-07 22:20:43,068] {logging_mixin.py:109} WARNING - /home/***/.local/lib/python3.7/site-packages/***/utils/context.py:156 AirflowContextDeprecationWarning: Accessing 'execution_date' from the template is deprecated and will be removed in a future version. Please use 'data_interval_start' or 'logical_date' instead.
[2022-04-07 22:20:43,175] {taskinstance.py:1448} INFO - Exporting the following env vars:
AIRFLOW_CTX_DAG_OWNER=***
AIRFLOW_CTX_DAG_ID=load_to_BigQuery
AIRFLOW_CTX_TASK_ID=create_external_posts_questions.create_posts_questions_stack_overflow_data_external_table
AIRFLOW_CTX_EXECUTION_DATE=2019-08-01T00:00:00+00:00
AIRFLOW_CTX_DAG_RUN_ID=scheduled__2019-08-01T00:00:00+00:00
[2022-04-07 22:20:43,177] {crypto.py:82} WARNING - empty cryptography key - values will not be stored encrypted.
[2022-04-07 22:20:43,888] {taskinstance.py:1288} INFO - Marking task as SUCCESS. dag_id=load_to_BigQuery, task_id=create_external_posts_questions.create_posts_questions_stack_overflow_data_external_table, execution_date=20190801T000000, start_date=20220407T222041, end_date=20220407T222043
[2022-04-07 22:20:44,036] {local_task_job.py:154} INFO - Task exited with return code 0
[2022-04-07 22:20:44,126] {local_task_job.py:264} INFO - 1 downstream tasks scheduled from follow-on schedule check
