[2022-04-06 01:30:16,622] {taskinstance.py:1043} INFO - Dependencies all met for <TaskInstance: IngestToGCP.processing_tasks_users.format_to_parquet_users scheduled__2016-02-01T00:00:00+00:00 [queued]>
[2022-04-06 01:30:16,839] {taskinstance.py:1043} INFO - Dependencies all met for <TaskInstance: IngestToGCP.processing_tasks_users.format_to_parquet_users scheduled__2016-02-01T00:00:00+00:00 [queued]>
[2022-04-06 01:30:16,839] {taskinstance.py:1249} INFO - 
--------------------------------------------------------------------------------
[2022-04-06 01:30:16,839] {taskinstance.py:1250} INFO - Starting attempt 1 of 1
[2022-04-06 01:30:16,839] {taskinstance.py:1251} INFO - 
--------------------------------------------------------------------------------
[2022-04-06 01:30:17,027] {taskinstance.py:1270} INFO - Executing <Task(PythonOperator): processing_tasks_users.format_to_parquet_users> on 2016-02-01 00:00:00+00:00
[2022-04-06 01:30:17,134] {standard_task_runner.py:52} INFO - Started process 135197 to run task
[2022-04-06 01:30:17,244] {standard_task_runner.py:79} INFO - Running: ['***', 'tasks', 'run', 'IngestToGCP', 'processing_tasks_users.format_to_parquet_users', 'scheduled__2016-02-01T00:00:00+00:00', '--job-id', '10513', '--raw', '--subdir', 'DAGS_FOLDER/ingest_dag.py', '--cfg-path', '/tmp/tmp2u8qa1r8', '--error-file', '/tmp/tmp1j3h_zf_']
[2022-04-06 01:30:17,265] {standard_task_runner.py:80} INFO - Job 10513: Subtask processing_tasks_users.format_to_parquet_users
[2022-04-06 01:30:19,578] {logging_mixin.py:109} INFO - Running <TaskInstance: IngestToGCP.processing_tasks_users.format_to_parquet_users scheduled__2016-02-01T00:00:00+00:00 [running]> on host 9fe4286b2855
[2022-04-06 01:30:21,056] {logging_mixin.py:109} WARNING - /home/***/.local/lib/python3.7/site-packages/***/utils/context.py:156 AirflowContextDeprecationWarning: Accessing 'execution_date' from the template is deprecated and will be removed in a future version. Please use 'data_interval_start' or 'logical_date' instead.
[2022-04-06 01:30:22,212] {taskinstance.py:1448} INFO - Exporting the following env vars:
AIRFLOW_CTX_DAG_OWNER=***
AIRFLOW_CTX_DAG_ID=IngestToGCP
AIRFLOW_CTX_TASK_ID=processing_tasks_users.format_to_parquet_users
AIRFLOW_CTX_EXECUTION_DATE=2016-02-01T00:00:00+00:00
AIRFLOW_CTX_DAG_RUN_ID=scheduled__2016-02-01T00:00:00+00:00
[2022-04-06 01:30:39,940] {python.py:175} INFO - Done. Returned value was: None
[2022-04-06 01:30:40,595] {taskinstance.py:1288} INFO - Marking task as SUCCESS. dag_id=IngestToGCP, task_id=processing_tasks_users.format_to_parquet_users, execution_date=20160201T000000, start_date=20220406T013016, end_date=20220406T013040
[2022-04-06 01:30:40,756] {local_task_job.py:154} INFO - Task exited with return code 0
[2022-04-06 01:30:40,984] {local_task_job.py:264} INFO - 1 downstream tasks scheduled from follow-on schedule check
