[2022-04-07 22:21:31,377] {taskinstance.py:1043} INFO - Dependencies all met for <TaskInstance: load_to_BigQuery.create_external_badges.create_badges_stack_overflow_data_external_table scheduled__2020-05-01T00:00:00+00:00 [queued]>
[2022-04-07 22:21:31,420] {taskinstance.py:1043} INFO - Dependencies all met for <TaskInstance: load_to_BigQuery.create_external_badges.create_badges_stack_overflow_data_external_table scheduled__2020-05-01T00:00:00+00:00 [queued]>
[2022-04-07 22:21:31,420] {taskinstance.py:1249} INFO - 
--------------------------------------------------------------------------------
[2022-04-07 22:21:31,420] {taskinstance.py:1250} INFO - Starting attempt 1 of 1
[2022-04-07 22:21:31,420] {taskinstance.py:1251} INFO - 
--------------------------------------------------------------------------------
[2022-04-07 22:21:31,912] {taskinstance.py:1270} INFO - Executing <Task(BigQueryCreateExternalTableOperator): create_external_badges.create_badges_stack_overflow_data_external_table> on 2020-05-01 00:00:00+00:00
[2022-04-07 22:21:31,946] {standard_task_runner.py:52} INFO - Started process 8075 to run task
[2022-04-07 22:21:31,968] {standard_task_runner.py:79} INFO - Running: ['***', 'tasks', 'run', 'load_to_BigQuery', 'create_external_badges.create_badges_stack_overflow_data_external_table', 'scheduled__2020-05-01T00:00:00+00:00', '--job-id', '14440', '--raw', '--subdir', 'DAGS_FOLDER/load_to_BigQuery_dag.py', '--cfg-path', '/tmp/tmpgsug17ur', '--error-file', '/tmp/tmpoexqllf5']
[2022-04-07 22:21:31,969] {standard_task_runner.py:80} INFO - Job 14440: Subtask create_external_badges.create_badges_stack_overflow_data_external_table
[2022-04-07 22:21:32,148] {logging_mixin.py:109} INFO - Running <TaskInstance: load_to_BigQuery.create_external_badges.create_badges_stack_overflow_data_external_table scheduled__2020-05-01T00:00:00+00:00 [running]> on host 36107d30f64e
[2022-04-07 22:21:32,268] {logging_mixin.py:109} WARNING - /home/***/.local/lib/python3.7/site-packages/***/utils/context.py:156 AirflowContextDeprecationWarning: Accessing 'execution_date' from the template is deprecated and will be removed in a future version. Please use 'data_interval_start' or 'logical_date' instead.
[2022-04-07 22:21:32,323] {taskinstance.py:1448} INFO - Exporting the following env vars:
AIRFLOW_CTX_DAG_OWNER=***
AIRFLOW_CTX_DAG_ID=load_to_BigQuery
AIRFLOW_CTX_TASK_ID=create_external_badges.create_badges_stack_overflow_data_external_table
AIRFLOW_CTX_EXECUTION_DATE=2020-05-01T00:00:00+00:00
AIRFLOW_CTX_DAG_RUN_ID=scheduled__2020-05-01T00:00:00+00:00
[2022-04-07 22:21:32,326] {crypto.py:82} WARNING - empty cryptography key - values will not be stored encrypted.
[2022-04-07 22:21:32,730] {taskinstance.py:1288} INFO - Marking task as SUCCESS. dag_id=load_to_BigQuery, task_id=create_external_badges.create_badges_stack_overflow_data_external_table, execution_date=20200501T000000, start_date=20220407T222131, end_date=20220407T222132
[2022-04-07 22:21:32,867] {local_task_job.py:154} INFO - Task exited with return code 0
[2022-04-07 22:21:33,340] {local_task_job.py:264} INFO - 0 downstream tasks scheduled from follow-on schedule check
