[2022-04-06 03:01:44,728] {taskinstance.py:1043} INFO - Dependencies all met for <TaskInstance: IngestToGCP.processing_tasks_posts_answers.spark_job scheduled__2019-05-01T00:00:00+00:00 [queued]>
[2022-04-06 03:01:45,029] {taskinstance.py:1043} INFO - Dependencies all met for <TaskInstance: IngestToGCP.processing_tasks_posts_answers.spark_job scheduled__2019-05-01T00:00:00+00:00 [queued]>
[2022-04-06 03:01:45,029] {taskinstance.py:1249} INFO - 
--------------------------------------------------------------------------------
[2022-04-06 03:01:45,029] {taskinstance.py:1250} INFO - Starting attempt 1 of 1
[2022-04-06 03:01:45,030] {taskinstance.py:1251} INFO - 
--------------------------------------------------------------------------------
[2022-04-06 03:01:45,304] {taskinstance.py:1270} INFO - Executing <Task(SparkSubmitOperator): processing_tasks_posts_answers.spark_job> on 2019-05-01 00:00:00+00:00
[2022-04-06 03:01:45,390] {standard_task_runner.py:52} INFO - Started process 197541 to run task
[2022-04-06 03:01:45,508] {standard_task_runner.py:79} INFO - Running: ['***', 'tasks', 'run', 'IngestToGCP', 'processing_tasks_posts_answers.spark_job', 'scheduled__2019-05-01T00:00:00+00:00', '--job-id', '11486', '--raw', '--subdir', 'DAGS_FOLDER/ingest_dag.py', '--cfg-path', '/tmp/tmp4_i_dhip', '--error-file', '/tmp/tmpxg9jthpq']
[2022-04-06 03:01:45,510] {standard_task_runner.py:80} INFO - Job 11486: Subtask processing_tasks_posts_answers.spark_job
[2022-04-06 03:01:45,878] {logging_mixin.py:109} INFO - Running <TaskInstance: IngestToGCP.processing_tasks_posts_answers.spark_job scheduled__2019-05-01T00:00:00+00:00 [running]> on host 9fe4286b2855
[2022-04-06 03:01:46,443] {logging_mixin.py:109} WARNING - /home/***/.local/lib/python3.7/site-packages/***/utils/context.py:156 AirflowContextDeprecationWarning: Accessing 'execution_date' from the template is deprecated and will be removed in a future version. Please use 'data_interval_start' or 'logical_date' instead.
[2022-04-06 03:01:46,626] {taskinstance.py:1448} INFO - Exporting the following env vars:
AIRFLOW_CTX_DAG_OWNER=***
AIRFLOW_CTX_DAG_ID=IngestToGCP
AIRFLOW_CTX_TASK_ID=processing_tasks_posts_answers.spark_job
AIRFLOW_CTX_EXECUTION_DATE=2019-05-01T00:00:00+00:00
AIRFLOW_CTX_DAG_RUN_ID=scheduled__2019-05-01T00:00:00+00:00
[2022-04-06 03:01:46,674] {base.py:79} INFO - Using connection to: id: spark_project. Host: spark://spark, Port: 7077, Schema: , Login: , Password: None, extra: {'queue': 'root.default'}
[2022-04-06 03:01:46,682] {spark_submit.py:335} INFO - Spark-Submit cmd: spark-submit --master spark://spark:7077 --conf spark.master=local[*] --name format_schema --verbose --queue root.default ./dags/pyspark_parquet_transformation.py posts_answers 2019-05
[2022-04-06 03:02:13,608] {spark_submit.py:488} INFO - Using properties file: null
[2022-04-06 03:02:15,915] {spark_submit.py:488} INFO - WARNING: An illegal reflective access operation has occurred
[2022-04-06 03:02:15,916] {spark_submit.py:488} INFO - WARNING: Illegal reflective access by org.apache.spark.unsafe.Platform (file:/opt/***/spark/spark-3.2.1-bin-hadoop3.2/jars/spark-unsafe_2.12-3.2.1.jar) to constructor java.nio.DirectByteBuffer(long,int)
[2022-04-06 03:02:15,916] {spark_submit.py:488} INFO - WARNING: Please consider reporting this to the maintainers of org.apache.spark.unsafe.Platform
[2022-04-06 03:02:15,916] {spark_submit.py:488} INFO - WARNING: Use --illegal-access=warn to enable warnings of further illegal reflective access operations
[2022-04-06 03:02:15,916] {spark_submit.py:488} INFO - WARNING: All illegal access operations will be denied in a future release
[2022-04-06 03:02:16,764] {spark_submit.py:488} INFO - Parsed arguments:
[2022-04-06 03:02:16,764] {spark_submit.py:488} INFO - master                  spark://spark:7077
[2022-04-06 03:02:16,766] {spark_submit.py:488} INFO - deployMode              null
[2022-04-06 03:02:16,776] {spark_submit.py:488} INFO - executorMemory          null
[2022-04-06 03:02:16,776] {spark_submit.py:488} INFO - executorCores           null
[2022-04-06 03:02:16,776] {spark_submit.py:488} INFO - totalExecutorCores      null
[2022-04-06 03:02:16,776] {spark_submit.py:488} INFO - propertiesFile          null
[2022-04-06 03:02:16,777] {spark_submit.py:488} INFO - driverMemory            null
[2022-04-06 03:02:16,777] {spark_submit.py:488} INFO - driverCores             null
[2022-04-06 03:02:16,777] {spark_submit.py:488} INFO - driverExtraClassPath    null
[2022-04-06 03:02:16,777] {spark_submit.py:488} INFO - driverExtraLibraryPath  null
[2022-04-06 03:02:16,777] {spark_submit.py:488} INFO - driverExtraJavaOptions  null
[2022-04-06 03:02:16,777] {spark_submit.py:488} INFO - supervise               false
[2022-04-06 03:02:16,777] {spark_submit.py:488} INFO - queue                   root.default
[2022-04-06 03:02:16,778] {spark_submit.py:488} INFO - numExecutors            null
[2022-04-06 03:02:16,778] {spark_submit.py:488} INFO - files                   null
[2022-04-06 03:02:16,778] {spark_submit.py:488} INFO - pyFiles                 null
[2022-04-06 03:02:16,778] {spark_submit.py:488} INFO - archives                null
[2022-04-06 03:02:16,778] {spark_submit.py:488} INFO - mainClass               null
[2022-04-06 03:02:16,778] {spark_submit.py:488} INFO - primaryResource         file:/opt/***/dags/pyspark_parquet_transformation.py
[2022-04-06 03:02:16,778] {spark_submit.py:488} INFO - name                    format_schema
[2022-04-06 03:02:16,779] {spark_submit.py:488} INFO - childArgs               [posts_answers 2019-05]
[2022-04-06 03:02:16,779] {spark_submit.py:488} INFO - jars                    null
[2022-04-06 03:02:16,779] {spark_submit.py:488} INFO - packages                null
[2022-04-06 03:02:16,779] {spark_submit.py:488} INFO - packagesExclusions      null
[2022-04-06 03:02:16,779] {spark_submit.py:488} INFO - repositories            null
[2022-04-06 03:02:16,779] {spark_submit.py:488} INFO - verbose                 true
[2022-04-06 03:02:16,779] {spark_submit.py:488} INFO - 
[2022-04-06 03:02:16,779] {spark_submit.py:488} INFO - Spark properties used, including those specified through
[2022-04-06 03:02:16,780] {spark_submit.py:488} INFO - --conf and those from the properties file null:
[2022-04-06 03:02:16,780] {spark_submit.py:488} INFO - (spark.master,local[*])
[2022-04-06 03:02:16,780] {spark_submit.py:488} INFO - 
[2022-04-06 03:02:16,780] {spark_submit.py:488} INFO - 
[2022-04-06 03:02:21,276] {spark_submit.py:488} INFO - Main class:
[2022-04-06 03:02:21,276] {spark_submit.py:488} INFO - org.apache.spark.deploy.PythonRunner
[2022-04-06 03:02:21,277] {spark_submit.py:488} INFO - Arguments:
[2022-04-06 03:02:21,278] {spark_submit.py:488} INFO - file:/opt/***/dags/pyspark_parquet_transformation.py
[2022-04-06 03:02:21,278] {spark_submit.py:488} INFO - null
[2022-04-06 03:02:21,278] {spark_submit.py:488} INFO - posts_answers
[2022-04-06 03:02:21,326] {spark_submit.py:488} INFO - 2019-05
[2022-04-06 03:02:21,362] {spark_submit.py:488} INFO - Spark config:
[2022-04-06 03:02:21,362] {spark_submit.py:488} INFO - (spark.master,spark://spark:7077)
[2022-04-06 03:02:21,362] {spark_submit.py:488} INFO - (spark.submit.pyFiles,)
[2022-04-06 03:02:21,362] {spark_submit.py:488} INFO - (spark.submit.deployMode,client)
[2022-04-06 03:02:21,363] {spark_submit.py:488} INFO - (spark.app.name,format_schema)
[2022-04-06 03:02:21,364] {spark_submit.py:488} INFO - Classpath elements:
[2022-04-06 03:02:21,364] {spark_submit.py:488} INFO - 
[2022-04-06 03:02:21,365] {spark_submit.py:488} INFO - 
[2022-04-06 03:02:21,365] {spark_submit.py:488} INFO - 
[2022-04-06 03:02:31,741] {spark_submit.py:488} INFO - Using Spark's default log4j profile: org/apache/spark/log4j-defaults.properties
[2022-04-06 03:02:31,913] {spark_submit.py:488} INFO - 22/04/06 03:02:31 INFO SparkContext: Running Spark version 3.2.1
[2022-04-06 03:02:33,372] {spark_submit.py:488} INFO - 22/04/06 03:02:33 WARN NativeCodeLoader: Unable to load native-hadoop library for your platform... using builtin-java classes where applicable
[2022-04-06 03:02:36,854] {spark_submit.py:488} INFO - 22/04/06 03:02:36 INFO ResourceUtils: ==============================================================
[2022-04-06 03:02:36,854] {spark_submit.py:488} INFO - 22/04/06 03:02:36 INFO ResourceUtils: No custom resources configured for spark.driver.
[2022-04-06 03:02:36,855] {spark_submit.py:488} INFO - 22/04/06 03:02:36 INFO ResourceUtils: ==============================================================
[2022-04-06 03:02:36,861] {spark_submit.py:488} INFO - 22/04/06 03:02:36 INFO SparkContext: Submitted application: Modidy Schema
[2022-04-06 03:02:37,321] {spark_submit.py:488} INFO - 22/04/06 03:02:37 INFO ResourceProfile: Default ResourceProfile created, executor resources: Map(cores -> name: cores, amount: 1, script: , vendor: , memory -> name: memory, amount: 1024, script: , vendor: , offHeap -> name: offHeap, amount: 0, script: , vendor: ), task resources: Map(cpus -> name: cpus, amount: 1.0)
[2022-04-06 03:02:37,535] {spark_submit.py:488} INFO - 22/04/06 03:02:37 INFO ResourceProfile: Limiting resource is cpu
[2022-04-06 03:02:37,537] {spark_submit.py:488} INFO - 22/04/06 03:02:37 INFO ResourceProfileManager: Added ResourceProfile id: 0
[2022-04-06 03:02:38,609] {spark_submit.py:488} INFO - 22/04/06 03:02:38 INFO SecurityManager: Changing view acls to: default
[2022-04-06 03:02:38,611] {spark_submit.py:488} INFO - 22/04/06 03:02:38 INFO SecurityManager: Changing modify acls to: default
[2022-04-06 03:02:38,612] {spark_submit.py:488} INFO - 22/04/06 03:02:38 INFO SecurityManager: Changing view acls groups to:
[2022-04-06 03:02:38,617] {spark_submit.py:488} INFO - 22/04/06 03:02:38 INFO SecurityManager: Changing modify acls groups to:
[2022-04-06 03:02:38,646] {spark_submit.py:488} INFO - 22/04/06 03:02:38 INFO SecurityManager: SecurityManager: authentication disabled; ui acls disabled; users  with view permissions: Set(default); groups with view permissions: Set(); users  with modify permissions: Set(default); groups with modify permissions: Set()
[2022-04-06 03:02:44,396] {spark_submit.py:488} INFO - 22/04/06 03:02:44 INFO Utils: Successfully started service 'sparkDriver' on port 40337.
[2022-04-06 03:02:44,808] {spark_submit.py:488} INFO - 22/04/06 03:02:44 INFO SparkEnv: Registering MapOutputTracker
[2022-04-06 03:02:45,284] {spark_submit.py:488} INFO - 22/04/06 03:02:45 INFO SparkEnv: Registering BlockManagerMaster
[2022-04-06 03:02:45,440] {spark_submit.py:488} INFO - 22/04/06 03:02:45 INFO BlockManagerMasterEndpoint: Using org.apache.spark.storage.DefaultTopologyMapper for getting topology information
[2022-04-06 03:02:45,453] {spark_submit.py:488} INFO - 22/04/06 03:02:45 INFO BlockManagerMasterEndpoint: BlockManagerMasterEndpoint up
[2022-04-06 03:02:45,595] {spark_submit.py:488} INFO - 22/04/06 03:02:45 INFO SparkEnv: Registering BlockManagerMasterHeartbeat
[2022-04-06 03:02:45,761] {spark_submit.py:488} INFO - 22/04/06 03:02:45 INFO DiskBlockManager: Created local directory at /tmp/blockmgr-aeb90993-bedb-4207-971b-3f22c2ac68e0
[2022-04-06 03:02:46,097] {spark_submit.py:488} INFO - 22/04/06 03:02:46 INFO MemoryStore: MemoryStore started with capacity 434.4 MiB
[2022-04-06 03:02:46,283] {spark_submit.py:488} INFO - 22/04/06 03:02:46 INFO SparkEnv: Registering OutputCommitCoordinator
[2022-04-06 03:02:51,370] {spark_submit.py:488} INFO - 22/04/06 03:02:51 WARN Utils: Service 'SparkUI' could not bind on port 4040. Attempting port 4041.
[2022-04-06 03:02:51,371] {spark_submit.py:488} INFO - 22/04/06 03:02:51 WARN Utils: Service 'SparkUI' could not bind on port 4041. Attempting port 4042.
[2022-04-06 03:02:51,372] {spark_submit.py:488} INFO - 22/04/06 03:02:51 WARN Utils: Service 'SparkUI' could not bind on port 4042. Attempting port 4043.
[2022-04-06 03:02:51,380] {spark_submit.py:488} INFO - 22/04/06 03:02:51 WARN Utils: Service 'SparkUI' could not bind on port 4043. Attempting port 4044.
[2022-04-06 03:02:51,467] {spark_submit.py:488} INFO - 22/04/06 03:02:51 INFO Utils: Successfully started service 'SparkUI' on port 4044.
[2022-04-06 03:02:52,860] {spark_submit.py:488} INFO - 22/04/06 03:02:52 INFO SparkUI: Bound SparkUI to 0.0.0.0, and started at http://9fe4286b2855:4044
[2022-04-06 03:02:56,584] {spark_submit.py:488} INFO - 22/04/06 03:02:56 INFO Executor: Starting executor ID driver on host 9fe4286b2855
[2022-04-06 03:02:57,597] {spark_submit.py:488} INFO - 22/04/06 03:02:57 INFO Utils: Successfully started service 'org.apache.spark.network.netty.NettyBlockTransferService' on port 46109.
[2022-04-06 03:02:57,598] {spark_submit.py:488} INFO - 22/04/06 03:02:57 INFO NettyBlockTransferService: Server created on 9fe4286b2855:46109
[2022-04-06 03:02:57,602] {spark_submit.py:488} INFO - 22/04/06 03:02:57 INFO BlockManager: Using org.apache.spark.storage.RandomBlockReplicationPolicy for block replication policy
[2022-04-06 03:02:57,743] {spark_submit.py:488} INFO - 22/04/06 03:02:57 INFO BlockManagerMaster: Registering BlockManager BlockManagerId(driver, 9fe4286b2855, 46109, None)
[2022-04-06 03:02:57,786] {spark_submit.py:488} INFO - 22/04/06 03:02:57 INFO BlockManagerMasterEndpoint: Registering block manager 9fe4286b2855:46109 with 434.4 MiB RAM, BlockManagerId(driver, 9fe4286b2855, 46109, None)
[2022-04-06 03:02:57,809] {spark_submit.py:488} INFO - 22/04/06 03:02:57 INFO BlockManagerMaster: Registered BlockManager BlockManagerId(driver, 9fe4286b2855, 46109, None)
[2022-04-06 03:02:57,812] {spark_submit.py:488} INFO - 22/04/06 03:02:57 INFO BlockManager: Initialized BlockManager: BlockManagerId(driver, 9fe4286b2855, 46109, None)
[2022-04-06 03:03:13,421] {spark_submit.py:488} INFO - 22/04/06 03:03:13 INFO SharedState: Setting hive.metastore.warehouse.dir ('null') to the value of spark.sql.warehouse.dir.
[2022-04-06 03:03:14,137] {spark_submit.py:488} INFO - 22/04/06 03:03:14 INFO SharedState: Warehouse path is 'file:/opt/***/spark-warehouse'.
[2022-04-06 03:03:57,282] {spark_submit.py:488} INFO - 22/04/06 03:03:57 INFO InMemoryFileIndex: It took 2257 ms to list leaf files for 1 paths.
[2022-04-06 03:04:05,763] {spark_submit.py:488} INFO - 22/04/06 03:04:05 INFO SparkContext: Starting job: parquet at NativeMethodAccessorImpl.java:0
[2022-04-06 03:04:05,889] {spark_submit.py:488} INFO - 22/04/06 03:04:05 INFO DAGScheduler: Got job 0 (parquet at NativeMethodAccessorImpl.java:0) with 1 output partitions
[2022-04-06 03:04:05,912] {spark_submit.py:488} INFO - 22/04/06 03:04:05 INFO DAGScheduler: Final stage: ResultStage 0 (parquet at NativeMethodAccessorImpl.java:0)
[2022-04-06 03:04:05,913] {spark_submit.py:488} INFO - 22/04/06 03:04:05 INFO DAGScheduler: Parents of final stage: List()
[2022-04-06 03:04:05,934] {spark_submit.py:488} INFO - 22/04/06 03:04:05 INFO DAGScheduler: Missing parents: List()
[2022-04-06 03:04:05,957] {spark_submit.py:488} INFO - 22/04/06 03:04:05 INFO DAGScheduler: Submitting ResultStage 0 (MapPartitionsRDD[1] at parquet at NativeMethodAccessorImpl.java:0), which has no missing parents
[2022-04-06 03:04:06,713] {spark_submit.py:488} INFO - 22/04/06 03:04:06 INFO MemoryStore: Block broadcast_0 stored as values in memory (estimated size 100.1 KiB, free 434.3 MiB)
[2022-04-06 03:04:07,096] {spark_submit.py:488} INFO - 22/04/06 03:04:07 INFO MemoryStore: Block broadcast_0_piece0 stored as bytes in memory (estimated size 35.7 KiB, free 434.3 MiB)
[2022-04-06 03:04:07,116] {spark_submit.py:488} INFO - 22/04/06 03:04:07 INFO BlockManagerInfo: Added broadcast_0_piece0 in memory on 9fe4286b2855:46109 (size: 35.7 KiB, free: 434.4 MiB)
[2022-04-06 03:04:07,134] {spark_submit.py:488} INFO - 22/04/06 03:04:07 INFO SparkContext: Created broadcast 0 from broadcast at DAGScheduler.scala:1478
[2022-04-06 03:04:07,375] {spark_submit.py:488} INFO - 22/04/06 03:04:07 INFO DAGScheduler: Submitting 1 missing tasks from ResultStage 0 (MapPartitionsRDD[1] at parquet at NativeMethodAccessorImpl.java:0) (first 15 tasks are for partitions Vector(0))
[2022-04-06 03:04:07,404] {spark_submit.py:488} INFO - 22/04/06 03:04:07 INFO TaskSchedulerImpl: Adding task set 0.0 with 1 tasks resource profile 0
[2022-04-06 03:04:08,483] {spark_submit.py:488} INFO - 22/04/06 03:04:08 INFO TaskSetManager: Starting task 0.0 in stage 0.0 (TID 0) (9fe4286b2855, executor driver, partition 0, PROCESS_LOCAL, 4622 bytes) taskResourceAssignments Map()
[2022-04-06 03:04:08,695] {spark_submit.py:488} INFO - 22/04/06 03:04:08 INFO Executor: Running task 0.0 in stage 0.0 (TID 0)
[2022-04-06 03:04:16,956] {spark_submit.py:488} INFO - 22/04/06 03:04:16 INFO Executor: Finished task 0.0 in stage 0.0 (TID 0). 2452 bytes result sent to driver
[2022-04-06 03:04:17,178] {spark_submit.py:488} INFO - 22/04/06 03:04:17 INFO TaskSetManager: Finished task 0.0 in stage 0.0 (TID 0) in 9077 ms on 9fe4286b2855 (executor driver) (1/1)
[2022-04-06 03:04:17,205] {spark_submit.py:488} INFO - 22/04/06 03:04:17 INFO TaskSchedulerImpl: Removed TaskSet 0.0, whose tasks have all completed, from pool
[2022-04-06 03:04:17,224] {spark_submit.py:488} INFO - 22/04/06 03:04:17 INFO DAGScheduler: ResultStage 0 (parquet at NativeMethodAccessorImpl.java:0) finished in 11.103 s
[2022-04-06 03:04:17,259] {spark_submit.py:488} INFO - 22/04/06 03:04:17 INFO DAGScheduler: Job 0 is finished. Cancelling potential speculative or zombie tasks for this job
[2022-04-06 03:04:17,260] {spark_submit.py:488} INFO - 22/04/06 03:04:17 INFO TaskSchedulerImpl: Killing all running tasks in stage 0: Stage finished
[2022-04-06 03:04:17,380] {spark_submit.py:488} INFO - 22/04/06 03:04:17 INFO DAGScheduler: Job 0 finished: parquet at NativeMethodAccessorImpl.java:0, took 11.546669 s
[2022-04-06 03:04:27,376] {spark_submit.py:488} INFO - 22/04/06 03:04:27 INFO BlockManagerInfo: Removed broadcast_0_piece0 on 9fe4286b2855:46109 in memory (size: 35.7 KiB, free: 434.4 MiB)
[2022-04-06 03:05:03,597] {spark_submit.py:488} INFO - 22/04/06 03:05:03 INFO FileSourceStrategy: Pushed Filters:
[2022-04-06 03:05:03,669] {spark_submit.py:488} INFO - 22/04/06 03:05:03 INFO FileSourceStrategy: Post-Scan Filters:
[2022-04-06 03:05:03,702] {spark_submit.py:488} INFO - 22/04/06 03:05:03 INFO FileSourceStrategy: Output Data Schema: struct<id: bigint, title: double, body: string, accepted_answer_id: double, answer_count: double ... 19 more fields>
[2022-04-06 03:05:06,373] {spark_submit.py:488} INFO - 22/04/06 03:05:06 INFO ParquetFileFormat: Using default output committer for Parquet: org.apache.parquet.hadoop.ParquetOutputCommitter
[2022-04-06 03:05:07,008] {spark_submit.py:488} INFO - 22/04/06 03:05:07 INFO FileOutputCommitter: File Output Committer Algorithm version is 1
[2022-04-06 03:05:07,008] {spark_submit.py:488} INFO - 22/04/06 03:05:07 INFO FileOutputCommitter: FileOutputCommitter skip cleanup _temporary folders under output directory:false, ignore cleanup failures: false
[2022-04-06 03:05:07,027] {spark_submit.py:488} INFO - 22/04/06 03:05:07 INFO SQLHadoopMapReduceCommitProtocol: Using user defined output committer class org.apache.parquet.hadoop.ParquetOutputCommitter
[2022-04-06 03:05:07,028] {spark_submit.py:488} INFO - 22/04/06 03:05:07 INFO FileOutputCommitter: File Output Committer Algorithm version is 1
[2022-04-06 03:05:07,028] {spark_submit.py:488} INFO - 22/04/06 03:05:07 INFO FileOutputCommitter: FileOutputCommitter skip cleanup _temporary folders under output directory:false, ignore cleanup failures: false
[2022-04-06 03:05:07,030] {spark_submit.py:488} INFO - 22/04/06 03:05:07 INFO SQLHadoopMapReduceCommitProtocol: Using output committer class org.apache.parquet.hadoop.ParquetOutputCommitter
[2022-04-06 03:05:16,056] {spark_submit.py:488} INFO - 22/04/06 03:05:16 INFO CodeGenerator: Code generated in 5617.911495 ms
[2022-04-06 03:05:16,487] {spark_submit.py:488} INFO - 22/04/06 03:05:16 INFO MemoryStore: Block broadcast_1 stored as values in memory (estimated size 194.3 KiB, free 434.2 MiB)
[2022-04-06 03:05:16,708] {spark_submit.py:488} INFO - 22/04/06 03:05:16 INFO MemoryStore: Block broadcast_1_piece0 stored as bytes in memory (estimated size 34.3 KiB, free 434.2 MiB)
[2022-04-06 03:05:16,723] {spark_submit.py:488} INFO - 22/04/06 03:05:16 INFO BlockManagerInfo: Added broadcast_1_piece0 in memory on 9fe4286b2855:46109 (size: 34.3 KiB, free: 434.4 MiB)
[2022-04-06 03:05:16,742] {spark_submit.py:488} INFO - 22/04/06 03:05:16 INFO SparkContext: Created broadcast 1 from save at NativeMethodAccessorImpl.java:0
[2022-04-06 03:05:16,828] {spark_submit.py:488} INFO - 22/04/06 03:05:16 INFO FileSourceScanExec: Planning scan with bin packing, max size: 27698969 bytes, open cost is considered as scanning 4194304 bytes.
[2022-04-06 03:05:17,837] {spark_submit.py:488} INFO - 22/04/06 03:05:17 INFO DAGScheduler: Registering RDD 6 (save at NativeMethodAccessorImpl.java:0) as input to shuffle 0
[2022-04-06 03:05:17,862] {spark_submit.py:488} INFO - 22/04/06 03:05:17 INFO DAGScheduler: Got map stage job 1 (save at NativeMethodAccessorImpl.java:0) with 4 output partitions
[2022-04-06 03:05:17,863] {spark_submit.py:488} INFO - 22/04/06 03:05:17 INFO DAGScheduler: Final stage: ShuffleMapStage 1 (save at NativeMethodAccessorImpl.java:0)
[2022-04-06 03:05:17,864] {spark_submit.py:488} INFO - 22/04/06 03:05:17 INFO DAGScheduler: Parents of final stage: List()
[2022-04-06 03:05:17,876] {spark_submit.py:488} INFO - 22/04/06 03:05:17 INFO DAGScheduler: Missing parents: List()
[2022-04-06 03:05:17,901] {spark_submit.py:488} INFO - 22/04/06 03:05:17 INFO DAGScheduler: Submitting ShuffleMapStage 1 (MapPartitionsRDD[6] at save at NativeMethodAccessorImpl.java:0), which has no missing parents
[2022-04-06 03:05:18,515] {spark_submit.py:488} INFO - 22/04/06 03:05:18 INFO MemoryStore: Block broadcast_2 stored as values in memory (estimated size 32.6 KiB, free 434.1 MiB)
[2022-04-06 03:05:18,600] {spark_submit.py:488} INFO - 22/04/06 03:05:18 INFO MemoryStore: Block broadcast_2_piece0 stored as bytes in memory (estimated size 10.6 KiB, free 434.1 MiB)
[2022-04-06 03:05:18,611] {spark_submit.py:488} INFO - 22/04/06 03:05:18 INFO BlockManagerInfo: Added broadcast_2_piece0 in memory on 9fe4286b2855:46109 (size: 10.6 KiB, free: 434.4 MiB)
[2022-04-06 03:05:18,615] {spark_submit.py:488} INFO - 22/04/06 03:05:18 INFO SparkContext: Created broadcast 2 from broadcast at DAGScheduler.scala:1478
[2022-04-06 03:05:18,664] {spark_submit.py:488} INFO - 22/04/06 03:05:18 INFO DAGScheduler: Submitting 4 missing tasks from ShuffleMapStage 1 (MapPartitionsRDD[6] at save at NativeMethodAccessorImpl.java:0) (first 15 tasks are for partitions Vector(0, 1, 2, 3))
[2022-04-06 03:05:18,665] {spark_submit.py:488} INFO - 22/04/06 03:05:18 INFO TaskSchedulerImpl: Adding task set 1.0 with 4 tasks resource profile 0
[2022-04-06 03:05:18,678] {spark_submit.py:488} INFO - 22/04/06 03:05:18 INFO TaskSetManager: Starting task 0.0 in stage 1.0 (TID 1) (9fe4286b2855, executor driver, partition 0, PROCESS_LOCAL, 4888 bytes) taskResourceAssignments Map()
[2022-04-06 03:05:18,679] {spark_submit.py:488} INFO - 22/04/06 03:05:18 INFO TaskSetManager: Starting task 1.0 in stage 1.0 (TID 2) (9fe4286b2855, executor driver, partition 1, PROCESS_LOCAL, 4888 bytes) taskResourceAssignments Map()
[2022-04-06 03:05:18,680] {spark_submit.py:488} INFO - 22/04/06 03:05:18 INFO TaskSetManager: Starting task 2.0 in stage 1.0 (TID 3) (9fe4286b2855, executor driver, partition 2, PROCESS_LOCAL, 4888 bytes) taskResourceAssignments Map()
[2022-04-06 03:05:18,681] {spark_submit.py:488} INFO - 22/04/06 03:05:18 INFO TaskSetManager: Starting task 3.0 in stage 1.0 (TID 4) (9fe4286b2855, executor driver, partition 3, PROCESS_LOCAL, 4888 bytes) taskResourceAssignments Map()
[2022-04-06 03:05:18,741] {spark_submit.py:488} INFO - 22/04/06 03:05:18 INFO Executor: Running task 0.0 in stage 1.0 (TID 1)
[2022-04-06 03:05:18,856] {spark_submit.py:488} INFO - 22/04/06 03:05:18 INFO Executor: Running task 2.0 in stage 1.0 (TID 3)
[2022-04-06 03:05:18,877] {spark_submit.py:488} INFO - 22/04/06 03:05:18 INFO Executor: Running task 3.0 in stage 1.0 (TID 4)
[2022-04-06 03:05:18,963] {spark_submit.py:488} INFO - 22/04/06 03:05:18 INFO Executor: Running task 1.0 in stage 1.0 (TID 2)
[2022-04-06 03:05:20,057] {spark_submit.py:488} INFO - 22/04/06 03:05:20 INFO FileScanRDD: Reading File path: gs://dtc_data_lake_de-stack-overflow/parquet/posts_answers-2019-05.parquet, range: 27698969-55397938, partition values: [empty row]
[2022-04-06 03:05:20,064] {spark_submit.py:488} INFO - 22/04/06 03:05:20 INFO FileScanRDD: Reading File path: gs://dtc_data_lake_de-stack-overflow/parquet/posts_answers-2019-05.parquet, range: 55397938-83096907, partition values: [empty row]
[2022-04-06 03:05:20,064] {spark_submit.py:488} INFO - 22/04/06 03:05:20 INFO FileScanRDD: Reading File path: gs://dtc_data_lake_de-stack-overflow/parquet/posts_answers-2019-05.parquet, range: 0-27698969, partition values: [empty row]
[2022-04-06 03:05:20,064] {spark_submit.py:488} INFO - 22/04/06 03:05:20 INFO FileScanRDD: Reading File path: gs://dtc_data_lake_de-stack-overflow/parquet/posts_answers-2019-05.parquet, range: 83096907-106601572, partition values: [empty row]
[2022-04-06 03:05:23,138] {spark_submit.py:488} INFO - 22/04/06 03:05:23 INFO Executor: Finished task 0.0 in stage 1.0 (TID 1). 1900 bytes result sent to driver
[2022-04-06 03:05:23,141] {spark_submit.py:488} INFO - 22/04/06 03:05:23 INFO Executor: Finished task 3.0 in stage 1.0 (TID 4). 1857 bytes result sent to driver
[2022-04-06 03:05:23,142] {spark_submit.py:488} INFO - 22/04/06 03:05:23 INFO Executor: Finished task 2.0 in stage 1.0 (TID 3). 1900 bytes result sent to driver
[2022-04-06 03:05:23,186] {spark_submit.py:488} INFO - 22/04/06 03:05:23 INFO TaskSetManager: Finished task 0.0 in stage 1.0 (TID 1) in 4517 ms on 9fe4286b2855 (executor driver) (1/4)
[2022-04-06 03:05:23,190] {spark_submit.py:488} INFO - 22/04/06 03:05:23 INFO TaskSetManager: Finished task 3.0 in stage 1.0 (TID 4) in 4509 ms on 9fe4286b2855 (executor driver) (2/4)
[2022-04-06 03:05:23,196] {spark_submit.py:488} INFO - 22/04/06 03:05:23 INFO TaskSetManager: Finished task 2.0 in stage 1.0 (TID 3) in 4517 ms on 9fe4286b2855 (executor driver) (3/4)
[2022-04-06 03:05:35,718] {spark_submit.py:488} INFO - 22/04/06 03:05:35 INFO CodecPool: Got brand-new decompressor [.snappy]
[2022-04-06 03:06:39,853] {spark_submit.py:488} INFO - 22/04/06 03:06:39 INFO Executor: Finished task 1.0 in stage 1.0 (TID 2). 2029 bytes result sent to driver
[2022-04-06 03:06:39,861] {spark_submit.py:488} INFO - 22/04/06 03:06:39 INFO TaskSetManager: Finished task 1.0 in stage 1.0 (TID 2) in 81178 ms on 9fe4286b2855 (executor driver) (4/4)
[2022-04-06 03:06:39,862] {spark_submit.py:488} INFO - 22/04/06 03:06:39 INFO TaskSchedulerImpl: Removed TaskSet 1.0, whose tasks have all completed, from pool
[2022-04-06 03:06:39,862] {spark_submit.py:488} INFO - 22/04/06 03:06:39 INFO DAGScheduler: ShuffleMapStage 1 (save at NativeMethodAccessorImpl.java:0) finished in 81.868 s
[2022-04-06 03:06:39,862] {spark_submit.py:488} INFO - 22/04/06 03:06:39 INFO DAGScheduler: looking for newly runnable stages
[2022-04-06 03:06:39,866] {spark_submit.py:488} INFO - 22/04/06 03:06:39 INFO DAGScheduler: running: Set()
[2022-04-06 03:06:39,867] {spark_submit.py:488} INFO - 22/04/06 03:06:39 INFO DAGScheduler: waiting: Set()
[2022-04-06 03:06:39,867] {spark_submit.py:488} INFO - 22/04/06 03:06:39 INFO DAGScheduler: failed: Set()
[2022-04-06 03:06:40,679] {spark_submit.py:488} INFO - 22/04/06 03:06:40 INFO SparkContext: Starting job: save at NativeMethodAccessorImpl.java:0
[2022-04-06 03:06:40,683] {spark_submit.py:488} INFO - 22/04/06 03:06:40 INFO DAGScheduler: Got job 2 (save at NativeMethodAccessorImpl.java:0) with 4 output partitions
[2022-04-06 03:06:40,683] {spark_submit.py:488} INFO - 22/04/06 03:06:40 INFO DAGScheduler: Final stage: ResultStage 3 (save at NativeMethodAccessorImpl.java:0)
[2022-04-06 03:06:40,683] {spark_submit.py:488} INFO - 22/04/06 03:06:40 INFO DAGScheduler: Parents of final stage: List(ShuffleMapStage 2)
[2022-04-06 03:06:40,683] {spark_submit.py:488} INFO - 22/04/06 03:06:40 INFO DAGScheduler: Missing parents: List()
[2022-04-06 03:06:40,717] {spark_submit.py:488} INFO - 22/04/06 03:06:40 INFO DAGScheduler: Submitting ResultStage 3 (ShuffledRowRDD[7] at save at NativeMethodAccessorImpl.java:0), which has no missing parents
[2022-04-06 03:06:41,212] {spark_submit.py:488} INFO - 22/04/06 03:06:41 INFO MemoryStore: Block broadcast_3 stored as values in memory (estimated size 204.1 KiB, free 433.9 MiB)
[2022-04-06 03:06:41,261] {spark_submit.py:488} INFO - 22/04/06 03:06:41 INFO MemoryStore: Block broadcast_3_piece0 stored as bytes in memory (estimated size 72.9 KiB, free 433.9 MiB)
[2022-04-06 03:06:41,263] {spark_submit.py:488} INFO - 22/04/06 03:06:41 INFO BlockManagerInfo: Added broadcast_3_piece0 in memory on 9fe4286b2855:46109 (size: 72.9 KiB, free: 434.3 MiB)
[2022-04-06 03:06:41,265] {spark_submit.py:488} INFO - 22/04/06 03:06:41 INFO SparkContext: Created broadcast 3 from broadcast at DAGScheduler.scala:1478
[2022-04-06 03:06:41,266] {spark_submit.py:488} INFO - 22/04/06 03:06:41 INFO DAGScheduler: Submitting 4 missing tasks from ResultStage 3 (ShuffledRowRDD[7] at save at NativeMethodAccessorImpl.java:0) (first 15 tasks are for partitions Vector(0, 1, 2, 3))
[2022-04-06 03:06:41,266] {spark_submit.py:488} INFO - 22/04/06 03:06:41 INFO TaskSchedulerImpl: Adding task set 3.0 with 4 tasks resource profile 0
[2022-04-06 03:06:41,326] {spark_submit.py:488} INFO - 22/04/06 03:06:41 INFO TaskSetManager: Starting task 0.0 in stage 3.0 (TID 5) (9fe4286b2855, executor driver, partition 0, NODE_LOCAL, 4453 bytes) taskResourceAssignments Map()
[2022-04-06 03:06:41,327] {spark_submit.py:488} INFO - 22/04/06 03:06:41 INFO TaskSetManager: Starting task 1.0 in stage 3.0 (TID 6) (9fe4286b2855, executor driver, partition 1, NODE_LOCAL, 4453 bytes) taskResourceAssignments Map()
[2022-04-06 03:06:41,328] {spark_submit.py:488} INFO - 22/04/06 03:06:41 INFO TaskSetManager: Starting task 2.0 in stage 3.0 (TID 7) (9fe4286b2855, executor driver, partition 2, NODE_LOCAL, 4453 bytes) taskResourceAssignments Map()
[2022-04-06 03:06:41,329] {spark_submit.py:488} INFO - 22/04/06 03:06:41 INFO TaskSetManager: Starting task 3.0 in stage 3.0 (TID 8) (9fe4286b2855, executor driver, partition 3, NODE_LOCAL, 4453 bytes) taskResourceAssignments Map()
[2022-04-06 03:06:41,330] {spark_submit.py:488} INFO - 22/04/06 03:06:41 INFO Executor: Running task 0.0 in stage 3.0 (TID 5)
[2022-04-06 03:06:41,452] {spark_submit.py:488} INFO - 22/04/06 03:06:41 INFO Executor: Running task 1.0 in stage 3.0 (TID 6)
[2022-04-06 03:06:41,560] {spark_submit.py:488} INFO - 22/04/06 03:06:41 INFO Executor: Running task 2.0 in stage 3.0 (TID 7)
[2022-04-06 03:06:41,560] {spark_submit.py:488} INFO - 22/04/06 03:06:41 INFO Executor: Running task 3.0 in stage 3.0 (TID 8)
[2022-04-06 03:06:41,959] {spark_submit.py:488} INFO - 22/04/06 03:06:41 INFO ShuffleBlockFetcherIterator: Getting 1 (29.6 MiB) non-empty blocks including 1 (29.6 MiB) local and 0 (0.0 B) host-local and 0 (0.0 B) push-merged-local and 0 (0.0 B) remote blocks
[2022-04-06 03:06:41,962] {spark_submit.py:488} INFO - 22/04/06 03:06:41 INFO ShuffleBlockFetcherIterator: Started 0 remote fetches in 150 ms
[2022-04-06 03:06:41,979] {spark_submit.py:488} INFO - 22/04/06 03:06:41 INFO ShuffleBlockFetcherIterator: Getting 1 (29.6 MiB) non-empty blocks including 1 (29.6 MiB) local and 0 (0.0 B) host-local and 0 (0.0 B) push-merged-local and 0 (0.0 B) remote blocks
[2022-04-06 03:06:41,980] {spark_submit.py:488} INFO - 22/04/06 03:06:41 INFO ShuffleBlockFetcherIterator: Started 0 remote fetches in 150 ms
[2022-04-06 03:06:41,980] {spark_submit.py:488} INFO - 22/04/06 03:06:41 INFO BlockManagerInfo: Removed broadcast_2_piece0 on 9fe4286b2855:46109 in memory (size: 10.6 KiB, free: 434.3 MiB)
[2022-04-06 03:06:41,982] {spark_submit.py:488} INFO - 22/04/06 03:06:41 INFO ShuffleBlockFetcherIterator: Getting 1 (29.6 MiB) non-empty blocks including 1 (29.6 MiB) local and 0 (0.0 B) host-local and 0 (0.0 B) push-merged-local and 0 (0.0 B) remote blocks
[2022-04-06 03:06:41,982] {spark_submit.py:488} INFO - 22/04/06 03:06:41 INFO ShuffleBlockFetcherIterator: Started 0 remote fetches in 159 ms
[2022-04-06 03:06:41,982] {spark_submit.py:488} INFO - 22/04/06 03:06:41 INFO ShuffleBlockFetcherIterator: Getting 1 (29.6 MiB) non-empty blocks including 1 (29.6 MiB) local and 0 (0.0 B) host-local and 0 (0.0 B) push-merged-local and 0 (0.0 B) remote blocks
[2022-04-06 03:06:41,982] {spark_submit.py:488} INFO - 22/04/06 03:06:41 INFO ShuffleBlockFetcherIterator: Started 0 remote fetches in 164 ms
[2022-04-06 03:06:42,016] {spark_submit.py:488} INFO - 22/04/06 03:06:42 INFO FileOutputCommitter: File Output Committer Algorithm version is 1
[2022-04-06 03:06:42,016] {spark_submit.py:488} INFO - 22/04/06 03:06:42 INFO FileOutputCommitter: FileOutputCommitter skip cleanup _temporary folders under output directory:false, ignore cleanup failures: false
[2022-04-06 03:06:42,016] {spark_submit.py:488} INFO - 22/04/06 03:06:42 INFO SQLHadoopMapReduceCommitProtocol: Using user defined output committer class org.apache.parquet.hadoop.ParquetOutputCommitter
[2022-04-06 03:06:42,021] {spark_submit.py:488} INFO - 22/04/06 03:06:42 INFO FileOutputCommitter: File Output Committer Algorithm version is 1
[2022-04-06 03:06:42,024] {spark_submit.py:488} INFO - 22/04/06 03:06:42 INFO FileOutputCommitter: FileOutputCommitter skip cleanup _temporary folders under output directory:false, ignore cleanup failures: false
[2022-04-06 03:06:42,024] {spark_submit.py:488} INFO - 22/04/06 03:06:42 INFO SQLHadoopMapReduceCommitProtocol: Using output committer class org.apache.parquet.hadoop.ParquetOutputCommitter
[2022-04-06 03:06:42,039] {spark_submit.py:488} INFO - 22/04/06 03:06:42 INFO FileOutputCommitter: File Output Committer Algorithm version is 1
[2022-04-06 03:06:42,040] {spark_submit.py:488} INFO - 22/04/06 03:06:42 INFO FileOutputCommitter: FileOutputCommitter skip cleanup _temporary folders under output directory:false, ignore cleanup failures: false
[2022-04-06 03:06:42,040] {spark_submit.py:488} INFO - 22/04/06 03:06:42 INFO FileOutputCommitter: File Output Committer Algorithm version is 1
[2022-04-06 03:06:42,040] {spark_submit.py:488} INFO - 22/04/06 03:06:42 INFO FileOutputCommitter: FileOutputCommitter skip cleanup _temporary folders under output directory:false, ignore cleanup failures: false
[2022-04-06 03:06:42,041] {spark_submit.py:488} INFO - 22/04/06 03:06:42 INFO FileOutputCommitter: File Output Committer Algorithm version is 1
[2022-04-06 03:06:42,041] {spark_submit.py:488} INFO - 22/04/06 03:06:42 INFO FileOutputCommitter: FileOutputCommitter skip cleanup _temporary folders under output directory:false, ignore cleanup failures: false
[2022-04-06 03:06:42,092] {spark_submit.py:488} INFO - 22/04/06 03:06:42 INFO SQLHadoopMapReduceCommitProtocol: Using user defined output committer class org.apache.parquet.hadoop.ParquetOutputCommitter
[2022-04-06 03:06:42,092] {spark_submit.py:488} INFO - 22/04/06 03:06:42 INFO FileOutputCommitter: File Output Committer Algorithm version is 1
[2022-04-06 03:06:42,092] {spark_submit.py:488} INFO - 22/04/06 03:06:42 INFO FileOutputCommitter: FileOutputCommitter skip cleanup _temporary folders under output directory:false, ignore cleanup failures: false
[2022-04-06 03:06:42,092] {spark_submit.py:488} INFO - 22/04/06 03:06:42 INFO SQLHadoopMapReduceCommitProtocol: Using output committer class org.apache.parquet.hadoop.ParquetOutputCommitter
[2022-04-06 03:06:42,092] {spark_submit.py:488} INFO - 22/04/06 03:06:42 INFO SQLHadoopMapReduceCommitProtocol: Using user defined output committer class org.apache.parquet.hadoop.ParquetOutputCommitter
[2022-04-06 03:06:42,092] {spark_submit.py:488} INFO - 22/04/06 03:06:42 INFO FileOutputCommitter: File Output Committer Algorithm version is 1
[2022-04-06 03:06:42,092] {spark_submit.py:488} INFO - 22/04/06 03:06:42 INFO FileOutputCommitter: FileOutputCommitter skip cleanup _temporary folders under output directory:false, ignore cleanup failures: false
[2022-04-06 03:06:42,092] {spark_submit.py:488} INFO - 22/04/06 03:06:42 INFO SQLHadoopMapReduceCommitProtocol: Using output committer class org.apache.parquet.hadoop.ParquetOutputCommitter
[2022-04-06 03:06:42,094] {spark_submit.py:488} INFO - 22/04/06 03:06:42 INFO SQLHadoopMapReduceCommitProtocol: Using user defined output committer class org.apache.parquet.hadoop.ParquetOutputCommitter
[2022-04-06 03:06:42,094] {spark_submit.py:488} INFO - 22/04/06 03:06:42 INFO FileOutputCommitter: File Output Committer Algorithm version is 1
[2022-04-06 03:06:42,094] {spark_submit.py:488} INFO - 22/04/06 03:06:42 INFO FileOutputCommitter: FileOutputCommitter skip cleanup _temporary folders under output directory:false, ignore cleanup failures: false
[2022-04-06 03:06:42,094] {spark_submit.py:488} INFO - 22/04/06 03:06:42 INFO SQLHadoopMapReduceCommitProtocol: Using output committer class org.apache.parquet.hadoop.ParquetOutputCommitter
[2022-04-06 03:06:42,139] {spark_submit.py:488} INFO - 22/04/06 03:06:42 INFO CodecConfig: Compression: SNAPPY
[2022-04-06 03:06:42,157] {spark_submit.py:488} INFO - 22/04/06 03:06:42 INFO CodecConfig: Compression: SNAPPY
[2022-04-06 03:06:42,157] {spark_submit.py:488} INFO - 22/04/06 03:06:42 INFO CodecConfig: Compression: SNAPPY
[2022-04-06 03:06:42,159] {spark_submit.py:488} INFO - 22/04/06 03:06:42 INFO CodecConfig: Compression: SNAPPY
[2022-04-06 03:06:42,161] {spark_submit.py:488} INFO - 22/04/06 03:06:42 INFO CodecConfig: Compression: SNAPPY
[2022-04-06 03:06:42,161] {spark_submit.py:488} INFO - 22/04/06 03:06:42 INFO CodecConfig: Compression: SNAPPY
[2022-04-06 03:06:42,163] {spark_submit.py:488} INFO - 22/04/06 03:06:42 INFO CodecConfig: Compression: SNAPPY
[2022-04-06 03:06:42,164] {spark_submit.py:488} INFO - 22/04/06 03:06:42 INFO CodecConfig: Compression: SNAPPY
[2022-04-06 03:06:42,308] {spark_submit.py:488} INFO - 22/04/06 03:06:42 INFO ParquetOutputFormat: Parquet block size to 134217728
[2022-04-06 03:06:42,311] {spark_submit.py:488} INFO - 22/04/06 03:06:42 INFO ParquetOutputFormat: Validation is off
[2022-04-06 03:06:42,311] {spark_submit.py:488} INFO - 22/04/06 03:06:42 INFO ParquetOutputFormat: Maximum row group padding size is 8388608 bytes
[2022-04-06 03:06:42,312] {spark_submit.py:488} INFO - 22/04/06 03:06:42 INFO ParquetOutputFormat: Parquet properties are:
[2022-04-06 03:06:42,312] {spark_submit.py:488} INFO - Parquet page size to 1048576
[2022-04-06 03:06:42,312] {spark_submit.py:488} INFO - Parquet dictionary page size to 1048576
[2022-04-06 03:06:42,312] {spark_submit.py:488} INFO - Dictionary is true
[2022-04-06 03:06:42,312] {spark_submit.py:488} INFO - Writer version is: PARQUET_1_0
[2022-04-06 03:06:42,312] {spark_submit.py:488} INFO - Page size checking is: estimated
[2022-04-06 03:06:42,312] {spark_submit.py:488} INFO - Min row count for page size check is: 100
[2022-04-06 03:06:42,312] {spark_submit.py:488} INFO - Max row count for page size check is: 10000
[2022-04-06 03:06:42,312] {spark_submit.py:488} INFO - Truncate length for column indexes is: 64
[2022-04-06 03:06:42,312] {spark_submit.py:488} INFO - Truncate length for statistics min/max  is: 2147483647
[2022-04-06 03:06:42,312] {spark_submit.py:488} INFO - Bloom filter enabled: false
[2022-04-06 03:06:42,313] {spark_submit.py:488} INFO - Max Bloom filter size for a column is 1048576
[2022-04-06 03:06:42,313] {spark_submit.py:488} INFO - Bloom filter expected number of distinct values are: null
[2022-04-06 03:06:42,313] {spark_submit.py:488} INFO - Page row count limit to 20000
[2022-04-06 03:06:42,313] {spark_submit.py:488} INFO - Writing page checksums is: on
[2022-04-06 03:06:42,322] {spark_submit.py:488} INFO - 22/04/06 03:06:42 INFO ParquetOutputFormat: Parquet block size to 134217728
[2022-04-06 03:06:42,323] {spark_submit.py:488} INFO - 22/04/06 03:06:42 INFO ParquetOutputFormat: Validation is off
[2022-04-06 03:06:42,323] {spark_submit.py:488} INFO - 22/04/06 03:06:42 INFO ParquetOutputFormat: Maximum row group padding size is 8388608 bytes
[2022-04-06 03:06:42,323] {spark_submit.py:488} INFO - 22/04/06 03:06:42 INFO ParquetOutputFormat: Parquet properties are:
[2022-04-06 03:06:42,323] {spark_submit.py:488} INFO - Parquet page size to 1048576
[2022-04-06 03:06:42,323] {spark_submit.py:488} INFO - Parquet dictionary page size to 1048576
[2022-04-06 03:06:42,323] {spark_submit.py:488} INFO - Dictionary is true
[2022-04-06 03:06:42,323] {spark_submit.py:488} INFO - Writer version is: PARQUET_1_0
[2022-04-06 03:06:42,323] {spark_submit.py:488} INFO - Page size checking is: estimated
[2022-04-06 03:06:42,323] {spark_submit.py:488} INFO - Min row count for page size check is: 100
[2022-04-06 03:06:42,323] {spark_submit.py:488} INFO - Max row count for page size check is: 10000
[2022-04-06 03:06:42,323] {spark_submit.py:488} INFO - Truncate length for column indexes is: 64
[2022-04-06 03:06:42,323] {spark_submit.py:488} INFO - Truncate length for statistics min/max  is: 2147483647
[2022-04-06 03:06:42,324] {spark_submit.py:488} INFO - Bloom filter enabled: false
[2022-04-06 03:06:42,324] {spark_submit.py:488} INFO - Max Bloom filter size for a column is 1048576
[2022-04-06 03:06:42,324] {spark_submit.py:488} INFO - Bloom filter expected number of distinct values are: null
[2022-04-06 03:06:42,324] {spark_submit.py:488} INFO - Page row count limit to 20000
[2022-04-06 03:06:42,324] {spark_submit.py:488} INFO - Writing page checksums is: on
[2022-04-06 03:06:42,346] {spark_submit.py:488} INFO - 22/04/06 03:06:42 INFO ParquetOutputFormat: Parquet block size to 134217728
[2022-04-06 03:06:42,346] {spark_submit.py:488} INFO - 22/04/06 03:06:42 INFO ParquetOutputFormat: Validation is off
[2022-04-06 03:06:42,347] {spark_submit.py:488} INFO - 22/04/06 03:06:42 INFO ParquetOutputFormat: Maximum row group padding size is 8388608 bytes
[2022-04-06 03:06:42,347] {spark_submit.py:488} INFO - 22/04/06 03:06:42 INFO ParquetOutputFormat: Parquet properties are:
[2022-04-06 03:06:42,347] {spark_submit.py:488} INFO - Parquet page size to 1048576
[2022-04-06 03:06:42,347] {spark_submit.py:488} INFO - Parquet dictionary page size to 1048576
[2022-04-06 03:06:42,347] {spark_submit.py:488} INFO - Dictionary is true
[2022-04-06 03:06:42,347] {spark_submit.py:488} INFO - Writer version is: PARQUET_1_0
[2022-04-06 03:06:42,348] {spark_submit.py:488} INFO - Page size checking is: estimated
[2022-04-06 03:06:42,348] {spark_submit.py:488} INFO - Min row count for page size check is: 100
[2022-04-06 03:06:42,348] {spark_submit.py:488} INFO - Max row count for page size check is: 10000
[2022-04-06 03:06:42,348] {spark_submit.py:488} INFO - Truncate length for column indexes is: 64
[2022-04-06 03:06:42,348] {spark_submit.py:488} INFO - Truncate length for statistics min/max  is: 2147483647
[2022-04-06 03:06:42,348] {spark_submit.py:488} INFO - Bloom filter enabled: false
[2022-04-06 03:06:42,348] {spark_submit.py:488} INFO - Max Bloom filter size for a column is 1048576
[2022-04-06 03:06:42,348] {spark_submit.py:488} INFO - Bloom filter expected number of distinct values are: null
[2022-04-06 03:06:42,348] {spark_submit.py:488} INFO - Page row count limit to 20000
[2022-04-06 03:06:42,348] {spark_submit.py:488} INFO - Writing page checksums is: on
[2022-04-06 03:06:42,365] {spark_submit.py:488} INFO - 22/04/06 03:06:42 INFO ParquetOutputFormat: Parquet block size to 134217728
[2022-04-06 03:06:42,366] {spark_submit.py:488} INFO - 22/04/06 03:06:42 INFO ParquetOutputFormat: Validation is off
[2022-04-06 03:06:42,366] {spark_submit.py:488} INFO - 22/04/06 03:06:42 INFO ParquetOutputFormat: Maximum row group padding size is 8388608 bytes
[2022-04-06 03:06:42,366] {spark_submit.py:488} INFO - 22/04/06 03:06:42 INFO ParquetOutputFormat: Parquet properties are:
[2022-04-06 03:06:42,366] {spark_submit.py:488} INFO - Parquet page size to 1048576
[2022-04-06 03:06:42,366] {spark_submit.py:488} INFO - Parquet dictionary page size to 1048576
[2022-04-06 03:06:42,367] {spark_submit.py:488} INFO - Dictionary is true
[2022-04-06 03:06:42,367] {spark_submit.py:488} INFO - Writer version is: PARQUET_1_0
[2022-04-06 03:06:42,367] {spark_submit.py:488} INFO - Page size checking is: estimated
[2022-04-06 03:06:42,367] {spark_submit.py:488} INFO - Min row count for page size check is: 100
[2022-04-06 03:06:42,367] {spark_submit.py:488} INFO - Max row count for page size check is: 10000
[2022-04-06 03:06:42,367] {spark_submit.py:488} INFO - Truncate length for column indexes is: 64
[2022-04-06 03:06:42,367] {spark_submit.py:488} INFO - Truncate length for statistics min/max  is: 2147483647
[2022-04-06 03:06:42,367] {spark_submit.py:488} INFO - Bloom filter enabled: false
[2022-04-06 03:06:42,367] {spark_submit.py:488} INFO - Max Bloom filter size for a column is 1048576
[2022-04-06 03:06:42,367] {spark_submit.py:488} INFO - Bloom filter expected number of distinct values are: null
[2022-04-06 03:06:42,367] {spark_submit.py:488} INFO - Page row count limit to 20000
[2022-04-06 03:06:42,367] {spark_submit.py:488} INFO - Writing page checksums is: on
[2022-04-06 03:06:42,408] {spark_submit.py:488} INFO - 22/04/06 03:06:42 INFO ParquetWriteSupport: Initialized Parquet WriteSupport with Catalyst schema:
[2022-04-06 03:06:42,408] {spark_submit.py:488} INFO - {
[2022-04-06 03:06:42,408] {spark_submit.py:488} INFO - "type" : "struct",
[2022-04-06 03:06:42,408] {spark_submit.py:488} INFO - "fields" : [ {
[2022-04-06 03:06:42,408] {spark_submit.py:488} INFO - "name" : "id",
[2022-04-06 03:06:42,408] {spark_submit.py:488} INFO - "type" : "integer",
[2022-04-06 03:06:42,408] {spark_submit.py:488} INFO - "nullable" : true,
[2022-04-06 03:06:42,408] {spark_submit.py:488} INFO - "metadata" : { }
[2022-04-06 03:06:42,408] {spark_submit.py:488} INFO - }, {
[2022-04-06 03:06:42,409] {spark_submit.py:488} INFO - "name" : "title",
[2022-04-06 03:06:42,409] {spark_submit.py:488} INFO - "type" : "string",
[2022-04-06 03:06:42,409] {spark_submit.py:488} INFO - "nullable" : true,
[2022-04-06 03:06:42,409] {spark_submit.py:488} INFO - "metadata" : { }
[2022-04-06 03:06:42,409] {spark_submit.py:488} INFO - }, {
[2022-04-06 03:06:42,409] {spark_submit.py:488} INFO - "name" : "body",
[2022-04-06 03:06:42,409] {spark_submit.py:488} INFO - "type" : "string",
[2022-04-06 03:06:42,409] {spark_submit.py:488} INFO - "nullable" : true,
[2022-04-06 03:06:42,409] {spark_submit.py:488} INFO - "metadata" : { }
[2022-04-06 03:06:42,409] {spark_submit.py:488} INFO - }, {
[2022-04-06 03:06:42,409] {spark_submit.py:488} INFO - "name" : "accepted_answer_id",
[2022-04-06 03:06:42,409] {spark_submit.py:488} INFO - "type" : "integer",
[2022-04-06 03:06:42,409] {spark_submit.py:488} INFO - "nullable" : true,
[2022-04-06 03:06:42,409] {spark_submit.py:488} INFO - "metadata" : { }
[2022-04-06 03:06:42,410] {spark_submit.py:488} INFO - }, {
[2022-04-06 03:06:42,410] {spark_submit.py:488} INFO - "name" : "answer_count",
[2022-04-06 03:06:42,410] {spark_submit.py:488} INFO - "type" : "integer",
[2022-04-06 03:06:42,410] {spark_submit.py:488} INFO - "nullable" : true,
[2022-04-06 03:06:42,410] {spark_submit.py:488} INFO - "metadata" : { }
[2022-04-06 03:06:42,410] {spark_submit.py:488} INFO - }, {
[2022-04-06 03:06:42,410] {spark_submit.py:488} INFO - "name" : "comment_count",
[2022-04-06 03:06:42,410] {spark_submit.py:488} INFO - "type" : "integer",
[2022-04-06 03:06:42,410] {spark_submit.py:488} INFO - "nullable" : true,
[2022-04-06 03:06:42,410] {spark_submit.py:488} INFO - "metadata" : { }
[2022-04-06 03:06:42,410] {spark_submit.py:488} INFO - }, {
[2022-04-06 03:06:42,410] {spark_submit.py:488} INFO - "name" : "community_owned_date",
[2022-04-06 03:06:42,410] {spark_submit.py:488} INFO - "type" : "timestamp",
[2022-04-06 03:06:42,410] {spark_submit.py:488} INFO - "nullable" : true,
[2022-04-06 03:06:42,411] {spark_submit.py:488} INFO - "metadata" : { }
[2022-04-06 03:06:42,411] {spark_submit.py:488} INFO - }, {
[2022-04-06 03:06:42,411] {spark_submit.py:488} INFO - "name" : "creation_date",
[2022-04-06 03:06:42,411] {spark_submit.py:488} INFO - "type" : "timestamp",
[2022-04-06 03:06:42,411] {spark_submit.py:488} INFO - "nullable" : true,
[2022-04-06 03:06:42,411] {spark_submit.py:488} INFO - "metadata" : { }
[2022-04-06 03:06:42,411] {spark_submit.py:488} INFO - }, {
[2022-04-06 03:06:42,411] {spark_submit.py:488} INFO - "name" : "favorite_count",
[2022-04-06 03:06:42,411] {spark_submit.py:488} INFO - "type" : "integer",
[2022-04-06 03:06:42,411] {spark_submit.py:488} INFO - "nullable" : true,
[2022-04-06 03:06:42,411] {spark_submit.py:488} INFO - "metadata" : { }
[2022-04-06 03:06:42,411] {spark_submit.py:488} INFO - }, {
[2022-04-06 03:06:42,411] {spark_submit.py:488} INFO - "name" : "last_activity_date",
[2022-04-06 03:06:42,411] {spark_submit.py:488} INFO - "type" : "timestamp",
[2022-04-06 03:06:42,414] {spark_submit.py:488} INFO - "nullable" : true,
[2022-04-06 03:06:42,414] {spark_submit.py:488} INFO - "metadata" : { }
[2022-04-06 03:06:42,414] {spark_submit.py:488} INFO - }, {
[2022-04-06 03:06:42,414] {spark_submit.py:488} INFO - "name" : "last_edit_date",
[2022-04-06 03:06:42,414] {spark_submit.py:488} INFO - "type" : "timestamp",
[2022-04-06 03:06:42,414] {spark_submit.py:488} INFO - "nullable" : true,
[2022-04-06 03:06:42,415] {spark_submit.py:488} INFO - "metadata" : { }
[2022-04-06 03:06:42,415] {spark_submit.py:488} INFO - }, {
[2022-04-06 03:06:42,415] {spark_submit.py:488} INFO - "name" : "last_editor_display_name",
[2022-04-06 03:06:42,415] {spark_submit.py:488} INFO - "type" : "string",
[2022-04-06 03:06:42,415] {spark_submit.py:488} INFO - "nullable" : true,
[2022-04-06 03:06:42,415] {spark_submit.py:488} INFO - "metadata" : { }
[2022-04-06 03:06:42,415] {spark_submit.py:488} INFO - }, {
[2022-04-06 03:06:42,415] {spark_submit.py:488} INFO - "name" : "last_editor_user_id",
[2022-04-06 03:06:42,415] {spark_submit.py:488} INFO - "type" : "integer",
[2022-04-06 03:06:42,415] {spark_submit.py:488} INFO - "nullable" : true,
[2022-04-06 03:06:42,415] {spark_submit.py:488} INFO - "metadata" : { }
[2022-04-06 03:06:42,415] {spark_submit.py:488} INFO - }, {
[2022-04-06 03:06:42,415] {spark_submit.py:488} INFO - "name" : "owner_display_name",
[2022-04-06 03:06:42,415] {spark_submit.py:488} INFO - "type" : "string",
[2022-04-06 03:06:42,416] {spark_submit.py:488} INFO - "nullable" : true,
[2022-04-06 03:06:42,416] {spark_submit.py:488} INFO - "metadata" : { }
[2022-04-06 03:06:42,416] {spark_submit.py:488} INFO - }, {
[2022-04-06 03:06:42,416] {spark_submit.py:488} INFO - "name" : "owner_user_id",
[2022-04-06 03:06:42,416] {spark_submit.py:488} INFO - "type" : "integer",
[2022-04-06 03:06:42,416] {spark_submit.py:488} INFO - "nullable" : true,
[2022-04-06 03:06:42,416] {spark_submit.py:488} INFO - "metadata" : { }
[2022-04-06 03:06:42,416] {spark_submit.py:488} INFO - }, {
[2022-04-06 03:06:42,416] {spark_submit.py:488} INFO - "name" : "parent_id",
[2022-04-06 03:06:42,416] {spark_submit.py:488} INFO - "type" : "integer",
[2022-04-06 03:06:42,416] {spark_submit.py:488} INFO - "nullable" : true,
[2022-04-06 03:06:42,416] {spark_submit.py:488} INFO - "metadata" : { }
[2022-04-06 03:06:42,416] {spark_submit.py:488} INFO - }, {
[2022-04-06 03:06:42,416] {spark_submit.py:488} INFO - "name" : "post_type_id",
[2022-04-06 03:06:42,416] {spark_submit.py:488} INFO - "type" : "integer",
[2022-04-06 03:06:42,417] {spark_submit.py:488} INFO - "nullable" : true,
[2022-04-06 03:06:42,417] {spark_submit.py:488} INFO - "metadata" : { }
[2022-04-06 03:06:42,417] {spark_submit.py:488} INFO - }, {
[2022-04-06 03:06:42,417] {spark_submit.py:488} INFO - "name" : "score",
[2022-04-06 03:06:42,417] {spark_submit.py:488} INFO - "type" : "integer",
[2022-04-06 03:06:42,417] {spark_submit.py:488} INFO - "nullable" : true,
[2022-04-06 03:06:42,417] {spark_submit.py:488} INFO - "metadata" : { }
[2022-04-06 03:06:42,417] {spark_submit.py:488} INFO - }, {
[2022-04-06 03:06:42,417] {spark_submit.py:488} INFO - "name" : "tags",
[2022-04-06 03:06:42,417] {spark_submit.py:488} INFO - "type" : "string",
[2022-04-06 03:06:42,417] {spark_submit.py:488} INFO - "nullable" : true,
[2022-04-06 03:06:42,417] {spark_submit.py:488} INFO - "metadata" : { }
[2022-04-06 03:06:42,417] {spark_submit.py:488} INFO - }, {
[2022-04-06 03:06:42,417] {spark_submit.py:488} INFO - "name" : "view_count",
[2022-04-06 03:06:42,418] {spark_submit.py:488} INFO - "type" : "integer",
[2022-04-06 03:06:42,418] {spark_submit.py:488} INFO - "nullable" : true,
[2022-04-06 03:06:42,418] {spark_submit.py:488} INFO - "metadata" : { }
[2022-04-06 03:06:42,418] {spark_submit.py:488} INFO - }, {
[2022-04-06 03:06:42,418] {spark_submit.py:488} INFO - "name" : "group_by_date",
[2022-04-06 03:06:42,418] {spark_submit.py:488} INFO - "type" : "timestamp",
[2022-04-06 03:06:42,418] {spark_submit.py:488} INFO - "nullable" : true,
[2022-04-06 03:06:42,418] {spark_submit.py:488} INFO - "metadata" : { }
[2022-04-06 03:06:42,418] {spark_submit.py:488} INFO - } ]
[2022-04-06 03:06:42,418] {spark_submit.py:488} INFO - }
[2022-04-06 03:06:42,418] {spark_submit.py:488} INFO - and corresponding Parquet message type:
[2022-04-06 03:06:42,418] {spark_submit.py:488} INFO - message spark_schema {
[2022-04-06 03:06:42,418] {spark_submit.py:488} INFO - optional int32 id;
[2022-04-06 03:06:42,418] {spark_submit.py:488} INFO - optional binary title (STRING);
[2022-04-06 03:06:42,419] {spark_submit.py:488} INFO - optional binary body (STRING);
[2022-04-06 03:06:42,419] {spark_submit.py:488} INFO - optional int32 accepted_answer_id;
[2022-04-06 03:06:42,419] {spark_submit.py:488} INFO - optional int32 answer_count;
[2022-04-06 03:06:42,419] {spark_submit.py:488} INFO - optional int32 comment_count;
[2022-04-06 03:06:42,419] {spark_submit.py:488} INFO - optional int96 community_owned_date;
[2022-04-06 03:06:42,419] {spark_submit.py:488} INFO - optional int96 creation_date;
[2022-04-06 03:06:42,419] {spark_submit.py:488} INFO - optional int32 favorite_count;
[2022-04-06 03:06:42,419] {spark_submit.py:488} INFO - optional int96 last_activity_date;
[2022-04-06 03:06:42,419] {spark_submit.py:488} INFO - optional int96 last_edit_date;
[2022-04-06 03:06:42,419] {spark_submit.py:488} INFO - optional binary last_editor_display_name (STRING);
[2022-04-06 03:06:42,419] {spark_submit.py:488} INFO - optional int32 last_editor_user_id;
[2022-04-06 03:06:42,419] {spark_submit.py:488} INFO - optional binary owner_display_name (STRING);
[2022-04-06 03:06:42,419] {spark_submit.py:488} INFO - optional int32 owner_user_id;
[2022-04-06 03:06:42,419] {spark_submit.py:488} INFO - optional int32 parent_id;
[2022-04-06 03:06:42,460] {spark_submit.py:488} INFO - optional int32 post_type_id;
[2022-04-06 03:06:42,460] {spark_submit.py:488} INFO - optional int32 score;
[2022-04-06 03:06:42,460] {spark_submit.py:488} INFO - optional binary tags (STRING);
[2022-04-06 03:06:42,460] {spark_submit.py:488} INFO - optional int32 view_count;
[2022-04-06 03:06:42,460] {spark_submit.py:488} INFO - optional int96 group_by_date;
[2022-04-06 03:06:42,460] {spark_submit.py:488} INFO - }
[2022-04-06 03:06:42,460] {spark_submit.py:488} INFO - 
[2022-04-06 03:06:42,460] {spark_submit.py:488} INFO - 
[2022-04-06 03:06:42,461] {spark_submit.py:488} INFO - 22/04/06 03:06:42 INFO ParquetWriteSupport: Initialized Parquet WriteSupport with Catalyst schema:
[2022-04-06 03:06:42,461] {spark_submit.py:488} INFO - {
[2022-04-06 03:06:42,461] {spark_submit.py:488} INFO - "type" : "struct",
[2022-04-06 03:06:42,461] {spark_submit.py:488} INFO - "fields" : [ {
[2022-04-06 03:06:42,461] {spark_submit.py:488} INFO - "name" : "id",
[2022-04-06 03:06:42,461] {spark_submit.py:488} INFO - "type" : "integer",
[2022-04-06 03:06:42,461] {spark_submit.py:488} INFO - "nullable" : true,
[2022-04-06 03:06:42,461] {spark_submit.py:488} INFO - "metadata" : { }
[2022-04-06 03:06:42,461] {spark_submit.py:488} INFO - }, {
[2022-04-06 03:06:42,461] {spark_submit.py:488} INFO - "name" : "title",
[2022-04-06 03:06:42,461] {spark_submit.py:488} INFO - "type" : "string",
[2022-04-06 03:06:42,461] {spark_submit.py:488} INFO - "nullable" : true,
[2022-04-06 03:06:42,461] {spark_submit.py:488} INFO - "metadata" : { }
[2022-04-06 03:06:42,462] {spark_submit.py:488} INFO - }, {
[2022-04-06 03:06:42,462] {spark_submit.py:488} INFO - "name" : "body",
[2022-04-06 03:06:42,462] {spark_submit.py:488} INFO - "type" : "string",
[2022-04-06 03:06:42,462] {spark_submit.py:488} INFO - "nullable" : true,
[2022-04-06 03:06:42,462] {spark_submit.py:488} INFO - "metadata" : { }
[2022-04-06 03:06:42,462] {spark_submit.py:488} INFO - }, {
[2022-04-06 03:06:42,462] {spark_submit.py:488} INFO - "name" : "accepted_answer_id",
[2022-04-06 03:06:42,462] {spark_submit.py:488} INFO - "type" : "integer",
[2022-04-06 03:06:42,462] {spark_submit.py:488} INFO - "nullable" : true,
[2022-04-06 03:06:42,462] {spark_submit.py:488} INFO - "metadata" : { }
[2022-04-06 03:06:42,462] {spark_submit.py:488} INFO - }, {
[2022-04-06 03:06:42,462] {spark_submit.py:488} INFO - "name" : "answer_count",
[2022-04-06 03:06:42,462] {spark_submit.py:488} INFO - "type" : "integer",
[2022-04-06 03:06:42,462] {spark_submit.py:488} INFO - "nullable" : true,
[2022-04-06 03:06:42,463] {spark_submit.py:488} INFO - "metadata" : { }
[2022-04-06 03:06:42,463] {spark_submit.py:488} INFO - }, {
[2022-04-06 03:06:42,463] {spark_submit.py:488} INFO - "name" : "comment_count",
[2022-04-06 03:06:42,463] {spark_submit.py:488} INFO - "type" : "integer",
[2022-04-06 03:06:42,463] {spark_submit.py:488} INFO - "nullable" : true,
[2022-04-06 03:06:42,463] {spark_submit.py:488} INFO - "metadata" : { }
[2022-04-06 03:06:42,463] {spark_submit.py:488} INFO - }, {
[2022-04-06 03:06:42,463] {spark_submit.py:488} INFO - "name" : "community_owned_date",
[2022-04-06 03:06:42,463] {spark_submit.py:488} INFO - "type" : "timestamp",
[2022-04-06 03:06:42,463] {spark_submit.py:488} INFO - "nullable" : true,
[2022-04-06 03:06:42,463] {spark_submit.py:488} INFO - "metadata" : { }
[2022-04-06 03:06:42,463] {spark_submit.py:488} INFO - }, {
[2022-04-06 03:06:42,463] {spark_submit.py:488} INFO - "name" : "creation_date",
[2022-04-06 03:06:42,463] {spark_submit.py:488} INFO - "type" : "timestamp",
[2022-04-06 03:06:42,480] {spark_submit.py:488} INFO - "nullable" : true,
[2022-04-06 03:06:42,481] {spark_submit.py:488} INFO - "metadata" : { }
[2022-04-06 03:06:42,481] {spark_submit.py:488} INFO - }, {
[2022-04-06 03:06:42,481] {spark_submit.py:488} INFO - "name" : "favorite_count",
[2022-04-06 03:06:42,481] {spark_submit.py:488} INFO - "type" : "integer",
[2022-04-06 03:06:42,481] {spark_submit.py:488} INFO - "nullable" : true,
[2022-04-06 03:06:42,481] {spark_submit.py:488} INFO - "metadata" : { }
[2022-04-06 03:06:42,481] {spark_submit.py:488} INFO - }, {
[2022-04-06 03:06:42,481] {spark_submit.py:488} INFO - "name" : "last_activity_date",
[2022-04-06 03:06:42,481] {spark_submit.py:488} INFO - "type" : "timestamp",
[2022-04-06 03:06:42,481] {spark_submit.py:488} INFO - "nullable" : true,
[2022-04-06 03:06:42,481] {spark_submit.py:488} INFO - "metadata" : { }
[2022-04-06 03:06:42,481] {spark_submit.py:488} INFO - }, {
[2022-04-06 03:06:42,482] {spark_submit.py:488} INFO - "name" : "last_edit_date",
[2022-04-06 03:06:42,482] {spark_submit.py:488} INFO - "type" : "timestamp",
[2022-04-06 03:06:42,482] {spark_submit.py:488} INFO - "nullable" : true,
[2022-04-06 03:06:42,482] {spark_submit.py:488} INFO - "metadata" : { }
[2022-04-06 03:06:42,482] {spark_submit.py:488} INFO - }, {
[2022-04-06 03:06:42,482] {spark_submit.py:488} INFO - "name" : "last_editor_display_name",
[2022-04-06 03:06:42,482] {spark_submit.py:488} INFO - "type" : "string",
[2022-04-06 03:06:42,482] {spark_submit.py:488} INFO - "nullable" : true,
[2022-04-06 03:06:42,482] {spark_submit.py:488} INFO - "metadata" : { }
[2022-04-06 03:06:42,482] {spark_submit.py:488} INFO - }, {
[2022-04-06 03:06:42,482] {spark_submit.py:488} INFO - "name" : "last_editor_user_id",
[2022-04-06 03:06:42,482] {spark_submit.py:488} INFO - "type" : "integer",
[2022-04-06 03:06:42,482] {spark_submit.py:488} INFO - "nullable" : true,
[2022-04-06 03:06:42,482] {spark_submit.py:488} INFO - "metadata" : { }
[2022-04-06 03:06:42,483] {spark_submit.py:488} INFO - }, {
[2022-04-06 03:06:42,483] {spark_submit.py:488} INFO - "name" : "owner_display_name",
[2022-04-06 03:06:42,483] {spark_submit.py:488} INFO - "type" : "string",
[2022-04-06 03:06:42,483] {spark_submit.py:488} INFO - "nullable" : true,
[2022-04-06 03:06:42,483] {spark_submit.py:488} INFO - "metadata" : { }
[2022-04-06 03:06:42,483] {spark_submit.py:488} INFO - }, {
[2022-04-06 03:06:42,483] {spark_submit.py:488} INFO - "name" : "owner_user_id",
[2022-04-06 03:06:42,483] {spark_submit.py:488} INFO - "type" : "integer",
[2022-04-06 03:06:42,483] {spark_submit.py:488} INFO - "nullable" : true,
[2022-04-06 03:06:42,483] {spark_submit.py:488} INFO - "metadata" : { }
[2022-04-06 03:06:42,483] {spark_submit.py:488} INFO - }, {
[2022-04-06 03:06:42,483] {spark_submit.py:488} INFO - "name" : "parent_id",
[2022-04-06 03:06:42,483] {spark_submit.py:488} INFO - "type" : "integer",
[2022-04-06 03:06:42,506] {spark_submit.py:488} INFO - "nullable" : true,
[2022-04-06 03:06:42,510] {spark_submit.py:488} INFO - "metadata" : { }
[2022-04-06 03:06:42,511] {spark_submit.py:488} INFO - }, {
[2022-04-06 03:06:42,511] {spark_submit.py:488} INFO - "name" : "post_type_id",
[2022-04-06 03:06:42,511] {spark_submit.py:488} INFO - "type" : "integer",
[2022-04-06 03:06:42,511] {spark_submit.py:488} INFO - "nullable" : true,
[2022-04-06 03:06:42,511] {spark_submit.py:488} INFO - "metadata" : { }
[2022-04-06 03:06:42,511] {spark_submit.py:488} INFO - }, {
[2022-04-06 03:06:42,511] {spark_submit.py:488} INFO - "name" : "score",
[2022-04-06 03:06:42,511] {spark_submit.py:488} INFO - "type" : "integer",
[2022-04-06 03:06:42,511] {spark_submit.py:488} INFO - "nullable" : true,
[2022-04-06 03:06:42,511] {spark_submit.py:488} INFO - "metadata" : { }
[2022-04-06 03:06:42,511] {spark_submit.py:488} INFO - }, {
[2022-04-06 03:06:42,511] {spark_submit.py:488} INFO - "name" : "tags",
[2022-04-06 03:06:42,511] {spark_submit.py:488} INFO - "type" : "string",
[2022-04-06 03:06:42,512] {spark_submit.py:488} INFO - "nullable" : true,
[2022-04-06 03:06:42,512] {spark_submit.py:488} INFO - "metadata" : { }
[2022-04-06 03:06:42,512] {spark_submit.py:488} INFO - }, {
[2022-04-06 03:06:42,512] {spark_submit.py:488} INFO - "name" : "view_count",
[2022-04-06 03:06:42,512] {spark_submit.py:488} INFO - "type" : "integer",
[2022-04-06 03:06:42,512] {spark_submit.py:488} INFO - "nullable" : true,
[2022-04-06 03:06:42,512] {spark_submit.py:488} INFO - "metadata" : { }
[2022-04-06 03:06:42,512] {spark_submit.py:488} INFO - }, {
[2022-04-06 03:06:42,512] {spark_submit.py:488} INFO - "name" : "group_by_date",
[2022-04-06 03:06:42,512] {spark_submit.py:488} INFO - "type" : "timestamp",
[2022-04-06 03:06:42,512] {spark_submit.py:488} INFO - "nullable" : true,
[2022-04-06 03:06:42,512] {spark_submit.py:488} INFO - "metadata" : { }
[2022-04-06 03:06:42,512] {spark_submit.py:488} INFO - } ]
[2022-04-06 03:06:42,512] {spark_submit.py:488} INFO - }
[2022-04-06 03:06:42,513] {spark_submit.py:488} INFO - and corresponding Parquet message type:
[2022-04-06 03:06:42,513] {spark_submit.py:488} INFO - message spark_schema {
[2022-04-06 03:06:42,513] {spark_submit.py:488} INFO - optional int32 id;
[2022-04-06 03:06:42,513] {spark_submit.py:488} INFO - optional binary title (STRING);
[2022-04-06 03:06:42,513] {spark_submit.py:488} INFO - optional binary body (STRING);
[2022-04-06 03:06:42,513] {spark_submit.py:488} INFO - optional int32 accepted_answer_id;
[2022-04-06 03:06:42,513] {spark_submit.py:488} INFO - optional int32 answer_count;
[2022-04-06 03:06:42,513] {spark_submit.py:488} INFO - optional int32 comment_count;
[2022-04-06 03:06:42,513] {spark_submit.py:488} INFO - optional int96 community_owned_date;
[2022-04-06 03:06:42,513] {spark_submit.py:488} INFO - optional int96 creation_date;
[2022-04-06 03:06:42,513] {spark_submit.py:488} INFO - optional int32 favorite_count;
[2022-04-06 03:06:42,513] {spark_submit.py:488} INFO - optional int96 last_activity_date;
[2022-04-06 03:06:42,513] {spark_submit.py:488} INFO - optional int96 last_edit_date;
[2022-04-06 03:06:42,513] {spark_submit.py:488} INFO - optional binary last_editor_display_name (STRING);
[2022-04-06 03:06:42,513] {spark_submit.py:488} INFO - optional int32 last_editor_user_id;
[2022-04-06 03:06:42,513] {spark_submit.py:488} INFO - optional binary owner_display_name (STRING);
[2022-04-06 03:06:42,514] {spark_submit.py:488} INFO - optional int32 owner_user_id;
[2022-04-06 03:06:42,514] {spark_submit.py:488} INFO - optional int32 parent_id;
[2022-04-06 03:06:42,514] {spark_submit.py:488} INFO - optional int32 post_type_id;
[2022-04-06 03:06:42,514] {spark_submit.py:488} INFO - optional int32 score;
[2022-04-06 03:06:42,514] {spark_submit.py:488} INFO - optional binary tags (STRING);
[2022-04-06 03:06:42,514] {spark_submit.py:488} INFO - optional int32 view_count;
[2022-04-06 03:06:42,514] {spark_submit.py:488} INFO - optional int96 group_by_date;
[2022-04-06 03:06:42,514] {spark_submit.py:488} INFO - }
[2022-04-06 03:06:42,514] {spark_submit.py:488} INFO - 
[2022-04-06 03:06:42,514] {spark_submit.py:488} INFO - 
[2022-04-06 03:06:42,514] {spark_submit.py:488} INFO - 22/04/06 03:06:42 INFO ParquetWriteSupport: Initialized Parquet WriteSupport with Catalyst schema:
[2022-04-06 03:06:42,514] {spark_submit.py:488} INFO - {
[2022-04-06 03:06:42,514] {spark_submit.py:488} INFO - "type" : "struct",
[2022-04-06 03:06:42,514] {spark_submit.py:488} INFO - "fields" : [ {
[2022-04-06 03:06:42,515] {spark_submit.py:488} INFO - "name" : "id",
[2022-04-06 03:06:42,515] {spark_submit.py:488} INFO - "type" : "integer",
[2022-04-06 03:06:42,515] {spark_submit.py:488} INFO - "nullable" : true,
[2022-04-06 03:06:42,515] {spark_submit.py:488} INFO - "metadata" : { }
[2022-04-06 03:06:42,515] {spark_submit.py:488} INFO - }, {
[2022-04-06 03:06:42,515] {spark_submit.py:488} INFO - "name" : "title",
[2022-04-06 03:06:42,515] {spark_submit.py:488} INFO - "type" : "string",
[2022-04-06 03:06:42,515] {spark_submit.py:488} INFO - "nullable" : true,
[2022-04-06 03:06:42,515] {spark_submit.py:488} INFO - "metadata" : { }
[2022-04-06 03:06:42,515] {spark_submit.py:488} INFO - }, {
[2022-04-06 03:06:42,515] {spark_submit.py:488} INFO - "name" : "body",
[2022-04-06 03:06:42,515] {spark_submit.py:488} INFO - "type" : "string",
[2022-04-06 03:06:42,515] {spark_submit.py:488} INFO - "nullable" : true,
[2022-04-06 03:06:42,556] {spark_submit.py:488} INFO - "metadata" : { }
[2022-04-06 03:06:42,556] {spark_submit.py:488} INFO - }, {
[2022-04-06 03:06:42,556] {spark_submit.py:488} INFO - "name" : "accepted_answer_id",
[2022-04-06 03:06:42,556] {spark_submit.py:488} INFO - "type" : "integer",
[2022-04-06 03:06:42,556] {spark_submit.py:488} INFO - "nullable" : true,
[2022-04-06 03:06:42,556] {spark_submit.py:488} INFO - "metadata" : { }
[2022-04-06 03:06:42,556] {spark_submit.py:488} INFO - }, {
[2022-04-06 03:06:42,556] {spark_submit.py:488} INFO - "name" : "answer_count",
[2022-04-06 03:06:42,556] {spark_submit.py:488} INFO - "type" : "integer",
[2022-04-06 03:06:42,557] {spark_submit.py:488} INFO - "nullable" : true,
[2022-04-06 03:06:42,557] {spark_submit.py:488} INFO - "metadata" : { }
[2022-04-06 03:06:42,557] {spark_submit.py:488} INFO - }, {
[2022-04-06 03:06:42,557] {spark_submit.py:488} INFO - "name" : "comment_count",
[2022-04-06 03:06:42,557] {spark_submit.py:488} INFO - "type" : "integer",
[2022-04-06 03:06:42,557] {spark_submit.py:488} INFO - "nullable" : true,
[2022-04-06 03:06:42,557] {spark_submit.py:488} INFO - "metadata" : { }
[2022-04-06 03:06:42,557] {spark_submit.py:488} INFO - }, {
[2022-04-06 03:06:42,557] {spark_submit.py:488} INFO - "name" : "community_owned_date",
[2022-04-06 03:06:42,557] {spark_submit.py:488} INFO - "type" : "timestamp",
[2022-04-06 03:06:42,557] {spark_submit.py:488} INFO - "nullable" : true,
[2022-04-06 03:06:42,557] {spark_submit.py:488} INFO - "metadata" : { }
[2022-04-06 03:06:42,558] {spark_submit.py:488} INFO - }, {
[2022-04-06 03:06:42,558] {spark_submit.py:488} INFO - "name" : "creation_date",
[2022-04-06 03:06:42,558] {spark_submit.py:488} INFO - "type" : "timestamp",
[2022-04-06 03:06:42,558] {spark_submit.py:488} INFO - "nullable" : true,
[2022-04-06 03:06:42,558] {spark_submit.py:488} INFO - "metadata" : { }
[2022-04-06 03:06:42,558] {spark_submit.py:488} INFO - }, {
[2022-04-06 03:06:42,558] {spark_submit.py:488} INFO - "name" : "favorite_count",
[2022-04-06 03:06:42,558] {spark_submit.py:488} INFO - "type" : "integer",
[2022-04-06 03:06:42,558] {spark_submit.py:488} INFO - "nullable" : true,
[2022-04-06 03:06:42,558] {spark_submit.py:488} INFO - "metadata" : { }
[2022-04-06 03:06:42,558] {spark_submit.py:488} INFO - }, {
[2022-04-06 03:06:42,558] {spark_submit.py:488} INFO - "name" : "last_activity_date",
[2022-04-06 03:06:42,558] {spark_submit.py:488} INFO - "type" : "timestamp",
[2022-04-06 03:06:42,559] {spark_submit.py:488} INFO - "nullable" : true,
[2022-04-06 03:06:42,559] {spark_submit.py:488} INFO - "metadata" : { }
[2022-04-06 03:06:42,559] {spark_submit.py:488} INFO - }, {
[2022-04-06 03:06:42,559] {spark_submit.py:488} INFO - "name" : "last_edit_date",
[2022-04-06 03:06:42,559] {spark_submit.py:488} INFO - "type" : "timestamp",
[2022-04-06 03:06:42,559] {spark_submit.py:488} INFO - "nullable" : true,
[2022-04-06 03:06:42,589] {spark_submit.py:488} INFO - "metadata" : { }
[2022-04-06 03:06:42,589] {spark_submit.py:488} INFO - }, {
[2022-04-06 03:06:42,589] {spark_submit.py:488} INFO - "name" : "last_editor_display_name",
[2022-04-06 03:06:42,590] {spark_submit.py:488} INFO - "type" : "string",
[2022-04-06 03:06:42,590] {spark_submit.py:488} INFO - "nullable" : true,
[2022-04-06 03:06:42,590] {spark_submit.py:488} INFO - "metadata" : { }
[2022-04-06 03:06:42,590] {spark_submit.py:488} INFO - }, {
[2022-04-06 03:06:42,590] {spark_submit.py:488} INFO - "name" : "last_editor_user_id",
[2022-04-06 03:06:42,590] {spark_submit.py:488} INFO - "type" : "integer",
[2022-04-06 03:06:42,590] {spark_submit.py:488} INFO - "nullable" : true,
[2022-04-06 03:06:42,590] {spark_submit.py:488} INFO - "metadata" : { }
[2022-04-06 03:06:42,590] {spark_submit.py:488} INFO - }, {
[2022-04-06 03:06:42,590] {spark_submit.py:488} INFO - "name" : "owner_display_name",
[2022-04-06 03:06:42,590] {spark_submit.py:488} INFO - "type" : "string",
[2022-04-06 03:06:42,590] {spark_submit.py:488} INFO - "nullable" : true,
[2022-04-06 03:06:42,590] {spark_submit.py:488} INFO - "metadata" : { }
[2022-04-06 03:06:42,590] {spark_submit.py:488} INFO - }, {
[2022-04-06 03:06:42,591] {spark_submit.py:488} INFO - "name" : "owner_user_id",
[2022-04-06 03:06:42,591] {spark_submit.py:488} INFO - "type" : "integer",
[2022-04-06 03:06:42,591] {spark_submit.py:488} INFO - "nullable" : true,
[2022-04-06 03:06:42,591] {spark_submit.py:488} INFO - "metadata" : { }
[2022-04-06 03:06:42,591] {spark_submit.py:488} INFO - }, {
[2022-04-06 03:06:42,591] {spark_submit.py:488} INFO - "name" : "parent_id",
[2022-04-06 03:06:42,591] {spark_submit.py:488} INFO - "type" : "integer",
[2022-04-06 03:06:42,591] {spark_submit.py:488} INFO - "nullable" : true,
[2022-04-06 03:06:42,591] {spark_submit.py:488} INFO - "metadata" : { }
[2022-04-06 03:06:42,591] {spark_submit.py:488} INFO - }, {
[2022-04-06 03:06:42,591] {spark_submit.py:488} INFO - "name" : "post_type_id",
[2022-04-06 03:06:42,591] {spark_submit.py:488} INFO - "type" : "integer",
[2022-04-06 03:06:42,591] {spark_submit.py:488} INFO - "nullable" : true,
[2022-04-06 03:06:42,591] {spark_submit.py:488} INFO - "metadata" : { }
[2022-04-06 03:06:42,591] {spark_submit.py:488} INFO - }, {
[2022-04-06 03:06:42,592] {spark_submit.py:488} INFO - "name" : "score",
[2022-04-06 03:06:42,592] {spark_submit.py:488} INFO - "type" : "integer",
[2022-04-06 03:06:42,592] {spark_submit.py:488} INFO - "nullable" : true,
[2022-04-06 03:06:42,592] {spark_submit.py:488} INFO - "metadata" : { }
[2022-04-06 03:06:42,592] {spark_submit.py:488} INFO - }, {
[2022-04-06 03:06:42,592] {spark_submit.py:488} INFO - "name" : "tags",
[2022-04-06 03:06:42,592] {spark_submit.py:488} INFO - "type" : "string",
[2022-04-06 03:06:42,592] {spark_submit.py:488} INFO - "nullable" : true,
[2022-04-06 03:06:42,592] {spark_submit.py:488} INFO - "metadata" : { }
[2022-04-06 03:06:42,592] {spark_submit.py:488} INFO - }, {
[2022-04-06 03:06:42,592] {spark_submit.py:488} INFO - "name" : "view_count",
[2022-04-06 03:06:42,592] {spark_submit.py:488} INFO - "type" : "integer",
[2022-04-06 03:06:42,592] {spark_submit.py:488} INFO - "nullable" : true,
[2022-04-06 03:06:42,592] {spark_submit.py:488} INFO - "metadata" : { }
[2022-04-06 03:06:42,592] {spark_submit.py:488} INFO - }, {
[2022-04-06 03:06:42,593] {spark_submit.py:488} INFO - "name" : "group_by_date",
[2022-04-06 03:06:42,593] {spark_submit.py:488} INFO - "type" : "timestamp",
[2022-04-06 03:06:42,593] {spark_submit.py:488} INFO - "nullable" : true,
[2022-04-06 03:06:42,593] {spark_submit.py:488} INFO - "metadata" : { }
[2022-04-06 03:06:42,593] {spark_submit.py:488} INFO - } ]
[2022-04-06 03:06:42,593] {spark_submit.py:488} INFO - }
[2022-04-06 03:06:42,593] {spark_submit.py:488} INFO - and corresponding Parquet message type:
[2022-04-06 03:06:42,593] {spark_submit.py:488} INFO - message spark_schema {
[2022-04-06 03:06:42,593] {spark_submit.py:488} INFO - optional int32 id;
[2022-04-06 03:06:42,593] {spark_submit.py:488} INFO - optional binary title (STRING);
[2022-04-06 03:06:42,593] {spark_submit.py:488} INFO - optional binary body (STRING);
[2022-04-06 03:06:42,593] {spark_submit.py:488} INFO - optional int32 accepted_answer_id;
[2022-04-06 03:06:42,593] {spark_submit.py:488} INFO - optional int32 answer_count;
[2022-04-06 03:06:42,593] {spark_submit.py:488} INFO - optional int32 comment_count;
[2022-04-06 03:06:42,593] {spark_submit.py:488} INFO - optional int96 community_owned_date;
[2022-04-06 03:06:42,594] {spark_submit.py:488} INFO - optional int96 creation_date;
[2022-04-06 03:06:42,594] {spark_submit.py:488} INFO - optional int32 favorite_count;
[2022-04-06 03:06:42,594] {spark_submit.py:488} INFO - optional int96 last_activity_date;
[2022-04-06 03:06:42,594] {spark_submit.py:488} INFO - optional int96 last_edit_date;
[2022-04-06 03:06:42,594] {spark_submit.py:488} INFO - optional binary last_editor_display_name (STRING);
[2022-04-06 03:06:42,594] {spark_submit.py:488} INFO - optional int32 last_editor_user_id;
[2022-04-06 03:06:42,594] {spark_submit.py:488} INFO - optional binary owner_display_name (STRING);
[2022-04-06 03:06:42,594] {spark_submit.py:488} INFO - optional int32 owner_user_id;
[2022-04-06 03:06:42,594] {spark_submit.py:488} INFO - optional int32 parent_id;
[2022-04-06 03:06:42,594] {spark_submit.py:488} INFO - optional int32 post_type_id;
[2022-04-06 03:06:42,594] {spark_submit.py:488} INFO - optional int32 score;
[2022-04-06 03:06:42,594] {spark_submit.py:488} INFO - optional binary tags (STRING);
[2022-04-06 03:06:42,594] {spark_submit.py:488} INFO - optional int32 view_count;
[2022-04-06 03:06:42,594] {spark_submit.py:488} INFO - optional int96 group_by_date;
[2022-04-06 03:06:42,594] {spark_submit.py:488} INFO - }
[2022-04-06 03:06:42,594] {spark_submit.py:488} INFO - 
[2022-04-06 03:06:42,595] {spark_submit.py:488} INFO - 
[2022-04-06 03:06:42,595] {spark_submit.py:488} INFO - 22/04/06 03:06:42 INFO ParquetWriteSupport: Initialized Parquet WriteSupport with Catalyst schema:
[2022-04-06 03:06:42,595] {spark_submit.py:488} INFO - {
[2022-04-06 03:06:42,595] {spark_submit.py:488} INFO - "type" : "struct",
[2022-04-06 03:06:42,595] {spark_submit.py:488} INFO - "fields" : [ {
[2022-04-06 03:06:42,595] {spark_submit.py:488} INFO - "name" : "id",
[2022-04-06 03:06:42,595] {spark_submit.py:488} INFO - "type" : "integer",
[2022-04-06 03:06:42,595] {spark_submit.py:488} INFO - "nullable" : true,
[2022-04-06 03:06:42,595] {spark_submit.py:488} INFO - "metadata" : { }
[2022-04-06 03:06:42,595] {spark_submit.py:488} INFO - }, {
[2022-04-06 03:06:42,595] {spark_submit.py:488} INFO - "name" : "title",
[2022-04-06 03:06:42,595] {spark_submit.py:488} INFO - "type" : "string",
[2022-04-06 03:06:42,595] {spark_submit.py:488} INFO - "nullable" : true,
[2022-04-06 03:06:42,595] {spark_submit.py:488} INFO - "metadata" : { }
[2022-04-06 03:06:42,635] {spark_submit.py:488} INFO - }, {
[2022-04-06 03:06:42,635] {spark_submit.py:488} INFO - "name" : "body",
[2022-04-06 03:06:42,635] {spark_submit.py:488} INFO - "type" : "string",
[2022-04-06 03:06:42,636] {spark_submit.py:488} INFO - "nullable" : true,
[2022-04-06 03:06:42,636] {spark_submit.py:488} INFO - "metadata" : { }
[2022-04-06 03:06:42,636] {spark_submit.py:488} INFO - }, {
[2022-04-06 03:06:42,636] {spark_submit.py:488} INFO - "name" : "accepted_answer_id",
[2022-04-06 03:06:42,636] {spark_submit.py:488} INFO - "type" : "integer",
[2022-04-06 03:06:42,636] {spark_submit.py:488} INFO - "nullable" : true,
[2022-04-06 03:06:42,636] {spark_submit.py:488} INFO - "metadata" : { }
[2022-04-06 03:06:42,636] {spark_submit.py:488} INFO - }, {
[2022-04-06 03:06:42,636] {spark_submit.py:488} INFO - "name" : "answer_count",
[2022-04-06 03:06:42,636] {spark_submit.py:488} INFO - "type" : "integer",
[2022-04-06 03:06:42,636] {spark_submit.py:488} INFO - "nullable" : true,
[2022-04-06 03:06:42,636] {spark_submit.py:488} INFO - "metadata" : { }
[2022-04-06 03:06:42,636] {spark_submit.py:488} INFO - }, {
[2022-04-06 03:06:42,636] {spark_submit.py:488} INFO - "name" : "comment_count",
[2022-04-06 03:06:42,637] {spark_submit.py:488} INFO - "type" : "integer",
[2022-04-06 03:06:42,637] {spark_submit.py:488} INFO - "nullable" : true,
[2022-04-06 03:06:42,637] {spark_submit.py:488} INFO - "metadata" : { }
[2022-04-06 03:06:42,637] {spark_submit.py:488} INFO - }, {
[2022-04-06 03:06:42,637] {spark_submit.py:488} INFO - "name" : "community_owned_date",
[2022-04-06 03:06:42,637] {spark_submit.py:488} INFO - "type" : "timestamp",
[2022-04-06 03:06:42,637] {spark_submit.py:488} INFO - "nullable" : true,
[2022-04-06 03:06:42,637] {spark_submit.py:488} INFO - "metadata" : { }
[2022-04-06 03:06:42,637] {spark_submit.py:488} INFO - }, {
[2022-04-06 03:06:42,637] {spark_submit.py:488} INFO - "name" : "creation_date",
[2022-04-06 03:06:42,637] {spark_submit.py:488} INFO - "type" : "timestamp",
[2022-04-06 03:06:42,637] {spark_submit.py:488} INFO - "nullable" : true,
[2022-04-06 03:06:42,637] {spark_submit.py:488} INFO - "metadata" : { }
[2022-04-06 03:06:42,637] {spark_submit.py:488} INFO - }, {
[2022-04-06 03:06:42,638] {spark_submit.py:488} INFO - "name" : "favorite_count",
[2022-04-06 03:06:42,638] {spark_submit.py:488} INFO - "type" : "integer",
[2022-04-06 03:06:42,638] {spark_submit.py:488} INFO - "nullable" : true,
[2022-04-06 03:06:42,638] {spark_submit.py:488} INFO - "metadata" : { }
[2022-04-06 03:06:42,638] {spark_submit.py:488} INFO - }, {
[2022-04-06 03:06:42,638] {spark_submit.py:488} INFO - "name" : "last_activity_date",
[2022-04-06 03:06:42,638] {spark_submit.py:488} INFO - "type" : "timestamp",
[2022-04-06 03:06:42,638] {spark_submit.py:488} INFO - "nullable" : true,
[2022-04-06 03:06:42,638] {spark_submit.py:488} INFO - "metadata" : { }
[2022-04-06 03:06:42,638] {spark_submit.py:488} INFO - }, {
[2022-04-06 03:06:42,638] {spark_submit.py:488} INFO - "name" : "last_edit_date",
[2022-04-06 03:06:42,638] {spark_submit.py:488} INFO - "type" : "timestamp",
[2022-04-06 03:06:42,638] {spark_submit.py:488} INFO - "nullable" : true,
[2022-04-06 03:06:42,638] {spark_submit.py:488} INFO - "metadata" : { }
[2022-04-06 03:06:42,638] {spark_submit.py:488} INFO - }, {
[2022-04-06 03:06:42,639] {spark_submit.py:488} INFO - "name" : "last_editor_display_name",
[2022-04-06 03:06:42,639] {spark_submit.py:488} INFO - "type" : "string",
[2022-04-06 03:06:42,639] {spark_submit.py:488} INFO - "nullable" : true,
[2022-04-06 03:06:42,639] {spark_submit.py:488} INFO - "metadata" : { }
[2022-04-06 03:06:42,639] {spark_submit.py:488} INFO - }, {
[2022-04-06 03:06:42,639] {spark_submit.py:488} INFO - "name" : "last_editor_user_id",
[2022-04-06 03:06:42,639] {spark_submit.py:488} INFO - "type" : "integer",
[2022-04-06 03:06:42,639] {spark_submit.py:488} INFO - "nullable" : true,
[2022-04-06 03:06:42,639] {spark_submit.py:488} INFO - "metadata" : { }
[2022-04-06 03:06:42,639] {spark_submit.py:488} INFO - }, {
[2022-04-06 03:06:42,639] {spark_submit.py:488} INFO - "name" : "owner_display_name",
[2022-04-06 03:06:42,639] {spark_submit.py:488} INFO - "type" : "string",
[2022-04-06 03:06:42,639] {spark_submit.py:488} INFO - "nullable" : true,
[2022-04-06 03:06:42,639] {spark_submit.py:488} INFO - "metadata" : { }
[2022-04-06 03:06:42,639] {spark_submit.py:488} INFO - }, {
[2022-04-06 03:06:42,653] {spark_submit.py:488} INFO - "name" : "owner_user_id",
[2022-04-06 03:06:42,654] {spark_submit.py:488} INFO - "type" : "integer",
[2022-04-06 03:06:42,654] {spark_submit.py:488} INFO - "nullable" : true,
[2022-04-06 03:06:42,654] {spark_submit.py:488} INFO - "metadata" : { }
[2022-04-06 03:06:42,654] {spark_submit.py:488} INFO - }, {
[2022-04-06 03:06:42,654] {spark_submit.py:488} INFO - "name" : "parent_id",
[2022-04-06 03:06:42,654] {spark_submit.py:488} INFO - "type" : "integer",
[2022-04-06 03:06:42,654] {spark_submit.py:488} INFO - "nullable" : true,
[2022-04-06 03:06:42,654] {spark_submit.py:488} INFO - "metadata" : { }
[2022-04-06 03:06:42,654] {spark_submit.py:488} INFO - }, {
[2022-04-06 03:06:42,654] {spark_submit.py:488} INFO - "name" : "post_type_id",
[2022-04-06 03:06:42,654] {spark_submit.py:488} INFO - "type" : "integer",
[2022-04-06 03:06:42,654] {spark_submit.py:488} INFO - "nullable" : true,
[2022-04-06 03:06:42,655] {spark_submit.py:488} INFO - "metadata" : { }
[2022-04-06 03:06:42,655] {spark_submit.py:488} INFO - }, {
[2022-04-06 03:06:42,655] {spark_submit.py:488} INFO - "name" : "score",
[2022-04-06 03:06:42,655] {spark_submit.py:488} INFO - "type" : "integer",
[2022-04-06 03:06:42,657] {spark_submit.py:488} INFO - "nullable" : true,
[2022-04-06 03:06:42,657] {spark_submit.py:488} INFO - "metadata" : { }
[2022-04-06 03:06:42,657] {spark_submit.py:488} INFO - }, {
[2022-04-06 03:06:42,657] {spark_submit.py:488} INFO - "name" : "tags",
[2022-04-06 03:06:42,657] {spark_submit.py:488} INFO - "type" : "string",
[2022-04-06 03:06:42,657] {spark_submit.py:488} INFO - "nullable" : true,
[2022-04-06 03:06:42,657] {spark_submit.py:488} INFO - "metadata" : { }
[2022-04-06 03:06:42,657] {spark_submit.py:488} INFO - }, {
[2022-04-06 03:06:42,657] {spark_submit.py:488} INFO - "name" : "view_count",
[2022-04-06 03:06:42,657] {spark_submit.py:488} INFO - "type" : "integer",
[2022-04-06 03:06:42,657] {spark_submit.py:488} INFO - "nullable" : true,
[2022-04-06 03:06:42,658] {spark_submit.py:488} INFO - "metadata" : { }
[2022-04-06 03:06:42,658] {spark_submit.py:488} INFO - }, {
[2022-04-06 03:06:42,658] {spark_submit.py:488} INFO - "name" : "group_by_date",
[2022-04-06 03:06:42,658] {spark_submit.py:488} INFO - "type" : "timestamp",
[2022-04-06 03:06:42,658] {spark_submit.py:488} INFO - "nullable" : true,
[2022-04-06 03:06:42,658] {spark_submit.py:488} INFO - "metadata" : { }
[2022-04-06 03:06:42,658] {spark_submit.py:488} INFO - } ]
[2022-04-06 03:06:42,658] {spark_submit.py:488} INFO - }
[2022-04-06 03:06:42,693] {spark_submit.py:488} INFO - and corresponding Parquet message type:
[2022-04-06 03:06:42,693] {spark_submit.py:488} INFO - message spark_schema {
[2022-04-06 03:06:42,694] {spark_submit.py:488} INFO - optional int32 id;
[2022-04-06 03:06:42,694] {spark_submit.py:488} INFO - optional binary title (STRING);
[2022-04-06 03:06:42,694] {spark_submit.py:488} INFO - optional binary body (STRING);
[2022-04-06 03:06:42,694] {spark_submit.py:488} INFO - optional int32 accepted_answer_id;
[2022-04-06 03:06:42,694] {spark_submit.py:488} INFO - optional int32 answer_count;
[2022-04-06 03:06:42,694] {spark_submit.py:488} INFO - optional int32 comment_count;
[2022-04-06 03:06:42,694] {spark_submit.py:488} INFO - optional int96 community_owned_date;
[2022-04-06 03:06:42,694] {spark_submit.py:488} INFO - optional int96 creation_date;
[2022-04-06 03:06:42,694] {spark_submit.py:488} INFO - optional int32 favorite_count;
[2022-04-06 03:06:42,694] {spark_submit.py:488} INFO - optional int96 last_activity_date;
[2022-04-06 03:06:42,694] {spark_submit.py:488} INFO - optional int96 last_edit_date;
[2022-04-06 03:06:42,694] {spark_submit.py:488} INFO - optional binary last_editor_display_name (STRING);
[2022-04-06 03:06:42,694] {spark_submit.py:488} INFO - optional int32 last_editor_user_id;
[2022-04-06 03:06:42,695] {spark_submit.py:488} INFO - optional binary owner_display_name (STRING);
[2022-04-06 03:06:42,695] {spark_submit.py:488} INFO - optional int32 owner_user_id;
[2022-04-06 03:06:42,695] {spark_submit.py:488} INFO - optional int32 parent_id;
[2022-04-06 03:06:42,695] {spark_submit.py:488} INFO - optional int32 post_type_id;
[2022-04-06 03:06:42,695] {spark_submit.py:488} INFO - optional int32 score;
[2022-04-06 03:06:42,695] {spark_submit.py:488} INFO - optional binary tags (STRING);
[2022-04-06 03:06:42,695] {spark_submit.py:488} INFO - optional int32 view_count;
[2022-04-06 03:06:42,695] {spark_submit.py:488} INFO - optional int96 group_by_date;
[2022-04-06 03:06:42,695] {spark_submit.py:488} INFO - }
[2022-04-06 03:06:42,695] {spark_submit.py:488} INFO - 
[2022-04-06 03:06:42,695] {spark_submit.py:488} INFO - 
[2022-04-06 03:06:43,836] {spark_submit.py:488} INFO - 22/04/06 03:06:43 INFO CodecPool: Got brand-new compressor [.snappy]
[2022-04-06 03:06:43,881] {spark_submit.py:488} INFO - 22/04/06 03:06:43 INFO CodecPool: Got brand-new compressor [.snappy]
[2022-04-06 03:06:43,881] {spark_submit.py:488} INFO - 22/04/06 03:06:43 INFO CodecPool: Got brand-new compressor [.snappy]
[2022-04-06 03:06:43,908] {spark_submit.py:488} INFO - 22/04/06 03:06:43 INFO CodecPool: Got brand-new compressor [.snappy]
[2022-04-06 03:07:05,282] {spark_submit.py:488} INFO - 22/04/06 03:07:05 INFO GoogleCloudStorageImpl: Ignoring exception of type GoogleJsonResponseException; verified object already exists with desired state.
[2022-04-06 03:07:05,284] {spark_submit.py:488} INFO - 22/04/06 03:07:05 INFO GoogleCloudStorageImpl: Ignoring exception of type GoogleJsonResponseException; verified object already exists with desired state.
[2022-04-06 03:07:05,300] {spark_submit.py:488} INFO - 22/04/06 03:07:05 INFO GoogleCloudStorageFileSystem: Successfully repaired 'gs://dtc_data_lake_de-stack-overflow/BigQuery/posts_answers-2019-05/_temporary/0/_temporary/' directory.
[2022-04-06 03:07:05,301] {spark_submit.py:488} INFO - 22/04/06 03:07:05 INFO FileOutputCommitter: Saved output of task 'attempt_202204060306406104797368489219646_0003_m_000000_5' to gs://dtc_data_lake_de-stack-overflow/BigQuery/posts_answers-2019-05/_temporary/0/task_202204060306406104797368489219646_0003_m_000000
[2022-04-06 03:07:05,301] {spark_submit.py:488} INFO - 22/04/06 03:07:05 INFO SparkHadoopMapRedUtil: attempt_202204060306406104797368489219646_0003_m_000000_5: Committed
[2022-04-06 03:07:05,307] {spark_submit.py:488} INFO - 22/04/06 03:07:05 INFO GoogleCloudStorageFileSystem: Successfully repaired 'gs://dtc_data_lake_de-stack-overflow/BigQuery/posts_answers-2019-05/_temporary/0/_temporary/' directory.
[2022-04-06 03:07:05,308] {spark_submit.py:488} INFO - 22/04/06 03:07:05 INFO FileOutputCommitter: Saved output of task 'attempt_202204060306404574581383159705568_0003_m_000003_8' to gs://dtc_data_lake_de-stack-overflow/BigQuery/posts_answers-2019-05/_temporary/0/task_202204060306404574581383159705568_0003_m_000003
[2022-04-06 03:07:05,314] {spark_submit.py:488} INFO - 22/04/06 03:07:05 INFO GoogleCloudStorageFileSystem: Successfully repaired 'gs://dtc_data_lake_de-stack-overflow/BigQuery/posts_answers-2019-05/_temporary/0/_temporary/' directory.
[2022-04-06 03:07:05,315] {spark_submit.py:488} INFO - 22/04/06 03:07:05 INFO FileOutputCommitter: Saved output of task 'attempt_202204060306408153978636618256174_0003_m_000001_6' to gs://dtc_data_lake_de-stack-overflow/BigQuery/posts_answers-2019-05/_temporary/0/task_202204060306408153978636618256174_0003_m_000001
[2022-04-06 03:07:05,316] {spark_submit.py:488} INFO - 22/04/06 03:07:05 INFO SparkHadoopMapRedUtil: attempt_202204060306408153978636618256174_0003_m_000001_6: Committed
[2022-04-06 03:07:05,317] {spark_submit.py:488} INFO - 22/04/06 03:07:05 INFO FileOutputCommitter: Saved output of task 'attempt_202204060306402965264316791554498_0003_m_000002_7' to gs://dtc_data_lake_de-stack-overflow/BigQuery/posts_answers-2019-05/_temporary/0/task_202204060306402965264316791554498_0003_m_000002
[2022-04-06 03:07:05,318] {spark_submit.py:488} INFO - 22/04/06 03:07:05 INFO SparkHadoopMapRedUtil: attempt_202204060306404574581383159705568_0003_m_000003_8: Committed
[2022-04-06 03:07:05,318] {spark_submit.py:488} INFO - 22/04/06 03:07:05 INFO SparkHadoopMapRedUtil: attempt_202204060306402965264316791554498_0003_m_000002_7: Committed
[2022-04-06 03:07:05,377] {spark_submit.py:488} INFO - 22/04/06 03:07:05 INFO Executor: Finished task 3.0 in stage 3.0 (TID 8). 3526 bytes result sent to driver
[2022-04-06 03:07:05,380] {spark_submit.py:488} INFO - 22/04/06 03:07:05 INFO Executor: Finished task 1.0 in stage 3.0 (TID 6). 3526 bytes result sent to driver
[2022-04-06 03:07:05,380] {spark_submit.py:488} INFO - 22/04/06 03:07:05 INFO TaskSetManager: Finished task 3.0 in stage 3.0 (TID 8) in 24051 ms on 9fe4286b2855 (executor driver) (1/4)
[2022-04-06 03:07:05,381] {spark_submit.py:488} INFO - 22/04/06 03:07:05 INFO TaskSetManager: Finished task 1.0 in stage 3.0 (TID 6) in 24053 ms on 9fe4286b2855 (executor driver) (2/4)
[2022-04-06 03:07:05,383] {spark_submit.py:488} INFO - 22/04/06 03:07:05 INFO Executor: Finished task 2.0 in stage 3.0 (TID 7). 3526 bytes result sent to driver
[2022-04-06 03:07:05,386] {spark_submit.py:488} INFO - 22/04/06 03:07:05 INFO Executor: Finished task 0.0 in stage 3.0 (TID 5). 3526 bytes result sent to driver
[2022-04-06 03:07:05,386] {spark_submit.py:488} INFO - 22/04/06 03:07:05 INFO TaskSetManager: Finished task 2.0 in stage 3.0 (TID 7) in 24057 ms on 9fe4286b2855 (executor driver) (3/4)
[2022-04-06 03:07:05,386] {spark_submit.py:488} INFO - 22/04/06 03:07:05 INFO TaskSetManager: Finished task 0.0 in stage 3.0 (TID 5) in 24063 ms on 9fe4286b2855 (executor driver) (4/4)
[2022-04-06 03:07:05,386] {spark_submit.py:488} INFO - 22/04/06 03:07:05 INFO TaskSchedulerImpl: Removed TaskSet 3.0, whose tasks have all completed, from pool
[2022-04-06 03:07:05,389] {spark_submit.py:488} INFO - 22/04/06 03:07:05 INFO DAGScheduler: ResultStage 3 (save at NativeMethodAccessorImpl.java:0) finished in 24.650 s
[2022-04-06 03:07:05,390] {spark_submit.py:488} INFO - 22/04/06 03:07:05 INFO DAGScheduler: Job 2 is finished. Cancelling potential speculative or zombie tasks for this job
[2022-04-06 03:07:05,390] {spark_submit.py:488} INFO - 22/04/06 03:07:05 INFO TaskSchedulerImpl: Killing all running tasks in stage 3: Stage finished
[2022-04-06 03:07:05,397] {spark_submit.py:488} INFO - 22/04/06 03:07:05 INFO DAGScheduler: Job 2 finished: save at NativeMethodAccessorImpl.java:0, took 24.711569 s
[2022-04-06 03:07:05,397] {spark_submit.py:488} INFO - 22/04/06 03:07:05 INFO FileFormatWriter: Start to commit write Job 68b9ce22-3212-4c86-9f3a-b95965952550.
[2022-04-06 03:07:05,992] {spark_submit.py:488} INFO - 22/04/06 03:07:05 INFO GoogleCloudStorageFileSystem: Successfully repaired 'gs://dtc_data_lake_de-stack-overflow/BigQuery/posts_answers-2019-05/_temporary/0/task_202204060306402965264316791554498_0003_m_000002/' directory.
[2022-04-06 03:07:06,352] {spark_submit.py:488} INFO - 22/04/06 03:07:06 INFO GoogleCloudStorageFileSystem: Successfully repaired 'gs://dtc_data_lake_de-stack-overflow/BigQuery/posts_answers-2019-05/_temporary/0/task_202204060306404574581383159705568_0003_m_000003/' directory.
[2022-04-06 03:07:06,797] {spark_submit.py:488} INFO - 22/04/06 03:07:06 INFO GoogleCloudStorageFileSystem: Successfully repaired 'gs://dtc_data_lake_de-stack-overflow/BigQuery/posts_answers-2019-05/_temporary/0/task_202204060306406104797368489219646_0003_m_000000/' directory.
[2022-04-06 03:07:07,255] {spark_submit.py:488} INFO - 22/04/06 03:07:07 INFO GoogleCloudStorageFileSystem: Successfully repaired 'gs://dtc_data_lake_de-stack-overflow/BigQuery/posts_answers-2019-05/_temporary/0/task_202204060306408153978636618256174_0003_m_000001/' directory.
[2022-04-06 03:07:07,528] {spark_submit.py:488} INFO - 22/04/06 03:07:07 INFO GoogleCloudStorageFileSystem: Successfully repaired 'gs://dtc_data_lake_de-stack-overflow/BigQuery/posts_answers-2019-05/' directory.
[2022-04-06 03:07:07,840] {spark_submit.py:488} INFO - 22/04/06 03:07:07 INFO FileFormatWriter: Write Job 68b9ce22-3212-4c86-9f3a-b95965952550 committed. Elapsed time: 2443 ms.
[2022-04-06 03:07:07,846] {spark_submit.py:488} INFO - 22/04/06 03:07:07 INFO FileFormatWriter: Finished processing stats for write job 68b9ce22-3212-4c86-9f3a-b95965952550.
[2022-04-06 03:07:08,799] {spark_submit.py:488} INFO - 22/04/06 03:07:08 INFO SparkContext: Invoking stop() from shutdown hook
[2022-04-06 03:07:08,917] {spark_submit.py:488} INFO - 22/04/06 03:07:08 INFO SparkUI: Stopped Spark web UI at http://9fe4286b2855:4044
[2022-04-06 03:07:09,055] {spark_submit.py:488} INFO - 22/04/06 03:07:09 INFO MapOutputTrackerMasterEndpoint: MapOutputTrackerMasterEndpoint stopped!
[2022-04-06 03:07:09,622] {spark_submit.py:488} INFO - 22/04/06 03:07:09 INFO MemoryStore: MemoryStore cleared
[2022-04-06 03:07:09,626] {spark_submit.py:488} INFO - 22/04/06 03:07:09 INFO BlockManager: BlockManager stopped
[2022-04-06 03:07:09,631] {spark_submit.py:488} INFO - 22/04/06 03:07:09 INFO BlockManagerMaster: BlockManagerMaster stopped
[2022-04-06 03:07:09,639] {spark_submit.py:488} INFO - 22/04/06 03:07:09 INFO OutputCommitCoordinator$OutputCommitCoordinatorEndpoint: OutputCommitCoordinator stopped!
[2022-04-06 03:07:09,820] {spark_submit.py:488} INFO - 22/04/06 03:07:09 INFO SparkContext: Successfully stopped SparkContext
[2022-04-06 03:07:09,821] {spark_submit.py:488} INFO - 22/04/06 03:07:09 INFO ShutdownHookManager: Shutdown hook called
[2022-04-06 03:07:09,822] {spark_submit.py:488} INFO - 22/04/06 03:07:09 INFO ShutdownHookManager: Deleting directory /tmp/spark-477e9292-a4f2-4cd6-8190-fd4306f6354a
[2022-04-06 03:07:09,844] {spark_submit.py:488} INFO - 22/04/06 03:07:09 INFO ShutdownHookManager: Deleting directory /tmp/spark-c5809d52-5329-4ea8-8f7a-3b9bbc0cc563
[2022-04-06 03:07:09,910] {spark_submit.py:488} INFO - 22/04/06 03:07:09 INFO ShutdownHookManager: Deleting directory /tmp/spark-c5809d52-5329-4ea8-8f7a-3b9bbc0cc563/pyspark-7bf5f41e-37e2-432b-badd-7358f24b501f
[2022-04-06 03:07:12,353] {taskinstance.py:1288} INFO - Marking task as SUCCESS. dag_id=IngestToGCP, task_id=processing_tasks_posts_answers.spark_job, execution_date=20190501T000000, start_date=20220406T030144, end_date=20220406T030712
[2022-04-06 03:07:12,651] {local_task_job.py:154} INFO - Task exited with return code 0
[2022-04-06 03:07:12,900] {local_task_job.py:264} INFO - 1 downstream tasks scheduled from follow-on schedule check
