[2022-04-05 23:10:34,128] {taskinstance.py:1043} INFO - Dependencies all met for <TaskInstance: IngestToGCP.processing_tasks_posts_answers.remove_posts_answers_csv scheduled__2010-07-01T00:00:00+00:00 [queued]>
[2022-04-05 23:10:34,362] {taskinstance.py:1043} INFO - Dependencies all met for <TaskInstance: IngestToGCP.processing_tasks_posts_answers.remove_posts_answers_csv scheduled__2010-07-01T00:00:00+00:00 [queued]>
[2022-04-05 23:10:34,363] {taskinstance.py:1249} INFO - 
--------------------------------------------------------------------------------
[2022-04-05 23:10:34,363] {taskinstance.py:1250} INFO - Starting attempt 1 of 1
[2022-04-05 23:10:34,363] {taskinstance.py:1251} INFO - 
--------------------------------------------------------------------------------
[2022-04-05 23:10:34,506] {taskinstance.py:1270} INFO - Executing <Task(BashOperator): processing_tasks_posts_answers.remove_posts_answers_csv> on 2010-07-01 00:00:00+00:00
[2022-04-05 23:10:34,558] {standard_task_runner.py:52} INFO - Started process 35152 to run task
[2022-04-05 23:10:34,678] {standard_task_runner.py:79} INFO - Running: ['***', 'tasks', 'run', 'IngestToGCP', 'processing_tasks_posts_answers.remove_posts_answers_csv', 'scheduled__2010-07-01T00:00:00+00:00', '--job-id', '8939', '--raw', '--subdir', 'DAGS_FOLDER/ingest_dag.py', '--cfg-path', '/tmp/tmp87rzo85i', '--error-file', '/tmp/tmppx35lctv']
[2022-04-05 23:10:34,710] {standard_task_runner.py:80} INFO - Job 8939: Subtask processing_tasks_posts_answers.remove_posts_answers_csv
[2022-04-05 23:10:35,730] {logging_mixin.py:109} INFO - Running <TaskInstance: IngestToGCP.processing_tasks_posts_answers.remove_posts_answers_csv scheduled__2010-07-01T00:00:00+00:00 [running]> on host 9fe4286b2855
[2022-04-05 23:10:36,367] {logging_mixin.py:109} WARNING - /home/***/.local/lib/python3.7/site-packages/***/utils/context.py:156 AirflowContextDeprecationWarning: Accessing 'execution_date' from the template is deprecated and will be removed in a future version. Please use 'data_interval_start' or 'logical_date' instead.
[2022-04-05 23:10:36,564] {taskinstance.py:1448} INFO - Exporting the following env vars:
AIRFLOW_CTX_DAG_OWNER=***
AIRFLOW_CTX_DAG_ID=IngestToGCP
AIRFLOW_CTX_TASK_ID=processing_tasks_posts_answers.remove_posts_answers_csv
AIRFLOW_CTX_EXECUTION_DATE=2010-07-01T00:00:00+00:00
AIRFLOW_CTX_DAG_RUN_ID=scheduled__2010-07-01T00:00:00+00:00
[2022-04-05 23:10:36,566] {subprocess.py:62} INFO - Tmp dir root location: 
 /tmp
[2022-04-05 23:10:36,567] {subprocess.py:74} INFO - Running command: ['bash', '-c', 'rm /opt/***/posts_answers-2010-07.csv']
[2022-04-05 23:10:36,618] {subprocess.py:85} INFO - Output:
[2022-04-05 23:10:36,912] {subprocess.py:93} INFO - Command exited with return code 0
[2022-04-05 23:10:38,528] {taskinstance.py:1288} INFO - Marking task as SUCCESS. dag_id=IngestToGCP, task_id=processing_tasks_posts_answers.remove_posts_answers_csv, execution_date=20100701T000000, start_date=20220405T231034, end_date=20220405T231038
[2022-04-05 23:10:38,929] {local_task_job.py:154} INFO - Task exited with return code 0
[2022-04-05 23:10:39,097] {local_task_job.py:264} INFO - 1 downstream tasks scheduled from follow-on schedule check
