[2022-04-06 04:16:54,164] {taskinstance.py:1043} INFO - Dependencies all met for <TaskInstance: IngestToGCP.processing_tasks_badges.remove_badges_parquet scheduled__2022-02-01T00:00:00+00:00 [queued]>
[2022-04-06 04:16:54,356] {taskinstance.py:1043} INFO - Dependencies all met for <TaskInstance: IngestToGCP.processing_tasks_badges.remove_badges_parquet scheduled__2022-02-01T00:00:00+00:00 [queued]>
[2022-04-06 04:16:54,356] {taskinstance.py:1249} INFO - 
--------------------------------------------------------------------------------
[2022-04-06 04:16:54,356] {taskinstance.py:1250} INFO - Starting attempt 1 of 1
[2022-04-06 04:16:54,356] {taskinstance.py:1251} INFO - 
--------------------------------------------------------------------------------
[2022-04-06 04:16:54,496] {taskinstance.py:1270} INFO - Executing <Task(BashOperator): processing_tasks_badges.remove_badges_parquet> on 2022-02-01 00:00:00+00:00
[2022-04-06 04:16:54,530] {standard_task_runner.py:52} INFO - Started process 249545 to run task
[2022-04-06 04:16:54,575] {standard_task_runner.py:79} INFO - Running: ['***', 'tasks', 'run', 'IngestToGCP', 'processing_tasks_badges.remove_badges_parquet', 'scheduled__2022-02-01T00:00:00+00:00', '--job-id', '12287', '--raw', '--subdir', 'DAGS_FOLDER/ingest_dag.py', '--cfg-path', '/tmp/tmpyvybkhe6', '--error-file', '/tmp/tmpuy66spoo']
[2022-04-06 04:16:54,592] {standard_task_runner.py:80} INFO - Job 12287: Subtask processing_tasks_badges.remove_badges_parquet
[2022-04-06 04:16:55,230] {logging_mixin.py:109} INFO - Running <TaskInstance: IngestToGCP.processing_tasks_badges.remove_badges_parquet scheduled__2022-02-01T00:00:00+00:00 [running]> on host 9fe4286b2855
[2022-04-06 04:16:55,974] {logging_mixin.py:109} WARNING - /home/***/.local/lib/python3.7/site-packages/***/utils/context.py:156 AirflowContextDeprecationWarning: Accessing 'execution_date' from the template is deprecated and will be removed in a future version. Please use 'data_interval_start' or 'logical_date' instead.
[2022-04-06 04:16:56,180] {taskinstance.py:1448} INFO - Exporting the following env vars:
AIRFLOW_CTX_DAG_OWNER=***
AIRFLOW_CTX_DAG_ID=IngestToGCP
AIRFLOW_CTX_TASK_ID=processing_tasks_badges.remove_badges_parquet
AIRFLOW_CTX_EXECUTION_DATE=2022-02-01T00:00:00+00:00
AIRFLOW_CTX_DAG_RUN_ID=scheduled__2022-02-01T00:00:00+00:00
[2022-04-06 04:16:56,181] {subprocess.py:62} INFO - Tmp dir root location: 
 /tmp
[2022-04-06 04:16:56,182] {subprocess.py:74} INFO - Running command: ['bash', '-c', 'rm /opt/***/badges-2022-02.parquet']
[2022-04-06 04:16:56,381] {subprocess.py:85} INFO - Output:
[2022-04-06 04:16:56,435] {subprocess.py:93} INFO - Command exited with return code 0
[2022-04-06 04:16:56,917] {taskinstance.py:1288} INFO - Marking task as SUCCESS. dag_id=IngestToGCP, task_id=processing_tasks_badges.remove_badges_parquet, execution_date=20220201T000000, start_date=20220406T041654, end_date=20220406T041656
[2022-04-06 04:16:57,101] {local_task_job.py:154} INFO - Task exited with return code 0
[2022-04-06 04:16:57,258] {local_task_job.py:264} INFO - 0 downstream tasks scheduled from follow-on schedule check
