[2022-04-07 19:27:39,741] {taskinstance.py:1043} INFO - Dependencies all met for <TaskInstance: load_to_BigQuery.create_external_users.create_users_stack_overflow_data_external_table scheduled__2019-04-01T00:00:00+00:00 [queued]>
[2022-04-07 19:27:39,830] {taskinstance.py:1043} INFO - Dependencies all met for <TaskInstance: load_to_BigQuery.create_external_users.create_users_stack_overflow_data_external_table scheduled__2019-04-01T00:00:00+00:00 [queued]>
[2022-04-07 19:27:39,831] {taskinstance.py:1249} INFO - 
--------------------------------------------------------------------------------
[2022-04-07 19:27:39,831] {taskinstance.py:1250} INFO - Starting attempt 1 of 1
[2022-04-07 19:27:39,831] {taskinstance.py:1251} INFO - 
--------------------------------------------------------------------------------
[2022-04-07 19:27:40,636] {taskinstance.py:1270} INFO - Executing <Task(BigQueryCreateExternalTableOperator): create_external_users.create_users_stack_overflow_data_external_table> on 2019-04-01 00:00:00+00:00
[2022-04-07 19:27:40,711] {standard_task_runner.py:52} INFO - Started process 5153 to run task
[2022-04-07 19:27:40,887] {standard_task_runner.py:79} INFO - Running: ['***', 'tasks', 'run', 'load_to_BigQuery', 'create_external_users.create_users_stack_overflow_data_external_table', 'scheduled__2019-04-01T00:00:00+00:00', '--job-id', '13079', '--raw', '--subdir', 'DAGS_FOLDER/load_to_BigQuery_dag.py', '--cfg-path', '/tmp/tmpioziqgub', '--error-file', '/tmp/tmp9cj836z0']
[2022-04-07 19:27:40,888] {standard_task_runner.py:80} INFO - Job 13079: Subtask create_external_users.create_users_stack_overflow_data_external_table
[2022-04-07 19:27:41,370] {logging_mixin.py:109} INFO - Running <TaskInstance: load_to_BigQuery.create_external_users.create_users_stack_overflow_data_external_table scheduled__2019-04-01T00:00:00+00:00 [running]> on host 2c54f2187010
[2022-04-07 19:27:42,569] {logging_mixin.py:109} WARNING - /home/***/.local/lib/python3.7/site-packages/***/utils/context.py:156 AirflowContextDeprecationWarning: Accessing 'execution_date' from the template is deprecated and will be removed in a future version. Please use 'data_interval_start' or 'logical_date' instead.
[2022-04-07 19:27:42,636] {taskinstance.py:1448} INFO - Exporting the following env vars:
AIRFLOW_CTX_DAG_OWNER=***
AIRFLOW_CTX_DAG_ID=load_to_BigQuery
AIRFLOW_CTX_TASK_ID=create_external_users.create_users_stack_overflow_data_external_table
AIRFLOW_CTX_EXECUTION_DATE=2019-04-01T00:00:00+00:00
AIRFLOW_CTX_DAG_RUN_ID=scheduled__2019-04-01T00:00:00+00:00
[2022-04-07 19:27:42,640] {crypto.py:82} WARNING - empty cryptography key - values will not be stored encrypted.
[2022-04-07 19:27:43,338] {taskinstance.py:1288} INFO - Marking task as SUCCESS. dag_id=load_to_BigQuery, task_id=create_external_users.create_users_stack_overflow_data_external_table, execution_date=20190401T000000, start_date=20220407T192739, end_date=20220407T192743
[2022-04-07 19:27:43,588] {local_task_job.py:154} INFO - Task exited with return code 0
[2022-04-07 19:27:44,378] {local_task_job.py:264} INFO - 0 downstream tasks scheduled from follow-on schedule check
[2022-04-07 22:20:19,726] {taskinstance.py:1043} INFO - Dependencies all met for <TaskInstance: load_to_BigQuery.create_external_users.create_users_stack_overflow_data_external_table scheduled__2019-04-01T00:00:00+00:00 [queued]>
[2022-04-07 22:20:19,786] {taskinstance.py:1043} INFO - Dependencies all met for <TaskInstance: load_to_BigQuery.create_external_users.create_users_stack_overflow_data_external_table scheduled__2019-04-01T00:00:00+00:00 [queued]>
[2022-04-07 22:20:19,786] {taskinstance.py:1249} INFO - 
--------------------------------------------------------------------------------
[2022-04-07 22:20:19,786] {taskinstance.py:1250} INFO - Starting attempt 1 of 1
[2022-04-07 22:20:19,786] {taskinstance.py:1251} INFO - 
--------------------------------------------------------------------------------
[2022-04-07 22:20:20,338] {taskinstance.py:1270} INFO - Executing <Task(BigQueryCreateExternalTableOperator): create_external_users.create_users_stack_overflow_data_external_table> on 2019-04-01 00:00:00+00:00
[2022-04-07 22:20:20,353] {standard_task_runner.py:52} INFO - Started process 7435 to run task
[2022-04-07 22:20:20,392] {standard_task_runner.py:79} INFO - Running: ['***', 'tasks', 'run', 'load_to_BigQuery', 'create_external_users.create_users_stack_overflow_data_external_table', 'scheduled__2019-04-01T00:00:00+00:00', '--job-id', '14341', '--raw', '--subdir', 'DAGS_FOLDER/load_to_BigQuery_dag.py', '--cfg-path', '/tmp/tmpn1qqxoup', '--error-file', '/tmp/tmp23o63_gq']
[2022-04-07 22:20:20,393] {standard_task_runner.py:80} INFO - Job 14341: Subtask create_external_users.create_users_stack_overflow_data_external_table
[2022-04-07 22:20:20,691] {logging_mixin.py:109} INFO - Running <TaskInstance: load_to_BigQuery.create_external_users.create_users_stack_overflow_data_external_table scheduled__2019-04-01T00:00:00+00:00 [running]> on host 36107d30f64e
[2022-04-07 22:20:20,984] {logging_mixin.py:109} WARNING - /home/***/.local/lib/python3.7/site-packages/***/utils/context.py:156 AirflowContextDeprecationWarning: Accessing 'execution_date' from the template is deprecated and will be removed in a future version. Please use 'data_interval_start' or 'logical_date' instead.
[2022-04-07 22:20:21,052] {taskinstance.py:1448} INFO - Exporting the following env vars:
AIRFLOW_CTX_DAG_OWNER=***
AIRFLOW_CTX_DAG_ID=load_to_BigQuery
AIRFLOW_CTX_TASK_ID=create_external_users.create_users_stack_overflow_data_external_table
AIRFLOW_CTX_EXECUTION_DATE=2019-04-01T00:00:00+00:00
AIRFLOW_CTX_DAG_RUN_ID=scheduled__2019-04-01T00:00:00+00:00
[2022-04-07 22:20:21,055] {crypto.py:82} WARNING - empty cryptography key - values will not be stored encrypted.
[2022-04-07 22:20:21,923] {taskinstance.py:1288} INFO - Marking task as SUCCESS. dag_id=load_to_BigQuery, task_id=create_external_users.create_users_stack_overflow_data_external_table, execution_date=20190401T000000, start_date=20220407T222019, end_date=20220407T222021
[2022-04-07 22:20:22,039] {local_task_job.py:154} INFO - Task exited with return code 0
[2022-04-07 22:20:22,192] {local_task_job.py:264} INFO - 1 downstream tasks scheduled from follow-on schedule check
