[2022-04-05 22:10:58,405] {taskinstance.py:1043} INFO - Dependencies all met for <TaskInstance: IngestToGCP.processing_tasks_badges.download_files_badges scheduled__2008-07-01T00:00:00+00:00 [queued]>
[2022-04-05 22:10:58,471] {taskinstance.py:1043} INFO - Dependencies all met for <TaskInstance: IngestToGCP.processing_tasks_badges.download_files_badges scheduled__2008-07-01T00:00:00+00:00 [queued]>
[2022-04-05 22:10:58,471] {taskinstance.py:1249} INFO - 
--------------------------------------------------------------------------------
[2022-04-05 22:10:58,471] {taskinstance.py:1250} INFO - Starting attempt 1 of 1
[2022-04-05 22:10:58,471] {taskinstance.py:1251} INFO - 
--------------------------------------------------------------------------------
[2022-04-05 22:10:58,535] {taskinstance.py:1270} INFO - Executing <Task(BashOperator): processing_tasks_badges.download_files_badges> on 2008-07-01 00:00:00+00:00
[2022-04-05 22:10:58,555] {standard_task_runner.py:52} INFO - Started process 1313 to run task
[2022-04-05 22:10:58,593] {standard_task_runner.py:79} INFO - Running: ['***', 'tasks', 'run', 'IngestToGCP', 'processing_tasks_badges.download_files_badges', 'scheduled__2008-07-01T00:00:00+00:00', '--job-id', '8273', '--raw', '--subdir', 'DAGS_FOLDER/ingest_dag.py', '--cfg-path', '/tmp/tmp6f6gpyd0', '--error-file', '/tmp/tmpyskq0bre']
[2022-04-05 22:10:58,594] {standard_task_runner.py:80} INFO - Job 8273: Subtask processing_tasks_badges.download_files_badges
[2022-04-05 22:10:58,883] {logging_mixin.py:109} INFO - Running <TaskInstance: IngestToGCP.processing_tasks_badges.download_files_badges scheduled__2008-07-01T00:00:00+00:00 [running]> on host 6e0f007959f8
[2022-04-05 22:10:59,729] {logging_mixin.py:109} WARNING - /home/***/.local/lib/python3.7/site-packages/***/utils/context.py:156 AirflowContextDeprecationWarning: Accessing 'execution_date' from the template is deprecated and will be removed in a future version. Please use 'data_interval_start' or 'logical_date' instead.
[2022-04-05 22:10:59,832] {taskinstance.py:1448} INFO - Exporting the following env vars:
AIRFLOW_CTX_DAG_OWNER=***
AIRFLOW_CTX_DAG_ID=IngestToGCP
AIRFLOW_CTX_TASK_ID=processing_tasks_badges.download_files_badges
AIRFLOW_CTX_EXECUTION_DATE=2008-07-01T00:00:00+00:00
AIRFLOW_CTX_DAG_RUN_ID=scheduled__2008-07-01T00:00:00+00:00
[2022-04-05 22:10:59,833] {subprocess.py:62} INFO - Tmp dir root location: 
 /tmp
[2022-04-05 22:10:59,834] {subprocess.py:74} INFO - Running command: ['bash', '-c', 'curl -A "Mozilla Chrome Safari" -sSfl --connect-timeout 5                     --retry 5                     https://storage.googleapis.com/dtc_data_lake_de-stack-overflow/processed/badges-2008-07.csv > /opt/***/badges-2008-07.csv']
[2022-04-05 22:11:00,003] {subprocess.py:85} INFO - Output:
[2022-04-05 22:11:00,136] {subprocess.py:89} INFO - curl: (22) The requested URL returned error: 404
[2022-04-05 22:11:00,138] {subprocess.py:93} INFO - Command exited with return code 22
[2022-04-05 22:11:00,212] {taskinstance.py:1774} ERROR - Task failed with exception
Traceback (most recent call last):
  File "/home/airflow/.local/lib/python3.7/site-packages/airflow/operators/bash.py", line 188, in execute
    f'Bash command failed. The command returned a non-zero exit code {result.exit_code}.'
airflow.exceptions.AirflowException: Bash command failed. The command returned a non-zero exit code 22.
[2022-04-05 22:11:00,285] {taskinstance.py:1288} INFO - Marking task as FAILED. dag_id=IngestToGCP, task_id=processing_tasks_badges.download_files_badges, execution_date=20080701T000000, start_date=20220405T221058, end_date=20220405T221100
[2022-04-05 22:11:00,469] {standard_task_runner.py:98} ERROR - Failed to execute job 8273 for task processing_tasks_badges.download_files_badges (Bash command failed. The command returned a non-zero exit code 22.; 1313)
[2022-04-05 22:11:00,612] {local_task_job.py:154} INFO - Task exited with return code 1
[2022-04-05 22:11:01,005] {local_task_job.py:264} INFO - 0 downstream tasks scheduled from follow-on schedule check
