[2022-04-05 22:39:22,136] {taskinstance.py:1043} INFO - Dependencies all met for <TaskInstance: IngestToGCP.processing_tasks_badges.spark_job scheduled__2009-01-01T00:00:00+00:00 [queued]>
[2022-04-05 22:39:22,168] {taskinstance.py:1043} INFO - Dependencies all met for <TaskInstance: IngestToGCP.processing_tasks_badges.spark_job scheduled__2009-01-01T00:00:00+00:00 [queued]>
[2022-04-05 22:39:22,168] {taskinstance.py:1249} INFO - 
--------------------------------------------------------------------------------
[2022-04-05 22:39:22,169] {taskinstance.py:1250} INFO - Starting attempt 1 of 1
[2022-04-05 22:39:22,169] {taskinstance.py:1251} INFO - 
--------------------------------------------------------------------------------
[2022-04-05 22:39:22,207] {taskinstance.py:1270} INFO - Executing <Task(SparkSubmitOperator): processing_tasks_badges.spark_job> on 2009-01-01 00:00:00+00:00
[2022-04-05 22:39:22,220] {standard_task_runner.py:52} INFO - Started process 9747 to run task
[2022-04-05 22:39:22,233] {standard_task_runner.py:79} INFO - Running: ['***', 'tasks', 'run', 'IngestToGCP', 'processing_tasks_badges.spark_job', 'scheduled__2009-01-01T00:00:00+00:00', '--job-id', '8516', '--raw', '--subdir', 'DAGS_FOLDER/ingest_dag.py', '--cfg-path', '/tmp/tmprxs4lgcw', '--error-file', '/tmp/tmppr8d4shp']
[2022-04-05 22:39:22,235] {standard_task_runner.py:80} INFO - Job 8516: Subtask processing_tasks_badges.spark_job
[2022-04-05 22:39:22,434] {logging_mixin.py:109} INFO - Running <TaskInstance: IngestToGCP.processing_tasks_badges.spark_job scheduled__2009-01-01T00:00:00+00:00 [running]> on host 9fe4286b2855
[2022-04-05 22:39:22,721] {logging_mixin.py:109} WARNING - /home/***/.local/lib/python3.7/site-packages/***/utils/context.py:156 AirflowContextDeprecationWarning: Accessing 'execution_date' from the template is deprecated and will be removed in a future version. Please use 'data_interval_start' or 'logical_date' instead.
[2022-04-05 22:39:22,776] {taskinstance.py:1448} INFO - Exporting the following env vars:
AIRFLOW_CTX_DAG_OWNER=***
AIRFLOW_CTX_DAG_ID=IngestToGCP
AIRFLOW_CTX_TASK_ID=processing_tasks_badges.spark_job
AIRFLOW_CTX_EXECUTION_DATE=2009-01-01T00:00:00+00:00
AIRFLOW_CTX_DAG_RUN_ID=scheduled__2009-01-01T00:00:00+00:00
[2022-04-05 22:39:22,809] {base.py:79} INFO - Using connection to: id: spark_project. Host: spark://spark, Port: 7077, Schema: , Login: , Password: None, extra: {'queue': 'root.default'}
[2022-04-05 22:39:22,811] {spark_submit.py:335} INFO - Spark-Submit cmd: spark-submit --master spark://spark:7077 --conf spark.master=local[*] --name format_schema --verbose --queue root.default ./dags/pyspark_parquet_transformation.py badges 2009-01
[2022-04-05 22:39:32,522] {spark_submit.py:488} INFO - Using properties file: null
[2022-04-05 22:39:33,470] {spark_submit.py:488} INFO - WARNING: An illegal reflective access operation has occurred
[2022-04-05 22:39:33,470] {spark_submit.py:488} INFO - WARNING: Illegal reflective access by org.apache.spark.unsafe.Platform (file:/opt/***/spark/spark-3.2.1-bin-hadoop3.2/jars/spark-unsafe_2.12-3.2.1.jar) to constructor java.nio.DirectByteBuffer(long,int)
[2022-04-05 22:39:33,471] {spark_submit.py:488} INFO - WARNING: Please consider reporting this to the maintainers of org.apache.spark.unsafe.Platform
[2022-04-05 22:39:33,471] {spark_submit.py:488} INFO - WARNING: Use --illegal-access=warn to enable warnings of further illegal reflective access operations
[2022-04-05 22:39:33,480] {spark_submit.py:488} INFO - WARNING: All illegal access operations will be denied in a future release
[2022-04-05 22:39:33,877] {spark_submit.py:488} INFO - Parsed arguments:
[2022-04-05 22:39:33,877] {spark_submit.py:488} INFO - master                  spark://spark:7077
[2022-04-05 22:39:33,877] {spark_submit.py:488} INFO - deployMode              null
[2022-04-05 22:39:33,877] {spark_submit.py:488} INFO - executorMemory          null
[2022-04-05 22:39:33,878] {spark_submit.py:488} INFO - executorCores           null
[2022-04-05 22:39:33,878] {spark_submit.py:488} INFO - totalExecutorCores      null
[2022-04-05 22:39:33,878] {spark_submit.py:488} INFO - propertiesFile          null
[2022-04-05 22:39:33,878] {spark_submit.py:488} INFO - driverMemory            null
[2022-04-05 22:39:33,878] {spark_submit.py:488} INFO - driverCores             null
[2022-04-05 22:39:33,878] {spark_submit.py:488} INFO - driverExtraClassPath    null
[2022-04-05 22:39:33,878] {spark_submit.py:488} INFO - driverExtraLibraryPath  null
[2022-04-05 22:39:33,878] {spark_submit.py:488} INFO - driverExtraJavaOptions  null
[2022-04-05 22:39:33,878] {spark_submit.py:488} INFO - supervise               false
[2022-04-05 22:39:33,878] {spark_submit.py:488} INFO - queue                   root.default
[2022-04-05 22:39:33,878] {spark_submit.py:488} INFO - numExecutors            null
[2022-04-05 22:39:33,878] {spark_submit.py:488} INFO - files                   null
[2022-04-05 22:39:33,878] {spark_submit.py:488} INFO - pyFiles                 null
[2022-04-05 22:39:33,879] {spark_submit.py:488} INFO - archives                null
[2022-04-05 22:39:33,879] {spark_submit.py:488} INFO - mainClass               null
[2022-04-05 22:39:33,879] {spark_submit.py:488} INFO - primaryResource         file:/opt/***/dags/pyspark_parquet_transformation.py
[2022-04-05 22:39:33,879] {spark_submit.py:488} INFO - name                    format_schema
[2022-04-05 22:39:33,879] {spark_submit.py:488} INFO - childArgs               [badges 2009-01]
[2022-04-05 22:39:33,879] {spark_submit.py:488} INFO - jars                    null
[2022-04-05 22:39:33,879] {spark_submit.py:488} INFO - packages                null
[2022-04-05 22:39:33,879] {spark_submit.py:488} INFO - packagesExclusions      null
[2022-04-05 22:39:33,879] {spark_submit.py:488} INFO - repositories            null
[2022-04-05 22:39:33,879] {spark_submit.py:488} INFO - verbose                 true
[2022-04-05 22:39:33,879] {spark_submit.py:488} INFO - 
[2022-04-05 22:39:33,879] {spark_submit.py:488} INFO - Spark properties used, including those specified through
[2022-04-05 22:39:33,879] {spark_submit.py:488} INFO - --conf and those from the properties file null:
[2022-04-05 22:39:33,879] {spark_submit.py:488} INFO - (spark.master,local[*])
[2022-04-05 22:39:33,880] {spark_submit.py:488} INFO - 
[2022-04-05 22:39:33,880] {spark_submit.py:488} INFO - 
[2022-04-05 22:39:35,681] {spark_submit.py:488} INFO - Main class:
[2022-04-05 22:39:35,696] {spark_submit.py:488} INFO - org.apache.spark.deploy.PythonRunner
[2022-04-05 22:39:35,700] {spark_submit.py:488} INFO - Arguments:
[2022-04-05 22:39:35,700] {spark_submit.py:488} INFO - file:/opt/***/dags/pyspark_parquet_transformation.py
[2022-04-05 22:39:35,700] {spark_submit.py:488} INFO - null
[2022-04-05 22:39:35,700] {spark_submit.py:488} INFO - badges
[2022-04-05 22:39:35,706] {spark_submit.py:488} INFO - 2009-01
[2022-04-05 22:39:35,721] {spark_submit.py:488} INFO - Spark config:
[2022-04-05 22:39:35,722] {spark_submit.py:488} INFO - (spark.master,spark://spark:7077)
[2022-04-05 22:39:35,722] {spark_submit.py:488} INFO - (spark.submit.pyFiles,)
[2022-04-05 22:39:35,722] {spark_submit.py:488} INFO - (spark.submit.deployMode,client)
[2022-04-05 22:39:35,722] {spark_submit.py:488} INFO - (spark.app.name,format_schema)
[2022-04-05 22:39:35,723] {spark_submit.py:488} INFO - Classpath elements:
[2022-04-05 22:39:35,729] {spark_submit.py:488} INFO - 
[2022-04-05 22:39:35,730] {spark_submit.py:488} INFO - 
[2022-04-05 22:39:35,730] {spark_submit.py:488} INFO - 
[2022-04-05 22:39:40,510] {spark_submit.py:488} INFO - Using Spark's default log4j profile: org/apache/spark/log4j-defaults.properties
[2022-04-05 22:39:40,607] {spark_submit.py:488} INFO - 22/04/05 22:39:40 INFO SparkContext: Running Spark version 3.2.1
[2022-04-05 22:39:41,371] {spark_submit.py:488} INFO - 22/04/05 22:39:41 WARN NativeCodeLoader: Unable to load native-hadoop library for your platform... using builtin-java classes where applicable
[2022-04-05 22:39:42,512] {spark_submit.py:488} INFO - 22/04/05 22:39:42 INFO ResourceUtils: ==============================================================
[2022-04-05 22:39:42,514] {spark_submit.py:488} INFO - 22/04/05 22:39:42 INFO ResourceUtils: No custom resources configured for spark.driver.
[2022-04-05 22:39:42,537] {spark_submit.py:488} INFO - 22/04/05 22:39:42 INFO ResourceUtils: ==============================================================
[2022-04-05 22:39:42,539] {spark_submit.py:488} INFO - 22/04/05 22:39:42 INFO SparkContext: Submitted application: Modidy Schema
[2022-04-05 22:39:42,849] {spark_submit.py:488} INFO - 22/04/05 22:39:42 INFO ResourceProfile: Default ResourceProfile created, executor resources: Map(cores -> name: cores, amount: 1, script: , vendor: , memory -> name: memory, amount: 1024, script: , vendor: , offHeap -> name: offHeap, amount: 0, script: , vendor: ), task resources: Map(cpus -> name: cpus, amount: 1.0)
[2022-04-05 22:39:42,944] {spark_submit.py:488} INFO - 22/04/05 22:39:42 INFO ResourceProfile: Limiting resource is cpu
[2022-04-05 22:39:42,944] {spark_submit.py:488} INFO - 22/04/05 22:39:42 INFO ResourceProfileManager: Added ResourceProfile id: 0
[2022-04-05 22:39:43,681] {spark_submit.py:488} INFO - 22/04/05 22:39:43 INFO SecurityManager: Changing view acls to: default
[2022-04-05 22:39:43,682] {spark_submit.py:488} INFO - 22/04/05 22:39:43 INFO SecurityManager: Changing modify acls to: default
[2022-04-05 22:39:43,684] {spark_submit.py:488} INFO - 22/04/05 22:39:43 INFO SecurityManager: Changing view acls groups to:
[2022-04-05 22:39:43,685] {spark_submit.py:488} INFO - 22/04/05 22:39:43 INFO SecurityManager: Changing modify acls groups to:
[2022-04-05 22:39:43,693] {spark_submit.py:488} INFO - 22/04/05 22:39:43 INFO SecurityManager: SecurityManager: authentication disabled; ui acls disabled; users  with view permissions: Set(default); groups with view permissions: Set(); users  with modify permissions: Set(default); groups with modify permissions: Set()
[2022-04-05 22:39:46,520] {spark_submit.py:488} INFO - 22/04/05 22:39:46 INFO Utils: Successfully started service 'sparkDriver' on port 45803.
[2022-04-05 22:39:46,840] {spark_submit.py:488} INFO - 22/04/05 22:39:46 INFO SparkEnv: Registering MapOutputTracker
[2022-04-05 22:39:47,112] {spark_submit.py:488} INFO - 22/04/05 22:39:47 INFO SparkEnv: Registering BlockManagerMaster
[2022-04-05 22:39:47,273] {spark_submit.py:488} INFO - 22/04/05 22:39:47 INFO BlockManagerMasterEndpoint: Using org.apache.spark.storage.DefaultTopologyMapper for getting topology information
[2022-04-05 22:39:47,274] {spark_submit.py:488} INFO - 22/04/05 22:39:47 INFO BlockManagerMasterEndpoint: BlockManagerMasterEndpoint up
[2022-04-05 22:39:47,293] {spark_submit.py:488} INFO - 22/04/05 22:39:47 INFO SparkEnv: Registering BlockManagerMasterHeartbeat
[2022-04-05 22:39:47,443] {spark_submit.py:488} INFO - 22/04/05 22:39:47 INFO DiskBlockManager: Created local directory at /tmp/blockmgr-ff4403d1-e2a8-4f06-93c6-509e558184e8
[2022-04-05 22:39:47,630] {spark_submit.py:488} INFO - 22/04/05 22:39:47 INFO MemoryStore: MemoryStore started with capacity 434.4 MiB
[2022-04-05 22:39:47,830] {spark_submit.py:488} INFO - 22/04/05 22:39:47 INFO SparkEnv: Registering OutputCommitCoordinator
[2022-04-05 22:39:50,330] {spark_submit.py:488} INFO - 22/04/05 22:39:50 INFO Utils: Successfully started service 'SparkUI' on port 4040.
[2022-04-05 22:39:50,783] {spark_submit.py:488} INFO - 22/04/05 22:39:50 INFO SparkUI: Bound SparkUI to 0.0.0.0, and started at http://9fe4286b2855:4040
[2022-04-05 22:39:52,573] {spark_submit.py:488} INFO - 22/04/05 22:39:52 INFO Executor: Starting executor ID driver on host 9fe4286b2855
[2022-04-05 22:39:52,905] {spark_submit.py:488} INFO - 22/04/05 22:39:52 INFO Utils: Successfully started service 'org.apache.spark.network.netty.NettyBlockTransferService' on port 38779.
[2022-04-05 22:39:52,905] {spark_submit.py:488} INFO - 22/04/05 22:39:52 INFO NettyBlockTransferService: Server created on 9fe4286b2855:38779
[2022-04-05 22:39:52,921] {spark_submit.py:488} INFO - 22/04/05 22:39:52 INFO BlockManager: Using org.apache.spark.storage.RandomBlockReplicationPolicy for block replication policy
[2022-04-05 22:39:53,015] {spark_submit.py:488} INFO - 22/04/05 22:39:53 INFO BlockManagerMaster: Registering BlockManager BlockManagerId(driver, 9fe4286b2855, 38779, None)
[2022-04-05 22:39:53,025] {spark_submit.py:488} INFO - 22/04/05 22:39:53 INFO BlockManagerMasterEndpoint: Registering block manager 9fe4286b2855:38779 with 434.4 MiB RAM, BlockManagerId(driver, 9fe4286b2855, 38779, None)
[2022-04-05 22:39:53,035] {spark_submit.py:488} INFO - 22/04/05 22:39:53 INFO BlockManagerMaster: Registered BlockManager BlockManagerId(driver, 9fe4286b2855, 38779, None)
[2022-04-05 22:39:53,049] {spark_submit.py:488} INFO - 22/04/05 22:39:53 INFO BlockManager: Initialized BlockManager: BlockManagerId(driver, 9fe4286b2855, 38779, None)
[2022-04-05 22:40:02,205] {spark_submit.py:488} INFO - 22/04/05 22:40:02 INFO SharedState: Setting hive.metastore.warehouse.dir ('null') to the value of spark.sql.warehouse.dir.
[2022-04-05 22:40:02,661] {spark_submit.py:488} INFO - 22/04/05 22:40:02 INFO SharedState: Warehouse path is 'file:/opt/***/spark-warehouse'.
[2022-04-05 22:40:28,209] {spark_submit.py:488} INFO - 22/04/05 22:40:28 INFO InMemoryFileIndex: It took 827 ms to list leaf files for 1 paths.
[2022-04-05 22:40:37,240] {spark_submit.py:488} INFO - 22/04/05 22:40:37 INFO SparkContext: Starting job: parquet at NativeMethodAccessorImpl.java:0
[2022-04-05 22:40:37,572] {spark_submit.py:488} INFO - 22/04/05 22:40:37 INFO DAGScheduler: Got job 0 (parquet at NativeMethodAccessorImpl.java:0) with 1 output partitions
[2022-04-05 22:40:37,604] {spark_submit.py:488} INFO - 22/04/05 22:40:37 INFO DAGScheduler: Final stage: ResultStage 0 (parquet at NativeMethodAccessorImpl.java:0)
[2022-04-05 22:40:37,604] {spark_submit.py:488} INFO - 22/04/05 22:40:37 INFO DAGScheduler: Parents of final stage: List()
[2022-04-05 22:40:37,628] {spark_submit.py:488} INFO - 22/04/05 22:40:37 INFO DAGScheduler: Missing parents: List()
[2022-04-05 22:40:37,747] {spark_submit.py:488} INFO - 22/04/05 22:40:37 INFO DAGScheduler: Submitting ResultStage 0 (MapPartitionsRDD[1] at parquet at NativeMethodAccessorImpl.java:0), which has no missing parents
[2022-04-05 22:40:38,884] {spark_submit.py:488} INFO - 22/04/05 22:40:38 INFO AsyncEventQueue: Process of event SparkListenerJobStart(0,1649198437625,WrappedArray(org.apache.spark.scheduler.StageInfo@7cd6df44),{spark.rdd.scope={"id":"2","name":"collect"}, spark.rdd.scope.noOverride=true}) by listener AppStatusListener took 1.075374213s.
[2022-04-05 22:40:40,008] {spark_submit.py:488} INFO - 22/04/05 22:40:40 INFO MemoryStore: Block broadcast_0 stored as values in memory (estimated size 100.1 KiB, free 434.3 MiB)
[2022-04-05 22:40:40,868] {spark_submit.py:488} INFO - 22/04/05 22:40:40 INFO MemoryStore: Block broadcast_0_piece0 stored as bytes in memory (estimated size 35.8 KiB, free 434.3 MiB)
[2022-04-05 22:40:40,890] {spark_submit.py:488} INFO - 22/04/05 22:40:40 INFO BlockManagerInfo: Added broadcast_0_piece0 in memory on 9fe4286b2855:38779 (size: 35.8 KiB, free: 434.4 MiB)
[2022-04-05 22:40:40,975] {spark_submit.py:488} INFO - 22/04/05 22:40:40 INFO SparkContext: Created broadcast 0 from broadcast at DAGScheduler.scala:1478
[2022-04-05 22:40:41,399] {spark_submit.py:488} INFO - 22/04/05 22:40:41 INFO DAGScheduler: Submitting 1 missing tasks from ResultStage 0 (MapPartitionsRDD[1] at parquet at NativeMethodAccessorImpl.java:0) (first 15 tasks are for partitions Vector(0))
[2022-04-05 22:40:41,401] {spark_submit.py:488} INFO - 22/04/05 22:40:41 INFO TaskSchedulerImpl: Adding task set 0.0 with 1 tasks resource profile 0
[2022-04-05 22:40:42,588] {spark_submit.py:488} INFO - 22/04/05 22:40:42 INFO TaskSetManager: Starting task 0.0 in stage 0.0 (TID 0) (9fe4286b2855, executor driver, partition 0, PROCESS_LOCAL, 4615 bytes) taskResourceAssignments Map()
[2022-04-05 22:40:42,954] {spark_submit.py:488} INFO - 22/04/05 22:40:42 INFO Executor: Running task 0.0 in stage 0.0 (TID 0)
[2022-04-05 22:40:51,205] {spark_submit.py:488} INFO - 22/04/05 22:40:51 INFO Executor: Finished task 0.0 in stage 0.0 (TID 0). 1911 bytes result sent to driver
[2022-04-05 22:40:51,428] {spark_submit.py:488} INFO - 22/04/05 22:40:51 INFO TaskSetManager: Finished task 0.0 in stage 0.0 (TID 0) in 9230 ms on 9fe4286b2855 (executor driver) (1/1)
[2022-04-05 22:40:51,470] {spark_submit.py:488} INFO - 22/04/05 22:40:51 INFO DAGScheduler: ResultStage 0 (parquet at NativeMethodAccessorImpl.java:0) finished in 13.336 s
[2022-04-05 22:40:51,535] {spark_submit.py:488} INFO - 22/04/05 22:40:51 INFO TaskSchedulerImpl: Removed TaskSet 0.0, whose tasks have all completed, from pool
[2022-04-05 22:40:51,555] {spark_submit.py:488} INFO - 22/04/05 22:40:51 INFO DAGScheduler: Job 0 is finished. Cancelling potential speculative or zombie tasks for this job
[2022-04-05 22:40:51,557] {spark_submit.py:488} INFO - 22/04/05 22:40:51 INFO TaskSchedulerImpl: Killing all running tasks in stage 0: Stage finished
[2022-04-05 22:40:51,588] {spark_submit.py:488} INFO - 22/04/05 22:40:51 INFO DAGScheduler: Job 0 finished: parquet at NativeMethodAccessorImpl.java:0, took 14.330291 s
[2022-04-05 22:41:00,011] {spark_submit.py:488} INFO - 22/04/05 22:41:00 INFO BlockManagerInfo: Removed broadcast_0_piece0 on 9fe4286b2855:38779 in memory (size: 35.8 KiB, free: 434.4 MiB)
[2022-04-05 22:41:32,402] {spark_submit.py:488} INFO - 22/04/05 22:41:32 INFO FileSourceStrategy: Pushed Filters:
[2022-04-05 22:41:32,433] {spark_submit.py:488} INFO - 22/04/05 22:41:32 INFO FileSourceStrategy: Post-Scan Filters:
[2022-04-05 22:41:32,476] {spark_submit.py:488} INFO - 22/04/05 22:41:32 INFO FileSourceStrategy: Output Data Schema: struct<id: bigint, name: string, date: string, user_id: bigint, class: bigint ... 5 more fields>
[2022-04-05 22:41:37,005] {spark_submit.py:488} INFO - 22/04/05 22:41:37 INFO ParquetFileFormat: Using default output committer for Parquet: org.apache.parquet.hadoop.ParquetOutputCommitter
[2022-04-05 22:41:37,585] {spark_submit.py:488} INFO - 22/04/05 22:41:37 INFO FileOutputCommitter: File Output Committer Algorithm version is 1
[2022-04-05 22:41:37,586] {spark_submit.py:488} INFO - 22/04/05 22:41:37 INFO FileOutputCommitter: FileOutputCommitter skip cleanup _temporary folders under output directory:false, ignore cleanup failures: false
[2022-04-05 22:41:37,611] {spark_submit.py:488} INFO - 22/04/05 22:41:37 INFO SQLHadoopMapReduceCommitProtocol: Using user defined output committer class org.apache.parquet.hadoop.ParquetOutputCommitter
[2022-04-05 22:41:37,613] {spark_submit.py:488} INFO - 22/04/05 22:41:37 INFO FileOutputCommitter: File Output Committer Algorithm version is 1
[2022-04-05 22:41:37,662] {spark_submit.py:488} INFO - 22/04/05 22:41:37 INFO FileOutputCommitter: FileOutputCommitter skip cleanup _temporary folders under output directory:false, ignore cleanup failures: false
[2022-04-05 22:41:37,665] {spark_submit.py:488} INFO - 22/04/05 22:41:37 INFO SQLHadoopMapReduceCommitProtocol: Using output committer class org.apache.parquet.hadoop.ParquetOutputCommitter
[2022-04-05 22:41:46,153] {spark_submit.py:488} INFO - 22/04/05 22:41:46 INFO CodeGenerator: Code generated in 4810.508161 ms
[2022-04-05 22:41:46,767] {spark_submit.py:488} INFO - 22/04/05 22:41:46 INFO MemoryStore: Block broadcast_1 stored as values in memory (estimated size 192.3 KiB, free 434.2 MiB)
[2022-04-05 22:41:47,406] {spark_submit.py:488} INFO - 22/04/05 22:41:47 INFO MemoryStore: Block broadcast_1_piece0 stored as bytes in memory (estimated size 33.6 KiB, free 434.2 MiB)
[2022-04-05 22:41:47,410] {spark_submit.py:488} INFO - 22/04/05 22:41:47 INFO BlockManagerInfo: Added broadcast_1_piece0 in memory on 9fe4286b2855:38779 (size: 33.6 KiB, free: 434.4 MiB)
[2022-04-05 22:41:47,492] {spark_submit.py:488} INFO - 22/04/05 22:41:47 INFO SparkContext: Created broadcast 1 from save at NativeMethodAccessorImpl.java:0
[2022-04-05 22:41:48,125] {spark_submit.py:488} INFO - 22/04/05 22:41:48 INFO FileSourceScanExec: Planning scan with bin packing, max size: 4194304 bytes, open cost is considered as scanning 4194304 bytes.
[2022-04-05 22:41:49,962] {spark_submit.py:488} INFO - 22/04/05 22:41:49 INFO DAGScheduler: Registering RDD 6 (save at NativeMethodAccessorImpl.java:0) as input to shuffle 0
[2022-04-05 22:41:49,968] {spark_submit.py:488} INFO - 22/04/05 22:41:49 INFO DAGScheduler: Got map stage job 1 (save at NativeMethodAccessorImpl.java:0) with 1 output partitions
[2022-04-05 22:41:49,969] {spark_submit.py:488} INFO - 22/04/05 22:41:49 INFO DAGScheduler: Final stage: ShuffleMapStage 1 (save at NativeMethodAccessorImpl.java:0)
[2022-04-05 22:41:49,970] {spark_submit.py:488} INFO - 22/04/05 22:41:49 INFO DAGScheduler: Parents of final stage: List()
[2022-04-05 22:41:50,057] {spark_submit.py:488} INFO - 22/04/05 22:41:50 INFO DAGScheduler: Missing parents: List()
[2022-04-05 22:41:50,088] {spark_submit.py:488} INFO - 22/04/05 22:41:50 INFO DAGScheduler: Submitting ShuffleMapStage 1 (MapPartitionsRDD[6] at save at NativeMethodAccessorImpl.java:0), which has no missing parents
[2022-04-05 22:41:51,290] {spark_submit.py:488} INFO - 22/04/05 22:41:51 INFO MemoryStore: Block broadcast_2 stored as values in memory (estimated size 20.7 KiB, free 434.2 MiB)
[2022-04-05 22:41:51,341] {spark_submit.py:488} INFO - 22/04/05 22:41:51 INFO MemoryStore: Block broadcast_2_piece0 stored as bytes in memory (estimated size 8.5 KiB, free 434.2 MiB)
[2022-04-05 22:41:51,344] {spark_submit.py:488} INFO - 22/04/05 22:41:51 INFO BlockManagerInfo: Added broadcast_2_piece0 in memory on 9fe4286b2855:38779 (size: 8.5 KiB, free: 434.4 MiB)
[2022-04-05 22:41:51,345] {spark_submit.py:488} INFO - 22/04/05 22:41:51 INFO SparkContext: Created broadcast 2 from broadcast at DAGScheduler.scala:1478
[2022-04-05 22:41:51,389] {spark_submit.py:488} INFO - 22/04/05 22:41:51 INFO DAGScheduler: Submitting 1 missing tasks from ShuffleMapStage 1 (MapPartitionsRDD[6] at save at NativeMethodAccessorImpl.java:0) (first 15 tasks are for partitions Vector(0))
[2022-04-05 22:41:51,389] {spark_submit.py:488} INFO - 22/04/05 22:41:51 INFO TaskSchedulerImpl: Adding task set 1.0 with 1 tasks resource profile 0
[2022-04-05 22:41:51,416] {spark_submit.py:488} INFO - 22/04/05 22:41:51 INFO TaskSetManager: Starting task 0.0 in stage 1.0 (TID 1) (9fe4286b2855, executor driver, partition 0, PROCESS_LOCAL, 4881 bytes) taskResourceAssignments Map()
[2022-04-05 22:41:51,451] {spark_submit.py:488} INFO - 22/04/05 22:41:51 INFO Executor: Running task 0.0 in stage 1.0 (TID 1)
[2022-04-05 22:41:53,326] {spark_submit.py:488} INFO - 22/04/05 22:41:53 INFO FileScanRDD: Reading File path: gs://dtc_data_lake_de-stack-overflow/parquet/badges-2009-01.parquet, range: 0-452774, partition values: [empty row]
[2022-04-05 22:41:56,831] {spark_submit.py:488} INFO - 22/04/05 22:41:56 INFO CodecPool: Got brand-new decompressor [.snappy]
[2022-04-05 22:42:11,104] {spark_submit.py:488} INFO - 22/04/05 22:42:11 INFO Executor: Finished task 0.0 in stage 1.0 (TID 1). 2072 bytes result sent to driver
[2022-04-05 22:42:11,165] {spark_submit.py:488} INFO - 22/04/05 22:42:11 INFO TaskSetManager: Finished task 0.0 in stage 1.0 (TID 1) in 19756 ms on 9fe4286b2855 (executor driver) (1/1)
[2022-04-05 22:42:11,179] {spark_submit.py:488} INFO - 22/04/05 22:42:11 INFO TaskSchedulerImpl: Removed TaskSet 1.0, whose tasks have all completed, from pool
[2022-04-05 22:42:11,180] {spark_submit.py:488} INFO - 22/04/05 22:42:11 INFO DAGScheduler: ShuffleMapStage 1 (save at NativeMethodAccessorImpl.java:0) finished in 20.923 s
[2022-04-05 22:42:11,181] {spark_submit.py:488} INFO - 22/04/05 22:42:11 INFO DAGScheduler: looking for newly runnable stages
[2022-04-05 22:42:11,182] {spark_submit.py:488} INFO - 22/04/05 22:42:11 INFO DAGScheduler: running: Set()
[2022-04-05 22:42:11,182] {spark_submit.py:488} INFO - 22/04/05 22:42:11 INFO DAGScheduler: waiting: Set()
[2022-04-05 22:42:11,183] {spark_submit.py:488} INFO - 22/04/05 22:42:11 INFO DAGScheduler: failed: Set()
[2022-04-05 22:42:12,290] {spark_submit.py:488} INFO - 22/04/05 22:42:12 INFO SparkContext: Starting job: save at NativeMethodAccessorImpl.java:0
[2022-04-05 22:42:12,295] {spark_submit.py:488} INFO - 22/04/05 22:42:12 INFO DAGScheduler: Got job 2 (save at NativeMethodAccessorImpl.java:0) with 4 output partitions
[2022-04-05 22:42:12,295] {spark_submit.py:488} INFO - 22/04/05 22:42:12 INFO DAGScheduler: Final stage: ResultStage 3 (save at NativeMethodAccessorImpl.java:0)
[2022-04-05 22:42:12,295] {spark_submit.py:488} INFO - 22/04/05 22:42:12 INFO DAGScheduler: Parents of final stage: List(ShuffleMapStage 2)
[2022-04-05 22:42:12,295] {spark_submit.py:488} INFO - 22/04/05 22:42:12 INFO DAGScheduler: Missing parents: List()
[2022-04-05 22:42:12,299] {spark_submit.py:488} INFO - 22/04/05 22:42:12 INFO DAGScheduler: Submitting ResultStage 3 (ShuffledRowRDD[7] at save at NativeMethodAccessorImpl.java:0), which has no missing parents
[2022-04-05 22:42:13,173] {spark_submit.py:488} INFO - 22/04/05 22:42:13 INFO MemoryStore: Block broadcast_3 stored as values in memory (estimated size 202.3 KiB, free 434.0 MiB)
[2022-04-05 22:42:13,208] {spark_submit.py:488} INFO - 22/04/05 22:42:13 INFO MemoryStore: Block broadcast_3_piece0 stored as bytes in memory (estimated size 72.3 KiB, free 433.9 MiB)
[2022-04-05 22:42:13,215] {spark_submit.py:488} INFO - 22/04/05 22:42:13 INFO BlockManagerInfo: Added broadcast_3_piece0 in memory on 9fe4286b2855:38779 (size: 72.3 KiB, free: 434.3 MiB)
[2022-04-05 22:42:13,216] {spark_submit.py:488} INFO - 22/04/05 22:42:13 INFO SparkContext: Created broadcast 3 from broadcast at DAGScheduler.scala:1478
[2022-04-05 22:42:13,237] {spark_submit.py:488} INFO - 22/04/05 22:42:13 INFO DAGScheduler: Submitting 4 missing tasks from ResultStage 3 (ShuffledRowRDD[7] at save at NativeMethodAccessorImpl.java:0) (first 15 tasks are for partitions Vector(0, 1, 2, 3))
[2022-04-05 22:42:13,243] {spark_submit.py:488} INFO - 22/04/05 22:42:13 INFO TaskSchedulerImpl: Adding task set 3.0 with 4 tasks resource profile 0
[2022-04-05 22:42:13,280] {spark_submit.py:488} INFO - 22/04/05 22:42:13 INFO TaskSetManager: Starting task 0.0 in stage 3.0 (TID 2) (9fe4286b2855, executor driver, partition 0, NODE_LOCAL, 4453 bytes) taskResourceAssignments Map()
[2022-04-05 22:42:13,282] {spark_submit.py:488} INFO - 22/04/05 22:42:13 INFO TaskSetManager: Starting task 1.0 in stage 3.0 (TID 3) (9fe4286b2855, executor driver, partition 1, NODE_LOCAL, 4453 bytes) taskResourceAssignments Map()
[2022-04-05 22:42:13,283] {spark_submit.py:488} INFO - 22/04/05 22:42:13 INFO TaskSetManager: Starting task 2.0 in stage 3.0 (TID 4) (9fe4286b2855, executor driver, partition 2, NODE_LOCAL, 4453 bytes) taskResourceAssignments Map()
[2022-04-05 22:42:13,284] {spark_submit.py:488} INFO - 22/04/05 22:42:13 INFO TaskSetManager: Starting task 3.0 in stage 3.0 (TID 5) (9fe4286b2855, executor driver, partition 3, NODE_LOCAL, 4453 bytes) taskResourceAssignments Map()
[2022-04-05 22:42:13,285] {spark_submit.py:488} INFO - 22/04/05 22:42:13 INFO Executor: Running task 0.0 in stage 3.0 (TID 2)
[2022-04-05 22:42:13,338] {spark_submit.py:488} INFO - 22/04/05 22:42:13 INFO Executor: Running task 1.0 in stage 3.0 (TID 3)
[2022-04-05 22:42:13,447] {spark_submit.py:488} INFO - 22/04/05 22:42:13 INFO Executor: Running task 3.0 in stage 3.0 (TID 5)
[2022-04-05 22:42:13,453] {spark_submit.py:488} INFO - 22/04/05 22:42:13 INFO Executor: Running task 2.0 in stage 3.0 (TID 4)
[2022-04-05 22:42:14,478] {spark_submit.py:488} INFO - 22/04/05 22:42:14 INFO ShuffleBlockFetcherIterator: Getting 1 (132.6 KiB) non-empty blocks including 1 (132.6 KiB) local and 0 (0.0 B) host-local and 0 (0.0 B) push-merged-local and 0 (0.0 B) remote blocks
[2022-04-05 22:42:14,481] {spark_submit.py:488} INFO - 22/04/05 22:42:14 INFO ShuffleBlockFetcherIterator: Started 0 remote fetches in 24 ms
[2022-04-05 22:42:14,552] {spark_submit.py:488} INFO - 22/04/05 22:42:14 INFO ShuffleBlockFetcherIterator: Getting 1 (132.6 KiB) non-empty blocks including 1 (132.6 KiB) local and 0 (0.0 B) host-local and 0 (0.0 B) push-merged-local and 0 (0.0 B) remote blocks
[2022-04-05 22:42:14,552] {spark_submit.py:488} INFO - 22/04/05 22:42:14 INFO ShuffleBlockFetcherIterator: Started 0 remote fetches in 93 ms
[2022-04-05 22:42:14,553] {spark_submit.py:488} INFO - 22/04/05 22:42:14 INFO ShuffleBlockFetcherIterator: Getting 1 (132.6 KiB) non-empty blocks including 1 (132.6 KiB) local and 0 (0.0 B) host-local and 0 (0.0 B) push-merged-local and 0 (0.0 B) remote blocks
[2022-04-05 22:42:14,554] {spark_submit.py:488} INFO - 22/04/05 22:42:14 INFO ShuffleBlockFetcherIterator: Started 0 remote fetches in 91 ms
[2022-04-05 22:42:14,604] {spark_submit.py:488} INFO - 22/04/05 22:42:14 INFO ShuffleBlockFetcherIterator: Getting 1 (132.6 KiB) non-empty blocks including 1 (132.6 KiB) local and 0 (0.0 B) host-local and 0 (0.0 B) push-merged-local and 0 (0.0 B) remote blocks
[2022-04-05 22:42:14,604] {spark_submit.py:488} INFO - 22/04/05 22:42:14 INFO ShuffleBlockFetcherIterator: Started 0 remote fetches in 42 ms
[2022-04-05 22:42:14,615] {spark_submit.py:488} INFO - 22/04/05 22:42:14 INFO FileOutputCommitter: File Output Committer Algorithm version is 1
[2022-04-05 22:42:14,616] {spark_submit.py:488} INFO - 22/04/05 22:42:14 INFO FileOutputCommitter: FileOutputCommitter skip cleanup _temporary folders under output directory:false, ignore cleanup failures: false
[2022-04-05 22:42:14,624] {spark_submit.py:488} INFO - 22/04/05 22:42:14 INFO FileOutputCommitter: File Output Committer Algorithm version is 1
[2022-04-05 22:42:14,625] {spark_submit.py:488} INFO - 22/04/05 22:42:14 INFO FileOutputCommitter: FileOutputCommitter skip cleanup _temporary folders under output directory:false, ignore cleanup failures: false
[2022-04-05 22:42:14,642] {spark_submit.py:488} INFO - 22/04/05 22:42:14 INFO FileOutputCommitter: File Output Committer Algorithm version is 1
[2022-04-05 22:42:14,642] {spark_submit.py:488} INFO - 22/04/05 22:42:14 INFO FileOutputCommitter: FileOutputCommitter skip cleanup _temporary folders under output directory:false, ignore cleanup failures: false
[2022-04-05 22:42:14,670] {spark_submit.py:488} INFO - 22/04/05 22:42:14 INFO SQLHadoopMapReduceCommitProtocol: Using user defined output committer class org.apache.parquet.hadoop.ParquetOutputCommitter
[2022-04-05 22:42:14,670] {spark_submit.py:488} INFO - 22/04/05 22:42:14 INFO FileOutputCommitter: File Output Committer Algorithm version is 1
[2022-04-05 22:42:14,670] {spark_submit.py:488} INFO - 22/04/05 22:42:14 INFO FileOutputCommitter: FileOutputCommitter skip cleanup _temporary folders under output directory:false, ignore cleanup failures: false
[2022-04-05 22:42:14,671] {spark_submit.py:488} INFO - 22/04/05 22:42:14 INFO SQLHadoopMapReduceCommitProtocol: Using output committer class org.apache.parquet.hadoop.ParquetOutputCommitter
[2022-04-05 22:42:14,672] {spark_submit.py:488} INFO - 22/04/05 22:42:14 INFO FileOutputCommitter: File Output Committer Algorithm version is 1
[2022-04-05 22:42:14,672] {spark_submit.py:488} INFO - 22/04/05 22:42:14 INFO FileOutputCommitter: FileOutputCommitter skip cleanup _temporary folders under output directory:false, ignore cleanup failures: false
[2022-04-05 22:42:14,674] {spark_submit.py:488} INFO - 22/04/05 22:42:14 INFO SQLHadoopMapReduceCommitProtocol: Using user defined output committer class org.apache.parquet.hadoop.ParquetOutputCommitter
[2022-04-05 22:42:14,675] {spark_submit.py:488} INFO - 22/04/05 22:42:14 INFO FileOutputCommitter: File Output Committer Algorithm version is 1
[2022-04-05 22:42:14,675] {spark_submit.py:488} INFO - 22/04/05 22:42:14 INFO FileOutputCommitter: FileOutputCommitter skip cleanup _temporary folders under output directory:false, ignore cleanup failures: false
[2022-04-05 22:42:14,676] {spark_submit.py:488} INFO - 22/04/05 22:42:14 INFO SQLHadoopMapReduceCommitProtocol: Using output committer class org.apache.parquet.hadoop.ParquetOutputCommitter
[2022-04-05 22:42:14,700] {spark_submit.py:488} INFO - 22/04/05 22:42:14 INFO SQLHadoopMapReduceCommitProtocol: Using user defined output committer class org.apache.parquet.hadoop.ParquetOutputCommitter
[2022-04-05 22:42:14,700] {spark_submit.py:488} INFO - 22/04/05 22:42:14 INFO FileOutputCommitter: File Output Committer Algorithm version is 1
[2022-04-05 22:42:14,700] {spark_submit.py:488} INFO - 22/04/05 22:42:14 INFO FileOutputCommitter: FileOutputCommitter skip cleanup _temporary folders under output directory:false, ignore cleanup failures: false
[2022-04-05 22:42:14,701] {spark_submit.py:488} INFO - 22/04/05 22:42:14 INFO SQLHadoopMapReduceCommitProtocol: Using output committer class org.apache.parquet.hadoop.ParquetOutputCommitter
[2022-04-05 22:42:14,701] {spark_submit.py:488} INFO - 22/04/05 22:42:14 INFO SQLHadoopMapReduceCommitProtocol: Using user defined output committer class org.apache.parquet.hadoop.ParquetOutputCommitter
[2022-04-05 22:42:14,702] {spark_submit.py:488} INFO - 22/04/05 22:42:14 INFO FileOutputCommitter: File Output Committer Algorithm version is 1
[2022-04-05 22:42:14,702] {spark_submit.py:488} INFO - 22/04/05 22:42:14 INFO FileOutputCommitter: FileOutputCommitter skip cleanup _temporary folders under output directory:false, ignore cleanup failures: false
[2022-04-05 22:42:14,702] {spark_submit.py:488} INFO - 22/04/05 22:42:14 INFO SQLHadoopMapReduceCommitProtocol: Using output committer class org.apache.parquet.hadoop.ParquetOutputCommitter
[2022-04-05 22:42:14,837] {spark_submit.py:488} INFO - 22/04/05 22:42:14 INFO CodecConfig: Compression: SNAPPY
[2022-04-05 22:42:14,916] {spark_submit.py:488} INFO - 22/04/05 22:42:14 INFO CodecConfig: Compression: SNAPPY
[2022-04-05 22:42:14,919] {spark_submit.py:488} INFO - 22/04/05 22:42:14 INFO CodecConfig: Compression: SNAPPY
[2022-04-05 22:42:14,920] {spark_submit.py:488} INFO - 22/04/05 22:42:14 INFO CodecConfig: Compression: SNAPPY
[2022-04-05 22:42:14,921] {spark_submit.py:488} INFO - 22/04/05 22:42:14 INFO CodecConfig: Compression: SNAPPY
[2022-04-05 22:42:14,921] {spark_submit.py:488} INFO - 22/04/05 22:42:14 INFO CodecConfig: Compression: SNAPPY
[2022-04-05 22:42:14,922] {spark_submit.py:488} INFO - 22/04/05 22:42:14 INFO CodecConfig: Compression: SNAPPY
[2022-04-05 22:42:14,935] {spark_submit.py:488} INFO - 22/04/05 22:42:14 INFO CodecConfig: Compression: SNAPPY
[2022-04-05 22:42:15,300] {spark_submit.py:488} INFO - 22/04/05 22:42:15 INFO ParquetOutputFormat: Parquet block size to 134217728
[2022-04-05 22:42:15,300] {spark_submit.py:488} INFO - 22/04/05 22:42:15 INFO ParquetOutputFormat: Validation is off
[2022-04-05 22:42:15,301] {spark_submit.py:488} INFO - 22/04/05 22:42:15 INFO ParquetOutputFormat: Maximum row group padding size is 8388608 bytes
[2022-04-05 22:42:15,301] {spark_submit.py:488} INFO - 22/04/05 22:42:15 INFO ParquetOutputFormat: Parquet properties are:
[2022-04-05 22:42:15,301] {spark_submit.py:488} INFO - Parquet page size to 1048576
[2022-04-05 22:42:15,301] {spark_submit.py:488} INFO - Parquet dictionary page size to 1048576
[2022-04-05 22:42:15,301] {spark_submit.py:488} INFO - Dictionary is true
[2022-04-05 22:42:15,301] {spark_submit.py:488} INFO - Writer version is: PARQUET_1_0
[2022-04-05 22:42:15,302] {spark_submit.py:488} INFO - Page size checking is: estimated
[2022-04-05 22:42:15,302] {spark_submit.py:488} INFO - Min row count for page size check is: 100
[2022-04-05 22:42:15,302] {spark_submit.py:488} INFO - Max row count for page size check is: 10000
[2022-04-05 22:42:15,302] {spark_submit.py:488} INFO - Truncate length for column indexes is: 64
[2022-04-05 22:42:15,302] {spark_submit.py:488} INFO - Truncate length for statistics min/max  is: 2147483647
[2022-04-05 22:42:15,302] {spark_submit.py:488} INFO - Bloom filter enabled: false
[2022-04-05 22:42:15,302] {spark_submit.py:488} INFO - Max Bloom filter size for a column is 1048576
[2022-04-05 22:42:15,302] {spark_submit.py:488} INFO - Bloom filter expected number of distinct values are: null
[2022-04-05 22:42:15,302] {spark_submit.py:488} INFO - Page row count limit to 20000
[2022-04-05 22:42:15,302] {spark_submit.py:488} INFO - Writing page checksums is: on
[2022-04-05 22:42:15,390] {spark_submit.py:488} INFO - 22/04/05 22:42:15 INFO ParquetOutputFormat: Parquet block size to 134217728
[2022-04-05 22:42:15,390] {spark_submit.py:488} INFO - 22/04/05 22:42:15 INFO ParquetOutputFormat: Validation is off
[2022-04-05 22:42:15,390] {spark_submit.py:488} INFO - 22/04/05 22:42:15 INFO ParquetOutputFormat: Maximum row group padding size is 8388608 bytes
[2022-04-05 22:42:15,390] {spark_submit.py:488} INFO - 22/04/05 22:42:15 INFO ParquetOutputFormat: Parquet properties are:
[2022-04-05 22:42:15,390] {spark_submit.py:488} INFO - Parquet page size to 1048576
[2022-04-05 22:42:15,390] {spark_submit.py:488} INFO - Parquet dictionary page size to 1048576
[2022-04-05 22:42:15,390] {spark_submit.py:488} INFO - Dictionary is true
[2022-04-05 22:42:15,390] {spark_submit.py:488} INFO - Writer version is: PARQUET_1_0
[2022-04-05 22:42:15,390] {spark_submit.py:488} INFO - Page size checking is: estimated
[2022-04-05 22:42:15,390] {spark_submit.py:488} INFO - Min row count for page size check is: 100
[2022-04-05 22:42:15,391] {spark_submit.py:488} INFO - Max row count for page size check is: 10000
[2022-04-05 22:42:15,391] {spark_submit.py:488} INFO - Truncate length for column indexes is: 64
[2022-04-05 22:42:15,391] {spark_submit.py:488} INFO - Truncate length for statistics min/max  is: 2147483647
[2022-04-05 22:42:15,391] {spark_submit.py:488} INFO - Bloom filter enabled: false
[2022-04-05 22:42:15,391] {spark_submit.py:488} INFO - Max Bloom filter size for a column is 1048576
[2022-04-05 22:42:15,391] {spark_submit.py:488} INFO - Bloom filter expected number of distinct values are: null
[2022-04-05 22:42:15,391] {spark_submit.py:488} INFO - Page row count limit to 20000
[2022-04-05 22:42:15,391] {spark_submit.py:488} INFO - Writing page checksums is: on
[2022-04-05 22:42:15,591] {spark_submit.py:488} INFO - 22/04/05 22:42:15 INFO ParquetOutputFormat: Parquet block size to 134217728
[2022-04-05 22:42:15,591] {spark_submit.py:488} INFO - 22/04/05 22:42:15 INFO ParquetOutputFormat: Validation is off
[2022-04-05 22:42:15,591] {spark_submit.py:488} INFO - 22/04/05 22:42:15 INFO ParquetOutputFormat: Maximum row group padding size is 8388608 bytes
[2022-04-05 22:42:15,591] {spark_submit.py:488} INFO - 22/04/05 22:42:15 INFO ParquetOutputFormat: Parquet properties are:
[2022-04-05 22:42:15,591] {spark_submit.py:488} INFO - Parquet page size to 1048576
[2022-04-05 22:42:15,591] {spark_submit.py:488} INFO - Parquet dictionary page size to 1048576
[2022-04-05 22:42:15,592] {spark_submit.py:488} INFO - Dictionary is true
[2022-04-05 22:42:15,592] {spark_submit.py:488} INFO - Writer version is: PARQUET_1_0
[2022-04-05 22:42:15,592] {spark_submit.py:488} INFO - Page size checking is: estimated
[2022-04-05 22:42:15,592] {spark_submit.py:488} INFO - Min row count for page size check is: 100
[2022-04-05 22:42:15,592] {spark_submit.py:488} INFO - Max row count for page size check is: 10000
[2022-04-05 22:42:15,592] {spark_submit.py:488} INFO - Truncate length for column indexes is: 64
[2022-04-05 22:42:15,592] {spark_submit.py:488} INFO - Truncate length for statistics min/max  is: 2147483647
[2022-04-05 22:42:15,592] {spark_submit.py:488} INFO - Bloom filter enabled: false
[2022-04-05 22:42:15,593] {spark_submit.py:488} INFO - Max Bloom filter size for a column is 1048576
[2022-04-05 22:42:15,593] {spark_submit.py:488} INFO - Bloom filter expected number of distinct values are: null
[2022-04-05 22:42:15,593] {spark_submit.py:488} INFO - Page row count limit to 20000
[2022-04-05 22:42:15,593] {spark_submit.py:488} INFO - Writing page checksums is: on
[2022-04-05 22:42:15,598] {spark_submit.py:488} INFO - 22/04/05 22:42:15 INFO ParquetOutputFormat: Parquet block size to 134217728
[2022-04-05 22:42:15,599] {spark_submit.py:488} INFO - 22/04/05 22:42:15 INFO ParquetOutputFormat: Validation is off
[2022-04-05 22:42:15,599] {spark_submit.py:488} INFO - 22/04/05 22:42:15 INFO ParquetOutputFormat: Maximum row group padding size is 8388608 bytes
[2022-04-05 22:42:15,599] {spark_submit.py:488} INFO - 22/04/05 22:42:15 INFO ParquetOutputFormat: Parquet properties are:
[2022-04-05 22:42:15,599] {spark_submit.py:488} INFO - Parquet page size to 1048576
[2022-04-05 22:42:15,599] {spark_submit.py:488} INFO - Parquet dictionary page size to 1048576
[2022-04-05 22:42:15,599] {spark_submit.py:488} INFO - Dictionary is true
[2022-04-05 22:42:15,599] {spark_submit.py:488} INFO - Writer version is: PARQUET_1_0
[2022-04-05 22:42:15,599] {spark_submit.py:488} INFO - Page size checking is: estimated
[2022-04-05 22:42:15,599] {spark_submit.py:488} INFO - Min row count for page size check is: 100
[2022-04-05 22:42:15,600] {spark_submit.py:488} INFO - Max row count for page size check is: 10000
[2022-04-05 22:42:15,600] {spark_submit.py:488} INFO - Truncate length for column indexes is: 64
[2022-04-05 22:42:15,600] {spark_submit.py:488} INFO - Truncate length for statistics min/max  is: 2147483647
[2022-04-05 22:42:15,600] {spark_submit.py:488} INFO - Bloom filter enabled: false
[2022-04-05 22:42:15,600] {spark_submit.py:488} INFO - Max Bloom filter size for a column is 1048576
[2022-04-05 22:42:15,600] {spark_submit.py:488} INFO - Bloom filter expected number of distinct values are: null
[2022-04-05 22:42:15,600] {spark_submit.py:488} INFO - Page row count limit to 20000
[2022-04-05 22:42:15,600] {spark_submit.py:488} INFO - Writing page checksums is: on
[2022-04-05 22:42:15,663] {spark_submit.py:488} INFO - 22/04/05 22:42:15 INFO ParquetWriteSupport: Initialized Parquet WriteSupport with Catalyst schema:
[2022-04-05 22:42:15,663] {spark_submit.py:488} INFO - {
[2022-04-05 22:42:15,664] {spark_submit.py:488} INFO - "type" : "struct",
[2022-04-05 22:42:15,664] {spark_submit.py:488} INFO - "fields" : [ {
[2022-04-05 22:42:15,664] {spark_submit.py:488} INFO - "name" : "id",
[2022-04-05 22:42:15,664] {spark_submit.py:488} INFO - "type" : "integer",
[2022-04-05 22:42:15,664] {spark_submit.py:488} INFO - "nullable" : true,
[2022-04-05 22:42:15,664] {spark_submit.py:488} INFO - "metadata" : { }
[2022-04-05 22:42:15,664] {spark_submit.py:488} INFO - }, {
[2022-04-05 22:42:15,664] {spark_submit.py:488} INFO - "name" : "name",
[2022-04-05 22:42:15,664] {spark_submit.py:488} INFO - "type" : "string",
[2022-04-05 22:42:15,664] {spark_submit.py:488} INFO - "nullable" : true,
[2022-04-05 22:42:15,664] {spark_submit.py:488} INFO - "metadata" : { }
[2022-04-05 22:42:15,664] {spark_submit.py:488} INFO - }, {
[2022-04-05 22:42:15,665] {spark_submit.py:488} INFO - "name" : "date",
[2022-04-05 22:42:15,665] {spark_submit.py:488} INFO - "type" : "timestamp",
[2022-04-05 22:42:15,665] {spark_submit.py:488} INFO - "nullable" : true,
[2022-04-05 22:42:15,665] {spark_submit.py:488} INFO - "metadata" : { }
[2022-04-05 22:42:15,665] {spark_submit.py:488} INFO - }, {
[2022-04-05 22:42:15,665] {spark_submit.py:488} INFO - "name" : "user_id",
[2022-04-05 22:42:15,665] {spark_submit.py:488} INFO - "type" : "integer",
[2022-04-05 22:42:15,665] {spark_submit.py:488} INFO - "nullable" : true,
[2022-04-05 22:42:15,665] {spark_submit.py:488} INFO - "metadata" : { }
[2022-04-05 22:42:15,665] {spark_submit.py:488} INFO - }, {
[2022-04-05 22:42:15,665] {spark_submit.py:488} INFO - "name" : "class",
[2022-04-05 22:42:15,665] {spark_submit.py:488} INFO - "type" : "integer",
[2022-04-05 22:42:15,665] {spark_submit.py:488} INFO - "nullable" : true,
[2022-04-05 22:42:15,665] {spark_submit.py:488} INFO - "metadata" : { }
[2022-04-05 22:42:15,666] {spark_submit.py:488} INFO - }, {
[2022-04-05 22:42:15,666] {spark_submit.py:488} INFO - "name" : "tag_based",
[2022-04-05 22:42:15,666] {spark_submit.py:488} INFO - "type" : "boolean",
[2022-04-05 22:42:15,666] {spark_submit.py:488} INFO - "nullable" : true,
[2022-04-05 22:42:15,666] {spark_submit.py:488} INFO - "metadata" : { }
[2022-04-05 22:42:15,666] {spark_submit.py:488} INFO - }, {
[2022-04-05 22:42:15,666] {spark_submit.py:488} INFO - "name" : "group_by_date",
[2022-04-05 22:42:15,666] {spark_submit.py:488} INFO - "type" : "timestamp",
[2022-04-05 22:42:15,666] {spark_submit.py:488} INFO - "nullable" : true,
[2022-04-05 22:42:15,666] {spark_submit.py:488} INFO - "metadata" : { }
[2022-04-05 22:42:15,666] {spark_submit.py:488} INFO - } ]
[2022-04-05 22:42:15,666] {spark_submit.py:488} INFO - }
[2022-04-05 22:42:15,666] {spark_submit.py:488} INFO - and corresponding Parquet message type:
[2022-04-05 22:42:15,666] {spark_submit.py:488} INFO - message spark_schema {
[2022-04-05 22:42:15,667] {spark_submit.py:488} INFO - optional int32 id;
[2022-04-05 22:42:15,667] {spark_submit.py:488} INFO - optional binary name (STRING);
[2022-04-05 22:42:15,667] {spark_submit.py:488} INFO - optional int96 date;
[2022-04-05 22:42:15,667] {spark_submit.py:488} INFO - optional int32 user_id;
[2022-04-05 22:42:15,667] {spark_submit.py:488} INFO - optional int32 class;
[2022-04-05 22:42:15,667] {spark_submit.py:488} INFO - optional boolean tag_based;
[2022-04-05 22:42:15,667] {spark_submit.py:488} INFO - optional int96 group_by_date;
[2022-04-05 22:42:15,667] {spark_submit.py:488} INFO - }
[2022-04-05 22:42:15,667] {spark_submit.py:488} INFO - 
[2022-04-05 22:42:15,667] {spark_submit.py:488} INFO - 
[2022-04-05 22:42:15,701] {spark_submit.py:488} INFO - 22/04/05 22:42:15 INFO ParquetWriteSupport: Initialized Parquet WriteSupport with Catalyst schema:
[2022-04-05 22:42:15,702] {spark_submit.py:488} INFO - {
[2022-04-05 22:42:15,702] {spark_submit.py:488} INFO - "type" : "struct",
[2022-04-05 22:42:15,702] {spark_submit.py:488} INFO - "fields" : [ {
[2022-04-05 22:42:15,702] {spark_submit.py:488} INFO - "name" : "id",
[2022-04-05 22:42:15,702] {spark_submit.py:488} INFO - "type" : "integer",
[2022-04-05 22:42:15,702] {spark_submit.py:488} INFO - "nullable" : true,
[2022-04-05 22:42:15,702] {spark_submit.py:488} INFO - "metadata" : { }
[2022-04-05 22:42:15,702] {spark_submit.py:488} INFO - }, {
[2022-04-05 22:42:15,702] {spark_submit.py:488} INFO - "name" : "name",
[2022-04-05 22:42:15,702] {spark_submit.py:488} INFO - "type" : "string",
[2022-04-05 22:42:15,702] {spark_submit.py:488} INFO - "nullable" : true,
[2022-04-05 22:42:15,703] {spark_submit.py:488} INFO - "metadata" : { }
[2022-04-05 22:42:15,703] {spark_submit.py:488} INFO - }, {
[2022-04-05 22:42:15,703] {spark_submit.py:488} INFO - "name" : "date",
[2022-04-05 22:42:15,703] {spark_submit.py:488} INFO - "type" : "timestamp",
[2022-04-05 22:42:15,703] {spark_submit.py:488} INFO - "nullable" : true,
[2022-04-05 22:42:15,703] {spark_submit.py:488} INFO - "metadata" : { }
[2022-04-05 22:42:15,703] {spark_submit.py:488} INFO - }, {
[2022-04-05 22:42:15,703] {spark_submit.py:488} INFO - "name" : "user_id",
[2022-04-05 22:42:15,703] {spark_submit.py:488} INFO - "type" : "integer",
[2022-04-05 22:42:15,703] {spark_submit.py:488} INFO - "nullable" : true,
[2022-04-05 22:42:15,703] {spark_submit.py:488} INFO - "metadata" : { }
[2022-04-05 22:42:15,703] {spark_submit.py:488} INFO - }, {
[2022-04-05 22:42:15,703] {spark_submit.py:488} INFO - "name" : "class",
[2022-04-05 22:42:15,704] {spark_submit.py:488} INFO - "type" : "integer",
[2022-04-05 22:42:15,704] {spark_submit.py:488} INFO - "nullable" : true,
[2022-04-05 22:42:15,704] {spark_submit.py:488} INFO - "metadata" : { }
[2022-04-05 22:42:15,704] {spark_submit.py:488} INFO - }, {
[2022-04-05 22:42:15,704] {spark_submit.py:488} INFO - "name" : "tag_based",
[2022-04-05 22:42:15,704] {spark_submit.py:488} INFO - "type" : "boolean",
[2022-04-05 22:42:15,704] {spark_submit.py:488} INFO - "nullable" : true,
[2022-04-05 22:42:15,704] {spark_submit.py:488} INFO - "metadata" : { }
[2022-04-05 22:42:15,704] {spark_submit.py:488} INFO - }, {
[2022-04-05 22:42:15,704] {spark_submit.py:488} INFO - "name" : "group_by_date",
[2022-04-05 22:42:15,704] {spark_submit.py:488} INFO - "type" : "timestamp",
[2022-04-05 22:42:15,704] {spark_submit.py:488} INFO - "nullable" : true,
[2022-04-05 22:42:15,704] {spark_submit.py:488} INFO - "metadata" : { }
[2022-04-05 22:42:15,705] {spark_submit.py:488} INFO - } ]
[2022-04-05 22:42:15,705] {spark_submit.py:488} INFO - }
[2022-04-05 22:42:15,705] {spark_submit.py:488} INFO - and corresponding Parquet message type:
[2022-04-05 22:42:15,705] {spark_submit.py:488} INFO - message spark_schema {
[2022-04-05 22:42:15,705] {spark_submit.py:488} INFO - optional int32 id;
[2022-04-05 22:42:15,705] {spark_submit.py:488} INFO - optional binary name (STRING);
[2022-04-05 22:42:15,705] {spark_submit.py:488} INFO - optional int96 date;
[2022-04-05 22:42:15,705] {spark_submit.py:488} INFO - optional int32 user_id;
[2022-04-05 22:42:15,705] {spark_submit.py:488} INFO - optional int32 class;
[2022-04-05 22:42:15,705] {spark_submit.py:488} INFO - optional boolean tag_based;
[2022-04-05 22:42:15,705] {spark_submit.py:488} INFO - optional int96 group_by_date;
[2022-04-05 22:42:15,705] {spark_submit.py:488} INFO - }
[2022-04-05 22:42:15,705] {spark_submit.py:488} INFO - 
[2022-04-05 22:42:15,706] {spark_submit.py:488} INFO - 
[2022-04-05 22:42:15,952] {spark_submit.py:488} INFO - 22/04/05 22:42:15 INFO ParquetWriteSupport: Initialized Parquet WriteSupport with Catalyst schema:
[2022-04-05 22:42:15,953] {spark_submit.py:488} INFO - {
[2022-04-05 22:42:15,953] {spark_submit.py:488} INFO - "type" : "struct",
[2022-04-05 22:42:15,953] {spark_submit.py:488} INFO - "fields" : [ {
[2022-04-05 22:42:15,953] {spark_submit.py:488} INFO - "name" : "id",
[2022-04-05 22:42:15,953] {spark_submit.py:488} INFO - "type" : "integer",
[2022-04-05 22:42:15,953] {spark_submit.py:488} INFO - "nullable" : true,
[2022-04-05 22:42:15,953] {spark_submit.py:488} INFO - "metadata" : { }
[2022-04-05 22:42:15,953] {spark_submit.py:488} INFO - }, {
[2022-04-05 22:42:15,953] {spark_submit.py:488} INFO - "name" : "name",
[2022-04-05 22:42:15,953] {spark_submit.py:488} INFO - "type" : "string",
[2022-04-05 22:42:15,953] {spark_submit.py:488} INFO - "nullable" : true,
[2022-04-05 22:42:15,953] {spark_submit.py:488} INFO - "metadata" : { }
[2022-04-05 22:42:15,954] {spark_submit.py:488} INFO - }, {
[2022-04-05 22:42:15,954] {spark_submit.py:488} INFO - "name" : "date",
[2022-04-05 22:42:15,954] {spark_submit.py:488} INFO - "type" : "timestamp",
[2022-04-05 22:42:15,954] {spark_submit.py:488} INFO - "nullable" : true,
[2022-04-05 22:42:15,954] {spark_submit.py:488} INFO - "metadata" : { }
[2022-04-05 22:42:15,954] {spark_submit.py:488} INFO - }, {
[2022-04-05 22:42:15,954] {spark_submit.py:488} INFO - "name" : "user_id",
[2022-04-05 22:42:15,954] {spark_submit.py:488} INFO - "type" : "integer",
[2022-04-05 22:42:15,954] {spark_submit.py:488} INFO - "nullable" : true,
[2022-04-05 22:42:15,954] {spark_submit.py:488} INFO - "metadata" : { }
[2022-04-05 22:42:15,954] {spark_submit.py:488} INFO - }, {
[2022-04-05 22:42:15,954] {spark_submit.py:488} INFO - "name" : "class",
[2022-04-05 22:42:15,954] {spark_submit.py:488} INFO - "type" : "integer",
[2022-04-05 22:42:15,954] {spark_submit.py:488} INFO - "nullable" : true,
[2022-04-05 22:42:15,955] {spark_submit.py:488} INFO - "metadata" : { }
[2022-04-05 22:42:15,955] {spark_submit.py:488} INFO - }, {
[2022-04-05 22:42:15,955] {spark_submit.py:488} INFO - "name" : "tag_based",
[2022-04-05 22:42:15,955] {spark_submit.py:488} INFO - "type" : "boolean",
[2022-04-05 22:42:15,955] {spark_submit.py:488} INFO - "nullable" : true,
[2022-04-05 22:42:15,955] {spark_submit.py:488} INFO - "metadata" : { }
[2022-04-05 22:42:15,955] {spark_submit.py:488} INFO - }, {
[2022-04-05 22:42:15,955] {spark_submit.py:488} INFO - "name" : "group_by_date",
[2022-04-05 22:42:15,955] {spark_submit.py:488} INFO - "type" : "timestamp",
[2022-04-05 22:42:15,955] {spark_submit.py:488} INFO - "nullable" : true,
[2022-04-05 22:42:15,955] {spark_submit.py:488} INFO - "metadata" : { }
[2022-04-05 22:42:15,955] {spark_submit.py:488} INFO - } ]
[2022-04-05 22:42:15,955] {spark_submit.py:488} INFO - }
[2022-04-05 22:42:15,958] {spark_submit.py:488} INFO - and corresponding Parquet message type:
[2022-04-05 22:42:15,958] {spark_submit.py:488} INFO - message spark_schema {
[2022-04-05 22:42:15,958] {spark_submit.py:488} INFO - optional int32 id;
[2022-04-05 22:42:15,958] {spark_submit.py:488} INFO - optional binary name (STRING);
[2022-04-05 22:42:15,958] {spark_submit.py:488} INFO - optional int96 date;
[2022-04-05 22:42:15,958] {spark_submit.py:488} INFO - optional int32 user_id;
[2022-04-05 22:42:15,958] {spark_submit.py:488} INFO - optional int32 class;
[2022-04-05 22:42:15,958] {spark_submit.py:488} INFO - optional boolean tag_based;
[2022-04-05 22:42:15,958] {spark_submit.py:488} INFO - optional int96 group_by_date;
[2022-04-05 22:42:15,959] {spark_submit.py:488} INFO - }
[2022-04-05 22:42:15,959] {spark_submit.py:488} INFO - 
[2022-04-05 22:42:15,959] {spark_submit.py:488} INFO - 
[2022-04-05 22:42:16,754] {spark_submit.py:488} INFO - 22/04/05 22:42:15 INFO ParquetWriteSupport: Initialized Parquet WriteSupport with Catalyst schema:
[2022-04-05 22:42:16,754] {spark_submit.py:488} INFO - {
[2022-04-05 22:42:16,754] {spark_submit.py:488} INFO - "type" : "struct",
[2022-04-05 22:42:16,754] {spark_submit.py:488} INFO - "fields" : [ {
[2022-04-05 22:42:16,755] {spark_submit.py:488} INFO - "name" : "id",
[2022-04-05 22:42:16,755] {spark_submit.py:488} INFO - "type" : "integer",
[2022-04-05 22:42:16,755] {spark_submit.py:488} INFO - "nullable" : true,
[2022-04-05 22:42:16,755] {spark_submit.py:488} INFO - "metadata" : { }
[2022-04-05 22:42:16,755] {spark_submit.py:488} INFO - }, {
[2022-04-05 22:42:16,755] {spark_submit.py:488} INFO - "name" : "name",
[2022-04-05 22:42:16,755] {spark_submit.py:488} INFO - "type" : "string",
[2022-04-05 22:42:16,755] {spark_submit.py:488} INFO - "nullable" : true,
[2022-04-05 22:42:16,755] {spark_submit.py:488} INFO - "metadata" : { }
[2022-04-05 22:42:16,755] {spark_submit.py:488} INFO - }, {
[2022-04-05 22:42:16,755] {spark_submit.py:488} INFO - "name" : "date",
[2022-04-05 22:42:16,755] {spark_submit.py:488} INFO - "type" : "timestamp",
[2022-04-05 22:42:16,755] {spark_submit.py:488} INFO - "nullable" : true,
[2022-04-05 22:42:16,756] {spark_submit.py:488} INFO - "metadata" : { }
[2022-04-05 22:42:16,756] {spark_submit.py:488} INFO - }, {
[2022-04-05 22:42:16,756] {spark_submit.py:488} INFO - "name" : "user_id",
[2022-04-05 22:42:16,756] {spark_submit.py:488} INFO - "type" : "integer",
[2022-04-05 22:42:16,756] {spark_submit.py:488} INFO - "nullable" : true,
[2022-04-05 22:42:16,756] {spark_submit.py:488} INFO - "metadata" : { }
[2022-04-05 22:42:16,756] {spark_submit.py:488} INFO - }, {
[2022-04-05 22:42:16,756] {spark_submit.py:488} INFO - "name" : "class",
[2022-04-05 22:42:16,756] {spark_submit.py:488} INFO - "type" : "integer",
[2022-04-05 22:42:16,756] {spark_submit.py:488} INFO - "nullable" : true,
[2022-04-05 22:42:16,756] {spark_submit.py:488} INFO - "metadata" : { }
[2022-04-05 22:42:16,756] {spark_submit.py:488} INFO - }, {
[2022-04-05 22:42:16,756] {spark_submit.py:488} INFO - "name" : "tag_based",
[2022-04-05 22:42:16,756] {spark_submit.py:488} INFO - "type" : "boolean",
[2022-04-05 22:42:16,757] {spark_submit.py:488} INFO - "nullable" : true,
[2022-04-05 22:42:16,757] {spark_submit.py:488} INFO - "metadata" : { }
[2022-04-05 22:42:16,757] {spark_submit.py:488} INFO - }, {
[2022-04-05 22:42:16,757] {spark_submit.py:488} INFO - "name" : "group_by_date",
[2022-04-05 22:42:16,757] {spark_submit.py:488} INFO - "type" : "timestamp",
[2022-04-05 22:42:16,757] {spark_submit.py:488} INFO - "nullable" : true,
[2022-04-05 22:42:16,757] {spark_submit.py:488} INFO - "metadata" : { }
[2022-04-05 22:42:16,757] {spark_submit.py:488} INFO - } ]
[2022-04-05 22:42:16,757] {spark_submit.py:488} INFO - }
[2022-04-05 22:42:16,757] {spark_submit.py:488} INFO - and corresponding Parquet message type:
[2022-04-05 22:42:16,757] {spark_submit.py:488} INFO - message spark_schema {
[2022-04-05 22:42:16,757] {spark_submit.py:488} INFO - optional int32 id;
[2022-04-05 22:42:16,757] {spark_submit.py:488} INFO - optional binary name (STRING);
[2022-04-05 22:42:16,758] {spark_submit.py:488} INFO - optional int96 date;
[2022-04-05 22:42:16,758] {spark_submit.py:488} INFO - optional int32 user_id;
[2022-04-05 22:42:16,758] {spark_submit.py:488} INFO - optional int32 class;
[2022-04-05 22:42:16,758] {spark_submit.py:488} INFO - optional boolean tag_based;
[2022-04-05 22:42:16,758] {spark_submit.py:488} INFO - optional int96 group_by_date;
[2022-04-05 22:42:16,758] {spark_submit.py:488} INFO - }
[2022-04-05 22:42:16,758] {spark_submit.py:488} INFO - 
[2022-04-05 22:42:16,758] {spark_submit.py:488} INFO - 
[2022-04-05 22:42:19,300] {spark_submit.py:488} INFO - 22/04/05 22:42:18 INFO CodecPool: Got brand-new compressor [.snappy]
[2022-04-05 22:42:20,049] {spark_submit.py:488} INFO - 22/04/05 22:42:19 INFO CodecPool: Got brand-new compressor [.snappy]
[2022-04-05 22:42:20,051] {spark_submit.py:488} INFO - 22/04/05 22:42:19 INFO CodecPool: Got brand-new compressor [.snappy]
[2022-04-05 22:42:20,051] {spark_submit.py:488} INFO - 22/04/05 22:42:19 INFO CodecPool: Got brand-new compressor [.snappy]
[2022-04-05 22:42:22,545] {spark_submit.py:488} INFO - 22/04/05 22:42:22 INFO BlockManagerInfo: Removed broadcast_2_piece0 on 9fe4286b2855:38779 in memory (size: 8.5 KiB, free: 434.3 MiB)
[2022-04-05 22:42:29,110] {spark_submit.py:488} INFO - 22/04/05 22:42:29 INFO GoogleCloudStorageFileSystem: Successfully repaired 'gs://dtc_data_lake_de-stack-overflow/BigQuery/badges-2009-01/_temporary/0/_temporary/' directory.
[2022-04-05 22:42:29,111] {spark_submit.py:488} INFO - 22/04/05 22:42:29 INFO FileOutputCommitter: Saved output of task 'attempt_202204052242116415771006540794095_0003_m_000002_4' to gs://dtc_data_lake_de-stack-overflow/BigQuery/badges-2009-01/_temporary/0/task_202204052242116415771006540794095_0003_m_000002
[2022-04-05 22:42:29,362] {spark_submit.py:488} INFO - 22/04/05 22:42:29 INFO GoogleCloudStorageImpl: Ignoring exception of type GoogleJsonResponseException; verified object already exists with desired state.
[2022-04-05 22:42:29,365] {spark_submit.py:488} INFO - 22/04/05 22:42:29 INFO GoogleCloudStorageImpl: Ignoring exception of type GoogleJsonResponseException; verified object already exists with desired state.
[2022-04-05 22:42:29,366] {spark_submit.py:488} INFO - 22/04/05 22:42:29 INFO GoogleCloudStorageFileSystem: Successfully repaired 'gs://dtc_data_lake_de-stack-overflow/BigQuery/badges-2009-01/_temporary/0/_temporary/' directory.
[2022-04-05 22:42:29,367] {spark_submit.py:488} INFO - 22/04/05 22:42:29 INFO FileOutputCommitter: Saved output of task 'attempt_202204052242118912187603735973188_0003_m_000001_3' to gs://dtc_data_lake_de-stack-overflow/BigQuery/badges-2009-01/_temporary/0/task_202204052242118912187603735973188_0003_m_000001
[2022-04-05 22:42:29,368] {spark_submit.py:488} INFO - 22/04/05 22:42:29 INFO SparkHadoopMapRedUtil: attempt_202204052242118912187603735973188_0003_m_000001_3: Committed
[2022-04-05 22:42:29,376] {spark_submit.py:488} INFO - 22/04/05 22:42:29 INFO SparkHadoopMapRedUtil: attempt_202204052242116415771006540794095_0003_m_000002_4: Committed
[2022-04-05 22:42:29,376] {spark_submit.py:488} INFO - 22/04/05 22:42:29 INFO GoogleCloudStorageImpl: Ignoring exception of type GoogleJsonResponseException; verified object already exists with desired state.
[2022-04-05 22:42:29,376] {spark_submit.py:488} INFO - 22/04/05 22:42:29 INFO GoogleCloudStorageFileSystem: Successfully repaired 'gs://dtc_data_lake_de-stack-overflow/BigQuery/badges-2009-01/_temporary/0/_temporary/' directory.
[2022-04-05 22:42:29,376] {spark_submit.py:488} INFO - 22/04/05 22:42:29 INFO FileOutputCommitter: Saved output of task 'attempt_202204052242118240180569382187827_0003_m_000000_2' to gs://dtc_data_lake_de-stack-overflow/BigQuery/badges-2009-01/_temporary/0/task_202204052242118240180569382187827_0003_m_000000
[2022-04-05 22:42:29,376] {spark_submit.py:488} INFO - 22/04/05 22:42:29 INFO SparkHadoopMapRedUtil: attempt_202204052242118240180569382187827_0003_m_000000_2: Committed
[2022-04-05 22:42:29,391] {spark_submit.py:488} INFO - 22/04/05 22:42:29 INFO GoogleCloudStorageFileSystem: Successfully repaired 'gs://dtc_data_lake_de-stack-overflow/BigQuery/badges-2009-01/_temporary/0/_temporary/' directory.
[2022-04-05 22:42:29,392] {spark_submit.py:488} INFO - 22/04/05 22:42:29 INFO FileOutputCommitter: Saved output of task 'attempt_202204052242115791249581846697539_0003_m_000003_5' to gs://dtc_data_lake_de-stack-overflow/BigQuery/badges-2009-01/_temporary/0/task_202204052242115791249581846697539_0003_m_000003
[2022-04-05 22:42:29,392] {spark_submit.py:488} INFO - 22/04/05 22:42:29 INFO SparkHadoopMapRedUtil: attempt_202204052242115791249581846697539_0003_m_000003_5: Committed
[2022-04-05 22:42:29,535] {spark_submit.py:488} INFO - 22/04/05 22:42:29 INFO Executor: Finished task 3.0 in stage 3.0 (TID 5). 3526 bytes result sent to driver
[2022-04-05 22:42:29,545] {spark_submit.py:488} INFO - 22/04/05 22:42:29 INFO Executor: Finished task 1.0 in stage 3.0 (TID 3). 3526 bytes result sent to driver
[2022-04-05 22:42:29,545] {spark_submit.py:488} INFO - 22/04/05 22:42:29 INFO Executor: Finished task 0.0 in stage 3.0 (TID 2). 3526 bytes result sent to driver
[2022-04-05 22:42:29,548] {spark_submit.py:488} INFO - 22/04/05 22:42:29 INFO Executor: Finished task 2.0 in stage 3.0 (TID 4). 3526 bytes result sent to driver
[2022-04-05 22:42:29,573] {spark_submit.py:488} INFO - 22/04/05 22:42:29 INFO TaskSetManager: Finished task 2.0 in stage 3.0 (TID 4) in 16290 ms on 9fe4286b2855 (executor driver) (1/4)
[2022-04-05 22:42:29,577] {spark_submit.py:488} INFO - 22/04/05 22:42:29 INFO TaskSetManager: Finished task 0.0 in stage 3.0 (TID 2) in 16302 ms on 9fe4286b2855 (executor driver) (2/4)
[2022-04-05 22:42:29,581] {spark_submit.py:488} INFO - 22/04/05 22:42:29 INFO TaskSetManager: Finished task 3.0 in stage 3.0 (TID 5) in 16298 ms on 9fe4286b2855 (executor driver) (3/4)
[2022-04-05 22:42:29,588] {spark_submit.py:488} INFO - 22/04/05 22:42:29 INFO TaskSetManager: Finished task 1.0 in stage 3.0 (TID 3) in 16307 ms on 9fe4286b2855 (executor driver) (4/4)
[2022-04-05 22:42:29,591] {spark_submit.py:488} INFO - 22/04/05 22:42:29 INFO DAGScheduler: ResultStage 3 (save at NativeMethodAccessorImpl.java:0) finished in 17.267 s
[2022-04-05 22:42:29,593] {spark_submit.py:488} INFO - 22/04/05 22:42:29 INFO DAGScheduler: Job 2 is finished. Cancelling potential speculative or zombie tasks for this job
[2022-04-05 22:42:29,594] {spark_submit.py:488} INFO - 22/04/05 22:42:29 INFO TaskSchedulerImpl: Removed TaskSet 3.0, whose tasks have all completed, from pool
[2022-04-05 22:42:29,595] {spark_submit.py:488} INFO - 22/04/05 22:42:29 INFO TaskSchedulerImpl: Killing all running tasks in stage 3: Stage finished
[2022-04-05 22:42:29,600] {spark_submit.py:488} INFO - 22/04/05 22:42:29 INFO DAGScheduler: Job 2 finished: save at NativeMethodAccessorImpl.java:0, took 17.306083 s
[2022-04-05 22:42:29,608] {spark_submit.py:488} INFO - 22/04/05 22:42:29 INFO FileFormatWriter: Start to commit write Job b2b520e9-9846-49f6-9815-c580d4920f92.
[2022-04-05 22:42:30,355] {spark_submit.py:488} INFO - 22/04/05 22:42:30 INFO GoogleCloudStorageFileSystem: Successfully repaired 'gs://dtc_data_lake_de-stack-overflow/BigQuery/badges-2009-01/_temporary/0/task_202204052242115791249581846697539_0003_m_000003/' directory.
[2022-04-05 22:42:31,018] {spark_submit.py:488} INFO - 22/04/05 22:42:31 INFO GoogleCloudStorageFileSystem: Successfully repaired 'gs://dtc_data_lake_de-stack-overflow/BigQuery/badges-2009-01/_temporary/0/task_202204052242116415771006540794095_0003_m_000002/' directory.
[2022-04-05 22:42:31,654] {spark_submit.py:488} INFO - 22/04/05 22:42:31 INFO GoogleCloudStorageFileSystem: Successfully repaired 'gs://dtc_data_lake_de-stack-overflow/BigQuery/badges-2009-01/_temporary/0/task_202204052242118240180569382187827_0003_m_000000/' directory.
[2022-04-05 22:42:32,488] {spark_submit.py:488} INFO - 22/04/05 22:42:32 INFO GoogleCloudStorageFileSystem: Successfully repaired 'gs://dtc_data_lake_de-stack-overflow/BigQuery/badges-2009-01/_temporary/0/task_202204052242118912187603735973188_0003_m_000001/' directory.
[2022-04-05 22:42:33,332] {spark_submit.py:488} INFO - 22/04/05 22:42:33 INFO GoogleCloudStorageFileSystem: Successfully repaired 'gs://dtc_data_lake_de-stack-overflow/BigQuery/badges-2009-01/' directory.
[2022-04-05 22:42:33,690] {spark_submit.py:488} INFO - 22/04/05 22:42:33 INFO FileFormatWriter: Write Job b2b520e9-9846-49f6-9815-c580d4920f92 committed. Elapsed time: 4086 ms.
[2022-04-05 22:42:33,731] {spark_submit.py:488} INFO - 22/04/05 22:42:33 INFO FileFormatWriter: Finished processing stats for write job b2b520e9-9846-49f6-9815-c580d4920f92.
[2022-04-05 22:42:35,089] {spark_submit.py:488} INFO - 22/04/05 22:42:35 INFO SparkContext: Invoking stop() from shutdown hook
[2022-04-05 22:42:35,330] {spark_submit.py:488} INFO - 22/04/05 22:42:35 INFO SparkUI: Stopped Spark web UI at http://9fe4286b2855:4040
[2022-04-05 22:42:35,643] {spark_submit.py:488} INFO - 22/04/05 22:42:35 INFO MapOutputTrackerMasterEndpoint: MapOutputTrackerMasterEndpoint stopped!
[2022-04-05 22:42:36,043] {spark_submit.py:488} INFO - 22/04/05 22:42:36 INFO MemoryStore: MemoryStore cleared
[2022-04-05 22:42:36,048] {spark_submit.py:488} INFO - 22/04/05 22:42:36 INFO BlockManager: BlockManager stopped
[2022-04-05 22:42:36,058] {spark_submit.py:488} INFO - 22/04/05 22:42:36 INFO BlockManagerMaster: BlockManagerMaster stopped
[2022-04-05 22:42:36,068] {spark_submit.py:488} INFO - 22/04/05 22:42:36 INFO OutputCommitCoordinator$OutputCommitCoordinatorEndpoint: OutputCommitCoordinator stopped!
[2022-04-05 22:42:36,312] {spark_submit.py:488} INFO - 22/04/05 22:42:36 INFO SparkContext: Successfully stopped SparkContext
[2022-04-05 22:42:36,313] {spark_submit.py:488} INFO - 22/04/05 22:42:36 INFO ShutdownHookManager: Shutdown hook called
[2022-04-05 22:42:36,314] {spark_submit.py:488} INFO - 22/04/05 22:42:36 INFO ShutdownHookManager: Deleting directory /tmp/spark-2acef268-d20a-4647-8e57-409b79a49ba2
[2022-04-05 22:42:36,360] {spark_submit.py:488} INFO - 22/04/05 22:42:36 INFO ShutdownHookManager: Deleting directory /tmp/spark-a5e5ef8e-12ed-44da-8448-3628226165e7
[2022-04-05 22:42:36,458] {spark_submit.py:488} INFO - 22/04/05 22:42:36 INFO ShutdownHookManager: Deleting directory /tmp/spark-a5e5ef8e-12ed-44da-8448-3628226165e7/pyspark-2663c195-3f35-4a95-929e-c4e18d41a2ab
[2022-04-05 22:42:38,621] {taskinstance.py:1288} INFO - Marking task as SUCCESS. dag_id=IngestToGCP, task_id=processing_tasks_badges.spark_job, execution_date=20090101T000000, start_date=20220405T223922, end_date=20220405T224238
[2022-04-05 22:42:39,024] {local_task_job.py:154} INFO - Task exited with return code 0
[2022-04-05 22:42:39,259] {local_task_job.py:264} INFO - 1 downstream tasks scheduled from follow-on schedule check
