[2022-04-06 01:08:58,079] {taskinstance.py:1043} INFO - Dependencies all met for <TaskInstance: IngestToGCP.processing_tasks_posts_answers.ingest_posts_answers_to_bucket scheduled__2015-03-01T00:00:00+00:00 [queued]>
[2022-04-06 01:08:58,238] {taskinstance.py:1043} INFO - Dependencies all met for <TaskInstance: IngestToGCP.processing_tasks_posts_answers.ingest_posts_answers_to_bucket scheduled__2015-03-01T00:00:00+00:00 [queued]>
[2022-04-06 01:08:58,238] {taskinstance.py:1249} INFO - 
--------------------------------------------------------------------------------
[2022-04-06 01:08:58,245] {taskinstance.py:1250} INFO - Starting attempt 1 of 1
[2022-04-06 01:08:58,246] {taskinstance.py:1251} INFO - 
--------------------------------------------------------------------------------
[2022-04-06 01:08:58,387] {taskinstance.py:1270} INFO - Executing <Task(PythonOperator): processing_tasks_posts_answers.ingest_posts_answers_to_bucket> on 2015-03-01 00:00:00+00:00
[2022-04-06 01:08:58,496] {standard_task_runner.py:52} INFO - Started process 121217 to run task
[2022-04-06 01:08:58,562] {standard_task_runner.py:79} INFO - Running: ['***', 'tasks', 'run', 'IngestToGCP', 'processing_tasks_posts_answers.ingest_posts_answers_to_bucket', 'scheduled__2015-03-01T00:00:00+00:00', '--job-id', '10289', '--raw', '--subdir', 'DAGS_FOLDER/ingest_dag.py', '--cfg-path', '/tmp/tmp9rukslor', '--error-file', '/tmp/tmpys1a3ff1']
[2022-04-06 01:08:58,563] {standard_task_runner.py:80} INFO - Job 10289: Subtask processing_tasks_posts_answers.ingest_posts_answers_to_bucket
[2022-04-06 01:08:59,313] {logging_mixin.py:109} INFO - Running <TaskInstance: IngestToGCP.processing_tasks_posts_answers.ingest_posts_answers_to_bucket scheduled__2015-03-01T00:00:00+00:00 [running]> on host 9fe4286b2855
[2022-04-06 01:09:00,349] {logging_mixin.py:109} WARNING - /home/***/.local/lib/python3.7/site-packages/***/utils/context.py:156 AirflowContextDeprecationWarning: Accessing 'execution_date' from the template is deprecated and will be removed in a future version. Please use 'data_interval_start' or 'logical_date' instead.
[2022-04-06 01:09:00,644] {taskinstance.py:1448} INFO - Exporting the following env vars:
AIRFLOW_CTX_DAG_OWNER=***
AIRFLOW_CTX_DAG_ID=IngestToGCP
AIRFLOW_CTX_TASK_ID=processing_tasks_posts_answers.ingest_posts_answers_to_bucket
AIRFLOW_CTX_EXECUTION_DATE=2015-03-01T00:00:00+00:00
AIRFLOW_CTX_DAG_RUN_ID=scheduled__2015-03-01T00:00:00+00:00
[2022-04-06 01:09:04,301] {python.py:175} INFO - Done. Returned value was: None
[2022-04-06 01:09:04,902] {taskinstance.py:1288} INFO - Marking task as SUCCESS. dag_id=IngestToGCP, task_id=processing_tasks_posts_answers.ingest_posts_answers_to_bucket, execution_date=20150301T000000, start_date=20220406T010858, end_date=20220406T010904
[2022-04-06 01:09:05,113] {local_task_job.py:154} INFO - Task exited with return code 0
[2022-04-06 01:09:05,252] {local_task_job.py:264} INFO - 1 downstream tasks scheduled from follow-on schedule check
