[2022-04-06 02:08:24,875] {taskinstance.py:1043} INFO - Dependencies all met for <TaskInstance: IngestToGCP.processing_tasks_posts_questions.spark_job scheduled__2017-05-01T00:00:00+00:00 [queued]>
[2022-04-06 02:08:25,068] {taskinstance.py:1043} INFO - Dependencies all met for <TaskInstance: IngestToGCP.processing_tasks_posts_questions.spark_job scheduled__2017-05-01T00:00:00+00:00 [queued]>
[2022-04-06 02:08:25,068] {taskinstance.py:1249} INFO - 
--------------------------------------------------------------------------------
[2022-04-06 02:08:25,068] {taskinstance.py:1250} INFO - Starting attempt 1 of 1
[2022-04-06 02:08:25,069] {taskinstance.py:1251} INFO - 
--------------------------------------------------------------------------------
[2022-04-06 02:08:25,238] {taskinstance.py:1270} INFO - Executing <Task(SparkSubmitOperator): processing_tasks_posts_questions.spark_job> on 2017-05-01 00:00:00+00:00
[2022-04-06 02:08:25,314] {standard_task_runner.py:52} INFO - Started process 160983 to run task
[2022-04-06 02:08:25,337] {standard_task_runner.py:79} INFO - Running: ['***', 'tasks', 'run', 'IngestToGCP', 'processing_tasks_posts_questions.spark_job', 'scheduled__2017-05-01T00:00:00+00:00', '--job-id', '10915', '--raw', '--subdir', 'DAGS_FOLDER/ingest_dag.py', '--cfg-path', '/tmp/tmpx1sshwfe', '--error-file', '/tmp/tmpj09qtxq6']
[2022-04-06 02:08:25,356] {standard_task_runner.py:80} INFO - Job 10915: Subtask processing_tasks_posts_questions.spark_job
[2022-04-06 02:08:26,139] {logging_mixin.py:109} INFO - Running <TaskInstance: IngestToGCP.processing_tasks_posts_questions.spark_job scheduled__2017-05-01T00:00:00+00:00 [running]> on host 9fe4286b2855
[2022-04-06 02:08:26,332] {logging_mixin.py:109} WARNING - /home/***/.local/lib/python3.7/site-packages/***/utils/context.py:156 AirflowContextDeprecationWarning: Accessing 'execution_date' from the template is deprecated and will be removed in a future version. Please use 'data_interval_start' or 'logical_date' instead.
[2022-04-06 02:08:26,446] {taskinstance.py:1448} INFO - Exporting the following env vars:
AIRFLOW_CTX_DAG_OWNER=***
AIRFLOW_CTX_DAG_ID=IngestToGCP
AIRFLOW_CTX_TASK_ID=processing_tasks_posts_questions.spark_job
AIRFLOW_CTX_EXECUTION_DATE=2017-05-01T00:00:00+00:00
AIRFLOW_CTX_DAG_RUN_ID=scheduled__2017-05-01T00:00:00+00:00
[2022-04-06 02:08:26,488] {base.py:79} INFO - Using connection to: id: spark_project. Host: spark://spark, Port: 7077, Schema: , Login: , Password: None, extra: {'queue': 'root.default'}
[2022-04-06 02:08:26,490] {spark_submit.py:335} INFO - Spark-Submit cmd: spark-submit --master spark://spark:7077 --conf spark.master=local[*] --name format_schema --verbose --queue root.default ./dags/pyspark_parquet_transformation.py posts_questions 2017-05
[2022-04-06 02:08:46,893] {spark_submit.py:488} INFO - Using properties file: null
[2022-04-06 02:08:48,229] {spark_submit.py:488} INFO - WARNING: An illegal reflective access operation has occurred
[2022-04-06 02:08:48,229] {spark_submit.py:488} INFO - WARNING: Illegal reflective access by org.apache.spark.unsafe.Platform (file:/opt/***/spark/spark-3.2.1-bin-hadoop3.2/jars/spark-unsafe_2.12-3.2.1.jar) to constructor java.nio.DirectByteBuffer(long,int)
[2022-04-06 02:08:48,229] {spark_submit.py:488} INFO - WARNING: Please consider reporting this to the maintainers of org.apache.spark.unsafe.Platform
[2022-04-06 02:08:48,229] {spark_submit.py:488} INFO - WARNING: Use --illegal-access=warn to enable warnings of further illegal reflective access operations
[2022-04-06 02:08:48,232] {spark_submit.py:488} INFO - WARNING: All illegal access operations will be denied in a future release
[2022-04-06 02:08:49,229] {spark_submit.py:488} INFO - Parsed arguments:
[2022-04-06 02:08:49,229] {spark_submit.py:488} INFO - master                  spark://spark:7077
[2022-04-06 02:08:49,229] {spark_submit.py:488} INFO - deployMode              null
[2022-04-06 02:08:49,229] {spark_submit.py:488} INFO - executorMemory          null
[2022-04-06 02:08:49,229] {spark_submit.py:488} INFO - executorCores           null
[2022-04-06 02:08:49,229] {spark_submit.py:488} INFO - totalExecutorCores      null
[2022-04-06 02:08:49,230] {spark_submit.py:488} INFO - propertiesFile          null
[2022-04-06 02:08:49,230] {spark_submit.py:488} INFO - driverMemory            null
[2022-04-06 02:08:49,230] {spark_submit.py:488} INFO - driverCores             null
[2022-04-06 02:08:49,230] {spark_submit.py:488} INFO - driverExtraClassPath    null
[2022-04-06 02:08:49,230] {spark_submit.py:488} INFO - driverExtraLibraryPath  null
[2022-04-06 02:08:49,230] {spark_submit.py:488} INFO - driverExtraJavaOptions  null
[2022-04-06 02:08:49,230] {spark_submit.py:488} INFO - supervise               false
[2022-04-06 02:08:49,230] {spark_submit.py:488} INFO - queue                   root.default
[2022-04-06 02:08:49,230] {spark_submit.py:488} INFO - numExecutors            null
[2022-04-06 02:08:49,230] {spark_submit.py:488} INFO - files                   null
[2022-04-06 02:08:49,230] {spark_submit.py:488} INFO - pyFiles                 null
[2022-04-06 02:08:49,230] {spark_submit.py:488} INFO - archives                null
[2022-04-06 02:08:49,230] {spark_submit.py:488} INFO - mainClass               null
[2022-04-06 02:08:49,230] {spark_submit.py:488} INFO - primaryResource         file:/opt/***/dags/pyspark_parquet_transformation.py
[2022-04-06 02:08:49,231] {spark_submit.py:488} INFO - name                    format_schema
[2022-04-06 02:08:49,231] {spark_submit.py:488} INFO - childArgs               [posts_questions 2017-05]
[2022-04-06 02:08:49,231] {spark_submit.py:488} INFO - jars                    null
[2022-04-06 02:08:49,231] {spark_submit.py:488} INFO - packages                null
[2022-04-06 02:08:49,231] {spark_submit.py:488} INFO - packagesExclusions      null
[2022-04-06 02:08:49,231] {spark_submit.py:488} INFO - repositories            null
[2022-04-06 02:08:49,231] {spark_submit.py:488} INFO - verbose                 true
[2022-04-06 02:08:49,231] {spark_submit.py:488} INFO - 
[2022-04-06 02:08:49,231] {spark_submit.py:488} INFO - Spark properties used, including those specified through
[2022-04-06 02:08:49,231] {spark_submit.py:488} INFO - --conf and those from the properties file null:
[2022-04-06 02:08:49,231] {spark_submit.py:488} INFO - (spark.master,local[*])
[2022-04-06 02:08:49,231] {spark_submit.py:488} INFO - 
[2022-04-06 02:08:49,232] {spark_submit.py:488} INFO - 
[2022-04-06 02:08:52,542] {spark_submit.py:488} INFO - Main class:
[2022-04-06 02:08:52,542] {spark_submit.py:488} INFO - org.apache.spark.deploy.PythonRunner
[2022-04-06 02:08:52,543] {spark_submit.py:488} INFO - Arguments:
[2022-04-06 02:08:52,543] {spark_submit.py:488} INFO - file:/opt/***/dags/pyspark_parquet_transformation.py
[2022-04-06 02:08:52,543] {spark_submit.py:488} INFO - null
[2022-04-06 02:08:52,543] {spark_submit.py:488} INFO - posts_questions
[2022-04-06 02:08:52,544] {spark_submit.py:488} INFO - 2017-05
[2022-04-06 02:08:52,549] {spark_submit.py:488} INFO - Spark config:
[2022-04-06 02:08:52,549] {spark_submit.py:488} INFO - (spark.master,spark://spark:7077)
[2022-04-06 02:08:52,549] {spark_submit.py:488} INFO - (spark.submit.pyFiles,)
[2022-04-06 02:08:52,549] {spark_submit.py:488} INFO - (spark.submit.deployMode,client)
[2022-04-06 02:08:52,549] {spark_submit.py:488} INFO - (spark.app.name,format_schema)
[2022-04-06 02:08:52,550] {spark_submit.py:488} INFO - Classpath elements:
[2022-04-06 02:08:52,551] {spark_submit.py:488} INFO - 
[2022-04-06 02:08:52,551] {spark_submit.py:488} INFO - 
[2022-04-06 02:08:52,551] {spark_submit.py:488} INFO - 
[2022-04-06 02:09:00,453] {spark_submit.py:488} INFO - Using Spark's default log4j profile: org/apache/spark/log4j-defaults.properties
[2022-04-06 02:09:00,617] {spark_submit.py:488} INFO - 22/04/06 02:09:00 INFO SparkContext: Running Spark version 3.2.1
[2022-04-06 02:09:01,717] {spark_submit.py:488} INFO - 22/04/06 02:09:01 WARN NativeCodeLoader: Unable to load native-hadoop library for your platform... using builtin-java classes where applicable
[2022-04-06 02:09:03,983] {spark_submit.py:488} INFO - 22/04/06 02:09:03 INFO ResourceUtils: ==============================================================
[2022-04-06 02:09:03,984] {spark_submit.py:488} INFO - 22/04/06 02:09:03 INFO ResourceUtils: No custom resources configured for spark.driver.
[2022-04-06 02:09:04,032] {spark_submit.py:488} INFO - 22/04/06 02:09:04 INFO ResourceUtils: ==============================================================
[2022-04-06 02:09:04,048] {spark_submit.py:488} INFO - 22/04/06 02:09:04 INFO SparkContext: Submitted application: Modidy Schema
[2022-04-06 02:09:04,552] {spark_submit.py:488} INFO - 22/04/06 02:09:04 INFO ResourceProfile: Default ResourceProfile created, executor resources: Map(cores -> name: cores, amount: 1, script: , vendor: , memory -> name: memory, amount: 1024, script: , vendor: , offHeap -> name: offHeap, amount: 0, script: , vendor: ), task resources: Map(cpus -> name: cpus, amount: 1.0)
[2022-04-06 02:09:04,848] {spark_submit.py:488} INFO - 22/04/06 02:09:04 INFO ResourceProfile: Limiting resource is cpu
[2022-04-06 02:09:04,848] {spark_submit.py:488} INFO - 22/04/06 02:09:04 INFO ResourceProfileManager: Added ResourceProfile id: 0
[2022-04-06 02:09:05,919] {spark_submit.py:488} INFO - 22/04/06 02:09:05 INFO SecurityManager: Changing view acls to: default
[2022-04-06 02:09:05,937] {spark_submit.py:488} INFO - 22/04/06 02:09:05 INFO SecurityManager: Changing modify acls to: default
[2022-04-06 02:09:05,941] {spark_submit.py:488} INFO - 22/04/06 02:09:05 INFO SecurityManager: Changing view acls groups to:
[2022-04-06 02:09:05,942] {spark_submit.py:488} INFO - 22/04/06 02:09:05 INFO SecurityManager: Changing modify acls groups to:
[2022-04-06 02:09:05,943] {spark_submit.py:488} INFO - 22/04/06 02:09:05 INFO SecurityManager: SecurityManager: authentication disabled; ui acls disabled; users  with view permissions: Set(default); groups with view permissions: Set(); users  with modify permissions: Set(default); groups with modify permissions: Set()
[2022-04-06 02:09:10,978] {spark_submit.py:488} INFO - 22/04/06 02:09:10 INFO Utils: Successfully started service 'sparkDriver' on port 39485.
[2022-04-06 02:09:11,801] {spark_submit.py:488} INFO - 22/04/06 02:09:11 INFO SparkEnv: Registering MapOutputTracker
[2022-04-06 02:09:12,854] {spark_submit.py:488} INFO - 22/04/06 02:09:12 INFO SparkEnv: Registering BlockManagerMaster
[2022-04-06 02:09:13,475] {spark_submit.py:488} INFO - 22/04/06 02:09:13 INFO BlockManagerMasterEndpoint: Using org.apache.spark.storage.DefaultTopologyMapper for getting topology information
[2022-04-06 02:09:13,476] {spark_submit.py:488} INFO - 22/04/06 02:09:13 INFO BlockManagerMasterEndpoint: BlockManagerMasterEndpoint up
[2022-04-06 02:09:13,602] {spark_submit.py:488} INFO - 22/04/06 02:09:13 INFO SparkEnv: Registering BlockManagerMasterHeartbeat
[2022-04-06 02:09:14,121] {spark_submit.py:488} INFO - 22/04/06 02:09:14 INFO DiskBlockManager: Created local directory at /tmp/blockmgr-b609b6a5-f3fe-434e-a4f3-da6283ab37d6
[2022-04-06 02:09:14,613] {spark_submit.py:488} INFO - 22/04/06 02:09:14 INFO MemoryStore: MemoryStore started with capacity 434.4 MiB
[2022-04-06 02:09:14,881] {spark_submit.py:488} INFO - 22/04/06 02:09:14 INFO SparkEnv: Registering OutputCommitCoordinator
[2022-04-06 02:09:19,018] {spark_submit.py:488} INFO - 22/04/06 02:09:19 WARN Utils: Service 'SparkUI' could not bind on port 4040. Attempting port 4041.
[2022-04-06 02:09:19,020] {spark_submit.py:488} INFO - 22/04/06 02:09:19 WARN Utils: Service 'SparkUI' could not bind on port 4041. Attempting port 4042.
[2022-04-06 02:09:19,048] {spark_submit.py:488} INFO - 22/04/06 02:09:19 WARN Utils: Service 'SparkUI' could not bind on port 4042. Attempting port 4043.
[2022-04-06 02:09:19,050] {spark_submit.py:488} INFO - 22/04/06 02:09:19 WARN Utils: Service 'SparkUI' could not bind on port 4043. Attempting port 4044.
[2022-04-06 02:09:19,053] {spark_submit.py:488} INFO - 22/04/06 02:09:19 WARN Utils: Service 'SparkUI' could not bind on port 4044. Attempting port 4045.
[2022-04-06 02:09:19,086] {spark_submit.py:488} INFO - 22/04/06 02:09:19 WARN Utils: Service 'SparkUI' could not bind on port 4045. Attempting port 4046.
[2022-04-06 02:09:19,088] {spark_submit.py:488} INFO - 22/04/06 02:09:19 WARN Utils: Service 'SparkUI' could not bind on port 4046. Attempting port 4047.
[2022-04-06 02:09:19,089] {spark_submit.py:488} INFO - 22/04/06 02:09:19 WARN Utils: Service 'SparkUI' could not bind on port 4047. Attempting port 4048.
[2022-04-06 02:09:19,090] {spark_submit.py:488} INFO - 22/04/06 02:09:19 WARN Utils: Service 'SparkUI' could not bind on port 4048. Attempting port 4049.
[2022-04-06 02:09:19,230] {spark_submit.py:488} INFO - 22/04/06 02:09:19 INFO Utils: Successfully started service 'SparkUI' on port 4049.
[2022-04-06 02:09:20,299] {spark_submit.py:488} INFO - 22/04/06 02:09:20 INFO SparkUI: Bound SparkUI to 0.0.0.0, and started at http://9fe4286b2855:4049
[2022-04-06 02:09:23,034] {spark_submit.py:488} INFO - 22/04/06 02:09:23 INFO Executor: Starting executor ID driver on host 9fe4286b2855
[2022-04-06 02:09:23,387] {spark_submit.py:488} INFO - 22/04/06 02:09:23 INFO Utils: Successfully started service 'org.apache.spark.network.netty.NettyBlockTransferService' on port 41359.
[2022-04-06 02:09:23,390] {spark_submit.py:488} INFO - 22/04/06 02:09:23 INFO NettyBlockTransferService: Server created on 9fe4286b2855:41359
[2022-04-06 02:09:23,402] {spark_submit.py:488} INFO - 22/04/06 02:09:23 INFO BlockManager: Using org.apache.spark.storage.RandomBlockReplicationPolicy for block replication policy
[2022-04-06 02:09:23,521] {spark_submit.py:488} INFO - 22/04/06 02:09:23 INFO BlockManagerMaster: Registering BlockManager BlockManagerId(driver, 9fe4286b2855, 41359, None)
[2022-04-06 02:09:23,616] {spark_submit.py:488} INFO - 22/04/06 02:09:23 INFO BlockManagerMasterEndpoint: Registering block manager 9fe4286b2855:41359 with 434.4 MiB RAM, BlockManagerId(driver, 9fe4286b2855, 41359, None)
[2022-04-06 02:09:23,672] {spark_submit.py:488} INFO - 22/04/06 02:09:23 INFO BlockManagerMaster: Registered BlockManager BlockManagerId(driver, 9fe4286b2855, 41359, None)
[2022-04-06 02:09:23,726] {spark_submit.py:488} INFO - 22/04/06 02:09:23 INFO BlockManager: Initialized BlockManager: BlockManagerId(driver, 9fe4286b2855, 41359, None)
[2022-04-06 02:09:36,988] {spark_submit.py:488} INFO - 22/04/06 02:09:36 INFO SharedState: Setting hive.metastore.warehouse.dir ('null') to the value of spark.sql.warehouse.dir.
[2022-04-06 02:09:37,353] {spark_submit.py:488} INFO - 22/04/06 02:09:37 INFO SharedState: Warehouse path is 'file:/opt/***/spark-warehouse'.
[2022-04-06 02:10:04,432] {spark_submit.py:488} INFO - 22/04/06 02:10:04 INFO InMemoryFileIndex: It took 692 ms to list leaf files for 1 paths.
[2022-04-06 02:10:14,497] {spark_submit.py:488} INFO - 22/04/06 02:10:14 INFO SparkContext: Starting job: parquet at NativeMethodAccessorImpl.java:0
[2022-04-06 02:10:14,669] {spark_submit.py:488} INFO - 22/04/06 02:10:14 INFO DAGScheduler: Got job 0 (parquet at NativeMethodAccessorImpl.java:0) with 1 output partitions
[2022-04-06 02:10:14,670] {spark_submit.py:488} INFO - 22/04/06 02:10:14 INFO DAGScheduler: Final stage: ResultStage 0 (parquet at NativeMethodAccessorImpl.java:0)
[2022-04-06 02:10:14,671] {spark_submit.py:488} INFO - 22/04/06 02:10:14 INFO DAGScheduler: Parents of final stage: List()
[2022-04-06 02:10:14,705] {spark_submit.py:488} INFO - 22/04/06 02:10:14 INFO DAGScheduler: Missing parents: List()
[2022-04-06 02:10:14,810] {spark_submit.py:488} INFO - 22/04/06 02:10:14 INFO DAGScheduler: Submitting ResultStage 0 (MapPartitionsRDD[1] at parquet at NativeMethodAccessorImpl.java:0), which has no missing parents
[2022-04-06 02:10:16,177] {spark_submit.py:488} INFO - 22/04/06 02:10:16 INFO MemoryStore: Block broadcast_0 stored as values in memory (estimated size 100.1 KiB, free 434.3 MiB)
[2022-04-06 02:10:16,751] {spark_submit.py:488} INFO - 22/04/06 02:10:16 INFO MemoryStore: Block broadcast_0_piece0 stored as bytes in memory (estimated size 35.7 KiB, free 434.3 MiB)
[2022-04-06 02:10:16,757] {spark_submit.py:488} INFO - 22/04/06 02:10:16 INFO BlockManagerInfo: Added broadcast_0_piece0 in memory on 9fe4286b2855:41359 (size: 35.7 KiB, free: 434.4 MiB)
[2022-04-06 02:10:16,788] {spark_submit.py:488} INFO - 22/04/06 02:10:16 INFO SparkContext: Created broadcast 0 from broadcast at DAGScheduler.scala:1478
[2022-04-06 02:10:17,136] {spark_submit.py:488} INFO - 22/04/06 02:10:17 INFO DAGScheduler: Submitting 1 missing tasks from ResultStage 0 (MapPartitionsRDD[1] at parquet at NativeMethodAccessorImpl.java:0) (first 15 tasks are for partitions Vector(0))
[2022-04-06 02:10:17,141] {spark_submit.py:488} INFO - 22/04/06 02:10:17 INFO TaskSchedulerImpl: Adding task set 0.0 with 1 tasks resource profile 0
[2022-04-06 02:10:18,384] {spark_submit.py:488} INFO - 22/04/06 02:10:18 INFO TaskSetManager: Starting task 0.0 in stage 0.0 (TID 0) (9fe4286b2855, executor driver, partition 0, PROCESS_LOCAL, 4624 bytes) taskResourceAssignments Map()
[2022-04-06 02:10:18,756] {spark_submit.py:488} INFO - 22/04/06 02:10:18 INFO Executor: Running task 0.0 in stage 0.0 (TID 0)
[2022-04-06 02:10:27,094] {spark_submit.py:488} INFO - 22/04/06 02:10:27 INFO Executor: Finished task 0.0 in stage 0.0 (TID 0). 2409 bytes result sent to driver
[2022-04-06 02:10:27,210] {spark_submit.py:488} INFO - 22/04/06 02:10:27 INFO TaskSetManager: Finished task 0.0 in stage 0.0 (TID 0) in 9326 ms on 9fe4286b2855 (executor driver) (1/1)
[2022-04-06 02:10:27,253] {spark_submit.py:488} INFO - 22/04/06 02:10:27 INFO DAGScheduler: ResultStage 0 (parquet at NativeMethodAccessorImpl.java:0) finished in 12.153 s
[2022-04-06 02:10:27,284] {spark_submit.py:488} INFO - 22/04/06 02:10:27 INFO TaskSchedulerImpl: Removed TaskSet 0.0, whose tasks have all completed, from pool
[2022-04-06 02:10:27,320] {spark_submit.py:488} INFO - 22/04/06 02:10:27 INFO DAGScheduler: Job 0 is finished. Cancelling potential speculative or zombie tasks for this job
[2022-04-06 02:10:27,320] {spark_submit.py:488} INFO - 22/04/06 02:10:27 INFO TaskSchedulerImpl: Killing all running tasks in stage 0: Stage finished
[2022-04-06 02:10:27,369] {spark_submit.py:488} INFO - 22/04/06 02:10:27 INFO DAGScheduler: Job 0 finished: parquet at NativeMethodAccessorImpl.java:0, took 12.846105 s
[2022-04-06 02:10:28,746] {spark_submit.py:488} INFO - 22/04/06 02:10:28 INFO BlockManagerInfo: Removed broadcast_0_piece0 on 9fe4286b2855:41359 in memory (size: 35.7 KiB, free: 434.4 MiB)
[2022-04-06 02:11:20,621] {spark_submit.py:488} INFO - 22/04/06 02:11:20 INFO FileSourceStrategy: Pushed Filters:
[2022-04-06 02:11:20,623] {spark_submit.py:488} INFO - 22/04/06 02:11:20 INFO FileSourceStrategy: Post-Scan Filters:
[2022-04-06 02:11:20,709] {spark_submit.py:488} INFO - 22/04/06 02:11:20 INFO FileSourceStrategy: Output Data Schema: struct<id: bigint, title: string, body: string, accepted_answer_id: double, answer_count: bigint ... 19 more fields>
[2022-04-06 02:11:23,702] {spark_submit.py:488} INFO - 22/04/06 02:11:23 INFO ParquetFileFormat: Using default output committer for Parquet: org.apache.parquet.hadoop.ParquetOutputCommitter
[2022-04-06 02:11:24,131] {spark_submit.py:488} INFO - 22/04/06 02:11:24 INFO FileOutputCommitter: File Output Committer Algorithm version is 1
[2022-04-06 02:11:24,217] {spark_submit.py:488} INFO - 22/04/06 02:11:24 INFO FileOutputCommitter: FileOutputCommitter skip cleanup _temporary folders under output directory:false, ignore cleanup failures: false
[2022-04-06 02:11:24,229] {spark_submit.py:488} INFO - 22/04/06 02:11:24 INFO SQLHadoopMapReduceCommitProtocol: Using user defined output committer class org.apache.parquet.hadoop.ParquetOutputCommitter
[2022-04-06 02:11:24,230] {spark_submit.py:488} INFO - 22/04/06 02:11:24 INFO FileOutputCommitter: File Output Committer Algorithm version is 1
[2022-04-06 02:11:24,230] {spark_submit.py:488} INFO - 22/04/06 02:11:24 INFO FileOutputCommitter: FileOutputCommitter skip cleanup _temporary folders under output directory:false, ignore cleanup failures: false
[2022-04-06 02:11:24,270] {spark_submit.py:488} INFO - 22/04/06 02:11:24 INFO SQLHadoopMapReduceCommitProtocol: Using output committer class org.apache.parquet.hadoop.ParquetOutputCommitter
[2022-04-06 02:11:31,652] {spark_submit.py:488} INFO - 22/04/06 02:11:31 INFO CodeGenerator: Code generated in 4275.976073 ms
[2022-04-06 02:11:32,017] {spark_submit.py:488} INFO - 22/04/06 02:11:32 INFO MemoryStore: Block broadcast_1 stored as values in memory (estimated size 194.3 KiB, free 434.2 MiB)
[2022-04-06 02:11:32,256] {spark_submit.py:488} INFO - 22/04/06 02:11:32 INFO MemoryStore: Block broadcast_1_piece0 stored as bytes in memory (estimated size 34.3 KiB, free 434.2 MiB)
[2022-04-06 02:11:32,259] {spark_submit.py:488} INFO - 22/04/06 02:11:32 INFO BlockManagerInfo: Added broadcast_1_piece0 in memory on 9fe4286b2855:41359 (size: 34.3 KiB, free: 434.4 MiB)
[2022-04-06 02:11:32,288] {spark_submit.py:488} INFO - 22/04/06 02:11:32 INFO SparkContext: Created broadcast 1 from save at NativeMethodAccessorImpl.java:0
[2022-04-06 02:11:32,443] {spark_submit.py:488} INFO - 22/04/06 02:11:32 INFO FileSourceScanExec: Planning scan with bin packing, max size: 42842427 bytes, open cost is considered as scanning 4194304 bytes.
[2022-04-06 02:11:34,048] {spark_submit.py:488} INFO - 22/04/06 02:11:34 INFO DAGScheduler: Registering RDD 6 (save at NativeMethodAccessorImpl.java:0) as input to shuffle 0
[2022-04-06 02:11:34,062] {spark_submit.py:488} INFO - 22/04/06 02:11:34 INFO DAGScheduler: Got map stage job 1 (save at NativeMethodAccessorImpl.java:0) with 4 output partitions
[2022-04-06 02:11:34,093] {spark_submit.py:488} INFO - 22/04/06 02:11:34 INFO DAGScheduler: Final stage: ShuffleMapStage 1 (save at NativeMethodAccessorImpl.java:0)
[2022-04-06 02:11:34,103] {spark_submit.py:488} INFO - 22/04/06 02:11:34 INFO DAGScheduler: Parents of final stage: List()
[2022-04-06 02:11:34,122] {spark_submit.py:488} INFO - 22/04/06 02:11:34 INFO DAGScheduler: Missing parents: List()
[2022-04-06 02:11:34,149] {spark_submit.py:488} INFO - 22/04/06 02:11:34 INFO DAGScheduler: Submitting ShuffleMapStage 1 (MapPartitionsRDD[6] at save at NativeMethodAccessorImpl.java:0), which has no missing parents
[2022-04-06 02:11:34,817] {spark_submit.py:488} INFO - 22/04/06 02:11:34 INFO MemoryStore: Block broadcast_2 stored as values in memory (estimated size 32.1 KiB, free 434.1 MiB)
[2022-04-06 02:11:34,916] {spark_submit.py:488} INFO - 22/04/06 02:11:34 INFO MemoryStore: Block broadcast_2_piece0 stored as bytes in memory (estimated size 10.5 KiB, free 434.1 MiB)
[2022-04-06 02:11:34,921] {spark_submit.py:488} INFO - 22/04/06 02:11:34 INFO BlockManagerInfo: Added broadcast_2_piece0 in memory on 9fe4286b2855:41359 (size: 10.5 KiB, free: 434.4 MiB)
[2022-04-06 02:11:34,949] {spark_submit.py:488} INFO - 22/04/06 02:11:34 INFO SparkContext: Created broadcast 2 from broadcast at DAGScheduler.scala:1478
[2022-04-06 02:11:34,981] {spark_submit.py:488} INFO - 22/04/06 02:11:34 INFO DAGScheduler: Submitting 4 missing tasks from ShuffleMapStage 1 (MapPartitionsRDD[6] at save at NativeMethodAccessorImpl.java:0) (first 15 tasks are for partitions Vector(0, 1, 2, 3))
[2022-04-06 02:11:34,981] {spark_submit.py:488} INFO - 22/04/06 02:11:34 INFO TaskSchedulerImpl: Adding task set 1.0 with 4 tasks resource profile 0
[2022-04-06 02:11:34,998] {spark_submit.py:488} INFO - 22/04/06 02:11:34 INFO TaskSetManager: Starting task 0.0 in stage 1.0 (TID 1) (9fe4286b2855, executor driver, partition 0, PROCESS_LOCAL, 4890 bytes) taskResourceAssignments Map()
[2022-04-06 02:11:34,998] {spark_submit.py:488} INFO - 22/04/06 02:11:34 INFO TaskSetManager: Starting task 1.0 in stage 1.0 (TID 2) (9fe4286b2855, executor driver, partition 1, PROCESS_LOCAL, 4890 bytes) taskResourceAssignments Map()
[2022-04-06 02:11:34,998] {spark_submit.py:488} INFO - 22/04/06 02:11:34 INFO TaskSetManager: Starting task 2.0 in stage 1.0 (TID 3) (9fe4286b2855, executor driver, partition 2, PROCESS_LOCAL, 4890 bytes) taskResourceAssignments Map()
[2022-04-06 02:11:34,998] {spark_submit.py:488} INFO - 22/04/06 02:11:34 INFO TaskSetManager: Starting task 3.0 in stage 1.0 (TID 4) (9fe4286b2855, executor driver, partition 3, PROCESS_LOCAL, 4890 bytes) taskResourceAssignments Map()
[2022-04-06 02:11:35,040] {spark_submit.py:488} INFO - 22/04/06 02:11:35 INFO Executor: Running task 0.0 in stage 1.0 (TID 1)
[2022-04-06 02:11:35,162] {spark_submit.py:488} INFO - 22/04/06 02:11:35 INFO Executor: Running task 2.0 in stage 1.0 (TID 3)
[2022-04-06 02:11:35,166] {spark_submit.py:488} INFO - 22/04/06 02:11:35 INFO Executor: Running task 1.0 in stage 1.0 (TID 2)
[2022-04-06 02:11:35,181] {spark_submit.py:488} INFO - 22/04/06 02:11:35 INFO Executor: Running task 3.0 in stage 1.0 (TID 4)
[2022-04-06 02:11:35,862] {spark_submit.py:488} INFO - 22/04/06 02:11:35 INFO FileScanRDD: Reading File path: gs://dtc_data_lake_de-stack-overflow/parquet/posts_questions-2017-05.parquet, range: 128527281-167175405, partition values: [empty row]
[2022-04-06 02:11:35,865] {spark_submit.py:488} INFO - 22/04/06 02:11:35 INFO FileScanRDD: Reading File path: gs://dtc_data_lake_de-stack-overflow/parquet/posts_questions-2017-05.parquet, range: 85684854-128527281, partition values: [empty row]
[2022-04-06 02:11:35,914] {spark_submit.py:488} INFO - 22/04/06 02:11:35 INFO FileScanRDD: Reading File path: gs://dtc_data_lake_de-stack-overflow/parquet/posts_questions-2017-05.parquet, range: 42842427-85684854, partition values: [empty row]
[2022-04-06 02:11:35,919] {spark_submit.py:488} INFO - 22/04/06 02:11:35 INFO FileScanRDD: Reading File path: gs://dtc_data_lake_de-stack-overflow/parquet/posts_questions-2017-05.parquet, range: 0-42842427, partition values: [empty row]
[2022-04-06 02:11:39,192] {spark_submit.py:488} INFO - 22/04/06 02:11:39 INFO Executor: Finished task 3.0 in stage 1.0 (TID 4). 1857 bytes result sent to driver
[2022-04-06 02:11:39,192] {spark_submit.py:488} INFO - 22/04/06 02:11:39 INFO Executor: Finished task 2.0 in stage 1.0 (TID 3). 1857 bytes result sent to driver
[2022-04-06 02:11:39,194] {spark_submit.py:488} INFO - 22/04/06 02:11:39 INFO Executor: Finished task 0.0 in stage 1.0 (TID 1). 1900 bytes result sent to driver
[2022-04-06 02:11:39,376] {spark_submit.py:488} INFO - 22/04/06 02:11:39 INFO TaskSetManager: Finished task 0.0 in stage 1.0 (TID 1) in 4382 ms on 9fe4286b2855 (executor driver) (1/4)
[2022-04-06 02:11:39,378] {spark_submit.py:488} INFO - 22/04/06 02:11:39 INFO TaskSetManager: Finished task 2.0 in stage 1.0 (TID 3) in 4388 ms on 9fe4286b2855 (executor driver) (2/4)
[2022-04-06 02:11:39,378] {spark_submit.py:488} INFO - 22/04/06 02:11:39 INFO TaskSetManager: Finished task 3.0 in stage 1.0 (TID 4) in 4388 ms on 9fe4286b2855 (executor driver) (3/4)
[2022-04-06 02:11:57,876] {spark_submit.py:488} INFO - 22/04/06 02:11:57 INFO CodecPool: Got brand-new decompressor [.snappy]
[2022-04-06 02:13:21,168] {spark_submit.py:488} INFO - 22/04/06 02:13:21 INFO Executor: Finished task 1.0 in stage 1.0 (TID 2). 2029 bytes result sent to driver
[2022-04-06 02:13:21,174] {spark_submit.py:488} INFO - 22/04/06 02:13:21 INFO TaskSetManager: Finished task 1.0 in stage 1.0 (TID 2) in 106183 ms on 9fe4286b2855 (executor driver) (4/4)
[2022-04-06 02:13:21,180] {spark_submit.py:488} INFO - 22/04/06 02:13:21 INFO TaskSchedulerImpl: Removed TaskSet 1.0, whose tasks have all completed, from pool
[2022-04-06 02:13:21,180] {spark_submit.py:488} INFO - 22/04/06 02:13:21 INFO DAGScheduler: ShuffleMapStage 1 (save at NativeMethodAccessorImpl.java:0) finished in 106.905 s
[2022-04-06 02:13:21,192] {spark_submit.py:488} INFO - 22/04/06 02:13:21 INFO DAGScheduler: looking for newly runnable stages
[2022-04-06 02:13:21,192] {spark_submit.py:488} INFO - 22/04/06 02:13:21 INFO DAGScheduler: running: Set()
[2022-04-06 02:13:21,192] {spark_submit.py:488} INFO - 22/04/06 02:13:21 INFO DAGScheduler: waiting: Set()
[2022-04-06 02:13:21,192] {spark_submit.py:488} INFO - 22/04/06 02:13:21 INFO DAGScheduler: failed: Set()
[2022-04-06 02:13:21,759] {spark_submit.py:488} INFO - 22/04/06 02:13:21 INFO SparkContext: Starting job: save at NativeMethodAccessorImpl.java:0
[2022-04-06 02:13:21,770] {spark_submit.py:488} INFO - 22/04/06 02:13:21 INFO DAGScheduler: Got job 2 (save at NativeMethodAccessorImpl.java:0) with 4 output partitions
[2022-04-06 02:13:21,770] {spark_submit.py:488} INFO - 22/04/06 02:13:21 INFO DAGScheduler: Final stage: ResultStage 3 (save at NativeMethodAccessorImpl.java:0)
[2022-04-06 02:13:21,771] {spark_submit.py:488} INFO - 22/04/06 02:13:21 INFO DAGScheduler: Parents of final stage: List(ShuffleMapStage 2)
[2022-04-06 02:13:21,771] {spark_submit.py:488} INFO - 22/04/06 02:13:21 INFO DAGScheduler: Missing parents: List()
[2022-04-06 02:13:21,781] {spark_submit.py:488} INFO - 22/04/06 02:13:21 INFO DAGScheduler: Submitting ResultStage 3 (ShuffledRowRDD[7] at save at NativeMethodAccessorImpl.java:0), which has no missing parents
[2022-04-06 02:13:22,051] {spark_submit.py:488} INFO - 22/04/06 02:13:22 INFO MemoryStore: Block broadcast_3 stored as values in memory (estimated size 204.2 KiB, free 433.9 MiB)
[2022-04-06 02:13:22,094] {spark_submit.py:488} INFO - 22/04/06 02:13:22 INFO MemoryStore: Block broadcast_3_piece0 stored as bytes in memory (estimated size 72.9 KiB, free 433.9 MiB)
[2022-04-06 02:13:22,098] {spark_submit.py:488} INFO - 22/04/06 02:13:22 INFO BlockManagerInfo: Added broadcast_3_piece0 in memory on 9fe4286b2855:41359 (size: 72.9 KiB, free: 434.3 MiB)
[2022-04-06 02:13:22,100] {spark_submit.py:488} INFO - 22/04/06 02:13:22 INFO SparkContext: Created broadcast 3 from broadcast at DAGScheduler.scala:1478
[2022-04-06 02:13:22,102] {spark_submit.py:488} INFO - 22/04/06 02:13:22 INFO DAGScheduler: Submitting 4 missing tasks from ResultStage 3 (ShuffledRowRDD[7] at save at NativeMethodAccessorImpl.java:0) (first 15 tasks are for partitions Vector(0, 1, 2, 3))
[2022-04-06 02:13:22,114] {spark_submit.py:488} INFO - 22/04/06 02:13:22 INFO TaskSchedulerImpl: Adding task set 3.0 with 4 tasks resource profile 0
[2022-04-06 02:13:22,135] {spark_submit.py:488} INFO - 22/04/06 02:13:22 INFO TaskSetManager: Starting task 0.0 in stage 3.0 (TID 5) (9fe4286b2855, executor driver, partition 0, NODE_LOCAL, 4453 bytes) taskResourceAssignments Map()
[2022-04-06 02:13:22,136] {spark_submit.py:488} INFO - 22/04/06 02:13:22 INFO TaskSetManager: Starting task 1.0 in stage 3.0 (TID 6) (9fe4286b2855, executor driver, partition 1, NODE_LOCAL, 4453 bytes) taskResourceAssignments Map()
[2022-04-06 02:13:22,137] {spark_submit.py:488} INFO - 22/04/06 02:13:22 INFO TaskSetManager: Starting task 2.0 in stage 3.0 (TID 7) (9fe4286b2855, executor driver, partition 2, NODE_LOCAL, 4453 bytes) taskResourceAssignments Map()
[2022-04-06 02:13:22,176] {spark_submit.py:488} INFO - 22/04/06 02:13:22 INFO TaskSetManager: Starting task 3.0 in stage 3.0 (TID 8) (9fe4286b2855, executor driver, partition 3, NODE_LOCAL, 4453 bytes) taskResourceAssignments Map()
[2022-04-06 02:13:22,178] {spark_submit.py:488} INFO - 22/04/06 02:13:22 INFO Executor: Running task 0.0 in stage 3.0 (TID 5)
[2022-04-06 02:13:22,211] {spark_submit.py:488} INFO - 22/04/06 02:13:22 INFO Executor: Running task 1.0 in stage 3.0 (TID 6)
[2022-04-06 02:13:22,217] {spark_submit.py:488} INFO - 22/04/06 02:13:22 INFO Executor: Running task 2.0 in stage 3.0 (TID 7)
[2022-04-06 02:13:22,268] {spark_submit.py:488} INFO - 22/04/06 02:13:22 INFO Executor: Running task 3.0 in stage 3.0 (TID 8)
[2022-04-06 02:13:22,592] {spark_submit.py:488} INFO - 22/04/06 02:13:22 INFO ShuffleBlockFetcherIterator: Getting 1 (43.4 MiB) non-empty blocks including 1 (43.4 MiB) local and 0 (0.0 B) host-local and 0 (0.0 B) push-merged-local and 0 (0.0 B) remote blocks
[2022-04-06 02:13:22,599] {spark_submit.py:488} INFO - 22/04/06 02:13:22 INFO ShuffleBlockFetcherIterator: Started 0 remote fetches in 23 ms
[2022-04-06 02:13:22,620] {spark_submit.py:488} INFO - 22/04/06 02:13:22 INFO ShuffleBlockFetcherIterator: Getting 1 (43.4 MiB) non-empty blocks including 1 (43.4 MiB) local and 0 (0.0 B) host-local and 0 (0.0 B) push-merged-local and 0 (0.0 B) remote blocks
[2022-04-06 02:13:22,621] {spark_submit.py:488} INFO - 22/04/06 02:13:22 INFO ShuffleBlockFetcherIterator: Started 0 remote fetches in 24 ms
[2022-04-06 02:13:22,631] {spark_submit.py:488} INFO - 22/04/06 02:13:22 INFO ShuffleBlockFetcherIterator: Getting 1 (43.4 MiB) non-empty blocks including 1 (43.4 MiB) local and 0 (0.0 B) host-local and 0 (0.0 B) push-merged-local and 0 (0.0 B) remote blocks
[2022-04-06 02:13:22,631] {spark_submit.py:488} INFO - 22/04/06 02:13:22 INFO ShuffleBlockFetcherIterator: Started 0 remote fetches in 54 ms
[2022-04-06 02:13:22,632] {spark_submit.py:488} INFO - 22/04/06 02:13:22 INFO ShuffleBlockFetcherIterator: Getting 1 (43.4 MiB) non-empty blocks including 1 (43.4 MiB) local and 0 (0.0 B) host-local and 0 (0.0 B) push-merged-local and 0 (0.0 B) remote blocks
[2022-04-06 02:13:22,632] {spark_submit.py:488} INFO - 22/04/06 02:13:22 INFO ShuffleBlockFetcherIterator: Started 0 remote fetches in 61 ms
[2022-04-06 02:13:22,683] {spark_submit.py:488} INFO - 22/04/06 02:13:22 INFO FileOutputCommitter: File Output Committer Algorithm version is 1
[2022-04-06 02:13:22,683] {spark_submit.py:488} INFO - 22/04/06 02:13:22 INFO FileOutputCommitter: FileOutputCommitter skip cleanup _temporary folders under output directory:false, ignore cleanup failures: false
[2022-04-06 02:13:22,684] {spark_submit.py:488} INFO - 22/04/06 02:13:22 INFO SQLHadoopMapReduceCommitProtocol: Using user defined output committer class org.apache.parquet.hadoop.ParquetOutputCommitter
[2022-04-06 02:13:22,684] {spark_submit.py:488} INFO - 22/04/06 02:13:22 INFO FileOutputCommitter: File Output Committer Algorithm version is 1
[2022-04-06 02:13:22,684] {spark_submit.py:488} INFO - 22/04/06 02:13:22 INFO FileOutputCommitter: FileOutputCommitter skip cleanup _temporary folders under output directory:false, ignore cleanup failures: false
[2022-04-06 02:13:22,685] {spark_submit.py:488} INFO - 22/04/06 02:13:22 INFO SQLHadoopMapReduceCommitProtocol: Using output committer class org.apache.parquet.hadoop.ParquetOutputCommitter
[2022-04-06 02:13:22,694] {spark_submit.py:488} INFO - 22/04/06 02:13:22 INFO FileOutputCommitter: File Output Committer Algorithm version is 1
[2022-04-06 02:13:22,694] {spark_submit.py:488} INFO - 22/04/06 02:13:22 INFO FileOutputCommitter: FileOutputCommitter skip cleanup _temporary folders under output directory:false, ignore cleanup failures: false
[2022-04-06 02:13:22,700] {spark_submit.py:488} INFO - 22/04/06 02:13:22 INFO FileOutputCommitter: File Output Committer Algorithm version is 1
[2022-04-06 02:13:22,701] {spark_submit.py:488} INFO - 22/04/06 02:13:22 INFO FileOutputCommitter: FileOutputCommitter skip cleanup _temporary folders under output directory:false, ignore cleanup failures: false
[2022-04-06 02:13:22,703] {spark_submit.py:488} INFO - 22/04/06 02:13:22 INFO FileOutputCommitter: File Output Committer Algorithm version is 1
[2022-04-06 02:13:22,703] {spark_submit.py:488} INFO - 22/04/06 02:13:22 INFO FileOutputCommitter: FileOutputCommitter skip cleanup _temporary folders under output directory:false, ignore cleanup failures: false
[2022-04-06 02:13:22,729] {spark_submit.py:488} INFO - 22/04/06 02:13:22 INFO SQLHadoopMapReduceCommitProtocol: Using user defined output committer class org.apache.parquet.hadoop.ParquetOutputCommitter
[2022-04-06 02:13:22,730] {spark_submit.py:488} INFO - 22/04/06 02:13:22 INFO FileOutputCommitter: File Output Committer Algorithm version is 1
[2022-04-06 02:13:22,730] {spark_submit.py:488} INFO - 22/04/06 02:13:22 INFO FileOutputCommitter: FileOutputCommitter skip cleanup _temporary folders under output directory:false, ignore cleanup failures: false
[2022-04-06 02:13:22,730] {spark_submit.py:488} INFO - 22/04/06 02:13:22 INFO SQLHadoopMapReduceCommitProtocol: Using output committer class org.apache.parquet.hadoop.ParquetOutputCommitter
[2022-04-06 02:13:22,736] {spark_submit.py:488} INFO - 22/04/06 02:13:22 INFO SQLHadoopMapReduceCommitProtocol: Using user defined output committer class org.apache.parquet.hadoop.ParquetOutputCommitter
[2022-04-06 02:13:22,736] {spark_submit.py:488} INFO - 22/04/06 02:13:22 INFO FileOutputCommitter: File Output Committer Algorithm version is 1
[2022-04-06 02:13:22,736] {spark_submit.py:488} INFO - 22/04/06 02:13:22 INFO FileOutputCommitter: FileOutputCommitter skip cleanup _temporary folders under output directory:false, ignore cleanup failures: false
[2022-04-06 02:13:22,738] {spark_submit.py:488} INFO - 22/04/06 02:13:22 INFO SQLHadoopMapReduceCommitProtocol: Using output committer class org.apache.parquet.hadoop.ParquetOutputCommitter
[2022-04-06 02:13:22,738] {spark_submit.py:488} INFO - 22/04/06 02:13:22 INFO SQLHadoopMapReduceCommitProtocol: Using user defined output committer class org.apache.parquet.hadoop.ParquetOutputCommitter
[2022-04-06 02:13:22,738] {spark_submit.py:488} INFO - 22/04/06 02:13:22 INFO FileOutputCommitter: File Output Committer Algorithm version is 1
[2022-04-06 02:13:22,739] {spark_submit.py:488} INFO - 22/04/06 02:13:22 INFO FileOutputCommitter: FileOutputCommitter skip cleanup _temporary folders under output directory:false, ignore cleanup failures: false
[2022-04-06 02:13:22,739] {spark_submit.py:488} INFO - 22/04/06 02:13:22 INFO SQLHadoopMapReduceCommitProtocol: Using output committer class org.apache.parquet.hadoop.ParquetOutputCommitter
[2022-04-06 02:13:22,796] {spark_submit.py:488} INFO - 22/04/06 02:13:22 INFO CodecConfig: Compression: SNAPPY
[2022-04-06 02:13:22,800] {spark_submit.py:488} INFO - 22/04/06 02:13:22 INFO CodecConfig: Compression: SNAPPY
[2022-04-06 02:13:22,801] {spark_submit.py:488} INFO - 22/04/06 02:13:22 INFO CodecConfig: Compression: SNAPPY
[2022-04-06 02:13:22,804] {spark_submit.py:488} INFO - 22/04/06 02:13:22 INFO CodecConfig: Compression: SNAPPY
[2022-04-06 02:13:22,917] {spark_submit.py:488} INFO - 22/04/06 02:13:22 INFO CodecConfig: Compression: SNAPPY
[2022-04-06 02:13:22,917] {spark_submit.py:488} INFO - 22/04/06 02:13:22 INFO CodecConfig: Compression: SNAPPY
[2022-04-06 02:13:22,920] {spark_submit.py:488} INFO - 22/04/06 02:13:22 INFO CodecConfig: Compression: SNAPPY
[2022-04-06 02:13:22,925] {spark_submit.py:488} INFO - 22/04/06 02:13:22 INFO CodecConfig: Compression: SNAPPY
[2022-04-06 02:13:23,042] {spark_submit.py:488} INFO - 22/04/06 02:13:23 INFO BlockManagerInfo: Removed broadcast_2_piece0 on 9fe4286b2855:41359 in memory (size: 10.5 KiB, free: 434.3 MiB)
[2022-04-06 02:13:23,124] {spark_submit.py:488} INFO - 22/04/06 02:13:23 INFO ParquetOutputFormat: Parquet block size to 134217728
[2022-04-06 02:13:23,124] {spark_submit.py:488} INFO - 22/04/06 02:13:23 INFO ParquetOutputFormat: Validation is off
[2022-04-06 02:13:23,124] {spark_submit.py:488} INFO - 22/04/06 02:13:23 INFO ParquetOutputFormat: Maximum row group padding size is 8388608 bytes
[2022-04-06 02:13:23,124] {spark_submit.py:488} INFO - 22/04/06 02:13:23 INFO ParquetOutputFormat: Parquet properties are:
[2022-04-06 02:13:23,124] {spark_submit.py:488} INFO - Parquet page size to 1048576
[2022-04-06 02:13:23,124] {spark_submit.py:488} INFO - Parquet dictionary page size to 1048576
[2022-04-06 02:13:23,124] {spark_submit.py:488} INFO - Dictionary is true
[2022-04-06 02:13:23,124] {spark_submit.py:488} INFO - Writer version is: PARQUET_1_0
[2022-04-06 02:13:23,125] {spark_submit.py:488} INFO - Page size checking is: estimated
[2022-04-06 02:13:23,125] {spark_submit.py:488} INFO - Min row count for page size check is: 100
[2022-04-06 02:13:23,125] {spark_submit.py:488} INFO - Max row count for page size check is: 10000
[2022-04-06 02:13:23,125] {spark_submit.py:488} INFO - Truncate length for column indexes is: 64
[2022-04-06 02:13:23,125] {spark_submit.py:488} INFO - Truncate length for statistics min/max  is: 2147483647
[2022-04-06 02:13:23,125] {spark_submit.py:488} INFO - Bloom filter enabled: false
[2022-04-06 02:13:23,125] {spark_submit.py:488} INFO - Max Bloom filter size for a column is 1048576
[2022-04-06 02:13:23,125] {spark_submit.py:488} INFO - Bloom filter expected number of distinct values are: null
[2022-04-06 02:13:23,125] {spark_submit.py:488} INFO - Page row count limit to 20000
[2022-04-06 02:13:23,125] {spark_submit.py:488} INFO - Writing page checksums is: on
[2022-04-06 02:13:23,140] {spark_submit.py:488} INFO - 22/04/06 02:13:23 INFO ParquetOutputFormat: Parquet block size to 134217728
[2022-04-06 02:13:23,140] {spark_submit.py:488} INFO - 22/04/06 02:13:23 INFO ParquetOutputFormat: Validation is off
[2022-04-06 02:13:23,140] {spark_submit.py:488} INFO - 22/04/06 02:13:23 INFO ParquetOutputFormat: Maximum row group padding size is 8388608 bytes
[2022-04-06 02:13:23,140] {spark_submit.py:488} INFO - 22/04/06 02:13:23 INFO ParquetOutputFormat: Parquet properties are:
[2022-04-06 02:13:23,140] {spark_submit.py:488} INFO - Parquet page size to 1048576
[2022-04-06 02:13:23,140] {spark_submit.py:488} INFO - Parquet dictionary page size to 1048576
[2022-04-06 02:13:23,140] {spark_submit.py:488} INFO - Dictionary is true
[2022-04-06 02:13:23,140] {spark_submit.py:488} INFO - Writer version is: PARQUET_1_0
[2022-04-06 02:13:23,140] {spark_submit.py:488} INFO - Page size checking is: estimated
[2022-04-06 02:13:23,140] {spark_submit.py:488} INFO - Min row count for page size check is: 100
[2022-04-06 02:13:23,141] {spark_submit.py:488} INFO - Max row count for page size check is: 10000
[2022-04-06 02:13:23,141] {spark_submit.py:488} INFO - Truncate length for column indexes is: 64
[2022-04-06 02:13:23,141] {spark_submit.py:488} INFO - Truncate length for statistics min/max  is: 2147483647
[2022-04-06 02:13:23,141] {spark_submit.py:488} INFO - Bloom filter enabled: false
[2022-04-06 02:13:23,141] {spark_submit.py:488} INFO - Max Bloom filter size for a column is 1048576
[2022-04-06 02:13:23,141] {spark_submit.py:488} INFO - Bloom filter expected number of distinct values are: null
[2022-04-06 02:13:23,141] {spark_submit.py:488} INFO - Page row count limit to 20000
[2022-04-06 02:13:23,141] {spark_submit.py:488} INFO - Writing page checksums is: on
[2022-04-06 02:13:23,197] {spark_submit.py:488} INFO - 22/04/06 02:13:23 INFO ParquetOutputFormat: Parquet block size to 134217728
[2022-04-06 02:13:23,197] {spark_submit.py:488} INFO - 22/04/06 02:13:23 INFO ParquetOutputFormat: Validation is off
[2022-04-06 02:13:23,197] {spark_submit.py:488} INFO - 22/04/06 02:13:23 INFO ParquetOutputFormat: Maximum row group padding size is 8388608 bytes
[2022-04-06 02:13:23,197] {spark_submit.py:488} INFO - 22/04/06 02:13:23 INFO ParquetOutputFormat: Parquet properties are:
[2022-04-06 02:13:23,197] {spark_submit.py:488} INFO - Parquet page size to 1048576
[2022-04-06 02:13:23,197] {spark_submit.py:488} INFO - Parquet dictionary page size to 1048576
[2022-04-06 02:13:23,197] {spark_submit.py:488} INFO - Dictionary is true
[2022-04-06 02:13:23,197] {spark_submit.py:488} INFO - Writer version is: PARQUET_1_0
[2022-04-06 02:13:23,197] {spark_submit.py:488} INFO - Page size checking is: estimated
[2022-04-06 02:13:23,197] {spark_submit.py:488} INFO - Min row count for page size check is: 100
[2022-04-06 02:13:23,198] {spark_submit.py:488} INFO - Max row count for page size check is: 10000
[2022-04-06 02:13:23,198] {spark_submit.py:488} INFO - Truncate length for column indexes is: 64
[2022-04-06 02:13:23,198] {spark_submit.py:488} INFO - Truncate length for statistics min/max  is: 2147483647
[2022-04-06 02:13:23,198] {spark_submit.py:488} INFO - Bloom filter enabled: false
[2022-04-06 02:13:23,198] {spark_submit.py:488} INFO - Max Bloom filter size for a column is 1048576
[2022-04-06 02:13:23,198] {spark_submit.py:488} INFO - Bloom filter expected number of distinct values are: null
[2022-04-06 02:13:23,198] {spark_submit.py:488} INFO - Page row count limit to 20000
[2022-04-06 02:13:23,198] {spark_submit.py:488} INFO - Writing page checksums is: on
[2022-04-06 02:13:23,203] {spark_submit.py:488} INFO - 22/04/06 02:13:23 INFO ParquetOutputFormat: Parquet block size to 134217728
[2022-04-06 02:13:23,203] {spark_submit.py:488} INFO - 22/04/06 02:13:23 INFO ParquetOutputFormat: Validation is off
[2022-04-06 02:13:23,203] {spark_submit.py:488} INFO - 22/04/06 02:13:23 INFO ParquetOutputFormat: Maximum row group padding size is 8388608 bytes
[2022-04-06 02:13:23,207] {spark_submit.py:488} INFO - 22/04/06 02:13:23 INFO ParquetOutputFormat: Parquet properties are:
[2022-04-06 02:13:23,208] {spark_submit.py:488} INFO - Parquet page size to 1048576
[2022-04-06 02:13:23,208] {spark_submit.py:488} INFO - Parquet dictionary page size to 1048576
[2022-04-06 02:13:23,208] {spark_submit.py:488} INFO - Dictionary is true
[2022-04-06 02:13:23,208] {spark_submit.py:488} INFO - Writer version is: PARQUET_1_0
[2022-04-06 02:13:23,208] {spark_submit.py:488} INFO - Page size checking is: estimated
[2022-04-06 02:13:23,208] {spark_submit.py:488} INFO - Min row count for page size check is: 100
[2022-04-06 02:13:23,208] {spark_submit.py:488} INFO - Max row count for page size check is: 10000
[2022-04-06 02:13:23,208] {spark_submit.py:488} INFO - Truncate length for column indexes is: 64
[2022-04-06 02:13:23,208] {spark_submit.py:488} INFO - Truncate length for statistics min/max  is: 2147483647
[2022-04-06 02:13:23,208] {spark_submit.py:488} INFO - Bloom filter enabled: false
[2022-04-06 02:13:23,208] {spark_submit.py:488} INFO - Max Bloom filter size for a column is 1048576
[2022-04-06 02:13:23,208] {spark_submit.py:488} INFO - Bloom filter expected number of distinct values are: null
[2022-04-06 02:13:23,209] {spark_submit.py:488} INFO - Page row count limit to 20000
[2022-04-06 02:13:23,209] {spark_submit.py:488} INFO - Writing page checksums is: on
[2022-04-06 02:13:23,218] {spark_submit.py:488} INFO - 22/04/06 02:13:23 INFO ParquetWriteSupport: Initialized Parquet WriteSupport with Catalyst schema:
[2022-04-06 02:13:23,218] {spark_submit.py:488} INFO - {
[2022-04-06 02:13:23,219] {spark_submit.py:488} INFO - "type" : "struct",
[2022-04-06 02:13:23,219] {spark_submit.py:488} INFO - "fields" : [ {
[2022-04-06 02:13:23,219] {spark_submit.py:488} INFO - "name" : "id",
[2022-04-06 02:13:23,219] {spark_submit.py:488} INFO - "type" : "integer",
[2022-04-06 02:13:23,219] {spark_submit.py:488} INFO - "nullable" : true,
[2022-04-06 02:13:23,219] {spark_submit.py:488} INFO - "metadata" : { }
[2022-04-06 02:13:23,219] {spark_submit.py:488} INFO - }, {
[2022-04-06 02:13:23,219] {spark_submit.py:488} INFO - "name" : "title",
[2022-04-06 02:13:23,219] {spark_submit.py:488} INFO - "type" : "string",
[2022-04-06 02:13:23,219] {spark_submit.py:488} INFO - "nullable" : true,
[2022-04-06 02:13:23,219] {spark_submit.py:488} INFO - "metadata" : { }
[2022-04-06 02:13:23,219] {spark_submit.py:488} INFO - }, {
[2022-04-06 02:13:23,219] {spark_submit.py:488} INFO - "name" : "body",
[2022-04-06 02:13:23,220] {spark_submit.py:488} INFO - "type" : "string",
[2022-04-06 02:13:23,220] {spark_submit.py:488} INFO - "nullable" : true,
[2022-04-06 02:13:23,220] {spark_submit.py:488} INFO - "metadata" : { }
[2022-04-06 02:13:23,220] {spark_submit.py:488} INFO - }, {
[2022-04-06 02:13:23,220] {spark_submit.py:488} INFO - "name" : "accepted_answer_id",
[2022-04-06 02:13:23,220] {spark_submit.py:488} INFO - "type" : "integer",
[2022-04-06 02:13:23,220] {spark_submit.py:488} INFO - "nullable" : true,
[2022-04-06 02:13:23,220] {spark_submit.py:488} INFO - "metadata" : { }
[2022-04-06 02:13:23,220] {spark_submit.py:488} INFO - }, {
[2022-04-06 02:13:23,220] {spark_submit.py:488} INFO - "name" : "answer_count",
[2022-04-06 02:13:23,220] {spark_submit.py:488} INFO - "type" : "integer",
[2022-04-06 02:13:23,220] {spark_submit.py:488} INFO - "nullable" : true,
[2022-04-06 02:13:23,220] {spark_submit.py:488} INFO - "metadata" : { }
[2022-04-06 02:13:23,220] {spark_submit.py:488} INFO - }, {
[2022-04-06 02:13:23,220] {spark_submit.py:488} INFO - "name" : "comment_count",
[2022-04-06 02:13:23,220] {spark_submit.py:488} INFO - "type" : "integer",
[2022-04-06 02:13:23,221] {spark_submit.py:488} INFO - "nullable" : true,
[2022-04-06 02:13:23,221] {spark_submit.py:488} INFO - "metadata" : { }
[2022-04-06 02:13:23,221] {spark_submit.py:488} INFO - }, {
[2022-04-06 02:13:23,221] {spark_submit.py:488} INFO - "name" : "community_owned_date",
[2022-04-06 02:13:23,221] {spark_submit.py:488} INFO - "type" : "timestamp",
[2022-04-06 02:13:23,221] {spark_submit.py:488} INFO - "nullable" : true,
[2022-04-06 02:13:23,221] {spark_submit.py:488} INFO - "metadata" : { }
[2022-04-06 02:13:23,221] {spark_submit.py:488} INFO - }, {
[2022-04-06 02:13:23,221] {spark_submit.py:488} INFO - "name" : "creation_date",
[2022-04-06 02:13:23,221] {spark_submit.py:488} INFO - "type" : "timestamp",
[2022-04-06 02:13:23,221] {spark_submit.py:488} INFO - "nullable" : true,
[2022-04-06 02:13:23,221] {spark_submit.py:488} INFO - "metadata" : { }
[2022-04-06 02:13:23,221] {spark_submit.py:488} INFO - }, {
[2022-04-06 02:13:23,222] {spark_submit.py:488} INFO - "name" : "favorite_count",
[2022-04-06 02:13:23,222] {spark_submit.py:488} INFO - "type" : "integer",
[2022-04-06 02:13:23,222] {spark_submit.py:488} INFO - "nullable" : true,
[2022-04-06 02:13:23,222] {spark_submit.py:488} INFO - "metadata" : { }
[2022-04-06 02:13:23,222] {spark_submit.py:488} INFO - }, {
[2022-04-06 02:13:23,222] {spark_submit.py:488} INFO - "name" : "last_activity_date",
[2022-04-06 02:13:23,222] {spark_submit.py:488} INFO - "type" : "timestamp",
[2022-04-06 02:13:23,222] {spark_submit.py:488} INFO - "nullable" : true,
[2022-04-06 02:13:23,222] {spark_submit.py:488} INFO - "metadata" : { }
[2022-04-06 02:13:23,222] {spark_submit.py:488} INFO - }, {
[2022-04-06 02:13:23,222] {spark_submit.py:488} INFO - "name" : "last_edit_date",
[2022-04-06 02:13:23,222] {spark_submit.py:488} INFO - "type" : "timestamp",
[2022-04-06 02:13:23,222] {spark_submit.py:488} INFO - "nullable" : true,
[2022-04-06 02:13:23,222] {spark_submit.py:488} INFO - "metadata" : { }
[2022-04-06 02:13:23,222] {spark_submit.py:488} INFO - }, {
[2022-04-06 02:13:23,222] {spark_submit.py:488} INFO - "name" : "last_editor_display_name",
[2022-04-06 02:13:23,223] {spark_submit.py:488} INFO - "type" : "string",
[2022-04-06 02:13:23,223] {spark_submit.py:488} INFO - "nullable" : true,
[2022-04-06 02:13:23,223] {spark_submit.py:488} INFO - "metadata" : { }
[2022-04-06 02:13:23,223] {spark_submit.py:488} INFO - }, {
[2022-04-06 02:13:23,228] {spark_submit.py:488} INFO - "name" : "last_editor_user_id",
[2022-04-06 02:13:23,228] {spark_submit.py:488} INFO - "type" : "integer",
[2022-04-06 02:13:23,228] {spark_submit.py:488} INFO - "nullable" : true,
[2022-04-06 02:13:23,228] {spark_submit.py:488} INFO - "metadata" : { }
[2022-04-06 02:13:23,228] {spark_submit.py:488} INFO - }, {
[2022-04-06 02:13:23,228] {spark_submit.py:488} INFO - "name" : "owner_display_name",
[2022-04-06 02:13:23,228] {spark_submit.py:488} INFO - "type" : "string",
[2022-04-06 02:13:23,228] {spark_submit.py:488} INFO - "nullable" : true,
[2022-04-06 02:13:23,228] {spark_submit.py:488} INFO - "metadata" : { }
[2022-04-06 02:13:23,229] {spark_submit.py:488} INFO - }, {
[2022-04-06 02:13:23,229] {spark_submit.py:488} INFO - "name" : "owner_user_id",
[2022-04-06 02:13:23,229] {spark_submit.py:488} INFO - "type" : "integer",
[2022-04-06 02:13:23,229] {spark_submit.py:488} INFO - "nullable" : true,
[2022-04-06 02:13:23,229] {spark_submit.py:488} INFO - "metadata" : { }
[2022-04-06 02:13:23,229] {spark_submit.py:488} INFO - }, {
[2022-04-06 02:13:23,229] {spark_submit.py:488} INFO - "name" : "parent_id",
[2022-04-06 02:13:23,229] {spark_submit.py:488} INFO - "type" : "integer",
[2022-04-06 02:13:23,229] {spark_submit.py:488} INFO - "nullable" : true,
[2022-04-06 02:13:23,229] {spark_submit.py:488} INFO - "metadata" : { }
[2022-04-06 02:13:23,229] {spark_submit.py:488} INFO - }, {
[2022-04-06 02:13:23,229] {spark_submit.py:488} INFO - "name" : "post_type_id",
[2022-04-06 02:13:23,229] {spark_submit.py:488} INFO - "type" : "integer",
[2022-04-06 02:13:23,229] {spark_submit.py:488} INFO - "nullable" : true,
[2022-04-06 02:13:23,230] {spark_submit.py:488} INFO - "metadata" : { }
[2022-04-06 02:13:23,230] {spark_submit.py:488} INFO - }, {
[2022-04-06 02:13:23,230] {spark_submit.py:488} INFO - "name" : "score",
[2022-04-06 02:13:23,230] {spark_submit.py:488} INFO - "type" : "integer",
[2022-04-06 02:13:23,230] {spark_submit.py:488} INFO - "nullable" : true,
[2022-04-06 02:13:23,230] {spark_submit.py:488} INFO - "metadata" : { }
[2022-04-06 02:13:23,230] {spark_submit.py:488} INFO - }, {
[2022-04-06 02:13:23,230] {spark_submit.py:488} INFO - "name" : "tags",
[2022-04-06 02:13:23,230] {spark_submit.py:488} INFO - "type" : "string",
[2022-04-06 02:13:23,230] {spark_submit.py:488} INFO - "nullable" : true,
[2022-04-06 02:13:23,230] {spark_submit.py:488} INFO - "metadata" : { }
[2022-04-06 02:13:23,230] {spark_submit.py:488} INFO - }, {
[2022-04-06 02:13:23,230] {spark_submit.py:488} INFO - "name" : "view_count",
[2022-04-06 02:13:23,231] {spark_submit.py:488} INFO - "type" : "integer",
[2022-04-06 02:13:23,231] {spark_submit.py:488} INFO - "nullable" : true,
[2022-04-06 02:13:23,231] {spark_submit.py:488} INFO - "metadata" : { }
[2022-04-06 02:13:23,231] {spark_submit.py:488} INFO - }, {
[2022-04-06 02:13:23,231] {spark_submit.py:488} INFO - "name" : "group_by_date",
[2022-04-06 02:13:23,231] {spark_submit.py:488} INFO - "type" : "timestamp",
[2022-04-06 02:13:23,231] {spark_submit.py:488} INFO - "nullable" : true,
[2022-04-06 02:13:23,231] {spark_submit.py:488} INFO - "metadata" : { }
[2022-04-06 02:13:23,231] {spark_submit.py:488} INFO - } ]
[2022-04-06 02:13:23,231] {spark_submit.py:488} INFO - }
[2022-04-06 02:13:23,231] {spark_submit.py:488} INFO - and corresponding Parquet message type:
[2022-04-06 02:13:23,231] {spark_submit.py:488} INFO - message spark_schema {
[2022-04-06 02:13:23,231] {spark_submit.py:488} INFO - optional int32 id;
[2022-04-06 02:13:23,296] {spark_submit.py:488} INFO - optional binary title (STRING);
[2022-04-06 02:13:23,296] {spark_submit.py:488} INFO - optional binary body (STRING);
[2022-04-06 02:13:23,296] {spark_submit.py:488} INFO - optional int32 accepted_answer_id;
[2022-04-06 02:13:23,296] {spark_submit.py:488} INFO - optional int32 answer_count;
[2022-04-06 02:13:23,296] {spark_submit.py:488} INFO - optional int32 comment_count;
[2022-04-06 02:13:23,296] {spark_submit.py:488} INFO - optional int96 community_owned_date;
[2022-04-06 02:13:23,296] {spark_submit.py:488} INFO - optional int96 creation_date;
[2022-04-06 02:13:23,296] {spark_submit.py:488} INFO - optional int32 favorite_count;
[2022-04-06 02:13:23,296] {spark_submit.py:488} INFO - optional int96 last_activity_date;
[2022-04-06 02:13:23,296] {spark_submit.py:488} INFO - optional int96 last_edit_date;
[2022-04-06 02:13:23,297] {spark_submit.py:488} INFO - optional binary last_editor_display_name (STRING);
[2022-04-06 02:13:23,297] {spark_submit.py:488} INFO - optional int32 last_editor_user_id;
[2022-04-06 02:13:23,297] {spark_submit.py:488} INFO - optional binary owner_display_name (STRING);
[2022-04-06 02:13:23,297] {spark_submit.py:488} INFO - optional int32 owner_user_id;
[2022-04-06 02:13:23,297] {spark_submit.py:488} INFO - optional int32 parent_id;
[2022-04-06 02:13:23,297] {spark_submit.py:488} INFO - optional int32 post_type_id;
[2022-04-06 02:13:23,297] {spark_submit.py:488} INFO - optional int32 score;
[2022-04-06 02:13:23,297] {spark_submit.py:488} INFO - optional binary tags (STRING);
[2022-04-06 02:13:23,297] {spark_submit.py:488} INFO - optional int32 view_count;
[2022-04-06 02:13:23,297] {spark_submit.py:488} INFO - optional int96 group_by_date;
[2022-04-06 02:13:23,297] {spark_submit.py:488} INFO - }
[2022-04-06 02:13:23,297] {spark_submit.py:488} INFO - 
[2022-04-06 02:13:23,297] {spark_submit.py:488} INFO - 
[2022-04-06 02:13:23,298] {spark_submit.py:488} INFO - 22/04/06 02:13:23 INFO ParquetWriteSupport: Initialized Parquet WriteSupport with Catalyst schema:
[2022-04-06 02:13:23,298] {spark_submit.py:488} INFO - {
[2022-04-06 02:13:23,298] {spark_submit.py:488} INFO - "type" : "struct",
[2022-04-06 02:13:23,298] {spark_submit.py:488} INFO - "fields" : [ {
[2022-04-06 02:13:23,298] {spark_submit.py:488} INFO - "name" : "id",
[2022-04-06 02:13:23,298] {spark_submit.py:488} INFO - "type" : "integer",
[2022-04-06 02:13:23,298] {spark_submit.py:488} INFO - "nullable" : true,
[2022-04-06 02:13:23,298] {spark_submit.py:488} INFO - "metadata" : { }
[2022-04-06 02:13:23,298] {spark_submit.py:488} INFO - }, {
[2022-04-06 02:13:23,298] {spark_submit.py:488} INFO - "name" : "title",
[2022-04-06 02:13:23,298] {spark_submit.py:488} INFO - "type" : "string",
[2022-04-06 02:13:23,298] {spark_submit.py:488} INFO - "nullable" : true,
[2022-04-06 02:13:23,298] {spark_submit.py:488} INFO - "metadata" : { }
[2022-04-06 02:13:23,298] {spark_submit.py:488} INFO - }, {
[2022-04-06 02:13:23,299] {spark_submit.py:488} INFO - "name" : "body",
[2022-04-06 02:13:23,299] {spark_submit.py:488} INFO - "type" : "string",
[2022-04-06 02:13:23,299] {spark_submit.py:488} INFO - "nullable" : true,
[2022-04-06 02:13:23,299] {spark_submit.py:488} INFO - "metadata" : { }
[2022-04-06 02:13:23,299] {spark_submit.py:488} INFO - }, {
[2022-04-06 02:13:23,299] {spark_submit.py:488} INFO - "name" : "accepted_answer_id",
[2022-04-06 02:13:23,299] {spark_submit.py:488} INFO - "type" : "integer",
[2022-04-06 02:13:23,299] {spark_submit.py:488} INFO - "nullable" : true,
[2022-04-06 02:13:23,299] {spark_submit.py:488} INFO - "metadata" : { }
[2022-04-06 02:13:23,299] {spark_submit.py:488} INFO - }, {
[2022-04-06 02:13:23,299] {spark_submit.py:488} INFO - "name" : "answer_count",
[2022-04-06 02:13:23,299] {spark_submit.py:488} INFO - "type" : "integer",
[2022-04-06 02:13:23,299] {spark_submit.py:488} INFO - "nullable" : true,
[2022-04-06 02:13:23,299] {spark_submit.py:488} INFO - "metadata" : { }
[2022-04-06 02:13:23,299] {spark_submit.py:488} INFO - }, {
[2022-04-06 02:13:23,299] {spark_submit.py:488} INFO - "name" : "comment_count",
[2022-04-06 02:13:23,324] {spark_submit.py:488} INFO - "type" : "integer",
[2022-04-06 02:13:23,324] {spark_submit.py:488} INFO - "nullable" : true,
[2022-04-06 02:13:23,324] {spark_submit.py:488} INFO - "metadata" : { }
[2022-04-06 02:13:23,325] {spark_submit.py:488} INFO - }, {
[2022-04-06 02:13:23,325] {spark_submit.py:488} INFO - "name" : "community_owned_date",
[2022-04-06 02:13:23,325] {spark_submit.py:488} INFO - "type" : "timestamp",
[2022-04-06 02:13:23,325] {spark_submit.py:488} INFO - "nullable" : true,
[2022-04-06 02:13:23,325] {spark_submit.py:488} INFO - "metadata" : { }
[2022-04-06 02:13:23,325] {spark_submit.py:488} INFO - }, {
[2022-04-06 02:13:23,325] {spark_submit.py:488} INFO - "name" : "creation_date",
[2022-04-06 02:13:23,325] {spark_submit.py:488} INFO - "type" : "timestamp",
[2022-04-06 02:13:23,325] {spark_submit.py:488} INFO - "nullable" : true,
[2022-04-06 02:13:23,325] {spark_submit.py:488} INFO - "metadata" : { }
[2022-04-06 02:13:23,325] {spark_submit.py:488} INFO - }, {
[2022-04-06 02:13:23,325] {spark_submit.py:488} INFO - "name" : "favorite_count",
[2022-04-06 02:13:23,325] {spark_submit.py:488} INFO - "type" : "integer",
[2022-04-06 02:13:23,325] {spark_submit.py:488} INFO - "nullable" : true,
[2022-04-06 02:13:23,326] {spark_submit.py:488} INFO - "metadata" : { }
[2022-04-06 02:13:23,330] {spark_submit.py:488} INFO - }, {
[2022-04-06 02:13:23,330] {spark_submit.py:488} INFO - "name" : "last_activity_date",
[2022-04-06 02:13:23,330] {spark_submit.py:488} INFO - "type" : "timestamp",
[2022-04-06 02:13:23,330] {spark_submit.py:488} INFO - "nullable" : true,
[2022-04-06 02:13:23,330] {spark_submit.py:488} INFO - "metadata" : { }
[2022-04-06 02:13:23,330] {spark_submit.py:488} INFO - }, {
[2022-04-06 02:13:23,330] {spark_submit.py:488} INFO - "name" : "last_edit_date",
[2022-04-06 02:13:23,330] {spark_submit.py:488} INFO - "type" : "timestamp",
[2022-04-06 02:13:23,331] {spark_submit.py:488} INFO - "nullable" : true,
[2022-04-06 02:13:23,331] {spark_submit.py:488} INFO - "metadata" : { }
[2022-04-06 02:13:23,331] {spark_submit.py:488} INFO - }, {
[2022-04-06 02:13:23,331] {spark_submit.py:488} INFO - "name" : "last_editor_display_name",
[2022-04-06 02:13:23,331] {spark_submit.py:488} INFO - "type" : "string",
[2022-04-06 02:13:23,331] {spark_submit.py:488} INFO - "nullable" : true,
[2022-04-06 02:13:23,331] {spark_submit.py:488} INFO - "metadata" : { }
[2022-04-06 02:13:23,331] {spark_submit.py:488} INFO - }, {
[2022-04-06 02:13:23,332] {spark_submit.py:488} INFO - "name" : "last_editor_user_id",
[2022-04-06 02:13:23,332] {spark_submit.py:488} INFO - "type" : "integer",
[2022-04-06 02:13:23,332] {spark_submit.py:488} INFO - "nullable" : true,
[2022-04-06 02:13:23,332] {spark_submit.py:488} INFO - "metadata" : { }
[2022-04-06 02:13:23,332] {spark_submit.py:488} INFO - }, {
[2022-04-06 02:13:23,332] {spark_submit.py:488} INFO - "name" : "owner_display_name",
[2022-04-06 02:13:23,332] {spark_submit.py:488} INFO - "type" : "string",
[2022-04-06 02:13:23,332] {spark_submit.py:488} INFO - "nullable" : true,
[2022-04-06 02:13:23,332] {spark_submit.py:488} INFO - "metadata" : { }
[2022-04-06 02:13:23,332] {spark_submit.py:488} INFO - }, {
[2022-04-06 02:13:23,332] {spark_submit.py:488} INFO - "name" : "owner_user_id",
[2022-04-06 02:13:23,332] {spark_submit.py:488} INFO - "type" : "integer",
[2022-04-06 02:13:23,332] {spark_submit.py:488} INFO - "nullable" : true,
[2022-04-06 02:13:23,333] {spark_submit.py:488} INFO - "metadata" : { }
[2022-04-06 02:13:23,333] {spark_submit.py:488} INFO - }, {
[2022-04-06 02:13:23,333] {spark_submit.py:488} INFO - "name" : "parent_id",
[2022-04-06 02:13:23,333] {spark_submit.py:488} INFO - "type" : "integer",
[2022-04-06 02:13:23,337] {spark_submit.py:488} INFO - "nullable" : true,
[2022-04-06 02:13:23,337] {spark_submit.py:488} INFO - "metadata" : { }
[2022-04-06 02:13:23,337] {spark_submit.py:488} INFO - }, {
[2022-04-06 02:13:23,337] {spark_submit.py:488} INFO - "name" : "post_type_id",
[2022-04-06 02:13:23,338] {spark_submit.py:488} INFO - "type" : "integer",
[2022-04-06 02:13:23,338] {spark_submit.py:488} INFO - "nullable" : true,
[2022-04-06 02:13:23,338] {spark_submit.py:488} INFO - "metadata" : { }
[2022-04-06 02:13:23,338] {spark_submit.py:488} INFO - }, {
[2022-04-06 02:13:23,338] {spark_submit.py:488} INFO - "name" : "score",
[2022-04-06 02:13:23,338] {spark_submit.py:488} INFO - "type" : "integer",
[2022-04-06 02:13:23,338] {spark_submit.py:488} INFO - "nullable" : true,
[2022-04-06 02:13:23,338] {spark_submit.py:488} INFO - "metadata" : { }
[2022-04-06 02:13:23,338] {spark_submit.py:488} INFO - }, {
[2022-04-06 02:13:23,338] {spark_submit.py:488} INFO - "name" : "tags",
[2022-04-06 02:13:23,338] {spark_submit.py:488} INFO - "type" : "string",
[2022-04-06 02:13:23,338] {spark_submit.py:488} INFO - "nullable" : true,
[2022-04-06 02:13:23,338] {spark_submit.py:488} INFO - "metadata" : { }
[2022-04-06 02:13:23,338] {spark_submit.py:488} INFO - }, {
[2022-04-06 02:13:23,338] {spark_submit.py:488} INFO - "name" : "view_count",
[2022-04-06 02:13:23,339] {spark_submit.py:488} INFO - "type" : "integer",
[2022-04-06 02:13:23,339] {spark_submit.py:488} INFO - "nullable" : true,
[2022-04-06 02:13:23,339] {spark_submit.py:488} INFO - "metadata" : { }
[2022-04-06 02:13:23,339] {spark_submit.py:488} INFO - }, {
[2022-04-06 02:13:23,339] {spark_submit.py:488} INFO - "name" : "group_by_date",
[2022-04-06 02:13:23,339] {spark_submit.py:488} INFO - "type" : "timestamp",
[2022-04-06 02:13:23,339] {spark_submit.py:488} INFO - "nullable" : true,
[2022-04-06 02:13:23,339] {spark_submit.py:488} INFO - "metadata" : { }
[2022-04-06 02:13:23,339] {spark_submit.py:488} INFO - } ]
[2022-04-06 02:13:23,339] {spark_submit.py:488} INFO - }
[2022-04-06 02:13:23,339] {spark_submit.py:488} INFO - and corresponding Parquet message type:
[2022-04-06 02:13:23,339] {spark_submit.py:488} INFO - message spark_schema {
[2022-04-06 02:13:23,339] {spark_submit.py:488} INFO - optional int32 id;
[2022-04-06 02:13:23,339] {spark_submit.py:488} INFO - optional binary title (STRING);
[2022-04-06 02:13:23,340] {spark_submit.py:488} INFO - optional binary body (STRING);
[2022-04-06 02:13:23,340] {spark_submit.py:488} INFO - optional int32 accepted_answer_id;
[2022-04-06 02:13:23,340] {spark_submit.py:488} INFO - optional int32 answer_count;
[2022-04-06 02:13:23,340] {spark_submit.py:488} INFO - optional int32 comment_count;
[2022-04-06 02:13:23,340] {spark_submit.py:488} INFO - optional int96 community_owned_date;
[2022-04-06 02:13:23,340] {spark_submit.py:488} INFO - optional int96 creation_date;
[2022-04-06 02:13:23,340] {spark_submit.py:488} INFO - optional int32 favorite_count;
[2022-04-06 02:13:23,340] {spark_submit.py:488} INFO - optional int96 last_activity_date;
[2022-04-06 02:13:23,340] {spark_submit.py:488} INFO - optional int96 last_edit_date;
[2022-04-06 02:13:23,340] {spark_submit.py:488} INFO - optional binary last_editor_display_name (STRING);
[2022-04-06 02:13:23,340] {spark_submit.py:488} INFO - optional int32 last_editor_user_id;
[2022-04-06 02:13:23,340] {spark_submit.py:488} INFO - optional binary owner_display_name (STRING);
[2022-04-06 02:13:23,340] {spark_submit.py:488} INFO - optional int32 owner_user_id;
[2022-04-06 02:13:23,340] {spark_submit.py:488} INFO - optional int32 parent_id;
[2022-04-06 02:13:23,341] {spark_submit.py:488} INFO - optional int32 post_type_id;
[2022-04-06 02:13:23,341] {spark_submit.py:488} INFO - optional int32 score;
[2022-04-06 02:13:23,341] {spark_submit.py:488} INFO - optional binary tags (STRING);
[2022-04-06 02:13:23,341] {spark_submit.py:488} INFO - optional int32 view_count;
[2022-04-06 02:13:23,341] {spark_submit.py:488} INFO - optional int96 group_by_date;
[2022-04-06 02:13:23,341] {spark_submit.py:488} INFO - }
[2022-04-06 02:13:23,341] {spark_submit.py:488} INFO - 
[2022-04-06 02:13:23,341] {spark_submit.py:488} INFO - 
[2022-04-06 02:13:23,341] {spark_submit.py:488} INFO - 22/04/06 02:13:23 INFO ParquetWriteSupport: Initialized Parquet WriteSupport with Catalyst schema:
[2022-04-06 02:13:23,341] {spark_submit.py:488} INFO - {
[2022-04-06 02:13:23,341] {spark_submit.py:488} INFO - "type" : "struct",
[2022-04-06 02:13:23,341] {spark_submit.py:488} INFO - "fields" : [ {
[2022-04-06 02:13:23,341] {spark_submit.py:488} INFO - "name" : "id",
[2022-04-06 02:13:23,342] {spark_submit.py:488} INFO - "type" : "integer",
[2022-04-06 02:13:23,342] {spark_submit.py:488} INFO - "nullable" : true,
[2022-04-06 02:13:23,359] {spark_submit.py:488} INFO - "metadata" : { }
[2022-04-06 02:13:23,359] {spark_submit.py:488} INFO - }, {
[2022-04-06 02:13:23,359] {spark_submit.py:488} INFO - "name" : "title",
[2022-04-06 02:13:23,359] {spark_submit.py:488} INFO - "type" : "string",
[2022-04-06 02:13:23,359] {spark_submit.py:488} INFO - "nullable" : true,
[2022-04-06 02:13:23,359] {spark_submit.py:488} INFO - "metadata" : { }
[2022-04-06 02:13:23,360] {spark_submit.py:488} INFO - }, {
[2022-04-06 02:13:23,360] {spark_submit.py:488} INFO - "name" : "body",
[2022-04-06 02:13:23,360] {spark_submit.py:488} INFO - "type" : "string",
[2022-04-06 02:13:23,360] {spark_submit.py:488} INFO - "nullable" : true,
[2022-04-06 02:13:23,360] {spark_submit.py:488} INFO - "metadata" : { }
[2022-04-06 02:13:23,360] {spark_submit.py:488} INFO - }, {
[2022-04-06 02:13:23,360] {spark_submit.py:488} INFO - "name" : "accepted_answer_id",
[2022-04-06 02:13:23,360] {spark_submit.py:488} INFO - "type" : "integer",
[2022-04-06 02:13:23,360] {spark_submit.py:488} INFO - "nullable" : true,
[2022-04-06 02:13:23,360] {spark_submit.py:488} INFO - "metadata" : { }
[2022-04-06 02:13:23,360] {spark_submit.py:488} INFO - }, {
[2022-04-06 02:13:23,360] {spark_submit.py:488} INFO - "name" : "answer_count",
[2022-04-06 02:13:23,360] {spark_submit.py:488} INFO - "type" : "integer",
[2022-04-06 02:13:23,360] {spark_submit.py:488} INFO - "nullable" : true,
[2022-04-06 02:13:23,361] {spark_submit.py:488} INFO - "metadata" : { }
[2022-04-06 02:13:23,361] {spark_submit.py:488} INFO - }, {
[2022-04-06 02:13:23,361] {spark_submit.py:488} INFO - "name" : "comment_count",
[2022-04-06 02:13:23,361] {spark_submit.py:488} INFO - "type" : "integer",
[2022-04-06 02:13:23,361] {spark_submit.py:488} INFO - "nullable" : true,
[2022-04-06 02:13:23,361] {spark_submit.py:488} INFO - "metadata" : { }
[2022-04-06 02:13:23,361] {spark_submit.py:488} INFO - }, {
[2022-04-06 02:13:23,361] {spark_submit.py:488} INFO - "name" : "community_owned_date",
[2022-04-06 02:13:23,361] {spark_submit.py:488} INFO - "type" : "timestamp",
[2022-04-06 02:13:23,361] {spark_submit.py:488} INFO - "nullable" : true,
[2022-04-06 02:13:23,361] {spark_submit.py:488} INFO - "metadata" : { }
[2022-04-06 02:13:23,361] {spark_submit.py:488} INFO - }, {
[2022-04-06 02:13:23,361] {spark_submit.py:488} INFO - "name" : "creation_date",
[2022-04-06 02:13:23,361] {spark_submit.py:488} INFO - "type" : "timestamp",
[2022-04-06 02:13:23,362] {spark_submit.py:488} INFO - "nullable" : true,
[2022-04-06 02:13:23,362] {spark_submit.py:488} INFO - "metadata" : { }
[2022-04-06 02:13:23,362] {spark_submit.py:488} INFO - }, {
[2022-04-06 02:13:23,362] {spark_submit.py:488} INFO - "name" : "favorite_count",
[2022-04-06 02:13:23,362] {spark_submit.py:488} INFO - "type" : "integer",
[2022-04-06 02:13:23,362] {spark_submit.py:488} INFO - "nullable" : true,
[2022-04-06 02:13:23,362] {spark_submit.py:488} INFO - "metadata" : { }
[2022-04-06 02:13:23,362] {spark_submit.py:488} INFO - }, {
[2022-04-06 02:13:23,362] {spark_submit.py:488} INFO - "name" : "last_activity_date",
[2022-04-06 02:13:23,362] {spark_submit.py:488} INFO - "type" : "timestamp",
[2022-04-06 02:13:23,362] {spark_submit.py:488} INFO - "nullable" : true,
[2022-04-06 02:13:23,362] {spark_submit.py:488} INFO - "metadata" : { }
[2022-04-06 02:13:23,362] {spark_submit.py:488} INFO - }, {
[2022-04-06 02:13:23,362] {spark_submit.py:488} INFO - "name" : "last_edit_date",
[2022-04-06 02:13:23,363] {spark_submit.py:488} INFO - "type" : "timestamp",
[2022-04-06 02:13:23,363] {spark_submit.py:488} INFO - "nullable" : true,
[2022-04-06 02:13:23,363] {spark_submit.py:488} INFO - "metadata" : { }
[2022-04-06 02:13:23,363] {spark_submit.py:488} INFO - }, {
[2022-04-06 02:13:23,363] {spark_submit.py:488} INFO - "name" : "last_editor_display_name",
[2022-04-06 02:13:23,363] {spark_submit.py:488} INFO - "type" : "string",
[2022-04-06 02:13:23,363] {spark_submit.py:488} INFO - "nullable" : true,
[2022-04-06 02:13:23,363] {spark_submit.py:488} INFO - "metadata" : { }
[2022-04-06 02:13:23,363] {spark_submit.py:488} INFO - }, {
[2022-04-06 02:13:23,363] {spark_submit.py:488} INFO - "name" : "last_editor_user_id",
[2022-04-06 02:13:23,363] {spark_submit.py:488} INFO - "type" : "integer",
[2022-04-06 02:13:23,363] {spark_submit.py:488} INFO - "nullable" : true,
[2022-04-06 02:13:23,363] {spark_submit.py:488} INFO - "metadata" : { }
[2022-04-06 02:13:23,363] {spark_submit.py:488} INFO - }, {
[2022-04-06 02:13:23,364] {spark_submit.py:488} INFO - "name" : "owner_display_name",
[2022-04-06 02:13:23,364] {spark_submit.py:488} INFO - "type" : "string",
[2022-04-06 02:13:23,364] {spark_submit.py:488} INFO - "nullable" : true,
[2022-04-06 02:13:23,364] {spark_submit.py:488} INFO - "metadata" : { }
[2022-04-06 02:13:23,364] {spark_submit.py:488} INFO - }, {
[2022-04-06 02:13:23,364] {spark_submit.py:488} INFO - "name" : "owner_user_id",
[2022-04-06 02:13:23,364] {spark_submit.py:488} INFO - "type" : "integer",
[2022-04-06 02:13:23,364] {spark_submit.py:488} INFO - "nullable" : true,
[2022-04-06 02:13:23,364] {spark_submit.py:488} INFO - "metadata" : { }
[2022-04-06 02:13:23,364] {spark_submit.py:488} INFO - }, {
[2022-04-06 02:13:23,364] {spark_submit.py:488} INFO - "name" : "parent_id",
[2022-04-06 02:13:23,364] {spark_submit.py:488} INFO - "type" : "integer",
[2022-04-06 02:13:23,364] {spark_submit.py:488} INFO - "nullable" : true,
[2022-04-06 02:13:23,364] {spark_submit.py:488} INFO - "metadata" : { }
[2022-04-06 02:13:23,364] {spark_submit.py:488} INFO - }, {
[2022-04-06 02:13:23,365] {spark_submit.py:488} INFO - "name" : "post_type_id",
[2022-04-06 02:13:23,365] {spark_submit.py:488} INFO - "type" : "integer",
[2022-04-06 02:13:23,365] {spark_submit.py:488} INFO - "nullable" : true,
[2022-04-06 02:13:23,365] {spark_submit.py:488} INFO - "metadata" : { }
[2022-04-06 02:13:23,365] {spark_submit.py:488} INFO - }, {
[2022-04-06 02:13:23,365] {spark_submit.py:488} INFO - "name" : "score",
[2022-04-06 02:13:23,365] {spark_submit.py:488} INFO - "type" : "integer",
[2022-04-06 02:13:23,365] {spark_submit.py:488} INFO - "nullable" : true,
[2022-04-06 02:13:23,365] {spark_submit.py:488} INFO - "metadata" : { }
[2022-04-06 02:13:23,365] {spark_submit.py:488} INFO - }, {
[2022-04-06 02:13:23,365] {spark_submit.py:488} INFO - "name" : "tags",
[2022-04-06 02:13:23,365] {spark_submit.py:488} INFO - "type" : "string",
[2022-04-06 02:13:23,365] {spark_submit.py:488} INFO - "nullable" : true,
[2022-04-06 02:13:23,366] {spark_submit.py:488} INFO - "metadata" : { }
[2022-04-06 02:13:23,366] {spark_submit.py:488} INFO - }, {
[2022-04-06 02:13:23,366] {spark_submit.py:488} INFO - "name" : "view_count",
[2022-04-06 02:13:23,366] {spark_submit.py:488} INFO - "type" : "integer",
[2022-04-06 02:13:23,366] {spark_submit.py:488} INFO - "nullable" : true,
[2022-04-06 02:13:23,366] {spark_submit.py:488} INFO - "metadata" : { }
[2022-04-06 02:13:23,366] {spark_submit.py:488} INFO - }, {
[2022-04-06 02:13:23,366] {spark_submit.py:488} INFO - "name" : "group_by_date",
[2022-04-06 02:13:23,366] {spark_submit.py:488} INFO - "type" : "timestamp",
[2022-04-06 02:13:23,366] {spark_submit.py:488} INFO - "nullable" : true,
[2022-04-06 02:13:23,366] {spark_submit.py:488} INFO - "metadata" : { }
[2022-04-06 02:13:23,366] {spark_submit.py:488} INFO - } ]
[2022-04-06 02:13:23,366] {spark_submit.py:488} INFO - }
[2022-04-06 02:13:23,366] {spark_submit.py:488} INFO - and corresponding Parquet message type:
[2022-04-06 02:13:23,367] {spark_submit.py:488} INFO - message spark_schema {
[2022-04-06 02:13:23,367] {spark_submit.py:488} INFO - optional int32 id;
[2022-04-06 02:13:23,367] {spark_submit.py:488} INFO - optional binary title (STRING);
[2022-04-06 02:13:23,367] {spark_submit.py:488} INFO - optional binary body (STRING);
[2022-04-06 02:13:23,367] {spark_submit.py:488} INFO - optional int32 accepted_answer_id;
[2022-04-06 02:13:23,367] {spark_submit.py:488} INFO - optional int32 answer_count;
[2022-04-06 02:13:23,367] {spark_submit.py:488} INFO - optional int32 comment_count;
[2022-04-06 02:13:23,367] {spark_submit.py:488} INFO - optional int96 community_owned_date;
[2022-04-06 02:13:23,367] {spark_submit.py:488} INFO - optional int96 creation_date;
[2022-04-06 02:13:23,367] {spark_submit.py:488} INFO - optional int32 favorite_count;
[2022-04-06 02:13:23,367] {spark_submit.py:488} INFO - optional int96 last_activity_date;
[2022-04-06 02:13:23,367] {spark_submit.py:488} INFO - optional int96 last_edit_date;
[2022-04-06 02:13:23,367] {spark_submit.py:488} INFO - optional binary last_editor_display_name (STRING);
[2022-04-06 02:13:23,367] {spark_submit.py:488} INFO - optional int32 last_editor_user_id;
[2022-04-06 02:13:23,368] {spark_submit.py:488} INFO - optional binary owner_display_name (STRING);
[2022-04-06 02:13:23,368] {spark_submit.py:488} INFO - optional int32 owner_user_id;
[2022-04-06 02:13:23,368] {spark_submit.py:488} INFO - optional int32 parent_id;
[2022-04-06 02:13:23,368] {spark_submit.py:488} INFO - optional int32 post_type_id;
[2022-04-06 02:13:23,368] {spark_submit.py:488} INFO - optional int32 score;
[2022-04-06 02:13:23,368] {spark_submit.py:488} INFO - optional binary tags (STRING);
[2022-04-06 02:13:23,368] {spark_submit.py:488} INFO - optional int32 view_count;
[2022-04-06 02:13:23,368] {spark_submit.py:488} INFO - optional int96 group_by_date;
[2022-04-06 02:13:23,368] {spark_submit.py:488} INFO - }
[2022-04-06 02:13:23,368] {spark_submit.py:488} INFO - 
[2022-04-06 02:13:23,368] {spark_submit.py:488} INFO - 
[2022-04-06 02:13:23,584] {spark_submit.py:488} INFO - 22/04/06 02:13:23 INFO ParquetWriteSupport: Initialized Parquet WriteSupport with Catalyst schema:
[2022-04-06 02:13:23,584] {spark_submit.py:488} INFO - {
[2022-04-06 02:13:23,584] {spark_submit.py:488} INFO - "type" : "struct",
[2022-04-06 02:13:23,584] {spark_submit.py:488} INFO - "fields" : [ {
[2022-04-06 02:13:23,585] {spark_submit.py:488} INFO - "name" : "id",
[2022-04-06 02:13:23,585] {spark_submit.py:488} INFO - "type" : "integer",
[2022-04-06 02:13:23,585] {spark_submit.py:488} INFO - "nullable" : true,
[2022-04-06 02:13:23,585] {spark_submit.py:488} INFO - "metadata" : { }
[2022-04-06 02:13:23,585] {spark_submit.py:488} INFO - }, {
[2022-04-06 02:13:23,585] {spark_submit.py:488} INFO - "name" : "title",
[2022-04-06 02:13:23,585] {spark_submit.py:488} INFO - "type" : "string",
[2022-04-06 02:13:23,585] {spark_submit.py:488} INFO - "nullable" : true,
[2022-04-06 02:13:23,585] {spark_submit.py:488} INFO - "metadata" : { }
[2022-04-06 02:13:23,585] {spark_submit.py:488} INFO - }, {
[2022-04-06 02:13:23,585] {spark_submit.py:488} INFO - "name" : "body",
[2022-04-06 02:13:23,585] {spark_submit.py:488} INFO - "type" : "string",
[2022-04-06 02:13:23,586] {spark_submit.py:488} INFO - "nullable" : true,
[2022-04-06 02:13:23,586] {spark_submit.py:488} INFO - "metadata" : { }
[2022-04-06 02:13:23,586] {spark_submit.py:488} INFO - }, {
[2022-04-06 02:13:23,586] {spark_submit.py:488} INFO - "name" : "accepted_answer_id",
[2022-04-06 02:13:23,586] {spark_submit.py:488} INFO - "type" : "integer",
[2022-04-06 02:13:23,586] {spark_submit.py:488} INFO - "nullable" : true,
[2022-04-06 02:13:23,586] {spark_submit.py:488} INFO - "metadata" : { }
[2022-04-06 02:13:23,586] {spark_submit.py:488} INFO - }, {
[2022-04-06 02:13:23,586] {spark_submit.py:488} INFO - "name" : "answer_count",
[2022-04-06 02:13:23,586] {spark_submit.py:488} INFO - "type" : "integer",
[2022-04-06 02:13:23,586] {spark_submit.py:488} INFO - "nullable" : true,
[2022-04-06 02:13:23,586] {spark_submit.py:488} INFO - "metadata" : { }
[2022-04-06 02:13:23,586] {spark_submit.py:488} INFO - }, {
[2022-04-06 02:13:23,587] {spark_submit.py:488} INFO - "name" : "comment_count",
[2022-04-06 02:13:23,587] {spark_submit.py:488} INFO - "type" : "integer",
[2022-04-06 02:13:23,587] {spark_submit.py:488} INFO - "nullable" : true,
[2022-04-06 02:13:23,587] {spark_submit.py:488} INFO - "metadata" : { }
[2022-04-06 02:13:23,587] {spark_submit.py:488} INFO - }, {
[2022-04-06 02:13:23,587] {spark_submit.py:488} INFO - "name" : "community_owned_date",
[2022-04-06 02:13:23,587] {spark_submit.py:488} INFO - "type" : "timestamp",
[2022-04-06 02:13:23,587] {spark_submit.py:488} INFO - "nullable" : true,
[2022-04-06 02:13:23,591] {spark_submit.py:488} INFO - "metadata" : { }
[2022-04-06 02:13:23,592] {spark_submit.py:488} INFO - }, {
[2022-04-06 02:13:23,592] {spark_submit.py:488} INFO - "name" : "creation_date",
[2022-04-06 02:13:23,592] {spark_submit.py:488} INFO - "type" : "timestamp",
[2022-04-06 02:13:23,592] {spark_submit.py:488} INFO - "nullable" : true,
[2022-04-06 02:13:23,592] {spark_submit.py:488} INFO - "metadata" : { }
[2022-04-06 02:13:23,592] {spark_submit.py:488} INFO - }, {
[2022-04-06 02:13:23,592] {spark_submit.py:488} INFO - "name" : "favorite_count",
[2022-04-06 02:13:23,592] {spark_submit.py:488} INFO - "type" : "integer",
[2022-04-06 02:13:23,592] {spark_submit.py:488} INFO - "nullable" : true,
[2022-04-06 02:13:23,592] {spark_submit.py:488} INFO - "metadata" : { }
[2022-04-06 02:13:23,592] {spark_submit.py:488} INFO - }, {
[2022-04-06 02:13:23,593] {spark_submit.py:488} INFO - "name" : "last_activity_date",
[2022-04-06 02:13:23,593] {spark_submit.py:488} INFO - "type" : "timestamp",
[2022-04-06 02:13:23,593] {spark_submit.py:488} INFO - "nullable" : true,
[2022-04-06 02:13:23,593] {spark_submit.py:488} INFO - "metadata" : { }
[2022-04-06 02:13:23,593] {spark_submit.py:488} INFO - }, {
[2022-04-06 02:13:23,593] {spark_submit.py:488} INFO - "name" : "last_edit_date",
[2022-04-06 02:13:23,593] {spark_submit.py:488} INFO - "type" : "timestamp",
[2022-04-06 02:13:23,593] {spark_submit.py:488} INFO - "nullable" : true,
[2022-04-06 02:13:23,594] {spark_submit.py:488} INFO - "metadata" : { }
[2022-04-06 02:13:23,594] {spark_submit.py:488} INFO - }, {
[2022-04-06 02:13:23,594] {spark_submit.py:488} INFO - "name" : "last_editor_display_name",
[2022-04-06 02:13:23,594] {spark_submit.py:488} INFO - "type" : "string",
[2022-04-06 02:13:23,594] {spark_submit.py:488} INFO - "nullable" : true,
[2022-04-06 02:13:23,594] {spark_submit.py:488} INFO - "metadata" : { }
[2022-04-06 02:13:23,594] {spark_submit.py:488} INFO - }, {
[2022-04-06 02:13:23,597] {spark_submit.py:488} INFO - "name" : "last_editor_user_id",
[2022-04-06 02:13:23,597] {spark_submit.py:488} INFO - "type" : "integer",
[2022-04-06 02:13:23,597] {spark_submit.py:488} INFO - "nullable" : true,
[2022-04-06 02:13:23,598] {spark_submit.py:488} INFO - "metadata" : { }
[2022-04-06 02:13:23,598] {spark_submit.py:488} INFO - }, {
[2022-04-06 02:13:23,598] {spark_submit.py:488} INFO - "name" : "owner_display_name",
[2022-04-06 02:13:23,598] {spark_submit.py:488} INFO - "type" : "string",
[2022-04-06 02:13:23,598] {spark_submit.py:488} INFO - "nullable" : true,
[2022-04-06 02:13:23,598] {spark_submit.py:488} INFO - "metadata" : { }
[2022-04-06 02:13:23,598] {spark_submit.py:488} INFO - }, {
[2022-04-06 02:13:23,598] {spark_submit.py:488} INFO - "name" : "owner_user_id",
[2022-04-06 02:13:23,599] {spark_submit.py:488} INFO - "type" : "integer",
[2022-04-06 02:13:23,599] {spark_submit.py:488} INFO - "nullable" : true,
[2022-04-06 02:13:23,599] {spark_submit.py:488} INFO - "metadata" : { }
[2022-04-06 02:13:23,599] {spark_submit.py:488} INFO - }, {
[2022-04-06 02:13:23,599] {spark_submit.py:488} INFO - "name" : "parent_id",
[2022-04-06 02:13:23,599] {spark_submit.py:488} INFO - "type" : "integer",
[2022-04-06 02:13:23,599] {spark_submit.py:488} INFO - "nullable" : true,
[2022-04-06 02:13:23,599] {spark_submit.py:488} INFO - "metadata" : { }
[2022-04-06 02:13:23,603] {spark_submit.py:488} INFO - }, {
[2022-04-06 02:13:23,603] {spark_submit.py:488} INFO - "name" : "post_type_id",
[2022-04-06 02:13:23,603] {spark_submit.py:488} INFO - "type" : "integer",
[2022-04-06 02:13:23,609] {spark_submit.py:488} INFO - "nullable" : true,
[2022-04-06 02:13:23,609] {spark_submit.py:488} INFO - "metadata" : { }
[2022-04-06 02:13:23,609] {spark_submit.py:488} INFO - }, {
[2022-04-06 02:13:23,610] {spark_submit.py:488} INFO - "name" : "score",
[2022-04-06 02:13:23,610] {spark_submit.py:488} INFO - "type" : "integer",
[2022-04-06 02:13:23,610] {spark_submit.py:488} INFO - "nullable" : true,
[2022-04-06 02:13:23,610] {spark_submit.py:488} INFO - "metadata" : { }
[2022-04-06 02:13:23,610] {spark_submit.py:488} INFO - }, {
[2022-04-06 02:13:23,610] {spark_submit.py:488} INFO - "name" : "tags",
[2022-04-06 02:13:23,612] {spark_submit.py:488} INFO - "type" : "string",
[2022-04-06 02:13:23,612] {spark_submit.py:488} INFO - "nullable" : true,
[2022-04-06 02:13:23,612] {spark_submit.py:488} INFO - "metadata" : { }
[2022-04-06 02:13:23,612] {spark_submit.py:488} INFO - }, {
[2022-04-06 02:13:23,612] {spark_submit.py:488} INFO - "name" : "view_count",
[2022-04-06 02:13:23,612] {spark_submit.py:488} INFO - "type" : "integer",
[2022-04-06 02:13:23,612] {spark_submit.py:488} INFO - "nullable" : true,
[2022-04-06 02:13:23,612] {spark_submit.py:488} INFO - "metadata" : { }
[2022-04-06 02:13:23,612] {spark_submit.py:488} INFO - }, {
[2022-04-06 02:13:23,612] {spark_submit.py:488} INFO - "name" : "group_by_date",
[2022-04-06 02:13:23,612] {spark_submit.py:488} INFO - "type" : "timestamp",
[2022-04-06 02:13:23,612] {spark_submit.py:488} INFO - "nullable" : true,
[2022-04-06 02:13:23,613] {spark_submit.py:488} INFO - "metadata" : { }
[2022-04-06 02:13:23,613] {spark_submit.py:488} INFO - } ]
[2022-04-06 02:13:23,613] {spark_submit.py:488} INFO - }
[2022-04-06 02:13:23,613] {spark_submit.py:488} INFO - and corresponding Parquet message type:
[2022-04-06 02:13:23,636] {spark_submit.py:488} INFO - message spark_schema {
[2022-04-06 02:13:23,636] {spark_submit.py:488} INFO - optional int32 id;
[2022-04-06 02:13:23,636] {spark_submit.py:488} INFO - optional binary title (STRING);
[2022-04-06 02:13:23,636] {spark_submit.py:488} INFO - optional binary body (STRING);
[2022-04-06 02:13:23,636] {spark_submit.py:488} INFO - optional int32 accepted_answer_id;
[2022-04-06 02:13:23,636] {spark_submit.py:488} INFO - optional int32 answer_count;
[2022-04-06 02:13:23,636] {spark_submit.py:488} INFO - optional int32 comment_count;
[2022-04-06 02:13:23,636] {spark_submit.py:488} INFO - optional int96 community_owned_date;
[2022-04-06 02:13:23,636] {spark_submit.py:488} INFO - optional int96 creation_date;
[2022-04-06 02:13:23,637] {spark_submit.py:488} INFO - optional int32 favorite_count;
[2022-04-06 02:13:23,637] {spark_submit.py:488} INFO - optional int96 last_activity_date;
[2022-04-06 02:13:23,637] {spark_submit.py:488} INFO - optional int96 last_edit_date;
[2022-04-06 02:13:23,637] {spark_submit.py:488} INFO - optional binary last_editor_display_name (STRING);
[2022-04-06 02:13:23,637] {spark_submit.py:488} INFO - optional int32 last_editor_user_id;
[2022-04-06 02:13:23,637] {spark_submit.py:488} INFO - optional binary owner_display_name (STRING);
[2022-04-06 02:13:23,637] {spark_submit.py:488} INFO - optional int32 owner_user_id;
[2022-04-06 02:13:23,637] {spark_submit.py:488} INFO - optional int32 parent_id;
[2022-04-06 02:13:23,637] {spark_submit.py:488} INFO - optional int32 post_type_id;
[2022-04-06 02:13:23,637] {spark_submit.py:488} INFO - optional int32 score;
[2022-04-06 02:13:23,637] {spark_submit.py:488} INFO - optional binary tags (STRING);
[2022-04-06 02:13:23,637] {spark_submit.py:488} INFO - optional int32 view_count;
[2022-04-06 02:13:23,637] {spark_submit.py:488} INFO - optional int96 group_by_date;
[2022-04-06 02:13:23,638] {spark_submit.py:488} INFO - }
[2022-04-06 02:13:23,638] {spark_submit.py:488} INFO - 
[2022-04-06 02:13:23,638] {spark_submit.py:488} INFO - 
[2022-04-06 02:13:24,879] {spark_submit.py:488} INFO - 22/04/06 02:13:24 INFO CodecPool: Got brand-new compressor [.snappy]
[2022-04-06 02:13:24,969] {spark_submit.py:488} INFO - 22/04/06 02:13:24 INFO CodecPool: Got brand-new compressor [.snappy]
[2022-04-06 02:13:24,971] {spark_submit.py:488} INFO - 22/04/06 02:13:24 INFO CodecPool: Got brand-new compressor [.snappy]
[2022-04-06 02:13:24,971] {spark_submit.py:488} INFO - 22/04/06 02:13:24 INFO CodecPool: Got brand-new compressor [.snappy]
[2022-04-06 02:13:49,667] {spark_submit.py:488} INFO - 22/04/06 02:13:49 INFO GoogleCloudStorageFileSystem: Successfully repaired 'gs://dtc_data_lake_de-stack-overflow/BigQuery/posts_questions-2017-05/_temporary/0/_temporary/' directory.
[2022-04-06 02:13:49,667] {spark_submit.py:488} INFO - 22/04/06 02:13:49 INFO FileOutputCommitter: Saved output of task 'attempt_202204060213216163049542676045181_0003_m_000003_8' to gs://dtc_data_lake_de-stack-overflow/BigQuery/posts_questions-2017-05/_temporary/0/task_202204060213216163049542676045181_0003_m_000003
[2022-04-06 02:13:49,668] {spark_submit.py:488} INFO - 22/04/06 02:13:49 INFO SparkHadoopMapRedUtil: attempt_202204060213216163049542676045181_0003_m_000003_8: Committed
[2022-04-06 02:13:49,713] {spark_submit.py:488} INFO - 22/04/06 02:13:49 INFO GoogleCloudStorageImpl: Ignoring exception of type GoogleJsonResponseException; verified object already exists with desired state.
[2022-04-06 02:13:49,714] {spark_submit.py:488} INFO - 22/04/06 02:13:49 INFO GoogleCloudStorageImpl: Ignoring exception of type GoogleJsonResponseException; verified object already exists with desired state.
[2022-04-06 02:13:49,714] {spark_submit.py:488} INFO - 22/04/06 02:13:49 INFO GoogleCloudStorageImpl: Ignoring exception of type GoogleJsonResponseException; verified object already exists with desired state.
[2022-04-06 02:13:49,715] {spark_submit.py:488} INFO - 22/04/06 02:13:49 INFO GoogleCloudStorageFileSystem: Successfully repaired 'gs://dtc_data_lake_de-stack-overflow/BigQuery/posts_questions-2017-05/_temporary/0/_temporary/' directory.
[2022-04-06 02:13:49,715] {spark_submit.py:488} INFO - 22/04/06 02:13:49 INFO FileOutputCommitter: Saved output of task 'attempt_202204060213216103203640541466846_0003_m_000002_7' to gs://dtc_data_lake_de-stack-overflow/BigQuery/posts_questions-2017-05/_temporary/0/task_202204060213216103203640541466846_0003_m_000002
[2022-04-06 02:13:49,715] {spark_submit.py:488} INFO - 22/04/06 02:13:49 INFO GoogleCloudStorageFileSystem: Successfully repaired 'gs://dtc_data_lake_de-stack-overflow/BigQuery/posts_questions-2017-05/_temporary/0/_temporary/' directory.
[2022-04-06 02:13:49,715] {spark_submit.py:488} INFO - 22/04/06 02:13:49 INFO FileOutputCommitter: Saved output of task 'attempt_202204060213214381061883030489537_0003_m_000000_5' to gs://dtc_data_lake_de-stack-overflow/BigQuery/posts_questions-2017-05/_temporary/0/task_202204060213214381061883030489537_0003_m_000000
[2022-04-06 02:13:49,716] {spark_submit.py:488} INFO - 22/04/06 02:13:49 INFO GoogleCloudStorageFileSystem: Successfully repaired 'gs://dtc_data_lake_de-stack-overflow/BigQuery/posts_questions-2017-05/_temporary/0/_temporary/' directory.
[2022-04-06 02:13:49,717] {spark_submit.py:488} INFO - 22/04/06 02:13:49 INFO FileOutputCommitter: Saved output of task 'attempt_202204060213213931438169770745689_0003_m_000001_6' to gs://dtc_data_lake_de-stack-overflow/BigQuery/posts_questions-2017-05/_temporary/0/task_202204060213213931438169770745689_0003_m_000001
[2022-04-06 02:13:49,719] {spark_submit.py:488} INFO - 22/04/06 02:13:49 INFO SparkHadoopMapRedUtil: attempt_202204060213216103203640541466846_0003_m_000002_7: Committed
[2022-04-06 02:13:49,720] {spark_submit.py:488} INFO - 22/04/06 02:13:49 INFO SparkHadoopMapRedUtil: attempt_202204060213214381061883030489537_0003_m_000000_5: Committed
[2022-04-06 02:13:49,721] {spark_submit.py:488} INFO - 22/04/06 02:13:49 INFO SparkHadoopMapRedUtil: attempt_202204060213213931438169770745689_0003_m_000001_6: Committed
[2022-04-06 02:13:49,744] {spark_submit.py:488} INFO - 22/04/06 02:13:49 INFO Executor: Finished task 0.0 in stage 3.0 (TID 5). 3526 bytes result sent to driver
[2022-04-06 02:13:49,751] {spark_submit.py:488} INFO - 22/04/06 02:13:49 INFO Executor: Finished task 2.0 in stage 3.0 (TID 7). 3526 bytes result sent to driver
[2022-04-06 02:13:49,752] {spark_submit.py:488} INFO - 22/04/06 02:13:49 INFO Executor: Finished task 1.0 in stage 3.0 (TID 6). 3526 bytes result sent to driver
[2022-04-06 02:13:49,756] {spark_submit.py:488} INFO - 22/04/06 02:13:49 INFO TaskSetManager: Finished task 0.0 in stage 3.0 (TID 5) in 27624 ms on 9fe4286b2855 (executor driver) (1/4)
[2022-04-06 02:13:49,756] {spark_submit.py:488} INFO - 22/04/06 02:13:49 INFO TaskSetManager: Finished task 2.0 in stage 3.0 (TID 7) in 27620 ms on 9fe4286b2855 (executor driver) (2/4)
[2022-04-06 02:13:49,760] {spark_submit.py:488} INFO - 22/04/06 02:13:49 INFO TaskSetManager: Finished task 1.0 in stage 3.0 (TID 6) in 27621 ms on 9fe4286b2855 (executor driver) (3/4)
[2022-04-06 02:13:49,774] {spark_submit.py:488} INFO - 22/04/06 02:13:49 INFO Executor: Finished task 3.0 in stage 3.0 (TID 8). 3526 bytes result sent to driver
[2022-04-06 02:13:49,774] {spark_submit.py:488} INFO - 22/04/06 02:13:49 INFO TaskSetManager: Finished task 3.0 in stage 3.0 (TID 8) in 27628 ms on 9fe4286b2855 (executor driver) (4/4)
[2022-04-06 02:13:49,774] {spark_submit.py:488} INFO - 22/04/06 02:13:49 INFO TaskSchedulerImpl: Removed TaskSet 3.0, whose tasks have all completed, from pool
[2022-04-06 02:13:49,781] {spark_submit.py:488} INFO - 22/04/06 02:13:49 INFO DAGScheduler: ResultStage 3 (save at NativeMethodAccessorImpl.java:0) finished in 27.926 s
[2022-04-06 02:13:49,782] {spark_submit.py:488} INFO - 22/04/06 02:13:49 INFO DAGScheduler: Job 2 is finished. Cancelling potential speculative or zombie tasks for this job
[2022-04-06 02:13:49,782] {spark_submit.py:488} INFO - 22/04/06 02:13:49 INFO TaskSchedulerImpl: Killing all running tasks in stage 3: Stage finished
[2022-04-06 02:13:49,785] {spark_submit.py:488} INFO - 22/04/06 02:13:49 INFO DAGScheduler: Job 2 finished: save at NativeMethodAccessorImpl.java:0, took 28.022987 s
[2022-04-06 02:13:49,786] {spark_submit.py:488} INFO - 22/04/06 02:13:49 INFO FileFormatWriter: Start to commit write Job 0f05efc9-823e-4e3c-82ed-1f9ba785ea6e.
[2022-04-06 02:13:50,138] {spark_submit.py:488} INFO - 22/04/06 02:13:50 INFO GoogleCloudStorageFileSystem: Successfully repaired 'gs://dtc_data_lake_de-stack-overflow/BigQuery/posts_questions-2017-05/_temporary/0/task_202204060213213931438169770745689_0003_m_000001/' directory.
[2022-04-06 02:13:50,508] {spark_submit.py:488} INFO - 22/04/06 02:13:50 INFO GoogleCloudStorageFileSystem: Successfully repaired 'gs://dtc_data_lake_de-stack-overflow/BigQuery/posts_questions-2017-05/_temporary/0/task_202204060213214381061883030489537_0003_m_000000/' directory.
[2022-04-06 02:13:50,868] {spark_submit.py:488} INFO - 22/04/06 02:13:50 INFO GoogleCloudStorageFileSystem: Successfully repaired 'gs://dtc_data_lake_de-stack-overflow/BigQuery/posts_questions-2017-05/_temporary/0/task_202204060213216103203640541466846_0003_m_000002/' directory.
[2022-04-06 02:13:51,157] {spark_submit.py:488} INFO - 22/04/06 02:13:51 INFO GoogleCloudStorageFileSystem: Successfully repaired 'gs://dtc_data_lake_de-stack-overflow/BigQuery/posts_questions-2017-05/_temporary/0/task_202204060213216163049542676045181_0003_m_000003/' directory.
[2022-04-06 02:13:51,562] {spark_submit.py:488} INFO - 22/04/06 02:13:51 INFO GoogleCloudStorageFileSystem: Successfully repaired 'gs://dtc_data_lake_de-stack-overflow/BigQuery/posts_questions-2017-05/' directory.
[2022-04-06 02:13:51,825] {spark_submit.py:488} INFO - 22/04/06 02:13:51 INFO FileFormatWriter: Write Job 0f05efc9-823e-4e3c-82ed-1f9ba785ea6e committed. Elapsed time: 2020 ms.
[2022-04-06 02:13:51,860] {spark_submit.py:488} INFO - 22/04/06 02:13:51 INFO FileFormatWriter: Finished processing stats for write job 0f05efc9-823e-4e3c-82ed-1f9ba785ea6e.
[2022-04-06 02:13:52,708] {spark_submit.py:488} INFO - 22/04/06 02:13:52 INFO SparkContext: Invoking stop() from shutdown hook
[2022-04-06 02:13:52,857] {spark_submit.py:488} INFO - 22/04/06 02:13:52 INFO SparkUI: Stopped Spark web UI at http://9fe4286b2855:4049
[2022-04-06 02:13:53,012] {spark_submit.py:488} INFO - 22/04/06 02:13:53 INFO MapOutputTrackerMasterEndpoint: MapOutputTrackerMasterEndpoint stopped!
[2022-04-06 02:13:53,763] {spark_submit.py:488} INFO - 22/04/06 02:13:53 INFO MemoryStore: MemoryStore cleared
[2022-04-06 02:13:53,765] {spark_submit.py:488} INFO - 22/04/06 02:13:53 INFO BlockManager: BlockManager stopped
[2022-04-06 02:13:53,773] {spark_submit.py:488} INFO - 22/04/06 02:13:53 INFO BlockManagerMaster: BlockManagerMaster stopped
[2022-04-06 02:13:53,777] {spark_submit.py:488} INFO - 22/04/06 02:13:53 INFO OutputCommitCoordinator$OutputCommitCoordinatorEndpoint: OutputCommitCoordinator stopped!
[2022-04-06 02:13:54,044] {spark_submit.py:488} INFO - 22/04/06 02:13:54 INFO SparkContext: Successfully stopped SparkContext
[2022-04-06 02:13:54,045] {spark_submit.py:488} INFO - 22/04/06 02:13:54 INFO ShutdownHookManager: Shutdown hook called
[2022-04-06 02:13:54,046] {spark_submit.py:488} INFO - 22/04/06 02:13:54 INFO ShutdownHookManager: Deleting directory /tmp/spark-c1aee6f1-63d6-45a2-a8f9-fb3859e5f063/pyspark-65fed4ce-e895-4b0c-ad3b-d496c9c119ed
[2022-04-06 02:13:54,107] {spark_submit.py:488} INFO - 22/04/06 02:13:54 INFO ShutdownHookManager: Deleting directory /tmp/spark-af53eb4c-5c97-4781-ba11-7276b8bba6bb
[2022-04-06 02:13:54,165] {spark_submit.py:488} INFO - 22/04/06 02:13:54 INFO ShutdownHookManager: Deleting directory /tmp/spark-c1aee6f1-63d6-45a2-a8f9-fb3859e5f063
[2022-04-06 02:13:56,479] {taskinstance.py:1288} INFO - Marking task as SUCCESS. dag_id=IngestToGCP, task_id=processing_tasks_posts_questions.spark_job, execution_date=20170501T000000, start_date=20220406T020824, end_date=20220406T021356
[2022-04-06 02:13:56,788] {local_task_job.py:154} INFO - Task exited with return code 0
[2022-04-06 02:13:56,918] {local_task_job.py:264} INFO - 1 downstream tasks scheduled from follow-on schedule check
