[2022-04-05 22:36:05,096] {taskinstance.py:1043} INFO - Dependencies all met for <TaskInstance: IngestToGCP.processing_tasks_posts_questions.spark_job scheduled__2008-12-01T00:00:00+00:00 [queued]>
[2022-04-05 22:36:05,155] {taskinstance.py:1043} INFO - Dependencies all met for <TaskInstance: IngestToGCP.processing_tasks_posts_questions.spark_job scheduled__2008-12-01T00:00:00+00:00 [queued]>
[2022-04-05 22:36:05,156] {taskinstance.py:1249} INFO - 
--------------------------------------------------------------------------------
[2022-04-05 22:36:05,156] {taskinstance.py:1250} INFO - Starting attempt 1 of 1
[2022-04-05 22:36:05,156] {taskinstance.py:1251} INFO - 
--------------------------------------------------------------------------------
[2022-04-05 22:36:05,207] {taskinstance.py:1270} INFO - Executing <Task(SparkSubmitOperator): processing_tasks_posts_questions.spark_job> on 2008-12-01 00:00:00+00:00
[2022-04-05 22:36:05,230] {standard_task_runner.py:52} INFO - Started process 7067 to run task
[2022-04-05 22:36:05,254] {standard_task_runner.py:79} INFO - Running: ['***', 'tasks', 'run', 'IngestToGCP', 'processing_tasks_posts_questions.spark_job', 'scheduled__2008-12-01T00:00:00+00:00', '--job-id', '8476', '--raw', '--subdir', 'DAGS_FOLDER/ingest_dag.py', '--cfg-path', '/tmp/tmpnro_siwq', '--error-file', '/tmp/tmpwobzfq2z']
[2022-04-05 22:36:05,259] {standard_task_runner.py:80} INFO - Job 8476: Subtask processing_tasks_posts_questions.spark_job
[2022-04-05 22:36:05,569] {logging_mixin.py:109} INFO - Running <TaskInstance: IngestToGCP.processing_tasks_posts_questions.spark_job scheduled__2008-12-01T00:00:00+00:00 [running]> on host 9fe4286b2855
[2022-04-05 22:36:05,804] {logging_mixin.py:109} WARNING - /home/***/.local/lib/python3.7/site-packages/***/utils/context.py:156 AirflowContextDeprecationWarning: Accessing 'execution_date' from the template is deprecated and will be removed in a future version. Please use 'data_interval_start' or 'logical_date' instead.
[2022-04-05 22:36:05,928] {taskinstance.py:1448} INFO - Exporting the following env vars:
AIRFLOW_CTX_DAG_OWNER=***
AIRFLOW_CTX_DAG_ID=IngestToGCP
AIRFLOW_CTX_TASK_ID=processing_tasks_posts_questions.spark_job
AIRFLOW_CTX_EXECUTION_DATE=2008-12-01T00:00:00+00:00
AIRFLOW_CTX_DAG_RUN_ID=scheduled__2008-12-01T00:00:00+00:00
[2022-04-05 22:36:06,015] {base.py:79} INFO - Using connection to: id: spark_project. Host: spark://spark, Port: 7077, Schema: , Login: , Password: None, extra: {'queue': 'root.default'}
[2022-04-05 22:36:06,017] {spark_submit.py:335} INFO - Spark-Submit cmd: spark-submit --master spark://spark:7077 --conf spark.master=local[*] --name format_schema --verbose --queue root.default ./dags/pyspark_parquet_transformation.py posts_questions 2008-12
[2022-04-05 22:36:18,342] {spark_submit.py:488} INFO - Using properties file: null
[2022-04-05 22:36:19,148] {spark_submit.py:488} INFO - WARNING: An illegal reflective access operation has occurred
[2022-04-05 22:36:19,148] {spark_submit.py:488} INFO - WARNING: Illegal reflective access by org.apache.spark.unsafe.Platform (file:/opt/***/spark/spark-3.2.1-bin-hadoop3.2/jars/spark-unsafe_2.12-3.2.1.jar) to constructor java.nio.DirectByteBuffer(long,int)
[2022-04-05 22:36:19,148] {spark_submit.py:488} INFO - WARNING: Please consider reporting this to the maintainers of org.apache.spark.unsafe.Platform
[2022-04-05 22:36:19,148] {spark_submit.py:488} INFO - WARNING: Use --illegal-access=warn to enable warnings of further illegal reflective access operations
[2022-04-05 22:36:19,149] {spark_submit.py:488} INFO - WARNING: All illegal access operations will be denied in a future release
[2022-04-05 22:36:19,741] {spark_submit.py:488} INFO - Parsed arguments:
[2022-04-05 22:36:19,742] {spark_submit.py:488} INFO - master                  spark://spark:7077
[2022-04-05 22:36:19,742] {spark_submit.py:488} INFO - deployMode              null
[2022-04-05 22:36:19,742] {spark_submit.py:488} INFO - executorMemory          null
[2022-04-05 22:36:19,742] {spark_submit.py:488} INFO - executorCores           null
[2022-04-05 22:36:19,742] {spark_submit.py:488} INFO - totalExecutorCores      null
[2022-04-05 22:36:19,742] {spark_submit.py:488} INFO - propertiesFile          null
[2022-04-05 22:36:19,742] {spark_submit.py:488} INFO - driverMemory            null
[2022-04-05 22:36:19,742] {spark_submit.py:488} INFO - driverCores             null
[2022-04-05 22:36:19,742] {spark_submit.py:488} INFO - driverExtraClassPath    null
[2022-04-05 22:36:19,742] {spark_submit.py:488} INFO - driverExtraLibraryPath  null
[2022-04-05 22:36:19,743] {spark_submit.py:488} INFO - driverExtraJavaOptions  null
[2022-04-05 22:36:19,743] {spark_submit.py:488} INFO - supervise               false
[2022-04-05 22:36:19,743] {spark_submit.py:488} INFO - queue                   root.default
[2022-04-05 22:36:19,743] {spark_submit.py:488} INFO - numExecutors            null
[2022-04-05 22:36:19,743] {spark_submit.py:488} INFO - files                   null
[2022-04-05 22:36:19,743] {spark_submit.py:488} INFO - pyFiles                 null
[2022-04-05 22:36:19,743] {spark_submit.py:488} INFO - archives                null
[2022-04-05 22:36:19,743] {spark_submit.py:488} INFO - mainClass               null
[2022-04-05 22:36:19,743] {spark_submit.py:488} INFO - primaryResource         file:/opt/***/dags/pyspark_parquet_transformation.py
[2022-04-05 22:36:19,743] {spark_submit.py:488} INFO - name                    format_schema
[2022-04-05 22:36:19,743] {spark_submit.py:488} INFO - childArgs               [posts_questions 2008-12]
[2022-04-05 22:36:19,743] {spark_submit.py:488} INFO - jars                    null
[2022-04-05 22:36:19,744] {spark_submit.py:488} INFO - packages                null
[2022-04-05 22:36:19,744] {spark_submit.py:488} INFO - packagesExclusions      null
[2022-04-05 22:36:19,744] {spark_submit.py:488} INFO - repositories            null
[2022-04-05 22:36:19,744] {spark_submit.py:488} INFO - verbose                 true
[2022-04-05 22:36:19,744] {spark_submit.py:488} INFO - 
[2022-04-05 22:36:19,744] {spark_submit.py:488} INFO - Spark properties used, including those specified through
[2022-04-05 22:36:19,744] {spark_submit.py:488} INFO - --conf and those from the properties file null:
[2022-04-05 22:36:19,744] {spark_submit.py:488} INFO - (spark.master,local[*])
[2022-04-05 22:36:19,744] {spark_submit.py:488} INFO - 
[2022-04-05 22:36:19,744] {spark_submit.py:488} INFO - 
[2022-04-05 22:36:22,441] {spark_submit.py:488} INFO - Main class:
[2022-04-05 22:36:22,444] {spark_submit.py:488} INFO - org.apache.spark.deploy.PythonRunner
[2022-04-05 22:36:22,449] {spark_submit.py:488} INFO - Arguments:
[2022-04-05 22:36:22,450] {spark_submit.py:488} INFO - file:/opt/***/dags/pyspark_parquet_transformation.py
[2022-04-05 22:36:22,450] {spark_submit.py:488} INFO - null
[2022-04-05 22:36:22,450] {spark_submit.py:488} INFO - posts_questions
[2022-04-05 22:36:22,450] {spark_submit.py:488} INFO - 2008-12
[2022-04-05 22:36:22,477] {spark_submit.py:488} INFO - Spark config:
[2022-04-05 22:36:22,477] {spark_submit.py:488} INFO - (spark.master,spark://spark:7077)
[2022-04-05 22:36:22,478] {spark_submit.py:488} INFO - (spark.submit.pyFiles,)
[2022-04-05 22:36:22,478] {spark_submit.py:488} INFO - (spark.submit.deployMode,client)
[2022-04-05 22:36:22,478] {spark_submit.py:488} INFO - (spark.app.name,format_schema)
[2022-04-05 22:36:22,479] {spark_submit.py:488} INFO - Classpath elements:
[2022-04-05 22:36:22,480] {spark_submit.py:488} INFO - 
[2022-04-05 22:36:22,481] {spark_submit.py:488} INFO - 
[2022-04-05 22:36:22,482] {spark_submit.py:488} INFO - 
[2022-04-05 22:36:28,717] {spark_submit.py:488} INFO - Using Spark's default log4j profile: org/apache/spark/log4j-defaults.properties
[2022-04-05 22:36:28,869] {spark_submit.py:488} INFO - 22/04/05 22:36:28 INFO SparkContext: Running Spark version 3.2.1
[2022-04-05 22:36:30,199] {spark_submit.py:488} INFO - 22/04/05 22:36:30 WARN NativeCodeLoader: Unable to load native-hadoop library for your platform... using builtin-java classes where applicable
[2022-04-05 22:36:32,067] {spark_submit.py:488} INFO - 22/04/05 22:36:32 INFO ResourceUtils: ==============================================================
[2022-04-05 22:36:32,069] {spark_submit.py:488} INFO - 22/04/05 22:36:32 INFO ResourceUtils: No custom resources configured for spark.driver.
[2022-04-05 22:36:32,070] {spark_submit.py:488} INFO - 22/04/05 22:36:32 INFO ResourceUtils: ==============================================================
[2022-04-05 22:36:32,080] {spark_submit.py:488} INFO - 22/04/05 22:36:32 INFO SparkContext: Submitted application: Modidy Schema
[2022-04-05 22:36:32,371] {spark_submit.py:488} INFO - 22/04/05 22:36:32 INFO ResourceProfile: Default ResourceProfile created, executor resources: Map(cores -> name: cores, amount: 1, script: , vendor: , memory -> name: memory, amount: 1024, script: , vendor: , offHeap -> name: offHeap, amount: 0, script: , vendor: ), task resources: Map(cpus -> name: cpus, amount: 1.0)
[2022-04-05 22:36:32,540] {spark_submit.py:488} INFO - 22/04/05 22:36:32 INFO ResourceProfile: Limiting resource is cpu
[2022-04-05 22:36:32,540] {spark_submit.py:488} INFO - 22/04/05 22:36:32 INFO ResourceProfileManager: Added ResourceProfile id: 0
[2022-04-05 22:36:33,093] {spark_submit.py:488} INFO - 22/04/05 22:36:33 INFO SecurityManager: Changing view acls to: default
[2022-04-05 22:36:33,125] {spark_submit.py:488} INFO - 22/04/05 22:36:33 INFO SecurityManager: Changing modify acls to: default
[2022-04-05 22:36:33,128] {spark_submit.py:488} INFO - 22/04/05 22:36:33 INFO SecurityManager: Changing view acls groups to:
[2022-04-05 22:36:33,134] {spark_submit.py:488} INFO - 22/04/05 22:36:33 INFO SecurityManager: Changing modify acls groups to:
[2022-04-05 22:36:33,136] {spark_submit.py:488} INFO - 22/04/05 22:36:33 INFO SecurityManager: SecurityManager: authentication disabled; ui acls disabled; users  with view permissions: Set(default); groups with view permissions: Set(); users  with modify permissions: Set(default); groups with modify permissions: Set()
[2022-04-05 22:36:36,528] {spark_submit.py:488} INFO - 22/04/05 22:36:36 INFO Utils: Successfully started service 'sparkDriver' on port 33905.
[2022-04-05 22:36:36,945] {spark_submit.py:488} INFO - 22/04/05 22:36:36 INFO SparkEnv: Registering MapOutputTracker
[2022-04-05 22:36:37,079] {spark_submit.py:488} INFO - 22/04/05 22:36:37 INFO SparkEnv: Registering BlockManagerMaster
[2022-04-05 22:36:37,196] {spark_submit.py:488} INFO - 22/04/05 22:36:37 INFO BlockManagerMasterEndpoint: Using org.apache.spark.storage.DefaultTopologyMapper for getting topology information
[2022-04-05 22:36:37,202] {spark_submit.py:488} INFO - 22/04/05 22:36:37 INFO BlockManagerMasterEndpoint: BlockManagerMasterEndpoint up
[2022-04-05 22:36:37,249] {spark_submit.py:488} INFO - 22/04/05 22:36:37 INFO SparkEnv: Registering BlockManagerMasterHeartbeat
[2022-04-05 22:36:37,346] {spark_submit.py:488} INFO - 22/04/05 22:36:37 INFO DiskBlockManager: Created local directory at /tmp/blockmgr-a3fc79e4-33c0-4e8a-b81c-12ba1da4c2c7
[2022-04-05 22:36:37,553] {spark_submit.py:488} INFO - 22/04/05 22:36:37 INFO MemoryStore: MemoryStore started with capacity 434.4 MiB
[2022-04-05 22:36:37,704] {spark_submit.py:488} INFO - 22/04/05 22:36:37 INFO SparkEnv: Registering OutputCommitCoordinator
[2022-04-05 22:36:39,845] {spark_submit.py:488} INFO - 22/04/05 22:36:39 WARN Utils: Service 'SparkUI' could not bind on port 4040. Attempting port 4041.
[2022-04-05 22:36:39,856] {spark_submit.py:488} INFO - 22/04/05 22:36:39 WARN Utils: Service 'SparkUI' could not bind on port 4041. Attempting port 4042.
[2022-04-05 22:36:39,861] {spark_submit.py:488} INFO - 22/04/05 22:36:39 WARN Utils: Service 'SparkUI' could not bind on port 4042. Attempting port 4043.
[2022-04-05 22:36:39,868] {spark_submit.py:488} INFO - 22/04/05 22:36:39 WARN Utils: Service 'SparkUI' could not bind on port 4043. Attempting port 4044.
[2022-04-05 22:36:39,873] {spark_submit.py:488} INFO - 22/04/05 22:36:39 WARN Utils: Service 'SparkUI' could not bind on port 4044. Attempting port 4045.
[2022-04-05 22:36:39,876] {spark_submit.py:488} INFO - 22/04/05 22:36:39 WARN Utils: Service 'SparkUI' could not bind on port 4045. Attempting port 4046.
[2022-04-05 22:36:39,942] {spark_submit.py:488} INFO - 22/04/05 22:36:39 INFO Utils: Successfully started service 'SparkUI' on port 4046.
[2022-04-05 22:36:40,566] {spark_submit.py:488} INFO - 22/04/05 22:36:40 INFO SparkUI: Bound SparkUI to 0.0.0.0, and started at http://9fe4286b2855:4046
[2022-04-05 22:36:43,046] {spark_submit.py:488} INFO - 22/04/05 22:36:43 INFO Executor: Starting executor ID driver on host 9fe4286b2855
[2022-04-05 22:36:43,324] {spark_submit.py:488} INFO - 22/04/05 22:36:43 INFO Utils: Successfully started service 'org.apache.spark.network.netty.NettyBlockTransferService' on port 36391.
[2022-04-05 22:36:43,324] {spark_submit.py:488} INFO - 22/04/05 22:36:43 INFO NettyBlockTransferService: Server created on 9fe4286b2855:36391
[2022-04-05 22:36:43,328] {spark_submit.py:488} INFO - 22/04/05 22:36:43 INFO BlockManager: Using org.apache.spark.storage.RandomBlockReplicationPolicy for block replication policy
[2022-04-05 22:36:43,352] {spark_submit.py:488} INFO - 22/04/05 22:36:43 INFO BlockManagerMaster: Registering BlockManager BlockManagerId(driver, 9fe4286b2855, 36391, None)
[2022-04-05 22:36:43,366] {spark_submit.py:488} INFO - 22/04/05 22:36:43 INFO BlockManagerMasterEndpoint: Registering block manager 9fe4286b2855:36391 with 434.4 MiB RAM, BlockManagerId(driver, 9fe4286b2855, 36391, None)
[2022-04-05 22:36:43,371] {spark_submit.py:488} INFO - 22/04/05 22:36:43 INFO BlockManagerMaster: Registered BlockManager BlockManagerId(driver, 9fe4286b2855, 36391, None)
[2022-04-05 22:36:43,379] {spark_submit.py:488} INFO - 22/04/05 22:36:43 INFO BlockManager: Initialized BlockManager: BlockManagerId(driver, 9fe4286b2855, 36391, None)
[2022-04-05 22:36:51,263] {spark_submit.py:488} INFO - 22/04/05 22:36:51 INFO SharedState: Setting hive.metastore.warehouse.dir ('null') to the value of spark.sql.warehouse.dir.
[2022-04-05 22:36:51,743] {spark_submit.py:488} INFO - 22/04/05 22:36:51 INFO SharedState: Warehouse path is 'file:/opt/***/spark-warehouse'.
[2022-04-05 22:37:12,005] {spark_submit.py:488} INFO - 22/04/05 22:37:12 INFO InMemoryFileIndex: It took 1176 ms to list leaf files for 1 paths.
[2022-04-05 22:37:18,612] {spark_submit.py:488} INFO - 22/04/05 22:37:18 INFO SparkContext: Starting job: parquet at NativeMethodAccessorImpl.java:0
[2022-04-05 22:37:18,763] {spark_submit.py:488} INFO - 22/04/05 22:37:18 INFO DAGScheduler: Got job 0 (parquet at NativeMethodAccessorImpl.java:0) with 1 output partitions
[2022-04-05 22:37:18,773] {spark_submit.py:488} INFO - 22/04/05 22:37:18 INFO DAGScheduler: Final stage: ResultStage 0 (parquet at NativeMethodAccessorImpl.java:0)
[2022-04-05 22:37:18,778] {spark_submit.py:488} INFO - 22/04/05 22:37:18 INFO DAGScheduler: Parents of final stage: List()
[2022-04-05 22:37:18,802] {spark_submit.py:488} INFO - 22/04/05 22:37:18 INFO DAGScheduler: Missing parents: List()
[2022-04-05 22:37:18,900] {spark_submit.py:488} INFO - 22/04/05 22:37:18 INFO DAGScheduler: Submitting ResultStage 0 (MapPartitionsRDD[1] at parquet at NativeMethodAccessorImpl.java:0), which has no missing parents
[2022-04-05 22:37:19,876] {spark_submit.py:488} INFO - 22/04/05 22:37:19 INFO MemoryStore: Block broadcast_0 stored as values in memory (estimated size 100.1 KiB, free 434.3 MiB)
[2022-04-05 22:37:20,300] {spark_submit.py:488} INFO - 22/04/05 22:37:20 INFO MemoryStore: Block broadcast_0_piece0 stored as bytes in memory (estimated size 35.7 KiB, free 434.3 MiB)
[2022-04-05 22:37:20,306] {spark_submit.py:488} INFO - 22/04/05 22:37:20 INFO BlockManagerInfo: Added broadcast_0_piece0 in memory on 9fe4286b2855:36391 (size: 35.7 KiB, free: 434.4 MiB)
[2022-04-05 22:37:20,341] {spark_submit.py:488} INFO - 22/04/05 22:37:20 INFO SparkContext: Created broadcast 0 from broadcast at DAGScheduler.scala:1478
[2022-04-05 22:37:20,564] {spark_submit.py:488} INFO - 22/04/05 22:37:20 INFO DAGScheduler: Submitting 1 missing tasks from ResultStage 0 (MapPartitionsRDD[1] at parquet at NativeMethodAccessorImpl.java:0) (first 15 tasks are for partitions Vector(0))
[2022-04-05 22:37:20,612] {spark_submit.py:488} INFO - 22/04/05 22:37:20 INFO TaskSchedulerImpl: Adding task set 0.0 with 1 tasks resource profile 0
[2022-04-05 22:37:21,549] {spark_submit.py:488} INFO - 22/04/05 22:37:21 INFO TaskSetManager: Starting task 0.0 in stage 0.0 (TID 0) (9fe4286b2855, executor driver, partition 0, PROCESS_LOCAL, 4624 bytes) taskResourceAssignments Map()
[2022-04-05 22:37:21,689] {spark_submit.py:488} INFO - 22/04/05 22:37:21 INFO Executor: Running task 0.0 in stage 0.0 (TID 0)
[2022-04-05 22:37:28,443] {spark_submit.py:488} INFO - 22/04/05 22:37:28 INFO Executor: Finished task 0.0 in stage 0.0 (TID 0). 2409 bytes result sent to driver
[2022-04-05 22:37:28,548] {spark_submit.py:488} INFO - 22/04/05 22:37:28 INFO TaskSetManager: Finished task 0.0 in stage 0.0 (TID 0) in 7415 ms on 9fe4286b2855 (executor driver) (1/1)
[2022-04-05 22:37:28,568] {spark_submit.py:488} INFO - 22/04/05 22:37:28 INFO DAGScheduler: ResultStage 0 (parquet at NativeMethodAccessorImpl.java:0) finished in 9.432 s
[2022-04-05 22:37:28,593] {spark_submit.py:488} INFO - 22/04/05 22:37:28 INFO TaskSchedulerImpl: Removed TaskSet 0.0, whose tasks have all completed, from pool
[2022-04-05 22:37:28,624] {spark_submit.py:488} INFO - 22/04/05 22:37:28 INFO DAGScheduler: Job 0 is finished. Cancelling potential speculative or zombie tasks for this job
[2022-04-05 22:37:28,626] {spark_submit.py:488} INFO - 22/04/05 22:37:28 INFO TaskSchedulerImpl: Killing all running tasks in stage 0: Stage finished
[2022-04-05 22:37:28,657] {spark_submit.py:488} INFO - 22/04/05 22:37:28 INFO DAGScheduler: Job 0 finished: parquet at NativeMethodAccessorImpl.java:0, took 10.027102 s
[2022-04-05 22:37:33,230] {spark_submit.py:488} INFO - 22/04/05 22:37:33 INFO BlockManagerInfo: Removed broadcast_0_piece0 on 9fe4286b2855:36391 in memory (size: 35.7 KiB, free: 434.4 MiB)
[2022-04-05 22:37:57,530] {spark_submit.py:488} INFO - 22/04/05 22:37:57 INFO FileSourceStrategy: Pushed Filters:
[2022-04-05 22:37:57,543] {spark_submit.py:488} INFO - 22/04/05 22:37:57 INFO FileSourceStrategy: Post-Scan Filters:
[2022-04-05 22:37:57,604] {spark_submit.py:488} INFO - 22/04/05 22:37:57 INFO FileSourceStrategy: Output Data Schema: struct<id: bigint, title: string, body: string, accepted_answer_id: double, answer_count: bigint ... 19 more fields>
[2022-04-05 22:38:00,116] {spark_submit.py:488} INFO - 22/04/05 22:38:00 INFO ParquetFileFormat: Using default output committer for Parquet: org.apache.parquet.hadoop.ParquetOutputCommitter
[2022-04-05 22:38:00,566] {spark_submit.py:488} INFO - 22/04/05 22:38:00 INFO FileOutputCommitter: File Output Committer Algorithm version is 1
[2022-04-05 22:38:00,575] {spark_submit.py:488} INFO - 22/04/05 22:38:00 INFO FileOutputCommitter: FileOutputCommitter skip cleanup _temporary folders under output directory:false, ignore cleanup failures: false
[2022-04-05 22:38:00,600] {spark_submit.py:488} INFO - 22/04/05 22:38:00 INFO SQLHadoopMapReduceCommitProtocol: Using user defined output committer class org.apache.parquet.hadoop.ParquetOutputCommitter
[2022-04-05 22:38:00,601] {spark_submit.py:488} INFO - 22/04/05 22:38:00 INFO FileOutputCommitter: File Output Committer Algorithm version is 1
[2022-04-05 22:38:00,601] {spark_submit.py:488} INFO - 22/04/05 22:38:00 INFO FileOutputCommitter: FileOutputCommitter skip cleanup _temporary folders under output directory:false, ignore cleanup failures: false
[2022-04-05 22:38:00,603] {spark_submit.py:488} INFO - 22/04/05 22:38:00 INFO SQLHadoopMapReduceCommitProtocol: Using output committer class org.apache.parquet.hadoop.ParquetOutputCommitter
[2022-04-05 22:38:09,030] {spark_submit.py:488} INFO - 22/04/05 22:38:09 INFO CodeGenerator: Code generated in 5447.154945 ms
[2022-04-05 22:38:09,349] {spark_submit.py:488} INFO - 22/04/05 22:38:09 INFO MemoryStore: Block broadcast_1 stored as values in memory (estimated size 194.3 KiB, free 434.2 MiB)
[2022-04-05 22:38:09,734] {spark_submit.py:488} INFO - 22/04/05 22:38:09 INFO MemoryStore: Block broadcast_1_piece0 stored as bytes in memory (estimated size 34.3 KiB, free 434.2 MiB)
[2022-04-05 22:38:09,737] {spark_submit.py:488} INFO - 22/04/05 22:38:09 INFO BlockManagerInfo: Added broadcast_1_piece0 in memory on 9fe4286b2855:36391 (size: 34.3 KiB, free: 434.4 MiB)
[2022-04-05 22:38:09,777] {spark_submit.py:488} INFO - 22/04/05 22:38:09 INFO SparkContext: Created broadcast 1 from save at NativeMethodAccessorImpl.java:0
[2022-04-05 22:38:09,950] {spark_submit.py:488} INFO - 22/04/05 22:38:09 INFO FileSourceScanExec: Planning scan with bin packing, max size: 4194304 bytes, open cost is considered as scanning 4194304 bytes.
[2022-04-05 22:38:11,211] {spark_submit.py:488} INFO - 22/04/05 22:38:11 INFO DAGScheduler: Registering RDD 6 (save at NativeMethodAccessorImpl.java:0) as input to shuffle 0
[2022-04-05 22:38:11,219] {spark_submit.py:488} INFO - 22/04/05 22:38:11 INFO DAGScheduler: Got map stage job 1 (save at NativeMethodAccessorImpl.java:0) with 2 output partitions
[2022-04-05 22:38:11,219] {spark_submit.py:488} INFO - 22/04/05 22:38:11 INFO DAGScheduler: Final stage: ShuffleMapStage 1 (save at NativeMethodAccessorImpl.java:0)
[2022-04-05 22:38:11,234] {spark_submit.py:488} INFO - 22/04/05 22:38:11 INFO DAGScheduler: Parents of final stage: List()
[2022-04-05 22:38:11,236] {spark_submit.py:488} INFO - 22/04/05 22:38:11 INFO DAGScheduler: Missing parents: List()
[2022-04-05 22:38:11,266] {spark_submit.py:488} INFO - 22/04/05 22:38:11 INFO DAGScheduler: Submitting ShuffleMapStage 1 (MapPartitionsRDD[6] at save at NativeMethodAccessorImpl.java:0), which has no missing parents
[2022-04-05 22:38:12,159] {spark_submit.py:488} INFO - 22/04/05 22:38:12 INFO MemoryStore: Block broadcast_2 stored as values in memory (estimated size 32.2 KiB, free 434.1 MiB)
[2022-04-05 22:38:12,286] {spark_submit.py:488} INFO - 22/04/05 22:38:12 INFO MemoryStore: Block broadcast_2_piece0 stored as bytes in memory (estimated size 10.4 KiB, free 434.1 MiB)
[2022-04-05 22:38:12,289] {spark_submit.py:488} INFO - 22/04/05 22:38:12 INFO BlockManagerInfo: Added broadcast_2_piece0 in memory on 9fe4286b2855:36391 (size: 10.4 KiB, free: 434.4 MiB)
[2022-04-05 22:38:12,291] {spark_submit.py:488} INFO - 22/04/05 22:38:12 INFO SparkContext: Created broadcast 2 from broadcast at DAGScheduler.scala:1478
[2022-04-05 22:38:12,340] {spark_submit.py:488} INFO - 22/04/05 22:38:12 INFO DAGScheduler: Submitting 2 missing tasks from ShuffleMapStage 1 (MapPartitionsRDD[6] at save at NativeMethodAccessorImpl.java:0) (first 15 tasks are for partitions Vector(0, 1))
[2022-04-05 22:38:12,341] {spark_submit.py:488} INFO - 22/04/05 22:38:12 INFO TaskSchedulerImpl: Adding task set 1.0 with 2 tasks resource profile 0
[2022-04-05 22:38:12,352] {spark_submit.py:488} INFO - 22/04/05 22:38:12 INFO TaskSetManager: Starting task 0.0 in stage 1.0 (TID 1) (9fe4286b2855, executor driver, partition 0, PROCESS_LOCAL, 4890 bytes) taskResourceAssignments Map()
[2022-04-05 22:38:12,357] {spark_submit.py:488} INFO - 22/04/05 22:38:12 INFO TaskSetManager: Starting task 1.0 in stage 1.0 (TID 2) (9fe4286b2855, executor driver, partition 1, PROCESS_LOCAL, 4890 bytes) taskResourceAssignments Map()
[2022-04-05 22:38:12,363] {spark_submit.py:488} INFO - 22/04/05 22:38:12 INFO Executor: Running task 0.0 in stage 1.0 (TID 1)
[2022-04-05 22:38:12,393] {spark_submit.py:488} INFO - 22/04/05 22:38:12 INFO Executor: Running task 1.0 in stage 1.0 (TID 2)
[2022-04-05 22:38:13,225] {spark_submit.py:488} INFO - 22/04/05 22:38:13 INFO FileScanRDD: Reading File path: gs://dtc_data_lake_de-stack-overflow/parquet/posts_questions-2008-12.parquet, range: 0-4194304, partition values: [empty row]
[2022-04-05 22:38:13,236] {spark_submit.py:488} INFO - 22/04/05 22:38:13 INFO FileScanRDD: Reading File path: gs://dtc_data_lake_de-stack-overflow/parquet/posts_questions-2008-12.parquet, range: 4194304-7304779, partition values: [empty row]
[2022-04-05 22:38:16,800] {spark_submit.py:488} INFO - 22/04/05 22:38:16 INFO Executor: Finished task 1.0 in stage 1.0 (TID 2). 1857 bytes result sent to driver
[2022-04-05 22:38:16,867] {spark_submit.py:488} INFO - 22/04/05 22:38:16 INFO TaskSetManager: Finished task 1.0 in stage 1.0 (TID 2) in 4513 ms on 9fe4286b2855 (executor driver) (1/2)
[2022-04-05 22:38:18,545] {spark_submit.py:488} INFO - 22/04/05 22:38:18 INFO CodecPool: Got brand-new decompressor [.snappy]
[2022-04-05 22:38:37,030] {spark_submit.py:488} INFO - 22/04/05 22:38:37 INFO Executor: Finished task 0.0 in stage 1.0 (TID 1). 2029 bytes result sent to driver
[2022-04-05 22:38:37,050] {spark_submit.py:488} INFO - 22/04/05 22:38:37 INFO TaskSetManager: Finished task 0.0 in stage 1.0 (TID 1) in 24705 ms on 9fe4286b2855 (executor driver) (2/2)
[2022-04-05 22:38:37,050] {spark_submit.py:488} INFO - 22/04/05 22:38:37 INFO DAGScheduler: ShuffleMapStage 1 (save at NativeMethodAccessorImpl.java:0) finished in 25.618 s
[2022-04-05 22:38:37,054] {spark_submit.py:488} INFO - 22/04/05 22:38:37 INFO DAGScheduler: looking for newly runnable stages
[2022-04-05 22:38:37,055] {spark_submit.py:488} INFO - 22/04/05 22:38:37 INFO DAGScheduler: running: Set()
[2022-04-05 22:38:37,055] {spark_submit.py:488} INFO - 22/04/05 22:38:37 INFO DAGScheduler: waiting: Set()
[2022-04-05 22:38:37,055] {spark_submit.py:488} INFO - 22/04/05 22:38:37 INFO DAGScheduler: failed: Set()
[2022-04-05 22:38:37,080] {spark_submit.py:488} INFO - 22/04/05 22:38:37 INFO TaskSchedulerImpl: Removed TaskSet 1.0, whose tasks have all completed, from pool
[2022-04-05 22:38:37,874] {spark_submit.py:488} INFO - 22/04/05 22:38:37 INFO SparkContext: Starting job: save at NativeMethodAccessorImpl.java:0
[2022-04-05 22:38:37,882] {spark_submit.py:488} INFO - 22/04/05 22:38:37 INFO DAGScheduler: Got job 2 (save at NativeMethodAccessorImpl.java:0) with 4 output partitions
[2022-04-05 22:38:37,883] {spark_submit.py:488} INFO - 22/04/05 22:38:37 INFO DAGScheduler: Final stage: ResultStage 3 (save at NativeMethodAccessorImpl.java:0)
[2022-04-05 22:38:37,883] {spark_submit.py:488} INFO - 22/04/05 22:38:37 INFO DAGScheduler: Parents of final stage: List(ShuffleMapStage 2)
[2022-04-05 22:38:37,883] {spark_submit.py:488} INFO - 22/04/05 22:38:37 INFO DAGScheduler: Missing parents: List()
[2022-04-05 22:38:37,949] {spark_submit.py:488} INFO - 22/04/05 22:38:37 INFO DAGScheduler: Submitting ResultStage 3 (ShuffledRowRDD[7] at save at NativeMethodAccessorImpl.java:0), which has no missing parents
[2022-04-05 22:38:38,143] {spark_submit.py:488} INFO - 22/04/05 22:38:38 INFO MemoryStore: Block broadcast_3 stored as values in memory (estimated size 204.2 KiB, free 433.9 MiB)
[2022-04-05 22:38:38,147] {spark_submit.py:488} INFO - 22/04/05 22:38:38 INFO MemoryStore: Block broadcast_3_piece0 stored as bytes in memory (estimated size 72.9 KiB, free 433.9 MiB)
[2022-04-05 22:38:38,200] {spark_submit.py:488} INFO - 22/04/05 22:38:38 INFO BlockManagerInfo: Added broadcast_3_piece0 in memory on 9fe4286b2855:36391 (size: 72.9 KiB, free: 434.3 MiB)
[2022-04-05 22:38:38,202] {spark_submit.py:488} INFO - 22/04/05 22:38:38 INFO SparkContext: Created broadcast 3 from broadcast at DAGScheduler.scala:1478
[2022-04-05 22:38:38,203] {spark_submit.py:488} INFO - 22/04/05 22:38:38 INFO DAGScheduler: Submitting 4 missing tasks from ResultStage 3 (ShuffledRowRDD[7] at save at NativeMethodAccessorImpl.java:0) (first 15 tasks are for partitions Vector(0, 1, 2, 3))
[2022-04-05 22:38:38,203] {spark_submit.py:488} INFO - 22/04/05 22:38:38 INFO TaskSchedulerImpl: Adding task set 3.0 with 4 tasks resource profile 0
[2022-04-05 22:38:38,216] {spark_submit.py:488} INFO - 22/04/05 22:38:38 INFO TaskSetManager: Starting task 0.0 in stage 3.0 (TID 3) (9fe4286b2855, executor driver, partition 0, NODE_LOCAL, 4453 bytes) taskResourceAssignments Map()
[2022-04-05 22:38:38,217] {spark_submit.py:488} INFO - 22/04/05 22:38:38 INFO TaskSetManager: Starting task 1.0 in stage 3.0 (TID 4) (9fe4286b2855, executor driver, partition 1, NODE_LOCAL, 4453 bytes) taskResourceAssignments Map()
[2022-04-05 22:38:38,218] {spark_submit.py:488} INFO - 22/04/05 22:38:38 INFO TaskSetManager: Starting task 2.0 in stage 3.0 (TID 5) (9fe4286b2855, executor driver, partition 2, NODE_LOCAL, 4453 bytes) taskResourceAssignments Map()
[2022-04-05 22:38:38,218] {spark_submit.py:488} INFO - 22/04/05 22:38:38 INFO TaskSetManager: Starting task 3.0 in stage 3.0 (TID 6) (9fe4286b2855, executor driver, partition 3, NODE_LOCAL, 4453 bytes) taskResourceAssignments Map()
[2022-04-05 22:38:38,219] {spark_submit.py:488} INFO - 22/04/05 22:38:38 INFO Executor: Running task 0.0 in stage 3.0 (TID 3)
[2022-04-05 22:38:38,224] {spark_submit.py:488} INFO - 22/04/05 22:38:38 INFO Executor: Running task 1.0 in stage 3.0 (TID 4)
[2022-04-05 22:38:38,320] {spark_submit.py:488} INFO - 22/04/05 22:38:38 INFO Executor: Running task 2.0 in stage 3.0 (TID 5)
[2022-04-05 22:38:38,358] {spark_submit.py:488} INFO - 22/04/05 22:38:38 INFO Executor: Running task 3.0 in stage 3.0 (TID 6)
[2022-04-05 22:38:38,808] {spark_submit.py:488} INFO - 22/04/05 22:38:38 INFO ShuffleBlockFetcherIterator: Getting 1 (2.1 MiB) non-empty blocks including 1 (2.1 MiB) local and 0 (0.0 B) host-local and 0 (0.0 B) push-merged-local and 0 (0.0 B) remote blocks
[2022-04-05 22:38:38,819] {spark_submit.py:488} INFO - 22/04/05 22:38:38 INFO ShuffleBlockFetcherIterator: Started 0 remote fetches in 48 ms
[2022-04-05 22:38:38,820] {spark_submit.py:488} INFO - 22/04/05 22:38:38 INFO ShuffleBlockFetcherIterator: Getting 1 (2.1 MiB) non-empty blocks including 1 (2.1 MiB) local and 0 (0.0 B) host-local and 0 (0.0 B) push-merged-local and 0 (0.0 B) remote blocks
[2022-04-05 22:38:38,821] {spark_submit.py:488} INFO - 22/04/05 22:38:38 INFO ShuffleBlockFetcherIterator: Started 0 remote fetches in 56 ms
[2022-04-05 22:38:38,826] {spark_submit.py:488} INFO - 22/04/05 22:38:38 INFO ShuffleBlockFetcherIterator: Getting 1 (2.1 MiB) non-empty blocks including 1 (2.1 MiB) local and 0 (0.0 B) host-local and 0 (0.0 B) push-merged-local and 0 (0.0 B) remote blocks
[2022-04-05 22:38:38,826] {spark_submit.py:488} INFO - 22/04/05 22:38:38 INFO ShuffleBlockFetcherIterator: Started 0 remote fetches in 78 ms
[2022-04-05 22:38:38,832] {spark_submit.py:488} INFO - 22/04/05 22:38:38 INFO ShuffleBlockFetcherIterator: Getting 1 (2.1 MiB) non-empty blocks including 1 (2.1 MiB) local and 0 (0.0 B) host-local and 0 (0.0 B) push-merged-local and 0 (0.0 B) remote blocks
[2022-04-05 22:38:38,832] {spark_submit.py:488} INFO - 22/04/05 22:38:38 INFO ShuffleBlockFetcherIterator: Started 0 remote fetches in 74 ms
[2022-04-05 22:38:38,856] {spark_submit.py:488} INFO - 22/04/05 22:38:38 INFO FileOutputCommitter: File Output Committer Algorithm version is 1
[2022-04-05 22:38:38,857] {spark_submit.py:488} INFO - 22/04/05 22:38:38 INFO FileOutputCommitter: FileOutputCommitter skip cleanup _temporary folders under output directory:false, ignore cleanup failures: false
[2022-04-05 22:38:38,883] {spark_submit.py:488} INFO - 22/04/05 22:38:38 INFO FileOutputCommitter: File Output Committer Algorithm version is 1
[2022-04-05 22:38:38,893] {spark_submit.py:488} INFO - 22/04/05 22:38:38 INFO FileOutputCommitter: FileOutputCommitter skip cleanup _temporary folders under output directory:false, ignore cleanup failures: false
[2022-04-05 22:38:38,901] {spark_submit.py:488} INFO - 22/04/05 22:38:38 INFO FileOutputCommitter: File Output Committer Algorithm version is 1
[2022-04-05 22:38:38,902] {spark_submit.py:488} INFO - 22/04/05 22:38:38 INFO FileOutputCommitter: FileOutputCommitter skip cleanup _temporary folders under output directory:false, ignore cleanup failures: false
[2022-04-05 22:38:38,903] {spark_submit.py:488} INFO - 22/04/05 22:38:38 INFO SQLHadoopMapReduceCommitProtocol: Using user defined output committer class org.apache.parquet.hadoop.ParquetOutputCommitter
[2022-04-05 22:38:38,904] {spark_submit.py:488} INFO - 22/04/05 22:38:38 INFO FileOutputCommitter: File Output Committer Algorithm version is 1
[2022-04-05 22:38:38,904] {spark_submit.py:488} INFO - 22/04/05 22:38:38 INFO FileOutputCommitter: FileOutputCommitter skip cleanup _temporary folders under output directory:false, ignore cleanup failures: false
[2022-04-05 22:38:38,905] {spark_submit.py:488} INFO - 22/04/05 22:38:38 INFO SQLHadoopMapReduceCommitProtocol: Using output committer class org.apache.parquet.hadoop.ParquetOutputCommitter
[2022-04-05 22:38:38,909] {spark_submit.py:488} INFO - 22/04/05 22:38:38 INFO SQLHadoopMapReduceCommitProtocol: Using user defined output committer class org.apache.parquet.hadoop.ParquetOutputCommitter
[2022-04-05 22:38:38,909] {spark_submit.py:488} INFO - 22/04/05 22:38:38 INFO FileOutputCommitter: File Output Committer Algorithm version is 1
[2022-04-05 22:38:38,909] {spark_submit.py:488} INFO - 22/04/05 22:38:38 INFO FileOutputCommitter: FileOutputCommitter skip cleanup _temporary folders under output directory:false, ignore cleanup failures: false
[2022-04-05 22:38:38,911] {spark_submit.py:488} INFO - 22/04/05 22:38:38 INFO SQLHadoopMapReduceCommitProtocol: Using output committer class org.apache.parquet.hadoop.ParquetOutputCommitter
[2022-04-05 22:38:38,949] {spark_submit.py:488} INFO - 22/04/05 22:38:38 INFO FileOutputCommitter: File Output Committer Algorithm version is 1
[2022-04-05 22:38:38,949] {spark_submit.py:488} INFO - 22/04/05 22:38:38 INFO FileOutputCommitter: FileOutputCommitter skip cleanup _temporary folders under output directory:false, ignore cleanup failures: false
[2022-04-05 22:38:38,953] {spark_submit.py:488} INFO - 22/04/05 22:38:38 INFO SQLHadoopMapReduceCommitProtocol: Using user defined output committer class org.apache.parquet.hadoop.ParquetOutputCommitter
[2022-04-05 22:38:38,954] {spark_submit.py:488} INFO - 22/04/05 22:38:38 INFO FileOutputCommitter: File Output Committer Algorithm version is 1
[2022-04-05 22:38:38,954] {spark_submit.py:488} INFO - 22/04/05 22:38:38 INFO FileOutputCommitter: FileOutputCommitter skip cleanup _temporary folders under output directory:false, ignore cleanup failures: false
[2022-04-05 22:38:38,954] {spark_submit.py:488} INFO - 22/04/05 22:38:38 INFO SQLHadoopMapReduceCommitProtocol: Using user defined output committer class org.apache.parquet.hadoop.ParquetOutputCommitter
[2022-04-05 22:38:38,954] {spark_submit.py:488} INFO - 22/04/05 22:38:38 INFO FileOutputCommitter: File Output Committer Algorithm version is 1
[2022-04-05 22:38:38,954] {spark_submit.py:488} INFO - 22/04/05 22:38:38 INFO FileOutputCommitter: FileOutputCommitter skip cleanup _temporary folders under output directory:false, ignore cleanup failures: false
[2022-04-05 22:38:38,954] {spark_submit.py:488} INFO - 22/04/05 22:38:38 INFO SQLHadoopMapReduceCommitProtocol: Using output committer class org.apache.parquet.hadoop.ParquetOutputCommitter
[2022-04-05 22:38:38,954] {spark_submit.py:488} INFO - 22/04/05 22:38:38 INFO SQLHadoopMapReduceCommitProtocol: Using output committer class org.apache.parquet.hadoop.ParquetOutputCommitter
[2022-04-05 22:38:39,006] {spark_submit.py:488} INFO - 22/04/05 22:38:39 INFO CodecConfig: Compression: SNAPPY
[2022-04-05 22:38:39,040] {spark_submit.py:488} INFO - 22/04/05 22:38:39 INFO CodecConfig: Compression: SNAPPY
[2022-04-05 22:38:39,041] {spark_submit.py:488} INFO - 22/04/05 22:38:39 INFO CodecConfig: Compression: SNAPPY
[2022-04-05 22:38:39,042] {spark_submit.py:488} INFO - 22/04/05 22:38:39 INFO CodecConfig: Compression: SNAPPY
[2022-04-05 22:38:39,080] {spark_submit.py:488} INFO - 22/04/05 22:38:39 INFO CodecConfig: Compression: SNAPPY
[2022-04-05 22:38:39,080] {spark_submit.py:488} INFO - 22/04/05 22:38:39 INFO CodecConfig: Compression: SNAPPY
[2022-04-05 22:38:39,083] {spark_submit.py:488} INFO - 22/04/05 22:38:39 INFO CodecConfig: Compression: SNAPPY
[2022-04-05 22:38:39,084] {spark_submit.py:488} INFO - 22/04/05 22:38:39 INFO CodecConfig: Compression: SNAPPY
[2022-04-05 22:38:39,214] {spark_submit.py:488} INFO - 22/04/05 22:38:39 INFO ParquetOutputFormat: Parquet block size to 134217728
[2022-04-05 22:38:39,214] {spark_submit.py:488} INFO - 22/04/05 22:38:39 INFO ParquetOutputFormat: Validation is off
[2022-04-05 22:38:39,215] {spark_submit.py:488} INFO - 22/04/05 22:38:39 INFO ParquetOutputFormat: Maximum row group padding size is 8388608 bytes
[2022-04-05 22:38:39,215] {spark_submit.py:488} INFO - 22/04/05 22:38:39 INFO ParquetOutputFormat: Parquet properties are:
[2022-04-05 22:38:39,215] {spark_submit.py:488} INFO - Parquet page size to 1048576
[2022-04-05 22:38:39,215] {spark_submit.py:488} INFO - Parquet dictionary page size to 1048576
[2022-04-05 22:38:39,215] {spark_submit.py:488} INFO - Dictionary is true
[2022-04-05 22:38:39,216] {spark_submit.py:488} INFO - Writer version is: PARQUET_1_0
[2022-04-05 22:38:39,216] {spark_submit.py:488} INFO - Page size checking is: estimated
[2022-04-05 22:38:39,216] {spark_submit.py:488} INFO - Min row count for page size check is: 100
[2022-04-05 22:38:39,216] {spark_submit.py:488} INFO - Max row count for page size check is: 10000
[2022-04-05 22:38:39,216] {spark_submit.py:488} INFO - Truncate length for column indexes is: 64
[2022-04-05 22:38:39,216] {spark_submit.py:488} INFO - Truncate length for statistics min/max  is: 2147483647
[2022-04-05 22:38:39,216] {spark_submit.py:488} INFO - Bloom filter enabled: false
[2022-04-05 22:38:39,216] {spark_submit.py:488} INFO - Max Bloom filter size for a column is 1048576
[2022-04-05 22:38:39,216] {spark_submit.py:488} INFO - Bloom filter expected number of distinct values are: null
[2022-04-05 22:38:39,216] {spark_submit.py:488} INFO - Page row count limit to 20000
[2022-04-05 22:38:39,216] {spark_submit.py:488} INFO - Writing page checksums is: on
[2022-04-05 22:38:39,270] {spark_submit.py:488} INFO - 22/04/05 22:38:39 INFO ParquetOutputFormat: Parquet block size to 134217728
[2022-04-05 22:38:39,271] {spark_submit.py:488} INFO - 22/04/05 22:38:39 INFO ParquetOutputFormat: Validation is off
[2022-04-05 22:38:39,271] {spark_submit.py:488} INFO - 22/04/05 22:38:39 INFO ParquetOutputFormat: Maximum row group padding size is 8388608 bytes
[2022-04-05 22:38:39,271] {spark_submit.py:488} INFO - 22/04/05 22:38:39 INFO ParquetOutputFormat: Parquet properties are:
[2022-04-05 22:38:39,271] {spark_submit.py:488} INFO - Parquet page size to 1048576
[2022-04-05 22:38:39,271] {spark_submit.py:488} INFO - Parquet dictionary page size to 1048576
[2022-04-05 22:38:39,271] {spark_submit.py:488} INFO - Dictionary is true
[2022-04-05 22:38:39,271] {spark_submit.py:488} INFO - Writer version is: PARQUET_1_0
[2022-04-05 22:38:39,271] {spark_submit.py:488} INFO - Page size checking is: estimated
[2022-04-05 22:38:39,271] {spark_submit.py:488} INFO - Min row count for page size check is: 100
[2022-04-05 22:38:39,271] {spark_submit.py:488} INFO - Max row count for page size check is: 10000
[2022-04-05 22:38:39,271] {spark_submit.py:488} INFO - Truncate length for column indexes is: 64
[2022-04-05 22:38:39,271] {spark_submit.py:488} INFO - Truncate length for statistics min/max  is: 2147483647
[2022-04-05 22:38:39,272] {spark_submit.py:488} INFO - Bloom filter enabled: false
[2022-04-05 22:38:39,272] {spark_submit.py:488} INFO - Max Bloom filter size for a column is 1048576
[2022-04-05 22:38:39,272] {spark_submit.py:488} INFO - Bloom filter expected number of distinct values are: null
[2022-04-05 22:38:39,272] {spark_submit.py:488} INFO - Page row count limit to 20000
[2022-04-05 22:38:39,272] {spark_submit.py:488} INFO - Writing page checksums is: on
[2022-04-05 22:38:39,300] {spark_submit.py:488} INFO - 22/04/05 22:38:39 INFO ParquetOutputFormat: Parquet block size to 134217728
[2022-04-05 22:38:39,300] {spark_submit.py:488} INFO - 22/04/05 22:38:39 INFO ParquetOutputFormat: Validation is off
[2022-04-05 22:38:39,300] {spark_submit.py:488} INFO - 22/04/05 22:38:39 INFO ParquetOutputFormat: Maximum row group padding size is 8388608 bytes
[2022-04-05 22:38:39,300] {spark_submit.py:488} INFO - 22/04/05 22:38:39 INFO ParquetOutputFormat: Parquet properties are:
[2022-04-05 22:38:39,300] {spark_submit.py:488} INFO - Parquet page size to 1048576
[2022-04-05 22:38:39,300] {spark_submit.py:488} INFO - Parquet dictionary page size to 1048576
[2022-04-05 22:38:39,301] {spark_submit.py:488} INFO - Dictionary is true
[2022-04-05 22:38:39,301] {spark_submit.py:488} INFO - Writer version is: PARQUET_1_0
[2022-04-05 22:38:39,301] {spark_submit.py:488} INFO - Page size checking is: estimated
[2022-04-05 22:38:39,301] {spark_submit.py:488} INFO - Min row count for page size check is: 100
[2022-04-05 22:38:39,301] {spark_submit.py:488} INFO - Max row count for page size check is: 10000
[2022-04-05 22:38:39,301] {spark_submit.py:488} INFO - Truncate length for column indexes is: 64
[2022-04-05 22:38:39,301] {spark_submit.py:488} INFO - Truncate length for statistics min/max  is: 2147483647
[2022-04-05 22:38:39,301] {spark_submit.py:488} INFO - Bloom filter enabled: false
[2022-04-05 22:38:39,301] {spark_submit.py:488} INFO - Max Bloom filter size for a column is 1048576
[2022-04-05 22:38:39,301] {spark_submit.py:488} INFO - Bloom filter expected number of distinct values are: null
[2022-04-05 22:38:39,301] {spark_submit.py:488} INFO - Page row count limit to 20000
[2022-04-05 22:38:39,301] {spark_submit.py:488} INFO - Writing page checksums is: on
[2022-04-05 22:38:39,309] {spark_submit.py:488} INFO - 22/04/05 22:38:39 INFO ParquetOutputFormat: Parquet block size to 134217728
[2022-04-05 22:38:39,310] {spark_submit.py:488} INFO - 22/04/05 22:38:39 INFO ParquetOutputFormat: Validation is off
[2022-04-05 22:38:39,310] {spark_submit.py:488} INFO - 22/04/05 22:38:39 INFO ParquetOutputFormat: Maximum row group padding size is 8388608 bytes
[2022-04-05 22:38:39,310] {spark_submit.py:488} INFO - 22/04/05 22:38:39 INFO ParquetOutputFormat: Parquet properties are:
[2022-04-05 22:38:39,310] {spark_submit.py:488} INFO - Parquet page size to 1048576
[2022-04-05 22:38:39,310] {spark_submit.py:488} INFO - Parquet dictionary page size to 1048576
[2022-04-05 22:38:39,310] {spark_submit.py:488} INFO - Dictionary is true
[2022-04-05 22:38:39,310] {spark_submit.py:488} INFO - Writer version is: PARQUET_1_0
[2022-04-05 22:38:39,310] {spark_submit.py:488} INFO - Page size checking is: estimated
[2022-04-05 22:38:39,310] {spark_submit.py:488} INFO - Min row count for page size check is: 100
[2022-04-05 22:38:39,310] {spark_submit.py:488} INFO - Max row count for page size check is: 10000
[2022-04-05 22:38:39,310] {spark_submit.py:488} INFO - Truncate length for column indexes is: 64
[2022-04-05 22:38:39,310] {spark_submit.py:488} INFO - Truncate length for statistics min/max  is: 2147483647
[2022-04-05 22:38:39,311] {spark_submit.py:488} INFO - Bloom filter enabled: false
[2022-04-05 22:38:39,311] {spark_submit.py:488} INFO - Max Bloom filter size for a column is 1048576
[2022-04-05 22:38:39,311] {spark_submit.py:488} INFO - Bloom filter expected number of distinct values are: null
[2022-04-05 22:38:39,311] {spark_submit.py:488} INFO - Page row count limit to 20000
[2022-04-05 22:38:39,311] {spark_submit.py:488} INFO - Writing page checksums is: on
[2022-04-05 22:38:39,337] {spark_submit.py:488} INFO - 22/04/05 22:38:39 INFO ParquetWriteSupport: Initialized Parquet WriteSupport with Catalyst schema:
[2022-04-05 22:38:39,338] {spark_submit.py:488} INFO - {
[2022-04-05 22:38:39,338] {spark_submit.py:488} INFO - "type" : "struct",
[2022-04-05 22:38:39,338] {spark_submit.py:488} INFO - "fields" : [ {
[2022-04-05 22:38:39,338] {spark_submit.py:488} INFO - "name" : "id",
[2022-04-05 22:38:39,338] {spark_submit.py:488} INFO - "type" : "integer",
[2022-04-05 22:38:39,338] {spark_submit.py:488} INFO - "nullable" : true,
[2022-04-05 22:38:39,338] {spark_submit.py:488} INFO - "metadata" : { }
[2022-04-05 22:38:39,338] {spark_submit.py:488} INFO - }, {
[2022-04-05 22:38:39,338] {spark_submit.py:488} INFO - "name" : "title",
[2022-04-05 22:38:39,338] {spark_submit.py:488} INFO - "type" : "string",
[2022-04-05 22:38:39,338] {spark_submit.py:488} INFO - "nullable" : true,
[2022-04-05 22:38:39,338] {spark_submit.py:488} INFO - "metadata" : { }
[2022-04-05 22:38:39,338] {spark_submit.py:488} INFO - }, {
[2022-04-05 22:38:39,339] {spark_submit.py:488} INFO - "name" : "body",
[2022-04-05 22:38:39,339] {spark_submit.py:488} INFO - "type" : "string",
[2022-04-05 22:38:39,339] {spark_submit.py:488} INFO - "nullable" : true,
[2022-04-05 22:38:39,339] {spark_submit.py:488} INFO - "metadata" : { }
[2022-04-05 22:38:39,340] {spark_submit.py:488} INFO - }, {
[2022-04-05 22:38:39,340] {spark_submit.py:488} INFO - "name" : "accepted_answer_id",
[2022-04-05 22:38:39,340] {spark_submit.py:488} INFO - "type" : "integer",
[2022-04-05 22:38:39,340] {spark_submit.py:488} INFO - "nullable" : true,
[2022-04-05 22:38:39,340] {spark_submit.py:488} INFO - "metadata" : { }
[2022-04-05 22:38:39,340] {spark_submit.py:488} INFO - }, {
[2022-04-05 22:38:39,341] {spark_submit.py:488} INFO - "name" : "answer_count",
[2022-04-05 22:38:39,341] {spark_submit.py:488} INFO - "type" : "integer",
[2022-04-05 22:38:39,341] {spark_submit.py:488} INFO - "nullable" : true,
[2022-04-05 22:38:39,341] {spark_submit.py:488} INFO - "metadata" : { }
[2022-04-05 22:38:39,341] {spark_submit.py:488} INFO - }, {
[2022-04-05 22:38:39,341] {spark_submit.py:488} INFO - "name" : "comment_count",
[2022-04-05 22:38:39,341] {spark_submit.py:488} INFO - "type" : "integer",
[2022-04-05 22:38:39,341] {spark_submit.py:488} INFO - "nullable" : true,
[2022-04-05 22:38:39,341] {spark_submit.py:488} INFO - "metadata" : { }
[2022-04-05 22:38:39,341] {spark_submit.py:488} INFO - }, {
[2022-04-05 22:38:39,341] {spark_submit.py:488} INFO - "name" : "community_owned_date",
[2022-04-05 22:38:39,342] {spark_submit.py:488} INFO - "type" : "timestamp",
[2022-04-05 22:38:39,342] {spark_submit.py:488} INFO - "nullable" : true,
[2022-04-05 22:38:39,342] {spark_submit.py:488} INFO - "metadata" : { }
[2022-04-05 22:38:39,342] {spark_submit.py:488} INFO - }, {
[2022-04-05 22:38:39,342] {spark_submit.py:488} INFO - "name" : "creation_date",
[2022-04-05 22:38:39,342] {spark_submit.py:488} INFO - "type" : "timestamp",
[2022-04-05 22:38:39,342] {spark_submit.py:488} INFO - "nullable" : true,
[2022-04-05 22:38:39,342] {spark_submit.py:488} INFO - "metadata" : { }
[2022-04-05 22:38:39,342] {spark_submit.py:488} INFO - }, {
[2022-04-05 22:38:39,342] {spark_submit.py:488} INFO - "name" : "favorite_count",
[2022-04-05 22:38:39,342] {spark_submit.py:488} INFO - "type" : "integer",
[2022-04-05 22:38:39,342] {spark_submit.py:488} INFO - "nullable" : true,
[2022-04-05 22:38:39,342] {spark_submit.py:488} INFO - "metadata" : { }
[2022-04-05 22:38:39,342] {spark_submit.py:488} INFO - }, {
[2022-04-05 22:38:39,343] {spark_submit.py:488} INFO - "name" : "last_activity_date",
[2022-04-05 22:38:39,343] {spark_submit.py:488} INFO - "type" : "timestamp",
[2022-04-05 22:38:39,343] {spark_submit.py:488} INFO - "nullable" : true,
[2022-04-05 22:38:39,343] {spark_submit.py:488} INFO - "metadata" : { }
[2022-04-05 22:38:39,343] {spark_submit.py:488} INFO - }, {
[2022-04-05 22:38:39,343] {spark_submit.py:488} INFO - "name" : "last_edit_date",
[2022-04-05 22:38:39,343] {spark_submit.py:488} INFO - "type" : "timestamp",
[2022-04-05 22:38:39,343] {spark_submit.py:488} INFO - "nullable" : true,
[2022-04-05 22:38:39,343] {spark_submit.py:488} INFO - "metadata" : { }
[2022-04-05 22:38:39,343] {spark_submit.py:488} INFO - }, {
[2022-04-05 22:38:39,343] {spark_submit.py:488} INFO - "name" : "last_editor_display_name",
[2022-04-05 22:38:39,343] {spark_submit.py:488} INFO - "type" : "string",
[2022-04-05 22:38:39,343] {spark_submit.py:488} INFO - "nullable" : true,
[2022-04-05 22:38:39,343] {spark_submit.py:488} INFO - "metadata" : { }
[2022-04-05 22:38:39,345] {spark_submit.py:488} INFO - }, {
[2022-04-05 22:38:39,345] {spark_submit.py:488} INFO - "name" : "last_editor_user_id",
[2022-04-05 22:38:39,345] {spark_submit.py:488} INFO - "type" : "integer",
[2022-04-05 22:38:39,345] {spark_submit.py:488} INFO - "nullable" : true,
[2022-04-05 22:38:39,345] {spark_submit.py:488} INFO - "metadata" : { }
[2022-04-05 22:38:39,346] {spark_submit.py:488} INFO - }, {
[2022-04-05 22:38:39,346] {spark_submit.py:488} INFO - "name" : "owner_display_name",
[2022-04-05 22:38:39,346] {spark_submit.py:488} INFO - "type" : "string",
[2022-04-05 22:38:39,346] {spark_submit.py:488} INFO - "nullable" : true,
[2022-04-05 22:38:39,346] {spark_submit.py:488} INFO - "metadata" : { }
[2022-04-05 22:38:39,346] {spark_submit.py:488} INFO - }, {
[2022-04-05 22:38:39,346] {spark_submit.py:488} INFO - "name" : "owner_user_id",
[2022-04-05 22:38:39,346] {spark_submit.py:488} INFO - "type" : "integer",
[2022-04-05 22:38:39,346] {spark_submit.py:488} INFO - "nullable" : true,
[2022-04-05 22:38:39,346] {spark_submit.py:488} INFO - "metadata" : { }
[2022-04-05 22:38:39,346] {spark_submit.py:488} INFO - }, {
[2022-04-05 22:38:39,346] {spark_submit.py:488} INFO - "name" : "parent_id",
[2022-04-05 22:38:39,346] {spark_submit.py:488} INFO - "type" : "integer",
[2022-04-05 22:38:39,346] {spark_submit.py:488} INFO - "nullable" : true,
[2022-04-05 22:38:39,347] {spark_submit.py:488} INFO - "metadata" : { }
[2022-04-05 22:38:39,347] {spark_submit.py:488} INFO - }, {
[2022-04-05 22:38:39,347] {spark_submit.py:488} INFO - "name" : "post_type_id",
[2022-04-05 22:38:39,347] {spark_submit.py:488} INFO - "type" : "integer",
[2022-04-05 22:38:39,347] {spark_submit.py:488} INFO - "nullable" : true,
[2022-04-05 22:38:39,347] {spark_submit.py:488} INFO - "metadata" : { }
[2022-04-05 22:38:39,347] {spark_submit.py:488} INFO - }, {
[2022-04-05 22:38:39,347] {spark_submit.py:488} INFO - "name" : "score",
[2022-04-05 22:38:39,347] {spark_submit.py:488} INFO - "type" : "integer",
[2022-04-05 22:38:39,347] {spark_submit.py:488} INFO - "nullable" : true,
[2022-04-05 22:38:39,356] {spark_submit.py:488} INFO - "metadata" : { }
[2022-04-05 22:38:39,356] {spark_submit.py:488} INFO - }, {
[2022-04-05 22:38:39,356] {spark_submit.py:488} INFO - "name" : "tags",
[2022-04-05 22:38:39,356] {spark_submit.py:488} INFO - "type" : "string",
[2022-04-05 22:38:39,356] {spark_submit.py:488} INFO - "nullable" : true,
[2022-04-05 22:38:39,356] {spark_submit.py:488} INFO - "metadata" : { }
[2022-04-05 22:38:39,356] {spark_submit.py:488} INFO - }, {
[2022-04-05 22:38:39,356] {spark_submit.py:488} INFO - "name" : "view_count",
[2022-04-05 22:38:39,356] {spark_submit.py:488} INFO - "type" : "integer",
[2022-04-05 22:38:39,357] {spark_submit.py:488} INFO - "nullable" : true,
[2022-04-05 22:38:39,357] {spark_submit.py:488} INFO - "metadata" : { }
[2022-04-05 22:38:39,357] {spark_submit.py:488} INFO - }, {
[2022-04-05 22:38:39,357] {spark_submit.py:488} INFO - "name" : "group_by_date",
[2022-04-05 22:38:39,357] {spark_submit.py:488} INFO - "type" : "timestamp",
[2022-04-05 22:38:39,357] {spark_submit.py:488} INFO - "nullable" : true,
[2022-04-05 22:38:39,357] {spark_submit.py:488} INFO - "metadata" : { }
[2022-04-05 22:38:39,357] {spark_submit.py:488} INFO - } ]
[2022-04-05 22:38:39,357] {spark_submit.py:488} INFO - }
[2022-04-05 22:38:39,357] {spark_submit.py:488} INFO - and corresponding Parquet message type:
[2022-04-05 22:38:39,357] {spark_submit.py:488} INFO - message spark_schema {
[2022-04-05 22:38:39,357] {spark_submit.py:488} INFO - optional int32 id;
[2022-04-05 22:38:39,357] {spark_submit.py:488} INFO - optional binary title (STRING);
[2022-04-05 22:38:39,357] {spark_submit.py:488} INFO - optional binary body (STRING);
[2022-04-05 22:38:39,358] {spark_submit.py:488} INFO - optional int32 accepted_answer_id;
[2022-04-05 22:38:39,358] {spark_submit.py:488} INFO - optional int32 answer_count;
[2022-04-05 22:38:39,358] {spark_submit.py:488} INFO - optional int32 comment_count;
[2022-04-05 22:38:39,358] {spark_submit.py:488} INFO - optional int96 community_owned_date;
[2022-04-05 22:38:39,358] {spark_submit.py:488} INFO - optional int96 creation_date;
[2022-04-05 22:38:39,358] {spark_submit.py:488} INFO - optional int32 favorite_count;
[2022-04-05 22:38:39,358] {spark_submit.py:488} INFO - optional int96 last_activity_date;
[2022-04-05 22:38:39,358] {spark_submit.py:488} INFO - optional int96 last_edit_date;
[2022-04-05 22:38:39,358] {spark_submit.py:488} INFO - optional binary last_editor_display_name (STRING);
[2022-04-05 22:38:39,358] {spark_submit.py:488} INFO - optional int32 last_editor_user_id;
[2022-04-05 22:38:39,358] {spark_submit.py:488} INFO - optional binary owner_display_name (STRING);
[2022-04-05 22:38:39,358] {spark_submit.py:488} INFO - optional int32 owner_user_id;
[2022-04-05 22:38:39,358] {spark_submit.py:488} INFO - optional int32 parent_id;
[2022-04-05 22:38:39,358] {spark_submit.py:488} INFO - optional int32 post_type_id;
[2022-04-05 22:38:39,359] {spark_submit.py:488} INFO - optional int32 score;
[2022-04-05 22:38:39,359] {spark_submit.py:488} INFO - optional binary tags (STRING);
[2022-04-05 22:38:39,359] {spark_submit.py:488} INFO - optional int32 view_count;
[2022-04-05 22:38:39,359] {spark_submit.py:488} INFO - optional int96 group_by_date;
[2022-04-05 22:38:39,359] {spark_submit.py:488} INFO - }
[2022-04-05 22:38:39,359] {spark_submit.py:488} INFO - 
[2022-04-05 22:38:39,359] {spark_submit.py:488} INFO - 
[2022-04-05 22:38:39,359] {spark_submit.py:488} INFO - 22/04/05 22:38:39 INFO ParquetWriteSupport: Initialized Parquet WriteSupport with Catalyst schema:
[2022-04-05 22:38:39,359] {spark_submit.py:488} INFO - {
[2022-04-05 22:38:39,359] {spark_submit.py:488} INFO - "type" : "struct",
[2022-04-05 22:38:39,359] {spark_submit.py:488} INFO - "fields" : [ {
[2022-04-05 22:38:39,359] {spark_submit.py:488} INFO - "name" : "id",
[2022-04-05 22:38:39,371] {spark_submit.py:488} INFO - "type" : "integer",
[2022-04-05 22:38:39,372] {spark_submit.py:488} INFO - "nullable" : true,
[2022-04-05 22:38:39,372] {spark_submit.py:488} INFO - "metadata" : { }
[2022-04-05 22:38:39,372] {spark_submit.py:488} INFO - }, {
[2022-04-05 22:38:39,373] {spark_submit.py:488} INFO - "name" : "title",
[2022-04-05 22:38:39,374] {spark_submit.py:488} INFO - "type" : "string",
[2022-04-05 22:38:39,374] {spark_submit.py:488} INFO - "nullable" : true,
[2022-04-05 22:38:39,374] {spark_submit.py:488} INFO - "metadata" : { }
[2022-04-05 22:38:39,374] {spark_submit.py:488} INFO - }, {
[2022-04-05 22:38:39,374] {spark_submit.py:488} INFO - "name" : "body",
[2022-04-05 22:38:39,374] {spark_submit.py:488} INFO - "type" : "string",
[2022-04-05 22:38:39,374] {spark_submit.py:488} INFO - "nullable" : true,
[2022-04-05 22:38:39,379] {spark_submit.py:488} INFO - "metadata" : { }
[2022-04-05 22:38:39,379] {spark_submit.py:488} INFO - }, {
[2022-04-05 22:38:39,382] {spark_submit.py:488} INFO - "name" : "accepted_answer_id",
[2022-04-05 22:38:39,382] {spark_submit.py:488} INFO - "type" : "integer",
[2022-04-05 22:38:39,382] {spark_submit.py:488} INFO - "nullable" : true,
[2022-04-05 22:38:39,382] {spark_submit.py:488} INFO - "metadata" : { }
[2022-04-05 22:38:39,383] {spark_submit.py:488} INFO - }, {
[2022-04-05 22:38:39,383] {spark_submit.py:488} INFO - "name" : "answer_count",
[2022-04-05 22:38:39,383] {spark_submit.py:488} INFO - "type" : "integer",
[2022-04-05 22:38:39,383] {spark_submit.py:488} INFO - "nullable" : true,
[2022-04-05 22:38:39,383] {spark_submit.py:488} INFO - "metadata" : { }
[2022-04-05 22:38:39,383] {spark_submit.py:488} INFO - }, {
[2022-04-05 22:38:39,383] {spark_submit.py:488} INFO - "name" : "comment_count",
[2022-04-05 22:38:39,383] {spark_submit.py:488} INFO - "type" : "integer",
[2022-04-05 22:38:39,383] {spark_submit.py:488} INFO - "nullable" : true,
[2022-04-05 22:38:39,383] {spark_submit.py:488} INFO - "metadata" : { }
[2022-04-05 22:38:39,383] {spark_submit.py:488} INFO - }, {
[2022-04-05 22:38:39,383] {spark_submit.py:488} INFO - "name" : "community_owned_date",
[2022-04-05 22:38:39,383] {spark_submit.py:488} INFO - "type" : "timestamp",
[2022-04-05 22:38:39,384] {spark_submit.py:488} INFO - "nullable" : true,
[2022-04-05 22:38:39,384] {spark_submit.py:488} INFO - "metadata" : { }
[2022-04-05 22:38:39,384] {spark_submit.py:488} INFO - }, {
[2022-04-05 22:38:39,384] {spark_submit.py:488} INFO - "name" : "creation_date",
[2022-04-05 22:38:39,384] {spark_submit.py:488} INFO - "type" : "timestamp",
[2022-04-05 22:38:39,384] {spark_submit.py:488} INFO - "nullable" : true,
[2022-04-05 22:38:39,384] {spark_submit.py:488} INFO - "metadata" : { }
[2022-04-05 22:38:39,384] {spark_submit.py:488} INFO - }, {
[2022-04-05 22:38:39,384] {spark_submit.py:488} INFO - "name" : "favorite_count",
[2022-04-05 22:38:39,384] {spark_submit.py:488} INFO - "type" : "integer",
[2022-04-05 22:38:39,384] {spark_submit.py:488} INFO - "nullable" : true,
[2022-04-05 22:38:39,384] {spark_submit.py:488} INFO - "metadata" : { }
[2022-04-05 22:38:39,384] {spark_submit.py:488} INFO - }, {
[2022-04-05 22:38:39,384] {spark_submit.py:488} INFO - "name" : "last_activity_date",
[2022-04-05 22:38:39,385] {spark_submit.py:488} INFO - "type" : "timestamp",
[2022-04-05 22:38:39,385] {spark_submit.py:488} INFO - "nullable" : true,
[2022-04-05 22:38:39,385] {spark_submit.py:488} INFO - "metadata" : { }
[2022-04-05 22:38:39,385] {spark_submit.py:488} INFO - }, {
[2022-04-05 22:38:39,385] {spark_submit.py:488} INFO - "name" : "last_edit_date",
[2022-04-05 22:38:39,385] {spark_submit.py:488} INFO - "type" : "timestamp",
[2022-04-05 22:38:39,385] {spark_submit.py:488} INFO - "nullable" : true,
[2022-04-05 22:38:39,385] {spark_submit.py:488} INFO - "metadata" : { }
[2022-04-05 22:38:39,385] {spark_submit.py:488} INFO - }, {
[2022-04-05 22:38:39,385] {spark_submit.py:488} INFO - "name" : "last_editor_display_name",
[2022-04-05 22:38:39,385] {spark_submit.py:488} INFO - "type" : "string",
[2022-04-05 22:38:39,385] {spark_submit.py:488} INFO - "nullable" : true,
[2022-04-05 22:38:39,385] {spark_submit.py:488} INFO - "metadata" : { }
[2022-04-05 22:38:39,385] {spark_submit.py:488} INFO - }, {
[2022-04-05 22:38:39,385] {spark_submit.py:488} INFO - "name" : "last_editor_user_id",
[2022-04-05 22:38:39,386] {spark_submit.py:488} INFO - "type" : "integer",
[2022-04-05 22:38:39,386] {spark_submit.py:488} INFO - "nullable" : true,
[2022-04-05 22:38:39,386] {spark_submit.py:488} INFO - "metadata" : { }
[2022-04-05 22:38:39,386] {spark_submit.py:488} INFO - }, {
[2022-04-05 22:38:39,386] {spark_submit.py:488} INFO - "name" : "owner_display_name",
[2022-04-05 22:38:39,386] {spark_submit.py:488} INFO - "type" : "string",
[2022-04-05 22:38:39,386] {spark_submit.py:488} INFO - "nullable" : true,
[2022-04-05 22:38:39,386] {spark_submit.py:488} INFO - "metadata" : { }
[2022-04-05 22:38:39,439] {spark_submit.py:488} INFO - }, {
[2022-04-05 22:38:39,439] {spark_submit.py:488} INFO - "name" : "owner_user_id",
[2022-04-05 22:38:39,439] {spark_submit.py:488} INFO - "type" : "integer",
[2022-04-05 22:38:39,439] {spark_submit.py:488} INFO - "nullable" : true,
[2022-04-05 22:38:39,439] {spark_submit.py:488} INFO - "metadata" : { }
[2022-04-05 22:38:39,439] {spark_submit.py:488} INFO - }, {
[2022-04-05 22:38:39,439] {spark_submit.py:488} INFO - "name" : "parent_id",
[2022-04-05 22:38:39,440] {spark_submit.py:488} INFO - "type" : "integer",
[2022-04-05 22:38:39,440] {spark_submit.py:488} INFO - "nullable" : true,
[2022-04-05 22:38:39,440] {spark_submit.py:488} INFO - "metadata" : { }
[2022-04-05 22:38:39,440] {spark_submit.py:488} INFO - }, {
[2022-04-05 22:38:39,440] {spark_submit.py:488} INFO - "name" : "post_type_id",
[2022-04-05 22:38:39,440] {spark_submit.py:488} INFO - "type" : "integer",
[2022-04-05 22:38:39,440] {spark_submit.py:488} INFO - "nullable" : true,
[2022-04-05 22:38:39,440] {spark_submit.py:488} INFO - "metadata" : { }
[2022-04-05 22:38:39,440] {spark_submit.py:488} INFO - }, {
[2022-04-05 22:38:39,440] {spark_submit.py:488} INFO - "name" : "score",
[2022-04-05 22:38:39,440] {spark_submit.py:488} INFO - "type" : "integer",
[2022-04-05 22:38:39,440] {spark_submit.py:488} INFO - "nullable" : true,
[2022-04-05 22:38:39,440] {spark_submit.py:488} INFO - "metadata" : { }
[2022-04-05 22:38:39,441] {spark_submit.py:488} INFO - }, {
[2022-04-05 22:38:39,441] {spark_submit.py:488} INFO - "name" : "tags",
[2022-04-05 22:38:39,441] {spark_submit.py:488} INFO - "type" : "string",
[2022-04-05 22:38:39,441] {spark_submit.py:488} INFO - "nullable" : true,
[2022-04-05 22:38:39,441] {spark_submit.py:488} INFO - "metadata" : { }
[2022-04-05 22:38:39,441] {spark_submit.py:488} INFO - }, {
[2022-04-05 22:38:39,441] {spark_submit.py:488} INFO - "name" : "view_count",
[2022-04-05 22:38:39,441] {spark_submit.py:488} INFO - "type" : "integer",
[2022-04-05 22:38:39,441] {spark_submit.py:488} INFO - "nullable" : true,
[2022-04-05 22:38:39,441] {spark_submit.py:488} INFO - "metadata" : { }
[2022-04-05 22:38:39,441] {spark_submit.py:488} INFO - }, {
[2022-04-05 22:38:39,441] {spark_submit.py:488} INFO - "name" : "group_by_date",
[2022-04-05 22:38:39,441] {spark_submit.py:488} INFO - "type" : "timestamp",
[2022-04-05 22:38:39,442] {spark_submit.py:488} INFO - "nullable" : true,
[2022-04-05 22:38:39,442] {spark_submit.py:488} INFO - "metadata" : { }
[2022-04-05 22:38:39,442] {spark_submit.py:488} INFO - } ]
[2022-04-05 22:38:39,442] {spark_submit.py:488} INFO - }
[2022-04-05 22:38:39,442] {spark_submit.py:488} INFO - and corresponding Parquet message type:
[2022-04-05 22:38:39,442] {spark_submit.py:488} INFO - message spark_schema {
[2022-04-05 22:38:39,442] {spark_submit.py:488} INFO - optional int32 id;
[2022-04-05 22:38:39,442] {spark_submit.py:488} INFO - optional binary title (STRING);
[2022-04-05 22:38:39,442] {spark_submit.py:488} INFO - optional binary body (STRING);
[2022-04-05 22:38:39,442] {spark_submit.py:488} INFO - optional int32 accepted_answer_id;
[2022-04-05 22:38:39,460] {spark_submit.py:488} INFO - optional int32 answer_count;
[2022-04-05 22:38:39,460] {spark_submit.py:488} INFO - optional int32 comment_count;
[2022-04-05 22:38:39,460] {spark_submit.py:488} INFO - optional int96 community_owned_date;
[2022-04-05 22:38:39,460] {spark_submit.py:488} INFO - optional int96 creation_date;
[2022-04-05 22:38:39,460] {spark_submit.py:488} INFO - optional int32 favorite_count;
[2022-04-05 22:38:39,461] {spark_submit.py:488} INFO - optional int96 last_activity_date;
[2022-04-05 22:38:39,461] {spark_submit.py:488} INFO - optional int96 last_edit_date;
[2022-04-05 22:38:39,461] {spark_submit.py:488} INFO - optional binary last_editor_display_name (STRING);
[2022-04-05 22:38:39,461] {spark_submit.py:488} INFO - optional int32 last_editor_user_id;
[2022-04-05 22:38:39,461] {spark_submit.py:488} INFO - optional binary owner_display_name (STRING);
[2022-04-05 22:38:39,461] {spark_submit.py:488} INFO - optional int32 owner_user_id;
[2022-04-05 22:38:39,461] {spark_submit.py:488} INFO - optional int32 parent_id;
[2022-04-05 22:38:39,461] {spark_submit.py:488} INFO - optional int32 post_type_id;
[2022-04-05 22:38:39,461] {spark_submit.py:488} INFO - optional int32 score;
[2022-04-05 22:38:39,461] {spark_submit.py:488} INFO - optional binary tags (STRING);
[2022-04-05 22:38:39,461] {spark_submit.py:488} INFO - optional int32 view_count;
[2022-04-05 22:38:39,461] {spark_submit.py:488} INFO - optional int96 group_by_date;
[2022-04-05 22:38:39,462] {spark_submit.py:488} INFO - }
[2022-04-05 22:38:39,462] {spark_submit.py:488} INFO - 
[2022-04-05 22:38:39,462] {spark_submit.py:488} INFO - 
[2022-04-05 22:38:39,462] {spark_submit.py:488} INFO - 22/04/05 22:38:39 INFO ParquetWriteSupport: Initialized Parquet WriteSupport with Catalyst schema:
[2022-04-05 22:38:39,462] {spark_submit.py:488} INFO - {
[2022-04-05 22:38:39,462] {spark_submit.py:488} INFO - "type" : "struct",
[2022-04-05 22:38:39,462] {spark_submit.py:488} INFO - "fields" : [ {
[2022-04-05 22:38:39,462] {spark_submit.py:488} INFO - "name" : "id",
[2022-04-05 22:38:39,463] {spark_submit.py:488} INFO - "type" : "integer",
[2022-04-05 22:38:39,463] {spark_submit.py:488} INFO - "nullable" : true,
[2022-04-05 22:38:39,463] {spark_submit.py:488} INFO - "metadata" : { }
[2022-04-05 22:38:39,463] {spark_submit.py:488} INFO - }, {
[2022-04-05 22:38:39,463] {spark_submit.py:488} INFO - "name" : "title",
[2022-04-05 22:38:39,463] {spark_submit.py:488} INFO - "type" : "string",
[2022-04-05 22:38:39,463] {spark_submit.py:488} INFO - "nullable" : true,
[2022-04-05 22:38:39,463] {spark_submit.py:488} INFO - "metadata" : { }
[2022-04-05 22:38:39,463] {spark_submit.py:488} INFO - }, {
[2022-04-05 22:38:39,463] {spark_submit.py:488} INFO - "name" : "body",
[2022-04-05 22:38:39,463] {spark_submit.py:488} INFO - "type" : "string",
[2022-04-05 22:38:39,463] {spark_submit.py:488} INFO - "nullable" : true,
[2022-04-05 22:38:39,463] {spark_submit.py:488} INFO - "metadata" : { }
[2022-04-05 22:38:39,464] {spark_submit.py:488} INFO - }, {
[2022-04-05 22:38:39,464] {spark_submit.py:488} INFO - "name" : "accepted_answer_id",
[2022-04-05 22:38:39,464] {spark_submit.py:488} INFO - "type" : "integer",
[2022-04-05 22:38:39,464] {spark_submit.py:488} INFO - "nullable" : true,
[2022-04-05 22:38:39,464] {spark_submit.py:488} INFO - "metadata" : { }
[2022-04-05 22:38:39,464] {spark_submit.py:488} INFO - }, {
[2022-04-05 22:38:39,464] {spark_submit.py:488} INFO - "name" : "answer_count",
[2022-04-05 22:38:39,464] {spark_submit.py:488} INFO - "type" : "integer",
[2022-04-05 22:38:39,464] {spark_submit.py:488} INFO - "nullable" : true,
[2022-04-05 22:38:39,464] {spark_submit.py:488} INFO - "metadata" : { }
[2022-04-05 22:38:39,464] {spark_submit.py:488} INFO - }, {
[2022-04-05 22:38:39,464] {spark_submit.py:488} INFO - "name" : "comment_count",
[2022-04-05 22:38:39,465] {spark_submit.py:488} INFO - "type" : "integer",
[2022-04-05 22:38:39,465] {spark_submit.py:488} INFO - "nullable" : true,
[2022-04-05 22:38:39,465] {spark_submit.py:488} INFO - "metadata" : { }
[2022-04-05 22:38:39,465] {spark_submit.py:488} INFO - }, {
[2022-04-05 22:38:39,465] {spark_submit.py:488} INFO - "name" : "community_owned_date",
[2022-04-05 22:38:39,465] {spark_submit.py:488} INFO - "type" : "timestamp",
[2022-04-05 22:38:39,465] {spark_submit.py:488} INFO - "nullable" : true,
[2022-04-05 22:38:39,465] {spark_submit.py:488} INFO - "metadata" : { }
[2022-04-05 22:38:39,465] {spark_submit.py:488} INFO - }, {
[2022-04-05 22:38:39,465] {spark_submit.py:488} INFO - "name" : "creation_date",
[2022-04-05 22:38:39,465] {spark_submit.py:488} INFO - "type" : "timestamp",
[2022-04-05 22:38:39,465] {spark_submit.py:488} INFO - "nullable" : true,
[2022-04-05 22:38:39,465] {spark_submit.py:488} INFO - "metadata" : { }
[2022-04-05 22:38:39,465] {spark_submit.py:488} INFO - }, {
[2022-04-05 22:38:39,466] {spark_submit.py:488} INFO - "name" : "favorite_count",
[2022-04-05 22:38:39,466] {spark_submit.py:488} INFO - "type" : "integer",
[2022-04-05 22:38:39,466] {spark_submit.py:488} INFO - "nullable" : true,
[2022-04-05 22:38:39,466] {spark_submit.py:488} INFO - "metadata" : { }
[2022-04-05 22:38:39,466] {spark_submit.py:488} INFO - }, {
[2022-04-05 22:38:39,466] {spark_submit.py:488} INFO - "name" : "last_activity_date",
[2022-04-05 22:38:39,466] {spark_submit.py:488} INFO - "type" : "timestamp",
[2022-04-05 22:38:39,466] {spark_submit.py:488} INFO - "nullable" : true,
[2022-04-05 22:38:39,466] {spark_submit.py:488} INFO - "metadata" : { }
[2022-04-05 22:38:39,466] {spark_submit.py:488} INFO - }, {
[2022-04-05 22:38:39,466] {spark_submit.py:488} INFO - "name" : "last_edit_date",
[2022-04-05 22:38:39,466] {spark_submit.py:488} INFO - "type" : "timestamp",
[2022-04-05 22:38:39,466] {spark_submit.py:488} INFO - "nullable" : true,
[2022-04-05 22:38:39,466] {spark_submit.py:488} INFO - "metadata" : { }
[2022-04-05 22:38:39,466] {spark_submit.py:488} INFO - }, {
[2022-04-05 22:38:39,467] {spark_submit.py:488} INFO - "name" : "last_editor_display_name",
[2022-04-05 22:38:39,467] {spark_submit.py:488} INFO - "type" : "string",
[2022-04-05 22:38:39,467] {spark_submit.py:488} INFO - "nullable" : true,
[2022-04-05 22:38:39,467] {spark_submit.py:488} INFO - "metadata" : { }
[2022-04-05 22:38:39,467] {spark_submit.py:488} INFO - }, {
[2022-04-05 22:38:39,467] {spark_submit.py:488} INFO - "name" : "last_editor_user_id",
[2022-04-05 22:38:39,467] {spark_submit.py:488} INFO - "type" : "integer",
[2022-04-05 22:38:39,467] {spark_submit.py:488} INFO - "nullable" : true,
[2022-04-05 22:38:39,467] {spark_submit.py:488} INFO - "metadata" : { }
[2022-04-05 22:38:39,467] {spark_submit.py:488} INFO - }, {
[2022-04-05 22:38:39,467] {spark_submit.py:488} INFO - "name" : "owner_display_name",
[2022-04-05 22:38:39,467] {spark_submit.py:488} INFO - "type" : "string",
[2022-04-05 22:38:39,467] {spark_submit.py:488} INFO - "nullable" : true,
[2022-04-05 22:38:39,467] {spark_submit.py:488} INFO - "metadata" : { }
[2022-04-05 22:38:39,468] {spark_submit.py:488} INFO - }, {
[2022-04-05 22:38:39,468] {spark_submit.py:488} INFO - "name" : "owner_user_id",
[2022-04-05 22:38:39,468] {spark_submit.py:488} INFO - "type" : "integer",
[2022-04-05 22:38:39,468] {spark_submit.py:488} INFO - "nullable" : true,
[2022-04-05 22:38:39,468] {spark_submit.py:488} INFO - "metadata" : { }
[2022-04-05 22:38:39,468] {spark_submit.py:488} INFO - }, {
[2022-04-05 22:38:39,468] {spark_submit.py:488} INFO - "name" : "parent_id",
[2022-04-05 22:38:39,468] {spark_submit.py:488} INFO - "type" : "integer",
[2022-04-05 22:38:39,468] {spark_submit.py:488} INFO - "nullable" : true,
[2022-04-05 22:38:39,468] {spark_submit.py:488} INFO - "metadata" : { }
[2022-04-05 22:38:39,468] {spark_submit.py:488} INFO - }, {
[2022-04-05 22:38:39,469] {spark_submit.py:488} INFO - "name" : "post_type_id",
[2022-04-05 22:38:39,469] {spark_submit.py:488} INFO - "type" : "integer",
[2022-04-05 22:38:39,469] {spark_submit.py:488} INFO - "nullable" : true,
[2022-04-05 22:38:39,469] {spark_submit.py:488} INFO - "metadata" : { }
[2022-04-05 22:38:39,469] {spark_submit.py:488} INFO - }, {
[2022-04-05 22:38:39,469] {spark_submit.py:488} INFO - "name" : "score",
[2022-04-05 22:38:39,469] {spark_submit.py:488} INFO - "type" : "integer",
[2022-04-05 22:38:39,469] {spark_submit.py:488} INFO - "nullable" : true,
[2022-04-05 22:38:39,469] {spark_submit.py:488} INFO - "metadata" : { }
[2022-04-05 22:38:39,469] {spark_submit.py:488} INFO - }, {
[2022-04-05 22:38:39,469] {spark_submit.py:488} INFO - "name" : "tags",
[2022-04-05 22:38:39,469] {spark_submit.py:488} INFO - "type" : "string",
[2022-04-05 22:38:39,469] {spark_submit.py:488} INFO - "nullable" : true,
[2022-04-05 22:38:39,469] {spark_submit.py:488} INFO - "metadata" : { }
[2022-04-05 22:38:39,470] {spark_submit.py:488} INFO - }, {
[2022-04-05 22:38:39,470] {spark_submit.py:488} INFO - "name" : "view_count",
[2022-04-05 22:38:39,470] {spark_submit.py:488} INFO - "type" : "integer",
[2022-04-05 22:38:39,470] {spark_submit.py:488} INFO - "nullable" : true,
[2022-04-05 22:38:39,470] {spark_submit.py:488} INFO - "metadata" : { }
[2022-04-05 22:38:39,470] {spark_submit.py:488} INFO - }, {
[2022-04-05 22:38:39,470] {spark_submit.py:488} INFO - "name" : "group_by_date",
[2022-04-05 22:38:39,470] {spark_submit.py:488} INFO - "type" : "timestamp",
[2022-04-05 22:38:39,470] {spark_submit.py:488} INFO - "nullable" : true,
[2022-04-05 22:38:39,470] {spark_submit.py:488} INFO - "metadata" : { }
[2022-04-05 22:38:39,470] {spark_submit.py:488} INFO - } ]
[2022-04-05 22:38:39,470] {spark_submit.py:488} INFO - }
[2022-04-05 22:38:39,470] {spark_submit.py:488} INFO - and corresponding Parquet message type:
[2022-04-05 22:38:39,470] {spark_submit.py:488} INFO - message spark_schema {
[2022-04-05 22:38:39,471] {spark_submit.py:488} INFO - optional int32 id;
[2022-04-05 22:38:39,471] {spark_submit.py:488} INFO - optional binary title (STRING);
[2022-04-05 22:38:39,471] {spark_submit.py:488} INFO - optional binary body (STRING);
[2022-04-05 22:38:39,471] {spark_submit.py:488} INFO - optional int32 accepted_answer_id;
[2022-04-05 22:38:39,471] {spark_submit.py:488} INFO - optional int32 answer_count;
[2022-04-05 22:38:39,471] {spark_submit.py:488} INFO - optional int32 comment_count;
[2022-04-05 22:38:39,471] {spark_submit.py:488} INFO - optional int96 community_owned_date;
[2022-04-05 22:38:39,471] {spark_submit.py:488} INFO - optional int96 creation_date;
[2022-04-05 22:38:39,471] {spark_submit.py:488} INFO - optional int32 favorite_count;
[2022-04-05 22:38:39,471] {spark_submit.py:488} INFO - optional int96 last_activity_date;
[2022-04-05 22:38:39,471] {spark_submit.py:488} INFO - optional int96 last_edit_date;
[2022-04-05 22:38:39,471] {spark_submit.py:488} INFO - optional binary last_editor_display_name (STRING);
[2022-04-05 22:38:39,471] {spark_submit.py:488} INFO - optional int32 last_editor_user_id;
[2022-04-05 22:38:39,472] {spark_submit.py:488} INFO - optional binary owner_display_name (STRING);
[2022-04-05 22:38:39,472] {spark_submit.py:488} INFO - optional int32 owner_user_id;
[2022-04-05 22:38:39,472] {spark_submit.py:488} INFO - optional int32 parent_id;
[2022-04-05 22:38:39,472] {spark_submit.py:488} INFO - optional int32 post_type_id;
[2022-04-05 22:38:39,472] {spark_submit.py:488} INFO - optional int32 score;
[2022-04-05 22:38:39,472] {spark_submit.py:488} INFO - optional binary tags (STRING);
[2022-04-05 22:38:39,472] {spark_submit.py:488} INFO - optional int32 view_count;
[2022-04-05 22:38:39,472] {spark_submit.py:488} INFO - optional int96 group_by_date;
[2022-04-05 22:38:39,472] {spark_submit.py:488} INFO - }
[2022-04-05 22:38:39,472] {spark_submit.py:488} INFO - 
[2022-04-05 22:38:39,472] {spark_submit.py:488} INFO - 
[2022-04-05 22:38:39,472] {spark_submit.py:488} INFO - 22/04/05 22:38:39 INFO ParquetWriteSupport: Initialized Parquet WriteSupport with Catalyst schema:
[2022-04-05 22:38:39,472] {spark_submit.py:488} INFO - {
[2022-04-05 22:38:39,472] {spark_submit.py:488} INFO - "type" : "struct",
[2022-04-05 22:38:39,473] {spark_submit.py:488} INFO - "fields" : [ {
[2022-04-05 22:38:39,473] {spark_submit.py:488} INFO - "name" : "id",
[2022-04-05 22:38:39,473] {spark_submit.py:488} INFO - "type" : "integer",
[2022-04-05 22:38:39,473] {spark_submit.py:488} INFO - "nullable" : true,
[2022-04-05 22:38:39,473] {spark_submit.py:488} INFO - "metadata" : { }
[2022-04-05 22:38:39,473] {spark_submit.py:488} INFO - }, {
[2022-04-05 22:38:39,473] {spark_submit.py:488} INFO - "name" : "title",
[2022-04-05 22:38:39,473] {spark_submit.py:488} INFO - "type" : "string",
[2022-04-05 22:38:39,473] {spark_submit.py:488} INFO - "nullable" : true,
[2022-04-05 22:38:39,473] {spark_submit.py:488} INFO - "metadata" : { }
[2022-04-05 22:38:39,473] {spark_submit.py:488} INFO - }, {
[2022-04-05 22:38:39,473] {spark_submit.py:488} INFO - "name" : "body",
[2022-04-05 22:38:39,473] {spark_submit.py:488} INFO - "type" : "string",
[2022-04-05 22:38:39,473] {spark_submit.py:488} INFO - "nullable" : true,
[2022-04-05 22:38:39,474] {spark_submit.py:488} INFO - "metadata" : { }
[2022-04-05 22:38:39,474] {spark_submit.py:488} INFO - }, {
[2022-04-05 22:38:39,474] {spark_submit.py:488} INFO - "name" : "accepted_answer_id",
[2022-04-05 22:38:39,474] {spark_submit.py:488} INFO - "type" : "integer",
[2022-04-05 22:38:39,474] {spark_submit.py:488} INFO - "nullable" : true,
[2022-04-05 22:38:39,474] {spark_submit.py:488} INFO - "metadata" : { }
[2022-04-05 22:38:39,474] {spark_submit.py:488} INFO - }, {
[2022-04-05 22:38:39,474] {spark_submit.py:488} INFO - "name" : "answer_count",
[2022-04-05 22:38:39,474] {spark_submit.py:488} INFO - "type" : "integer",
[2022-04-05 22:38:39,474] {spark_submit.py:488} INFO - "nullable" : true,
[2022-04-05 22:38:39,474] {spark_submit.py:488} INFO - "metadata" : { }
[2022-04-05 22:38:39,474] {spark_submit.py:488} INFO - }, {
[2022-04-05 22:38:39,474] {spark_submit.py:488} INFO - "name" : "comment_count",
[2022-04-05 22:38:39,475] {spark_submit.py:488} INFO - "type" : "integer",
[2022-04-05 22:38:39,475] {spark_submit.py:488} INFO - "nullable" : true,
[2022-04-05 22:38:39,475] {spark_submit.py:488} INFO - "metadata" : { }
[2022-04-05 22:38:39,475] {spark_submit.py:488} INFO - }, {
[2022-04-05 22:38:39,475] {spark_submit.py:488} INFO - "name" : "community_owned_date",
[2022-04-05 22:38:39,475] {spark_submit.py:488} INFO - "type" : "timestamp",
[2022-04-05 22:38:39,475] {spark_submit.py:488} INFO - "nullable" : true,
[2022-04-05 22:38:39,475] {spark_submit.py:488} INFO - "metadata" : { }
[2022-04-05 22:38:39,475] {spark_submit.py:488} INFO - }, {
[2022-04-05 22:38:39,475] {spark_submit.py:488} INFO - "name" : "creation_date",
[2022-04-05 22:38:39,475] {spark_submit.py:488} INFO - "type" : "timestamp",
[2022-04-05 22:38:39,475] {spark_submit.py:488} INFO - "nullable" : true,
[2022-04-05 22:38:39,500] {spark_submit.py:488} INFO - "metadata" : { }
[2022-04-05 22:38:39,501] {spark_submit.py:488} INFO - }, {
[2022-04-05 22:38:39,501] {spark_submit.py:488} INFO - "name" : "favorite_count",
[2022-04-05 22:38:39,501] {spark_submit.py:488} INFO - "type" : "integer",
[2022-04-05 22:38:39,502] {spark_submit.py:488} INFO - "nullable" : true,
[2022-04-05 22:38:39,502] {spark_submit.py:488} INFO - "metadata" : { }
[2022-04-05 22:38:39,502] {spark_submit.py:488} INFO - }, {
[2022-04-05 22:38:39,502] {spark_submit.py:488} INFO - "name" : "last_activity_date",
[2022-04-05 22:38:39,502] {spark_submit.py:488} INFO - "type" : "timestamp",
[2022-04-05 22:38:39,502] {spark_submit.py:488} INFO - "nullable" : true,
[2022-04-05 22:38:39,502] {spark_submit.py:488} INFO - "metadata" : { }
[2022-04-05 22:38:39,502] {spark_submit.py:488} INFO - }, {
[2022-04-05 22:38:39,502] {spark_submit.py:488} INFO - "name" : "last_edit_date",
[2022-04-05 22:38:39,502] {spark_submit.py:488} INFO - "type" : "timestamp",
[2022-04-05 22:38:39,502] {spark_submit.py:488} INFO - "nullable" : true,
[2022-04-05 22:38:39,502] {spark_submit.py:488} INFO - "metadata" : { }
[2022-04-05 22:38:39,503] {spark_submit.py:488} INFO - }, {
[2022-04-05 22:38:39,503] {spark_submit.py:488} INFO - "name" : "last_editor_display_name",
[2022-04-05 22:38:39,503] {spark_submit.py:488} INFO - "type" : "string",
[2022-04-05 22:38:39,503] {spark_submit.py:488} INFO - "nullable" : true,
[2022-04-05 22:38:39,503] {spark_submit.py:488} INFO - "metadata" : { }
[2022-04-05 22:38:39,503] {spark_submit.py:488} INFO - }, {
[2022-04-05 22:38:39,503] {spark_submit.py:488} INFO - "name" : "last_editor_user_id",
[2022-04-05 22:38:39,503] {spark_submit.py:488} INFO - "type" : "integer",
[2022-04-05 22:38:39,503] {spark_submit.py:488} INFO - "nullable" : true,
[2022-04-05 22:38:39,503] {spark_submit.py:488} INFO - "metadata" : { }
[2022-04-05 22:38:39,503] {spark_submit.py:488} INFO - }, {
[2022-04-05 22:38:39,503] {spark_submit.py:488} INFO - "name" : "owner_display_name",
[2022-04-05 22:38:39,504] {spark_submit.py:488} INFO - "type" : "string",
[2022-04-05 22:38:39,504] {spark_submit.py:488} INFO - "nullable" : true,
[2022-04-05 22:38:39,504] {spark_submit.py:488} INFO - "metadata" : { }
[2022-04-05 22:38:39,504] {spark_submit.py:488} INFO - }, {
[2022-04-05 22:38:39,504] {spark_submit.py:488} INFO - "name" : "owner_user_id",
[2022-04-05 22:38:39,504] {spark_submit.py:488} INFO - "type" : "integer",
[2022-04-05 22:38:39,508] {spark_submit.py:488} INFO - "nullable" : true,
[2022-04-05 22:38:39,508] {spark_submit.py:488} INFO - "metadata" : { }
[2022-04-05 22:38:39,508] {spark_submit.py:488} INFO - }, {
[2022-04-05 22:38:39,508] {spark_submit.py:488} INFO - "name" : "parent_id",
[2022-04-05 22:38:39,508] {spark_submit.py:488} INFO - "type" : "integer",
[2022-04-05 22:38:39,508] {spark_submit.py:488} INFO - "nullable" : true,
[2022-04-05 22:38:39,508] {spark_submit.py:488} INFO - "metadata" : { }
[2022-04-05 22:38:39,508] {spark_submit.py:488} INFO - }, {
[2022-04-05 22:38:39,508] {spark_submit.py:488} INFO - "name" : "post_type_id",
[2022-04-05 22:38:39,508] {spark_submit.py:488} INFO - "type" : "integer",
[2022-04-05 22:38:39,508] {spark_submit.py:488} INFO - "nullable" : true,
[2022-04-05 22:38:39,509] {spark_submit.py:488} INFO - "metadata" : { }
[2022-04-05 22:38:39,509] {spark_submit.py:488} INFO - }, {
[2022-04-05 22:38:39,509] {spark_submit.py:488} INFO - "name" : "score",
[2022-04-05 22:38:39,509] {spark_submit.py:488} INFO - "type" : "integer",
[2022-04-05 22:38:39,509] {spark_submit.py:488} INFO - "nullable" : true,
[2022-04-05 22:38:39,509] {spark_submit.py:488} INFO - "metadata" : { }
[2022-04-05 22:38:39,509] {spark_submit.py:488} INFO - }, {
[2022-04-05 22:38:39,509] {spark_submit.py:488} INFO - "name" : "tags",
[2022-04-05 22:38:39,509] {spark_submit.py:488} INFO - "type" : "string",
[2022-04-05 22:38:39,509] {spark_submit.py:488} INFO - "nullable" : true,
[2022-04-05 22:38:39,509] {spark_submit.py:488} INFO - "metadata" : { }
[2022-04-05 22:38:39,509] {spark_submit.py:488} INFO - }, {
[2022-04-05 22:38:39,509] {spark_submit.py:488} INFO - "name" : "view_count",
[2022-04-05 22:38:39,509] {spark_submit.py:488} INFO - "type" : "integer",
[2022-04-05 22:38:39,510] {spark_submit.py:488} INFO - "nullable" : true,
[2022-04-05 22:38:39,510] {spark_submit.py:488} INFO - "metadata" : { }
[2022-04-05 22:38:39,510] {spark_submit.py:488} INFO - }, {
[2022-04-05 22:38:39,510] {spark_submit.py:488} INFO - "name" : "group_by_date",
[2022-04-05 22:38:39,510] {spark_submit.py:488} INFO - "type" : "timestamp",
[2022-04-05 22:38:39,510] {spark_submit.py:488} INFO - "nullable" : true,
[2022-04-05 22:38:39,510] {spark_submit.py:488} INFO - "metadata" : { }
[2022-04-05 22:38:39,510] {spark_submit.py:488} INFO - } ]
[2022-04-05 22:38:39,510] {spark_submit.py:488} INFO - }
[2022-04-05 22:38:39,510] {spark_submit.py:488} INFO - and corresponding Parquet message type:
[2022-04-05 22:38:39,510] {spark_submit.py:488} INFO - message spark_schema {
[2022-04-05 22:38:39,510] {spark_submit.py:488} INFO - optional int32 id;
[2022-04-05 22:38:39,510] {spark_submit.py:488} INFO - optional binary title (STRING);
[2022-04-05 22:38:39,510] {spark_submit.py:488} INFO - optional binary body (STRING);
[2022-04-05 22:38:39,511] {spark_submit.py:488} INFO - optional int32 accepted_answer_id;
[2022-04-05 22:38:39,511] {spark_submit.py:488} INFO - optional int32 answer_count;
[2022-04-05 22:38:39,511] {spark_submit.py:488} INFO - optional int32 comment_count;
[2022-04-05 22:38:39,511] {spark_submit.py:488} INFO - optional int96 community_owned_date;
[2022-04-05 22:38:39,511] {spark_submit.py:488} INFO - optional int96 creation_date;
[2022-04-05 22:38:39,511] {spark_submit.py:488} INFO - optional int32 favorite_count;
[2022-04-05 22:38:39,511] {spark_submit.py:488} INFO - optional int96 last_activity_date;
[2022-04-05 22:38:39,511] {spark_submit.py:488} INFO - optional int96 last_edit_date;
[2022-04-05 22:38:39,514] {spark_submit.py:488} INFO - optional binary last_editor_display_name (STRING);
[2022-04-05 22:38:39,515] {spark_submit.py:488} INFO - optional int32 last_editor_user_id;
[2022-04-05 22:38:39,515] {spark_submit.py:488} INFO - optional binary owner_display_name (STRING);
[2022-04-05 22:38:39,515] {spark_submit.py:488} INFO - optional int32 owner_user_id;
[2022-04-05 22:38:39,515] {spark_submit.py:488} INFO - optional int32 parent_id;
[2022-04-05 22:38:39,515] {spark_submit.py:488} INFO - optional int32 post_type_id;
[2022-04-05 22:38:39,515] {spark_submit.py:488} INFO - optional int32 score;
[2022-04-05 22:38:39,515] {spark_submit.py:488} INFO - optional binary tags (STRING);
[2022-04-05 22:38:39,515] {spark_submit.py:488} INFO - optional int32 view_count;
[2022-04-05 22:38:39,515] {spark_submit.py:488} INFO - optional int96 group_by_date;
[2022-04-05 22:38:39,515] {spark_submit.py:488} INFO - }
[2022-04-05 22:38:39,515] {spark_submit.py:488} INFO - 
[2022-04-05 22:38:39,515] {spark_submit.py:488} INFO - 
[2022-04-05 22:38:40,860] {spark_submit.py:488} INFO - 22/04/05 22:38:40 INFO CodecPool: Got brand-new compressor [.snappy]
[2022-04-05 22:38:40,977] {spark_submit.py:488} INFO - 22/04/05 22:38:40 INFO CodecPool: Got brand-new compressor [.snappy]
[2022-04-05 22:38:41,075] {spark_submit.py:488} INFO - 22/04/05 22:38:41 INFO CodecPool: Got brand-new compressor [.snappy]
[2022-04-05 22:38:41,112] {spark_submit.py:488} INFO - 22/04/05 22:38:41 INFO CodecPool: Got brand-new compressor [.snappy]
[2022-04-05 22:38:42,729] {spark_submit.py:488} INFO - 22/04/05 22:38:42 INFO BlockManagerInfo: Removed broadcast_2_piece0 on 9fe4286b2855:36391 in memory (size: 10.4 KiB, free: 434.3 MiB)
[2022-04-05 22:38:48,092] {spark_submit.py:488} INFO - 22/04/05 22:38:48 INFO GoogleCloudStorageImpl: Ignoring exception of type GoogleJsonResponseException; verified object already exists with desired state.
[2022-04-05 22:38:48,092] {spark_submit.py:488} INFO - 22/04/05 22:38:48 INFO GoogleCloudStorageFileSystem: Successfully repaired 'gs://dtc_data_lake_de-stack-overflow/BigQuery/posts_questions-2008-12/_temporary/0/_temporary/' directory.
[2022-04-05 22:38:48,092] {spark_submit.py:488} INFO - 22/04/05 22:38:48 INFO FileOutputCommitter: Saved output of task 'attempt_202204052238378705824492778782635_0003_m_000000_3' to gs://dtc_data_lake_de-stack-overflow/BigQuery/posts_questions-2008-12/_temporary/0/task_202204052238378705824492778782635_0003_m_000000
[2022-04-05 22:38:48,092] {spark_submit.py:488} INFO - 22/04/05 22:38:48 INFO SparkHadoopMapRedUtil: attempt_202204052238378705824492778782635_0003_m_000000_3: Committed
[2022-04-05 22:38:48,092] {spark_submit.py:488} INFO - 22/04/05 22:38:48 INFO GoogleCloudStorageFileSystem: Successfully repaired 'gs://dtc_data_lake_de-stack-overflow/BigQuery/posts_questions-2008-12/_temporary/0/_temporary/' directory.
[2022-04-05 22:38:48,092] {spark_submit.py:488} INFO - 22/04/05 22:38:48 INFO FileOutputCommitter: Saved output of task 'attempt_202204052238378868517495109307824_0003_m_000001_4' to gs://dtc_data_lake_de-stack-overflow/BigQuery/posts_questions-2008-12/_temporary/0/task_202204052238378868517495109307824_0003_m_000001
[2022-04-05 22:38:48,128] {spark_submit.py:488} INFO - 22/04/05 22:38:48 INFO GoogleCloudStorageImpl: Ignoring exception of type GoogleJsonResponseException; verified object already exists with desired state.
[2022-04-05 22:38:48,128] {spark_submit.py:488} INFO - 22/04/05 22:38:48 INFO GoogleCloudStorageFileSystem: Successfully repaired 'gs://dtc_data_lake_de-stack-overflow/BigQuery/posts_questions-2008-12/_temporary/0/_temporary/' directory.
[2022-04-05 22:38:48,128] {spark_submit.py:488} INFO - 22/04/05 22:38:48 INFO FileOutputCommitter: Saved output of task 'attempt_202204052238377042354709069704111_0003_m_000002_5' to gs://dtc_data_lake_de-stack-overflow/BigQuery/posts_questions-2008-12/_temporary/0/task_202204052238377042354709069704111_0003_m_000002
[2022-04-05 22:38:48,128] {spark_submit.py:488} INFO - 22/04/05 22:38:48 INFO SparkHadoopMapRedUtil: attempt_202204052238377042354709069704111_0003_m_000002_5: Committed
[2022-04-05 22:38:48,128] {spark_submit.py:488} INFO - 22/04/05 22:38:48 INFO GoogleCloudStorageImpl: Ignoring exception of type GoogleJsonResponseException; verified object already exists with desired state.
[2022-04-05 22:38:48,128] {spark_submit.py:488} INFO - 22/04/05 22:38:48 INFO GoogleCloudStorageFileSystem: Successfully repaired 'gs://dtc_data_lake_de-stack-overflow/BigQuery/posts_questions-2008-12/_temporary/0/_temporary/' directory.
[2022-04-05 22:38:48,129] {spark_submit.py:488} INFO - 22/04/05 22:38:48 INFO FileOutputCommitter: Saved output of task 'attempt_202204052238376559745397790228338_0003_m_000003_6' to gs://dtc_data_lake_de-stack-overflow/BigQuery/posts_questions-2008-12/_temporary/0/task_202204052238376559745397790228338_0003_m_000003
[2022-04-05 22:38:48,129] {spark_submit.py:488} INFO - 22/04/05 22:38:48 INFO SparkHadoopMapRedUtil: attempt_202204052238376559745397790228338_0003_m_000003_6: Committed
[2022-04-05 22:38:48,129] {spark_submit.py:488} INFO - 22/04/05 22:38:48 INFO SparkHadoopMapRedUtil: attempt_202204052238378868517495109307824_0003_m_000001_4: Committed
[2022-04-05 22:38:48,176] {spark_submit.py:488} INFO - 22/04/05 22:38:48 INFO Executor: Finished task 3.0 in stage 3.0 (TID 6). 3526 bytes result sent to driver
[2022-04-05 22:38:48,176] {spark_submit.py:488} INFO - 22/04/05 22:38:48 INFO Executor: Finished task 0.0 in stage 3.0 (TID 3). 3526 bytes result sent to driver
[2022-04-05 22:38:48,176] {spark_submit.py:488} INFO - 22/04/05 22:38:48 INFO Executor: Finished task 1.0 in stage 3.0 (TID 4). 3526 bytes result sent to driver
[2022-04-05 22:38:48,200] {spark_submit.py:488} INFO - 22/04/05 22:38:48 INFO Executor: Finished task 2.0 in stage 3.0 (TID 5). 3483 bytes result sent to driver
[2022-04-05 22:38:48,216] {spark_submit.py:488} INFO - 22/04/05 22:38:48 INFO TaskSetManager: Finished task 3.0 in stage 3.0 (TID 6) in 9998 ms on 9fe4286b2855 (executor driver) (1/4)
[2022-04-05 22:38:48,218] {spark_submit.py:488} INFO - 22/04/05 22:38:48 INFO TaskSetManager: Finished task 0.0 in stage 3.0 (TID 3) in 10005 ms on 9fe4286b2855 (executor driver) (2/4)
[2022-04-05 22:38:48,269] {spark_submit.py:488} INFO - 22/04/05 22:38:48 INFO TaskSetManager: Finished task 1.0 in stage 3.0 (TID 4) in 10052 ms on 9fe4286b2855 (executor driver) (3/4)
[2022-04-05 22:38:48,269] {spark_submit.py:488} INFO - 22/04/05 22:38:48 INFO TaskSetManager: Finished task 2.0 in stage 3.0 (TID 5) in 10052 ms on 9fe4286b2855 (executor driver) (4/4)
[2022-04-05 22:38:48,269] {spark_submit.py:488} INFO - 22/04/05 22:38:48 INFO TaskSchedulerImpl: Removed TaskSet 3.0, whose tasks have all completed, from pool
[2022-04-05 22:38:48,275] {spark_submit.py:488} INFO - 22/04/05 22:38:48 INFO DAGScheduler: ResultStage 3 (save at NativeMethodAccessorImpl.java:0) finished in 10.273 s
[2022-04-05 22:38:48,275] {spark_submit.py:488} INFO - 22/04/05 22:38:48 INFO DAGScheduler: Job 2 is finished. Cancelling potential speculative or zombie tasks for this job
[2022-04-05 22:38:48,275] {spark_submit.py:488} INFO - 22/04/05 22:38:48 INFO TaskSchedulerImpl: Killing all running tasks in stage 3: Stage finished
[2022-04-05 22:38:48,280] {spark_submit.py:488} INFO - 22/04/05 22:38:48 INFO DAGScheduler: Job 2 finished: save at NativeMethodAccessorImpl.java:0, took 10.405518 s
[2022-04-05 22:38:48,296] {spark_submit.py:488} INFO - 22/04/05 22:38:48 INFO FileFormatWriter: Start to commit write Job 50e21e05-94bf-4e87-9e1d-6462b64bd463.
[2022-04-05 22:38:48,937] {spark_submit.py:488} INFO - 22/04/05 22:38:48 INFO GoogleCloudStorageFileSystem: Successfully repaired 'gs://dtc_data_lake_de-stack-overflow/BigQuery/posts_questions-2008-12/_temporary/0/task_202204052238376559745397790228338_0003_m_000003/' directory.
[2022-04-05 22:38:49,423] {spark_submit.py:488} INFO - 22/04/05 22:38:49 INFO GoogleCloudStorageFileSystem: Successfully repaired 'gs://dtc_data_lake_de-stack-overflow/BigQuery/posts_questions-2008-12/_temporary/0/task_202204052238377042354709069704111_0003_m_000002/' directory.
[2022-04-05 22:38:49,868] {spark_submit.py:488} INFO - 22/04/05 22:38:49 INFO GoogleCloudStorageFileSystem: Successfully repaired 'gs://dtc_data_lake_de-stack-overflow/BigQuery/posts_questions-2008-12/_temporary/0/task_202204052238378705824492778782635_0003_m_000000/' directory.
[2022-04-05 22:38:50,208] {spark_submit.py:488} INFO - 22/04/05 22:38:50 INFO GoogleCloudStorageFileSystem: Successfully repaired 'gs://dtc_data_lake_de-stack-overflow/BigQuery/posts_questions-2008-12/_temporary/0/task_202204052238378868517495109307824_0003_m_000001/' directory.
[2022-04-05 22:38:50,498] {spark_submit.py:488} INFO - 22/04/05 22:38:50 INFO GoogleCloudStorageFileSystem: Successfully repaired 'gs://dtc_data_lake_de-stack-overflow/BigQuery/posts_questions-2008-12/' directory.
[2022-04-05 22:38:51,011] {spark_submit.py:488} INFO - 22/04/05 22:38:51 INFO FileFormatWriter: Write Job 50e21e05-94bf-4e87-9e1d-6462b64bd463 committed. Elapsed time: 2713 ms.
[2022-04-05 22:38:51,132] {spark_submit.py:488} INFO - 22/04/05 22:38:51 INFO FileFormatWriter: Finished processing stats for write job 50e21e05-94bf-4e87-9e1d-6462b64bd463.
[2022-04-05 22:38:51,173] {spark_submit.py:488} INFO - 22/04/05 22:38:51 INFO BlockManagerInfo: Removed broadcast_3_piece0 on 9fe4286b2855:36391 in memory (size: 72.9 KiB, free: 434.4 MiB)
[2022-04-05 22:38:51,463] {spark_submit.py:488} INFO - 22/04/05 22:38:51 INFO SparkContext: Invoking stop() from shutdown hook
[2022-04-05 22:38:51,577] {spark_submit.py:488} INFO - 22/04/05 22:38:51 INFO SparkUI: Stopped Spark web UI at http://9fe4286b2855:4046
[2022-04-05 22:38:51,661] {spark_submit.py:488} INFO - 22/04/05 22:38:51 INFO MapOutputTrackerMasterEndpoint: MapOutputTrackerMasterEndpoint stopped!
[2022-04-05 22:38:51,848] {spark_submit.py:488} INFO - 22/04/05 22:38:51 INFO MemoryStore: MemoryStore cleared
[2022-04-05 22:38:51,849] {spark_submit.py:488} INFO - 22/04/05 22:38:51 INFO BlockManager: BlockManager stopped
[2022-04-05 22:38:51,859] {spark_submit.py:488} INFO - 22/04/05 22:38:51 INFO BlockManagerMaster: BlockManagerMaster stopped
[2022-04-05 22:38:51,866] {spark_submit.py:488} INFO - 22/04/05 22:38:51 INFO OutputCommitCoordinator$OutputCommitCoordinatorEndpoint: OutputCommitCoordinator stopped!
[2022-04-05 22:38:52,128] {spark_submit.py:488} INFO - 22/04/05 22:38:52 INFO SparkContext: Successfully stopped SparkContext
[2022-04-05 22:38:52,128] {spark_submit.py:488} INFO - 22/04/05 22:38:52 INFO ShutdownHookManager: Shutdown hook called
[2022-04-05 22:38:52,129] {spark_submit.py:488} INFO - 22/04/05 22:38:52 INFO ShutdownHookManager: Deleting directory /tmp/spark-497a7e17-12a4-41b9-abb3-2fa0014afbc5
[2022-04-05 22:38:52,177] {spark_submit.py:488} INFO - 22/04/05 22:38:52 INFO ShutdownHookManager: Deleting directory /tmp/spark-431187a3-b51d-4314-a187-cd31d32b7f65
[2022-04-05 22:38:52,212] {spark_submit.py:488} INFO - 22/04/05 22:38:52 INFO ShutdownHookManager: Deleting directory /tmp/spark-431187a3-b51d-4314-a187-cd31d32b7f65/pyspark-f525941e-b0d1-4daa-9b6a-366a08c0bcfc
[2022-04-05 22:38:52,572] {taskinstance.py:1288} INFO - Marking task as SUCCESS. dag_id=IngestToGCP, task_id=processing_tasks_posts_questions.spark_job, execution_date=20081201T000000, start_date=20220405T223605, end_date=20220405T223852
[2022-04-05 22:38:52,711] {local_task_job.py:154} INFO - Task exited with return code 0
[2022-04-05 22:38:52,852] {local_task_job.py:264} INFO - 1 downstream tasks scheduled from follow-on schedule check
