[2022-04-06 03:00:40,809] {taskinstance.py:1043} INFO - Dependencies all met for <TaskInstance: IngestToGCP.processing_tasks_badges.download_files_badges scheduled__2019-06-01T00:00:00+00:00 [queued]>
[2022-04-06 03:00:41,080] {taskinstance.py:1043} INFO - Dependencies all met for <TaskInstance: IngestToGCP.processing_tasks_badges.download_files_badges scheduled__2019-06-01T00:00:00+00:00 [queued]>
[2022-04-06 03:00:41,080] {taskinstance.py:1249} INFO - 
--------------------------------------------------------------------------------
[2022-04-06 03:00:41,080] {taskinstance.py:1250} INFO - Starting attempt 1 of 1
[2022-04-06 03:00:41,081] {taskinstance.py:1251} INFO - 
--------------------------------------------------------------------------------
[2022-04-06 03:00:41,315] {taskinstance.py:1270} INFO - Executing <Task(BashOperator): processing_tasks_badges.download_files_badges> on 2019-06-01 00:00:00+00:00
[2022-04-06 03:00:41,393] {standard_task_runner.py:52} INFO - Started process 196773 to run task
[2022-04-06 03:00:41,561] {standard_task_runner.py:79} INFO - Running: ['***', 'tasks', 'run', 'IngestToGCP', 'processing_tasks_badges.download_files_badges', 'scheduled__2019-06-01T00:00:00+00:00', '--job-id', '11468', '--raw', '--subdir', 'DAGS_FOLDER/ingest_dag.py', '--cfg-path', '/tmp/tmpbfa6rhj4', '--error-file', '/tmp/tmp_m39vx5v']
[2022-04-06 03:00:41,562] {standard_task_runner.py:80} INFO - Job 11468: Subtask processing_tasks_badges.download_files_badges
[2022-04-06 03:00:42,230] {logging_mixin.py:109} INFO - Running <TaskInstance: IngestToGCP.processing_tasks_badges.download_files_badges scheduled__2019-06-01T00:00:00+00:00 [running]> on host 9fe4286b2855
[2022-04-06 03:00:43,061] {logging_mixin.py:109} WARNING - /home/***/.local/lib/python3.7/site-packages/***/utils/context.py:156 AirflowContextDeprecationWarning: Accessing 'execution_date' from the template is deprecated and will be removed in a future version. Please use 'data_interval_start' or 'logical_date' instead.
[2022-04-06 03:00:43,463] {taskinstance.py:1448} INFO - Exporting the following env vars:
AIRFLOW_CTX_DAG_OWNER=***
AIRFLOW_CTX_DAG_ID=IngestToGCP
AIRFLOW_CTX_TASK_ID=processing_tasks_badges.download_files_badges
AIRFLOW_CTX_EXECUTION_DATE=2019-06-01T00:00:00+00:00
AIRFLOW_CTX_DAG_RUN_ID=scheduled__2019-06-01T00:00:00+00:00
[2022-04-06 03:00:43,465] {subprocess.py:62} INFO - Tmp dir root location: 
 /tmp
[2022-04-06 03:00:43,465] {subprocess.py:74} INFO - Running command: ['bash', '-c', 'curl -A "Mozilla Chrome Safari" -sSfl --connect-timeout 5                     --retry 5                     https://storage.googleapis.com/dtc_data_lake_de-stack-overflow/processed/badges-2019-06.csv > /opt/***/badges-2019-06.csv']
[2022-04-06 03:00:43,904] {subprocess.py:85} INFO - Output:
[2022-04-06 03:00:46,207] {subprocess.py:93} INFO - Command exited with return code 0
[2022-04-06 03:00:46,510] {taskinstance.py:1288} INFO - Marking task as SUCCESS. dag_id=IngestToGCP, task_id=processing_tasks_badges.download_files_badges, execution_date=20190601T000000, start_date=20220406T030040, end_date=20220406T030046
[2022-04-06 03:00:46,941] {local_task_job.py:212} WARNING - State of this instance has been externally set to success. Terminating instance.
[2022-04-06 03:00:46,952] {process_utils.py:124} INFO - Sending Signals.SIGTERM to group 196773. PIDs of all processes in the group: [196773]
[2022-04-06 03:00:46,953] {process_utils.py:75} INFO - Sending the signal Signals.SIGTERM to group 196773
[2022-04-06 03:00:47,044] {process_utils.py:70} INFO - Process psutil.Process(pid=196773, status='terminated', exitcode=0, started='03:00:41') (196773) terminated with exit code 0
