[2022-04-06 03:12:36,557] {taskinstance.py:1043} INFO - Dependencies all met for <TaskInstance: IngestToGCP.processing_tasks_posts_questions.spark_job scheduled__2019-10-01T00:00:00+00:00 [queued]>
[2022-04-06 03:12:36,772] {taskinstance.py:1043} INFO - Dependencies all met for <TaskInstance: IngestToGCP.processing_tasks_posts_questions.spark_job scheduled__2019-10-01T00:00:00+00:00 [queued]>
[2022-04-06 03:12:36,772] {taskinstance.py:1249} INFO - 
--------------------------------------------------------------------------------
[2022-04-06 03:12:36,772] {taskinstance.py:1250} INFO - Starting attempt 1 of 1
[2022-04-06 03:12:36,773] {taskinstance.py:1251} INFO - 
--------------------------------------------------------------------------------
[2022-04-06 03:12:36,968] {taskinstance.py:1270} INFO - Executing <Task(SparkSubmitOperator): processing_tasks_posts_questions.spark_job> on 2019-10-01 00:00:00+00:00
[2022-04-06 03:12:37,047] {standard_task_runner.py:52} INFO - Started process 204876 to run task
[2022-04-06 03:12:37,125] {standard_task_runner.py:79} INFO - Running: ['***', 'tasks', 'run', 'IngestToGCP', 'processing_tasks_posts_questions.spark_job', 'scheduled__2019-10-01T00:00:00+00:00', '--job-id', '11595', '--raw', '--subdir', 'DAGS_FOLDER/ingest_dag.py', '--cfg-path', '/tmp/tmpkaplknpk', '--error-file', '/tmp/tmptwk4l7rs']
[2022-04-06 03:12:37,126] {standard_task_runner.py:80} INFO - Job 11595: Subtask processing_tasks_posts_questions.spark_job
[2022-04-06 03:12:38,017] {logging_mixin.py:109} INFO - Running <TaskInstance: IngestToGCP.processing_tasks_posts_questions.spark_job scheduled__2019-10-01T00:00:00+00:00 [running]> on host 9fe4286b2855
[2022-04-06 03:12:38,767] {logging_mixin.py:109} WARNING - /home/***/.local/lib/python3.7/site-packages/***/utils/context.py:156 AirflowContextDeprecationWarning: Accessing 'execution_date' from the template is deprecated and will be removed in a future version. Please use 'data_interval_start' or 'logical_date' instead.
[2022-04-06 03:12:39,035] {taskinstance.py:1448} INFO - Exporting the following env vars:
AIRFLOW_CTX_DAG_OWNER=***
AIRFLOW_CTX_DAG_ID=IngestToGCP
AIRFLOW_CTX_TASK_ID=processing_tasks_posts_questions.spark_job
AIRFLOW_CTX_EXECUTION_DATE=2019-10-01T00:00:00+00:00
AIRFLOW_CTX_DAG_RUN_ID=scheduled__2019-10-01T00:00:00+00:00
[2022-04-06 03:12:39,170] {base.py:79} INFO - Using connection to: id: spark_project. Host: spark://spark, Port: 7077, Schema: , Login: , Password: None, extra: {'queue': 'root.default'}
[2022-04-06 03:12:39,193] {spark_submit.py:335} INFO - Spark-Submit cmd: spark-submit --master spark://spark:7077 --conf spark.master=local[*] --name format_schema --verbose --queue root.default ./dags/pyspark_parquet_transformation.py posts_questions 2019-10
[2022-04-06 03:12:59,038] {spark_submit.py:488} INFO - Using properties file: null
[2022-04-06 03:13:00,774] {spark_submit.py:488} INFO - WARNING: An illegal reflective access operation has occurred
[2022-04-06 03:13:00,775] {spark_submit.py:488} INFO - WARNING: Illegal reflective access by org.apache.spark.unsafe.Platform (file:/opt/***/spark/spark-3.2.1-bin-hadoop3.2/jars/spark-unsafe_2.12-3.2.1.jar) to constructor java.nio.DirectByteBuffer(long,int)
[2022-04-06 03:13:00,775] {spark_submit.py:488} INFO - WARNING: Please consider reporting this to the maintainers of org.apache.spark.unsafe.Platform
[2022-04-06 03:13:00,775] {spark_submit.py:488} INFO - WARNING: Use --illegal-access=warn to enable warnings of further illegal reflective access operations
[2022-04-06 03:13:00,816] {spark_submit.py:488} INFO - WARNING: All illegal access operations will be denied in a future release
[2022-04-06 03:13:01,582] {spark_submit.py:488} INFO - Parsed arguments:
[2022-04-06 03:13:01,583] {spark_submit.py:488} INFO - master                  spark://spark:7077
[2022-04-06 03:13:01,583] {spark_submit.py:488} INFO - deployMode              null
[2022-04-06 03:13:01,583] {spark_submit.py:488} INFO - executorMemory          null
[2022-04-06 03:13:01,583] {spark_submit.py:488} INFO - executorCores           null
[2022-04-06 03:13:01,583] {spark_submit.py:488} INFO - totalExecutorCores      null
[2022-04-06 03:13:01,583] {spark_submit.py:488} INFO - propertiesFile          null
[2022-04-06 03:13:01,583] {spark_submit.py:488} INFO - driverMemory            null
[2022-04-06 03:13:01,583] {spark_submit.py:488} INFO - driverCores             null
[2022-04-06 03:13:01,583] {spark_submit.py:488} INFO - driverExtraClassPath    null
[2022-04-06 03:13:01,584] {spark_submit.py:488} INFO - driverExtraLibraryPath  null
[2022-04-06 03:13:01,584] {spark_submit.py:488} INFO - driverExtraJavaOptions  null
[2022-04-06 03:13:01,584] {spark_submit.py:488} INFO - supervise               false
[2022-04-06 03:13:01,584] {spark_submit.py:488} INFO - queue                   root.default
[2022-04-06 03:13:01,584] {spark_submit.py:488} INFO - numExecutors            null
[2022-04-06 03:13:01,584] {spark_submit.py:488} INFO - files                   null
[2022-04-06 03:13:01,584] {spark_submit.py:488} INFO - pyFiles                 null
[2022-04-06 03:13:01,584] {spark_submit.py:488} INFO - archives                null
[2022-04-06 03:13:01,584] {spark_submit.py:488} INFO - mainClass               null
[2022-04-06 03:13:01,584] {spark_submit.py:488} INFO - primaryResource         file:/opt/***/dags/pyspark_parquet_transformation.py
[2022-04-06 03:13:01,584] {spark_submit.py:488} INFO - name                    format_schema
[2022-04-06 03:13:01,584] {spark_submit.py:488} INFO - childArgs               [posts_questions 2019-10]
[2022-04-06 03:13:01,584] {spark_submit.py:488} INFO - jars                    null
[2022-04-06 03:13:01,585] {spark_submit.py:488} INFO - packages                null
[2022-04-06 03:13:01,585] {spark_submit.py:488} INFO - packagesExclusions      null
[2022-04-06 03:13:01,585] {spark_submit.py:488} INFO - repositories            null
[2022-04-06 03:13:01,585] {spark_submit.py:488} INFO - verbose                 true
[2022-04-06 03:13:01,585] {spark_submit.py:488} INFO - 
[2022-04-06 03:13:01,585] {spark_submit.py:488} INFO - Spark properties used, including those specified through
[2022-04-06 03:13:01,585] {spark_submit.py:488} INFO - --conf and those from the properties file null:
[2022-04-06 03:13:01,585] {spark_submit.py:488} INFO - (spark.master,local[*])
[2022-04-06 03:13:01,585] {spark_submit.py:488} INFO - 
[2022-04-06 03:13:01,608] {spark_submit.py:488} INFO - 
[2022-04-06 03:13:06,048] {spark_submit.py:488} INFO - Main class:
[2022-04-06 03:13:06,049] {spark_submit.py:488} INFO - org.apache.spark.deploy.PythonRunner
[2022-04-06 03:13:06,112] {spark_submit.py:488} INFO - Arguments:
[2022-04-06 03:13:06,112] {spark_submit.py:488} INFO - file:/opt/***/dags/pyspark_parquet_transformation.py
[2022-04-06 03:13:06,112] {spark_submit.py:488} INFO - null
[2022-04-06 03:13:06,112] {spark_submit.py:488} INFO - posts_questions
[2022-04-06 03:13:06,113] {spark_submit.py:488} INFO - 2019-10
[2022-04-06 03:13:06,145] {spark_submit.py:488} INFO - Spark config:
[2022-04-06 03:13:06,145] {spark_submit.py:488} INFO - (spark.master,spark://spark:7077)
[2022-04-06 03:13:06,146] {spark_submit.py:488} INFO - (spark.submit.pyFiles,)
[2022-04-06 03:13:06,146] {spark_submit.py:488} INFO - (spark.submit.deployMode,client)
[2022-04-06 03:13:06,146] {spark_submit.py:488} INFO - (spark.app.name,format_schema)
[2022-04-06 03:13:06,160] {spark_submit.py:488} INFO - Classpath elements:
[2022-04-06 03:13:06,160] {spark_submit.py:488} INFO - 
[2022-04-06 03:13:06,161] {spark_submit.py:488} INFO - 
[2022-04-06 03:13:06,161] {spark_submit.py:488} INFO - 
[2022-04-06 03:13:16,046] {spark_submit.py:488} INFO - Using Spark's default log4j profile: org/apache/spark/log4j-defaults.properties
[2022-04-06 03:13:16,198] {spark_submit.py:488} INFO - 22/04/06 03:13:16 INFO SparkContext: Running Spark version 3.2.1
[2022-04-06 03:13:18,103] {spark_submit.py:488} INFO - 22/04/06 03:13:18 WARN NativeCodeLoader: Unable to load native-hadoop library for your platform... using builtin-java classes where applicable
[2022-04-06 03:13:20,115] {spark_submit.py:488} INFO - 22/04/06 03:13:20 INFO ResourceUtils: ==============================================================
[2022-04-06 03:13:20,166] {spark_submit.py:488} INFO - 22/04/06 03:13:20 INFO ResourceUtils: No custom resources configured for spark.driver.
[2022-04-06 03:13:20,167] {spark_submit.py:488} INFO - 22/04/06 03:13:20 INFO ResourceUtils: ==============================================================
[2022-04-06 03:13:20,169] {spark_submit.py:488} INFO - 22/04/06 03:13:20 INFO SparkContext: Submitted application: Modidy Schema
[2022-04-06 03:13:20,602] {spark_submit.py:488} INFO - 22/04/06 03:13:20 INFO ResourceProfile: Default ResourceProfile created, executor resources: Map(cores -> name: cores, amount: 1, script: , vendor: , memory -> name: memory, amount: 1024, script: , vendor: , offHeap -> name: offHeap, amount: 0, script: , vendor: ), task resources: Map(cpus -> name: cpus, amount: 1.0)
[2022-04-06 03:13:20,992] {spark_submit.py:488} INFO - 22/04/06 03:13:20 INFO ResourceProfile: Limiting resource is cpu
[2022-04-06 03:13:20,994] {spark_submit.py:488} INFO - 22/04/06 03:13:20 INFO ResourceProfileManager: Added ResourceProfile id: 0
[2022-04-06 03:13:22,069] {spark_submit.py:488} INFO - 22/04/06 03:13:22 INFO SecurityManager: Changing view acls to: default
[2022-04-06 03:13:22,071] {spark_submit.py:488} INFO - 22/04/06 03:13:22 INFO SecurityManager: Changing modify acls to: default
[2022-04-06 03:13:22,074] {spark_submit.py:488} INFO - 22/04/06 03:13:22 INFO SecurityManager: Changing view acls groups to:
[2022-04-06 03:13:22,137] {spark_submit.py:488} INFO - 22/04/06 03:13:22 INFO SecurityManager: Changing modify acls groups to:
[2022-04-06 03:13:22,139] {spark_submit.py:488} INFO - 22/04/06 03:13:22 INFO SecurityManager: SecurityManager: authentication disabled; ui acls disabled; users  with view permissions: Set(default); groups with view permissions: Set(); users  with modify permissions: Set(default); groups with modify permissions: Set()
[2022-04-06 03:13:26,376] {spark_submit.py:488} INFO - 22/04/06 03:13:26 INFO Utils: Successfully started service 'sparkDriver' on port 41433.
[2022-04-06 03:13:26,928] {spark_submit.py:488} INFO - 22/04/06 03:13:26 INFO SparkEnv: Registering MapOutputTracker
[2022-04-06 03:13:27,605] {spark_submit.py:488} INFO - 22/04/06 03:13:27 INFO SparkEnv: Registering BlockManagerMaster
[2022-04-06 03:13:28,149] {spark_submit.py:488} INFO - 22/04/06 03:13:28 INFO BlockManagerMasterEndpoint: Using org.apache.spark.storage.DefaultTopologyMapper for getting topology information
[2022-04-06 03:13:28,152] {spark_submit.py:488} INFO - 22/04/06 03:13:28 INFO BlockManagerMasterEndpoint: BlockManagerMasterEndpoint up
[2022-04-06 03:13:28,294] {spark_submit.py:488} INFO - 22/04/06 03:13:28 INFO SparkEnv: Registering BlockManagerMasterHeartbeat
[2022-04-06 03:13:28,847] {spark_submit.py:488} INFO - 22/04/06 03:13:28 INFO DiskBlockManager: Created local directory at /tmp/blockmgr-70f08429-a372-4524-9f31-bc71fd805e10
[2022-04-06 03:13:29,569] {spark_submit.py:488} INFO - 22/04/06 03:13:29 INFO MemoryStore: MemoryStore started with capacity 434.4 MiB
[2022-04-06 03:13:30,114] {spark_submit.py:488} INFO - 22/04/06 03:13:30 INFO SparkEnv: Registering OutputCommitCoordinator
[2022-04-06 03:13:33,203] {spark_submit.py:488} INFO - 22/04/06 03:13:33 WARN Utils: Service 'SparkUI' could not bind on port 4040. Attempting port 4041.
[2022-04-06 03:13:33,203] {spark_submit.py:488} INFO - 22/04/06 03:13:33 WARN Utils: Service 'SparkUI' could not bind on port 4041. Attempting port 4042.
[2022-04-06 03:13:33,204] {spark_submit.py:488} INFO - 22/04/06 03:13:33 WARN Utils: Service 'SparkUI' could not bind on port 4042. Attempting port 4043.
[2022-04-06 03:13:33,205] {spark_submit.py:488} INFO - 22/04/06 03:13:33 WARN Utils: Service 'SparkUI' could not bind on port 4043. Attempting port 4044.
[2022-04-06 03:13:33,205] {spark_submit.py:488} INFO - 22/04/06 03:13:33 WARN Utils: Service 'SparkUI' could not bind on port 4044. Attempting port 4045.
[2022-04-06 03:13:33,205] {spark_submit.py:488} INFO - 22/04/06 03:13:33 WARN Utils: Service 'SparkUI' could not bind on port 4045. Attempting port 4046.
[2022-04-06 03:13:33,206] {spark_submit.py:488} INFO - 22/04/06 03:13:33 WARN Utils: Service 'SparkUI' could not bind on port 4046. Attempting port 4047.
[2022-04-06 03:13:33,362] {spark_submit.py:488} INFO - 22/04/06 03:13:33 INFO Utils: Successfully started service 'SparkUI' on port 4047.
[2022-04-06 03:13:34,574] {spark_submit.py:488} INFO - 22/04/06 03:13:34 INFO SparkUI: Bound SparkUI to 0.0.0.0, and started at http://9fe4286b2855:4047
[2022-04-06 03:13:37,600] {spark_submit.py:488} INFO - 22/04/06 03:13:37 INFO Executor: Starting executor ID driver on host 9fe4286b2855
[2022-04-06 03:13:38,246] {spark_submit.py:488} INFO - 22/04/06 03:13:38 INFO Utils: Successfully started service 'org.apache.spark.network.netty.NettyBlockTransferService' on port 34697.
[2022-04-06 03:13:38,246] {spark_submit.py:488} INFO - 22/04/06 03:13:38 INFO NettyBlockTransferService: Server created on 9fe4286b2855:34697
[2022-04-06 03:13:38,296] {spark_submit.py:488} INFO - 22/04/06 03:13:38 INFO BlockManager: Using org.apache.spark.storage.RandomBlockReplicationPolicy for block replication policy
[2022-04-06 03:13:38,403] {spark_submit.py:488} INFO - 22/04/06 03:13:38 INFO BlockManagerMaster: Registering BlockManager BlockManagerId(driver, 9fe4286b2855, 34697, None)
[2022-04-06 03:13:38,493] {spark_submit.py:488} INFO - 22/04/06 03:13:38 INFO BlockManagerMasterEndpoint: Registering block manager 9fe4286b2855:34697 with 434.4 MiB RAM, BlockManagerId(driver, 9fe4286b2855, 34697, None)
[2022-04-06 03:13:38,585] {spark_submit.py:488} INFO - 22/04/06 03:13:38 INFO BlockManagerMaster: Registered BlockManager BlockManagerId(driver, 9fe4286b2855, 34697, None)
[2022-04-06 03:13:38,588] {spark_submit.py:488} INFO - 22/04/06 03:13:38 INFO BlockManager: Initialized BlockManager: BlockManagerId(driver, 9fe4286b2855, 34697, None)
[2022-04-06 03:13:53,968] {spark_submit.py:488} INFO - 22/04/06 03:13:53 INFO SharedState: Setting hive.metastore.warehouse.dir ('null') to the value of spark.sql.warehouse.dir.
[2022-04-06 03:13:54,058] {spark_submit.py:488} INFO - 22/04/06 03:13:54 INFO SharedState: Warehouse path is 'file:/opt/***/spark-warehouse'.
[2022-04-06 03:14:32,076] {spark_submit.py:488} INFO - 22/04/06 03:14:32 INFO InMemoryFileIndex: It took 867 ms to list leaf files for 1 paths.
[2022-04-06 03:14:41,063] {spark_submit.py:488} INFO - 22/04/06 03:14:41 INFO SparkContext: Starting job: parquet at NativeMethodAccessorImpl.java:0
[2022-04-06 03:14:41,324] {spark_submit.py:488} INFO - 22/04/06 03:14:41 INFO DAGScheduler: Got job 0 (parquet at NativeMethodAccessorImpl.java:0) with 1 output partitions
[2022-04-06 03:14:41,325] {spark_submit.py:488} INFO - 22/04/06 03:14:41 INFO DAGScheduler: Final stage: ResultStage 0 (parquet at NativeMethodAccessorImpl.java:0)
[2022-04-06 03:14:41,326] {spark_submit.py:488} INFO - 22/04/06 03:14:41 INFO DAGScheduler: Parents of final stage: List()
[2022-04-06 03:14:41,345] {spark_submit.py:488} INFO - 22/04/06 03:14:41 INFO DAGScheduler: Missing parents: List()
[2022-04-06 03:14:41,398] {spark_submit.py:488} INFO - 22/04/06 03:14:41 INFO DAGScheduler: Submitting ResultStage 0 (MapPartitionsRDD[1] at parquet at NativeMethodAccessorImpl.java:0), which has no missing parents
[2022-04-06 03:14:42,661] {spark_submit.py:488} INFO - 22/04/06 03:14:42 INFO MemoryStore: Block broadcast_0 stored as values in memory (estimated size 100.1 KiB, free 434.3 MiB)
[2022-04-06 03:14:43,175] {spark_submit.py:488} INFO - 22/04/06 03:14:43 INFO MemoryStore: Block broadcast_0_piece0 stored as bytes in memory (estimated size 35.8 KiB, free 434.3 MiB)
[2022-04-06 03:14:43,248] {spark_submit.py:488} INFO - 22/04/06 03:14:43 INFO BlockManagerInfo: Added broadcast_0_piece0 in memory on 9fe4286b2855:34697 (size: 35.8 KiB, free: 434.4 MiB)
[2022-04-06 03:14:43,263] {spark_submit.py:488} INFO - 22/04/06 03:14:43 INFO SparkContext: Created broadcast 0 from broadcast at DAGScheduler.scala:1478
[2022-04-06 03:14:43,382] {spark_submit.py:488} INFO - 22/04/06 03:14:43 INFO DAGScheduler: Submitting 1 missing tasks from ResultStage 0 (MapPartitionsRDD[1] at parquet at NativeMethodAccessorImpl.java:0) (first 15 tasks are for partitions Vector(0))
[2022-04-06 03:14:43,404] {spark_submit.py:488} INFO - 22/04/06 03:14:43 INFO TaskSchedulerImpl: Adding task set 0.0 with 1 tasks resource profile 0
[2022-04-06 03:14:44,402] {spark_submit.py:488} INFO - 22/04/06 03:14:44 INFO TaskSetManager: Starting task 0.0 in stage 0.0 (TID 0) (9fe4286b2855, executor driver, partition 0, PROCESS_LOCAL, 4624 bytes) taskResourceAssignments Map()
[2022-04-06 03:14:44,616] {spark_submit.py:488} INFO - 22/04/06 03:14:44 INFO Executor: Running task 0.0 in stage 0.0 (TID 0)
[2022-04-06 03:14:52,424] {spark_submit.py:488} INFO - 22/04/06 03:14:52 INFO Executor: Finished task 0.0 in stage 0.0 (TID 0). 2452 bytes result sent to driver
[2022-04-06 03:14:52,532] {spark_submit.py:488} INFO - 22/04/06 03:14:52 INFO TaskSetManager: Finished task 0.0 in stage 0.0 (TID 0) in 8540 ms on 9fe4286b2855 (executor driver) (1/1)
[2022-04-06 03:14:52,649] {spark_submit.py:488} INFO - 22/04/06 03:14:52 INFO DAGScheduler: ResultStage 0 (parquet at NativeMethodAccessorImpl.java:0) finished in 11.045 s
[2022-04-06 03:14:52,658] {spark_submit.py:488} INFO - 22/04/06 03:14:52 INFO TaskSchedulerImpl: Removed TaskSet 0.0, whose tasks have all completed, from pool
[2022-04-06 03:14:52,700] {spark_submit.py:488} INFO - 22/04/06 03:14:52 INFO DAGScheduler: Job 0 is finished. Cancelling potential speculative or zombie tasks for this job
[2022-04-06 03:14:52,713] {spark_submit.py:488} INFO - 22/04/06 03:14:52 INFO TaskSchedulerImpl: Killing all running tasks in stage 0: Stage finished
[2022-04-06 03:14:52,731] {spark_submit.py:488} INFO - 22/04/06 03:14:52 INFO DAGScheduler: Job 0 finished: parquet at NativeMethodAccessorImpl.java:0, took 11.663535 s
[2022-04-06 03:14:54,711] {spark_submit.py:488} INFO - 22/04/06 03:14:54 INFO BlockManagerInfo: Removed broadcast_0_piece0 on 9fe4286b2855:34697 in memory (size: 35.8 KiB, free: 434.4 MiB)
[2022-04-06 03:15:43,641] {spark_submit.py:488} INFO - 22/04/06 03:15:43 INFO FileSourceStrategy: Pushed Filters:
[2022-04-06 03:15:43,699] {spark_submit.py:488} INFO - 22/04/06 03:15:43 INFO FileSourceStrategy: Post-Scan Filters:
[2022-04-06 03:15:43,743] {spark_submit.py:488} INFO - 22/04/06 03:15:43 INFO FileSourceStrategy: Output Data Schema: struct<id: bigint, title: string, body: string, accepted_answer_id: double, answer_count: bigint ... 19 more fields>
[2022-04-06 03:15:45,567] {spark_submit.py:488} INFO - 22/04/06 03:15:45 INFO ParquetFileFormat: Using default output committer for Parquet: org.apache.parquet.hadoop.ParquetOutputCommitter
[2022-04-06 03:15:45,957] {spark_submit.py:488} INFO - 22/04/06 03:15:45 INFO FileOutputCommitter: File Output Committer Algorithm version is 1
[2022-04-06 03:15:45,958] {spark_submit.py:488} INFO - 22/04/06 03:15:45 INFO FileOutputCommitter: FileOutputCommitter skip cleanup _temporary folders under output directory:false, ignore cleanup failures: false
[2022-04-06 03:15:45,967] {spark_submit.py:488} INFO - 22/04/06 03:15:45 INFO SQLHadoopMapReduceCommitProtocol: Using user defined output committer class org.apache.parquet.hadoop.ParquetOutputCommitter
[2022-04-06 03:15:45,968] {spark_submit.py:488} INFO - 22/04/06 03:15:45 INFO FileOutputCommitter: File Output Committer Algorithm version is 1
[2022-04-06 03:15:45,968] {spark_submit.py:488} INFO - 22/04/06 03:15:45 INFO FileOutputCommitter: FileOutputCommitter skip cleanup _temporary folders under output directory:false, ignore cleanup failures: false
[2022-04-06 03:15:45,970] {spark_submit.py:488} INFO - 22/04/06 03:15:45 INFO SQLHadoopMapReduceCommitProtocol: Using output committer class org.apache.parquet.hadoop.ParquetOutputCommitter
[2022-04-06 03:15:52,290] {spark_submit.py:488} INFO - 22/04/06 03:15:52 INFO CodeGenerator: Code generated in 3206.00537 ms
[2022-04-06 03:15:52,662] {spark_submit.py:488} INFO - 22/04/06 03:15:52 INFO MemoryStore: Block broadcast_1 stored as values in memory (estimated size 194.3 KiB, free 434.2 MiB)
[2022-04-06 03:15:52,928] {spark_submit.py:488} INFO - 22/04/06 03:15:52 INFO MemoryStore: Block broadcast_1_piece0 stored as bytes in memory (estimated size 34.3 KiB, free 434.2 MiB)
[2022-04-06 03:15:52,934] {spark_submit.py:488} INFO - 22/04/06 03:15:52 INFO BlockManagerInfo: Added broadcast_1_piece0 in memory on 9fe4286b2855:34697 (size: 34.3 KiB, free: 434.4 MiB)
[2022-04-06 03:15:52,976] {spark_submit.py:488} INFO - 22/04/06 03:15:52 INFO SparkContext: Created broadcast 1 from save at NativeMethodAccessorImpl.java:0
[2022-04-06 03:15:53,192] {spark_submit.py:488} INFO - 22/04/06 03:15:53 INFO FileSourceScanExec: Planning scan with bin packing, max size: 36342172 bytes, open cost is considered as scanning 4194304 bytes.
[2022-04-06 03:15:54,185] {spark_submit.py:488} INFO - 22/04/06 03:15:54 INFO DAGScheduler: Registering RDD 6 (save at NativeMethodAccessorImpl.java:0) as input to shuffle 0
[2022-04-06 03:15:54,192] {spark_submit.py:488} INFO - 22/04/06 03:15:54 INFO DAGScheduler: Got map stage job 1 (save at NativeMethodAccessorImpl.java:0) with 4 output partitions
[2022-04-06 03:15:54,201] {spark_submit.py:488} INFO - 22/04/06 03:15:54 INFO DAGScheduler: Final stage: ShuffleMapStage 1 (save at NativeMethodAccessorImpl.java:0)
[2022-04-06 03:15:54,207] {spark_submit.py:488} INFO - 22/04/06 03:15:54 INFO DAGScheduler: Parents of final stage: List()
[2022-04-06 03:15:54,213] {spark_submit.py:488} INFO - 22/04/06 03:15:54 INFO DAGScheduler: Missing parents: List()
[2022-04-06 03:15:54,247] {spark_submit.py:488} INFO - 22/04/06 03:15:54 INFO DAGScheduler: Submitting ShuffleMapStage 1 (MapPartitionsRDD[6] at save at NativeMethodAccessorImpl.java:0), which has no missing parents
[2022-04-06 03:15:54,813] {spark_submit.py:488} INFO - 22/04/06 03:15:54 INFO MemoryStore: Block broadcast_2 stored as values in memory (estimated size 32.2 KiB, free 434.1 MiB)
[2022-04-06 03:15:54,890] {spark_submit.py:488} INFO - 22/04/06 03:15:54 INFO MemoryStore: Block broadcast_2_piece0 stored as bytes in memory (estimated size 10.4 KiB, free 434.1 MiB)
[2022-04-06 03:15:54,892] {spark_submit.py:488} INFO - 22/04/06 03:15:54 INFO BlockManagerInfo: Added broadcast_2_piece0 in memory on 9fe4286b2855:34697 (size: 10.4 KiB, free: 434.4 MiB)
[2022-04-06 03:15:54,917] {spark_submit.py:488} INFO - 22/04/06 03:15:54 INFO SparkContext: Created broadcast 2 from broadcast at DAGScheduler.scala:1478
[2022-04-06 03:15:54,951] {spark_submit.py:488} INFO - 22/04/06 03:15:54 INFO DAGScheduler: Submitting 4 missing tasks from ShuffleMapStage 1 (MapPartitionsRDD[6] at save at NativeMethodAccessorImpl.java:0) (first 15 tasks are for partitions Vector(0, 1, 2, 3))
[2022-04-06 03:15:54,976] {spark_submit.py:488} INFO - 22/04/06 03:15:54 INFO TaskSchedulerImpl: Adding task set 1.0 with 4 tasks resource profile 0
[2022-04-06 03:15:54,989] {spark_submit.py:488} INFO - 22/04/06 03:15:54 INFO TaskSetManager: Starting task 0.0 in stage 1.0 (TID 1) (9fe4286b2855, executor driver, partition 0, PROCESS_LOCAL, 4890 bytes) taskResourceAssignments Map()
[2022-04-06 03:15:55,003] {spark_submit.py:488} INFO - 22/04/06 03:15:55 INFO TaskSetManager: Starting task 1.0 in stage 1.0 (TID 2) (9fe4286b2855, executor driver, partition 1, PROCESS_LOCAL, 4890 bytes) taskResourceAssignments Map()
[2022-04-06 03:15:55,010] {spark_submit.py:488} INFO - 22/04/06 03:15:55 INFO TaskSetManager: Starting task 2.0 in stage 1.0 (TID 3) (9fe4286b2855, executor driver, partition 2, PROCESS_LOCAL, 4890 bytes) taskResourceAssignments Map()
[2022-04-06 03:15:55,037] {spark_submit.py:488} INFO - 22/04/06 03:15:55 INFO TaskSetManager: Starting task 3.0 in stage 1.0 (TID 4) (9fe4286b2855, executor driver, partition 3, PROCESS_LOCAL, 4890 bytes) taskResourceAssignments Map()
[2022-04-06 03:15:55,111] {spark_submit.py:488} INFO - 22/04/06 03:15:55 INFO Executor: Running task 0.0 in stage 1.0 (TID 1)
[2022-04-06 03:15:55,114] {spark_submit.py:488} INFO - 22/04/06 03:15:55 INFO Executor: Running task 1.0 in stage 1.0 (TID 2)
[2022-04-06 03:15:55,118] {spark_submit.py:488} INFO - 22/04/06 03:15:55 INFO Executor: Running task 2.0 in stage 1.0 (TID 3)
[2022-04-06 03:15:55,268] {spark_submit.py:488} INFO - 22/04/06 03:15:55 INFO Executor: Running task 3.0 in stage 1.0 (TID 4)
[2022-04-06 03:15:55,834] {spark_submit.py:488} INFO - 22/04/06 03:15:55 INFO FileScanRDD: Reading File path: gs://dtc_data_lake_de-stack-overflow/parquet/posts_questions-2019-10.parquet, range: 0-36342172, partition values: [empty row]
[2022-04-06 03:15:55,840] {spark_submit.py:488} INFO - 22/04/06 03:15:55 INFO FileScanRDD: Reading File path: gs://dtc_data_lake_de-stack-overflow/parquet/posts_questions-2019-10.parquet, range: 72684344-109026516, partition values: [empty row]
[2022-04-06 03:15:55,882] {spark_submit.py:488} INFO - 22/04/06 03:15:55 INFO FileScanRDD: Reading File path: gs://dtc_data_lake_de-stack-overflow/parquet/posts_questions-2019-10.parquet, range: 109026516-141174386, partition values: [empty row]
[2022-04-06 03:15:55,882] {spark_submit.py:488} INFO - 22/04/06 03:15:55 INFO FileScanRDD: Reading File path: gs://dtc_data_lake_de-stack-overflow/parquet/posts_questions-2019-10.parquet, range: 36342172-72684344, partition values: [empty row]
[2022-04-06 03:15:59,301] {spark_submit.py:488} INFO - 22/04/06 03:15:59 INFO Executor: Finished task 0.0 in stage 1.0 (TID 1). 1900 bytes result sent to driver
[2022-04-06 03:15:59,325] {spark_submit.py:488} INFO - 22/04/06 03:15:59 INFO Executor: Finished task 2.0 in stage 1.0 (TID 3). 1857 bytes result sent to driver
[2022-04-06 03:15:59,480] {spark_submit.py:488} INFO - 22/04/06 03:15:59 INFO TaskSetManager: Finished task 0.0 in stage 1.0 (TID 1) in 4500 ms on 9fe4286b2855 (executor driver) (1/4)
[2022-04-06 03:15:59,486] {spark_submit.py:488} INFO - 22/04/06 03:15:59 INFO TaskSetManager: Finished task 2.0 in stage 1.0 (TID 3) in 4476 ms on 9fe4286b2855 (executor driver) (2/4)
[2022-04-06 03:15:59,649] {spark_submit.py:488} INFO - 22/04/06 03:15:59 INFO Executor: Finished task 3.0 in stage 1.0 (TID 4). 1857 bytes result sent to driver
[2022-04-06 03:15:59,693] {spark_submit.py:488} INFO - 22/04/06 03:15:59 INFO TaskSetManager: Finished task 3.0 in stage 1.0 (TID 4) in 4665 ms on 9fe4286b2855 (executor driver) (3/4)
[2022-04-06 03:16:17,489] {spark_submit.py:488} INFO - 22/04/06 03:16:17 INFO CodecPool: Got brand-new decompressor [.snappy]
[2022-04-06 03:17:19,137] {spark_submit.py:488} INFO - 22/04/06 03:17:19 INFO Executor: Finished task 1.0 in stage 1.0 (TID 2). 2029 bytes result sent to driver
[2022-04-06 03:17:19,139] {spark_submit.py:488} INFO - 22/04/06 03:17:19 INFO TaskSetManager: Finished task 1.0 in stage 1.0 (TID 2) in 84140 ms on 9fe4286b2855 (executor driver) (4/4)
[2022-04-06 03:17:19,139] {spark_submit.py:488} INFO - 22/04/06 03:17:19 INFO TaskSchedulerImpl: Removed TaskSet 1.0, whose tasks have all completed, from pool
[2022-04-06 03:17:19,141] {spark_submit.py:488} INFO - 22/04/06 03:17:19 INFO DAGScheduler: ShuffleMapStage 1 (save at NativeMethodAccessorImpl.java:0) finished in 84.829 s
[2022-04-06 03:17:19,153] {spark_submit.py:488} INFO - 22/04/06 03:17:19 INFO DAGScheduler: looking for newly runnable stages
[2022-04-06 03:17:19,153] {spark_submit.py:488} INFO - 22/04/06 03:17:19 INFO DAGScheduler: running: Set()
[2022-04-06 03:17:19,153] {spark_submit.py:488} INFO - 22/04/06 03:17:19 INFO DAGScheduler: waiting: Set()
[2022-04-06 03:17:19,153] {spark_submit.py:488} INFO - 22/04/06 03:17:19 INFO DAGScheduler: failed: Set()
[2022-04-06 03:17:20,381] {spark_submit.py:488} INFO - 22/04/06 03:17:20 INFO SparkContext: Starting job: save at NativeMethodAccessorImpl.java:0
[2022-04-06 03:17:20,388] {spark_submit.py:488} INFO - 22/04/06 03:17:20 INFO DAGScheduler: Got job 2 (save at NativeMethodAccessorImpl.java:0) with 4 output partitions
[2022-04-06 03:17:20,388] {spark_submit.py:488} INFO - 22/04/06 03:17:20 INFO DAGScheduler: Final stage: ResultStage 3 (save at NativeMethodAccessorImpl.java:0)
[2022-04-06 03:17:20,388] {spark_submit.py:488} INFO - 22/04/06 03:17:20 INFO DAGScheduler: Parents of final stage: List(ShuffleMapStage 2)
[2022-04-06 03:17:20,388] {spark_submit.py:488} INFO - 22/04/06 03:17:20 INFO DAGScheduler: Missing parents: List()
[2022-04-06 03:17:20,400] {spark_submit.py:488} INFO - 22/04/06 03:17:20 INFO DAGScheduler: Submitting ResultStage 3 (ShuffledRowRDD[7] at save at NativeMethodAccessorImpl.java:0), which has no missing parents
[2022-04-06 03:17:21,343] {spark_submit.py:488} INFO - 22/04/06 03:17:21 INFO MemoryStore: Block broadcast_3 stored as values in memory (estimated size 204.2 KiB, free 433.9 MiB)
[2022-04-06 03:17:21,431] {spark_submit.py:488} INFO - 22/04/06 03:17:21 INFO MemoryStore: Block broadcast_3_piece0 stored as bytes in memory (estimated size 73.0 KiB, free 433.9 MiB)
[2022-04-06 03:17:21,433] {spark_submit.py:488} INFO - 22/04/06 03:17:21 INFO BlockManagerInfo: Added broadcast_3_piece0 in memory on 9fe4286b2855:34697 (size: 73.0 KiB, free: 434.3 MiB)
[2022-04-06 03:17:21,484] {spark_submit.py:488} INFO - 22/04/06 03:17:21 INFO SparkContext: Created broadcast 3 from broadcast at DAGScheduler.scala:1478
[2022-04-06 03:17:21,485] {spark_submit.py:488} INFO - 22/04/06 03:17:21 INFO DAGScheduler: Submitting 4 missing tasks from ResultStage 3 (ShuffledRowRDD[7] at save at NativeMethodAccessorImpl.java:0) (first 15 tasks are for partitions Vector(0, 1, 2, 3))
[2022-04-06 03:17:21,486] {spark_submit.py:488} INFO - 22/04/06 03:17:21 INFO TaskSchedulerImpl: Adding task set 3.0 with 4 tasks resource profile 0
[2022-04-06 03:17:21,495] {spark_submit.py:488} INFO - 22/04/06 03:17:21 INFO TaskSetManager: Starting task 0.0 in stage 3.0 (TID 5) (9fe4286b2855, executor driver, partition 0, NODE_LOCAL, 4453 bytes) taskResourceAssignments Map()
[2022-04-06 03:17:21,496] {spark_submit.py:488} INFO - 22/04/06 03:17:21 INFO TaskSetManager: Starting task 1.0 in stage 3.0 (TID 6) (9fe4286b2855, executor driver, partition 1, NODE_LOCAL, 4453 bytes) taskResourceAssignments Map()
[2022-04-06 03:17:21,497] {spark_submit.py:488} INFO - 22/04/06 03:17:21 INFO TaskSetManager: Starting task 2.0 in stage 3.0 (TID 7) (9fe4286b2855, executor driver, partition 2, NODE_LOCAL, 4453 bytes) taskResourceAssignments Map()
[2022-04-06 03:17:21,499] {spark_submit.py:488} INFO - 22/04/06 03:17:21 INFO TaskSetManager: Starting task 3.0 in stage 3.0 (TID 8) (9fe4286b2855, executor driver, partition 3, NODE_LOCAL, 4453 bytes) taskResourceAssignments Map()
[2022-04-06 03:17:21,508] {spark_submit.py:488} INFO - 22/04/06 03:17:21 INFO Executor: Running task 0.0 in stage 3.0 (TID 5)
[2022-04-06 03:17:21,561] {spark_submit.py:488} INFO - 22/04/06 03:17:21 INFO Executor: Running task 1.0 in stage 3.0 (TID 6)
[2022-04-06 03:17:21,676] {spark_submit.py:488} INFO - 22/04/06 03:17:21 INFO Executor: Running task 2.0 in stage 3.0 (TID 7)
[2022-04-06 03:17:21,682] {spark_submit.py:488} INFO - 22/04/06 03:17:21 INFO Executor: Running task 3.0 in stage 3.0 (TID 8)
[2022-04-06 03:17:22,229] {spark_submit.py:488} INFO - 22/04/06 03:17:22 INFO ShuffleBlockFetcherIterator: Getting 1 (39.4 MiB) non-empty blocks including 1 (39.4 MiB) local and 0 (0.0 B) host-local and 0 (0.0 B) push-merged-local and 0 (0.0 B) remote blocks
[2022-04-06 03:17:22,246] {spark_submit.py:488} INFO - 22/04/06 03:17:22 INFO ShuffleBlockFetcherIterator: Started 0 remote fetches in 109 ms
[2022-04-06 03:17:22,288] {spark_submit.py:488} INFO - 22/04/06 03:17:22 INFO ShuffleBlockFetcherIterator: Getting 1 (39.4 MiB) non-empty blocks including 1 (39.4 MiB) local and 0 (0.0 B) host-local and 0 (0.0 B) push-merged-local and 0 (0.0 B) remote blocks
[2022-04-06 03:17:22,289] {spark_submit.py:488} INFO - 22/04/06 03:17:22 INFO ShuffleBlockFetcherIterator: Started 0 remote fetches in 146 ms
[2022-04-06 03:17:22,289] {spark_submit.py:488} INFO - 22/04/06 03:17:22 INFO ShuffleBlockFetcherIterator: Getting 1 (39.4 MiB) non-empty blocks including 1 (39.4 MiB) local and 0 (0.0 B) host-local and 0 (0.0 B) push-merged-local and 0 (0.0 B) remote blocks
[2022-04-06 03:17:22,289] {spark_submit.py:488} INFO - 22/04/06 03:17:22 INFO ShuffleBlockFetcherIterator: Started 0 remote fetches in 154 ms
[2022-04-06 03:17:22,291] {spark_submit.py:488} INFO - 22/04/06 03:17:22 INFO ShuffleBlockFetcherIterator: Getting 1 (39.4 MiB) non-empty blocks including 1 (39.4 MiB) local and 0 (0.0 B) host-local and 0 (0.0 B) push-merged-local and 0 (0.0 B) remote blocks
[2022-04-06 03:17:22,291] {spark_submit.py:488} INFO - 22/04/06 03:17:22 INFO ShuffleBlockFetcherIterator: Started 0 remote fetches in 87 ms
[2022-04-06 03:17:22,318] {spark_submit.py:488} INFO - 22/04/06 03:17:22 INFO FileOutputCommitter: File Output Committer Algorithm version is 1
[2022-04-06 03:17:22,319] {spark_submit.py:488} INFO - 22/04/06 03:17:22 INFO FileOutputCommitter: FileOutputCommitter skip cleanup _temporary folders under output directory:false, ignore cleanup failures: false
[2022-04-06 03:17:22,320] {spark_submit.py:488} INFO - 22/04/06 03:17:22 INFO SQLHadoopMapReduceCommitProtocol: Using user defined output committer class org.apache.parquet.hadoop.ParquetOutputCommitter
[2022-04-06 03:17:22,321] {spark_submit.py:488} INFO - 22/04/06 03:17:22 INFO FileOutputCommitter: File Output Committer Algorithm version is 1
[2022-04-06 03:17:22,321] {spark_submit.py:488} INFO - 22/04/06 03:17:22 INFO FileOutputCommitter: FileOutputCommitter skip cleanup _temporary folders under output directory:false, ignore cleanup failures: false
[2022-04-06 03:17:22,322] {spark_submit.py:488} INFO - 22/04/06 03:17:22 INFO SQLHadoopMapReduceCommitProtocol: Using output committer class org.apache.parquet.hadoop.ParquetOutputCommitter
[2022-04-06 03:17:22,329] {spark_submit.py:488} INFO - 22/04/06 03:17:22 INFO FileOutputCommitter: File Output Committer Algorithm version is 1
[2022-04-06 03:17:22,330] {spark_submit.py:488} INFO - 22/04/06 03:17:22 INFO FileOutputCommitter: FileOutputCommitter skip cleanup _temporary folders under output directory:false, ignore cleanup failures: false
[2022-04-06 03:17:22,338] {spark_submit.py:488} INFO - 22/04/06 03:17:22 INFO SQLHadoopMapReduceCommitProtocol: Using user defined output committer class org.apache.parquet.hadoop.ParquetOutputCommitter
[2022-04-06 03:17:22,338] {spark_submit.py:488} INFO - 22/04/06 03:17:22 INFO FileOutputCommitter: File Output Committer Algorithm version is 1
[2022-04-06 03:17:22,340] {spark_submit.py:488} INFO - 22/04/06 03:17:22 INFO FileOutputCommitter: FileOutputCommitter skip cleanup _temporary folders under output directory:false, ignore cleanup failures: false
[2022-04-06 03:17:22,340] {spark_submit.py:488} INFO - 22/04/06 03:17:22 INFO SQLHadoopMapReduceCommitProtocol: Using output committer class org.apache.parquet.hadoop.ParquetOutputCommitter
[2022-04-06 03:17:22,344] {spark_submit.py:488} INFO - 22/04/06 03:17:22 INFO FileOutputCommitter: File Output Committer Algorithm version is 1
[2022-04-06 03:17:22,344] {spark_submit.py:488} INFO - 22/04/06 03:17:22 INFO FileOutputCommitter: FileOutputCommitter skip cleanup _temporary folders under output directory:false, ignore cleanup failures: false
[2022-04-06 03:17:22,345] {spark_submit.py:488} INFO - 22/04/06 03:17:22 INFO SQLHadoopMapReduceCommitProtocol: Using user defined output committer class org.apache.parquet.hadoop.ParquetOutputCommitter
[2022-04-06 03:17:22,346] {spark_submit.py:488} INFO - 22/04/06 03:17:22 INFO FileOutputCommitter: File Output Committer Algorithm version is 1
[2022-04-06 03:17:22,346] {spark_submit.py:488} INFO - 22/04/06 03:17:22 INFO FileOutputCommitter: FileOutputCommitter skip cleanup _temporary folders under output directory:false, ignore cleanup failures: false
[2022-04-06 03:17:22,347] {spark_submit.py:488} INFO - 22/04/06 03:17:22 INFO SQLHadoopMapReduceCommitProtocol: Using output committer class org.apache.parquet.hadoop.ParquetOutputCommitter
[2022-04-06 03:17:22,355] {spark_submit.py:488} INFO - 22/04/06 03:17:22 INFO FileOutputCommitter: File Output Committer Algorithm version is 1
[2022-04-06 03:17:22,380] {spark_submit.py:488} INFO - 22/04/06 03:17:22 INFO FileOutputCommitter: FileOutputCommitter skip cleanup _temporary folders under output directory:false, ignore cleanup failures: false
[2022-04-06 03:17:22,381] {spark_submit.py:488} INFO - 22/04/06 03:17:22 INFO SQLHadoopMapReduceCommitProtocol: Using user defined output committer class org.apache.parquet.hadoop.ParquetOutputCommitter
[2022-04-06 03:17:22,382] {spark_submit.py:488} INFO - 22/04/06 03:17:22 INFO FileOutputCommitter: File Output Committer Algorithm version is 1
[2022-04-06 03:17:22,382] {spark_submit.py:488} INFO - 22/04/06 03:17:22 INFO FileOutputCommitter: FileOutputCommitter skip cleanup _temporary folders under output directory:false, ignore cleanup failures: false
[2022-04-06 03:17:22,383] {spark_submit.py:488} INFO - 22/04/06 03:17:22 INFO SQLHadoopMapReduceCommitProtocol: Using output committer class org.apache.parquet.hadoop.ParquetOutputCommitter
[2022-04-06 03:17:22,513] {spark_submit.py:488} INFO - 22/04/06 03:17:22 INFO CodecConfig: Compression: SNAPPY
[2022-04-06 03:17:22,525] {spark_submit.py:488} INFO - 22/04/06 03:17:22 INFO CodecConfig: Compression: SNAPPY
[2022-04-06 03:17:22,525] {spark_submit.py:488} INFO - 22/04/06 03:17:22 INFO CodecConfig: Compression: SNAPPY
[2022-04-06 03:17:22,536] {spark_submit.py:488} INFO - 22/04/06 03:17:22 INFO CodecConfig: Compression: SNAPPY
[2022-04-06 03:17:22,557] {spark_submit.py:488} INFO - 22/04/06 03:17:22 INFO CodecConfig: Compression: SNAPPY
[2022-04-06 03:17:22,561] {spark_submit.py:488} INFO - 22/04/06 03:17:22 INFO CodecConfig: Compression: SNAPPY
[2022-04-06 03:17:22,561] {spark_submit.py:488} INFO - 22/04/06 03:17:22 INFO CodecConfig: Compression: SNAPPY
[2022-04-06 03:17:22,562] {spark_submit.py:488} INFO - 22/04/06 03:17:22 INFO CodecConfig: Compression: SNAPPY
[2022-04-06 03:17:22,920] {spark_submit.py:488} INFO - 22/04/06 03:17:22 INFO ParquetOutputFormat: Parquet block size to 134217728
[2022-04-06 03:17:22,920] {spark_submit.py:488} INFO - 22/04/06 03:17:22 INFO ParquetOutputFormat: Validation is off
[2022-04-06 03:17:22,920] {spark_submit.py:488} INFO - 22/04/06 03:17:22 INFO ParquetOutputFormat: Maximum row group padding size is 8388608 bytes
[2022-04-06 03:17:22,920] {spark_submit.py:488} INFO - 22/04/06 03:17:22 INFO ParquetOutputFormat: Parquet properties are:
[2022-04-06 03:17:22,920] {spark_submit.py:488} INFO - Parquet page size to 1048576
[2022-04-06 03:17:22,920] {spark_submit.py:488} INFO - Parquet dictionary page size to 1048576
[2022-04-06 03:17:22,920] {spark_submit.py:488} INFO - Dictionary is true
[2022-04-06 03:17:22,921] {spark_submit.py:488} INFO - Writer version is: PARQUET_1_0
[2022-04-06 03:17:22,921] {spark_submit.py:488} INFO - Page size checking is: estimated
[2022-04-06 03:17:22,921] {spark_submit.py:488} INFO - Min row count for page size check is: 100
[2022-04-06 03:17:22,921] {spark_submit.py:488} INFO - Max row count for page size check is: 10000
[2022-04-06 03:17:22,921] {spark_submit.py:488} INFO - Truncate length for column indexes is: 64
[2022-04-06 03:17:22,921] {spark_submit.py:488} INFO - Truncate length for statistics min/max  is: 2147483647
[2022-04-06 03:17:22,921] {spark_submit.py:488} INFO - Bloom filter enabled: false
[2022-04-06 03:17:22,921] {spark_submit.py:488} INFO - Max Bloom filter size for a column is 1048576
[2022-04-06 03:17:22,921] {spark_submit.py:488} INFO - Bloom filter expected number of distinct values are: null
[2022-04-06 03:17:22,921] {spark_submit.py:488} INFO - Page row count limit to 20000
[2022-04-06 03:17:22,921] {spark_submit.py:488} INFO - Writing page checksums is: on
[2022-04-06 03:17:22,928] {spark_submit.py:488} INFO - 22/04/06 03:17:22 INFO ParquetOutputFormat: Parquet block size to 134217728
[2022-04-06 03:17:22,928] {spark_submit.py:488} INFO - 22/04/06 03:17:22 INFO ParquetOutputFormat: Validation is off
[2022-04-06 03:17:22,928] {spark_submit.py:488} INFO - 22/04/06 03:17:22 INFO ParquetOutputFormat: Maximum row group padding size is 8388608 bytes
[2022-04-06 03:17:22,928] {spark_submit.py:488} INFO - 22/04/06 03:17:22 INFO ParquetOutputFormat: Parquet properties are:
[2022-04-06 03:17:22,928] {spark_submit.py:488} INFO - Parquet page size to 1048576
[2022-04-06 03:17:22,928] {spark_submit.py:488} INFO - Parquet dictionary page size to 1048576
[2022-04-06 03:17:22,928] {spark_submit.py:488} INFO - Dictionary is true
[2022-04-06 03:17:22,928] {spark_submit.py:488} INFO - Writer version is: PARQUET_1_0
[2022-04-06 03:17:22,929] {spark_submit.py:488} INFO - Page size checking is: estimated
[2022-04-06 03:17:22,929] {spark_submit.py:488} INFO - Min row count for page size check is: 100
[2022-04-06 03:17:22,929] {spark_submit.py:488} INFO - Max row count for page size check is: 10000
[2022-04-06 03:17:22,929] {spark_submit.py:488} INFO - Truncate length for column indexes is: 64
[2022-04-06 03:17:22,929] {spark_submit.py:488} INFO - Truncate length for statistics min/max  is: 2147483647
[2022-04-06 03:17:22,929] {spark_submit.py:488} INFO - Bloom filter enabled: false
[2022-04-06 03:17:22,929] {spark_submit.py:488} INFO - Max Bloom filter size for a column is 1048576
[2022-04-06 03:17:22,929] {spark_submit.py:488} INFO - Bloom filter expected number of distinct values are: null
[2022-04-06 03:17:22,929] {spark_submit.py:488} INFO - Page row count limit to 20000
[2022-04-06 03:17:22,929] {spark_submit.py:488} INFO - Writing page checksums is: on
[2022-04-06 03:17:22,985] {spark_submit.py:488} INFO - 22/04/06 03:17:22 INFO ParquetOutputFormat: Parquet block size to 134217728
[2022-04-06 03:17:23,021] {spark_submit.py:488} INFO - 22/04/06 03:17:22 INFO ParquetOutputFormat: Parquet block size to 134217728
[2022-04-06 03:17:23,021] {spark_submit.py:488} INFO - 22/04/06 03:17:23 INFO ParquetOutputFormat: Validation is off
[2022-04-06 03:17:23,022] {spark_submit.py:488} INFO - 22/04/06 03:17:23 INFO ParquetOutputFormat: Maximum row group padding size is 8388608 bytes
[2022-04-06 03:17:23,022] {spark_submit.py:488} INFO - 22/04/06 03:17:23 INFO ParquetOutputFormat: Parquet properties are:
[2022-04-06 03:17:23,022] {spark_submit.py:488} INFO - Parquet page size to 1048576
[2022-04-06 03:17:23,022] {spark_submit.py:488} INFO - Parquet dictionary page size to 1048576
[2022-04-06 03:17:23,022] {spark_submit.py:488} INFO - Dictionary is true
[2022-04-06 03:17:23,022] {spark_submit.py:488} INFO - Writer version is: PARQUET_1_0
[2022-04-06 03:17:23,022] {spark_submit.py:488} INFO - Page size checking is: estimated
[2022-04-06 03:17:23,022] {spark_submit.py:488} INFO - Min row count for page size check is: 100
[2022-04-06 03:17:23,022] {spark_submit.py:488} INFO - Max row count for page size check is: 10000
[2022-04-06 03:17:23,022] {spark_submit.py:488} INFO - Truncate length for column indexes is: 64
[2022-04-06 03:17:23,022] {spark_submit.py:488} INFO - Truncate length for statistics min/max  is: 2147483647
[2022-04-06 03:17:23,022] {spark_submit.py:488} INFO - Bloom filter enabled: false
[2022-04-06 03:17:23,023] {spark_submit.py:488} INFO - Max Bloom filter size for a column is 1048576
[2022-04-06 03:17:23,037] {spark_submit.py:488} INFO - Bloom filter expected number of distinct values are: null
[2022-04-06 03:17:23,038] {spark_submit.py:488} INFO - Page row count limit to 20000
[2022-04-06 03:17:23,038] {spark_submit.py:488} INFO - Writing page checksums is: on
[2022-04-06 03:17:23,038] {spark_submit.py:488} INFO - 22/04/06 03:17:22 INFO ParquetOutputFormat: Validation is off
[2022-04-06 03:17:23,038] {spark_submit.py:488} INFO - 22/04/06 03:17:23 INFO ParquetOutputFormat: Maximum row group padding size is 8388608 bytes
[2022-04-06 03:17:23,038] {spark_submit.py:488} INFO - 22/04/06 03:17:23 INFO ParquetOutputFormat: Parquet properties are:
[2022-04-06 03:17:23,038] {spark_submit.py:488} INFO - Parquet page size to 1048576
[2022-04-06 03:17:23,038] {spark_submit.py:488} INFO - Parquet dictionary page size to 1048576
[2022-04-06 03:17:23,038] {spark_submit.py:488} INFO - Dictionary is true
[2022-04-06 03:17:23,038] {spark_submit.py:488} INFO - Writer version is: PARQUET_1_0
[2022-04-06 03:17:23,038] {spark_submit.py:488} INFO - Page size checking is: estimated
[2022-04-06 03:17:23,039] {spark_submit.py:488} INFO - Min row count for page size check is: 100
[2022-04-06 03:17:23,039] {spark_submit.py:488} INFO - Max row count for page size check is: 10000
[2022-04-06 03:17:23,039] {spark_submit.py:488} INFO - Truncate length for column indexes is: 64
[2022-04-06 03:17:23,039] {spark_submit.py:488} INFO - Truncate length for statistics min/max  is: 2147483647
[2022-04-06 03:17:23,039] {spark_submit.py:488} INFO - Bloom filter enabled: false
[2022-04-06 03:17:23,039] {spark_submit.py:488} INFO - Max Bloom filter size for a column is 1048576
[2022-04-06 03:17:23,039] {spark_submit.py:488} INFO - Bloom filter expected number of distinct values are: null
[2022-04-06 03:17:23,039] {spark_submit.py:488} INFO - Page row count limit to 20000
[2022-04-06 03:17:23,039] {spark_submit.py:488} INFO - Writing page checksums is: on
[2022-04-06 03:17:23,044] {spark_submit.py:488} INFO - 22/04/06 03:17:23 INFO ParquetWriteSupport: Initialized Parquet WriteSupport with Catalyst schema:
[2022-04-06 03:17:23,044] {spark_submit.py:488} INFO - {
[2022-04-06 03:17:23,044] {spark_submit.py:488} INFO - "type" : "struct",
[2022-04-06 03:17:23,044] {spark_submit.py:488} INFO - "fields" : [ {
[2022-04-06 03:17:23,044] {spark_submit.py:488} INFO - "name" : "id",
[2022-04-06 03:17:23,044] {spark_submit.py:488} INFO - "type" : "integer",
[2022-04-06 03:17:23,044] {spark_submit.py:488} INFO - "nullable" : true,
[2022-04-06 03:17:23,044] {spark_submit.py:488} INFO - "metadata" : { }
[2022-04-06 03:17:23,044] {spark_submit.py:488} INFO - }, {
[2022-04-06 03:17:23,045] {spark_submit.py:488} INFO - "name" : "title",
[2022-04-06 03:17:23,045] {spark_submit.py:488} INFO - "type" : "string",
[2022-04-06 03:17:23,045] {spark_submit.py:488} INFO - "nullable" : true,
[2022-04-06 03:17:23,045] {spark_submit.py:488} INFO - "metadata" : { }
[2022-04-06 03:17:23,045] {spark_submit.py:488} INFO - }, {
[2022-04-06 03:17:23,045] {spark_submit.py:488} INFO - "name" : "body",
[2022-04-06 03:17:23,045] {spark_submit.py:488} INFO - "type" : "string",
[2022-04-06 03:17:23,045] {spark_submit.py:488} INFO - "nullable" : true,
[2022-04-06 03:17:23,045] {spark_submit.py:488} INFO - "metadata" : { }
[2022-04-06 03:17:23,045] {spark_submit.py:488} INFO - }, {
[2022-04-06 03:17:23,045] {spark_submit.py:488} INFO - "name" : "accepted_answer_id",
[2022-04-06 03:17:23,045] {spark_submit.py:488} INFO - "type" : "integer",
[2022-04-06 03:17:23,045] {spark_submit.py:488} INFO - "nullable" : true,
[2022-04-06 03:17:23,045] {spark_submit.py:488} INFO - "metadata" : { }
[2022-04-06 03:17:23,046] {spark_submit.py:488} INFO - }, {
[2022-04-06 03:17:23,046] {spark_submit.py:488} INFO - "name" : "answer_count",
[2022-04-06 03:17:23,046] {spark_submit.py:488} INFO - "type" : "integer",
[2022-04-06 03:17:23,046] {spark_submit.py:488} INFO - "nullable" : true,
[2022-04-06 03:17:23,046] {spark_submit.py:488} INFO - "metadata" : { }
[2022-04-06 03:17:23,046] {spark_submit.py:488} INFO - }, {
[2022-04-06 03:17:23,046] {spark_submit.py:488} INFO - "name" : "comment_count",
[2022-04-06 03:17:23,046] {spark_submit.py:488} INFO - "type" : "integer",
[2022-04-06 03:17:23,046] {spark_submit.py:488} INFO - "nullable" : true,
[2022-04-06 03:17:23,046] {spark_submit.py:488} INFO - "metadata" : { }
[2022-04-06 03:17:23,046] {spark_submit.py:488} INFO - }, {
[2022-04-06 03:17:23,046] {spark_submit.py:488} INFO - "name" : "community_owned_date",
[2022-04-06 03:17:23,046] {spark_submit.py:488} INFO - "type" : "timestamp",
[2022-04-06 03:17:23,046] {spark_submit.py:488} INFO - "nullable" : true,
[2022-04-06 03:17:23,047] {spark_submit.py:488} INFO - "metadata" : { }
[2022-04-06 03:17:23,047] {spark_submit.py:488} INFO - }, {
[2022-04-06 03:17:23,047] {spark_submit.py:488} INFO - "name" : "creation_date",
[2022-04-06 03:17:23,047] {spark_submit.py:488} INFO - "type" : "timestamp",
[2022-04-06 03:17:23,047] {spark_submit.py:488} INFO - "nullable" : true,
[2022-04-06 03:17:23,047] {spark_submit.py:488} INFO - "metadata" : { }
[2022-04-06 03:17:23,047] {spark_submit.py:488} INFO - }, {
[2022-04-06 03:17:23,047] {spark_submit.py:488} INFO - "name" : "favorite_count",
[2022-04-06 03:17:23,047] {spark_submit.py:488} INFO - "type" : "integer",
[2022-04-06 03:17:23,047] {spark_submit.py:488} INFO - "nullable" : true,
[2022-04-06 03:17:23,047] {spark_submit.py:488} INFO - "metadata" : { }
[2022-04-06 03:17:23,047] {spark_submit.py:488} INFO - }, {
[2022-04-06 03:17:23,047] {spark_submit.py:488} INFO - "name" : "last_activity_date",
[2022-04-06 03:17:23,068] {spark_submit.py:488} INFO - "type" : "timestamp",
[2022-04-06 03:17:23,070] {spark_submit.py:488} INFO - "nullable" : true,
[2022-04-06 03:17:23,070] {spark_submit.py:488} INFO - "metadata" : { }
[2022-04-06 03:17:23,070] {spark_submit.py:488} INFO - }, {
[2022-04-06 03:17:23,070] {spark_submit.py:488} INFO - "name" : "last_edit_date",
[2022-04-06 03:17:23,070] {spark_submit.py:488} INFO - "type" : "timestamp",
[2022-04-06 03:17:23,071] {spark_submit.py:488} INFO - "nullable" : true,
[2022-04-06 03:17:23,071] {spark_submit.py:488} INFO - "metadata" : { }
[2022-04-06 03:17:23,071] {spark_submit.py:488} INFO - }, {
[2022-04-06 03:17:23,071] {spark_submit.py:488} INFO - "name" : "last_editor_display_name",
[2022-04-06 03:17:23,071] {spark_submit.py:488} INFO - "type" : "string",
[2022-04-06 03:17:23,071] {spark_submit.py:488} INFO - "nullable" : true,
[2022-04-06 03:17:23,071] {spark_submit.py:488} INFO - "metadata" : { }
[2022-04-06 03:17:23,071] {spark_submit.py:488} INFO - }, {
[2022-04-06 03:17:23,071] {spark_submit.py:488} INFO - "name" : "last_editor_user_id",
[2022-04-06 03:17:23,075] {spark_submit.py:488} INFO - "type" : "integer",
[2022-04-06 03:17:23,076] {spark_submit.py:488} INFO - "nullable" : true,
[2022-04-06 03:17:23,080] {spark_submit.py:488} INFO - "metadata" : { }
[2022-04-06 03:17:23,080] {spark_submit.py:488} INFO - }, {
[2022-04-06 03:17:23,080] {spark_submit.py:488} INFO - "name" : "owner_display_name",
[2022-04-06 03:17:23,081] {spark_submit.py:488} INFO - "type" : "string",
[2022-04-06 03:17:23,081] {spark_submit.py:488} INFO - "nullable" : true,
[2022-04-06 03:17:23,081] {spark_submit.py:488} INFO - "metadata" : { }
[2022-04-06 03:17:23,081] {spark_submit.py:488} INFO - }, {
[2022-04-06 03:17:23,081] {spark_submit.py:488} INFO - "name" : "owner_user_id",
[2022-04-06 03:17:23,081] {spark_submit.py:488} INFO - "type" : "integer",
[2022-04-06 03:17:23,081] {spark_submit.py:488} INFO - "nullable" : true,
[2022-04-06 03:17:23,081] {spark_submit.py:488} INFO - "metadata" : { }
[2022-04-06 03:17:23,081] {spark_submit.py:488} INFO - }, {
[2022-04-06 03:17:23,081] {spark_submit.py:488} INFO - "name" : "parent_id",
[2022-04-06 03:17:23,081] {spark_submit.py:488} INFO - "type" : "integer",
[2022-04-06 03:17:23,081] {spark_submit.py:488} INFO - "nullable" : true,
[2022-04-06 03:17:23,081] {spark_submit.py:488} INFO - "metadata" : { }
[2022-04-06 03:17:23,081] {spark_submit.py:488} INFO - }, {
[2022-04-06 03:17:23,082] {spark_submit.py:488} INFO - "name" : "post_type_id",
[2022-04-06 03:17:23,082] {spark_submit.py:488} INFO - "type" : "integer",
[2022-04-06 03:17:23,082] {spark_submit.py:488} INFO - "nullable" : true,
[2022-04-06 03:17:23,082] {spark_submit.py:488} INFO - "metadata" : { }
[2022-04-06 03:17:23,082] {spark_submit.py:488} INFO - }, {
[2022-04-06 03:17:23,082] {spark_submit.py:488} INFO - "name" : "score",
[2022-04-06 03:17:23,082] {spark_submit.py:488} INFO - "type" : "integer",
[2022-04-06 03:17:23,082] {spark_submit.py:488} INFO - "nullable" : true,
[2022-04-06 03:17:23,082] {spark_submit.py:488} INFO - "metadata" : { }
[2022-04-06 03:17:23,082] {spark_submit.py:488} INFO - }, {
[2022-04-06 03:17:23,082] {spark_submit.py:488} INFO - "name" : "tags",
[2022-04-06 03:17:23,082] {spark_submit.py:488} INFO - "type" : "string",
[2022-04-06 03:17:23,082] {spark_submit.py:488} INFO - "nullable" : true,
[2022-04-06 03:17:23,082] {spark_submit.py:488} INFO - "metadata" : { }
[2022-04-06 03:17:23,083] {spark_submit.py:488} INFO - }, {
[2022-04-06 03:17:23,127] {spark_submit.py:488} INFO - "name" : "view_count",
[2022-04-06 03:17:23,127] {spark_submit.py:488} INFO - "type" : "integer",
[2022-04-06 03:17:23,127] {spark_submit.py:488} INFO - "nullable" : true,
[2022-04-06 03:17:23,127] {spark_submit.py:488} INFO - "metadata" : { }
[2022-04-06 03:17:23,127] {spark_submit.py:488} INFO - }, {
[2022-04-06 03:17:23,127] {spark_submit.py:488} INFO - "name" : "group_by_date",
[2022-04-06 03:17:23,128] {spark_submit.py:488} INFO - "type" : "timestamp",
[2022-04-06 03:17:23,128] {spark_submit.py:488} INFO - "nullable" : true,
[2022-04-06 03:17:23,128] {spark_submit.py:488} INFO - "metadata" : { }
[2022-04-06 03:17:23,128] {spark_submit.py:488} INFO - } ]
[2022-04-06 03:17:23,128] {spark_submit.py:488} INFO - }
[2022-04-06 03:17:23,128] {spark_submit.py:488} INFO - and corresponding Parquet message type:
[2022-04-06 03:17:23,128] {spark_submit.py:488} INFO - message spark_schema {
[2022-04-06 03:17:23,128] {spark_submit.py:488} INFO - optional int32 id;
[2022-04-06 03:17:23,128] {spark_submit.py:488} INFO - optional binary title (STRING);
[2022-04-06 03:17:23,172] {spark_submit.py:488} INFO - optional binary body (STRING);
[2022-04-06 03:17:23,172] {spark_submit.py:488} INFO - optional int32 accepted_answer_id;
[2022-04-06 03:17:23,172] {spark_submit.py:488} INFO - optional int32 answer_count;
[2022-04-06 03:17:23,172] {spark_submit.py:488} INFO - optional int32 comment_count;
[2022-04-06 03:17:23,172] {spark_submit.py:488} INFO - optional int96 community_owned_date;
[2022-04-06 03:17:23,172] {spark_submit.py:488} INFO - optional int96 creation_date;
[2022-04-06 03:17:23,172] {spark_submit.py:488} INFO - optional int32 favorite_count;
[2022-04-06 03:17:23,172] {spark_submit.py:488} INFO - optional int96 last_activity_date;
[2022-04-06 03:17:23,172] {spark_submit.py:488} INFO - optional int96 last_edit_date;
[2022-04-06 03:17:23,172] {spark_submit.py:488} INFO - optional binary last_editor_display_name (STRING);
[2022-04-06 03:17:23,173] {spark_submit.py:488} INFO - optional int32 last_editor_user_id;
[2022-04-06 03:17:23,173] {spark_submit.py:488} INFO - optional binary owner_display_name (STRING);
[2022-04-06 03:17:23,173] {spark_submit.py:488} INFO - optional int32 owner_user_id;
[2022-04-06 03:17:23,173] {spark_submit.py:488} INFO - optional int32 parent_id;
[2022-04-06 03:17:23,173] {spark_submit.py:488} INFO - optional int32 post_type_id;
[2022-04-06 03:17:23,173] {spark_submit.py:488} INFO - optional int32 score;
[2022-04-06 03:17:23,173] {spark_submit.py:488} INFO - optional binary tags (STRING);
[2022-04-06 03:17:23,173] {spark_submit.py:488} INFO - optional int32 view_count;
[2022-04-06 03:17:23,173] {spark_submit.py:488} INFO - optional int96 group_by_date;
[2022-04-06 03:17:23,173] {spark_submit.py:488} INFO - }
[2022-04-06 03:17:23,173] {spark_submit.py:488} INFO - 
[2022-04-06 03:17:23,173] {spark_submit.py:488} INFO - 
[2022-04-06 03:17:23,420] {spark_submit.py:488} INFO - 22/04/06 03:17:23 INFO ParquetWriteSupport: Initialized Parquet WriteSupport with Catalyst schema:
[2022-04-06 03:17:23,420] {spark_submit.py:488} INFO - {
[2022-04-06 03:17:23,420] {spark_submit.py:488} INFO - "type" : "struct",
[2022-04-06 03:17:23,420] {spark_submit.py:488} INFO - "fields" : [ {
[2022-04-06 03:17:23,420] {spark_submit.py:488} INFO - "name" : "id",
[2022-04-06 03:17:23,420] {spark_submit.py:488} INFO - "type" : "integer",
[2022-04-06 03:17:23,420] {spark_submit.py:488} INFO - "nullable" : true,
[2022-04-06 03:17:23,421] {spark_submit.py:488} INFO - "metadata" : { }
[2022-04-06 03:17:23,421] {spark_submit.py:488} INFO - }, {
[2022-04-06 03:17:23,421] {spark_submit.py:488} INFO - "name" : "title",
[2022-04-06 03:17:23,421] {spark_submit.py:488} INFO - "type" : "string",
[2022-04-06 03:17:23,421] {spark_submit.py:488} INFO - "nullable" : true,
[2022-04-06 03:17:23,421] {spark_submit.py:488} INFO - "metadata" : { }
[2022-04-06 03:17:23,421] {spark_submit.py:488} INFO - }, {
[2022-04-06 03:17:23,421] {spark_submit.py:488} INFO - "name" : "body",
[2022-04-06 03:17:23,421] {spark_submit.py:488} INFO - "type" : "string",
[2022-04-06 03:17:23,421] {spark_submit.py:488} INFO - "nullable" : true,
[2022-04-06 03:17:23,421] {spark_submit.py:488} INFO - "metadata" : { }
[2022-04-06 03:17:23,421] {spark_submit.py:488} INFO - }, {
[2022-04-06 03:17:23,421] {spark_submit.py:488} INFO - "name" : "accepted_answer_id",
[2022-04-06 03:17:23,421] {spark_submit.py:488} INFO - "type" : "integer",
[2022-04-06 03:17:23,422] {spark_submit.py:488} INFO - "nullable" : true,
[2022-04-06 03:17:23,422] {spark_submit.py:488} INFO - "metadata" : { }
[2022-04-06 03:17:23,422] {spark_submit.py:488} INFO - }, {
[2022-04-06 03:17:23,422] {spark_submit.py:488} INFO - "name" : "answer_count",
[2022-04-06 03:17:23,422] {spark_submit.py:488} INFO - "type" : "integer",
[2022-04-06 03:17:23,422] {spark_submit.py:488} INFO - "nullable" : true,
[2022-04-06 03:17:23,422] {spark_submit.py:488} INFO - "metadata" : { }
[2022-04-06 03:17:23,422] {spark_submit.py:488} INFO - }, {
[2022-04-06 03:17:23,422] {spark_submit.py:488} INFO - "name" : "comment_count",
[2022-04-06 03:17:23,422] {spark_submit.py:488} INFO - "type" : "integer",
[2022-04-06 03:17:23,422] {spark_submit.py:488} INFO - "nullable" : true,
[2022-04-06 03:17:23,422] {spark_submit.py:488} INFO - "metadata" : { }
[2022-04-06 03:17:23,422] {spark_submit.py:488} INFO - }, {
[2022-04-06 03:17:23,423] {spark_submit.py:488} INFO - "name" : "community_owned_date",
[2022-04-06 03:17:23,423] {spark_submit.py:488} INFO - "type" : "timestamp",
[2022-04-06 03:17:23,423] {spark_submit.py:488} INFO - "nullable" : true,
[2022-04-06 03:17:23,423] {spark_submit.py:488} INFO - "metadata" : { }
[2022-04-06 03:17:23,423] {spark_submit.py:488} INFO - }, {
[2022-04-06 03:17:23,423] {spark_submit.py:488} INFO - "name" : "creation_date",
[2022-04-06 03:17:23,423] {spark_submit.py:488} INFO - "type" : "timestamp",
[2022-04-06 03:17:23,423] {spark_submit.py:488} INFO - "nullable" : true,
[2022-04-06 03:17:23,423] {spark_submit.py:488} INFO - "metadata" : { }
[2022-04-06 03:17:23,423] {spark_submit.py:488} INFO - }, {
[2022-04-06 03:17:23,423] {spark_submit.py:488} INFO - "name" : "favorite_count",
[2022-04-06 03:17:23,423] {spark_submit.py:488} INFO - "type" : "integer",
[2022-04-06 03:17:23,423] {spark_submit.py:488} INFO - "nullable" : true,
[2022-04-06 03:17:23,423] {spark_submit.py:488} INFO - "metadata" : { }
[2022-04-06 03:17:23,428] {spark_submit.py:488} INFO - }, {
[2022-04-06 03:17:23,428] {spark_submit.py:488} INFO - "name" : "last_activity_date",
[2022-04-06 03:17:23,428] {spark_submit.py:488} INFO - "type" : "timestamp",
[2022-04-06 03:17:23,428] {spark_submit.py:488} INFO - "nullable" : true,
[2022-04-06 03:17:23,429] {spark_submit.py:488} INFO - "metadata" : { }
[2022-04-06 03:17:23,429] {spark_submit.py:488} INFO - }, {
[2022-04-06 03:17:23,429] {spark_submit.py:488} INFO - "name" : "last_edit_date",
[2022-04-06 03:17:23,429] {spark_submit.py:488} INFO - "type" : "timestamp",
[2022-04-06 03:17:23,429] {spark_submit.py:488} INFO - "nullable" : true,
[2022-04-06 03:17:23,429] {spark_submit.py:488} INFO - "metadata" : { }
[2022-04-06 03:17:23,429] {spark_submit.py:488} INFO - }, {
[2022-04-06 03:17:23,429] {spark_submit.py:488} INFO - "name" : "last_editor_display_name",
[2022-04-06 03:17:23,429] {spark_submit.py:488} INFO - "type" : "string",
[2022-04-06 03:17:23,429] {spark_submit.py:488} INFO - "nullable" : true,
[2022-04-06 03:17:23,429] {spark_submit.py:488} INFO - "metadata" : { }
[2022-04-06 03:17:23,429] {spark_submit.py:488} INFO - }, {
[2022-04-06 03:17:23,429] {spark_submit.py:488} INFO - "name" : "last_editor_user_id",
[2022-04-06 03:17:23,429] {spark_submit.py:488} INFO - "type" : "integer",
[2022-04-06 03:17:23,429] {spark_submit.py:488} INFO - "nullable" : true,
[2022-04-06 03:17:23,430] {spark_submit.py:488} INFO - "metadata" : { }
[2022-04-06 03:17:23,430] {spark_submit.py:488} INFO - }, {
[2022-04-06 03:17:23,430] {spark_submit.py:488} INFO - "name" : "owner_display_name",
[2022-04-06 03:17:23,430] {spark_submit.py:488} INFO - "type" : "string",
[2022-04-06 03:17:23,430] {spark_submit.py:488} INFO - "nullable" : true,
[2022-04-06 03:17:23,430] {spark_submit.py:488} INFO - "metadata" : { }
[2022-04-06 03:17:23,430] {spark_submit.py:488} INFO - }, {
[2022-04-06 03:17:23,430] {spark_submit.py:488} INFO - "name" : "owner_user_id",
[2022-04-06 03:17:23,430] {spark_submit.py:488} INFO - "type" : "integer",
[2022-04-06 03:17:23,430] {spark_submit.py:488} INFO - "nullable" : true,
[2022-04-06 03:17:23,431] {spark_submit.py:488} INFO - "metadata" : { }
[2022-04-06 03:17:23,431] {spark_submit.py:488} INFO - }, {
[2022-04-06 03:17:23,431] {spark_submit.py:488} INFO - "name" : "parent_id",
[2022-04-06 03:17:23,431] {spark_submit.py:488} INFO - "type" : "integer",
[2022-04-06 03:17:23,431] {spark_submit.py:488} INFO - "nullable" : true,
[2022-04-06 03:17:23,431] {spark_submit.py:488} INFO - "metadata" : { }
[2022-04-06 03:17:23,431] {spark_submit.py:488} INFO - }, {
[2022-04-06 03:17:23,431] {spark_submit.py:488} INFO - "name" : "post_type_id",
[2022-04-06 03:17:23,431] {spark_submit.py:488} INFO - "type" : "integer",
[2022-04-06 03:17:23,431] {spark_submit.py:488} INFO - "nullable" : true,
[2022-04-06 03:17:23,431] {spark_submit.py:488} INFO - "metadata" : { }
[2022-04-06 03:17:23,431] {spark_submit.py:488} INFO - }, {
[2022-04-06 03:17:23,432] {spark_submit.py:488} INFO - "name" : "score",
[2022-04-06 03:17:23,432] {spark_submit.py:488} INFO - "type" : "integer",
[2022-04-06 03:17:23,432] {spark_submit.py:488} INFO - "nullable" : true,
[2022-04-06 03:17:23,432] {spark_submit.py:488} INFO - "metadata" : { }
[2022-04-06 03:17:23,432] {spark_submit.py:488} INFO - }, {
[2022-04-06 03:17:23,432] {spark_submit.py:488} INFO - "name" : "tags",
[2022-04-06 03:17:23,432] {spark_submit.py:488} INFO - "type" : "string",
[2022-04-06 03:17:23,432] {spark_submit.py:488} INFO - "nullable" : true,
[2022-04-06 03:17:23,432] {spark_submit.py:488} INFO - "metadata" : { }
[2022-04-06 03:17:23,432] {spark_submit.py:488} INFO - }, {
[2022-04-06 03:17:23,433] {spark_submit.py:488} INFO - "name" : "view_count",
[2022-04-06 03:17:23,433] {spark_submit.py:488} INFO - "type" : "integer",
[2022-04-06 03:17:23,433] {spark_submit.py:488} INFO - "nullable" : true,
[2022-04-06 03:17:23,433] {spark_submit.py:488} INFO - "metadata" : { }
[2022-04-06 03:17:23,433] {spark_submit.py:488} INFO - }, {
[2022-04-06 03:17:23,433] {spark_submit.py:488} INFO - "name" : "group_by_date",
[2022-04-06 03:17:23,433] {spark_submit.py:488} INFO - "type" : "timestamp",
[2022-04-06 03:17:23,433] {spark_submit.py:488} INFO - "nullable" : true,
[2022-04-06 03:17:23,433] {spark_submit.py:488} INFO - "metadata" : { }
[2022-04-06 03:17:23,433] {spark_submit.py:488} INFO - } ]
[2022-04-06 03:17:23,434] {spark_submit.py:488} INFO - }
[2022-04-06 03:17:23,434] {spark_submit.py:488} INFO - and corresponding Parquet message type:
[2022-04-06 03:17:23,451] {spark_submit.py:488} INFO - message spark_schema {
[2022-04-06 03:17:23,472] {spark_submit.py:488} INFO - optional int32 id;
[2022-04-06 03:17:23,472] {spark_submit.py:488} INFO - optional binary title (STRING);
[2022-04-06 03:17:23,472] {spark_submit.py:488} INFO - optional binary body (STRING);
[2022-04-06 03:17:23,472] {spark_submit.py:488} INFO - optional int32 accepted_answer_id;
[2022-04-06 03:17:23,472] {spark_submit.py:488} INFO - optional int32 answer_count;
[2022-04-06 03:17:23,473] {spark_submit.py:488} INFO - optional int32 comment_count;
[2022-04-06 03:17:23,473] {spark_submit.py:488} INFO - optional int96 community_owned_date;
[2022-04-06 03:17:23,473] {spark_submit.py:488} INFO - optional int96 creation_date;
[2022-04-06 03:17:23,473] {spark_submit.py:488} INFO - optional int32 favorite_count;
[2022-04-06 03:17:23,473] {spark_submit.py:488} INFO - optional int96 last_activity_date;
[2022-04-06 03:17:23,473] {spark_submit.py:488} INFO - optional int96 last_edit_date;
[2022-04-06 03:17:23,473] {spark_submit.py:488} INFO - optional binary last_editor_display_name (STRING);
[2022-04-06 03:17:23,473] {spark_submit.py:488} INFO - optional int32 last_editor_user_id;
[2022-04-06 03:17:23,473] {spark_submit.py:488} INFO - optional binary owner_display_name (STRING);
[2022-04-06 03:17:23,473] {spark_submit.py:488} INFO - optional int32 owner_user_id;
[2022-04-06 03:17:23,473] {spark_submit.py:488} INFO - optional int32 parent_id;
[2022-04-06 03:17:23,473] {spark_submit.py:488} INFO - optional int32 post_type_id;
[2022-04-06 03:17:23,508] {spark_submit.py:488} INFO - optional int32 score;
[2022-04-06 03:17:23,508] {spark_submit.py:488} INFO - optional binary tags (STRING);
[2022-04-06 03:17:23,508] {spark_submit.py:488} INFO - optional int32 view_count;
[2022-04-06 03:17:23,508] {spark_submit.py:488} INFO - optional int96 group_by_date;
[2022-04-06 03:17:23,508] {spark_submit.py:488} INFO - }
[2022-04-06 03:17:23,508] {spark_submit.py:488} INFO - 
[2022-04-06 03:17:23,508] {spark_submit.py:488} INFO - 
[2022-04-06 03:17:23,508] {spark_submit.py:488} INFO - 22/04/06 03:17:23 INFO ParquetWriteSupport: Initialized Parquet WriteSupport with Catalyst schema:
[2022-04-06 03:17:23,509] {spark_submit.py:488} INFO - {
[2022-04-06 03:17:23,509] {spark_submit.py:488} INFO - "type" : "struct",
[2022-04-06 03:17:23,509] {spark_submit.py:488} INFO - "fields" : [ {
[2022-04-06 03:17:23,509] {spark_submit.py:488} INFO - "name" : "id",
[2022-04-06 03:17:23,509] {spark_submit.py:488} INFO - "type" : "integer",
[2022-04-06 03:17:23,509] {spark_submit.py:488} INFO - "nullable" : true,
[2022-04-06 03:17:23,509] {spark_submit.py:488} INFO - "metadata" : { }
[2022-04-06 03:17:23,509] {spark_submit.py:488} INFO - }, {
[2022-04-06 03:17:23,509] {spark_submit.py:488} INFO - "name" : "title",
[2022-04-06 03:17:23,509] {spark_submit.py:488} INFO - "type" : "string",
[2022-04-06 03:17:23,509] {spark_submit.py:488} INFO - "nullable" : true,
[2022-04-06 03:17:23,509] {spark_submit.py:488} INFO - "metadata" : { }
[2022-04-06 03:17:23,509] {spark_submit.py:488} INFO - }, {
[2022-04-06 03:17:23,510] {spark_submit.py:488} INFO - "name" : "body",
[2022-04-06 03:17:23,510] {spark_submit.py:488} INFO - "type" : "string",
[2022-04-06 03:17:23,510] {spark_submit.py:488} INFO - "nullable" : true,
[2022-04-06 03:17:23,510] {spark_submit.py:488} INFO - "metadata" : { }
[2022-04-06 03:17:23,510] {spark_submit.py:488} INFO - }, {
[2022-04-06 03:17:23,510] {spark_submit.py:488} INFO - "name" : "accepted_answer_id",
[2022-04-06 03:17:23,510] {spark_submit.py:488} INFO - "type" : "integer",
[2022-04-06 03:17:23,510] {spark_submit.py:488} INFO - "nullable" : true,
[2022-04-06 03:17:23,510] {spark_submit.py:488} INFO - "metadata" : { }
[2022-04-06 03:17:23,510] {spark_submit.py:488} INFO - }, {
[2022-04-06 03:17:23,510] {spark_submit.py:488} INFO - "name" : "answer_count",
[2022-04-06 03:17:23,510] {spark_submit.py:488} INFO - "type" : "integer",
[2022-04-06 03:17:23,510] {spark_submit.py:488} INFO - "nullable" : true,
[2022-04-06 03:17:23,511] {spark_submit.py:488} INFO - "metadata" : { }
[2022-04-06 03:17:23,544] {spark_submit.py:488} INFO - }, {
[2022-04-06 03:17:23,544] {spark_submit.py:488} INFO - "name" : "comment_count",
[2022-04-06 03:17:23,544] {spark_submit.py:488} INFO - "type" : "integer",
[2022-04-06 03:17:23,544] {spark_submit.py:488} INFO - "nullable" : true,
[2022-04-06 03:17:23,544] {spark_submit.py:488} INFO - "metadata" : { }
[2022-04-06 03:17:23,545] {spark_submit.py:488} INFO - }, {
[2022-04-06 03:17:23,545] {spark_submit.py:488} INFO - "name" : "community_owned_date",
[2022-04-06 03:17:23,545] {spark_submit.py:488} INFO - "type" : "timestamp",
[2022-04-06 03:17:23,545] {spark_submit.py:488} INFO - "nullable" : true,
[2022-04-06 03:17:23,546] {spark_submit.py:488} INFO - "metadata" : { }
[2022-04-06 03:17:23,546] {spark_submit.py:488} INFO - }, {
[2022-04-06 03:17:23,546] {spark_submit.py:488} INFO - "name" : "creation_date",
[2022-04-06 03:17:23,547] {spark_submit.py:488} INFO - "type" : "timestamp",
[2022-04-06 03:17:23,547] {spark_submit.py:488} INFO - "nullable" : true,
[2022-04-06 03:17:23,547] {spark_submit.py:488} INFO - "metadata" : { }
[2022-04-06 03:17:23,547] {spark_submit.py:488} INFO - }, {
[2022-04-06 03:17:23,547] {spark_submit.py:488} INFO - "name" : "favorite_count",
[2022-04-06 03:17:23,547] {spark_submit.py:488} INFO - "type" : "integer",
[2022-04-06 03:17:23,547] {spark_submit.py:488} INFO - "nullable" : true,
[2022-04-06 03:17:23,547] {spark_submit.py:488} INFO - "metadata" : { }
[2022-04-06 03:17:23,547] {spark_submit.py:488} INFO - }, {
[2022-04-06 03:17:23,547] {spark_submit.py:488} INFO - "name" : "last_activity_date",
[2022-04-06 03:17:23,612] {spark_submit.py:488} INFO - "type" : "timestamp",
[2022-04-06 03:17:23,612] {spark_submit.py:488} INFO - "nullable" : true,
[2022-04-06 03:17:23,612] {spark_submit.py:488} INFO - "metadata" : { }
[2022-04-06 03:17:23,612] {spark_submit.py:488} INFO - }, {
[2022-04-06 03:17:23,612] {spark_submit.py:488} INFO - "name" : "last_edit_date",
[2022-04-06 03:17:23,612] {spark_submit.py:488} INFO - "type" : "timestamp",
[2022-04-06 03:17:23,612] {spark_submit.py:488} INFO - "nullable" : true,
[2022-04-06 03:17:23,612] {spark_submit.py:488} INFO - "metadata" : { }
[2022-04-06 03:17:23,612] {spark_submit.py:488} INFO - }, {
[2022-04-06 03:17:23,613] {spark_submit.py:488} INFO - "name" : "last_editor_display_name",
[2022-04-06 03:17:23,613] {spark_submit.py:488} INFO - "type" : "string",
[2022-04-06 03:17:23,613] {spark_submit.py:488} INFO - "nullable" : true,
[2022-04-06 03:17:23,613] {spark_submit.py:488} INFO - "metadata" : { }
[2022-04-06 03:17:23,613] {spark_submit.py:488} INFO - }, {
[2022-04-06 03:17:23,613] {spark_submit.py:488} INFO - "name" : "last_editor_user_id",
[2022-04-06 03:17:23,613] {spark_submit.py:488} INFO - "type" : "integer",
[2022-04-06 03:17:23,613] {spark_submit.py:488} INFO - "nullable" : true,
[2022-04-06 03:17:23,613] {spark_submit.py:488} INFO - "metadata" : { }
[2022-04-06 03:17:23,613] {spark_submit.py:488} INFO - }, {
[2022-04-06 03:17:23,613] {spark_submit.py:488} INFO - "name" : "owner_display_name",
[2022-04-06 03:17:23,613] {spark_submit.py:488} INFO - "type" : "string",
[2022-04-06 03:17:23,613] {spark_submit.py:488} INFO - "nullable" : true,
[2022-04-06 03:17:23,613] {spark_submit.py:488} INFO - "metadata" : { }
[2022-04-06 03:17:23,614] {spark_submit.py:488} INFO - }, {
[2022-04-06 03:17:23,614] {spark_submit.py:488} INFO - "name" : "owner_user_id",
[2022-04-06 03:17:23,614] {spark_submit.py:488} INFO - "type" : "integer",
[2022-04-06 03:17:23,614] {spark_submit.py:488} INFO - "nullable" : true,
[2022-04-06 03:17:23,614] {spark_submit.py:488} INFO - "metadata" : { }
[2022-04-06 03:17:23,614] {spark_submit.py:488} INFO - }, {
[2022-04-06 03:17:23,614] {spark_submit.py:488} INFO - "name" : "parent_id",
[2022-04-06 03:17:23,614] {spark_submit.py:488} INFO - "type" : "integer",
[2022-04-06 03:17:23,614] {spark_submit.py:488} INFO - "nullable" : true,
[2022-04-06 03:17:23,614] {spark_submit.py:488} INFO - "metadata" : { }
[2022-04-06 03:17:23,614] {spark_submit.py:488} INFO - }, {
[2022-04-06 03:17:23,614] {spark_submit.py:488} INFO - "name" : "post_type_id",
[2022-04-06 03:17:23,614] {spark_submit.py:488} INFO - "type" : "integer",
[2022-04-06 03:17:23,614] {spark_submit.py:488} INFO - "nullable" : true,
[2022-04-06 03:17:23,614] {spark_submit.py:488} INFO - "metadata" : { }
[2022-04-06 03:17:23,615] {spark_submit.py:488} INFO - }, {
[2022-04-06 03:17:23,615] {spark_submit.py:488} INFO - "name" : "score",
[2022-04-06 03:17:23,615] {spark_submit.py:488} INFO - "type" : "integer",
[2022-04-06 03:17:23,661] {spark_submit.py:488} INFO - "nullable" : true,
[2022-04-06 03:17:23,661] {spark_submit.py:488} INFO - "metadata" : { }
[2022-04-06 03:17:23,661] {spark_submit.py:488} INFO - }, {
[2022-04-06 03:17:23,661] {spark_submit.py:488} INFO - "name" : "tags",
[2022-04-06 03:17:23,661] {spark_submit.py:488} INFO - "type" : "string",
[2022-04-06 03:17:23,661] {spark_submit.py:488} INFO - "nullable" : true,
[2022-04-06 03:17:23,661] {spark_submit.py:488} INFO - "metadata" : { }
[2022-04-06 03:17:23,661] {spark_submit.py:488} INFO - }, {
[2022-04-06 03:17:23,662] {spark_submit.py:488} INFO - "name" : "view_count",
[2022-04-06 03:17:23,662] {spark_submit.py:488} INFO - "type" : "integer",
[2022-04-06 03:17:23,662] {spark_submit.py:488} INFO - "nullable" : true,
[2022-04-06 03:17:23,662] {spark_submit.py:488} INFO - "metadata" : { }
[2022-04-06 03:17:23,662] {spark_submit.py:488} INFO - }, {
[2022-04-06 03:17:23,662] {spark_submit.py:488} INFO - "name" : "group_by_date",
[2022-04-06 03:17:23,662] {spark_submit.py:488} INFO - "type" : "timestamp",
[2022-04-06 03:17:23,662] {spark_submit.py:488} INFO - "nullable" : true,
[2022-04-06 03:17:23,662] {spark_submit.py:488} INFO - "metadata" : { }
[2022-04-06 03:17:23,662] {spark_submit.py:488} INFO - } ]
[2022-04-06 03:17:23,662] {spark_submit.py:488} INFO - }
[2022-04-06 03:17:23,663] {spark_submit.py:488} INFO - and corresponding Parquet message type:
[2022-04-06 03:17:23,663] {spark_submit.py:488} INFO - message spark_schema {
[2022-04-06 03:17:23,663] {spark_submit.py:488} INFO - optional int32 id;
[2022-04-06 03:17:23,663] {spark_submit.py:488} INFO - optional binary title (STRING);
[2022-04-06 03:17:23,663] {spark_submit.py:488} INFO - optional binary body (STRING);
[2022-04-06 03:17:23,663] {spark_submit.py:488} INFO - optional int32 accepted_answer_id;
[2022-04-06 03:17:23,663] {spark_submit.py:488} INFO - optional int32 answer_count;
[2022-04-06 03:17:23,663] {spark_submit.py:488} INFO - optional int32 comment_count;
[2022-04-06 03:17:23,663] {spark_submit.py:488} INFO - optional int96 community_owned_date;
[2022-04-06 03:17:23,663] {spark_submit.py:488} INFO - optional int96 creation_date;
[2022-04-06 03:17:23,663] {spark_submit.py:488} INFO - optional int32 favorite_count;
[2022-04-06 03:17:23,663] {spark_submit.py:488} INFO - optional int96 last_activity_date;
[2022-04-06 03:17:23,663] {spark_submit.py:488} INFO - optional int96 last_edit_date;
[2022-04-06 03:17:23,699] {spark_submit.py:488} INFO - optional binary last_editor_display_name (STRING);
[2022-04-06 03:17:23,699] {spark_submit.py:488} INFO - optional int32 last_editor_user_id;
[2022-04-06 03:17:23,699] {spark_submit.py:488} INFO - optional binary owner_display_name (STRING);
[2022-04-06 03:17:23,699] {spark_submit.py:488} INFO - optional int32 owner_user_id;
[2022-04-06 03:17:23,699] {spark_submit.py:488} INFO - optional int32 parent_id;
[2022-04-06 03:17:23,700] {spark_submit.py:488} INFO - optional int32 post_type_id;
[2022-04-06 03:17:23,700] {spark_submit.py:488} INFO - optional int32 score;
[2022-04-06 03:17:23,700] {spark_submit.py:488} INFO - optional binary tags (STRING);
[2022-04-06 03:17:23,700] {spark_submit.py:488} INFO - optional int32 view_count;
[2022-04-06 03:17:23,700] {spark_submit.py:488} INFO - optional int96 group_by_date;
[2022-04-06 03:17:23,700] {spark_submit.py:488} INFO - }
[2022-04-06 03:17:23,700] {spark_submit.py:488} INFO - 
[2022-04-06 03:17:23,700] {spark_submit.py:488} INFO - 
[2022-04-06 03:17:23,700] {spark_submit.py:488} INFO - 22/04/06 03:17:23 INFO ParquetWriteSupport: Initialized Parquet WriteSupport with Catalyst schema:
[2022-04-06 03:17:23,700] {spark_submit.py:488} INFO - {
[2022-04-06 03:17:23,700] {spark_submit.py:488} INFO - "type" : "struct",
[2022-04-06 03:17:23,700] {spark_submit.py:488} INFO - "fields" : [ {
[2022-04-06 03:17:23,701] {spark_submit.py:488} INFO - "name" : "id",
[2022-04-06 03:17:23,701] {spark_submit.py:488} INFO - "type" : "integer",
[2022-04-06 03:17:23,701] {spark_submit.py:488} INFO - "nullable" : true,
[2022-04-06 03:17:23,701] {spark_submit.py:488} INFO - "metadata" : { }
[2022-04-06 03:17:23,701] {spark_submit.py:488} INFO - }, {
[2022-04-06 03:17:23,701] {spark_submit.py:488} INFO - "name" : "title",
[2022-04-06 03:17:23,701] {spark_submit.py:488} INFO - "type" : "string",
[2022-04-06 03:17:23,701] {spark_submit.py:488} INFO - "nullable" : true,
[2022-04-06 03:17:23,701] {spark_submit.py:488} INFO - "metadata" : { }
[2022-04-06 03:17:23,701] {spark_submit.py:488} INFO - }, {
[2022-04-06 03:17:23,701] {spark_submit.py:488} INFO - "name" : "body",
[2022-04-06 03:17:23,702] {spark_submit.py:488} INFO - "type" : "string",
[2022-04-06 03:17:23,702] {spark_submit.py:488} INFO - "nullable" : true,
[2022-04-06 03:17:23,702] {spark_submit.py:488} INFO - "metadata" : { }
[2022-04-06 03:17:23,702] {spark_submit.py:488} INFO - }, {
[2022-04-06 03:17:23,702] {spark_submit.py:488} INFO - "name" : "accepted_answer_id",
[2022-04-06 03:17:23,702] {spark_submit.py:488} INFO - "type" : "integer",
[2022-04-06 03:17:23,702] {spark_submit.py:488} INFO - "nullable" : true,
[2022-04-06 03:17:23,702] {spark_submit.py:488} INFO - "metadata" : { }
[2022-04-06 03:17:23,702] {spark_submit.py:488} INFO - }, {
[2022-04-06 03:17:23,702] {spark_submit.py:488} INFO - "name" : "answer_count",
[2022-04-06 03:17:23,702] {spark_submit.py:488} INFO - "type" : "integer",
[2022-04-06 03:17:23,702] {spark_submit.py:488} INFO - "nullable" : true,
[2022-04-06 03:17:23,702] {spark_submit.py:488} INFO - "metadata" : { }
[2022-04-06 03:17:23,702] {spark_submit.py:488} INFO - }, {
[2022-04-06 03:17:23,703] {spark_submit.py:488} INFO - "name" : "comment_count",
[2022-04-06 03:17:23,703] {spark_submit.py:488} INFO - "type" : "integer",
[2022-04-06 03:17:23,703] {spark_submit.py:488} INFO - "nullable" : true,
[2022-04-06 03:17:23,703] {spark_submit.py:488} INFO - "metadata" : { }
[2022-04-06 03:17:23,703] {spark_submit.py:488} INFO - }, {
[2022-04-06 03:17:23,703] {spark_submit.py:488} INFO - "name" : "community_owned_date",
[2022-04-06 03:17:23,703] {spark_submit.py:488} INFO - "type" : "timestamp",
[2022-04-06 03:17:23,703] {spark_submit.py:488} INFO - "nullable" : true,
[2022-04-06 03:17:23,703] {spark_submit.py:488} INFO - "metadata" : { }
[2022-04-06 03:17:23,703] {spark_submit.py:488} INFO - }, {
[2022-04-06 03:17:23,703] {spark_submit.py:488} INFO - "name" : "creation_date",
[2022-04-06 03:17:23,703] {spark_submit.py:488} INFO - "type" : "timestamp",
[2022-04-06 03:17:23,703] {spark_submit.py:488} INFO - "nullable" : true,
[2022-04-06 03:17:23,704] {spark_submit.py:488} INFO - "metadata" : { }
[2022-04-06 03:17:23,704] {spark_submit.py:488} INFO - }, {
[2022-04-06 03:17:23,704] {spark_submit.py:488} INFO - "name" : "favorite_count",
[2022-04-06 03:17:23,704] {spark_submit.py:488} INFO - "type" : "integer",
[2022-04-06 03:17:23,704] {spark_submit.py:488} INFO - "nullable" : true,
[2022-04-06 03:17:23,704] {spark_submit.py:488} INFO - "metadata" : { }
[2022-04-06 03:17:23,704] {spark_submit.py:488} INFO - }, {
[2022-04-06 03:17:23,704] {spark_submit.py:488} INFO - "name" : "last_activity_date",
[2022-04-06 03:17:23,704] {spark_submit.py:488} INFO - "type" : "timestamp",
[2022-04-06 03:17:23,704] {spark_submit.py:488} INFO - "nullable" : true,
[2022-04-06 03:17:23,704] {spark_submit.py:488} INFO - "metadata" : { }
[2022-04-06 03:17:23,704] {spark_submit.py:488} INFO - }, {
[2022-04-06 03:17:23,704] {spark_submit.py:488} INFO - "name" : "last_edit_date",
[2022-04-06 03:17:23,705] {spark_submit.py:488} INFO - "type" : "timestamp",
[2022-04-06 03:17:23,705] {spark_submit.py:488} INFO - "nullable" : true,
[2022-04-06 03:17:23,705] {spark_submit.py:488} INFO - "metadata" : { }
[2022-04-06 03:17:23,705] {spark_submit.py:488} INFO - }, {
[2022-04-06 03:17:23,705] {spark_submit.py:488} INFO - "name" : "last_editor_display_name",
[2022-04-06 03:17:23,705] {spark_submit.py:488} INFO - "type" : "string",
[2022-04-06 03:17:23,705] {spark_submit.py:488} INFO - "nullable" : true,
[2022-04-06 03:17:23,705] {spark_submit.py:488} INFO - "metadata" : { }
[2022-04-06 03:17:23,705] {spark_submit.py:488} INFO - }, {
[2022-04-06 03:17:23,705] {spark_submit.py:488} INFO - "name" : "last_editor_user_id",
[2022-04-06 03:17:23,706] {spark_submit.py:488} INFO - "type" : "integer",
[2022-04-06 03:17:23,706] {spark_submit.py:488} INFO - "nullable" : true,
[2022-04-06 03:17:23,706] {spark_submit.py:488} INFO - "metadata" : { }
[2022-04-06 03:17:23,706] {spark_submit.py:488} INFO - }, {
[2022-04-06 03:17:23,706] {spark_submit.py:488} INFO - "name" : "owner_display_name",
[2022-04-06 03:17:23,706] {spark_submit.py:488} INFO - "type" : "string",
[2022-04-06 03:17:23,706] {spark_submit.py:488} INFO - "nullable" : true,
[2022-04-06 03:17:23,706] {spark_submit.py:488} INFO - "metadata" : { }
[2022-04-06 03:17:23,706] {spark_submit.py:488} INFO - }, {
[2022-04-06 03:17:23,706] {spark_submit.py:488} INFO - "name" : "owner_user_id",
[2022-04-06 03:17:23,836] {spark_submit.py:488} INFO - "type" : "integer",
[2022-04-06 03:17:23,836] {spark_submit.py:488} INFO - "nullable" : true,
[2022-04-06 03:17:23,836] {spark_submit.py:488} INFO - "metadata" : { }
[2022-04-06 03:17:23,836] {spark_submit.py:488} INFO - }, {
[2022-04-06 03:17:23,836] {spark_submit.py:488} INFO - "name" : "parent_id",
[2022-04-06 03:17:23,836] {spark_submit.py:488} INFO - "type" : "integer",
[2022-04-06 03:17:23,836] {spark_submit.py:488} INFO - "nullable" : true,
[2022-04-06 03:17:23,836] {spark_submit.py:488} INFO - "metadata" : { }
[2022-04-06 03:17:23,836] {spark_submit.py:488} INFO - }, {
[2022-04-06 03:17:23,837] {spark_submit.py:488} INFO - "name" : "post_type_id",
[2022-04-06 03:17:23,837] {spark_submit.py:488} INFO - "type" : "integer",
[2022-04-06 03:17:23,837] {spark_submit.py:488} INFO - "nullable" : true,
[2022-04-06 03:17:23,837] {spark_submit.py:488} INFO - "metadata" : { }
[2022-04-06 03:17:23,837] {spark_submit.py:488} INFO - }, {
[2022-04-06 03:17:23,837] {spark_submit.py:488} INFO - "name" : "score",
[2022-04-06 03:17:23,837] {spark_submit.py:488} INFO - "type" : "integer",
[2022-04-06 03:17:23,837] {spark_submit.py:488} INFO - "nullable" : true,
[2022-04-06 03:17:23,837] {spark_submit.py:488} INFO - "metadata" : { }
[2022-04-06 03:17:23,837] {spark_submit.py:488} INFO - }, {
[2022-04-06 03:17:23,837] {spark_submit.py:488} INFO - "name" : "tags",
[2022-04-06 03:17:23,837] {spark_submit.py:488} INFO - "type" : "string",
[2022-04-06 03:17:23,837] {spark_submit.py:488} INFO - "nullable" : true,
[2022-04-06 03:17:23,837] {spark_submit.py:488} INFO - "metadata" : { }
[2022-04-06 03:17:23,837] {spark_submit.py:488} INFO - }, {
[2022-04-06 03:17:23,838] {spark_submit.py:488} INFO - "name" : "view_count",
[2022-04-06 03:17:23,838] {spark_submit.py:488} INFO - "type" : "integer",
[2022-04-06 03:17:23,838] {spark_submit.py:488} INFO - "nullable" : true,
[2022-04-06 03:17:23,838] {spark_submit.py:488} INFO - "metadata" : { }
[2022-04-06 03:17:23,838] {spark_submit.py:488} INFO - }, {
[2022-04-06 03:17:23,838] {spark_submit.py:488} INFO - "name" : "group_by_date",
[2022-04-06 03:17:23,838] {spark_submit.py:488} INFO - "type" : "timestamp",
[2022-04-06 03:17:23,838] {spark_submit.py:488} INFO - "nullable" : true,
[2022-04-06 03:17:23,838] {spark_submit.py:488} INFO - "metadata" : { }
[2022-04-06 03:17:23,838] {spark_submit.py:488} INFO - } ]
[2022-04-06 03:17:23,838] {spark_submit.py:488} INFO - }
[2022-04-06 03:17:23,838] {spark_submit.py:488} INFO - and corresponding Parquet message type:
[2022-04-06 03:17:23,838] {spark_submit.py:488} INFO - message spark_schema {
[2022-04-06 03:17:23,838] {spark_submit.py:488} INFO - optional int32 id;
[2022-04-06 03:17:23,839] {spark_submit.py:488} INFO - optional binary title (STRING);
[2022-04-06 03:17:23,839] {spark_submit.py:488} INFO - optional binary body (STRING);
[2022-04-06 03:17:23,839] {spark_submit.py:488} INFO - optional int32 accepted_answer_id;
[2022-04-06 03:17:23,839] {spark_submit.py:488} INFO - optional int32 answer_count;
[2022-04-06 03:17:23,839] {spark_submit.py:488} INFO - optional int32 comment_count;
[2022-04-06 03:17:23,839] {spark_submit.py:488} INFO - optional int96 community_owned_date;
[2022-04-06 03:17:23,839] {spark_submit.py:488} INFO - optional int96 creation_date;
[2022-04-06 03:17:23,839] {spark_submit.py:488} INFO - optional int32 favorite_count;
[2022-04-06 03:17:23,839] {spark_submit.py:488} INFO - optional int96 last_activity_date;
[2022-04-06 03:17:23,839] {spark_submit.py:488} INFO - optional int96 last_edit_date;
[2022-04-06 03:17:23,839] {spark_submit.py:488} INFO - optional binary last_editor_display_name (STRING);
[2022-04-06 03:17:23,839] {spark_submit.py:488} INFO - optional int32 last_editor_user_id;
[2022-04-06 03:17:23,839] {spark_submit.py:488} INFO - optional binary owner_display_name (STRING);
[2022-04-06 03:17:23,839] {spark_submit.py:488} INFO - optional int32 owner_user_id;
[2022-04-06 03:17:23,876] {spark_submit.py:488} INFO - optional int32 parent_id;
[2022-04-06 03:17:23,876] {spark_submit.py:488} INFO - optional int32 post_type_id;
[2022-04-06 03:17:23,876] {spark_submit.py:488} INFO - optional int32 score;
[2022-04-06 03:17:23,876] {spark_submit.py:488} INFO - optional binary tags (STRING);
[2022-04-06 03:17:23,876] {spark_submit.py:488} INFO - optional int32 view_count;
[2022-04-06 03:17:23,876] {spark_submit.py:488} INFO - optional int96 group_by_date;
[2022-04-06 03:17:23,876] {spark_submit.py:488} INFO - }
[2022-04-06 03:17:23,876] {spark_submit.py:488} INFO - 
[2022-04-06 03:17:23,876] {spark_submit.py:488} INFO - 
[2022-04-06 03:17:24,288] {spark_submit.py:488} INFO - 22/04/06 03:17:23 INFO BlockManagerInfo: Removed broadcast_2_piece0 on 9fe4286b2855:34697 in memory (size: 10.4 KiB, free: 434.3 MiB)
[2022-04-06 03:17:25,264] {spark_submit.py:488} INFO - 22/04/06 03:17:25 INFO CodecPool: Got brand-new compressor [.snappy]
[2022-04-06 03:17:25,276] {spark_submit.py:488} INFO - 22/04/06 03:17:25 INFO CodecPool: Got brand-new compressor [.snappy]
[2022-04-06 03:17:25,276] {spark_submit.py:488} INFO - 22/04/06 03:17:25 INFO CodecPool: Got brand-new compressor [.snappy]
[2022-04-06 03:17:25,276] {spark_submit.py:488} INFO - 22/04/06 03:17:25 INFO CodecPool: Got brand-new compressor [.snappy]
[2022-04-06 03:17:48,421] {spark_submit.py:488} INFO - 22/04/06 03:17:48 INFO GoogleCloudStorageImpl: Ignoring exception of type GoogleJsonResponseException; verified object already exists with desired state.
[2022-04-06 03:17:48,455] {spark_submit.py:488} INFO - 22/04/06 03:17:48 INFO GoogleCloudStorageFileSystem: Successfully repaired 'gs://dtc_data_lake_de-stack-overflow/BigQuery/posts_questions-2019-10/_temporary/0/_temporary/' directory.
[2022-04-06 03:17:48,455] {spark_submit.py:488} INFO - 22/04/06 03:17:48 INFO FileOutputCommitter: Saved output of task 'attempt_202204060317194742157792585067452_0003_m_000003_8' to gs://dtc_data_lake_de-stack-overflow/BigQuery/posts_questions-2019-10/_temporary/0/task_202204060317194742157792585067452_0003_m_000003
[2022-04-06 03:17:48,455] {spark_submit.py:488} INFO - 22/04/06 03:17:48 INFO SparkHadoopMapRedUtil: attempt_202204060317194742157792585067452_0003_m_000003_8: Committed
[2022-04-06 03:17:48,457] {spark_submit.py:488} INFO - 22/04/06 03:17:48 INFO GoogleCloudStorageFileSystem: Successfully repaired 'gs://dtc_data_lake_de-stack-overflow/BigQuery/posts_questions-2019-10/_temporary/0/_temporary/' directory.
[2022-04-06 03:17:48,458] {spark_submit.py:488} INFO - 22/04/06 03:17:48 INFO FileOutputCommitter: Saved output of task 'attempt_202204060317199036312301618668052_0003_m_000001_6' to gs://dtc_data_lake_de-stack-overflow/BigQuery/posts_questions-2019-10/_temporary/0/task_202204060317199036312301618668052_0003_m_000001
[2022-04-06 03:17:48,469] {spark_submit.py:488} INFO - 22/04/06 03:17:48 INFO SparkHadoopMapRedUtil: attempt_202204060317199036312301618668052_0003_m_000001_6: Committed
[2022-04-06 03:17:48,520] {spark_submit.py:488} INFO - 22/04/06 03:17:48 INFO Executor: Finished task 3.0 in stage 3.0 (TID 8). 3526 bytes result sent to driver
[2022-04-06 03:17:48,523] {spark_submit.py:488} INFO - 22/04/06 03:17:48 INFO TaskSetManager: Finished task 3.0 in stage 3.0 (TID 8) in 27024 ms on 9fe4286b2855 (executor driver) (1/4)
[2022-04-06 03:17:48,536] {spark_submit.py:488} INFO - 22/04/06 03:17:48 INFO Executor: Finished task 1.0 in stage 3.0 (TID 6). 3526 bytes result sent to driver
[2022-04-06 03:17:48,539] {spark_submit.py:488} INFO - 22/04/06 03:17:48 INFO TaskSetManager: Finished task 1.0 in stage 3.0 (TID 6) in 27044 ms on 9fe4286b2855 (executor driver) (2/4)
[2022-04-06 03:17:48,826] {spark_submit.py:488} INFO - 22/04/06 03:17:48 INFO FileOutputCommitter: Saved output of task 'attempt_202204060317191097417203664509624_0003_m_000002_7' to gs://dtc_data_lake_de-stack-overflow/BigQuery/posts_questions-2019-10/_temporary/0/task_202204060317191097417203664509624_0003_m_000002
[2022-04-06 03:17:48,827] {spark_submit.py:488} INFO - 22/04/06 03:17:48 INFO SparkHadoopMapRedUtil: attempt_202204060317191097417203664509624_0003_m_000002_7: Committed
[2022-04-06 03:17:48,904] {spark_submit.py:488} INFO - 22/04/06 03:17:48 INFO Executor: Finished task 2.0 in stage 3.0 (TID 7). 3483 bytes result sent to driver
[2022-04-06 03:17:48,908] {spark_submit.py:488} INFO - 22/04/06 03:17:48 INFO TaskSetManager: Finished task 2.0 in stage 3.0 (TID 7) in 27409 ms on 9fe4286b2855 (executor driver) (3/4)
[2022-04-06 03:17:49,072] {spark_submit.py:488} INFO - 22/04/06 03:17:49 INFO FileOutputCommitter: Saved output of task 'attempt_202204060317196720354104253698246_0003_m_000000_5' to gs://dtc_data_lake_de-stack-overflow/BigQuery/posts_questions-2019-10/_temporary/0/task_202204060317196720354104253698246_0003_m_000000
[2022-04-06 03:17:49,072] {spark_submit.py:488} INFO - 22/04/06 03:17:49 INFO SparkHadoopMapRedUtil: attempt_202204060317196720354104253698246_0003_m_000000_5: Committed
[2022-04-06 03:17:49,116] {spark_submit.py:488} INFO - 22/04/06 03:17:49 INFO Executor: Finished task 0.0 in stage 3.0 (TID 5). 3483 bytes result sent to driver
[2022-04-06 03:17:49,116] {spark_submit.py:488} INFO - 22/04/06 03:17:49 INFO TaskSetManager: Finished task 0.0 in stage 3.0 (TID 5) in 27618 ms on 9fe4286b2855 (executor driver) (4/4)
[2022-04-06 03:17:49,116] {spark_submit.py:488} INFO - 22/04/06 03:17:49 INFO TaskSchedulerImpl: Removed TaskSet 3.0, whose tasks have all completed, from pool
[2022-04-06 03:17:49,125] {spark_submit.py:488} INFO - 22/04/06 03:17:49 INFO DAGScheduler: ResultStage 3 (save at NativeMethodAccessorImpl.java:0) finished in 28.608 s
[2022-04-06 03:17:49,125] {spark_submit.py:488} INFO - 22/04/06 03:17:49 INFO DAGScheduler: Job 2 is finished. Cancelling potential speculative or zombie tasks for this job
[2022-04-06 03:17:49,125] {spark_submit.py:488} INFO - 22/04/06 03:17:49 INFO TaskSchedulerImpl: Killing all running tasks in stage 3: Stage finished
[2022-04-06 03:17:49,125] {spark_submit.py:488} INFO - 22/04/06 03:17:49 INFO DAGScheduler: Job 2 finished: save at NativeMethodAccessorImpl.java:0, took 28.739720 s
[2022-04-06 03:17:49,128] {spark_submit.py:488} INFO - 22/04/06 03:17:49 INFO FileFormatWriter: Start to commit write Job e8f49328-ddeb-49c5-a88a-d6e2598630b6.
[2022-04-06 03:17:49,578] {spark_submit.py:488} INFO - 22/04/06 03:17:49 INFO GoogleCloudStorageFileSystem: Successfully repaired 'gs://dtc_data_lake_de-stack-overflow/BigQuery/posts_questions-2019-10/_temporary/0/task_202204060317191097417203664509624_0003_m_000002/' directory.
[2022-04-06 03:17:50,002] {spark_submit.py:488} INFO - 22/04/06 03:17:50 INFO GoogleCloudStorageFileSystem: Successfully repaired 'gs://dtc_data_lake_de-stack-overflow/BigQuery/posts_questions-2019-10/_temporary/0/task_202204060317194742157792585067452_0003_m_000003/' directory.
[2022-04-06 03:17:50,452] {spark_submit.py:488} INFO - 22/04/06 03:17:50 INFO GoogleCloudStorageFileSystem: Successfully repaired 'gs://dtc_data_lake_de-stack-overflow/BigQuery/posts_questions-2019-10/_temporary/0/task_202204060317196720354104253698246_0003_m_000000/' directory.
[2022-04-06 03:17:50,878] {spark_submit.py:488} INFO - 22/04/06 03:17:50 INFO GoogleCloudStorageFileSystem: Successfully repaired 'gs://dtc_data_lake_de-stack-overflow/BigQuery/posts_questions-2019-10/_temporary/0/task_202204060317199036312301618668052_0003_m_000001/' directory.
[2022-04-06 03:17:51,246] {spark_submit.py:488} INFO - 22/04/06 03:17:51 INFO GoogleCloudStorageFileSystem: Successfully repaired 'gs://dtc_data_lake_de-stack-overflow/BigQuery/posts_questions-2019-10/' directory.
[2022-04-06 03:17:52,232] {spark_submit.py:488} INFO - 22/04/06 03:17:52 INFO FileFormatWriter: Write Job e8f49328-ddeb-49c5-a88a-d6e2598630b6 committed. Elapsed time: 3096 ms.
[2022-04-06 03:17:52,252] {spark_submit.py:488} INFO - 22/04/06 03:17:52 INFO FileFormatWriter: Finished processing stats for write job e8f49328-ddeb-49c5-a88a-d6e2598630b6.
[2022-04-06 03:17:53,093] {spark_submit.py:488} INFO - 22/04/06 03:17:53 INFO SparkContext: Invoking stop() from shutdown hook
[2022-04-06 03:17:53,194] {spark_submit.py:488} INFO - 22/04/06 03:17:53 INFO SparkUI: Stopped Spark web UI at http://9fe4286b2855:4047
[2022-04-06 03:17:53,328] {spark_submit.py:488} INFO - 22/04/06 03:17:53 INFO MapOutputTrackerMasterEndpoint: MapOutputTrackerMasterEndpoint stopped!
[2022-04-06 03:17:53,803] {spark_submit.py:488} INFO - 22/04/06 03:17:53 INFO MemoryStore: MemoryStore cleared
[2022-04-06 03:17:53,804] {spark_submit.py:488} INFO - 22/04/06 03:17:53 INFO BlockManager: BlockManager stopped
[2022-04-06 03:17:53,808] {spark_submit.py:488} INFO - 22/04/06 03:17:53 INFO BlockManagerMaster: BlockManagerMaster stopped
[2022-04-06 03:17:53,815] {spark_submit.py:488} INFO - 22/04/06 03:17:53 INFO OutputCommitCoordinator$OutputCommitCoordinatorEndpoint: OutputCommitCoordinator stopped!
[2022-04-06 03:17:53,962] {spark_submit.py:488} INFO - 22/04/06 03:17:53 INFO SparkContext: Successfully stopped SparkContext
[2022-04-06 03:17:53,962] {spark_submit.py:488} INFO - 22/04/06 03:17:53 INFO ShutdownHookManager: Shutdown hook called
[2022-04-06 03:17:53,964] {spark_submit.py:488} INFO - 22/04/06 03:17:53 INFO ShutdownHookManager: Deleting directory /tmp/spark-c8359354-95ea-4ed4-bd68-033a1964fbdc
[2022-04-06 03:17:53,981] {spark_submit.py:488} INFO - 22/04/06 03:17:53 INFO ShutdownHookManager: Deleting directory /tmp/spark-563441be-6b98-49e5-8714-a17a78c6bee9
[2022-04-06 03:17:54,027] {spark_submit.py:488} INFO - 22/04/06 03:17:54 INFO ShutdownHookManager: Deleting directory /tmp/spark-563441be-6b98-49e5-8714-a17a78c6bee9/pyspark-d866baf8-865f-4b1b-aab1-e4d7a9365fa3
[2022-04-06 03:17:55,762] {taskinstance.py:1288} INFO - Marking task as SUCCESS. dag_id=IngestToGCP, task_id=processing_tasks_posts_questions.spark_job, execution_date=20191001T000000, start_date=20220406T031236, end_date=20220406T031755
[2022-04-06 03:17:56,010] {local_task_job.py:154} INFO - Task exited with return code 0
[2022-04-06 03:17:56,186] {local_task_job.py:264} INFO - 1 downstream tasks scheduled from follow-on schedule check
