[2022-04-07 22:06:41,235] {taskinstance.py:1043} INFO - Dependencies all met for <TaskInstance: load_to_BigQuery.create_external_users.bq_create_users_stack_overflow_data_partitioned_table_task scheduled__2008-08-01T00:00:00+00:00 [queued]>
[2022-04-07 22:06:41,294] {taskinstance.py:1043} INFO - Dependencies all met for <TaskInstance: load_to_BigQuery.create_external_users.bq_create_users_stack_overflow_data_partitioned_table_task scheduled__2008-08-01T00:00:00+00:00 [queued]>
[2022-04-07 22:06:41,294] {taskinstance.py:1249} INFO - 
--------------------------------------------------------------------------------
[2022-04-07 22:06:41,294] {taskinstance.py:1250} INFO - Starting attempt 1 of 1
[2022-04-07 22:06:41,294] {taskinstance.py:1251} INFO - 
--------------------------------------------------------------------------------
[2022-04-07 22:06:41,990] {taskinstance.py:1270} INFO - Executing <Task(BigQueryInsertJobOperator): create_external_users.bq_create_users_stack_overflow_data_partitioned_table_task> on 2008-08-01 00:00:00+00:00
[2022-04-07 22:06:42,055] {standard_task_runner.py:79} INFO - Running: ['***', 'tasks', 'run', 'load_to_BigQuery', 'create_external_users.bq_create_users_stack_overflow_data_partitioned_table_task', 'scheduled__2008-08-01T00:00:00+00:00', '--job-id', '13330', '--raw', '--subdir', 'DAGS_FOLDER/load_to_BigQuery_dag.py', '--cfg-path', '/tmp/tmpozitt3tq', '--error-file', '/tmp/tmp0j05qhl3']
[2022-04-07 22:06:42,080] {standard_task_runner.py:80} INFO - Job 13330: Subtask create_external_users.bq_create_users_stack_overflow_data_partitioned_table_task
[2022-04-07 22:06:42,023] {standard_task_runner.py:52} INFO - Started process 703 to run task
[2022-04-07 22:06:42,321] {logging_mixin.py:109} INFO - Running <TaskInstance: load_to_BigQuery.create_external_users.bq_create_users_stack_overflow_data_partitioned_table_task scheduled__2008-08-01T00:00:00+00:00 [running]> on host 36107d30f64e
[2022-04-07 22:06:42,608] {taskinstance.py:1448} INFO - Exporting the following env vars:
AIRFLOW_CTX_DAG_OWNER=***
AIRFLOW_CTX_DAG_ID=load_to_BigQuery
AIRFLOW_CTX_TASK_ID=create_external_users.bq_create_users_stack_overflow_data_partitioned_table_task
AIRFLOW_CTX_EXECUTION_DATE=2008-08-01T00:00:00+00:00
AIRFLOW_CTX_DAG_RUN_ID=scheduled__2008-08-01T00:00:00+00:00
[2022-04-07 22:06:42,610] {crypto.py:82} WARNING - empty cryptography key - values will not be stored encrypted.
[2022-04-07 22:06:42,671] {logging_mixin.py:109} WARNING - /home/***/.local/lib/python3.7/site-packages/***/utils/context.py:156 AirflowContextDeprecationWarning: Accessing 'execution_date' from the template is deprecated and will be removed in a future version. Please use 'data_interval_start' or 'logical_date' instead.
[2022-04-07 22:06:42,723] {bigquery.py:1554} INFO - Inserting job ***_load_to_BigQuery_create_external_users_bq_create_users_stack_overflow_data_partitioned_table_task_2008_08_01T00_00_00_00_00_4ac8a1495a7a173542bb9d3bf694fab4
[2022-04-07 22:06:45,329] {taskinstance.py:1288} INFO - Marking task as SUCCESS. dag_id=load_to_BigQuery, task_id=create_external_users.bq_create_users_stack_overflow_data_partitioned_table_task, execution_date=20080801T000000, start_date=20220407T220641, end_date=20220407T220645
[2022-04-07 22:06:45,373] {local_task_job.py:154} INFO - Task exited with return code 0
[2022-04-07 22:06:45,432] {local_task_job.py:264} INFO - 0 downstream tasks scheduled from follow-on schedule check
