[2022-04-05 23:53:59,916] {taskinstance.py:1043} INFO - Dependencies all met for <TaskInstance: IngestToGCP.processing_tasks_users.spark_job scheduled__2012-06-01T00:00:00+00:00 [queued]>
[2022-04-05 23:54:00,066] {taskinstance.py:1043} INFO - Dependencies all met for <TaskInstance: IngestToGCP.processing_tasks_users.spark_job scheduled__2012-06-01T00:00:00+00:00 [queued]>
[2022-04-05 23:54:00,073] {taskinstance.py:1249} INFO - 
--------------------------------------------------------------------------------
[2022-04-05 23:54:00,073] {taskinstance.py:1250} INFO - Starting attempt 1 of 1
[2022-04-05 23:54:00,074] {taskinstance.py:1251} INFO - 
--------------------------------------------------------------------------------
[2022-04-05 23:54:00,305] {taskinstance.py:1270} INFO - Executing <Task(SparkSubmitOperator): processing_tasks_users.spark_job> on 2012-06-01 00:00:00+00:00
[2022-04-05 23:54:00,422] {standard_task_runner.py:52} INFO - Started process 68457 to run task
[2022-04-05 23:54:00,528] {standard_task_runner.py:79} INFO - Running: ['***', 'tasks', 'run', 'IngestToGCP', 'processing_tasks_users.spark_job', 'scheduled__2012-06-01T00:00:00+00:00', '--job-id', '9465', '--raw', '--subdir', 'DAGS_FOLDER/ingest_dag.py', '--cfg-path', '/tmp/tmpqvmfkqp9', '--error-file', '/tmp/tmp8bpu7zi5']
[2022-04-05 23:54:00,538] {standard_task_runner.py:80} INFO - Job 9465: Subtask processing_tasks_users.spark_job
[2022-04-05 23:54:01,670] {logging_mixin.py:109} INFO - Running <TaskInstance: IngestToGCP.processing_tasks_users.spark_job scheduled__2012-06-01T00:00:00+00:00 [running]> on host 9fe4286b2855
[2022-04-05 23:54:02,194] {logging_mixin.py:109} WARNING - /home/***/.local/lib/python3.7/site-packages/***/utils/context.py:156 AirflowContextDeprecationWarning: Accessing 'execution_date' from the template is deprecated and will be removed in a future version. Please use 'data_interval_start' or 'logical_date' instead.
[2022-04-05 23:54:02,508] {taskinstance.py:1448} INFO - Exporting the following env vars:
AIRFLOW_CTX_DAG_OWNER=***
AIRFLOW_CTX_DAG_ID=IngestToGCP
AIRFLOW_CTX_TASK_ID=processing_tasks_users.spark_job
AIRFLOW_CTX_EXECUTION_DATE=2012-06-01T00:00:00+00:00
AIRFLOW_CTX_DAG_RUN_ID=scheduled__2012-06-01T00:00:00+00:00
[2022-04-05 23:54:02,651] {base.py:79} INFO - Using connection to: id: spark_project. Host: spark://spark, Port: 7077, Schema: , Login: , Password: None, extra: {'queue': 'root.default'}
[2022-04-05 23:54:02,672] {spark_submit.py:335} INFO - Spark-Submit cmd: spark-submit --master spark://spark:7077 --conf spark.master=local[*] --name format_schema --verbose --queue root.default ./dags/pyspark_parquet_transformation.py users 2012-06
[2022-04-05 23:54:32,460] {spark_submit.py:488} INFO - Using properties file: null
[2022-04-05 23:54:34,066] {spark_submit.py:488} INFO - WARNING: An illegal reflective access operation has occurred
[2022-04-05 23:54:34,066] {spark_submit.py:488} INFO - WARNING: Illegal reflective access by org.apache.spark.unsafe.Platform (file:/opt/***/spark/spark-3.2.1-bin-hadoop3.2/jars/spark-unsafe_2.12-3.2.1.jar) to constructor java.nio.DirectByteBuffer(long,int)
[2022-04-05 23:54:34,066] {spark_submit.py:488} INFO - WARNING: Please consider reporting this to the maintainers of org.apache.spark.unsafe.Platform
[2022-04-05 23:54:34,066] {spark_submit.py:488} INFO - WARNING: Use --illegal-access=warn to enable warnings of further illegal reflective access operations
[2022-04-05 23:54:34,066] {spark_submit.py:488} INFO - WARNING: All illegal access operations will be denied in a future release
[2022-04-05 23:54:35,162] {spark_submit.py:488} INFO - Parsed arguments:
[2022-04-05 23:54:35,162] {spark_submit.py:488} INFO - master                  spark://spark:7077
[2022-04-05 23:54:35,162] {spark_submit.py:488} INFO - deployMode              null
[2022-04-05 23:54:35,163] {spark_submit.py:488} INFO - executorMemory          null
[2022-04-05 23:54:35,163] {spark_submit.py:488} INFO - executorCores           null
[2022-04-05 23:54:35,163] {spark_submit.py:488} INFO - totalExecutorCores      null
[2022-04-05 23:54:35,163] {spark_submit.py:488} INFO - propertiesFile          null
[2022-04-05 23:54:35,163] {spark_submit.py:488} INFO - driverMemory            null
[2022-04-05 23:54:35,163] {spark_submit.py:488} INFO - driverCores             null
[2022-04-05 23:54:35,163] {spark_submit.py:488} INFO - driverExtraClassPath    null
[2022-04-05 23:54:35,163] {spark_submit.py:488} INFO - driverExtraLibraryPath  null
[2022-04-05 23:54:35,163] {spark_submit.py:488} INFO - driverExtraJavaOptions  null
[2022-04-05 23:54:35,163] {spark_submit.py:488} INFO - supervise               false
[2022-04-05 23:54:35,163] {spark_submit.py:488} INFO - queue                   root.default
[2022-04-05 23:54:35,163] {spark_submit.py:488} INFO - numExecutors            null
[2022-04-05 23:54:35,163] {spark_submit.py:488} INFO - files                   null
[2022-04-05 23:54:35,164] {spark_submit.py:488} INFO - pyFiles                 null
[2022-04-05 23:54:35,164] {spark_submit.py:488} INFO - archives                null
[2022-04-05 23:54:35,164] {spark_submit.py:488} INFO - mainClass               null
[2022-04-05 23:54:35,164] {spark_submit.py:488} INFO - primaryResource         file:/opt/***/dags/pyspark_parquet_transformation.py
[2022-04-05 23:54:35,164] {spark_submit.py:488} INFO - name                    format_schema
[2022-04-05 23:54:35,164] {spark_submit.py:488} INFO - childArgs               [users 2012-06]
[2022-04-05 23:54:35,164] {spark_submit.py:488} INFO - jars                    null
[2022-04-05 23:54:35,164] {spark_submit.py:488} INFO - packages                null
[2022-04-05 23:54:35,164] {spark_submit.py:488} INFO - packagesExclusions      null
[2022-04-05 23:54:35,164] {spark_submit.py:488} INFO - repositories            null
[2022-04-05 23:54:35,164] {spark_submit.py:488} INFO - verbose                 true
[2022-04-05 23:54:35,164] {spark_submit.py:488} INFO - 
[2022-04-05 23:54:35,165] {spark_submit.py:488} INFO - Spark properties used, including those specified through
[2022-04-05 23:54:35,165] {spark_submit.py:488} INFO - --conf and those from the properties file null:
[2022-04-05 23:54:35,165] {spark_submit.py:488} INFO - (spark.master,local[*])
[2022-04-05 23:54:35,165] {spark_submit.py:488} INFO - 
[2022-04-05 23:54:35,165] {spark_submit.py:488} INFO - 
[2022-04-05 23:54:40,217] {spark_submit.py:488} INFO - Main class:
[2022-04-05 23:54:40,253] {spark_submit.py:488} INFO - org.apache.spark.deploy.PythonRunner
[2022-04-05 23:54:40,255] {spark_submit.py:488} INFO - Arguments:
[2022-04-05 23:54:40,255] {spark_submit.py:488} INFO - file:/opt/***/dags/pyspark_parquet_transformation.py
[2022-04-05 23:54:40,255] {spark_submit.py:488} INFO - null
[2022-04-05 23:54:40,255] {spark_submit.py:488} INFO - users
[2022-04-05 23:54:40,268] {spark_submit.py:488} INFO - 2012-06
[2022-04-05 23:54:40,289] {spark_submit.py:488} INFO - Spark config:
[2022-04-05 23:54:40,289] {spark_submit.py:488} INFO - (spark.master,spark://spark:7077)
[2022-04-05 23:54:40,289] {spark_submit.py:488} INFO - (spark.submit.pyFiles,)
[2022-04-05 23:54:40,290] {spark_submit.py:488} INFO - (spark.submit.deployMode,client)
[2022-04-05 23:54:40,296] {spark_submit.py:488} INFO - (spark.app.name,format_schema)
[2022-04-05 23:54:40,317] {spark_submit.py:488} INFO - Classpath elements:
[2022-04-05 23:54:40,318] {spark_submit.py:488} INFO - 
[2022-04-05 23:54:40,319] {spark_submit.py:488} INFO - 
[2022-04-05 23:54:40,319] {spark_submit.py:488} INFO - 
[2022-04-05 23:54:51,222] {spark_submit.py:488} INFO - Using Spark's default log4j profile: org/apache/spark/log4j-defaults.properties
[2022-04-05 23:54:51,465] {spark_submit.py:488} INFO - 22/04/05 23:54:51 INFO SparkContext: Running Spark version 3.2.1
[2022-04-05 23:54:53,248] {spark_submit.py:488} INFO - 22/04/05 23:54:53 WARN NativeCodeLoader: Unable to load native-hadoop library for your platform... using builtin-java classes where applicable
[2022-04-05 23:54:55,217] {spark_submit.py:488} INFO - 22/04/05 23:54:55 INFO ResourceUtils: ==============================================================
[2022-04-05 23:54:55,244] {spark_submit.py:488} INFO - 22/04/05 23:54:55 INFO ResourceUtils: No custom resources configured for spark.driver.
[2022-04-05 23:54:55,246] {spark_submit.py:488} INFO - 22/04/05 23:54:55 INFO ResourceUtils: ==============================================================
[2022-04-05 23:54:55,253] {spark_submit.py:488} INFO - 22/04/05 23:54:55 INFO SparkContext: Submitted application: Modidy Schema
[2022-04-05 23:54:55,658] {spark_submit.py:488} INFO - 22/04/05 23:54:55 INFO ResourceProfile: Default ResourceProfile created, executor resources: Map(cores -> name: cores, amount: 1, script: , vendor: , memory -> name: memory, amount: 1024, script: , vendor: , offHeap -> name: offHeap, amount: 0, script: , vendor: ), task resources: Map(cpus -> name: cpus, amount: 1.0)
[2022-04-05 23:54:55,962] {spark_submit.py:488} INFO - 22/04/05 23:54:55 INFO ResourceProfile: Limiting resource is cpu
[2022-04-05 23:54:55,963] {spark_submit.py:488} INFO - 22/04/05 23:54:55 INFO ResourceProfileManager: Added ResourceProfile id: 0
[2022-04-05 23:54:57,216] {spark_submit.py:488} INFO - 22/04/05 23:54:57 INFO SecurityManager: Changing view acls to: default
[2022-04-05 23:54:57,232] {spark_submit.py:488} INFO - 22/04/05 23:54:57 INFO SecurityManager: Changing modify acls to: default
[2022-04-05 23:54:57,247] {spark_submit.py:488} INFO - 22/04/05 23:54:57 INFO SecurityManager: Changing view acls groups to:
[2022-04-05 23:54:57,262] {spark_submit.py:488} INFO - 22/04/05 23:54:57 INFO SecurityManager: Changing modify acls groups to:
[2022-04-05 23:54:57,311] {spark_submit.py:488} INFO - 22/04/05 23:54:57 INFO SecurityManager: SecurityManager: authentication disabled; ui acls disabled; users  with view permissions: Set(default); groups with view permissions: Set(); users  with modify permissions: Set(default); groups with modify permissions: Set()
[2022-04-05 23:55:02,608] {spark_submit.py:488} INFO - 22/04/05 23:55:02 INFO Utils: Successfully started service 'sparkDriver' on port 39201.
[2022-04-05 23:55:03,129] {spark_submit.py:488} INFO - 22/04/05 23:55:03 INFO SparkEnv: Registering MapOutputTracker
[2022-04-05 23:55:03,636] {spark_submit.py:488} INFO - 22/04/05 23:55:03 INFO SparkEnv: Registering BlockManagerMaster
[2022-04-05 23:55:03,972] {spark_submit.py:488} INFO - 22/04/05 23:55:03 INFO BlockManagerMasterEndpoint: Using org.apache.spark.storage.DefaultTopologyMapper for getting topology information
[2022-04-05 23:55:03,972] {spark_submit.py:488} INFO - 22/04/05 23:55:03 INFO BlockManagerMasterEndpoint: BlockManagerMasterEndpoint up
[2022-04-05 23:55:04,023] {spark_submit.py:488} INFO - 22/04/05 23:55:04 INFO SparkEnv: Registering BlockManagerMasterHeartbeat
[2022-04-05 23:55:04,986] {spark_submit.py:488} INFO - 22/04/05 23:55:04 INFO DiskBlockManager: Created local directory at /tmp/blockmgr-a06d7ee0-6a13-4371-9abc-c27f05711a16
[2022-04-05 23:55:05,550] {spark_submit.py:488} INFO - 22/04/05 23:55:05 INFO MemoryStore: MemoryStore started with capacity 434.4 MiB
[2022-04-05 23:55:05,768] {spark_submit.py:488} INFO - 22/04/05 23:55:05 INFO SparkEnv: Registering OutputCommitCoordinator
[2022-04-05 23:55:10,250] {spark_submit.py:488} INFO - 22/04/05 23:55:10 WARN Utils: Service 'SparkUI' could not bind on port 4040. Attempting port 4041.
[2022-04-05 23:55:10,250] {spark_submit.py:488} INFO - 22/04/05 23:55:10 WARN Utils: Service 'SparkUI' could not bind on port 4041. Attempting port 4042.
[2022-04-05 23:55:10,436] {spark_submit.py:488} INFO - 22/04/05 23:55:10 INFO Utils: Successfully started service 'SparkUI' on port 4042.
[2022-04-05 23:55:11,843] {spark_submit.py:488} INFO - 22/04/05 23:55:11 INFO SparkUI: Bound SparkUI to 0.0.0.0, and started at http://9fe4286b2855:4042
[2022-04-05 23:55:15,441] {spark_submit.py:488} INFO - 22/04/05 23:55:15 INFO Executor: Starting executor ID driver on host 9fe4286b2855
[2022-04-05 23:55:15,713] {spark_submit.py:488} INFO - 22/04/05 23:55:15 INFO Utils: Successfully started service 'org.apache.spark.network.netty.NettyBlockTransferService' on port 36571.
[2022-04-05 23:55:15,714] {spark_submit.py:488} INFO - 22/04/05 23:55:15 INFO NettyBlockTransferService: Server created on 9fe4286b2855:36571
[2022-04-05 23:55:15,721] {spark_submit.py:488} INFO - 22/04/05 23:55:15 INFO BlockManager: Using org.apache.spark.storage.RandomBlockReplicationPolicy for block replication policy
[2022-04-05 23:55:15,736] {spark_submit.py:488} INFO - 22/04/05 23:55:15 INFO BlockManagerMaster: Registering BlockManager BlockManagerId(driver, 9fe4286b2855, 36571, None)
[2022-04-05 23:55:15,746] {spark_submit.py:488} INFO - 22/04/05 23:55:15 INFO BlockManagerMasterEndpoint: Registering block manager 9fe4286b2855:36571 with 434.4 MiB RAM, BlockManagerId(driver, 9fe4286b2855, 36571, None)
[2022-04-05 23:55:15,751] {spark_submit.py:488} INFO - 22/04/05 23:55:15 INFO BlockManagerMaster: Registered BlockManager BlockManagerId(driver, 9fe4286b2855, 36571, None)
[2022-04-05 23:55:15,764] {spark_submit.py:488} INFO - 22/04/05 23:55:15 INFO BlockManager: Initialized BlockManager: BlockManagerId(driver, 9fe4286b2855, 36571, None)
[2022-04-05 23:55:30,401] {spark_submit.py:488} INFO - 22/04/05 23:55:30 INFO SharedState: Setting hive.metastore.warehouse.dir ('null') to the value of spark.sql.warehouse.dir.
[2022-04-05 23:55:31,223] {spark_submit.py:488} INFO - 22/04/05 23:55:31 INFO SharedState: Warehouse path is 'file:/opt/***/spark-warehouse'.
[2022-04-05 23:56:01,027] {spark_submit.py:488} INFO - 22/04/05 23:56:01 INFO InMemoryFileIndex: It took 1049 ms to list leaf files for 1 paths.
[2022-04-05 23:56:12,361] {spark_submit.py:488} INFO - 22/04/05 23:56:12 INFO SparkContext: Starting job: parquet at NativeMethodAccessorImpl.java:0
[2022-04-05 23:56:12,884] {spark_submit.py:488} INFO - 22/04/05 23:56:12 INFO DAGScheduler: Got job 0 (parquet at NativeMethodAccessorImpl.java:0) with 1 output partitions
[2022-04-05 23:56:12,886] {spark_submit.py:488} INFO - 22/04/05 23:56:12 INFO DAGScheduler: Final stage: ResultStage 0 (parquet at NativeMethodAccessorImpl.java:0)
[2022-04-05 23:56:12,887] {spark_submit.py:488} INFO - 22/04/05 23:56:12 INFO DAGScheduler: Parents of final stage: List()
[2022-04-05 23:56:13,004] {spark_submit.py:488} INFO - 22/04/05 23:56:12 INFO DAGScheduler: Missing parents: List()
[2022-04-05 23:56:13,090] {spark_submit.py:488} INFO - 22/04/05 23:56:13 INFO DAGScheduler: Submitting ResultStage 0 (MapPartitionsRDD[1] at parquet at NativeMethodAccessorImpl.java:0), which has no missing parents
[2022-04-05 23:56:14,264] {spark_submit.py:488} INFO - 22/04/05 23:56:14 INFO AsyncEventQueue: Process of event SparkListenerJobStart(0,1649202972997,WrappedArray(org.apache.spark.scheduler.StageInfo@3d9055d3),{spark.rdd.scope={"id":"2","name":"collect"}, spark.rdd.scope.noOverride=true}) by listener AppStatusListener took 1.21090631s.
[2022-04-05 23:56:15,420] {spark_submit.py:488} INFO - 22/04/05 23:56:15 INFO MemoryStore: Block broadcast_0 stored as values in memory (estimated size 100.1 KiB, free 434.3 MiB)
[2022-04-05 23:56:16,439] {spark_submit.py:488} INFO - 22/04/05 23:56:16 INFO MemoryStore: Block broadcast_0_piece0 stored as bytes in memory (estimated size 35.7 KiB, free 434.3 MiB)
[2022-04-05 23:56:16,509] {spark_submit.py:488} INFO - 22/04/05 23:56:16 INFO BlockManagerInfo: Added broadcast_0_piece0 in memory on 9fe4286b2855:36571 (size: 35.7 KiB, free: 434.4 MiB)
[2022-04-05 23:56:16,557] {spark_submit.py:488} INFO - 22/04/05 23:56:16 INFO SparkContext: Created broadcast 0 from broadcast at DAGScheduler.scala:1478
[2022-04-05 23:56:16,891] {spark_submit.py:488} INFO - 22/04/05 23:56:16 INFO DAGScheduler: Submitting 1 missing tasks from ResultStage 0 (MapPartitionsRDD[1] at parquet at NativeMethodAccessorImpl.java:0) (first 15 tasks are for partitions Vector(0))
[2022-04-05 23:56:16,893] {spark_submit.py:488} INFO - 22/04/05 23:56:16 INFO TaskSchedulerImpl: Adding task set 0.0 with 1 tasks resource profile 0
[2022-04-05 23:56:18,081] {spark_submit.py:488} INFO - 22/04/05 23:56:18 INFO TaskSetManager: Starting task 0.0 in stage 0.0 (TID 0) (9fe4286b2855, executor driver, partition 0, PROCESS_LOCAL, 4614 bytes) taskResourceAssignments Map()
[2022-04-05 23:56:18,475] {spark_submit.py:488} INFO - 22/04/05 23:56:18 INFO Executor: Running task 0.0 in stage 0.0 (TID 0)
[2022-04-05 23:56:29,014] {spark_submit.py:488} INFO - 22/04/05 23:56:29 INFO Executor: Finished task 0.0 in stage 0.0 (TID 0). 2145 bytes result sent to driver
[2022-04-05 23:56:29,165] {spark_submit.py:488} INFO - 22/04/05 23:56:29 INFO TaskSetManager: Finished task 0.0 in stage 0.0 (TID 0) in 11605 ms on 9fe4286b2855 (executor driver) (1/1)
[2022-04-05 23:56:29,180] {spark_submit.py:488} INFO - 22/04/05 23:56:29 INFO DAGScheduler: ResultStage 0 (parquet at NativeMethodAccessorImpl.java:0) finished in 15.484 s
[2022-04-05 23:56:29,195] {spark_submit.py:488} INFO - 22/04/05 23:56:29 INFO DAGScheduler: Job 0 is finished. Cancelling potential speculative or zombie tasks for this job
[2022-04-05 23:56:29,248] {spark_submit.py:488} INFO - 22/04/05 23:56:29 INFO TaskSchedulerImpl: Removed TaskSet 0.0, whose tasks have all completed, from pool
[2022-04-05 23:56:29,282] {spark_submit.py:488} INFO - 22/04/05 23:56:29 INFO TaskSchedulerImpl: Killing all running tasks in stage 0: Stage finished
[2022-04-05 23:56:29,294] {spark_submit.py:488} INFO - 22/04/05 23:56:29 INFO DAGScheduler: Job 0 finished: parquet at NativeMethodAccessorImpl.java:0, took 16.900645 s
[2022-04-05 23:56:31,172] {spark_submit.py:488} INFO - 22/04/05 23:56:31 INFO BlockManagerInfo: Removed broadcast_0_piece0 on 9fe4286b2855:36571 in memory (size: 35.7 KiB, free: 434.4 MiB)
[2022-04-05 23:57:09,824] {spark_submit.py:488} INFO - 22/04/05 23:57:09 INFO FileSourceStrategy: Pushed Filters:
[2022-04-05 23:57:09,837] {spark_submit.py:488} INFO - 22/04/05 23:57:09 INFO FileSourceStrategy: Post-Scan Filters:
[2022-04-05 23:57:09,880] {spark_submit.py:488} INFO - 22/04/05 23:57:09 INFO FileSourceStrategy: Output Data Schema: struct<id: bigint, display_name: string, about_me: string, age: double, creation_date: string ... 12 more fields>
[2022-04-05 23:57:13,612] {spark_submit.py:488} INFO - 22/04/05 23:57:13 INFO ParquetFileFormat: Using default output committer for Parquet: org.apache.parquet.hadoop.ParquetOutputCommitter
[2022-04-05 23:57:13,955] {spark_submit.py:488} INFO - 22/04/05 23:57:13 INFO FileOutputCommitter: File Output Committer Algorithm version is 1
[2022-04-05 23:57:13,964] {spark_submit.py:488} INFO - 22/04/05 23:57:13 INFO FileOutputCommitter: FileOutputCommitter skip cleanup _temporary folders under output directory:false, ignore cleanup failures: false
[2022-04-05 23:57:13,977] {spark_submit.py:488} INFO - 22/04/05 23:57:13 INFO SQLHadoopMapReduceCommitProtocol: Using user defined output committer class org.apache.parquet.hadoop.ParquetOutputCommitter
[2022-04-05 23:57:13,978] {spark_submit.py:488} INFO - 22/04/05 23:57:13 INFO FileOutputCommitter: File Output Committer Algorithm version is 1
[2022-04-05 23:57:13,978] {spark_submit.py:488} INFO - 22/04/05 23:57:13 INFO FileOutputCommitter: FileOutputCommitter skip cleanup _temporary folders under output directory:false, ignore cleanup failures: false
[2022-04-05 23:57:14,012] {spark_submit.py:488} INFO - 22/04/05 23:57:13 INFO SQLHadoopMapReduceCommitProtocol: Using output committer class org.apache.parquet.hadoop.ParquetOutputCommitter
[2022-04-05 23:57:22,459] {spark_submit.py:488} INFO - 22/04/05 23:57:22 INFO CodeGenerator: Code generated in 4754.407425 ms
[2022-04-05 23:57:22,972] {spark_submit.py:488} INFO - 22/04/05 23:57:22 INFO MemoryStore: Block broadcast_1 stored as values in memory (estimated size 193.3 KiB, free 434.2 MiB)
[2022-04-05 23:57:23,405] {spark_submit.py:488} INFO - 22/04/05 23:57:23 INFO MemoryStore: Block broadcast_1_piece0 stored as bytes in memory (estimated size 33.9 KiB, free 434.2 MiB)
[2022-04-05 23:57:23,407] {spark_submit.py:488} INFO - 22/04/05 23:57:23 INFO BlockManagerInfo: Added broadcast_1_piece0 in memory on 9fe4286b2855:36571 (size: 33.9 KiB, free: 434.4 MiB)
[2022-04-05 23:57:23,461] {spark_submit.py:488} INFO - 22/04/05 23:57:23 INFO SparkContext: Created broadcast 1 from save at NativeMethodAccessorImpl.java:0
[2022-04-05 23:57:23,762] {spark_submit.py:488} INFO - 22/04/05 23:57:23 INFO FileSourceScanExec: Planning scan with bin packing, max size: 4194304 bytes, open cost is considered as scanning 4194304 bytes.
[2022-04-05 23:57:24,667] {spark_submit.py:488} INFO - 22/04/05 23:57:24 INFO DAGScheduler: Registering RDD 6 (save at NativeMethodAccessorImpl.java:0) as input to shuffle 0
[2022-04-05 23:57:24,675] {spark_submit.py:488} INFO - 22/04/05 23:57:24 INFO DAGScheduler: Got map stage job 1 (save at NativeMethodAccessorImpl.java:0) with 1 output partitions
[2022-04-05 23:57:24,675] {spark_submit.py:488} INFO - 22/04/05 23:57:24 INFO DAGScheduler: Final stage: ShuffleMapStage 1 (save at NativeMethodAccessorImpl.java:0)
[2022-04-05 23:57:24,679] {spark_submit.py:488} INFO - 22/04/05 23:57:24 INFO DAGScheduler: Parents of final stage: List()
[2022-04-05 23:57:24,684] {spark_submit.py:488} INFO - 22/04/05 23:57:24 INFO DAGScheduler: Missing parents: List()
[2022-04-05 23:57:24,701] {spark_submit.py:488} INFO - 22/04/05 23:57:24 INFO DAGScheduler: Submitting ShuffleMapStage 1 (MapPartitionsRDD[6] at save at NativeMethodAccessorImpl.java:0), which has no missing parents
[2022-04-05 23:57:25,240] {spark_submit.py:488} INFO - 22/04/05 23:57:25 INFO MemoryStore: Block broadcast_2 stored as values in memory (estimated size 26.1 KiB, free 434.2 MiB)
[2022-04-05 23:57:25,354] {spark_submit.py:488} INFO - 22/04/05 23:57:25 INFO MemoryStore: Block broadcast_2_piece0 stored as bytes in memory (estimated size 9.4 KiB, free 434.1 MiB)
[2022-04-05 23:57:25,357] {spark_submit.py:488} INFO - 22/04/05 23:57:25 INFO BlockManagerInfo: Added broadcast_2_piece0 in memory on 9fe4286b2855:36571 (size: 9.4 KiB, free: 434.4 MiB)
[2022-04-05 23:57:25,364] {spark_submit.py:488} INFO - 22/04/05 23:57:25 INFO SparkContext: Created broadcast 2 from broadcast at DAGScheduler.scala:1478
[2022-04-05 23:57:25,394] {spark_submit.py:488} INFO - 22/04/05 23:57:25 INFO DAGScheduler: Submitting 1 missing tasks from ShuffleMapStage 1 (MapPartitionsRDD[6] at save at NativeMethodAccessorImpl.java:0) (first 15 tasks are for partitions Vector(0))
[2022-04-05 23:57:25,395] {spark_submit.py:488} INFO - 22/04/05 23:57:25 INFO TaskSchedulerImpl: Adding task set 1.0 with 1 tasks resource profile 0
[2022-04-05 23:57:25,439] {spark_submit.py:488} INFO - 22/04/05 23:57:25 INFO TaskSetManager: Starting task 0.0 in stage 1.0 (TID 1) (9fe4286b2855, executor driver, partition 0, PROCESS_LOCAL, 4880 bytes) taskResourceAssignments Map()
[2022-04-05 23:57:25,449] {spark_submit.py:488} INFO - 22/04/05 23:57:25 INFO Executor: Running task 0.0 in stage 1.0 (TID 1)
[2022-04-05 23:57:26,453] {spark_submit.py:488} INFO - 22/04/05 23:57:26 INFO FileScanRDD: Reading File path: gs://dtc_data_lake_de-stack-overflow/parquet/users-2012-06.parquet, range: 0-4180614, partition values: [empty row]
[2022-04-05 23:57:30,650] {spark_submit.py:488} INFO - 22/04/05 23:57:30 INFO CodecPool: Got brand-new decompressor [.snappy]
[2022-04-05 23:57:55,447] {spark_submit.py:488} INFO - 22/04/05 23:57:55 INFO Executor: Finished task 0.0 in stage 1.0 (TID 1). 2072 bytes result sent to driver
[2022-04-05 23:57:55,484] {spark_submit.py:488} INFO - 22/04/05 23:57:55 INFO TaskSetManager: Finished task 0.0 in stage 1.0 (TID 1) in 30067 ms on 9fe4286b2855 (executor driver) (1/1)
[2022-04-05 23:57:55,495] {spark_submit.py:488} INFO - 22/04/05 23:57:55 INFO TaskSchedulerImpl: Removed TaskSet 1.0, whose tasks have all completed, from pool
[2022-04-05 23:57:55,496] {spark_submit.py:488} INFO - 22/04/05 23:57:55 INFO DAGScheduler: ShuffleMapStage 1 (save at NativeMethodAccessorImpl.java:0) finished in 30.737 s
[2022-04-05 23:57:55,497] {spark_submit.py:488} INFO - 22/04/05 23:57:55 INFO DAGScheduler: looking for newly runnable stages
[2022-04-05 23:57:55,498] {spark_submit.py:488} INFO - 22/04/05 23:57:55 INFO DAGScheduler: running: Set()
[2022-04-05 23:57:55,499] {spark_submit.py:488} INFO - 22/04/05 23:57:55 INFO DAGScheduler: waiting: Set()
[2022-04-05 23:57:55,499] {spark_submit.py:488} INFO - 22/04/05 23:57:55 INFO DAGScheduler: failed: Set()
[2022-04-05 23:57:56,107] {spark_submit.py:488} INFO - 22/04/05 23:57:56 INFO SparkContext: Starting job: save at NativeMethodAccessorImpl.java:0
[2022-04-05 23:57:56,112] {spark_submit.py:488} INFO - 22/04/05 23:57:56 INFO DAGScheduler: Got job 2 (save at NativeMethodAccessorImpl.java:0) with 4 output partitions
[2022-04-05 23:57:56,113] {spark_submit.py:488} INFO - 22/04/05 23:57:56 INFO DAGScheduler: Final stage: ResultStage 3 (save at NativeMethodAccessorImpl.java:0)
[2022-04-05 23:57:56,113] {spark_submit.py:488} INFO - 22/04/05 23:57:56 INFO DAGScheduler: Parents of final stage: List(ShuffleMapStage 2)
[2022-04-05 23:57:56,113] {spark_submit.py:488} INFO - 22/04/05 23:57:56 INFO DAGScheduler: Missing parents: List()
[2022-04-05 23:57:56,114] {spark_submit.py:488} INFO - 22/04/05 23:57:56 INFO DAGScheduler: Submitting ResultStage 3 (ShuffledRowRDD[7] at save at NativeMethodAccessorImpl.java:0), which has no missing parents
[2022-04-05 23:57:56,678] {spark_submit.py:488} INFO - 22/04/05 23:57:56 INFO MemoryStore: Block broadcast_3 stored as values in memory (estimated size 203.2 KiB, free 433.9 MiB)
[2022-04-05 23:57:56,719] {spark_submit.py:488} INFO - 22/04/05 23:57:56 INFO MemoryStore: Block broadcast_3_piece0 stored as bytes in memory (estimated size 72.7 KiB, free 433.9 MiB)
[2022-04-05 23:57:56,721] {spark_submit.py:488} INFO - 22/04/05 23:57:56 INFO BlockManagerInfo: Added broadcast_3_piece0 in memory on 9fe4286b2855:36571 (size: 72.7 KiB, free: 434.3 MiB)
[2022-04-05 23:57:56,741] {spark_submit.py:488} INFO - 22/04/05 23:57:56 INFO SparkContext: Created broadcast 3 from broadcast at DAGScheduler.scala:1478
[2022-04-05 23:57:56,744] {spark_submit.py:488} INFO - 22/04/05 23:57:56 INFO DAGScheduler: Submitting 4 missing tasks from ResultStage 3 (ShuffledRowRDD[7] at save at NativeMethodAccessorImpl.java:0) (first 15 tasks are for partitions Vector(0, 1, 2, 3))
[2022-04-05 23:57:56,745] {spark_submit.py:488} INFO - 22/04/05 23:57:56 INFO TaskSchedulerImpl: Adding task set 3.0 with 4 tasks resource profile 0
[2022-04-05 23:57:56,806] {spark_submit.py:488} INFO - 22/04/05 23:57:56 INFO TaskSetManager: Starting task 0.0 in stage 3.0 (TID 2) (9fe4286b2855, executor driver, partition 0, NODE_LOCAL, 4453 bytes) taskResourceAssignments Map()
[2022-04-05 23:57:56,806] {spark_submit.py:488} INFO - 22/04/05 23:57:56 INFO TaskSetManager: Starting task 1.0 in stage 3.0 (TID 3) (9fe4286b2855, executor driver, partition 1, NODE_LOCAL, 4453 bytes) taskResourceAssignments Map()
[2022-04-05 23:57:56,808] {spark_submit.py:488} INFO - 22/04/05 23:57:56 INFO TaskSetManager: Starting task 2.0 in stage 3.0 (TID 4) (9fe4286b2855, executor driver, partition 2, NODE_LOCAL, 4453 bytes) taskResourceAssignments Map()
[2022-04-05 23:57:56,808] {spark_submit.py:488} INFO - 22/04/05 23:57:56 INFO TaskSetManager: Starting task 3.0 in stage 3.0 (TID 5) (9fe4286b2855, executor driver, partition 3, NODE_LOCAL, 4453 bytes) taskResourceAssignments Map()
[2022-04-05 23:57:56,809] {spark_submit.py:488} INFO - 22/04/05 23:57:56 INFO Executor: Running task 0.0 in stage 3.0 (TID 2)
[2022-04-05 23:57:56,879] {spark_submit.py:488} INFO - 22/04/05 23:57:56 INFO Executor: Running task 1.0 in stage 3.0 (TID 3)
[2022-04-05 23:57:56,919] {spark_submit.py:488} INFO - 22/04/05 23:57:56 INFO Executor: Running task 3.0 in stage 3.0 (TID 5)
[2022-04-05 23:57:56,919] {spark_submit.py:488} INFO - 22/04/05 23:57:56 INFO Executor: Running task 2.0 in stage 3.0 (TID 4)
[2022-04-05 23:57:57,476] {spark_submit.py:488} INFO - 22/04/05 23:57:57 INFO ShuffleBlockFetcherIterator: Getting 1 (1186.9 KiB) non-empty blocks including 1 (1186.9 KiB) local and 0 (0.0 B) host-local and 0 (0.0 B) push-merged-local and 0 (0.0 B) remote blocks
[2022-04-05 23:57:57,495] {spark_submit.py:488} INFO - 22/04/05 23:57:57 INFO ShuffleBlockFetcherIterator: Started 0 remote fetches in 97 ms
[2022-04-05 23:57:57,497] {spark_submit.py:488} INFO - 22/04/05 23:57:57 INFO ShuffleBlockFetcherIterator: Getting 1 (1186.9 KiB) non-empty blocks including 1 (1186.9 KiB) local and 0 (0.0 B) host-local and 0 (0.0 B) push-merged-local and 0 (0.0 B) remote blocks
[2022-04-05 23:57:57,497] {spark_submit.py:488} INFO - 22/04/05 23:57:57 INFO ShuffleBlockFetcherIterator: Started 0 remote fetches in 76 ms
[2022-04-05 23:57:57,518] {spark_submit.py:488} INFO - 22/04/05 23:57:57 INFO ShuffleBlockFetcherIterator: Getting 1 (1186.9 KiB) non-empty blocks including 1 (1186.9 KiB) local and 0 (0.0 B) host-local and 0 (0.0 B) push-merged-local and 0 (0.0 B) remote blocks
[2022-04-05 23:57:57,518] {spark_submit.py:488} INFO - 22/04/05 23:57:57 INFO ShuffleBlockFetcherIterator: Started 0 remote fetches in 93 ms
[2022-04-05 23:57:57,540] {spark_submit.py:488} INFO - 22/04/05 23:57:57 INFO ShuffleBlockFetcherIterator: Getting 1 (1186.9 KiB) non-empty blocks including 1 (1186.9 KiB) local and 0 (0.0 B) host-local and 0 (0.0 B) push-merged-local and 0 (0.0 B) remote blocks
[2022-04-05 23:57:57,540] {spark_submit.py:488} INFO - 22/04/05 23:57:57 INFO ShuffleBlockFetcherIterator: Started 0 remote fetches in 149 ms
[2022-04-05 23:57:57,554] {spark_submit.py:488} INFO - 22/04/05 23:57:57 INFO FileOutputCommitter: File Output Committer Algorithm version is 1
[2022-04-05 23:57:57,554] {spark_submit.py:488} INFO - 22/04/05 23:57:57 INFO FileOutputCommitter: FileOutputCommitter skip cleanup _temporary folders under output directory:false, ignore cleanup failures: false
[2022-04-05 23:57:57,560] {spark_submit.py:488} INFO - 22/04/05 23:57:57 INFO FileOutputCommitter: File Output Committer Algorithm version is 1
[2022-04-05 23:57:57,560] {spark_submit.py:488} INFO - 22/04/05 23:57:57 INFO FileOutputCommitter: FileOutputCommitter skip cleanup _temporary folders under output directory:false, ignore cleanup failures: false
[2022-04-05 23:57:57,563] {spark_submit.py:488} INFO - 22/04/05 23:57:57 INFO FileOutputCommitter: File Output Committer Algorithm version is 1
[2022-04-05 23:57:57,563] {spark_submit.py:488} INFO - 22/04/05 23:57:57 INFO FileOutputCommitter: FileOutputCommitter skip cleanup _temporary folders under output directory:false, ignore cleanup failures: false
[2022-04-05 23:57:57,564] {spark_submit.py:488} INFO - 22/04/05 23:57:57 INFO FileOutputCommitter: File Output Committer Algorithm version is 1
[2022-04-05 23:57:57,564] {spark_submit.py:488} INFO - 22/04/05 23:57:57 INFO FileOutputCommitter: FileOutputCommitter skip cleanup _temporary folders under output directory:false, ignore cleanup failures: false
[2022-04-05 23:57:57,576] {spark_submit.py:488} INFO - 22/04/05 23:57:57 INFO SQLHadoopMapReduceCommitProtocol: Using user defined output committer class org.apache.parquet.hadoop.ParquetOutputCommitter
[2022-04-05 23:57:57,576] {spark_submit.py:488} INFO - 22/04/05 23:57:57 INFO FileOutputCommitter: File Output Committer Algorithm version is 1
[2022-04-05 23:57:57,576] {spark_submit.py:488} INFO - 22/04/05 23:57:57 INFO FileOutputCommitter: FileOutputCommitter skip cleanup _temporary folders under output directory:false, ignore cleanup failures: false
[2022-04-05 23:57:57,577] {spark_submit.py:488} INFO - 22/04/05 23:57:57 INFO SQLHadoopMapReduceCommitProtocol: Using output committer class org.apache.parquet.hadoop.ParquetOutputCommitter
[2022-04-05 23:57:57,584] {spark_submit.py:488} INFO - 22/04/05 23:57:57 INFO SQLHadoopMapReduceCommitProtocol: Using user defined output committer class org.apache.parquet.hadoop.ParquetOutputCommitter
[2022-04-05 23:57:57,584] {spark_submit.py:488} INFO - 22/04/05 23:57:57 INFO FileOutputCommitter: File Output Committer Algorithm version is 1
[2022-04-05 23:57:57,584] {spark_submit.py:488} INFO - 22/04/05 23:57:57 INFO FileOutputCommitter: FileOutputCommitter skip cleanup _temporary folders under output directory:false, ignore cleanup failures: false
[2022-04-05 23:57:57,585] {spark_submit.py:488} INFO - 22/04/05 23:57:57 INFO SQLHadoopMapReduceCommitProtocol: Using output committer class org.apache.parquet.hadoop.ParquetOutputCommitter
[2022-04-05 23:57:57,586] {spark_submit.py:488} INFO - 22/04/05 23:57:57 INFO SQLHadoopMapReduceCommitProtocol: Using user defined output committer class org.apache.parquet.hadoop.ParquetOutputCommitter
[2022-04-05 23:57:57,586] {spark_submit.py:488} INFO - 22/04/05 23:57:57 INFO FileOutputCommitter: File Output Committer Algorithm version is 1
[2022-04-05 23:57:57,586] {spark_submit.py:488} INFO - 22/04/05 23:57:57 INFO FileOutputCommitter: FileOutputCommitter skip cleanup _temporary folders under output directory:false, ignore cleanup failures: false
[2022-04-05 23:57:57,587] {spark_submit.py:488} INFO - 22/04/05 23:57:57 INFO SQLHadoopMapReduceCommitProtocol: Using output committer class org.apache.parquet.hadoop.ParquetOutputCommitter
[2022-04-05 23:57:57,592] {spark_submit.py:488} INFO - 22/04/05 23:57:57 INFO SQLHadoopMapReduceCommitProtocol: Using user defined output committer class org.apache.parquet.hadoop.ParquetOutputCommitter
[2022-04-05 23:57:57,593] {spark_submit.py:488} INFO - 22/04/05 23:57:57 INFO FileOutputCommitter: File Output Committer Algorithm version is 1
[2022-04-05 23:57:57,593] {spark_submit.py:488} INFO - 22/04/05 23:57:57 INFO FileOutputCommitter: FileOutputCommitter skip cleanup _temporary folders under output directory:false, ignore cleanup failures: false
[2022-04-05 23:57:57,594] {spark_submit.py:488} INFO - 22/04/05 23:57:57 INFO SQLHadoopMapReduceCommitProtocol: Using output committer class org.apache.parquet.hadoop.ParquetOutputCommitter
[2022-04-05 23:57:57,674] {spark_submit.py:488} INFO - 22/04/05 23:57:57 INFO CodecConfig: Compression: SNAPPY
[2022-04-05 23:57:57,688] {spark_submit.py:488} INFO - 22/04/05 23:57:57 INFO CodecConfig: Compression: SNAPPY
[2022-04-05 23:57:57,690] {spark_submit.py:488} INFO - 22/04/05 23:57:57 INFO CodecConfig: Compression: SNAPPY
[2022-04-05 23:57:57,691] {spark_submit.py:488} INFO - 22/04/05 23:57:57 INFO CodecConfig: Compression: SNAPPY
[2022-04-05 23:57:57,693] {spark_submit.py:488} INFO - 22/04/05 23:57:57 INFO CodecConfig: Compression: SNAPPY
[2022-04-05 23:57:57,699] {spark_submit.py:488} INFO - 22/04/05 23:57:57 INFO CodecConfig: Compression: SNAPPY
[2022-04-05 23:57:57,699] {spark_submit.py:488} INFO - 22/04/05 23:57:57 INFO CodecConfig: Compression: SNAPPY
[2022-04-05 23:57:57,744] {spark_submit.py:488} INFO - 22/04/05 23:57:57 INFO CodecConfig: Compression: SNAPPY
[2022-04-05 23:57:57,928] {spark_submit.py:488} INFO - 22/04/05 23:57:57 INFO ParquetOutputFormat: Parquet block size to 134217728
[2022-04-05 23:57:57,928] {spark_submit.py:488} INFO - 22/04/05 23:57:57 INFO ParquetOutputFormat: Validation is off
[2022-04-05 23:57:57,928] {spark_submit.py:488} INFO - 22/04/05 23:57:57 INFO ParquetOutputFormat: Maximum row group padding size is 8388608 bytes
[2022-04-05 23:57:57,928] {spark_submit.py:488} INFO - 22/04/05 23:57:57 INFO ParquetOutputFormat: Parquet properties are:
[2022-04-05 23:57:57,928] {spark_submit.py:488} INFO - Parquet page size to 1048576
[2022-04-05 23:57:57,928] {spark_submit.py:488} INFO - Parquet dictionary page size to 1048576
[2022-04-05 23:57:57,928] {spark_submit.py:488} INFO - Dictionary is true
[2022-04-05 23:57:57,928] {spark_submit.py:488} INFO - Writer version is: PARQUET_1_0
[2022-04-05 23:57:57,929] {spark_submit.py:488} INFO - Page size checking is: estimated
[2022-04-05 23:57:57,929] {spark_submit.py:488} INFO - Min row count for page size check is: 100
[2022-04-05 23:57:57,929] {spark_submit.py:488} INFO - Max row count for page size check is: 10000
[2022-04-05 23:57:57,929] {spark_submit.py:488} INFO - Truncate length for column indexes is: 64
[2022-04-05 23:57:57,929] {spark_submit.py:488} INFO - Truncate length for statistics min/max  is: 2147483647
[2022-04-05 23:57:57,929] {spark_submit.py:488} INFO - Bloom filter enabled: false
[2022-04-05 23:57:57,929] {spark_submit.py:488} INFO - Max Bloom filter size for a column is 1048576
[2022-04-05 23:57:57,929] {spark_submit.py:488} INFO - Bloom filter expected number of distinct values are: null
[2022-04-05 23:57:57,929] {spark_submit.py:488} INFO - Page row count limit to 20000
[2022-04-05 23:57:57,929] {spark_submit.py:488} INFO - Writing page checksums is: on
[2022-04-05 23:57:57,930] {spark_submit.py:488} INFO - 22/04/05 23:57:57 INFO ParquetOutputFormat: Parquet block size to 134217728
[2022-04-05 23:57:57,930] {spark_submit.py:488} INFO - 22/04/05 23:57:57 INFO ParquetOutputFormat: Validation is off
[2022-04-05 23:57:57,931] {spark_submit.py:488} INFO - 22/04/05 23:57:57 INFO ParquetOutputFormat: Maximum row group padding size is 8388608 bytes
[2022-04-05 23:57:57,931] {spark_submit.py:488} INFO - 22/04/05 23:57:57 INFO ParquetOutputFormat: Parquet properties are:
[2022-04-05 23:57:57,931] {spark_submit.py:488} INFO - Parquet page size to 1048576
[2022-04-05 23:57:57,931] {spark_submit.py:488} INFO - Parquet dictionary page size to 1048576
[2022-04-05 23:57:57,931] {spark_submit.py:488} INFO - Dictionary is true
[2022-04-05 23:57:57,931] {spark_submit.py:488} INFO - Writer version is: PARQUET_1_0
[2022-04-05 23:57:57,931] {spark_submit.py:488} INFO - Page size checking is: estimated
[2022-04-05 23:57:57,931] {spark_submit.py:488} INFO - Min row count for page size check is: 100
[2022-04-05 23:57:57,931] {spark_submit.py:488} INFO - Max row count for page size check is: 10000
[2022-04-05 23:57:57,931] {spark_submit.py:488} INFO - Truncate length for column indexes is: 64
[2022-04-05 23:57:57,931] {spark_submit.py:488} INFO - Truncate length for statistics min/max  is: 2147483647
[2022-04-05 23:57:57,931] {spark_submit.py:488} INFO - Bloom filter enabled: false
[2022-04-05 23:57:57,932] {spark_submit.py:488} INFO - Max Bloom filter size for a column is 1048576
[2022-04-05 23:57:57,932] {spark_submit.py:488} INFO - Bloom filter expected number of distinct values are: null
[2022-04-05 23:57:57,932] {spark_submit.py:488} INFO - Page row count limit to 20000
[2022-04-05 23:57:57,932] {spark_submit.py:488} INFO - Writing page checksums is: on
[2022-04-05 23:57:57,954] {spark_submit.py:488} INFO - 22/04/05 23:57:57 INFO ParquetOutputFormat: Parquet block size to 134217728
[2022-04-05 23:57:57,955] {spark_submit.py:488} INFO - 22/04/05 23:57:57 INFO ParquetOutputFormat: Validation is off
[2022-04-05 23:57:57,955] {spark_submit.py:488} INFO - 22/04/05 23:57:57 INFO ParquetOutputFormat: Maximum row group padding size is 8388608 bytes
[2022-04-05 23:57:57,956] {spark_submit.py:488} INFO - 22/04/05 23:57:57 INFO ParquetOutputFormat: Parquet properties are:
[2022-04-05 23:57:57,956] {spark_submit.py:488} INFO - Parquet page size to 1048576
[2022-04-05 23:57:57,956] {spark_submit.py:488} INFO - Parquet dictionary page size to 1048576
[2022-04-05 23:57:57,956] {spark_submit.py:488} INFO - Dictionary is true
[2022-04-05 23:57:57,956] {spark_submit.py:488} INFO - Writer version is: PARQUET_1_0
[2022-04-05 23:57:57,956] {spark_submit.py:488} INFO - Page size checking is: estimated
[2022-04-05 23:57:57,956] {spark_submit.py:488} INFO - Min row count for page size check is: 100
[2022-04-05 23:57:57,957] {spark_submit.py:488} INFO - Max row count for page size check is: 10000
[2022-04-05 23:57:57,957] {spark_submit.py:488} INFO - Truncate length for column indexes is: 64
[2022-04-05 23:57:57,957] {spark_submit.py:488} INFO - Truncate length for statistics min/max  is: 2147483647
[2022-04-05 23:57:57,957] {spark_submit.py:488} INFO - Bloom filter enabled: false
[2022-04-05 23:57:57,957] {spark_submit.py:488} INFO - Max Bloom filter size for a column is 1048576
[2022-04-05 23:57:57,957] {spark_submit.py:488} INFO - Bloom filter expected number of distinct values are: null
[2022-04-05 23:57:57,957] {spark_submit.py:488} INFO - Page row count limit to 20000
[2022-04-05 23:57:57,957] {spark_submit.py:488} INFO - Writing page checksums is: on
[2022-04-05 23:57:57,982] {spark_submit.py:488} INFO - 22/04/05 23:57:57 INFO ParquetOutputFormat: Parquet block size to 134217728
[2022-04-05 23:57:57,983] {spark_submit.py:488} INFO - 22/04/05 23:57:57 INFO ParquetOutputFormat: Validation is off
[2022-04-05 23:57:57,983] {spark_submit.py:488} INFO - 22/04/05 23:57:57 INFO ParquetOutputFormat: Maximum row group padding size is 8388608 bytes
[2022-04-05 23:57:57,984] {spark_submit.py:488} INFO - 22/04/05 23:57:57 INFO ParquetOutputFormat: Parquet properties are:
[2022-04-05 23:57:57,984] {spark_submit.py:488} INFO - Parquet page size to 1048576
[2022-04-05 23:57:57,984] {spark_submit.py:488} INFO - Parquet dictionary page size to 1048576
[2022-04-05 23:57:57,984] {spark_submit.py:488} INFO - Dictionary is true
[2022-04-05 23:57:57,984] {spark_submit.py:488} INFO - Writer version is: PARQUET_1_0
[2022-04-05 23:57:57,984] {spark_submit.py:488} INFO - Page size checking is: estimated
[2022-04-05 23:57:57,984] {spark_submit.py:488} INFO - Min row count for page size check is: 100
[2022-04-05 23:57:57,985] {spark_submit.py:488} INFO - Max row count for page size check is: 10000
[2022-04-05 23:57:57,985] {spark_submit.py:488} INFO - Truncate length for column indexes is: 64
[2022-04-05 23:57:57,985] {spark_submit.py:488} INFO - Truncate length for statistics min/max  is: 2147483647
[2022-04-05 23:57:57,985] {spark_submit.py:488} INFO - Bloom filter enabled: false
[2022-04-05 23:57:57,985] {spark_submit.py:488} INFO - Max Bloom filter size for a column is 1048576
[2022-04-05 23:57:57,985] {spark_submit.py:488} INFO - Bloom filter expected number of distinct values are: null
[2022-04-05 23:57:57,985] {spark_submit.py:488} INFO - Page row count limit to 20000
[2022-04-05 23:57:57,985] {spark_submit.py:488} INFO - Writing page checksums is: on
[2022-04-05 23:57:58,030] {spark_submit.py:488} INFO - 22/04/05 23:57:58 INFO ParquetWriteSupport: Initialized Parquet WriteSupport with Catalyst schema:
[2022-04-05 23:57:58,030] {spark_submit.py:488} INFO - {
[2022-04-05 23:57:58,030] {spark_submit.py:488} INFO - "type" : "struct",
[2022-04-05 23:57:58,030] {spark_submit.py:488} INFO - "fields" : [ {
[2022-04-05 23:57:58,031] {spark_submit.py:488} INFO - "name" : "id",
[2022-04-05 23:57:58,031] {spark_submit.py:488} INFO - "type" : "integer",
[2022-04-05 23:57:58,031] {spark_submit.py:488} INFO - "nullable" : true,
[2022-04-05 23:57:58,031] {spark_submit.py:488} INFO - "metadata" : { }
[2022-04-05 23:57:58,031] {spark_submit.py:488} INFO - }, {
[2022-04-05 23:57:58,031] {spark_submit.py:488} INFO - "name" : "display_name",
[2022-04-05 23:57:58,031] {spark_submit.py:488} INFO - "type" : "string",
[2022-04-05 23:57:58,032] {spark_submit.py:488} INFO - "nullable" : true,
[2022-04-05 23:57:58,032] {spark_submit.py:488} INFO - "metadata" : { }
[2022-04-05 23:57:58,032] {spark_submit.py:488} INFO - }, {
[2022-04-05 23:57:58,032] {spark_submit.py:488} INFO - "name" : "about_me",
[2022-04-05 23:57:58,032] {spark_submit.py:488} INFO - "type" : "string",
[2022-04-05 23:57:58,032] {spark_submit.py:488} INFO - "nullable" : true,
[2022-04-05 23:57:58,032] {spark_submit.py:488} INFO - "metadata" : { }
[2022-04-05 23:57:58,032] {spark_submit.py:488} INFO - }, {
[2022-04-05 23:57:58,032] {spark_submit.py:488} INFO - "name" : "age",
[2022-04-05 23:57:58,032] {spark_submit.py:488} INFO - "type" : "integer",
[2022-04-05 23:57:58,032] {spark_submit.py:488} INFO - "nullable" : true,
[2022-04-05 23:57:58,033] {spark_submit.py:488} INFO - "metadata" : { }
[2022-04-05 23:57:58,033] {spark_submit.py:488} INFO - }, {
[2022-04-05 23:57:58,033] {spark_submit.py:488} INFO - "name" : "creation_date",
[2022-04-05 23:57:58,033] {spark_submit.py:488} INFO - "type" : "timestamp",
[2022-04-05 23:57:58,033] {spark_submit.py:488} INFO - "nullable" : true,
[2022-04-05 23:57:58,033] {spark_submit.py:488} INFO - "metadata" : { }
[2022-04-05 23:57:58,033] {spark_submit.py:488} INFO - }, {
[2022-04-05 23:57:58,033] {spark_submit.py:488} INFO - "name" : "last_access_date",
[2022-04-05 23:57:58,033] {spark_submit.py:488} INFO - "type" : "timestamp",
[2022-04-05 23:57:58,033] {spark_submit.py:488} INFO - "nullable" : true,
[2022-04-05 23:57:58,033] {spark_submit.py:488} INFO - "metadata" : { }
[2022-04-05 23:57:58,033] {spark_submit.py:488} INFO - }, {
[2022-04-05 23:57:58,034] {spark_submit.py:488} INFO - "name" : "location",
[2022-04-05 23:57:58,034] {spark_submit.py:488} INFO - "type" : "string",
[2022-04-05 23:57:58,034] {spark_submit.py:488} INFO - "nullable" : true,
[2022-04-05 23:57:58,034] {spark_submit.py:488} INFO - "metadata" : { }
[2022-04-05 23:57:58,034] {spark_submit.py:488} INFO - }, {
[2022-04-05 23:57:58,034] {spark_submit.py:488} INFO - "name" : "reputation",
[2022-04-05 23:57:58,035] {spark_submit.py:488} INFO - "type" : "integer",
[2022-04-05 23:57:58,035] {spark_submit.py:488} INFO - "nullable" : true,
[2022-04-05 23:57:58,035] {spark_submit.py:488} INFO - "metadata" : { }
[2022-04-05 23:57:58,035] {spark_submit.py:488} INFO - }, {
[2022-04-05 23:57:58,035] {spark_submit.py:488} INFO - "name" : "up_votes",
[2022-04-05 23:57:58,035] {spark_submit.py:488} INFO - "type" : "integer",
[2022-04-05 23:57:58,035] {spark_submit.py:488} INFO - "nullable" : true,
[2022-04-05 23:57:58,035] {spark_submit.py:488} INFO - "metadata" : { }
[2022-04-05 23:57:58,035] {spark_submit.py:488} INFO - }, {
[2022-04-05 23:57:58,035] {spark_submit.py:488} INFO - "name" : "down_votes",
[2022-04-05 23:57:58,037] {spark_submit.py:488} INFO - "type" : "integer",
[2022-04-05 23:57:58,038] {spark_submit.py:488} INFO - "nullable" : true,
[2022-04-05 23:57:58,038] {spark_submit.py:488} INFO - "metadata" : { }
[2022-04-05 23:57:58,038] {spark_submit.py:488} INFO - }, {
[2022-04-05 23:57:58,038] {spark_submit.py:488} INFO - "name" : "views",
[2022-04-05 23:57:58,038] {spark_submit.py:488} INFO - "type" : "integer",
[2022-04-05 23:57:58,038] {spark_submit.py:488} INFO - "nullable" : true,
[2022-04-05 23:57:58,038] {spark_submit.py:488} INFO - "metadata" : { }
[2022-04-05 23:57:58,038] {spark_submit.py:488} INFO - }, {
[2022-04-05 23:57:58,038] {spark_submit.py:488} INFO - "name" : "profile_image_url",
[2022-04-05 23:57:58,038] {spark_submit.py:488} INFO - "type" : "string",
[2022-04-05 23:57:58,038] {spark_submit.py:488} INFO - "nullable" : true,
[2022-04-05 23:57:58,038] {spark_submit.py:488} INFO - "metadata" : { }
[2022-04-05 23:57:58,038] {spark_submit.py:488} INFO - }, {
[2022-04-05 23:57:58,038] {spark_submit.py:488} INFO - "name" : "website_url",
[2022-04-05 23:57:58,039] {spark_submit.py:488} INFO - "type" : "string",
[2022-04-05 23:57:58,039] {spark_submit.py:488} INFO - "nullable" : true,
[2022-04-05 23:57:58,039] {spark_submit.py:488} INFO - "metadata" : { }
[2022-04-05 23:57:58,039] {spark_submit.py:488} INFO - }, {
[2022-04-05 23:57:58,039] {spark_submit.py:488} INFO - "name" : "group_by_date",
[2022-04-05 23:57:58,039] {spark_submit.py:488} INFO - "type" : "timestamp",
[2022-04-05 23:57:58,039] {spark_submit.py:488} INFO - "nullable" : true,
[2022-04-05 23:57:58,039] {spark_submit.py:488} INFO - "metadata" : { }
[2022-04-05 23:57:58,039] {spark_submit.py:488} INFO - } ]
[2022-04-05 23:57:58,039] {spark_submit.py:488} INFO - }
[2022-04-05 23:57:58,039] {spark_submit.py:488} INFO - and corresponding Parquet message type:
[2022-04-05 23:57:58,039] {spark_submit.py:488} INFO - message spark_schema {
[2022-04-05 23:57:58,039] {spark_submit.py:488} INFO - optional int32 id;
[2022-04-05 23:57:58,039] {spark_submit.py:488} INFO - optional binary display_name (STRING);
[2022-04-05 23:57:58,040] {spark_submit.py:488} INFO - optional binary about_me (STRING);
[2022-04-05 23:57:58,040] {spark_submit.py:488} INFO - optional int32 age;
[2022-04-05 23:57:58,040] {spark_submit.py:488} INFO - optional int96 creation_date;
[2022-04-05 23:57:58,049] {spark_submit.py:488} INFO - optional int96 last_access_date;
[2022-04-05 23:57:58,049] {spark_submit.py:488} INFO - optional binary location (STRING);
[2022-04-05 23:57:58,049] {spark_submit.py:488} INFO - optional int32 reputation;
[2022-04-05 23:57:58,049] {spark_submit.py:488} INFO - optional int32 up_votes;
[2022-04-05 23:57:58,050] {spark_submit.py:488} INFO - optional int32 down_votes;
[2022-04-05 23:57:58,050] {spark_submit.py:488} INFO - optional int32 views;
[2022-04-05 23:57:58,050] {spark_submit.py:488} INFO - optional binary profile_image_url (STRING);
[2022-04-05 23:57:58,050] {spark_submit.py:488} INFO - optional binary website_url (STRING);
[2022-04-05 23:57:58,056] {spark_submit.py:488} INFO - optional int96 group_by_date;
[2022-04-05 23:57:58,056] {spark_submit.py:488} INFO - }
[2022-04-05 23:57:58,056] {spark_submit.py:488} INFO - 
[2022-04-05 23:57:58,056] {spark_submit.py:488} INFO - 
[2022-04-05 23:57:58,056] {spark_submit.py:488} INFO - 22/04/05 23:57:58 INFO ParquetWriteSupport: Initialized Parquet WriteSupport with Catalyst schema:
[2022-04-05 23:57:58,056] {spark_submit.py:488} INFO - {
[2022-04-05 23:57:58,057] {spark_submit.py:488} INFO - "type" : "struct",
[2022-04-05 23:57:58,057] {spark_submit.py:488} INFO - "fields" : [ {
[2022-04-05 23:57:58,057] {spark_submit.py:488} INFO - "name" : "id",
[2022-04-05 23:57:58,057] {spark_submit.py:488} INFO - "type" : "integer",
[2022-04-05 23:57:58,057] {spark_submit.py:488} INFO - "nullable" : true,
[2022-04-05 23:57:58,057] {spark_submit.py:488} INFO - "metadata" : { }
[2022-04-05 23:57:58,057] {spark_submit.py:488} INFO - }, {
[2022-04-05 23:57:58,057] {spark_submit.py:488} INFO - "name" : "display_name",
[2022-04-05 23:57:58,057] {spark_submit.py:488} INFO - "type" : "string",
[2022-04-05 23:57:58,057] {spark_submit.py:488} INFO - "nullable" : true,
[2022-04-05 23:57:58,057] {spark_submit.py:488} INFO - "metadata" : { }
[2022-04-05 23:57:58,057] {spark_submit.py:488} INFO - }, {
[2022-04-05 23:57:58,057] {spark_submit.py:488} INFO - "name" : "about_me",
[2022-04-05 23:57:58,058] {spark_submit.py:488} INFO - "type" : "string",
[2022-04-05 23:57:58,058] {spark_submit.py:488} INFO - "nullable" : true,
[2022-04-05 23:57:58,058] {spark_submit.py:488} INFO - "metadata" : { }
[2022-04-05 23:57:58,058] {spark_submit.py:488} INFO - }, {
[2022-04-05 23:57:58,058] {spark_submit.py:488} INFO - "name" : "age",
[2022-04-05 23:57:58,058] {spark_submit.py:488} INFO - "type" : "integer",
[2022-04-05 23:57:58,068] {spark_submit.py:488} INFO - "nullable" : true,
[2022-04-05 23:57:58,068] {spark_submit.py:488} INFO - "metadata" : { }
[2022-04-05 23:57:58,068] {spark_submit.py:488} INFO - }, {
[2022-04-05 23:57:58,068] {spark_submit.py:488} INFO - "name" : "creation_date",
[2022-04-05 23:57:58,069] {spark_submit.py:488} INFO - "type" : "timestamp",
[2022-04-05 23:57:58,069] {spark_submit.py:488} INFO - "nullable" : true,
[2022-04-05 23:57:58,069] {spark_submit.py:488} INFO - "metadata" : { }
[2022-04-05 23:57:58,069] {spark_submit.py:488} INFO - }, {
[2022-04-05 23:57:58,069] {spark_submit.py:488} INFO - "name" : "last_access_date",
[2022-04-05 23:57:58,069] {spark_submit.py:488} INFO - "type" : "timestamp",
[2022-04-05 23:57:58,069] {spark_submit.py:488} INFO - "nullable" : true,
[2022-04-05 23:57:58,069] {spark_submit.py:488} INFO - "metadata" : { }
[2022-04-05 23:57:58,069] {spark_submit.py:488} INFO - }, {
[2022-04-05 23:57:58,069] {spark_submit.py:488} INFO - "name" : "location",
[2022-04-05 23:57:58,069] {spark_submit.py:488} INFO - "type" : "string",
[2022-04-05 23:57:58,069] {spark_submit.py:488} INFO - "nullable" : true,
[2022-04-05 23:57:58,069] {spark_submit.py:488} INFO - "metadata" : { }
[2022-04-05 23:57:58,070] {spark_submit.py:488} INFO - }, {
[2022-04-05 23:57:58,070] {spark_submit.py:488} INFO - "name" : "reputation",
[2022-04-05 23:57:58,070] {spark_submit.py:488} INFO - "type" : "integer",
[2022-04-05 23:57:58,070] {spark_submit.py:488} INFO - "nullable" : true,
[2022-04-05 23:57:58,070] {spark_submit.py:488} INFO - "metadata" : { }
[2022-04-05 23:57:58,070] {spark_submit.py:488} INFO - }, {
[2022-04-05 23:57:58,070] {spark_submit.py:488} INFO - "name" : "up_votes",
[2022-04-05 23:57:58,070] {spark_submit.py:488} INFO - "type" : "integer",
[2022-04-05 23:57:58,070] {spark_submit.py:488} INFO - "nullable" : true,
[2022-04-05 23:57:58,070] {spark_submit.py:488} INFO - "metadata" : { }
[2022-04-05 23:57:58,070] {spark_submit.py:488} INFO - }, {
[2022-04-05 23:57:58,070] {spark_submit.py:488} INFO - "name" : "down_votes",
[2022-04-05 23:57:58,070] {spark_submit.py:488} INFO - "type" : "integer",
[2022-04-05 23:57:58,070] {spark_submit.py:488} INFO - "nullable" : true,
[2022-04-05 23:57:58,071] {spark_submit.py:488} INFO - "metadata" : { }
[2022-04-05 23:57:58,078] {spark_submit.py:488} INFO - }, {
[2022-04-05 23:57:58,078] {spark_submit.py:488} INFO - "name" : "views",
[2022-04-05 23:57:58,078] {spark_submit.py:488} INFO - "type" : "integer",
[2022-04-05 23:57:58,078] {spark_submit.py:488} INFO - "nullable" : true,
[2022-04-05 23:57:58,078] {spark_submit.py:488} INFO - "metadata" : { }
[2022-04-05 23:57:58,078] {spark_submit.py:488} INFO - }, {
[2022-04-05 23:57:58,078] {spark_submit.py:488} INFO - "name" : "profile_image_url",
[2022-04-05 23:57:58,078] {spark_submit.py:488} INFO - "type" : "string",
[2022-04-05 23:57:58,079] {spark_submit.py:488} INFO - "nullable" : true,
[2022-04-05 23:57:58,079] {spark_submit.py:488} INFO - "metadata" : { }
[2022-04-05 23:57:58,079] {spark_submit.py:488} INFO - }, {
[2022-04-05 23:57:58,079] {spark_submit.py:488} INFO - "name" : "website_url",
[2022-04-05 23:57:58,079] {spark_submit.py:488} INFO - "type" : "string",
[2022-04-05 23:57:58,079] {spark_submit.py:488} INFO - "nullable" : true,
[2022-04-05 23:57:58,079] {spark_submit.py:488} INFO - "metadata" : { }
[2022-04-05 23:57:58,079] {spark_submit.py:488} INFO - }, {
[2022-04-05 23:57:58,079] {spark_submit.py:488} INFO - "name" : "group_by_date",
[2022-04-05 23:57:58,079] {spark_submit.py:488} INFO - "type" : "timestamp",
[2022-04-05 23:57:58,079] {spark_submit.py:488} INFO - "nullable" : true,
[2022-04-05 23:57:58,079] {spark_submit.py:488} INFO - "metadata" : { }
[2022-04-05 23:57:58,079] {spark_submit.py:488} INFO - } ]
[2022-04-05 23:57:58,080] {spark_submit.py:488} INFO - }
[2022-04-05 23:57:58,094] {spark_submit.py:488} INFO - and corresponding Parquet message type:
[2022-04-05 23:57:58,094] {spark_submit.py:488} INFO - message spark_schema {
[2022-04-05 23:57:58,094] {spark_submit.py:488} INFO - optional int32 id;
[2022-04-05 23:57:58,094] {spark_submit.py:488} INFO - optional binary display_name (STRING);
[2022-04-05 23:57:58,094] {spark_submit.py:488} INFO - optional binary about_me (STRING);
[2022-04-05 23:57:58,095] {spark_submit.py:488} INFO - optional int32 age;
[2022-04-05 23:57:58,095] {spark_submit.py:488} INFO - optional int96 creation_date;
[2022-04-05 23:57:58,095] {spark_submit.py:488} INFO - optional int96 last_access_date;
[2022-04-05 23:57:58,100] {spark_submit.py:488} INFO - optional binary location (STRING);
[2022-04-05 23:57:58,100] {spark_submit.py:488} INFO - optional int32 reputation;
[2022-04-05 23:57:58,100] {spark_submit.py:488} INFO - optional int32 up_votes;
[2022-04-05 23:57:58,100] {spark_submit.py:488} INFO - optional int32 down_votes;
[2022-04-05 23:57:58,101] {spark_submit.py:488} INFO - optional int32 views;
[2022-04-05 23:57:58,101] {spark_submit.py:488} INFO - optional binary profile_image_url (STRING);
[2022-04-05 23:57:58,101] {spark_submit.py:488} INFO - optional binary website_url (STRING);
[2022-04-05 23:57:58,101] {spark_submit.py:488} INFO - optional int96 group_by_date;
[2022-04-05 23:57:58,101] {spark_submit.py:488} INFO - }
[2022-04-05 23:57:58,101] {spark_submit.py:488} INFO - 
[2022-04-05 23:57:58,101] {spark_submit.py:488} INFO - 
[2022-04-05 23:57:58,101] {spark_submit.py:488} INFO - 22/04/05 23:57:58 INFO ParquetWriteSupport: Initialized Parquet WriteSupport with Catalyst schema:
[2022-04-05 23:57:58,101] {spark_submit.py:488} INFO - {
[2022-04-05 23:57:58,101] {spark_submit.py:488} INFO - "type" : "struct",
[2022-04-05 23:57:58,101] {spark_submit.py:488} INFO - "fields" : [ {
[2022-04-05 23:57:58,101] {spark_submit.py:488} INFO - "name" : "id",
[2022-04-05 23:57:58,101] {spark_submit.py:488} INFO - "type" : "integer",
[2022-04-05 23:57:58,102] {spark_submit.py:488} INFO - "nullable" : true,
[2022-04-05 23:57:58,102] {spark_submit.py:488} INFO - "metadata" : { }
[2022-04-05 23:57:58,102] {spark_submit.py:488} INFO - }, {
[2022-04-05 23:57:58,102] {spark_submit.py:488} INFO - "name" : "display_name",
[2022-04-05 23:57:58,102] {spark_submit.py:488} INFO - "type" : "string",
[2022-04-05 23:57:58,102] {spark_submit.py:488} INFO - "nullable" : true,
[2022-04-05 23:57:58,102] {spark_submit.py:488} INFO - "metadata" : { }
[2022-04-05 23:57:58,102] {spark_submit.py:488} INFO - }, {
[2022-04-05 23:57:58,102] {spark_submit.py:488} INFO - "name" : "about_me",
[2022-04-05 23:57:58,102] {spark_submit.py:488} INFO - "type" : "string",
[2022-04-05 23:57:58,102] {spark_submit.py:488} INFO - "nullable" : true,
[2022-04-05 23:57:58,102] {spark_submit.py:488} INFO - "metadata" : { }
[2022-04-05 23:57:58,102] {spark_submit.py:488} INFO - }, {
[2022-04-05 23:57:58,102] {spark_submit.py:488} INFO - "name" : "age",
[2022-04-05 23:57:58,103] {spark_submit.py:488} INFO - "type" : "integer",
[2022-04-05 23:57:58,103] {spark_submit.py:488} INFO - "nullable" : true,
[2022-04-05 23:57:58,103] {spark_submit.py:488} INFO - "metadata" : { }
[2022-04-05 23:57:58,103] {spark_submit.py:488} INFO - }, {
[2022-04-05 23:57:58,103] {spark_submit.py:488} INFO - "name" : "creation_date",
[2022-04-05 23:57:58,103] {spark_submit.py:488} INFO - "type" : "timestamp",
[2022-04-05 23:57:58,103] {spark_submit.py:488} INFO - "nullable" : true,
[2022-04-05 23:57:58,103] {spark_submit.py:488} INFO - "metadata" : { }
[2022-04-05 23:57:58,103] {spark_submit.py:488} INFO - }, {
[2022-04-05 23:57:58,103] {spark_submit.py:488} INFO - "name" : "last_access_date",
[2022-04-05 23:57:58,103] {spark_submit.py:488} INFO - "type" : "timestamp",
[2022-04-05 23:57:58,103] {spark_submit.py:488} INFO - "nullable" : true,
[2022-04-05 23:57:58,104] {spark_submit.py:488} INFO - "metadata" : { }
[2022-04-05 23:57:58,104] {spark_submit.py:488} INFO - }, {
[2022-04-05 23:57:58,104] {spark_submit.py:488} INFO - "name" : "location",
[2022-04-05 23:57:58,104] {spark_submit.py:488} INFO - "type" : "string",
[2022-04-05 23:57:58,104] {spark_submit.py:488} INFO - "nullable" : true,
[2022-04-05 23:57:58,104] {spark_submit.py:488} INFO - "metadata" : { }
[2022-04-05 23:57:58,104] {spark_submit.py:488} INFO - }, {
[2022-04-05 23:57:58,104] {spark_submit.py:488} INFO - "name" : "reputation",
[2022-04-05 23:57:58,104] {spark_submit.py:488} INFO - "type" : "integer",
[2022-04-05 23:57:58,104] {spark_submit.py:488} INFO - "nullable" : true,
[2022-04-05 23:57:58,105] {spark_submit.py:488} INFO - "metadata" : { }
[2022-04-05 23:57:58,105] {spark_submit.py:488} INFO - }, {
[2022-04-05 23:57:58,105] {spark_submit.py:488} INFO - "name" : "up_votes",
[2022-04-05 23:57:58,105] {spark_submit.py:488} INFO - "type" : "integer",
[2022-04-05 23:57:58,105] {spark_submit.py:488} INFO - "nullable" : true,
[2022-04-05 23:57:58,105] {spark_submit.py:488} INFO - "metadata" : { }
[2022-04-05 23:57:58,105] {spark_submit.py:488} INFO - }, {
[2022-04-05 23:57:58,105] {spark_submit.py:488} INFO - "name" : "down_votes",
[2022-04-05 23:57:58,105] {spark_submit.py:488} INFO - "type" : "integer",
[2022-04-05 23:57:58,105] {spark_submit.py:488} INFO - "nullable" : true,
[2022-04-05 23:57:58,105] {spark_submit.py:488} INFO - "metadata" : { }
[2022-04-05 23:57:58,106] {spark_submit.py:488} INFO - }, {
[2022-04-05 23:57:58,106] {spark_submit.py:488} INFO - "name" : "views",
[2022-04-05 23:57:58,106] {spark_submit.py:488} INFO - "type" : "integer",
[2022-04-05 23:57:58,106] {spark_submit.py:488} INFO - "nullable" : true,
[2022-04-05 23:57:58,106] {spark_submit.py:488} INFO - "metadata" : { }
[2022-04-05 23:57:58,106] {spark_submit.py:488} INFO - }, {
[2022-04-05 23:57:58,106] {spark_submit.py:488} INFO - "name" : "profile_image_url",
[2022-04-05 23:57:58,106] {spark_submit.py:488} INFO - "type" : "string",
[2022-04-05 23:57:58,106] {spark_submit.py:488} INFO - "nullable" : true,
[2022-04-05 23:57:58,106] {spark_submit.py:488} INFO - "metadata" : { }
[2022-04-05 23:57:58,106] {spark_submit.py:488} INFO - }, {
[2022-04-05 23:57:58,106] {spark_submit.py:488} INFO - "name" : "website_url",
[2022-04-05 23:57:58,106] {spark_submit.py:488} INFO - "type" : "string",
[2022-04-05 23:57:58,106] {spark_submit.py:488} INFO - "nullable" : true,
[2022-04-05 23:57:58,107] {spark_submit.py:488} INFO - "metadata" : { }
[2022-04-05 23:57:58,107] {spark_submit.py:488} INFO - }, {
[2022-04-05 23:57:58,107] {spark_submit.py:488} INFO - "name" : "group_by_date",
[2022-04-05 23:57:58,107] {spark_submit.py:488} INFO - "type" : "timestamp",
[2022-04-05 23:57:58,107] {spark_submit.py:488} INFO - "nullable" : true,
[2022-04-05 23:57:58,107] {spark_submit.py:488} INFO - "metadata" : { }
[2022-04-05 23:57:58,107] {spark_submit.py:488} INFO - } ]
[2022-04-05 23:57:58,107] {spark_submit.py:488} INFO - }
[2022-04-05 23:57:58,107] {spark_submit.py:488} INFO - and corresponding Parquet message type:
[2022-04-05 23:57:58,107] {spark_submit.py:488} INFO - message spark_schema {
[2022-04-05 23:57:58,107] {spark_submit.py:488} INFO - optional int32 id;
[2022-04-05 23:57:58,127] {spark_submit.py:488} INFO - optional binary display_name (STRING);
[2022-04-05 23:57:58,127] {spark_submit.py:488} INFO - optional binary about_me (STRING);
[2022-04-05 23:57:58,128] {spark_submit.py:488} INFO - optional int32 age;
[2022-04-05 23:57:58,128] {spark_submit.py:488} INFO - optional int96 creation_date;
[2022-04-05 23:57:58,128] {spark_submit.py:488} INFO - optional int96 last_access_date;
[2022-04-05 23:57:58,128] {spark_submit.py:488} INFO - optional binary location (STRING);
[2022-04-05 23:57:58,128] {spark_submit.py:488} INFO - optional int32 reputation;
[2022-04-05 23:57:58,128] {spark_submit.py:488} INFO - optional int32 up_votes;
[2022-04-05 23:57:58,128] {spark_submit.py:488} INFO - optional int32 down_votes;
[2022-04-05 23:57:58,128] {spark_submit.py:488} INFO - optional int32 views;
[2022-04-05 23:57:58,128] {spark_submit.py:488} INFO - optional binary profile_image_url (STRING);
[2022-04-05 23:57:58,128] {spark_submit.py:488} INFO - optional binary website_url (STRING);
[2022-04-05 23:57:58,128] {spark_submit.py:488} INFO - optional int96 group_by_date;
[2022-04-05 23:57:58,128] {spark_submit.py:488} INFO - }
[2022-04-05 23:57:58,128] {spark_submit.py:488} INFO - 
[2022-04-05 23:57:58,129] {spark_submit.py:488} INFO - 
[2022-04-05 23:57:58,129] {spark_submit.py:488} INFO - 22/04/05 23:57:58 INFO ParquetWriteSupport: Initialized Parquet WriteSupport with Catalyst schema:
[2022-04-05 23:57:58,129] {spark_submit.py:488} INFO - {
[2022-04-05 23:57:58,129] {spark_submit.py:488} INFO - "type" : "struct",
[2022-04-05 23:57:58,129] {spark_submit.py:488} INFO - "fields" : [ {
[2022-04-05 23:57:58,129] {spark_submit.py:488} INFO - "name" : "id",
[2022-04-05 23:57:58,129] {spark_submit.py:488} INFO - "type" : "integer",
[2022-04-05 23:57:58,129] {spark_submit.py:488} INFO - "nullable" : true,
[2022-04-05 23:57:58,129] {spark_submit.py:488} INFO - "metadata" : { }
[2022-04-05 23:57:58,129] {spark_submit.py:488} INFO - }, {
[2022-04-05 23:57:58,129] {spark_submit.py:488} INFO - "name" : "display_name",
[2022-04-05 23:57:58,129] {spark_submit.py:488} INFO - "type" : "string",
[2022-04-05 23:57:58,129] {spark_submit.py:488} INFO - "nullable" : true,
[2022-04-05 23:57:58,129] {spark_submit.py:488} INFO - "metadata" : { }
[2022-04-05 23:57:58,130] {spark_submit.py:488} INFO - }, {
[2022-04-05 23:57:58,130] {spark_submit.py:488} INFO - "name" : "about_me",
[2022-04-05 23:57:58,130] {spark_submit.py:488} INFO - "type" : "string",
[2022-04-05 23:57:58,130] {spark_submit.py:488} INFO - "nullable" : true,
[2022-04-05 23:57:58,130] {spark_submit.py:488} INFO - "metadata" : { }
[2022-04-05 23:57:58,130] {spark_submit.py:488} INFO - }, {
[2022-04-05 23:57:58,130] {spark_submit.py:488} INFO - "name" : "age",
[2022-04-05 23:57:58,130] {spark_submit.py:488} INFO - "type" : "integer",
[2022-04-05 23:57:58,130] {spark_submit.py:488} INFO - "nullable" : true,
[2022-04-05 23:57:58,130] {spark_submit.py:488} INFO - "metadata" : { }
[2022-04-05 23:57:58,130] {spark_submit.py:488} INFO - }, {
[2022-04-05 23:57:58,130] {spark_submit.py:488} INFO - "name" : "creation_date",
[2022-04-05 23:57:58,130] {spark_submit.py:488} INFO - "type" : "timestamp",
[2022-04-05 23:57:58,130] {spark_submit.py:488} INFO - "nullable" : true,
[2022-04-05 23:57:58,131] {spark_submit.py:488} INFO - "metadata" : { }
[2022-04-05 23:57:58,131] {spark_submit.py:488} INFO - }, {
[2022-04-05 23:57:58,131] {spark_submit.py:488} INFO - "name" : "last_access_date",
[2022-04-05 23:57:58,131] {spark_submit.py:488} INFO - "type" : "timestamp",
[2022-04-05 23:57:58,131] {spark_submit.py:488} INFO - "nullable" : true,
[2022-04-05 23:57:58,131] {spark_submit.py:488} INFO - "metadata" : { }
[2022-04-05 23:57:58,131] {spark_submit.py:488} INFO - }, {
[2022-04-05 23:57:58,131] {spark_submit.py:488} INFO - "name" : "location",
[2022-04-05 23:57:58,131] {spark_submit.py:488} INFO - "type" : "string",
[2022-04-05 23:57:58,131] {spark_submit.py:488} INFO - "nullable" : true,
[2022-04-05 23:57:58,131] {spark_submit.py:488} INFO - "metadata" : { }
[2022-04-05 23:57:58,131] {spark_submit.py:488} INFO - }, {
[2022-04-05 23:57:58,131] {spark_submit.py:488} INFO - "name" : "reputation",
[2022-04-05 23:57:58,131] {spark_submit.py:488} INFO - "type" : "integer",
[2022-04-05 23:57:58,132] {spark_submit.py:488} INFO - "nullable" : true,
[2022-04-05 23:57:58,132] {spark_submit.py:488} INFO - "metadata" : { }
[2022-04-05 23:57:58,132] {spark_submit.py:488} INFO - }, {
[2022-04-05 23:57:58,132] {spark_submit.py:488} INFO - "name" : "up_votes",
[2022-04-05 23:57:58,132] {spark_submit.py:488} INFO - "type" : "integer",
[2022-04-05 23:57:58,132] {spark_submit.py:488} INFO - "nullable" : true,
[2022-04-05 23:57:58,132] {spark_submit.py:488} INFO - "metadata" : { }
[2022-04-05 23:57:58,132] {spark_submit.py:488} INFO - }, {
[2022-04-05 23:57:58,132] {spark_submit.py:488} INFO - "name" : "down_votes",
[2022-04-05 23:57:58,132] {spark_submit.py:488} INFO - "type" : "integer",
[2022-04-05 23:57:58,132] {spark_submit.py:488} INFO - "nullable" : true,
[2022-04-05 23:57:58,132] {spark_submit.py:488} INFO - "metadata" : { }
[2022-04-05 23:57:58,132] {spark_submit.py:488} INFO - }, {
[2022-04-05 23:57:58,133] {spark_submit.py:488} INFO - "name" : "views",
[2022-04-05 23:57:58,133] {spark_submit.py:488} INFO - "type" : "integer",
[2022-04-05 23:57:58,133] {spark_submit.py:488} INFO - "nullable" : true,
[2022-04-05 23:57:58,133] {spark_submit.py:488} INFO - "metadata" : { }
[2022-04-05 23:57:58,133] {spark_submit.py:488} INFO - }, {
[2022-04-05 23:57:58,133] {spark_submit.py:488} INFO - "name" : "profile_image_url",
[2022-04-05 23:57:58,133] {spark_submit.py:488} INFO - "type" : "string",
[2022-04-05 23:57:58,133] {spark_submit.py:488} INFO - "nullable" : true,
[2022-04-05 23:57:58,133] {spark_submit.py:488} INFO - "metadata" : { }
[2022-04-05 23:57:58,133] {spark_submit.py:488} INFO - }, {
[2022-04-05 23:57:58,133] {spark_submit.py:488} INFO - "name" : "website_url",
[2022-04-05 23:57:58,134] {spark_submit.py:488} INFO - "type" : "string",
[2022-04-05 23:57:58,134] {spark_submit.py:488} INFO - "nullable" : true,
[2022-04-05 23:57:58,134] {spark_submit.py:488} INFO - "metadata" : { }
[2022-04-05 23:57:58,134] {spark_submit.py:488} INFO - }, {
[2022-04-05 23:57:58,134] {spark_submit.py:488} INFO - "name" : "group_by_date",
[2022-04-05 23:57:58,134] {spark_submit.py:488} INFO - "type" : "timestamp",
[2022-04-05 23:57:58,134] {spark_submit.py:488} INFO - "nullable" : true,
[2022-04-05 23:57:58,134] {spark_submit.py:488} INFO - "metadata" : { }
[2022-04-05 23:57:58,134] {spark_submit.py:488} INFO - } ]
[2022-04-05 23:57:58,134] {spark_submit.py:488} INFO - }
[2022-04-05 23:57:58,134] {spark_submit.py:488} INFO - and corresponding Parquet message type:
[2022-04-05 23:57:58,134] {spark_submit.py:488} INFO - message spark_schema {
[2022-04-05 23:57:58,135] {spark_submit.py:488} INFO - optional int32 id;
[2022-04-05 23:57:58,135] {spark_submit.py:488} INFO - optional binary display_name (STRING);
[2022-04-05 23:57:58,135] {spark_submit.py:488} INFO - optional binary about_me (STRING);
[2022-04-05 23:57:58,135] {spark_submit.py:488} INFO - optional int32 age;
[2022-04-05 23:57:58,135] {spark_submit.py:488} INFO - optional int96 creation_date;
[2022-04-05 23:57:58,135] {spark_submit.py:488} INFO - optional int96 last_access_date;
[2022-04-05 23:57:58,135] {spark_submit.py:488} INFO - optional binary location (STRING);
[2022-04-05 23:57:58,172] {spark_submit.py:488} INFO - optional int32 reputation;
[2022-04-05 23:57:58,172] {spark_submit.py:488} INFO - optional int32 up_votes;
[2022-04-05 23:57:58,172] {spark_submit.py:488} INFO - optional int32 down_votes;
[2022-04-05 23:57:58,172] {spark_submit.py:488} INFO - optional int32 views;
[2022-04-05 23:57:58,185] {spark_submit.py:488} INFO - optional binary profile_image_url (STRING);
[2022-04-05 23:57:58,185] {spark_submit.py:488} INFO - optional binary website_url (STRING);
[2022-04-05 23:57:58,185] {spark_submit.py:488} INFO - optional int96 group_by_date;
[2022-04-05 23:57:58,185] {spark_submit.py:488} INFO - }
[2022-04-05 23:57:58,185] {spark_submit.py:488} INFO - 
[2022-04-05 23:57:58,185] {spark_submit.py:488} INFO - 
[2022-04-05 23:58:00,739] {spark_submit.py:488} INFO - 22/04/05 23:58:00 INFO CodecPool: Got brand-new compressor [.snappy]
[2022-04-05 23:58:01,486] {spark_submit.py:488} INFO - 22/04/05 23:58:01 INFO CodecPool: Got brand-new compressor [.snappy]
[2022-04-05 23:58:01,490] {spark_submit.py:488} INFO - 22/04/05 23:58:01 INFO CodecPool: Got brand-new compressor [.snappy]
[2022-04-05 23:58:01,490] {spark_submit.py:488} INFO - 22/04/05 23:58:01 INFO CodecPool: Got brand-new compressor [.snappy]
[2022-04-05 23:58:02,070] {spark_submit.py:488} INFO - 22/04/05 23:58:02 INFO BlockManagerInfo: Removed broadcast_2_piece0 on 9fe4286b2855:36571 in memory (size: 9.4 KiB, free: 434.3 MiB)
[2022-04-05 23:58:11,023] {spark_submit.py:488} INFO - 22/04/05 23:58:11 INFO GoogleCloudStorageImpl: Ignoring exception of type GoogleJsonResponseException; verified object already exists with desired state.
[2022-04-05 23:58:11,029] {spark_submit.py:488} INFO - 22/04/05 23:58:11 INFO GoogleCloudStorageImpl: Ignoring exception of type GoogleJsonResponseException; verified object already exists with desired state.
[2022-04-05 23:58:11,029] {spark_submit.py:488} INFO - 22/04/05 23:58:11 INFO GoogleCloudStorageImpl: Ignoring exception of type GoogleJsonResponseException; verified object already exists with desired state.
[2022-04-05 23:58:11,032] {spark_submit.py:488} INFO - 22/04/05 23:58:11 INFO GoogleCloudStorageFileSystem: Successfully repaired 'gs://dtc_data_lake_de-stack-overflow/BigQuery/users-2012-06/_temporary/0/_temporary/' directory.
[2022-04-05 23:58:11,033] {spark_submit.py:488} INFO - 22/04/05 23:58:11 INFO FileOutputCommitter: Saved output of task 'attempt_202204052357555929832027149152608_0003_m_000000_2' to gs://dtc_data_lake_de-stack-overflow/BigQuery/users-2012-06/_temporary/0/task_202204052357555929832027149152608_0003_m_000000
[2022-04-05 23:58:11,033] {spark_submit.py:488} INFO - 22/04/05 23:58:11 INFO SparkHadoopMapRedUtil: attempt_202204052357555929832027149152608_0003_m_000000_2: Committed
[2022-04-05 23:58:11,040] {spark_submit.py:488} INFO - 22/04/05 23:58:11 INFO GoogleCloudStorageFileSystem: Successfully repaired 'gs://dtc_data_lake_de-stack-overflow/BigQuery/users-2012-06/_temporary/0/_temporary/' directory.
[2022-04-05 23:58:11,041] {spark_submit.py:488} INFO - 22/04/05 23:58:11 INFO FileOutputCommitter: Saved output of task 'attempt_202204052357555093681876305548967_0003_m_000002_4' to gs://dtc_data_lake_de-stack-overflow/BigQuery/users-2012-06/_temporary/0/task_202204052357555093681876305548967_0003_m_000002
[2022-04-05 23:58:11,041] {spark_submit.py:488} INFO - 22/04/05 23:58:11 INFO GoogleCloudStorageFileSystem: Successfully repaired 'gs://dtc_data_lake_de-stack-overflow/BigQuery/users-2012-06/_temporary/0/_temporary/' directory.
[2022-04-05 23:58:11,041] {spark_submit.py:488} INFO - 22/04/05 23:58:11 INFO FileOutputCommitter: Saved output of task 'attempt_202204052357553561876340072326156_0003_m_000003_5' to gs://dtc_data_lake_de-stack-overflow/BigQuery/users-2012-06/_temporary/0/task_202204052357553561876340072326156_0003_m_000003
[2022-04-05 23:58:11,041] {spark_submit.py:488} INFO - 22/04/05 23:58:11 INFO GoogleCloudStorageFileSystem: Successfully repaired 'gs://dtc_data_lake_de-stack-overflow/BigQuery/users-2012-06/_temporary/0/_temporary/' directory.
[2022-04-05 23:58:11,041] {spark_submit.py:488} INFO - 22/04/05 23:58:11 INFO FileOutputCommitter: Saved output of task 'attempt_202204052357554348704449359836503_0003_m_000001_3' to gs://dtc_data_lake_de-stack-overflow/BigQuery/users-2012-06/_temporary/0/task_202204052357554348704449359836503_0003_m_000001
[2022-04-05 23:58:11,041] {spark_submit.py:488} INFO - 22/04/05 23:58:11 INFO SparkHadoopMapRedUtil: attempt_202204052357555093681876305548967_0003_m_000002_4: Committed
[2022-04-05 23:58:11,044] {spark_submit.py:488} INFO - 22/04/05 23:58:11 INFO SparkHadoopMapRedUtil: attempt_202204052357553561876340072326156_0003_m_000003_5: Committed
[2022-04-05 23:58:11,048] {spark_submit.py:488} INFO - 22/04/05 23:58:11 INFO SparkHadoopMapRedUtil: attempt_202204052357554348704449359836503_0003_m_000001_3: Committed
[2022-04-05 23:58:11,077] {spark_submit.py:488} INFO - 22/04/05 23:58:11 INFO Executor: Finished task 3.0 in stage 3.0 (TID 5). 3526 bytes result sent to driver
[2022-04-05 23:58:11,093] {spark_submit.py:488} INFO - 22/04/05 23:58:11 INFO Executor: Finished task 1.0 in stage 3.0 (TID 3). 3526 bytes result sent to driver
[2022-04-05 23:58:11,099] {spark_submit.py:488} INFO - 22/04/05 23:58:11 INFO Executor: Finished task 2.0 in stage 3.0 (TID 4). 3526 bytes result sent to driver
[2022-04-05 23:58:11,099] {spark_submit.py:488} INFO - 22/04/05 23:58:11 INFO Executor: Finished task 0.0 in stage 3.0 (TID 2). 3483 bytes result sent to driver
[2022-04-05 23:58:11,191] {spark_submit.py:488} INFO - 22/04/05 23:58:11 INFO TaskSetManager: Finished task 2.0 in stage 3.0 (TID 4) in 14387 ms on 9fe4286b2855 (executor driver) (1/4)
[2022-04-05 23:58:11,192] {spark_submit.py:488} INFO - 22/04/05 23:58:11 INFO TaskSetManager: Finished task 0.0 in stage 3.0 (TID 2) in 14394 ms on 9fe4286b2855 (executor driver) (2/4)
[2022-04-05 23:58:11,199] {spark_submit.py:488} INFO - 22/04/05 23:58:11 INFO TaskSetManager: Finished task 1.0 in stage 3.0 (TID 3) in 14396 ms on 9fe4286b2855 (executor driver) (3/4)
[2022-04-05 23:58:11,200] {spark_submit.py:488} INFO - 22/04/05 23:58:11 INFO TaskSetManager: Finished task 3.0 in stage 3.0 (TID 5) in 14393 ms on 9fe4286b2855 (executor driver) (4/4)
[2022-04-05 23:58:11,200] {spark_submit.py:488} INFO - 22/04/05 23:58:11 INFO TaskSchedulerImpl: Removed TaskSet 3.0, whose tasks have all completed, from pool
[2022-04-05 23:58:11,261] {spark_submit.py:488} INFO - 22/04/05 23:58:11 INFO DAGScheduler: ResultStage 3 (save at NativeMethodAccessorImpl.java:0) finished in 15.039 s
[2022-04-05 23:58:11,262] {spark_submit.py:488} INFO - 22/04/05 23:58:11 INFO DAGScheduler: Job 2 is finished. Cancelling potential speculative or zombie tasks for this job
[2022-04-05 23:58:11,262] {spark_submit.py:488} INFO - 22/04/05 23:58:11 INFO TaskSchedulerImpl: Killing all running tasks in stage 3: Stage finished
[2022-04-05 23:58:11,262] {spark_submit.py:488} INFO - 22/04/05 23:58:11 INFO DAGScheduler: Job 2 finished: save at NativeMethodAccessorImpl.java:0, took 15.153922 s
[2022-04-05 23:58:11,285] {spark_submit.py:488} INFO - 22/04/05 23:58:11 INFO FileFormatWriter: Start to commit write Job d226520f-2121-4afb-8093-de77a2bdbc89.
[2022-04-05 23:58:11,636] {spark_submit.py:488} INFO - 22/04/05 23:58:11 INFO GoogleCloudStorageFileSystem: Successfully repaired 'gs://dtc_data_lake_de-stack-overflow/BigQuery/users-2012-06/_temporary/0/task_202204052357553561876340072326156_0003_m_000003/' directory.
[2022-04-05 23:58:12,060] {spark_submit.py:488} INFO - 22/04/05 23:58:12 INFO GoogleCloudStorageFileSystem: Successfully repaired 'gs://dtc_data_lake_de-stack-overflow/BigQuery/users-2012-06/_temporary/0/task_202204052357554348704449359836503_0003_m_000001/' directory.
[2022-04-05 23:58:12,386] {spark_submit.py:488} INFO - 22/04/05 23:58:12 INFO GoogleCloudStorageFileSystem: Successfully repaired 'gs://dtc_data_lake_de-stack-overflow/BigQuery/users-2012-06/_temporary/0/task_202204052357555093681876305548967_0003_m_000002/' directory.
[2022-04-05 23:58:12,815] {spark_submit.py:488} INFO - 22/04/05 23:58:12 INFO GoogleCloudStorageFileSystem: Successfully repaired 'gs://dtc_data_lake_de-stack-overflow/BigQuery/users-2012-06/_temporary/0/task_202204052357555929832027149152608_0003_m_000000/' directory.
[2022-04-05 23:58:13,125] {spark_submit.py:488} INFO - 22/04/05 23:58:13 INFO GoogleCloudStorageFileSystem: Successfully repaired 'gs://dtc_data_lake_de-stack-overflow/BigQuery/users-2012-06/' directory.
[2022-04-05 23:58:14,257] {spark_submit.py:488} INFO - 22/04/05 23:58:14 INFO BlockManagerInfo: Removed broadcast_3_piece0 on 9fe4286b2855:36571 in memory (size: 72.7 KiB, free: 434.4 MiB)
[2022-04-05 23:58:14,315] {spark_submit.py:488} INFO - 22/04/05 23:58:14 INFO FileFormatWriter: Write Job d226520f-2121-4afb-8093-de77a2bdbc89 committed. Elapsed time: 3042 ms.
[2022-04-05 23:58:14,357] {spark_submit.py:488} INFO - 22/04/05 23:58:14 INFO FileFormatWriter: Finished processing stats for write job d226520f-2121-4afb-8093-de77a2bdbc89.
[2022-04-05 23:58:15,174] {spark_submit.py:488} INFO - 22/04/05 23:58:15 INFO SparkContext: Invoking stop() from shutdown hook
[2022-04-05 23:58:15,296] {spark_submit.py:488} INFO - 22/04/05 23:58:15 INFO SparkUI: Stopped Spark web UI at http://9fe4286b2855:4042
[2022-04-05 23:58:15,377] {spark_submit.py:488} INFO - 22/04/05 23:58:15 INFO MapOutputTrackerMasterEndpoint: MapOutputTrackerMasterEndpoint stopped!
[2022-04-05 23:58:15,618] {spark_submit.py:488} INFO - 22/04/05 23:58:15 INFO MemoryStore: MemoryStore cleared
[2022-04-05 23:58:15,618] {spark_submit.py:488} INFO - 22/04/05 23:58:15 INFO BlockManager: BlockManager stopped
[2022-04-05 23:58:15,622] {spark_submit.py:488} INFO - 22/04/05 23:58:15 INFO BlockManagerMaster: BlockManagerMaster stopped
[2022-04-05 23:58:15,629] {spark_submit.py:488} INFO - 22/04/05 23:58:15 INFO OutputCommitCoordinator$OutputCommitCoordinatorEndpoint: OutputCommitCoordinator stopped!
[2022-04-05 23:58:15,929] {spark_submit.py:488} INFO - 22/04/05 23:58:15 INFO SparkContext: Successfully stopped SparkContext
[2022-04-05 23:58:15,930] {spark_submit.py:488} INFO - 22/04/05 23:58:15 INFO ShutdownHookManager: Shutdown hook called
[2022-04-05 23:58:15,931] {spark_submit.py:488} INFO - 22/04/05 23:58:15 INFO ShutdownHookManager: Deleting directory /tmp/spark-2267fffa-9a0f-4621-839e-86622de6a975
[2022-04-05 23:58:15,958] {spark_submit.py:488} INFO - 22/04/05 23:58:15 INFO ShutdownHookManager: Deleting directory /tmp/spark-baa3846f-0234-4418-a7aa-f689fdb416fb
[2022-04-05 23:58:15,986] {spark_submit.py:488} INFO - 22/04/05 23:58:15 INFO ShutdownHookManager: Deleting directory /tmp/spark-2267fffa-9a0f-4621-839e-86622de6a975/pyspark-5736ab25-ab3c-437f-b79f-dca1f7891839
[2022-04-05 23:58:17,131] {taskinstance.py:1288} INFO - Marking task as SUCCESS. dag_id=IngestToGCP, task_id=processing_tasks_users.spark_job, execution_date=20120601T000000, start_date=20220405T235359, end_date=20220405T235817
[2022-04-05 23:58:17,303] {local_task_job.py:154} INFO - Task exited with return code 0
[2022-04-05 23:58:17,512] {local_task_job.py:264} INFO - 1 downstream tasks scheduled from follow-on schedule check
