[2022-03-30 19:58:09,923] {taskinstance.py:1037} INFO - Dependencies all met for <TaskInstance: IngestToGCP.processing_tasks_badges.download_files_badges scheduled__2008-09-01T00:00:00+00:00 [queued]>
[2022-03-30 19:58:10,026] {taskinstance.py:1037} INFO - Dependencies all met for <TaskInstance: IngestToGCP.processing_tasks_badges.download_files_badges scheduled__2008-09-01T00:00:00+00:00 [queued]>
[2022-03-30 19:58:10,026] {taskinstance.py:1243} INFO - 
--------------------------------------------------------------------------------
[2022-03-30 19:58:10,026] {taskinstance.py:1244} INFO - Starting attempt 1 of 1
[2022-03-30 19:58:10,026] {taskinstance.py:1245} INFO - 
--------------------------------------------------------------------------------
[2022-03-30 19:58:10,106] {taskinstance.py:1264} INFO - Executing <Task(BashOperator): processing_tasks_badges.download_files_badges> on 2008-09-01 00:00:00+00:00
[2022-03-30 19:58:10,123] {standard_task_runner.py:52} INFO - Started process 825 to run task
[2022-03-30 19:58:10,154] {standard_task_runner.py:76} INFO - Running: ['***', 'tasks', 'run', 'IngestToGCP', 'processing_tasks_badges.download_files_badges', 'scheduled__2008-09-01T00:00:00+00:00', '--job-id', '8', '--raw', '--subdir', 'DAGS_FOLDER/ingest_dag.py', '--cfg-path', '/tmp/tmpk7pd_mpe', '--error-file', '/tmp/tmpe6wlqafb']
[2022-03-30 19:58:10,164] {standard_task_runner.py:77} INFO - Job 8: Subtask processing_tasks_badges.download_files_badges
[2022-03-30 19:58:10,603] {logging_mixin.py:109} INFO - Running <TaskInstance: IngestToGCP.processing_tasks_badges.download_files_badges scheduled__2008-09-01T00:00:00+00:00 [running]> on host d9825fd5ae59
[2022-03-30 19:58:10,865] {logging_mixin.py:109} WARNING - /home/***/.local/lib/python3.7/site-packages/***/utils/context.py:156 AirflowContextDeprecationWarning: Accessing 'execution_date' from the template is deprecated and will be removed in a future version. Please use 'data_interval_start' or 'logical_date' instead.
[2022-03-30 19:58:10,934] {taskinstance.py:1431} INFO - Exporting the following env vars:
AIRFLOW_CTX_DAG_OWNER=***
AIRFLOW_CTX_DAG_ID=IngestToGCP
AIRFLOW_CTX_TASK_ID=processing_tasks_badges.download_files_badges
AIRFLOW_CTX_EXECUTION_DATE=2008-09-01T00:00:00+00:00
AIRFLOW_CTX_DAG_RUN_ID=scheduled__2008-09-01T00:00:00+00:00
[2022-03-30 19:58:10,935] {subprocess.py:62} INFO - Tmp dir root location: 
 /tmp
[2022-03-30 19:58:10,938] {subprocess.py:74} INFO - Running command: ['bash', '-c', 'curl -sSfl https://storage.googleapis.com/dtc_data_lake_de-stack-overflow/processed/badges-2008-09.csv > /opt/***/badges-2008-09.csv']
[2022-03-30 19:58:10,988] {subprocess.py:85} INFO - Output:
[2022-03-30 19:58:12,207] {subprocess.py:93} INFO - Command exited with return code 0
[2022-03-30 19:58:12,903] {taskinstance.py:1282} INFO - Marking task as SUCCESS. dag_id=IngestToGCP, task_id=processing_tasks_badges.download_files_badges, execution_date=20080901T000000, start_date=20220330T195809, end_date=20220330T195812
[2022-03-30 19:58:13,004] {local_task_job.py:154} INFO - Task exited with return code 0
[2022-03-30 19:58:13,234] {local_task_job.py:264} INFO - 1 downstream tasks scheduled from follow-on schedule check
[2022-04-05 22:28:52,779] {taskinstance.py:1043} INFO - Dependencies all met for <TaskInstance: IngestToGCP.processing_tasks_badges.download_files_badges scheduled__2008-09-01T00:00:00+00:00 [queued]>
[2022-04-05 22:28:52,868] {taskinstance.py:1043} INFO - Dependencies all met for <TaskInstance: IngestToGCP.processing_tasks_badges.download_files_badges scheduled__2008-09-01T00:00:00+00:00 [queued]>
[2022-04-05 22:28:52,868] {taskinstance.py:1249} INFO - 
--------------------------------------------------------------------------------
[2022-04-05 22:28:52,868] {taskinstance.py:1250} INFO - Starting attempt 1 of 1
[2022-04-05 22:28:52,868] {taskinstance.py:1251} INFO - 
--------------------------------------------------------------------------------
[2022-04-05 22:28:52,970] {taskinstance.py:1270} INFO - Executing <Task(BashOperator): processing_tasks_badges.download_files_badges> on 2008-09-01 00:00:00+00:00
[2022-04-05 22:28:53,007] {standard_task_runner.py:52} INFO - Started process 2459 to run task
[2022-04-05 22:28:53,061] {standard_task_runner.py:79} INFO - Running: ['***', 'tasks', 'run', 'IngestToGCP', 'processing_tasks_badges.download_files_badges', 'scheduled__2008-09-01T00:00:00+00:00', '--job-id', '8369', '--raw', '--subdir', 'DAGS_FOLDER/ingest_dag.py', '--cfg-path', '/tmp/tmph21xota0', '--error-file', '/tmp/tmp0vgp79sj']
[2022-04-05 22:28:53,063] {standard_task_runner.py:80} INFO - Job 8369: Subtask processing_tasks_badges.download_files_badges
[2022-04-05 22:28:53,331] {logging_mixin.py:109} INFO - Running <TaskInstance: IngestToGCP.processing_tasks_badges.download_files_badges scheduled__2008-09-01T00:00:00+00:00 [running]> on host 9fe4286b2855
[2022-04-05 22:28:53,540] {logging_mixin.py:109} WARNING - /home/***/.local/lib/python3.7/site-packages/***/utils/context.py:156 AirflowContextDeprecationWarning: Accessing 'execution_date' from the template is deprecated and will be removed in a future version. Please use 'data_interval_start' or 'logical_date' instead.
[2022-04-05 22:28:53,619] {taskinstance.py:1448} INFO - Exporting the following env vars:
AIRFLOW_CTX_DAG_OWNER=***
AIRFLOW_CTX_DAG_ID=IngestToGCP
AIRFLOW_CTX_TASK_ID=processing_tasks_badges.download_files_badges
AIRFLOW_CTX_EXECUTION_DATE=2008-09-01T00:00:00+00:00
AIRFLOW_CTX_DAG_RUN_ID=scheduled__2008-09-01T00:00:00+00:00
[2022-04-05 22:28:53,620] {subprocess.py:62} INFO - Tmp dir root location: 
 /tmp
[2022-04-05 22:28:53,621] {subprocess.py:74} INFO - Running command: ['bash', '-c', 'curl -A "Mozilla Chrome Safari" -sSfl --connect-timeout 5                     --retry 5                     https://storage.googleapis.com/dtc_data_lake_de-stack-overflow/processed/badges-2008-09.csv > /opt/***/badges-2008-09.csv']
[2022-04-05 22:28:53,699] {subprocess.py:85} INFO - Output:
[2022-04-05 22:28:53,847] {subprocess.py:93} INFO - Command exited with return code 0
[2022-04-05 22:28:54,011] {taskinstance.py:1288} INFO - Marking task as SUCCESS. dag_id=IngestToGCP, task_id=processing_tasks_badges.download_files_badges, execution_date=20080901T000000, start_date=20220405T222852, end_date=20220405T222854
[2022-04-05 22:28:54,172] {local_task_job.py:154} INFO - Task exited with return code 0
[2022-04-05 22:28:54,360] {local_task_job.py:264} INFO - 1 downstream tasks scheduled from follow-on schedule check
