[2022-04-06 04:11:08,404] {taskinstance.py:1043} INFO - Dependencies all met for <TaskInstance: IngestToGCP.processing_tasks_posts_answers.spark_job scheduled__2022-01-01T00:00:00+00:00 [queued]>
[2022-04-06 04:11:08,599] {taskinstance.py:1043} INFO - Dependencies all met for <TaskInstance: IngestToGCP.processing_tasks_posts_answers.spark_job scheduled__2022-01-01T00:00:00+00:00 [queued]>
[2022-04-06 04:11:08,600] {taskinstance.py:1249} INFO - 
--------------------------------------------------------------------------------
[2022-04-06 04:11:08,600] {taskinstance.py:1250} INFO - Starting attempt 1 of 1
[2022-04-06 04:11:08,600] {taskinstance.py:1251} INFO - 
--------------------------------------------------------------------------------
[2022-04-06 04:11:08,792] {taskinstance.py:1270} INFO - Executing <Task(SparkSubmitOperator): processing_tasks_posts_answers.spark_job> on 2022-01-01 00:00:00+00:00
[2022-04-06 04:11:08,892] {standard_task_runner.py:52} INFO - Started process 245596 to run task
[2022-04-06 04:11:08,995] {standard_task_runner.py:79} INFO - Running: ['***', 'tasks', 'run', 'IngestToGCP', 'processing_tasks_posts_answers.spark_job', 'scheduled__2022-01-01T00:00:00+00:00', '--job-id', '12248', '--raw', '--subdir', 'DAGS_FOLDER/ingest_dag.py', '--cfg-path', '/tmp/tmpx57xbq51', '--error-file', '/tmp/tmp_84ex7ji']
[2022-04-06 04:11:08,996] {standard_task_runner.py:80} INFO - Job 12248: Subtask processing_tasks_posts_answers.spark_job
[2022-04-06 04:11:09,744] {logging_mixin.py:109} INFO - Running <TaskInstance: IngestToGCP.processing_tasks_posts_answers.spark_job scheduled__2022-01-01T00:00:00+00:00 [running]> on host 9fe4286b2855
[2022-04-06 04:11:10,451] {logging_mixin.py:109} WARNING - /home/***/.local/lib/python3.7/site-packages/***/utils/context.py:156 AirflowContextDeprecationWarning: Accessing 'execution_date' from the template is deprecated and will be removed in a future version. Please use 'data_interval_start' or 'logical_date' instead.
[2022-04-06 04:11:10,653] {taskinstance.py:1448} INFO - Exporting the following env vars:
AIRFLOW_CTX_DAG_OWNER=***
AIRFLOW_CTX_DAG_ID=IngestToGCP
AIRFLOW_CTX_TASK_ID=processing_tasks_posts_answers.spark_job
AIRFLOW_CTX_EXECUTION_DATE=2022-01-01T00:00:00+00:00
AIRFLOW_CTX_DAG_RUN_ID=scheduled__2022-01-01T00:00:00+00:00
[2022-04-06 04:11:10,692] {base.py:79} INFO - Using connection to: id: spark_project. Host: spark://spark, Port: 7077, Schema: , Login: , Password: None, extra: {'queue': 'root.default'}
[2022-04-06 04:11:10,694] {spark_submit.py:335} INFO - Spark-Submit cmd: spark-submit --master spark://spark:7077 --conf spark.master=local[*] --name format_schema --verbose --queue root.default ./dags/pyspark_parquet_transformation.py posts_answers 2022-01
[2022-04-06 04:11:35,115] {spark_submit.py:488} INFO - Using properties file: null
[2022-04-06 04:11:36,970] {spark_submit.py:488} INFO - WARNING: An illegal reflective access operation has occurred
[2022-04-06 04:11:36,970] {spark_submit.py:488} INFO - WARNING: Illegal reflective access by org.apache.spark.unsafe.Platform (file:/opt/***/spark/spark-3.2.1-bin-hadoop3.2/jars/spark-unsafe_2.12-3.2.1.jar) to constructor java.nio.DirectByteBuffer(long,int)
[2022-04-06 04:11:36,970] {spark_submit.py:488} INFO - WARNING: Please consider reporting this to the maintainers of org.apache.spark.unsafe.Platform
[2022-04-06 04:11:36,971] {spark_submit.py:488} INFO - WARNING: Use --illegal-access=warn to enable warnings of further illegal reflective access operations
[2022-04-06 04:11:36,973] {spark_submit.py:488} INFO - WARNING: All illegal access operations will be denied in a future release
[2022-04-06 04:11:37,936] {spark_submit.py:488} INFO - Parsed arguments:
[2022-04-06 04:11:37,936] {spark_submit.py:488} INFO - master                  spark://spark:7077
[2022-04-06 04:11:37,936] {spark_submit.py:488} INFO - deployMode              null
[2022-04-06 04:11:37,936] {spark_submit.py:488} INFO - executorMemory          null
[2022-04-06 04:11:37,937] {spark_submit.py:488} INFO - executorCores           null
[2022-04-06 04:11:37,937] {spark_submit.py:488} INFO - totalExecutorCores      null
[2022-04-06 04:11:37,937] {spark_submit.py:488} INFO - propertiesFile          null
[2022-04-06 04:11:37,937] {spark_submit.py:488} INFO - driverMemory            null
[2022-04-06 04:11:37,937] {spark_submit.py:488} INFO - driverCores             null
[2022-04-06 04:11:37,937] {spark_submit.py:488} INFO - driverExtraClassPath    null
[2022-04-06 04:11:37,937] {spark_submit.py:488} INFO - driverExtraLibraryPath  null
[2022-04-06 04:11:37,937] {spark_submit.py:488} INFO - driverExtraJavaOptions  null
[2022-04-06 04:11:37,937] {spark_submit.py:488} INFO - supervise               false
[2022-04-06 04:11:37,938] {spark_submit.py:488} INFO - queue                   root.default
[2022-04-06 04:11:37,938] {spark_submit.py:488} INFO - numExecutors            null
[2022-04-06 04:11:37,938] {spark_submit.py:488} INFO - files                   null
[2022-04-06 04:11:37,938] {spark_submit.py:488} INFO - pyFiles                 null
[2022-04-06 04:11:37,938] {spark_submit.py:488} INFO - archives                null
[2022-04-06 04:11:37,938] {spark_submit.py:488} INFO - mainClass               null
[2022-04-06 04:11:37,938] {spark_submit.py:488} INFO - primaryResource         file:/opt/***/dags/pyspark_parquet_transformation.py
[2022-04-06 04:11:37,938] {spark_submit.py:488} INFO - name                    format_schema
[2022-04-06 04:11:37,938] {spark_submit.py:488} INFO - childArgs               [posts_answers 2022-01]
[2022-04-06 04:11:37,938] {spark_submit.py:488} INFO - jars                    null
[2022-04-06 04:11:37,938] {spark_submit.py:488} INFO - packages                null
[2022-04-06 04:11:37,938] {spark_submit.py:488} INFO - packagesExclusions      null
[2022-04-06 04:11:37,938] {spark_submit.py:488} INFO - repositories            null
[2022-04-06 04:11:37,938] {spark_submit.py:488} INFO - verbose                 true
[2022-04-06 04:11:37,939] {spark_submit.py:488} INFO - 
[2022-04-06 04:11:37,939] {spark_submit.py:488} INFO - Spark properties used, including those specified through
[2022-04-06 04:11:37,939] {spark_submit.py:488} INFO - --conf and those from the properties file null:
[2022-04-06 04:11:37,939] {spark_submit.py:488} INFO - (spark.master,local[*])
[2022-04-06 04:11:37,939] {spark_submit.py:488} INFO - 
[2022-04-06 04:11:37,939] {spark_submit.py:488} INFO - 
[2022-04-06 04:11:43,314] {spark_submit.py:488} INFO - Main class:
[2022-04-06 04:11:43,336] {spark_submit.py:488} INFO - org.apache.spark.deploy.PythonRunner
[2022-04-06 04:11:43,338] {spark_submit.py:488} INFO - Arguments:
[2022-04-06 04:11:43,338] {spark_submit.py:488} INFO - file:/opt/***/dags/pyspark_parquet_transformation.py
[2022-04-06 04:11:43,338] {spark_submit.py:488} INFO - null
[2022-04-06 04:11:43,338] {spark_submit.py:488} INFO - posts_answers
[2022-04-06 04:11:43,338] {spark_submit.py:488} INFO - 2022-01
[2022-04-06 04:11:43,407] {spark_submit.py:488} INFO - Spark config:
[2022-04-06 04:11:43,408] {spark_submit.py:488} INFO - (spark.master,spark://spark:7077)
[2022-04-06 04:11:43,408] {spark_submit.py:488} INFO - (spark.submit.pyFiles,)
[2022-04-06 04:11:43,408] {spark_submit.py:488} INFO - (spark.submit.deployMode,client)
[2022-04-06 04:11:43,408] {spark_submit.py:488} INFO - (spark.app.name,format_schema)
[2022-04-06 04:11:43,409] {spark_submit.py:488} INFO - Classpath elements:
[2022-04-06 04:11:43,409] {spark_submit.py:488} INFO - 
[2022-04-06 04:11:43,410] {spark_submit.py:488} INFO - 
[2022-04-06 04:11:43,416] {spark_submit.py:488} INFO - 
[2022-04-06 04:11:59,781] {spark_submit.py:488} INFO - Using Spark's default log4j profile: org/apache/spark/log4j-defaults.properties
[2022-04-06 04:12:00,007] {spark_submit.py:488} INFO - 22/04/06 04:12:00 INFO SparkContext: Running Spark version 3.2.1
[2022-04-06 04:12:01,900] {spark_submit.py:488} INFO - 22/04/06 04:12:01 WARN NativeCodeLoader: Unable to load native-hadoop library for your platform... using builtin-java classes where applicable
[2022-04-06 04:12:04,536] {spark_submit.py:488} INFO - 22/04/06 04:12:04 INFO ResourceUtils: ==============================================================
[2022-04-06 04:12:04,537] {spark_submit.py:488} INFO - 22/04/06 04:12:04 INFO ResourceUtils: No custom resources configured for spark.driver.
[2022-04-06 04:12:04,538] {spark_submit.py:488} INFO - 22/04/06 04:12:04 INFO ResourceUtils: ==============================================================
[2022-04-06 04:12:04,578] {spark_submit.py:488} INFO - 22/04/06 04:12:04 INFO SparkContext: Submitted application: Modidy Schema
[2022-04-06 04:12:05,033] {spark_submit.py:488} INFO - 22/04/06 04:12:05 INFO ResourceProfile: Default ResourceProfile created, executor resources: Map(cores -> name: cores, amount: 1, script: , vendor: , memory -> name: memory, amount: 1024, script: , vendor: , offHeap -> name: offHeap, amount: 0, script: , vendor: ), task resources: Map(cpus -> name: cpus, amount: 1.0)
[2022-04-06 04:12:05,568] {spark_submit.py:488} INFO - 22/04/06 04:12:05 INFO ResourceProfile: Limiting resource is cpu
[2022-04-06 04:12:05,636] {spark_submit.py:488} INFO - 22/04/06 04:12:05 INFO ResourceProfileManager: Added ResourceProfile id: 0
[2022-04-06 04:12:07,315] {spark_submit.py:488} INFO - 22/04/06 04:12:07 INFO SecurityManager: Changing view acls to: default
[2022-04-06 04:12:07,317] {spark_submit.py:488} INFO - 22/04/06 04:12:07 INFO SecurityManager: Changing modify acls to: default
[2022-04-06 04:12:07,318] {spark_submit.py:488} INFO - 22/04/06 04:12:07 INFO SecurityManager: Changing view acls groups to:
[2022-04-06 04:12:07,320] {spark_submit.py:488} INFO - 22/04/06 04:12:07 INFO SecurityManager: Changing modify acls groups to:
[2022-04-06 04:12:07,385] {spark_submit.py:488} INFO - 22/04/06 04:12:07 INFO SecurityManager: SecurityManager: authentication disabled; ui acls disabled; users  with view permissions: Set(default); groups with view permissions: Set(); users  with modify permissions: Set(default); groups with modify permissions: Set()
[2022-04-06 04:12:14,775] {spark_submit.py:488} INFO - 22/04/06 04:12:14 INFO Utils: Successfully started service 'sparkDriver' on port 32781.
[2022-04-06 04:12:15,561] {spark_submit.py:488} INFO - 22/04/06 04:12:15 INFO SparkEnv: Registering MapOutputTracker
[2022-04-06 04:12:16,245] {spark_submit.py:488} INFO - 22/04/06 04:12:16 INFO SparkEnv: Registering BlockManagerMaster
[2022-04-06 04:12:16,549] {spark_submit.py:488} INFO - 22/04/06 04:12:16 INFO BlockManagerMasterEndpoint: Using org.apache.spark.storage.DefaultTopologyMapper for getting topology information
[2022-04-06 04:12:16,551] {spark_submit.py:488} INFO - 22/04/06 04:12:16 INFO BlockManagerMasterEndpoint: BlockManagerMasterEndpoint up
[2022-04-06 04:12:16,626] {spark_submit.py:488} INFO - 22/04/06 04:12:16 INFO SparkEnv: Registering BlockManagerMasterHeartbeat
[2022-04-06 04:12:17,078] {spark_submit.py:488} INFO - 22/04/06 04:12:17 INFO DiskBlockManager: Created local directory at /tmp/blockmgr-6f314e2f-b5d7-4975-8f13-f399d14e2331
[2022-04-06 04:12:17,575] {spark_submit.py:488} INFO - 22/04/06 04:12:17 INFO MemoryStore: MemoryStore started with capacity 434.4 MiB
[2022-04-06 04:12:17,873] {spark_submit.py:488} INFO - 22/04/06 04:12:17 INFO SparkEnv: Registering OutputCommitCoordinator
[2022-04-06 04:12:24,010] {spark_submit.py:488} INFO - 22/04/06 04:12:24 INFO Utils: Successfully started service 'SparkUI' on port 4040.
[2022-04-06 04:12:25,663] {spark_submit.py:488} INFO - 22/04/06 04:12:25 INFO SparkUI: Bound SparkUI to 0.0.0.0, and started at http://9fe4286b2855:4040
[2022-04-06 04:12:30,241] {spark_submit.py:488} INFO - 22/04/06 04:12:30 INFO Executor: Starting executor ID driver on host 9fe4286b2855
[2022-04-06 04:12:31,056] {spark_submit.py:488} INFO - 22/04/06 04:12:31 INFO Utils: Successfully started service 'org.apache.spark.network.netty.NettyBlockTransferService' on port 34403.
[2022-04-06 04:12:31,056] {spark_submit.py:488} INFO - 22/04/06 04:12:31 INFO NettyBlockTransferService: Server created on 9fe4286b2855:34403
[2022-04-06 04:12:31,056] {spark_submit.py:488} INFO - 22/04/06 04:12:31 INFO BlockManager: Using org.apache.spark.storage.RandomBlockReplicationPolicy for block replication policy
[2022-04-06 04:12:31,101] {spark_submit.py:488} INFO - 22/04/06 04:12:31 INFO BlockManagerMaster: Registering BlockManager BlockManagerId(driver, 9fe4286b2855, 34403, None)
[2022-04-06 04:12:31,109] {spark_submit.py:488} INFO - 22/04/06 04:12:31 INFO BlockManagerMasterEndpoint: Registering block manager 9fe4286b2855:34403 with 434.4 MiB RAM, BlockManagerId(driver, 9fe4286b2855, 34403, None)
[2022-04-06 04:12:31,137] {spark_submit.py:488} INFO - 22/04/06 04:12:31 INFO BlockManagerMaster: Registered BlockManager BlockManagerId(driver, 9fe4286b2855, 34403, None)
[2022-04-06 04:12:31,173] {spark_submit.py:488} INFO - 22/04/06 04:12:31 INFO BlockManager: Initialized BlockManager: BlockManagerId(driver, 9fe4286b2855, 34403, None)
[2022-04-06 04:12:51,953] {spark_submit.py:488} INFO - 22/04/06 04:12:51 INFO SharedState: Setting hive.metastore.warehouse.dir ('null') to the value of spark.sql.warehouse.dir.
[2022-04-06 04:12:52,928] {spark_submit.py:488} INFO - 22/04/06 04:12:52 INFO SharedState: Warehouse path is 'file:/opt/***/spark-warehouse'.
[2022-04-06 04:13:29,141] {spark_submit.py:488} INFO - 22/04/06 04:13:29 INFO InMemoryFileIndex: It took 1537 ms to list leaf files for 1 paths.
[2022-04-06 04:13:41,258] {spark_submit.py:488} INFO - 22/04/06 04:13:41 INFO SparkContext: Starting job: parquet at NativeMethodAccessorImpl.java:0
[2022-04-06 04:13:41,513] {spark_submit.py:488} INFO - 22/04/06 04:13:41 INFO DAGScheduler: Got job 0 (parquet at NativeMethodAccessorImpl.java:0) with 1 output partitions
[2022-04-06 04:13:41,514] {spark_submit.py:488} INFO - 22/04/06 04:13:41 INFO DAGScheduler: Final stage: ResultStage 0 (parquet at NativeMethodAccessorImpl.java:0)
[2022-04-06 04:13:41,584] {spark_submit.py:488} INFO - 22/04/06 04:13:41 INFO DAGScheduler: Parents of final stage: List()
[2022-04-06 04:13:41,589] {spark_submit.py:488} INFO - 22/04/06 04:13:41 INFO DAGScheduler: Missing parents: List()
[2022-04-06 04:13:41,691] {spark_submit.py:488} INFO - 22/04/06 04:13:41 INFO DAGScheduler: Submitting ResultStage 0 (MapPartitionsRDD[1] at parquet at NativeMethodAccessorImpl.java:0), which has no missing parents
[2022-04-06 04:13:43,062] {spark_submit.py:488} INFO - 22/04/06 04:13:43 INFO AsyncEventQueue: Process of event SparkListenerJobStart(0,1649218421588,WrappedArray(org.apache.spark.scheduler.StageInfo@167c68ce),{spark.rdd.scope={"id":"2","name":"collect"}, spark.rdd.scope.noOverride=true}) by listener AppStatusListener took 1.191690095s.
[2022-04-06 04:13:44,132] {spark_submit.py:488} INFO - 22/04/06 04:13:44 INFO MemoryStore: Block broadcast_0 stored as values in memory (estimated size 100.1 KiB, free 434.3 MiB)
[2022-04-06 04:13:44,696] {spark_submit.py:488} INFO - 22/04/06 04:13:44 INFO MemoryStore: Block broadcast_0_piece0 stored as bytes in memory (estimated size 35.7 KiB, free 434.3 MiB)
[2022-04-06 04:13:44,704] {spark_submit.py:488} INFO - 22/04/06 04:13:44 INFO BlockManagerInfo: Added broadcast_0_piece0 in memory on 9fe4286b2855:34403 (size: 35.7 KiB, free: 434.4 MiB)
[2022-04-06 04:13:44,760] {spark_submit.py:488} INFO - 22/04/06 04:13:44 INFO SparkContext: Created broadcast 0 from broadcast at DAGScheduler.scala:1478
[2022-04-06 04:13:45,353] {spark_submit.py:488} INFO - 22/04/06 04:13:45 INFO DAGScheduler: Submitting 1 missing tasks from ResultStage 0 (MapPartitionsRDD[1] at parquet at NativeMethodAccessorImpl.java:0) (first 15 tasks are for partitions Vector(0))
[2022-04-06 04:13:45,354] {spark_submit.py:488} INFO - 22/04/06 04:13:45 INFO TaskSchedulerImpl: Adding task set 0.0 with 1 tasks resource profile 0
[2022-04-06 04:13:47,916] {spark_submit.py:488} INFO - 22/04/06 04:13:47 INFO TaskSetManager: Starting task 0.0 in stage 0.0 (TID 0) (9fe4286b2855, executor driver, partition 0, PROCESS_LOCAL, 4622 bytes) taskResourceAssignments Map()
[2022-04-06 04:13:49,241] {spark_submit.py:488} INFO - 22/04/06 04:13:49 INFO Executor: Running task 0.0 in stage 0.0 (TID 0)
[2022-04-06 04:14:00,804] {spark_submit.py:488} INFO - 22/04/06 04:14:00 INFO Executor: Finished task 0.0 in stage 0.0 (TID 0). 2409 bytes result sent to driver
[2022-04-06 04:14:00,990] {spark_submit.py:488} INFO - 22/04/06 04:14:00 INFO TaskSetManager: Finished task 0.0 in stage 0.0 (TID 0) in 14280 ms on 9fe4286b2855 (executor driver) (1/1)
[2022-04-06 04:14:01,047] {spark_submit.py:488} INFO - 22/04/06 04:14:01 INFO DAGScheduler: ResultStage 0 (parquet at NativeMethodAccessorImpl.java:0) finished in 18.925 s
[2022-04-06 04:14:01,052] {spark_submit.py:488} INFO - 22/04/06 04:14:00 INFO TaskSchedulerImpl: Removed TaskSet 0.0, whose tasks have all completed, from pool
[2022-04-06 04:14:01,130] {spark_submit.py:488} INFO - 22/04/06 04:14:01 INFO DAGScheduler: Job 0 is finished. Cancelling potential speculative or zombie tasks for this job
[2022-04-06 04:14:01,135] {spark_submit.py:488} INFO - 22/04/06 04:14:01 INFO TaskSchedulerImpl: Killing all running tasks in stage 0: Stage finished
[2022-04-06 04:14:01,188] {spark_submit.py:488} INFO - 22/04/06 04:14:01 INFO DAGScheduler: Job 0 finished: parquet at NativeMethodAccessorImpl.java:0, took 19.913462 s
[2022-04-06 04:14:02,237] {spark_submit.py:488} INFO - 22/04/06 04:14:02 INFO BlockManagerInfo: Removed broadcast_0_piece0 on 9fe4286b2855:34403 in memory (size: 35.7 KiB, free: 434.4 MiB)
[2022-04-06 04:14:56,975] {spark_submit.py:488} INFO - 22/04/06 04:14:56 INFO FileSourceStrategy: Pushed Filters:
[2022-04-06 04:14:57,033] {spark_submit.py:488} INFO - 22/04/06 04:14:57 INFO FileSourceStrategy: Post-Scan Filters:
[2022-04-06 04:14:57,077] {spark_submit.py:488} INFO - 22/04/06 04:14:57 INFO FileSourceStrategy: Output Data Schema: struct<id: bigint, title: double, body: string, accepted_answer_id: double, answer_count: double ... 19 more fields>
[2022-04-06 04:14:59,958] {spark_submit.py:488} INFO - 22/04/06 04:14:59 INFO ParquetFileFormat: Using default output committer for Parquet: org.apache.parquet.hadoop.ParquetOutputCommitter
[2022-04-06 04:15:00,407] {spark_submit.py:488} INFO - 22/04/06 04:15:00 INFO FileOutputCommitter: File Output Committer Algorithm version is 1
[2022-04-06 04:15:00,408] {spark_submit.py:488} INFO - 22/04/06 04:15:00 INFO FileOutputCommitter: FileOutputCommitter skip cleanup _temporary folders under output directory:false, ignore cleanup failures: false
[2022-04-06 04:15:00,441] {spark_submit.py:488} INFO - 22/04/06 04:15:00 INFO SQLHadoopMapReduceCommitProtocol: Using user defined output committer class org.apache.parquet.hadoop.ParquetOutputCommitter
[2022-04-06 04:15:00,448] {spark_submit.py:488} INFO - 22/04/06 04:15:00 INFO FileOutputCommitter: File Output Committer Algorithm version is 1
[2022-04-06 04:15:00,449] {spark_submit.py:488} INFO - 22/04/06 04:15:00 INFO FileOutputCommitter: FileOutputCommitter skip cleanup _temporary folders under output directory:false, ignore cleanup failures: false
[2022-04-06 04:15:00,460] {spark_submit.py:488} INFO - 22/04/06 04:15:00 INFO SQLHadoopMapReduceCommitProtocol: Using output committer class org.apache.parquet.hadoop.ParquetOutputCommitter
[2022-04-06 04:15:14,848] {spark_submit.py:488} INFO - 22/04/06 04:15:14 INFO CodeGenerator: Code generated in 10901.614071 ms
[2022-04-06 04:15:15,182] {spark_submit.py:488} INFO - 22/04/06 04:15:15 INFO MemoryStore: Block broadcast_1 stored as values in memory (estimated size 194.3 KiB, free 434.2 MiB)
[2022-04-06 04:15:15,418] {spark_submit.py:488} INFO - 22/04/06 04:15:15 INFO MemoryStore: Block broadcast_1_piece0 stored as bytes in memory (estimated size 34.3 KiB, free 434.2 MiB)
[2022-04-06 04:15:15,421] {spark_submit.py:488} INFO - 22/04/06 04:15:15 INFO BlockManagerInfo: Added broadcast_1_piece0 in memory on 9fe4286b2855:34403 (size: 34.3 KiB, free: 434.4 MiB)
[2022-04-06 04:15:15,463] {spark_submit.py:488} INFO - 22/04/06 04:15:15 INFO SparkContext: Created broadcast 1 from save at NativeMethodAccessorImpl.java:0
[2022-04-06 04:15:15,582] {spark_submit.py:488} INFO - 22/04/06 04:15:15 INFO FileSourceScanExec: Planning scan with bin packing, max size: 22662709 bytes, open cost is considered as scanning 4194304 bytes.
[2022-04-06 04:15:16,951] {spark_submit.py:488} INFO - 22/04/06 04:15:16 INFO DAGScheduler: Registering RDD 6 (save at NativeMethodAccessorImpl.java:0) as input to shuffle 0
[2022-04-06 04:15:16,958] {spark_submit.py:488} INFO - 22/04/06 04:15:16 INFO DAGScheduler: Got map stage job 1 (save at NativeMethodAccessorImpl.java:0) with 4 output partitions
[2022-04-06 04:15:16,994] {spark_submit.py:488} INFO - 22/04/06 04:15:16 INFO DAGScheduler: Final stage: ShuffleMapStage 1 (save at NativeMethodAccessorImpl.java:0)
[2022-04-06 04:15:16,999] {spark_submit.py:488} INFO - 22/04/06 04:15:16 INFO DAGScheduler: Parents of final stage: List()
[2022-04-06 04:15:17,006] {spark_submit.py:488} INFO - 22/04/06 04:15:17 INFO DAGScheduler: Missing parents: List()
[2022-04-06 04:15:17,035] {spark_submit.py:488} INFO - 22/04/06 04:15:17 INFO DAGScheduler: Submitting ShuffleMapStage 1 (MapPartitionsRDD[6] at save at NativeMethodAccessorImpl.java:0), which has no missing parents
[2022-04-06 04:15:17,596] {spark_submit.py:488} INFO - 22/04/06 04:15:17 INFO MemoryStore: Block broadcast_2 stored as values in memory (estimated size 32.6 KiB, free 434.1 MiB)
[2022-04-06 04:15:17,602] {spark_submit.py:488} INFO - 22/04/06 04:15:17 INFO MemoryStore: Block broadcast_2_piece0 stored as bytes in memory (estimated size 10.6 KiB, free 434.1 MiB)
[2022-04-06 04:15:17,605] {spark_submit.py:488} INFO - 22/04/06 04:15:17 INFO BlockManagerInfo: Added broadcast_2_piece0 in memory on 9fe4286b2855:34403 (size: 10.6 KiB, free: 434.4 MiB)
[2022-04-06 04:15:17,641] {spark_submit.py:488} INFO - 22/04/06 04:15:17 INFO SparkContext: Created broadcast 2 from broadcast at DAGScheduler.scala:1478
[2022-04-06 04:15:17,669] {spark_submit.py:488} INFO - 22/04/06 04:15:17 INFO DAGScheduler: Submitting 4 missing tasks from ShuffleMapStage 1 (MapPartitionsRDD[6] at save at NativeMethodAccessorImpl.java:0) (first 15 tasks are for partitions Vector(0, 1, 2, 3))
[2022-04-06 04:15:17,676] {spark_submit.py:488} INFO - 22/04/06 04:15:17 INFO TaskSchedulerImpl: Adding task set 1.0 with 4 tasks resource profile 0
[2022-04-06 04:15:17,687] {spark_submit.py:488} INFO - 22/04/06 04:15:17 INFO TaskSetManager: Starting task 0.0 in stage 1.0 (TID 1) (9fe4286b2855, executor driver, partition 0, PROCESS_LOCAL, 4888 bytes) taskResourceAssignments Map()
[2022-04-06 04:15:17,693] {spark_submit.py:488} INFO - 22/04/06 04:15:17 INFO TaskSetManager: Starting task 1.0 in stage 1.0 (TID 2) (9fe4286b2855, executor driver, partition 1, PROCESS_LOCAL, 4888 bytes) taskResourceAssignments Map()
[2022-04-06 04:15:17,706] {spark_submit.py:488} INFO - 22/04/06 04:15:17 INFO TaskSetManager: Starting task 2.0 in stage 1.0 (TID 3) (9fe4286b2855, executor driver, partition 2, PROCESS_LOCAL, 4888 bytes) taskResourceAssignments Map()
[2022-04-06 04:15:17,765] {spark_submit.py:488} INFO - 22/04/06 04:15:17 INFO TaskSetManager: Starting task 3.0 in stage 1.0 (TID 4) (9fe4286b2855, executor driver, partition 3, PROCESS_LOCAL, 4888 bytes) taskResourceAssignments Map()
[2022-04-06 04:15:17,849] {spark_submit.py:488} INFO - 22/04/06 04:15:17 INFO Executor: Running task 1.0 in stage 1.0 (TID 2)
[2022-04-06 04:15:17,852] {spark_submit.py:488} INFO - 22/04/06 04:15:17 INFO Executor: Running task 0.0 in stage 1.0 (TID 1)
[2022-04-06 04:15:17,893] {spark_submit.py:488} INFO - 22/04/06 04:15:17 INFO Executor: Running task 2.0 in stage 1.0 (TID 3)
[2022-04-06 04:15:17,979] {spark_submit.py:488} INFO - 22/04/06 04:15:17 INFO Executor: Running task 3.0 in stage 1.0 (TID 4)
[2022-04-06 04:15:18,473] {spark_submit.py:488} INFO - 22/04/06 04:15:18 INFO FileScanRDD: Reading File path: gs://dtc_data_lake_de-stack-overflow/parquet/posts_answers-2022-01.parquet, range: 45325418-67988127, partition values: [empty row]
[2022-04-06 04:15:18,478] {spark_submit.py:488} INFO - 22/04/06 04:15:18 INFO FileScanRDD: Reading File path: gs://dtc_data_lake_de-stack-overflow/parquet/posts_answers-2022-01.parquet, range: 0-22662709, partition values: [empty row]
[2022-04-06 04:15:18,486] {spark_submit.py:488} INFO - 22/04/06 04:15:18 INFO FileScanRDD: Reading File path: gs://dtc_data_lake_de-stack-overflow/parquet/posts_answers-2022-01.parquet, range: 67988127-86456532, partition values: [empty row]
[2022-04-06 04:15:18,487] {spark_submit.py:488} INFO - 22/04/06 04:15:18 INFO FileScanRDD: Reading File path: gs://dtc_data_lake_de-stack-overflow/parquet/posts_answers-2022-01.parquet, range: 22662709-45325418, partition values: [empty row]
[2022-04-06 04:15:21,693] {spark_submit.py:488} INFO - 22/04/06 04:15:21 INFO Executor: Finished task 2.0 in stage 1.0 (TID 3). 1857 bytes result sent to driver
[2022-04-06 04:15:21,723] {spark_submit.py:488} INFO - 22/04/06 04:15:21 INFO Executor: Finished task 3.0 in stage 1.0 (TID 4). 1857 bytes result sent to driver
[2022-04-06 04:15:21,733] {spark_submit.py:488} INFO - 22/04/06 04:15:21 INFO Executor: Finished task 0.0 in stage 1.0 (TID 1). 1900 bytes result sent to driver
[2022-04-06 04:15:21,830] {spark_submit.py:488} INFO - 22/04/06 04:15:21 INFO TaskSetManager: Finished task 2.0 in stage 1.0 (TID 3) in 4134 ms on 9fe4286b2855 (executor driver) (1/4)
[2022-04-06 04:15:21,832] {spark_submit.py:488} INFO - 22/04/06 04:15:21 INFO TaskSetManager: Finished task 3.0 in stage 1.0 (TID 4) in 4067 ms on 9fe4286b2855 (executor driver) (2/4)
[2022-04-06 04:15:21,841] {spark_submit.py:488} INFO - 22/04/06 04:15:21 INFO TaskSetManager: Finished task 0.0 in stage 1.0 (TID 1) in 4161 ms on 9fe4286b2855 (executor driver) (3/4)
[2022-04-06 04:15:32,890] {spark_submit.py:488} INFO - 22/04/06 04:15:32 INFO CodecPool: Got brand-new decompressor [.snappy]
[2022-04-06 04:16:20,252] {spark_submit.py:488} INFO - 22/04/06 04:16:20 INFO Executor: Finished task 1.0 in stage 1.0 (TID 2). 2029 bytes result sent to driver
[2022-04-06 04:16:20,260] {spark_submit.py:488} INFO - 22/04/06 04:16:20 INFO TaskSetManager: Finished task 1.0 in stage 1.0 (TID 2) in 62568 ms on 9fe4286b2855 (executor driver) (4/4)
[2022-04-06 04:16:20,260] {spark_submit.py:488} INFO - 22/04/06 04:16:20 INFO TaskSchedulerImpl: Removed TaskSet 1.0, whose tasks have all completed, from pool
[2022-04-06 04:16:20,260] {spark_submit.py:488} INFO - 22/04/06 04:16:20 INFO DAGScheduler: ShuffleMapStage 1 (save at NativeMethodAccessorImpl.java:0) finished in 63.164 s
[2022-04-06 04:16:20,260] {spark_submit.py:488} INFO - 22/04/06 04:16:20 INFO DAGScheduler: looking for newly runnable stages
[2022-04-06 04:16:20,264] {spark_submit.py:488} INFO - 22/04/06 04:16:20 INFO DAGScheduler: running: Set()
[2022-04-06 04:16:20,264] {spark_submit.py:488} INFO - 22/04/06 04:16:20 INFO DAGScheduler: waiting: Set()
[2022-04-06 04:16:20,264] {spark_submit.py:488} INFO - 22/04/06 04:16:20 INFO DAGScheduler: failed: Set()
[2022-04-06 04:16:21,143] {spark_submit.py:488} INFO - 22/04/06 04:16:21 INFO SparkContext: Starting job: save at NativeMethodAccessorImpl.java:0
[2022-04-06 04:16:21,186] {spark_submit.py:488} INFO - 22/04/06 04:16:21 INFO DAGScheduler: Got job 2 (save at NativeMethodAccessorImpl.java:0) with 4 output partitions
[2022-04-06 04:16:21,187] {spark_submit.py:488} INFO - 22/04/06 04:16:21 INFO DAGScheduler: Final stage: ResultStage 3 (save at NativeMethodAccessorImpl.java:0)
[2022-04-06 04:16:21,187] {spark_submit.py:488} INFO - 22/04/06 04:16:21 INFO DAGScheduler: Parents of final stage: List(ShuffleMapStage 2)
[2022-04-06 04:16:21,187] {spark_submit.py:488} INFO - 22/04/06 04:16:21 INFO DAGScheduler: Missing parents: List()
[2022-04-06 04:16:21,192] {spark_submit.py:488} INFO - 22/04/06 04:16:21 INFO DAGScheduler: Submitting ResultStage 3 (ShuffledRowRDD[7] at save at NativeMethodAccessorImpl.java:0), which has no missing parents
[2022-04-06 04:16:21,714] {spark_submit.py:488} INFO - 22/04/06 04:16:21 INFO MemoryStore: Block broadcast_3 stored as values in memory (estimated size 204.1 KiB, free 433.9 MiB)
[2022-04-06 04:16:21,770] {spark_submit.py:488} INFO - 22/04/06 04:16:21 INFO MemoryStore: Block broadcast_3_piece0 stored as bytes in memory (estimated size 72.9 KiB, free 433.9 MiB)
[2022-04-06 04:16:21,771] {spark_submit.py:488} INFO - 22/04/06 04:16:21 INFO BlockManagerInfo: Added broadcast_3_piece0 in memory on 9fe4286b2855:34403 (size: 72.9 KiB, free: 434.3 MiB)
[2022-04-06 04:16:21,789] {spark_submit.py:488} INFO - 22/04/06 04:16:21 INFO SparkContext: Created broadcast 3 from broadcast at DAGScheduler.scala:1478
[2022-04-06 04:16:21,791] {spark_submit.py:488} INFO - 22/04/06 04:16:21 INFO DAGScheduler: Submitting 4 missing tasks from ResultStage 3 (ShuffledRowRDD[7] at save at NativeMethodAccessorImpl.java:0) (first 15 tasks are for partitions Vector(0, 1, 2, 3))
[2022-04-06 04:16:21,816] {spark_submit.py:488} INFO - 22/04/06 04:16:21 INFO TaskSchedulerImpl: Adding task set 3.0 with 4 tasks resource profile 0
[2022-04-06 04:16:21,849] {spark_submit.py:488} INFO - 22/04/06 04:16:21 INFO TaskSetManager: Starting task 0.0 in stage 3.0 (TID 5) (9fe4286b2855, executor driver, partition 0, NODE_LOCAL, 4453 bytes) taskResourceAssignments Map()
[2022-04-06 04:16:21,850] {spark_submit.py:488} INFO - 22/04/06 04:16:21 INFO TaskSetManager: Starting task 1.0 in stage 3.0 (TID 6) (9fe4286b2855, executor driver, partition 1, NODE_LOCAL, 4453 bytes) taskResourceAssignments Map()
[2022-04-06 04:16:21,851] {spark_submit.py:488} INFO - 22/04/06 04:16:21 INFO TaskSetManager: Starting task 2.0 in stage 3.0 (TID 7) (9fe4286b2855, executor driver, partition 2, NODE_LOCAL, 4453 bytes) taskResourceAssignments Map()
[2022-04-06 04:16:21,851] {spark_submit.py:488} INFO - 22/04/06 04:16:21 INFO TaskSetManager: Starting task 3.0 in stage 3.0 (TID 8) (9fe4286b2855, executor driver, partition 3, NODE_LOCAL, 4453 bytes) taskResourceAssignments Map()
[2022-04-06 04:16:21,852] {spark_submit.py:488} INFO - 22/04/06 04:16:21 INFO Executor: Running task 0.0 in stage 3.0 (TID 5)
[2022-04-06 04:16:21,892] {spark_submit.py:488} INFO - 22/04/06 04:16:21 INFO Executor: Running task 1.0 in stage 3.0 (TID 6)
[2022-04-06 04:16:21,985] {spark_submit.py:488} INFO - 22/04/06 04:16:21 INFO Executor: Running task 2.0 in stage 3.0 (TID 7)
[2022-04-06 04:16:22,012] {spark_submit.py:488} INFO - 22/04/06 04:16:22 INFO Executor: Running task 3.0 in stage 3.0 (TID 8)
[2022-04-06 04:16:22,463] {spark_submit.py:488} INFO - 22/04/06 04:16:22 INFO ShuffleBlockFetcherIterator: Getting 1 (24.5 MiB) non-empty blocks including 1 (24.5 MiB) local and 0 (0.0 B) host-local and 0 (0.0 B) push-merged-local and 0 (0.0 B) remote blocks
[2022-04-06 04:16:22,468] {spark_submit.py:488} INFO - 22/04/06 04:16:22 INFO ShuffleBlockFetcherIterator: Started 0 remote fetches in 23 ms
[2022-04-06 04:16:22,544] {spark_submit.py:488} INFO - 22/04/06 04:16:22 INFO ShuffleBlockFetcherIterator: Getting 1 (22.2 MiB) non-empty blocks including 1 (22.2 MiB) local and 0 (0.0 B) host-local and 0 (0.0 B) push-merged-local and 0 (0.0 B) remote blocks
[2022-04-06 04:16:22,545] {spark_submit.py:488} INFO - 22/04/06 04:16:22 INFO ShuffleBlockFetcherIterator: Started 0 remote fetches in 103 ms
[2022-04-06 04:16:22,554] {spark_submit.py:488} INFO - 22/04/06 04:16:22 INFO ShuffleBlockFetcherIterator: Getting 1 (24.5 MiB) non-empty blocks including 1 (24.5 MiB) local and 0 (0.0 B) host-local and 0 (0.0 B) push-merged-local and 0 (0.0 B) remote blocks
[2022-04-06 04:16:22,555] {spark_submit.py:488} INFO - 22/04/06 04:16:22 INFO ShuffleBlockFetcherIterator: Started 0 remote fetches in 1 ms
[2022-04-06 04:16:22,579] {spark_submit.py:488} INFO - 22/04/06 04:16:22 INFO ShuffleBlockFetcherIterator: Getting 1 (24.5 MiB) non-empty blocks including 1 (24.5 MiB) local and 0 (0.0 B) host-local and 0 (0.0 B) push-merged-local and 0 (0.0 B) remote blocks
[2022-04-06 04:16:22,579] {spark_submit.py:488} INFO - 22/04/06 04:16:22 INFO ShuffleBlockFetcherIterator: Started 0 remote fetches in 134 ms
[2022-04-06 04:16:22,629] {spark_submit.py:488} INFO - 22/04/06 04:16:22 INFO FileOutputCommitter: File Output Committer Algorithm version is 1
[2022-04-06 04:16:22,629] {spark_submit.py:488} INFO - 22/04/06 04:16:22 INFO FileOutputCommitter: FileOutputCommitter skip cleanup _temporary folders under output directory:false, ignore cleanup failures: false
[2022-04-06 04:16:22,630] {spark_submit.py:488} INFO - 22/04/06 04:16:22 INFO SQLHadoopMapReduceCommitProtocol: Using user defined output committer class org.apache.parquet.hadoop.ParquetOutputCommitter
[2022-04-06 04:16:22,631] {spark_submit.py:488} INFO - 22/04/06 04:16:22 INFO FileOutputCommitter: File Output Committer Algorithm version is 1
[2022-04-06 04:16:22,631] {spark_submit.py:488} INFO - 22/04/06 04:16:22 INFO FileOutputCommitter: FileOutputCommitter skip cleanup _temporary folders under output directory:false, ignore cleanup failures: false
[2022-04-06 04:16:22,631] {spark_submit.py:488} INFO - 22/04/06 04:16:22 INFO SQLHadoopMapReduceCommitProtocol: Using output committer class org.apache.parquet.hadoop.ParquetOutputCommitter
[2022-04-06 04:16:22,685] {spark_submit.py:488} INFO - 22/04/06 04:16:22 INFO FileOutputCommitter: File Output Committer Algorithm version is 1
[2022-04-06 04:16:22,685] {spark_submit.py:488} INFO - 22/04/06 04:16:22 INFO FileOutputCommitter: FileOutputCommitter skip cleanup _temporary folders under output directory:false, ignore cleanup failures: false
[2022-04-06 04:16:22,691] {spark_submit.py:488} INFO - 22/04/06 04:16:22 INFO FileOutputCommitter: File Output Committer Algorithm version is 1
[2022-04-06 04:16:22,691] {spark_submit.py:488} INFO - 22/04/06 04:16:22 INFO FileOutputCommitter: FileOutputCommitter skip cleanup _temporary folders under output directory:false, ignore cleanup failures: false
[2022-04-06 04:16:22,693] {spark_submit.py:488} INFO - 22/04/06 04:16:22 INFO FileOutputCommitter: File Output Committer Algorithm version is 1
[2022-04-06 04:16:22,693] {spark_submit.py:488} INFO - 22/04/06 04:16:22 INFO FileOutputCommitter: FileOutputCommitter skip cleanup _temporary folders under output directory:false, ignore cleanup failures: false
[2022-04-06 04:16:22,694] {spark_submit.py:488} INFO - 22/04/06 04:16:22 INFO SQLHadoopMapReduceCommitProtocol: Using user defined output committer class org.apache.parquet.hadoop.ParquetOutputCommitter
[2022-04-06 04:16:22,694] {spark_submit.py:488} INFO - 22/04/06 04:16:22 INFO FileOutputCommitter: File Output Committer Algorithm version is 1
[2022-04-06 04:16:22,694] {spark_submit.py:488} INFO - 22/04/06 04:16:22 INFO FileOutputCommitter: FileOutputCommitter skip cleanup _temporary folders under output directory:false, ignore cleanup failures: false
[2022-04-06 04:16:22,695] {spark_submit.py:488} INFO - 22/04/06 04:16:22 INFO SQLHadoopMapReduceCommitProtocol: Using output committer class org.apache.parquet.hadoop.ParquetOutputCommitter
[2022-04-06 04:16:22,695] {spark_submit.py:488} INFO - 22/04/06 04:16:22 INFO SQLHadoopMapReduceCommitProtocol: Using user defined output committer class org.apache.parquet.hadoop.ParquetOutputCommitter
[2022-04-06 04:16:22,695] {spark_submit.py:488} INFO - 22/04/06 04:16:22 INFO FileOutputCommitter: File Output Committer Algorithm version is 1
[2022-04-06 04:16:22,695] {spark_submit.py:488} INFO - 22/04/06 04:16:22 INFO FileOutputCommitter: FileOutputCommitter skip cleanup _temporary folders under output directory:false, ignore cleanup failures: false
[2022-04-06 04:16:22,696] {spark_submit.py:488} INFO - 22/04/06 04:16:22 INFO SQLHadoopMapReduceCommitProtocol: Using output committer class org.apache.parquet.hadoop.ParquetOutputCommitter
[2022-04-06 04:16:22,700] {spark_submit.py:488} INFO - 22/04/06 04:16:22 INFO SQLHadoopMapReduceCommitProtocol: Using user defined output committer class org.apache.parquet.hadoop.ParquetOutputCommitter
[2022-04-06 04:16:22,700] {spark_submit.py:488} INFO - 22/04/06 04:16:22 INFO FileOutputCommitter: File Output Committer Algorithm version is 1
[2022-04-06 04:16:22,700] {spark_submit.py:488} INFO - 22/04/06 04:16:22 INFO FileOutputCommitter: FileOutputCommitter skip cleanup _temporary folders under output directory:false, ignore cleanup failures: false
[2022-04-06 04:16:22,701] {spark_submit.py:488} INFO - 22/04/06 04:16:22 INFO SQLHadoopMapReduceCommitProtocol: Using output committer class org.apache.parquet.hadoop.ParquetOutputCommitter
[2022-04-06 04:16:22,756] {spark_submit.py:488} INFO - 22/04/06 04:16:22 INFO CodecConfig: Compression: SNAPPY
[2022-04-06 04:16:22,788] {spark_submit.py:488} INFO - 22/04/06 04:16:22 INFO CodecConfig: Compression: SNAPPY
[2022-04-06 04:16:22,789] {spark_submit.py:488} INFO - 22/04/06 04:16:22 INFO CodecConfig: Compression: SNAPPY
[2022-04-06 04:16:22,789] {spark_submit.py:488} INFO - 22/04/06 04:16:22 INFO CodecConfig: Compression: SNAPPY
[2022-04-06 04:16:22,790] {spark_submit.py:488} INFO - 22/04/06 04:16:22 INFO CodecConfig: Compression: SNAPPY
[2022-04-06 04:16:22,790] {spark_submit.py:488} INFO - 22/04/06 04:16:22 INFO CodecConfig: Compression: SNAPPY
[2022-04-06 04:16:22,796] {spark_submit.py:488} INFO - 22/04/06 04:16:22 INFO CodecConfig: Compression: SNAPPY
[2022-04-06 04:16:22,796] {spark_submit.py:488} INFO - 22/04/06 04:16:22 INFO CodecConfig: Compression: SNAPPY
[2022-04-06 04:16:23,049] {spark_submit.py:488} INFO - 22/04/06 04:16:23 INFO BlockManagerInfo: Removed broadcast_2_piece0 on 9fe4286b2855:34403 in memory (size: 10.6 KiB, free: 434.3 MiB)
[2022-04-06 04:16:23,144] {spark_submit.py:488} INFO - 22/04/06 04:16:23 INFO ParquetOutputFormat: Parquet block size to 134217728
[2022-04-06 04:16:23,144] {spark_submit.py:488} INFO - 22/04/06 04:16:23 INFO ParquetOutputFormat: Validation is off
[2022-04-06 04:16:23,144] {spark_submit.py:488} INFO - 22/04/06 04:16:23 INFO ParquetOutputFormat: Maximum row group padding size is 8388608 bytes
[2022-04-06 04:16:23,144] {spark_submit.py:488} INFO - 22/04/06 04:16:23 INFO ParquetOutputFormat: Parquet properties are:
[2022-04-06 04:16:23,144] {spark_submit.py:488} INFO - Parquet page size to 1048576
[2022-04-06 04:16:23,144] {spark_submit.py:488} INFO - Parquet dictionary page size to 1048576
[2022-04-06 04:16:23,144] {spark_submit.py:488} INFO - Dictionary is true
[2022-04-06 04:16:23,144] {spark_submit.py:488} INFO - Writer version is: PARQUET_1_0
[2022-04-06 04:16:23,145] {spark_submit.py:488} INFO - Page size checking is: estimated
[2022-04-06 04:16:23,145] {spark_submit.py:488} INFO - Min row count for page size check is: 100
[2022-04-06 04:16:23,145] {spark_submit.py:488} INFO - Max row count for page size check is: 10000
[2022-04-06 04:16:23,145] {spark_submit.py:488} INFO - Truncate length for column indexes is: 64
[2022-04-06 04:16:23,145] {spark_submit.py:488} INFO - Truncate length for statistics min/max  is: 2147483647
[2022-04-06 04:16:23,145] {spark_submit.py:488} INFO - Bloom filter enabled: false
[2022-04-06 04:16:23,145] {spark_submit.py:488} INFO - Max Bloom filter size for a column is 1048576
[2022-04-06 04:16:23,145] {spark_submit.py:488} INFO - Bloom filter expected number of distinct values are: null
[2022-04-06 04:16:23,145] {spark_submit.py:488} INFO - Page row count limit to 20000
[2022-04-06 04:16:23,145] {spark_submit.py:488} INFO - Writing page checksums is: on
[2022-04-06 04:16:23,152] {spark_submit.py:488} INFO - 22/04/06 04:16:23 INFO ParquetOutputFormat: Parquet block size to 134217728
[2022-04-06 04:16:23,152] {spark_submit.py:488} INFO - 22/04/06 04:16:23 INFO ParquetOutputFormat: Validation is off
[2022-04-06 04:16:23,152] {spark_submit.py:488} INFO - 22/04/06 04:16:23 INFO ParquetOutputFormat: Maximum row group padding size is 8388608 bytes
[2022-04-06 04:16:23,152] {spark_submit.py:488} INFO - 22/04/06 04:16:23 INFO ParquetOutputFormat: Parquet properties are:
[2022-04-06 04:16:23,152] {spark_submit.py:488} INFO - Parquet page size to 1048576
[2022-04-06 04:16:23,152] {spark_submit.py:488} INFO - Parquet dictionary page size to 1048576
[2022-04-06 04:16:23,153] {spark_submit.py:488} INFO - Dictionary is true
[2022-04-06 04:16:23,153] {spark_submit.py:488} INFO - Writer version is: PARQUET_1_0
[2022-04-06 04:16:23,153] {spark_submit.py:488} INFO - Page size checking is: estimated
[2022-04-06 04:16:23,153] {spark_submit.py:488} INFO - Min row count for page size check is: 100
[2022-04-06 04:16:23,153] {spark_submit.py:488} INFO - Max row count for page size check is: 10000
[2022-04-06 04:16:23,153] {spark_submit.py:488} INFO - Truncate length for column indexes is: 64
[2022-04-06 04:16:23,153] {spark_submit.py:488} INFO - Truncate length for statistics min/max  is: 2147483647
[2022-04-06 04:16:23,153] {spark_submit.py:488} INFO - Bloom filter enabled: false
[2022-04-06 04:16:23,153] {spark_submit.py:488} INFO - Max Bloom filter size for a column is 1048576
[2022-04-06 04:16:23,153] {spark_submit.py:488} INFO - Bloom filter expected number of distinct values are: null
[2022-04-06 04:16:23,153] {spark_submit.py:488} INFO - Page row count limit to 20000
[2022-04-06 04:16:23,153] {spark_submit.py:488} INFO - Writing page checksums is: on
[2022-04-06 04:16:23,240] {spark_submit.py:488} INFO - 22/04/06 04:16:23 INFO ParquetOutputFormat: Parquet block size to 134217728
[2022-04-06 04:16:23,240] {spark_submit.py:488} INFO - 22/04/06 04:16:23 INFO ParquetOutputFormat: Validation is off
[2022-04-06 04:16:23,240] {spark_submit.py:488} INFO - 22/04/06 04:16:23 INFO ParquetOutputFormat: Maximum row group padding size is 8388608 bytes
[2022-04-06 04:16:23,240] {spark_submit.py:488} INFO - 22/04/06 04:16:23 INFO ParquetOutputFormat: Parquet properties are:
[2022-04-06 04:16:23,240] {spark_submit.py:488} INFO - Parquet page size to 1048576
[2022-04-06 04:16:23,240] {spark_submit.py:488} INFO - Parquet dictionary page size to 1048576
[2022-04-06 04:16:23,241] {spark_submit.py:488} INFO - Dictionary is true
[2022-04-06 04:16:23,241] {spark_submit.py:488} INFO - Writer version is: PARQUET_1_0
[2022-04-06 04:16:23,241] {spark_submit.py:488} INFO - Page size checking is: estimated
[2022-04-06 04:16:23,241] {spark_submit.py:488} INFO - Min row count for page size check is: 100
[2022-04-06 04:16:23,241] {spark_submit.py:488} INFO - Max row count for page size check is: 10000
[2022-04-06 04:16:23,241] {spark_submit.py:488} INFO - Truncate length for column indexes is: 64
[2022-04-06 04:16:23,241] {spark_submit.py:488} INFO - Truncate length for statistics min/max  is: 2147483647
[2022-04-06 04:16:23,241] {spark_submit.py:488} INFO - Bloom filter enabled: false
[2022-04-06 04:16:23,241] {spark_submit.py:488} INFO - Max Bloom filter size for a column is 1048576
[2022-04-06 04:16:23,241] {spark_submit.py:488} INFO - Bloom filter expected number of distinct values are: null
[2022-04-06 04:16:23,241] {spark_submit.py:488} INFO - Page row count limit to 20000
[2022-04-06 04:16:23,241] {spark_submit.py:488} INFO - Writing page checksums is: on
[2022-04-06 04:16:23,250] {spark_submit.py:488} INFO - 22/04/06 04:16:23 INFO ParquetOutputFormat: Parquet block size to 134217728
[2022-04-06 04:16:23,250] {spark_submit.py:488} INFO - 22/04/06 04:16:23 INFO ParquetOutputFormat: Validation is off
[2022-04-06 04:16:23,250] {spark_submit.py:488} INFO - 22/04/06 04:16:23 INFO ParquetOutputFormat: Maximum row group padding size is 8388608 bytes
[2022-04-06 04:16:23,250] {spark_submit.py:488} INFO - 22/04/06 04:16:23 INFO ParquetOutputFormat: Parquet properties are:
[2022-04-06 04:16:23,250] {spark_submit.py:488} INFO - Parquet page size to 1048576
[2022-04-06 04:16:23,250] {spark_submit.py:488} INFO - Parquet dictionary page size to 1048576
[2022-04-06 04:16:23,251] {spark_submit.py:488} INFO - Dictionary is true
[2022-04-06 04:16:23,251] {spark_submit.py:488} INFO - Writer version is: PARQUET_1_0
[2022-04-06 04:16:23,251] {spark_submit.py:488} INFO - Page size checking is: estimated
[2022-04-06 04:16:23,251] {spark_submit.py:488} INFO - Min row count for page size check is: 100
[2022-04-06 04:16:23,251] {spark_submit.py:488} INFO - Max row count for page size check is: 10000
[2022-04-06 04:16:23,251] {spark_submit.py:488} INFO - Truncate length for column indexes is: 64
[2022-04-06 04:16:23,251] {spark_submit.py:488} INFO - Truncate length for statistics min/max  is: 2147483647
[2022-04-06 04:16:23,251] {spark_submit.py:488} INFO - Bloom filter enabled: false
[2022-04-06 04:16:23,251] {spark_submit.py:488} INFO - Max Bloom filter size for a column is 1048576
[2022-04-06 04:16:23,251] {spark_submit.py:488} INFO - Bloom filter expected number of distinct values are: null
[2022-04-06 04:16:23,251] {spark_submit.py:488} INFO - Page row count limit to 20000
[2022-04-06 04:16:23,251] {spark_submit.py:488} INFO - Writing page checksums is: on
[2022-04-06 04:16:23,273] {spark_submit.py:488} INFO - 22/04/06 04:16:23 INFO ParquetWriteSupport: Initialized Parquet WriteSupport with Catalyst schema:
[2022-04-06 04:16:23,273] {spark_submit.py:488} INFO - {
[2022-04-06 04:16:23,273] {spark_submit.py:488} INFO - "type" : "struct",
[2022-04-06 04:16:23,273] {spark_submit.py:488} INFO - "fields" : [ {
[2022-04-06 04:16:23,273] {spark_submit.py:488} INFO - "name" : "id",
[2022-04-06 04:16:23,273] {spark_submit.py:488} INFO - "type" : "integer",
[2022-04-06 04:16:23,273] {spark_submit.py:488} INFO - "nullable" : true,
[2022-04-06 04:16:23,273] {spark_submit.py:488} INFO - "metadata" : { }
[2022-04-06 04:16:23,273] {spark_submit.py:488} INFO - }, {
[2022-04-06 04:16:23,273] {spark_submit.py:488} INFO - "name" : "title",
[2022-04-06 04:16:23,273] {spark_submit.py:488} INFO - "type" : "string",
[2022-04-06 04:16:23,274] {spark_submit.py:488} INFO - "nullable" : true,
[2022-04-06 04:16:23,274] {spark_submit.py:488} INFO - "metadata" : { }
[2022-04-06 04:16:23,274] {spark_submit.py:488} INFO - }, {
[2022-04-06 04:16:23,274] {spark_submit.py:488} INFO - "name" : "body",
[2022-04-06 04:16:23,274] {spark_submit.py:488} INFO - "type" : "string",
[2022-04-06 04:16:23,274] {spark_submit.py:488} INFO - "nullable" : true,
[2022-04-06 04:16:23,274] {spark_submit.py:488} INFO - "metadata" : { }
[2022-04-06 04:16:23,274] {spark_submit.py:488} INFO - }, {
[2022-04-06 04:16:23,274] {spark_submit.py:488} INFO - "name" : "accepted_answer_id",
[2022-04-06 04:16:23,274] {spark_submit.py:488} INFO - "type" : "integer",
[2022-04-06 04:16:23,274] {spark_submit.py:488} INFO - "nullable" : true,
[2022-04-06 04:16:23,274] {spark_submit.py:488} INFO - "metadata" : { }
[2022-04-06 04:16:23,274] {spark_submit.py:488} INFO - }, {
[2022-04-06 04:16:23,274] {spark_submit.py:488} INFO - "name" : "answer_count",
[2022-04-06 04:16:23,275] {spark_submit.py:488} INFO - "type" : "integer",
[2022-04-06 04:16:23,275] {spark_submit.py:488} INFO - "nullable" : true,
[2022-04-06 04:16:23,275] {spark_submit.py:488} INFO - "metadata" : { }
[2022-04-06 04:16:23,275] {spark_submit.py:488} INFO - }, {
[2022-04-06 04:16:23,275] {spark_submit.py:488} INFO - "name" : "comment_count",
[2022-04-06 04:16:23,275] {spark_submit.py:488} INFO - "type" : "integer",
[2022-04-06 04:16:23,275] {spark_submit.py:488} INFO - "nullable" : true,
[2022-04-06 04:16:23,275] {spark_submit.py:488} INFO - "metadata" : { }
[2022-04-06 04:16:23,275] {spark_submit.py:488} INFO - }, {
[2022-04-06 04:16:23,275] {spark_submit.py:488} INFO - "name" : "community_owned_date",
[2022-04-06 04:16:23,275] {spark_submit.py:488} INFO - "type" : "timestamp",
[2022-04-06 04:16:23,275] {spark_submit.py:488} INFO - "nullable" : true,
[2022-04-06 04:16:23,275] {spark_submit.py:488} INFO - "metadata" : { }
[2022-04-06 04:16:23,275] {spark_submit.py:488} INFO - }, {
[2022-04-06 04:16:23,276] {spark_submit.py:488} INFO - "name" : "creation_date",
[2022-04-06 04:16:23,276] {spark_submit.py:488} INFO - "type" : "timestamp",
[2022-04-06 04:16:23,276] {spark_submit.py:488} INFO - "nullable" : true,
[2022-04-06 04:16:23,276] {spark_submit.py:488} INFO - "metadata" : { }
[2022-04-06 04:16:23,276] {spark_submit.py:488} INFO - }, {
[2022-04-06 04:16:23,276] {spark_submit.py:488} INFO - "name" : "favorite_count",
[2022-04-06 04:16:23,276] {spark_submit.py:488} INFO - "type" : "integer",
[2022-04-06 04:16:23,276] {spark_submit.py:488} INFO - "nullable" : true,
[2022-04-06 04:16:23,276] {spark_submit.py:488} INFO - "metadata" : { }
[2022-04-06 04:16:23,276] {spark_submit.py:488} INFO - }, {
[2022-04-06 04:16:23,276] {spark_submit.py:488} INFO - "name" : "last_activity_date",
[2022-04-06 04:16:23,276] {spark_submit.py:488} INFO - "type" : "timestamp",
[2022-04-06 04:16:23,276] {spark_submit.py:488} INFO - "nullable" : true,
[2022-04-06 04:16:23,277] {spark_submit.py:488} INFO - "metadata" : { }
[2022-04-06 04:16:23,277] {spark_submit.py:488} INFO - }, {
[2022-04-06 04:16:23,277] {spark_submit.py:488} INFO - "name" : "last_edit_date",
[2022-04-06 04:16:23,277] {spark_submit.py:488} INFO - "type" : "timestamp",
[2022-04-06 04:16:23,277] {spark_submit.py:488} INFO - "nullable" : true,
[2022-04-06 04:16:23,277] {spark_submit.py:488} INFO - "metadata" : { }
[2022-04-06 04:16:23,277] {spark_submit.py:488} INFO - }, {
[2022-04-06 04:16:23,277] {spark_submit.py:488} INFO - "name" : "last_editor_display_name",
[2022-04-06 04:16:23,277] {spark_submit.py:488} INFO - "type" : "string",
[2022-04-06 04:16:23,277] {spark_submit.py:488} INFO - "nullable" : true,
[2022-04-06 04:16:23,277] {spark_submit.py:488} INFO - "metadata" : { }
[2022-04-06 04:16:23,277] {spark_submit.py:488} INFO - }, {
[2022-04-06 04:16:23,277] {spark_submit.py:488} INFO - "name" : "last_editor_user_id",
[2022-04-06 04:16:23,278] {spark_submit.py:488} INFO - "type" : "integer",
[2022-04-06 04:16:23,278] {spark_submit.py:488} INFO - "nullable" : true,
[2022-04-06 04:16:23,278] {spark_submit.py:488} INFO - "metadata" : { }
[2022-04-06 04:16:23,278] {spark_submit.py:488} INFO - }, {
[2022-04-06 04:16:23,278] {spark_submit.py:488} INFO - "name" : "owner_display_name",
[2022-04-06 04:16:23,278] {spark_submit.py:488} INFO - "type" : "string",
[2022-04-06 04:16:23,278] {spark_submit.py:488} INFO - "nullable" : true,
[2022-04-06 04:16:23,278] {spark_submit.py:488} INFO - "metadata" : { }
[2022-04-06 04:16:23,278] {spark_submit.py:488} INFO - }, {
[2022-04-06 04:16:23,278] {spark_submit.py:488} INFO - "name" : "owner_user_id",
[2022-04-06 04:16:23,278] {spark_submit.py:488} INFO - "type" : "integer",
[2022-04-06 04:16:23,278] {spark_submit.py:488} INFO - "nullable" : true,
[2022-04-06 04:16:23,279] {spark_submit.py:488} INFO - "metadata" : { }
[2022-04-06 04:16:23,279] {spark_submit.py:488} INFO - }, {
[2022-04-06 04:16:23,279] {spark_submit.py:488} INFO - "name" : "parent_id",
[2022-04-06 04:16:23,279] {spark_submit.py:488} INFO - "type" : "integer",
[2022-04-06 04:16:23,279] {spark_submit.py:488} INFO - "nullable" : true,
[2022-04-06 04:16:23,279] {spark_submit.py:488} INFO - "metadata" : { }
[2022-04-06 04:16:23,279] {spark_submit.py:488} INFO - }, {
[2022-04-06 04:16:23,279] {spark_submit.py:488} INFO - "name" : "post_type_id",
[2022-04-06 04:16:23,279] {spark_submit.py:488} INFO - "type" : "integer",
[2022-04-06 04:16:23,279] {spark_submit.py:488} INFO - "nullable" : true,
[2022-04-06 04:16:23,279] {spark_submit.py:488} INFO - "metadata" : { }
[2022-04-06 04:16:23,279] {spark_submit.py:488} INFO - }, {
[2022-04-06 04:16:23,283] {spark_submit.py:488} INFO - "name" : "score",
[2022-04-06 04:16:23,283] {spark_submit.py:488} INFO - "type" : "integer",
[2022-04-06 04:16:23,283] {spark_submit.py:488} INFO - "nullable" : true,
[2022-04-06 04:16:23,283] {spark_submit.py:488} INFO - "metadata" : { }
[2022-04-06 04:16:23,283] {spark_submit.py:488} INFO - }, {
[2022-04-06 04:16:23,283] {spark_submit.py:488} INFO - "name" : "tags",
[2022-04-06 04:16:23,283] {spark_submit.py:488} INFO - "type" : "string",
[2022-04-06 04:16:23,283] {spark_submit.py:488} INFO - "nullable" : true,
[2022-04-06 04:16:23,283] {spark_submit.py:488} INFO - "metadata" : { }
[2022-04-06 04:16:23,284] {spark_submit.py:488} INFO - }, {
[2022-04-06 04:16:23,284] {spark_submit.py:488} INFO - "name" : "view_count",
[2022-04-06 04:16:23,284] {spark_submit.py:488} INFO - "type" : "integer",
[2022-04-06 04:16:23,284] {spark_submit.py:488} INFO - "nullable" : true,
[2022-04-06 04:16:23,284] {spark_submit.py:488} INFO - "metadata" : { }
[2022-04-06 04:16:23,284] {spark_submit.py:488} INFO - }, {
[2022-04-06 04:16:23,284] {spark_submit.py:488} INFO - "name" : "group_by_date",
[2022-04-06 04:16:23,284] {spark_submit.py:488} INFO - "type" : "timestamp",
[2022-04-06 04:16:23,285] {spark_submit.py:488} INFO - "nullable" : true,
[2022-04-06 04:16:23,285] {spark_submit.py:488} INFO - "metadata" : { }
[2022-04-06 04:16:23,285] {spark_submit.py:488} INFO - } ]
[2022-04-06 04:16:23,285] {spark_submit.py:488} INFO - }
[2022-04-06 04:16:23,285] {spark_submit.py:488} INFO - and corresponding Parquet message type:
[2022-04-06 04:16:23,285] {spark_submit.py:488} INFO - message spark_schema {
[2022-04-06 04:16:23,285] {spark_submit.py:488} INFO - optional int32 id;
[2022-04-06 04:16:23,285] {spark_submit.py:488} INFO - optional binary title (STRING);
[2022-04-06 04:16:23,285] {spark_submit.py:488} INFO - optional binary body (STRING);
[2022-04-06 04:16:23,285] {spark_submit.py:488} INFO - optional int32 accepted_answer_id;
[2022-04-06 04:16:23,285] {spark_submit.py:488} INFO - optional int32 answer_count;
[2022-04-06 04:16:23,285] {spark_submit.py:488} INFO - optional int32 comment_count;
[2022-04-06 04:16:23,285] {spark_submit.py:488} INFO - optional int96 community_owned_date;
[2022-04-06 04:16:23,286] {spark_submit.py:488} INFO - optional int96 creation_date;
[2022-04-06 04:16:23,286] {spark_submit.py:488} INFO - optional int32 favorite_count;
[2022-04-06 04:16:23,286] {spark_submit.py:488} INFO - optional int96 last_activity_date;
[2022-04-06 04:16:23,286] {spark_submit.py:488} INFO - optional int96 last_edit_date;
[2022-04-06 04:16:23,286] {spark_submit.py:488} INFO - optional binary last_editor_display_name (STRING);
[2022-04-06 04:16:23,286] {spark_submit.py:488} INFO - optional int32 last_editor_user_id;
[2022-04-06 04:16:23,286] {spark_submit.py:488} INFO - optional binary owner_display_name (STRING);
[2022-04-06 04:16:23,286] {spark_submit.py:488} INFO - optional int32 owner_user_id;
[2022-04-06 04:16:23,286] {spark_submit.py:488} INFO - optional int32 parent_id;
[2022-04-06 04:16:23,286] {spark_submit.py:488} INFO - optional int32 post_type_id;
[2022-04-06 04:16:23,286] {spark_submit.py:488} INFO - optional int32 score;
[2022-04-06 04:16:23,286] {spark_submit.py:488} INFO - optional binary tags (STRING);
[2022-04-06 04:16:23,287] {spark_submit.py:488} INFO - optional int32 view_count;
[2022-04-06 04:16:23,287] {spark_submit.py:488} INFO - optional int96 group_by_date;
[2022-04-06 04:16:23,287] {spark_submit.py:488} INFO - }
[2022-04-06 04:16:23,287] {spark_submit.py:488} INFO - 
[2022-04-06 04:16:23,287] {spark_submit.py:488} INFO - 
[2022-04-06 04:16:23,287] {spark_submit.py:488} INFO - 22/04/06 04:16:23 INFO ParquetWriteSupport: Initialized Parquet WriteSupport with Catalyst schema:
[2022-04-06 04:16:23,287] {spark_submit.py:488} INFO - {
[2022-04-06 04:16:23,287] {spark_submit.py:488} INFO - "type" : "struct",
[2022-04-06 04:16:23,287] {spark_submit.py:488} INFO - "fields" : [ {
[2022-04-06 04:16:23,287] {spark_submit.py:488} INFO - "name" : "id",
[2022-04-06 04:16:23,287] {spark_submit.py:488} INFO - "type" : "integer",
[2022-04-06 04:16:23,287] {spark_submit.py:488} INFO - "nullable" : true,
[2022-04-06 04:16:23,336] {spark_submit.py:488} INFO - "metadata" : { }
[2022-04-06 04:16:23,336] {spark_submit.py:488} INFO - }, {
[2022-04-06 04:16:23,336] {spark_submit.py:488} INFO - "name" : "title",
[2022-04-06 04:16:23,336] {spark_submit.py:488} INFO - "type" : "string",
[2022-04-06 04:16:23,336] {spark_submit.py:488} INFO - "nullable" : true,
[2022-04-06 04:16:23,336] {spark_submit.py:488} INFO - "metadata" : { }
[2022-04-06 04:16:23,336] {spark_submit.py:488} INFO - }, {
[2022-04-06 04:16:23,336] {spark_submit.py:488} INFO - "name" : "body",
[2022-04-06 04:16:23,336] {spark_submit.py:488} INFO - "type" : "string",
[2022-04-06 04:16:23,337] {spark_submit.py:488} INFO - "nullable" : true,
[2022-04-06 04:16:23,337] {spark_submit.py:488} INFO - "metadata" : { }
[2022-04-06 04:16:23,337] {spark_submit.py:488} INFO - }, {
[2022-04-06 04:16:23,337] {spark_submit.py:488} INFO - "name" : "accepted_answer_id",
[2022-04-06 04:16:23,337] {spark_submit.py:488} INFO - "type" : "integer",
[2022-04-06 04:16:23,337] {spark_submit.py:488} INFO - "nullable" : true,
[2022-04-06 04:16:23,337] {spark_submit.py:488} INFO - "metadata" : { }
[2022-04-06 04:16:23,337] {spark_submit.py:488} INFO - }, {
[2022-04-06 04:16:23,337] {spark_submit.py:488} INFO - "name" : "answer_count",
[2022-04-06 04:16:23,337] {spark_submit.py:488} INFO - "type" : "integer",
[2022-04-06 04:16:23,337] {spark_submit.py:488} INFO - "nullable" : true,
[2022-04-06 04:16:23,337] {spark_submit.py:488} INFO - "metadata" : { }
[2022-04-06 04:16:23,337] {spark_submit.py:488} INFO - }, {
[2022-04-06 04:16:23,337] {spark_submit.py:488} INFO - "name" : "comment_count",
[2022-04-06 04:16:23,338] {spark_submit.py:488} INFO - "type" : "integer",
[2022-04-06 04:16:23,338] {spark_submit.py:488} INFO - "nullable" : true,
[2022-04-06 04:16:23,338] {spark_submit.py:488} INFO - "metadata" : { }
[2022-04-06 04:16:23,338] {spark_submit.py:488} INFO - }, {
[2022-04-06 04:16:23,338] {spark_submit.py:488} INFO - "name" : "community_owned_date",
[2022-04-06 04:16:23,338] {spark_submit.py:488} INFO - "type" : "timestamp",
[2022-04-06 04:16:23,338] {spark_submit.py:488} INFO - "nullable" : true,
[2022-04-06 04:16:23,338] {spark_submit.py:488} INFO - "metadata" : { }
[2022-04-06 04:16:23,338] {spark_submit.py:488} INFO - }, {
[2022-04-06 04:16:23,338] {spark_submit.py:488} INFO - "name" : "creation_date",
[2022-04-06 04:16:23,338] {spark_submit.py:488} INFO - "type" : "timestamp",
[2022-04-06 04:16:23,338] {spark_submit.py:488} INFO - "nullable" : true,
[2022-04-06 04:16:23,338] {spark_submit.py:488} INFO - "metadata" : { }
[2022-04-06 04:16:23,338] {spark_submit.py:488} INFO - }, {
[2022-04-06 04:16:23,338] {spark_submit.py:488} INFO - "name" : "favorite_count",
[2022-04-06 04:16:23,339] {spark_submit.py:488} INFO - "type" : "integer",
[2022-04-06 04:16:23,339] {spark_submit.py:488} INFO - "nullable" : true,
[2022-04-06 04:16:23,364] {spark_submit.py:488} INFO - "metadata" : { }
[2022-04-06 04:16:23,364] {spark_submit.py:488} INFO - }, {
[2022-04-06 04:16:23,364] {spark_submit.py:488} INFO - "name" : "last_activity_date",
[2022-04-06 04:16:23,364] {spark_submit.py:488} INFO - "type" : "timestamp",
[2022-04-06 04:16:23,364] {spark_submit.py:488} INFO - "nullable" : true,
[2022-04-06 04:16:23,364] {spark_submit.py:488} INFO - "metadata" : { }
[2022-04-06 04:16:23,364] {spark_submit.py:488} INFO - }, {
[2022-04-06 04:16:23,364] {spark_submit.py:488} INFO - "name" : "last_edit_date",
[2022-04-06 04:16:23,364] {spark_submit.py:488} INFO - "type" : "timestamp",
[2022-04-06 04:16:23,365] {spark_submit.py:488} INFO - "nullable" : true,
[2022-04-06 04:16:23,365] {spark_submit.py:488} INFO - "metadata" : { }
[2022-04-06 04:16:23,365] {spark_submit.py:488} INFO - }, {
[2022-04-06 04:16:23,365] {spark_submit.py:488} INFO - "name" : "last_editor_display_name",
[2022-04-06 04:16:23,365] {spark_submit.py:488} INFO - "type" : "string",
[2022-04-06 04:16:23,365] {spark_submit.py:488} INFO - "nullable" : true,
[2022-04-06 04:16:23,365] {spark_submit.py:488} INFO - "metadata" : { }
[2022-04-06 04:16:23,365] {spark_submit.py:488} INFO - }, {
[2022-04-06 04:16:23,365] {spark_submit.py:488} INFO - "name" : "last_editor_user_id",
[2022-04-06 04:16:23,365] {spark_submit.py:488} INFO - "type" : "integer",
[2022-04-06 04:16:23,365] {spark_submit.py:488} INFO - "nullable" : true,
[2022-04-06 04:16:23,365] {spark_submit.py:488} INFO - "metadata" : { }
[2022-04-06 04:16:23,365] {spark_submit.py:488} INFO - }, {
[2022-04-06 04:16:23,365] {spark_submit.py:488} INFO - "name" : "owner_display_name",
[2022-04-06 04:16:23,366] {spark_submit.py:488} INFO - "type" : "string",
[2022-04-06 04:16:23,366] {spark_submit.py:488} INFO - "nullable" : true,
[2022-04-06 04:16:23,366] {spark_submit.py:488} INFO - "metadata" : { }
[2022-04-06 04:16:23,366] {spark_submit.py:488} INFO - }, {
[2022-04-06 04:16:23,366] {spark_submit.py:488} INFO - "name" : "owner_user_id",
[2022-04-06 04:16:23,366] {spark_submit.py:488} INFO - "type" : "integer",
[2022-04-06 04:16:23,366] {spark_submit.py:488} INFO - "nullable" : true,
[2022-04-06 04:16:23,366] {spark_submit.py:488} INFO - "metadata" : { }
[2022-04-06 04:16:23,366] {spark_submit.py:488} INFO - }, {
[2022-04-06 04:16:23,366] {spark_submit.py:488} INFO - "name" : "parent_id",
[2022-04-06 04:16:23,366] {spark_submit.py:488} INFO - "type" : "integer",
[2022-04-06 04:16:23,366] {spark_submit.py:488} INFO - "nullable" : true,
[2022-04-06 04:16:23,366] {spark_submit.py:488} INFO - "metadata" : { }
[2022-04-06 04:16:23,367] {spark_submit.py:488} INFO - }, {
[2022-04-06 04:16:23,367] {spark_submit.py:488} INFO - "name" : "post_type_id",
[2022-04-06 04:16:23,367] {spark_submit.py:488} INFO - "type" : "integer",
[2022-04-06 04:16:23,367] {spark_submit.py:488} INFO - "nullable" : true,
[2022-04-06 04:16:23,367] {spark_submit.py:488} INFO - "metadata" : { }
[2022-04-06 04:16:23,367] {spark_submit.py:488} INFO - }, {
[2022-04-06 04:16:23,367] {spark_submit.py:488} INFO - "name" : "score",
[2022-04-06 04:16:23,367] {spark_submit.py:488} INFO - "type" : "integer",
[2022-04-06 04:16:23,367] {spark_submit.py:488} INFO - "nullable" : true,
[2022-04-06 04:16:23,367] {spark_submit.py:488} INFO - "metadata" : { }
[2022-04-06 04:16:23,367] {spark_submit.py:488} INFO - }, {
[2022-04-06 04:16:23,367] {spark_submit.py:488} INFO - "name" : "tags",
[2022-04-06 04:16:23,400] {spark_submit.py:488} INFO - "type" : "string",
[2022-04-06 04:16:23,400] {spark_submit.py:488} INFO - "nullable" : true,
[2022-04-06 04:16:23,400] {spark_submit.py:488} INFO - "metadata" : { }
[2022-04-06 04:16:23,400] {spark_submit.py:488} INFO - }, {
[2022-04-06 04:16:23,400] {spark_submit.py:488} INFO - "name" : "view_count",
[2022-04-06 04:16:23,400] {spark_submit.py:488} INFO - "type" : "integer",
[2022-04-06 04:16:23,400] {spark_submit.py:488} INFO - "nullable" : true,
[2022-04-06 04:16:23,400] {spark_submit.py:488} INFO - "metadata" : { }
[2022-04-06 04:16:23,401] {spark_submit.py:488} INFO - }, {
[2022-04-06 04:16:23,401] {spark_submit.py:488} INFO - "name" : "group_by_date",
[2022-04-06 04:16:23,401] {spark_submit.py:488} INFO - "type" : "timestamp",
[2022-04-06 04:16:23,401] {spark_submit.py:488} INFO - "nullable" : true,
[2022-04-06 04:16:23,401] {spark_submit.py:488} INFO - "metadata" : { }
[2022-04-06 04:16:23,401] {spark_submit.py:488} INFO - } ]
[2022-04-06 04:16:23,401] {spark_submit.py:488} INFO - }
[2022-04-06 04:16:23,401] {spark_submit.py:488} INFO - and corresponding Parquet message type:
[2022-04-06 04:16:23,416] {spark_submit.py:488} INFO - message spark_schema {
[2022-04-06 04:16:23,416] {spark_submit.py:488} INFO - optional int32 id;
[2022-04-06 04:16:23,416] {spark_submit.py:488} INFO - optional binary title (STRING);
[2022-04-06 04:16:23,416] {spark_submit.py:488} INFO - optional binary body (STRING);
[2022-04-06 04:16:23,416] {spark_submit.py:488} INFO - optional int32 accepted_answer_id;
[2022-04-06 04:16:23,416] {spark_submit.py:488} INFO - optional int32 answer_count;
[2022-04-06 04:16:23,416] {spark_submit.py:488} INFO - optional int32 comment_count;
[2022-04-06 04:16:23,416] {spark_submit.py:488} INFO - optional int96 community_owned_date;
[2022-04-06 04:16:23,416] {spark_submit.py:488} INFO - optional int96 creation_date;
[2022-04-06 04:16:23,416] {spark_submit.py:488} INFO - optional int32 favorite_count;
[2022-04-06 04:16:23,417] {spark_submit.py:488} INFO - optional int96 last_activity_date;
[2022-04-06 04:16:23,417] {spark_submit.py:488} INFO - optional int96 last_edit_date;
[2022-04-06 04:16:23,417] {spark_submit.py:488} INFO - optional binary last_editor_display_name (STRING);
[2022-04-06 04:16:23,417] {spark_submit.py:488} INFO - optional int32 last_editor_user_id;
[2022-04-06 04:16:23,417] {spark_submit.py:488} INFO - optional binary owner_display_name (STRING);
[2022-04-06 04:16:23,417] {spark_submit.py:488} INFO - optional int32 owner_user_id;
[2022-04-06 04:16:23,417] {spark_submit.py:488} INFO - optional int32 parent_id;
[2022-04-06 04:16:23,417] {spark_submit.py:488} INFO - optional int32 post_type_id;
[2022-04-06 04:16:23,417] {spark_submit.py:488} INFO - optional int32 score;
[2022-04-06 04:16:23,418] {spark_submit.py:488} INFO - optional binary tags (STRING);
[2022-04-06 04:16:23,418] {spark_submit.py:488} INFO - optional int32 view_count;
[2022-04-06 04:16:23,418] {spark_submit.py:488} INFO - optional int96 group_by_date;
[2022-04-06 04:16:23,418] {spark_submit.py:488} INFO - }
[2022-04-06 04:16:23,418] {spark_submit.py:488} INFO - 
[2022-04-06 04:16:23,418] {spark_submit.py:488} INFO - 
[2022-04-06 04:16:23,418] {spark_submit.py:488} INFO - 22/04/06 04:16:23 INFO ParquetWriteSupport: Initialized Parquet WriteSupport with Catalyst schema:
[2022-04-06 04:16:23,418] {spark_submit.py:488} INFO - {
[2022-04-06 04:16:23,418] {spark_submit.py:488} INFO - "type" : "struct",
[2022-04-06 04:16:23,418] {spark_submit.py:488} INFO - "fields" : [ {
[2022-04-06 04:16:23,418] {spark_submit.py:488} INFO - "name" : "id",
[2022-04-06 04:16:23,418] {spark_submit.py:488} INFO - "type" : "integer",
[2022-04-06 04:16:23,418] {spark_submit.py:488} INFO - "nullable" : true,
[2022-04-06 04:16:23,419] {spark_submit.py:488} INFO - "metadata" : { }
[2022-04-06 04:16:23,419] {spark_submit.py:488} INFO - }, {
[2022-04-06 04:16:23,419] {spark_submit.py:488} INFO - "name" : "title",
[2022-04-06 04:16:23,419] {spark_submit.py:488} INFO - "type" : "string",
[2022-04-06 04:16:23,419] {spark_submit.py:488} INFO - "nullable" : true,
[2022-04-06 04:16:23,419] {spark_submit.py:488} INFO - "metadata" : { }
[2022-04-06 04:16:23,419] {spark_submit.py:488} INFO - }, {
[2022-04-06 04:16:23,419] {spark_submit.py:488} INFO - "name" : "body",
[2022-04-06 04:16:23,419] {spark_submit.py:488} INFO - "type" : "string",
[2022-04-06 04:16:23,419] {spark_submit.py:488} INFO - "nullable" : true,
[2022-04-06 04:16:23,419] {spark_submit.py:488} INFO - "metadata" : { }
[2022-04-06 04:16:23,419] {spark_submit.py:488} INFO - }, {
[2022-04-06 04:16:23,419] {spark_submit.py:488} INFO - "name" : "accepted_answer_id",
[2022-04-06 04:16:23,419] {spark_submit.py:488} INFO - "type" : "integer",
[2022-04-06 04:16:23,448] {spark_submit.py:488} INFO - "nullable" : true,
[2022-04-06 04:16:23,452] {spark_submit.py:488} INFO - "metadata" : { }
[2022-04-06 04:16:23,452] {spark_submit.py:488} INFO - }, {
[2022-04-06 04:16:23,452] {spark_submit.py:488} INFO - "name" : "answer_count",
[2022-04-06 04:16:23,452] {spark_submit.py:488} INFO - "type" : "integer",
[2022-04-06 04:16:23,452] {spark_submit.py:488} INFO - "nullable" : true,
[2022-04-06 04:16:23,452] {spark_submit.py:488} INFO - "metadata" : { }
[2022-04-06 04:16:23,452] {spark_submit.py:488} INFO - }, {
[2022-04-06 04:16:23,452] {spark_submit.py:488} INFO - "name" : "comment_count",
[2022-04-06 04:16:23,452] {spark_submit.py:488} INFO - "type" : "integer",
[2022-04-06 04:16:23,452] {spark_submit.py:488} INFO - "nullable" : true,
[2022-04-06 04:16:23,453] {spark_submit.py:488} INFO - "metadata" : { }
[2022-04-06 04:16:23,453] {spark_submit.py:488} INFO - }, {
[2022-04-06 04:16:23,453] {spark_submit.py:488} INFO - "name" : "community_owned_date",
[2022-04-06 04:16:23,453] {spark_submit.py:488} INFO - "type" : "timestamp",
[2022-04-06 04:16:23,453] {spark_submit.py:488} INFO - "nullable" : true,
[2022-04-06 04:16:23,453] {spark_submit.py:488} INFO - "metadata" : { }
[2022-04-06 04:16:23,453] {spark_submit.py:488} INFO - }, {
[2022-04-06 04:16:23,453] {spark_submit.py:488} INFO - "name" : "creation_date",
[2022-04-06 04:16:23,453] {spark_submit.py:488} INFO - "type" : "timestamp",
[2022-04-06 04:16:23,453] {spark_submit.py:488} INFO - "nullable" : true,
[2022-04-06 04:16:23,453] {spark_submit.py:488} INFO - "metadata" : { }
[2022-04-06 04:16:23,453] {spark_submit.py:488} INFO - }, {
[2022-04-06 04:16:23,453] {spark_submit.py:488} INFO - "name" : "favorite_count",
[2022-04-06 04:16:23,453] {spark_submit.py:488} INFO - "type" : "integer",
[2022-04-06 04:16:23,454] {spark_submit.py:488} INFO - "nullable" : true,
[2022-04-06 04:16:23,454] {spark_submit.py:488} INFO - "metadata" : { }
[2022-04-06 04:16:23,454] {spark_submit.py:488} INFO - }, {
[2022-04-06 04:16:23,454] {spark_submit.py:488} INFO - "name" : "last_activity_date",
[2022-04-06 04:16:23,454] {spark_submit.py:488} INFO - "type" : "timestamp",
[2022-04-06 04:16:23,454] {spark_submit.py:488} INFO - "nullable" : true,
[2022-04-06 04:16:23,454] {spark_submit.py:488} INFO - "metadata" : { }
[2022-04-06 04:16:23,454] {spark_submit.py:488} INFO - }, {
[2022-04-06 04:16:23,454] {spark_submit.py:488} INFO - "name" : "last_edit_date",
[2022-04-06 04:16:23,454] {spark_submit.py:488} INFO - "type" : "timestamp",
[2022-04-06 04:16:23,454] {spark_submit.py:488} INFO - "nullable" : true,
[2022-04-06 04:16:23,454] {spark_submit.py:488} INFO - "metadata" : { }
[2022-04-06 04:16:23,454] {spark_submit.py:488} INFO - }, {
[2022-04-06 04:16:23,454] {spark_submit.py:488} INFO - "name" : "last_editor_display_name",
[2022-04-06 04:16:23,454] {spark_submit.py:488} INFO - "type" : "string",
[2022-04-06 04:16:23,455] {spark_submit.py:488} INFO - "nullable" : true,
[2022-04-06 04:16:23,455] {spark_submit.py:488} INFO - "metadata" : { }
[2022-04-06 04:16:23,455] {spark_submit.py:488} INFO - }, {
[2022-04-06 04:16:23,455] {spark_submit.py:488} INFO - "name" : "last_editor_user_id",
[2022-04-06 04:16:23,455] {spark_submit.py:488} INFO - "type" : "integer",
[2022-04-06 04:16:23,455] {spark_submit.py:488} INFO - "nullable" : true,
[2022-04-06 04:16:23,455] {spark_submit.py:488} INFO - "metadata" : { }
[2022-04-06 04:16:23,455] {spark_submit.py:488} INFO - }, {
[2022-04-06 04:16:23,455] {spark_submit.py:488} INFO - "name" : "owner_display_name",
[2022-04-06 04:16:23,455] {spark_submit.py:488} INFO - "type" : "string",
[2022-04-06 04:16:23,455] {spark_submit.py:488} INFO - "nullable" : true,
[2022-04-06 04:16:23,455] {spark_submit.py:488} INFO - "metadata" : { }
[2022-04-06 04:16:23,455] {spark_submit.py:488} INFO - }, {
[2022-04-06 04:16:23,455] {spark_submit.py:488} INFO - "name" : "owner_user_id",
[2022-04-06 04:16:23,484] {spark_submit.py:488} INFO - "type" : "integer",
[2022-04-06 04:16:23,484] {spark_submit.py:488} INFO - "nullable" : true,
[2022-04-06 04:16:23,484] {spark_submit.py:488} INFO - "metadata" : { }
[2022-04-06 04:16:23,484] {spark_submit.py:488} INFO - }, {
[2022-04-06 04:16:23,484] {spark_submit.py:488} INFO - "name" : "parent_id",
[2022-04-06 04:16:23,484] {spark_submit.py:488} INFO - "type" : "integer",
[2022-04-06 04:16:23,484] {spark_submit.py:488} INFO - "nullable" : true,
[2022-04-06 04:16:23,484] {spark_submit.py:488} INFO - "metadata" : { }
[2022-04-06 04:16:23,484] {spark_submit.py:488} INFO - }, {
[2022-04-06 04:16:23,484] {spark_submit.py:488} INFO - "name" : "post_type_id",
[2022-04-06 04:16:23,485] {spark_submit.py:488} INFO - "type" : "integer",
[2022-04-06 04:16:23,485] {spark_submit.py:488} INFO - "nullable" : true,
[2022-04-06 04:16:23,485] {spark_submit.py:488} INFO - "metadata" : { }
[2022-04-06 04:16:23,485] {spark_submit.py:488} INFO - }, {
[2022-04-06 04:16:23,485] {spark_submit.py:488} INFO - "name" : "score",
[2022-04-06 04:16:23,485] {spark_submit.py:488} INFO - "type" : "integer",
[2022-04-06 04:16:23,485] {spark_submit.py:488} INFO - "nullable" : true,
[2022-04-06 04:16:23,485] {spark_submit.py:488} INFO - "metadata" : { }
[2022-04-06 04:16:23,485] {spark_submit.py:488} INFO - }, {
[2022-04-06 04:16:23,485] {spark_submit.py:488} INFO - "name" : "tags",
[2022-04-06 04:16:23,485] {spark_submit.py:488} INFO - "type" : "string",
[2022-04-06 04:16:23,485] {spark_submit.py:488} INFO - "nullable" : true,
[2022-04-06 04:16:23,485] {spark_submit.py:488} INFO - "metadata" : { }
[2022-04-06 04:16:23,485] {spark_submit.py:488} INFO - }, {
[2022-04-06 04:16:23,486] {spark_submit.py:488} INFO - "name" : "view_count",
[2022-04-06 04:16:23,486] {spark_submit.py:488} INFO - "type" : "integer",
[2022-04-06 04:16:23,486] {spark_submit.py:488} INFO - "nullable" : true,
[2022-04-06 04:16:23,486] {spark_submit.py:488} INFO - "metadata" : { }
[2022-04-06 04:16:23,486] {spark_submit.py:488} INFO - }, {
[2022-04-06 04:16:23,486] {spark_submit.py:488} INFO - "name" : "group_by_date",
[2022-04-06 04:16:23,486] {spark_submit.py:488} INFO - "type" : "timestamp",
[2022-04-06 04:16:23,486] {spark_submit.py:488} INFO - "nullable" : true,
[2022-04-06 04:16:23,486] {spark_submit.py:488} INFO - "metadata" : { }
[2022-04-06 04:16:23,486] {spark_submit.py:488} INFO - } ]
[2022-04-06 04:16:23,486] {spark_submit.py:488} INFO - }
[2022-04-06 04:16:23,486] {spark_submit.py:488} INFO - and corresponding Parquet message type:
[2022-04-06 04:16:23,486] {spark_submit.py:488} INFO - message spark_schema {
[2022-04-06 04:16:23,486] {spark_submit.py:488} INFO - optional int32 id;
[2022-04-06 04:16:23,486] {spark_submit.py:488} INFO - optional binary title (STRING);
[2022-04-06 04:16:23,487] {spark_submit.py:488} INFO - optional binary body (STRING);
[2022-04-06 04:16:23,487] {spark_submit.py:488} INFO - optional int32 accepted_answer_id;
[2022-04-06 04:16:23,487] {spark_submit.py:488} INFO - optional int32 answer_count;
[2022-04-06 04:16:23,487] {spark_submit.py:488} INFO - optional int32 comment_count;
[2022-04-06 04:16:23,487] {spark_submit.py:488} INFO - optional int96 community_owned_date;
[2022-04-06 04:16:23,487] {spark_submit.py:488} INFO - optional int96 creation_date;
[2022-04-06 04:16:23,487] {spark_submit.py:488} INFO - optional int32 favorite_count;
[2022-04-06 04:16:23,487] {spark_submit.py:488} INFO - optional int96 last_activity_date;
[2022-04-06 04:16:23,487] {spark_submit.py:488} INFO - optional int96 last_edit_date;
[2022-04-06 04:16:23,487] {spark_submit.py:488} INFO - optional binary last_editor_display_name (STRING);
[2022-04-06 04:16:23,487] {spark_submit.py:488} INFO - optional int32 last_editor_user_id;
[2022-04-06 04:16:23,487] {spark_submit.py:488} INFO - optional binary owner_display_name (STRING);
[2022-04-06 04:16:23,487] {spark_submit.py:488} INFO - optional int32 owner_user_id;
[2022-04-06 04:16:23,514] {spark_submit.py:488} INFO - optional int32 parent_id;
[2022-04-06 04:16:23,514] {spark_submit.py:488} INFO - optional int32 post_type_id;
[2022-04-06 04:16:23,514] {spark_submit.py:488} INFO - optional int32 score;
[2022-04-06 04:16:23,514] {spark_submit.py:488} INFO - optional binary tags (STRING);
[2022-04-06 04:16:23,514] {spark_submit.py:488} INFO - optional int32 view_count;
[2022-04-06 04:16:23,514] {spark_submit.py:488} INFO - optional int96 group_by_date;
[2022-04-06 04:16:23,514] {spark_submit.py:488} INFO - }
[2022-04-06 04:16:23,515] {spark_submit.py:488} INFO - 
[2022-04-06 04:16:23,515] {spark_submit.py:488} INFO - 
[2022-04-06 04:16:23,515] {spark_submit.py:488} INFO - 22/04/06 04:16:23 INFO ParquetWriteSupport: Initialized Parquet WriteSupport with Catalyst schema:
[2022-04-06 04:16:23,515] {spark_submit.py:488} INFO - {
[2022-04-06 04:16:23,515] {spark_submit.py:488} INFO - "type" : "struct",
[2022-04-06 04:16:23,536] {spark_submit.py:488} INFO - "fields" : [ {
[2022-04-06 04:16:23,536] {spark_submit.py:488} INFO - "name" : "id",
[2022-04-06 04:16:23,536] {spark_submit.py:488} INFO - "type" : "integer",
[2022-04-06 04:16:23,536] {spark_submit.py:488} INFO - "nullable" : true,
[2022-04-06 04:16:23,536] {spark_submit.py:488} INFO - "metadata" : { }
[2022-04-06 04:16:23,536] {spark_submit.py:488} INFO - }, {
[2022-04-06 04:16:23,536] {spark_submit.py:488} INFO - "name" : "title",
[2022-04-06 04:16:23,536] {spark_submit.py:488} INFO - "type" : "string",
[2022-04-06 04:16:23,536] {spark_submit.py:488} INFO - "nullable" : true,
[2022-04-06 04:16:23,537] {spark_submit.py:488} INFO - "metadata" : { }
[2022-04-06 04:16:23,537] {spark_submit.py:488} INFO - }, {
[2022-04-06 04:16:23,537] {spark_submit.py:488} INFO - "name" : "body",
[2022-04-06 04:16:23,537] {spark_submit.py:488} INFO - "type" : "string",
[2022-04-06 04:16:23,537] {spark_submit.py:488} INFO - "nullable" : true,
[2022-04-06 04:16:23,537] {spark_submit.py:488} INFO - "metadata" : { }
[2022-04-06 04:16:23,537] {spark_submit.py:488} INFO - }, {
[2022-04-06 04:16:23,537] {spark_submit.py:488} INFO - "name" : "accepted_answer_id",
[2022-04-06 04:16:23,537] {spark_submit.py:488} INFO - "type" : "integer",
[2022-04-06 04:16:23,537] {spark_submit.py:488} INFO - "nullable" : true,
[2022-04-06 04:16:23,537] {spark_submit.py:488} INFO - "metadata" : { }
[2022-04-06 04:16:23,537] {spark_submit.py:488} INFO - }, {
[2022-04-06 04:16:23,537] {spark_submit.py:488} INFO - "name" : "answer_count",
[2022-04-06 04:16:23,538] {spark_submit.py:488} INFO - "type" : "integer",
[2022-04-06 04:16:23,538] {spark_submit.py:488} INFO - "nullable" : true,
[2022-04-06 04:16:23,538] {spark_submit.py:488} INFO - "metadata" : { }
[2022-04-06 04:16:23,538] {spark_submit.py:488} INFO - }, {
[2022-04-06 04:16:23,538] {spark_submit.py:488} INFO - "name" : "comment_count",
[2022-04-06 04:16:23,538] {spark_submit.py:488} INFO - "type" : "integer",
[2022-04-06 04:16:23,538] {spark_submit.py:488} INFO - "nullable" : true,
[2022-04-06 04:16:23,538] {spark_submit.py:488} INFO - "metadata" : { }
[2022-04-06 04:16:23,538] {spark_submit.py:488} INFO - }, {
[2022-04-06 04:16:23,538] {spark_submit.py:488} INFO - "name" : "community_owned_date",
[2022-04-06 04:16:23,538] {spark_submit.py:488} INFO - "type" : "timestamp",
[2022-04-06 04:16:23,538] {spark_submit.py:488} INFO - "nullable" : true,
[2022-04-06 04:16:23,538] {spark_submit.py:488} INFO - "metadata" : { }
[2022-04-06 04:16:23,538] {spark_submit.py:488} INFO - }, {
[2022-04-06 04:16:23,539] {spark_submit.py:488} INFO - "name" : "creation_date",
[2022-04-06 04:16:23,539] {spark_submit.py:488} INFO - "type" : "timestamp",
[2022-04-06 04:16:23,539] {spark_submit.py:488} INFO - "nullable" : true,
[2022-04-06 04:16:23,539] {spark_submit.py:488} INFO - "metadata" : { }
[2022-04-06 04:16:23,539] {spark_submit.py:488} INFO - }, {
[2022-04-06 04:16:23,539] {spark_submit.py:488} INFO - "name" : "favorite_count",
[2022-04-06 04:16:23,539] {spark_submit.py:488} INFO - "type" : "integer",
[2022-04-06 04:16:23,539] {spark_submit.py:488} INFO - "nullable" : true,
[2022-04-06 04:16:23,539] {spark_submit.py:488} INFO - "metadata" : { }
[2022-04-06 04:16:23,539] {spark_submit.py:488} INFO - }, {
[2022-04-06 04:16:23,539] {spark_submit.py:488} INFO - "name" : "last_activity_date",
[2022-04-06 04:16:23,539] {spark_submit.py:488} INFO - "type" : "timestamp",
[2022-04-06 04:16:23,539] {spark_submit.py:488} INFO - "nullable" : true,
[2022-04-06 04:16:23,562] {spark_submit.py:488} INFO - "metadata" : { }
[2022-04-06 04:16:23,563] {spark_submit.py:488} INFO - }, {
[2022-04-06 04:16:23,563] {spark_submit.py:488} INFO - "name" : "last_edit_date",
[2022-04-06 04:16:23,563] {spark_submit.py:488} INFO - "type" : "timestamp",
[2022-04-06 04:16:23,563] {spark_submit.py:488} INFO - "nullable" : true,
[2022-04-06 04:16:23,563] {spark_submit.py:488} INFO - "metadata" : { }
[2022-04-06 04:16:23,563] {spark_submit.py:488} INFO - }, {
[2022-04-06 04:16:23,563] {spark_submit.py:488} INFO - "name" : "last_editor_display_name",
[2022-04-06 04:16:23,563] {spark_submit.py:488} INFO - "type" : "string",
[2022-04-06 04:16:23,563] {spark_submit.py:488} INFO - "nullable" : true,
[2022-04-06 04:16:23,563] {spark_submit.py:488} INFO - "metadata" : { }
[2022-04-06 04:16:23,563] {spark_submit.py:488} INFO - }, {
[2022-04-06 04:16:23,563] {spark_submit.py:488} INFO - "name" : "last_editor_user_id",
[2022-04-06 04:16:23,588] {spark_submit.py:488} INFO - "type" : "integer",
[2022-04-06 04:16:23,588] {spark_submit.py:488} INFO - "nullable" : true,
[2022-04-06 04:16:23,588] {spark_submit.py:488} INFO - "metadata" : { }
[2022-04-06 04:16:23,588] {spark_submit.py:488} INFO - }, {
[2022-04-06 04:16:23,588] {spark_submit.py:488} INFO - "name" : "owner_display_name",
[2022-04-06 04:16:23,588] {spark_submit.py:488} INFO - "type" : "string",
[2022-04-06 04:16:23,589] {spark_submit.py:488} INFO - "nullable" : true,
[2022-04-06 04:16:23,589] {spark_submit.py:488} INFO - "metadata" : { }
[2022-04-06 04:16:23,589] {spark_submit.py:488} INFO - }, {
[2022-04-06 04:16:23,589] {spark_submit.py:488} INFO - "name" : "owner_user_id",
[2022-04-06 04:16:23,589] {spark_submit.py:488} INFO - "type" : "integer",
[2022-04-06 04:16:23,589] {spark_submit.py:488} INFO - "nullable" : true,
[2022-04-06 04:16:23,589] {spark_submit.py:488} INFO - "metadata" : { }
[2022-04-06 04:16:23,589] {spark_submit.py:488} INFO - }, {
[2022-04-06 04:16:23,589] {spark_submit.py:488} INFO - "name" : "parent_id",
[2022-04-06 04:16:23,589] {spark_submit.py:488} INFO - "type" : "integer",
[2022-04-06 04:16:23,628] {spark_submit.py:488} INFO - "nullable" : true,
[2022-04-06 04:16:23,628] {spark_submit.py:488} INFO - "metadata" : { }
[2022-04-06 04:16:23,628] {spark_submit.py:488} INFO - }, {
[2022-04-06 04:16:23,628] {spark_submit.py:488} INFO - "name" : "post_type_id",
[2022-04-06 04:16:23,628] {spark_submit.py:488} INFO - "type" : "integer",
[2022-04-06 04:16:23,628] {spark_submit.py:488} INFO - "nullable" : true,
[2022-04-06 04:16:23,628] {spark_submit.py:488} INFO - "metadata" : { }
[2022-04-06 04:16:23,628] {spark_submit.py:488} INFO - }, {
[2022-04-06 04:16:23,629] {spark_submit.py:488} INFO - "name" : "score",
[2022-04-06 04:16:23,629] {spark_submit.py:488} INFO - "type" : "integer",
[2022-04-06 04:16:23,629] {spark_submit.py:488} INFO - "nullable" : true,
[2022-04-06 04:16:23,629] {spark_submit.py:488} INFO - "metadata" : { }
[2022-04-06 04:16:23,629] {spark_submit.py:488} INFO - }, {
[2022-04-06 04:16:23,629] {spark_submit.py:488} INFO - "name" : "tags",
[2022-04-06 04:16:23,629] {spark_submit.py:488} INFO - "type" : "string",
[2022-04-06 04:16:23,629] {spark_submit.py:488} INFO - "nullable" : true,
[2022-04-06 04:16:23,629] {spark_submit.py:488} INFO - "metadata" : { }
[2022-04-06 04:16:23,629] {spark_submit.py:488} INFO - }, {
[2022-04-06 04:16:23,629] {spark_submit.py:488} INFO - "name" : "view_count",
[2022-04-06 04:16:23,630] {spark_submit.py:488} INFO - "type" : "integer",
[2022-04-06 04:16:23,630] {spark_submit.py:488} INFO - "nullable" : true,
[2022-04-06 04:16:23,630] {spark_submit.py:488} INFO - "metadata" : { }
[2022-04-06 04:16:23,630] {spark_submit.py:488} INFO - }, {
[2022-04-06 04:16:23,630] {spark_submit.py:488} INFO - "name" : "group_by_date",
[2022-04-06 04:16:23,630] {spark_submit.py:488} INFO - "type" : "timestamp",
[2022-04-06 04:16:23,630] {spark_submit.py:488} INFO - "nullable" : true,
[2022-04-06 04:16:23,630] {spark_submit.py:488} INFO - "metadata" : { }
[2022-04-06 04:16:23,630] {spark_submit.py:488} INFO - } ]
[2022-04-06 04:16:23,630] {spark_submit.py:488} INFO - }
[2022-04-06 04:16:23,630] {spark_submit.py:488} INFO - and corresponding Parquet message type:
[2022-04-06 04:16:23,630] {spark_submit.py:488} INFO - message spark_schema {
[2022-04-06 04:16:23,630] {spark_submit.py:488} INFO - optional int32 id;
[2022-04-06 04:16:23,630] {spark_submit.py:488} INFO - optional binary title (STRING);
[2022-04-06 04:16:23,631] {spark_submit.py:488} INFO - optional binary body (STRING);
[2022-04-06 04:16:23,631] {spark_submit.py:488} INFO - optional int32 accepted_answer_id;
[2022-04-06 04:16:23,631] {spark_submit.py:488} INFO - optional int32 answer_count;
[2022-04-06 04:16:23,631] {spark_submit.py:488} INFO - optional int32 comment_count;
[2022-04-06 04:16:23,631] {spark_submit.py:488} INFO - optional int96 community_owned_date;
[2022-04-06 04:16:23,631] {spark_submit.py:488} INFO - optional int96 creation_date;
[2022-04-06 04:16:23,631] {spark_submit.py:488} INFO - optional int32 favorite_count;
[2022-04-06 04:16:23,631] {spark_submit.py:488} INFO - optional int96 last_activity_date;
[2022-04-06 04:16:23,631] {spark_submit.py:488} INFO - optional int96 last_edit_date;
[2022-04-06 04:16:23,631] {spark_submit.py:488} INFO - optional binary last_editor_display_name (STRING);
[2022-04-06 04:16:23,631] {spark_submit.py:488} INFO - optional int32 last_editor_user_id;
[2022-04-06 04:16:23,631] {spark_submit.py:488} INFO - optional binary owner_display_name (STRING);
[2022-04-06 04:16:23,655] {spark_submit.py:488} INFO - optional int32 owner_user_id;
[2022-04-06 04:16:23,655] {spark_submit.py:488} INFO - optional int32 parent_id;
[2022-04-06 04:16:23,655] {spark_submit.py:488} INFO - optional int32 post_type_id;
[2022-04-06 04:16:23,655] {spark_submit.py:488} INFO - optional int32 score;
[2022-04-06 04:16:23,655] {spark_submit.py:488} INFO - optional binary tags (STRING);
[2022-04-06 04:16:23,655] {spark_submit.py:488} INFO - optional int32 view_count;
[2022-04-06 04:16:23,655] {spark_submit.py:488} INFO - optional int96 group_by_date;
[2022-04-06 04:16:23,655] {spark_submit.py:488} INFO - }
[2022-04-06 04:16:23,655] {spark_submit.py:488} INFO - 
[2022-04-06 04:16:23,655] {spark_submit.py:488} INFO - 
[2022-04-06 04:16:25,136] {spark_submit.py:488} INFO - 22/04/06 04:16:25 INFO CodecPool: Got brand-new compressor [.snappy]
[2022-04-06 04:16:25,266] {spark_submit.py:488} INFO - 22/04/06 04:16:25 INFO CodecPool: Got brand-new compressor [.snappy]
[2022-04-06 04:16:25,267] {spark_submit.py:488} INFO - 22/04/06 04:16:25 INFO CodecPool: Got brand-new compressor [.snappy]
[2022-04-06 04:16:25,282] {spark_submit.py:488} INFO - 22/04/06 04:16:25 INFO CodecPool: Got brand-new compressor [.snappy]
[2022-04-06 04:16:43,520] {spark_submit.py:488} INFO - 22/04/06 04:16:43 INFO GoogleCloudStorageImpl: Ignoring exception of type GoogleJsonResponseException; verified object already exists with desired state.
[2022-04-06 04:16:43,520] {spark_submit.py:488} INFO - 22/04/06 04:16:43 INFO GoogleCloudStorageFileSystem: Successfully repaired 'gs://dtc_data_lake_de-stack-overflow/BigQuery/posts_answers-2022-01/_temporary/0/_temporary/' directory.
[2022-04-06 04:16:43,520] {spark_submit.py:488} INFO - 22/04/06 04:16:43 INFO FileOutputCommitter: Saved output of task 'attempt_202204060416208301710289859347176_0003_m_000001_6' to gs://dtc_data_lake_de-stack-overflow/BigQuery/posts_answers-2022-01/_temporary/0/task_202204060416208301710289859347176_0003_m_000001
[2022-04-06 04:16:43,543] {spark_submit.py:488} INFO - 22/04/06 04:16:43 INFO GoogleCloudStorageImpl: Ignoring exception of type GoogleJsonResponseException; verified object already exists with desired state.
[2022-04-06 04:16:43,544] {spark_submit.py:488} INFO - 22/04/06 04:16:43 INFO GoogleCloudStorageFileSystem: Successfully repaired 'gs://dtc_data_lake_de-stack-overflow/BigQuery/posts_answers-2022-01/_temporary/0/_temporary/' directory.
[2022-04-06 04:16:43,544] {spark_submit.py:488} INFO - 22/04/06 04:16:43 INFO GoogleCloudStorageFileSystem: Successfully repaired 'gs://dtc_data_lake_de-stack-overflow/BigQuery/posts_answers-2022-01/_temporary/0/_temporary/' directory.
[2022-04-06 04:16:43,552] {spark_submit.py:488} INFO - 22/04/06 04:16:43 INFO FileOutputCommitter: Saved output of task 'attempt_202204060416205425453631568194570_0003_m_000002_7' to gs://dtc_data_lake_de-stack-overflow/BigQuery/posts_answers-2022-01/_temporary/0/task_202204060416205425453631568194570_0003_m_000002
[2022-04-06 04:16:43,556] {spark_submit.py:488} INFO - 22/04/06 04:16:43 INFO SparkHadoopMapRedUtil: attempt_202204060416205425453631568194570_0003_m_000002_7: Committed
[2022-04-06 04:16:43,556] {spark_submit.py:488} INFO - 22/04/06 04:16:43 INFO FileOutputCommitter: Saved output of task 'attempt_202204060416209137347749263838030_0003_m_000003_8' to gs://dtc_data_lake_de-stack-overflow/BigQuery/posts_answers-2022-01/_temporary/0/task_202204060416209137347749263838030_0003_m_000003
[2022-04-06 04:16:43,585] {spark_submit.py:488} INFO - 22/04/06 04:16:43 INFO SparkHadoopMapRedUtil: attempt_202204060416208301710289859347176_0003_m_000001_6: Committed
[2022-04-06 04:16:43,586] {spark_submit.py:488} INFO - 22/04/06 04:16:43 INFO SparkHadoopMapRedUtil: attempt_202204060416209137347749263838030_0003_m_000003_8: Committed
[2022-04-06 04:16:43,595] {spark_submit.py:488} INFO - 22/04/06 04:16:43 INFO Executor: Finished task 3.0 in stage 3.0 (TID 8). 3526 bytes result sent to driver
[2022-04-06 04:16:43,597] {spark_submit.py:488} INFO - 22/04/06 04:16:43 INFO Executor: Finished task 2.0 in stage 3.0 (TID 7). 3526 bytes result sent to driver
[2022-04-06 04:16:43,598] {spark_submit.py:488} INFO - 22/04/06 04:16:43 INFO Executor: Finished task 1.0 in stage 3.0 (TID 6). 3526 bytes result sent to driver
[2022-04-06 04:16:43,599] {spark_submit.py:488} INFO - 22/04/06 04:16:43 INFO GoogleCloudStorageImpl: Ignoring exception of type GoogleJsonResponseException; verified object already exists with desired state.
[2022-04-06 04:16:43,599] {spark_submit.py:488} INFO - 22/04/06 04:16:43 INFO GoogleCloudStorageFileSystem: Successfully repaired 'gs://dtc_data_lake_de-stack-overflow/BigQuery/posts_answers-2022-01/_temporary/0/_temporary/' directory.
[2022-04-06 04:16:43,599] {spark_submit.py:488} INFO - 22/04/06 04:16:43 INFO FileOutputCommitter: Saved output of task 'attempt_202204060416207140983484078071872_0003_m_000000_5' to gs://dtc_data_lake_de-stack-overflow/BigQuery/posts_answers-2022-01/_temporary/0/task_202204060416207140983484078071872_0003_m_000000
[2022-04-06 04:16:43,599] {spark_submit.py:488} INFO - 22/04/06 04:16:43 INFO SparkHadoopMapRedUtil: attempt_202204060416207140983484078071872_0003_m_000000_5: Committed
[2022-04-06 04:16:43,617] {spark_submit.py:488} INFO - 22/04/06 04:16:43 INFO Executor: Finished task 0.0 in stage 3.0 (TID 5). 3483 bytes result sent to driver
[2022-04-06 04:16:43,642] {spark_submit.py:488} INFO - 22/04/06 04:16:43 INFO TaskSetManager: Finished task 3.0 in stage 3.0 (TID 8) in 21789 ms on 9fe4286b2855 (executor driver) (1/4)
[2022-04-06 04:16:43,642] {spark_submit.py:488} INFO - 22/04/06 04:16:43 INFO TaskSetManager: Finished task 2.0 in stage 3.0 (TID 7) in 21791 ms on 9fe4286b2855 (executor driver) (2/4)
[2022-04-06 04:16:43,644] {spark_submit.py:488} INFO - 22/04/06 04:16:43 INFO TaskSetManager: Finished task 1.0 in stage 3.0 (TID 6) in 21794 ms on 9fe4286b2855 (executor driver) (3/4)
[2022-04-06 04:16:43,646] {spark_submit.py:488} INFO - 22/04/06 04:16:43 INFO TaskSetManager: Finished task 0.0 in stage 3.0 (TID 5) in 21801 ms on 9fe4286b2855 (executor driver) (4/4)
[2022-04-06 04:16:43,646] {spark_submit.py:488} INFO - 22/04/06 04:16:43 INFO TaskSchedulerImpl: Removed TaskSet 3.0, whose tasks have all completed, from pool
[2022-04-06 04:16:43,651] {spark_submit.py:488} INFO - 22/04/06 04:16:43 INFO DAGScheduler: ResultStage 3 (save at NativeMethodAccessorImpl.java:0) finished in 22.398 s
[2022-04-06 04:16:43,652] {spark_submit.py:488} INFO - 22/04/06 04:16:43 INFO DAGScheduler: Job 2 is finished. Cancelling potential speculative or zombie tasks for this job
[2022-04-06 04:16:43,652] {spark_submit.py:488} INFO - 22/04/06 04:16:43 INFO TaskSchedulerImpl: Killing all running tasks in stage 3: Stage finished
[2022-04-06 04:16:43,656] {spark_submit.py:488} INFO - 22/04/06 04:16:43 INFO DAGScheduler: Job 2 finished: save at NativeMethodAccessorImpl.java:0, took 22.469228 s
[2022-04-06 04:16:43,657] {spark_submit.py:488} INFO - 22/04/06 04:16:43 INFO FileFormatWriter: Start to commit write Job f80e2959-deb7-4855-8e79-47f6f3865011.
[2022-04-06 04:16:44,216] {spark_submit.py:488} INFO - 22/04/06 04:16:44 INFO GoogleCloudStorageFileSystem: Successfully repaired 'gs://dtc_data_lake_de-stack-overflow/BigQuery/posts_answers-2022-01/_temporary/0/task_202204060416205425453631568194570_0003_m_000002/' directory.
[2022-04-06 04:16:44,754] {spark_submit.py:488} INFO - 22/04/06 04:16:44 INFO GoogleCloudStorageFileSystem: Successfully repaired 'gs://dtc_data_lake_de-stack-overflow/BigQuery/posts_answers-2022-01/_temporary/0/task_202204060416207140983484078071872_0003_m_000000/' directory.
[2022-04-06 04:16:45,183] {spark_submit.py:488} INFO - 22/04/06 04:16:45 INFO GoogleCloudStorageFileSystem: Successfully repaired 'gs://dtc_data_lake_de-stack-overflow/BigQuery/posts_answers-2022-01/_temporary/0/task_202204060416208301710289859347176_0003_m_000001/' directory.
[2022-04-06 04:16:45,649] {spark_submit.py:488} INFO - 22/04/06 04:16:45 INFO GoogleCloudStorageFileSystem: Successfully repaired 'gs://dtc_data_lake_de-stack-overflow/BigQuery/posts_answers-2022-01/_temporary/0/task_202204060416209137347749263838030_0003_m_000003/' directory.
[2022-04-06 04:16:45,930] {spark_submit.py:488} INFO - 22/04/06 04:16:45 INFO GoogleCloudStorageFileSystem: Successfully repaired 'gs://dtc_data_lake_de-stack-overflow/BigQuery/posts_answers-2022-01/' directory.
[2022-04-06 04:16:46,581] {spark_submit.py:488} INFO - 22/04/06 04:16:46 INFO FileFormatWriter: Write Job f80e2959-deb7-4855-8e79-47f6f3865011 committed. Elapsed time: 2923 ms.
[2022-04-06 04:16:46,624] {spark_submit.py:488} INFO - 22/04/06 04:16:46 INFO FileFormatWriter: Finished processing stats for write job f80e2959-deb7-4855-8e79-47f6f3865011.
[2022-04-06 04:16:47,289] {spark_submit.py:488} INFO - 22/04/06 04:16:47 INFO SparkContext: Invoking stop() from shutdown hook
[2022-04-06 04:16:47,366] {spark_submit.py:488} INFO - 22/04/06 04:16:47 INFO SparkUI: Stopped Spark web UI at http://9fe4286b2855:4040
[2022-04-06 04:16:47,477] {spark_submit.py:488} INFO - 22/04/06 04:16:47 INFO MapOutputTrackerMasterEndpoint: MapOutputTrackerMasterEndpoint stopped!
[2022-04-06 04:16:47,775] {spark_submit.py:488} INFO - 22/04/06 04:16:47 INFO MemoryStore: MemoryStore cleared
[2022-04-06 04:16:47,776] {spark_submit.py:488} INFO - 22/04/06 04:16:47 INFO BlockManager: BlockManager stopped
[2022-04-06 04:16:47,787] {spark_submit.py:488} INFO - 22/04/06 04:16:47 INFO BlockManagerMaster: BlockManagerMaster stopped
[2022-04-06 04:16:47,792] {spark_submit.py:488} INFO - 22/04/06 04:16:47 INFO OutputCommitCoordinator$OutputCommitCoordinatorEndpoint: OutputCommitCoordinator stopped!
[2022-04-06 04:16:48,081] {spark_submit.py:488} INFO - 22/04/06 04:16:48 INFO SparkContext: Successfully stopped SparkContext
[2022-04-06 04:16:48,081] {spark_submit.py:488} INFO - 22/04/06 04:16:48 INFO ShutdownHookManager: Shutdown hook called
[2022-04-06 04:16:48,087] {spark_submit.py:488} INFO - 22/04/06 04:16:48 INFO ShutdownHookManager: Deleting directory /tmp/spark-d11ee896-4ed9-4cd8-b331-3976964d369b/pyspark-762f4557-8dac-419d-81b8-b22270e48ebe
[2022-04-06 04:16:48,124] {spark_submit.py:488} INFO - 22/04/06 04:16:48 INFO ShutdownHookManager: Deleting directory /tmp/spark-d11ee896-4ed9-4cd8-b331-3976964d369b
[2022-04-06 04:16:48,162] {spark_submit.py:488} INFO - 22/04/06 04:16:48 INFO ShutdownHookManager: Deleting directory /tmp/spark-ce5e9b10-d2c1-4ca1-abfa-95b789eafba3
[2022-04-06 04:16:48,983] {taskinstance.py:1288} INFO - Marking task as SUCCESS. dag_id=IngestToGCP, task_id=processing_tasks_posts_answers.spark_job, execution_date=20220101T000000, start_date=20220406T041108, end_date=20220406T041648
[2022-04-06 04:16:49,125] {local_task_job.py:154} INFO - Task exited with return code 0
[2022-04-06 04:16:49,286] {local_task_job.py:264} INFO - 1 downstream tasks scheduled from follow-on schedule check
