[2022-04-06 02:42:32,793] {taskinstance.py:1043} INFO - Dependencies all met for <TaskInstance: IngestToGCP.processing_tasks_users.download_files_users scheduled__2018-10-01T00:00:00+00:00 [queued]>
[2022-04-06 02:42:32,903] {taskinstance.py:1043} INFO - Dependencies all met for <TaskInstance: IngestToGCP.processing_tasks_users.download_files_users scheduled__2018-10-01T00:00:00+00:00 [queued]>
[2022-04-06 02:42:32,903] {taskinstance.py:1249} INFO - 
--------------------------------------------------------------------------------
[2022-04-06 02:42:32,903] {taskinstance.py:1250} INFO - Starting attempt 1 of 1
[2022-04-06 02:42:32,903] {taskinstance.py:1251} INFO - 
--------------------------------------------------------------------------------
[2022-04-06 02:42:33,097] {taskinstance.py:1270} INFO - Executing <Task(BashOperator): processing_tasks_users.download_files_users> on 2018-10-01 00:00:00+00:00
[2022-04-06 02:42:33,224] {standard_task_runner.py:52} INFO - Started process 184278 to run task
[2022-04-06 02:42:33,294] {standard_task_runner.py:79} INFO - Running: ['***', 'tasks', 'run', 'IngestToGCP', 'processing_tasks_users.download_files_users', 'scheduled__2018-10-01T00:00:00+00:00', '--job-id', '11276', '--raw', '--subdir', 'DAGS_FOLDER/ingest_dag.py', '--cfg-path', '/tmp/tmpektde275', '--error-file', '/tmp/tmpvb04mda9']
[2022-04-06 02:42:33,295] {standard_task_runner.py:80} INFO - Job 11276: Subtask processing_tasks_users.download_files_users
[2022-04-06 02:42:33,903] {logging_mixin.py:109} INFO - Running <TaskInstance: IngestToGCP.processing_tasks_users.download_files_users scheduled__2018-10-01T00:00:00+00:00 [running]> on host 9fe4286b2855
[2022-04-06 02:42:34,601] {logging_mixin.py:109} WARNING - /home/***/.local/lib/python3.7/site-packages/***/utils/context.py:156 AirflowContextDeprecationWarning: Accessing 'execution_date' from the template is deprecated and will be removed in a future version. Please use 'data_interval_start' or 'logical_date' instead.
[2022-04-06 02:42:34,959] {taskinstance.py:1448} INFO - Exporting the following env vars:
AIRFLOW_CTX_DAG_OWNER=***
AIRFLOW_CTX_DAG_ID=IngestToGCP
AIRFLOW_CTX_TASK_ID=processing_tasks_users.download_files_users
AIRFLOW_CTX_EXECUTION_DATE=2018-10-01T00:00:00+00:00
AIRFLOW_CTX_DAG_RUN_ID=scheduled__2018-10-01T00:00:00+00:00
[2022-04-06 02:42:34,961] {subprocess.py:62} INFO - Tmp dir root location: 
 /tmp
[2022-04-06 02:42:34,962] {subprocess.py:74} INFO - Running command: ['bash', '-c', 'curl -A "Mozilla Chrome Safari" -sSfl --connect-timeout 5                     --retry 5                     https://storage.googleapis.com/dtc_data_lake_de-stack-overflow/processed/users-2018-10.csv > /opt/***/users-2018-10.csv']
[2022-04-06 02:42:35,253] {subprocess.py:85} INFO - Output:
[2022-04-06 02:42:37,704] {subprocess.py:93} INFO - Command exited with return code 0
[2022-04-06 02:42:39,475] {taskinstance.py:1288} INFO - Marking task as SUCCESS. dag_id=IngestToGCP, task_id=processing_tasks_users.download_files_users, execution_date=20181001T000000, start_date=20220406T024232, end_date=20220406T024239
[2022-04-06 02:42:39,829] {local_task_job.py:154} INFO - Task exited with return code 0
[2022-04-06 02:42:40,239] {local_task_job.py:264} INFO - 1 downstream tasks scheduled from follow-on schedule check
