[2022-04-05 23:14:30,941] {taskinstance.py:1043} INFO - Dependencies all met for <TaskInstance: IngestToGCP.processing_tasks_posts_questions.spark_job scheduled__2010-09-01T00:00:00+00:00 [queued]>
[2022-04-05 23:14:31,232] {taskinstance.py:1043} INFO - Dependencies all met for <TaskInstance: IngestToGCP.processing_tasks_posts_questions.spark_job scheduled__2010-09-01T00:00:00+00:00 [queued]>
[2022-04-05 23:14:31,232] {taskinstance.py:1249} INFO - 
--------------------------------------------------------------------------------
[2022-04-05 23:14:31,232] {taskinstance.py:1250} INFO - Starting attempt 1 of 1
[2022-04-05 23:14:31,233] {taskinstance.py:1251} INFO - 
--------------------------------------------------------------------------------
[2022-04-05 23:14:31,397] {taskinstance.py:1270} INFO - Executing <Task(SparkSubmitOperator): processing_tasks_posts_questions.spark_job> on 2010-09-01 00:00:00+00:00
[2022-04-05 23:14:31,483] {standard_task_runner.py:52} INFO - Started process 38344 to run task
[2022-04-05 23:14:31,592] {standard_task_runner.py:79} INFO - Running: ['***', 'tasks', 'run', 'IngestToGCP', 'processing_tasks_posts_questions.spark_job', 'scheduled__2010-09-01T00:00:00+00:00', '--job-id', '8980', '--raw', '--subdir', 'DAGS_FOLDER/ingest_dag.py', '--cfg-path', '/tmp/tmpzi4ixwhd', '--error-file', '/tmp/tmpjiqucxal']
[2022-04-05 23:14:31,593] {standard_task_runner.py:80} INFO - Job 8980: Subtask processing_tasks_posts_questions.spark_job
[2022-04-05 23:14:32,204] {logging_mixin.py:109} INFO - Running <TaskInstance: IngestToGCP.processing_tasks_posts_questions.spark_job scheduled__2010-09-01T00:00:00+00:00 [running]> on host 9fe4286b2855
[2022-04-05 23:14:32,629] {logging_mixin.py:109} WARNING - /home/***/.local/lib/python3.7/site-packages/***/utils/context.py:156 AirflowContextDeprecationWarning: Accessing 'execution_date' from the template is deprecated and will be removed in a future version. Please use 'data_interval_start' or 'logical_date' instead.
[2022-04-05 23:14:32,882] {taskinstance.py:1448} INFO - Exporting the following env vars:
AIRFLOW_CTX_DAG_OWNER=***
AIRFLOW_CTX_DAG_ID=IngestToGCP
AIRFLOW_CTX_TASK_ID=processing_tasks_posts_questions.spark_job
AIRFLOW_CTX_EXECUTION_DATE=2010-09-01T00:00:00+00:00
AIRFLOW_CTX_DAG_RUN_ID=scheduled__2010-09-01T00:00:00+00:00
[2022-04-05 23:14:32,996] {base.py:79} INFO - Using connection to: id: spark_project. Host: spark://spark, Port: 7077, Schema: , Login: , Password: None, extra: {'queue': 'root.default'}
[2022-04-05 23:14:32,998] {spark_submit.py:335} INFO - Spark-Submit cmd: spark-submit --master spark://spark:7077 --conf spark.master=local[*] --name format_schema --verbose --queue root.default ./dags/pyspark_parquet_transformation.py posts_questions 2010-09
[2022-04-05 23:15:04,872] {spark_submit.py:488} INFO - Using properties file: null
[2022-04-05 23:15:06,509] {spark_submit.py:488} INFO - WARNING: An illegal reflective access operation has occurred
[2022-04-05 23:15:06,510] {spark_submit.py:488} INFO - WARNING: Illegal reflective access by org.apache.spark.unsafe.Platform (file:/opt/***/spark/spark-3.2.1-bin-hadoop3.2/jars/spark-unsafe_2.12-3.2.1.jar) to constructor java.nio.DirectByteBuffer(long,int)
[2022-04-05 23:15:06,510] {spark_submit.py:488} INFO - WARNING: Please consider reporting this to the maintainers of org.apache.spark.unsafe.Platform
[2022-04-05 23:15:06,510] {spark_submit.py:488} INFO - WARNING: Use --illegal-access=warn to enable warnings of further illegal reflective access operations
[2022-04-05 23:15:06,540] {spark_submit.py:488} INFO - WARNING: All illegal access operations will be denied in a future release
[2022-04-05 23:15:07,994] {spark_submit.py:488} INFO - Parsed arguments:
[2022-04-05 23:15:07,995] {spark_submit.py:488} INFO - master                  spark://spark:7077
[2022-04-05 23:15:07,995] {spark_submit.py:488} INFO - deployMode              null
[2022-04-05 23:15:07,995] {spark_submit.py:488} INFO - executorMemory          null
[2022-04-05 23:15:07,995] {spark_submit.py:488} INFO - executorCores           null
[2022-04-05 23:15:07,995] {spark_submit.py:488} INFO - totalExecutorCores      null
[2022-04-05 23:15:07,995] {spark_submit.py:488} INFO - propertiesFile          null
[2022-04-05 23:15:07,995] {spark_submit.py:488} INFO - driverMemory            null
[2022-04-05 23:15:07,995] {spark_submit.py:488} INFO - driverCores             null
[2022-04-05 23:15:07,995] {spark_submit.py:488} INFO - driverExtraClassPath    null
[2022-04-05 23:15:07,995] {spark_submit.py:488} INFO - driverExtraLibraryPath  null
[2022-04-05 23:15:07,995] {spark_submit.py:488} INFO - driverExtraJavaOptions  null
[2022-04-05 23:15:07,996] {spark_submit.py:488} INFO - supervise               false
[2022-04-05 23:15:07,996] {spark_submit.py:488} INFO - queue                   root.default
[2022-04-05 23:15:07,996] {spark_submit.py:488} INFO - numExecutors            null
[2022-04-05 23:15:07,996] {spark_submit.py:488} INFO - files                   null
[2022-04-05 23:15:07,996] {spark_submit.py:488} INFO - pyFiles                 null
[2022-04-05 23:15:07,996] {spark_submit.py:488} INFO - archives                null
[2022-04-05 23:15:07,996] {spark_submit.py:488} INFO - mainClass               null
[2022-04-05 23:15:07,996] {spark_submit.py:488} INFO - primaryResource         file:/opt/***/dags/pyspark_parquet_transformation.py
[2022-04-05 23:15:07,996] {spark_submit.py:488} INFO - name                    format_schema
[2022-04-05 23:15:07,996] {spark_submit.py:488} INFO - childArgs               [posts_questions 2010-09]
[2022-04-05 23:15:07,996] {spark_submit.py:488} INFO - jars                    null
[2022-04-05 23:15:07,996] {spark_submit.py:488} INFO - packages                null
[2022-04-05 23:15:07,996] {spark_submit.py:488} INFO - packagesExclusions      null
[2022-04-05 23:15:07,996] {spark_submit.py:488} INFO - repositories            null
[2022-04-05 23:15:07,997] {spark_submit.py:488} INFO - verbose                 true
[2022-04-05 23:15:07,997] {spark_submit.py:488} INFO - 
[2022-04-05 23:15:07,997] {spark_submit.py:488} INFO - Spark properties used, including those specified through
[2022-04-05 23:15:07,997] {spark_submit.py:488} INFO - --conf and those from the properties file null:
[2022-04-05 23:15:07,997] {spark_submit.py:488} INFO - (spark.master,local[*])
[2022-04-05 23:15:07,997] {spark_submit.py:488} INFO - 
[2022-04-05 23:15:07,997] {spark_submit.py:488} INFO - 
[2022-04-05 23:15:13,522] {spark_submit.py:488} INFO - Main class:
[2022-04-05 23:15:13,522] {spark_submit.py:488} INFO - org.apache.spark.deploy.PythonRunner
[2022-04-05 23:15:13,523] {spark_submit.py:488} INFO - Arguments:
[2022-04-05 23:15:13,523] {spark_submit.py:488} INFO - file:/opt/***/dags/pyspark_parquet_transformation.py
[2022-04-05 23:15:13,523] {spark_submit.py:488} INFO - null
[2022-04-05 23:15:13,523] {spark_submit.py:488} INFO - posts_questions
[2022-04-05 23:15:13,548] {spark_submit.py:488} INFO - 2010-09
[2022-04-05 23:15:13,564] {spark_submit.py:488} INFO - Spark config:
[2022-04-05 23:15:13,564] {spark_submit.py:488} INFO - (spark.master,spark://spark:7077)
[2022-04-05 23:15:13,564] {spark_submit.py:488} INFO - (spark.submit.pyFiles,)
[2022-04-05 23:15:13,564] {spark_submit.py:488} INFO - (spark.submit.deployMode,client)
[2022-04-05 23:15:13,564] {spark_submit.py:488} INFO - (spark.app.name,format_schema)
[2022-04-05 23:15:13,566] {spark_submit.py:488} INFO - Classpath elements:
[2022-04-05 23:15:13,568] {spark_submit.py:488} INFO - 
[2022-04-05 23:15:13,568] {spark_submit.py:488} INFO - 
[2022-04-05 23:15:13,620] {spark_submit.py:488} INFO - 
[2022-04-05 23:15:23,696] {spark_submit.py:488} INFO - Using Spark's default log4j profile: org/apache/spark/log4j-defaults.properties
[2022-04-05 23:15:23,916] {spark_submit.py:488} INFO - 22/04/05 23:15:23 INFO SparkContext: Running Spark version 3.2.1
[2022-04-05 23:15:25,149] {spark_submit.py:488} INFO - 22/04/05 23:15:25 WARN NativeCodeLoader: Unable to load native-hadoop library for your platform... using builtin-java classes where applicable
[2022-04-05 23:15:26,662] {spark_submit.py:488} INFO - 22/04/05 23:15:26 INFO ResourceUtils: ==============================================================
[2022-04-05 23:15:26,663] {spark_submit.py:488} INFO - 22/04/05 23:15:26 INFO ResourceUtils: No custom resources configured for spark.driver.
[2022-04-05 23:15:26,663] {spark_submit.py:488} INFO - 22/04/05 23:15:26 INFO ResourceUtils: ==============================================================
[2022-04-05 23:15:26,688] {spark_submit.py:488} INFO - 22/04/05 23:15:26 INFO SparkContext: Submitted application: Modidy Schema
[2022-04-05 23:15:27,075] {spark_submit.py:488} INFO - 22/04/05 23:15:27 INFO ResourceProfile: Default ResourceProfile created, executor resources: Map(cores -> name: cores, amount: 1, script: , vendor: , memory -> name: memory, amount: 1024, script: , vendor: , offHeap -> name: offHeap, amount: 0, script: , vendor: ), task resources: Map(cpus -> name: cpus, amount: 1.0)
[2022-04-05 23:15:27,193] {spark_submit.py:488} INFO - 22/04/05 23:15:27 INFO ResourceProfile: Limiting resource is cpu
[2022-04-05 23:15:27,194] {spark_submit.py:488} INFO - 22/04/05 23:15:27 INFO ResourceProfileManager: Added ResourceProfile id: 0
[2022-04-05 23:15:28,036] {spark_submit.py:488} INFO - 22/04/05 23:15:28 INFO SecurityManager: Changing view acls to: default
[2022-04-05 23:15:28,037] {spark_submit.py:488} INFO - 22/04/05 23:15:28 INFO SecurityManager: Changing modify acls to: default
[2022-04-05 23:15:28,038] {spark_submit.py:488} INFO - 22/04/05 23:15:28 INFO SecurityManager: Changing view acls groups to:
[2022-04-05 23:15:28,038] {spark_submit.py:488} INFO - 22/04/05 23:15:28 INFO SecurityManager: Changing modify acls groups to:
[2022-04-05 23:15:28,072] {spark_submit.py:488} INFO - 22/04/05 23:15:28 INFO SecurityManager: SecurityManager: authentication disabled; ui acls disabled; users  with view permissions: Set(default); groups with view permissions: Set(); users  with modify permissions: Set(default); groups with modify permissions: Set()
[2022-04-05 23:15:32,811] {spark_submit.py:488} INFO - 22/04/05 23:15:32 INFO Utils: Successfully started service 'sparkDriver' on port 37937.
[2022-04-05 23:15:33,209] {spark_submit.py:488} INFO - 22/04/05 23:15:33 INFO SparkEnv: Registering MapOutputTracker
[2022-04-05 23:15:33,773] {spark_submit.py:488} INFO - 22/04/05 23:15:33 INFO SparkEnv: Registering BlockManagerMaster
[2022-04-05 23:15:34,029] {spark_submit.py:488} INFO - 22/04/05 23:15:34 INFO BlockManagerMasterEndpoint: Using org.apache.spark.storage.DefaultTopologyMapper for getting topology information
[2022-04-05 23:15:34,054] {spark_submit.py:488} INFO - 22/04/05 23:15:34 INFO BlockManagerMasterEndpoint: BlockManagerMasterEndpoint up
[2022-04-05 23:15:34,085] {spark_submit.py:488} INFO - 22/04/05 23:15:34 INFO SparkEnv: Registering BlockManagerMasterHeartbeat
[2022-04-05 23:15:34,302] {spark_submit.py:488} INFO - 22/04/05 23:15:34 INFO DiskBlockManager: Created local directory at /tmp/blockmgr-f0c05053-f6ff-4323-94ca-fe87bb44f247
[2022-04-05 23:15:34,896] {spark_submit.py:488} INFO - 22/04/05 23:15:34 INFO MemoryStore: MemoryStore started with capacity 434.4 MiB
[2022-04-05 23:15:35,243] {spark_submit.py:488} INFO - 22/04/05 23:15:35 INFO SparkEnv: Registering OutputCommitCoordinator
[2022-04-05 23:15:36,954] {spark_submit.py:488} INFO - 22/04/05 23:15:36 WARN Utils: Service 'SparkUI' could not bind on port 4040. Attempting port 4041.
[2022-04-05 23:15:37,136] {spark_submit.py:488} INFO - 22/04/05 23:15:37 INFO Utils: Successfully started service 'SparkUI' on port 4041.
[2022-04-05 23:15:38,566] {spark_submit.py:488} INFO - 22/04/05 23:15:38 INFO SparkUI: Bound SparkUI to 0.0.0.0, and started at http://9fe4286b2855:4041
[2022-04-05 23:15:40,932] {spark_submit.py:488} INFO - 22/04/05 23:15:40 INFO Executor: Starting executor ID driver on host 9fe4286b2855
[2022-04-05 23:15:41,411] {spark_submit.py:488} INFO - 22/04/05 23:15:41 INFO Utils: Successfully started service 'org.apache.spark.network.netty.NettyBlockTransferService' on port 34877.
[2022-04-05 23:15:41,411] {spark_submit.py:488} INFO - 22/04/05 23:15:41 INFO NettyBlockTransferService: Server created on 9fe4286b2855:34877
[2022-04-05 23:15:41,450] {spark_submit.py:488} INFO - 22/04/05 23:15:41 INFO BlockManager: Using org.apache.spark.storage.RandomBlockReplicationPolicy for block replication policy
[2022-04-05 23:15:41,612] {spark_submit.py:488} INFO - 22/04/05 23:15:41 INFO BlockManagerMaster: Registering BlockManager BlockManagerId(driver, 9fe4286b2855, 34877, None)
[2022-04-05 23:15:41,623] {spark_submit.py:488} INFO - 22/04/05 23:15:41 INFO BlockManagerMasterEndpoint: Registering block manager 9fe4286b2855:34877 with 434.4 MiB RAM, BlockManagerId(driver, 9fe4286b2855, 34877, None)
[2022-04-05 23:15:41,646] {spark_submit.py:488} INFO - 22/04/05 23:15:41 INFO BlockManagerMaster: Registered BlockManager BlockManagerId(driver, 9fe4286b2855, 34877, None)
[2022-04-05 23:15:41,653] {spark_submit.py:488} INFO - 22/04/05 23:15:41 INFO BlockManager: Initialized BlockManager: BlockManagerId(driver, 9fe4286b2855, 34877, None)
[2022-04-05 23:15:54,300] {spark_submit.py:488} INFO - 22/04/05 23:15:54 INFO SharedState: Setting hive.metastore.warehouse.dir ('null') to the value of spark.sql.warehouse.dir.
[2022-04-05 23:15:54,793] {spark_submit.py:488} INFO - 22/04/05 23:15:54 INFO SharedState: Warehouse path is 'file:/opt/***/spark-warehouse'.
[2022-04-05 23:16:18,877] {spark_submit.py:488} INFO - 22/04/05 23:16:18 INFO InMemoryFileIndex: It took 1099 ms to list leaf files for 1 paths.
[2022-04-05 23:16:26,880] {spark_submit.py:488} INFO - 22/04/05 23:16:26 INFO SparkContext: Starting job: parquet at NativeMethodAccessorImpl.java:0
[2022-04-05 23:16:27,053] {spark_submit.py:488} INFO - 22/04/05 23:16:27 INFO DAGScheduler: Got job 0 (parquet at NativeMethodAccessorImpl.java:0) with 1 output partitions
[2022-04-05 23:16:27,054] {spark_submit.py:488} INFO - 22/04/05 23:16:27 INFO DAGScheduler: Final stage: ResultStage 0 (parquet at NativeMethodAccessorImpl.java:0)
[2022-04-05 23:16:27,055] {spark_submit.py:488} INFO - 22/04/05 23:16:27 INFO DAGScheduler: Parents of final stage: List()
[2022-04-05 23:16:27,057] {spark_submit.py:488} INFO - 22/04/05 23:16:27 INFO DAGScheduler: Missing parents: List()
[2022-04-05 23:16:27,185] {spark_submit.py:488} INFO - 22/04/05 23:16:27 INFO DAGScheduler: Submitting ResultStage 0 (MapPartitionsRDD[1] at parquet at NativeMethodAccessorImpl.java:0), which has no missing parents
[2022-04-05 23:16:28,314] {spark_submit.py:488} INFO - 22/04/05 23:16:28 INFO MemoryStore: Block broadcast_0 stored as values in memory (estimated size 100.1 KiB, free 434.3 MiB)
[2022-04-05 23:16:28,857] {spark_submit.py:488} INFO - 22/04/05 23:16:28 INFO MemoryStore: Block broadcast_0_piece0 stored as bytes in memory (estimated size 35.7 KiB, free 434.3 MiB)
[2022-04-05 23:16:28,890] {spark_submit.py:488} INFO - 22/04/05 23:16:28 INFO BlockManagerInfo: Added broadcast_0_piece0 in memory on 9fe4286b2855:34877 (size: 35.7 KiB, free: 434.4 MiB)
[2022-04-05 23:16:28,904] {spark_submit.py:488} INFO - 22/04/05 23:16:28 INFO SparkContext: Created broadcast 0 from broadcast at DAGScheduler.scala:1478
[2022-04-05 23:16:29,260] {spark_submit.py:488} INFO - 22/04/05 23:16:29 INFO DAGScheduler: Submitting 1 missing tasks from ResultStage 0 (MapPartitionsRDD[1] at parquet at NativeMethodAccessorImpl.java:0) (first 15 tasks are for partitions Vector(0))
[2022-04-05 23:16:29,300] {spark_submit.py:488} INFO - 22/04/05 23:16:29 INFO TaskSchedulerImpl: Adding task set 0.0 with 1 tasks resource profile 0
[2022-04-05 23:16:30,826] {spark_submit.py:488} INFO - 22/04/05 23:16:30 INFO TaskSetManager: Starting task 0.0 in stage 0.0 (TID 0) (9fe4286b2855, executor driver, partition 0, PROCESS_LOCAL, 4624 bytes) taskResourceAssignments Map()
[2022-04-05 23:16:31,155] {spark_submit.py:488} INFO - 22/04/05 23:16:31 INFO Executor: Running task 0.0 in stage 0.0 (TID 0)
[2022-04-05 23:16:37,650] {spark_submit.py:488} INFO - 22/04/05 23:16:37 INFO Executor: Finished task 0.0 in stage 0.0 (TID 0). 2409 bytes result sent to driver
[2022-04-05 23:16:37,730] {spark_submit.py:488} INFO - 22/04/05 23:16:37 INFO TaskSetManager: Finished task 0.0 in stage 0.0 (TID 0) in 7425 ms on 9fe4286b2855 (executor driver) (1/1)
[2022-04-05 23:16:37,753] {spark_submit.py:488} INFO - 22/04/05 23:16:37 INFO DAGScheduler: ResultStage 0 (parquet at NativeMethodAccessorImpl.java:0) finished in 10.386 s
[2022-04-05 23:16:37,812] {spark_submit.py:488} INFO - 22/04/05 23:16:37 INFO DAGScheduler: Job 0 is finished. Cancelling potential speculative or zombie tasks for this job
[2022-04-05 23:16:37,818] {spark_submit.py:488} INFO - 22/04/05 23:16:37 INFO TaskSchedulerImpl: Removed TaskSet 0.0, whose tasks have all completed, from pool
[2022-04-05 23:16:37,824] {spark_submit.py:488} INFO - 22/04/05 23:16:37 INFO TaskSchedulerImpl: Killing all running tasks in stage 0: Stage finished
[2022-04-05 23:16:37,852] {spark_submit.py:488} INFO - 22/04/05 23:16:37 INFO DAGScheduler: Job 0 finished: parquet at NativeMethodAccessorImpl.java:0, took 10.937860 s
[2022-04-05 23:16:47,350] {spark_submit.py:488} INFO - 22/04/05 23:16:47 INFO BlockManagerInfo: Removed broadcast_0_piece0 on 9fe4286b2855:34877 in memory (size: 35.7 KiB, free: 434.4 MiB)
[2022-04-05 23:17:24,594] {spark_submit.py:488} INFO - 22/04/05 23:17:24 INFO FileSourceStrategy: Pushed Filters:
[2022-04-05 23:17:24,610] {spark_submit.py:488} INFO - 22/04/05 23:17:24 INFO FileSourceStrategy: Post-Scan Filters:
[2022-04-05 23:17:24,677] {spark_submit.py:488} INFO - 22/04/05 23:17:24 INFO FileSourceStrategy: Output Data Schema: struct<id: bigint, title: string, body: string, accepted_answer_id: double, answer_count: bigint ... 19 more fields>
[2022-04-05 23:17:28,025] {spark_submit.py:488} INFO - 22/04/05 23:17:28 INFO ParquetFileFormat: Using default output committer for Parquet: org.apache.parquet.hadoop.ParquetOutputCommitter
[2022-04-05 23:17:28,390] {spark_submit.py:488} INFO - 22/04/05 23:17:28 INFO FileOutputCommitter: File Output Committer Algorithm version is 1
[2022-04-05 23:17:28,393] {spark_submit.py:488} INFO - 22/04/05 23:17:28 INFO FileOutputCommitter: FileOutputCommitter skip cleanup _temporary folders under output directory:false, ignore cleanup failures: false
[2022-04-05 23:17:28,396] {spark_submit.py:488} INFO - 22/04/05 23:17:28 INFO SQLHadoopMapReduceCommitProtocol: Using user defined output committer class org.apache.parquet.hadoop.ParquetOutputCommitter
[2022-04-05 23:17:28,406] {spark_submit.py:488} INFO - 22/04/05 23:17:28 INFO FileOutputCommitter: File Output Committer Algorithm version is 1
[2022-04-05 23:17:28,407] {spark_submit.py:488} INFO - 22/04/05 23:17:28 INFO FileOutputCommitter: FileOutputCommitter skip cleanup _temporary folders under output directory:false, ignore cleanup failures: false
[2022-04-05 23:17:28,440] {spark_submit.py:488} INFO - 22/04/05 23:17:28 INFO SQLHadoopMapReduceCommitProtocol: Using output committer class org.apache.parquet.hadoop.ParquetOutputCommitter
[2022-04-05 23:17:35,627] {spark_submit.py:488} INFO - 22/04/05 23:17:35 INFO CodeGenerator: Code generated in 4093.357069 ms
[2022-04-05 23:17:36,003] {spark_submit.py:488} INFO - 22/04/05 23:17:36 INFO MemoryStore: Block broadcast_1 stored as values in memory (estimated size 194.3 KiB, free 434.2 MiB)
[2022-04-05 23:17:36,211] {spark_submit.py:488} INFO - 22/04/05 23:17:36 INFO MemoryStore: Block broadcast_1_piece0 stored as bytes in memory (estimated size 34.3 KiB, free 434.2 MiB)
[2022-04-05 23:17:36,213] {spark_submit.py:488} INFO - 22/04/05 23:17:36 INFO BlockManagerInfo: Added broadcast_1_piece0 in memory on 9fe4286b2855:34877 (size: 34.3 KiB, free: 434.4 MiB)
[2022-04-05 23:17:36,237] {spark_submit.py:488} INFO - 22/04/05 23:17:36 INFO SparkContext: Created broadcast 1 from save at NativeMethodAccessorImpl.java:0
[2022-04-05 23:17:36,377] {spark_submit.py:488} INFO - 22/04/05 23:17:36 INFO FileSourceScanExec: Planning scan with bin packing, max size: 4194304 bytes, open cost is considered as scanning 4194304 bytes.
[2022-04-05 23:17:37,706] {spark_submit.py:488} INFO - 22/04/05 23:17:37 INFO DAGScheduler: Registering RDD 6 (save at NativeMethodAccessorImpl.java:0) as input to shuffle 0
[2022-04-05 23:17:37,724] {spark_submit.py:488} INFO - 22/04/05 23:17:37 INFO DAGScheduler: Got map stage job 1 (save at NativeMethodAccessorImpl.java:0) with 1 output partitions
[2022-04-05 23:17:37,733] {spark_submit.py:488} INFO - 22/04/05 23:17:37 INFO DAGScheduler: Final stage: ShuffleMapStage 1 (save at NativeMethodAccessorImpl.java:0)
[2022-04-05 23:17:37,733] {spark_submit.py:488} INFO - 22/04/05 23:17:37 INFO DAGScheduler: Parents of final stage: List()
[2022-04-05 23:17:37,759] {spark_submit.py:488} INFO - 22/04/05 23:17:37 INFO DAGScheduler: Missing parents: List()
[2022-04-05 23:17:37,770] {spark_submit.py:488} INFO - 22/04/05 23:17:37 INFO DAGScheduler: Submitting ShuffleMapStage 1 (MapPartitionsRDD[6] at save at NativeMethodAccessorImpl.java:0), which has no missing parents
[2022-04-05 23:17:38,906] {spark_submit.py:488} INFO - 22/04/05 23:17:38 INFO MemoryStore: Block broadcast_2 stored as values in memory (estimated size 32.3 KiB, free 434.1 MiB)
[2022-04-05 23:17:38,940] {spark_submit.py:488} INFO - 22/04/05 23:17:38 INFO MemoryStore: Block broadcast_2_piece0 stored as bytes in memory (estimated size 10.6 KiB, free 434.1 MiB)
[2022-04-05 23:17:38,942] {spark_submit.py:488} INFO - 22/04/05 23:17:38 INFO BlockManagerInfo: Added broadcast_2_piece0 in memory on 9fe4286b2855:34877 (size: 10.6 KiB, free: 434.4 MiB)
[2022-04-05 23:17:38,952] {spark_submit.py:488} INFO - 22/04/05 23:17:38 INFO SparkContext: Created broadcast 2 from broadcast at DAGScheduler.scala:1478
[2022-04-05 23:17:38,963] {spark_submit.py:488} INFO - 22/04/05 23:17:38 INFO DAGScheduler: Submitting 1 missing tasks from ShuffleMapStage 1 (MapPartitionsRDD[6] at save at NativeMethodAccessorImpl.java:0) (first 15 tasks are for partitions Vector(0))
[2022-04-05 23:17:38,964] {spark_submit.py:488} INFO - 22/04/05 23:17:38 INFO TaskSchedulerImpl: Adding task set 1.0 with 1 tasks resource profile 0
[2022-04-05 23:17:38,981] {spark_submit.py:488} INFO - 22/04/05 23:17:38 INFO TaskSetManager: Starting task 0.0 in stage 1.0 (TID 1) (9fe4286b2855, executor driver, partition 0, PROCESS_LOCAL, 4890 bytes) taskResourceAssignments Map()
[2022-04-05 23:17:39,036] {spark_submit.py:488} INFO - 22/04/05 23:17:39 INFO Executor: Running task 0.0 in stage 1.0 (TID 1)
[2022-04-05 23:17:41,073] {spark_submit.py:488} INFO - 22/04/05 23:17:41 INFO FileScanRDD: Reading File path: gs://dtc_data_lake_de-stack-overflow/parquet/posts_questions-2010-09.parquet, range: 0-27029, partition values: [empty row]
[2022-04-05 23:17:43,167] {spark_submit.py:488} INFO - 22/04/05 23:17:43 INFO CodecPool: Got brand-new decompressor [.snappy]
[2022-04-05 23:17:46,960] {spark_submit.py:488} INFO - 22/04/05 23:17:46 INFO Executor: Finished task 0.0 in stage 1.0 (TID 1). 2029 bytes result sent to driver
[2022-04-05 23:17:47,018] {spark_submit.py:488} INFO - 22/04/05 23:17:47 INFO TaskSetManager: Finished task 0.0 in stage 1.0 (TID 1) in 8044 ms on 9fe4286b2855 (executor driver) (1/1)
[2022-04-05 23:17:47,022] {spark_submit.py:488} INFO - 22/04/05 23:17:47 INFO DAGScheduler: ShuffleMapStage 1 (save at NativeMethodAccessorImpl.java:0) finished in 9.097 s
[2022-04-05 23:17:47,022] {spark_submit.py:488} INFO - 22/04/05 23:17:47 INFO DAGScheduler: looking for newly runnable stages
[2022-04-05 23:17:47,023] {spark_submit.py:488} INFO - 22/04/05 23:17:47 INFO DAGScheduler: running: Set()
[2022-04-05 23:17:47,023] {spark_submit.py:488} INFO - 22/04/05 23:17:47 INFO DAGScheduler: waiting: Set()
[2022-04-05 23:17:47,024] {spark_submit.py:488} INFO - 22/04/05 23:17:47 INFO DAGScheduler: failed: Set()
[2022-04-05 23:17:47,036] {spark_submit.py:488} INFO - 22/04/05 23:17:47 INFO TaskSchedulerImpl: Removed TaskSet 1.0, whose tasks have all completed, from pool
[2022-04-05 23:17:48,136] {spark_submit.py:488} INFO - 22/04/05 23:17:48 INFO SparkContext: Starting job: save at NativeMethodAccessorImpl.java:0
[2022-04-05 23:17:48,140] {spark_submit.py:488} INFO - 22/04/05 23:17:48 INFO DAGScheduler: Got job 2 (save at NativeMethodAccessorImpl.java:0) with 4 output partitions
[2022-04-05 23:17:48,140] {spark_submit.py:488} INFO - 22/04/05 23:17:48 INFO DAGScheduler: Final stage: ResultStage 3 (save at NativeMethodAccessorImpl.java:0)
[2022-04-05 23:17:48,140] {spark_submit.py:488} INFO - 22/04/05 23:17:48 INFO DAGScheduler: Parents of final stage: List(ShuffleMapStage 2)
[2022-04-05 23:17:48,141] {spark_submit.py:488} INFO - 22/04/05 23:17:48 INFO DAGScheduler: Missing parents: List()
[2022-04-05 23:17:48,170] {spark_submit.py:488} INFO - 22/04/05 23:17:48 INFO DAGScheduler: Submitting ResultStage 3 (ShuffledRowRDD[7] at save at NativeMethodAccessorImpl.java:0), which has no missing parents
[2022-04-05 23:17:48,896] {spark_submit.py:488} INFO - 22/04/05 23:17:48 INFO BlockManagerInfo: Removed broadcast_2_piece0 on 9fe4286b2855:34877 in memory (size: 10.6 KiB, free: 434.4 MiB)
[2022-04-05 23:17:48,949] {spark_submit.py:488} INFO - 22/04/05 23:17:48 INFO MemoryStore: Block broadcast_3 stored as values in memory (estimated size 204.2 KiB, free 434.0 MiB)
[2022-04-05 23:17:48,957] {spark_submit.py:488} INFO - 22/04/05 23:17:48 INFO MemoryStore: Block broadcast_3_piece0 stored as bytes in memory (estimated size 72.9 KiB, free 433.9 MiB)
[2022-04-05 23:17:48,958] {spark_submit.py:488} INFO - 22/04/05 23:17:48 INFO BlockManagerInfo: Added broadcast_3_piece0 in memory on 9fe4286b2855:34877 (size: 72.9 KiB, free: 434.3 MiB)
[2022-04-05 23:17:48,960] {spark_submit.py:488} INFO - 22/04/05 23:17:48 INFO SparkContext: Created broadcast 3 from broadcast at DAGScheduler.scala:1478
[2022-04-05 23:17:48,961] {spark_submit.py:488} INFO - 22/04/05 23:17:48 INFO DAGScheduler: Submitting 4 missing tasks from ResultStage 3 (ShuffledRowRDD[7] at save at NativeMethodAccessorImpl.java:0) (first 15 tasks are for partitions Vector(0, 1, 2, 3))
[2022-04-05 23:17:48,961] {spark_submit.py:488} INFO - 22/04/05 23:17:48 INFO TaskSchedulerImpl: Adding task set 3.0 with 4 tasks resource profile 0
[2022-04-05 23:17:48,992] {spark_submit.py:488} INFO - 22/04/05 23:17:48 INFO TaskSetManager: Starting task 0.0 in stage 3.0 (TID 2) (9fe4286b2855, executor driver, partition 0, NODE_LOCAL, 4453 bytes) taskResourceAssignments Map()
[2022-04-05 23:17:48,993] {spark_submit.py:488} INFO - 22/04/05 23:17:48 INFO TaskSetManager: Starting task 1.0 in stage 3.0 (TID 3) (9fe4286b2855, executor driver, partition 1, NODE_LOCAL, 4453 bytes) taskResourceAssignments Map()
[2022-04-05 23:17:48,994] {spark_submit.py:488} INFO - 22/04/05 23:17:48 INFO TaskSetManager: Starting task 2.0 in stage 3.0 (TID 4) (9fe4286b2855, executor driver, partition 2, NODE_LOCAL, 4453 bytes) taskResourceAssignments Map()
[2022-04-05 23:17:48,994] {spark_submit.py:488} INFO - 22/04/05 23:17:48 INFO TaskSetManager: Starting task 3.0 in stage 3.0 (TID 5) (9fe4286b2855, executor driver, partition 3, NODE_LOCAL, 4453 bytes) taskResourceAssignments Map()
[2022-04-05 23:17:48,995] {spark_submit.py:488} INFO - 22/04/05 23:17:48 INFO Executor: Running task 0.0 in stage 3.0 (TID 2)
[2022-04-05 23:17:49,101] {spark_submit.py:488} INFO - 22/04/05 23:17:49 INFO Executor: Running task 1.0 in stage 3.0 (TID 3)
[2022-04-05 23:17:49,104] {spark_submit.py:488} INFO - 22/04/05 23:17:49 INFO Executor: Running task 3.0 in stage 3.0 (TID 5)
[2022-04-05 23:17:49,188] {spark_submit.py:488} INFO - 22/04/05 23:17:49 INFO Executor: Running task 2.0 in stage 3.0 (TID 4)
[2022-04-05 23:17:49,695] {spark_submit.py:488} INFO - 22/04/05 23:17:49 INFO ShuffleBlockFetcherIterator: Getting 1 (955.0 B) non-empty blocks including 1 (955.0 B) local and 0 (0.0 B) host-local and 0 (0.0 B) push-merged-local and 0 (0.0 B) remote blocks
[2022-04-05 23:17:49,699] {spark_submit.py:488} INFO - 22/04/05 23:17:49 INFO ShuffleBlockFetcherIterator: Started 0 remote fetches in 18 ms
[2022-04-05 23:17:49,734] {spark_submit.py:488} INFO - 22/04/05 23:17:49 INFO ShuffleBlockFetcherIterator: Getting 1 (1692.0 B) non-empty blocks including 1 (1692.0 B) local and 0 (0.0 B) host-local and 0 (0.0 B) push-merged-local and 0 (0.0 B) remote blocks
[2022-04-05 23:17:49,735] {spark_submit.py:488} INFO - 22/04/05 23:17:49 INFO ShuffleBlockFetcherIterator: Started 0 remote fetches in 1 ms
[2022-04-05 23:17:49,735] {spark_submit.py:488} INFO - 22/04/05 23:17:49 INFO ShuffleBlockFetcherIterator: Getting 1 (789.0 B) non-empty blocks including 1 (789.0 B) local and 0 (0.0 B) host-local and 0 (0.0 B) push-merged-local and 0 (0.0 B) remote blocks
[2022-04-05 23:17:49,735] {spark_submit.py:488} INFO - 22/04/05 23:17:49 INFO ShuffleBlockFetcherIterator: Started 0 remote fetches in 53 ms
[2022-04-05 23:17:49,736] {spark_submit.py:488} INFO - 22/04/05 23:17:49 INFO ShuffleBlockFetcherIterator: Getting 1 (789.0 B) non-empty blocks including 1 (789.0 B) local and 0 (0.0 B) host-local and 0 (0.0 B) push-merged-local and 0 (0.0 B) remote blocks
[2022-04-05 23:17:49,736] {spark_submit.py:488} INFO - 22/04/05 23:17:49 INFO ShuffleBlockFetcherIterator: Started 0 remote fetches in 60 ms
[2022-04-05 23:17:49,817] {spark_submit.py:488} INFO - 22/04/05 23:17:49 INFO FileOutputCommitter: File Output Committer Algorithm version is 1
[2022-04-05 23:17:49,818] {spark_submit.py:488} INFO - 22/04/05 23:17:49 INFO FileOutputCommitter: FileOutputCommitter skip cleanup _temporary folders under output directory:false, ignore cleanup failures: false
[2022-04-05 23:17:49,820] {spark_submit.py:488} INFO - 22/04/05 23:17:49 INFO FileOutputCommitter: File Output Committer Algorithm version is 1
[2022-04-05 23:17:49,820] {spark_submit.py:488} INFO - 22/04/05 23:17:49 INFO FileOutputCommitter: FileOutputCommitter skip cleanup _temporary folders under output directory:false, ignore cleanup failures: false
[2022-04-05 23:17:49,822] {spark_submit.py:488} INFO - 22/04/05 23:17:49 INFO FileOutputCommitter: File Output Committer Algorithm version is 1
[2022-04-05 23:17:49,822] {spark_submit.py:488} INFO - 22/04/05 23:17:49 INFO FileOutputCommitter: FileOutputCommitter skip cleanup _temporary folders under output directory:false, ignore cleanup failures: false
[2022-04-05 23:17:49,824] {spark_submit.py:488} INFO - 22/04/05 23:17:49 INFO FileOutputCommitter: File Output Committer Algorithm version is 1
[2022-04-05 23:17:49,824] {spark_submit.py:488} INFO - 22/04/05 23:17:49 INFO FileOutputCommitter: FileOutputCommitter skip cleanup _temporary folders under output directory:false, ignore cleanup failures: false
[2022-04-05 23:17:49,826] {spark_submit.py:488} INFO - 22/04/05 23:17:49 INFO SQLHadoopMapReduceCommitProtocol: Using user defined output committer class org.apache.parquet.hadoop.ParquetOutputCommitter
[2022-04-05 23:17:49,826] {spark_submit.py:488} INFO - 22/04/05 23:17:49 INFO SQLHadoopMapReduceCommitProtocol: Using user defined output committer class org.apache.parquet.hadoop.ParquetOutputCommitter
[2022-04-05 23:17:49,827] {spark_submit.py:488} INFO - 22/04/05 23:17:49 INFO FileOutputCommitter: File Output Committer Algorithm version is 1
[2022-04-05 23:17:49,827] {spark_submit.py:488} INFO - 22/04/05 23:17:49 INFO FileOutputCommitter: FileOutputCommitter skip cleanup _temporary folders under output directory:false, ignore cleanup failures: false
[2022-04-05 23:17:49,828] {spark_submit.py:488} INFO - 22/04/05 23:17:49 INFO SQLHadoopMapReduceCommitProtocol: Using output committer class org.apache.parquet.hadoop.ParquetOutputCommitter
[2022-04-05 23:17:49,832] {spark_submit.py:488} INFO - 22/04/05 23:17:49 INFO SQLHadoopMapReduceCommitProtocol: Using user defined output committer class org.apache.parquet.hadoop.ParquetOutputCommitter
[2022-04-05 23:17:49,833] {spark_submit.py:488} INFO - 22/04/05 23:17:49 INFO FileOutputCommitter: File Output Committer Algorithm version is 1
[2022-04-05 23:17:49,833] {spark_submit.py:488} INFO - 22/04/05 23:17:49 INFO FileOutputCommitter: FileOutputCommitter skip cleanup _temporary folders under output directory:false, ignore cleanup failures: false
[2022-04-05 23:17:49,835] {spark_submit.py:488} INFO - 22/04/05 23:17:49 INFO SQLHadoopMapReduceCommitProtocol: Using output committer class org.apache.parquet.hadoop.ParquetOutputCommitter
[2022-04-05 23:17:49,836] {spark_submit.py:488} INFO - 22/04/05 23:17:49 INFO FileOutputCommitter: File Output Committer Algorithm version is 1
[2022-04-05 23:17:49,836] {spark_submit.py:488} INFO - 22/04/05 23:17:49 INFO FileOutputCommitter: FileOutputCommitter skip cleanup _temporary folders under output directory:false, ignore cleanup failures: false
[2022-04-05 23:17:49,840] {spark_submit.py:488} INFO - 22/04/05 23:17:49 INFO SQLHadoopMapReduceCommitProtocol: Using output committer class org.apache.parquet.hadoop.ParquetOutputCommitter
[2022-04-05 23:17:49,841] {spark_submit.py:488} INFO - 22/04/05 23:17:49 INFO SQLHadoopMapReduceCommitProtocol: Using user defined output committer class org.apache.parquet.hadoop.ParquetOutputCommitter
[2022-04-05 23:17:49,856] {spark_submit.py:488} INFO - 22/04/05 23:17:49 INFO FileOutputCommitter: File Output Committer Algorithm version is 1
[2022-04-05 23:17:49,857] {spark_submit.py:488} INFO - 22/04/05 23:17:49 INFO FileOutputCommitter: FileOutputCommitter skip cleanup _temporary folders under output directory:false, ignore cleanup failures: false
[2022-04-05 23:17:49,858] {spark_submit.py:488} INFO - 22/04/05 23:17:49 INFO SQLHadoopMapReduceCommitProtocol: Using output committer class org.apache.parquet.hadoop.ParquetOutputCommitter
[2022-04-05 23:17:49,966] {spark_submit.py:488} INFO - 22/04/05 23:17:49 INFO CodecConfig: Compression: SNAPPY
[2022-04-05 23:17:49,989] {spark_submit.py:488} INFO - 22/04/05 23:17:49 INFO CodecConfig: Compression: SNAPPY
[2022-04-05 23:17:50,010] {spark_submit.py:488} INFO - 22/04/05 23:17:49 INFO CodecConfig: Compression: SNAPPY
[2022-04-05 23:17:50,012] {spark_submit.py:488} INFO - 22/04/05 23:17:49 INFO CodecConfig: Compression: SNAPPY
[2022-04-05 23:17:50,013] {spark_submit.py:488} INFO - 22/04/05 23:17:50 INFO CodecConfig: Compression: SNAPPY
[2022-04-05 23:17:50,015] {spark_submit.py:488} INFO - 22/04/05 23:17:49 INFO CodecConfig: Compression: SNAPPY
[2022-04-05 23:17:50,015] {spark_submit.py:488} INFO - 22/04/05 23:17:50 INFO CodecConfig: Compression: SNAPPY
[2022-04-05 23:17:50,049] {spark_submit.py:488} INFO - 22/04/05 23:17:50 INFO CodecConfig: Compression: SNAPPY
[2022-04-05 23:17:50,148] {spark_submit.py:488} INFO - 22/04/05 23:17:50 INFO ParquetOutputFormat: Parquet block size to 134217728
[2022-04-05 23:17:50,149] {spark_submit.py:488} INFO - 22/04/05 23:17:50 INFO ParquetOutputFormat: Validation is off
[2022-04-05 23:17:50,149] {spark_submit.py:488} INFO - 22/04/05 23:17:50 INFO ParquetOutputFormat: Maximum row group padding size is 8388608 bytes
[2022-04-05 23:17:50,149] {spark_submit.py:488} INFO - 22/04/05 23:17:50 INFO ParquetOutputFormat: Parquet properties are:
[2022-04-05 23:17:50,150] {spark_submit.py:488} INFO - Parquet page size to 1048576
[2022-04-05 23:17:50,150] {spark_submit.py:488} INFO - Parquet dictionary page size to 1048576
[2022-04-05 23:17:50,150] {spark_submit.py:488} INFO - Dictionary is true
[2022-04-05 23:17:50,150] {spark_submit.py:488} INFO - Writer version is: PARQUET_1_0
[2022-04-05 23:17:50,150] {spark_submit.py:488} INFO - Page size checking is: estimated
[2022-04-05 23:17:50,150] {spark_submit.py:488} INFO - Min row count for page size check is: 100
[2022-04-05 23:17:50,150] {spark_submit.py:488} INFO - Max row count for page size check is: 10000
[2022-04-05 23:17:50,150] {spark_submit.py:488} INFO - Truncate length for column indexes is: 64
[2022-04-05 23:17:50,150] {spark_submit.py:488} INFO - Truncate length for statistics min/max  is: 2147483647
[2022-04-05 23:17:50,150] {spark_submit.py:488} INFO - Bloom filter enabled: false
[2022-04-05 23:17:50,150] {spark_submit.py:488} INFO - Max Bloom filter size for a column is 1048576
[2022-04-05 23:17:50,150] {spark_submit.py:488} INFO - Bloom filter expected number of distinct values are: null
[2022-04-05 23:17:50,150] {spark_submit.py:488} INFO - Page row count limit to 20000
[2022-04-05 23:17:50,151] {spark_submit.py:488} INFO - Writing page checksums is: on
[2022-04-05 23:17:50,214] {spark_submit.py:488} INFO - 22/04/05 23:17:50 INFO ParquetOutputFormat: Parquet block size to 134217728
[2022-04-05 23:17:50,215] {spark_submit.py:488} INFO - 22/04/05 23:17:50 INFO ParquetOutputFormat: Validation is off
[2022-04-05 23:17:50,215] {spark_submit.py:488} INFO - 22/04/05 23:17:50 INFO ParquetOutputFormat: Maximum row group padding size is 8388608 bytes
[2022-04-05 23:17:50,216] {spark_submit.py:488} INFO - 22/04/05 23:17:50 INFO ParquetOutputFormat: Parquet properties are:
[2022-04-05 23:17:50,216] {spark_submit.py:488} INFO - Parquet page size to 1048576
[2022-04-05 23:17:50,216] {spark_submit.py:488} INFO - Parquet dictionary page size to 1048576
[2022-04-05 23:17:50,216] {spark_submit.py:488} INFO - Dictionary is true
[2022-04-05 23:17:50,216] {spark_submit.py:488} INFO - Writer version is: PARQUET_1_0
[2022-04-05 23:17:50,216] {spark_submit.py:488} INFO - Page size checking is: estimated
[2022-04-05 23:17:50,216] {spark_submit.py:488} INFO - Min row count for page size check is: 100
[2022-04-05 23:17:50,216] {spark_submit.py:488} INFO - Max row count for page size check is: 10000
[2022-04-05 23:17:50,217] {spark_submit.py:488} INFO - Truncate length for column indexes is: 64
[2022-04-05 23:17:50,217] {spark_submit.py:488} INFO - Truncate length for statistics min/max  is: 2147483647
[2022-04-05 23:17:50,217] {spark_submit.py:488} INFO - Bloom filter enabled: false
[2022-04-05 23:17:50,217] {spark_submit.py:488} INFO - Max Bloom filter size for a column is 1048576
[2022-04-05 23:17:50,217] {spark_submit.py:488} INFO - Bloom filter expected number of distinct values are: null
[2022-04-05 23:17:50,217] {spark_submit.py:488} INFO - Page row count limit to 20000
[2022-04-05 23:17:50,217] {spark_submit.py:488} INFO - Writing page checksums is: on
[2022-04-05 23:17:50,257] {spark_submit.py:488} INFO - 22/04/05 23:17:50 INFO ParquetOutputFormat: Parquet block size to 134217728
[2022-04-05 23:17:50,257] {spark_submit.py:488} INFO - 22/04/05 23:17:50 INFO ParquetOutputFormat: Validation is off
[2022-04-05 23:17:50,258] {spark_submit.py:488} INFO - 22/04/05 23:17:50 INFO ParquetOutputFormat: Maximum row group padding size is 8388608 bytes
[2022-04-05 23:17:50,258] {spark_submit.py:488} INFO - 22/04/05 23:17:50 INFO ParquetOutputFormat: Parquet properties are:
[2022-04-05 23:17:50,258] {spark_submit.py:488} INFO - Parquet page size to 1048576
[2022-04-05 23:17:50,258] {spark_submit.py:488} INFO - Parquet dictionary page size to 1048576
[2022-04-05 23:17:50,258] {spark_submit.py:488} INFO - Dictionary is true
[2022-04-05 23:17:50,258] {spark_submit.py:488} INFO - Writer version is: PARQUET_1_0
[2022-04-05 23:17:50,258] {spark_submit.py:488} INFO - Page size checking is: estimated
[2022-04-05 23:17:50,258] {spark_submit.py:488} INFO - Min row count for page size check is: 100
[2022-04-05 23:17:50,258] {spark_submit.py:488} INFO - Max row count for page size check is: 10000
[2022-04-05 23:17:50,258] {spark_submit.py:488} INFO - Truncate length for column indexes is: 64
[2022-04-05 23:17:50,258] {spark_submit.py:488} INFO - Truncate length for statistics min/max  is: 2147483647
[2022-04-05 23:17:50,258] {spark_submit.py:488} INFO - Bloom filter enabled: false
[2022-04-05 23:17:50,258] {spark_submit.py:488} INFO - Max Bloom filter size for a column is 1048576
[2022-04-05 23:17:50,259] {spark_submit.py:488} INFO - Bloom filter expected number of distinct values are: null
[2022-04-05 23:17:50,259] {spark_submit.py:488} INFO - Page row count limit to 20000
[2022-04-05 23:17:50,261] {spark_submit.py:488} INFO - Writing page checksums is: on
[2022-04-05 23:17:50,262] {spark_submit.py:488} INFO - 22/04/05 23:17:50 INFO ParquetOutputFormat: Parquet block size to 134217728
[2022-04-05 23:17:50,263] {spark_submit.py:488} INFO - 22/04/05 23:17:50 INFO ParquetOutputFormat: Validation is off
[2022-04-05 23:17:50,263] {spark_submit.py:488} INFO - 22/04/05 23:17:50 INFO ParquetOutputFormat: Maximum row group padding size is 8388608 bytes
[2022-04-05 23:17:50,263] {spark_submit.py:488} INFO - 22/04/05 23:17:50 INFO ParquetOutputFormat: Parquet properties are:
[2022-04-05 23:17:50,263] {spark_submit.py:488} INFO - Parquet page size to 1048576
[2022-04-05 23:17:50,263] {spark_submit.py:488} INFO - Parquet dictionary page size to 1048576
[2022-04-05 23:17:50,263] {spark_submit.py:488} INFO - Dictionary is true
[2022-04-05 23:17:50,264] {spark_submit.py:488} INFO - Writer version is: PARQUET_1_0
[2022-04-05 23:17:50,264] {spark_submit.py:488} INFO - Page size checking is: estimated
[2022-04-05 23:17:50,264] {spark_submit.py:488} INFO - Min row count for page size check is: 100
[2022-04-05 23:17:50,264] {spark_submit.py:488} INFO - Max row count for page size check is: 10000
[2022-04-05 23:17:50,264] {spark_submit.py:488} INFO - Truncate length for column indexes is: 64
[2022-04-05 23:17:50,264] {spark_submit.py:488} INFO - Truncate length for statistics min/max  is: 2147483647
[2022-04-05 23:17:50,264] {spark_submit.py:488} INFO - Bloom filter enabled: false
[2022-04-05 23:17:50,264] {spark_submit.py:488} INFO - Max Bloom filter size for a column is 1048576
[2022-04-05 23:17:50,264] {spark_submit.py:488} INFO - Bloom filter expected number of distinct values are: null
[2022-04-05 23:17:50,264] {spark_submit.py:488} INFO - Page row count limit to 20000
[2022-04-05 23:17:50,264] {spark_submit.py:488} INFO - Writing page checksums is: on
[2022-04-05 23:17:50,277] {spark_submit.py:488} INFO - 22/04/05 23:17:50 INFO ParquetWriteSupport: Initialized Parquet WriteSupport with Catalyst schema:
[2022-04-05 23:17:50,277] {spark_submit.py:488} INFO - {
[2022-04-05 23:17:50,277] {spark_submit.py:488} INFO - "type" : "struct",
[2022-04-05 23:17:50,277] {spark_submit.py:488} INFO - "fields" : [ {
[2022-04-05 23:17:50,277] {spark_submit.py:488} INFO - "name" : "id",
[2022-04-05 23:17:50,277] {spark_submit.py:488} INFO - "type" : "integer",
[2022-04-05 23:17:50,278] {spark_submit.py:488} INFO - "nullable" : true,
[2022-04-05 23:17:50,278] {spark_submit.py:488} INFO - "metadata" : { }
[2022-04-05 23:17:50,278] {spark_submit.py:488} INFO - }, {
[2022-04-05 23:17:50,278] {spark_submit.py:488} INFO - "name" : "title",
[2022-04-05 23:17:50,278] {spark_submit.py:488} INFO - "type" : "string",
[2022-04-05 23:17:50,278] {spark_submit.py:488} INFO - "nullable" : true,
[2022-04-05 23:17:50,278] {spark_submit.py:488} INFO - "metadata" : { }
[2022-04-05 23:17:50,278] {spark_submit.py:488} INFO - }, {
[2022-04-05 23:17:50,278] {spark_submit.py:488} INFO - "name" : "body",
[2022-04-05 23:17:50,278] {spark_submit.py:488} INFO - "type" : "string",
[2022-04-05 23:17:50,278] {spark_submit.py:488} INFO - "nullable" : true,
[2022-04-05 23:17:50,278] {spark_submit.py:488} INFO - "metadata" : { }
[2022-04-05 23:17:50,278] {spark_submit.py:488} INFO - }, {
[2022-04-05 23:17:50,279] {spark_submit.py:488} INFO - "name" : "accepted_answer_id",
[2022-04-05 23:17:50,279] {spark_submit.py:488} INFO - "type" : "integer",
[2022-04-05 23:17:50,279] {spark_submit.py:488} INFO - "nullable" : true,
[2022-04-05 23:17:50,279] {spark_submit.py:488} INFO - "metadata" : { }
[2022-04-05 23:17:50,279] {spark_submit.py:488} INFO - }, {
[2022-04-05 23:17:50,279] {spark_submit.py:488} INFO - "name" : "answer_count",
[2022-04-05 23:17:50,279] {spark_submit.py:488} INFO - "type" : "integer",
[2022-04-05 23:17:50,279] {spark_submit.py:488} INFO - "nullable" : true,
[2022-04-05 23:17:50,279] {spark_submit.py:488} INFO - "metadata" : { }
[2022-04-05 23:17:50,279] {spark_submit.py:488} INFO - }, {
[2022-04-05 23:17:50,279] {spark_submit.py:488} INFO - "name" : "comment_count",
[2022-04-05 23:17:50,279] {spark_submit.py:488} INFO - "type" : "integer",
[2022-04-05 23:17:50,279] {spark_submit.py:488} INFO - "nullable" : true,
[2022-04-05 23:17:50,280] {spark_submit.py:488} INFO - "metadata" : { }
[2022-04-05 23:17:50,280] {spark_submit.py:488} INFO - }, {
[2022-04-05 23:17:50,280] {spark_submit.py:488} INFO - "name" : "community_owned_date",
[2022-04-05 23:17:50,280] {spark_submit.py:488} INFO - "type" : "timestamp",
[2022-04-05 23:17:50,280] {spark_submit.py:488} INFO - "nullable" : true,
[2022-04-05 23:17:50,280] {spark_submit.py:488} INFO - "metadata" : { }
[2022-04-05 23:17:50,280] {spark_submit.py:488} INFO - }, {
[2022-04-05 23:17:50,280] {spark_submit.py:488} INFO - "name" : "creation_date",
[2022-04-05 23:17:50,280] {spark_submit.py:488} INFO - "type" : "timestamp",
[2022-04-05 23:17:50,280] {spark_submit.py:488} INFO - "nullable" : true,
[2022-04-05 23:17:50,281] {spark_submit.py:488} INFO - "metadata" : { }
[2022-04-05 23:17:50,281] {spark_submit.py:488} INFO - }, {
[2022-04-05 23:17:50,281] {spark_submit.py:488} INFO - "name" : "favorite_count",
[2022-04-05 23:17:50,281] {spark_submit.py:488} INFO - "type" : "integer",
[2022-04-05 23:17:50,281] {spark_submit.py:488} INFO - "nullable" : true,
[2022-04-05 23:17:50,281] {spark_submit.py:488} INFO - "metadata" : { }
[2022-04-05 23:17:50,281] {spark_submit.py:488} INFO - }, {
[2022-04-05 23:17:50,281] {spark_submit.py:488} INFO - "name" : "last_activity_date",
[2022-04-05 23:17:50,281] {spark_submit.py:488} INFO - "type" : "timestamp",
[2022-04-05 23:17:50,281] {spark_submit.py:488} INFO - "nullable" : true,
[2022-04-05 23:17:50,281] {spark_submit.py:488} INFO - "metadata" : { }
[2022-04-05 23:17:50,281] {spark_submit.py:488} INFO - }, {
[2022-04-05 23:17:50,281] {spark_submit.py:488} INFO - "name" : "last_edit_date",
[2022-04-05 23:17:50,281] {spark_submit.py:488} INFO - "type" : "timestamp",
[2022-04-05 23:17:50,282] {spark_submit.py:488} INFO - "nullable" : true,
[2022-04-05 23:17:50,282] {spark_submit.py:488} INFO - "metadata" : { }
[2022-04-05 23:17:50,282] {spark_submit.py:488} INFO - }, {
[2022-04-05 23:17:50,282] {spark_submit.py:488} INFO - "name" : "last_editor_display_name",
[2022-04-05 23:17:50,282] {spark_submit.py:488} INFO - "type" : "string",
[2022-04-05 23:17:50,286] {spark_submit.py:488} INFO - "nullable" : true,
[2022-04-05 23:17:50,286] {spark_submit.py:488} INFO - "metadata" : { }
[2022-04-05 23:17:50,286] {spark_submit.py:488} INFO - }, {
[2022-04-05 23:17:50,286] {spark_submit.py:488} INFO - "name" : "last_editor_user_id",
[2022-04-05 23:17:50,286] {spark_submit.py:488} INFO - "type" : "integer",
[2022-04-05 23:17:50,286] {spark_submit.py:488} INFO - "nullable" : true,
[2022-04-05 23:17:50,286] {spark_submit.py:488} INFO - "metadata" : { }
[2022-04-05 23:17:50,287] {spark_submit.py:488} INFO - }, {
[2022-04-05 23:17:50,287] {spark_submit.py:488} INFO - "name" : "owner_display_name",
[2022-04-05 23:17:50,287] {spark_submit.py:488} INFO - "type" : "string",
[2022-04-05 23:17:50,287] {spark_submit.py:488} INFO - "nullable" : true,
[2022-04-05 23:17:50,287] {spark_submit.py:488} INFO - "metadata" : { }
[2022-04-05 23:17:50,287] {spark_submit.py:488} INFO - }, {
[2022-04-05 23:17:50,287] {spark_submit.py:488} INFO - "name" : "owner_user_id",
[2022-04-05 23:17:50,287] {spark_submit.py:488} INFO - "type" : "integer",
[2022-04-05 23:17:50,287] {spark_submit.py:488} INFO - "nullable" : true,
[2022-04-05 23:17:50,287] {spark_submit.py:488} INFO - "metadata" : { }
[2022-04-05 23:17:50,287] {spark_submit.py:488} INFO - }, {
[2022-04-05 23:17:50,287] {spark_submit.py:488} INFO - "name" : "parent_id",
[2022-04-05 23:17:50,288] {spark_submit.py:488} INFO - "type" : "integer",
[2022-04-05 23:17:50,288] {spark_submit.py:488} INFO - "nullable" : true,
[2022-04-05 23:17:50,288] {spark_submit.py:488} INFO - "metadata" : { }
[2022-04-05 23:17:50,288] {spark_submit.py:488} INFO - }, {
[2022-04-05 23:17:50,288] {spark_submit.py:488} INFO - "name" : "post_type_id",
[2022-04-05 23:17:50,288] {spark_submit.py:488} INFO - "type" : "integer",
[2022-04-05 23:17:50,288] {spark_submit.py:488} INFO - "nullable" : true,
[2022-04-05 23:17:50,288] {spark_submit.py:488} INFO - "metadata" : { }
[2022-04-05 23:17:50,288] {spark_submit.py:488} INFO - }, {
[2022-04-05 23:17:50,288] {spark_submit.py:488} INFO - "name" : "score",
[2022-04-05 23:17:50,288] {spark_submit.py:488} INFO - "type" : "integer",
[2022-04-05 23:17:50,288] {spark_submit.py:488} INFO - "nullable" : true,
[2022-04-05 23:17:50,288] {spark_submit.py:488} INFO - "metadata" : { }
[2022-04-05 23:17:50,289] {spark_submit.py:488} INFO - }, {
[2022-04-05 23:17:50,289] {spark_submit.py:488} INFO - "name" : "tags",
[2022-04-05 23:17:50,289] {spark_submit.py:488} INFO - "type" : "string",
[2022-04-05 23:17:50,289] {spark_submit.py:488} INFO - "nullable" : true,
[2022-04-05 23:17:50,289] {spark_submit.py:488} INFO - "metadata" : { }
[2022-04-05 23:17:50,289] {spark_submit.py:488} INFO - }, {
[2022-04-05 23:17:50,289] {spark_submit.py:488} INFO - "name" : "view_count",
[2022-04-05 23:17:50,289] {spark_submit.py:488} INFO - "type" : "integer",
[2022-04-05 23:17:50,289] {spark_submit.py:488} INFO - "nullable" : true,
[2022-04-05 23:17:50,289] {spark_submit.py:488} INFO - "metadata" : { }
[2022-04-05 23:17:50,289] {spark_submit.py:488} INFO - }, {
[2022-04-05 23:17:50,289] {spark_submit.py:488} INFO - "name" : "group_by_date",
[2022-04-05 23:17:50,289] {spark_submit.py:488} INFO - "type" : "timestamp",
[2022-04-05 23:17:50,290] {spark_submit.py:488} INFO - "nullable" : true,
[2022-04-05 23:17:50,290] {spark_submit.py:488} INFO - "metadata" : { }
[2022-04-05 23:17:50,290] {spark_submit.py:488} INFO - } ]
[2022-04-05 23:17:50,290] {spark_submit.py:488} INFO - }
[2022-04-05 23:17:50,290] {spark_submit.py:488} INFO - and corresponding Parquet message type:
[2022-04-05 23:17:50,290] {spark_submit.py:488} INFO - message spark_schema {
[2022-04-05 23:17:50,290] {spark_submit.py:488} INFO - optional int32 id;
[2022-04-05 23:17:50,290] {spark_submit.py:488} INFO - optional binary title (STRING);
[2022-04-05 23:17:50,290] {spark_submit.py:488} INFO - optional binary body (STRING);
[2022-04-05 23:17:50,290] {spark_submit.py:488} INFO - optional int32 accepted_answer_id;
[2022-04-05 23:17:50,290] {spark_submit.py:488} INFO - optional int32 answer_count;
[2022-04-05 23:17:50,290] {spark_submit.py:488} INFO - optional int32 comment_count;
[2022-04-05 23:17:50,291] {spark_submit.py:488} INFO - optional int96 community_owned_date;
[2022-04-05 23:17:50,291] {spark_submit.py:488} INFO - optional int96 creation_date;
[2022-04-05 23:17:50,291] {spark_submit.py:488} INFO - optional int32 favorite_count;
[2022-04-05 23:17:50,291] {spark_submit.py:488} INFO - optional int96 last_activity_date;
[2022-04-05 23:17:50,291] {spark_submit.py:488} INFO - optional int96 last_edit_date;
[2022-04-05 23:17:50,291] {spark_submit.py:488} INFO - optional binary last_editor_display_name (STRING);
[2022-04-05 23:17:50,291] {spark_submit.py:488} INFO - optional int32 last_editor_user_id;
[2022-04-05 23:17:50,291] {spark_submit.py:488} INFO - optional binary owner_display_name (STRING);
[2022-04-05 23:17:50,291] {spark_submit.py:488} INFO - optional int32 owner_user_id;
[2022-04-05 23:17:50,291] {spark_submit.py:488} INFO - optional int32 parent_id;
[2022-04-05 23:17:50,338] {spark_submit.py:488} INFO - optional int32 post_type_id;
[2022-04-05 23:17:50,338] {spark_submit.py:488} INFO - optional int32 score;
[2022-04-05 23:17:50,339] {spark_submit.py:488} INFO - optional binary tags (STRING);
[2022-04-05 23:17:50,339] {spark_submit.py:488} INFO - optional int32 view_count;
[2022-04-05 23:17:50,339] {spark_submit.py:488} INFO - optional int96 group_by_date;
[2022-04-05 23:17:50,339] {spark_submit.py:488} INFO - }
[2022-04-05 23:17:50,339] {spark_submit.py:488} INFO - 
[2022-04-05 23:17:50,339] {spark_submit.py:488} INFO - 
[2022-04-05 23:17:50,339] {spark_submit.py:488} INFO - 22/04/05 23:17:50 INFO ParquetWriteSupport: Initialized Parquet WriteSupport with Catalyst schema:
[2022-04-05 23:17:50,339] {spark_submit.py:488} INFO - {
[2022-04-05 23:17:50,339] {spark_submit.py:488} INFO - "type" : "struct",
[2022-04-05 23:17:50,339] {spark_submit.py:488} INFO - "fields" : [ {
[2022-04-05 23:17:50,339] {spark_submit.py:488} INFO - "name" : "id",
[2022-04-05 23:17:50,340] {spark_submit.py:488} INFO - "type" : "integer",
[2022-04-05 23:17:50,340] {spark_submit.py:488} INFO - "nullable" : true,
[2022-04-05 23:17:50,340] {spark_submit.py:488} INFO - "metadata" : { }
[2022-04-05 23:17:50,340] {spark_submit.py:488} INFO - }, {
[2022-04-05 23:17:50,340] {spark_submit.py:488} INFO - "name" : "title",
[2022-04-05 23:17:50,340] {spark_submit.py:488} INFO - "type" : "string",
[2022-04-05 23:17:50,340] {spark_submit.py:488} INFO - "nullable" : true,
[2022-04-05 23:17:50,340] {spark_submit.py:488} INFO - "metadata" : { }
[2022-04-05 23:17:50,340] {spark_submit.py:488} INFO - }, {
[2022-04-05 23:17:50,340] {spark_submit.py:488} INFO - "name" : "body",
[2022-04-05 23:17:50,340] {spark_submit.py:488} INFO - "type" : "string",
[2022-04-05 23:17:50,340] {spark_submit.py:488} INFO - "nullable" : true,
[2022-04-05 23:17:50,340] {spark_submit.py:488} INFO - "metadata" : { }
[2022-04-05 23:17:50,340] {spark_submit.py:488} INFO - }, {
[2022-04-05 23:17:50,341] {spark_submit.py:488} INFO - "name" : "accepted_answer_id",
[2022-04-05 23:17:50,341] {spark_submit.py:488} INFO - "type" : "integer",
[2022-04-05 23:17:50,341] {spark_submit.py:488} INFO - "nullable" : true,
[2022-04-05 23:17:50,341] {spark_submit.py:488} INFO - "metadata" : { }
[2022-04-05 23:17:50,341] {spark_submit.py:488} INFO - }, {
[2022-04-05 23:17:50,341] {spark_submit.py:488} INFO - "name" : "answer_count",
[2022-04-05 23:17:50,341] {spark_submit.py:488} INFO - "type" : "integer",
[2022-04-05 23:17:50,341] {spark_submit.py:488} INFO - "nullable" : true,
[2022-04-05 23:17:50,341] {spark_submit.py:488} INFO - "metadata" : { }
[2022-04-05 23:17:50,341] {spark_submit.py:488} INFO - }, {
[2022-04-05 23:17:50,341] {spark_submit.py:488} INFO - "name" : "comment_count",
[2022-04-05 23:17:50,341] {spark_submit.py:488} INFO - "type" : "integer",
[2022-04-05 23:17:50,341] {spark_submit.py:488} INFO - "nullable" : true,
[2022-04-05 23:17:50,341] {spark_submit.py:488} INFO - "metadata" : { }
[2022-04-05 23:17:50,342] {spark_submit.py:488} INFO - }, {
[2022-04-05 23:17:50,342] {spark_submit.py:488} INFO - "name" : "community_owned_date",
[2022-04-05 23:17:50,342] {spark_submit.py:488} INFO - "type" : "timestamp",
[2022-04-05 23:17:50,342] {spark_submit.py:488} INFO - "nullable" : true,
[2022-04-05 23:17:50,342] {spark_submit.py:488} INFO - "metadata" : { }
[2022-04-05 23:17:50,342] {spark_submit.py:488} INFO - }, {
[2022-04-05 23:17:50,342] {spark_submit.py:488} INFO - "name" : "creation_date",
[2022-04-05 23:17:50,342] {spark_submit.py:488} INFO - "type" : "timestamp",
[2022-04-05 23:17:50,342] {spark_submit.py:488} INFO - "nullable" : true,
[2022-04-05 23:17:50,342] {spark_submit.py:488} INFO - "metadata" : { }
[2022-04-05 23:17:50,342] {spark_submit.py:488} INFO - }, {
[2022-04-05 23:17:50,342] {spark_submit.py:488} INFO - "name" : "favorite_count",
[2022-04-05 23:17:50,342] {spark_submit.py:488} INFO - "type" : "integer",
[2022-04-05 23:17:50,342] {spark_submit.py:488} INFO - "nullable" : true,
[2022-04-05 23:17:50,343] {spark_submit.py:488} INFO - "metadata" : { }
[2022-04-05 23:17:50,343] {spark_submit.py:488} INFO - }, {
[2022-04-05 23:17:50,343] {spark_submit.py:488} INFO - "name" : "last_activity_date",
[2022-04-05 23:17:50,343] {spark_submit.py:488} INFO - "type" : "timestamp",
[2022-04-05 23:17:50,343] {spark_submit.py:488} INFO - "nullable" : true,
[2022-04-05 23:17:50,343] {spark_submit.py:488} INFO - "metadata" : { }
[2022-04-05 23:17:50,343] {spark_submit.py:488} INFO - }, {
[2022-04-05 23:17:50,343] {spark_submit.py:488} INFO - "name" : "last_edit_date",
[2022-04-05 23:17:50,343] {spark_submit.py:488} INFO - "type" : "timestamp",
[2022-04-05 23:17:50,343] {spark_submit.py:488} INFO - "nullable" : true,
[2022-04-05 23:17:50,343] {spark_submit.py:488} INFO - "metadata" : { }
[2022-04-05 23:17:50,343] {spark_submit.py:488} INFO - }, {
[2022-04-05 23:17:50,343] {spark_submit.py:488} INFO - "name" : "last_editor_display_name",
[2022-04-05 23:17:50,408] {spark_submit.py:488} INFO - "type" : "string",
[2022-04-05 23:17:50,408] {spark_submit.py:488} INFO - "nullable" : true,
[2022-04-05 23:17:50,408] {spark_submit.py:488} INFO - "metadata" : { }
[2022-04-05 23:17:50,408] {spark_submit.py:488} INFO - }, {
[2022-04-05 23:17:50,408] {spark_submit.py:488} INFO - "name" : "last_editor_user_id",
[2022-04-05 23:17:50,408] {spark_submit.py:488} INFO - "type" : "integer",
[2022-04-05 23:17:50,408] {spark_submit.py:488} INFO - "nullable" : true,
[2022-04-05 23:17:50,409] {spark_submit.py:488} INFO - "metadata" : { }
[2022-04-05 23:17:50,409] {spark_submit.py:488} INFO - }, {
[2022-04-05 23:17:50,409] {spark_submit.py:488} INFO - "name" : "owner_display_name",
[2022-04-05 23:17:50,409] {spark_submit.py:488} INFO - "type" : "string",
[2022-04-05 23:17:50,409] {spark_submit.py:488} INFO - "nullable" : true,
[2022-04-05 23:17:50,409] {spark_submit.py:488} INFO - "metadata" : { }
[2022-04-05 23:17:50,409] {spark_submit.py:488} INFO - }, {
[2022-04-05 23:17:50,409] {spark_submit.py:488} INFO - "name" : "owner_user_id",
[2022-04-05 23:17:50,409] {spark_submit.py:488} INFO - "type" : "integer",
[2022-04-05 23:17:50,409] {spark_submit.py:488} INFO - "nullable" : true,
[2022-04-05 23:17:50,409] {spark_submit.py:488} INFO - "metadata" : { }
[2022-04-05 23:17:50,409] {spark_submit.py:488} INFO - }, {
[2022-04-05 23:17:50,409] {spark_submit.py:488} INFO - "name" : "parent_id",
[2022-04-05 23:17:50,409] {spark_submit.py:488} INFO - "type" : "integer",
[2022-04-05 23:17:50,410] {spark_submit.py:488} INFO - "nullable" : true,
[2022-04-05 23:17:50,410] {spark_submit.py:488} INFO - "metadata" : { }
[2022-04-05 23:17:50,410] {spark_submit.py:488} INFO - }, {
[2022-04-05 23:17:50,410] {spark_submit.py:488} INFO - "name" : "post_type_id",
[2022-04-05 23:17:50,410] {spark_submit.py:488} INFO - "type" : "integer",
[2022-04-05 23:17:50,410] {spark_submit.py:488} INFO - "nullable" : true,
[2022-04-05 23:17:50,410] {spark_submit.py:488} INFO - "metadata" : { }
[2022-04-05 23:17:50,410] {spark_submit.py:488} INFO - }, {
[2022-04-05 23:17:50,410] {spark_submit.py:488} INFO - "name" : "score",
[2022-04-05 23:17:50,410] {spark_submit.py:488} INFO - "type" : "integer",
[2022-04-05 23:17:50,410] {spark_submit.py:488} INFO - "nullable" : true,
[2022-04-05 23:17:50,410] {spark_submit.py:488} INFO - "metadata" : { }
[2022-04-05 23:17:50,410] {spark_submit.py:488} INFO - }, {
[2022-04-05 23:17:50,411] {spark_submit.py:488} INFO - "name" : "tags",
[2022-04-05 23:17:50,411] {spark_submit.py:488} INFO - "type" : "string",
[2022-04-05 23:17:50,411] {spark_submit.py:488} INFO - "nullable" : true,
[2022-04-05 23:17:50,411] {spark_submit.py:488} INFO - "metadata" : { }
[2022-04-05 23:17:50,411] {spark_submit.py:488} INFO - }, {
[2022-04-05 23:17:50,411] {spark_submit.py:488} INFO - "name" : "view_count",
[2022-04-05 23:17:50,411] {spark_submit.py:488} INFO - "type" : "integer",
[2022-04-05 23:17:50,411] {spark_submit.py:488} INFO - "nullable" : true,
[2022-04-05 23:17:50,411] {spark_submit.py:488} INFO - "metadata" : { }
[2022-04-05 23:17:50,411] {spark_submit.py:488} INFO - }, {
[2022-04-05 23:17:50,411] {spark_submit.py:488} INFO - "name" : "group_by_date",
[2022-04-05 23:17:50,412] {spark_submit.py:488} INFO - "type" : "timestamp",
[2022-04-05 23:17:50,412] {spark_submit.py:488} INFO - "nullable" : true,
[2022-04-05 23:17:50,412] {spark_submit.py:488} INFO - "metadata" : { }
[2022-04-05 23:17:50,412] {spark_submit.py:488} INFO - } ]
[2022-04-05 23:17:50,412] {spark_submit.py:488} INFO - }
[2022-04-05 23:17:50,412] {spark_submit.py:488} INFO - and corresponding Parquet message type:
[2022-04-05 23:17:50,412] {spark_submit.py:488} INFO - message spark_schema {
[2022-04-05 23:17:50,412] {spark_submit.py:488} INFO - optional int32 id;
[2022-04-05 23:17:50,412] {spark_submit.py:488} INFO - optional binary title (STRING);
[2022-04-05 23:17:50,412] {spark_submit.py:488} INFO - optional binary body (STRING);
[2022-04-05 23:17:50,412] {spark_submit.py:488} INFO - optional int32 accepted_answer_id;
[2022-04-05 23:17:50,412] {spark_submit.py:488} INFO - optional int32 answer_count;
[2022-04-05 23:17:50,412] {spark_submit.py:488} INFO - optional int32 comment_count;
[2022-04-05 23:17:50,412] {spark_submit.py:488} INFO - optional int96 community_owned_date;
[2022-04-05 23:17:50,412] {spark_submit.py:488} INFO - optional int96 creation_date;
[2022-04-05 23:17:50,413] {spark_submit.py:488} INFO - optional int32 favorite_count;
[2022-04-05 23:17:50,413] {spark_submit.py:488} INFO - optional int96 last_activity_date;
[2022-04-05 23:17:50,413] {spark_submit.py:488} INFO - optional int96 last_edit_date;
[2022-04-05 23:17:50,413] {spark_submit.py:488} INFO - optional binary last_editor_display_name (STRING);
[2022-04-05 23:17:50,413] {spark_submit.py:488} INFO - optional int32 last_editor_user_id;
[2022-04-05 23:17:50,413] {spark_submit.py:488} INFO - optional binary owner_display_name (STRING);
[2022-04-05 23:17:50,413] {spark_submit.py:488} INFO - optional int32 owner_user_id;
[2022-04-05 23:17:50,413] {spark_submit.py:488} INFO - optional int32 parent_id;
[2022-04-05 23:17:50,413] {spark_submit.py:488} INFO - optional int32 post_type_id;
[2022-04-05 23:17:50,413] {spark_submit.py:488} INFO - optional int32 score;
[2022-04-05 23:17:50,413] {spark_submit.py:488} INFO - optional binary tags (STRING);
[2022-04-05 23:17:50,413] {spark_submit.py:488} INFO - optional int32 view_count;
[2022-04-05 23:17:50,413] {spark_submit.py:488} INFO - optional int96 group_by_date;
[2022-04-05 23:17:50,413] {spark_submit.py:488} INFO - }
[2022-04-05 23:17:50,414] {spark_submit.py:488} INFO - 
[2022-04-05 23:17:50,414] {spark_submit.py:488} INFO - 
[2022-04-05 23:17:50,414] {spark_submit.py:488} INFO - 22/04/05 23:17:50 INFO ParquetWriteSupport: Initialized Parquet WriteSupport with Catalyst schema:
[2022-04-05 23:17:50,414] {spark_submit.py:488} INFO - {
[2022-04-05 23:17:50,414] {spark_submit.py:488} INFO - "type" : "struct",
[2022-04-05 23:17:50,414] {spark_submit.py:488} INFO - "fields" : [ {
[2022-04-05 23:17:50,414] {spark_submit.py:488} INFO - "name" : "id",
[2022-04-05 23:17:50,414] {spark_submit.py:488} INFO - "type" : "integer",
[2022-04-05 23:17:50,414] {spark_submit.py:488} INFO - "nullable" : true,
[2022-04-05 23:17:50,414] {spark_submit.py:488} INFO - "metadata" : { }
[2022-04-05 23:17:50,414] {spark_submit.py:488} INFO - }, {
[2022-04-05 23:17:50,414] {spark_submit.py:488} INFO - "name" : "title",
[2022-04-05 23:17:50,414] {spark_submit.py:488} INFO - "type" : "string",
[2022-04-05 23:17:50,414] {spark_submit.py:488} INFO - "nullable" : true,
[2022-04-05 23:17:50,415] {spark_submit.py:488} INFO - "metadata" : { }
[2022-04-05 23:17:50,415] {spark_submit.py:488} INFO - }, {
[2022-04-05 23:17:50,415] {spark_submit.py:488} INFO - "name" : "body",
[2022-04-05 23:17:50,415] {spark_submit.py:488} INFO - "type" : "string",
[2022-04-05 23:17:50,415] {spark_submit.py:488} INFO - "nullable" : true,
[2022-04-05 23:17:50,415] {spark_submit.py:488} INFO - "metadata" : { }
[2022-04-05 23:17:50,415] {spark_submit.py:488} INFO - }, {
[2022-04-05 23:17:50,415] {spark_submit.py:488} INFO - "name" : "accepted_answer_id",
[2022-04-05 23:17:50,415] {spark_submit.py:488} INFO - "type" : "integer",
[2022-04-05 23:17:50,415] {spark_submit.py:488} INFO - "nullable" : true,
[2022-04-05 23:17:50,415] {spark_submit.py:488} INFO - "metadata" : { }
[2022-04-05 23:17:50,415] {spark_submit.py:488} INFO - }, {
[2022-04-05 23:17:50,415] {spark_submit.py:488} INFO - "name" : "answer_count",
[2022-04-05 23:17:50,415] {spark_submit.py:488} INFO - "type" : "integer",
[2022-04-05 23:17:50,488] {spark_submit.py:488} INFO - "nullable" : true,
[2022-04-05 23:17:50,488] {spark_submit.py:488} INFO - "metadata" : { }
[2022-04-05 23:17:50,488] {spark_submit.py:488} INFO - }, {
[2022-04-05 23:17:50,488] {spark_submit.py:488} INFO - "name" : "comment_count",
[2022-04-05 23:17:50,488] {spark_submit.py:488} INFO - "type" : "integer",
[2022-04-05 23:17:50,488] {spark_submit.py:488} INFO - "nullable" : true,
[2022-04-05 23:17:50,489] {spark_submit.py:488} INFO - "metadata" : { }
[2022-04-05 23:17:50,489] {spark_submit.py:488} INFO - }, {
[2022-04-05 23:17:50,489] {spark_submit.py:488} INFO - "name" : "community_owned_date",
[2022-04-05 23:17:50,489] {spark_submit.py:488} INFO - "type" : "timestamp",
[2022-04-05 23:17:50,489] {spark_submit.py:488} INFO - "nullable" : true,
[2022-04-05 23:17:50,489] {spark_submit.py:488} INFO - "metadata" : { }
[2022-04-05 23:17:50,489] {spark_submit.py:488} INFO - }, {
[2022-04-05 23:17:50,489] {spark_submit.py:488} INFO - "name" : "creation_date",
[2022-04-05 23:17:50,489] {spark_submit.py:488} INFO - "type" : "timestamp",
[2022-04-05 23:17:50,489] {spark_submit.py:488} INFO - "nullable" : true,
[2022-04-05 23:17:50,489] {spark_submit.py:488} INFO - "metadata" : { }
[2022-04-05 23:17:50,489] {spark_submit.py:488} INFO - }, {
[2022-04-05 23:17:50,489] {spark_submit.py:488} INFO - "name" : "favorite_count",
[2022-04-05 23:17:50,490] {spark_submit.py:488} INFO - "type" : "integer",
[2022-04-05 23:17:50,490] {spark_submit.py:488} INFO - "nullable" : true,
[2022-04-05 23:17:50,490] {spark_submit.py:488} INFO - "metadata" : { }
[2022-04-05 23:17:50,490] {spark_submit.py:488} INFO - }, {
[2022-04-05 23:17:50,490] {spark_submit.py:488} INFO - "name" : "last_activity_date",
[2022-04-05 23:17:50,490] {spark_submit.py:488} INFO - "type" : "timestamp",
[2022-04-05 23:17:50,490] {spark_submit.py:488} INFO - "nullable" : true,
[2022-04-05 23:17:50,490] {spark_submit.py:488} INFO - "metadata" : { }
[2022-04-05 23:17:50,490] {spark_submit.py:488} INFO - }, {
[2022-04-05 23:17:50,490] {spark_submit.py:488} INFO - "name" : "last_edit_date",
[2022-04-05 23:17:50,490] {spark_submit.py:488} INFO - "type" : "timestamp",
[2022-04-05 23:17:50,490] {spark_submit.py:488} INFO - "nullable" : true,
[2022-04-05 23:17:50,490] {spark_submit.py:488} INFO - "metadata" : { }
[2022-04-05 23:17:50,491] {spark_submit.py:488} INFO - }, {
[2022-04-05 23:17:50,491] {spark_submit.py:488} INFO - "name" : "last_editor_display_name",
[2022-04-05 23:17:50,491] {spark_submit.py:488} INFO - "type" : "string",
[2022-04-05 23:17:50,491] {spark_submit.py:488} INFO - "nullable" : true,
[2022-04-05 23:17:50,491] {spark_submit.py:488} INFO - "metadata" : { }
[2022-04-05 23:17:50,533] {spark_submit.py:488} INFO - }, {
[2022-04-05 23:17:50,536] {spark_submit.py:488} INFO - "name" : "last_editor_user_id",
[2022-04-05 23:17:50,536] {spark_submit.py:488} INFO - "type" : "integer",
[2022-04-05 23:17:50,536] {spark_submit.py:488} INFO - "nullable" : true,
[2022-04-05 23:17:50,536] {spark_submit.py:488} INFO - "metadata" : { }
[2022-04-05 23:17:50,536] {spark_submit.py:488} INFO - }, {
[2022-04-05 23:17:50,536] {spark_submit.py:488} INFO - "name" : "owner_display_name",
[2022-04-05 23:17:50,536] {spark_submit.py:488} INFO - "type" : "string",
[2022-04-05 23:17:50,536] {spark_submit.py:488} INFO - "nullable" : true,
[2022-04-05 23:17:50,536] {spark_submit.py:488} INFO - "metadata" : { }
[2022-04-05 23:17:50,536] {spark_submit.py:488} INFO - }, {
[2022-04-05 23:17:50,537] {spark_submit.py:488} INFO - "name" : "owner_user_id",
[2022-04-05 23:17:50,537] {spark_submit.py:488} INFO - "type" : "integer",
[2022-04-05 23:17:50,537] {spark_submit.py:488} INFO - "nullable" : true,
[2022-04-05 23:17:50,537] {spark_submit.py:488} INFO - "metadata" : { }
[2022-04-05 23:17:50,537] {spark_submit.py:488} INFO - }, {
[2022-04-05 23:17:50,537] {spark_submit.py:488} INFO - "name" : "parent_id",
[2022-04-05 23:17:50,537] {spark_submit.py:488} INFO - "type" : "integer",
[2022-04-05 23:17:50,537] {spark_submit.py:488} INFO - "nullable" : true,
[2022-04-05 23:17:50,537] {spark_submit.py:488} INFO - "metadata" : { }
[2022-04-05 23:17:50,537] {spark_submit.py:488} INFO - }, {
[2022-04-05 23:17:50,537] {spark_submit.py:488} INFO - "name" : "post_type_id",
[2022-04-05 23:17:50,537] {spark_submit.py:488} INFO - "type" : "integer",
[2022-04-05 23:17:50,537] {spark_submit.py:488} INFO - "nullable" : true,
[2022-04-05 23:17:50,537] {spark_submit.py:488} INFO - "metadata" : { }
[2022-04-05 23:17:50,538] {spark_submit.py:488} INFO - }, {
[2022-04-05 23:17:50,538] {spark_submit.py:488} INFO - "name" : "score",
[2022-04-05 23:17:50,538] {spark_submit.py:488} INFO - "type" : "integer",
[2022-04-05 23:17:50,538] {spark_submit.py:488} INFO - "nullable" : true,
[2022-04-05 23:17:50,538] {spark_submit.py:488} INFO - "metadata" : { }
[2022-04-05 23:17:50,538] {spark_submit.py:488} INFO - }, {
[2022-04-05 23:17:50,538] {spark_submit.py:488} INFO - "name" : "tags",
[2022-04-05 23:17:50,538] {spark_submit.py:488} INFO - "type" : "string",
[2022-04-05 23:17:50,538] {spark_submit.py:488} INFO - "nullable" : true,
[2022-04-05 23:17:50,538] {spark_submit.py:488} INFO - "metadata" : { }
[2022-04-05 23:17:50,538] {spark_submit.py:488} INFO - }, {
[2022-04-05 23:17:50,538] {spark_submit.py:488} INFO - "name" : "view_count",
[2022-04-05 23:17:50,538] {spark_submit.py:488} INFO - "type" : "integer",
[2022-04-05 23:17:50,539] {spark_submit.py:488} INFO - "nullable" : true,
[2022-04-05 23:17:50,539] {spark_submit.py:488} INFO - "metadata" : { }
[2022-04-05 23:17:50,539] {spark_submit.py:488} INFO - }, {
[2022-04-05 23:17:50,544] {spark_submit.py:488} INFO - "name" : "group_by_date",
[2022-04-05 23:17:50,544] {spark_submit.py:488} INFO - "type" : "timestamp",
[2022-04-05 23:17:50,544] {spark_submit.py:488} INFO - "nullable" : true,
[2022-04-05 23:17:50,544] {spark_submit.py:488} INFO - "metadata" : { }
[2022-04-05 23:17:50,544] {spark_submit.py:488} INFO - } ]
[2022-04-05 23:17:50,544] {spark_submit.py:488} INFO - }
[2022-04-05 23:17:50,544] {spark_submit.py:488} INFO - and corresponding Parquet message type:
[2022-04-05 23:17:50,544] {spark_submit.py:488} INFO - message spark_schema {
[2022-04-05 23:17:50,544] {spark_submit.py:488} INFO - optional int32 id;
[2022-04-05 23:17:50,545] {spark_submit.py:488} INFO - optional binary title (STRING);
[2022-04-05 23:17:50,545] {spark_submit.py:488} INFO - optional binary body (STRING);
[2022-04-05 23:17:50,545] {spark_submit.py:488} INFO - optional int32 accepted_answer_id;
[2022-04-05 23:17:50,545] {spark_submit.py:488} INFO - optional int32 answer_count;
[2022-04-05 23:17:50,545] {spark_submit.py:488} INFO - optional int32 comment_count;
[2022-04-05 23:17:50,545] {spark_submit.py:488} INFO - optional int96 community_owned_date;
[2022-04-05 23:17:50,545] {spark_submit.py:488} INFO - optional int96 creation_date;
[2022-04-05 23:17:50,545] {spark_submit.py:488} INFO - optional int32 favorite_count;
[2022-04-05 23:17:50,545] {spark_submit.py:488} INFO - optional int96 last_activity_date;
[2022-04-05 23:17:50,545] {spark_submit.py:488} INFO - optional int96 last_edit_date;
[2022-04-05 23:17:50,545] {spark_submit.py:488} INFO - optional binary last_editor_display_name (STRING);
[2022-04-05 23:17:50,545] {spark_submit.py:488} INFO - optional int32 last_editor_user_id;
[2022-04-05 23:17:50,545] {spark_submit.py:488} INFO - optional binary owner_display_name (STRING);
[2022-04-05 23:17:50,545] {spark_submit.py:488} INFO - optional int32 owner_user_id;
[2022-04-05 23:17:50,546] {spark_submit.py:488} INFO - optional int32 parent_id;
[2022-04-05 23:17:50,546] {spark_submit.py:488} INFO - optional int32 post_type_id;
[2022-04-05 23:17:50,546] {spark_submit.py:488} INFO - optional int32 score;
[2022-04-05 23:17:50,546] {spark_submit.py:488} INFO - optional binary tags (STRING);
[2022-04-05 23:17:50,546] {spark_submit.py:488} INFO - optional int32 view_count;
[2022-04-05 23:17:50,546] {spark_submit.py:488} INFO - optional int96 group_by_date;
[2022-04-05 23:17:50,546] {spark_submit.py:488} INFO - }
[2022-04-05 23:17:50,546] {spark_submit.py:488} INFO - 
[2022-04-05 23:17:50,546] {spark_submit.py:488} INFO - 
[2022-04-05 23:17:50,546] {spark_submit.py:488} INFO - 22/04/05 23:17:50 INFO ParquetWriteSupport: Initialized Parquet WriteSupport with Catalyst schema:
[2022-04-05 23:17:50,546] {spark_submit.py:488} INFO - {
[2022-04-05 23:17:50,546] {spark_submit.py:488} INFO - "type" : "struct",
[2022-04-05 23:17:50,546] {spark_submit.py:488} INFO - "fields" : [ {
[2022-04-05 23:17:50,546] {spark_submit.py:488} INFO - "name" : "id",
[2022-04-05 23:17:50,547] {spark_submit.py:488} INFO - "type" : "integer",
[2022-04-05 23:17:50,547] {spark_submit.py:488} INFO - "nullable" : true,
[2022-04-05 23:17:50,547] {spark_submit.py:488} INFO - "metadata" : { }
[2022-04-05 23:17:50,547] {spark_submit.py:488} INFO - }, {
[2022-04-05 23:17:50,547] {spark_submit.py:488} INFO - "name" : "title",
[2022-04-05 23:17:50,547] {spark_submit.py:488} INFO - "type" : "string",
[2022-04-05 23:17:50,547] {spark_submit.py:488} INFO - "nullable" : true,
[2022-04-05 23:17:50,547] {spark_submit.py:488} INFO - "metadata" : { }
[2022-04-05 23:17:50,547] {spark_submit.py:488} INFO - }, {
[2022-04-05 23:17:50,547] {spark_submit.py:488} INFO - "name" : "body",
[2022-04-05 23:17:50,547] {spark_submit.py:488} INFO - "type" : "string",
[2022-04-05 23:17:50,547] {spark_submit.py:488} INFO - "nullable" : true,
[2022-04-05 23:17:50,547] {spark_submit.py:488} INFO - "metadata" : { }
[2022-04-05 23:17:50,593] {spark_submit.py:488} INFO - }, {
[2022-04-05 23:17:50,594] {spark_submit.py:488} INFO - "name" : "accepted_answer_id",
[2022-04-05 23:17:50,594] {spark_submit.py:488} INFO - "type" : "integer",
[2022-04-05 23:17:50,594] {spark_submit.py:488} INFO - "nullable" : true,
[2022-04-05 23:17:50,594] {spark_submit.py:488} INFO - "metadata" : { }
[2022-04-05 23:17:50,594] {spark_submit.py:488} INFO - }, {
[2022-04-05 23:17:50,594] {spark_submit.py:488} INFO - "name" : "answer_count",
[2022-04-05 23:17:50,594] {spark_submit.py:488} INFO - "type" : "integer",
[2022-04-05 23:17:50,594] {spark_submit.py:488} INFO - "nullable" : true,
[2022-04-05 23:17:50,594] {spark_submit.py:488} INFO - "metadata" : { }
[2022-04-05 23:17:50,605] {spark_submit.py:488} INFO - }, {
[2022-04-05 23:17:50,605] {spark_submit.py:488} INFO - "name" : "comment_count",
[2022-04-05 23:17:50,605] {spark_submit.py:488} INFO - "type" : "integer",
[2022-04-05 23:17:50,605] {spark_submit.py:488} INFO - "nullable" : true,
[2022-04-05 23:17:50,606] {spark_submit.py:488} INFO - "metadata" : { }
[2022-04-05 23:17:50,606] {spark_submit.py:488} INFO - }, {
[2022-04-05 23:17:50,606] {spark_submit.py:488} INFO - "name" : "community_owned_date",
[2022-04-05 23:17:50,606] {spark_submit.py:488} INFO - "type" : "timestamp",
[2022-04-05 23:17:50,606] {spark_submit.py:488} INFO - "nullable" : true,
[2022-04-05 23:17:50,606] {spark_submit.py:488} INFO - "metadata" : { }
[2022-04-05 23:17:50,606] {spark_submit.py:488} INFO - }, {
[2022-04-05 23:17:50,606] {spark_submit.py:488} INFO - "name" : "creation_date",
[2022-04-05 23:17:50,606] {spark_submit.py:488} INFO - "type" : "timestamp",
[2022-04-05 23:17:50,606] {spark_submit.py:488} INFO - "nullable" : true,
[2022-04-05 23:17:50,606] {spark_submit.py:488} INFO - "metadata" : { }
[2022-04-05 23:17:50,606] {spark_submit.py:488} INFO - }, {
[2022-04-05 23:17:50,606] {spark_submit.py:488} INFO - "name" : "favorite_count",
[2022-04-05 23:17:50,607] {spark_submit.py:488} INFO - "type" : "integer",
[2022-04-05 23:17:50,607] {spark_submit.py:488} INFO - "nullable" : true,
[2022-04-05 23:17:50,607] {spark_submit.py:488} INFO - "metadata" : { }
[2022-04-05 23:17:50,607] {spark_submit.py:488} INFO - }, {
[2022-04-05 23:17:50,607] {spark_submit.py:488} INFO - "name" : "last_activity_date",
[2022-04-05 23:17:50,607] {spark_submit.py:488} INFO - "type" : "timestamp",
[2022-04-05 23:17:50,607] {spark_submit.py:488} INFO - "nullable" : true,
[2022-04-05 23:17:50,607] {spark_submit.py:488} INFO - "metadata" : { }
[2022-04-05 23:17:50,611] {spark_submit.py:488} INFO - }, {
[2022-04-05 23:17:50,611] {spark_submit.py:488} INFO - "name" : "last_edit_date",
[2022-04-05 23:17:50,611] {spark_submit.py:488} INFO - "type" : "timestamp",
[2022-04-05 23:17:50,611] {spark_submit.py:488} INFO - "nullable" : true,
[2022-04-05 23:17:50,619] {spark_submit.py:488} INFO - "metadata" : { }
[2022-04-05 23:17:50,620] {spark_submit.py:488} INFO - }, {
[2022-04-05 23:17:50,620] {spark_submit.py:488} INFO - "name" : "last_editor_display_name",
[2022-04-05 23:17:50,620] {spark_submit.py:488} INFO - "type" : "string",
[2022-04-05 23:17:50,620] {spark_submit.py:488} INFO - "nullable" : true,
[2022-04-05 23:17:50,620] {spark_submit.py:488} INFO - "metadata" : { }
[2022-04-05 23:17:50,620] {spark_submit.py:488} INFO - }, {
[2022-04-05 23:17:50,620] {spark_submit.py:488} INFO - "name" : "last_editor_user_id",
[2022-04-05 23:17:50,620] {spark_submit.py:488} INFO - "type" : "integer",
[2022-04-05 23:17:50,620] {spark_submit.py:488} INFO - "nullable" : true,
[2022-04-05 23:17:50,620] {spark_submit.py:488} INFO - "metadata" : { }
[2022-04-05 23:17:50,620] {spark_submit.py:488} INFO - }, {
[2022-04-05 23:17:50,620] {spark_submit.py:488} INFO - "name" : "owner_display_name",
[2022-04-05 23:17:50,621] {spark_submit.py:488} INFO - "type" : "string",
[2022-04-05 23:17:50,621] {spark_submit.py:488} INFO - "nullable" : true,
[2022-04-05 23:17:50,621] {spark_submit.py:488} INFO - "metadata" : { }
[2022-04-05 23:17:50,621] {spark_submit.py:488} INFO - }, {
[2022-04-05 23:17:50,621] {spark_submit.py:488} INFO - "name" : "owner_user_id",
[2022-04-05 23:17:50,621] {spark_submit.py:488} INFO - "type" : "integer",
[2022-04-05 23:17:50,621] {spark_submit.py:488} INFO - "nullable" : true,
[2022-04-05 23:17:50,621] {spark_submit.py:488} INFO - "metadata" : { }
[2022-04-05 23:17:50,621] {spark_submit.py:488} INFO - }, {
[2022-04-05 23:17:50,621] {spark_submit.py:488} INFO - "name" : "parent_id",
[2022-04-05 23:17:50,621] {spark_submit.py:488} INFO - "type" : "integer",
[2022-04-05 23:17:50,621] {spark_submit.py:488} INFO - "nullable" : true,
[2022-04-05 23:17:50,621] {spark_submit.py:488} INFO - "metadata" : { }
[2022-04-05 23:17:50,622] {spark_submit.py:488} INFO - }, {
[2022-04-05 23:17:50,622] {spark_submit.py:488} INFO - "name" : "post_type_id",
[2022-04-05 23:17:50,622] {spark_submit.py:488} INFO - "type" : "integer",
[2022-04-05 23:17:50,622] {spark_submit.py:488} INFO - "nullable" : true,
[2022-04-05 23:17:50,622] {spark_submit.py:488} INFO - "metadata" : { }
[2022-04-05 23:17:50,622] {spark_submit.py:488} INFO - }, {
[2022-04-05 23:17:50,622] {spark_submit.py:488} INFO - "name" : "score",
[2022-04-05 23:17:50,622] {spark_submit.py:488} INFO - "type" : "integer",
[2022-04-05 23:17:50,622] {spark_submit.py:488} INFO - "nullable" : true,
[2022-04-05 23:17:50,622] {spark_submit.py:488} INFO - "metadata" : { }
[2022-04-05 23:17:50,622] {spark_submit.py:488} INFO - }, {
[2022-04-05 23:17:50,622] {spark_submit.py:488} INFO - "name" : "tags",
[2022-04-05 23:17:50,622] {spark_submit.py:488} INFO - "type" : "string",
[2022-04-05 23:17:50,623] {spark_submit.py:488} INFO - "nullable" : true,
[2022-04-05 23:17:50,623] {spark_submit.py:488} INFO - "metadata" : { }
[2022-04-05 23:17:50,623] {spark_submit.py:488} INFO - }, {
[2022-04-05 23:17:50,623] {spark_submit.py:488} INFO - "name" : "view_count",
[2022-04-05 23:17:50,623] {spark_submit.py:488} INFO - "type" : "integer",
[2022-04-05 23:17:50,623] {spark_submit.py:488} INFO - "nullable" : true,
[2022-04-05 23:17:50,623] {spark_submit.py:488} INFO - "metadata" : { }
[2022-04-05 23:17:50,623] {spark_submit.py:488} INFO - }, {
[2022-04-05 23:17:50,623] {spark_submit.py:488} INFO - "name" : "group_by_date",
[2022-04-05 23:17:50,623] {spark_submit.py:488} INFO - "type" : "timestamp",
[2022-04-05 23:17:50,623] {spark_submit.py:488} INFO - "nullable" : true,
[2022-04-05 23:17:50,624] {spark_submit.py:488} INFO - "metadata" : { }
[2022-04-05 23:17:50,624] {spark_submit.py:488} INFO - } ]
[2022-04-05 23:17:50,624] {spark_submit.py:488} INFO - }
[2022-04-05 23:17:50,624] {spark_submit.py:488} INFO - and corresponding Parquet message type:
[2022-04-05 23:17:50,624] {spark_submit.py:488} INFO - message spark_schema {
[2022-04-05 23:17:50,624] {spark_submit.py:488} INFO - optional int32 id;
[2022-04-05 23:17:50,624] {spark_submit.py:488} INFO - optional binary title (STRING);
[2022-04-05 23:17:50,624] {spark_submit.py:488} INFO - optional binary body (STRING);
[2022-04-05 23:17:50,624] {spark_submit.py:488} INFO - optional int32 accepted_answer_id;
[2022-04-05 23:17:50,625] {spark_submit.py:488} INFO - optional int32 answer_count;
[2022-04-05 23:17:50,625] {spark_submit.py:488} INFO - optional int32 comment_count;
[2022-04-05 23:17:50,625] {spark_submit.py:488} INFO - optional int96 community_owned_date;
[2022-04-05 23:17:50,625] {spark_submit.py:488} INFO - optional int96 creation_date;
[2022-04-05 23:17:50,625] {spark_submit.py:488} INFO - optional int32 favorite_count;
[2022-04-05 23:17:50,625] {spark_submit.py:488} INFO - optional int96 last_activity_date;
[2022-04-05 23:17:50,625] {spark_submit.py:488} INFO - optional int96 last_edit_date;
[2022-04-05 23:17:50,625] {spark_submit.py:488} INFO - optional binary last_editor_display_name (STRING);
[2022-04-05 23:17:50,625] {spark_submit.py:488} INFO - optional int32 last_editor_user_id;
[2022-04-05 23:17:50,626] {spark_submit.py:488} INFO - optional binary owner_display_name (STRING);
[2022-04-05 23:17:50,626] {spark_submit.py:488} INFO - optional int32 owner_user_id;
[2022-04-05 23:17:50,626] {spark_submit.py:488} INFO - optional int32 parent_id;
[2022-04-05 23:17:50,626] {spark_submit.py:488} INFO - optional int32 post_type_id;
[2022-04-05 23:17:50,626] {spark_submit.py:488} INFO - optional int32 score;
[2022-04-05 23:17:50,626] {spark_submit.py:488} INFO - optional binary tags (STRING);
[2022-04-05 23:17:50,626] {spark_submit.py:488} INFO - optional int32 view_count;
[2022-04-05 23:17:50,626] {spark_submit.py:488} INFO - optional int96 group_by_date;
[2022-04-05 23:17:50,626] {spark_submit.py:488} INFO - }
[2022-04-05 23:17:50,626] {spark_submit.py:488} INFO - 
[2022-04-05 23:17:50,626] {spark_submit.py:488} INFO - 
[2022-04-05 23:17:51,633] {spark_submit.py:488} INFO - 22/04/05 23:17:51 INFO CodecPool: Got brand-new compressor [.snappy]
[2022-04-05 23:17:52,036] {spark_submit.py:488} INFO - 22/04/05 23:17:52 INFO CodecPool: Got brand-new compressor [.snappy]
[2022-04-05 23:17:52,037] {spark_submit.py:488} INFO - 22/04/05 23:17:52 INFO CodecPool: Got brand-new compressor [.snappy]
[2022-04-05 23:17:52,115] {spark_submit.py:488} INFO - 22/04/05 23:17:52 INFO CodecPool: Got brand-new compressor [.snappy]
[2022-04-05 23:17:57,974] {spark_submit.py:488} INFO - 22/04/05 23:17:57 INFO GoogleCloudStorageImpl: Ignoring exception of type GoogleJsonResponseException; verified object already exists with desired state.
[2022-04-05 23:17:57,995] {spark_submit.py:488} INFO - 22/04/05 23:17:57 INFO GoogleCloudStorageImpl: Ignoring exception of type GoogleJsonResponseException; verified object already exists with desired state.
[2022-04-05 23:17:57,996] {spark_submit.py:488} INFO - 22/04/05 23:17:57 INFO GoogleCloudStorageImpl: Ignoring exception of type GoogleJsonResponseException; verified object already exists with desired state.
[2022-04-05 23:17:57,999] {spark_submit.py:488} INFO - 22/04/05 23:17:57 INFO GoogleCloudStorageFileSystem: Successfully repaired 'gs://dtc_data_lake_de-stack-overflow/BigQuery/posts_questions-2010-09/_temporary/0/_temporary/' directory.
[2022-04-05 23:17:58,000] {spark_submit.py:488} INFO - 22/04/05 23:17:57 INFO FileOutputCommitter: Saved output of task 'attempt_202204052317471536534382464023009_0003_m_000002_4' to gs://dtc_data_lake_de-stack-overflow/BigQuery/posts_questions-2010-09/_temporary/0/task_202204052317471536534382464023009_0003_m_000002
[2022-04-05 23:17:58,000] {spark_submit.py:488} INFO - 22/04/05 23:17:58 INFO GoogleCloudStorageFileSystem: Successfully repaired 'gs://dtc_data_lake_de-stack-overflow/BigQuery/posts_questions-2010-09/_temporary/0/_temporary/' directory.
[2022-04-05 23:17:58,001] {spark_submit.py:488} INFO - 22/04/05 23:17:58 INFO FileOutputCommitter: Saved output of task 'attempt_202204052317471957496326243319412_0003_m_000000_2' to gs://dtc_data_lake_de-stack-overflow/BigQuery/posts_questions-2010-09/_temporary/0/task_202204052317471957496326243319412_0003_m_000000
[2022-04-05 23:17:58,001] {spark_submit.py:488} INFO - 22/04/05 23:17:58 INFO SparkHadoopMapRedUtil: attempt_202204052317471536534382464023009_0003_m_000002_4: Committed
[2022-04-05 23:17:58,001] {spark_submit.py:488} INFO - 22/04/05 23:17:58 INFO GoogleCloudStorageFileSystem: Successfully repaired 'gs://dtc_data_lake_de-stack-overflow/BigQuery/posts_questions-2010-09/_temporary/0/_temporary/' directory.
[2022-04-05 23:17:58,002] {spark_submit.py:488} INFO - 22/04/05 23:17:58 INFO FileOutputCommitter: Saved output of task 'attempt_202204052317472165575905064843958_0003_m_000001_3' to gs://dtc_data_lake_de-stack-overflow/BigQuery/posts_questions-2010-09/_temporary/0/task_202204052317472165575905064843958_0003_m_000001
[2022-04-05 23:17:58,007] {spark_submit.py:488} INFO - 22/04/05 23:17:58 INFO GoogleCloudStorageFileSystem: Successfully repaired 'gs://dtc_data_lake_de-stack-overflow/BigQuery/posts_questions-2010-09/_temporary/0/_temporary/' directory.
[2022-04-05 23:17:58,007] {spark_submit.py:488} INFO - 22/04/05 23:17:58 INFO FileOutputCommitter: Saved output of task 'attempt_202204052317479077485385422073651_0003_m_000003_5' to gs://dtc_data_lake_de-stack-overflow/BigQuery/posts_questions-2010-09/_temporary/0/task_202204052317479077485385422073651_0003_m_000003
[2022-04-05 23:17:58,007] {spark_submit.py:488} INFO - 22/04/05 23:17:58 INFO SparkHadoopMapRedUtil: attempt_202204052317479077485385422073651_0003_m_000003_5: Committed
[2022-04-05 23:17:58,008] {spark_submit.py:488} INFO - 22/04/05 23:17:58 INFO SparkHadoopMapRedUtil: attempt_202204052317471957496326243319412_0003_m_000000_2: Committed
[2022-04-05 23:17:58,009] {spark_submit.py:488} INFO - 22/04/05 23:17:58 INFO SparkHadoopMapRedUtil: attempt_202204052317472165575905064843958_0003_m_000001_3: Committed
[2022-04-05 23:17:58,062] {spark_submit.py:488} INFO - 22/04/05 23:17:58 INFO Executor: Finished task 1.0 in stage 3.0 (TID 3). 3526 bytes result sent to driver
[2022-04-05 23:17:58,063] {spark_submit.py:488} INFO - 22/04/05 23:17:58 INFO Executor: Finished task 0.0 in stage 3.0 (TID 2). 3526 bytes result sent to driver
[2022-04-05 23:17:58,068] {spark_submit.py:488} INFO - 22/04/05 23:17:58 INFO Executor: Finished task 3.0 in stage 3.0 (TID 5). 3526 bytes result sent to driver
[2022-04-05 23:17:58,089] {spark_submit.py:488} INFO - 22/04/05 23:17:58 INFO Executor: Finished task 2.0 in stage 3.0 (TID 4). 3526 bytes result sent to driver
[2022-04-05 23:17:58,127] {spark_submit.py:488} INFO - 22/04/05 23:17:58 INFO TaskSetManager: Finished task 3.0 in stage 3.0 (TID 5) in 9133 ms on 9fe4286b2855 (executor driver) (1/4)
[2022-04-05 23:17:58,129] {spark_submit.py:488} INFO - 22/04/05 23:17:58 INFO TaskSetManager: Finished task 2.0 in stage 3.0 (TID 4) in 9136 ms on 9fe4286b2855 (executor driver) (2/4)
[2022-04-05 23:17:58,130] {spark_submit.py:488} INFO - 22/04/05 23:17:58 INFO TaskSetManager: Finished task 1.0 in stage 3.0 (TID 3) in 9137 ms on 9fe4286b2855 (executor driver) (3/4)
[2022-04-05 23:17:58,132] {spark_submit.py:488} INFO - 22/04/05 23:17:58 INFO TaskSetManager: Finished task 0.0 in stage 3.0 (TID 2) in 9145 ms on 9fe4286b2855 (executor driver) (4/4)
[2022-04-05 23:17:58,132] {spark_submit.py:488} INFO - 22/04/05 23:17:58 INFO TaskSchedulerImpl: Removed TaskSet 3.0, whose tasks have all completed, from pool
[2022-04-05 23:17:58,137] {spark_submit.py:488} INFO - 22/04/05 23:17:58 INFO DAGScheduler: ResultStage 3 (save at NativeMethodAccessorImpl.java:0) finished in 9.935 s
[2022-04-05 23:17:58,138] {spark_submit.py:488} INFO - 22/04/05 23:17:58 INFO DAGScheduler: Job 2 is finished. Cancelling potential speculative or zombie tasks for this job
[2022-04-05 23:17:58,138] {spark_submit.py:488} INFO - 22/04/05 23:17:58 INFO TaskSchedulerImpl: Killing all running tasks in stage 3: Stage finished
[2022-04-05 23:17:58,140] {spark_submit.py:488} INFO - 22/04/05 23:17:58 INFO DAGScheduler: Job 2 finished: save at NativeMethodAccessorImpl.java:0, took 10.003684 s
[2022-04-05 23:17:58,147] {spark_submit.py:488} INFO - 22/04/05 23:17:58 INFO FileFormatWriter: Start to commit write Job 1fcfc1da-51bd-4b3d-a435-1f15ffcb61ce.
[2022-04-05 23:17:58,678] {spark_submit.py:488} INFO - 22/04/05 23:17:58 INFO GoogleCloudStorageFileSystem: Successfully repaired 'gs://dtc_data_lake_de-stack-overflow/BigQuery/posts_questions-2010-09/_temporary/0/task_202204052317471536534382464023009_0003_m_000002/' directory.
[2022-04-05 23:17:59,121] {spark_submit.py:488} INFO - 22/04/05 23:17:59 INFO GoogleCloudStorageFileSystem: Successfully repaired 'gs://dtc_data_lake_de-stack-overflow/BigQuery/posts_questions-2010-09/_temporary/0/task_202204052317471957496326243319412_0003_m_000000/' directory.
[2022-04-05 23:17:59,526] {spark_submit.py:488} INFO - 22/04/05 23:17:59 INFO GoogleCloudStorageFileSystem: Successfully repaired 'gs://dtc_data_lake_de-stack-overflow/BigQuery/posts_questions-2010-09/_temporary/0/task_202204052317472165575905064843958_0003_m_000001/' directory.
[2022-04-05 23:17:59,917] {spark_submit.py:488} INFO - 22/04/05 23:17:59 INFO GoogleCloudStorageFileSystem: Successfully repaired 'gs://dtc_data_lake_de-stack-overflow/BigQuery/posts_questions-2010-09/_temporary/0/task_202204052317479077485385422073651_0003_m_000003/' directory.
[2022-04-05 23:18:00,370] {spark_submit.py:488} INFO - 22/04/05 23:18:00 INFO GoogleCloudStorageFileSystem: Successfully repaired 'gs://dtc_data_lake_de-stack-overflow/BigQuery/posts_questions-2010-09/' directory.
[2022-04-05 23:18:00,859] {spark_submit.py:488} INFO - 22/04/05 23:18:00 INFO FileFormatWriter: Write Job 1fcfc1da-51bd-4b3d-a435-1f15ffcb61ce committed. Elapsed time: 2713 ms.
[2022-04-05 23:18:01,094] {spark_submit.py:488} INFO - 22/04/05 23:18:01 INFO FileFormatWriter: Finished processing stats for write job 1fcfc1da-51bd-4b3d-a435-1f15ffcb61ce.
[2022-04-05 23:18:01,190] {spark_submit.py:488} INFO - 22/04/05 23:18:01 INFO BlockManagerInfo: Removed broadcast_3_piece0 on 9fe4286b2855:34877 in memory (size: 72.9 KiB, free: 434.4 MiB)
[2022-04-05 23:18:02,147] {spark_submit.py:488} INFO - 22/04/05 23:18:02 INFO SparkContext: Invoking stop() from shutdown hook
[2022-04-05 23:18:02,238] {spark_submit.py:488} INFO - 22/04/05 23:18:02 INFO SparkUI: Stopped Spark web UI at http://9fe4286b2855:4041
[2022-04-05 23:18:02,354] {spark_submit.py:488} INFO - 22/04/05 23:18:02 INFO MapOutputTrackerMasterEndpoint: MapOutputTrackerMasterEndpoint stopped!
[2022-04-05 23:18:02,699] {spark_submit.py:488} INFO - 22/04/05 23:18:02 INFO MemoryStore: MemoryStore cleared
[2022-04-05 23:18:02,699] {spark_submit.py:488} INFO - 22/04/05 23:18:02 INFO BlockManager: BlockManager stopped
[2022-04-05 23:18:02,705] {spark_submit.py:488} INFO - 22/04/05 23:18:02 INFO BlockManagerMaster: BlockManagerMaster stopped
[2022-04-05 23:18:02,710] {spark_submit.py:488} INFO - 22/04/05 23:18:02 INFO OutputCommitCoordinator$OutputCommitCoordinatorEndpoint: OutputCommitCoordinator stopped!
[2022-04-05 23:18:02,869] {spark_submit.py:488} INFO - 22/04/05 23:18:02 INFO SparkContext: Successfully stopped SparkContext
[2022-04-05 23:18:02,869] {spark_submit.py:488} INFO - 22/04/05 23:18:02 INFO ShutdownHookManager: Shutdown hook called
[2022-04-05 23:18:02,870] {spark_submit.py:488} INFO - 22/04/05 23:18:02 INFO ShutdownHookManager: Deleting directory /tmp/spark-876a51b9-6115-4bc2-923a-9c7f5ff943c5
[2022-04-05 23:18:02,941] {spark_submit.py:488} INFO - 22/04/05 23:18:02 INFO ShutdownHookManager: Deleting directory /tmp/spark-876a51b9-6115-4bc2-923a-9c7f5ff943c5/pyspark-60fd52cc-63a9-4926-82a6-84a9181a836e
[2022-04-05 23:18:02,990] {spark_submit.py:488} INFO - 22/04/05 23:18:02 INFO ShutdownHookManager: Deleting directory /tmp/spark-9606f96c-5b0d-4204-b6e4-6a530fce2a40
[2022-04-05 23:18:04,179] {taskinstance.py:1288} INFO - Marking task as SUCCESS. dag_id=IngestToGCP, task_id=processing_tasks_posts_questions.spark_job, execution_date=20100901T000000, start_date=20220405T231430, end_date=20220405T231804
[2022-04-05 23:18:04,466] {local_task_job.py:154} INFO - Task exited with return code 0
[2022-04-05 23:18:04,927] {local_task_job.py:264} INFO - 1 downstream tasks scheduled from follow-on schedule check
