[2022-04-05 21:59:39,470] {taskinstance.py:1037} INFO - Dependencies all met for <TaskInstance: IngestToGCP.processing_tasks_badges.format_to_parquet_badges scheduled__2008-09-01T00:00:00+00:00 [queued]>
[2022-04-05 21:59:39,624] {taskinstance.py:1037} INFO - Dependencies all met for <TaskInstance: IngestToGCP.processing_tasks_badges.format_to_parquet_badges scheduled__2008-09-01T00:00:00+00:00 [queued]>
[2022-04-05 21:59:39,625] {taskinstance.py:1243} INFO - 
--------------------------------------------------------------------------------
[2022-04-05 21:59:39,625] {taskinstance.py:1244} INFO - Starting attempt 1 of 1
[2022-04-05 21:59:39,625] {taskinstance.py:1245} INFO - 
--------------------------------------------------------------------------------
[2022-04-05 21:59:39,732] {taskinstance.py:1264} INFO - Executing <Task(PythonOperator): processing_tasks_badges.format_to_parquet_badges> on 2008-09-01 00:00:00+00:00
[2022-04-05 21:59:39,786] {standard_task_runner.py:52} INFO - Started process 348 to run task
[2022-04-05 21:59:39,880] {standard_task_runner.py:76} INFO - Running: ['***', 'tasks', 'run', 'IngestToGCP', 'processing_tasks_badges.format_to_parquet_badges', 'scheduled__2008-09-01T00:00:00+00:00', '--job-id', '8103', '--raw', '--subdir', 'DAGS_FOLDER/ingest_dag.py', '--cfg-path', '/tmp/tmp4uyqxz5n', '--error-file', '/tmp/tmpo2t6yfya']
[2022-04-05 21:59:39,882] {standard_task_runner.py:77} INFO - Job 8103: Subtask processing_tasks_badges.format_to_parquet_badges
[2022-04-05 21:59:40,301] {logging_mixin.py:109} INFO - Running <TaskInstance: IngestToGCP.processing_tasks_badges.format_to_parquet_badges scheduled__2008-09-01T00:00:00+00:00 [running]> on host 3088d78c1613
[2022-04-05 21:59:40,573] {logging_mixin.py:109} WARNING - /home/***/.local/lib/python3.7/site-packages/***/utils/context.py:156 AirflowContextDeprecationWarning: Accessing 'execution_date' from the template is deprecated and will be removed in a future version. Please use 'data_interval_start' or 'logical_date' instead.
[2022-04-05 21:59:40,744] {taskinstance.py:1431} INFO - Exporting the following env vars:
AIRFLOW_CTX_DAG_OWNER=***
AIRFLOW_CTX_DAG_ID=IngestToGCP
AIRFLOW_CTX_TASK_ID=processing_tasks_badges.format_to_parquet_badges
AIRFLOW_CTX_EXECUTION_DATE=2008-09-01T00:00:00+00:00
AIRFLOW_CTX_DAG_RUN_ID=scheduled__2008-09-01T00:00:00+00:00
[2022-04-05 21:59:42,104] {python.py:175} INFO - Done. Returned value was: None
[2022-04-05 21:59:42,344] {taskinstance.py:1282} INFO - Marking task as SUCCESS. dag_id=IngestToGCP, task_id=processing_tasks_badges.format_to_parquet_badges, execution_date=20080901T000000, start_date=20220405T215939, end_date=20220405T215942
[2022-04-05 21:59:42,750] {local_task_job.py:154} INFO - Task exited with return code 0
[2022-04-05 21:59:43,080] {local_task_job.py:264} INFO - 1 downstream tasks scheduled from follow-on schedule check
