[2022-03-30 19:58:23,673] {taskinstance.py:1037} INFO - Dependencies all met for <TaskInstance: IngestToGCP.processing_tasks_users.download_files_users scheduled__2009-03-01T00:00:00+00:00 [queued]>
[2022-03-30 19:58:23,708] {taskinstance.py:1037} INFO - Dependencies all met for <TaskInstance: IngestToGCP.processing_tasks_users.download_files_users scheduled__2009-03-01T00:00:00+00:00 [queued]>
[2022-03-30 19:58:23,709] {taskinstance.py:1243} INFO - 
--------------------------------------------------------------------------------
[2022-03-30 19:58:23,709] {taskinstance.py:1244} INFO - Starting attempt 1 of 1
[2022-03-30 19:58:23,710] {taskinstance.py:1245} INFO - 
--------------------------------------------------------------------------------
[2022-03-30 19:58:23,750] {taskinstance.py:1264} INFO - Executing <Task(BashOperator): processing_tasks_users.download_files_users> on 2009-03-01 00:00:00+00:00
[2022-03-30 19:58:23,798] {standard_task_runner.py:76} INFO - Running: ['***', 'tasks', 'run', 'IngestToGCP', 'processing_tasks_users.download_files_users', 'scheduled__2009-03-01T00:00:00+00:00', '--job-id', '38', '--raw', '--subdir', 'DAGS_FOLDER/ingest_dag.py', '--cfg-path', '/tmp/tmpadd321hh', '--error-file', '/tmp/tmpz67lia28']
[2022-03-30 19:58:23,801] {standard_task_runner.py:77} INFO - Job 38: Subtask processing_tasks_users.download_files_users
[2022-03-30 19:58:23,769] {standard_task_runner.py:52} INFO - Started process 1169 to run task
[2022-03-30 19:58:24,020] {logging_mixin.py:109} INFO - Running <TaskInstance: IngestToGCP.processing_tasks_users.download_files_users scheduled__2009-03-01T00:00:00+00:00 [running]> on host d9825fd5ae59
[2022-03-30 19:58:24,320] {logging_mixin.py:109} WARNING - /home/***/.local/lib/python3.7/site-packages/***/utils/context.py:156 AirflowContextDeprecationWarning: Accessing 'execution_date' from the template is deprecated and will be removed in a future version. Please use 'data_interval_start' or 'logical_date' instead.
[2022-03-30 19:58:24,406] {taskinstance.py:1431} INFO - Exporting the following env vars:
AIRFLOW_CTX_DAG_OWNER=***
AIRFLOW_CTX_DAG_ID=IngestToGCP
AIRFLOW_CTX_TASK_ID=processing_tasks_users.download_files_users
AIRFLOW_CTX_EXECUTION_DATE=2009-03-01T00:00:00+00:00
AIRFLOW_CTX_DAG_RUN_ID=scheduled__2009-03-01T00:00:00+00:00
[2022-03-30 19:58:24,408] {subprocess.py:62} INFO - Tmp dir root location: 
 /tmp
[2022-03-30 19:58:24,415] {subprocess.py:74} INFO - Running command: ['bash', '-c', 'curl -sSfl https://storage.googleapis.com/dtc_data_lake_de-stack-overflow/processed/users-2009-03.csv > /opt/***/users-2009-03.csv']
[2022-03-30 19:58:24,499] {subprocess.py:85} INFO - Output:
[2022-03-30 19:58:25,507] {subprocess.py:93} INFO - Command exited with return code 0
[2022-03-30 19:58:25,598] {taskinstance.py:1282} INFO - Marking task as SUCCESS. dag_id=IngestToGCP, task_id=processing_tasks_users.download_files_users, execution_date=20090301T000000, start_date=20220330T195823, end_date=20220330T195825
[2022-03-30 19:58:25,691] {local_task_job.py:154} INFO - Task exited with return code 0
[2022-03-30 19:58:25,970] {local_task_job.py:264} INFO - 1 downstream tasks scheduled from follow-on schedule check
[2022-04-05 22:40:17,888] {taskinstance.py:1043} INFO - Dependencies all met for <TaskInstance: IngestToGCP.processing_tasks_users.download_files_users scheduled__2009-03-01T00:00:00+00:00 [queued]>
[2022-04-05 22:40:17,965] {taskinstance.py:1043} INFO - Dependencies all met for <TaskInstance: IngestToGCP.processing_tasks_users.download_files_users scheduled__2009-03-01T00:00:00+00:00 [queued]>
[2022-04-05 22:40:17,965] {taskinstance.py:1249} INFO - 
--------------------------------------------------------------------------------
[2022-04-05 22:40:17,965] {taskinstance.py:1250} INFO - Starting attempt 1 of 1
[2022-04-05 22:40:17,965] {taskinstance.py:1251} INFO - 
--------------------------------------------------------------------------------
[2022-04-05 22:40:18,076] {taskinstance.py:1270} INFO - Executing <Task(BashOperator): processing_tasks_users.download_files_users> on 2009-03-01 00:00:00+00:00
[2022-04-05 22:40:18,211] {standard_task_runner.py:79} INFO - Running: ['***', 'tasks', 'run', 'IngestToGCP', 'processing_tasks_users.download_files_users', 'scheduled__2009-03-01T00:00:00+00:00', '--job-id', '8526', '--raw', '--subdir', 'DAGS_FOLDER/ingest_dag.py', '--cfg-path', '/tmp/tmppkjukouh', '--error-file', '/tmp/tmp9s6nff0u']
[2022-04-05 22:40:18,221] {standard_task_runner.py:80} INFO - Job 8526: Subtask processing_tasks_users.download_files_users
[2022-04-05 22:40:18,195] {standard_task_runner.py:52} INFO - Started process 10693 to run task
[2022-04-05 22:40:18,658] {logging_mixin.py:109} INFO - Running <TaskInstance: IngestToGCP.processing_tasks_users.download_files_users scheduled__2009-03-01T00:00:00+00:00 [running]> on host 9fe4286b2855
[2022-04-05 22:40:19,452] {logging_mixin.py:109} WARNING - /home/***/.local/lib/python3.7/site-packages/***/utils/context.py:156 AirflowContextDeprecationWarning: Accessing 'execution_date' from the template is deprecated and will be removed in a future version. Please use 'data_interval_start' or 'logical_date' instead.
[2022-04-05 22:40:19,648] {taskinstance.py:1448} INFO - Exporting the following env vars:
AIRFLOW_CTX_DAG_OWNER=***
AIRFLOW_CTX_DAG_ID=IngestToGCP
AIRFLOW_CTX_TASK_ID=processing_tasks_users.download_files_users
AIRFLOW_CTX_EXECUTION_DATE=2009-03-01T00:00:00+00:00
AIRFLOW_CTX_DAG_RUN_ID=scheduled__2009-03-01T00:00:00+00:00
[2022-04-05 22:40:19,650] {subprocess.py:62} INFO - Tmp dir root location: 
 /tmp
[2022-04-05 22:40:19,671] {subprocess.py:74} INFO - Running command: ['bash', '-c', 'curl -A "Mozilla Chrome Safari" -sSfl --connect-timeout 5                     --retry 5                     https://storage.googleapis.com/dtc_data_lake_de-stack-overflow/processed/users-2009-03.csv > /opt/***/users-2009-03.csv']
[2022-04-05 22:40:19,848] {subprocess.py:85} INFO - Output:
[2022-04-05 22:40:20,136] {subprocess.py:93} INFO - Command exited with return code 0
[2022-04-05 22:40:21,010] {taskinstance.py:1288} INFO - Marking task as SUCCESS. dag_id=IngestToGCP, task_id=processing_tasks_users.download_files_users, execution_date=20090301T000000, start_date=20220405T224017, end_date=20220405T224021
[2022-04-05 22:40:21,188] {local_task_job.py:154} INFO - Task exited with return code 0
[2022-04-05 22:40:21,532] {local_task_job.py:264} INFO - 1 downstream tasks scheduled from follow-on schedule check
