[2022-04-05 22:56:49,118] {taskinstance.py:1043} INFO - Dependencies all met for <TaskInstance: IngestToGCP.processing_tasks_badges.remove_badges_parquet scheduled__2009-09-01T00:00:00+00:00 [queued]>
[2022-04-05 22:56:49,380] {taskinstance.py:1043} INFO - Dependencies all met for <TaskInstance: IngestToGCP.processing_tasks_badges.remove_badges_parquet scheduled__2009-09-01T00:00:00+00:00 [queued]>
[2022-04-05 22:56:49,380] {taskinstance.py:1249} INFO - 
--------------------------------------------------------------------------------
[2022-04-05 22:56:49,381] {taskinstance.py:1250} INFO - Starting attempt 1 of 1
[2022-04-05 22:56:49,381] {taskinstance.py:1251} INFO - 
--------------------------------------------------------------------------------
[2022-04-05 22:56:49,564] {taskinstance.py:1270} INFO - Executing <Task(BashOperator): processing_tasks_badges.remove_badges_parquet> on 2009-09-01 00:00:00+00:00
[2022-04-05 22:56:49,671] {standard_task_runner.py:52} INFO - Started process 24034 to run task
[2022-04-05 22:56:49,727] {standard_task_runner.py:79} INFO - Running: ['***', 'tasks', 'run', 'IngestToGCP', 'processing_tasks_badges.remove_badges_parquet', 'scheduled__2009-09-01T00:00:00+00:00', '--job-id', '8759', '--raw', '--subdir', 'DAGS_FOLDER/ingest_dag.py', '--cfg-path', '/tmp/tmpd3el_ra0', '--error-file', '/tmp/tmp7eoqyvqt']
[2022-04-05 22:56:49,737] {standard_task_runner.py:80} INFO - Job 8759: Subtask processing_tasks_badges.remove_badges_parquet
[2022-04-05 22:56:50,440] {logging_mixin.py:109} INFO - Running <TaskInstance: IngestToGCP.processing_tasks_badges.remove_badges_parquet scheduled__2009-09-01T00:00:00+00:00 [running]> on host 9fe4286b2855
[2022-04-05 22:56:51,136] {logging_mixin.py:109} WARNING - /home/***/.local/lib/python3.7/site-packages/***/utils/context.py:156 AirflowContextDeprecationWarning: Accessing 'execution_date' from the template is deprecated and will be removed in a future version. Please use 'data_interval_start' or 'logical_date' instead.
[2022-04-05 22:56:51,567] {taskinstance.py:1448} INFO - Exporting the following env vars:
AIRFLOW_CTX_DAG_OWNER=***
AIRFLOW_CTX_DAG_ID=IngestToGCP
AIRFLOW_CTX_TASK_ID=processing_tasks_badges.remove_badges_parquet
AIRFLOW_CTX_EXECUTION_DATE=2009-09-01T00:00:00+00:00
AIRFLOW_CTX_DAG_RUN_ID=scheduled__2009-09-01T00:00:00+00:00
[2022-04-05 22:56:51,569] {subprocess.py:62} INFO - Tmp dir root location: 
 /tmp
[2022-04-05 22:56:51,570] {subprocess.py:74} INFO - Running command: ['bash', '-c', 'rm /opt/***/badges-2009-09.parquet']
[2022-04-05 22:56:51,880] {subprocess.py:85} INFO - Output:
[2022-04-05 22:56:51,951] {subprocess.py:93} INFO - Command exited with return code 0
[2022-04-05 22:56:55,399] {taskinstance.py:1288} INFO - Marking task as SUCCESS. dag_id=IngestToGCP, task_id=processing_tasks_badges.remove_badges_parquet, execution_date=20090901T000000, start_date=20220405T225649, end_date=20220405T225655
[2022-04-05 22:56:55,728] {local_task_job.py:154} INFO - Task exited with return code 0
[2022-04-05 22:56:55,815] {local_task_job.py:264} INFO - 0 downstream tasks scheduled from follow-on schedule check
