[2022-04-06 00:37:37,836] {taskinstance.py:1043} INFO - Dependencies all met for <TaskInstance: IngestToGCP.processing_tasks_badges.spark_job scheduled__2014-01-01T00:00:00+00:00 [queued]>
[2022-04-06 00:37:38,059] {taskinstance.py:1043} INFO - Dependencies all met for <TaskInstance: IngestToGCP.processing_tasks_badges.spark_job scheduled__2014-01-01T00:00:00+00:00 [queued]>
[2022-04-06 00:37:38,059] {taskinstance.py:1249} INFO - 
--------------------------------------------------------------------------------
[2022-04-06 00:37:38,059] {taskinstance.py:1250} INFO - Starting attempt 1 of 1
[2022-04-06 00:37:38,060] {taskinstance.py:1251} INFO - 
--------------------------------------------------------------------------------
[2022-04-06 00:37:38,816] {taskinstance.py:1270} INFO - Executing <Task(SparkSubmitOperator): processing_tasks_badges.spark_job> on 2014-01-01 00:00:00+00:00
[2022-04-06 00:37:38,830] {standard_task_runner.py:52} INFO - Started process 98704 to run task
[2022-04-06 00:37:38,962] {standard_task_runner.py:79} INFO - Running: ['***', 'tasks', 'run', 'IngestToGCP', 'processing_tasks_badges.spark_job', 'scheduled__2014-01-01T00:00:00+00:00', '--job-id', '9940', '--raw', '--subdir', 'DAGS_FOLDER/ingest_dag.py', '--cfg-path', '/tmp/tmp8lavqsaj', '--error-file', '/tmp/tmp8q9tfz75']
[2022-04-06 00:37:38,976] {standard_task_runner.py:80} INFO - Job 9940: Subtask processing_tasks_badges.spark_job
[2022-04-06 00:37:39,830] {logging_mixin.py:109} INFO - Running <TaskInstance: IngestToGCP.processing_tasks_badges.spark_job scheduled__2014-01-01T00:00:00+00:00 [running]> on host 9fe4286b2855
[2022-04-06 00:37:40,789] {logging_mixin.py:109} WARNING - /home/***/.local/lib/python3.7/site-packages/***/utils/context.py:156 AirflowContextDeprecationWarning: Accessing 'execution_date' from the template is deprecated and will be removed in a future version. Please use 'data_interval_start' or 'logical_date' instead.
[2022-04-06 00:37:40,933] {taskinstance.py:1448} INFO - Exporting the following env vars:
AIRFLOW_CTX_DAG_OWNER=***
AIRFLOW_CTX_DAG_ID=IngestToGCP
AIRFLOW_CTX_TASK_ID=processing_tasks_badges.spark_job
AIRFLOW_CTX_EXECUTION_DATE=2014-01-01T00:00:00+00:00
AIRFLOW_CTX_DAG_RUN_ID=scheduled__2014-01-01T00:00:00+00:00
[2022-04-06 00:37:41,087] {base.py:79} INFO - Using connection to: id: spark_project. Host: spark://spark, Port: 7077, Schema: , Login: , Password: None, extra: {'queue': 'root.default'}
[2022-04-06 00:37:41,097] {spark_submit.py:335} INFO - Spark-Submit cmd: spark-submit --master spark://spark:7077 --conf spark.master=local[*] --name format_schema --verbose --queue root.default ./dags/pyspark_parquet_transformation.py badges 2014-01
[2022-04-06 00:38:08,143] {spark_submit.py:488} INFO - Using properties file: null
[2022-04-06 00:38:10,218] {spark_submit.py:488} INFO - WARNING: An illegal reflective access operation has occurred
[2022-04-06 00:38:10,218] {spark_submit.py:488} INFO - WARNING: Illegal reflective access by org.apache.spark.unsafe.Platform (file:/opt/***/spark/spark-3.2.1-bin-hadoop3.2/jars/spark-unsafe_2.12-3.2.1.jar) to constructor java.nio.DirectByteBuffer(long,int)
[2022-04-06 00:38:10,218] {spark_submit.py:488} INFO - WARNING: Please consider reporting this to the maintainers of org.apache.spark.unsafe.Platform
[2022-04-06 00:38:10,218] {spark_submit.py:488} INFO - WARNING: Use --illegal-access=warn to enable warnings of further illegal reflective access operations
[2022-04-06 00:38:10,218] {spark_submit.py:488} INFO - WARNING: All illegal access operations will be denied in a future release
[2022-04-06 00:38:11,328] {spark_submit.py:488} INFO - Parsed arguments:
[2022-04-06 00:38:11,328] {spark_submit.py:488} INFO - master                  spark://spark:7077
[2022-04-06 00:38:11,328] {spark_submit.py:488} INFO - deployMode              null
[2022-04-06 00:38:11,329] {spark_submit.py:488} INFO - executorMemory          null
[2022-04-06 00:38:11,329] {spark_submit.py:488} INFO - executorCores           null
[2022-04-06 00:38:11,329] {spark_submit.py:488} INFO - totalExecutorCores      null
[2022-04-06 00:38:11,329] {spark_submit.py:488} INFO - propertiesFile          null
[2022-04-06 00:38:11,329] {spark_submit.py:488} INFO - driverMemory            null
[2022-04-06 00:38:11,329] {spark_submit.py:488} INFO - driverCores             null
[2022-04-06 00:38:11,329] {spark_submit.py:488} INFO - driverExtraClassPath    null
[2022-04-06 00:38:11,329] {spark_submit.py:488} INFO - driverExtraLibraryPath  null
[2022-04-06 00:38:11,329] {spark_submit.py:488} INFO - driverExtraJavaOptions  null
[2022-04-06 00:38:11,329] {spark_submit.py:488} INFO - supervise               false
[2022-04-06 00:38:11,329] {spark_submit.py:488} INFO - queue                   root.default
[2022-04-06 00:38:11,329] {spark_submit.py:488} INFO - numExecutors            null
[2022-04-06 00:38:11,329] {spark_submit.py:488} INFO - files                   null
[2022-04-06 00:38:11,330] {spark_submit.py:488} INFO - pyFiles                 null
[2022-04-06 00:38:11,330] {spark_submit.py:488} INFO - archives                null
[2022-04-06 00:38:11,330] {spark_submit.py:488} INFO - mainClass               null
[2022-04-06 00:38:11,330] {spark_submit.py:488} INFO - primaryResource         file:/opt/***/dags/pyspark_parquet_transformation.py
[2022-04-06 00:38:11,330] {spark_submit.py:488} INFO - name                    format_schema
[2022-04-06 00:38:11,330] {spark_submit.py:488} INFO - childArgs               [badges 2014-01]
[2022-04-06 00:38:11,330] {spark_submit.py:488} INFO - jars                    null
[2022-04-06 00:38:11,330] {spark_submit.py:488} INFO - packages                null
[2022-04-06 00:38:11,330] {spark_submit.py:488} INFO - packagesExclusions      null
[2022-04-06 00:38:11,330] {spark_submit.py:488} INFO - repositories            null
[2022-04-06 00:38:11,330] {spark_submit.py:488} INFO - verbose                 true
[2022-04-06 00:38:11,330] {spark_submit.py:488} INFO - 
[2022-04-06 00:38:11,330] {spark_submit.py:488} INFO - Spark properties used, including those specified through
[2022-04-06 00:38:11,331] {spark_submit.py:488} INFO - --conf and those from the properties file null:
[2022-04-06 00:38:11,331] {spark_submit.py:488} INFO - (spark.master,local[*])
[2022-04-06 00:38:11,331] {spark_submit.py:488} INFO - 
[2022-04-06 00:38:11,336] {spark_submit.py:488} INFO - 
[2022-04-06 00:38:15,113] {spark_submit.py:488} INFO - Main class:
[2022-04-06 00:38:15,114] {spark_submit.py:488} INFO - org.apache.spark.deploy.PythonRunner
[2022-04-06 00:38:15,114] {spark_submit.py:488} INFO - Arguments:
[2022-04-06 00:38:15,114] {spark_submit.py:488} INFO - file:/opt/***/dags/pyspark_parquet_transformation.py
[2022-04-06 00:38:15,114] {spark_submit.py:488} INFO - null
[2022-04-06 00:38:15,114] {spark_submit.py:488} INFO - badges
[2022-04-06 00:38:15,114] {spark_submit.py:488} INFO - 2014-01
[2022-04-06 00:38:15,127] {spark_submit.py:488} INFO - Spark config:
[2022-04-06 00:38:15,127] {spark_submit.py:488} INFO - (spark.master,spark://spark:7077)
[2022-04-06 00:38:15,127] {spark_submit.py:488} INFO - (spark.submit.pyFiles,)
[2022-04-06 00:38:15,127] {spark_submit.py:488} INFO - (spark.submit.deployMode,client)
[2022-04-06 00:38:15,127] {spark_submit.py:488} INFO - (spark.app.name,format_schema)
[2022-04-06 00:38:15,128] {spark_submit.py:488} INFO - Classpath elements:
[2022-04-06 00:38:15,132] {spark_submit.py:488} INFO - 
[2022-04-06 00:38:15,133] {spark_submit.py:488} INFO - 
[2022-04-06 00:38:15,133] {spark_submit.py:488} INFO - 
[2022-04-06 00:38:22,910] {spark_submit.py:488} INFO - Using Spark's default log4j profile: org/apache/spark/log4j-defaults.properties
[2022-04-06 00:38:22,999] {spark_submit.py:488} INFO - 22/04/06 00:38:22 INFO SparkContext: Running Spark version 3.2.1
[2022-04-06 00:38:23,744] {spark_submit.py:488} INFO - 22/04/06 00:38:23 WARN NativeCodeLoader: Unable to load native-hadoop library for your platform... using builtin-java classes where applicable
[2022-04-06 00:38:25,069] {spark_submit.py:488} INFO - 22/04/06 00:38:25 INFO ResourceUtils: ==============================================================
[2022-04-06 00:38:25,071] {spark_submit.py:488} INFO - 22/04/06 00:38:25 INFO ResourceUtils: No custom resources configured for spark.driver.
[2022-04-06 00:38:25,072] {spark_submit.py:488} INFO - 22/04/06 00:38:25 INFO ResourceUtils: ==============================================================
[2022-04-06 00:38:25,084] {spark_submit.py:488} INFO - 22/04/06 00:38:25 INFO SparkContext: Submitted application: Modidy Schema
[2022-04-06 00:38:25,376] {spark_submit.py:488} INFO - 22/04/06 00:38:25 INFO ResourceProfile: Default ResourceProfile created, executor resources: Map(cores -> name: cores, amount: 1, script: , vendor: , memory -> name: memory, amount: 1024, script: , vendor: , offHeap -> name: offHeap, amount: 0, script: , vendor: ), task resources: Map(cpus -> name: cpus, amount: 1.0)
[2022-04-06 00:38:25,513] {spark_submit.py:488} INFO - 22/04/06 00:38:25 INFO ResourceProfile: Limiting resource is cpu
[2022-04-06 00:38:25,514] {spark_submit.py:488} INFO - 22/04/06 00:38:25 INFO ResourceProfileManager: Added ResourceProfile id: 0
[2022-04-06 00:38:26,028] {spark_submit.py:488} INFO - 22/04/06 00:38:26 INFO SecurityManager: Changing view acls to: default
[2022-04-06 00:38:26,031] {spark_submit.py:488} INFO - 22/04/06 00:38:26 INFO SecurityManager: Changing modify acls to: default
[2022-04-06 00:38:26,036] {spark_submit.py:488} INFO - 22/04/06 00:38:26 INFO SecurityManager: Changing view acls groups to:
[2022-04-06 00:38:26,036] {spark_submit.py:488} INFO - 22/04/06 00:38:26 INFO SecurityManager: Changing modify acls groups to:
[2022-04-06 00:38:26,038] {spark_submit.py:488} INFO - 22/04/06 00:38:26 INFO SecurityManager: SecurityManager: authentication disabled; ui acls disabled; users  with view permissions: Set(default); groups with view permissions: Set(); users  with modify permissions: Set(default); groups with modify permissions: Set()
[2022-04-06 00:38:29,576] {spark_submit.py:488} INFO - 22/04/06 00:38:29 INFO Utils: Successfully started service 'sparkDriver' on port 44257.
[2022-04-06 00:38:29,848] {spark_submit.py:488} INFO - 22/04/06 00:38:29 INFO SparkEnv: Registering MapOutputTracker
[2022-04-06 00:38:30,207] {spark_submit.py:488} INFO - 22/04/06 00:38:30 INFO SparkEnv: Registering BlockManagerMaster
[2022-04-06 00:38:30,278] {spark_submit.py:488} INFO - 22/04/06 00:38:30 INFO BlockManagerMasterEndpoint: Using org.apache.spark.storage.DefaultTopologyMapper for getting topology information
[2022-04-06 00:38:30,297] {spark_submit.py:488} INFO - 22/04/06 00:38:30 INFO BlockManagerMasterEndpoint: BlockManagerMasterEndpoint up
[2022-04-06 00:38:30,347] {spark_submit.py:488} INFO - 22/04/06 00:38:30 INFO SparkEnv: Registering BlockManagerMasterHeartbeat
[2022-04-06 00:38:30,441] {spark_submit.py:488} INFO - 22/04/06 00:38:30 INFO DiskBlockManager: Created local directory at /tmp/blockmgr-c8f9e26f-425a-4fde-932c-b592a206eeb5
[2022-04-06 00:38:30,655] {spark_submit.py:488} INFO - 22/04/06 00:38:30 INFO MemoryStore: MemoryStore started with capacity 434.4 MiB
[2022-04-06 00:38:30,873] {spark_submit.py:488} INFO - 22/04/06 00:38:30 INFO SparkEnv: Registering OutputCommitCoordinator
[2022-04-06 00:38:34,239] {spark_submit.py:488} INFO - 22/04/06 00:38:34 INFO Utils: Successfully started service 'SparkUI' on port 4040.
[2022-04-06 00:38:35,505] {spark_submit.py:488} INFO - 22/04/06 00:38:35 INFO SparkUI: Bound SparkUI to 0.0.0.0, and started at http://9fe4286b2855:4040
[2022-04-06 00:38:37,877] {spark_submit.py:488} INFO - 22/04/06 00:38:37 INFO Executor: Starting executor ID driver on host 9fe4286b2855
[2022-04-06 00:38:38,283] {spark_submit.py:488} INFO - 22/04/06 00:38:38 INFO Utils: Successfully started service 'org.apache.spark.network.netty.NettyBlockTransferService' on port 43113.
[2022-04-06 00:38:38,284] {spark_submit.py:488} INFO - 22/04/06 00:38:38 INFO NettyBlockTransferService: Server created on 9fe4286b2855:43113
[2022-04-06 00:38:38,313] {spark_submit.py:488} INFO - 22/04/06 00:38:38 INFO BlockManager: Using org.apache.spark.storage.RandomBlockReplicationPolicy for block replication policy
[2022-04-06 00:38:38,338] {spark_submit.py:488} INFO - 22/04/06 00:38:38 INFO BlockManagerMaster: Registering BlockManager BlockManagerId(driver, 9fe4286b2855, 43113, None)
[2022-04-06 00:38:38,371] {spark_submit.py:488} INFO - 22/04/06 00:38:38 INFO BlockManagerMasterEndpoint: Registering block manager 9fe4286b2855:43113 with 434.4 MiB RAM, BlockManagerId(driver, 9fe4286b2855, 43113, None)
[2022-04-06 00:38:38,385] {spark_submit.py:488} INFO - 22/04/06 00:38:38 INFO BlockManagerMaster: Registered BlockManager BlockManagerId(driver, 9fe4286b2855, 43113, None)
[2022-04-06 00:38:38,393] {spark_submit.py:488} INFO - 22/04/06 00:38:38 INFO BlockManager: Initialized BlockManager: BlockManagerId(driver, 9fe4286b2855, 43113, None)
[2022-04-06 00:38:49,458] {spark_submit.py:488} INFO - 22/04/06 00:38:49 INFO SharedState: Setting hive.metastore.warehouse.dir ('null') to the value of spark.sql.warehouse.dir.
[2022-04-06 00:38:50,065] {spark_submit.py:488} INFO - 22/04/06 00:38:50 INFO SharedState: Warehouse path is 'file:/opt/***/spark-warehouse'.
[2022-04-06 00:39:13,145] {spark_submit.py:488} INFO - 22/04/06 00:39:13 INFO InMemoryFileIndex: It took 862 ms to list leaf files for 1 paths.
[2022-04-06 00:39:22,224] {spark_submit.py:488} INFO - 22/04/06 00:39:22 INFO SparkContext: Starting job: parquet at NativeMethodAccessorImpl.java:0
[2022-04-06 00:39:22,510] {spark_submit.py:488} INFO - 22/04/06 00:39:22 INFO DAGScheduler: Got job 0 (parquet at NativeMethodAccessorImpl.java:0) with 1 output partitions
[2022-04-06 00:39:22,511] {spark_submit.py:488} INFO - 22/04/06 00:39:22 INFO DAGScheduler: Final stage: ResultStage 0 (parquet at NativeMethodAccessorImpl.java:0)
[2022-04-06 00:39:22,541] {spark_submit.py:488} INFO - 22/04/06 00:39:22 INFO DAGScheduler: Parents of final stage: List()
[2022-04-06 00:39:22,544] {spark_submit.py:488} INFO - 22/04/06 00:39:22 INFO DAGScheduler: Missing parents: List()
[2022-04-06 00:39:22,632] {spark_submit.py:488} INFO - 22/04/06 00:39:22 INFO DAGScheduler: Submitting ResultStage 0 (MapPartitionsRDD[1] at parquet at NativeMethodAccessorImpl.java:0), which has no missing parents
[2022-04-06 00:39:23,953] {spark_submit.py:488} INFO - 22/04/06 00:39:23 INFO MemoryStore: Block broadcast_0 stored as values in memory (estimated size 100.1 KiB, free 434.3 MiB)
[2022-04-06 00:39:24,528] {spark_submit.py:488} INFO - 22/04/06 00:39:24 INFO MemoryStore: Block broadcast_0_piece0 stored as bytes in memory (estimated size 35.7 KiB, free 434.3 MiB)
[2022-04-06 00:39:24,654] {spark_submit.py:488} INFO - 22/04/06 00:39:24 INFO BlockManagerInfo: Added broadcast_0_piece0 in memory on 9fe4286b2855:43113 (size: 35.7 KiB, free: 434.4 MiB)
[2022-04-06 00:39:24,699] {spark_submit.py:488} INFO - 22/04/06 00:39:24 INFO SparkContext: Created broadcast 0 from broadcast at DAGScheduler.scala:1478
[2022-04-06 00:39:24,948] {spark_submit.py:488} INFO - 22/04/06 00:39:24 INFO DAGScheduler: Submitting 1 missing tasks from ResultStage 0 (MapPartitionsRDD[1] at parquet at NativeMethodAccessorImpl.java:0) (first 15 tasks are for partitions Vector(0))
[2022-04-06 00:39:24,951] {spark_submit.py:488} INFO - 22/04/06 00:39:24 INFO TaskSchedulerImpl: Adding task set 0.0 with 1 tasks resource profile 0
[2022-04-06 00:39:25,863] {spark_submit.py:488} INFO - 22/04/06 00:39:25 INFO TaskSetManager: Starting task 0.0 in stage 0.0 (TID 0) (9fe4286b2855, executor driver, partition 0, PROCESS_LOCAL, 4615 bytes) taskResourceAssignments Map()
[2022-04-06 00:39:26,008] {spark_submit.py:488} INFO - 22/04/06 00:39:26 INFO Executor: Running task 0.0 in stage 0.0 (TID 0)
[2022-04-06 00:39:33,642] {spark_submit.py:488} INFO - 22/04/06 00:39:33 INFO Executor: Finished task 0.0 in stage 0.0 (TID 0). 1954 bytes result sent to driver
[2022-04-06 00:39:33,740] {spark_submit.py:488} INFO - 22/04/06 00:39:33 INFO TaskSetManager: Finished task 0.0 in stage 0.0 (TID 0) in 8271 ms on 9fe4286b2855 (executor driver) (1/1)
[2022-04-06 00:39:33,764] {spark_submit.py:488} INFO - 22/04/06 00:39:33 INFO TaskSchedulerImpl: Removed TaskSet 0.0, whose tasks have all completed, from pool
[2022-04-06 00:39:33,780] {spark_submit.py:488} INFO - 22/04/06 00:39:33 INFO DAGScheduler: ResultStage 0 (parquet at NativeMethodAccessorImpl.java:0) finished in 10.935 s
[2022-04-06 00:39:33,828] {spark_submit.py:488} INFO - 22/04/06 00:39:33 INFO DAGScheduler: Job 0 is finished. Cancelling potential speculative or zombie tasks for this job
[2022-04-06 00:39:33,832] {spark_submit.py:488} INFO - 22/04/06 00:39:33 INFO TaskSchedulerImpl: Killing all running tasks in stage 0: Stage finished
[2022-04-06 00:39:33,840] {spark_submit.py:488} INFO - 22/04/06 00:39:33 INFO DAGScheduler: Job 0 finished: parquet at NativeMethodAccessorImpl.java:0, took 11.606379 s
[2022-04-06 00:39:41,231] {spark_submit.py:488} INFO - 22/04/06 00:39:41 INFO BlockManagerInfo: Removed broadcast_0_piece0 on 9fe4286b2855:43113 in memory (size: 35.7 KiB, free: 434.4 MiB)
[2022-04-06 00:40:06,989] {spark_submit.py:488} INFO - 22/04/06 00:40:06 INFO FileSourceStrategy: Pushed Filters:
[2022-04-06 00:40:07,025] {spark_submit.py:488} INFO - 22/04/06 00:40:07 INFO FileSourceStrategy: Post-Scan Filters:
[2022-04-06 00:40:07,072] {spark_submit.py:488} INFO - 22/04/06 00:40:07 INFO FileSourceStrategy: Output Data Schema: struct<id: bigint, name: string, date: string, user_id: bigint, class: bigint ... 5 more fields>
[2022-04-06 00:40:10,130] {spark_submit.py:488} INFO - 22/04/06 00:40:10 INFO ParquetFileFormat: Using default output committer for Parquet: org.apache.parquet.hadoop.ParquetOutputCommitter
[2022-04-06 00:40:10,363] {spark_submit.py:488} INFO - 22/04/06 00:40:10 INFO FileOutputCommitter: File Output Committer Algorithm version is 1
[2022-04-06 00:40:10,366] {spark_submit.py:488} INFO - 22/04/06 00:40:10 INFO FileOutputCommitter: FileOutputCommitter skip cleanup _temporary folders under output directory:false, ignore cleanup failures: false
[2022-04-06 00:40:10,393] {spark_submit.py:488} INFO - 22/04/06 00:40:10 INFO SQLHadoopMapReduceCommitProtocol: Using user defined output committer class org.apache.parquet.hadoop.ParquetOutputCommitter
[2022-04-06 00:40:10,393] {spark_submit.py:488} INFO - 22/04/06 00:40:10 INFO FileOutputCommitter: File Output Committer Algorithm version is 1
[2022-04-06 00:40:10,394] {spark_submit.py:488} INFO - 22/04/06 00:40:10 INFO FileOutputCommitter: FileOutputCommitter skip cleanup _temporary folders under output directory:false, ignore cleanup failures: false
[2022-04-06 00:40:10,396] {spark_submit.py:488} INFO - 22/04/06 00:40:10 INFO SQLHadoopMapReduceCommitProtocol: Using output committer class org.apache.parquet.hadoop.ParquetOutputCommitter
[2022-04-06 00:40:17,778] {spark_submit.py:488} INFO - 22/04/06 00:40:17 INFO CodeGenerator: Code generated in 4081.863499 ms
[2022-04-06 00:40:18,213] {spark_submit.py:488} INFO - 22/04/06 00:40:18 INFO MemoryStore: Block broadcast_1 stored as values in memory (estimated size 192.3 KiB, free 434.2 MiB)
[2022-04-06 00:40:18,422] {spark_submit.py:488} INFO - 22/04/06 00:40:18 INFO MemoryStore: Block broadcast_1_piece0 stored as bytes in memory (estimated size 33.6 KiB, free 434.2 MiB)
[2022-04-06 00:40:18,424] {spark_submit.py:488} INFO - 22/04/06 00:40:18 INFO BlockManagerInfo: Added broadcast_1_piece0 in memory on 9fe4286b2855:43113 (size: 33.6 KiB, free: 434.4 MiB)
[2022-04-06 00:40:18,481] {spark_submit.py:488} INFO - 22/04/06 00:40:18 INFO SparkContext: Created broadcast 1 from save at NativeMethodAccessorImpl.java:0
[2022-04-06 00:40:18,663] {spark_submit.py:488} INFO - 22/04/06 00:40:18 INFO FileSourceScanExec: Planning scan with bin packing, max size: 4194304 bytes, open cost is considered as scanning 4194304 bytes.
[2022-04-06 00:40:19,694] {spark_submit.py:488} INFO - 22/04/06 00:40:19 INFO DAGScheduler: Registering RDD 6 (save at NativeMethodAccessorImpl.java:0) as input to shuffle 0
[2022-04-06 00:40:19,701] {spark_submit.py:488} INFO - 22/04/06 00:40:19 INFO DAGScheduler: Got map stage job 1 (save at NativeMethodAccessorImpl.java:0) with 2 output partitions
[2022-04-06 00:40:19,702] {spark_submit.py:488} INFO - 22/04/06 00:40:19 INFO DAGScheduler: Final stage: ShuffleMapStage 1 (save at NativeMethodAccessorImpl.java:0)
[2022-04-06 00:40:19,702] {spark_submit.py:488} INFO - 22/04/06 00:40:19 INFO DAGScheduler: Parents of final stage: List()
[2022-04-06 00:40:19,703] {spark_submit.py:488} INFO - 22/04/06 00:40:19 INFO DAGScheduler: Missing parents: List()
[2022-04-06 00:40:19,760] {spark_submit.py:488} INFO - 22/04/06 00:40:19 INFO DAGScheduler: Submitting ShuffleMapStage 1 (MapPartitionsRDD[6] at save at NativeMethodAccessorImpl.java:0), which has no missing parents
[2022-04-06 00:40:20,480] {spark_submit.py:488} INFO - 22/04/06 00:40:20 INFO MemoryStore: Block broadcast_2 stored as values in memory (estimated size 20.7 KiB, free 434.2 MiB)
[2022-04-06 00:40:20,576] {spark_submit.py:488} INFO - 22/04/06 00:40:20 INFO MemoryStore: Block broadcast_2_piece0 stored as bytes in memory (estimated size 8.5 KiB, free 434.2 MiB)
[2022-04-06 00:40:20,579] {spark_submit.py:488} INFO - 22/04/06 00:40:20 INFO BlockManagerInfo: Added broadcast_2_piece0 in memory on 9fe4286b2855:43113 (size: 8.5 KiB, free: 434.4 MiB)
[2022-04-06 00:40:20,590] {spark_submit.py:488} INFO - 22/04/06 00:40:20 INFO SparkContext: Created broadcast 2 from broadcast at DAGScheduler.scala:1478
[2022-04-06 00:40:20,622] {spark_submit.py:488} INFO - 22/04/06 00:40:20 INFO DAGScheduler: Submitting 2 missing tasks from ShuffleMapStage 1 (MapPartitionsRDD[6] at save at NativeMethodAccessorImpl.java:0) (first 15 tasks are for partitions Vector(0, 1))
[2022-04-06 00:40:20,622] {spark_submit.py:488} INFO - 22/04/06 00:40:20 INFO TaskSchedulerImpl: Adding task set 1.0 with 2 tasks resource profile 0
[2022-04-06 00:40:20,650] {spark_submit.py:488} INFO - 22/04/06 00:40:20 INFO TaskSetManager: Starting task 0.0 in stage 1.0 (TID 1) (9fe4286b2855, executor driver, partition 0, PROCESS_LOCAL, 4881 bytes) taskResourceAssignments Map()
[2022-04-06 00:40:20,652] {spark_submit.py:488} INFO - 22/04/06 00:40:20 INFO TaskSetManager: Starting task 1.0 in stage 1.0 (TID 2) (9fe4286b2855, executor driver, partition 1, PROCESS_LOCAL, 4881 bytes) taskResourceAssignments Map()
[2022-04-06 00:40:20,654] {spark_submit.py:488} INFO - 22/04/06 00:40:20 INFO Executor: Running task 0.0 in stage 1.0 (TID 1)
[2022-04-06 00:40:20,731] {spark_submit.py:488} INFO - 22/04/06 00:40:20 INFO Executor: Running task 1.0 in stage 1.0 (TID 2)
[2022-04-06 00:40:21,720] {spark_submit.py:488} INFO - 22/04/06 00:40:21 INFO FileScanRDD: Reading File path: gs://dtc_data_lake_de-stack-overflow/parquet/badges-2014-01.parquet, range: 0-4194304, partition values: [empty row]
[2022-04-06 00:40:21,832] {spark_submit.py:488} INFO - 22/04/06 00:40:21 INFO FileScanRDD: Reading File path: gs://dtc_data_lake_de-stack-overflow/parquet/badges-2014-01.parquet, range: 4194304-4581569, partition values: [empty row]
[2022-04-06 00:40:25,474] {spark_submit.py:488} INFO - 22/04/06 00:40:25 INFO Executor: Finished task 1.0 in stage 1.0 (TID 2). 1900 bytes result sent to driver
[2022-04-06 00:40:25,529] {spark_submit.py:488} INFO - 22/04/06 00:40:25 INFO TaskSetManager: Finished task 1.0 in stage 1.0 (TID 2) in 4864 ms on 9fe4286b2855 (executor driver) (1/2)
[2022-04-06 00:40:26,756] {spark_submit.py:488} INFO - 22/04/06 00:40:26 INFO CodecPool: Got brand-new decompressor [.snappy]
[2022-04-06 00:41:07,355] {spark_submit.py:488} INFO - 22/04/06 00:41:07 INFO Executor: Finished task 0.0 in stage 1.0 (TID 1). 2072 bytes result sent to driver
[2022-04-06 00:41:07,394] {spark_submit.py:488} INFO - 22/04/06 00:41:07 INFO TaskSetManager: Finished task 0.0 in stage 1.0 (TID 1) in 46753 ms on 9fe4286b2855 (executor driver) (2/2)
[2022-04-06 00:41:07,394] {spark_submit.py:488} INFO - 22/04/06 00:41:07 INFO TaskSchedulerImpl: Removed TaskSet 1.0, whose tasks have all completed, from pool
[2022-04-06 00:41:07,396] {spark_submit.py:488} INFO - 22/04/06 00:41:07 INFO DAGScheduler: ShuffleMapStage 1 (save at NativeMethodAccessorImpl.java:0) finished in 47.538 s
[2022-04-06 00:41:07,399] {spark_submit.py:488} INFO - 22/04/06 00:41:07 INFO DAGScheduler: looking for newly runnable stages
[2022-04-06 00:41:07,400] {spark_submit.py:488} INFO - 22/04/06 00:41:07 INFO DAGScheduler: running: Set()
[2022-04-06 00:41:07,401] {spark_submit.py:488} INFO - 22/04/06 00:41:07 INFO DAGScheduler: waiting: Set()
[2022-04-06 00:41:07,401] {spark_submit.py:488} INFO - 22/04/06 00:41:07 INFO DAGScheduler: failed: Set()
[2022-04-06 00:41:08,289] {spark_submit.py:488} INFO - 22/04/06 00:41:08 INFO SparkContext: Starting job: save at NativeMethodAccessorImpl.java:0
[2022-04-06 00:41:08,296] {spark_submit.py:488} INFO - 22/04/06 00:41:08 INFO DAGScheduler: Got job 2 (save at NativeMethodAccessorImpl.java:0) with 4 output partitions
[2022-04-06 00:41:08,296] {spark_submit.py:488} INFO - 22/04/06 00:41:08 INFO DAGScheduler: Final stage: ResultStage 3 (save at NativeMethodAccessorImpl.java:0)
[2022-04-06 00:41:08,296] {spark_submit.py:488} INFO - 22/04/06 00:41:08 INFO DAGScheduler: Parents of final stage: List(ShuffleMapStage 2)
[2022-04-06 00:41:08,296] {spark_submit.py:488} INFO - 22/04/06 00:41:08 INFO DAGScheduler: Missing parents: List()
[2022-04-06 00:41:08,302] {spark_submit.py:488} INFO - 22/04/06 00:41:08 INFO DAGScheduler: Submitting ResultStage 3 (ShuffledRowRDD[7] at save at NativeMethodAccessorImpl.java:0), which has no missing parents
[2022-04-06 00:41:08,946] {spark_submit.py:488} INFO - 22/04/06 00:41:08 INFO MemoryStore: Block broadcast_3 stored as values in memory (estimated size 202.3 KiB, free 434.0 MiB)
[2022-04-06 00:41:09,059] {spark_submit.py:488} INFO - 22/04/06 00:41:09 INFO MemoryStore: Block broadcast_3_piece0 stored as bytes in memory (estimated size 72.3 KiB, free 433.9 MiB)
[2022-04-06 00:41:09,067] {spark_submit.py:488} INFO - 22/04/06 00:41:09 INFO BlockManagerInfo: Added broadcast_3_piece0 in memory on 9fe4286b2855:43113 (size: 72.3 KiB, free: 434.3 MiB)
[2022-04-06 00:41:09,081] {spark_submit.py:488} INFO - 22/04/06 00:41:09 INFO SparkContext: Created broadcast 3 from broadcast at DAGScheduler.scala:1478
[2022-04-06 00:41:09,088] {spark_submit.py:488} INFO - 22/04/06 00:41:09 INFO DAGScheduler: Submitting 4 missing tasks from ResultStage 3 (ShuffledRowRDD[7] at save at NativeMethodAccessorImpl.java:0) (first 15 tasks are for partitions Vector(0, 1, 2, 3))
[2022-04-06 00:41:09,093] {spark_submit.py:488} INFO - 22/04/06 00:41:09 INFO TaskSchedulerImpl: Adding task set 3.0 with 4 tasks resource profile 0
[2022-04-06 00:41:09,112] {spark_submit.py:488} INFO - 22/04/06 00:41:09 INFO TaskSetManager: Starting task 0.0 in stage 3.0 (TID 3) (9fe4286b2855, executor driver, partition 0, NODE_LOCAL, 4453 bytes) taskResourceAssignments Map()
[2022-04-06 00:41:09,113] {spark_submit.py:488} INFO - 22/04/06 00:41:09 INFO TaskSetManager: Starting task 1.0 in stage 3.0 (TID 4) (9fe4286b2855, executor driver, partition 1, NODE_LOCAL, 4453 bytes) taskResourceAssignments Map()
[2022-04-06 00:41:09,114] {spark_submit.py:488} INFO - 22/04/06 00:41:09 INFO TaskSetManager: Starting task 2.0 in stage 3.0 (TID 5) (9fe4286b2855, executor driver, partition 2, NODE_LOCAL, 4453 bytes) taskResourceAssignments Map()
[2022-04-06 00:41:09,117] {spark_submit.py:488} INFO - 22/04/06 00:41:09 INFO TaskSetManager: Starting task 3.0 in stage 3.0 (TID 6) (9fe4286b2855, executor driver, partition 3, NODE_LOCAL, 4453 bytes) taskResourceAssignments Map()
[2022-04-06 00:41:09,119] {spark_submit.py:488} INFO - 22/04/06 00:41:09 INFO Executor: Running task 0.0 in stage 3.0 (TID 3)
[2022-04-06 00:41:09,120] {spark_submit.py:488} INFO - 22/04/06 00:41:09 INFO Executor: Running task 1.0 in stage 3.0 (TID 4)
[2022-04-06 00:41:09,210] {spark_submit.py:488} INFO - 22/04/06 00:41:09 INFO Executor: Running task 2.0 in stage 3.0 (TID 5)
[2022-04-06 00:41:09,224] {spark_submit.py:488} INFO - 22/04/06 00:41:09 INFO Executor: Running task 3.0 in stage 3.0 (TID 6)
[2022-04-06 00:41:09,667] {spark_submit.py:488} INFO - 22/04/06 00:41:09 INFO ShuffleBlockFetcherIterator: Getting 1 (2.3 MiB) non-empty blocks including 1 (2.3 MiB) local and 0 (0.0 B) host-local and 0 (0.0 B) push-merged-local and 0 (0.0 B) remote blocks
[2022-04-06 00:41:09,671] {spark_submit.py:488} INFO - 22/04/06 00:41:09 INFO ShuffleBlockFetcherIterator: Started 0 remote fetches in 42 ms
[2022-04-06 00:41:09,722] {spark_submit.py:488} INFO - 22/04/06 00:41:09 INFO ShuffleBlockFetcherIterator: Getting 1 (2.3 MiB) non-empty blocks including 1 (2.3 MiB) local and 0 (0.0 B) host-local and 0 (0.0 B) push-merged-local and 0 (0.0 B) remote blocks
[2022-04-06 00:41:09,722] {spark_submit.py:488} INFO - 22/04/06 00:41:09 INFO ShuffleBlockFetcherIterator: Started 0 remote fetches in 95 ms
[2022-04-06 00:41:09,724] {spark_submit.py:488} INFO - 22/04/06 00:41:09 INFO ShuffleBlockFetcherIterator: Getting 1 (2.3 MiB) non-empty blocks including 1 (2.3 MiB) local and 0 (0.0 B) host-local and 0 (0.0 B) push-merged-local and 0 (0.0 B) remote blocks
[2022-04-06 00:41:09,724] {spark_submit.py:488} INFO - 22/04/06 00:41:09 INFO ShuffleBlockFetcherIterator: Started 0 remote fetches in 77 ms
[2022-04-06 00:41:09,745] {spark_submit.py:488} INFO - 22/04/06 00:41:09 INFO ShuffleBlockFetcherIterator: Getting 1 (2.3 MiB) non-empty blocks including 1 (2.3 MiB) local and 0 (0.0 B) host-local and 0 (0.0 B) push-merged-local and 0 (0.0 B) remote blocks
[2022-04-06 00:41:09,746] {spark_submit.py:488} INFO - 22/04/06 00:41:09 INFO ShuffleBlockFetcherIterator: Started 0 remote fetches in 116 ms
[2022-04-06 00:41:09,777] {spark_submit.py:488} INFO - 22/04/06 00:41:09 INFO FileOutputCommitter: File Output Committer Algorithm version is 1
[2022-04-06 00:41:09,778] {spark_submit.py:488} INFO - 22/04/06 00:41:09 INFO FileOutputCommitter: FileOutputCommitter skip cleanup _temporary folders under output directory:false, ignore cleanup failures: false
[2022-04-06 00:41:09,779] {spark_submit.py:488} INFO - 22/04/06 00:41:09 INFO SQLHadoopMapReduceCommitProtocol: Using user defined output committer class org.apache.parquet.hadoop.ParquetOutputCommitter
[2022-04-06 00:41:09,788] {spark_submit.py:488} INFO - 22/04/06 00:41:09 INFO FileOutputCommitter: File Output Committer Algorithm version is 1
[2022-04-06 00:41:09,788] {spark_submit.py:488} INFO - 22/04/06 00:41:09 INFO FileOutputCommitter: FileOutputCommitter skip cleanup _temporary folders under output directory:false, ignore cleanup failures: false
[2022-04-06 00:41:09,791] {spark_submit.py:488} INFO - 22/04/06 00:41:09 INFO FileOutputCommitter: File Output Committer Algorithm version is 1
[2022-04-06 00:41:09,792] {spark_submit.py:488} INFO - 22/04/06 00:41:09 INFO FileOutputCommitter: File Output Committer Algorithm version is 1
[2022-04-06 00:41:09,792] {spark_submit.py:488} INFO - 22/04/06 00:41:09 INFO FileOutputCommitter: FileOutputCommitter skip cleanup _temporary folders under output directory:false, ignore cleanup failures: false
[2022-04-06 00:41:09,819] {spark_submit.py:488} INFO - 22/04/06 00:41:09 INFO FileOutputCommitter: File Output Committer Algorithm version is 1
[2022-04-06 00:41:09,824] {spark_submit.py:488} INFO - 22/04/06 00:41:09 INFO SQLHadoopMapReduceCommitProtocol: Using user defined output committer class org.apache.parquet.hadoop.ParquetOutputCommitter
[2022-04-06 00:41:09,824] {spark_submit.py:488} INFO - 22/04/06 00:41:09 INFO FileOutputCommitter: File Output Committer Algorithm version is 1
[2022-04-06 00:41:09,824] {spark_submit.py:488} INFO - 22/04/06 00:41:09 INFO FileOutputCommitter: FileOutputCommitter skip cleanup _temporary folders under output directory:false, ignore cleanup failures: false
[2022-04-06 00:41:09,824] {spark_submit.py:488} INFO - 22/04/06 00:41:09 INFO SQLHadoopMapReduceCommitProtocol: Using output committer class org.apache.parquet.hadoop.ParquetOutputCommitter
[2022-04-06 00:41:09,830] {spark_submit.py:488} INFO - 22/04/06 00:41:09 INFO FileOutputCommitter: FileOutputCommitter skip cleanup _temporary folders under output directory:false, ignore cleanup failures: false
[2022-04-06 00:41:09,831] {spark_submit.py:488} INFO - 22/04/06 00:41:09 INFO FileOutputCommitter: FileOutputCommitter skip cleanup _temporary folders under output directory:false, ignore cleanup failures: false
[2022-04-06 00:41:09,833] {spark_submit.py:488} INFO - 22/04/06 00:41:09 INFO SQLHadoopMapReduceCommitProtocol: Using output committer class org.apache.parquet.hadoop.ParquetOutputCommitter
[2022-04-06 00:41:09,836] {spark_submit.py:488} INFO - 22/04/06 00:41:09 INFO SQLHadoopMapReduceCommitProtocol: Using user defined output committer class org.apache.parquet.hadoop.ParquetOutputCommitter
[2022-04-06 00:41:09,836] {spark_submit.py:488} INFO - 22/04/06 00:41:09 INFO FileOutputCommitter: File Output Committer Algorithm version is 1
[2022-04-06 00:41:09,837] {spark_submit.py:488} INFO - 22/04/06 00:41:09 INFO FileOutputCommitter: FileOutputCommitter skip cleanup _temporary folders under output directory:false, ignore cleanup failures: false
[2022-04-06 00:41:09,838] {spark_submit.py:488} INFO - 22/04/06 00:41:09 INFO SQLHadoopMapReduceCommitProtocol: Using output committer class org.apache.parquet.hadoop.ParquetOutputCommitter
[2022-04-06 00:41:09,843] {spark_submit.py:488} INFO - 22/04/06 00:41:09 INFO SQLHadoopMapReduceCommitProtocol: Using user defined output committer class org.apache.parquet.hadoop.ParquetOutputCommitter
[2022-04-06 00:41:09,844] {spark_submit.py:488} INFO - 22/04/06 00:41:09 INFO FileOutputCommitter: File Output Committer Algorithm version is 1
[2022-04-06 00:41:09,844] {spark_submit.py:488} INFO - 22/04/06 00:41:09 INFO FileOutputCommitter: FileOutputCommitter skip cleanup _temporary folders under output directory:false, ignore cleanup failures: false
[2022-04-06 00:41:09,845] {spark_submit.py:488} INFO - 22/04/06 00:41:09 INFO SQLHadoopMapReduceCommitProtocol: Using output committer class org.apache.parquet.hadoop.ParquetOutputCommitter
[2022-04-06 00:41:09,898] {spark_submit.py:488} INFO - 22/04/06 00:41:09 INFO CodecConfig: Compression: SNAPPY
[2022-04-06 00:41:09,913] {spark_submit.py:488} INFO - 22/04/06 00:41:09 INFO CodecConfig: Compression: SNAPPY
[2022-04-06 00:41:09,918] {spark_submit.py:488} INFO - 22/04/06 00:41:09 INFO CodecConfig: Compression: SNAPPY
[2022-04-06 00:41:09,919] {spark_submit.py:488} INFO - 22/04/06 00:41:09 INFO CodecConfig: Compression: SNAPPY
[2022-04-06 00:41:09,920] {spark_submit.py:488} INFO - 22/04/06 00:41:09 INFO CodecConfig: Compression: SNAPPY
[2022-04-06 00:41:09,924] {spark_submit.py:488} INFO - 22/04/06 00:41:09 INFO CodecConfig: Compression: SNAPPY
[2022-04-06 00:41:09,925] {spark_submit.py:488} INFO - 22/04/06 00:41:09 INFO CodecConfig: Compression: SNAPPY
[2022-04-06 00:41:09,929] {spark_submit.py:488} INFO - 22/04/06 00:41:09 INFO CodecConfig: Compression: SNAPPY
[2022-04-06 00:41:10,143] {spark_submit.py:488} INFO - 22/04/06 00:41:10 INFO ParquetOutputFormat: Parquet block size to 134217728
[2022-04-06 00:41:10,144] {spark_submit.py:488} INFO - 22/04/06 00:41:10 INFO ParquetOutputFormat: Validation is off
[2022-04-06 00:41:10,144] {spark_submit.py:488} INFO - 22/04/06 00:41:10 INFO ParquetOutputFormat: Maximum row group padding size is 8388608 bytes
[2022-04-06 00:41:10,144] {spark_submit.py:488} INFO - 22/04/06 00:41:10 INFO ParquetOutputFormat: Parquet properties are:
[2022-04-06 00:41:10,144] {spark_submit.py:488} INFO - Parquet page size to 1048576
[2022-04-06 00:41:10,144] {spark_submit.py:488} INFO - Parquet dictionary page size to 1048576
[2022-04-06 00:41:10,144] {spark_submit.py:488} INFO - Dictionary is true
[2022-04-06 00:41:10,144] {spark_submit.py:488} INFO - Writer version is: PARQUET_1_0
[2022-04-06 00:41:10,144] {spark_submit.py:488} INFO - Page size checking is: estimated
[2022-04-06 00:41:10,144] {spark_submit.py:488} INFO - Min row count for page size check is: 100
[2022-04-06 00:41:10,144] {spark_submit.py:488} INFO - Max row count for page size check is: 10000
[2022-04-06 00:41:10,145] {spark_submit.py:488} INFO - Truncate length for column indexes is: 64
[2022-04-06 00:41:10,145] {spark_submit.py:488} INFO - Truncate length for statistics min/max  is: 2147483647
[2022-04-06 00:41:10,145] {spark_submit.py:488} INFO - Bloom filter enabled: false
[2022-04-06 00:41:10,145] {spark_submit.py:488} INFO - Max Bloom filter size for a column is 1048576
[2022-04-06 00:41:10,145] {spark_submit.py:488} INFO - Bloom filter expected number of distinct values are: null
[2022-04-06 00:41:10,145] {spark_submit.py:488} INFO - Page row count limit to 20000
[2022-04-06 00:41:10,145] {spark_submit.py:488} INFO - Writing page checksums is: on
[2022-04-06 00:41:10,150] {spark_submit.py:488} INFO - 22/04/06 00:41:10 INFO ParquetOutputFormat: Parquet block size to 134217728
[2022-04-06 00:41:10,150] {spark_submit.py:488} INFO - 22/04/06 00:41:10 INFO ParquetOutputFormat: Validation is off
[2022-04-06 00:41:10,150] {spark_submit.py:488} INFO - 22/04/06 00:41:10 INFO ParquetOutputFormat: Maximum row group padding size is 8388608 bytes
[2022-04-06 00:41:10,150] {spark_submit.py:488} INFO - 22/04/06 00:41:10 INFO ParquetOutputFormat: Parquet properties are:
[2022-04-06 00:41:10,150] {spark_submit.py:488} INFO - Parquet page size to 1048576
[2022-04-06 00:41:10,151] {spark_submit.py:488} INFO - Parquet dictionary page size to 1048576
[2022-04-06 00:41:10,151] {spark_submit.py:488} INFO - Dictionary is true
[2022-04-06 00:41:10,151] {spark_submit.py:488} INFO - Writer version is: PARQUET_1_0
[2022-04-06 00:41:10,151] {spark_submit.py:488} INFO - Page size checking is: estimated
[2022-04-06 00:41:10,151] {spark_submit.py:488} INFO - Min row count for page size check is: 100
[2022-04-06 00:41:10,151] {spark_submit.py:488} INFO - Max row count for page size check is: 10000
[2022-04-06 00:41:10,151] {spark_submit.py:488} INFO - Truncate length for column indexes is: 64
[2022-04-06 00:41:10,151] {spark_submit.py:488} INFO - Truncate length for statistics min/max  is: 2147483647
[2022-04-06 00:41:10,151] {spark_submit.py:488} INFO - Bloom filter enabled: false
[2022-04-06 00:41:10,151] {spark_submit.py:488} INFO - Max Bloom filter size for a column is 1048576
[2022-04-06 00:41:10,151] {spark_submit.py:488} INFO - Bloom filter expected number of distinct values are: null
[2022-04-06 00:41:10,151] {spark_submit.py:488} INFO - Page row count limit to 20000
[2022-04-06 00:41:10,151] {spark_submit.py:488} INFO - Writing page checksums is: on
[2022-04-06 00:41:10,152] {spark_submit.py:488} INFO - 22/04/06 00:41:10 INFO ParquetOutputFormat: Parquet block size to 134217728
[2022-04-06 00:41:10,152] {spark_submit.py:488} INFO - 22/04/06 00:41:10 INFO ParquetOutputFormat: Validation is off
[2022-04-06 00:41:10,152] {spark_submit.py:488} INFO - 22/04/06 00:41:10 INFO ParquetOutputFormat: Maximum row group padding size is 8388608 bytes
[2022-04-06 00:41:10,152] {spark_submit.py:488} INFO - 22/04/06 00:41:10 INFO ParquetOutputFormat: Parquet properties are:
[2022-04-06 00:41:10,152] {spark_submit.py:488} INFO - Parquet page size to 1048576
[2022-04-06 00:41:10,152] {spark_submit.py:488} INFO - Parquet dictionary page size to 1048576
[2022-04-06 00:41:10,152] {spark_submit.py:488} INFO - Dictionary is true
[2022-04-06 00:41:10,152] {spark_submit.py:488} INFO - Writer version is: PARQUET_1_0
[2022-04-06 00:41:10,153] {spark_submit.py:488} INFO - Page size checking is: estimated
[2022-04-06 00:41:10,153] {spark_submit.py:488} INFO - Min row count for page size check is: 100
[2022-04-06 00:41:10,153] {spark_submit.py:488} INFO - Max row count for page size check is: 10000
[2022-04-06 00:41:10,153] {spark_submit.py:488} INFO - Truncate length for column indexes is: 64
[2022-04-06 00:41:10,153] {spark_submit.py:488} INFO - Truncate length for statistics min/max  is: 2147483647
[2022-04-06 00:41:10,153] {spark_submit.py:488} INFO - Bloom filter enabled: false
[2022-04-06 00:41:10,153] {spark_submit.py:488} INFO - Max Bloom filter size for a column is 1048576
[2022-04-06 00:41:10,153] {spark_submit.py:488} INFO - Bloom filter expected number of distinct values are: null
[2022-04-06 00:41:10,153] {spark_submit.py:488} INFO - Page row count limit to 20000
[2022-04-06 00:41:10,153] {spark_submit.py:488} INFO - Writing page checksums is: on
[2022-04-06 00:41:10,188] {spark_submit.py:488} INFO - 22/04/06 00:41:10 INFO ParquetOutputFormat: Parquet block size to 134217728
[2022-04-06 00:41:10,188] {spark_submit.py:488} INFO - 22/04/06 00:41:10 INFO ParquetOutputFormat: Validation is off
[2022-04-06 00:41:10,189] {spark_submit.py:488} INFO - 22/04/06 00:41:10 INFO ParquetOutputFormat: Maximum row group padding size is 8388608 bytes
[2022-04-06 00:41:10,189] {spark_submit.py:488} INFO - 22/04/06 00:41:10 INFO ParquetOutputFormat: Parquet properties are:
[2022-04-06 00:41:10,189] {spark_submit.py:488} INFO - Parquet page size to 1048576
[2022-04-06 00:41:10,189] {spark_submit.py:488} INFO - Parquet dictionary page size to 1048576
[2022-04-06 00:41:10,189] {spark_submit.py:488} INFO - Dictionary is true
[2022-04-06 00:41:10,189] {spark_submit.py:488} INFO - Writer version is: PARQUET_1_0
[2022-04-06 00:41:10,189] {spark_submit.py:488} INFO - Page size checking is: estimated
[2022-04-06 00:41:10,189] {spark_submit.py:488} INFO - Min row count for page size check is: 100
[2022-04-06 00:41:10,189] {spark_submit.py:488} INFO - Max row count for page size check is: 10000
[2022-04-06 00:41:10,189] {spark_submit.py:488} INFO - Truncate length for column indexes is: 64
[2022-04-06 00:41:10,189] {spark_submit.py:488} INFO - Truncate length for statistics min/max  is: 2147483647
[2022-04-06 00:41:10,189] {spark_submit.py:488} INFO - Bloom filter enabled: false
[2022-04-06 00:41:10,189] {spark_submit.py:488} INFO - Max Bloom filter size for a column is 1048576
[2022-04-06 00:41:10,190] {spark_submit.py:488} INFO - Bloom filter expected number of distinct values are: null
[2022-04-06 00:41:10,190] {spark_submit.py:488} INFO - Page row count limit to 20000
[2022-04-06 00:41:10,190] {spark_submit.py:488} INFO - Writing page checksums is: on
[2022-04-06 00:41:10,230] {spark_submit.py:488} INFO - 22/04/06 00:41:10 INFO ParquetWriteSupport: Initialized Parquet WriteSupport with Catalyst schema:
[2022-04-06 00:41:10,230] {spark_submit.py:488} INFO - {
[2022-04-06 00:41:10,231] {spark_submit.py:488} INFO - "type" : "struct",
[2022-04-06 00:41:10,231] {spark_submit.py:488} INFO - "fields" : [ {
[2022-04-06 00:41:10,231] {spark_submit.py:488} INFO - "name" : "id",
[2022-04-06 00:41:10,231] {spark_submit.py:488} INFO - "type" : "integer",
[2022-04-06 00:41:10,231] {spark_submit.py:488} INFO - "nullable" : true,
[2022-04-06 00:41:10,231] {spark_submit.py:488} INFO - "metadata" : { }
[2022-04-06 00:41:10,231] {spark_submit.py:488} INFO - }, {
[2022-04-06 00:41:10,231] {spark_submit.py:488} INFO - "name" : "name",
[2022-04-06 00:41:10,231] {spark_submit.py:488} INFO - "type" : "string",
[2022-04-06 00:41:10,231] {spark_submit.py:488} INFO - "nullable" : true,
[2022-04-06 00:41:10,231] {spark_submit.py:488} INFO - "metadata" : { }
[2022-04-06 00:41:10,231] {spark_submit.py:488} INFO - }, {
[2022-04-06 00:41:10,232] {spark_submit.py:488} INFO - "name" : "date",
[2022-04-06 00:41:10,232] {spark_submit.py:488} INFO - "type" : "timestamp",
[2022-04-06 00:41:10,232] {spark_submit.py:488} INFO - "nullable" : true,
[2022-04-06 00:41:10,232] {spark_submit.py:488} INFO - "metadata" : { }
[2022-04-06 00:41:10,232] {spark_submit.py:488} INFO - }, {
[2022-04-06 00:41:10,232] {spark_submit.py:488} INFO - "name" : "user_id",
[2022-04-06 00:41:10,232] {spark_submit.py:488} INFO - "type" : "integer",
[2022-04-06 00:41:10,232] {spark_submit.py:488} INFO - "nullable" : true,
[2022-04-06 00:41:10,232] {spark_submit.py:488} INFO - "metadata" : { }
[2022-04-06 00:41:10,232] {spark_submit.py:488} INFO - }, {
[2022-04-06 00:41:10,232] {spark_submit.py:488} INFO - "name" : "class",
[2022-04-06 00:41:10,232] {spark_submit.py:488} INFO - "type" : "integer",
[2022-04-06 00:41:10,232] {spark_submit.py:488} INFO - "nullable" : true,
[2022-04-06 00:41:10,233] {spark_submit.py:488} INFO - "metadata" : { }
[2022-04-06 00:41:10,233] {spark_submit.py:488} INFO - }, {
[2022-04-06 00:41:10,233] {spark_submit.py:488} INFO - "name" : "tag_based",
[2022-04-06 00:41:10,233] {spark_submit.py:488} INFO - "type" : "boolean",
[2022-04-06 00:41:10,233] {spark_submit.py:488} INFO - "nullable" : true,
[2022-04-06 00:41:10,233] {spark_submit.py:488} INFO - "metadata" : { }
[2022-04-06 00:41:10,233] {spark_submit.py:488} INFO - }, {
[2022-04-06 00:41:10,233] {spark_submit.py:488} INFO - "name" : "group_by_date",
[2022-04-06 00:41:10,233] {spark_submit.py:488} INFO - "type" : "timestamp",
[2022-04-06 00:41:10,233] {spark_submit.py:488} INFO - "nullable" : true,
[2022-04-06 00:41:10,233] {spark_submit.py:488} INFO - "metadata" : { }
[2022-04-06 00:41:10,233] {spark_submit.py:488} INFO - } ]
[2022-04-06 00:41:10,233] {spark_submit.py:488} INFO - }
[2022-04-06 00:41:10,233] {spark_submit.py:488} INFO - and corresponding Parquet message type:
[2022-04-06 00:41:10,234] {spark_submit.py:488} INFO - message spark_schema {
[2022-04-06 00:41:10,234] {spark_submit.py:488} INFO - optional int32 id;
[2022-04-06 00:41:10,234] {spark_submit.py:488} INFO - optional binary name (STRING);
[2022-04-06 00:41:10,234] {spark_submit.py:488} INFO - optional int96 date;
[2022-04-06 00:41:10,234] {spark_submit.py:488} INFO - optional int32 user_id;
[2022-04-06 00:41:10,234] {spark_submit.py:488} INFO - optional int32 class;
[2022-04-06 00:41:10,234] {spark_submit.py:488} INFO - optional boolean tag_based;
[2022-04-06 00:41:10,234] {spark_submit.py:488} INFO - optional int96 group_by_date;
[2022-04-06 00:41:10,234] {spark_submit.py:488} INFO - }
[2022-04-06 00:41:10,234] {spark_submit.py:488} INFO - 
[2022-04-06 00:41:10,234] {spark_submit.py:488} INFO - 
[2022-04-06 00:41:10,237] {spark_submit.py:488} INFO - 22/04/06 00:41:10 INFO ParquetWriteSupport: Initialized Parquet WriteSupport with Catalyst schema:
[2022-04-06 00:41:10,237] {spark_submit.py:488} INFO - {
[2022-04-06 00:41:10,237] {spark_submit.py:488} INFO - "type" : "struct",
[2022-04-06 00:41:10,237] {spark_submit.py:488} INFO - "fields" : [ {
[2022-04-06 00:41:10,237] {spark_submit.py:488} INFO - "name" : "id",
[2022-04-06 00:41:10,237] {spark_submit.py:488} INFO - "type" : "integer",
[2022-04-06 00:41:10,237] {spark_submit.py:488} INFO - "nullable" : true,
[2022-04-06 00:41:10,237] {spark_submit.py:488} INFO - "metadata" : { }
[2022-04-06 00:41:10,237] {spark_submit.py:488} INFO - }, {
[2022-04-06 00:41:10,237] {spark_submit.py:488} INFO - "name" : "name",
[2022-04-06 00:41:10,238] {spark_submit.py:488} INFO - "type" : "string",
[2022-04-06 00:41:10,238] {spark_submit.py:488} INFO - "nullable" : true,
[2022-04-06 00:41:10,238] {spark_submit.py:488} INFO - "metadata" : { }
[2022-04-06 00:41:10,238] {spark_submit.py:488} INFO - }, {
[2022-04-06 00:41:10,238] {spark_submit.py:488} INFO - "name" : "date",
[2022-04-06 00:41:10,238] {spark_submit.py:488} INFO - "type" : "timestamp",
[2022-04-06 00:41:10,238] {spark_submit.py:488} INFO - "nullable" : true,
[2022-04-06 00:41:10,238] {spark_submit.py:488} INFO - "metadata" : { }
[2022-04-06 00:41:10,238] {spark_submit.py:488} INFO - }, {
[2022-04-06 00:41:10,238] {spark_submit.py:488} INFO - "name" : "user_id",
[2022-04-06 00:41:10,238] {spark_submit.py:488} INFO - "type" : "integer",
[2022-04-06 00:41:10,238] {spark_submit.py:488} INFO - "nullable" : true,
[2022-04-06 00:41:10,238] {spark_submit.py:488} INFO - "metadata" : { }
[2022-04-06 00:41:10,239] {spark_submit.py:488} INFO - }, {
[2022-04-06 00:41:10,239] {spark_submit.py:488} INFO - "name" : "class",
[2022-04-06 00:41:10,239] {spark_submit.py:488} INFO - "type" : "integer",
[2022-04-06 00:41:10,239] {spark_submit.py:488} INFO - "nullable" : true,
[2022-04-06 00:41:10,239] {spark_submit.py:488} INFO - "metadata" : { }
[2022-04-06 00:41:10,239] {spark_submit.py:488} INFO - }, {
[2022-04-06 00:41:10,239] {spark_submit.py:488} INFO - "name" : "tag_based",
[2022-04-06 00:41:10,239] {spark_submit.py:488} INFO - "type" : "boolean",
[2022-04-06 00:41:10,239] {spark_submit.py:488} INFO - "nullable" : true,
[2022-04-06 00:41:10,239] {spark_submit.py:488} INFO - "metadata" : { }
[2022-04-06 00:41:10,239] {spark_submit.py:488} INFO - }, {
[2022-04-06 00:41:10,239] {spark_submit.py:488} INFO - "name" : "group_by_date",
[2022-04-06 00:41:10,239] {spark_submit.py:488} INFO - "type" : "timestamp",
[2022-04-06 00:41:10,239] {spark_submit.py:488} INFO - "nullable" : true,
[2022-04-06 00:41:10,243] {spark_submit.py:488} INFO - "metadata" : { }
[2022-04-06 00:41:10,244] {spark_submit.py:488} INFO - } ]
[2022-04-06 00:41:10,244] {spark_submit.py:488} INFO - }
[2022-04-06 00:41:10,244] {spark_submit.py:488} INFO - and corresponding Parquet message type:
[2022-04-06 00:41:10,244] {spark_submit.py:488} INFO - message spark_schema {
[2022-04-06 00:41:10,244] {spark_submit.py:488} INFO - optional int32 id;
[2022-04-06 00:41:10,244] {spark_submit.py:488} INFO - optional binary name (STRING);
[2022-04-06 00:41:10,244] {spark_submit.py:488} INFO - optional int96 date;
[2022-04-06 00:41:10,244] {spark_submit.py:488} INFO - optional int32 user_id;
[2022-04-06 00:41:10,244] {spark_submit.py:488} INFO - optional int32 class;
[2022-04-06 00:41:10,244] {spark_submit.py:488} INFO - optional boolean tag_based;
[2022-04-06 00:41:10,244] {spark_submit.py:488} INFO - optional int96 group_by_date;
[2022-04-06 00:41:10,244] {spark_submit.py:488} INFO - }
[2022-04-06 00:41:10,245] {spark_submit.py:488} INFO - 
[2022-04-06 00:41:10,245] {spark_submit.py:488} INFO - 
[2022-04-06 00:41:10,245] {spark_submit.py:488} INFO - 22/04/06 00:41:10 INFO ParquetWriteSupport: Initialized Parquet WriteSupport with Catalyst schema:
[2022-04-06 00:41:10,245] {spark_submit.py:488} INFO - {
[2022-04-06 00:41:10,245] {spark_submit.py:488} INFO - "type" : "struct",
[2022-04-06 00:41:10,245] {spark_submit.py:488} INFO - "fields" : [ {
[2022-04-06 00:41:10,245] {spark_submit.py:488} INFO - "name" : "id",
[2022-04-06 00:41:10,245] {spark_submit.py:488} INFO - "type" : "integer",
[2022-04-06 00:41:10,245] {spark_submit.py:488} INFO - "nullable" : true,
[2022-04-06 00:41:10,245] {spark_submit.py:488} INFO - "metadata" : { }
[2022-04-06 00:41:10,245] {spark_submit.py:488} INFO - }, {
[2022-04-06 00:41:10,245] {spark_submit.py:488} INFO - "name" : "name",
[2022-04-06 00:41:10,245] {spark_submit.py:488} INFO - "type" : "string",
[2022-04-06 00:41:10,245] {spark_submit.py:488} INFO - "nullable" : true,
[2022-04-06 00:41:10,246] {spark_submit.py:488} INFO - "metadata" : { }
[2022-04-06 00:41:10,246] {spark_submit.py:488} INFO - }, {
[2022-04-06 00:41:10,246] {spark_submit.py:488} INFO - "name" : "date",
[2022-04-06 00:41:10,246] {spark_submit.py:488} INFO - "type" : "timestamp",
[2022-04-06 00:41:10,246] {spark_submit.py:488} INFO - "nullable" : true,
[2022-04-06 00:41:10,246] {spark_submit.py:488} INFO - "metadata" : { }
[2022-04-06 00:41:10,246] {spark_submit.py:488} INFO - }, {
[2022-04-06 00:41:10,246] {spark_submit.py:488} INFO - "name" : "user_id",
[2022-04-06 00:41:10,246] {spark_submit.py:488} INFO - "type" : "integer",
[2022-04-06 00:41:10,246] {spark_submit.py:488} INFO - "nullable" : true,
[2022-04-06 00:41:10,246] {spark_submit.py:488} INFO - "metadata" : { }
[2022-04-06 00:41:10,246] {spark_submit.py:488} INFO - }, {
[2022-04-06 00:41:10,246] {spark_submit.py:488} INFO - "name" : "class",
[2022-04-06 00:41:10,246] {spark_submit.py:488} INFO - "type" : "integer",
[2022-04-06 00:41:10,246] {spark_submit.py:488} INFO - "nullable" : true,
[2022-04-06 00:41:10,247] {spark_submit.py:488} INFO - "metadata" : { }
[2022-04-06 00:41:10,247] {spark_submit.py:488} INFO - }, {
[2022-04-06 00:41:10,247] {spark_submit.py:488} INFO - "name" : "tag_based",
[2022-04-06 00:41:10,247] {spark_submit.py:488} INFO - "type" : "boolean",
[2022-04-06 00:41:10,247] {spark_submit.py:488} INFO - "nullable" : true,
[2022-04-06 00:41:10,247] {spark_submit.py:488} INFO - "metadata" : { }
[2022-04-06 00:41:10,247] {spark_submit.py:488} INFO - }, {
[2022-04-06 00:41:10,247] {spark_submit.py:488} INFO - "name" : "group_by_date",
[2022-04-06 00:41:10,247] {spark_submit.py:488} INFO - "type" : "timestamp",
[2022-04-06 00:41:10,247] {spark_submit.py:488} INFO - "nullable" : true,
[2022-04-06 00:41:10,247] {spark_submit.py:488} INFO - "metadata" : { }
[2022-04-06 00:41:10,247] {spark_submit.py:488} INFO - } ]
[2022-04-06 00:41:10,247] {spark_submit.py:488} INFO - }
[2022-04-06 00:41:10,247] {spark_submit.py:488} INFO - and corresponding Parquet message type:
[2022-04-06 00:41:10,264] {spark_submit.py:488} INFO - message spark_schema {
[2022-04-06 00:41:10,264] {spark_submit.py:488} INFO - optional int32 id;
[2022-04-06 00:41:10,264] {spark_submit.py:488} INFO - optional binary name (STRING);
[2022-04-06 00:41:10,264] {spark_submit.py:488} INFO - optional int96 date;
[2022-04-06 00:41:10,265] {spark_submit.py:488} INFO - optional int32 user_id;
[2022-04-06 00:41:10,265] {spark_submit.py:488} INFO - optional int32 class;
[2022-04-06 00:41:10,265] {spark_submit.py:488} INFO - optional boolean tag_based;
[2022-04-06 00:41:10,265] {spark_submit.py:488} INFO - optional int96 group_by_date;
[2022-04-06 00:41:10,265] {spark_submit.py:488} INFO - }
[2022-04-06 00:41:10,265] {spark_submit.py:488} INFO - 
[2022-04-06 00:41:10,265] {spark_submit.py:488} INFO - 
[2022-04-06 00:41:10,265] {spark_submit.py:488} INFO - 22/04/06 00:41:10 INFO ParquetWriteSupport: Initialized Parquet WriteSupport with Catalyst schema:
[2022-04-06 00:41:10,265] {spark_submit.py:488} INFO - {
[2022-04-06 00:41:10,265] {spark_submit.py:488} INFO - "type" : "struct",
[2022-04-06 00:41:10,265] {spark_submit.py:488} INFO - "fields" : [ {
[2022-04-06 00:41:10,265] {spark_submit.py:488} INFO - "name" : "id",
[2022-04-06 00:41:10,265] {spark_submit.py:488} INFO - "type" : "integer",
[2022-04-06 00:41:10,265] {spark_submit.py:488} INFO - "nullable" : true,
[2022-04-06 00:41:10,266] {spark_submit.py:488} INFO - "metadata" : { }
[2022-04-06 00:41:10,266] {spark_submit.py:488} INFO - }, {
[2022-04-06 00:41:10,266] {spark_submit.py:488} INFO - "name" : "name",
[2022-04-06 00:41:10,266] {spark_submit.py:488} INFO - "type" : "string",
[2022-04-06 00:41:10,266] {spark_submit.py:488} INFO - "nullable" : true,
[2022-04-06 00:41:10,266] {spark_submit.py:488} INFO - "metadata" : { }
[2022-04-06 00:41:10,266] {spark_submit.py:488} INFO - }, {
[2022-04-06 00:41:10,266] {spark_submit.py:488} INFO - "name" : "date",
[2022-04-06 00:41:10,266] {spark_submit.py:488} INFO - "type" : "timestamp",
[2022-04-06 00:41:10,266] {spark_submit.py:488} INFO - "nullable" : true,
[2022-04-06 00:41:10,266] {spark_submit.py:488} INFO - "metadata" : { }
[2022-04-06 00:41:10,266] {spark_submit.py:488} INFO - }, {
[2022-04-06 00:41:10,266] {spark_submit.py:488} INFO - "name" : "user_id",
[2022-04-06 00:41:10,266] {spark_submit.py:488} INFO - "type" : "integer",
[2022-04-06 00:41:10,267] {spark_submit.py:488} INFO - "nullable" : true,
[2022-04-06 00:41:10,267] {spark_submit.py:488} INFO - "metadata" : { }
[2022-04-06 00:41:10,267] {spark_submit.py:488} INFO - }, {
[2022-04-06 00:41:10,267] {spark_submit.py:488} INFO - "name" : "class",
[2022-04-06 00:41:10,267] {spark_submit.py:488} INFO - "type" : "integer",
[2022-04-06 00:41:10,267] {spark_submit.py:488} INFO - "nullable" : true,
[2022-04-06 00:41:10,267] {spark_submit.py:488} INFO - "metadata" : { }
[2022-04-06 00:41:10,267] {spark_submit.py:488} INFO - }, {
[2022-04-06 00:41:10,267] {spark_submit.py:488} INFO - "name" : "tag_based",
[2022-04-06 00:41:10,267] {spark_submit.py:488} INFO - "type" : "boolean",
[2022-04-06 00:41:10,267] {spark_submit.py:488} INFO - "nullable" : true,
[2022-04-06 00:41:10,267] {spark_submit.py:488} INFO - "metadata" : { }
[2022-04-06 00:41:10,267] {spark_submit.py:488} INFO - }, {
[2022-04-06 00:41:10,281] {spark_submit.py:488} INFO - "name" : "group_by_date",
[2022-04-06 00:41:10,281] {spark_submit.py:488} INFO - "type" : "timestamp",
[2022-04-06 00:41:10,282] {spark_submit.py:488} INFO - "nullable" : true,
[2022-04-06 00:41:10,282] {spark_submit.py:488} INFO - "metadata" : { }
[2022-04-06 00:41:10,282] {spark_submit.py:488} INFO - } ]
[2022-04-06 00:41:10,282] {spark_submit.py:488} INFO - }
[2022-04-06 00:41:10,282] {spark_submit.py:488} INFO - and corresponding Parquet message type:
[2022-04-06 00:41:10,282] {spark_submit.py:488} INFO - message spark_schema {
[2022-04-06 00:41:10,282] {spark_submit.py:488} INFO - optional int32 id;
[2022-04-06 00:41:10,282] {spark_submit.py:488} INFO - optional binary name (STRING);
[2022-04-06 00:41:10,282] {spark_submit.py:488} INFO - optional int96 date;
[2022-04-06 00:41:10,282] {spark_submit.py:488} INFO - optional int32 user_id;
[2022-04-06 00:41:10,283] {spark_submit.py:488} INFO - optional int32 class;
[2022-04-06 00:41:10,283] {spark_submit.py:488} INFO - optional boolean tag_based;
[2022-04-06 00:41:10,283] {spark_submit.py:488} INFO - optional int96 group_by_date;
[2022-04-06 00:41:10,283] {spark_submit.py:488} INFO - }
[2022-04-06 00:41:10,283] {spark_submit.py:488} INFO - 
[2022-04-06 00:41:10,283] {spark_submit.py:488} INFO - 
[2022-04-06 00:41:12,020] {spark_submit.py:488} INFO - 22/04/06 00:41:11 INFO CodecPool: Got brand-new compressor [.snappy]
[2022-04-06 00:41:12,073] {spark_submit.py:488} INFO - 22/04/06 00:41:12 INFO CodecPool: Got brand-new compressor [.snappy]
[2022-04-06 00:41:12,146] {spark_submit.py:488} INFO - 22/04/06 00:41:12 INFO CodecPool: Got brand-new compressor [.snappy]
[2022-04-06 00:41:13,165] {spark_submit.py:488} INFO - 22/04/06 00:41:13 INFO BlockManagerInfo: Removed broadcast_2_piece0 on 9fe4286b2855:43113 in memory (size: 8.5 KiB, free: 434.3 MiB)
[2022-04-06 00:41:13,243] {spark_submit.py:488} INFO - 22/04/06 00:41:13 INFO CodecPool: Got brand-new compressor [.snappy]
[2022-04-06 00:41:27,667] {spark_submit.py:488} INFO - 22/04/06 00:41:27 INFO GoogleCloudStorageImpl: Ignoring exception of type GoogleJsonResponseException; verified object already exists with desired state.
[2022-04-06 00:41:27,668] {spark_submit.py:488} INFO - 22/04/06 00:41:27 INFO GoogleCloudStorageFileSystem: Successfully repaired 'gs://dtc_data_lake_de-stack-overflow/BigQuery/badges-2014-01/_temporary/0/_temporary/' directory.
[2022-04-06 00:41:27,669] {spark_submit.py:488} INFO - 22/04/06 00:41:27 INFO FileOutputCommitter: Saved output of task 'attempt_202204060041074613370690187626196_0003_m_000000_3' to gs://dtc_data_lake_de-stack-overflow/BigQuery/badges-2014-01/_temporary/0/task_202204060041074613370690187626196_0003_m_000000
[2022-04-06 00:41:27,670] {spark_submit.py:488} INFO - 22/04/06 00:41:27 INFO SparkHadoopMapRedUtil: attempt_202204060041074613370690187626196_0003_m_000000_3: Committed
[2022-04-06 00:41:27,701] {spark_submit.py:488} INFO - 22/04/06 00:41:27 INFO GoogleCloudStorageImpl: Ignoring exception of type GoogleJsonResponseException; verified object already exists with desired state.
[2022-04-06 00:41:27,702] {spark_submit.py:488} INFO - 22/04/06 00:41:27 INFO GoogleCloudStorageFileSystem: Successfully repaired 'gs://dtc_data_lake_de-stack-overflow/BigQuery/badges-2014-01/_temporary/0/_temporary/' directory.
[2022-04-06 00:41:27,702] {spark_submit.py:488} INFO - 22/04/06 00:41:27 INFO FileOutputCommitter: Saved output of task 'attempt_202204060041076293741094741649760_0003_m_000003_6' to gs://dtc_data_lake_de-stack-overflow/BigQuery/badges-2014-01/_temporary/0/task_202204060041076293741094741649760_0003_m_000003
[2022-04-06 00:41:27,707] {spark_submit.py:488} INFO - 22/04/06 00:41:27 INFO SparkHadoopMapRedUtil: attempt_202204060041076293741094741649760_0003_m_000003_6: Committed
[2022-04-06 00:41:27,713] {spark_submit.py:488} INFO - 22/04/06 00:41:27 INFO GoogleCloudStorageFileSystem: Successfully repaired 'gs://dtc_data_lake_de-stack-overflow/BigQuery/badges-2014-01/_temporary/0/_temporary/' directory.
[2022-04-06 00:41:27,714] {spark_submit.py:488} INFO - 22/04/06 00:41:27 INFO FileOutputCommitter: Saved output of task 'attempt_202204060041078375260069600168254_0003_m_000001_4' to gs://dtc_data_lake_de-stack-overflow/BigQuery/badges-2014-01/_temporary/0/task_202204060041078375260069600168254_0003_m_000001
[2022-04-06 00:41:27,714] {spark_submit.py:488} INFO - 22/04/06 00:41:27 INFO SparkHadoopMapRedUtil: attempt_202204060041078375260069600168254_0003_m_000001_4: Committed
[2022-04-06 00:41:27,724] {spark_submit.py:488} INFO - 22/04/06 00:41:27 INFO GoogleCloudStorageImpl: Ignoring exception of type GoogleJsonResponseException; verified object already exists with desired state.
[2022-04-06 00:41:27,725] {spark_submit.py:488} INFO - 22/04/06 00:41:27 INFO GoogleCloudStorageFileSystem: Successfully repaired 'gs://dtc_data_lake_de-stack-overflow/BigQuery/badges-2014-01/_temporary/0/_temporary/' directory.
[2022-04-06 00:41:27,725] {spark_submit.py:488} INFO - 22/04/06 00:41:27 INFO FileOutputCommitter: Saved output of task 'attempt_202204060041075642759928411128889_0003_m_000002_5' to gs://dtc_data_lake_de-stack-overflow/BigQuery/badges-2014-01/_temporary/0/task_202204060041075642759928411128889_0003_m_000002
[2022-04-06 00:41:27,726] {spark_submit.py:488} INFO - 22/04/06 00:41:27 INFO SparkHadoopMapRedUtil: attempt_202204060041075642759928411128889_0003_m_000002_5: Committed
[2022-04-06 00:41:27,737] {spark_submit.py:488} INFO - 22/04/06 00:41:27 INFO Executor: Finished task 3.0 in stage 3.0 (TID 6). 3526 bytes result sent to driver
[2022-04-06 00:41:27,755] {spark_submit.py:488} INFO - 22/04/06 00:41:27 INFO Executor: Finished task 2.0 in stage 3.0 (TID 5). 3483 bytes result sent to driver
[2022-04-06 00:41:27,756] {spark_submit.py:488} INFO - 22/04/06 00:41:27 INFO Executor: Finished task 0.0 in stage 3.0 (TID 3). 3483 bytes result sent to driver
[2022-04-06 00:41:27,756] {spark_submit.py:488} INFO - 22/04/06 00:41:27 INFO Executor: Finished task 1.0 in stage 3.0 (TID 4). 3483 bytes result sent to driver
[2022-04-06 00:41:27,779] {spark_submit.py:488} INFO - 22/04/06 00:41:27 INFO TaskSetManager: Finished task 2.0 in stage 3.0 (TID 5) in 18665 ms on 9fe4286b2855 (executor driver) (1/4)
[2022-04-06 00:41:27,780] {spark_submit.py:488} INFO - 22/04/06 00:41:27 INFO TaskSetManager: Finished task 1.0 in stage 3.0 (TID 4) in 18668 ms on 9fe4286b2855 (executor driver) (2/4)
[2022-04-06 00:41:27,809] {spark_submit.py:488} INFO - 22/04/06 00:41:27 INFO TaskSetManager: Finished task 0.0 in stage 3.0 (TID 3) in 18705 ms on 9fe4286b2855 (executor driver) (3/4)
[2022-04-06 00:41:27,815] {spark_submit.py:488} INFO - 22/04/06 00:41:27 INFO TaskSetManager: Finished task 3.0 in stage 3.0 (TID 6) in 18699 ms on 9fe4286b2855 (executor driver) (4/4)
[2022-04-06 00:41:27,817] {spark_submit.py:488} INFO - 22/04/06 00:41:27 INFO DAGScheduler: ResultStage 3 (save at NativeMethodAccessorImpl.java:0) finished in 19.455 s
[2022-04-06 00:41:27,818] {spark_submit.py:488} INFO - 22/04/06 00:41:27 INFO DAGScheduler: Job 2 is finished. Cancelling potential speculative or zombie tasks for this job
[2022-04-06 00:41:27,820] {spark_submit.py:488} INFO - 22/04/06 00:41:27 INFO TaskSchedulerImpl: Removed TaskSet 3.0, whose tasks have all completed, from pool
[2022-04-06 00:41:27,820] {spark_submit.py:488} INFO - 22/04/06 00:41:27 INFO TaskSchedulerImpl: Killing all running tasks in stage 3: Stage finished
[2022-04-06 00:41:27,824] {spark_submit.py:488} INFO - 22/04/06 00:41:27 INFO DAGScheduler: Job 2 finished: save at NativeMethodAccessorImpl.java:0, took 19.531082 s
[2022-04-06 00:41:27,831] {spark_submit.py:488} INFO - 22/04/06 00:41:27 INFO FileFormatWriter: Start to commit write Job e925d857-6846-4660-8d88-4a9e1f1f6001.
[2022-04-06 00:41:28,228] {spark_submit.py:488} INFO - 22/04/06 00:41:28 INFO GoogleCloudStorageFileSystem: Successfully repaired 'gs://dtc_data_lake_de-stack-overflow/BigQuery/badges-2014-01/_temporary/0/task_202204060041074613370690187626196_0003_m_000000/' directory.
[2022-04-06 00:41:28,599] {spark_submit.py:488} INFO - 22/04/06 00:41:28 INFO GoogleCloudStorageFileSystem: Successfully repaired 'gs://dtc_data_lake_de-stack-overflow/BigQuery/badges-2014-01/_temporary/0/task_202204060041075642759928411128889_0003_m_000002/' directory.
[2022-04-06 00:41:28,926] {spark_submit.py:488} INFO - 22/04/06 00:41:28 INFO GoogleCloudStorageFileSystem: Successfully repaired 'gs://dtc_data_lake_de-stack-overflow/BigQuery/badges-2014-01/_temporary/0/task_202204060041076293741094741649760_0003_m_000003/' directory.
[2022-04-06 00:41:29,299] {spark_submit.py:488} INFO - 22/04/06 00:41:29 INFO GoogleCloudStorageFileSystem: Successfully repaired 'gs://dtc_data_lake_de-stack-overflow/BigQuery/badges-2014-01/_temporary/0/task_202204060041078375260069600168254_0003_m_000001/' directory.
[2022-04-06 00:41:29,618] {spark_submit.py:488} INFO - 22/04/06 00:41:29 INFO GoogleCloudStorageFileSystem: Successfully repaired 'gs://dtc_data_lake_de-stack-overflow/BigQuery/badges-2014-01/' directory.
[2022-04-06 00:41:31,552] {spark_submit.py:488} INFO - 22/04/06 00:41:31 INFO FileFormatWriter: Write Job e925d857-6846-4660-8d88-4a9e1f1f6001 committed. Elapsed time: 3719 ms.
[2022-04-06 00:41:31,564] {spark_submit.py:488} INFO - 22/04/06 00:41:31 INFO FileFormatWriter: Finished processing stats for write job e925d857-6846-4660-8d88-4a9e1f1f6001.
[2022-04-06 00:41:31,635] {spark_submit.py:488} INFO - 22/04/06 00:41:31 INFO BlockManagerInfo: Removed broadcast_3_piece0 on 9fe4286b2855:43113 in memory (size: 72.3 KiB, free: 434.4 MiB)
[2022-04-06 00:41:32,318] {spark_submit.py:488} INFO - 22/04/06 00:41:32 INFO SparkContext: Invoking stop() from shutdown hook
[2022-04-06 00:41:32,469] {spark_submit.py:488} INFO - 22/04/06 00:41:32 INFO SparkUI: Stopped Spark web UI at http://9fe4286b2855:4040
[2022-04-06 00:41:32,628] {spark_submit.py:488} INFO - 22/04/06 00:41:32 INFO MapOutputTrackerMasterEndpoint: MapOutputTrackerMasterEndpoint stopped!
[2022-04-06 00:41:32,946] {spark_submit.py:488} INFO - 22/04/06 00:41:32 INFO MemoryStore: MemoryStore cleared
[2022-04-06 00:41:32,950] {spark_submit.py:488} INFO - 22/04/06 00:41:32 INFO BlockManager: BlockManager stopped
[2022-04-06 00:41:32,955] {spark_submit.py:488} INFO - 22/04/06 00:41:32 INFO BlockManagerMaster: BlockManagerMaster stopped
[2022-04-06 00:41:32,959] {spark_submit.py:488} INFO - 22/04/06 00:41:32 INFO OutputCommitCoordinator$OutputCommitCoordinatorEndpoint: OutputCommitCoordinator stopped!
[2022-04-06 00:41:33,280] {spark_submit.py:488} INFO - 22/04/06 00:41:33 INFO SparkContext: Successfully stopped SparkContext
[2022-04-06 00:41:33,280] {spark_submit.py:488} INFO - 22/04/06 00:41:33 INFO ShutdownHookManager: Shutdown hook called
[2022-04-06 00:41:33,280] {spark_submit.py:488} INFO - 22/04/06 00:41:33 INFO ShutdownHookManager: Deleting directory /tmp/spark-7bff4ddb-0f8e-4b28-b128-62f7885eff8a
[2022-04-06 00:41:33,301] {spark_submit.py:488} INFO - 22/04/06 00:41:33 INFO ShutdownHookManager: Deleting directory /tmp/spark-35eb0147-c1a3-49a3-8cc4-1d2ba00954e4/pyspark-7fd985eb-e7df-4db8-a71e-6673648f6be9
[2022-04-06 00:41:33,345] {spark_submit.py:488} INFO - 22/04/06 00:41:33 INFO ShutdownHookManager: Deleting directory /tmp/spark-35eb0147-c1a3-49a3-8cc4-1d2ba00954e4
[2022-04-06 00:41:34,999] {taskinstance.py:1288} INFO - Marking task as SUCCESS. dag_id=IngestToGCP, task_id=processing_tasks_badges.spark_job, execution_date=20140101T000000, start_date=20220406T003737, end_date=20220406T004134
[2022-04-06 00:41:35,316] {local_task_job.py:154} INFO - Task exited with return code 0
[2022-04-06 00:41:35,484] {local_task_job.py:264} INFO - 1 downstream tasks scheduled from follow-on schedule check
