[2022-04-06 01:55:09,528] {taskinstance.py:1043} INFO - Dependencies all met for <TaskInstance: IngestToGCP.processing_tasks_posts_answers.spark_job scheduled__2016-12-01T00:00:00+00:00 [queued]>
[2022-04-06 01:55:09,767] {taskinstance.py:1043} INFO - Dependencies all met for <TaskInstance: IngestToGCP.processing_tasks_posts_answers.spark_job scheduled__2016-12-01T00:00:00+00:00 [queued]>
[2022-04-06 01:55:09,768] {taskinstance.py:1249} INFO - 
--------------------------------------------------------------------------------
[2022-04-06 01:55:09,768] {taskinstance.py:1250} INFO - Starting attempt 1 of 1
[2022-04-06 01:55:09,768] {taskinstance.py:1251} INFO - 
--------------------------------------------------------------------------------
[2022-04-06 01:55:10,224] {taskinstance.py:1270} INFO - Executing <Task(SparkSubmitOperator): processing_tasks_posts_answers.spark_job> on 2016-12-01 00:00:00+00:00
[2022-04-06 01:55:10,347] {standard_task_runner.py:52} INFO - Started process 152242 to run task
[2022-04-06 01:55:10,447] {standard_task_runner.py:79} INFO - Running: ['***', 'tasks', 'run', 'IngestToGCP', 'processing_tasks_posts_answers.spark_job', 'scheduled__2016-12-01T00:00:00+00:00', '--job-id', '10776', '--raw', '--subdir', 'DAGS_FOLDER/ingest_dag.py', '--cfg-path', '/tmp/tmpx6ve9g6q', '--error-file', '/tmp/tmp8zafg_7c']
[2022-04-06 01:55:10,476] {standard_task_runner.py:80} INFO - Job 10776: Subtask processing_tasks_posts_answers.spark_job
[2022-04-06 01:55:11,056] {logging_mixin.py:109} INFO - Running <TaskInstance: IngestToGCP.processing_tasks_posts_answers.spark_job scheduled__2016-12-01T00:00:00+00:00 [running]> on host 9fe4286b2855
[2022-04-06 01:55:12,113] {logging_mixin.py:109} WARNING - /home/***/.local/lib/python3.7/site-packages/***/utils/context.py:156 AirflowContextDeprecationWarning: Accessing 'execution_date' from the template is deprecated and will be removed in a future version. Please use 'data_interval_start' or 'logical_date' instead.
[2022-04-06 01:55:12,241] {taskinstance.py:1448} INFO - Exporting the following env vars:
AIRFLOW_CTX_DAG_OWNER=***
AIRFLOW_CTX_DAG_ID=IngestToGCP
AIRFLOW_CTX_TASK_ID=processing_tasks_posts_answers.spark_job
AIRFLOW_CTX_EXECUTION_DATE=2016-12-01T00:00:00+00:00
AIRFLOW_CTX_DAG_RUN_ID=scheduled__2016-12-01T00:00:00+00:00
[2022-04-06 01:55:12,273] {base.py:79} INFO - Using connection to: id: spark_project. Host: spark://spark, Port: 7077, Schema: , Login: , Password: None, extra: {'queue': 'root.default'}
[2022-04-06 01:55:12,281] {spark_submit.py:335} INFO - Spark-Submit cmd: spark-submit --master spark://spark:7077 --conf spark.master=local[*] --name format_schema --verbose --queue root.default ./dags/pyspark_parquet_transformation.py posts_answers 2016-12
[2022-04-06 01:55:31,308] {spark_submit.py:488} INFO - Using properties file: null
[2022-04-06 01:55:33,085] {spark_submit.py:488} INFO - WARNING: An illegal reflective access operation has occurred
[2022-04-06 01:55:33,085] {spark_submit.py:488} INFO - WARNING: Illegal reflective access by org.apache.spark.unsafe.Platform (file:/opt/***/spark/spark-3.2.1-bin-hadoop3.2/jars/spark-unsafe_2.12-3.2.1.jar) to constructor java.nio.DirectByteBuffer(long,int)
[2022-04-06 01:55:33,086] {spark_submit.py:488} INFO - WARNING: Please consider reporting this to the maintainers of org.apache.spark.unsafe.Platform
[2022-04-06 01:55:33,086] {spark_submit.py:488} INFO - WARNING: Use --illegal-access=warn to enable warnings of further illegal reflective access operations
[2022-04-06 01:55:33,086] {spark_submit.py:488} INFO - WARNING: All illegal access operations will be denied in a future release
[2022-04-06 01:55:34,312] {spark_submit.py:488} INFO - Parsed arguments:
[2022-04-06 01:55:34,312] {spark_submit.py:488} INFO - master                  spark://spark:7077
[2022-04-06 01:55:34,312] {spark_submit.py:488} INFO - deployMode              null
[2022-04-06 01:55:34,312] {spark_submit.py:488} INFO - executorMemory          null
[2022-04-06 01:55:34,312] {spark_submit.py:488} INFO - executorCores           null
[2022-04-06 01:55:34,312] {spark_submit.py:488} INFO - totalExecutorCores      null
[2022-04-06 01:55:34,313] {spark_submit.py:488} INFO - propertiesFile          null
[2022-04-06 01:55:34,313] {spark_submit.py:488} INFO - driverMemory            null
[2022-04-06 01:55:34,313] {spark_submit.py:488} INFO - driverCores             null
[2022-04-06 01:55:34,313] {spark_submit.py:488} INFO - driverExtraClassPath    null
[2022-04-06 01:55:34,313] {spark_submit.py:488} INFO - driverExtraLibraryPath  null
[2022-04-06 01:55:34,313] {spark_submit.py:488} INFO - driverExtraJavaOptions  null
[2022-04-06 01:55:34,313] {spark_submit.py:488} INFO - supervise               false
[2022-04-06 01:55:34,313] {spark_submit.py:488} INFO - queue                   root.default
[2022-04-06 01:55:34,313] {spark_submit.py:488} INFO - numExecutors            null
[2022-04-06 01:55:34,313] {spark_submit.py:488} INFO - files                   null
[2022-04-06 01:55:34,313] {spark_submit.py:488} INFO - pyFiles                 null
[2022-04-06 01:55:34,313] {spark_submit.py:488} INFO - archives                null
[2022-04-06 01:55:34,313] {spark_submit.py:488} INFO - mainClass               null
[2022-04-06 01:55:34,313] {spark_submit.py:488} INFO - primaryResource         file:/opt/***/dags/pyspark_parquet_transformation.py
[2022-04-06 01:55:34,313] {spark_submit.py:488} INFO - name                    format_schema
[2022-04-06 01:55:34,314] {spark_submit.py:488} INFO - childArgs               [posts_answers 2016-12]
[2022-04-06 01:55:34,314] {spark_submit.py:488} INFO - jars                    null
[2022-04-06 01:55:34,314] {spark_submit.py:488} INFO - packages                null
[2022-04-06 01:55:34,314] {spark_submit.py:488} INFO - packagesExclusions      null
[2022-04-06 01:55:34,314] {spark_submit.py:488} INFO - repositories            null
[2022-04-06 01:55:34,314] {spark_submit.py:488} INFO - verbose                 true
[2022-04-06 01:55:34,314] {spark_submit.py:488} INFO - 
[2022-04-06 01:55:34,314] {spark_submit.py:488} INFO - Spark properties used, including those specified through
[2022-04-06 01:55:34,314] {spark_submit.py:488} INFO - --conf and those from the properties file null:
[2022-04-06 01:55:34,314] {spark_submit.py:488} INFO - (spark.master,local[*])
[2022-04-06 01:55:34,314] {spark_submit.py:488} INFO - 
[2022-04-06 01:55:34,314] {spark_submit.py:488} INFO - 
[2022-04-06 01:55:38,680] {spark_submit.py:488} INFO - Main class:
[2022-04-06 01:55:38,681] {spark_submit.py:488} INFO - org.apache.spark.deploy.PythonRunner
[2022-04-06 01:55:38,681] {spark_submit.py:488} INFO - Arguments:
[2022-04-06 01:55:38,682] {spark_submit.py:488} INFO - file:/opt/***/dags/pyspark_parquet_transformation.py
[2022-04-06 01:55:38,682] {spark_submit.py:488} INFO - null
[2022-04-06 01:55:38,682] {spark_submit.py:488} INFO - posts_answers
[2022-04-06 01:55:38,682] {spark_submit.py:488} INFO - 2016-12
[2022-04-06 01:55:38,735] {spark_submit.py:488} INFO - Spark config:
[2022-04-06 01:55:38,735] {spark_submit.py:488} INFO - (spark.master,spark://spark:7077)
[2022-04-06 01:55:38,735] {spark_submit.py:488} INFO - (spark.submit.pyFiles,)
[2022-04-06 01:55:38,735] {spark_submit.py:488} INFO - (spark.submit.deployMode,client)
[2022-04-06 01:55:38,735] {spark_submit.py:488} INFO - (spark.app.name,format_schema)
[2022-04-06 01:55:38,780] {spark_submit.py:488} INFO - Classpath elements:
[2022-04-06 01:55:38,780] {spark_submit.py:488} INFO - 
[2022-04-06 01:55:38,781] {spark_submit.py:488} INFO - 
[2022-04-06 01:55:38,781] {spark_submit.py:488} INFO - 
[2022-04-06 01:55:47,405] {spark_submit.py:488} INFO - Using Spark's default log4j profile: org/apache/spark/log4j-defaults.properties
[2022-04-06 01:55:47,477] {spark_submit.py:488} INFO - 22/04/06 01:55:47 INFO SparkContext: Running Spark version 3.2.1
[2022-04-06 01:55:47,935] {spark_submit.py:488} INFO - 22/04/06 01:55:47 WARN NativeCodeLoader: Unable to load native-hadoop library for your platform... using builtin-java classes where applicable
[2022-04-06 01:55:50,149] {spark_submit.py:488} INFO - 22/04/06 01:55:50 INFO ResourceUtils: ==============================================================
[2022-04-06 01:55:50,151] {spark_submit.py:488} INFO - 22/04/06 01:55:50 INFO ResourceUtils: No custom resources configured for spark.driver.
[2022-04-06 01:55:50,153] {spark_submit.py:488} INFO - 22/04/06 01:55:50 INFO ResourceUtils: ==============================================================
[2022-04-06 01:55:50,154] {spark_submit.py:488} INFO - 22/04/06 01:55:50 INFO SparkContext: Submitted application: Modidy Schema
[2022-04-06 01:55:50,314] {spark_submit.py:488} INFO - 22/04/06 01:55:50 INFO ResourceProfile: Default ResourceProfile created, executor resources: Map(cores -> name: cores, amount: 1, script: , vendor: , memory -> name: memory, amount: 1024, script: , vendor: , offHeap -> name: offHeap, amount: 0, script: , vendor: ), task resources: Map(cpus -> name: cpus, amount: 1.0)
[2022-04-06 01:55:50,401] {spark_submit.py:488} INFO - 22/04/06 01:55:50 INFO ResourceProfile: Limiting resource is cpu
[2022-04-06 01:55:50,408] {spark_submit.py:488} INFO - 22/04/06 01:55:50 INFO ResourceProfileManager: Added ResourceProfile id: 0
[2022-04-06 01:55:51,142] {spark_submit.py:488} INFO - 22/04/06 01:55:51 INFO SecurityManager: Changing view acls to: default
[2022-04-06 01:55:51,144] {spark_submit.py:488} INFO - 22/04/06 01:55:51 INFO SecurityManager: Changing modify acls to: default
[2022-04-06 01:55:51,145] {spark_submit.py:488} INFO - 22/04/06 01:55:51 INFO SecurityManager: Changing view acls groups to:
[2022-04-06 01:55:51,188] {spark_submit.py:488} INFO - 22/04/06 01:55:51 INFO SecurityManager: Changing modify acls groups to:
[2022-04-06 01:55:51,190] {spark_submit.py:488} INFO - 22/04/06 01:55:51 INFO SecurityManager: SecurityManager: authentication disabled; ui acls disabled; users  with view permissions: Set(default); groups with view permissions: Set(); users  with modify permissions: Set(default); groups with modify permissions: Set()
[2022-04-06 01:55:55,595] {spark_submit.py:488} INFO - 22/04/06 01:55:55 INFO Utils: Successfully started service 'sparkDriver' on port 40275.
[2022-04-06 01:55:56,047] {spark_submit.py:488} INFO - 22/04/06 01:55:56 INFO SparkEnv: Registering MapOutputTracker
[2022-04-06 01:55:56,670] {spark_submit.py:488} INFO - 22/04/06 01:55:56 INFO SparkEnv: Registering BlockManagerMaster
[2022-04-06 01:55:56,993] {spark_submit.py:488} INFO - 22/04/06 01:55:56 INFO BlockManagerMasterEndpoint: Using org.apache.spark.storage.DefaultTopologyMapper for getting topology information
[2022-04-06 01:55:56,995] {spark_submit.py:488} INFO - 22/04/06 01:55:56 INFO BlockManagerMasterEndpoint: BlockManagerMasterEndpoint up
[2022-04-06 01:55:57,146] {spark_submit.py:488} INFO - 22/04/06 01:55:57 INFO SparkEnv: Registering BlockManagerMasterHeartbeat
[2022-04-06 01:55:57,615] {spark_submit.py:488} INFO - 22/04/06 01:55:57 INFO DiskBlockManager: Created local directory at /tmp/blockmgr-5e2c4901-0d9d-4a07-b144-052012173ae3
[2022-04-06 01:55:57,888] {spark_submit.py:488} INFO - 22/04/06 01:55:57 INFO MemoryStore: MemoryStore started with capacity 434.4 MiB
[2022-04-06 01:55:58,243] {spark_submit.py:488} INFO - 22/04/06 01:55:58 INFO SparkEnv: Registering OutputCommitCoordinator
[2022-04-06 01:56:03,548] {spark_submit.py:488} INFO - 22/04/06 01:56:03 WARN Utils: Service 'SparkUI' could not bind on port 4040. Attempting port 4041.
[2022-04-06 01:56:03,549] {spark_submit.py:488} INFO - 22/04/06 01:56:03 WARN Utils: Service 'SparkUI' could not bind on port 4041. Attempting port 4042.
[2022-04-06 01:56:03,550] {spark_submit.py:488} INFO - 22/04/06 01:56:03 WARN Utils: Service 'SparkUI' could not bind on port 4042. Attempting port 4043.
[2022-04-06 01:56:03,550] {spark_submit.py:488} INFO - 22/04/06 01:56:03 WARN Utils: Service 'SparkUI' could not bind on port 4043. Attempting port 4044.
[2022-04-06 01:56:03,592] {spark_submit.py:488} INFO - 22/04/06 01:56:03 WARN Utils: Service 'SparkUI' could not bind on port 4044. Attempting port 4045.
[2022-04-06 01:56:03,595] {spark_submit.py:488} INFO - 22/04/06 01:56:03 WARN Utils: Service 'SparkUI' could not bind on port 4045. Attempting port 4046.
[2022-04-06 01:56:03,596] {spark_submit.py:488} INFO - 22/04/06 01:56:03 WARN Utils: Service 'SparkUI' could not bind on port 4046. Attempting port 4047.
[2022-04-06 01:56:03,597] {spark_submit.py:488} INFO - 22/04/06 01:56:03 WARN Utils: Service 'SparkUI' could not bind on port 4047. Attempting port 4048.
[2022-04-06 01:56:03,757] {spark_submit.py:488} INFO - 22/04/06 01:56:03 INFO Utils: Successfully started service 'SparkUI' on port 4048.
[2022-04-06 01:56:04,827] {spark_submit.py:488} INFO - 22/04/06 01:56:04 INFO SparkUI: Bound SparkUI to 0.0.0.0, and started at http://9fe4286b2855:4048
[2022-04-06 01:56:08,476] {spark_submit.py:488} INFO - 22/04/06 01:56:08 INFO Executor: Starting executor ID driver on host 9fe4286b2855
[2022-04-06 01:56:09,072] {spark_submit.py:488} INFO - 22/04/06 01:56:09 INFO Utils: Successfully started service 'org.apache.spark.network.netty.NettyBlockTransferService' on port 41825.
[2022-04-06 01:56:09,073] {spark_submit.py:488} INFO - 22/04/06 01:56:09 INFO NettyBlockTransferService: Server created on 9fe4286b2855:41825
[2022-04-06 01:56:09,081] {spark_submit.py:488} INFO - 22/04/06 01:56:09 INFO BlockManager: Using org.apache.spark.storage.RandomBlockReplicationPolicy for block replication policy
[2022-04-06 01:56:09,168] {spark_submit.py:488} INFO - 22/04/06 01:56:09 INFO BlockManagerMaster: Registering BlockManager BlockManagerId(driver, 9fe4286b2855, 41825, None)
[2022-04-06 01:56:09,229] {spark_submit.py:488} INFO - 22/04/06 01:56:09 INFO BlockManagerMasterEndpoint: Registering block manager 9fe4286b2855:41825 with 434.4 MiB RAM, BlockManagerId(driver, 9fe4286b2855, 41825, None)
[2022-04-06 01:56:09,277] {spark_submit.py:488} INFO - 22/04/06 01:56:09 INFO BlockManagerMaster: Registered BlockManager BlockManagerId(driver, 9fe4286b2855, 41825, None)
[2022-04-06 01:56:09,315] {spark_submit.py:488} INFO - 22/04/06 01:56:09 INFO BlockManager: Initialized BlockManager: BlockManagerId(driver, 9fe4286b2855, 41825, None)
[2022-04-06 01:56:22,867] {spark_submit.py:488} INFO - 22/04/06 01:56:22 INFO SharedState: Setting hive.metastore.warehouse.dir ('null') to the value of spark.sql.warehouse.dir.
[2022-04-06 01:56:23,420] {spark_submit.py:488} INFO - 22/04/06 01:56:23 INFO SharedState: Warehouse path is 'file:/opt/***/spark-warehouse'.
[2022-04-06 01:56:56,696] {spark_submit.py:488} INFO - 22/04/06 01:56:56 INFO InMemoryFileIndex: It took 1435 ms to list leaf files for 1 paths.
[2022-04-06 01:57:06,526] {spark_submit.py:488} INFO - 22/04/06 01:57:06 INFO SparkContext: Starting job: parquet at NativeMethodAccessorImpl.java:0
[2022-04-06 01:57:06,871] {spark_submit.py:488} INFO - 22/04/06 01:57:06 INFO DAGScheduler: Got job 0 (parquet at NativeMethodAccessorImpl.java:0) with 1 output partitions
[2022-04-06 01:57:06,888] {spark_submit.py:488} INFO - 22/04/06 01:57:06 INFO DAGScheduler: Final stage: ResultStage 0 (parquet at NativeMethodAccessorImpl.java:0)
[2022-04-06 01:57:06,889] {spark_submit.py:488} INFO - 22/04/06 01:57:06 INFO DAGScheduler: Parents of final stage: List()
[2022-04-06 01:57:06,913] {spark_submit.py:488} INFO - 22/04/06 01:57:06 INFO DAGScheduler: Missing parents: List()
[2022-04-06 01:57:06,981] {spark_submit.py:488} INFO - 22/04/06 01:57:06 INFO DAGScheduler: Submitting ResultStage 0 (MapPartitionsRDD[1] at parquet at NativeMethodAccessorImpl.java:0), which has no missing parents
[2022-04-06 01:57:07,879] {spark_submit.py:488} INFO - 22/04/06 01:57:07 INFO MemoryStore: Block broadcast_0 stored as values in memory (estimated size 100.1 KiB, free 434.3 MiB)
[2022-04-06 01:57:08,572] {spark_submit.py:488} INFO - 22/04/06 01:57:08 INFO MemoryStore: Block broadcast_0_piece0 stored as bytes in memory (estimated size 35.8 KiB, free 434.3 MiB)
[2022-04-06 01:57:08,592] {spark_submit.py:488} INFO - 22/04/06 01:57:08 INFO BlockManagerInfo: Added broadcast_0_piece0 in memory on 9fe4286b2855:41825 (size: 35.8 KiB, free: 434.4 MiB)
[2022-04-06 01:57:08,648] {spark_submit.py:488} INFO - 22/04/06 01:57:08 INFO SparkContext: Created broadcast 0 from broadcast at DAGScheduler.scala:1478
[2022-04-06 01:57:09,052] {spark_submit.py:488} INFO - 22/04/06 01:57:09 INFO DAGScheduler: Submitting 1 missing tasks from ResultStage 0 (MapPartitionsRDD[1] at parquet at NativeMethodAccessorImpl.java:0) (first 15 tasks are for partitions Vector(0))
[2022-04-06 01:57:09,052] {spark_submit.py:488} INFO - 22/04/06 01:57:09 INFO TaskSchedulerImpl: Adding task set 0.0 with 1 tasks resource profile 0
[2022-04-06 01:57:10,280] {spark_submit.py:488} INFO - 22/04/06 01:57:10 INFO TaskSetManager: Starting task 0.0 in stage 0.0 (TID 0) (9fe4286b2855, executor driver, partition 0, PROCESS_LOCAL, 4622 bytes) taskResourceAssignments Map()
[2022-04-06 01:57:10,560] {spark_submit.py:488} INFO - 22/04/06 01:57:10 INFO Executor: Running task 0.0 in stage 0.0 (TID 0)
[2022-04-06 01:57:20,546] {spark_submit.py:488} INFO - 22/04/06 01:57:20 INFO Executor: Finished task 0.0 in stage 0.0 (TID 0). 2452 bytes result sent to driver
[2022-04-06 01:57:20,652] {spark_submit.py:488} INFO - 22/04/06 01:57:20 INFO TaskSetManager: Finished task 0.0 in stage 0.0 (TID 0) in 11098 ms on 9fe4286b2855 (executor driver) (1/1)
[2022-04-06 01:57:20,681] {spark_submit.py:488} INFO - 22/04/06 01:57:20 INFO DAGScheduler: ResultStage 0 (parquet at NativeMethodAccessorImpl.java:0) finished in 13.459 s
[2022-04-06 01:57:20,704] {spark_submit.py:488} INFO - 22/04/06 01:57:20 INFO TaskSchedulerImpl: Removed TaskSet 0.0, whose tasks have all completed, from pool
[2022-04-06 01:57:20,750] {spark_submit.py:488} INFO - 22/04/06 01:57:20 INFO DAGScheduler: Job 0 is finished. Cancelling potential speculative or zombie tasks for this job
[2022-04-06 01:57:20,753] {spark_submit.py:488} INFO - 22/04/06 01:57:20 INFO TaskSchedulerImpl: Killing all running tasks in stage 0: Stage finished
[2022-04-06 01:57:20,779] {spark_submit.py:488} INFO - 22/04/06 01:57:20 INFO DAGScheduler: Job 0 finished: parquet at NativeMethodAccessorImpl.java:0, took 14.252631 s
[2022-04-06 01:57:31,188] {spark_submit.py:488} INFO - 22/04/06 01:57:31 INFO BlockManagerInfo: Removed broadcast_0_piece0 on 9fe4286b2855:41825 in memory (size: 35.8 KiB, free: 434.4 MiB)
[2022-04-06 01:58:12,988] {spark_submit.py:488} INFO - 22/04/06 01:58:12 INFO FileSourceStrategy: Pushed Filters:
[2022-04-06 01:58:13,016] {spark_submit.py:488} INFO - 22/04/06 01:58:12 INFO FileSourceStrategy: Post-Scan Filters:
[2022-04-06 01:58:13,062] {spark_submit.py:488} INFO - 22/04/06 01:58:13 INFO FileSourceStrategy: Output Data Schema: struct<id: bigint, title: double, body: string, accepted_answer_id: double, answer_count: double ... 19 more fields>
[2022-04-06 01:58:15,703] {spark_submit.py:488} INFO - 22/04/06 01:58:15 INFO ParquetFileFormat: Using default output committer for Parquet: org.apache.parquet.hadoop.ParquetOutputCommitter
[2022-04-06 01:58:16,198] {spark_submit.py:488} INFO - 22/04/06 01:58:16 INFO FileOutputCommitter: File Output Committer Algorithm version is 1
[2022-04-06 01:58:16,198] {spark_submit.py:488} INFO - 22/04/06 01:58:16 INFO FileOutputCommitter: FileOutputCommitter skip cleanup _temporary folders under output directory:false, ignore cleanup failures: false
[2022-04-06 01:58:16,202] {spark_submit.py:488} INFO - 22/04/06 01:58:16 INFO SQLHadoopMapReduceCommitProtocol: Using user defined output committer class org.apache.parquet.hadoop.ParquetOutputCommitter
[2022-04-06 01:58:16,233] {spark_submit.py:488} INFO - 22/04/06 01:58:16 INFO FileOutputCommitter: File Output Committer Algorithm version is 1
[2022-04-06 01:58:16,234] {spark_submit.py:488} INFO - 22/04/06 01:58:16 INFO FileOutputCommitter: FileOutputCommitter skip cleanup _temporary folders under output directory:false, ignore cleanup failures: false
[2022-04-06 01:58:16,236] {spark_submit.py:488} INFO - 22/04/06 01:58:16 INFO SQLHadoopMapReduceCommitProtocol: Using output committer class org.apache.parquet.hadoop.ParquetOutputCommitter
[2022-04-06 01:58:23,977] {spark_submit.py:488} INFO - 22/04/06 01:58:23 INFO CodeGenerator: Code generated in 4139.020704 ms
[2022-04-06 01:58:24,277] {spark_submit.py:488} INFO - 22/04/06 01:58:24 INFO MemoryStore: Block broadcast_1 stored as values in memory (estimated size 194.3 KiB, free 434.2 MiB)
[2022-04-06 01:58:24,465] {spark_submit.py:488} INFO - 22/04/06 01:58:24 INFO MemoryStore: Block broadcast_1_piece0 stored as bytes in memory (estimated size 34.3 KiB, free 434.2 MiB)
[2022-04-06 01:58:24,467] {spark_submit.py:488} INFO - 22/04/06 01:58:24 INFO BlockManagerInfo: Added broadcast_1_piece0 in memory on 9fe4286b2855:41825 (size: 34.3 KiB, free: 434.4 MiB)
[2022-04-06 01:58:24,491] {spark_submit.py:488} INFO - 22/04/06 01:58:24 INFO SparkContext: Created broadcast 1 from save at NativeMethodAccessorImpl.java:0
[2022-04-06 01:58:24,625] {spark_submit.py:488} INFO - 22/04/06 01:58:24 INFO FileSourceScanExec: Planning scan with bin packing, max size: 29817733 bytes, open cost is considered as scanning 4194304 bytes.
[2022-04-06 01:58:25,289] {spark_submit.py:488} INFO - 22/04/06 01:58:25 INFO DAGScheduler: Registering RDD 6 (save at NativeMethodAccessorImpl.java:0) as input to shuffle 0
[2022-04-06 01:58:25,314] {spark_submit.py:488} INFO - 22/04/06 01:58:25 INFO DAGScheduler: Got map stage job 1 (save at NativeMethodAccessorImpl.java:0) with 4 output partitions
[2022-04-06 01:58:25,316] {spark_submit.py:488} INFO - 22/04/06 01:58:25 INFO DAGScheduler: Final stage: ShuffleMapStage 1 (save at NativeMethodAccessorImpl.java:0)
[2022-04-06 01:58:25,335] {spark_submit.py:488} INFO - 22/04/06 01:58:25 INFO DAGScheduler: Parents of final stage: List()
[2022-04-06 01:58:25,342] {spark_submit.py:488} INFO - 22/04/06 01:58:25 INFO DAGScheduler: Missing parents: List()
[2022-04-06 01:58:25,357] {spark_submit.py:488} INFO - 22/04/06 01:58:25 INFO DAGScheduler: Submitting ShuffleMapStage 1 (MapPartitionsRDD[6] at save at NativeMethodAccessorImpl.java:0), which has no missing parents
[2022-04-06 01:58:25,965] {spark_submit.py:488} INFO - 22/04/06 01:58:25 INFO MemoryStore: Block broadcast_2 stored as values in memory (estimated size 32.6 KiB, free 434.1 MiB)
[2022-04-06 01:58:26,052] {spark_submit.py:488} INFO - 22/04/06 01:58:26 INFO MemoryStore: Block broadcast_2_piece0 stored as bytes in memory (estimated size 10.6 KiB, free 434.1 MiB)
[2022-04-06 01:58:26,062] {spark_submit.py:488} INFO - 22/04/06 01:58:26 INFO BlockManagerInfo: Added broadcast_2_piece0 in memory on 9fe4286b2855:41825 (size: 10.6 KiB, free: 434.4 MiB)
[2022-04-06 01:58:26,070] {spark_submit.py:488} INFO - 22/04/06 01:58:26 INFO SparkContext: Created broadcast 2 from broadcast at DAGScheduler.scala:1478
[2022-04-06 01:58:26,083] {spark_submit.py:488} INFO - 22/04/06 01:58:26 INFO DAGScheduler: Submitting 4 missing tasks from ShuffleMapStage 1 (MapPartitionsRDD[6] at save at NativeMethodAccessorImpl.java:0) (first 15 tasks are for partitions Vector(0, 1, 2, 3))
[2022-04-06 01:58:26,083] {spark_submit.py:488} INFO - 22/04/06 01:58:26 INFO TaskSchedulerImpl: Adding task set 1.0 with 4 tasks resource profile 0
[2022-04-06 01:58:26,127] {spark_submit.py:488} INFO - 22/04/06 01:58:26 INFO TaskSetManager: Starting task 0.0 in stage 1.0 (TID 1) (9fe4286b2855, executor driver, partition 0, PROCESS_LOCAL, 4888 bytes) taskResourceAssignments Map()
[2022-04-06 01:58:26,132] {spark_submit.py:488} INFO - 22/04/06 01:58:26 INFO TaskSetManager: Starting task 1.0 in stage 1.0 (TID 2) (9fe4286b2855, executor driver, partition 1, PROCESS_LOCAL, 4888 bytes) taskResourceAssignments Map()
[2022-04-06 01:58:26,136] {spark_submit.py:488} INFO - 22/04/06 01:58:26 INFO TaskSetManager: Starting task 2.0 in stage 1.0 (TID 3) (9fe4286b2855, executor driver, partition 2, PROCESS_LOCAL, 4888 bytes) taskResourceAssignments Map()
[2022-04-06 01:58:26,156] {spark_submit.py:488} INFO - 22/04/06 01:58:26 INFO TaskSetManager: Starting task 3.0 in stage 1.0 (TID 4) (9fe4286b2855, executor driver, partition 3, PROCESS_LOCAL, 4888 bytes) taskResourceAssignments Map()
[2022-04-06 01:58:26,196] {spark_submit.py:488} INFO - 22/04/06 01:58:26 INFO Executor: Running task 0.0 in stage 1.0 (TID 1)
[2022-04-06 01:58:26,210] {spark_submit.py:488} INFO - 22/04/06 01:58:26 INFO Executor: Running task 1.0 in stage 1.0 (TID 2)
[2022-04-06 01:58:26,248] {spark_submit.py:488} INFO - 22/04/06 01:58:26 INFO Executor: Running task 2.0 in stage 1.0 (TID 3)
[2022-04-06 01:58:26,252] {spark_submit.py:488} INFO - 22/04/06 01:58:26 INFO Executor: Running task 3.0 in stage 1.0 (TID 4)
[2022-04-06 01:58:27,108] {spark_submit.py:488} INFO - 22/04/06 01:58:27 INFO FileScanRDD: Reading File path: gs://dtc_data_lake_de-stack-overflow/parquet/posts_answers-2016-12.parquet, range: 59635466-89453199, partition values: [empty row]
[2022-04-06 01:58:27,134] {spark_submit.py:488} INFO - 22/04/06 01:58:27 INFO FileScanRDD: Reading File path: gs://dtc_data_lake_de-stack-overflow/parquet/posts_answers-2016-12.parquet, range: 29817733-59635466, partition values: [empty row]
[2022-04-06 01:58:27,146] {spark_submit.py:488} INFO - 22/04/06 01:58:27 INFO FileScanRDD: Reading File path: gs://dtc_data_lake_de-stack-overflow/parquet/posts_answers-2016-12.parquet, range: 0-29817733, partition values: [empty row]
[2022-04-06 01:58:27,173] {spark_submit.py:488} INFO - 22/04/06 01:58:27 INFO FileScanRDD: Reading File path: gs://dtc_data_lake_de-stack-overflow/parquet/posts_answers-2016-12.parquet, range: 89453199-115076629, partition values: [empty row]
[2022-04-06 01:58:30,201] {spark_submit.py:488} INFO - 22/04/06 01:58:30 INFO Executor: Finished task 0.0 in stage 1.0 (TID 1). 1900 bytes result sent to driver
[2022-04-06 01:58:30,207] {spark_submit.py:488} INFO - 22/04/06 01:58:30 INFO Executor: Finished task 3.0 in stage 1.0 (TID 4). 1857 bytes result sent to driver
[2022-04-06 01:58:30,210] {spark_submit.py:488} INFO - 22/04/06 01:58:30 INFO Executor: Finished task 2.0 in stage 1.0 (TID 3). 1900 bytes result sent to driver
[2022-04-06 01:58:30,306] {spark_submit.py:488} INFO - 22/04/06 01:58:30 INFO TaskSetManager: Finished task 0.0 in stage 1.0 (TID 1) in 4188 ms on 9fe4286b2855 (executor driver) (1/4)
[2022-04-06 01:58:30,307] {spark_submit.py:488} INFO - 22/04/06 01:58:30 INFO TaskSetManager: Finished task 2.0 in stage 1.0 (TID 3) in 4171 ms on 9fe4286b2855 (executor driver) (2/4)
[2022-04-06 01:58:30,307] {spark_submit.py:488} INFO - 22/04/06 01:58:30 INFO TaskSetManager: Finished task 3.0 in stage 1.0 (TID 4) in 4159 ms on 9fe4286b2855 (executor driver) (3/4)
[2022-04-06 01:58:48,844] {spark_submit.py:488} INFO - 22/04/06 01:58:48 INFO CodecPool: Got brand-new decompressor [.snappy]
[2022-04-06 01:59:47,239] {spark_submit.py:488} INFO - 22/04/06 01:59:47 INFO Executor: Finished task 1.0 in stage 1.0 (TID 2). 2072 bytes result sent to driver
[2022-04-06 01:59:47,257] {spark_submit.py:488} INFO - 22/04/06 01:59:47 INFO TaskSetManager: Finished task 1.0 in stage 1.0 (TID 2) in 81129 ms on 9fe4286b2855 (executor driver) (4/4)
[2022-04-06 01:59:47,257] {spark_submit.py:488} INFO - 22/04/06 01:59:47 INFO TaskSchedulerImpl: Removed TaskSet 1.0, whose tasks have all completed, from pool
[2022-04-06 01:59:47,260] {spark_submit.py:488} INFO - 22/04/06 01:59:47 INFO DAGScheduler: ShuffleMapStage 1 (save at NativeMethodAccessorImpl.java:0) finished in 81.837 s
[2022-04-06 01:59:47,264] {spark_submit.py:488} INFO - 22/04/06 01:59:47 INFO DAGScheduler: looking for newly runnable stages
[2022-04-06 01:59:47,264] {spark_submit.py:488} INFO - 22/04/06 01:59:47 INFO DAGScheduler: running: Set()
[2022-04-06 01:59:47,264] {spark_submit.py:488} INFO - 22/04/06 01:59:47 INFO DAGScheduler: waiting: Set()
[2022-04-06 01:59:47,264] {spark_submit.py:488} INFO - 22/04/06 01:59:47 INFO DAGScheduler: failed: Set()
[2022-04-06 01:59:47,933] {spark_submit.py:488} INFO - 22/04/06 01:59:47 INFO SparkContext: Starting job: save at NativeMethodAccessorImpl.java:0
[2022-04-06 01:59:47,937] {spark_submit.py:488} INFO - 22/04/06 01:59:47 INFO DAGScheduler: Got job 2 (save at NativeMethodAccessorImpl.java:0) with 4 output partitions
[2022-04-06 01:59:47,937] {spark_submit.py:488} INFO - 22/04/06 01:59:47 INFO DAGScheduler: Final stage: ResultStage 3 (save at NativeMethodAccessorImpl.java:0)
[2022-04-06 01:59:47,937] {spark_submit.py:488} INFO - 22/04/06 01:59:47 INFO DAGScheduler: Parents of final stage: List(ShuffleMapStage 2)
[2022-04-06 01:59:47,938] {spark_submit.py:488} INFO - 22/04/06 01:59:47 INFO DAGScheduler: Missing parents: List()
[2022-04-06 01:59:47,945] {spark_submit.py:488} INFO - 22/04/06 01:59:47 INFO DAGScheduler: Submitting ResultStage 3 (ShuffledRowRDD[7] at save at NativeMethodAccessorImpl.java:0), which has no missing parents
[2022-04-06 01:59:48,506] {spark_submit.py:488} INFO - 22/04/06 01:59:48 INFO MemoryStore: Block broadcast_3 stored as values in memory (estimated size 204.1 KiB, free 433.9 MiB)
[2022-04-06 01:59:48,566] {spark_submit.py:488} INFO - 22/04/06 01:59:48 INFO MemoryStore: Block broadcast_3_piece0 stored as bytes in memory (estimated size 72.9 KiB, free 433.9 MiB)
[2022-04-06 01:59:48,567] {spark_submit.py:488} INFO - 22/04/06 01:59:48 INFO BlockManagerInfo: Added broadcast_3_piece0 in memory on 9fe4286b2855:41825 (size: 72.9 KiB, free: 434.3 MiB)
[2022-04-06 01:59:48,572] {spark_submit.py:488} INFO - 22/04/06 01:59:48 INFO SparkContext: Created broadcast 3 from broadcast at DAGScheduler.scala:1478
[2022-04-06 01:59:48,574] {spark_submit.py:488} INFO - 22/04/06 01:59:48 INFO DAGScheduler: Submitting 4 missing tasks from ResultStage 3 (ShuffledRowRDD[7] at save at NativeMethodAccessorImpl.java:0) (first 15 tasks are for partitions Vector(0, 1, 2, 3))
[2022-04-06 01:59:48,574] {spark_submit.py:488} INFO - 22/04/06 01:59:48 INFO TaskSchedulerImpl: Adding task set 3.0 with 4 tasks resource profile 0
[2022-04-06 01:59:48,633] {spark_submit.py:488} INFO - 22/04/06 01:59:48 INFO TaskSetManager: Starting task 0.0 in stage 3.0 (TID 5) (9fe4286b2855, executor driver, partition 0, NODE_LOCAL, 4453 bytes) taskResourceAssignments Map()
[2022-04-06 01:59:48,634] {spark_submit.py:488} INFO - 22/04/06 01:59:48 INFO TaskSetManager: Starting task 1.0 in stage 3.0 (TID 6) (9fe4286b2855, executor driver, partition 1, NODE_LOCAL, 4453 bytes) taskResourceAssignments Map()
[2022-04-06 01:59:48,635] {spark_submit.py:488} INFO - 22/04/06 01:59:48 INFO TaskSetManager: Starting task 2.0 in stage 3.0 (TID 7) (9fe4286b2855, executor driver, partition 2, NODE_LOCAL, 4453 bytes) taskResourceAssignments Map()
[2022-04-06 01:59:48,636] {spark_submit.py:488} INFO - 22/04/06 01:59:48 INFO TaskSetManager: Starting task 3.0 in stage 3.0 (TID 8) (9fe4286b2855, executor driver, partition 3, NODE_LOCAL, 4453 bytes) taskResourceAssignments Map()
[2022-04-06 01:59:48,637] {spark_submit.py:488} INFO - 22/04/06 01:59:48 INFO Executor: Running task 0.0 in stage 3.0 (TID 5)
[2022-04-06 01:59:48,720] {spark_submit.py:488} INFO - 22/04/06 01:59:48 INFO Executor: Running task 1.0 in stage 3.0 (TID 6)
[2022-04-06 01:59:48,728] {spark_submit.py:488} INFO - 22/04/06 01:59:48 INFO Executor: Running task 2.0 in stage 3.0 (TID 7)
[2022-04-06 01:59:48,764] {spark_submit.py:488} INFO - 22/04/06 01:59:48 INFO Executor: Running task 3.0 in stage 3.0 (TID 8)
[2022-04-06 01:59:49,343] {spark_submit.py:488} INFO - 22/04/06 01:59:49 INFO ShuffleBlockFetcherIterator: Getting 1 (32.6 MiB) non-empty blocks including 1 (32.6 MiB) local and 0 (0.0 B) host-local and 0 (0.0 B) push-merged-local and 0 (0.0 B) remote blocks
[2022-04-06 01:59:49,419] {spark_submit.py:488} INFO - 22/04/06 01:59:49 INFO ShuffleBlockFetcherIterator: Getting 1 (32.6 MiB) non-empty blocks including 1 (32.6 MiB) local and 0 (0.0 B) host-local and 0 (0.0 B) push-merged-local and 0 (0.0 B) remote blocks
[2022-04-06 01:59:49,425] {spark_submit.py:488} INFO - 22/04/06 01:59:49 INFO ShuffleBlockFetcherIterator: Getting 1 (32.6 MiB) non-empty blocks including 1 (32.6 MiB) local and 0 (0.0 B) host-local and 0 (0.0 B) push-merged-local and 0 (0.0 B) remote blocks
[2022-04-06 01:59:49,425] {spark_submit.py:488} INFO - 22/04/06 01:59:49 INFO ShuffleBlockFetcherIterator: Started 0 remote fetches in 100 ms
[2022-04-06 01:59:49,425] {spark_submit.py:488} INFO - 22/04/06 01:59:49 INFO ShuffleBlockFetcherIterator: Getting 1 (32.6 MiB) non-empty blocks including 1 (32.6 MiB) local and 0 (0.0 B) host-local and 0 (0.0 B) push-merged-local and 0 (0.0 B) remote blocks
[2022-04-06 01:59:49,425] {spark_submit.py:488} INFO - 22/04/06 01:59:49 INFO ShuffleBlockFetcherIterator: Started 0 remote fetches in 1 ms
[2022-04-06 01:59:49,458] {spark_submit.py:488} INFO - 22/04/06 01:59:49 INFO ShuffleBlockFetcherIterator: Started 0 remote fetches in 121 ms
[2022-04-06 01:59:49,476] {spark_submit.py:488} INFO - 22/04/06 01:59:49 INFO ShuffleBlockFetcherIterator: Started 0 remote fetches in 153 ms
[2022-04-06 01:59:49,495] {spark_submit.py:488} INFO - 22/04/06 01:59:49 INFO FileOutputCommitter: File Output Committer Algorithm version is 1
[2022-04-06 01:59:49,495] {spark_submit.py:488} INFO - 22/04/06 01:59:49 INFO FileOutputCommitter: FileOutputCommitter skip cleanup _temporary folders under output directory:false, ignore cleanup failures: false
[2022-04-06 01:59:49,498] {spark_submit.py:488} INFO - 22/04/06 01:59:49 INFO FileOutputCommitter: File Output Committer Algorithm version is 1
[2022-04-06 01:59:49,498] {spark_submit.py:488} INFO - 22/04/06 01:59:49 INFO FileOutputCommitter: FileOutputCommitter skip cleanup _temporary folders under output directory:false, ignore cleanup failures: false
[2022-04-06 01:59:49,518] {spark_submit.py:488} INFO - 22/04/06 01:59:49 INFO FileOutputCommitter: File Output Committer Algorithm version is 1
[2022-04-06 01:59:49,519] {spark_submit.py:488} INFO - 22/04/06 01:59:49 INFO FileOutputCommitter: FileOutputCommitter skip cleanup _temporary folders under output directory:false, ignore cleanup failures: false
[2022-04-06 01:59:49,520] {spark_submit.py:488} INFO - 22/04/06 01:59:49 INFO SQLHadoopMapReduceCommitProtocol: Using user defined output committer class org.apache.parquet.hadoop.ParquetOutputCommitter
[2022-04-06 01:59:49,521] {spark_submit.py:488} INFO - 22/04/06 01:59:49 INFO FileOutputCommitter: File Output Committer Algorithm version is 1
[2022-04-06 01:59:49,521] {spark_submit.py:488} INFO - 22/04/06 01:59:49 INFO FileOutputCommitter: FileOutputCommitter skip cleanup _temporary folders under output directory:false, ignore cleanup failures: false
[2022-04-06 01:59:49,521] {spark_submit.py:488} INFO - 22/04/06 01:59:49 INFO FileOutputCommitter: File Output Committer Algorithm version is 1
[2022-04-06 01:59:49,521] {spark_submit.py:488} INFO - 22/04/06 01:59:49 INFO FileOutputCommitter: FileOutputCommitter skip cleanup _temporary folders under output directory:false, ignore cleanup failures: false
[2022-04-06 01:59:49,562] {spark_submit.py:488} INFO - 22/04/06 01:59:49 INFO SQLHadoopMapReduceCommitProtocol: Using user defined output committer class org.apache.parquet.hadoop.ParquetOutputCommitter
[2022-04-06 01:59:49,563] {spark_submit.py:488} INFO - 22/04/06 01:59:49 INFO FileOutputCommitter: File Output Committer Algorithm version is 1
[2022-04-06 01:59:49,563] {spark_submit.py:488} INFO - 22/04/06 01:59:49 INFO FileOutputCommitter: FileOutputCommitter skip cleanup _temporary folders under output directory:false, ignore cleanup failures: false
[2022-04-06 01:59:49,568] {spark_submit.py:488} INFO - 22/04/06 01:59:49 INFO SQLHadoopMapReduceCommitProtocol: Using output committer class org.apache.parquet.hadoop.ParquetOutputCommitter
[2022-04-06 01:59:49,573] {spark_submit.py:488} INFO - 22/04/06 01:59:49 INFO SQLHadoopMapReduceCommitProtocol: Using user defined output committer class org.apache.parquet.hadoop.ParquetOutputCommitter
[2022-04-06 01:59:49,573] {spark_submit.py:488} INFO - 22/04/06 01:59:49 INFO FileOutputCommitter: File Output Committer Algorithm version is 1
[2022-04-06 01:59:49,574] {spark_submit.py:488} INFO - 22/04/06 01:59:49 INFO FileOutputCommitter: FileOutputCommitter skip cleanup _temporary folders under output directory:false, ignore cleanup failures: false
[2022-04-06 01:59:49,576] {spark_submit.py:488} INFO - 22/04/06 01:59:49 INFO SQLHadoopMapReduceCommitProtocol: Using output committer class org.apache.parquet.hadoop.ParquetOutputCommitter
[2022-04-06 01:59:49,581] {spark_submit.py:488} INFO - 22/04/06 01:59:49 INFO SQLHadoopMapReduceCommitProtocol: Using output committer class org.apache.parquet.hadoop.ParquetOutputCommitter
[2022-04-06 01:59:49,585] {spark_submit.py:488} INFO - 22/04/06 01:59:49 INFO SQLHadoopMapReduceCommitProtocol: Using user defined output committer class org.apache.parquet.hadoop.ParquetOutputCommitter
[2022-04-06 01:59:49,586] {spark_submit.py:488} INFO - 22/04/06 01:59:49 INFO FileOutputCommitter: File Output Committer Algorithm version is 1
[2022-04-06 01:59:49,586] {spark_submit.py:488} INFO - 22/04/06 01:59:49 INFO FileOutputCommitter: FileOutputCommitter skip cleanup _temporary folders under output directory:false, ignore cleanup failures: false
[2022-04-06 01:59:49,587] {spark_submit.py:488} INFO - 22/04/06 01:59:49 INFO SQLHadoopMapReduceCommitProtocol: Using output committer class org.apache.parquet.hadoop.ParquetOutputCommitter
[2022-04-06 01:59:49,615] {spark_submit.py:488} INFO - 22/04/06 01:59:49 INFO CodecConfig: Compression: SNAPPY
[2022-04-06 01:59:49,620] {spark_submit.py:488} INFO - 22/04/06 01:59:49 INFO CodecConfig: Compression: SNAPPY
[2022-04-06 01:59:49,706] {spark_submit.py:488} INFO - 22/04/06 01:59:49 INFO CodecConfig: Compression: SNAPPY
[2022-04-06 01:59:49,707] {spark_submit.py:488} INFO - 22/04/06 01:59:49 INFO CodecConfig: Compression: SNAPPY
[2022-04-06 01:59:49,886] {spark_submit.py:488} INFO - 22/04/06 01:59:49 INFO CodecConfig: Compression: SNAPPY
[2022-04-06 01:59:49,886] {spark_submit.py:488} INFO - 22/04/06 01:59:49 INFO CodecConfig: Compression: SNAPPY
[2022-04-06 01:59:49,886] {spark_submit.py:488} INFO - 22/04/06 01:59:49 INFO CodecConfig: Compression: SNAPPY
[2022-04-06 01:59:49,886] {spark_submit.py:488} INFO - 22/04/06 01:59:49 INFO CodecConfig: Compression: SNAPPY
[2022-04-06 01:59:49,925] {spark_submit.py:488} INFO - 22/04/06 01:59:49 INFO BlockManagerInfo: Removed broadcast_2_piece0 on 9fe4286b2855:41825 in memory (size: 10.6 KiB, free: 434.3 MiB)
[2022-04-06 01:59:50,000] {spark_submit.py:488} INFO - 22/04/06 01:59:49 INFO ParquetOutputFormat: Parquet block size to 134217728
[2022-04-06 01:59:50,000] {spark_submit.py:488} INFO - 22/04/06 01:59:49 INFO ParquetOutputFormat: Validation is off
[2022-04-06 01:59:50,000] {spark_submit.py:488} INFO - 22/04/06 01:59:49 INFO ParquetOutputFormat: Maximum row group padding size is 8388608 bytes
[2022-04-06 01:59:50,000] {spark_submit.py:488} INFO - 22/04/06 01:59:49 INFO ParquetOutputFormat: Parquet properties are:
[2022-04-06 01:59:50,000] {spark_submit.py:488} INFO - Parquet page size to 1048576
[2022-04-06 01:59:50,000] {spark_submit.py:488} INFO - Parquet dictionary page size to 1048576
[2022-04-06 01:59:50,000] {spark_submit.py:488} INFO - Dictionary is true
[2022-04-06 01:59:50,000] {spark_submit.py:488} INFO - Writer version is: PARQUET_1_0
[2022-04-06 01:59:50,000] {spark_submit.py:488} INFO - Page size checking is: estimated
[2022-04-06 01:59:50,000] {spark_submit.py:488} INFO - Min row count for page size check is: 100
[2022-04-06 01:59:50,001] {spark_submit.py:488} INFO - Max row count for page size check is: 10000
[2022-04-06 01:59:50,001] {spark_submit.py:488} INFO - Truncate length for column indexes is: 64
[2022-04-06 01:59:50,001] {spark_submit.py:488} INFO - Truncate length for statistics min/max  is: 2147483647
[2022-04-06 01:59:50,001] {spark_submit.py:488} INFO - Bloom filter enabled: false
[2022-04-06 01:59:50,001] {spark_submit.py:488} INFO - Max Bloom filter size for a column is 1048576
[2022-04-06 01:59:50,001] {spark_submit.py:488} INFO - Bloom filter expected number of distinct values are: null
[2022-04-06 01:59:50,001] {spark_submit.py:488} INFO - Page row count limit to 20000
[2022-04-06 01:59:50,001] {spark_submit.py:488} INFO - Writing page checksums is: on
[2022-04-06 01:59:50,022] {spark_submit.py:488} INFO - 22/04/06 01:59:50 INFO ParquetOutputFormat: Parquet block size to 134217728
[2022-04-06 01:59:50,022] {spark_submit.py:488} INFO - 22/04/06 01:59:50 INFO ParquetOutputFormat: Validation is off
[2022-04-06 01:59:50,022] {spark_submit.py:488} INFO - 22/04/06 01:59:50 INFO ParquetOutputFormat: Maximum row group padding size is 8388608 bytes
[2022-04-06 01:59:50,022] {spark_submit.py:488} INFO - 22/04/06 01:59:50 INFO ParquetOutputFormat: Parquet properties are:
[2022-04-06 01:59:50,022] {spark_submit.py:488} INFO - Parquet page size to 1048576
[2022-04-06 01:59:50,022] {spark_submit.py:488} INFO - Parquet dictionary page size to 1048576
[2022-04-06 01:59:50,023] {spark_submit.py:488} INFO - Dictionary is true
[2022-04-06 01:59:50,023] {spark_submit.py:488} INFO - Writer version is: PARQUET_1_0
[2022-04-06 01:59:50,023] {spark_submit.py:488} INFO - Page size checking is: estimated
[2022-04-06 01:59:50,023] {spark_submit.py:488} INFO - Min row count for page size check is: 100
[2022-04-06 01:59:50,023] {spark_submit.py:488} INFO - Max row count for page size check is: 10000
[2022-04-06 01:59:50,023] {spark_submit.py:488} INFO - Truncate length for column indexes is: 64
[2022-04-06 01:59:50,023] {spark_submit.py:488} INFO - Truncate length for statistics min/max  is: 2147483647
[2022-04-06 01:59:50,023] {spark_submit.py:488} INFO - Bloom filter enabled: false
[2022-04-06 01:59:50,023] {spark_submit.py:488} INFO - Max Bloom filter size for a column is 1048576
[2022-04-06 01:59:50,023] {spark_submit.py:488} INFO - Bloom filter expected number of distinct values are: null
[2022-04-06 01:59:50,023] {spark_submit.py:488} INFO - Page row count limit to 20000
[2022-04-06 01:59:50,023] {spark_submit.py:488} INFO - Writing page checksums is: on
[2022-04-06 01:59:50,054] {spark_submit.py:488} INFO - 22/04/06 01:59:50 INFO ParquetOutputFormat: Parquet block size to 134217728
[2022-04-06 01:59:50,054] {spark_submit.py:488} INFO - 22/04/06 01:59:50 INFO ParquetOutputFormat: Validation is off
[2022-04-06 01:59:50,054] {spark_submit.py:488} INFO - 22/04/06 01:59:50 INFO ParquetOutputFormat: Maximum row group padding size is 8388608 bytes
[2022-04-06 01:59:50,054] {spark_submit.py:488} INFO - 22/04/06 01:59:50 INFO ParquetOutputFormat: Parquet properties are:
[2022-04-06 01:59:50,054] {spark_submit.py:488} INFO - Parquet page size to 1048576
[2022-04-06 01:59:50,054] {spark_submit.py:488} INFO - Parquet dictionary page size to 1048576
[2022-04-06 01:59:50,055] {spark_submit.py:488} INFO - Dictionary is true
[2022-04-06 01:59:50,055] {spark_submit.py:488} INFO - Writer version is: PARQUET_1_0
[2022-04-06 01:59:50,055] {spark_submit.py:488} INFO - Page size checking is: estimated
[2022-04-06 01:59:50,055] {spark_submit.py:488} INFO - Min row count for page size check is: 100
[2022-04-06 01:59:50,055] {spark_submit.py:488} INFO - Max row count for page size check is: 10000
[2022-04-06 01:59:50,055] {spark_submit.py:488} INFO - Truncate length for column indexes is: 64
[2022-04-06 01:59:50,055] {spark_submit.py:488} INFO - Truncate length for statistics min/max  is: 2147483647
[2022-04-06 01:59:50,055] {spark_submit.py:488} INFO - Bloom filter enabled: false
[2022-04-06 01:59:50,055] {spark_submit.py:488} INFO - Max Bloom filter size for a column is 1048576
[2022-04-06 01:59:50,055] {spark_submit.py:488} INFO - Bloom filter expected number of distinct values are: null
[2022-04-06 01:59:50,055] {spark_submit.py:488} INFO - Page row count limit to 20000
[2022-04-06 01:59:50,055] {spark_submit.py:488} INFO - Writing page checksums is: on
[2022-04-06 01:59:50,099] {spark_submit.py:488} INFO - 22/04/06 01:59:50 INFO ParquetOutputFormat: Parquet block size to 134217728
[2022-04-06 01:59:50,100] {spark_submit.py:488} INFO - 22/04/06 01:59:50 INFO ParquetOutputFormat: Validation is off
[2022-04-06 01:59:50,100] {spark_submit.py:488} INFO - 22/04/06 01:59:50 INFO ParquetOutputFormat: Maximum row group padding size is 8388608 bytes
[2022-04-06 01:59:50,100] {spark_submit.py:488} INFO - 22/04/06 01:59:50 INFO ParquetOutputFormat: Parquet properties are:
[2022-04-06 01:59:50,100] {spark_submit.py:488} INFO - Parquet page size to 1048576
[2022-04-06 01:59:50,100] {spark_submit.py:488} INFO - Parquet dictionary page size to 1048576
[2022-04-06 01:59:50,100] {spark_submit.py:488} INFO - Dictionary is true
[2022-04-06 01:59:50,100] {spark_submit.py:488} INFO - Writer version is: PARQUET_1_0
[2022-04-06 01:59:50,100] {spark_submit.py:488} INFO - Page size checking is: estimated
[2022-04-06 01:59:50,100] {spark_submit.py:488} INFO - Min row count for page size check is: 100
[2022-04-06 01:59:50,100] {spark_submit.py:488} INFO - Max row count for page size check is: 10000
[2022-04-06 01:59:50,101] {spark_submit.py:488} INFO - Truncate length for column indexes is: 64
[2022-04-06 01:59:50,101] {spark_submit.py:488} INFO - Truncate length for statistics min/max  is: 2147483647
[2022-04-06 01:59:50,101] {spark_submit.py:488} INFO - Bloom filter enabled: false
[2022-04-06 01:59:50,101] {spark_submit.py:488} INFO - Max Bloom filter size for a column is 1048576
[2022-04-06 01:59:50,101] {spark_submit.py:488} INFO - Bloom filter expected number of distinct values are: null
[2022-04-06 01:59:50,101] {spark_submit.py:488} INFO - Page row count limit to 20000
[2022-04-06 01:59:50,101] {spark_submit.py:488} INFO - Writing page checksums is: on
[2022-04-06 01:59:50,116] {spark_submit.py:488} INFO - 22/04/06 01:59:50 INFO ParquetWriteSupport: Initialized Parquet WriteSupport with Catalyst schema:
[2022-04-06 01:59:50,116] {spark_submit.py:488} INFO - {
[2022-04-06 01:59:50,116] {spark_submit.py:488} INFO - "type" : "struct",
[2022-04-06 01:59:50,116] {spark_submit.py:488} INFO - "fields" : [ {
[2022-04-06 01:59:50,116] {spark_submit.py:488} INFO - "name" : "id",
[2022-04-06 01:59:50,116] {spark_submit.py:488} INFO - "type" : "integer",
[2022-04-06 01:59:50,116] {spark_submit.py:488} INFO - "nullable" : true,
[2022-04-06 01:59:50,116] {spark_submit.py:488} INFO - "metadata" : { }
[2022-04-06 01:59:50,117] {spark_submit.py:488} INFO - }, {
[2022-04-06 01:59:50,117] {spark_submit.py:488} INFO - "name" : "title",
[2022-04-06 01:59:50,117] {spark_submit.py:488} INFO - "type" : "string",
[2022-04-06 01:59:50,117] {spark_submit.py:488} INFO - "nullable" : true,
[2022-04-06 01:59:50,117] {spark_submit.py:488} INFO - "metadata" : { }
[2022-04-06 01:59:50,117] {spark_submit.py:488} INFO - }, {
[2022-04-06 01:59:50,117] {spark_submit.py:488} INFO - "name" : "body",
[2022-04-06 01:59:50,117] {spark_submit.py:488} INFO - "type" : "string",
[2022-04-06 01:59:50,117] {spark_submit.py:488} INFO - "nullable" : true,
[2022-04-06 01:59:50,117] {spark_submit.py:488} INFO - "metadata" : { }
[2022-04-06 01:59:50,117] {spark_submit.py:488} INFO - }, {
[2022-04-06 01:59:50,117] {spark_submit.py:488} INFO - "name" : "accepted_answer_id",
[2022-04-06 01:59:50,117] {spark_submit.py:488} INFO - "type" : "integer",
[2022-04-06 01:59:50,118] {spark_submit.py:488} INFO - "nullable" : true,
[2022-04-06 01:59:50,118] {spark_submit.py:488} INFO - "metadata" : { }
[2022-04-06 01:59:50,118] {spark_submit.py:488} INFO - }, {
[2022-04-06 01:59:50,118] {spark_submit.py:488} INFO - "name" : "answer_count",
[2022-04-06 01:59:50,118] {spark_submit.py:488} INFO - "type" : "integer",
[2022-04-06 01:59:50,118] {spark_submit.py:488} INFO - "nullable" : true,
[2022-04-06 01:59:50,118] {spark_submit.py:488} INFO - "metadata" : { }
[2022-04-06 01:59:50,118] {spark_submit.py:488} INFO - }, {
[2022-04-06 01:59:50,118] {spark_submit.py:488} INFO - "name" : "comment_count",
[2022-04-06 01:59:50,118] {spark_submit.py:488} INFO - "type" : "integer",
[2022-04-06 01:59:50,118] {spark_submit.py:488} INFO - "nullable" : true,
[2022-04-06 01:59:50,118] {spark_submit.py:488} INFO - "metadata" : { }
[2022-04-06 01:59:50,118] {spark_submit.py:488} INFO - }, {
[2022-04-06 01:59:50,118] {spark_submit.py:488} INFO - "name" : "community_owned_date",
[2022-04-06 01:59:50,119] {spark_submit.py:488} INFO - "type" : "timestamp",
[2022-04-06 01:59:50,119] {spark_submit.py:488} INFO - "nullable" : true,
[2022-04-06 01:59:50,119] {spark_submit.py:488} INFO - "metadata" : { }
[2022-04-06 01:59:50,119] {spark_submit.py:488} INFO - }, {
[2022-04-06 01:59:50,119] {spark_submit.py:488} INFO - "name" : "creation_date",
[2022-04-06 01:59:50,119] {spark_submit.py:488} INFO - "type" : "timestamp",
[2022-04-06 01:59:50,119] {spark_submit.py:488} INFO - "nullable" : true,
[2022-04-06 01:59:50,119] {spark_submit.py:488} INFO - "metadata" : { }
[2022-04-06 01:59:50,119] {spark_submit.py:488} INFO - }, {
[2022-04-06 01:59:50,119] {spark_submit.py:488} INFO - "name" : "favorite_count",
[2022-04-06 01:59:50,119] {spark_submit.py:488} INFO - "type" : "integer",
[2022-04-06 01:59:50,119] {spark_submit.py:488} INFO - "nullable" : true,
[2022-04-06 01:59:50,119] {spark_submit.py:488} INFO - "metadata" : { }
[2022-04-06 01:59:50,119] {spark_submit.py:488} INFO - }, {
[2022-04-06 01:59:50,133] {spark_submit.py:488} INFO - "name" : "last_activity_date",
[2022-04-06 01:59:50,133] {spark_submit.py:488} INFO - "type" : "timestamp",
[2022-04-06 01:59:50,133] {spark_submit.py:488} INFO - "nullable" : true,
[2022-04-06 01:59:50,134] {spark_submit.py:488} INFO - "metadata" : { }
[2022-04-06 01:59:50,134] {spark_submit.py:488} INFO - }, {
[2022-04-06 01:59:50,134] {spark_submit.py:488} INFO - "name" : "last_edit_date",
[2022-04-06 01:59:50,134] {spark_submit.py:488} INFO - "type" : "timestamp",
[2022-04-06 01:59:50,134] {spark_submit.py:488} INFO - "nullable" : true,
[2022-04-06 01:59:50,134] {spark_submit.py:488} INFO - "metadata" : { }
[2022-04-06 01:59:50,134] {spark_submit.py:488} INFO - }, {
[2022-04-06 01:59:50,134] {spark_submit.py:488} INFO - "name" : "last_editor_display_name",
[2022-04-06 01:59:50,134] {spark_submit.py:488} INFO - "type" : "string",
[2022-04-06 01:59:50,134] {spark_submit.py:488} INFO - "nullable" : true,
[2022-04-06 01:59:50,134] {spark_submit.py:488} INFO - "metadata" : { }
[2022-04-06 01:59:50,134] {spark_submit.py:488} INFO - }, {
[2022-04-06 01:59:50,134] {spark_submit.py:488} INFO - "name" : "last_editor_user_id",
[2022-04-06 01:59:50,135] {spark_submit.py:488} INFO - "type" : "integer",
[2022-04-06 01:59:50,135] {spark_submit.py:488} INFO - "nullable" : true,
[2022-04-06 01:59:50,135] {spark_submit.py:488} INFO - "metadata" : { }
[2022-04-06 01:59:50,135] {spark_submit.py:488} INFO - }, {
[2022-04-06 01:59:50,135] {spark_submit.py:488} INFO - "name" : "owner_display_name",
[2022-04-06 01:59:50,135] {spark_submit.py:488} INFO - "type" : "string",
[2022-04-06 01:59:50,135] {spark_submit.py:488} INFO - "nullable" : true,
[2022-04-06 01:59:50,135] {spark_submit.py:488} INFO - "metadata" : { }
[2022-04-06 01:59:50,135] {spark_submit.py:488} INFO - }, {
[2022-04-06 01:59:50,135] {spark_submit.py:488} INFO - "name" : "owner_user_id",
[2022-04-06 01:59:50,135] {spark_submit.py:488} INFO - "type" : "integer",
[2022-04-06 01:59:50,135] {spark_submit.py:488} INFO - "nullable" : true,
[2022-04-06 01:59:50,135] {spark_submit.py:488} INFO - "metadata" : { }
[2022-04-06 01:59:50,136] {spark_submit.py:488} INFO - }, {
[2022-04-06 01:59:50,136] {spark_submit.py:488} INFO - "name" : "parent_id",
[2022-04-06 01:59:50,136] {spark_submit.py:488} INFO - "type" : "integer",
[2022-04-06 01:59:50,136] {spark_submit.py:488} INFO - "nullable" : true,
[2022-04-06 01:59:50,136] {spark_submit.py:488} INFO - "metadata" : { }
[2022-04-06 01:59:50,136] {spark_submit.py:488} INFO - }, {
[2022-04-06 01:59:50,136] {spark_submit.py:488} INFO - "name" : "post_type_id",
[2022-04-06 01:59:50,136] {spark_submit.py:488} INFO - "type" : "integer",
[2022-04-06 01:59:50,136] {spark_submit.py:488} INFO - "nullable" : true,
[2022-04-06 01:59:50,136] {spark_submit.py:488} INFO - "metadata" : { }
[2022-04-06 01:59:50,136] {spark_submit.py:488} INFO - }, {
[2022-04-06 01:59:50,136] {spark_submit.py:488} INFO - "name" : "score",
[2022-04-06 01:59:50,136] {spark_submit.py:488} INFO - "type" : "integer",
[2022-04-06 01:59:50,136] {spark_submit.py:488} INFO - "nullable" : true,
[2022-04-06 01:59:50,136] {spark_submit.py:488} INFO - "metadata" : { }
[2022-04-06 01:59:50,137] {spark_submit.py:488} INFO - }, {
[2022-04-06 01:59:50,137] {spark_submit.py:488} INFO - "name" : "tags",
[2022-04-06 01:59:50,137] {spark_submit.py:488} INFO - "type" : "string",
[2022-04-06 01:59:50,137] {spark_submit.py:488} INFO - "nullable" : true,
[2022-04-06 01:59:50,137] {spark_submit.py:488} INFO - "metadata" : { }
[2022-04-06 01:59:50,137] {spark_submit.py:488} INFO - }, {
[2022-04-06 01:59:50,137] {spark_submit.py:488} INFO - "name" : "view_count",
[2022-04-06 01:59:50,137] {spark_submit.py:488} INFO - "type" : "integer",
[2022-04-06 01:59:50,137] {spark_submit.py:488} INFO - "nullable" : true,
[2022-04-06 01:59:50,137] {spark_submit.py:488} INFO - "metadata" : { }
[2022-04-06 01:59:50,137] {spark_submit.py:488} INFO - }, {
[2022-04-06 01:59:50,137] {spark_submit.py:488} INFO - "name" : "group_by_date",
[2022-04-06 01:59:50,137] {spark_submit.py:488} INFO - "type" : "timestamp",
[2022-04-06 01:59:50,137] {spark_submit.py:488} INFO - "nullable" : true,
[2022-04-06 01:59:50,137] {spark_submit.py:488} INFO - "metadata" : { }
[2022-04-06 01:59:50,138] {spark_submit.py:488} INFO - } ]
[2022-04-06 01:59:50,138] {spark_submit.py:488} INFO - }
[2022-04-06 01:59:50,138] {spark_submit.py:488} INFO - and corresponding Parquet message type:
[2022-04-06 01:59:50,138] {spark_submit.py:488} INFO - message spark_schema {
[2022-04-06 01:59:50,138] {spark_submit.py:488} INFO - optional int32 id;
[2022-04-06 01:59:50,138] {spark_submit.py:488} INFO - optional binary title (STRING);
[2022-04-06 01:59:50,138] {spark_submit.py:488} INFO - optional binary body (STRING);
[2022-04-06 01:59:50,138] {spark_submit.py:488} INFO - optional int32 accepted_answer_id;
[2022-04-06 01:59:50,138] {spark_submit.py:488} INFO - optional int32 answer_count;
[2022-04-06 01:59:50,138] {spark_submit.py:488} INFO - optional int32 comment_count;
[2022-04-06 01:59:50,138] {spark_submit.py:488} INFO - optional int96 community_owned_date;
[2022-04-06 01:59:50,138] {spark_submit.py:488} INFO - optional int96 creation_date;
[2022-04-06 01:59:50,138] {spark_submit.py:488} INFO - optional int32 favorite_count;
[2022-04-06 01:59:50,138] {spark_submit.py:488} INFO - optional int96 last_activity_date;
[2022-04-06 01:59:50,138] {spark_submit.py:488} INFO - optional int96 last_edit_date;
[2022-04-06 01:59:50,138] {spark_submit.py:488} INFO - optional binary last_editor_display_name (STRING);
[2022-04-06 01:59:50,139] {spark_submit.py:488} INFO - optional int32 last_editor_user_id;
[2022-04-06 01:59:50,139] {spark_submit.py:488} INFO - optional binary owner_display_name (STRING);
[2022-04-06 01:59:50,139] {spark_submit.py:488} INFO - optional int32 owner_user_id;
[2022-04-06 01:59:50,139] {spark_submit.py:488} INFO - optional int32 parent_id;
[2022-04-06 01:59:50,139] {spark_submit.py:488} INFO - optional int32 post_type_id;
[2022-04-06 01:59:50,139] {spark_submit.py:488} INFO - optional int32 score;
[2022-04-06 01:59:50,139] {spark_submit.py:488} INFO - optional binary tags (STRING);
[2022-04-06 01:59:50,139] {spark_submit.py:488} INFO - optional int32 view_count;
[2022-04-06 01:59:50,139] {spark_submit.py:488} INFO - optional int96 group_by_date;
[2022-04-06 01:59:50,139] {spark_submit.py:488} INFO - }
[2022-04-06 01:59:50,139] {spark_submit.py:488} INFO - 
[2022-04-06 01:59:50,139] {spark_submit.py:488} INFO - 
[2022-04-06 01:59:50,163] {spark_submit.py:488} INFO - 22/04/06 01:59:50 INFO ParquetWriteSupport: Initialized Parquet WriteSupport with Catalyst schema:
[2022-04-06 01:59:50,179] {spark_submit.py:488} INFO - {
[2022-04-06 01:59:50,180] {spark_submit.py:488} INFO - "type" : "struct",
[2022-04-06 01:59:50,180] {spark_submit.py:488} INFO - "fields" : [ {
[2022-04-06 01:59:50,180] {spark_submit.py:488} INFO - "name" : "id",
[2022-04-06 01:59:50,180] {spark_submit.py:488} INFO - "type" : "integer",
[2022-04-06 01:59:50,180] {spark_submit.py:488} INFO - "nullable" : true,
[2022-04-06 01:59:50,180] {spark_submit.py:488} INFO - "metadata" : { }
[2022-04-06 01:59:50,180] {spark_submit.py:488} INFO - }, {
[2022-04-06 01:59:50,180] {spark_submit.py:488} INFO - "name" : "title",
[2022-04-06 01:59:50,180] {spark_submit.py:488} INFO - "type" : "string",
[2022-04-06 01:59:50,180] {spark_submit.py:488} INFO - "nullable" : true,
[2022-04-06 01:59:50,180] {spark_submit.py:488} INFO - "metadata" : { }
[2022-04-06 01:59:50,180] {spark_submit.py:488} INFO - }, {
[2022-04-06 01:59:50,181] {spark_submit.py:488} INFO - "name" : "body",
[2022-04-06 01:59:50,181] {spark_submit.py:488} INFO - "type" : "string",
[2022-04-06 01:59:50,181] {spark_submit.py:488} INFO - "nullable" : true,
[2022-04-06 01:59:50,181] {spark_submit.py:488} INFO - "metadata" : { }
[2022-04-06 01:59:50,181] {spark_submit.py:488} INFO - }, {
[2022-04-06 01:59:50,181] {spark_submit.py:488} INFO - "name" : "accepted_answer_id",
[2022-04-06 01:59:50,181] {spark_submit.py:488} INFO - "type" : "integer",
[2022-04-06 01:59:50,181] {spark_submit.py:488} INFO - "nullable" : true,
[2022-04-06 01:59:50,181] {spark_submit.py:488} INFO - "metadata" : { }
[2022-04-06 01:59:50,181] {spark_submit.py:488} INFO - }, {
[2022-04-06 01:59:50,181] {spark_submit.py:488} INFO - "name" : "answer_count",
[2022-04-06 01:59:50,181] {spark_submit.py:488} INFO - "type" : "integer",
[2022-04-06 01:59:50,181] {spark_submit.py:488} INFO - "nullable" : true,
[2022-04-06 01:59:50,181] {spark_submit.py:488} INFO - "metadata" : { }
[2022-04-06 01:59:50,182] {spark_submit.py:488} INFO - }, {
[2022-04-06 01:59:50,182] {spark_submit.py:488} INFO - "name" : "comment_count",
[2022-04-06 01:59:50,182] {spark_submit.py:488} INFO - "type" : "integer",
[2022-04-06 01:59:50,182] {spark_submit.py:488} INFO - "nullable" : true,
[2022-04-06 01:59:50,192] {spark_submit.py:488} INFO - "metadata" : { }
[2022-04-06 01:59:50,192] {spark_submit.py:488} INFO - }, {
[2022-04-06 01:59:50,192] {spark_submit.py:488} INFO - "name" : "community_owned_date",
[2022-04-06 01:59:50,192] {spark_submit.py:488} INFO - "type" : "timestamp",
[2022-04-06 01:59:50,192] {spark_submit.py:488} INFO - "nullable" : true,
[2022-04-06 01:59:50,192] {spark_submit.py:488} INFO - "metadata" : { }
[2022-04-06 01:59:50,192] {spark_submit.py:488} INFO - }, {
[2022-04-06 01:59:50,192] {spark_submit.py:488} INFO - "name" : "creation_date",
[2022-04-06 01:59:50,192] {spark_submit.py:488} INFO - "type" : "timestamp",
[2022-04-06 01:59:50,192] {spark_submit.py:488} INFO - "nullable" : true,
[2022-04-06 01:59:50,193] {spark_submit.py:488} INFO - "metadata" : { }
[2022-04-06 01:59:50,193] {spark_submit.py:488} INFO - }, {
[2022-04-06 01:59:50,193] {spark_submit.py:488} INFO - "name" : "favorite_count",
[2022-04-06 01:59:50,193] {spark_submit.py:488} INFO - "type" : "integer",
[2022-04-06 01:59:50,193] {spark_submit.py:488} INFO - "nullable" : true,
[2022-04-06 01:59:50,193] {spark_submit.py:488} INFO - "metadata" : { }
[2022-04-06 01:59:50,193] {spark_submit.py:488} INFO - }, {
[2022-04-06 01:59:50,193] {spark_submit.py:488} INFO - "name" : "last_activity_date",
[2022-04-06 01:59:50,193] {spark_submit.py:488} INFO - "type" : "timestamp",
[2022-04-06 01:59:50,193] {spark_submit.py:488} INFO - "nullable" : true,
[2022-04-06 01:59:50,193] {spark_submit.py:488} INFO - "metadata" : { }
[2022-04-06 01:59:50,193] {spark_submit.py:488} INFO - }, {
[2022-04-06 01:59:50,193] {spark_submit.py:488} INFO - "name" : "last_edit_date",
[2022-04-06 01:59:50,194] {spark_submit.py:488} INFO - "type" : "timestamp",
[2022-04-06 01:59:50,194] {spark_submit.py:488} INFO - "nullable" : true,
[2022-04-06 01:59:50,194] {spark_submit.py:488} INFO - "metadata" : { }
[2022-04-06 01:59:50,194] {spark_submit.py:488} INFO - }, {
[2022-04-06 01:59:50,194] {spark_submit.py:488} INFO - "name" : "last_editor_display_name",
[2022-04-06 01:59:50,194] {spark_submit.py:488} INFO - "type" : "string",
[2022-04-06 01:59:50,194] {spark_submit.py:488} INFO - "nullable" : true,
[2022-04-06 01:59:50,194] {spark_submit.py:488} INFO - "metadata" : { }
[2022-04-06 01:59:50,194] {spark_submit.py:488} INFO - }, {
[2022-04-06 01:59:50,194] {spark_submit.py:488} INFO - "name" : "last_editor_user_id",
[2022-04-06 01:59:50,194] {spark_submit.py:488} INFO - "type" : "integer",
[2022-04-06 01:59:50,194] {spark_submit.py:488} INFO - "nullable" : true,
[2022-04-06 01:59:50,194] {spark_submit.py:488} INFO - "metadata" : { }
[2022-04-06 01:59:50,194] {spark_submit.py:488} INFO - }, {
[2022-04-06 01:59:50,195] {spark_submit.py:488} INFO - "name" : "owner_display_name",
[2022-04-06 01:59:50,195] {spark_submit.py:488} INFO - "type" : "string",
[2022-04-06 01:59:50,195] {spark_submit.py:488} INFO - "nullable" : true,
[2022-04-06 01:59:50,195] {spark_submit.py:488} INFO - "metadata" : { }
[2022-04-06 01:59:50,195] {spark_submit.py:488} INFO - }, {
[2022-04-06 01:59:50,195] {spark_submit.py:488} INFO - "name" : "owner_user_id",
[2022-04-06 01:59:50,195] {spark_submit.py:488} INFO - "type" : "integer",
[2022-04-06 01:59:50,195] {spark_submit.py:488} INFO - "nullable" : true,
[2022-04-06 01:59:50,195] {spark_submit.py:488} INFO - "metadata" : { }
[2022-04-06 01:59:50,195] {spark_submit.py:488} INFO - }, {
[2022-04-06 01:59:50,195] {spark_submit.py:488} INFO - "name" : "parent_id",
[2022-04-06 01:59:50,195] {spark_submit.py:488} INFO - "type" : "integer",
[2022-04-06 01:59:50,195] {spark_submit.py:488} INFO - "nullable" : true,
[2022-04-06 01:59:50,195] {spark_submit.py:488} INFO - "metadata" : { }
[2022-04-06 01:59:50,236] {spark_submit.py:488} INFO - }, {
[2022-04-06 01:59:50,237] {spark_submit.py:488} INFO - "name" : "post_type_id",
[2022-04-06 01:59:50,237] {spark_submit.py:488} INFO - "type" : "integer",
[2022-04-06 01:59:50,237] {spark_submit.py:488} INFO - "nullable" : true,
[2022-04-06 01:59:50,237] {spark_submit.py:488} INFO - "metadata" : { }
[2022-04-06 01:59:50,244] {spark_submit.py:488} INFO - }, {
[2022-04-06 01:59:50,244] {spark_submit.py:488} INFO - "name" : "score",
[2022-04-06 01:59:50,244] {spark_submit.py:488} INFO - "type" : "integer",
[2022-04-06 01:59:50,244] {spark_submit.py:488} INFO - "nullable" : true,
[2022-04-06 01:59:50,244] {spark_submit.py:488} INFO - "metadata" : { }
[2022-04-06 01:59:50,244] {spark_submit.py:488} INFO - }, {
[2022-04-06 01:59:50,244] {spark_submit.py:488} INFO - "name" : "tags",
[2022-04-06 01:59:50,244] {spark_submit.py:488} INFO - "type" : "string",
[2022-04-06 01:59:50,245] {spark_submit.py:488} INFO - "nullable" : true,
[2022-04-06 01:59:50,245] {spark_submit.py:488} INFO - "metadata" : { }
[2022-04-06 01:59:50,245] {spark_submit.py:488} INFO - }, {
[2022-04-06 01:59:50,245] {spark_submit.py:488} INFO - "name" : "view_count",
[2022-04-06 01:59:50,245] {spark_submit.py:488} INFO - "type" : "integer",
[2022-04-06 01:59:50,245] {spark_submit.py:488} INFO - "nullable" : true,
[2022-04-06 01:59:50,245] {spark_submit.py:488} INFO - "metadata" : { }
[2022-04-06 01:59:50,245] {spark_submit.py:488} INFO - }, {
[2022-04-06 01:59:50,245] {spark_submit.py:488} INFO - "name" : "group_by_date",
[2022-04-06 01:59:50,245] {spark_submit.py:488} INFO - "type" : "timestamp",
[2022-04-06 01:59:50,245] {spark_submit.py:488} INFO - "nullable" : true,
[2022-04-06 01:59:50,245] {spark_submit.py:488} INFO - "metadata" : { }
[2022-04-06 01:59:50,245] {spark_submit.py:488} INFO - } ]
[2022-04-06 01:59:50,245] {spark_submit.py:488} INFO - }
[2022-04-06 01:59:50,246] {spark_submit.py:488} INFO - and corresponding Parquet message type:
[2022-04-06 01:59:50,246] {spark_submit.py:488} INFO - message spark_schema {
[2022-04-06 01:59:50,246] {spark_submit.py:488} INFO - optional int32 id;
[2022-04-06 01:59:50,246] {spark_submit.py:488} INFO - optional binary title (STRING);
[2022-04-06 01:59:50,246] {spark_submit.py:488} INFO - optional binary body (STRING);
[2022-04-06 01:59:50,246] {spark_submit.py:488} INFO - optional int32 accepted_answer_id;
[2022-04-06 01:59:50,246] {spark_submit.py:488} INFO - optional int32 answer_count;
[2022-04-06 01:59:50,246] {spark_submit.py:488} INFO - optional int32 comment_count;
[2022-04-06 01:59:50,246] {spark_submit.py:488} INFO - optional int96 community_owned_date;
[2022-04-06 01:59:50,246] {spark_submit.py:488} INFO - optional int96 creation_date;
[2022-04-06 01:59:50,246] {spark_submit.py:488} INFO - optional int32 favorite_count;
[2022-04-06 01:59:50,246] {spark_submit.py:488} INFO - optional int96 last_activity_date;
[2022-04-06 01:59:50,246] {spark_submit.py:488} INFO - optional int96 last_edit_date;
[2022-04-06 01:59:50,247] {spark_submit.py:488} INFO - optional binary last_editor_display_name (STRING);
[2022-04-06 01:59:50,247] {spark_submit.py:488} INFO - optional int32 last_editor_user_id;
[2022-04-06 01:59:50,247] {spark_submit.py:488} INFO - optional binary owner_display_name (STRING);
[2022-04-06 01:59:50,247] {spark_submit.py:488} INFO - optional int32 owner_user_id;
[2022-04-06 01:59:50,247] {spark_submit.py:488} INFO - optional int32 parent_id;
[2022-04-06 01:59:50,247] {spark_submit.py:488} INFO - optional int32 post_type_id;
[2022-04-06 01:59:50,247] {spark_submit.py:488} INFO - optional int32 score;
[2022-04-06 01:59:50,247] {spark_submit.py:488} INFO - optional binary tags (STRING);
[2022-04-06 01:59:50,247] {spark_submit.py:488} INFO - optional int32 view_count;
[2022-04-06 01:59:50,247] {spark_submit.py:488} INFO - optional int96 group_by_date;
[2022-04-06 01:59:50,247] {spark_submit.py:488} INFO - }
[2022-04-06 01:59:50,247] {spark_submit.py:488} INFO - 
[2022-04-06 01:59:50,247] {spark_submit.py:488} INFO - 
[2022-04-06 01:59:50,273] {spark_submit.py:488} INFO - 22/04/06 01:59:50 INFO ParquetWriteSupport: Initialized Parquet WriteSupport with Catalyst schema:
[2022-04-06 01:59:50,273] {spark_submit.py:488} INFO - {
[2022-04-06 01:59:50,273] {spark_submit.py:488} INFO - "type" : "struct",
[2022-04-06 01:59:50,273] {spark_submit.py:488} INFO - "fields" : [ {
[2022-04-06 01:59:50,273] {spark_submit.py:488} INFO - "name" : "id",
[2022-04-06 01:59:50,273] {spark_submit.py:488} INFO - "type" : "integer",
[2022-04-06 01:59:50,273] {spark_submit.py:488} INFO - "nullable" : true,
[2022-04-06 01:59:50,273] {spark_submit.py:488} INFO - "metadata" : { }
[2022-04-06 01:59:50,273] {spark_submit.py:488} INFO - }, {
[2022-04-06 01:59:50,273] {spark_submit.py:488} INFO - "name" : "title",
[2022-04-06 01:59:50,273] {spark_submit.py:488} INFO - "type" : "string",
[2022-04-06 01:59:50,274] {spark_submit.py:488} INFO - "nullable" : true,
[2022-04-06 01:59:50,274] {spark_submit.py:488} INFO - "metadata" : { }
[2022-04-06 01:59:50,274] {spark_submit.py:488} INFO - }, {
[2022-04-06 01:59:50,274] {spark_submit.py:488} INFO - "name" : "body",
[2022-04-06 01:59:50,274] {spark_submit.py:488} INFO - "type" : "string",
[2022-04-06 01:59:50,274] {spark_submit.py:488} INFO - "nullable" : true,
[2022-04-06 01:59:50,274] {spark_submit.py:488} INFO - "metadata" : { }
[2022-04-06 01:59:50,274] {spark_submit.py:488} INFO - }, {
[2022-04-06 01:59:50,274] {spark_submit.py:488} INFO - "name" : "accepted_answer_id",
[2022-04-06 01:59:50,274] {spark_submit.py:488} INFO - "type" : "integer",
[2022-04-06 01:59:50,275] {spark_submit.py:488} INFO - "nullable" : true,
[2022-04-06 01:59:50,275] {spark_submit.py:488} INFO - "metadata" : { }
[2022-04-06 01:59:50,275] {spark_submit.py:488} INFO - }, {
[2022-04-06 01:59:50,275] {spark_submit.py:488} INFO - "name" : "answer_count",
[2022-04-06 01:59:50,275] {spark_submit.py:488} INFO - "type" : "integer",
[2022-04-06 01:59:50,275] {spark_submit.py:488} INFO - "nullable" : true,
[2022-04-06 01:59:50,275] {spark_submit.py:488} INFO - "metadata" : { }
[2022-04-06 01:59:50,275] {spark_submit.py:488} INFO - }, {
[2022-04-06 01:59:50,275] {spark_submit.py:488} INFO - "name" : "comment_count",
[2022-04-06 01:59:50,275] {spark_submit.py:488} INFO - "type" : "integer",
[2022-04-06 01:59:50,275] {spark_submit.py:488} INFO - "nullable" : true,
[2022-04-06 01:59:50,275] {spark_submit.py:488} INFO - "metadata" : { }
[2022-04-06 01:59:50,275] {spark_submit.py:488} INFO - }, {
[2022-04-06 01:59:50,276] {spark_submit.py:488} INFO - "name" : "community_owned_date",
[2022-04-06 01:59:50,276] {spark_submit.py:488} INFO - "type" : "timestamp",
[2022-04-06 01:59:50,276] {spark_submit.py:488} INFO - "nullable" : true,
[2022-04-06 01:59:50,276] {spark_submit.py:488} INFO - "metadata" : { }
[2022-04-06 01:59:50,276] {spark_submit.py:488} INFO - }, {
[2022-04-06 01:59:50,276] {spark_submit.py:488} INFO - "name" : "creation_date",
[2022-04-06 01:59:50,276] {spark_submit.py:488} INFO - "type" : "timestamp",
[2022-04-06 01:59:50,276] {spark_submit.py:488} INFO - "nullable" : true,
[2022-04-06 01:59:50,276] {spark_submit.py:488} INFO - "metadata" : { }
[2022-04-06 01:59:50,276] {spark_submit.py:488} INFO - }, {
[2022-04-06 01:59:50,276] {spark_submit.py:488} INFO - "name" : "favorite_count",
[2022-04-06 01:59:50,276] {spark_submit.py:488} INFO - "type" : "integer",
[2022-04-06 01:59:50,276] {spark_submit.py:488} INFO - "nullable" : true,
[2022-04-06 01:59:50,276] {spark_submit.py:488} INFO - "metadata" : { }
[2022-04-06 01:59:50,277] {spark_submit.py:488} INFO - }, {
[2022-04-06 01:59:50,277] {spark_submit.py:488} INFO - "name" : "last_activity_date",
[2022-04-06 01:59:50,277] {spark_submit.py:488} INFO - "type" : "timestamp",
[2022-04-06 01:59:50,277] {spark_submit.py:488} INFO - "nullable" : true,
[2022-04-06 01:59:50,277] {spark_submit.py:488} INFO - "metadata" : { }
[2022-04-06 01:59:50,277] {spark_submit.py:488} INFO - }, {
[2022-04-06 01:59:50,277] {spark_submit.py:488} INFO - "name" : "last_edit_date",
[2022-04-06 01:59:50,277] {spark_submit.py:488} INFO - "type" : "timestamp",
[2022-04-06 01:59:50,277] {spark_submit.py:488} INFO - "nullable" : true,
[2022-04-06 01:59:50,277] {spark_submit.py:488} INFO - "metadata" : { }
[2022-04-06 01:59:50,277] {spark_submit.py:488} INFO - }, {
[2022-04-06 01:59:50,277] {spark_submit.py:488} INFO - "name" : "last_editor_display_name",
[2022-04-06 01:59:50,277] {spark_submit.py:488} INFO - "type" : "string",
[2022-04-06 01:59:50,277] {spark_submit.py:488} INFO - "nullable" : true,
[2022-04-06 01:59:50,278] {spark_submit.py:488} INFO - "metadata" : { }
[2022-04-06 01:59:50,278] {spark_submit.py:488} INFO - }, {
[2022-04-06 01:59:50,278] {spark_submit.py:488} INFO - "name" : "last_editor_user_id",
[2022-04-06 01:59:50,278] {spark_submit.py:488} INFO - "type" : "integer",
[2022-04-06 01:59:50,278] {spark_submit.py:488} INFO - "nullable" : true,
[2022-04-06 01:59:50,278] {spark_submit.py:488} INFO - "metadata" : { }
[2022-04-06 01:59:50,278] {spark_submit.py:488} INFO - }, {
[2022-04-06 01:59:50,278] {spark_submit.py:488} INFO - "name" : "owner_display_name",
[2022-04-06 01:59:50,278] {spark_submit.py:488} INFO - "type" : "string",
[2022-04-06 01:59:50,278] {spark_submit.py:488} INFO - "nullable" : true,
[2022-04-06 01:59:50,278] {spark_submit.py:488} INFO - "metadata" : { }
[2022-04-06 01:59:50,278] {spark_submit.py:488} INFO - }, {
[2022-04-06 01:59:50,278] {spark_submit.py:488} INFO - "name" : "owner_user_id",
[2022-04-06 01:59:50,278] {spark_submit.py:488} INFO - "type" : "integer",
[2022-04-06 01:59:50,279] {spark_submit.py:488} INFO - "nullable" : true,
[2022-04-06 01:59:50,279] {spark_submit.py:488} INFO - "metadata" : { }
[2022-04-06 01:59:50,279] {spark_submit.py:488} INFO - }, {
[2022-04-06 01:59:50,279] {spark_submit.py:488} INFO - "name" : "parent_id",
[2022-04-06 01:59:50,279] {spark_submit.py:488} INFO - "type" : "integer",
[2022-04-06 01:59:50,279] {spark_submit.py:488} INFO - "nullable" : true,
[2022-04-06 01:59:50,279] {spark_submit.py:488} INFO - "metadata" : { }
[2022-04-06 01:59:50,279] {spark_submit.py:488} INFO - }, {
[2022-04-06 01:59:50,279] {spark_submit.py:488} INFO - "name" : "post_type_id",
[2022-04-06 01:59:50,279] {spark_submit.py:488} INFO - "type" : "integer",
[2022-04-06 01:59:50,279] {spark_submit.py:488} INFO - "nullable" : true,
[2022-04-06 01:59:50,279] {spark_submit.py:488} INFO - "metadata" : { }
[2022-04-06 01:59:50,279] {spark_submit.py:488} INFO - }, {
[2022-04-06 01:59:50,279] {spark_submit.py:488} INFO - "name" : "score",
[2022-04-06 01:59:50,315] {spark_submit.py:488} INFO - "type" : "integer",
[2022-04-06 01:59:50,315] {spark_submit.py:488} INFO - "nullable" : true,
[2022-04-06 01:59:50,316] {spark_submit.py:488} INFO - "metadata" : { }
[2022-04-06 01:59:50,316] {spark_submit.py:488} INFO - }, {
[2022-04-06 01:59:50,316] {spark_submit.py:488} INFO - "name" : "tags",
[2022-04-06 01:59:50,316] {spark_submit.py:488} INFO - "type" : "string",
[2022-04-06 01:59:50,316] {spark_submit.py:488} INFO - "nullable" : true,
[2022-04-06 01:59:50,316] {spark_submit.py:488} INFO - "metadata" : { }
[2022-04-06 01:59:50,316] {spark_submit.py:488} INFO - }, {
[2022-04-06 01:59:50,316] {spark_submit.py:488} INFO - "name" : "view_count",
[2022-04-06 01:59:50,316] {spark_submit.py:488} INFO - "type" : "integer",
[2022-04-06 01:59:50,316] {spark_submit.py:488} INFO - "nullable" : true,
[2022-04-06 01:59:50,316] {spark_submit.py:488} INFO - "metadata" : { }
[2022-04-06 01:59:50,316] {spark_submit.py:488} INFO - }, {
[2022-04-06 01:59:50,316] {spark_submit.py:488} INFO - "name" : "group_by_date",
[2022-04-06 01:59:50,316] {spark_submit.py:488} INFO - "type" : "timestamp",
[2022-04-06 01:59:50,317] {spark_submit.py:488} INFO - "nullable" : true,
[2022-04-06 01:59:50,317] {spark_submit.py:488} INFO - "metadata" : { }
[2022-04-06 01:59:50,317] {spark_submit.py:488} INFO - } ]
[2022-04-06 01:59:50,317] {spark_submit.py:488} INFO - }
[2022-04-06 01:59:50,317] {spark_submit.py:488} INFO - and corresponding Parquet message type:
[2022-04-06 01:59:50,317] {spark_submit.py:488} INFO - message spark_schema {
[2022-04-06 01:59:50,317] {spark_submit.py:488} INFO - optional int32 id;
[2022-04-06 01:59:50,317] {spark_submit.py:488} INFO - optional binary title (STRING);
[2022-04-06 01:59:50,317] {spark_submit.py:488} INFO - optional binary body (STRING);
[2022-04-06 01:59:50,317] {spark_submit.py:488} INFO - optional int32 accepted_answer_id;
[2022-04-06 01:59:50,317] {spark_submit.py:488} INFO - optional int32 answer_count;
[2022-04-06 01:59:50,317] {spark_submit.py:488} INFO - optional int32 comment_count;
[2022-04-06 01:59:50,317] {spark_submit.py:488} INFO - optional int96 community_owned_date;
[2022-04-06 01:59:50,318] {spark_submit.py:488} INFO - optional int96 creation_date;
[2022-04-06 01:59:50,329] {spark_submit.py:488} INFO - optional int32 favorite_count;
[2022-04-06 01:59:50,330] {spark_submit.py:488} INFO - optional int96 last_activity_date;
[2022-04-06 01:59:50,330] {spark_submit.py:488} INFO - optional int96 last_edit_date;
[2022-04-06 01:59:50,330] {spark_submit.py:488} INFO - optional binary last_editor_display_name (STRING);
[2022-04-06 01:59:50,330] {spark_submit.py:488} INFO - optional int32 last_editor_user_id;
[2022-04-06 01:59:50,330] {spark_submit.py:488} INFO - optional binary owner_display_name (STRING);
[2022-04-06 01:59:50,330] {spark_submit.py:488} INFO - optional int32 owner_user_id;
[2022-04-06 01:59:50,330] {spark_submit.py:488} INFO - optional int32 parent_id;
[2022-04-06 01:59:50,330] {spark_submit.py:488} INFO - optional int32 post_type_id;
[2022-04-06 01:59:50,330] {spark_submit.py:488} INFO - optional int32 score;
[2022-04-06 01:59:50,330] {spark_submit.py:488} INFO - optional binary tags (STRING);
[2022-04-06 01:59:50,330] {spark_submit.py:488} INFO - optional int32 view_count;
[2022-04-06 01:59:50,330] {spark_submit.py:488} INFO - optional int96 group_by_date;
[2022-04-06 01:59:50,330] {spark_submit.py:488} INFO - }
[2022-04-06 01:59:50,330] {spark_submit.py:488} INFO - 
[2022-04-06 01:59:50,331] {spark_submit.py:488} INFO - 
[2022-04-06 01:59:50,331] {spark_submit.py:488} INFO - 22/04/06 01:59:50 INFO ParquetWriteSupport: Initialized Parquet WriteSupport with Catalyst schema:
[2022-04-06 01:59:50,331] {spark_submit.py:488} INFO - {
[2022-04-06 01:59:50,331] {spark_submit.py:488} INFO - "type" : "struct",
[2022-04-06 01:59:50,331] {spark_submit.py:488} INFO - "fields" : [ {
[2022-04-06 01:59:50,331] {spark_submit.py:488} INFO - "name" : "id",
[2022-04-06 01:59:50,331] {spark_submit.py:488} INFO - "type" : "integer",
[2022-04-06 01:59:50,331] {spark_submit.py:488} INFO - "nullable" : true,
[2022-04-06 01:59:50,331] {spark_submit.py:488} INFO - "metadata" : { }
[2022-04-06 01:59:50,331] {spark_submit.py:488} INFO - }, {
[2022-04-06 01:59:50,331] {spark_submit.py:488} INFO - "name" : "title",
[2022-04-06 01:59:50,331] {spark_submit.py:488} INFO - "type" : "string",
[2022-04-06 01:59:50,331] {spark_submit.py:488} INFO - "nullable" : true,
[2022-04-06 01:59:50,332] {spark_submit.py:488} INFO - "metadata" : { }
[2022-04-06 01:59:50,332] {spark_submit.py:488} INFO - }, {
[2022-04-06 01:59:50,332] {spark_submit.py:488} INFO - "name" : "body",
[2022-04-06 01:59:50,332] {spark_submit.py:488} INFO - "type" : "string",
[2022-04-06 01:59:50,332] {spark_submit.py:488} INFO - "nullable" : true,
[2022-04-06 01:59:50,332] {spark_submit.py:488} INFO - "metadata" : { }
[2022-04-06 01:59:50,332] {spark_submit.py:488} INFO - }, {
[2022-04-06 01:59:50,332] {spark_submit.py:488} INFO - "name" : "accepted_answer_id",
[2022-04-06 01:59:50,332] {spark_submit.py:488} INFO - "type" : "integer",
[2022-04-06 01:59:50,332] {spark_submit.py:488} INFO - "nullable" : true,
[2022-04-06 01:59:50,332] {spark_submit.py:488} INFO - "metadata" : { }
[2022-04-06 01:59:50,346] {spark_submit.py:488} INFO - }, {
[2022-04-06 01:59:50,346] {spark_submit.py:488} INFO - "name" : "answer_count",
[2022-04-06 01:59:50,346] {spark_submit.py:488} INFO - "type" : "integer",
[2022-04-06 01:59:50,346] {spark_submit.py:488} INFO - "nullable" : true,
[2022-04-06 01:59:50,347] {spark_submit.py:488} INFO - "metadata" : { }
[2022-04-06 01:59:50,347] {spark_submit.py:488} INFO - }, {
[2022-04-06 01:59:50,347] {spark_submit.py:488} INFO - "name" : "comment_count",
[2022-04-06 01:59:50,347] {spark_submit.py:488} INFO - "type" : "integer",
[2022-04-06 01:59:50,347] {spark_submit.py:488} INFO - "nullable" : true,
[2022-04-06 01:59:50,347] {spark_submit.py:488} INFO - "metadata" : { }
[2022-04-06 01:59:50,347] {spark_submit.py:488} INFO - }, {
[2022-04-06 01:59:50,347] {spark_submit.py:488} INFO - "name" : "community_owned_date",
[2022-04-06 01:59:50,347] {spark_submit.py:488} INFO - "type" : "timestamp",
[2022-04-06 01:59:50,347] {spark_submit.py:488} INFO - "nullable" : true,
[2022-04-06 01:59:50,347] {spark_submit.py:488} INFO - "metadata" : { }
[2022-04-06 01:59:50,352] {spark_submit.py:488} INFO - }, {
[2022-04-06 01:59:50,352] {spark_submit.py:488} INFO - "name" : "creation_date",
[2022-04-06 01:59:50,352] {spark_submit.py:488} INFO - "type" : "timestamp",
[2022-04-06 01:59:50,352] {spark_submit.py:488} INFO - "nullable" : true,
[2022-04-06 01:59:50,352] {spark_submit.py:488} INFO - "metadata" : { }
[2022-04-06 01:59:50,352] {spark_submit.py:488} INFO - }, {
[2022-04-06 01:59:50,352] {spark_submit.py:488} INFO - "name" : "favorite_count",
[2022-04-06 01:59:50,352] {spark_submit.py:488} INFO - "type" : "integer",
[2022-04-06 01:59:50,352] {spark_submit.py:488} INFO - "nullable" : true,
[2022-04-06 01:59:50,352] {spark_submit.py:488} INFO - "metadata" : { }
[2022-04-06 01:59:50,353] {spark_submit.py:488} INFO - }, {
[2022-04-06 01:59:50,353] {spark_submit.py:488} INFO - "name" : "last_activity_date",
[2022-04-06 01:59:50,353] {spark_submit.py:488} INFO - "type" : "timestamp",
[2022-04-06 01:59:50,353] {spark_submit.py:488} INFO - "nullable" : true,
[2022-04-06 01:59:50,353] {spark_submit.py:488} INFO - "metadata" : { }
[2022-04-06 01:59:50,353] {spark_submit.py:488} INFO - }, {
[2022-04-06 01:59:50,353] {spark_submit.py:488} INFO - "name" : "last_edit_date",
[2022-04-06 01:59:50,353] {spark_submit.py:488} INFO - "type" : "timestamp",
[2022-04-06 01:59:50,353] {spark_submit.py:488} INFO - "nullable" : true,
[2022-04-06 01:59:50,353] {spark_submit.py:488} INFO - "metadata" : { }
[2022-04-06 01:59:50,353] {spark_submit.py:488} INFO - }, {
[2022-04-06 01:59:50,353] {spark_submit.py:488} INFO - "name" : "last_editor_display_name",
[2022-04-06 01:59:50,353] {spark_submit.py:488} INFO - "type" : "string",
[2022-04-06 01:59:50,353] {spark_submit.py:488} INFO - "nullable" : true,
[2022-04-06 01:59:50,353] {spark_submit.py:488} INFO - "metadata" : { }
[2022-04-06 01:59:50,354] {spark_submit.py:488} INFO - }, {
[2022-04-06 01:59:50,354] {spark_submit.py:488} INFO - "name" : "last_editor_user_id",
[2022-04-06 01:59:50,354] {spark_submit.py:488} INFO - "type" : "integer",
[2022-04-06 01:59:50,354] {spark_submit.py:488} INFO - "nullable" : true,
[2022-04-06 01:59:50,354] {spark_submit.py:488} INFO - "metadata" : { }
[2022-04-06 01:59:50,354] {spark_submit.py:488} INFO - }, {
[2022-04-06 01:59:50,354] {spark_submit.py:488} INFO - "name" : "owner_display_name",
[2022-04-06 01:59:50,354] {spark_submit.py:488} INFO - "type" : "string",
[2022-04-06 01:59:50,354] {spark_submit.py:488} INFO - "nullable" : true,
[2022-04-06 01:59:50,354] {spark_submit.py:488} INFO - "metadata" : { }
[2022-04-06 01:59:50,354] {spark_submit.py:488} INFO - }, {
[2022-04-06 01:59:50,354] {spark_submit.py:488} INFO - "name" : "owner_user_id",
[2022-04-06 01:59:50,354] {spark_submit.py:488} INFO - "type" : "integer",
[2022-04-06 01:59:50,354] {spark_submit.py:488} INFO - "nullable" : true,
[2022-04-06 01:59:50,355] {spark_submit.py:488} INFO - "metadata" : { }
[2022-04-06 01:59:50,355] {spark_submit.py:488} INFO - }, {
[2022-04-06 01:59:50,355] {spark_submit.py:488} INFO - "name" : "parent_id",
[2022-04-06 01:59:50,355] {spark_submit.py:488} INFO - "type" : "integer",
[2022-04-06 01:59:50,355] {spark_submit.py:488} INFO - "nullable" : true,
[2022-04-06 01:59:50,355] {spark_submit.py:488} INFO - "metadata" : { }
[2022-04-06 01:59:50,355] {spark_submit.py:488} INFO - }, {
[2022-04-06 01:59:50,355] {spark_submit.py:488} INFO - "name" : "post_type_id",
[2022-04-06 01:59:50,355] {spark_submit.py:488} INFO - "type" : "integer",
[2022-04-06 01:59:50,355] {spark_submit.py:488} INFO - "nullable" : true,
[2022-04-06 01:59:50,355] {spark_submit.py:488} INFO - "metadata" : { }
[2022-04-06 01:59:50,355] {spark_submit.py:488} INFO - }, {
[2022-04-06 01:59:50,355] {spark_submit.py:488} INFO - "name" : "score",
[2022-04-06 01:59:50,384] {spark_submit.py:488} INFO - "type" : "integer",
[2022-04-06 01:59:50,384] {spark_submit.py:488} INFO - "nullable" : true,
[2022-04-06 01:59:50,385] {spark_submit.py:488} INFO - "metadata" : { }
[2022-04-06 01:59:50,385] {spark_submit.py:488} INFO - }, {
[2022-04-06 01:59:50,385] {spark_submit.py:488} INFO - "name" : "tags",
[2022-04-06 01:59:50,385] {spark_submit.py:488} INFO - "type" : "string",
[2022-04-06 01:59:50,385] {spark_submit.py:488} INFO - "nullable" : true,
[2022-04-06 01:59:50,385] {spark_submit.py:488} INFO - "metadata" : { }
[2022-04-06 01:59:50,385] {spark_submit.py:488} INFO - }, {
[2022-04-06 01:59:50,385] {spark_submit.py:488} INFO - "name" : "view_count",
[2022-04-06 01:59:50,385] {spark_submit.py:488} INFO - "type" : "integer",
[2022-04-06 01:59:50,385] {spark_submit.py:488} INFO - "nullable" : true,
[2022-04-06 01:59:50,385] {spark_submit.py:488} INFO - "metadata" : { }
[2022-04-06 01:59:50,385] {spark_submit.py:488} INFO - }, {
[2022-04-06 01:59:50,385] {spark_submit.py:488} INFO - "name" : "group_by_date",
[2022-04-06 01:59:50,385] {spark_submit.py:488} INFO - "type" : "timestamp",
[2022-04-06 01:59:50,385] {spark_submit.py:488} INFO - "nullable" : true,
[2022-04-06 01:59:50,386] {spark_submit.py:488} INFO - "metadata" : { }
[2022-04-06 01:59:50,386] {spark_submit.py:488} INFO - } ]
[2022-04-06 01:59:50,386] {spark_submit.py:488} INFO - }
[2022-04-06 01:59:50,386] {spark_submit.py:488} INFO - and corresponding Parquet message type:
[2022-04-06 01:59:50,386] {spark_submit.py:488} INFO - message spark_schema {
[2022-04-06 01:59:50,386] {spark_submit.py:488} INFO - optional int32 id;
[2022-04-06 01:59:50,386] {spark_submit.py:488} INFO - optional binary title (STRING);
[2022-04-06 01:59:50,386] {spark_submit.py:488} INFO - optional binary body (STRING);
[2022-04-06 01:59:50,386] {spark_submit.py:488} INFO - optional int32 accepted_answer_id;
[2022-04-06 01:59:50,386] {spark_submit.py:488} INFO - optional int32 answer_count;
[2022-04-06 01:59:50,386] {spark_submit.py:488} INFO - optional int32 comment_count;
[2022-04-06 01:59:50,386] {spark_submit.py:488} INFO - optional int96 community_owned_date;
[2022-04-06 01:59:50,386] {spark_submit.py:488} INFO - optional int96 creation_date;
[2022-04-06 01:59:50,386] {spark_submit.py:488} INFO - optional int32 favorite_count;
[2022-04-06 01:59:50,386] {spark_submit.py:488} INFO - optional int96 last_activity_date;
[2022-04-06 01:59:50,386] {spark_submit.py:488} INFO - optional int96 last_edit_date;
[2022-04-06 01:59:50,387] {spark_submit.py:488} INFO - optional binary last_editor_display_name (STRING);
[2022-04-06 01:59:50,387] {spark_submit.py:488} INFO - optional int32 last_editor_user_id;
[2022-04-06 01:59:50,387] {spark_submit.py:488} INFO - optional binary owner_display_name (STRING);
[2022-04-06 01:59:50,387] {spark_submit.py:488} INFO - optional int32 owner_user_id;
[2022-04-06 01:59:50,387] {spark_submit.py:488} INFO - optional int32 parent_id;
[2022-04-06 01:59:50,387] {spark_submit.py:488} INFO - optional int32 post_type_id;
[2022-04-06 01:59:50,387] {spark_submit.py:488} INFO - optional int32 score;
[2022-04-06 01:59:50,387] {spark_submit.py:488} INFO - optional binary tags (STRING);
[2022-04-06 01:59:50,387] {spark_submit.py:488} INFO - optional int32 view_count;
[2022-04-06 01:59:50,387] {spark_submit.py:488} INFO - optional int96 group_by_date;
[2022-04-06 01:59:50,387] {spark_submit.py:488} INFO - }
[2022-04-06 01:59:50,387] {spark_submit.py:488} INFO - 
[2022-04-06 01:59:50,387] {spark_submit.py:488} INFO - 
[2022-04-06 01:59:51,763] {spark_submit.py:488} INFO - 22/04/06 01:59:51 INFO CodecPool: Got brand-new compressor [.snappy]
[2022-04-06 01:59:52,361] {spark_submit.py:488} INFO - 22/04/06 01:59:51 INFO CodecPool: Got brand-new compressor [.snappy]
[2022-04-06 01:59:52,362] {spark_submit.py:488} INFO - 22/04/06 01:59:51 INFO CodecPool: Got brand-new compressor [.snappy]
[2022-04-06 01:59:52,362] {spark_submit.py:488} INFO - 22/04/06 01:59:51 INFO CodecPool: Got brand-new compressor [.snappy]
[2022-04-06 02:00:17,526] {spark_submit.py:488} INFO - 22/04/06 02:00:17 INFO GoogleCloudStorageImpl: Ignoring exception of type GoogleJsonResponseException; verified object already exists with desired state.
[2022-04-06 02:00:17,526] {spark_submit.py:488} INFO - 22/04/06 02:00:17 INFO GoogleCloudStorageFileSystem: Successfully repaired 'gs://dtc_data_lake_de-stack-overflow/BigQuery/posts_answers-2016-12/_temporary/0/_temporary/' directory.
[2022-04-06 02:00:17,527] {spark_submit.py:488} INFO - 22/04/06 02:00:17 INFO FileOutputCommitter: Saved output of task 'attempt_202204060159473361621597320400717_0003_m_000000_5' to gs://dtc_data_lake_de-stack-overflow/BigQuery/posts_answers-2016-12/_temporary/0/task_202204060159473361621597320400717_0003_m_000000
[2022-04-06 02:00:17,529] {spark_submit.py:488} INFO - 22/04/06 02:00:17 INFO GoogleCloudStorageImpl: Ignoring exception of type GoogleJsonResponseException; verified object already exists with desired state.
[2022-04-06 02:00:17,530] {spark_submit.py:488} INFO - 22/04/06 02:00:17 INFO GoogleCloudStorageFileSystem: Successfully repaired 'gs://dtc_data_lake_de-stack-overflow/BigQuery/posts_answers-2016-12/_temporary/0/_temporary/' directory.
[2022-04-06 02:00:17,530] {spark_submit.py:488} INFO - 22/04/06 02:00:17 INFO FileOutputCommitter: Saved output of task 'attempt_202204060159474464012127612279631_0003_m_000002_7' to gs://dtc_data_lake_de-stack-overflow/BigQuery/posts_answers-2016-12/_temporary/0/task_202204060159474464012127612279631_0003_m_000002
[2022-04-06 02:00:17,540] {spark_submit.py:488} INFO - 22/04/06 02:00:17 INFO GoogleCloudStorageImpl: Ignoring exception of type GoogleJsonResponseException; verified object already exists with desired state.
[2022-04-06 02:00:17,541] {spark_submit.py:488} INFO - 22/04/06 02:00:17 INFO GoogleCloudStorageFileSystem: Successfully repaired 'gs://dtc_data_lake_de-stack-overflow/BigQuery/posts_answers-2016-12/_temporary/0/_temporary/' directory.
[2022-04-06 02:00:17,541] {spark_submit.py:488} INFO - 22/04/06 02:00:17 INFO FileOutputCommitter: Saved output of task 'attempt_202204060159477823869697707436937_0003_m_000001_6' to gs://dtc_data_lake_de-stack-overflow/BigQuery/posts_answers-2016-12/_temporary/0/task_202204060159477823869697707436937_0003_m_000001
[2022-04-06 02:00:17,542] {spark_submit.py:488} INFO - 22/04/06 02:00:17 INFO SparkHadoopMapRedUtil: attempt_202204060159473361621597320400717_0003_m_000000_5: Committed
[2022-04-06 02:00:17,564] {spark_submit.py:488} INFO - 22/04/06 02:00:17 INFO SparkHadoopMapRedUtil: attempt_202204060159477823869697707436937_0003_m_000001_6: Committed
[2022-04-06 02:00:17,565] {spark_submit.py:488} INFO - 22/04/06 02:00:17 INFO GoogleCloudStorageFileSystem: Successfully repaired 'gs://dtc_data_lake_de-stack-overflow/BigQuery/posts_answers-2016-12/_temporary/0/_temporary/' directory.
[2022-04-06 02:00:17,566] {spark_submit.py:488} INFO - 22/04/06 02:00:17 INFO FileOutputCommitter: Saved output of task 'attempt_202204060159473687974733029901808_0003_m_000003_8' to gs://dtc_data_lake_de-stack-overflow/BigQuery/posts_answers-2016-12/_temporary/0/task_202204060159473687974733029901808_0003_m_000003
[2022-04-06 02:00:17,566] {spark_submit.py:488} INFO - 22/04/06 02:00:17 INFO SparkHadoopMapRedUtil: attempt_202204060159473687974733029901808_0003_m_000003_8: Committed
[2022-04-06 02:00:17,573] {spark_submit.py:488} INFO - 22/04/06 02:00:17 INFO SparkHadoopMapRedUtil: attempt_202204060159474464012127612279631_0003_m_000002_7: Committed
[2022-04-06 02:00:17,641] {spark_submit.py:488} INFO - 22/04/06 02:00:17 INFO Executor: Finished task 1.0 in stage 3.0 (TID 6). 3526 bytes result sent to driver
[2022-04-06 02:00:17,646] {spark_submit.py:488} INFO - 22/04/06 02:00:17 INFO TaskSetManager: Finished task 1.0 in stage 3.0 (TID 6) in 29011 ms on 9fe4286b2855 (executor driver) (1/4)
[2022-04-06 02:00:17,652] {spark_submit.py:488} INFO - 22/04/06 02:00:17 INFO Executor: Finished task 3.0 in stage 3.0 (TID 8). 3526 bytes result sent to driver
[2022-04-06 02:00:17,654] {spark_submit.py:488} INFO - 22/04/06 02:00:17 INFO Executor: Finished task 2.0 in stage 3.0 (TID 7). 3526 bytes result sent to driver
[2022-04-06 02:00:17,656] {spark_submit.py:488} INFO - 22/04/06 02:00:17 INFO TaskSetManager: Finished task 3.0 in stage 3.0 (TID 8) in 29016 ms on 9fe4286b2855 (executor driver) (2/4)
[2022-04-06 02:00:17,657] {spark_submit.py:488} INFO - 22/04/06 02:00:17 INFO TaskSetManager: Finished task 2.0 in stage 3.0 (TID 7) in 29021 ms on 9fe4286b2855 (executor driver) (3/4)
[2022-04-06 02:00:17,672] {spark_submit.py:488} INFO - 22/04/06 02:00:17 INFO Executor: Finished task 0.0 in stage 3.0 (TID 5). 3526 bytes result sent to driver
[2022-04-06 02:00:17,678] {spark_submit.py:488} INFO - 22/04/06 02:00:17 INFO TaskSetManager: Finished task 0.0 in stage 3.0 (TID 5) in 29048 ms on 9fe4286b2855 (executor driver) (4/4)
[2022-04-06 02:00:17,678] {spark_submit.py:488} INFO - 22/04/06 02:00:17 INFO TaskSchedulerImpl: Removed TaskSet 3.0, whose tasks have all completed, from pool
[2022-04-06 02:00:17,684] {spark_submit.py:488} INFO - 22/04/06 02:00:17 INFO DAGScheduler: ResultStage 3 (save at NativeMethodAccessorImpl.java:0) finished in 29.652 s
[2022-04-06 02:00:17,684] {spark_submit.py:488} INFO - 22/04/06 02:00:17 INFO DAGScheduler: Job 2 is finished. Cancelling potential speculative or zombie tasks for this job
[2022-04-06 02:00:17,684] {spark_submit.py:488} INFO - 22/04/06 02:00:17 INFO TaskSchedulerImpl: Killing all running tasks in stage 3: Stage finished
[2022-04-06 02:00:17,685] {spark_submit.py:488} INFO - 22/04/06 02:00:17 INFO DAGScheduler: Job 2 finished: save at NativeMethodAccessorImpl.java:0, took 29.751686 s
[2022-04-06 02:00:17,689] {spark_submit.py:488} INFO - 22/04/06 02:00:17 INFO FileFormatWriter: Start to commit write Job 1c1da1be-3fe9-42b4-99b5-e5eabacd1c6e.
[2022-04-06 02:00:18,105] {spark_submit.py:488} INFO - 22/04/06 02:00:18 INFO GoogleCloudStorageFileSystem: Successfully repaired 'gs://dtc_data_lake_de-stack-overflow/BigQuery/posts_answers-2016-12/_temporary/0/task_202204060159473361621597320400717_0003_m_000000/' directory.
[2022-04-06 02:00:18,511] {spark_submit.py:488} INFO - 22/04/06 02:00:18 INFO GoogleCloudStorageFileSystem: Successfully repaired 'gs://dtc_data_lake_de-stack-overflow/BigQuery/posts_answers-2016-12/_temporary/0/task_202204060159473687974733029901808_0003_m_000003/' directory.
[2022-04-06 02:00:19,074] {spark_submit.py:488} INFO - 22/04/06 02:00:19 INFO GoogleCloudStorageFileSystem: Successfully repaired 'gs://dtc_data_lake_de-stack-overflow/BigQuery/posts_answers-2016-12/_temporary/0/task_202204060159474464012127612279631_0003_m_000002/' directory.
[2022-04-06 02:00:19,435] {spark_submit.py:488} INFO - 22/04/06 02:00:19 INFO GoogleCloudStorageFileSystem: Successfully repaired 'gs://dtc_data_lake_de-stack-overflow/BigQuery/posts_answers-2016-12/_temporary/0/task_202204060159477823869697707436937_0003_m_000001/' directory.
[2022-04-06 02:00:19,713] {spark_submit.py:488} INFO - 22/04/06 02:00:19 INFO GoogleCloudStorageFileSystem: Successfully repaired 'gs://dtc_data_lake_de-stack-overflow/BigQuery/posts_answers-2016-12/' directory.
[2022-04-06 02:00:20,059] {spark_submit.py:488} INFO - 22/04/06 02:00:20 INFO FileFormatWriter: Write Job 1c1da1be-3fe9-42b4-99b5-e5eabacd1c6e committed. Elapsed time: 2366 ms.
[2022-04-06 02:00:20,200] {spark_submit.py:488} INFO - 22/04/06 02:00:20 INFO FileFormatWriter: Finished processing stats for write job 1c1da1be-3fe9-42b4-99b5-e5eabacd1c6e.
[2022-04-06 02:00:21,332] {spark_submit.py:488} INFO - 22/04/06 02:00:21 INFO SparkContext: Invoking stop() from shutdown hook
[2022-04-06 02:00:21,524] {spark_submit.py:488} INFO - 22/04/06 02:00:21 INFO SparkUI: Stopped Spark web UI at http://9fe4286b2855:4048
[2022-04-06 02:00:21,700] {spark_submit.py:488} INFO - 22/04/06 02:00:21 INFO MapOutputTrackerMasterEndpoint: MapOutputTrackerMasterEndpoint stopped!
[2022-04-06 02:00:22,513] {spark_submit.py:488} INFO - 22/04/06 02:00:22 INFO MemoryStore: MemoryStore cleared
[2022-04-06 02:00:22,514] {spark_submit.py:488} INFO - 22/04/06 02:00:22 INFO BlockManager: BlockManager stopped
[2022-04-06 02:00:22,517] {spark_submit.py:488} INFO - 22/04/06 02:00:22 INFO BlockManagerMaster: BlockManagerMaster stopped
[2022-04-06 02:00:22,521] {spark_submit.py:488} INFO - 22/04/06 02:00:22 INFO OutputCommitCoordinator$OutputCommitCoordinatorEndpoint: OutputCommitCoordinator stopped!
[2022-04-06 02:00:22,839] {spark_submit.py:488} INFO - 22/04/06 02:00:22 INFO SparkContext: Successfully stopped SparkContext
[2022-04-06 02:00:22,839] {spark_submit.py:488} INFO - 22/04/06 02:00:22 INFO ShutdownHookManager: Shutdown hook called
[2022-04-06 02:00:22,840] {spark_submit.py:488} INFO - 22/04/06 02:00:22 INFO ShutdownHookManager: Deleting directory /tmp/spark-f7c01413-c203-462e-9f93-fa2d216ee5df
[2022-04-06 02:00:22,932] {spark_submit.py:488} INFO - 22/04/06 02:00:22 INFO ShutdownHookManager: Deleting directory /tmp/spark-cc5838f4-cce0-4122-96c4-7f8af6748ee1/pyspark-1bd63969-a1b6-483f-bca3-858a86662f78
[2022-04-06 02:00:22,960] {spark_submit.py:488} INFO - 22/04/06 02:00:22 INFO ShutdownHookManager: Deleting directory /tmp/spark-cc5838f4-cce0-4122-96c4-7f8af6748ee1
[2022-04-06 02:00:25,507] {taskinstance.py:1288} INFO - Marking task as SUCCESS. dag_id=IngestToGCP, task_id=processing_tasks_posts_answers.spark_job, execution_date=20161201T000000, start_date=20220406T015509, end_date=20220406T020025
[2022-04-06 02:00:25,897] {local_task_job.py:154} INFO - Task exited with return code 0
[2022-04-06 02:00:26,171] {local_task_job.py:264} INFO - 1 downstream tasks scheduled from follow-on schedule check
