[2022-04-07 22:22:26,075] {taskinstance.py:1043} INFO - Dependencies all met for <TaskInstance: load_to_BigQuery.create_external_posts_questions.bq_create_posts_questions_stack_overflow_data_partitioned_table_task scheduled__2020-12-01T00:00:00+00:00 [queued]>
[2022-04-07 22:22:26,177] {taskinstance.py:1043} INFO - Dependencies all met for <TaskInstance: load_to_BigQuery.create_external_posts_questions.bq_create_posts_questions_stack_overflow_data_partitioned_table_task scheduled__2020-12-01T00:00:00+00:00 [queued]>
[2022-04-07 22:22:26,178] {taskinstance.py:1249} INFO - 
--------------------------------------------------------------------------------
[2022-04-07 22:22:26,178] {taskinstance.py:1250} INFO - Starting attempt 1 of 1
[2022-04-07 22:22:26,178] {taskinstance.py:1251} INFO - 
--------------------------------------------------------------------------------
[2022-04-07 22:22:26,632] {taskinstance.py:1270} INFO - Executing <Task(BigQueryInsertJobOperator): create_external_posts_questions.bq_create_posts_questions_stack_overflow_data_partitioned_table_task> on 2020-12-01 00:00:00+00:00
[2022-04-07 22:22:26,648] {standard_task_runner.py:52} INFO - Started process 8566 to run task
[2022-04-07 22:22:26,671] {standard_task_runner.py:79} INFO - Running: ['***', 'tasks', 'run', 'load_to_BigQuery', 'create_external_posts_questions.bq_create_posts_questions_stack_overflow_data_partitioned_table_task', 'scheduled__2020-12-01T00:00:00+00:00', '--job-id', '14513', '--raw', '--subdir', 'DAGS_FOLDER/load_to_BigQuery_dag.py', '--cfg-path', '/tmp/tmps5e9811t', '--error-file', '/tmp/tmp4gbvgj2m']
[2022-04-07 22:22:26,690] {standard_task_runner.py:80} INFO - Job 14513: Subtask create_external_posts_questions.bq_create_posts_questions_stack_overflow_data_partitioned_table_task
[2022-04-07 22:22:26,942] {logging_mixin.py:109} INFO - Running <TaskInstance: load_to_BigQuery.create_external_posts_questions.bq_create_posts_questions_stack_overflow_data_partitioned_table_task scheduled__2020-12-01T00:00:00+00:00 [running]> on host 36107d30f64e
[2022-04-07 22:22:27,130] {taskinstance.py:1448} INFO - Exporting the following env vars:
AIRFLOW_CTX_DAG_OWNER=***
AIRFLOW_CTX_DAG_ID=load_to_BigQuery
AIRFLOW_CTX_TASK_ID=create_external_posts_questions.bq_create_posts_questions_stack_overflow_data_partitioned_table_task
AIRFLOW_CTX_EXECUTION_DATE=2020-12-01T00:00:00+00:00
AIRFLOW_CTX_DAG_RUN_ID=scheduled__2020-12-01T00:00:00+00:00
[2022-04-07 22:22:27,133] {crypto.py:82} WARNING - empty cryptography key - values will not be stored encrypted.
[2022-04-07 22:22:27,157] {logging_mixin.py:109} WARNING - /home/***/.local/lib/python3.7/site-packages/***/utils/context.py:156 AirflowContextDeprecationWarning: Accessing 'execution_date' from the template is deprecated and will be removed in a future version. Please use 'data_interval_start' or 'logical_date' instead.
[2022-04-07 22:22:27,182] {bigquery.py:1554} INFO - Inserting job ***_load_to_BigQuery_create_external_posts_questions_bq_create_posts_questions_stack_overflow_data_partitioned_table_task_2020_12_01T00_00_00_00_00_03ad49def16c59bea0db0f23c4076e98
[2022-04-07 22:22:33,399] {taskinstance.py:1288} INFO - Marking task as SUCCESS. dag_id=load_to_BigQuery, task_id=create_external_posts_questions.bq_create_posts_questions_stack_overflow_data_partitioned_table_task, execution_date=20201201T000000, start_date=20220407T222226, end_date=20220407T222233
[2022-04-07 22:22:33,495] {local_task_job.py:154} INFO - Task exited with return code 0
[2022-04-07 22:22:33,560] {local_task_job.py:264} INFO - 0 downstream tasks scheduled from follow-on schedule check
