[2022-04-07 19:25:17,486] {taskinstance.py:1043} INFO - Dependencies all met for <TaskInstance: load_to_BigQuery.create_external_users.bq_create_users_stack_overflow_data_partitioned_table_task scheduled__2017-06-01T00:00:00+00:00 [queued]>
[2022-04-07 19:25:17,629] {taskinstance.py:1043} INFO - Dependencies all met for <TaskInstance: load_to_BigQuery.create_external_users.bq_create_users_stack_overflow_data_partitioned_table_task scheduled__2017-06-01T00:00:00+00:00 [queued]>
[2022-04-07 19:25:17,632] {taskinstance.py:1249} INFO - 
--------------------------------------------------------------------------------
[2022-04-07 19:25:17,632] {taskinstance.py:1250} INFO - Starting attempt 1 of 1
[2022-04-07 19:25:17,633] {taskinstance.py:1251} INFO - 
--------------------------------------------------------------------------------
[2022-04-07 19:25:18,463] {taskinstance.py:1270} INFO - Executing <Task(BigQueryInsertJobOperator): create_external_users.bq_create_users_stack_overflow_data_partitioned_table_task> on 2017-06-01 00:00:00+00:00
[2022-04-07 19:25:18,544] {standard_task_runner.py:52} INFO - Started process 4136 to run task
[2022-04-07 19:25:18,615] {standard_task_runner.py:79} INFO - Running: ['***', 'tasks', 'run', 'load_to_BigQuery', 'create_external_users.bq_create_users_stack_overflow_data_partitioned_table_task', 'scheduled__2017-06-01T00:00:00+00:00', '--job-id', '12932', '--raw', '--subdir', 'DAGS_FOLDER/load_to_BigQuery_dag.py', '--cfg-path', '/tmp/tmp5enpxz68', '--error-file', '/tmp/tmpeg4u10vu']
[2022-04-07 19:25:18,653] {standard_task_runner.py:80} INFO - Job 12932: Subtask create_external_users.bq_create_users_stack_overflow_data_partitioned_table_task
[2022-04-07 19:25:19,436] {logging_mixin.py:109} INFO - Running <TaskInstance: load_to_BigQuery.create_external_users.bq_create_users_stack_overflow_data_partitioned_table_task scheduled__2017-06-01T00:00:00+00:00 [running]> on host 2c54f2187010
[2022-04-07 19:25:20,151] {taskinstance.py:1448} INFO - Exporting the following env vars:
AIRFLOW_CTX_DAG_OWNER=***
AIRFLOW_CTX_DAG_ID=load_to_BigQuery
AIRFLOW_CTX_TASK_ID=create_external_users.bq_create_users_stack_overflow_data_partitioned_table_task
AIRFLOW_CTX_EXECUTION_DATE=2017-06-01T00:00:00+00:00
AIRFLOW_CTX_DAG_RUN_ID=scheduled__2017-06-01T00:00:00+00:00
[2022-04-07 19:25:20,154] {crypto.py:82} WARNING - empty cryptography key - values will not be stored encrypted.
[2022-04-07 19:25:20,243] {logging_mixin.py:109} WARNING - /home/***/.local/lib/python3.7/site-packages/***/utils/context.py:156 AirflowContextDeprecationWarning: Accessing 'execution_date' from the template is deprecated and will be removed in a future version. Please use 'data_interval_start' or 'logical_date' instead.
[2022-04-07 19:25:20,380] {bigquery.py:1554} INFO - Inserting job ***_load_to_BigQuery_create_external_users_bq_create_users_stack_overflow_data_partitioned_table_task_2017_06_01T00_00_00_00_00_10f980494951334e60da415cd1f65e9c
[2022-04-07 19:25:21,094] {taskinstance.py:1774} ERROR - Task failed with exception
Traceback (most recent call last):
  File "/home/airflow/.local/lib/python3.7/site-packages/airflow/providers/google/cloud/operators/bigquery.py", line 2153, in execute
    job = self._submit_job(hook, job_id)
  File "/home/airflow/.local/lib/python3.7/site-packages/airflow/providers/google/cloud/operators/bigquery.py", line 2119, in _submit_job
    retry=self.result_retry,
  File "/home/airflow/.local/lib/python3.7/site-packages/airflow/providers/google/common/hooks/base_google.py", line 439, in inner_wrapper
    return func(self, *args, **kwargs)
  File "/home/airflow/.local/lib/python3.7/site-packages/airflow/providers/google/cloud/hooks/bigquery.py", line 1560, in insert_job
    job.result(timeout=timeout, retry=retry)
  File "/home/airflow/.local/lib/python3.7/site-packages/google/cloud/bigquery/job/query.py", line 1498, in result
    do_get_result()
  File "/home/airflow/.local/lib/python3.7/site-packages/google/cloud/bigquery/job/query.py", line 1488, in do_get_result
    super(QueryJob, self).result(retry=retry, timeout=timeout)
  File "/home/airflow/.local/lib/python3.7/site-packages/google/cloud/bigquery/job/base.py", line 728, in result
    return super(_AsyncJob, self).result(timeout=timeout, **kwargs)
  File "/home/airflow/.local/lib/python3.7/site-packages/google/api_core/future/polling.py", line 135, in result
    raise self._exception
google.api_core.exceptions.BadRequest: 400 Could not cast literal "creation_date" to type TIMESTAMP at [1:101]

Location: us-central1
Job ID: airflow_load_to_BigQuery_create_external_users_bq_create_users_stack_overflow_data_partitioned_table_task_2017_06_01T00_00_00_00_00_10f980494951334e60da415cd1f65e9c

[2022-04-07 19:25:21,174] {taskinstance.py:1288} INFO - Marking task as FAILED. dag_id=load_to_BigQuery, task_id=create_external_users.bq_create_users_stack_overflow_data_partitioned_table_task, execution_date=20170601T000000, start_date=20220407T192517, end_date=20220407T192521
[2022-04-07 19:25:21,221] {standard_task_runner.py:98} ERROR - Failed to execute job 12932 for task create_external_users.bq_create_users_stack_overflow_data_partitioned_table_task (400 Could not cast literal "creation_date" to type TIMESTAMP at [1:101]

Location: us-central1
Job ID: airflow_load_to_BigQuery_create_external_users_bq_create_users_stack_overflow_data_partitioned_table_task_2017_06_01T00_00_00_00_00_10f980494951334e60da415cd1f65e9c
; 4136)
[2022-04-07 19:25:21,424] {local_task_job.py:154} INFO - Task exited with return code 1
[2022-04-07 19:25:21,761] {local_task_job.py:264} INFO - 0 downstream tasks scheduled from follow-on schedule check
[2022-04-07 22:18:13,772] {taskinstance.py:1043} INFO - Dependencies all met for <TaskInstance: load_to_BigQuery.create_external_users.bq_create_users_stack_overflow_data_partitioned_table_task scheduled__2017-06-01T00:00:00+00:00 [queued]>
[2022-04-07 22:18:13,826] {taskinstance.py:1043} INFO - Dependencies all met for <TaskInstance: load_to_BigQuery.create_external_users.bq_create_users_stack_overflow_data_partitioned_table_task scheduled__2017-06-01T00:00:00+00:00 [queued]>
[2022-04-07 22:18:13,826] {taskinstance.py:1249} INFO - 
--------------------------------------------------------------------------------
[2022-04-07 22:18:13,827] {taskinstance.py:1250} INFO - Starting attempt 1 of 1
[2022-04-07 22:18:13,827] {taskinstance.py:1251} INFO - 
--------------------------------------------------------------------------------
[2022-04-07 22:18:14,211] {taskinstance.py:1270} INFO - Executing <Task(BigQueryInsertJobOperator): create_external_users.bq_create_users_stack_overflow_data_partitioned_table_task> on 2017-06-01 00:00:00+00:00
[2022-04-07 22:18:14,229] {standard_task_runner.py:52} INFO - Started process 6309 to run task
[2022-04-07 22:18:14,250] {standard_task_runner.py:79} INFO - Running: ['***', 'tasks', 'run', 'load_to_BigQuery', 'create_external_users.bq_create_users_stack_overflow_data_partitioned_table_task', 'scheduled__2017-06-01T00:00:00+00:00', '--job-id', '14174', '--raw', '--subdir', 'DAGS_FOLDER/load_to_BigQuery_dag.py', '--cfg-path', '/tmp/tmpra04lagr', '--error-file', '/tmp/tmp_wm1ibm0']
[2022-04-07 22:18:14,252] {standard_task_runner.py:80} INFO - Job 14174: Subtask create_external_users.bq_create_users_stack_overflow_data_partitioned_table_task
[2022-04-07 22:18:14,490] {logging_mixin.py:109} INFO - Running <TaskInstance: load_to_BigQuery.create_external_users.bq_create_users_stack_overflow_data_partitioned_table_task scheduled__2017-06-01T00:00:00+00:00 [running]> on host 36107d30f64e
[2022-04-07 22:18:14,776] {taskinstance.py:1448} INFO - Exporting the following env vars:
AIRFLOW_CTX_DAG_OWNER=***
AIRFLOW_CTX_DAG_ID=load_to_BigQuery
AIRFLOW_CTX_TASK_ID=create_external_users.bq_create_users_stack_overflow_data_partitioned_table_task
AIRFLOW_CTX_EXECUTION_DATE=2017-06-01T00:00:00+00:00
AIRFLOW_CTX_DAG_RUN_ID=scheduled__2017-06-01T00:00:00+00:00
[2022-04-07 22:18:14,779] {crypto.py:82} WARNING - empty cryptography key - values will not be stored encrypted.
[2022-04-07 22:18:14,792] {logging_mixin.py:109} WARNING - /home/***/.local/lib/python3.7/site-packages/***/utils/context.py:156 AirflowContextDeprecationWarning: Accessing 'execution_date' from the template is deprecated and will be removed in a future version. Please use 'data_interval_start' or 'logical_date' instead.
[2022-04-07 22:18:14,812] {bigquery.py:1554} INFO - Inserting job ***_load_to_BigQuery_create_external_users_bq_create_users_stack_overflow_data_partitioned_table_task_2017_06_01T00_00_00_00_00_e0f0d1a1f8ef0dc9ca5f073a349d236f
[2022-04-07 22:18:17,111] {taskinstance.py:1288} INFO - Marking task as SUCCESS. dag_id=load_to_BigQuery, task_id=create_external_users.bq_create_users_stack_overflow_data_partitioned_table_task, execution_date=20170601T000000, start_date=20220407T221813, end_date=20220407T221817
[2022-04-07 22:18:17,255] {local_task_job.py:154} INFO - Task exited with return code 0
[2022-04-07 22:18:17,397] {local_task_job.py:264} INFO - 0 downstream tasks scheduled from follow-on schedule check
