[2022-04-05 22:26:33,600] {taskinstance.py:1043} INFO - Dependencies all met for <TaskInstance: IngestToGCP.processing_tasks_posts_questions.spark_job scheduled__2008-08-01T00:00:00+00:00 [queued]>
[2022-04-05 22:26:33,630] {taskinstance.py:1043} INFO - Dependencies all met for <TaskInstance: IngestToGCP.processing_tasks_posts_questions.spark_job scheduled__2008-08-01T00:00:00+00:00 [queued]>
[2022-04-05 22:26:33,631] {taskinstance.py:1249} INFO - 
--------------------------------------------------------------------------------
[2022-04-05 22:26:33,631] {taskinstance.py:1250} INFO - Starting attempt 1 of 1
[2022-04-05 22:26:33,631] {taskinstance.py:1251} INFO - 
--------------------------------------------------------------------------------
[2022-04-05 22:26:33,672] {taskinstance.py:1270} INFO - Executing <Task(SparkSubmitOperator): processing_tasks_posts_questions.spark_job> on 2008-08-01 00:00:00+00:00
[2022-04-05 22:26:33,683] {standard_task_runner.py:52} INFO - Started process 604 to run task
[2022-04-05 22:26:33,699] {standard_task_runner.py:79} INFO - Running: ['***', 'tasks', 'run', 'IngestToGCP', 'processing_tasks_posts_questions.spark_job', 'scheduled__2008-08-01T00:00:00+00:00', '--job-id', '8356', '--raw', '--subdir', 'DAGS_FOLDER/ingest_dag.py', '--cfg-path', '/tmp/tmpxkeevkvr', '--error-file', '/tmp/tmpjvnyf9h5']
[2022-04-05 22:26:33,700] {standard_task_runner.py:80} INFO - Job 8356: Subtask processing_tasks_posts_questions.spark_job
[2022-04-05 22:26:34,024] {logging_mixin.py:109} INFO - Running <TaskInstance: IngestToGCP.processing_tasks_posts_questions.spark_job scheduled__2008-08-01T00:00:00+00:00 [running]> on host 9fe4286b2855
[2022-04-05 22:26:34,177] {logging_mixin.py:109} WARNING - /home/***/.local/lib/python3.7/site-packages/***/utils/context.py:156 AirflowContextDeprecationWarning: Accessing 'execution_date' from the template is deprecated and will be removed in a future version. Please use 'data_interval_start' or 'logical_date' instead.
[2022-04-05 22:26:34,257] {taskinstance.py:1448} INFO - Exporting the following env vars:
AIRFLOW_CTX_DAG_OWNER=***
AIRFLOW_CTX_DAG_ID=IngestToGCP
AIRFLOW_CTX_TASK_ID=processing_tasks_posts_questions.spark_job
AIRFLOW_CTX_EXECUTION_DATE=2008-08-01T00:00:00+00:00
AIRFLOW_CTX_DAG_RUN_ID=scheduled__2008-08-01T00:00:00+00:00
[2022-04-05 22:26:34,279] {base.py:79} INFO - Using connection to: id: spark_project. Host: spark://spark, Port: 7077, Schema: , Login: , Password: None, extra: {'queue': 'root.default'}
[2022-04-05 22:26:34,281] {spark_submit.py:335} INFO - Spark-Submit cmd: spark-submit --master spark://spark:7077 --conf spark.master=local[*] --name format_schema --verbose --queue root.default ./dags/pyspark_parquet_transformation.py posts_questions 2008-08
[2022-04-05 22:26:46,219] {spark_submit.py:488} INFO - Using properties file: null
[2022-04-05 22:26:46,730] {spark_submit.py:488} INFO - WARNING: An illegal reflective access operation has occurred
[2022-04-05 22:26:46,731] {spark_submit.py:488} INFO - WARNING: Illegal reflective access by org.apache.spark.unsafe.Platform (file:/opt/***/spark/spark-3.2.1-bin-hadoop3.2/jars/spark-unsafe_2.12-3.2.1.jar) to constructor java.nio.DirectByteBuffer(long,int)
[2022-04-05 22:26:46,731] {spark_submit.py:488} INFO - WARNING: Please consider reporting this to the maintainers of org.apache.spark.unsafe.Platform
[2022-04-05 22:26:46,731] {spark_submit.py:488} INFO - WARNING: Use --illegal-access=warn to enable warnings of further illegal reflective access operations
[2022-04-05 22:26:46,731] {spark_submit.py:488} INFO - WARNING: All illegal access operations will be denied in a future release
[2022-04-05 22:26:47,243] {spark_submit.py:488} INFO - Parsed arguments:
[2022-04-05 22:26:47,243] {spark_submit.py:488} INFO - master                  spark://spark:7077
[2022-04-05 22:26:47,243] {spark_submit.py:488} INFO - deployMode              null
[2022-04-05 22:26:47,243] {spark_submit.py:488} INFO - executorMemory          null
[2022-04-05 22:26:47,243] {spark_submit.py:488} INFO - executorCores           null
[2022-04-05 22:26:47,244] {spark_submit.py:488} INFO - totalExecutorCores      null
[2022-04-05 22:26:47,244] {spark_submit.py:488} INFO - propertiesFile          null
[2022-04-05 22:26:47,244] {spark_submit.py:488} INFO - driverMemory            null
[2022-04-05 22:26:47,244] {spark_submit.py:488} INFO - driverCores             null
[2022-04-05 22:26:47,244] {spark_submit.py:488} INFO - driverExtraClassPath    null
[2022-04-05 22:26:47,244] {spark_submit.py:488} INFO - driverExtraLibraryPath  null
[2022-04-05 22:26:47,244] {spark_submit.py:488} INFO - driverExtraJavaOptions  null
[2022-04-05 22:26:47,245] {spark_submit.py:488} INFO - supervise               false
[2022-04-05 22:26:47,245] {spark_submit.py:488} INFO - queue                   root.default
[2022-04-05 22:26:47,245] {spark_submit.py:488} INFO - numExecutors            null
[2022-04-05 22:26:47,245] {spark_submit.py:488} INFO - files                   null
[2022-04-05 22:26:47,245] {spark_submit.py:488} INFO - pyFiles                 null
[2022-04-05 22:26:47,245] {spark_submit.py:488} INFO - archives                null
[2022-04-05 22:26:47,245] {spark_submit.py:488} INFO - mainClass               null
[2022-04-05 22:26:47,245] {spark_submit.py:488} INFO - primaryResource         file:/opt/***/dags/pyspark_parquet_transformation.py
[2022-04-05 22:26:47,245] {spark_submit.py:488} INFO - name                    format_schema
[2022-04-05 22:26:47,245] {spark_submit.py:488} INFO - childArgs               [posts_questions 2008-08]
[2022-04-05 22:26:47,245] {spark_submit.py:488} INFO - jars                    null
[2022-04-05 22:26:47,245] {spark_submit.py:488} INFO - packages                null
[2022-04-05 22:26:47,245] {spark_submit.py:488} INFO - packagesExclusions      null
[2022-04-05 22:26:47,246] {spark_submit.py:488} INFO - repositories            null
[2022-04-05 22:26:47,246] {spark_submit.py:488} INFO - verbose                 true
[2022-04-05 22:26:47,246] {spark_submit.py:488} INFO - 
[2022-04-05 22:26:47,246] {spark_submit.py:488} INFO - Spark properties used, including those specified through
[2022-04-05 22:26:47,246] {spark_submit.py:488} INFO - --conf and those from the properties file null:
[2022-04-05 22:26:47,246] {spark_submit.py:488} INFO - (spark.master,local[*])
[2022-04-05 22:26:47,246] {spark_submit.py:488} INFO - 
[2022-04-05 22:26:47,246] {spark_submit.py:488} INFO - 
[2022-04-05 22:26:49,728] {spark_submit.py:488} INFO - Main class:
[2022-04-05 22:26:49,729] {spark_submit.py:488} INFO - org.apache.spark.deploy.PythonRunner
[2022-04-05 22:26:49,730] {spark_submit.py:488} INFO - Arguments:
[2022-04-05 22:26:49,730] {spark_submit.py:488} INFO - file:/opt/***/dags/pyspark_parquet_transformation.py
[2022-04-05 22:26:49,730] {spark_submit.py:488} INFO - null
[2022-04-05 22:26:49,730] {spark_submit.py:488} INFO - posts_questions
[2022-04-05 22:26:49,732] {spark_submit.py:488} INFO - 2008-08
[2022-04-05 22:26:49,752] {spark_submit.py:488} INFO - Spark config:
[2022-04-05 22:26:49,752] {spark_submit.py:488} INFO - (spark.master,spark://spark:7077)
[2022-04-05 22:26:49,752] {spark_submit.py:488} INFO - (spark.submit.pyFiles,)
[2022-04-05 22:26:49,753] {spark_submit.py:488} INFO - (spark.submit.deployMode,client)
[2022-04-05 22:26:49,753] {spark_submit.py:488} INFO - (spark.app.name,format_schema)
[2022-04-05 22:26:49,754] {spark_submit.py:488} INFO - Classpath elements:
[2022-04-05 22:26:49,754] {spark_submit.py:488} INFO - 
[2022-04-05 22:26:49,755] {spark_submit.py:488} INFO - 
[2022-04-05 22:26:49,764] {spark_submit.py:488} INFO - 
[2022-04-05 22:26:54,808] {spark_submit.py:488} INFO - Using Spark's default log4j profile: org/apache/spark/log4j-defaults.properties
[2022-04-05 22:26:54,877] {spark_submit.py:488} INFO - 22/04/05 22:26:54 INFO SparkContext: Running Spark version 3.2.1
[2022-04-05 22:26:56,077] {spark_submit.py:488} INFO - 22/04/05 22:26:56 WARN NativeCodeLoader: Unable to load native-hadoop library for your platform... using builtin-java classes where applicable
[2022-04-05 22:26:57,004] {spark_submit.py:488} INFO - 22/04/05 22:26:56 INFO ResourceUtils: ==============================================================
[2022-04-05 22:26:57,004] {spark_submit.py:488} INFO - 22/04/05 22:26:56 INFO ResourceUtils: No custom resources configured for spark.driver.
[2022-04-05 22:26:57,049] {spark_submit.py:488} INFO - 22/04/05 22:26:57 INFO ResourceUtils: ==============================================================
[2022-04-05 22:26:57,049] {spark_submit.py:488} INFO - 22/04/05 22:26:57 INFO SparkContext: Submitted application: Modidy Schema
[2022-04-05 22:26:57,390] {spark_submit.py:488} INFO - 22/04/05 22:26:57 INFO ResourceProfile: Default ResourceProfile created, executor resources: Map(cores -> name: cores, amount: 1, script: , vendor: , memory -> name: memory, amount: 1024, script: , vendor: , offHeap -> name: offHeap, amount: 0, script: , vendor: ), task resources: Map(cpus -> name: cpus, amount: 1.0)
[2022-04-05 22:26:57,672] {spark_submit.py:488} INFO - 22/04/05 22:26:57 INFO ResourceProfile: Limiting resource is cpu
[2022-04-05 22:26:57,673] {spark_submit.py:488} INFO - 22/04/05 22:26:57 INFO ResourceProfileManager: Added ResourceProfile id: 0
[2022-04-05 22:26:58,523] {spark_submit.py:488} INFO - 22/04/05 22:26:58 INFO SecurityManager: Changing view acls to: default
[2022-04-05 22:26:58,525] {spark_submit.py:488} INFO - 22/04/05 22:26:58 INFO SecurityManager: Changing modify acls to: default
[2022-04-05 22:26:58,557] {spark_submit.py:488} INFO - 22/04/05 22:26:58 INFO SecurityManager: Changing view acls groups to:
[2022-04-05 22:26:58,558] {spark_submit.py:488} INFO - 22/04/05 22:26:58 INFO SecurityManager: Changing modify acls groups to:
[2022-04-05 22:26:58,560] {spark_submit.py:488} INFO - 22/04/05 22:26:58 INFO SecurityManager: SecurityManager: authentication disabled; ui acls disabled; users  with view permissions: Set(default); groups with view permissions: Set(); users  with modify permissions: Set(default); groups with modify permissions: Set()
[2022-04-05 22:27:02,071] {spark_submit.py:488} INFO - 22/04/05 22:27:02 INFO Utils: Successfully started service 'sparkDriver' on port 46501.
[2022-04-05 22:27:02,406] {spark_submit.py:488} INFO - 22/04/05 22:27:02 INFO SparkEnv: Registering MapOutputTracker
[2022-04-05 22:27:02,705] {spark_submit.py:488} INFO - 22/04/05 22:27:02 INFO SparkEnv: Registering BlockManagerMaster
[2022-04-05 22:27:02,924] {spark_submit.py:488} INFO - 22/04/05 22:27:02 INFO BlockManagerMasterEndpoint: Using org.apache.spark.storage.DefaultTopologyMapper for getting topology information
[2022-04-05 22:27:02,925] {spark_submit.py:488} INFO - 22/04/05 22:27:02 INFO BlockManagerMasterEndpoint: BlockManagerMasterEndpoint up
[2022-04-05 22:27:02,974] {spark_submit.py:488} INFO - 22/04/05 22:27:02 INFO SparkEnv: Registering BlockManagerMasterHeartbeat
[2022-04-05 22:27:03,157] {spark_submit.py:488} INFO - 22/04/05 22:27:03 INFO DiskBlockManager: Created local directory at /tmp/blockmgr-2fc7e702-c2ff-4092-ae23-0ab617e061d1
[2022-04-05 22:27:03,455] {spark_submit.py:488} INFO - 22/04/05 22:27:03 INFO MemoryStore: MemoryStore started with capacity 434.4 MiB
[2022-04-05 22:27:03,585] {spark_submit.py:488} INFO - 22/04/05 22:27:03 INFO SparkEnv: Registering OutputCommitCoordinator
[2022-04-05 22:27:05,976] {spark_submit.py:488} INFO - 22/04/05 22:27:05 WARN Utils: Service 'SparkUI' could not bind on port 4040. Attempting port 4041.
[2022-04-05 22:27:05,998] {spark_submit.py:488} INFO - 22/04/05 22:27:05 WARN Utils: Service 'SparkUI' could not bind on port 4041. Attempting port 4042.
[2022-04-05 22:27:05,999] {spark_submit.py:488} INFO - 22/04/05 22:27:05 WARN Utils: Service 'SparkUI' could not bind on port 4042. Attempting port 4043.
[2022-04-05 22:27:06,003] {spark_submit.py:488} INFO - 22/04/05 22:27:06 WARN Utils: Service 'SparkUI' could not bind on port 4043. Attempting port 4044.
[2022-04-05 22:27:06,009] {spark_submit.py:488} INFO - 22/04/05 22:27:06 WARN Utils: Service 'SparkUI' could not bind on port 4044. Attempting port 4045.
[2022-04-05 22:27:06,070] {spark_submit.py:488} INFO - 22/04/05 22:27:06 INFO Utils: Successfully started service 'SparkUI' on port 4045.
[2022-04-05 22:27:06,874] {spark_submit.py:488} INFO - 22/04/05 22:27:06 INFO SparkUI: Bound SparkUI to 0.0.0.0, and started at http://9fe4286b2855:4045
[2022-04-05 22:27:08,798] {spark_submit.py:488} INFO - 22/04/05 22:27:08 INFO Executor: Starting executor ID driver on host 9fe4286b2855
[2022-04-05 22:27:09,374] {spark_submit.py:488} INFO - 22/04/05 22:27:09 INFO Utils: Successfully started service 'org.apache.spark.network.netty.NettyBlockTransferService' on port 46205.
[2022-04-05 22:27:09,379] {spark_submit.py:488} INFO - 22/04/05 22:27:09 INFO NettyBlockTransferService: Server created on 9fe4286b2855:46205
[2022-04-05 22:27:09,380] {spark_submit.py:488} INFO - 22/04/05 22:27:09 INFO BlockManager: Using org.apache.spark.storage.RandomBlockReplicationPolicy for block replication policy
[2022-04-05 22:27:09,561] {spark_submit.py:488} INFO - 22/04/05 22:27:09 INFO BlockManagerMaster: Registering BlockManager BlockManagerId(driver, 9fe4286b2855, 46205, None)
[2022-04-05 22:27:09,573] {spark_submit.py:488} INFO - 22/04/05 22:27:09 INFO BlockManagerMasterEndpoint: Registering block manager 9fe4286b2855:46205 with 434.4 MiB RAM, BlockManagerId(driver, 9fe4286b2855, 46205, None)
[2022-04-05 22:27:09,624] {spark_submit.py:488} INFO - 22/04/05 22:27:09 INFO BlockManagerMaster: Registered BlockManager BlockManagerId(driver, 9fe4286b2855, 46205, None)
[2022-04-05 22:27:09,628] {spark_submit.py:488} INFO - 22/04/05 22:27:09 INFO BlockManager: Initialized BlockManager: BlockManagerId(driver, 9fe4286b2855, 46205, None)
[2022-04-05 22:27:17,555] {spark_submit.py:488} INFO - 22/04/05 22:27:17 INFO SharedState: Setting hive.metastore.warehouse.dir ('null') to the value of spark.sql.warehouse.dir.
[2022-04-05 22:27:17,646] {spark_submit.py:488} INFO - 22/04/05 22:27:17 INFO SharedState: Warehouse path is 'file:/opt/***/spark-warehouse'.
[2022-04-05 22:27:35,113] {spark_submit.py:488} INFO - 22/04/05 22:27:35 INFO InMemoryFileIndex: It took 800 ms to list leaf files for 1 paths.
[2022-04-05 22:27:43,369] {spark_submit.py:488} INFO - 22/04/05 22:27:43 INFO SparkContext: Starting job: parquet at NativeMethodAccessorImpl.java:0
[2022-04-05 22:27:43,552] {spark_submit.py:488} INFO - 22/04/05 22:27:43 INFO DAGScheduler: Got job 0 (parquet at NativeMethodAccessorImpl.java:0) with 1 output partitions
[2022-04-05 22:27:43,554] {spark_submit.py:488} INFO - 22/04/05 22:27:43 INFO DAGScheduler: Final stage: ResultStage 0 (parquet at NativeMethodAccessorImpl.java:0)
[2022-04-05 22:27:43,565] {spark_submit.py:488} INFO - 22/04/05 22:27:43 INFO DAGScheduler: Parents of final stage: List()
[2022-04-05 22:27:43,582] {spark_submit.py:488} INFO - 22/04/05 22:27:43 INFO DAGScheduler: Missing parents: List()
[2022-04-05 22:27:43,626] {spark_submit.py:488} INFO - 22/04/05 22:27:43 INFO DAGScheduler: Submitting ResultStage 0 (MapPartitionsRDD[1] at parquet at NativeMethodAccessorImpl.java:0), which has no missing parents
[2022-04-05 22:27:44,475] {spark_submit.py:488} INFO - 22/04/05 22:27:44 INFO MemoryStore: Block broadcast_0 stored as values in memory (estimated size 100.1 KiB, free 434.3 MiB)
[2022-04-05 22:27:44,881] {spark_submit.py:488} INFO - 22/04/05 22:27:44 INFO MemoryStore: Block broadcast_0_piece0 stored as bytes in memory (estimated size 35.7 KiB, free 434.3 MiB)
[2022-04-05 22:27:44,895] {spark_submit.py:488} INFO - 22/04/05 22:27:44 INFO BlockManagerInfo: Added broadcast_0_piece0 in memory on 9fe4286b2855:46205 (size: 35.7 KiB, free: 434.4 MiB)
[2022-04-05 22:27:44,928] {spark_submit.py:488} INFO - 22/04/05 22:27:44 INFO SparkContext: Created broadcast 0 from broadcast at DAGScheduler.scala:1478
[2022-04-05 22:27:45,134] {spark_submit.py:488} INFO - 22/04/05 22:27:45 INFO DAGScheduler: Submitting 1 missing tasks from ResultStage 0 (MapPartitionsRDD[1] at parquet at NativeMethodAccessorImpl.java:0) (first 15 tasks are for partitions Vector(0))
[2022-04-05 22:27:45,144] {spark_submit.py:488} INFO - 22/04/05 22:27:45 INFO TaskSchedulerImpl: Adding task set 0.0 with 1 tasks resource profile 0
[2022-04-05 22:27:46,032] {spark_submit.py:488} INFO - 22/04/05 22:27:46 INFO TaskSetManager: Starting task 0.0 in stage 0.0 (TID 0) (9fe4286b2855, executor driver, partition 0, PROCESS_LOCAL, 4624 bytes) taskResourceAssignments Map()
[2022-04-05 22:27:46,235] {spark_submit.py:488} INFO - 22/04/05 22:27:46 INFO Executor: Running task 0.0 in stage 0.0 (TID 0)
[2022-04-05 22:27:51,530] {spark_submit.py:488} INFO - 22/04/05 22:27:51 INFO Executor: Finished task 0.0 in stage 0.0 (TID 0). 2409 bytes result sent to driver
[2022-04-05 22:27:51,613] {spark_submit.py:488} INFO - 22/04/05 22:27:51 INFO TaskSetManager: Finished task 0.0 in stage 0.0 (TID 0) in 6011 ms on 9fe4286b2855 (executor driver) (1/1)
[2022-04-05 22:27:51,666] {spark_submit.py:488} INFO - 22/04/05 22:27:51 INFO TaskSchedulerImpl: Removed TaskSet 0.0, whose tasks have all completed, from pool
[2022-04-05 22:27:51,686] {spark_submit.py:488} INFO - 22/04/05 22:27:51 INFO DAGScheduler: ResultStage 0 (parquet at NativeMethodAccessorImpl.java:0) finished in 7.922 s
[2022-04-05 22:27:51,743] {spark_submit.py:488} INFO - 22/04/05 22:27:51 INFO DAGScheduler: Job 0 is finished. Cancelling potential speculative or zombie tasks for this job
[2022-04-05 22:27:51,762] {spark_submit.py:488} INFO - 22/04/05 22:27:51 INFO TaskSchedulerImpl: Killing all running tasks in stage 0: Stage finished
[2022-04-05 22:27:51,780] {spark_submit.py:488} INFO - 22/04/05 22:27:51 INFO DAGScheduler: Job 0 finished: parquet at NativeMethodAccessorImpl.java:0, took 8.400352 s
[2022-04-05 22:27:56,491] {spark_submit.py:488} INFO - 22/04/05 22:27:56 INFO BlockManagerInfo: Removed broadcast_0_piece0 on 9fe4286b2855:46205 in memory (size: 35.7 KiB, free: 434.4 MiB)
[2022-04-05 22:28:17,639] {spark_submit.py:488} INFO - 22/04/05 22:28:17 INFO FileSourceStrategy: Pushed Filters:
[2022-04-05 22:28:17,646] {spark_submit.py:488} INFO - 22/04/05 22:28:17 INFO FileSourceStrategy: Post-Scan Filters:
[2022-04-05 22:28:17,671] {spark_submit.py:488} INFO - 22/04/05 22:28:17 INFO FileSourceStrategy: Output Data Schema: struct<id: bigint, title: string, body: string, accepted_answer_id: double, answer_count: bigint ... 19 more fields>
[2022-04-05 22:28:19,124] {spark_submit.py:488} INFO - 22/04/05 22:28:19 INFO ParquetFileFormat: Using default output committer for Parquet: org.apache.parquet.hadoop.ParquetOutputCommitter
[2022-04-05 22:28:19,229] {spark_submit.py:488} INFO - 22/04/05 22:28:19 INFO FileOutputCommitter: File Output Committer Algorithm version is 1
[2022-04-05 22:28:19,230] {spark_submit.py:488} INFO - 22/04/05 22:28:19 INFO FileOutputCommitter: FileOutputCommitter skip cleanup _temporary folders under output directory:false, ignore cleanup failures: false
[2022-04-05 22:28:19,248] {spark_submit.py:488} INFO - 22/04/05 22:28:19 INFO SQLHadoopMapReduceCommitProtocol: Using user defined output committer class org.apache.parquet.hadoop.ParquetOutputCommitter
[2022-04-05 22:28:19,248] {spark_submit.py:488} INFO - 22/04/05 22:28:19 INFO FileOutputCommitter: File Output Committer Algorithm version is 1
[2022-04-05 22:28:19,248] {spark_submit.py:488} INFO - 22/04/05 22:28:19 INFO FileOutputCommitter: FileOutputCommitter skip cleanup _temporary folders under output directory:false, ignore cleanup failures: false
[2022-04-05 22:28:19,248] {spark_submit.py:488} INFO - 22/04/05 22:28:19 INFO SQLHadoopMapReduceCommitProtocol: Using output committer class org.apache.parquet.hadoop.ParquetOutputCommitter
[2022-04-05 22:28:24,556] {spark_submit.py:488} INFO - 22/04/05 22:28:24 INFO CodeGenerator: Code generated in 2998.038071 ms
[2022-04-05 22:28:24,695] {spark_submit.py:488} INFO - 22/04/05 22:28:24 INFO MemoryStore: Block broadcast_1 stored as values in memory (estimated size 194.3 KiB, free 434.2 MiB)
[2022-04-05 22:28:24,834] {spark_submit.py:488} INFO - 22/04/05 22:28:24 INFO MemoryStore: Block broadcast_1_piece0 stored as bytes in memory (estimated size 34.3 KiB, free 434.2 MiB)
[2022-04-05 22:28:24,836] {spark_submit.py:488} INFO - 22/04/05 22:28:24 INFO BlockManagerInfo: Added broadcast_1_piece0 in memory on 9fe4286b2855:46205 (size: 34.3 KiB, free: 434.4 MiB)
[2022-04-05 22:28:24,848] {spark_submit.py:488} INFO - 22/04/05 22:28:24 INFO SparkContext: Created broadcast 1 from save at NativeMethodAccessorImpl.java:0
[2022-04-05 22:28:24,941] {spark_submit.py:488} INFO - 22/04/05 22:28:24 INFO FileSourceScanExec: Planning scan with bin packing, max size: 4194304 bytes, open cost is considered as scanning 4194304 bytes.
[2022-04-05 22:28:25,568] {spark_submit.py:488} INFO - 22/04/05 22:28:25 INFO DAGScheduler: Registering RDD 6 (save at NativeMethodAccessorImpl.java:0) as input to shuffle 0
[2022-04-05 22:28:25,581] {spark_submit.py:488} INFO - 22/04/05 22:28:25 INFO DAGScheduler: Got map stage job 1 (save at NativeMethodAccessorImpl.java:0) with 1 output partitions
[2022-04-05 22:28:25,599] {spark_submit.py:488} INFO - 22/04/05 22:28:25 INFO DAGScheduler: Final stage: ShuffleMapStage 1 (save at NativeMethodAccessorImpl.java:0)
[2022-04-05 22:28:25,600] {spark_submit.py:488} INFO - 22/04/05 22:28:25 INFO DAGScheduler: Parents of final stage: List()
[2022-04-05 22:28:25,619] {spark_submit.py:488} INFO - 22/04/05 22:28:25 INFO DAGScheduler: Missing parents: List()
[2022-04-05 22:28:25,636] {spark_submit.py:488} INFO - 22/04/05 22:28:25 INFO DAGScheduler: Submitting ShuffleMapStage 1 (MapPartitionsRDD[6] at save at NativeMethodAccessorImpl.java:0), which has no missing parents
[2022-04-05 22:28:26,014] {spark_submit.py:488} INFO - 22/04/05 22:28:26 INFO MemoryStore: Block broadcast_2 stored as values in memory (estimated size 32.2 KiB, free 434.1 MiB)
[2022-04-05 22:28:26,024] {spark_submit.py:488} INFO - 22/04/05 22:28:26 INFO MemoryStore: Block broadcast_2_piece0 stored as bytes in memory (estimated size 10.4 KiB, free 434.1 MiB)
[2022-04-05 22:28:26,025] {spark_submit.py:488} INFO - 22/04/05 22:28:26 INFO BlockManagerInfo: Added broadcast_2_piece0 in memory on 9fe4286b2855:46205 (size: 10.4 KiB, free: 434.4 MiB)
[2022-04-05 22:28:26,030] {spark_submit.py:488} INFO - 22/04/05 22:28:26 INFO SparkContext: Created broadcast 2 from broadcast at DAGScheduler.scala:1478
[2022-04-05 22:28:26,049] {spark_submit.py:488} INFO - 22/04/05 22:28:26 INFO DAGScheduler: Submitting 1 missing tasks from ShuffleMapStage 1 (MapPartitionsRDD[6] at save at NativeMethodAccessorImpl.java:0) (first 15 tasks are for partitions Vector(0))
[2022-04-05 22:28:26,049] {spark_submit.py:488} INFO - 22/04/05 22:28:26 INFO TaskSchedulerImpl: Adding task set 1.0 with 1 tasks resource profile 0
[2022-04-05 22:28:26,059] {spark_submit.py:488} INFO - 22/04/05 22:28:26 INFO TaskSetManager: Starting task 0.0 in stage 1.0 (TID 1) (9fe4286b2855, executor driver, partition 0, PROCESS_LOCAL, 4890 bytes) taskResourceAssignments Map()
[2022-04-05 22:28:26,062] {spark_submit.py:488} INFO - 22/04/05 22:28:26 INFO Executor: Running task 0.0 in stage 1.0 (TID 1)
[2022-04-05 22:28:27,174] {spark_submit.py:488} INFO - 22/04/05 22:28:27 INFO FileScanRDD: Reading File path: gs://dtc_data_lake_de-stack-overflow/parquet/posts_questions-2008-08.parquet, range: 0-2164388, partition values: [empty row]
[2022-04-05 22:28:30,061] {spark_submit.py:488} INFO - 22/04/05 22:28:30 INFO CodecPool: Got brand-new decompressor [.snappy]
[2022-04-05 22:28:34,408] {spark_submit.py:488} INFO - 22/04/05 22:28:34 INFO Executor: Finished task 0.0 in stage 1.0 (TID 1). 2072 bytes result sent to driver
[2022-04-05 22:28:34,441] {spark_submit.py:488} INFO - 22/04/05 22:28:34 INFO TaskSetManager: Finished task 0.0 in stage 1.0 (TID 1) in 8388 ms on 9fe4286b2855 (executor driver) (1/1)
[2022-04-05 22:28:34,441] {spark_submit.py:488} INFO - 22/04/05 22:28:34 INFO TaskSchedulerImpl: Removed TaskSet 1.0, whose tasks have all completed, from pool
[2022-04-05 22:28:34,460] {spark_submit.py:488} INFO - 22/04/05 22:28:34 INFO DAGScheduler: ShuffleMapStage 1 (save at NativeMethodAccessorImpl.java:0) finished in 8.767 s
[2022-04-05 22:28:34,476] {spark_submit.py:488} INFO - 22/04/05 22:28:34 INFO DAGScheduler: looking for newly runnable stages
[2022-04-05 22:28:34,476] {spark_submit.py:488} INFO - 22/04/05 22:28:34 INFO DAGScheduler: running: Set()
[2022-04-05 22:28:34,476] {spark_submit.py:488} INFO - 22/04/05 22:28:34 INFO DAGScheduler: waiting: Set()
[2022-04-05 22:28:34,477] {spark_submit.py:488} INFO - 22/04/05 22:28:34 INFO DAGScheduler: failed: Set()
[2022-04-05 22:28:35,063] {spark_submit.py:488} INFO - 22/04/05 22:28:35 INFO SparkContext: Starting job: save at NativeMethodAccessorImpl.java:0
[2022-04-05 22:28:35,067] {spark_submit.py:488} INFO - 22/04/05 22:28:35 INFO DAGScheduler: Got job 2 (save at NativeMethodAccessorImpl.java:0) with 4 output partitions
[2022-04-05 22:28:35,068] {spark_submit.py:488} INFO - 22/04/05 22:28:35 INFO DAGScheduler: Final stage: ResultStage 3 (save at NativeMethodAccessorImpl.java:0)
[2022-04-05 22:28:35,068] {spark_submit.py:488} INFO - 22/04/05 22:28:35 INFO DAGScheduler: Parents of final stage: List(ShuffleMapStage 2)
[2022-04-05 22:28:35,069] {spark_submit.py:488} INFO - 22/04/05 22:28:35 INFO DAGScheduler: Missing parents: List()
[2022-04-05 22:28:35,070] {spark_submit.py:488} INFO - 22/04/05 22:28:35 INFO DAGScheduler: Submitting ResultStage 3 (ShuffledRowRDD[7] at save at NativeMethodAccessorImpl.java:0), which has no missing parents
[2022-04-05 22:28:35,198] {spark_submit.py:488} INFO - 22/04/05 22:28:35 INFO MemoryStore: Block broadcast_3 stored as values in memory (estimated size 204.2 KiB, free 433.9 MiB)
[2022-04-05 22:28:35,207] {spark_submit.py:488} INFO - 22/04/05 22:28:35 INFO MemoryStore: Block broadcast_3_piece0 stored as bytes in memory (estimated size 72.9 KiB, free 433.9 MiB)
[2022-04-05 22:28:35,209] {spark_submit.py:488} INFO - 22/04/05 22:28:35 INFO BlockManagerInfo: Added broadcast_3_piece0 in memory on 9fe4286b2855:46205 (size: 72.9 KiB, free: 434.3 MiB)
[2022-04-05 22:28:35,215] {spark_submit.py:488} INFO - 22/04/05 22:28:35 INFO SparkContext: Created broadcast 3 from broadcast at DAGScheduler.scala:1478
[2022-04-05 22:28:35,217] {spark_submit.py:488} INFO - 22/04/05 22:28:35 INFO DAGScheduler: Submitting 4 missing tasks from ResultStage 3 (ShuffledRowRDD[7] at save at NativeMethodAccessorImpl.java:0) (first 15 tasks are for partitions Vector(0, 1, 2, 3))
[2022-04-05 22:28:35,217] {spark_submit.py:488} INFO - 22/04/05 22:28:35 INFO TaskSchedulerImpl: Adding task set 3.0 with 4 tasks resource profile 0
[2022-04-05 22:28:35,229] {spark_submit.py:488} INFO - 22/04/05 22:28:35 INFO TaskSetManager: Starting task 0.0 in stage 3.0 (TID 2) (9fe4286b2855, executor driver, partition 0, NODE_LOCAL, 4453 bytes) taskResourceAssignments Map()
[2022-04-05 22:28:35,230] {spark_submit.py:488} INFO - 22/04/05 22:28:35 INFO TaskSetManager: Starting task 1.0 in stage 3.0 (TID 3) (9fe4286b2855, executor driver, partition 1, NODE_LOCAL, 4453 bytes) taskResourceAssignments Map()
[2022-04-05 22:28:35,231] {spark_submit.py:488} INFO - 22/04/05 22:28:35 INFO TaskSetManager: Starting task 2.0 in stage 3.0 (TID 4) (9fe4286b2855, executor driver, partition 2, NODE_LOCAL, 4453 bytes) taskResourceAssignments Map()
[2022-04-05 22:28:35,232] {spark_submit.py:488} INFO - 22/04/05 22:28:35 INFO TaskSetManager: Starting task 3.0 in stage 3.0 (TID 5) (9fe4286b2855, executor driver, partition 3, NODE_LOCAL, 4453 bytes) taskResourceAssignments Map()
[2022-04-05 22:28:35,233] {spark_submit.py:488} INFO - 22/04/05 22:28:35 INFO Executor: Running task 0.0 in stage 3.0 (TID 2)
[2022-04-05 22:28:35,279] {spark_submit.py:488} INFO - 22/04/05 22:28:35 INFO Executor: Running task 2.0 in stage 3.0 (TID 4)
[2022-04-05 22:28:35,279] {spark_submit.py:488} INFO - 22/04/05 22:28:35 INFO Executor: Running task 1.0 in stage 3.0 (TID 3)
[2022-04-05 22:28:35,294] {spark_submit.py:488} INFO - 22/04/05 22:28:35 INFO Executor: Running task 3.0 in stage 3.0 (TID 5)
[2022-04-05 22:28:35,556] {spark_submit.py:488} INFO - 22/04/05 22:28:35 INFO ShuffleBlockFetcherIterator: Getting 1 (609.1 KiB) non-empty blocks including 1 (609.1 KiB) local and 0 (0.0 B) host-local and 0 (0.0 B) push-merged-local and 0 (0.0 B) remote blocks
[2022-04-05 22:28:35,560] {spark_submit.py:488} INFO - 22/04/05 22:28:35 INFO ShuffleBlockFetcherIterator: Started 0 remote fetches in 7 ms
[2022-04-05 22:28:35,584] {spark_submit.py:488} INFO - 22/04/05 22:28:35 INFO ShuffleBlockFetcherIterator: Getting 1 (609.1 KiB) non-empty blocks including 1 (609.1 KiB) local and 0 (0.0 B) host-local and 0 (0.0 B) push-merged-local and 0 (0.0 B) remote blocks
[2022-04-05 22:28:35,584] {spark_submit.py:488} INFO - 22/04/05 22:28:35 INFO ShuffleBlockFetcherIterator: Started 0 remote fetches in 52 ms
[2022-04-05 22:28:35,588] {spark_submit.py:488} INFO - 22/04/05 22:28:35 INFO ShuffleBlockFetcherIterator: Getting 1 (609.1 KiB) non-empty blocks including 1 (609.1 KiB) local and 0 (0.0 B) host-local and 0 (0.0 B) push-merged-local and 0 (0.0 B) remote blocks
[2022-04-05 22:28:35,588] {spark_submit.py:488} INFO - 22/04/05 22:28:35 INFO ShuffleBlockFetcherIterator: Started 0 remote fetches in 9 ms
[2022-04-05 22:28:35,598] {spark_submit.py:488} INFO - 22/04/05 22:28:35 INFO ShuffleBlockFetcherIterator: Getting 1 (609.1 KiB) non-empty blocks including 1 (609.1 KiB) local and 0 (0.0 B) host-local and 0 (0.0 B) push-merged-local and 0 (0.0 B) remote blocks
[2022-04-05 22:28:35,598] {spark_submit.py:488} INFO - 22/04/05 22:28:35 INFO ShuffleBlockFetcherIterator: Started 0 remote fetches in 72 ms
[2022-04-05 22:28:35,607] {spark_submit.py:488} INFO - 22/04/05 22:28:35 INFO FileOutputCommitter: File Output Committer Algorithm version is 1
[2022-04-05 22:28:35,608] {spark_submit.py:488} INFO - 22/04/05 22:28:35 INFO FileOutputCommitter: FileOutputCommitter skip cleanup _temporary folders under output directory:false, ignore cleanup failures: false
[2022-04-05 22:28:35,608] {spark_submit.py:488} INFO - 22/04/05 22:28:35 INFO FileOutputCommitter: File Output Committer Algorithm version is 1
[2022-04-05 22:28:35,608] {spark_submit.py:488} INFO - 22/04/05 22:28:35 INFO FileOutputCommitter: FileOutputCommitter skip cleanup _temporary folders under output directory:false, ignore cleanup failures: false
[2022-04-05 22:28:35,611] {spark_submit.py:488} INFO - 22/04/05 22:28:35 INFO FileOutputCommitter: File Output Committer Algorithm version is 1
[2022-04-05 22:28:35,611] {spark_submit.py:488} INFO - 22/04/05 22:28:35 INFO FileOutputCommitter: FileOutputCommitter skip cleanup _temporary folders under output directory:false, ignore cleanup failures: false
[2022-04-05 22:28:35,637] {spark_submit.py:488} INFO - 22/04/05 22:28:35 INFO FileOutputCommitter: File Output Committer Algorithm version is 1
[2022-04-05 22:28:35,638] {spark_submit.py:488} INFO - 22/04/05 22:28:35 INFO FileOutputCommitter: FileOutputCommitter skip cleanup _temporary folders under output directory:false, ignore cleanup failures: false
[2022-04-05 22:28:35,652] {spark_submit.py:488} INFO - 22/04/05 22:28:35 INFO SQLHadoopMapReduceCommitProtocol: Using user defined output committer class org.apache.parquet.hadoop.ParquetOutputCommitter
[2022-04-05 22:28:35,652] {spark_submit.py:488} INFO - 22/04/05 22:28:35 INFO FileOutputCommitter: File Output Committer Algorithm version is 1
[2022-04-05 22:28:35,652] {spark_submit.py:488} INFO - 22/04/05 22:28:35 INFO FileOutputCommitter: FileOutputCommitter skip cleanup _temporary folders under output directory:false, ignore cleanup failures: false
[2022-04-05 22:28:35,652] {spark_submit.py:488} INFO - 22/04/05 22:28:35 INFO SQLHadoopMapReduceCommitProtocol: Using output committer class org.apache.parquet.hadoop.ParquetOutputCommitter
[2022-04-05 22:28:35,652] {spark_submit.py:488} INFO - 22/04/05 22:28:35 INFO SQLHadoopMapReduceCommitProtocol: Using user defined output committer class org.apache.parquet.hadoop.ParquetOutputCommitter
[2022-04-05 22:28:35,652] {spark_submit.py:488} INFO - 22/04/05 22:28:35 INFO FileOutputCommitter: File Output Committer Algorithm version is 1
[2022-04-05 22:28:35,652] {spark_submit.py:488} INFO - 22/04/05 22:28:35 INFO FileOutputCommitter: FileOutputCommitter skip cleanup _temporary folders under output directory:false, ignore cleanup failures: false
[2022-04-05 22:28:35,652] {spark_submit.py:488} INFO - 22/04/05 22:28:35 INFO SQLHadoopMapReduceCommitProtocol: Using output committer class org.apache.parquet.hadoop.ParquetOutputCommitter
[2022-04-05 22:28:35,655] {spark_submit.py:488} INFO - 22/04/05 22:28:35 INFO SQLHadoopMapReduceCommitProtocol: Using user defined output committer class org.apache.parquet.hadoop.ParquetOutputCommitter
[2022-04-05 22:28:35,655] {spark_submit.py:488} INFO - 22/04/05 22:28:35 INFO FileOutputCommitter: File Output Committer Algorithm version is 1
[2022-04-05 22:28:35,655] {spark_submit.py:488} INFO - 22/04/05 22:28:35 INFO FileOutputCommitter: FileOutputCommitter skip cleanup _temporary folders under output directory:false, ignore cleanup failures: false
[2022-04-05 22:28:35,656] {spark_submit.py:488} INFO - 22/04/05 22:28:35 INFO SQLHadoopMapReduceCommitProtocol: Using output committer class org.apache.parquet.hadoop.ParquetOutputCommitter
[2022-04-05 22:28:35,656] {spark_submit.py:488} INFO - 22/04/05 22:28:35 INFO SQLHadoopMapReduceCommitProtocol: Using user defined output committer class org.apache.parquet.hadoop.ParquetOutputCommitter
[2022-04-05 22:28:35,656] {spark_submit.py:488} INFO - 22/04/05 22:28:35 INFO FileOutputCommitter: File Output Committer Algorithm version is 1
[2022-04-05 22:28:35,656] {spark_submit.py:488} INFO - 22/04/05 22:28:35 INFO FileOutputCommitter: FileOutputCommitter skip cleanup _temporary folders under output directory:false, ignore cleanup failures: false
[2022-04-05 22:28:35,656] {spark_submit.py:488} INFO - 22/04/05 22:28:35 INFO SQLHadoopMapReduceCommitProtocol: Using output committer class org.apache.parquet.hadoop.ParquetOutputCommitter
[2022-04-05 22:28:35,663] {spark_submit.py:488} INFO - 22/04/05 22:28:35 INFO CodecConfig: Compression: SNAPPY
[2022-04-05 22:28:35,676] {spark_submit.py:488} INFO - 22/04/05 22:28:35 INFO CodecConfig: Compression: SNAPPY
[2022-04-05 22:28:35,678] {spark_submit.py:488} INFO - 22/04/05 22:28:35 INFO CodecConfig: Compression: SNAPPY
[2022-04-05 22:28:35,687] {spark_submit.py:488} INFO - 22/04/05 22:28:35 INFO CodecConfig: Compression: SNAPPY
[2022-04-05 22:28:35,692] {spark_submit.py:488} INFO - 22/04/05 22:28:35 INFO CodecConfig: Compression: SNAPPY
[2022-04-05 22:28:35,699] {spark_submit.py:488} INFO - 22/04/05 22:28:35 INFO CodecConfig: Compression: SNAPPY
[2022-04-05 22:28:35,708] {spark_submit.py:488} INFO - 22/04/05 22:28:35 INFO CodecConfig: Compression: SNAPPY
[2022-04-05 22:28:35,708] {spark_submit.py:488} INFO - 22/04/05 22:28:35 INFO CodecConfig: Compression: SNAPPY
[2022-04-05 22:28:35,848] {spark_submit.py:488} INFO - 22/04/05 22:28:35 INFO ParquetOutputFormat: Parquet block size to 134217728
[2022-04-05 22:28:35,890] {spark_submit.py:488} INFO - 22/04/05 22:28:35 INFO ParquetOutputFormat: Validation is off
[2022-04-05 22:28:35,890] {spark_submit.py:488} INFO - 22/04/05 22:28:35 INFO ParquetOutputFormat: Maximum row group padding size is 8388608 bytes
[2022-04-05 22:28:35,890] {spark_submit.py:488} INFO - 22/04/05 22:28:35 INFO ParquetOutputFormat: Parquet properties are:
[2022-04-05 22:28:35,890] {spark_submit.py:488} INFO - Parquet page size to 1048576
[2022-04-05 22:28:35,890] {spark_submit.py:488} INFO - Parquet dictionary page size to 1048576
[2022-04-05 22:28:35,890] {spark_submit.py:488} INFO - Dictionary is true
[2022-04-05 22:28:35,890] {spark_submit.py:488} INFO - Writer version is: PARQUET_1_0
[2022-04-05 22:28:35,890] {spark_submit.py:488} INFO - Page size checking is: estimated
[2022-04-05 22:28:35,891] {spark_submit.py:488} INFO - Min row count for page size check is: 100
[2022-04-05 22:28:35,891] {spark_submit.py:488} INFO - Max row count for page size check is: 10000
[2022-04-05 22:28:35,891] {spark_submit.py:488} INFO - Truncate length for column indexes is: 64
[2022-04-05 22:28:35,891] {spark_submit.py:488} INFO - Truncate length for statistics min/max  is: 2147483647
[2022-04-05 22:28:35,891] {spark_submit.py:488} INFO - Bloom filter enabled: false
[2022-04-05 22:28:35,891] {spark_submit.py:488} INFO - Max Bloom filter size for a column is 1048576
[2022-04-05 22:28:35,891] {spark_submit.py:488} INFO - Bloom filter expected number of distinct values are: null
[2022-04-05 22:28:35,891] {spark_submit.py:488} INFO - Page row count limit to 20000
[2022-04-05 22:28:35,891] {spark_submit.py:488} INFO - Writing page checksums is: on
[2022-04-05 22:28:35,891] {spark_submit.py:488} INFO - 22/04/05 22:28:35 INFO ParquetOutputFormat: Parquet block size to 134217728
[2022-04-05 22:28:35,891] {spark_submit.py:488} INFO - 22/04/05 22:28:35 INFO ParquetOutputFormat: Validation is off
[2022-04-05 22:28:35,891] {spark_submit.py:488} INFO - 22/04/05 22:28:35 INFO ParquetOutputFormat: Maximum row group padding size is 8388608 bytes
[2022-04-05 22:28:35,892] {spark_submit.py:488} INFO - 22/04/05 22:28:35 INFO ParquetOutputFormat: Parquet properties are:
[2022-04-05 22:28:35,892] {spark_submit.py:488} INFO - Parquet page size to 1048576
[2022-04-05 22:28:35,892] {spark_submit.py:488} INFO - Parquet dictionary page size to 1048576
[2022-04-05 22:28:35,892] {spark_submit.py:488} INFO - Dictionary is true
[2022-04-05 22:28:35,892] {spark_submit.py:488} INFO - Writer version is: PARQUET_1_0
[2022-04-05 22:28:35,892] {spark_submit.py:488} INFO - Page size checking is: estimated
[2022-04-05 22:28:35,892] {spark_submit.py:488} INFO - Min row count for page size check is: 100
[2022-04-05 22:28:35,892] {spark_submit.py:488} INFO - Max row count for page size check is: 10000
[2022-04-05 22:28:35,892] {spark_submit.py:488} INFO - Truncate length for column indexes is: 64
[2022-04-05 22:28:35,892] {spark_submit.py:488} INFO - Truncate length for statistics min/max  is: 2147483647
[2022-04-05 22:28:35,892] {spark_submit.py:488} INFO - Bloom filter enabled: false
[2022-04-05 22:28:35,892] {spark_submit.py:488} INFO - Max Bloom filter size for a column is 1048576
[2022-04-05 22:28:35,892] {spark_submit.py:488} INFO - Bloom filter expected number of distinct values are: null
[2022-04-05 22:28:35,892] {spark_submit.py:488} INFO - Page row count limit to 20000
[2022-04-05 22:28:35,893] {spark_submit.py:488} INFO - Writing page checksums is: on
[2022-04-05 22:28:35,900] {spark_submit.py:488} INFO - 22/04/05 22:28:35 INFO ParquetOutputFormat: Parquet block size to 134217728
[2022-04-05 22:28:35,900] {spark_submit.py:488} INFO - 22/04/05 22:28:35 INFO ParquetOutputFormat: Validation is off
[2022-04-05 22:28:35,900] {spark_submit.py:488} INFO - 22/04/05 22:28:35 INFO ParquetOutputFormat: Maximum row group padding size is 8388608 bytes
[2022-04-05 22:28:35,900] {spark_submit.py:488} INFO - 22/04/05 22:28:35 INFO ParquetOutputFormat: Parquet properties are:
[2022-04-05 22:28:35,900] {spark_submit.py:488} INFO - Parquet page size to 1048576
[2022-04-05 22:28:35,900] {spark_submit.py:488} INFO - Parquet dictionary page size to 1048576
[2022-04-05 22:28:35,901] {spark_submit.py:488} INFO - Dictionary is true
[2022-04-05 22:28:35,901] {spark_submit.py:488} INFO - Writer version is: PARQUET_1_0
[2022-04-05 22:28:35,901] {spark_submit.py:488} INFO - Page size checking is: estimated
[2022-04-05 22:28:35,901] {spark_submit.py:488} INFO - Min row count for page size check is: 100
[2022-04-05 22:28:35,901] {spark_submit.py:488} INFO - Max row count for page size check is: 10000
[2022-04-05 22:28:35,901] {spark_submit.py:488} INFO - Truncate length for column indexes is: 64
[2022-04-05 22:28:35,901] {spark_submit.py:488} INFO - Truncate length for statistics min/max  is: 2147483647
[2022-04-05 22:28:35,901] {spark_submit.py:488} INFO - Bloom filter enabled: false
[2022-04-05 22:28:35,901] {spark_submit.py:488} INFO - Max Bloom filter size for a column is 1048576
[2022-04-05 22:28:35,901] {spark_submit.py:488} INFO - Bloom filter expected number of distinct values are: null
[2022-04-05 22:28:35,901] {spark_submit.py:488} INFO - Page row count limit to 20000
[2022-04-05 22:28:35,901] {spark_submit.py:488} INFO - Writing page checksums is: on
[2022-04-05 22:28:35,952] {spark_submit.py:488} INFO - 22/04/05 22:28:35 INFO ParquetOutputFormat: Parquet block size to 134217728
[2022-04-05 22:28:35,952] {spark_submit.py:488} INFO - 22/04/05 22:28:35 INFO ParquetOutputFormat: Validation is off
[2022-04-05 22:28:35,952] {spark_submit.py:488} INFO - 22/04/05 22:28:35 INFO ParquetOutputFormat: Maximum row group padding size is 8388608 bytes
[2022-04-05 22:28:35,952] {spark_submit.py:488} INFO - 22/04/05 22:28:35 INFO ParquetOutputFormat: Parquet properties are:
[2022-04-05 22:28:35,953] {spark_submit.py:488} INFO - Parquet page size to 1048576
[2022-04-05 22:28:35,953] {spark_submit.py:488} INFO - Parquet dictionary page size to 1048576
[2022-04-05 22:28:35,953] {spark_submit.py:488} INFO - Dictionary is true
[2022-04-05 22:28:35,953] {spark_submit.py:488} INFO - Writer version is: PARQUET_1_0
[2022-04-05 22:28:35,953] {spark_submit.py:488} INFO - Page size checking is: estimated
[2022-04-05 22:28:35,953] {spark_submit.py:488} INFO - Min row count for page size check is: 100
[2022-04-05 22:28:35,953] {spark_submit.py:488} INFO - Max row count for page size check is: 10000
[2022-04-05 22:28:35,953] {spark_submit.py:488} INFO - Truncate length for column indexes is: 64
[2022-04-05 22:28:35,953] {spark_submit.py:488} INFO - Truncate length for statistics min/max  is: 2147483647
[2022-04-05 22:28:35,953] {spark_submit.py:488} INFO - Bloom filter enabled: false
[2022-04-05 22:28:35,953] {spark_submit.py:488} INFO - Max Bloom filter size for a column is 1048576
[2022-04-05 22:28:35,953] {spark_submit.py:488} INFO - Bloom filter expected number of distinct values are: null
[2022-04-05 22:28:35,953] {spark_submit.py:488} INFO - Page row count limit to 20000
[2022-04-05 22:28:35,954] {spark_submit.py:488} INFO - Writing page checksums is: on
[2022-04-05 22:28:35,960] {spark_submit.py:488} INFO - 22/04/05 22:28:35 INFO ParquetWriteSupport: Initialized Parquet WriteSupport with Catalyst schema:
[2022-04-05 22:28:35,960] {spark_submit.py:488} INFO - {
[2022-04-05 22:28:35,961] {spark_submit.py:488} INFO - "type" : "struct",
[2022-04-05 22:28:35,961] {spark_submit.py:488} INFO - "fields" : [ {
[2022-04-05 22:28:35,961] {spark_submit.py:488} INFO - "name" : "id",
[2022-04-05 22:28:35,961] {spark_submit.py:488} INFO - "type" : "integer",
[2022-04-05 22:28:35,961] {spark_submit.py:488} INFO - "nullable" : true,
[2022-04-05 22:28:35,961] {spark_submit.py:488} INFO - "metadata" : { }
[2022-04-05 22:28:35,961] {spark_submit.py:488} INFO - }, {
[2022-04-05 22:28:35,961] {spark_submit.py:488} INFO - "name" : "title",
[2022-04-05 22:28:35,961] {spark_submit.py:488} INFO - "type" : "string",
[2022-04-05 22:28:35,961] {spark_submit.py:488} INFO - "nullable" : true,
[2022-04-05 22:28:35,961] {spark_submit.py:488} INFO - "metadata" : { }
[2022-04-05 22:28:35,961] {spark_submit.py:488} INFO - }, {
[2022-04-05 22:28:35,962] {spark_submit.py:488} INFO - "name" : "body",
[2022-04-05 22:28:35,962] {spark_submit.py:488} INFO - "type" : "string",
[2022-04-05 22:28:35,962] {spark_submit.py:488} INFO - "nullable" : true,
[2022-04-05 22:28:35,962] {spark_submit.py:488} INFO - "metadata" : { }
[2022-04-05 22:28:35,962] {spark_submit.py:488} INFO - }, {
[2022-04-05 22:28:35,962] {spark_submit.py:488} INFO - "name" : "accepted_answer_id",
[2022-04-05 22:28:35,962] {spark_submit.py:488} INFO - "type" : "integer",
[2022-04-05 22:28:35,962] {spark_submit.py:488} INFO - "nullable" : true,
[2022-04-05 22:28:35,962] {spark_submit.py:488} INFO - "metadata" : { }
[2022-04-05 22:28:35,962] {spark_submit.py:488} INFO - }, {
[2022-04-05 22:28:35,962] {spark_submit.py:488} INFO - "name" : "answer_count",
[2022-04-05 22:28:35,962] {spark_submit.py:488} INFO - "type" : "integer",
[2022-04-05 22:28:35,962] {spark_submit.py:488} INFO - "nullable" : true,
[2022-04-05 22:28:35,963] {spark_submit.py:488} INFO - "metadata" : { }
[2022-04-05 22:28:35,963] {spark_submit.py:488} INFO - }, {
[2022-04-05 22:28:35,963] {spark_submit.py:488} INFO - "name" : "comment_count",
[2022-04-05 22:28:35,963] {spark_submit.py:488} INFO - "type" : "integer",
[2022-04-05 22:28:35,963] {spark_submit.py:488} INFO - "nullable" : true,
[2022-04-05 22:28:35,963] {spark_submit.py:488} INFO - "metadata" : { }
[2022-04-05 22:28:35,963] {spark_submit.py:488} INFO - }, {
[2022-04-05 22:28:35,963] {spark_submit.py:488} INFO - "name" : "community_owned_date",
[2022-04-05 22:28:35,963] {spark_submit.py:488} INFO - "type" : "timestamp",
[2022-04-05 22:28:35,963] {spark_submit.py:488} INFO - "nullable" : true,
[2022-04-05 22:28:35,963] {spark_submit.py:488} INFO - "metadata" : { }
[2022-04-05 22:28:35,963] {spark_submit.py:488} INFO - }, {
[2022-04-05 22:28:35,964] {spark_submit.py:488} INFO - "name" : "creation_date",
[2022-04-05 22:28:35,964] {spark_submit.py:488} INFO - "type" : "timestamp",
[2022-04-05 22:28:35,964] {spark_submit.py:488} INFO - "nullable" : true,
[2022-04-05 22:28:35,964] {spark_submit.py:488} INFO - "metadata" : { }
[2022-04-05 22:28:35,964] {spark_submit.py:488} INFO - }, {
[2022-04-05 22:28:35,964] {spark_submit.py:488} INFO - "name" : "favorite_count",
[2022-04-05 22:28:35,964] {spark_submit.py:488} INFO - "type" : "integer",
[2022-04-05 22:28:35,964] {spark_submit.py:488} INFO - "nullable" : true,
[2022-04-05 22:28:35,964] {spark_submit.py:488} INFO - "metadata" : { }
[2022-04-05 22:28:35,964] {spark_submit.py:488} INFO - }, {
[2022-04-05 22:28:35,964] {spark_submit.py:488} INFO - "name" : "last_activity_date",
[2022-04-05 22:28:35,964] {spark_submit.py:488} INFO - "type" : "timestamp",
[2022-04-05 22:28:35,964] {spark_submit.py:488} INFO - "nullable" : true,
[2022-04-05 22:28:35,964] {spark_submit.py:488} INFO - "metadata" : { }
[2022-04-05 22:28:35,965] {spark_submit.py:488} INFO - }, {
[2022-04-05 22:28:35,965] {spark_submit.py:488} INFO - "name" : "last_edit_date",
[2022-04-05 22:28:35,965] {spark_submit.py:488} INFO - "type" : "timestamp",
[2022-04-05 22:28:35,965] {spark_submit.py:488} INFO - "nullable" : true,
[2022-04-05 22:28:35,965] {spark_submit.py:488} INFO - "metadata" : { }
[2022-04-05 22:28:35,965] {spark_submit.py:488} INFO - }, {
[2022-04-05 22:28:35,980] {spark_submit.py:488} INFO - "name" : "last_editor_display_name",
[2022-04-05 22:28:35,980] {spark_submit.py:488} INFO - "type" : "string",
[2022-04-05 22:28:35,980] {spark_submit.py:488} INFO - "nullable" : true,
[2022-04-05 22:28:35,980] {spark_submit.py:488} INFO - "metadata" : { }
[2022-04-05 22:28:35,980] {spark_submit.py:488} INFO - }, {
[2022-04-05 22:28:35,981] {spark_submit.py:488} INFO - "name" : "last_editor_user_id",
[2022-04-05 22:28:35,981] {spark_submit.py:488} INFO - "type" : "integer",
[2022-04-05 22:28:35,981] {spark_submit.py:488} INFO - "nullable" : true,
[2022-04-05 22:28:35,981] {spark_submit.py:488} INFO - "metadata" : { }
[2022-04-05 22:28:35,981] {spark_submit.py:488} INFO - }, {
[2022-04-05 22:28:35,981] {spark_submit.py:488} INFO - "name" : "owner_display_name",
[2022-04-05 22:28:35,981] {spark_submit.py:488} INFO - "type" : "string",
[2022-04-05 22:28:35,981] {spark_submit.py:488} INFO - "nullable" : true,
[2022-04-05 22:28:35,981] {spark_submit.py:488} INFO - "metadata" : { }
[2022-04-05 22:28:35,981] {spark_submit.py:488} INFO - }, {
[2022-04-05 22:28:35,981] {spark_submit.py:488} INFO - "name" : "owner_user_id",
[2022-04-05 22:28:35,981] {spark_submit.py:488} INFO - "type" : "integer",
[2022-04-05 22:28:35,982] {spark_submit.py:488} INFO - "nullable" : true,
[2022-04-05 22:28:35,982] {spark_submit.py:488} INFO - "metadata" : { }
[2022-04-05 22:28:35,982] {spark_submit.py:488} INFO - }, {
[2022-04-05 22:28:35,982] {spark_submit.py:488} INFO - "name" : "parent_id",
[2022-04-05 22:28:35,982] {spark_submit.py:488} INFO - "type" : "integer",
[2022-04-05 22:28:35,982] {spark_submit.py:488} INFO - "nullable" : true,
[2022-04-05 22:28:35,982] {spark_submit.py:488} INFO - "metadata" : { }
[2022-04-05 22:28:35,982] {spark_submit.py:488} INFO - }, {
[2022-04-05 22:28:35,982] {spark_submit.py:488} INFO - "name" : "post_type_id",
[2022-04-05 22:28:35,982] {spark_submit.py:488} INFO - "type" : "integer",
[2022-04-05 22:28:35,982] {spark_submit.py:488} INFO - "nullable" : true,
[2022-04-05 22:28:35,982] {spark_submit.py:488} INFO - "metadata" : { }
[2022-04-05 22:28:35,982] {spark_submit.py:488} INFO - }, {
[2022-04-05 22:28:35,982] {spark_submit.py:488} INFO - "name" : "score",
[2022-04-05 22:28:35,983] {spark_submit.py:488} INFO - "type" : "integer",
[2022-04-05 22:28:35,983] {spark_submit.py:488} INFO - "nullable" : true,
[2022-04-05 22:28:35,983] {spark_submit.py:488} INFO - "metadata" : { }
[2022-04-05 22:28:35,983] {spark_submit.py:488} INFO - }, {
[2022-04-05 22:28:35,983] {spark_submit.py:488} INFO - "name" : "tags",
[2022-04-05 22:28:35,983] {spark_submit.py:488} INFO - "type" : "string",
[2022-04-05 22:28:35,983] {spark_submit.py:488} INFO - "nullable" : true,
[2022-04-05 22:28:35,983] {spark_submit.py:488} INFO - "metadata" : { }
[2022-04-05 22:28:35,983] {spark_submit.py:488} INFO - }, {
[2022-04-05 22:28:35,983] {spark_submit.py:488} INFO - "name" : "view_count",
[2022-04-05 22:28:35,983] {spark_submit.py:488} INFO - "type" : "integer",
[2022-04-05 22:28:35,983] {spark_submit.py:488} INFO - "nullable" : true,
[2022-04-05 22:28:35,983] {spark_submit.py:488} INFO - "metadata" : { }
[2022-04-05 22:28:35,993] {spark_submit.py:488} INFO - }, {
[2022-04-05 22:28:35,993] {spark_submit.py:488} INFO - "name" : "group_by_date",
[2022-04-05 22:28:35,993] {spark_submit.py:488} INFO - "type" : "timestamp",
[2022-04-05 22:28:35,993] {spark_submit.py:488} INFO - "nullable" : true,
[2022-04-05 22:28:35,993] {spark_submit.py:488} INFO - "metadata" : { }
[2022-04-05 22:28:35,993] {spark_submit.py:488} INFO - } ]
[2022-04-05 22:28:35,993] {spark_submit.py:488} INFO - }
[2022-04-05 22:28:35,993] {spark_submit.py:488} INFO - and corresponding Parquet message type:
[2022-04-05 22:28:35,993] {spark_submit.py:488} INFO - message spark_schema {
[2022-04-05 22:28:35,993] {spark_submit.py:488} INFO - optional int32 id;
[2022-04-05 22:28:35,993] {spark_submit.py:488} INFO - optional binary title (STRING);
[2022-04-05 22:28:36,002] {spark_submit.py:488} INFO - optional binary body (STRING);
[2022-04-05 22:28:36,002] {spark_submit.py:488} INFO - optional int32 accepted_answer_id;
[2022-04-05 22:28:36,002] {spark_submit.py:488} INFO - optional int32 answer_count;
[2022-04-05 22:28:36,002] {spark_submit.py:488} INFO - optional int32 comment_count;
[2022-04-05 22:28:36,002] {spark_submit.py:488} INFO - optional int96 community_owned_date;
[2022-04-05 22:28:36,003] {spark_submit.py:488} INFO - optional int96 creation_date;
[2022-04-05 22:28:36,003] {spark_submit.py:488} INFO - optional int32 favorite_count;
[2022-04-05 22:28:36,003] {spark_submit.py:488} INFO - optional int96 last_activity_date;
[2022-04-05 22:28:36,003] {spark_submit.py:488} INFO - optional int96 last_edit_date;
[2022-04-05 22:28:36,003] {spark_submit.py:488} INFO - optional binary last_editor_display_name (STRING);
[2022-04-05 22:28:36,003] {spark_submit.py:488} INFO - optional int32 last_editor_user_id;
[2022-04-05 22:28:36,003] {spark_submit.py:488} INFO - optional binary owner_display_name (STRING);
[2022-04-05 22:28:36,003] {spark_submit.py:488} INFO - optional int32 owner_user_id;
[2022-04-05 22:28:36,003] {spark_submit.py:488} INFO - optional int32 parent_id;
[2022-04-05 22:28:36,003] {spark_submit.py:488} INFO - optional int32 post_type_id;
[2022-04-05 22:28:36,003] {spark_submit.py:488} INFO - optional int32 score;
[2022-04-05 22:28:36,003] {spark_submit.py:488} INFO - optional binary tags (STRING);
[2022-04-05 22:28:36,003] {spark_submit.py:488} INFO - optional int32 view_count;
[2022-04-05 22:28:36,004] {spark_submit.py:488} INFO - optional int96 group_by_date;
[2022-04-05 22:28:36,004] {spark_submit.py:488} INFO - }
[2022-04-05 22:28:36,004] {spark_submit.py:488} INFO - 
[2022-04-05 22:28:36,004] {spark_submit.py:488} INFO - 
[2022-04-05 22:28:36,004] {spark_submit.py:488} INFO - 22/04/05 22:28:35 INFO ParquetWriteSupport: Initialized Parquet WriteSupport with Catalyst schema:
[2022-04-05 22:28:36,004] {spark_submit.py:488} INFO - {
[2022-04-05 22:28:36,004] {spark_submit.py:488} INFO - "type" : "struct",
[2022-04-05 22:28:36,004] {spark_submit.py:488} INFO - "fields" : [ {
[2022-04-05 22:28:36,004] {spark_submit.py:488} INFO - "name" : "id",
[2022-04-05 22:28:36,004] {spark_submit.py:488} INFO - "type" : "integer",
[2022-04-05 22:28:36,004] {spark_submit.py:488} INFO - "nullable" : true,
[2022-04-05 22:28:36,004] {spark_submit.py:488} INFO - "metadata" : { }
[2022-04-05 22:28:36,005] {spark_submit.py:488} INFO - }, {
[2022-04-05 22:28:36,005] {spark_submit.py:488} INFO - "name" : "title",
[2022-04-05 22:28:36,005] {spark_submit.py:488} INFO - "type" : "string",
[2022-04-05 22:28:36,005] {spark_submit.py:488} INFO - "nullable" : true,
[2022-04-05 22:28:36,005] {spark_submit.py:488} INFO - "metadata" : { }
[2022-04-05 22:28:36,005] {spark_submit.py:488} INFO - }, {
[2022-04-05 22:28:36,005] {spark_submit.py:488} INFO - "name" : "body",
[2022-04-05 22:28:36,005] {spark_submit.py:488} INFO - "type" : "string",
[2022-04-05 22:28:36,005] {spark_submit.py:488} INFO - "nullable" : true,
[2022-04-05 22:28:36,005] {spark_submit.py:488} INFO - "metadata" : { }
[2022-04-05 22:28:36,005] {spark_submit.py:488} INFO - }, {
[2022-04-05 22:28:36,005] {spark_submit.py:488} INFO - "name" : "accepted_answer_id",
[2022-04-05 22:28:36,005] {spark_submit.py:488} INFO - "type" : "integer",
[2022-04-05 22:28:36,006] {spark_submit.py:488} INFO - "nullable" : true,
[2022-04-05 22:28:36,006] {spark_submit.py:488} INFO - "metadata" : { }
[2022-04-05 22:28:36,006] {spark_submit.py:488} INFO - }, {
[2022-04-05 22:28:36,006] {spark_submit.py:488} INFO - "name" : "answer_count",
[2022-04-05 22:28:36,006] {spark_submit.py:488} INFO - "type" : "integer",
[2022-04-05 22:28:36,006] {spark_submit.py:488} INFO - "nullable" : true,
[2022-04-05 22:28:36,006] {spark_submit.py:488} INFO - "metadata" : { }
[2022-04-05 22:28:36,006] {spark_submit.py:488} INFO - }, {
[2022-04-05 22:28:36,006] {spark_submit.py:488} INFO - "name" : "comment_count",
[2022-04-05 22:28:36,006] {spark_submit.py:488} INFO - "type" : "integer",
[2022-04-05 22:28:36,006] {spark_submit.py:488} INFO - "nullable" : true,
[2022-04-05 22:28:36,006] {spark_submit.py:488} INFO - "metadata" : { }
[2022-04-05 22:28:36,006] {spark_submit.py:488} INFO - }, {
[2022-04-05 22:28:36,006] {spark_submit.py:488} INFO - "name" : "community_owned_date",
[2022-04-05 22:28:36,007] {spark_submit.py:488} INFO - "type" : "timestamp",
[2022-04-05 22:28:36,007] {spark_submit.py:488} INFO - "nullable" : true,
[2022-04-05 22:28:36,007] {spark_submit.py:488} INFO - "metadata" : { }
[2022-04-05 22:28:36,007] {spark_submit.py:488} INFO - }, {
[2022-04-05 22:28:36,007] {spark_submit.py:488} INFO - "name" : "creation_date",
[2022-04-05 22:28:36,007] {spark_submit.py:488} INFO - "type" : "timestamp",
[2022-04-05 22:28:36,007] {spark_submit.py:488} INFO - "nullable" : true,
[2022-04-05 22:28:36,007] {spark_submit.py:488} INFO - "metadata" : { }
[2022-04-05 22:28:36,007] {spark_submit.py:488} INFO - }, {
[2022-04-05 22:28:36,007] {spark_submit.py:488} INFO - "name" : "favorite_count",
[2022-04-05 22:28:36,007] {spark_submit.py:488} INFO - "type" : "integer",
[2022-04-05 22:28:36,007] {spark_submit.py:488} INFO - "nullable" : true,
[2022-04-05 22:28:36,008] {spark_submit.py:488} INFO - "metadata" : { }
[2022-04-05 22:28:36,008] {spark_submit.py:488} INFO - }, {
[2022-04-05 22:28:36,008] {spark_submit.py:488} INFO - "name" : "last_activity_date",
[2022-04-05 22:28:36,008] {spark_submit.py:488} INFO - "type" : "timestamp",
[2022-04-05 22:28:36,008] {spark_submit.py:488} INFO - "nullable" : true,
[2022-04-05 22:28:36,008] {spark_submit.py:488} INFO - "metadata" : { }
[2022-04-05 22:28:36,008] {spark_submit.py:488} INFO - }, {
[2022-04-05 22:28:36,008] {spark_submit.py:488} INFO - "name" : "last_edit_date",
[2022-04-05 22:28:36,008] {spark_submit.py:488} INFO - "type" : "timestamp",
[2022-04-05 22:28:36,008] {spark_submit.py:488} INFO - "nullable" : true,
[2022-04-05 22:28:36,008] {spark_submit.py:488} INFO - "metadata" : { }
[2022-04-05 22:28:36,008] {spark_submit.py:488} INFO - }, {
[2022-04-05 22:28:36,008] {spark_submit.py:488} INFO - "name" : "last_editor_display_name",
[2022-04-05 22:28:36,008] {spark_submit.py:488} INFO - "type" : "string",
[2022-04-05 22:28:36,009] {spark_submit.py:488} INFO - "nullable" : true,
[2022-04-05 22:28:36,009] {spark_submit.py:488} INFO - "metadata" : { }
[2022-04-05 22:28:36,009] {spark_submit.py:488} INFO - }, {
[2022-04-05 22:28:36,009] {spark_submit.py:488} INFO - "name" : "last_editor_user_id",
[2022-04-05 22:28:36,009] {spark_submit.py:488} INFO - "type" : "integer",
[2022-04-05 22:28:36,009] {spark_submit.py:488} INFO - "nullable" : true,
[2022-04-05 22:28:36,009] {spark_submit.py:488} INFO - "metadata" : { }
[2022-04-05 22:28:36,009] {spark_submit.py:488} INFO - }, {
[2022-04-05 22:28:36,009] {spark_submit.py:488} INFO - "name" : "owner_display_name",
[2022-04-05 22:28:36,009] {spark_submit.py:488} INFO - "type" : "string",
[2022-04-05 22:28:36,009] {spark_submit.py:488} INFO - "nullable" : true,
[2022-04-05 22:28:36,009] {spark_submit.py:488} INFO - "metadata" : { }
[2022-04-05 22:28:36,009] {spark_submit.py:488} INFO - }, {
[2022-04-05 22:28:36,010] {spark_submit.py:488} INFO - "name" : "owner_user_id",
[2022-04-05 22:28:36,010] {spark_submit.py:488} INFO - "type" : "integer",
[2022-04-05 22:28:36,010] {spark_submit.py:488} INFO - "nullable" : true,
[2022-04-05 22:28:36,010] {spark_submit.py:488} INFO - "metadata" : { }
[2022-04-05 22:28:36,010] {spark_submit.py:488} INFO - }, {
[2022-04-05 22:28:36,010] {spark_submit.py:488} INFO - "name" : "parent_id",
[2022-04-05 22:28:36,010] {spark_submit.py:488} INFO - "type" : "integer",
[2022-04-05 22:28:36,010] {spark_submit.py:488} INFO - "nullable" : true,
[2022-04-05 22:28:36,010] {spark_submit.py:488} INFO - "metadata" : { }
[2022-04-05 22:28:36,010] {spark_submit.py:488} INFO - }, {
[2022-04-05 22:28:36,010] {spark_submit.py:488} INFO - "name" : "post_type_id",
[2022-04-05 22:28:36,010] {spark_submit.py:488} INFO - "type" : "integer",
[2022-04-05 22:28:36,010] {spark_submit.py:488} INFO - "nullable" : true,
[2022-04-05 22:28:36,010] {spark_submit.py:488} INFO - "metadata" : { }
[2022-04-05 22:28:36,011] {spark_submit.py:488} INFO - }, {
[2022-04-05 22:28:36,011] {spark_submit.py:488} INFO - "name" : "score",
[2022-04-05 22:28:36,011] {spark_submit.py:488} INFO - "type" : "integer",
[2022-04-05 22:28:36,011] {spark_submit.py:488} INFO - "nullable" : true,
[2022-04-05 22:28:36,011] {spark_submit.py:488} INFO - "metadata" : { }
[2022-04-05 22:28:36,011] {spark_submit.py:488} INFO - }, {
[2022-04-05 22:28:36,011] {spark_submit.py:488} INFO - "name" : "tags",
[2022-04-05 22:28:36,011] {spark_submit.py:488} INFO - "type" : "string",
[2022-04-05 22:28:36,011] {spark_submit.py:488} INFO - "nullable" : true,
[2022-04-05 22:28:36,011] {spark_submit.py:488} INFO - "metadata" : { }
[2022-04-05 22:28:36,011] {spark_submit.py:488} INFO - }, {
[2022-04-05 22:28:36,011] {spark_submit.py:488} INFO - "name" : "view_count",
[2022-04-05 22:28:36,011] {spark_submit.py:488} INFO - "type" : "integer",
[2022-04-05 22:28:36,023] {spark_submit.py:488} INFO - "nullable" : true,
[2022-04-05 22:28:36,023] {spark_submit.py:488} INFO - "metadata" : { }
[2022-04-05 22:28:36,024] {spark_submit.py:488} INFO - }, {
[2022-04-05 22:28:36,024] {spark_submit.py:488} INFO - "name" : "group_by_date",
[2022-04-05 22:28:36,024] {spark_submit.py:488} INFO - "type" : "timestamp",
[2022-04-05 22:28:36,024] {spark_submit.py:488} INFO - "nullable" : true,
[2022-04-05 22:28:36,024] {spark_submit.py:488} INFO - "metadata" : { }
[2022-04-05 22:28:36,024] {spark_submit.py:488} INFO - } ]
[2022-04-05 22:28:36,024] {spark_submit.py:488} INFO - }
[2022-04-05 22:28:36,024] {spark_submit.py:488} INFO - and corresponding Parquet message type:
[2022-04-05 22:28:36,024] {spark_submit.py:488} INFO - message spark_schema {
[2022-04-05 22:28:36,024] {spark_submit.py:488} INFO - optional int32 id;
[2022-04-05 22:28:36,024] {spark_submit.py:488} INFO - optional binary title (STRING);
[2022-04-05 22:28:36,025] {spark_submit.py:488} INFO - optional binary body (STRING);
[2022-04-05 22:28:36,025] {spark_submit.py:488} INFO - optional int32 accepted_answer_id;
[2022-04-05 22:28:36,025] {spark_submit.py:488} INFO - optional int32 answer_count;
[2022-04-05 22:28:36,025] {spark_submit.py:488} INFO - optional int32 comment_count;
[2022-04-05 22:28:36,025] {spark_submit.py:488} INFO - optional int96 community_owned_date;
[2022-04-05 22:28:36,025] {spark_submit.py:488} INFO - optional int96 creation_date;
[2022-04-05 22:28:36,025] {spark_submit.py:488} INFO - optional int32 favorite_count;
[2022-04-05 22:28:36,025] {spark_submit.py:488} INFO - optional int96 last_activity_date;
[2022-04-05 22:28:36,025] {spark_submit.py:488} INFO - optional int96 last_edit_date;
[2022-04-05 22:28:36,025] {spark_submit.py:488} INFO - optional binary last_editor_display_name (STRING);
[2022-04-05 22:28:36,025] {spark_submit.py:488} INFO - optional int32 last_editor_user_id;
[2022-04-05 22:28:36,025] {spark_submit.py:488} INFO - optional binary owner_display_name (STRING);
[2022-04-05 22:28:36,025] {spark_submit.py:488} INFO - optional int32 owner_user_id;
[2022-04-05 22:28:36,025] {spark_submit.py:488} INFO - optional int32 parent_id;
[2022-04-05 22:28:36,026] {spark_submit.py:488} INFO - optional int32 post_type_id;
[2022-04-05 22:28:36,026] {spark_submit.py:488} INFO - optional int32 score;
[2022-04-05 22:28:36,026] {spark_submit.py:488} INFO - optional binary tags (STRING);
[2022-04-05 22:28:36,026] {spark_submit.py:488} INFO - optional int32 view_count;
[2022-04-05 22:28:36,026] {spark_submit.py:488} INFO - optional int96 group_by_date;
[2022-04-05 22:28:36,026] {spark_submit.py:488} INFO - }
[2022-04-05 22:28:36,026] {spark_submit.py:488} INFO - 
[2022-04-05 22:28:36,026] {spark_submit.py:488} INFO - 
[2022-04-05 22:28:36,026] {spark_submit.py:488} INFO - 22/04/05 22:28:35 INFO ParquetWriteSupport: Initialized Parquet WriteSupport with Catalyst schema:
[2022-04-05 22:28:36,026] {spark_submit.py:488} INFO - {
[2022-04-05 22:28:36,027] {spark_submit.py:488} INFO - "type" : "struct",
[2022-04-05 22:28:36,027] {spark_submit.py:488} INFO - "fields" : [ {
[2022-04-05 22:28:36,027] {spark_submit.py:488} INFO - "name" : "id",
[2022-04-05 22:28:36,027] {spark_submit.py:488} INFO - "type" : "integer",
[2022-04-05 22:28:36,027] {spark_submit.py:488} INFO - "nullable" : true,
[2022-04-05 22:28:36,027] {spark_submit.py:488} INFO - "metadata" : { }
[2022-04-05 22:28:36,027] {spark_submit.py:488} INFO - }, {
[2022-04-05 22:28:36,027] {spark_submit.py:488} INFO - "name" : "title",
[2022-04-05 22:28:36,027] {spark_submit.py:488} INFO - "type" : "string",
[2022-04-05 22:28:36,027] {spark_submit.py:488} INFO - "nullable" : true,
[2022-04-05 22:28:36,027] {spark_submit.py:488} INFO - "metadata" : { }
[2022-04-05 22:28:36,027] {spark_submit.py:488} INFO - }, {
[2022-04-05 22:28:36,027] {spark_submit.py:488} INFO - "name" : "body",
[2022-04-05 22:28:36,028] {spark_submit.py:488} INFO - "type" : "string",
[2022-04-05 22:28:36,028] {spark_submit.py:488} INFO - "nullable" : true,
[2022-04-05 22:28:36,028] {spark_submit.py:488} INFO - "metadata" : { }
[2022-04-05 22:28:36,028] {spark_submit.py:488} INFO - }, {
[2022-04-05 22:28:36,028] {spark_submit.py:488} INFO - "name" : "accepted_answer_id",
[2022-04-05 22:28:36,028] {spark_submit.py:488} INFO - "type" : "integer",
[2022-04-05 22:28:36,028] {spark_submit.py:488} INFO - "nullable" : true,
[2022-04-05 22:28:36,028] {spark_submit.py:488} INFO - "metadata" : { }
[2022-04-05 22:28:36,028] {spark_submit.py:488} INFO - }, {
[2022-04-05 22:28:36,028] {spark_submit.py:488} INFO - "name" : "answer_count",
[2022-04-05 22:28:36,028] {spark_submit.py:488} INFO - "type" : "integer",
[2022-04-05 22:28:36,028] {spark_submit.py:488} INFO - "nullable" : true,
[2022-04-05 22:28:36,029] {spark_submit.py:488} INFO - "metadata" : { }
[2022-04-05 22:28:36,029] {spark_submit.py:488} INFO - }, {
[2022-04-05 22:28:36,029] {spark_submit.py:488} INFO - "name" : "comment_count",
[2022-04-05 22:28:36,029] {spark_submit.py:488} INFO - "type" : "integer",
[2022-04-05 22:28:36,029] {spark_submit.py:488} INFO - "nullable" : true,
[2022-04-05 22:28:36,029] {spark_submit.py:488} INFO - "metadata" : { }
[2022-04-05 22:28:36,029] {spark_submit.py:488} INFO - }, {
[2022-04-05 22:28:36,029] {spark_submit.py:488} INFO - "name" : "community_owned_date",
[2022-04-05 22:28:36,029] {spark_submit.py:488} INFO - "type" : "timestamp",
[2022-04-05 22:28:36,029] {spark_submit.py:488} INFO - "nullable" : true,
[2022-04-05 22:28:36,029] {spark_submit.py:488} INFO - "metadata" : { }
[2022-04-05 22:28:36,029] {spark_submit.py:488} INFO - }, {
[2022-04-05 22:28:36,029] {spark_submit.py:488} INFO - "name" : "creation_date",
[2022-04-05 22:28:36,030] {spark_submit.py:488} INFO - "type" : "timestamp",
[2022-04-05 22:28:36,030] {spark_submit.py:488} INFO - "nullable" : true,
[2022-04-05 22:28:36,030] {spark_submit.py:488} INFO - "metadata" : { }
[2022-04-05 22:28:36,030] {spark_submit.py:488} INFO - }, {
[2022-04-05 22:28:36,030] {spark_submit.py:488} INFO - "name" : "favorite_count",
[2022-04-05 22:28:36,030] {spark_submit.py:488} INFO - "type" : "integer",
[2022-04-05 22:28:36,030] {spark_submit.py:488} INFO - "nullable" : true,
[2022-04-05 22:28:36,030] {spark_submit.py:488} INFO - "metadata" : { }
[2022-04-05 22:28:36,030] {spark_submit.py:488} INFO - }, {
[2022-04-05 22:28:36,030] {spark_submit.py:488} INFO - "name" : "last_activity_date",
[2022-04-05 22:28:36,030] {spark_submit.py:488} INFO - "type" : "timestamp",
[2022-04-05 22:28:36,030] {spark_submit.py:488} INFO - "nullable" : true,
[2022-04-05 22:28:36,030] {spark_submit.py:488} INFO - "metadata" : { }
[2022-04-05 22:28:36,030] {spark_submit.py:488} INFO - }, {
[2022-04-05 22:28:36,031] {spark_submit.py:488} INFO - "name" : "last_edit_date",
[2022-04-05 22:28:36,031] {spark_submit.py:488} INFO - "type" : "timestamp",
[2022-04-05 22:28:36,031] {spark_submit.py:488} INFO - "nullable" : true,
[2022-04-05 22:28:36,031] {spark_submit.py:488} INFO - "metadata" : { }
[2022-04-05 22:28:36,031] {spark_submit.py:488} INFO - }, {
[2022-04-05 22:28:36,031] {spark_submit.py:488} INFO - "name" : "last_editor_display_name",
[2022-04-05 22:28:36,031] {spark_submit.py:488} INFO - "type" : "string",
[2022-04-05 22:28:36,031] {spark_submit.py:488} INFO - "nullable" : true,
[2022-04-05 22:28:36,044] {spark_submit.py:488} INFO - "metadata" : { }
[2022-04-05 22:28:36,044] {spark_submit.py:488} INFO - }, {
[2022-04-05 22:28:36,044] {spark_submit.py:488} INFO - "name" : "last_editor_user_id",
[2022-04-05 22:28:36,045] {spark_submit.py:488} INFO - "type" : "integer",
[2022-04-05 22:28:36,045] {spark_submit.py:488} INFO - "nullable" : true,
[2022-04-05 22:28:36,045] {spark_submit.py:488} INFO - "metadata" : { }
[2022-04-05 22:28:36,045] {spark_submit.py:488} INFO - }, {
[2022-04-05 22:28:36,045] {spark_submit.py:488} INFO - "name" : "owner_display_name",
[2022-04-05 22:28:36,045] {spark_submit.py:488} INFO - "type" : "string",
[2022-04-05 22:28:36,045] {spark_submit.py:488} INFO - "nullable" : true,
[2022-04-05 22:28:36,045] {spark_submit.py:488} INFO - "metadata" : { }
[2022-04-05 22:28:36,045] {spark_submit.py:488} INFO - }, {
[2022-04-05 22:28:36,045] {spark_submit.py:488} INFO - "name" : "owner_user_id",
[2022-04-05 22:28:36,045] {spark_submit.py:488} INFO - "type" : "integer",
[2022-04-05 22:28:36,045] {spark_submit.py:488} INFO - "nullable" : true,
[2022-04-05 22:28:36,045] {spark_submit.py:488} INFO - "metadata" : { }
[2022-04-05 22:28:36,045] {spark_submit.py:488} INFO - }, {
[2022-04-05 22:28:36,045] {spark_submit.py:488} INFO - "name" : "parent_id",
[2022-04-05 22:28:36,046] {spark_submit.py:488} INFO - "type" : "integer",
[2022-04-05 22:28:36,046] {spark_submit.py:488} INFO - "nullable" : true,
[2022-04-05 22:28:36,046] {spark_submit.py:488} INFO - "metadata" : { }
[2022-04-05 22:28:36,046] {spark_submit.py:488} INFO - }, {
[2022-04-05 22:28:36,046] {spark_submit.py:488} INFO - "name" : "post_type_id",
[2022-04-05 22:28:36,046] {spark_submit.py:488} INFO - "type" : "integer",
[2022-04-05 22:28:36,046] {spark_submit.py:488} INFO - "nullable" : true,
[2022-04-05 22:28:36,046] {spark_submit.py:488} INFO - "metadata" : { }
[2022-04-05 22:28:36,046] {spark_submit.py:488} INFO - }, {
[2022-04-05 22:28:36,046] {spark_submit.py:488} INFO - "name" : "score",
[2022-04-05 22:28:36,046] {spark_submit.py:488} INFO - "type" : "integer",
[2022-04-05 22:28:36,046] {spark_submit.py:488} INFO - "nullable" : true,
[2022-04-05 22:28:36,046] {spark_submit.py:488} INFO - "metadata" : { }
[2022-04-05 22:28:36,047] {spark_submit.py:488} INFO - }, {
[2022-04-05 22:28:36,047] {spark_submit.py:488} INFO - "name" : "tags",
[2022-04-05 22:28:36,047] {spark_submit.py:488} INFO - "type" : "string",
[2022-04-05 22:28:36,047] {spark_submit.py:488} INFO - "nullable" : true,
[2022-04-05 22:28:36,047] {spark_submit.py:488} INFO - "metadata" : { }
[2022-04-05 22:28:36,047] {spark_submit.py:488} INFO - }, {
[2022-04-05 22:28:36,047] {spark_submit.py:488} INFO - "name" : "view_count",
[2022-04-05 22:28:36,047] {spark_submit.py:488} INFO - "type" : "integer",
[2022-04-05 22:28:36,047] {spark_submit.py:488} INFO - "nullable" : true,
[2022-04-05 22:28:36,047] {spark_submit.py:488} INFO - "metadata" : { }
[2022-04-05 22:28:36,047] {spark_submit.py:488} INFO - }, {
[2022-04-05 22:28:36,047] {spark_submit.py:488} INFO - "name" : "group_by_date",
[2022-04-05 22:28:36,048] {spark_submit.py:488} INFO - "type" : "timestamp",
[2022-04-05 22:28:36,048] {spark_submit.py:488} INFO - "nullable" : true,
[2022-04-05 22:28:36,048] {spark_submit.py:488} INFO - "metadata" : { }
[2022-04-05 22:28:36,048] {spark_submit.py:488} INFO - } ]
[2022-04-05 22:28:36,049] {spark_submit.py:488} INFO - }
[2022-04-05 22:28:36,049] {spark_submit.py:488} INFO - and corresponding Parquet message type:
[2022-04-05 22:28:36,049] {spark_submit.py:488} INFO - message spark_schema {
[2022-04-05 22:28:36,049] {spark_submit.py:488} INFO - optional int32 id;
[2022-04-05 22:28:36,049] {spark_submit.py:488} INFO - optional binary title (STRING);
[2022-04-05 22:28:36,049] {spark_submit.py:488} INFO - optional binary body (STRING);
[2022-04-05 22:28:36,049] {spark_submit.py:488} INFO - optional int32 accepted_answer_id;
[2022-04-05 22:28:36,049] {spark_submit.py:488} INFO - optional int32 answer_count;
[2022-04-05 22:28:36,049] {spark_submit.py:488} INFO - optional int32 comment_count;
[2022-04-05 22:28:36,049] {spark_submit.py:488} INFO - optional int96 community_owned_date;
[2022-04-05 22:28:36,049] {spark_submit.py:488} INFO - optional int96 creation_date;
[2022-04-05 22:28:36,049] {spark_submit.py:488} INFO - optional int32 favorite_count;
[2022-04-05 22:28:36,049] {spark_submit.py:488} INFO - optional int96 last_activity_date;
[2022-04-05 22:28:36,050] {spark_submit.py:488} INFO - optional int96 last_edit_date;
[2022-04-05 22:28:36,050] {spark_submit.py:488} INFO - optional binary last_editor_display_name (STRING);
[2022-04-05 22:28:36,050] {spark_submit.py:488} INFO - optional int32 last_editor_user_id;
[2022-04-05 22:28:36,050] {spark_submit.py:488} INFO - optional binary owner_display_name (STRING);
[2022-04-05 22:28:36,050] {spark_submit.py:488} INFO - optional int32 owner_user_id;
[2022-04-05 22:28:36,050] {spark_submit.py:488} INFO - optional int32 parent_id;
[2022-04-05 22:28:36,050] {spark_submit.py:488} INFO - optional int32 post_type_id;
[2022-04-05 22:28:36,050] {spark_submit.py:488} INFO - optional int32 score;
[2022-04-05 22:28:36,050] {spark_submit.py:488} INFO - optional binary tags (STRING);
[2022-04-05 22:28:36,050] {spark_submit.py:488} INFO - optional int32 view_count;
[2022-04-05 22:28:36,050] {spark_submit.py:488} INFO - optional int96 group_by_date;
[2022-04-05 22:28:36,050] {spark_submit.py:488} INFO - }
[2022-04-05 22:28:36,050] {spark_submit.py:488} INFO - 
[2022-04-05 22:28:36,050] {spark_submit.py:488} INFO - 
[2022-04-05 22:28:36,050] {spark_submit.py:488} INFO - 22/04/05 22:28:35 INFO ParquetWriteSupport: Initialized Parquet WriteSupport with Catalyst schema:
[2022-04-05 22:28:36,051] {spark_submit.py:488} INFO - {
[2022-04-05 22:28:36,051] {spark_submit.py:488} INFO - "type" : "struct",
[2022-04-05 22:28:36,051] {spark_submit.py:488} INFO - "fields" : [ {
[2022-04-05 22:28:36,051] {spark_submit.py:488} INFO - "name" : "id",
[2022-04-05 22:28:36,051] {spark_submit.py:488} INFO - "type" : "integer",
[2022-04-05 22:28:36,051] {spark_submit.py:488} INFO - "nullable" : true,
[2022-04-05 22:28:36,051] {spark_submit.py:488} INFO - "metadata" : { }
[2022-04-05 22:28:36,051] {spark_submit.py:488} INFO - }, {
[2022-04-05 22:28:36,051] {spark_submit.py:488} INFO - "name" : "title",
[2022-04-05 22:28:36,051] {spark_submit.py:488} INFO - "type" : "string",
[2022-04-05 22:28:36,051] {spark_submit.py:488} INFO - "nullable" : true,
[2022-04-05 22:28:36,051] {spark_submit.py:488} INFO - "metadata" : { }
[2022-04-05 22:28:36,051] {spark_submit.py:488} INFO - }, {
[2022-04-05 22:28:36,052] {spark_submit.py:488} INFO - "name" : "body",
[2022-04-05 22:28:36,052] {spark_submit.py:488} INFO - "type" : "string",
[2022-04-05 22:28:36,052] {spark_submit.py:488} INFO - "nullable" : true,
[2022-04-05 22:28:36,052] {spark_submit.py:488} INFO - "metadata" : { }
[2022-04-05 22:28:36,052] {spark_submit.py:488} INFO - }, {
[2022-04-05 22:28:36,052] {spark_submit.py:488} INFO - "name" : "accepted_answer_id",
[2022-04-05 22:28:36,052] {spark_submit.py:488} INFO - "type" : "integer",
[2022-04-05 22:28:36,052] {spark_submit.py:488} INFO - "nullable" : true,
[2022-04-05 22:28:36,052] {spark_submit.py:488} INFO - "metadata" : { }
[2022-04-05 22:28:36,052] {spark_submit.py:488} INFO - }, {
[2022-04-05 22:28:36,052] {spark_submit.py:488} INFO - "name" : "answer_count",
[2022-04-05 22:28:36,052] {spark_submit.py:488} INFO - "type" : "integer",
[2022-04-05 22:28:36,052] {spark_submit.py:488} INFO - "nullable" : true,
[2022-04-05 22:28:36,053] {spark_submit.py:488} INFO - "metadata" : { }
[2022-04-05 22:28:36,053] {spark_submit.py:488} INFO - }, {
[2022-04-05 22:28:36,053] {spark_submit.py:488} INFO - "name" : "comment_count",
[2022-04-05 22:28:36,053] {spark_submit.py:488} INFO - "type" : "integer",
[2022-04-05 22:28:36,053] {spark_submit.py:488} INFO - "nullable" : true,
[2022-04-05 22:28:36,053] {spark_submit.py:488} INFO - "metadata" : { }
[2022-04-05 22:28:36,053] {spark_submit.py:488} INFO - }, {
[2022-04-05 22:28:36,053] {spark_submit.py:488} INFO - "name" : "community_owned_date",
[2022-04-05 22:28:36,053] {spark_submit.py:488} INFO - "type" : "timestamp",
[2022-04-05 22:28:36,053] {spark_submit.py:488} INFO - "nullable" : true,
[2022-04-05 22:28:36,053] {spark_submit.py:488} INFO - "metadata" : { }
[2022-04-05 22:28:36,053] {spark_submit.py:488} INFO - }, {
[2022-04-05 22:28:36,053] {spark_submit.py:488} INFO - "name" : "creation_date",
[2022-04-05 22:28:36,054] {spark_submit.py:488} INFO - "type" : "timestamp",
[2022-04-05 22:28:36,054] {spark_submit.py:488} INFO - "nullable" : true,
[2022-04-05 22:28:36,054] {spark_submit.py:488} INFO - "metadata" : { }
[2022-04-05 22:28:36,054] {spark_submit.py:488} INFO - }, {
[2022-04-05 22:28:36,054] {spark_submit.py:488} INFO - "name" : "favorite_count",
[2022-04-05 22:28:36,054] {spark_submit.py:488} INFO - "type" : "integer",
[2022-04-05 22:28:36,054] {spark_submit.py:488} INFO - "nullable" : true,
[2022-04-05 22:28:36,054] {spark_submit.py:488} INFO - "metadata" : { }
[2022-04-05 22:28:36,054] {spark_submit.py:488} INFO - }, {
[2022-04-05 22:28:36,054] {spark_submit.py:488} INFO - "name" : "last_activity_date",
[2022-04-05 22:28:36,054] {spark_submit.py:488} INFO - "type" : "timestamp",
[2022-04-05 22:28:36,054] {spark_submit.py:488} INFO - "nullable" : true,
[2022-04-05 22:28:36,054] {spark_submit.py:488} INFO - "metadata" : { }
[2022-04-05 22:28:36,054] {spark_submit.py:488} INFO - }, {
[2022-04-05 22:28:36,055] {spark_submit.py:488} INFO - "name" : "last_edit_date",
[2022-04-05 22:28:36,055] {spark_submit.py:488} INFO - "type" : "timestamp",
[2022-04-05 22:28:36,055] {spark_submit.py:488} INFO - "nullable" : true,
[2022-04-05 22:28:36,055] {spark_submit.py:488} INFO - "metadata" : { }
[2022-04-05 22:28:36,055] {spark_submit.py:488} INFO - }, {
[2022-04-05 22:28:36,055] {spark_submit.py:488} INFO - "name" : "last_editor_display_name",
[2022-04-05 22:28:36,055] {spark_submit.py:488} INFO - "type" : "string",
[2022-04-05 22:28:36,055] {spark_submit.py:488} INFO - "nullable" : true,
[2022-04-05 22:28:36,055] {spark_submit.py:488} INFO - "metadata" : { }
[2022-04-05 22:28:36,055] {spark_submit.py:488} INFO - }, {
[2022-04-05 22:28:36,055] {spark_submit.py:488} INFO - "name" : "last_editor_user_id",
[2022-04-05 22:28:36,055] {spark_submit.py:488} INFO - "type" : "integer",
[2022-04-05 22:28:36,064] {spark_submit.py:488} INFO - "nullable" : true,
[2022-04-05 22:28:36,064] {spark_submit.py:488} INFO - "metadata" : { }
[2022-04-05 22:28:36,064] {spark_submit.py:488} INFO - }, {
[2022-04-05 22:28:36,064] {spark_submit.py:488} INFO - "name" : "owner_display_name",
[2022-04-05 22:28:36,064] {spark_submit.py:488} INFO - "type" : "string",
[2022-04-05 22:28:36,064] {spark_submit.py:488} INFO - "nullable" : true,
[2022-04-05 22:28:36,064] {spark_submit.py:488} INFO - "metadata" : { }
[2022-04-05 22:28:36,064] {spark_submit.py:488} INFO - }, {
[2022-04-05 22:28:36,065] {spark_submit.py:488} INFO - "name" : "owner_user_id",
[2022-04-05 22:28:36,065] {spark_submit.py:488} INFO - "type" : "integer",
[2022-04-05 22:28:36,065] {spark_submit.py:488} INFO - "nullable" : true,
[2022-04-05 22:28:36,065] {spark_submit.py:488} INFO - "metadata" : { }
[2022-04-05 22:28:36,065] {spark_submit.py:488} INFO - }, {
[2022-04-05 22:28:36,065] {spark_submit.py:488} INFO - "name" : "parent_id",
[2022-04-05 22:28:36,065] {spark_submit.py:488} INFO - "type" : "integer",
[2022-04-05 22:28:36,065] {spark_submit.py:488} INFO - "nullable" : true,
[2022-04-05 22:28:36,065] {spark_submit.py:488} INFO - "metadata" : { }
[2022-04-05 22:28:36,065] {spark_submit.py:488} INFO - }, {
[2022-04-05 22:28:36,065] {spark_submit.py:488} INFO - "name" : "post_type_id",
[2022-04-05 22:28:36,065] {spark_submit.py:488} INFO - "type" : "integer",
[2022-04-05 22:28:36,065] {spark_submit.py:488} INFO - "nullable" : true,
[2022-04-05 22:28:36,065] {spark_submit.py:488} INFO - "metadata" : { }
[2022-04-05 22:28:36,066] {spark_submit.py:488} INFO - }, {
[2022-04-05 22:28:36,066] {spark_submit.py:488} INFO - "name" : "score",
[2022-04-05 22:28:36,066] {spark_submit.py:488} INFO - "type" : "integer",
[2022-04-05 22:28:36,066] {spark_submit.py:488} INFO - "nullable" : true,
[2022-04-05 22:28:36,066] {spark_submit.py:488} INFO - "metadata" : { }
[2022-04-05 22:28:36,066] {spark_submit.py:488} INFO - }, {
[2022-04-05 22:28:36,066] {spark_submit.py:488} INFO - "name" : "tags",
[2022-04-05 22:28:36,066] {spark_submit.py:488} INFO - "type" : "string",
[2022-04-05 22:28:36,066] {spark_submit.py:488} INFO - "nullable" : true,
[2022-04-05 22:28:36,066] {spark_submit.py:488} INFO - "metadata" : { }
[2022-04-05 22:28:36,066] {spark_submit.py:488} INFO - }, {
[2022-04-05 22:28:36,066] {spark_submit.py:488} INFO - "name" : "view_count",
[2022-04-05 22:28:36,066] {spark_submit.py:488} INFO - "type" : "integer",
[2022-04-05 22:28:36,067] {spark_submit.py:488} INFO - "nullable" : true,
[2022-04-05 22:28:36,067] {spark_submit.py:488} INFO - "metadata" : { }
[2022-04-05 22:28:36,067] {spark_submit.py:488} INFO - }, {
[2022-04-05 22:28:36,067] {spark_submit.py:488} INFO - "name" : "group_by_date",
[2022-04-05 22:28:36,067] {spark_submit.py:488} INFO - "type" : "timestamp",
[2022-04-05 22:28:36,067] {spark_submit.py:488} INFO - "nullable" : true,
[2022-04-05 22:28:36,067] {spark_submit.py:488} INFO - "metadata" : { }
[2022-04-05 22:28:36,067] {spark_submit.py:488} INFO - } ]
[2022-04-05 22:28:36,067] {spark_submit.py:488} INFO - }
[2022-04-05 22:28:36,067] {spark_submit.py:488} INFO - and corresponding Parquet message type:
[2022-04-05 22:28:36,067] {spark_submit.py:488} INFO - message spark_schema {
[2022-04-05 22:28:36,067] {spark_submit.py:488} INFO - optional int32 id;
[2022-04-05 22:28:36,067] {spark_submit.py:488} INFO - optional binary title (STRING);
[2022-04-05 22:28:36,068] {spark_submit.py:488} INFO - optional binary body (STRING);
[2022-04-05 22:28:36,068] {spark_submit.py:488} INFO - optional int32 accepted_answer_id;
[2022-04-05 22:28:36,068] {spark_submit.py:488} INFO - optional int32 answer_count;
[2022-04-05 22:28:36,068] {spark_submit.py:488} INFO - optional int32 comment_count;
[2022-04-05 22:28:36,068] {spark_submit.py:488} INFO - optional int96 community_owned_date;
[2022-04-05 22:28:36,068] {spark_submit.py:488} INFO - optional int96 creation_date;
[2022-04-05 22:28:36,068] {spark_submit.py:488} INFO - optional int32 favorite_count;
[2022-04-05 22:28:36,068] {spark_submit.py:488} INFO - optional int96 last_activity_date;
[2022-04-05 22:28:36,068] {spark_submit.py:488} INFO - optional int96 last_edit_date;
[2022-04-05 22:28:36,068] {spark_submit.py:488} INFO - optional binary last_editor_display_name (STRING);
[2022-04-05 22:28:36,068] {spark_submit.py:488} INFO - optional int32 last_editor_user_id;
[2022-04-05 22:28:36,068] {spark_submit.py:488} INFO - optional binary owner_display_name (STRING);
[2022-04-05 22:28:36,068] {spark_submit.py:488} INFO - optional int32 owner_user_id;
[2022-04-05 22:28:36,069] {spark_submit.py:488} INFO - optional int32 parent_id;
[2022-04-05 22:28:36,069] {spark_submit.py:488} INFO - optional int32 post_type_id;
[2022-04-05 22:28:36,069] {spark_submit.py:488} INFO - optional int32 score;
[2022-04-05 22:28:36,069] {spark_submit.py:488} INFO - optional binary tags (STRING);
[2022-04-05 22:28:36,069] {spark_submit.py:488} INFO - optional int32 view_count;
[2022-04-05 22:28:36,069] {spark_submit.py:488} INFO - optional int96 group_by_date;
[2022-04-05 22:28:36,069] {spark_submit.py:488} INFO - }
[2022-04-05 22:28:36,069] {spark_submit.py:488} INFO - 
[2022-04-05 22:28:36,069] {spark_submit.py:488} INFO - 
[2022-04-05 22:28:37,276] {spark_submit.py:488} INFO - 22/04/05 22:28:37 INFO CodecPool: Got brand-new compressor [.snappy]
[2022-04-05 22:28:37,494] {spark_submit.py:488} INFO - 22/04/05 22:28:37 INFO BlockManagerInfo: Removed broadcast_2_piece0 on 9fe4286b2855:46205 in memory (size: 10.4 KiB, free: 434.3 MiB)
[2022-04-05 22:28:37,520] {spark_submit.py:488} INFO - 22/04/05 22:28:37 INFO CodecPool: Got brand-new compressor [.snappy]
[2022-04-05 22:28:37,522] {spark_submit.py:488} INFO - 22/04/05 22:28:37 INFO CodecPool: Got brand-new compressor [.snappy]
[2022-04-05 22:28:37,523] {spark_submit.py:488} INFO - 22/04/05 22:28:37 INFO CodecPool: Got brand-new compressor [.snappy]
[2022-04-05 22:28:40,676] {spark_submit.py:488} INFO - 22/04/05 22:28:40 INFO GoogleCloudStorageImpl: Ignoring exception of type GoogleJsonResponseException; verified object already exists with desired state.
[2022-04-05 22:28:40,677] {spark_submit.py:488} INFO - 22/04/05 22:28:40 INFO GoogleCloudStorageFileSystem: Successfully repaired 'gs://dtc_data_lake_de-stack-overflow/BigQuery/posts_questions-2008-08/_temporary/0/_temporary/' directory.
[2022-04-05 22:28:40,677] {spark_submit.py:488} INFO - 22/04/05 22:28:40 INFO FileOutputCommitter: Saved output of task 'attempt_202204052228346442385706315888605_0003_m_000001_3' to gs://dtc_data_lake_de-stack-overflow/BigQuery/posts_questions-2008-08/_temporary/0/task_202204052228346442385706315888605_0003_m_000001
[2022-04-05 22:28:40,678] {spark_submit.py:488} INFO - 22/04/05 22:28:40 INFO SparkHadoopMapRedUtil: attempt_202204052228346442385706315888605_0003_m_000001_3: Committed
[2022-04-05 22:28:40,681] {spark_submit.py:488} INFO - 22/04/05 22:28:40 INFO GoogleCloudStorageImpl: Ignoring exception of type GoogleJsonResponseException; verified object already exists with desired state.
[2022-04-05 22:28:40,681] {spark_submit.py:488} INFO - 22/04/05 22:28:40 INFO GoogleCloudStorageFileSystem: Successfully repaired 'gs://dtc_data_lake_de-stack-overflow/BigQuery/posts_questions-2008-08/_temporary/0/_temporary/' directory.
[2022-04-05 22:28:40,682] {spark_submit.py:488} INFO - 22/04/05 22:28:40 INFO FileOutputCommitter: Saved output of task 'attempt_202204052228348447118785370758756_0003_m_000002_4' to gs://dtc_data_lake_de-stack-overflow/BigQuery/posts_questions-2008-08/_temporary/0/task_202204052228348447118785370758756_0003_m_000002
[2022-04-05 22:28:40,682] {spark_submit.py:488} INFO - 22/04/05 22:28:40 INFO SparkHadoopMapRedUtil: attempt_202204052228348447118785370758756_0003_m_000002_4: Committed
[2022-04-05 22:28:40,695] {spark_submit.py:488} INFO - 22/04/05 22:28:40 INFO GoogleCloudStorageFileSystem: Successfully repaired 'gs://dtc_data_lake_de-stack-overflow/BigQuery/posts_questions-2008-08/_temporary/0/_temporary/' directory.
[2022-04-05 22:28:40,695] {spark_submit.py:488} INFO - 22/04/05 22:28:40 INFO FileOutputCommitter: Saved output of task 'attempt_20220405222834775854730354529653_0003_m_000000_2' to gs://dtc_data_lake_de-stack-overflow/BigQuery/posts_questions-2008-08/_temporary/0/task_20220405222834775854730354529653_0003_m_000000
[2022-04-05 22:28:40,695] {spark_submit.py:488} INFO - 22/04/05 22:28:40 INFO SparkHadoopMapRedUtil: attempt_20220405222834775854730354529653_0003_m_000000_2: Committed
[2022-04-05 22:28:40,704] {spark_submit.py:488} INFO - 22/04/05 22:28:40 INFO GoogleCloudStorageImpl: Ignoring exception of type GoogleJsonResponseException; verified object already exists with desired state.
[2022-04-05 22:28:40,704] {spark_submit.py:488} INFO - 22/04/05 22:28:40 INFO GoogleCloudStorageFileSystem: Successfully repaired 'gs://dtc_data_lake_de-stack-overflow/BigQuery/posts_questions-2008-08/_temporary/0/_temporary/' directory.
[2022-04-05 22:28:40,704] {spark_submit.py:488} INFO - 22/04/05 22:28:40 INFO FileOutputCommitter: Saved output of task 'attempt_202204052228347262303420363754297_0003_m_000003_5' to gs://dtc_data_lake_de-stack-overflow/BigQuery/posts_questions-2008-08/_temporary/0/task_202204052228347262303420363754297_0003_m_000003
[2022-04-05 22:28:40,704] {spark_submit.py:488} INFO - 22/04/05 22:28:40 INFO SparkHadoopMapRedUtil: attempt_202204052228347262303420363754297_0003_m_000003_5: Committed
[2022-04-05 22:28:40,715] {spark_submit.py:488} INFO - 22/04/05 22:28:40 INFO Executor: Finished task 0.0 in stage 3.0 (TID 2). 3526 bytes result sent to driver
[2022-04-05 22:28:40,729] {spark_submit.py:488} INFO - 22/04/05 22:28:40 INFO Executor: Finished task 1.0 in stage 3.0 (TID 3). 3526 bytes result sent to driver
[2022-04-05 22:28:40,730] {spark_submit.py:488} INFO - 22/04/05 22:28:40 INFO Executor: Finished task 2.0 in stage 3.0 (TID 4). 3526 bytes result sent to driver
[2022-04-05 22:28:40,730] {spark_submit.py:488} INFO - 22/04/05 22:28:40 INFO Executor: Finished task 3.0 in stage 3.0 (TID 5). 3526 bytes result sent to driver
[2022-04-05 22:28:40,738] {spark_submit.py:488} INFO - 22/04/05 22:28:40 INFO TaskSetManager: Finished task 0.0 in stage 3.0 (TID 2) in 5512 ms on 9fe4286b2855 (executor driver) (1/4)
[2022-04-05 22:28:40,742] {spark_submit.py:488} INFO - 22/04/05 22:28:40 INFO TaskSetManager: Finished task 3.0 in stage 3.0 (TID 5) in 5510 ms on 9fe4286b2855 (executor driver) (2/4)
[2022-04-05 22:28:40,743] {spark_submit.py:488} INFO - 22/04/05 22:28:40 INFO TaskSetManager: Finished task 2.0 in stage 3.0 (TID 4) in 5512 ms on 9fe4286b2855 (executor driver) (3/4)
[2022-04-05 22:28:40,746] {spark_submit.py:488} INFO - 22/04/05 22:28:40 INFO TaskSetManager: Finished task 1.0 in stage 3.0 (TID 3) in 5514 ms on 9fe4286b2855 (executor driver) (4/4)
[2022-04-05 22:28:40,747] {spark_submit.py:488} INFO - 22/04/05 22:28:40 INFO TaskSchedulerImpl: Removed TaskSet 3.0, whose tasks have all completed, from pool
[2022-04-05 22:28:40,750] {spark_submit.py:488} INFO - 22/04/05 22:28:40 INFO DAGScheduler: ResultStage 3 (save at NativeMethodAccessorImpl.java:0) finished in 5.648 s
[2022-04-05 22:28:40,752] {spark_submit.py:488} INFO - 22/04/05 22:28:40 INFO DAGScheduler: Job 2 is finished. Cancelling potential speculative or zombie tasks for this job
[2022-04-05 22:28:40,753] {spark_submit.py:488} INFO - 22/04/05 22:28:40 INFO TaskSchedulerImpl: Killing all running tasks in stage 3: Stage finished
[2022-04-05 22:28:40,756] {spark_submit.py:488} INFO - 22/04/05 22:28:40 INFO DAGScheduler: Job 2 finished: save at NativeMethodAccessorImpl.java:0, took 5.692045 s
[2022-04-05 22:28:40,759] {spark_submit.py:488} INFO - 22/04/05 22:28:40 INFO FileFormatWriter: Start to commit write Job ec30c124-eb7b-421a-9851-70de973a78d9.
[2022-04-05 22:28:41,328] {spark_submit.py:488} INFO - 22/04/05 22:28:41 INFO GoogleCloudStorageFileSystem: Successfully repaired 'gs://dtc_data_lake_de-stack-overflow/BigQuery/posts_questions-2008-08/_temporary/0/task_20220405222834775854730354529653_0003_m_000000/' directory.
[2022-04-05 22:28:41,626] {spark_submit.py:488} INFO - 22/04/05 22:28:41 INFO GoogleCloudStorageFileSystem: Successfully repaired 'gs://dtc_data_lake_de-stack-overflow/BigQuery/posts_questions-2008-08/_temporary/0/task_202204052228346442385706315888605_0003_m_000001/' directory.
[2022-04-05 22:28:42,067] {spark_submit.py:488} INFO - 22/04/05 22:28:42 INFO GoogleCloudStorageFileSystem: Successfully repaired 'gs://dtc_data_lake_de-stack-overflow/BigQuery/posts_questions-2008-08/_temporary/0/task_202204052228347262303420363754297_0003_m_000003/' directory.
[2022-04-05 22:28:42,460] {spark_submit.py:488} INFO - 22/04/05 22:28:42 INFO GoogleCloudStorageFileSystem: Successfully repaired 'gs://dtc_data_lake_de-stack-overflow/BigQuery/posts_questions-2008-08/_temporary/0/task_202204052228348447118785370758756_0003_m_000002/' directory.
[2022-04-05 22:28:42,708] {spark_submit.py:488} INFO - 22/04/05 22:28:42 INFO GoogleCloudStorageFileSystem: Successfully repaired 'gs://dtc_data_lake_de-stack-overflow/BigQuery/posts_questions-2008-08/' directory.
[2022-04-05 22:28:42,973] {spark_submit.py:488} INFO - 22/04/05 22:28:42 INFO FileFormatWriter: Write Job ec30c124-eb7b-421a-9851-70de973a78d9 committed. Elapsed time: 2212 ms.
[2022-04-05 22:28:42,981] {spark_submit.py:488} INFO - 22/04/05 22:28:42 INFO FileFormatWriter: Finished processing stats for write job ec30c124-eb7b-421a-9851-70de973a78d9.
[2022-04-05 22:28:43,291] {spark_submit.py:488} INFO - 22/04/05 22:28:43 INFO SparkContext: Invoking stop() from shutdown hook
[2022-04-05 22:28:43,301] {spark_submit.py:488} INFO - 22/04/05 22:28:43 INFO SparkUI: Stopped Spark web UI at http://9fe4286b2855:4045
[2022-04-05 22:28:43,377] {spark_submit.py:488} INFO - 22/04/05 22:28:43 INFO MapOutputTrackerMasterEndpoint: MapOutputTrackerMasterEndpoint stopped!
[2022-04-05 22:28:43,454] {spark_submit.py:488} INFO - 22/04/05 22:28:43 INFO MemoryStore: MemoryStore cleared
[2022-04-05 22:28:43,454] {spark_submit.py:488} INFO - 22/04/05 22:28:43 INFO BlockManager: BlockManager stopped
[2022-04-05 22:28:43,459] {spark_submit.py:488} INFO - 22/04/05 22:28:43 INFO BlockManagerMaster: BlockManagerMaster stopped
[2022-04-05 22:28:43,463] {spark_submit.py:488} INFO - 22/04/05 22:28:43 INFO OutputCommitCoordinator$OutputCommitCoordinatorEndpoint: OutputCommitCoordinator stopped!
[2022-04-05 22:28:43,510] {spark_submit.py:488} INFO - 22/04/05 22:28:43 INFO SparkContext: Successfully stopped SparkContext
[2022-04-05 22:28:43,511] {spark_submit.py:488} INFO - 22/04/05 22:28:43 INFO ShutdownHookManager: Shutdown hook called
[2022-04-05 22:28:43,512] {spark_submit.py:488} INFO - 22/04/05 22:28:43 INFO ShutdownHookManager: Deleting directory /tmp/spark-de0e3d75-baf9-4b2c-b98f-3c6198e86047
[2022-04-05 22:28:43,522] {spark_submit.py:488} INFO - 22/04/05 22:28:43 INFO ShutdownHookManager: Deleting directory /tmp/spark-13a790c3-20be-4882-8feb-8b14be1cabb6/pyspark-efb19d19-4e69-41e0-ba17-341e0522c8b5
[2022-04-05 22:28:43,534] {spark_submit.py:488} INFO - 22/04/05 22:28:43 INFO ShutdownHookManager: Deleting directory /tmp/spark-13a790c3-20be-4882-8feb-8b14be1cabb6
[2022-04-05 22:28:43,860] {taskinstance.py:1288} INFO - Marking task as SUCCESS. dag_id=IngestToGCP, task_id=processing_tasks_posts_questions.spark_job, execution_date=20080801T000000, start_date=20220405T222633, end_date=20220405T222843
[2022-04-05 22:28:43,965] {local_task_job.py:154} INFO - Task exited with return code 0
[2022-04-05 22:28:44,057] {local_task_job.py:264} INFO - 1 downstream tasks scheduled from follow-on schedule check
