[2022-04-05 22:54:01,124] {taskinstance.py:1043} INFO - Dependencies all met for <TaskInstance: IngestToGCP.processing_tasks_posts_answers.spark_job scheduled__2009-10-01T00:00:00+00:00 [queued]>
[2022-04-05 22:54:01,416] {taskinstance.py:1043} INFO - Dependencies all met for <TaskInstance: IngestToGCP.processing_tasks_posts_answers.spark_job scheduled__2009-10-01T00:00:00+00:00 [queued]>
[2022-04-05 22:54:01,416] {taskinstance.py:1249} INFO - 
--------------------------------------------------------------------------------
[2022-04-05 22:54:01,417] {taskinstance.py:1250} INFO - Starting attempt 1 of 1
[2022-04-05 22:54:01,417] {taskinstance.py:1251} INFO - 
--------------------------------------------------------------------------------
[2022-04-05 22:54:01,643] {taskinstance.py:1270} INFO - Executing <Task(SparkSubmitOperator): processing_tasks_posts_answers.spark_job> on 2009-10-01 00:00:00+00:00
[2022-04-05 22:54:01,722] {standard_task_runner.py:52} INFO - Started process 21883 to run task
[2022-04-05 22:54:01,803] {standard_task_runner.py:79} INFO - Running: ['***', 'tasks', 'run', 'IngestToGCP', 'processing_tasks_posts_answers.spark_job', 'scheduled__2009-10-01T00:00:00+00:00', '--job-id', '8714', '--raw', '--subdir', 'DAGS_FOLDER/ingest_dag.py', '--cfg-path', '/tmp/tmp14ksshdf', '--error-file', '/tmp/tmpl0np3uz2']
[2022-04-05 22:54:01,841] {standard_task_runner.py:80} INFO - Job 8714: Subtask processing_tasks_posts_answers.spark_job
[2022-04-05 22:54:02,641] {logging_mixin.py:109} INFO - Running <TaskInstance: IngestToGCP.processing_tasks_posts_answers.spark_job scheduled__2009-10-01T00:00:00+00:00 [running]> on host 9fe4286b2855
[2022-04-05 22:54:03,503] {logging_mixin.py:109} WARNING - /home/***/.local/lib/python3.7/site-packages/***/utils/context.py:156 AirflowContextDeprecationWarning: Accessing 'execution_date' from the template is deprecated and will be removed in a future version. Please use 'data_interval_start' or 'logical_date' instead.
[2022-04-05 22:54:03,692] {taskinstance.py:1448} INFO - Exporting the following env vars:
AIRFLOW_CTX_DAG_OWNER=***
AIRFLOW_CTX_DAG_ID=IngestToGCP
AIRFLOW_CTX_TASK_ID=processing_tasks_posts_answers.spark_job
AIRFLOW_CTX_EXECUTION_DATE=2009-10-01T00:00:00+00:00
AIRFLOW_CTX_DAG_RUN_ID=scheduled__2009-10-01T00:00:00+00:00
[2022-04-05 22:54:03,848] {base.py:79} INFO - Using connection to: id: spark_project. Host: spark://spark, Port: 7077, Schema: , Login: , Password: None, extra: {'queue': 'root.default'}
[2022-04-05 22:54:03,850] {spark_submit.py:335} INFO - Spark-Submit cmd: spark-submit --master spark://spark:7077 --conf spark.master=local[*] --name format_schema --verbose --queue root.default ./dags/pyspark_parquet_transformation.py posts_answers 2009-10
[2022-04-05 22:54:22,563] {spark_submit.py:488} INFO - Using properties file: null
[2022-04-05 22:54:26,649] {spark_submit.py:488} INFO - WARNING: An illegal reflective access operation has occurred
[2022-04-05 22:54:26,649] {spark_submit.py:488} INFO - WARNING: Illegal reflective access by org.apache.spark.unsafe.Platform (file:/opt/***/spark/spark-3.2.1-bin-hadoop3.2/jars/spark-unsafe_2.12-3.2.1.jar) to constructor java.nio.DirectByteBuffer(long,int)
[2022-04-05 22:54:26,649] {spark_submit.py:488} INFO - WARNING: Please consider reporting this to the maintainers of org.apache.spark.unsafe.Platform
[2022-04-05 22:54:26,649] {spark_submit.py:488} INFO - WARNING: Use --illegal-access=warn to enable warnings of further illegal reflective access operations
[2022-04-05 22:54:26,649] {spark_submit.py:488} INFO - WARNING: All illegal access operations will be denied in a future release
[2022-04-05 22:54:27,899] {spark_submit.py:488} INFO - Parsed arguments:
[2022-04-05 22:54:27,900] {spark_submit.py:488} INFO - master                  spark://spark:7077
[2022-04-05 22:54:27,900] {spark_submit.py:488} INFO - deployMode              null
[2022-04-05 22:54:27,900] {spark_submit.py:488} INFO - executorMemory          null
[2022-04-05 22:54:27,900] {spark_submit.py:488} INFO - executorCores           null
[2022-04-05 22:54:27,900] {spark_submit.py:488} INFO - totalExecutorCores      null
[2022-04-05 22:54:27,900] {spark_submit.py:488} INFO - propertiesFile          null
[2022-04-05 22:54:27,900] {spark_submit.py:488} INFO - driverMemory            null
[2022-04-05 22:54:27,900] {spark_submit.py:488} INFO - driverCores             null
[2022-04-05 22:54:27,900] {spark_submit.py:488} INFO - driverExtraClassPath    null
[2022-04-05 22:54:27,900] {spark_submit.py:488} INFO - driverExtraLibraryPath  null
[2022-04-05 22:54:27,900] {spark_submit.py:488} INFO - driverExtraJavaOptions  null
[2022-04-05 22:54:27,901] {spark_submit.py:488} INFO - supervise               false
[2022-04-05 22:54:27,901] {spark_submit.py:488} INFO - queue                   root.default
[2022-04-05 22:54:27,901] {spark_submit.py:488} INFO - numExecutors            null
[2022-04-05 22:54:27,901] {spark_submit.py:488} INFO - files                   null
[2022-04-05 22:54:27,901] {spark_submit.py:488} INFO - pyFiles                 null
[2022-04-05 22:54:27,901] {spark_submit.py:488} INFO - archives                null
[2022-04-05 22:54:27,901] {spark_submit.py:488} INFO - mainClass               null
[2022-04-05 22:54:27,901] {spark_submit.py:488} INFO - primaryResource         file:/opt/***/dags/pyspark_parquet_transformation.py
[2022-04-05 22:54:27,901] {spark_submit.py:488} INFO - name                    format_schema
[2022-04-05 22:54:27,901] {spark_submit.py:488} INFO - childArgs               [posts_answers 2009-10]
[2022-04-05 22:54:27,901] {spark_submit.py:488} INFO - jars                    null
[2022-04-05 22:54:27,901] {spark_submit.py:488} INFO - packages                null
[2022-04-05 22:54:27,901] {spark_submit.py:488} INFO - packagesExclusions      null
[2022-04-05 22:54:27,901] {spark_submit.py:488} INFO - repositories            null
[2022-04-05 22:54:27,902] {spark_submit.py:488} INFO - verbose                 true
[2022-04-05 22:54:27,902] {spark_submit.py:488} INFO - 
[2022-04-05 22:54:27,902] {spark_submit.py:488} INFO - Spark properties used, including those specified through
[2022-04-05 22:54:27,902] {spark_submit.py:488} INFO - --conf and those from the properties file null:
[2022-04-05 22:54:27,902] {spark_submit.py:488} INFO - (spark.master,local[*])
[2022-04-05 22:54:27,902] {spark_submit.py:488} INFO - 
[2022-04-05 22:54:27,902] {spark_submit.py:488} INFO - 
[2022-04-05 22:54:31,594] {spark_submit.py:488} INFO - Main class:
[2022-04-05 22:54:31,596] {spark_submit.py:488} INFO - org.apache.spark.deploy.PythonRunner
[2022-04-05 22:54:31,599] {spark_submit.py:488} INFO - Arguments:
[2022-04-05 22:54:31,600] {spark_submit.py:488} INFO - file:/opt/***/dags/pyspark_parquet_transformation.py
[2022-04-05 22:54:31,600] {spark_submit.py:488} INFO - null
[2022-04-05 22:54:31,600] {spark_submit.py:488} INFO - posts_answers
[2022-04-05 22:54:31,600] {spark_submit.py:488} INFO - 2009-10
[2022-04-05 22:54:31,622] {spark_submit.py:488} INFO - Spark config:
[2022-04-05 22:54:31,623] {spark_submit.py:488} INFO - (spark.master,spark://spark:7077)
[2022-04-05 22:54:31,623] {spark_submit.py:488} INFO - (spark.submit.pyFiles,)
[2022-04-05 22:54:31,623] {spark_submit.py:488} INFO - (spark.submit.deployMode,client)
[2022-04-05 22:54:31,632] {spark_submit.py:488} INFO - (spark.app.name,format_schema)
[2022-04-05 22:54:31,634] {spark_submit.py:488} INFO - Classpath elements:
[2022-04-05 22:54:31,641] {spark_submit.py:488} INFO - 
[2022-04-05 22:54:31,643] {spark_submit.py:488} INFO - 
[2022-04-05 22:54:31,656] {spark_submit.py:488} INFO - 
[2022-04-05 22:54:39,482] {spark_submit.py:488} INFO - Using Spark's default log4j profile: org/apache/spark/log4j-defaults.properties
[2022-04-05 22:54:39,559] {spark_submit.py:488} INFO - 22/04/05 22:54:39 INFO SparkContext: Running Spark version 3.2.1
[2022-04-05 22:54:40,630] {spark_submit.py:488} INFO - 22/04/05 22:54:40 WARN NativeCodeLoader: Unable to load native-hadoop library for your platform... using builtin-java classes where applicable
[2022-04-05 22:54:42,905] {spark_submit.py:488} INFO - 22/04/05 22:54:42 INFO ResourceUtils: ==============================================================
[2022-04-05 22:54:42,907] {spark_submit.py:488} INFO - 22/04/05 22:54:42 INFO ResourceUtils: No custom resources configured for spark.driver.
[2022-04-05 22:54:42,907] {spark_submit.py:488} INFO - 22/04/05 22:54:42 INFO ResourceUtils: ==============================================================
[2022-04-05 22:54:42,907] {spark_submit.py:488} INFO - 22/04/05 22:54:42 INFO SparkContext: Submitted application: Modidy Schema
[2022-04-05 22:54:43,207] {spark_submit.py:488} INFO - 22/04/05 22:54:43 INFO ResourceProfile: Default ResourceProfile created, executor resources: Map(cores -> name: cores, amount: 1, script: , vendor: , memory -> name: memory, amount: 1024, script: , vendor: , offHeap -> name: offHeap, amount: 0, script: , vendor: ), task resources: Map(cpus -> name: cpus, amount: 1.0)
[2022-04-05 22:54:43,485] {spark_submit.py:488} INFO - 22/04/05 22:54:43 INFO ResourceProfile: Limiting resource is cpu
[2022-04-05 22:54:43,486] {spark_submit.py:488} INFO - 22/04/05 22:54:43 INFO ResourceProfileManager: Added ResourceProfile id: 0
[2022-04-05 22:54:44,119] {spark_submit.py:488} INFO - 22/04/05 22:54:44 INFO SecurityManager: Changing view acls to: default
[2022-04-05 22:54:44,130] {spark_submit.py:488} INFO - 22/04/05 22:54:44 INFO SecurityManager: Changing modify acls to: default
[2022-04-05 22:54:44,139] {spark_submit.py:488} INFO - 22/04/05 22:54:44 INFO SecurityManager: Changing view acls groups to:
[2022-04-05 22:54:44,140] {spark_submit.py:488} INFO - 22/04/05 22:54:44 INFO SecurityManager: Changing modify acls groups to:
[2022-04-05 22:54:44,166] {spark_submit.py:488} INFO - 22/04/05 22:54:44 INFO SecurityManager: SecurityManager: authentication disabled; ui acls disabled; users  with view permissions: Set(default); groups with view permissions: Set(); users  with modify permissions: Set(default); groups with modify permissions: Set()
[2022-04-05 22:54:48,741] {spark_submit.py:488} INFO - 22/04/05 22:54:48 INFO Utils: Successfully started service 'sparkDriver' on port 38729.
[2022-04-05 22:54:49,215] {spark_submit.py:488} INFO - 22/04/05 22:54:49 INFO SparkEnv: Registering MapOutputTracker
[2022-04-05 22:54:49,727] {spark_submit.py:488} INFO - 22/04/05 22:54:49 INFO SparkEnv: Registering BlockManagerMaster
[2022-04-05 22:54:50,022] {spark_submit.py:488} INFO - 22/04/05 22:54:50 INFO BlockManagerMasterEndpoint: Using org.apache.spark.storage.DefaultTopologyMapper for getting topology information
[2022-04-05 22:54:50,039] {spark_submit.py:488} INFO - 22/04/05 22:54:50 INFO BlockManagerMasterEndpoint: BlockManagerMasterEndpoint up
[2022-04-05 22:54:50,132] {spark_submit.py:488} INFO - 22/04/05 22:54:50 INFO SparkEnv: Registering BlockManagerMasterHeartbeat
[2022-04-05 22:54:50,439] {spark_submit.py:488} INFO - 22/04/05 22:54:50 INFO DiskBlockManager: Created local directory at /tmp/blockmgr-79e39769-0686-49a9-b1de-241e0a14c549
[2022-04-05 22:54:50,875] {spark_submit.py:488} INFO - 22/04/05 22:54:50 INFO MemoryStore: MemoryStore started with capacity 434.4 MiB
[2022-04-05 22:54:51,124] {spark_submit.py:488} INFO - 22/04/05 22:54:51 INFO SparkEnv: Registering OutputCommitCoordinator
[2022-04-05 22:54:53,910] {spark_submit.py:488} INFO - 22/04/05 22:54:53 WARN Utils: Service 'SparkUI' could not bind on port 4040. Attempting port 4041.
[2022-04-05 22:54:53,980] {spark_submit.py:488} INFO - 22/04/05 22:54:53 WARN Utils: Service 'SparkUI' could not bind on port 4041. Attempting port 4042.
[2022-04-05 22:54:53,981] {spark_submit.py:488} INFO - 22/04/05 22:54:53 WARN Utils: Service 'SparkUI' could not bind on port 4042. Attempting port 4043.
[2022-04-05 22:54:53,981] {spark_submit.py:488} INFO - 22/04/05 22:54:53 WARN Utils: Service 'SparkUI' could not bind on port 4043. Attempting port 4044.
[2022-04-05 22:54:53,983] {spark_submit.py:488} INFO - 22/04/05 22:54:53 WARN Utils: Service 'SparkUI' could not bind on port 4044. Attempting port 4045.
[2022-04-05 22:54:53,985] {spark_submit.py:488} INFO - 22/04/05 22:54:53 WARN Utils: Service 'SparkUI' could not bind on port 4045. Attempting port 4046.
[2022-04-05 22:54:53,992] {spark_submit.py:488} INFO - 22/04/05 22:54:53 WARN Utils: Service 'SparkUI' could not bind on port 4046. Attempting port 4047.
[2022-04-05 22:54:54,240] {spark_submit.py:488} INFO - 22/04/05 22:54:54 INFO Utils: Successfully started service 'SparkUI' on port 4047.
[2022-04-05 22:54:54,954] {spark_submit.py:488} INFO - 22/04/05 22:54:54 INFO SparkUI: Bound SparkUI to 0.0.0.0, and started at http://9fe4286b2855:4047
[2022-04-05 22:54:57,848] {spark_submit.py:488} INFO - 22/04/05 22:54:57 INFO Executor: Starting executor ID driver on host 9fe4286b2855
[2022-04-05 22:54:58,300] {spark_submit.py:488} INFO - 22/04/05 22:54:58 INFO Utils: Successfully started service 'org.apache.spark.network.netty.NettyBlockTransferService' on port 35311.
[2022-04-05 22:54:58,301] {spark_submit.py:488} INFO - 22/04/05 22:54:58 INFO NettyBlockTransferService: Server created on 9fe4286b2855:35311
[2022-04-05 22:54:58,304] {spark_submit.py:488} INFO - 22/04/05 22:54:58 INFO BlockManager: Using org.apache.spark.storage.RandomBlockReplicationPolicy for block replication policy
[2022-04-05 22:54:58,403] {spark_submit.py:488} INFO - 22/04/05 22:54:58 INFO BlockManagerMaster: Registering BlockManager BlockManagerId(driver, 9fe4286b2855, 35311, None)
[2022-04-05 22:54:58,425] {spark_submit.py:488} INFO - 22/04/05 22:54:58 INFO BlockManagerMasterEndpoint: Registering block manager 9fe4286b2855:35311 with 434.4 MiB RAM, BlockManagerId(driver, 9fe4286b2855, 35311, None)
[2022-04-05 22:54:58,466] {spark_submit.py:488} INFO - 22/04/05 22:54:58 INFO BlockManagerMaster: Registered BlockManager BlockManagerId(driver, 9fe4286b2855, 35311, None)
[2022-04-05 22:54:58,490] {spark_submit.py:488} INFO - 22/04/05 22:54:58 INFO BlockManager: Initialized BlockManager: BlockManagerId(driver, 9fe4286b2855, 35311, None)
[2022-04-05 22:55:11,903] {spark_submit.py:488} INFO - 22/04/05 22:55:11 INFO SharedState: Setting hive.metastore.warehouse.dir ('null') to the value of spark.sql.warehouse.dir.
[2022-04-05 22:55:12,646] {spark_submit.py:488} INFO - 22/04/05 22:55:12 INFO SharedState: Warehouse path is 'file:/opt/***/spark-warehouse'.
[2022-04-05 22:55:39,388] {spark_submit.py:488} INFO - 22/04/05 22:55:39 INFO InMemoryFileIndex: It took 1116 ms to list leaf files for 1 paths.
[2022-04-05 22:55:47,093] {spark_submit.py:488} INFO - 22/04/05 22:55:47 INFO SparkContext: Starting job: parquet at NativeMethodAccessorImpl.java:0
[2022-04-05 22:55:47,261] {spark_submit.py:488} INFO - 22/04/05 22:55:47 INFO DAGScheduler: Got job 0 (parquet at NativeMethodAccessorImpl.java:0) with 1 output partitions
[2022-04-05 22:55:47,282] {spark_submit.py:488} INFO - 22/04/05 22:55:47 INFO DAGScheduler: Final stage: ResultStage 0 (parquet at NativeMethodAccessorImpl.java:0)
[2022-04-05 22:55:47,284] {spark_submit.py:488} INFO - 22/04/05 22:55:47 INFO DAGScheduler: Parents of final stage: List()
[2022-04-05 22:55:47,299] {spark_submit.py:488} INFO - 22/04/05 22:55:47 INFO DAGScheduler: Missing parents: List()
[2022-04-05 22:55:47,450] {spark_submit.py:488} INFO - 22/04/05 22:55:47 INFO DAGScheduler: Submitting ResultStage 0 (MapPartitionsRDD[1] at parquet at NativeMethodAccessorImpl.java:0), which has no missing parents
[2022-04-05 22:55:49,332] {spark_submit.py:488} INFO - 22/04/05 22:55:49 INFO MemoryStore: Block broadcast_0 stored as values in memory (estimated size 100.1 KiB, free 434.3 MiB)
[2022-04-05 22:55:49,456] {spark_submit.py:488} INFO - 22/04/05 22:55:49 INFO MemoryStore: Block broadcast_0_piece0 stored as bytes in memory (estimated size 35.8 KiB, free 434.3 MiB)
[2022-04-05 22:55:49,465] {spark_submit.py:488} INFO - 22/04/05 22:55:49 INFO BlockManagerInfo: Added broadcast_0_piece0 in memory on 9fe4286b2855:35311 (size: 35.8 KiB, free: 434.4 MiB)
[2022-04-05 22:55:49,498] {spark_submit.py:488} INFO - 22/04/05 22:55:49 INFO SparkContext: Created broadcast 0 from broadcast at DAGScheduler.scala:1478
[2022-04-05 22:55:49,674] {spark_submit.py:488} INFO - 22/04/05 22:55:49 INFO DAGScheduler: Submitting 1 missing tasks from ResultStage 0 (MapPartitionsRDD[1] at parquet at NativeMethodAccessorImpl.java:0) (first 15 tasks are for partitions Vector(0))
[2022-04-05 22:55:49,686] {spark_submit.py:488} INFO - 22/04/05 22:55:49 INFO TaskSchedulerImpl: Adding task set 0.0 with 1 tasks resource profile 0
[2022-04-05 22:55:50,023] {spark_submit.py:488} INFO - 22/04/05 22:55:50 INFO TaskSetManager: Starting task 0.0 in stage 0.0 (TID 0) (9fe4286b2855, executor driver, partition 0, PROCESS_LOCAL, 4622 bytes) taskResourceAssignments Map()
[2022-04-05 22:55:50,282] {spark_submit.py:488} INFO - 22/04/05 22:55:50 INFO Executor: Running task 0.0 in stage 0.0 (TID 0)
[2022-04-05 22:56:01,010] {spark_submit.py:488} INFO - 22/04/05 22:56:01 INFO Executor: Finished task 0.0 in stage 0.0 (TID 0). 2452 bytes result sent to driver
[2022-04-05 22:56:01,128] {spark_submit.py:488} INFO - 22/04/05 22:56:01 INFO TaskSetManager: Finished task 0.0 in stage 0.0 (TID 0) in 11231 ms on 9fe4286b2855 (executor driver) (1/1)
[2022-04-05 22:56:01,167] {spark_submit.py:488} INFO - 22/04/05 22:56:01 INFO DAGScheduler: ResultStage 0 (parquet at NativeMethodAccessorImpl.java:0) finished in 13.451 s
[2022-04-05 22:56:01,217] {spark_submit.py:488} INFO - 22/04/05 22:56:01 INFO TaskSchedulerImpl: Removed TaskSet 0.0, whose tasks have all completed, from pool
[2022-04-05 22:56:01,230] {spark_submit.py:488} INFO - 22/04/05 22:56:01 INFO DAGScheduler: Job 0 is finished. Cancelling potential speculative or zombie tasks for this job
[2022-04-05 22:56:01,231] {spark_submit.py:488} INFO - 22/04/05 22:56:01 INFO TaskSchedulerImpl: Killing all running tasks in stage 0: Stage finished
[2022-04-05 22:56:01,312] {spark_submit.py:488} INFO - 22/04/05 22:56:01 INFO DAGScheduler: Job 0 finished: parquet at NativeMethodAccessorImpl.java:0, took 14.197294 s
[2022-04-05 22:56:10,823] {spark_submit.py:488} INFO - 22/04/05 22:56:10 INFO BlockManagerInfo: Removed broadcast_0_piece0 on 9fe4286b2855:35311 in memory (size: 35.8 KiB, free: 434.4 MiB)
[2022-04-05 22:57:00,756] {spark_submit.py:488} INFO - 22/04/05 22:57:00 INFO FileSourceStrategy: Pushed Filters:
[2022-04-05 22:57:00,792] {spark_submit.py:488} INFO - 22/04/05 22:57:00 INFO FileSourceStrategy: Post-Scan Filters:
[2022-04-05 22:57:00,797] {spark_submit.py:488} INFO - 22/04/05 22:57:00 INFO FileSourceStrategy: Output Data Schema: struct<id: bigint, title: double, body: string, accepted_answer_id: double, answer_count: double ... 19 more fields>
[2022-04-05 22:57:04,580] {spark_submit.py:488} INFO - 22/04/05 22:57:04 INFO ParquetFileFormat: Using default output committer for Parquet: org.apache.parquet.hadoop.ParquetOutputCommitter
[2022-04-05 22:57:05,145] {spark_submit.py:488} INFO - 22/04/05 22:57:05 INFO FileOutputCommitter: File Output Committer Algorithm version is 1
[2022-04-05 22:57:05,145] {spark_submit.py:488} INFO - 22/04/05 22:57:05 INFO FileOutputCommitter: FileOutputCommitter skip cleanup _temporary folders under output directory:false, ignore cleanup failures: false
[2022-04-05 22:57:05,150] {spark_submit.py:488} INFO - 22/04/05 22:57:05 INFO SQLHadoopMapReduceCommitProtocol: Using user defined output committer class org.apache.parquet.hadoop.ParquetOutputCommitter
[2022-04-05 22:57:05,196] {spark_submit.py:488} INFO - 22/04/05 22:57:05 INFO FileOutputCommitter: File Output Committer Algorithm version is 1
[2022-04-05 22:57:05,197] {spark_submit.py:488} INFO - 22/04/05 22:57:05 INFO FileOutputCommitter: FileOutputCommitter skip cleanup _temporary folders under output directory:false, ignore cleanup failures: false
[2022-04-05 22:57:05,199] {spark_submit.py:488} INFO - 22/04/05 22:57:05 INFO SQLHadoopMapReduceCommitProtocol: Using output committer class org.apache.parquet.hadoop.ParquetOutputCommitter
[2022-04-05 22:57:18,347] {spark_submit.py:488} INFO - 22/04/05 22:57:18 INFO CodeGenerator: Code generated in 8464.642256 ms
[2022-04-05 22:57:18,934] {spark_submit.py:488} INFO - 22/04/05 22:57:18 INFO MemoryStore: Block broadcast_1 stored as values in memory (estimated size 194.3 KiB, free 434.2 MiB)
[2022-04-05 22:57:19,200] {spark_submit.py:488} INFO - 22/04/05 22:57:19 INFO MemoryStore: Block broadcast_1_piece0 stored as bytes in memory (estimated size 34.3 KiB, free 434.2 MiB)
[2022-04-05 22:57:19,200] {spark_submit.py:488} INFO - 22/04/05 22:57:19 INFO BlockManagerInfo: Added broadcast_1_piece0 in memory on 9fe4286b2855:35311 (size: 34.3 KiB, free: 434.4 MiB)
[2022-04-05 22:57:19,264] {spark_submit.py:488} INFO - 22/04/05 22:57:19 INFO SparkContext: Created broadcast 1 from save at NativeMethodAccessorImpl.java:0
[2022-04-05 22:57:19,578] {spark_submit.py:488} INFO - 22/04/05 22:57:19 INFO FileSourceScanExec: Planning scan with bin packing, max size: 10257067 bytes, open cost is considered as scanning 4194304 bytes.
[2022-04-05 22:57:21,721] {spark_submit.py:488} INFO - 22/04/05 22:57:21 INFO DAGScheduler: Registering RDD 6 (save at NativeMethodAccessorImpl.java:0) as input to shuffle 0
[2022-04-05 22:57:21,731] {spark_submit.py:488} INFO - 22/04/05 22:57:21 INFO DAGScheduler: Got map stage job 1 (save at NativeMethodAccessorImpl.java:0) with 4 output partitions
[2022-04-05 22:57:21,872] {spark_submit.py:488} INFO - 22/04/05 22:57:21 INFO DAGScheduler: Final stage: ShuffleMapStage 1 (save at NativeMethodAccessorImpl.java:0)
[2022-04-05 22:57:21,878] {spark_submit.py:488} INFO - 22/04/05 22:57:21 INFO DAGScheduler: Parents of final stage: List()
[2022-04-05 22:57:21,879] {spark_submit.py:488} INFO - 22/04/05 22:57:21 INFO DAGScheduler: Missing parents: List()
[2022-04-05 22:57:21,924] {spark_submit.py:488} INFO - 22/04/05 22:57:21 INFO DAGScheduler: Submitting ShuffleMapStage 1 (MapPartitionsRDD[6] at save at NativeMethodAccessorImpl.java:0), which has no missing parents
[2022-04-05 22:57:23,042] {spark_submit.py:488} INFO - 22/04/05 22:57:23 INFO MemoryStore: Block broadcast_2 stored as values in memory (estimated size 32.6 KiB, free 434.1 MiB)
[2022-04-05 22:57:23,232] {spark_submit.py:488} INFO - 22/04/05 22:57:23 INFO MemoryStore: Block broadcast_2_piece0 stored as bytes in memory (estimated size 10.6 KiB, free 434.1 MiB)
[2022-04-05 22:57:23,235] {spark_submit.py:488} INFO - 22/04/05 22:57:23 INFO BlockManagerInfo: Added broadcast_2_piece0 in memory on 9fe4286b2855:35311 (size: 10.6 KiB, free: 434.4 MiB)
[2022-04-05 22:57:23,236] {spark_submit.py:488} INFO - 22/04/05 22:57:23 INFO SparkContext: Created broadcast 2 from broadcast at DAGScheduler.scala:1478
[2022-04-05 22:57:23,303] {spark_submit.py:488} INFO - 22/04/05 22:57:23 INFO DAGScheduler: Submitting 4 missing tasks from ShuffleMapStage 1 (MapPartitionsRDD[6] at save at NativeMethodAccessorImpl.java:0) (first 15 tasks are for partitions Vector(0, 1, 2, 3))
[2022-04-05 22:57:23,304] {spark_submit.py:488} INFO - 22/04/05 22:57:23 INFO TaskSchedulerImpl: Adding task set 1.0 with 4 tasks resource profile 0
[2022-04-05 22:57:23,314] {spark_submit.py:488} INFO - 22/04/05 22:57:23 INFO TaskSetManager: Starting task 0.0 in stage 1.0 (TID 1) (9fe4286b2855, executor driver, partition 0, PROCESS_LOCAL, 4888 bytes) taskResourceAssignments Map()
[2022-04-05 22:57:23,316] {spark_submit.py:488} INFO - 22/04/05 22:57:23 INFO TaskSetManager: Starting task 1.0 in stage 1.0 (TID 2) (9fe4286b2855, executor driver, partition 1, PROCESS_LOCAL, 4888 bytes) taskResourceAssignments Map()
[2022-04-05 22:57:23,317] {spark_submit.py:488} INFO - 22/04/05 22:57:23 INFO TaskSetManager: Starting task 2.0 in stage 1.0 (TID 3) (9fe4286b2855, executor driver, partition 2, PROCESS_LOCAL, 4888 bytes) taskResourceAssignments Map()
[2022-04-05 22:57:23,319] {spark_submit.py:488} INFO - 22/04/05 22:57:23 INFO TaskSetManager: Starting task 3.0 in stage 1.0 (TID 4) (9fe4286b2855, executor driver, partition 3, PROCESS_LOCAL, 4888 bytes) taskResourceAssignments Map()
[2022-04-05 22:57:23,515] {spark_submit.py:488} INFO - 22/04/05 22:57:23 INFO Executor: Running task 0.0 in stage 1.0 (TID 1)
[2022-04-05 22:57:23,517] {spark_submit.py:488} INFO - 22/04/05 22:57:23 INFO Executor: Running task 1.0 in stage 1.0 (TID 2)
[2022-04-05 22:57:23,523] {spark_submit.py:488} INFO - 22/04/05 22:57:23 INFO Executor: Running task 3.0 in stage 1.0 (TID 4)
[2022-04-05 22:57:23,527] {spark_submit.py:488} INFO - 22/04/05 22:57:23 INFO Executor: Running task 2.0 in stage 1.0 (TID 3)
[2022-04-05 22:57:24,702] {spark_submit.py:488} INFO - 22/04/05 22:57:24 INFO FileScanRDD: Reading File path: gs://dtc_data_lake_de-stack-overflow/parquet/posts_answers-2009-10.parquet, range: 10257067-20514134, partition values: [empty row]
[2022-04-05 22:57:24,749] {spark_submit.py:488} INFO - 22/04/05 22:57:24 INFO FileScanRDD: Reading File path: gs://dtc_data_lake_de-stack-overflow/parquet/posts_answers-2009-10.parquet, range: 30771201-36833964, partition values: [empty row]
[2022-04-05 22:57:24,766] {spark_submit.py:488} INFO - 22/04/05 22:57:24 INFO FileScanRDD: Reading File path: gs://dtc_data_lake_de-stack-overflow/parquet/posts_answers-2009-10.parquet, range: 0-10257067, partition values: [empty row]
[2022-04-05 22:57:24,826] {spark_submit.py:488} INFO - 22/04/05 22:57:24 INFO FileScanRDD: Reading File path: gs://dtc_data_lake_de-stack-overflow/parquet/posts_answers-2009-10.parquet, range: 20514134-30771201, partition values: [empty row]
[2022-04-05 22:57:30,926] {spark_submit.py:488} INFO - 22/04/05 22:57:30 INFO Executor: Finished task 0.0 in stage 1.0 (TID 1). 1900 bytes result sent to driver
[2022-04-05 22:57:30,966] {spark_submit.py:488} INFO - 22/04/05 22:57:30 INFO Executor: Finished task 3.0 in stage 1.0 (TID 4). 1900 bytes result sent to driver
[2022-04-05 22:57:30,980] {spark_submit.py:488} INFO - 22/04/05 22:57:30 INFO Executor: Finished task 2.0 in stage 1.0 (TID 3). 1857 bytes result sent to driver
[2022-04-05 22:57:31,030] {spark_submit.py:488} INFO - 22/04/05 22:57:31 INFO TaskSetManager: Finished task 0.0 in stage 1.0 (TID 1) in 7724 ms on 9fe4286b2855 (executor driver) (1/4)
[2022-04-05 22:57:31,031] {spark_submit.py:488} INFO - 22/04/05 22:57:31 INFO TaskSetManager: Finished task 3.0 in stage 1.0 (TID 4) in 7713 ms on 9fe4286b2855 (executor driver) (2/4)
[2022-04-05 22:57:31,032] {spark_submit.py:488} INFO - 22/04/05 22:57:31 INFO TaskSetManager: Finished task 2.0 in stage 1.0 (TID 3) in 7715 ms on 9fe4286b2855 (executor driver) (3/4)
[2022-04-05 22:57:37,448] {spark_submit.py:488} INFO - 22/04/05 22:57:37 INFO CodecPool: Got brand-new decompressor [.snappy]
[2022-04-05 22:58:11,362] {spark_submit.py:488} INFO - 22/04/05 22:58:11 INFO Executor: Finished task 1.0 in stage 1.0 (TID 2). 2029 bytes result sent to driver
[2022-04-05 22:58:11,365] {spark_submit.py:488} INFO - 22/04/05 22:58:11 INFO TaskSetManager: Finished task 1.0 in stage 1.0 (TID 2) in 48049 ms on 9fe4286b2855 (executor driver) (4/4)
[2022-04-05 22:58:11,365] {spark_submit.py:488} INFO - 22/04/05 22:58:11 INFO TaskSchedulerImpl: Removed TaskSet 1.0, whose tasks have all completed, from pool
[2022-04-05 22:58:11,370] {spark_submit.py:488} INFO - 22/04/05 22:58:11 INFO DAGScheduler: ShuffleMapStage 1 (save at NativeMethodAccessorImpl.java:0) finished in 49.369 s
[2022-04-05 22:58:11,370] {spark_submit.py:488} INFO - 22/04/05 22:58:11 INFO DAGScheduler: looking for newly runnable stages
[2022-04-05 22:58:11,371] {spark_submit.py:488} INFO - 22/04/05 22:58:11 INFO DAGScheduler: running: Set()
[2022-04-05 22:58:11,372] {spark_submit.py:488} INFO - 22/04/05 22:58:11 INFO DAGScheduler: waiting: Set()
[2022-04-05 22:58:11,372] {spark_submit.py:488} INFO - 22/04/05 22:58:11 INFO DAGScheduler: failed: Set()
[2022-04-05 22:58:12,270] {spark_submit.py:488} INFO - 22/04/05 22:58:12 INFO SparkContext: Starting job: save at NativeMethodAccessorImpl.java:0
[2022-04-05 22:58:12,274] {spark_submit.py:488} INFO - 22/04/05 22:58:12 INFO DAGScheduler: Got job 2 (save at NativeMethodAccessorImpl.java:0) with 4 output partitions
[2022-04-05 22:58:12,274] {spark_submit.py:488} INFO - 22/04/05 22:58:12 INFO DAGScheduler: Final stage: ResultStage 3 (save at NativeMethodAccessorImpl.java:0)
[2022-04-05 22:58:12,274] {spark_submit.py:488} INFO - 22/04/05 22:58:12 INFO DAGScheduler: Parents of final stage: List(ShuffleMapStage 2)
[2022-04-05 22:58:12,274] {spark_submit.py:488} INFO - 22/04/05 22:58:12 INFO DAGScheduler: Missing parents: List()
[2022-04-05 22:58:12,350] {spark_submit.py:488} INFO - 22/04/05 22:58:12 INFO DAGScheduler: Submitting ResultStage 3 (ShuffledRowRDD[7] at save at NativeMethodAccessorImpl.java:0), which has no missing parents
[2022-04-05 22:58:12,851] {spark_submit.py:488} INFO - 22/04/05 22:58:12 INFO MemoryStore: Block broadcast_3 stored as values in memory (estimated size 204.1 KiB, free 433.9 MiB)
[2022-04-05 22:58:12,902] {spark_submit.py:488} INFO - 22/04/05 22:58:12 INFO MemoryStore: Block broadcast_3_piece0 stored as bytes in memory (estimated size 72.9 KiB, free 433.9 MiB)
[2022-04-05 22:58:12,904] {spark_submit.py:488} INFO - 22/04/05 22:58:12 INFO BlockManagerInfo: Added broadcast_3_piece0 in memory on 9fe4286b2855:35311 (size: 72.9 KiB, free: 434.3 MiB)
[2022-04-05 22:58:12,929] {spark_submit.py:488} INFO - 22/04/05 22:58:12 INFO SparkContext: Created broadcast 3 from broadcast at DAGScheduler.scala:1478
[2022-04-05 22:58:12,952] {spark_submit.py:488} INFO - 22/04/05 22:58:12 INFO DAGScheduler: Submitting 4 missing tasks from ResultStage 3 (ShuffledRowRDD[7] at save at NativeMethodAccessorImpl.java:0) (first 15 tasks are for partitions Vector(0, 1, 2, 3))
[2022-04-05 22:58:12,954] {spark_submit.py:488} INFO - 22/04/05 22:58:12 INFO TaskSchedulerImpl: Adding task set 3.0 with 4 tasks resource profile 0
[2022-04-05 22:58:12,964] {spark_submit.py:488} INFO - 22/04/05 22:58:12 INFO TaskSetManager: Starting task 0.0 in stage 3.0 (TID 5) (9fe4286b2855, executor driver, partition 0, NODE_LOCAL, 4453 bytes) taskResourceAssignments Map()
[2022-04-05 22:58:12,965] {spark_submit.py:488} INFO - 22/04/05 22:58:12 INFO TaskSetManager: Starting task 1.0 in stage 3.0 (TID 6) (9fe4286b2855, executor driver, partition 1, NODE_LOCAL, 4453 bytes) taskResourceAssignments Map()
[2022-04-05 22:58:12,966] {spark_submit.py:488} INFO - 22/04/05 22:58:12 INFO TaskSetManager: Starting task 2.0 in stage 3.0 (TID 7) (9fe4286b2855, executor driver, partition 2, NODE_LOCAL, 4453 bytes) taskResourceAssignments Map()
[2022-04-05 22:58:12,967] {spark_submit.py:488} INFO - 22/04/05 22:58:12 INFO TaskSetManager: Starting task 3.0 in stage 3.0 (TID 8) (9fe4286b2855, executor driver, partition 3, NODE_LOCAL, 4453 bytes) taskResourceAssignments Map()
[2022-04-05 22:58:12,968] {spark_submit.py:488} INFO - 22/04/05 22:58:12 INFO Executor: Running task 0.0 in stage 3.0 (TID 5)
[2022-04-05 22:58:12,968] {spark_submit.py:488} INFO - 22/04/05 22:58:12 INFO Executor: Running task 2.0 in stage 3.0 (TID 7)
[2022-04-05 22:58:12,968] {spark_submit.py:488} INFO - 22/04/05 22:58:12 INFO Executor: Running task 3.0 in stage 3.0 (TID 8)
[2022-04-05 22:58:12,968] {spark_submit.py:488} INFO - 22/04/05 22:58:12 INFO Executor: Running task 1.0 in stage 3.0 (TID 6)
[2022-04-05 22:58:13,798] {spark_submit.py:488} INFO - 22/04/05 22:58:13 INFO ShuffleBlockFetcherIterator: Getting 1 (10.4 MiB) non-empty blocks including 1 (10.4 MiB) local and 0 (0.0 B) host-local and 0 (0.0 B) push-merged-local and 0 (0.0 B) remote blocks
[2022-04-05 22:58:13,822] {spark_submit.py:488} INFO - 22/04/05 22:58:13 INFO ShuffleBlockFetcherIterator: Getting 1 (10.4 MiB) non-empty blocks including 1 (10.4 MiB) local and 0 (0.0 B) host-local and 0 (0.0 B) push-merged-local and 0 (0.0 B) remote blocks
[2022-04-05 22:58:13,826] {spark_submit.py:488} INFO - 22/04/05 22:58:13 INFO ShuffleBlockFetcherIterator: Getting 1 (10.4 MiB) non-empty blocks including 1 (10.4 MiB) local and 0 (0.0 B) host-local and 0 (0.0 B) push-merged-local and 0 (0.0 B) remote blocks
[2022-04-05 22:58:13,828] {spark_submit.py:488} INFO - 22/04/05 22:58:13 INFO ShuffleBlockFetcherIterator: Started 0 remote fetches in 58 ms
[2022-04-05 22:58:13,829] {spark_submit.py:488} INFO - 22/04/05 22:58:13 INFO ShuffleBlockFetcherIterator: Getting 1 (10.4 MiB) non-empty blocks including 1 (10.4 MiB) local and 0 (0.0 B) host-local and 0 (0.0 B) push-merged-local and 0 (0.0 B) remote blocks
[2022-04-05 22:58:13,830] {spark_submit.py:488} INFO - 22/04/05 22:58:13 INFO ShuffleBlockFetcherIterator: Started 0 remote fetches in 66 ms
[2022-04-05 22:58:13,846] {spark_submit.py:488} INFO - 22/04/05 22:58:13 INFO ShuffleBlockFetcherIterator: Started 0 remote fetches in 45 ms
[2022-04-05 22:58:13,868] {spark_submit.py:488} INFO - 22/04/05 22:58:13 INFO ShuffleBlockFetcherIterator: Started 0 remote fetches in 99 ms
[2022-04-05 22:58:13,922] {spark_submit.py:488} INFO - 22/04/05 22:58:13 INFO FileOutputCommitter: File Output Committer Algorithm version is 1
[2022-04-05 22:58:13,922] {spark_submit.py:488} INFO - 22/04/05 22:58:13 INFO FileOutputCommitter: FileOutputCommitter skip cleanup _temporary folders under output directory:false, ignore cleanup failures: false
[2022-04-05 22:58:13,924] {spark_submit.py:488} INFO - 22/04/05 22:58:13 INFO FileOutputCommitter: File Output Committer Algorithm version is 1
[2022-04-05 22:58:13,924] {spark_submit.py:488} INFO - 22/04/05 22:58:13 INFO FileOutputCommitter: FileOutputCommitter skip cleanup _temporary folders under output directory:false, ignore cleanup failures: false
[2022-04-05 22:58:13,928] {spark_submit.py:488} INFO - 22/04/05 22:58:13 INFO FileOutputCommitter: File Output Committer Algorithm version is 1
[2022-04-05 22:58:13,928] {spark_submit.py:488} INFO - 22/04/05 22:58:13 INFO FileOutputCommitter: FileOutputCommitter skip cleanup _temporary folders under output directory:false, ignore cleanup failures: false
[2022-04-05 22:58:13,938] {spark_submit.py:488} INFO - 22/04/05 22:58:13 INFO FileOutputCommitter: File Output Committer Algorithm version is 1
[2022-04-05 22:58:13,938] {spark_submit.py:488} INFO - 22/04/05 22:58:13 INFO FileOutputCommitter: FileOutputCommitter skip cleanup _temporary folders under output directory:false, ignore cleanup failures: false
[2022-04-05 22:58:13,983] {spark_submit.py:488} INFO - 22/04/05 22:58:13 INFO SQLHadoopMapReduceCommitProtocol: Using user defined output committer class org.apache.parquet.hadoop.ParquetOutputCommitter
[2022-04-05 22:58:13,983] {spark_submit.py:488} INFO - 22/04/05 22:58:13 INFO FileOutputCommitter: File Output Committer Algorithm version is 1
[2022-04-05 22:58:13,983] {spark_submit.py:488} INFO - 22/04/05 22:58:13 INFO FileOutputCommitter: FileOutputCommitter skip cleanup _temporary folders under output directory:false, ignore cleanup failures: false
[2022-04-05 22:58:13,983] {spark_submit.py:488} INFO - 22/04/05 22:58:13 INFO SQLHadoopMapReduceCommitProtocol: Using output committer class org.apache.parquet.hadoop.ParquetOutputCommitter
[2022-04-05 22:58:13,986] {spark_submit.py:488} INFO - 22/04/05 22:58:13 INFO SQLHadoopMapReduceCommitProtocol: Using user defined output committer class org.apache.parquet.hadoop.ParquetOutputCommitter
[2022-04-05 22:58:13,987] {spark_submit.py:488} INFO - 22/04/05 22:58:13 INFO FileOutputCommitter: File Output Committer Algorithm version is 1
[2022-04-05 22:58:13,987] {spark_submit.py:488} INFO - 22/04/05 22:58:13 INFO FileOutputCommitter: FileOutputCommitter skip cleanup _temporary folders under output directory:false, ignore cleanup failures: false
[2022-04-05 22:58:13,987] {spark_submit.py:488} INFO - 22/04/05 22:58:13 INFO SQLHadoopMapReduceCommitProtocol: Using output committer class org.apache.parquet.hadoop.ParquetOutputCommitter
[2022-04-05 22:58:13,988] {spark_submit.py:488} INFO - 22/04/05 22:58:13 INFO SQLHadoopMapReduceCommitProtocol: Using user defined output committer class org.apache.parquet.hadoop.ParquetOutputCommitter
[2022-04-05 22:58:13,988] {spark_submit.py:488} INFO - 22/04/05 22:58:13 INFO FileOutputCommitter: File Output Committer Algorithm version is 1
[2022-04-05 22:58:13,988] {spark_submit.py:488} INFO - 22/04/05 22:58:13 INFO FileOutputCommitter: FileOutputCommitter skip cleanup _temporary folders under output directory:false, ignore cleanup failures: false
[2022-04-05 22:58:13,988] {spark_submit.py:488} INFO - 22/04/05 22:58:13 INFO SQLHadoopMapReduceCommitProtocol: Using user defined output committer class org.apache.parquet.hadoop.ParquetOutputCommitter
[2022-04-05 22:58:13,992] {spark_submit.py:488} INFO - 22/04/05 22:58:13 INFO FileOutputCommitter: File Output Committer Algorithm version is 1
[2022-04-05 22:58:13,992] {spark_submit.py:488} INFO - 22/04/05 22:58:13 INFO FileOutputCommitter: FileOutputCommitter skip cleanup _temporary folders under output directory:false, ignore cleanup failures: false
[2022-04-05 22:58:14,000] {spark_submit.py:488} INFO - 22/04/05 22:58:13 INFO SQLHadoopMapReduceCommitProtocol: Using output committer class org.apache.parquet.hadoop.ParquetOutputCommitter
[2022-04-05 22:58:14,000] {spark_submit.py:488} INFO - 22/04/05 22:58:13 INFO SQLHadoopMapReduceCommitProtocol: Using output committer class org.apache.parquet.hadoop.ParquetOutputCommitter
[2022-04-05 22:58:14,069] {spark_submit.py:488} INFO - 22/04/05 22:58:14 INFO CodecConfig: Compression: SNAPPY
[2022-04-05 22:58:14,080] {spark_submit.py:488} INFO - 22/04/05 22:58:14 INFO CodecConfig: Compression: SNAPPY
[2022-04-05 22:58:14,091] {spark_submit.py:488} INFO - 22/04/05 22:58:14 INFO CodecConfig: Compression: SNAPPY
[2022-04-05 22:58:14,091] {spark_submit.py:488} INFO - 22/04/05 22:58:14 INFO CodecConfig: Compression: SNAPPY
[2022-04-05 22:58:14,091] {spark_submit.py:488} INFO - 22/04/05 22:58:14 INFO CodecConfig: Compression: SNAPPY
[2022-04-05 22:58:14,092] {spark_submit.py:488} INFO - 22/04/05 22:58:14 INFO CodecConfig: Compression: SNAPPY
[2022-04-05 22:58:14,092] {spark_submit.py:488} INFO - 22/04/05 22:58:14 INFO CodecConfig: Compression: SNAPPY
[2022-04-05 22:58:14,093] {spark_submit.py:488} INFO - 22/04/05 22:58:14 INFO CodecConfig: Compression: SNAPPY
[2022-04-05 22:58:14,261] {spark_submit.py:488} INFO - 22/04/05 22:58:14 INFO ParquetOutputFormat: Parquet block size to 134217728
[2022-04-05 22:58:14,384] {spark_submit.py:488} INFO - 22/04/05 22:58:14 INFO ParquetOutputFormat: Validation is off
[2022-04-05 22:58:14,384] {spark_submit.py:488} INFO - 22/04/05 22:58:14 INFO ParquetOutputFormat: Maximum row group padding size is 8388608 bytes
[2022-04-05 22:58:14,384] {spark_submit.py:488} INFO - 22/04/05 22:58:14 INFO ParquetOutputFormat: Parquet properties are:
[2022-04-05 22:58:14,384] {spark_submit.py:488} INFO - Parquet page size to 1048576
[2022-04-05 22:58:14,384] {spark_submit.py:488} INFO - Parquet dictionary page size to 1048576
[2022-04-05 22:58:14,384] {spark_submit.py:488} INFO - Dictionary is true
[2022-04-05 22:58:14,384] {spark_submit.py:488} INFO - Writer version is: PARQUET_1_0
[2022-04-05 22:58:14,384] {spark_submit.py:488} INFO - Page size checking is: estimated
[2022-04-05 22:58:14,385] {spark_submit.py:488} INFO - Min row count for page size check is: 100
[2022-04-05 22:58:14,385] {spark_submit.py:488} INFO - Max row count for page size check is: 10000
[2022-04-05 22:58:14,385] {spark_submit.py:488} INFO - Truncate length for column indexes is: 64
[2022-04-05 22:58:14,385] {spark_submit.py:488} INFO - Truncate length for statistics min/max  is: 2147483647
[2022-04-05 22:58:14,385] {spark_submit.py:488} INFO - Bloom filter enabled: false
[2022-04-05 22:58:14,385] {spark_submit.py:488} INFO - Max Bloom filter size for a column is 1048576
[2022-04-05 22:58:14,385] {spark_submit.py:488} INFO - Bloom filter expected number of distinct values are: null
[2022-04-05 22:58:14,385] {spark_submit.py:488} INFO - Page row count limit to 20000
[2022-04-05 22:58:14,385] {spark_submit.py:488} INFO - Writing page checksums is: on
[2022-04-05 22:58:14,388] {spark_submit.py:488} INFO - 22/04/05 22:58:14 INFO ParquetOutputFormat: Parquet block size to 134217728
[2022-04-05 22:58:14,407] {spark_submit.py:488} INFO - 22/04/05 22:58:14 INFO ParquetOutputFormat: Parquet block size to 134217728
[2022-04-05 22:58:14,408] {spark_submit.py:488} INFO - 22/04/05 22:58:14 INFO ParquetOutputFormat: Parquet block size to 134217728
[2022-04-05 22:58:14,408] {spark_submit.py:488} INFO - 22/04/05 22:58:14 INFO ParquetOutputFormat: Validation is off
[2022-04-05 22:58:14,408] {spark_submit.py:488} INFO - 22/04/05 22:58:14 INFO ParquetOutputFormat: Maximum row group padding size is 8388608 bytes
[2022-04-05 22:58:14,408] {spark_submit.py:488} INFO - 22/04/05 22:58:14 INFO ParquetOutputFormat: Parquet properties are:
[2022-04-05 22:58:14,408] {spark_submit.py:488} INFO - Parquet page size to 1048576
[2022-04-05 22:58:14,408] {spark_submit.py:488} INFO - Parquet dictionary page size to 1048576
[2022-04-05 22:58:14,408] {spark_submit.py:488} INFO - Dictionary is true
[2022-04-05 22:58:14,408] {spark_submit.py:488} INFO - Writer version is: PARQUET_1_0
[2022-04-05 22:58:14,408] {spark_submit.py:488} INFO - Page size checking is: estimated
[2022-04-05 22:58:14,409] {spark_submit.py:488} INFO - Min row count for page size check is: 100
[2022-04-05 22:58:14,409] {spark_submit.py:488} INFO - Max row count for page size check is: 10000
[2022-04-05 22:58:14,409] {spark_submit.py:488} INFO - Truncate length for column indexes is: 64
[2022-04-05 22:58:14,409] {spark_submit.py:488} INFO - Truncate length for statistics min/max  is: 2147483647
[2022-04-05 22:58:14,409] {spark_submit.py:488} INFO - Bloom filter enabled: false
[2022-04-05 22:58:14,409] {spark_submit.py:488} INFO - Max Bloom filter size for a column is 1048576
[2022-04-05 22:58:14,409] {spark_submit.py:488} INFO - Bloom filter expected number of distinct values are: null
[2022-04-05 22:58:14,409] {spark_submit.py:488} INFO - Page row count limit to 20000
[2022-04-05 22:58:14,409] {spark_submit.py:488} INFO - Writing page checksums is: on
[2022-04-05 22:58:14,409] {spark_submit.py:488} INFO - 22/04/05 22:58:14 INFO ParquetOutputFormat: Validation is off
[2022-04-05 22:58:14,409] {spark_submit.py:488} INFO - 22/04/05 22:58:14 INFO ParquetOutputFormat: Maximum row group padding size is 8388608 bytes
[2022-04-05 22:58:14,409] {spark_submit.py:488} INFO - 22/04/05 22:58:14 INFO ParquetOutputFormat: Parquet properties are:
[2022-04-05 22:58:14,409] {spark_submit.py:488} INFO - Parquet page size to 1048576
[2022-04-05 22:58:14,410] {spark_submit.py:488} INFO - Parquet dictionary page size to 1048576
[2022-04-05 22:58:14,410] {spark_submit.py:488} INFO - Dictionary is true
[2022-04-05 22:58:14,410] {spark_submit.py:488} INFO - Writer version is: PARQUET_1_0
[2022-04-05 22:58:14,410] {spark_submit.py:488} INFO - Page size checking is: estimated
[2022-04-05 22:58:14,410] {spark_submit.py:488} INFO - Min row count for page size check is: 100
[2022-04-05 22:58:14,410] {spark_submit.py:488} INFO - Max row count for page size check is: 10000
[2022-04-05 22:58:14,410] {spark_submit.py:488} INFO - Truncate length for column indexes is: 64
[2022-04-05 22:58:14,410] {spark_submit.py:488} INFO - Truncate length for statistics min/max  is: 2147483647
[2022-04-05 22:58:14,410] {spark_submit.py:488} INFO - Bloom filter enabled: false
[2022-04-05 22:58:14,410] {spark_submit.py:488} INFO - Max Bloom filter size for a column is 1048576
[2022-04-05 22:58:14,410] {spark_submit.py:488} INFO - Bloom filter expected number of distinct values are: null
[2022-04-05 22:58:14,410] {spark_submit.py:488} INFO - Page row count limit to 20000
[2022-04-05 22:58:14,410] {spark_submit.py:488} INFO - Writing page checksums is: on
[2022-04-05 22:58:14,440] {spark_submit.py:488} INFO - 22/04/05 22:58:14 INFO ParquetOutputFormat: Validation is off
[2022-04-05 22:58:14,440] {spark_submit.py:488} INFO - 22/04/05 22:58:14 INFO ParquetOutputFormat: Maximum row group padding size is 8388608 bytes
[2022-04-05 22:58:14,440] {spark_submit.py:488} INFO - 22/04/05 22:58:14 INFO ParquetOutputFormat: Parquet properties are:
[2022-04-05 22:58:14,440] {spark_submit.py:488} INFO - Parquet page size to 1048576
[2022-04-05 22:58:14,441] {spark_submit.py:488} INFO - Parquet dictionary page size to 1048576
[2022-04-05 22:58:14,441] {spark_submit.py:488} INFO - Dictionary is true
[2022-04-05 22:58:14,441] {spark_submit.py:488} INFO - Writer version is: PARQUET_1_0
[2022-04-05 22:58:14,441] {spark_submit.py:488} INFO - Page size checking is: estimated
[2022-04-05 22:58:14,441] {spark_submit.py:488} INFO - Min row count for page size check is: 100
[2022-04-05 22:58:14,441] {spark_submit.py:488} INFO - Max row count for page size check is: 10000
[2022-04-05 22:58:14,441] {spark_submit.py:488} INFO - Truncate length for column indexes is: 64
[2022-04-05 22:58:14,441] {spark_submit.py:488} INFO - Truncate length for statistics min/max  is: 2147483647
[2022-04-05 22:58:14,441] {spark_submit.py:488} INFO - Bloom filter enabled: false
[2022-04-05 22:58:14,441] {spark_submit.py:488} INFO - Max Bloom filter size for a column is 1048576
[2022-04-05 22:58:14,441] {spark_submit.py:488} INFO - Bloom filter expected number of distinct values are: null
[2022-04-05 22:58:14,441] {spark_submit.py:488} INFO - Page row count limit to 20000
[2022-04-05 22:58:14,441] {spark_submit.py:488} INFO - Writing page checksums is: on
[2022-04-05 22:58:14,449] {spark_submit.py:488} INFO - 22/04/05 22:58:14 INFO BlockManagerInfo: Removed broadcast_2_piece0 on 9fe4286b2855:35311 in memory (size: 10.6 KiB, free: 434.3 MiB)
[2022-04-05 22:58:14,476] {spark_submit.py:488} INFO - 22/04/05 22:58:14 INFO ParquetWriteSupport: Initialized Parquet WriteSupport with Catalyst schema:
[2022-04-05 22:58:14,477] {spark_submit.py:488} INFO - {
[2022-04-05 22:58:14,477] {spark_submit.py:488} INFO - "type" : "struct",
[2022-04-05 22:58:14,477] {spark_submit.py:488} INFO - "fields" : [ {
[2022-04-05 22:58:14,477] {spark_submit.py:488} INFO - "name" : "id",
[2022-04-05 22:58:14,477] {spark_submit.py:488} INFO - "type" : "integer",
[2022-04-05 22:58:14,477] {spark_submit.py:488} INFO - "nullable" : true,
[2022-04-05 22:58:14,477] {spark_submit.py:488} INFO - "metadata" : { }
[2022-04-05 22:58:14,477] {spark_submit.py:488} INFO - }, {
[2022-04-05 22:58:14,477] {spark_submit.py:488} INFO - "name" : "title",
[2022-04-05 22:58:14,477] {spark_submit.py:488} INFO - "type" : "string",
[2022-04-05 22:58:14,478] {spark_submit.py:488} INFO - "nullable" : true,
[2022-04-05 22:58:14,478] {spark_submit.py:488} INFO - "metadata" : { }
[2022-04-05 22:58:14,478] {spark_submit.py:488} INFO - }, {
[2022-04-05 22:58:14,478] {spark_submit.py:488} INFO - "name" : "body",
[2022-04-05 22:58:14,478] {spark_submit.py:488} INFO - "type" : "string",
[2022-04-05 22:58:14,478] {spark_submit.py:488} INFO - "nullable" : true,
[2022-04-05 22:58:14,478] {spark_submit.py:488} INFO - "metadata" : { }
[2022-04-05 22:58:14,478] {spark_submit.py:488} INFO - }, {
[2022-04-05 22:58:14,478] {spark_submit.py:488} INFO - "name" : "accepted_answer_id",
[2022-04-05 22:58:14,478] {spark_submit.py:488} INFO - "type" : "integer",
[2022-04-05 22:58:14,478] {spark_submit.py:488} INFO - "nullable" : true,
[2022-04-05 22:58:14,478] {spark_submit.py:488} INFO - "metadata" : { }
[2022-04-05 22:58:14,478] {spark_submit.py:488} INFO - }, {
[2022-04-05 22:58:14,479] {spark_submit.py:488} INFO - "name" : "answer_count",
[2022-04-05 22:58:14,479] {spark_submit.py:488} INFO - "type" : "integer",
[2022-04-05 22:58:14,479] {spark_submit.py:488} INFO - "nullable" : true,
[2022-04-05 22:58:14,479] {spark_submit.py:488} INFO - "metadata" : { }
[2022-04-05 22:58:14,479] {spark_submit.py:488} INFO - }, {
[2022-04-05 22:58:14,479] {spark_submit.py:488} INFO - "name" : "comment_count",
[2022-04-05 22:58:14,479] {spark_submit.py:488} INFO - "type" : "integer",
[2022-04-05 22:58:14,479] {spark_submit.py:488} INFO - "nullable" : true,
[2022-04-05 22:58:14,479] {spark_submit.py:488} INFO - "metadata" : { }
[2022-04-05 22:58:14,479] {spark_submit.py:488} INFO - }, {
[2022-04-05 22:58:14,479] {spark_submit.py:488} INFO - "name" : "community_owned_date",
[2022-04-05 22:58:14,479] {spark_submit.py:488} INFO - "type" : "timestamp",
[2022-04-05 22:58:14,479] {spark_submit.py:488} INFO - "nullable" : true,
[2022-04-05 22:58:14,480] {spark_submit.py:488} INFO - "metadata" : { }
[2022-04-05 22:58:14,480] {spark_submit.py:488} INFO - }, {
[2022-04-05 22:58:14,481] {spark_submit.py:488} INFO - "name" : "creation_date",
[2022-04-05 22:58:14,481] {spark_submit.py:488} INFO - "type" : "timestamp",
[2022-04-05 22:58:14,481] {spark_submit.py:488} INFO - "nullable" : true,
[2022-04-05 22:58:14,481] {spark_submit.py:488} INFO - "metadata" : { }
[2022-04-05 22:58:14,481] {spark_submit.py:488} INFO - }, {
[2022-04-05 22:58:14,481] {spark_submit.py:488} INFO - "name" : "favorite_count",
[2022-04-05 22:58:14,481] {spark_submit.py:488} INFO - "type" : "integer",
[2022-04-05 22:58:14,481] {spark_submit.py:488} INFO - "nullable" : true,
[2022-04-05 22:58:14,481] {spark_submit.py:488} INFO - "metadata" : { }
[2022-04-05 22:58:14,481] {spark_submit.py:488} INFO - }, {
[2022-04-05 22:58:14,481] {spark_submit.py:488} INFO - "name" : "last_activity_date",
[2022-04-05 22:58:14,481] {spark_submit.py:488} INFO - "type" : "timestamp",
[2022-04-05 22:58:14,482] {spark_submit.py:488} INFO - "nullable" : true,
[2022-04-05 22:58:14,482] {spark_submit.py:488} INFO - "metadata" : { }
[2022-04-05 22:58:14,482] {spark_submit.py:488} INFO - }, {
[2022-04-05 22:58:14,482] {spark_submit.py:488} INFO - "name" : "last_edit_date",
[2022-04-05 22:58:14,482] {spark_submit.py:488} INFO - "type" : "timestamp",
[2022-04-05 22:58:14,482] {spark_submit.py:488} INFO - "nullable" : true,
[2022-04-05 22:58:14,482] {spark_submit.py:488} INFO - "metadata" : { }
[2022-04-05 22:58:14,482] {spark_submit.py:488} INFO - }, {
[2022-04-05 22:58:14,482] {spark_submit.py:488} INFO - "name" : "last_editor_display_name",
[2022-04-05 22:58:14,482] {spark_submit.py:488} INFO - "type" : "string",
[2022-04-05 22:58:14,482] {spark_submit.py:488} INFO - "nullable" : true,
[2022-04-05 22:58:14,482] {spark_submit.py:488} INFO - "metadata" : { }
[2022-04-05 22:58:14,482] {spark_submit.py:488} INFO - }, {
[2022-04-05 22:58:14,483] {spark_submit.py:488} INFO - "name" : "last_editor_user_id",
[2022-04-05 22:58:14,483] {spark_submit.py:488} INFO - "type" : "integer",
[2022-04-05 22:58:14,483] {spark_submit.py:488} INFO - "nullable" : true,
[2022-04-05 22:58:14,483] {spark_submit.py:488} INFO - "metadata" : { }
[2022-04-05 22:58:14,483] {spark_submit.py:488} INFO - }, {
[2022-04-05 22:58:14,483] {spark_submit.py:488} INFO - "name" : "owner_display_name",
[2022-04-05 22:58:14,483] {spark_submit.py:488} INFO - "type" : "string",
[2022-04-05 22:58:14,483] {spark_submit.py:488} INFO - "nullable" : true,
[2022-04-05 22:58:14,483] {spark_submit.py:488} INFO - "metadata" : { }
[2022-04-05 22:58:14,483] {spark_submit.py:488} INFO - }, {
[2022-04-05 22:58:14,483] {spark_submit.py:488} INFO - "name" : "owner_user_id",
[2022-04-05 22:58:14,483] {spark_submit.py:488} INFO - "type" : "integer",
[2022-04-05 22:58:14,483] {spark_submit.py:488} INFO - "nullable" : true,
[2022-04-05 22:58:14,484] {spark_submit.py:488} INFO - "metadata" : { }
[2022-04-05 22:58:14,484] {spark_submit.py:488} INFO - }, {
[2022-04-05 22:58:14,484] {spark_submit.py:488} INFO - "name" : "parent_id",
[2022-04-05 22:58:14,484] {spark_submit.py:488} INFO - "type" : "integer",
[2022-04-05 22:58:14,484] {spark_submit.py:488} INFO - "nullable" : true,
[2022-04-05 22:58:14,484] {spark_submit.py:488} INFO - "metadata" : { }
[2022-04-05 22:58:14,484] {spark_submit.py:488} INFO - }, {
[2022-04-05 22:58:14,485] {spark_submit.py:488} INFO - "name" : "post_type_id",
[2022-04-05 22:58:14,485] {spark_submit.py:488} INFO - "type" : "integer",
[2022-04-05 22:58:14,485] {spark_submit.py:488} INFO - "nullable" : true,
[2022-04-05 22:58:14,485] {spark_submit.py:488} INFO - "metadata" : { }
[2022-04-05 22:58:14,485] {spark_submit.py:488} INFO - }, {
[2022-04-05 22:58:14,485] {spark_submit.py:488} INFO - "name" : "score",
[2022-04-05 22:58:14,485] {spark_submit.py:488} INFO - "type" : "integer",
[2022-04-05 22:58:14,485] {spark_submit.py:488} INFO - "nullable" : true,
[2022-04-05 22:58:14,485] {spark_submit.py:488} INFO - "metadata" : { }
[2022-04-05 22:58:14,485] {spark_submit.py:488} INFO - }, {
[2022-04-05 22:58:14,485] {spark_submit.py:488} INFO - "name" : "tags",
[2022-04-05 22:58:14,485] {spark_submit.py:488} INFO - "type" : "string",
[2022-04-05 22:58:14,485] {spark_submit.py:488} INFO - "nullable" : true,
[2022-04-05 22:58:14,485] {spark_submit.py:488} INFO - "metadata" : { }
[2022-04-05 22:58:14,485] {spark_submit.py:488} INFO - }, {
[2022-04-05 22:58:14,485] {spark_submit.py:488} INFO - "name" : "view_count",
[2022-04-05 22:58:14,486] {spark_submit.py:488} INFO - "type" : "integer",
[2022-04-05 22:58:14,486] {spark_submit.py:488} INFO - "nullable" : true,
[2022-04-05 22:58:14,486] {spark_submit.py:488} INFO - "metadata" : { }
[2022-04-05 22:58:14,486] {spark_submit.py:488} INFO - }, {
[2022-04-05 22:58:14,486] {spark_submit.py:488} INFO - "name" : "group_by_date",
[2022-04-05 22:58:14,486] {spark_submit.py:488} INFO - "type" : "timestamp",
[2022-04-05 22:58:14,486] {spark_submit.py:488} INFO - "nullable" : true,
[2022-04-05 22:58:14,486] {spark_submit.py:488} INFO - "metadata" : { }
[2022-04-05 22:58:14,486] {spark_submit.py:488} INFO - } ]
[2022-04-05 22:58:14,486] {spark_submit.py:488} INFO - }
[2022-04-05 22:58:14,486] {spark_submit.py:488} INFO - and corresponding Parquet message type:
[2022-04-05 22:58:14,486] {spark_submit.py:488} INFO - message spark_schema {
[2022-04-05 22:58:14,486] {spark_submit.py:488} INFO - optional int32 id;
[2022-04-05 22:58:14,486] {spark_submit.py:488} INFO - optional binary title (STRING);
[2022-04-05 22:58:14,487] {spark_submit.py:488} INFO - optional binary body (STRING);
[2022-04-05 22:58:14,487] {spark_submit.py:488} INFO - optional int32 accepted_answer_id;
[2022-04-05 22:58:14,487] {spark_submit.py:488} INFO - optional int32 answer_count;
[2022-04-05 22:58:14,487] {spark_submit.py:488} INFO - optional int32 comment_count;
[2022-04-05 22:58:14,487] {spark_submit.py:488} INFO - optional int96 community_owned_date;
[2022-04-05 22:58:14,487] {spark_submit.py:488} INFO - optional int96 creation_date;
[2022-04-05 22:58:14,487] {spark_submit.py:488} INFO - optional int32 favorite_count;
[2022-04-05 22:58:14,487] {spark_submit.py:488} INFO - optional int96 last_activity_date;
[2022-04-05 22:58:14,487] {spark_submit.py:488} INFO - optional int96 last_edit_date;
[2022-04-05 22:58:14,487] {spark_submit.py:488} INFO - optional binary last_editor_display_name (STRING);
[2022-04-05 22:58:14,487] {spark_submit.py:488} INFO - optional int32 last_editor_user_id;
[2022-04-05 22:58:14,487] {spark_submit.py:488} INFO - optional binary owner_display_name (STRING);
[2022-04-05 22:58:14,487] {spark_submit.py:488} INFO - optional int32 owner_user_id;
[2022-04-05 22:58:14,487] {spark_submit.py:488} INFO - optional int32 parent_id;
[2022-04-05 22:58:14,496] {spark_submit.py:488} INFO - optional int32 post_type_id;
[2022-04-05 22:58:14,496] {spark_submit.py:488} INFO - optional int32 score;
[2022-04-05 22:58:14,496] {spark_submit.py:488} INFO - optional binary tags (STRING);
[2022-04-05 22:58:14,496] {spark_submit.py:488} INFO - optional int32 view_count;
[2022-04-05 22:58:14,496] {spark_submit.py:488} INFO - optional int96 group_by_date;
[2022-04-05 22:58:14,496] {spark_submit.py:488} INFO - }
[2022-04-05 22:58:14,496] {spark_submit.py:488} INFO - 
[2022-04-05 22:58:14,496] {spark_submit.py:488} INFO - 
[2022-04-05 22:58:14,497] {spark_submit.py:488} INFO - 22/04/05 22:58:14 INFO ParquetWriteSupport: Initialized Parquet WriteSupport with Catalyst schema:
[2022-04-05 22:58:14,497] {spark_submit.py:488} INFO - {
[2022-04-05 22:58:14,497] {spark_submit.py:488} INFO - "type" : "struct",
[2022-04-05 22:58:14,497] {spark_submit.py:488} INFO - "fields" : [ {
[2022-04-05 22:58:14,497] {spark_submit.py:488} INFO - "name" : "id",
[2022-04-05 22:58:14,497] {spark_submit.py:488} INFO - "type" : "integer",
[2022-04-05 22:58:14,497] {spark_submit.py:488} INFO - "nullable" : true,
[2022-04-05 22:58:14,497] {spark_submit.py:488} INFO - "metadata" : { }
[2022-04-05 22:58:14,497] {spark_submit.py:488} INFO - }, {
[2022-04-05 22:58:14,497] {spark_submit.py:488} INFO - "name" : "title",
[2022-04-05 22:58:14,497] {spark_submit.py:488} INFO - "type" : "string",
[2022-04-05 22:58:14,497] {spark_submit.py:488} INFO - "nullable" : true,
[2022-04-05 22:58:14,498] {spark_submit.py:488} INFO - "metadata" : { }
[2022-04-05 22:58:14,498] {spark_submit.py:488} INFO - }, {
[2022-04-05 22:58:14,498] {spark_submit.py:488} INFO - "name" : "body",
[2022-04-05 22:58:14,498] {spark_submit.py:488} INFO - "type" : "string",
[2022-04-05 22:58:14,498] {spark_submit.py:488} INFO - "nullable" : true,
[2022-04-05 22:58:14,498] {spark_submit.py:488} INFO - "metadata" : { }
[2022-04-05 22:58:14,498] {spark_submit.py:488} INFO - }, {
[2022-04-05 22:58:14,498] {spark_submit.py:488} INFO - "name" : "accepted_answer_id",
[2022-04-05 22:58:14,498] {spark_submit.py:488} INFO - "type" : "integer",
[2022-04-05 22:58:14,498] {spark_submit.py:488} INFO - "nullable" : true,
[2022-04-05 22:58:14,498] {spark_submit.py:488} INFO - "metadata" : { }
[2022-04-05 22:58:14,498] {spark_submit.py:488} INFO - }, {
[2022-04-05 22:58:14,498] {spark_submit.py:488} INFO - "name" : "answer_count",
[2022-04-05 22:58:14,499] {spark_submit.py:488} INFO - "type" : "integer",
[2022-04-05 22:58:14,499] {spark_submit.py:488} INFO - "nullable" : true,
[2022-04-05 22:58:14,499] {spark_submit.py:488} INFO - "metadata" : { }
[2022-04-05 22:58:14,499] {spark_submit.py:488} INFO - }, {
[2022-04-05 22:58:14,499] {spark_submit.py:488} INFO - "name" : "comment_count",
[2022-04-05 22:58:14,499] {spark_submit.py:488} INFO - "type" : "integer",
[2022-04-05 22:58:14,499] {spark_submit.py:488} INFO - "nullable" : true,
[2022-04-05 22:58:14,540] {spark_submit.py:488} INFO - "metadata" : { }
[2022-04-05 22:58:14,540] {spark_submit.py:488} INFO - }, {
[2022-04-05 22:58:14,540] {spark_submit.py:488} INFO - "name" : "community_owned_date",
[2022-04-05 22:58:14,540] {spark_submit.py:488} INFO - "type" : "timestamp",
[2022-04-05 22:58:14,540] {spark_submit.py:488} INFO - "nullable" : true,
[2022-04-05 22:58:14,541] {spark_submit.py:488} INFO - "metadata" : { }
[2022-04-05 22:58:14,541] {spark_submit.py:488} INFO - }, {
[2022-04-05 22:58:14,541] {spark_submit.py:488} INFO - "name" : "creation_date",
[2022-04-05 22:58:14,541] {spark_submit.py:488} INFO - "type" : "timestamp",
[2022-04-05 22:58:14,541] {spark_submit.py:488} INFO - "nullable" : true,
[2022-04-05 22:58:14,541] {spark_submit.py:488} INFO - "metadata" : { }
[2022-04-05 22:58:14,541] {spark_submit.py:488} INFO - }, {
[2022-04-05 22:58:14,541] {spark_submit.py:488} INFO - "name" : "favorite_count",
[2022-04-05 22:58:14,541] {spark_submit.py:488} INFO - "type" : "integer",
[2022-04-05 22:58:14,541] {spark_submit.py:488} INFO - "nullable" : true,
[2022-04-05 22:58:14,541] {spark_submit.py:488} INFO - "metadata" : { }
[2022-04-05 22:58:14,541] {spark_submit.py:488} INFO - }, {
[2022-04-05 22:58:14,542] {spark_submit.py:488} INFO - "name" : "last_activity_date",
[2022-04-05 22:58:14,542] {spark_submit.py:488} INFO - "type" : "timestamp",
[2022-04-05 22:58:14,542] {spark_submit.py:488} INFO - "nullable" : true,
[2022-04-05 22:58:14,542] {spark_submit.py:488} INFO - "metadata" : { }
[2022-04-05 22:58:14,542] {spark_submit.py:488} INFO - }, {
[2022-04-05 22:58:14,542] {spark_submit.py:488} INFO - "name" : "last_edit_date",
[2022-04-05 22:58:14,542] {spark_submit.py:488} INFO - "type" : "timestamp",
[2022-04-05 22:58:14,542] {spark_submit.py:488} INFO - "nullable" : true,
[2022-04-05 22:58:14,542] {spark_submit.py:488} INFO - "metadata" : { }
[2022-04-05 22:58:14,542] {spark_submit.py:488} INFO - }, {
[2022-04-05 22:58:14,542] {spark_submit.py:488} INFO - "name" : "last_editor_display_name",
[2022-04-05 22:58:14,542] {spark_submit.py:488} INFO - "type" : "string",
[2022-04-05 22:58:14,542] {spark_submit.py:488} INFO - "nullable" : true,
[2022-04-05 22:58:14,542] {spark_submit.py:488} INFO - "metadata" : { }
[2022-04-05 22:58:14,543] {spark_submit.py:488} INFO - }, {
[2022-04-05 22:58:14,543] {spark_submit.py:488} INFO - "name" : "last_editor_user_id",
[2022-04-05 22:58:14,543] {spark_submit.py:488} INFO - "type" : "integer",
[2022-04-05 22:58:14,543] {spark_submit.py:488} INFO - "nullable" : true,
[2022-04-05 22:58:14,543] {spark_submit.py:488} INFO - "metadata" : { }
[2022-04-05 22:58:14,572] {spark_submit.py:488} INFO - }, {
[2022-04-05 22:58:14,572] {spark_submit.py:488} INFO - "name" : "owner_display_name",
[2022-04-05 22:58:14,572] {spark_submit.py:488} INFO - "type" : "string",
[2022-04-05 22:58:14,572] {spark_submit.py:488} INFO - "nullable" : true,
[2022-04-05 22:58:14,572] {spark_submit.py:488} INFO - "metadata" : { }
[2022-04-05 22:58:14,572] {spark_submit.py:488} INFO - }, {
[2022-04-05 22:58:14,572] {spark_submit.py:488} INFO - "name" : "owner_user_id",
[2022-04-05 22:58:14,573] {spark_submit.py:488} INFO - "type" : "integer",
[2022-04-05 22:58:14,573] {spark_submit.py:488} INFO - "nullable" : true,
[2022-04-05 22:58:14,573] {spark_submit.py:488} INFO - "metadata" : { }
[2022-04-05 22:58:14,573] {spark_submit.py:488} INFO - }, {
[2022-04-05 22:58:14,573] {spark_submit.py:488} INFO - "name" : "parent_id",
[2022-04-05 22:58:14,573] {spark_submit.py:488} INFO - "type" : "integer",
[2022-04-05 22:58:14,573] {spark_submit.py:488} INFO - "nullable" : true,
[2022-04-05 22:58:14,573] {spark_submit.py:488} INFO - "metadata" : { }
[2022-04-05 22:58:14,573] {spark_submit.py:488} INFO - }, {
[2022-04-05 22:58:14,573] {spark_submit.py:488} INFO - "name" : "post_type_id",
[2022-04-05 22:58:14,573] {spark_submit.py:488} INFO - "type" : "integer",
[2022-04-05 22:58:14,573] {spark_submit.py:488} INFO - "nullable" : true,
[2022-04-05 22:58:14,573] {spark_submit.py:488} INFO - "metadata" : { }
[2022-04-05 22:58:14,573] {spark_submit.py:488} INFO - }, {
[2022-04-05 22:58:14,574] {spark_submit.py:488} INFO - "name" : "score",
[2022-04-05 22:58:14,574] {spark_submit.py:488} INFO - "type" : "integer",
[2022-04-05 22:58:14,574] {spark_submit.py:488} INFO - "nullable" : true,
[2022-04-05 22:58:14,574] {spark_submit.py:488} INFO - "metadata" : { }
[2022-04-05 22:58:14,574] {spark_submit.py:488} INFO - }, {
[2022-04-05 22:58:14,574] {spark_submit.py:488} INFO - "name" : "tags",
[2022-04-05 22:58:14,574] {spark_submit.py:488} INFO - "type" : "string",
[2022-04-05 22:58:14,574] {spark_submit.py:488} INFO - "nullable" : true,
[2022-04-05 22:58:14,574] {spark_submit.py:488} INFO - "metadata" : { }
[2022-04-05 22:58:14,574] {spark_submit.py:488} INFO - }, {
[2022-04-05 22:58:14,574] {spark_submit.py:488} INFO - "name" : "view_count",
[2022-04-05 22:58:14,574] {spark_submit.py:488} INFO - "type" : "integer",
[2022-04-05 22:58:14,574] {spark_submit.py:488} INFO - "nullable" : true,
[2022-04-05 22:58:14,574] {spark_submit.py:488} INFO - "metadata" : { }
[2022-04-05 22:58:14,574] {spark_submit.py:488} INFO - }, {
[2022-04-05 22:58:14,575] {spark_submit.py:488} INFO - "name" : "group_by_date",
[2022-04-05 22:58:14,575] {spark_submit.py:488} INFO - "type" : "timestamp",
[2022-04-05 22:58:14,575] {spark_submit.py:488} INFO - "nullable" : true,
[2022-04-05 22:58:14,600] {spark_submit.py:488} INFO - "metadata" : { }
[2022-04-05 22:58:14,600] {spark_submit.py:488} INFO - } ]
[2022-04-05 22:58:14,600] {spark_submit.py:488} INFO - }
[2022-04-05 22:58:14,600] {spark_submit.py:488} INFO - and corresponding Parquet message type:
[2022-04-05 22:58:14,600] {spark_submit.py:488} INFO - message spark_schema {
[2022-04-05 22:58:14,600] {spark_submit.py:488} INFO - optional int32 id;
[2022-04-05 22:58:14,600] {spark_submit.py:488} INFO - optional binary title (STRING);
[2022-04-05 22:58:14,600] {spark_submit.py:488} INFO - optional binary body (STRING);
[2022-04-05 22:58:14,600] {spark_submit.py:488} INFO - optional int32 accepted_answer_id;
[2022-04-05 22:58:14,600] {spark_submit.py:488} INFO - optional int32 answer_count;
[2022-04-05 22:58:14,601] {spark_submit.py:488} INFO - optional int32 comment_count;
[2022-04-05 22:58:14,601] {spark_submit.py:488} INFO - optional int96 community_owned_date;
[2022-04-05 22:58:14,601] {spark_submit.py:488} INFO - optional int96 creation_date;
[2022-04-05 22:58:14,601] {spark_submit.py:488} INFO - optional int32 favorite_count;
[2022-04-05 22:58:14,601] {spark_submit.py:488} INFO - optional int96 last_activity_date;
[2022-04-05 22:58:14,601] {spark_submit.py:488} INFO - optional int96 last_edit_date;
[2022-04-05 22:58:14,601] {spark_submit.py:488} INFO - optional binary last_editor_display_name (STRING);
[2022-04-05 22:58:14,601] {spark_submit.py:488} INFO - optional int32 last_editor_user_id;
[2022-04-05 22:58:14,601] {spark_submit.py:488} INFO - optional binary owner_display_name (STRING);
[2022-04-05 22:58:14,601] {spark_submit.py:488} INFO - optional int32 owner_user_id;
[2022-04-05 22:58:14,601] {spark_submit.py:488} INFO - optional int32 parent_id;
[2022-04-05 22:58:14,601] {spark_submit.py:488} INFO - optional int32 post_type_id;
[2022-04-05 22:58:14,601] {spark_submit.py:488} INFO - optional int32 score;
[2022-04-05 22:58:14,602] {spark_submit.py:488} INFO - optional binary tags (STRING);
[2022-04-05 22:58:14,602] {spark_submit.py:488} INFO - optional int32 view_count;
[2022-04-05 22:58:14,602] {spark_submit.py:488} INFO - optional int96 group_by_date;
[2022-04-05 22:58:14,602] {spark_submit.py:488} INFO - }
[2022-04-05 22:58:14,602] {spark_submit.py:488} INFO - 
[2022-04-05 22:58:14,602] {spark_submit.py:488} INFO - 
[2022-04-05 22:58:14,602] {spark_submit.py:488} INFO - 22/04/05 22:58:14 INFO ParquetWriteSupport: Initialized Parquet WriteSupport with Catalyst schema:
[2022-04-05 22:58:14,602] {spark_submit.py:488} INFO - {
[2022-04-05 22:58:14,602] {spark_submit.py:488} INFO - "type" : "struct",
[2022-04-05 22:58:14,602] {spark_submit.py:488} INFO - "fields" : [ {
[2022-04-05 22:58:14,602] {spark_submit.py:488} INFO - "name" : "id",
[2022-04-05 22:58:14,602] {spark_submit.py:488} INFO - "type" : "integer",
[2022-04-05 22:58:14,602] {spark_submit.py:488} INFO - "nullable" : true,
[2022-04-05 22:58:14,602] {spark_submit.py:488} INFO - "metadata" : { }
[2022-04-05 22:58:14,603] {spark_submit.py:488} INFO - }, {
[2022-04-05 22:58:14,603] {spark_submit.py:488} INFO - "name" : "title",
[2022-04-05 22:58:14,603] {spark_submit.py:488} INFO - "type" : "string",
[2022-04-05 22:58:14,603] {spark_submit.py:488} INFO - "nullable" : true,
[2022-04-05 22:58:14,603] {spark_submit.py:488} INFO - "metadata" : { }
[2022-04-05 22:58:14,603] {spark_submit.py:488} INFO - }, {
[2022-04-05 22:58:14,603] {spark_submit.py:488} INFO - "name" : "body",
[2022-04-05 22:58:14,603] {spark_submit.py:488} INFO - "type" : "string",
[2022-04-05 22:58:14,603] {spark_submit.py:488} INFO - "nullable" : true,
[2022-04-05 22:58:14,603] {spark_submit.py:488} INFO - "metadata" : { }
[2022-04-05 22:58:14,603] {spark_submit.py:488} INFO - }, {
[2022-04-05 22:58:14,603] {spark_submit.py:488} INFO - "name" : "accepted_answer_id",
[2022-04-05 22:58:14,603] {spark_submit.py:488} INFO - "type" : "integer",
[2022-04-05 22:58:14,636] {spark_submit.py:488} INFO - "nullable" : true,
[2022-04-05 22:58:14,636] {spark_submit.py:488} INFO - "metadata" : { }
[2022-04-05 22:58:14,636] {spark_submit.py:488} INFO - }, {
[2022-04-05 22:58:14,636] {spark_submit.py:488} INFO - "name" : "answer_count",
[2022-04-05 22:58:14,636] {spark_submit.py:488} INFO - "type" : "integer",
[2022-04-05 22:58:14,636] {spark_submit.py:488} INFO - "nullable" : true,
[2022-04-05 22:58:14,636] {spark_submit.py:488} INFO - "metadata" : { }
[2022-04-05 22:58:14,636] {spark_submit.py:488} INFO - }, {
[2022-04-05 22:58:14,636] {spark_submit.py:488} INFO - "name" : "comment_count",
[2022-04-05 22:58:14,636] {spark_submit.py:488} INFO - "type" : "integer",
[2022-04-05 22:58:14,637] {spark_submit.py:488} INFO - "nullable" : true,
[2022-04-05 22:58:14,637] {spark_submit.py:488} INFO - "metadata" : { }
[2022-04-05 22:58:14,637] {spark_submit.py:488} INFO - }, {
[2022-04-05 22:58:14,637] {spark_submit.py:488} INFO - "name" : "community_owned_date",
[2022-04-05 22:58:14,637] {spark_submit.py:488} INFO - "type" : "timestamp",
[2022-04-05 22:58:14,637] {spark_submit.py:488} INFO - "nullable" : true,
[2022-04-05 22:58:14,637] {spark_submit.py:488} INFO - "metadata" : { }
[2022-04-05 22:58:14,637] {spark_submit.py:488} INFO - }, {
[2022-04-05 22:58:14,637] {spark_submit.py:488} INFO - "name" : "creation_date",
[2022-04-05 22:58:14,637] {spark_submit.py:488} INFO - "type" : "timestamp",
[2022-04-05 22:58:14,637] {spark_submit.py:488} INFO - "nullable" : true,
[2022-04-05 22:58:14,637] {spark_submit.py:488} INFO - "metadata" : { }
[2022-04-05 22:58:14,637] {spark_submit.py:488} INFO - }, {
[2022-04-05 22:58:14,637] {spark_submit.py:488} INFO - "name" : "favorite_count",
[2022-04-05 22:58:14,637] {spark_submit.py:488} INFO - "type" : "integer",
[2022-04-05 22:58:14,637] {spark_submit.py:488} INFO - "nullable" : true,
[2022-04-05 22:58:14,638] {spark_submit.py:488} INFO - "metadata" : { }
[2022-04-05 22:58:14,638] {spark_submit.py:488} INFO - }, {
[2022-04-05 22:58:14,638] {spark_submit.py:488} INFO - "name" : "last_activity_date",
[2022-04-05 22:58:14,638] {spark_submit.py:488} INFO - "type" : "timestamp",
[2022-04-05 22:58:14,638] {spark_submit.py:488} INFO - "nullable" : true,
[2022-04-05 22:58:14,638] {spark_submit.py:488} INFO - "metadata" : { }
[2022-04-05 22:58:14,638] {spark_submit.py:488} INFO - }, {
[2022-04-05 22:58:14,638] {spark_submit.py:488} INFO - "name" : "last_edit_date",
[2022-04-05 22:58:14,638] {spark_submit.py:488} INFO - "type" : "timestamp",
[2022-04-05 22:58:14,638] {spark_submit.py:488} INFO - "nullable" : true,
[2022-04-05 22:58:14,638] {spark_submit.py:488} INFO - "metadata" : { }
[2022-04-05 22:58:14,638] {spark_submit.py:488} INFO - }, {
[2022-04-05 22:58:14,638] {spark_submit.py:488} INFO - "name" : "last_editor_display_name",
[2022-04-05 22:58:14,638] {spark_submit.py:488} INFO - "type" : "string",
[2022-04-05 22:58:14,639] {spark_submit.py:488} INFO - "nullable" : true,
[2022-04-05 22:58:14,639] {spark_submit.py:488} INFO - "metadata" : { }
[2022-04-05 22:58:14,639] {spark_submit.py:488} INFO - }, {
[2022-04-05 22:58:14,639] {spark_submit.py:488} INFO - "name" : "last_editor_user_id",
[2022-04-05 22:58:14,639] {spark_submit.py:488} INFO - "type" : "integer",
[2022-04-05 22:58:14,639] {spark_submit.py:488} INFO - "nullable" : true,
[2022-04-05 22:58:14,639] {spark_submit.py:488} INFO - "metadata" : { }
[2022-04-05 22:58:14,639] {spark_submit.py:488} INFO - }, {
[2022-04-05 22:58:14,639] {spark_submit.py:488} INFO - "name" : "owner_display_name",
[2022-04-05 22:58:14,639] {spark_submit.py:488} INFO - "type" : "string",
[2022-04-05 22:58:14,639] {spark_submit.py:488} INFO - "nullable" : true,
[2022-04-05 22:58:14,639] {spark_submit.py:488} INFO - "metadata" : { }
[2022-04-05 22:58:14,672] {spark_submit.py:488} INFO - }, {
[2022-04-05 22:58:14,672] {spark_submit.py:488} INFO - "name" : "owner_user_id",
[2022-04-05 22:58:14,672] {spark_submit.py:488} INFO - "type" : "integer",
[2022-04-05 22:58:14,672] {spark_submit.py:488} INFO - "nullable" : true,
[2022-04-05 22:58:14,672] {spark_submit.py:488} INFO - "metadata" : { }
[2022-04-05 22:58:14,672] {spark_submit.py:488} INFO - }, {
[2022-04-05 22:58:14,672] {spark_submit.py:488} INFO - "name" : "parent_id",
[2022-04-05 22:58:14,672] {spark_submit.py:488} INFO - "type" : "integer",
[2022-04-05 22:58:14,673] {spark_submit.py:488} INFO - "nullable" : true,
[2022-04-05 22:58:14,673] {spark_submit.py:488} INFO - "metadata" : { }
[2022-04-05 22:58:14,673] {spark_submit.py:488} INFO - }, {
[2022-04-05 22:58:14,673] {spark_submit.py:488} INFO - "name" : "post_type_id",
[2022-04-05 22:58:14,673] {spark_submit.py:488} INFO - "type" : "integer",
[2022-04-05 22:58:14,673] {spark_submit.py:488} INFO - "nullable" : true,
[2022-04-05 22:58:14,673] {spark_submit.py:488} INFO - "metadata" : { }
[2022-04-05 22:58:14,673] {spark_submit.py:488} INFO - }, {
[2022-04-05 22:58:14,673] {spark_submit.py:488} INFO - "name" : "score",
[2022-04-05 22:58:14,673] {spark_submit.py:488} INFO - "type" : "integer",
[2022-04-05 22:58:14,673] {spark_submit.py:488} INFO - "nullable" : true,
[2022-04-05 22:58:14,673] {spark_submit.py:488} INFO - "metadata" : { }
[2022-04-05 22:58:14,673] {spark_submit.py:488} INFO - }, {
[2022-04-05 22:58:14,674] {spark_submit.py:488} INFO - "name" : "tags",
[2022-04-05 22:58:14,674] {spark_submit.py:488} INFO - "type" : "string",
[2022-04-05 22:58:14,674] {spark_submit.py:488} INFO - "nullable" : true,
[2022-04-05 22:58:14,674] {spark_submit.py:488} INFO - "metadata" : { }
[2022-04-05 22:58:14,674] {spark_submit.py:488} INFO - }, {
[2022-04-05 22:58:14,674] {spark_submit.py:488} INFO - "name" : "view_count",
[2022-04-05 22:58:14,674] {spark_submit.py:488} INFO - "type" : "integer",
[2022-04-05 22:58:14,674] {spark_submit.py:488} INFO - "nullable" : true,
[2022-04-05 22:58:14,674] {spark_submit.py:488} INFO - "metadata" : { }
[2022-04-05 22:58:14,674] {spark_submit.py:488} INFO - }, {
[2022-04-05 22:58:14,675] {spark_submit.py:488} INFO - "name" : "group_by_date",
[2022-04-05 22:58:14,675] {spark_submit.py:488} INFO - "type" : "timestamp",
[2022-04-05 22:58:14,675] {spark_submit.py:488} INFO - "nullable" : true,
[2022-04-05 22:58:14,675] {spark_submit.py:488} INFO - "metadata" : { }
[2022-04-05 22:58:14,675] {spark_submit.py:488} INFO - } ]
[2022-04-05 22:58:14,696] {spark_submit.py:488} INFO - }
[2022-04-05 22:58:14,696] {spark_submit.py:488} INFO - and corresponding Parquet message type:
[2022-04-05 22:58:14,696] {spark_submit.py:488} INFO - message spark_schema {
[2022-04-05 22:58:14,697] {spark_submit.py:488} INFO - optional int32 id;
[2022-04-05 22:58:14,697] {spark_submit.py:488} INFO - optional binary title (STRING);
[2022-04-05 22:58:14,697] {spark_submit.py:488} INFO - optional binary body (STRING);
[2022-04-05 22:58:14,697] {spark_submit.py:488} INFO - optional int32 accepted_answer_id;
[2022-04-05 22:58:14,697] {spark_submit.py:488} INFO - optional int32 answer_count;
[2022-04-05 22:58:14,697] {spark_submit.py:488} INFO - optional int32 comment_count;
[2022-04-05 22:58:14,697] {spark_submit.py:488} INFO - optional int96 community_owned_date;
[2022-04-05 22:58:14,697] {spark_submit.py:488} INFO - optional int96 creation_date;
[2022-04-05 22:58:14,697] {spark_submit.py:488} INFO - optional int32 favorite_count;
[2022-04-05 22:58:14,697] {spark_submit.py:488} INFO - optional int96 last_activity_date;
[2022-04-05 22:58:14,697] {spark_submit.py:488} INFO - optional int96 last_edit_date;
[2022-04-05 22:58:14,697] {spark_submit.py:488} INFO - optional binary last_editor_display_name (STRING);
[2022-04-05 22:58:14,697] {spark_submit.py:488} INFO - optional int32 last_editor_user_id;
[2022-04-05 22:58:14,697] {spark_submit.py:488} INFO - optional binary owner_display_name (STRING);
[2022-04-05 22:58:14,697] {spark_submit.py:488} INFO - optional int32 owner_user_id;
[2022-04-05 22:58:14,698] {spark_submit.py:488} INFO - optional int32 parent_id;
[2022-04-05 22:58:14,698] {spark_submit.py:488} INFO - optional int32 post_type_id;
[2022-04-05 22:58:14,698] {spark_submit.py:488} INFO - optional int32 score;
[2022-04-05 22:58:14,698] {spark_submit.py:488} INFO - optional binary tags (STRING);
[2022-04-05 22:58:14,698] {spark_submit.py:488} INFO - optional int32 view_count;
[2022-04-05 22:58:14,698] {spark_submit.py:488} INFO - optional int96 group_by_date;
[2022-04-05 22:58:14,698] {spark_submit.py:488} INFO - }
[2022-04-05 22:58:14,698] {spark_submit.py:488} INFO - 
[2022-04-05 22:58:14,698] {spark_submit.py:488} INFO - 
[2022-04-05 22:58:14,698] {spark_submit.py:488} INFO - 22/04/05 22:58:14 INFO ParquetWriteSupport: Initialized Parquet WriteSupport with Catalyst schema:
[2022-04-05 22:58:14,698] {spark_submit.py:488} INFO - {
[2022-04-05 22:58:14,698] {spark_submit.py:488} INFO - "type" : "struct",
[2022-04-05 22:58:14,698] {spark_submit.py:488} INFO - "fields" : [ {
[2022-04-05 22:58:14,698] {spark_submit.py:488} INFO - "name" : "id",
[2022-04-05 22:58:14,699] {spark_submit.py:488} INFO - "type" : "integer",
[2022-04-05 22:58:14,699] {spark_submit.py:488} INFO - "nullable" : true,
[2022-04-05 22:58:14,699] {spark_submit.py:488} INFO - "metadata" : { }
[2022-04-05 22:58:14,699] {spark_submit.py:488} INFO - }, {
[2022-04-05 22:58:14,699] {spark_submit.py:488} INFO - "name" : "title",
[2022-04-05 22:58:14,699] {spark_submit.py:488} INFO - "type" : "string",
[2022-04-05 22:58:14,718] {spark_submit.py:488} INFO - "nullable" : true,
[2022-04-05 22:58:14,718] {spark_submit.py:488} INFO - "metadata" : { }
[2022-04-05 22:58:14,718] {spark_submit.py:488} INFO - }, {
[2022-04-05 22:58:14,718] {spark_submit.py:488} INFO - "name" : "body",
[2022-04-05 22:58:14,718] {spark_submit.py:488} INFO - "type" : "string",
[2022-04-05 22:58:14,718] {spark_submit.py:488} INFO - "nullable" : true,
[2022-04-05 22:58:14,718] {spark_submit.py:488} INFO - "metadata" : { }
[2022-04-05 22:58:14,718] {spark_submit.py:488} INFO - }, {
[2022-04-05 22:58:14,718] {spark_submit.py:488} INFO - "name" : "accepted_answer_id",
[2022-04-05 22:58:14,718] {spark_submit.py:488} INFO - "type" : "integer",
[2022-04-05 22:58:14,719] {spark_submit.py:488} INFO - "nullable" : true,
[2022-04-05 22:58:14,719] {spark_submit.py:488} INFO - "metadata" : { }
[2022-04-05 22:58:14,719] {spark_submit.py:488} INFO - }, {
[2022-04-05 22:58:14,719] {spark_submit.py:488} INFO - "name" : "answer_count",
[2022-04-05 22:58:14,719] {spark_submit.py:488} INFO - "type" : "integer",
[2022-04-05 22:58:14,719] {spark_submit.py:488} INFO - "nullable" : true,
[2022-04-05 22:58:14,719] {spark_submit.py:488} INFO - "metadata" : { }
[2022-04-05 22:58:14,719] {spark_submit.py:488} INFO - }, {
[2022-04-05 22:58:14,719] {spark_submit.py:488} INFO - "name" : "comment_count",
[2022-04-05 22:58:14,719] {spark_submit.py:488} INFO - "type" : "integer",
[2022-04-05 22:58:14,719] {spark_submit.py:488} INFO - "nullable" : true,
[2022-04-05 22:58:14,719] {spark_submit.py:488} INFO - "metadata" : { }
[2022-04-05 22:58:14,719] {spark_submit.py:488} INFO - }, {
[2022-04-05 22:58:14,719] {spark_submit.py:488} INFO - "name" : "community_owned_date",
[2022-04-05 22:58:14,719] {spark_submit.py:488} INFO - "type" : "timestamp",
[2022-04-05 22:58:14,720] {spark_submit.py:488} INFO - "nullable" : true,
[2022-04-05 22:58:14,720] {spark_submit.py:488} INFO - "metadata" : { }
[2022-04-05 22:58:14,720] {spark_submit.py:488} INFO - }, {
[2022-04-05 22:58:14,720] {spark_submit.py:488} INFO - "name" : "creation_date",
[2022-04-05 22:58:14,720] {spark_submit.py:488} INFO - "type" : "timestamp",
[2022-04-05 22:58:14,720] {spark_submit.py:488} INFO - "nullable" : true,
[2022-04-05 22:58:14,720] {spark_submit.py:488} INFO - "metadata" : { }
[2022-04-05 22:58:14,720] {spark_submit.py:488} INFO - }, {
[2022-04-05 22:58:14,720] {spark_submit.py:488} INFO - "name" : "favorite_count",
[2022-04-05 22:58:14,720] {spark_submit.py:488} INFO - "type" : "integer",
[2022-04-05 22:58:14,720] {spark_submit.py:488} INFO - "nullable" : true,
[2022-04-05 22:58:14,720] {spark_submit.py:488} INFO - "metadata" : { }
[2022-04-05 22:58:14,720] {spark_submit.py:488} INFO - }, {
[2022-04-05 22:58:14,720] {spark_submit.py:488} INFO - "name" : "last_activity_date",
[2022-04-05 22:58:14,720] {spark_submit.py:488} INFO - "type" : "timestamp",
[2022-04-05 22:58:14,721] {spark_submit.py:488} INFO - "nullable" : true,
[2022-04-05 22:58:14,721] {spark_submit.py:488} INFO - "metadata" : { }
[2022-04-05 22:58:14,721] {spark_submit.py:488} INFO - }, {
[2022-04-05 22:58:14,721] {spark_submit.py:488} INFO - "name" : "last_edit_date",
[2022-04-05 22:58:14,721] {spark_submit.py:488} INFO - "type" : "timestamp",
[2022-04-05 22:58:14,721] {spark_submit.py:488} INFO - "nullable" : true,
[2022-04-05 22:58:14,721] {spark_submit.py:488} INFO - "metadata" : { }
[2022-04-05 22:58:14,721] {spark_submit.py:488} INFO - }, {
[2022-04-05 22:58:14,721] {spark_submit.py:488} INFO - "name" : "last_editor_display_name",
[2022-04-05 22:58:14,721] {spark_submit.py:488} INFO - "type" : "string",
[2022-04-05 22:58:14,721] {spark_submit.py:488} INFO - "nullable" : true,
[2022-04-05 22:58:14,721] {spark_submit.py:488} INFO - "metadata" : { }
[2022-04-05 22:58:14,721] {spark_submit.py:488} INFO - }, {
[2022-04-05 22:58:14,721] {spark_submit.py:488} INFO - "name" : "last_editor_user_id",
[2022-04-05 22:58:14,721] {spark_submit.py:488} INFO - "type" : "integer",
[2022-04-05 22:58:14,722] {spark_submit.py:488} INFO - "nullable" : true,
[2022-04-05 22:58:14,722] {spark_submit.py:488} INFO - "metadata" : { }
[2022-04-05 22:58:14,722] {spark_submit.py:488} INFO - }, {
[2022-04-05 22:58:14,722] {spark_submit.py:488} INFO - "name" : "owner_display_name",
[2022-04-05 22:58:14,722] {spark_submit.py:488} INFO - "type" : "string",
[2022-04-05 22:58:14,722] {spark_submit.py:488} INFO - "nullable" : true,
[2022-04-05 22:58:14,722] {spark_submit.py:488} INFO - "metadata" : { }
[2022-04-05 22:58:14,722] {spark_submit.py:488} INFO - }, {
[2022-04-05 22:58:14,722] {spark_submit.py:488} INFO - "name" : "owner_user_id",
[2022-04-05 22:58:14,722] {spark_submit.py:488} INFO - "type" : "integer",
[2022-04-05 22:58:14,722] {spark_submit.py:488} INFO - "nullable" : true,
[2022-04-05 22:58:14,722] {spark_submit.py:488} INFO - "metadata" : { }
[2022-04-05 22:58:14,756] {spark_submit.py:488} INFO - }, {
[2022-04-05 22:58:14,756] {spark_submit.py:488} INFO - "name" : "parent_id",
[2022-04-05 22:58:14,756] {spark_submit.py:488} INFO - "type" : "integer",
[2022-04-05 22:58:14,756] {spark_submit.py:488} INFO - "nullable" : true,
[2022-04-05 22:58:14,756] {spark_submit.py:488} INFO - "metadata" : { }
[2022-04-05 22:58:14,756] {spark_submit.py:488} INFO - }, {
[2022-04-05 22:58:14,756] {spark_submit.py:488} INFO - "name" : "post_type_id",
[2022-04-05 22:58:14,756] {spark_submit.py:488} INFO - "type" : "integer",
[2022-04-05 22:58:14,756] {spark_submit.py:488} INFO - "nullable" : true,
[2022-04-05 22:58:14,757] {spark_submit.py:488} INFO - "metadata" : { }
[2022-04-05 22:58:14,757] {spark_submit.py:488} INFO - }, {
[2022-04-05 22:58:14,757] {spark_submit.py:488} INFO - "name" : "score",
[2022-04-05 22:58:14,757] {spark_submit.py:488} INFO - "type" : "integer",
[2022-04-05 22:58:14,757] {spark_submit.py:488} INFO - "nullable" : true,
[2022-04-05 22:58:14,757] {spark_submit.py:488} INFO - "metadata" : { }
[2022-04-05 22:58:14,757] {spark_submit.py:488} INFO - }, {
[2022-04-05 22:58:14,757] {spark_submit.py:488} INFO - "name" : "tags",
[2022-04-05 22:58:14,757] {spark_submit.py:488} INFO - "type" : "string",
[2022-04-05 22:58:14,757] {spark_submit.py:488} INFO - "nullable" : true,
[2022-04-05 22:58:14,757] {spark_submit.py:488} INFO - "metadata" : { }
[2022-04-05 22:58:14,757] {spark_submit.py:488} INFO - }, {
[2022-04-05 22:58:14,757] {spark_submit.py:488} INFO - "name" : "view_count",
[2022-04-05 22:58:14,758] {spark_submit.py:488} INFO - "type" : "integer",
[2022-04-05 22:58:14,758] {spark_submit.py:488} INFO - "nullable" : true,
[2022-04-05 22:58:14,758] {spark_submit.py:488} INFO - "metadata" : { }
[2022-04-05 22:58:14,758] {spark_submit.py:488} INFO - }, {
[2022-04-05 22:58:14,758] {spark_submit.py:488} INFO - "name" : "group_by_date",
[2022-04-05 22:58:14,758] {spark_submit.py:488} INFO - "type" : "timestamp",
[2022-04-05 22:58:14,758] {spark_submit.py:488} INFO - "nullable" : true,
[2022-04-05 22:58:14,758] {spark_submit.py:488} INFO - "metadata" : { }
[2022-04-05 22:58:14,758] {spark_submit.py:488} INFO - } ]
[2022-04-05 22:58:14,758] {spark_submit.py:488} INFO - }
[2022-04-05 22:58:14,758] {spark_submit.py:488} INFO - and corresponding Parquet message type:
[2022-04-05 22:58:14,758] {spark_submit.py:488} INFO - message spark_schema {
[2022-04-05 22:58:14,758] {spark_submit.py:488} INFO - optional int32 id;
[2022-04-05 22:58:14,758] {spark_submit.py:488} INFO - optional binary title (STRING);
[2022-04-05 22:58:14,759] {spark_submit.py:488} INFO - optional binary body (STRING);
[2022-04-05 22:58:14,759] {spark_submit.py:488} INFO - optional int32 accepted_answer_id;
[2022-04-05 22:58:14,759] {spark_submit.py:488} INFO - optional int32 answer_count;
[2022-04-05 22:58:14,759] {spark_submit.py:488} INFO - optional int32 comment_count;
[2022-04-05 22:58:14,759] {spark_submit.py:488} INFO - optional int96 community_owned_date;
[2022-04-05 22:58:14,759] {spark_submit.py:488} INFO - optional int96 creation_date;
[2022-04-05 22:58:14,759] {spark_submit.py:488} INFO - optional int32 favorite_count;
[2022-04-05 22:58:14,759] {spark_submit.py:488} INFO - optional int96 last_activity_date;
[2022-04-05 22:58:14,759] {spark_submit.py:488} INFO - optional int96 last_edit_date;
[2022-04-05 22:58:14,759] {spark_submit.py:488} INFO - optional binary last_editor_display_name (STRING);
[2022-04-05 22:58:14,759] {spark_submit.py:488} INFO - optional int32 last_editor_user_id;
[2022-04-05 22:58:14,759] {spark_submit.py:488} INFO - optional binary owner_display_name (STRING);
[2022-04-05 22:58:14,759] {spark_submit.py:488} INFO - optional int32 owner_user_id;
[2022-04-05 22:58:14,772] {spark_submit.py:488} INFO - optional int32 parent_id;
[2022-04-05 22:58:14,773] {spark_submit.py:488} INFO - optional int32 post_type_id;
[2022-04-05 22:58:14,773] {spark_submit.py:488} INFO - optional int32 score;
[2022-04-05 22:58:14,773] {spark_submit.py:488} INFO - optional binary tags (STRING);
[2022-04-05 22:58:14,773] {spark_submit.py:488} INFO - optional int32 view_count;
[2022-04-05 22:58:14,774] {spark_submit.py:488} INFO - optional int96 group_by_date;
[2022-04-05 22:58:14,774] {spark_submit.py:488} INFO - }
[2022-04-05 22:58:14,774] {spark_submit.py:488} INFO - 
[2022-04-05 22:58:14,774] {spark_submit.py:488} INFO - 
[2022-04-05 22:58:16,277] {spark_submit.py:488} INFO - 22/04/05 22:58:16 INFO CodecPool: Got brand-new compressor [.snappy]
[2022-04-05 22:58:16,284] {spark_submit.py:488} INFO - 22/04/05 22:58:16 INFO CodecPool: Got brand-new compressor [.snappy]
[2022-04-05 22:58:16,284] {spark_submit.py:488} INFO - 22/04/05 22:58:16 INFO CodecPool: Got brand-new compressor [.snappy]
[2022-04-05 22:58:16,285] {spark_submit.py:488} INFO - 22/04/05 22:58:16 INFO CodecPool: Got brand-new compressor [.snappy]
[2022-04-05 22:58:29,157] {spark_submit.py:488} INFO - 22/04/05 22:58:29 INFO GoogleCloudStorageFileSystem: Successfully repaired 'gs://dtc_data_lake_de-stack-overflow/BigQuery/posts_answers-2009-10/_temporary/0/_temporary/' directory.
[2022-04-05 22:58:29,157] {spark_submit.py:488} INFO - 22/04/05 22:58:29 INFO FileOutputCommitter: Saved output of task 'attempt_202204052258117397208732388813343_0003_m_000002_7' to gs://dtc_data_lake_de-stack-overflow/BigQuery/posts_answers-2009-10/_temporary/0/task_202204052258117397208732388813343_0003_m_000002
[2022-04-05 22:58:29,223] {spark_submit.py:488} INFO - 22/04/05 22:58:29 INFO GoogleCloudStorageImpl: Ignoring exception of type GoogleJsonResponseException; verified object already exists with desired state.
[2022-04-05 22:58:29,228] {spark_submit.py:488} INFO - 22/04/05 22:58:29 INFO SparkHadoopMapRedUtil: attempt_202204052258117397208732388813343_0003_m_000002_7: Committed
[2022-04-05 22:58:29,231] {spark_submit.py:488} INFO - 22/04/05 22:58:29 INFO GoogleCloudStorageFileSystem: Successfully repaired 'gs://dtc_data_lake_de-stack-overflow/BigQuery/posts_answers-2009-10/_temporary/0/_temporary/' directory.
[2022-04-05 22:58:29,232] {spark_submit.py:488} INFO - 22/04/05 22:58:29 INFO FileOutputCommitter: Saved output of task 'attempt_202204052258117575330419510241640_0003_m_000003_8' to gs://dtc_data_lake_de-stack-overflow/BigQuery/posts_answers-2009-10/_temporary/0/task_202204052258117575330419510241640_0003_m_000003
[2022-04-05 22:58:29,232] {spark_submit.py:488} INFO - 22/04/05 22:58:29 INFO GoogleCloudStorageImpl: Ignoring exception of type GoogleJsonResponseException; verified object already exists with desired state.
[2022-04-05 22:58:29,232] {spark_submit.py:488} INFO - 22/04/05 22:58:29 INFO GoogleCloudStorageFileSystem: Successfully repaired 'gs://dtc_data_lake_de-stack-overflow/BigQuery/posts_answers-2009-10/_temporary/0/_temporary/' directory.
[2022-04-05 22:58:29,232] {spark_submit.py:488} INFO - 22/04/05 22:58:29 INFO FileOutputCommitter: Saved output of task 'attempt_202204052258114804739823185070259_0003_m_000001_6' to gs://dtc_data_lake_de-stack-overflow/BigQuery/posts_answers-2009-10/_temporary/0/task_202204052258114804739823185070259_0003_m_000001
[2022-04-05 22:58:29,232] {spark_submit.py:488} INFO - 22/04/05 22:58:29 INFO GoogleCloudStorageImpl: Ignoring exception of type GoogleJsonResponseException; verified object already exists with desired state.
[2022-04-05 22:58:29,232] {spark_submit.py:488} INFO - 22/04/05 22:58:29 INFO GoogleCloudStorageFileSystem: Successfully repaired 'gs://dtc_data_lake_de-stack-overflow/BigQuery/posts_answers-2009-10/_temporary/0/_temporary/' directory.
[2022-04-05 22:58:29,232] {spark_submit.py:488} INFO - 22/04/05 22:58:29 INFO FileOutputCommitter: Saved output of task 'attempt_20220405225811525096047297631893_0003_m_000000_5' to gs://dtc_data_lake_de-stack-overflow/BigQuery/posts_answers-2009-10/_temporary/0/task_20220405225811525096047297631893_0003_m_000000
[2022-04-05 22:58:29,243] {spark_submit.py:488} INFO - 22/04/05 22:58:29 INFO SparkHadoopMapRedUtil: attempt_202204052258117575330419510241640_0003_m_000003_8: Committed
[2022-04-05 22:58:29,243] {spark_submit.py:488} INFO - 22/04/05 22:58:29 INFO SparkHadoopMapRedUtil: attempt_202204052258114804739823185070259_0003_m_000001_6: Committed
[2022-04-05 22:58:29,243] {spark_submit.py:488} INFO - 22/04/05 22:58:29 INFO SparkHadoopMapRedUtil: attempt_20220405225811525096047297631893_0003_m_000000_5: Committed
[2022-04-05 22:58:29,259] {spark_submit.py:488} INFO - 22/04/05 22:58:29 INFO Executor: Finished task 2.0 in stage 3.0 (TID 7). 3526 bytes result sent to driver
[2022-04-05 22:58:29,268] {spark_submit.py:488} INFO - 22/04/05 22:58:29 INFO TaskSetManager: Finished task 2.0 in stage 3.0 (TID 7) in 16298 ms on 9fe4286b2855 (executor driver) (1/4)
[2022-04-05 22:58:29,268] {spark_submit.py:488} INFO - 22/04/05 22:58:29 INFO Executor: Finished task 3.0 in stage 3.0 (TID 8). 3526 bytes result sent to driver
[2022-04-05 22:58:29,268] {spark_submit.py:488} INFO - 22/04/05 22:58:29 INFO TaskSetManager: Finished task 3.0 in stage 3.0 (TID 8) in 16302 ms on 9fe4286b2855 (executor driver) (2/4)
[2022-04-05 22:58:29,272] {spark_submit.py:488} INFO - 22/04/05 22:58:29 INFO Executor: Finished task 1.0 in stage 3.0 (TID 6). 3526 bytes result sent to driver
[2022-04-05 22:58:29,276] {spark_submit.py:488} INFO - 22/04/05 22:58:29 INFO Executor: Finished task 0.0 in stage 3.0 (TID 5). 3526 bytes result sent to driver
[2022-04-05 22:58:29,278] {spark_submit.py:488} INFO - 22/04/05 22:58:29 INFO TaskSetManager: Finished task 1.0 in stage 3.0 (TID 6) in 16314 ms on 9fe4286b2855 (executor driver) (3/4)
[2022-04-05 22:58:29,279] {spark_submit.py:488} INFO - 22/04/05 22:58:29 INFO TaskSetManager: Finished task 0.0 in stage 3.0 (TID 5) in 16318 ms on 9fe4286b2855 (executor driver) (4/4)
[2022-04-05 22:58:29,284] {spark_submit.py:488} INFO - 22/04/05 22:58:29 INFO TaskSchedulerImpl: Removed TaskSet 3.0, whose tasks have all completed, from pool
[2022-04-05 22:58:29,287] {spark_submit.py:488} INFO - 22/04/05 22:58:29 INFO DAGScheduler: ResultStage 3 (save at NativeMethodAccessorImpl.java:0) finished in 16.891 s
[2022-04-05 22:58:29,287] {spark_submit.py:488} INFO - 22/04/05 22:58:29 INFO DAGScheduler: Job 2 is finished. Cancelling potential speculative or zombie tasks for this job
[2022-04-05 22:58:29,287] {spark_submit.py:488} INFO - 22/04/05 22:58:29 INFO TaskSchedulerImpl: Killing all running tasks in stage 3: Stage finished
[2022-04-05 22:58:29,287] {spark_submit.py:488} INFO - 22/04/05 22:58:29 INFO DAGScheduler: Job 2 finished: save at NativeMethodAccessorImpl.java:0, took 17.015775 s
[2022-04-05 22:58:29,289] {spark_submit.py:488} INFO - 22/04/05 22:58:29 INFO FileFormatWriter: Start to commit write Job f4aa6996-98c9-4fb9-b1ef-34222280e273.
[2022-04-05 22:58:29,652] {spark_submit.py:488} INFO - 22/04/05 22:58:29 INFO GoogleCloudStorageFileSystem: Successfully repaired 'gs://dtc_data_lake_de-stack-overflow/BigQuery/posts_answers-2009-10/_temporary/0/task_20220405225811525096047297631893_0003_m_000000/' directory.
[2022-04-05 22:58:30,018] {spark_submit.py:488} INFO - 22/04/05 22:58:30 INFO GoogleCloudStorageFileSystem: Successfully repaired 'gs://dtc_data_lake_de-stack-overflow/BigQuery/posts_answers-2009-10/_temporary/0/task_202204052258114804739823185070259_0003_m_000001/' directory.
[2022-04-05 22:58:30,403] {spark_submit.py:488} INFO - 22/04/05 22:58:30 INFO GoogleCloudStorageFileSystem: Successfully repaired 'gs://dtc_data_lake_de-stack-overflow/BigQuery/posts_answers-2009-10/_temporary/0/task_202204052258117397208732388813343_0003_m_000002/' directory.
[2022-04-05 22:58:30,816] {spark_submit.py:488} INFO - 22/04/05 22:58:30 INFO GoogleCloudStorageFileSystem: Successfully repaired 'gs://dtc_data_lake_de-stack-overflow/BigQuery/posts_answers-2009-10/_temporary/0/task_202204052258117575330419510241640_0003_m_000003/' directory.
[2022-04-05 22:58:31,194] {spark_submit.py:488} INFO - 22/04/05 22:58:31 INFO GoogleCloudStorageFileSystem: Successfully repaired 'gs://dtc_data_lake_de-stack-overflow/BigQuery/posts_answers-2009-10/' directory.
[2022-04-05 22:58:31,883] {spark_submit.py:488} INFO - 22/04/05 22:58:31 INFO FileFormatWriter: Write Job f4aa6996-98c9-4fb9-b1ef-34222280e273 committed. Elapsed time: 2592 ms.
[2022-04-05 22:58:31,896] {spark_submit.py:488} INFO - 22/04/05 22:58:31 INFO FileFormatWriter: Finished processing stats for write job f4aa6996-98c9-4fb9-b1ef-34222280e273.
[2022-04-05 22:58:32,844] {spark_submit.py:488} INFO - 22/04/05 22:58:32 INFO SparkContext: Invoking stop() from shutdown hook
[2022-04-05 22:58:32,965] {spark_submit.py:488} INFO - 22/04/05 22:58:32 INFO SparkUI: Stopped Spark web UI at http://9fe4286b2855:4047
[2022-04-05 22:58:33,090] {spark_submit.py:488} INFO - 22/04/05 22:58:33 INFO MapOutputTrackerMasterEndpoint: MapOutputTrackerMasterEndpoint stopped!
[2022-04-05 22:58:33,495] {spark_submit.py:488} INFO - 22/04/05 22:58:33 INFO MemoryStore: MemoryStore cleared
[2022-04-05 22:58:33,496] {spark_submit.py:488} INFO - 22/04/05 22:58:33 INFO BlockManager: BlockManager stopped
[2022-04-05 22:58:33,503] {spark_submit.py:488} INFO - 22/04/05 22:58:33 INFO BlockManagerMaster: BlockManagerMaster stopped
[2022-04-05 22:58:33,508] {spark_submit.py:488} INFO - 22/04/05 22:58:33 INFO OutputCommitCoordinator$OutputCommitCoordinatorEndpoint: OutputCommitCoordinator stopped!
[2022-04-05 22:58:33,794] {spark_submit.py:488} INFO - 22/04/05 22:58:33 INFO SparkContext: Successfully stopped SparkContext
[2022-04-05 22:58:33,794] {spark_submit.py:488} INFO - 22/04/05 22:58:33 INFO ShutdownHookManager: Shutdown hook called
[2022-04-05 22:58:33,794] {spark_submit.py:488} INFO - 22/04/05 22:58:33 INFO ShutdownHookManager: Deleting directory /tmp/spark-c331049d-3a0b-4b92-ae19-b39c4b24c4b5
[2022-04-05 22:58:33,831] {spark_submit.py:488} INFO - 22/04/05 22:58:33 INFO ShutdownHookManager: Deleting directory /tmp/spark-7408f880-1a04-435f-8466-86f9e4cb4788
[2022-04-05 22:58:33,885] {spark_submit.py:488} INFO - 22/04/05 22:58:33 INFO ShutdownHookManager: Deleting directory /tmp/spark-7408f880-1a04-435f-8466-86f9e4cb4788/pyspark-ec6623b9-5eae-41da-8a94-b1d723c27df1
[2022-04-05 22:58:35,801] {taskinstance.py:1288} INFO - Marking task as SUCCESS. dag_id=IngestToGCP, task_id=processing_tasks_posts_answers.spark_job, execution_date=20091001T000000, start_date=20220405T225401, end_date=20220405T225835
[2022-04-05 22:58:36,176] {local_task_job.py:154} INFO - Task exited with return code 0
[2022-04-05 22:58:36,305] {local_task_job.py:264} INFO - 1 downstream tasks scheduled from follow-on schedule check
