[2022-04-05 22:55:39,323] {taskinstance.py:1043} INFO - Dependencies all met for <TaskInstance: IngestToGCP.processing_tasks_users.remove_users_csv scheduled__2009-12-01T00:00:00+00:00 [queued]>
[2022-04-05 22:55:39,540] {taskinstance.py:1043} INFO - Dependencies all met for <TaskInstance: IngestToGCP.processing_tasks_users.remove_users_csv scheduled__2009-12-01T00:00:00+00:00 [queued]>
[2022-04-05 22:55:39,540] {taskinstance.py:1249} INFO - 
--------------------------------------------------------------------------------
[2022-04-05 22:55:39,540] {taskinstance.py:1250} INFO - Starting attempt 1 of 1
[2022-04-05 22:55:39,541] {taskinstance.py:1251} INFO - 
--------------------------------------------------------------------------------
[2022-04-05 22:55:39,747] {taskinstance.py:1270} INFO - Executing <Task(BashOperator): processing_tasks_users.remove_users_csv> on 2009-12-01 00:00:00+00:00
[2022-04-05 22:55:39,782] {standard_task_runner.py:52} INFO - Started process 23020 to run task
[2022-04-05 22:55:39,933] {standard_task_runner.py:79} INFO - Running: ['***', 'tasks', 'run', 'IngestToGCP', 'processing_tasks_users.remove_users_csv', 'scheduled__2009-12-01T00:00:00+00:00', '--job-id', '8740', '--raw', '--subdir', 'DAGS_FOLDER/ingest_dag.py', '--cfg-path', '/tmp/tmpnkdyxl1n', '--error-file', '/tmp/tmpgg7i8jd8']
[2022-04-05 22:55:39,934] {standard_task_runner.py:80} INFO - Job 8740: Subtask processing_tasks_users.remove_users_csv
[2022-04-05 22:55:40,617] {logging_mixin.py:109} INFO - Running <TaskInstance: IngestToGCP.processing_tasks_users.remove_users_csv scheduled__2009-12-01T00:00:00+00:00 [running]> on host 9fe4286b2855
[2022-04-05 22:55:41,339] {logging_mixin.py:109} WARNING - /home/***/.local/lib/python3.7/site-packages/***/utils/context.py:156 AirflowContextDeprecationWarning: Accessing 'execution_date' from the template is deprecated and will be removed in a future version. Please use 'data_interval_start' or 'logical_date' instead.
[2022-04-05 22:55:41,922] {taskinstance.py:1448} INFO - Exporting the following env vars:
AIRFLOW_CTX_DAG_OWNER=***
AIRFLOW_CTX_DAG_ID=IngestToGCP
AIRFLOW_CTX_TASK_ID=processing_tasks_users.remove_users_csv
AIRFLOW_CTX_EXECUTION_DATE=2009-12-01T00:00:00+00:00
AIRFLOW_CTX_DAG_RUN_ID=scheduled__2009-12-01T00:00:00+00:00
[2022-04-05 22:55:41,923] {subprocess.py:62} INFO - Tmp dir root location: 
 /tmp
[2022-04-05 22:55:41,924] {subprocess.py:74} INFO - Running command: ['bash', '-c', 'rm /opt/***/users-2009-12.csv']
[2022-04-05 22:55:42,046] {subprocess.py:85} INFO - Output:
[2022-04-05 22:55:42,069] {subprocess.py:93} INFO - Command exited with return code 0
[2022-04-05 22:55:42,184] {taskinstance.py:1288} INFO - Marking task as SUCCESS. dag_id=IngestToGCP, task_id=processing_tasks_users.remove_users_csv, execution_date=20091201T000000, start_date=20220405T225539, end_date=20220405T225542
[2022-04-05 22:55:42,439] {local_task_job.py:154} INFO - Task exited with return code 0
[2022-04-05 22:55:42,884] {local_task_job.py:264} INFO - 1 downstream tasks scheduled from follow-on schedule check
