[2022-04-06 02:22:41,528] {taskinstance.py:1043} INFO - Dependencies all met for <TaskInstance: IngestToGCP.processing_tasks_posts_questions.ingest_posts_questions_to_bucket scheduled__2017-12-01T00:00:00+00:00 [queued]>
[2022-04-06 02:22:41,690] {taskinstance.py:1043} INFO - Dependencies all met for <TaskInstance: IngestToGCP.processing_tasks_posts_questions.ingest_posts_questions_to_bucket scheduled__2017-12-01T00:00:00+00:00 [queued]>
[2022-04-06 02:22:41,691] {taskinstance.py:1249} INFO - 
--------------------------------------------------------------------------------
[2022-04-06 02:22:41,691] {taskinstance.py:1250} INFO - Starting attempt 1 of 1
[2022-04-06 02:22:41,691] {taskinstance.py:1251} INFO - 
--------------------------------------------------------------------------------
[2022-04-06 02:22:41,796] {taskinstance.py:1270} INFO - Executing <Task(PythonOperator): processing_tasks_posts_questions.ingest_posts_questions_to_bucket> on 2017-12-01 00:00:00+00:00
[2022-04-06 02:22:41,942] {standard_task_runner.py:52} INFO - Started process 170719 to run task
[2022-04-06 02:22:42,003] {standard_task_runner.py:79} INFO - Running: ['***', 'tasks', 'run', 'IngestToGCP', 'processing_tasks_posts_questions.ingest_posts_questions_to_bucket', 'scheduled__2017-12-01T00:00:00+00:00', '--job-id', '11065', '--raw', '--subdir', 'DAGS_FOLDER/ingest_dag.py', '--cfg-path', '/tmp/tmp3m_y55xx', '--error-file', '/tmp/tmp4i7zczg0']
[2022-04-06 02:22:42,013] {standard_task_runner.py:80} INFO - Job 11065: Subtask processing_tasks_posts_questions.ingest_posts_questions_to_bucket
[2022-04-06 02:22:42,483] {logging_mixin.py:109} INFO - Running <TaskInstance: IngestToGCP.processing_tasks_posts_questions.ingest_posts_questions_to_bucket scheduled__2017-12-01T00:00:00+00:00 [running]> on host 9fe4286b2855
[2022-04-06 02:22:42,867] {logging_mixin.py:109} WARNING - /home/***/.local/lib/python3.7/site-packages/***/utils/context.py:156 AirflowContextDeprecationWarning: Accessing 'execution_date' from the template is deprecated and will be removed in a future version. Please use 'data_interval_start' or 'logical_date' instead.
[2022-04-06 02:22:42,992] {taskinstance.py:1448} INFO - Exporting the following env vars:
AIRFLOW_CTX_DAG_OWNER=***
AIRFLOW_CTX_DAG_ID=IngestToGCP
AIRFLOW_CTX_TASK_ID=processing_tasks_posts_questions.ingest_posts_questions_to_bucket
AIRFLOW_CTX_EXECUTION_DATE=2017-12-01T00:00:00+00:00
AIRFLOW_CTX_DAG_RUN_ID=scheduled__2017-12-01T00:00:00+00:00
[2022-04-06 02:22:47,990] {python.py:175} INFO - Done. Returned value was: None
[2022-04-06 02:22:53,357] {taskinstance.py:1288} INFO - Marking task as SUCCESS. dag_id=IngestToGCP, task_id=processing_tasks_posts_questions.ingest_posts_questions_to_bucket, execution_date=20171201T000000, start_date=20220406T022241, end_date=20220406T022253
[2022-04-06 02:22:54,371] {local_task_job.py:154} INFO - Task exited with return code 0
[2022-04-06 02:22:56,042] {local_task_job.py:264} INFO - 1 downstream tasks scheduled from follow-on schedule check
