[2022-04-05 23:42:50,525] {taskinstance.py:1043} INFO - Dependencies all met for <TaskInstance: IngestToGCP.processing_tasks_posts_questions.spark_job scheduled__2011-12-01T00:00:00+00:00 [queued]>
[2022-04-05 23:42:50,945] {taskinstance.py:1043} INFO - Dependencies all met for <TaskInstance: IngestToGCP.processing_tasks_posts_questions.spark_job scheduled__2011-12-01T00:00:00+00:00 [queued]>
[2022-04-05 23:42:50,964] {taskinstance.py:1249} INFO - 
--------------------------------------------------------------------------------
[2022-04-05 23:42:50,964] {taskinstance.py:1250} INFO - Starting attempt 1 of 1
[2022-04-05 23:42:50,964] {taskinstance.py:1251} INFO - 
--------------------------------------------------------------------------------
[2022-04-05 23:42:51,236] {taskinstance.py:1270} INFO - Executing <Task(SparkSubmitOperator): processing_tasks_posts_questions.spark_job> on 2011-12-01 00:00:00+00:00
[2022-04-05 23:42:51,382] {standard_task_runner.py:52} INFO - Started process 60649 to run task
[2022-04-05 23:42:51,474] {standard_task_runner.py:79} INFO - Running: ['***', 'tasks', 'run', 'IngestToGCP', 'processing_tasks_posts_questions.spark_job', 'scheduled__2011-12-01T00:00:00+00:00', '--job-id', '9337', '--raw', '--subdir', 'DAGS_FOLDER/ingest_dag.py', '--cfg-path', '/tmp/tmp7ny7be0c', '--error-file', '/tmp/tmp80zgunps']
[2022-04-05 23:42:51,475] {standard_task_runner.py:80} INFO - Job 9337: Subtask processing_tasks_posts_questions.spark_job
[2022-04-05 23:42:52,500] {logging_mixin.py:109} INFO - Running <TaskInstance: IngestToGCP.processing_tasks_posts_questions.spark_job scheduled__2011-12-01T00:00:00+00:00 [running]> on host 9fe4286b2855
[2022-04-05 23:42:53,569] {logging_mixin.py:109} WARNING - /home/***/.local/lib/python3.7/site-packages/***/utils/context.py:156 AirflowContextDeprecationWarning: Accessing 'execution_date' from the template is deprecated and will be removed in a future version. Please use 'data_interval_start' or 'logical_date' instead.
[2022-04-05 23:42:53,716] {taskinstance.py:1448} INFO - Exporting the following env vars:
AIRFLOW_CTX_DAG_OWNER=***
AIRFLOW_CTX_DAG_ID=IngestToGCP
AIRFLOW_CTX_TASK_ID=processing_tasks_posts_questions.spark_job
AIRFLOW_CTX_EXECUTION_DATE=2011-12-01T00:00:00+00:00
AIRFLOW_CTX_DAG_RUN_ID=scheduled__2011-12-01T00:00:00+00:00
[2022-04-05 23:42:53,792] {base.py:79} INFO - Using connection to: id: spark_project. Host: spark://spark, Port: 7077, Schema: , Login: , Password: None, extra: {'queue': 'root.default'}
[2022-04-05 23:42:53,794] {spark_submit.py:335} INFO - Spark-Submit cmd: spark-submit --master spark://spark:7077 --conf spark.master=local[*] --name format_schema --verbose --queue root.default ./dags/pyspark_parquet_transformation.py posts_questions 2011-12
[2022-04-05 23:43:14,840] {spark_submit.py:488} INFO - Using properties file: null
[2022-04-05 23:43:16,104] {spark_submit.py:488} INFO - WARNING: An illegal reflective access operation has occurred
[2022-04-05 23:43:16,104] {spark_submit.py:488} INFO - WARNING: Illegal reflective access by org.apache.spark.unsafe.Platform (file:/opt/***/spark/spark-3.2.1-bin-hadoop3.2/jars/spark-unsafe_2.12-3.2.1.jar) to constructor java.nio.DirectByteBuffer(long,int)
[2022-04-05 23:43:16,104] {spark_submit.py:488} INFO - WARNING: Please consider reporting this to the maintainers of org.apache.spark.unsafe.Platform
[2022-04-05 23:43:16,104] {spark_submit.py:488} INFO - WARNING: Use --illegal-access=warn to enable warnings of further illegal reflective access operations
[2022-04-05 23:43:16,104] {spark_submit.py:488} INFO - WARNING: All illegal access operations will be denied in a future release
[2022-04-05 23:43:17,293] {spark_submit.py:488} INFO - Parsed arguments:
[2022-04-05 23:43:17,293] {spark_submit.py:488} INFO - master                  spark://spark:7077
[2022-04-05 23:43:17,293] {spark_submit.py:488} INFO - deployMode              null
[2022-04-05 23:43:17,294] {spark_submit.py:488} INFO - executorMemory          null
[2022-04-05 23:43:17,294] {spark_submit.py:488} INFO - executorCores           null
[2022-04-05 23:43:17,294] {spark_submit.py:488} INFO - totalExecutorCores      null
[2022-04-05 23:43:17,294] {spark_submit.py:488} INFO - propertiesFile          null
[2022-04-05 23:43:17,294] {spark_submit.py:488} INFO - driverMemory            null
[2022-04-05 23:43:17,294] {spark_submit.py:488} INFO - driverCores             null
[2022-04-05 23:43:17,294] {spark_submit.py:488} INFO - driverExtraClassPath    null
[2022-04-05 23:43:17,294] {spark_submit.py:488} INFO - driverExtraLibraryPath  null
[2022-04-05 23:43:17,294] {spark_submit.py:488} INFO - driverExtraJavaOptions  null
[2022-04-05 23:43:17,294] {spark_submit.py:488} INFO - supervise               false
[2022-04-05 23:43:17,294] {spark_submit.py:488} INFO - queue                   root.default
[2022-04-05 23:43:17,294] {spark_submit.py:488} INFO - numExecutors            null
[2022-04-05 23:43:17,294] {spark_submit.py:488} INFO - files                   null
[2022-04-05 23:43:17,295] {spark_submit.py:488} INFO - pyFiles                 null
[2022-04-05 23:43:17,295] {spark_submit.py:488} INFO - archives                null
[2022-04-05 23:43:17,295] {spark_submit.py:488} INFO - mainClass               null
[2022-04-05 23:43:17,295] {spark_submit.py:488} INFO - primaryResource         file:/opt/***/dags/pyspark_parquet_transformation.py
[2022-04-05 23:43:17,295] {spark_submit.py:488} INFO - name                    format_schema
[2022-04-05 23:43:17,295] {spark_submit.py:488} INFO - childArgs               [posts_questions 2011-12]
[2022-04-05 23:43:17,295] {spark_submit.py:488} INFO - jars                    null
[2022-04-05 23:43:17,295] {spark_submit.py:488} INFO - packages                null
[2022-04-05 23:43:17,295] {spark_submit.py:488} INFO - packagesExclusions      null
[2022-04-05 23:43:17,295] {spark_submit.py:488} INFO - repositories            null
[2022-04-05 23:43:17,295] {spark_submit.py:488} INFO - verbose                 true
[2022-04-05 23:43:17,295] {spark_submit.py:488} INFO - 
[2022-04-05 23:43:17,295] {spark_submit.py:488} INFO - Spark properties used, including those specified through
[2022-04-05 23:43:17,296] {spark_submit.py:488} INFO - --conf and those from the properties file null:
[2022-04-05 23:43:17,296] {spark_submit.py:488} INFO - (spark.master,local[*])
[2022-04-05 23:43:17,296] {spark_submit.py:488} INFO - 
[2022-04-05 23:43:17,296] {spark_submit.py:488} INFO - 
[2022-04-05 23:43:21,140] {spark_submit.py:488} INFO - Main class:
[2022-04-05 23:43:21,148] {spark_submit.py:488} INFO - org.apache.spark.deploy.PythonRunner
[2022-04-05 23:43:21,149] {spark_submit.py:488} INFO - Arguments:
[2022-04-05 23:43:21,149] {spark_submit.py:488} INFO - file:/opt/***/dags/pyspark_parquet_transformation.py
[2022-04-05 23:43:21,149] {spark_submit.py:488} INFO - null
[2022-04-05 23:43:21,149] {spark_submit.py:488} INFO - posts_questions
[2022-04-05 23:43:21,157] {spark_submit.py:488} INFO - 2011-12
[2022-04-05 23:43:21,185] {spark_submit.py:488} INFO - Spark config:
[2022-04-05 23:43:21,185] {spark_submit.py:488} INFO - (spark.master,spark://spark:7077)
[2022-04-05 23:43:21,185] {spark_submit.py:488} INFO - (spark.submit.pyFiles,)
[2022-04-05 23:43:21,185] {spark_submit.py:488} INFO - (spark.submit.deployMode,client)
[2022-04-05 23:43:21,188] {spark_submit.py:488} INFO - (spark.app.name,format_schema)
[2022-04-05 23:43:21,190] {spark_submit.py:488} INFO - Classpath elements:
[2022-04-05 23:43:21,199] {spark_submit.py:488} INFO - 
[2022-04-05 23:43:21,205] {spark_submit.py:488} INFO - 
[2022-04-05 23:43:21,207] {spark_submit.py:488} INFO - 
[2022-04-05 23:43:32,344] {spark_submit.py:488} INFO - Using Spark's default log4j profile: org/apache/spark/log4j-defaults.properties
[2022-04-05 23:43:32,401] {spark_submit.py:488} INFO - 22/04/05 23:43:32 INFO SparkContext: Running Spark version 3.2.1
[2022-04-05 23:43:34,093] {spark_submit.py:488} INFO - 22/04/05 23:43:34 WARN NativeCodeLoader: Unable to load native-hadoop library for your platform... using builtin-java classes where applicable
[2022-04-05 23:43:35,936] {spark_submit.py:488} INFO - 22/04/05 23:43:35 INFO ResourceUtils: ==============================================================
[2022-04-05 23:43:35,937] {spark_submit.py:488} INFO - 22/04/05 23:43:35 INFO ResourceUtils: No custom resources configured for spark.driver.
[2022-04-05 23:43:35,938] {spark_submit.py:488} INFO - 22/04/05 23:43:35 INFO ResourceUtils: ==============================================================
[2022-04-05 23:43:35,971] {spark_submit.py:488} INFO - 22/04/05 23:43:35 INFO SparkContext: Submitted application: Modidy Schema
[2022-04-05 23:43:36,235] {spark_submit.py:488} INFO - 22/04/05 23:43:36 INFO ResourceProfile: Default ResourceProfile created, executor resources: Map(cores -> name: cores, amount: 1, script: , vendor: , memory -> name: memory, amount: 1024, script: , vendor: , offHeap -> name: offHeap, amount: 0, script: , vendor: ), task resources: Map(cpus -> name: cpus, amount: 1.0)
[2022-04-05 23:43:36,521] {spark_submit.py:488} INFO - 22/04/05 23:43:36 INFO ResourceProfile: Limiting resource is cpu
[2022-04-05 23:43:36,529] {spark_submit.py:488} INFO - 22/04/05 23:43:36 INFO ResourceProfileManager: Added ResourceProfile id: 0
[2022-04-05 23:43:37,526] {spark_submit.py:488} INFO - 22/04/05 23:43:37 INFO SecurityManager: Changing view acls to: default
[2022-04-05 23:43:37,540] {spark_submit.py:488} INFO - 22/04/05 23:43:37 INFO SecurityManager: Changing modify acls to: default
[2022-04-05 23:43:37,545] {spark_submit.py:488} INFO - 22/04/05 23:43:37 INFO SecurityManager: Changing view acls groups to:
[2022-04-05 23:43:37,547] {spark_submit.py:488} INFO - 22/04/05 23:43:37 INFO SecurityManager: Changing modify acls groups to:
[2022-04-05 23:43:37,551] {spark_submit.py:488} INFO - 22/04/05 23:43:37 INFO SecurityManager: SecurityManager: authentication disabled; ui acls disabled; users  with view permissions: Set(default); groups with view permissions: Set(); users  with modify permissions: Set(default); groups with modify permissions: Set()
[2022-04-05 23:43:43,174] {spark_submit.py:488} INFO - 22/04/05 23:43:43 INFO Utils: Successfully started service 'sparkDriver' on port 41407.
[2022-04-05 23:43:43,783] {spark_submit.py:488} INFO - 22/04/05 23:43:43 INFO SparkEnv: Registering MapOutputTracker
[2022-04-05 23:43:44,260] {spark_submit.py:488} INFO - 22/04/05 23:43:44 INFO SparkEnv: Registering BlockManagerMaster
[2022-04-05 23:43:44,636] {spark_submit.py:488} INFO - 22/04/05 23:43:44 INFO BlockManagerMasterEndpoint: Using org.apache.spark.storage.DefaultTopologyMapper for getting topology information
[2022-04-05 23:43:44,655] {spark_submit.py:488} INFO - 22/04/05 23:43:44 INFO BlockManagerMasterEndpoint: BlockManagerMasterEndpoint up
[2022-04-05 23:43:44,743] {spark_submit.py:488} INFO - 22/04/05 23:43:44 INFO SparkEnv: Registering BlockManagerMasterHeartbeat
[2022-04-05 23:43:45,014] {spark_submit.py:488} INFO - 22/04/05 23:43:45 INFO DiskBlockManager: Created local directory at /tmp/blockmgr-d5dcbe42-0f66-42cd-ac89-b87de1943bc4
[2022-04-05 23:43:45,478] {spark_submit.py:488} INFO - 22/04/05 23:43:45 INFO MemoryStore: MemoryStore started with capacity 434.4 MiB
[2022-04-05 23:43:45,680] {spark_submit.py:488} INFO - 22/04/05 23:43:45 INFO SparkEnv: Registering OutputCommitCoordinator
[2022-04-05 23:43:49,430] {spark_submit.py:488} INFO - 22/04/05 23:43:49 WARN Utils: Service 'SparkUI' could not bind on port 4040. Attempting port 4041.
[2022-04-05 23:43:49,436] {spark_submit.py:488} INFO - 22/04/05 23:43:49 WARN Utils: Service 'SparkUI' could not bind on port 4041. Attempting port 4042.
[2022-04-05 23:43:49,444] {spark_submit.py:488} INFO - 22/04/05 23:43:49 WARN Utils: Service 'SparkUI' could not bind on port 4042. Attempting port 4043.
[2022-04-05 23:43:49,445] {spark_submit.py:488} INFO - 22/04/05 23:43:49 WARN Utils: Service 'SparkUI' could not bind on port 4043. Attempting port 4044.
[2022-04-05 23:43:49,447] {spark_submit.py:488} INFO - 22/04/05 23:43:49 WARN Utils: Service 'SparkUI' could not bind on port 4044. Attempting port 4045.
[2022-04-05 23:43:49,556] {spark_submit.py:488} INFO - 22/04/05 23:43:49 INFO Utils: Successfully started service 'SparkUI' on port 4045.
[2022-04-05 23:43:50,828] {spark_submit.py:488} INFO - 22/04/05 23:43:50 INFO SparkUI: Bound SparkUI to 0.0.0.0, and started at http://9fe4286b2855:4045
[2022-04-05 23:43:53,008] {spark_submit.py:488} INFO - 22/04/05 23:43:52 INFO Executor: Starting executor ID driver on host 9fe4286b2855
[2022-04-05 23:43:53,576] {spark_submit.py:488} INFO - 22/04/05 23:43:53 INFO Utils: Successfully started service 'org.apache.spark.network.netty.NettyBlockTransferService' on port 43195.
[2022-04-05 23:43:53,577] {spark_submit.py:488} INFO - 22/04/05 23:43:53 INFO NettyBlockTransferService: Server created on 9fe4286b2855:43195
[2022-04-05 23:43:53,581] {spark_submit.py:488} INFO - 22/04/05 23:43:53 INFO BlockManager: Using org.apache.spark.storage.RandomBlockReplicationPolicy for block replication policy
[2022-04-05 23:43:53,749] {spark_submit.py:488} INFO - 22/04/05 23:43:53 INFO BlockManagerMaster: Registering BlockManager BlockManagerId(driver, 9fe4286b2855, 43195, None)
[2022-04-05 23:43:53,766] {spark_submit.py:488} INFO - 22/04/05 23:43:53 INFO BlockManagerMasterEndpoint: Registering block manager 9fe4286b2855:43195 with 434.4 MiB RAM, BlockManagerId(driver, 9fe4286b2855, 43195, None)
[2022-04-05 23:43:53,787] {spark_submit.py:488} INFO - 22/04/05 23:43:53 INFO BlockManagerMaster: Registered BlockManager BlockManagerId(driver, 9fe4286b2855, 43195, None)
[2022-04-05 23:43:53,811] {spark_submit.py:488} INFO - 22/04/05 23:43:53 INFO BlockManager: Initialized BlockManager: BlockManagerId(driver, 9fe4286b2855, 43195, None)
[2022-04-05 23:44:06,830] {spark_submit.py:488} INFO - 22/04/05 23:44:06 INFO SharedState: Setting hive.metastore.warehouse.dir ('null') to the value of spark.sql.warehouse.dir.
[2022-04-05 23:44:07,208] {spark_submit.py:488} INFO - 22/04/05 23:44:07 INFO SharedState: Warehouse path is 'file:/opt/***/spark-warehouse'.
[2022-04-05 23:44:34,065] {spark_submit.py:488} INFO - 22/04/05 23:44:34 INFO InMemoryFileIndex: It took 1064 ms to list leaf files for 1 paths.
[2022-04-05 23:44:45,624] {spark_submit.py:488} INFO - 22/04/05 23:44:45 INFO SparkContext: Starting job: parquet at NativeMethodAccessorImpl.java:0
[2022-04-05 23:44:45,948] {spark_submit.py:488} INFO - 22/04/05 23:44:45 INFO DAGScheduler: Got job 0 (parquet at NativeMethodAccessorImpl.java:0) with 1 output partitions
[2022-04-05 23:44:45,949] {spark_submit.py:488} INFO - 22/04/05 23:44:45 INFO DAGScheduler: Final stage: ResultStage 0 (parquet at NativeMethodAccessorImpl.java:0)
[2022-04-05 23:44:45,949] {spark_submit.py:488} INFO - 22/04/05 23:44:45 INFO DAGScheduler: Parents of final stage: List()
[2022-04-05 23:44:46,045] {spark_submit.py:488} INFO - 22/04/05 23:44:46 INFO DAGScheduler: Missing parents: List()
[2022-04-05 23:44:46,181] {spark_submit.py:488} INFO - 22/04/05 23:44:46 INFO DAGScheduler: Submitting ResultStage 0 (MapPartitionsRDD[1] at parquet at NativeMethodAccessorImpl.java:0), which has no missing parents
[2022-04-05 23:44:48,035] {spark_submit.py:488} INFO - 22/04/05 23:44:48 INFO MemoryStore: Block broadcast_0 stored as values in memory (estimated size 100.1 KiB, free 434.3 MiB)
[2022-04-05 23:44:48,813] {spark_submit.py:488} INFO - 22/04/05 23:44:48 INFO MemoryStore: Block broadcast_0_piece0 stored as bytes in memory (estimated size 35.7 KiB, free 434.3 MiB)
[2022-04-05 23:44:48,818] {spark_submit.py:488} INFO - 22/04/05 23:44:48 INFO BlockManagerInfo: Added broadcast_0_piece0 in memory on 9fe4286b2855:43195 (size: 35.7 KiB, free: 434.4 MiB)
[2022-04-05 23:44:48,872] {spark_submit.py:488} INFO - 22/04/05 23:44:48 INFO SparkContext: Created broadcast 0 from broadcast at DAGScheduler.scala:1478
[2022-04-05 23:44:49,232] {spark_submit.py:488} INFO - 22/04/05 23:44:49 INFO DAGScheduler: Submitting 1 missing tasks from ResultStage 0 (MapPartitionsRDD[1] at parquet at NativeMethodAccessorImpl.java:0) (first 15 tasks are for partitions Vector(0))
[2022-04-05 23:44:49,273] {spark_submit.py:488} INFO - 22/04/05 23:44:49 INFO TaskSchedulerImpl: Adding task set 0.0 with 1 tasks resource profile 0
[2022-04-05 23:44:50,360] {spark_submit.py:488} INFO - 22/04/05 23:44:50 INFO TaskSetManager: Starting task 0.0 in stage 0.0 (TID 0) (9fe4286b2855, executor driver, partition 0, PROCESS_LOCAL, 4624 bytes) taskResourceAssignments Map()
[2022-04-05 23:44:50,642] {spark_submit.py:488} INFO - 22/04/05 23:44:50 INFO Executor: Running task 0.0 in stage 0.0 (TID 0)
[2022-04-05 23:44:58,941] {spark_submit.py:488} INFO - 22/04/05 23:44:58 INFO Executor: Finished task 0.0 in stage 0.0 (TID 0). 2452 bytes result sent to driver
[2022-04-05 23:44:59,112] {spark_submit.py:488} INFO - 22/04/05 23:44:59 INFO TaskSetManager: Finished task 0.0 in stage 0.0 (TID 0) in 9185 ms on 9fe4286b2855 (executor driver) (1/1)
[2022-04-05 23:44:59,138] {spark_submit.py:488} INFO - 22/04/05 23:44:59 INFO DAGScheduler: ResultStage 0 (parquet at NativeMethodAccessorImpl.java:0) finished in 12.616 s
[2022-04-05 23:44:59,205] {spark_submit.py:488} INFO - 22/04/05 23:44:59 INFO TaskSchedulerImpl: Removed TaskSet 0.0, whose tasks have all completed, from pool
[2022-04-05 23:44:59,217] {spark_submit.py:488} INFO - 22/04/05 23:44:59 INFO DAGScheduler: Job 0 is finished. Cancelling potential speculative or zombie tasks for this job
[2022-04-05 23:44:59,232] {spark_submit.py:488} INFO - 22/04/05 23:44:59 INFO TaskSchedulerImpl: Killing all running tasks in stage 0: Stage finished
[2022-04-05 23:44:59,265] {spark_submit.py:488} INFO - 22/04/05 23:44:59 INFO DAGScheduler: Job 0 finished: parquet at NativeMethodAccessorImpl.java:0, took 13.640352 s
[2022-04-05 23:45:09,965] {spark_submit.py:488} INFO - 22/04/05 23:45:09 INFO BlockManagerInfo: Removed broadcast_0_piece0 on 9fe4286b2855:43195 in memory (size: 35.7 KiB, free: 434.4 MiB)
[2022-04-05 23:45:56,989] {spark_submit.py:488} INFO - 22/04/05 23:45:56 INFO FileSourceStrategy: Pushed Filters:
[2022-04-05 23:45:57,013] {spark_submit.py:488} INFO - 22/04/05 23:45:57 INFO FileSourceStrategy: Post-Scan Filters:
[2022-04-05 23:45:57,043] {spark_submit.py:488} INFO - 22/04/05 23:45:57 INFO FileSourceStrategy: Output Data Schema: struct<id: bigint, title: string, body: string, accepted_answer_id: double, answer_count: bigint ... 19 more fields>
[2022-04-05 23:46:00,203] {spark_submit.py:488} INFO - 22/04/05 23:46:00 INFO ParquetFileFormat: Using default output committer for Parquet: org.apache.parquet.hadoop.ParquetOutputCommitter
[2022-04-05 23:46:00,690] {spark_submit.py:488} INFO - 22/04/05 23:46:00 INFO FileOutputCommitter: File Output Committer Algorithm version is 1
[2022-04-05 23:46:00,690] {spark_submit.py:488} INFO - 22/04/05 23:46:00 INFO FileOutputCommitter: FileOutputCommitter skip cleanup _temporary folders under output directory:false, ignore cleanup failures: false
[2022-04-05 23:46:00,714] {spark_submit.py:488} INFO - 22/04/05 23:46:00 INFO SQLHadoopMapReduceCommitProtocol: Using user defined output committer class org.apache.parquet.hadoop.ParquetOutputCommitter
[2022-04-05 23:46:00,715] {spark_submit.py:488} INFO - 22/04/05 23:46:00 INFO FileOutputCommitter: File Output Committer Algorithm version is 1
[2022-04-05 23:46:00,715] {spark_submit.py:488} INFO - 22/04/05 23:46:00 INFO FileOutputCommitter: FileOutputCommitter skip cleanup _temporary folders under output directory:false, ignore cleanup failures: false
[2022-04-05 23:46:00,718] {spark_submit.py:488} INFO - 22/04/05 23:46:00 INFO SQLHadoopMapReduceCommitProtocol: Using output committer class org.apache.parquet.hadoop.ParquetOutputCommitter
[2022-04-05 23:46:10,630] {spark_submit.py:488} INFO - 22/04/05 23:46:10 INFO CodeGenerator: Code generated in 5304.042896 ms
[2022-04-05 23:46:11,022] {spark_submit.py:488} INFO - 22/04/05 23:46:11 INFO MemoryStore: Block broadcast_1 stored as values in memory (estimated size 194.3 KiB, free 434.2 MiB)
[2022-04-05 23:46:11,173] {spark_submit.py:488} INFO - 22/04/05 23:46:11 INFO MemoryStore: Block broadcast_1_piece0 stored as bytes in memory (estimated size 34.3 KiB, free 434.2 MiB)
[2022-04-05 23:46:11,192] {spark_submit.py:488} INFO - 22/04/05 23:46:11 INFO BlockManagerInfo: Added broadcast_1_piece0 in memory on 9fe4286b2855:43195 (size: 34.3 KiB, free: 434.4 MiB)
[2022-04-05 23:46:11,225] {spark_submit.py:488} INFO - 22/04/05 23:46:11 INFO SparkContext: Created broadcast 1 from save at NativeMethodAccessorImpl.java:0
[2022-04-05 23:46:11,355] {spark_submit.py:488} INFO - 22/04/05 23:46:11 INFO FileSourceScanExec: Planning scan with bin packing, max size: 17477973 bytes, open cost is considered as scanning 4194304 bytes.
[2022-04-05 23:46:12,498] {spark_submit.py:488} INFO - 22/04/05 23:46:12 INFO DAGScheduler: Registering RDD 6 (save at NativeMethodAccessorImpl.java:0) as input to shuffle 0
[2022-04-05 23:46:12,503] {spark_submit.py:488} INFO - 22/04/05 23:46:12 INFO DAGScheduler: Got map stage job 1 (save at NativeMethodAccessorImpl.java:0) with 4 output partitions
[2022-04-05 23:46:12,527] {spark_submit.py:488} INFO - 22/04/05 23:46:12 INFO DAGScheduler: Final stage: ShuffleMapStage 1 (save at NativeMethodAccessorImpl.java:0)
[2022-04-05 23:46:12,527] {spark_submit.py:488} INFO - 22/04/05 23:46:12 INFO DAGScheduler: Parents of final stage: List()
[2022-04-05 23:46:12,536] {spark_submit.py:488} INFO - 22/04/05 23:46:12 INFO DAGScheduler: Missing parents: List()
[2022-04-05 23:46:12,552] {spark_submit.py:488} INFO - 22/04/05 23:46:12 INFO DAGScheduler: Submitting ShuffleMapStage 1 (MapPartitionsRDD[6] at save at NativeMethodAccessorImpl.java:0), which has no missing parents
[2022-04-05 23:46:13,230] {spark_submit.py:488} INFO - 22/04/05 23:46:13 INFO MemoryStore: Block broadcast_2 stored as values in memory (estimated size 32.2 KiB, free 434.1 MiB)
[2022-04-05 23:46:13,317] {spark_submit.py:488} INFO - 22/04/05 23:46:13 INFO MemoryStore: Block broadcast_2_piece0 stored as bytes in memory (estimated size 10.4 KiB, free 434.1 MiB)
[2022-04-05 23:46:13,323] {spark_submit.py:488} INFO - 22/04/05 23:46:13 INFO BlockManagerInfo: Added broadcast_2_piece0 in memory on 9fe4286b2855:43195 (size: 10.4 KiB, free: 434.4 MiB)
[2022-04-05 23:46:13,325] {spark_submit.py:488} INFO - 22/04/05 23:46:13 INFO SparkContext: Created broadcast 2 from broadcast at DAGScheduler.scala:1478
[2022-04-05 23:46:13,354] {spark_submit.py:488} INFO - 22/04/05 23:46:13 INFO DAGScheduler: Submitting 4 missing tasks from ShuffleMapStage 1 (MapPartitionsRDD[6] at save at NativeMethodAccessorImpl.java:0) (first 15 tasks are for partitions Vector(0, 1, 2, 3))
[2022-04-05 23:46:13,356] {spark_submit.py:488} INFO - 22/04/05 23:46:13 INFO TaskSchedulerImpl: Adding task set 1.0 with 4 tasks resource profile 0
[2022-04-05 23:46:13,379] {spark_submit.py:488} INFO - 22/04/05 23:46:13 INFO TaskSetManager: Starting task 0.0 in stage 1.0 (TID 1) (9fe4286b2855, executor driver, partition 0, PROCESS_LOCAL, 4890 bytes) taskResourceAssignments Map()
[2022-04-05 23:46:13,384] {spark_submit.py:488} INFO - 22/04/05 23:46:13 INFO TaskSetManager: Starting task 1.0 in stage 1.0 (TID 2) (9fe4286b2855, executor driver, partition 1, PROCESS_LOCAL, 4890 bytes) taskResourceAssignments Map()
[2022-04-05 23:46:13,386] {spark_submit.py:488} INFO - 22/04/05 23:46:13 INFO TaskSetManager: Starting task 2.0 in stage 1.0 (TID 3) (9fe4286b2855, executor driver, partition 2, PROCESS_LOCAL, 4890 bytes) taskResourceAssignments Map()
[2022-04-05 23:46:13,404] {spark_submit.py:488} INFO - 22/04/05 23:46:13 INFO TaskSetManager: Starting task 3.0 in stage 1.0 (TID 4) (9fe4286b2855, executor driver, partition 3, PROCESS_LOCAL, 4890 bytes) taskResourceAssignments Map()
[2022-04-05 23:46:13,466] {spark_submit.py:488} INFO - 22/04/05 23:46:13 INFO Executor: Running task 0.0 in stage 1.0 (TID 1)
[2022-04-05 23:46:13,468] {spark_submit.py:488} INFO - 22/04/05 23:46:13 INFO Executor: Running task 1.0 in stage 1.0 (TID 2)
[2022-04-05 23:46:13,524] {spark_submit.py:488} INFO - 22/04/05 23:46:13 INFO Executor: Running task 3.0 in stage 1.0 (TID 4)
[2022-04-05 23:46:13,578] {spark_submit.py:488} INFO - 22/04/05 23:46:13 INFO Executor: Running task 2.0 in stage 1.0 (TID 3)
[2022-04-05 23:46:14,280] {spark_submit.py:488} INFO - 22/04/05 23:46:14 INFO FileScanRDD: Reading File path: gs://dtc_data_lake_de-stack-overflow/parquet/posts_questions-2011-12.parquet, range: 0-17477973, partition values: [empty row]
[2022-04-05 23:46:14,286] {spark_submit.py:488} INFO - 22/04/05 23:46:14 INFO FileScanRDD: Reading File path: gs://dtc_data_lake_de-stack-overflow/parquet/posts_questions-2011-12.parquet, range: 34955946-52433919, partition values: [empty row]
[2022-04-05 23:46:14,287] {spark_submit.py:488} INFO - 22/04/05 23:46:14 INFO FileScanRDD: Reading File path: gs://dtc_data_lake_de-stack-overflow/parquet/posts_questions-2011-12.parquet, range: 17477973-34955946, partition values: [empty row]
[2022-04-05 23:46:14,314] {spark_submit.py:488} INFO - 22/04/05 23:46:14 INFO FileScanRDD: Reading File path: gs://dtc_data_lake_de-stack-overflow/parquet/posts_questions-2011-12.parquet, range: 52433919-65717588, partition values: [empty row]
[2022-04-05 23:46:17,736] {spark_submit.py:488} INFO - 22/04/05 23:46:17 INFO Executor: Finished task 3.0 in stage 1.0 (TID 4). 1857 bytes result sent to driver
[2022-04-05 23:46:17,738] {spark_submit.py:488} INFO - 22/04/05 23:46:17 INFO Executor: Finished task 0.0 in stage 1.0 (TID 1). 1900 bytes result sent to driver
[2022-04-05 23:46:17,743] {spark_submit.py:488} INFO - 22/04/05 23:46:17 INFO Executor: Finished task 2.0 in stage 1.0 (TID 3). 1857 bytes result sent to driver
[2022-04-05 23:46:17,786] {spark_submit.py:488} INFO - 22/04/05 23:46:17 INFO TaskSetManager: Finished task 3.0 in stage 1.0 (TID 4) in 4394 ms on 9fe4286b2855 (executor driver) (1/4)
[2022-04-05 23:46:17,797] {spark_submit.py:488} INFO - 22/04/05 23:46:17 INFO TaskSetManager: Finished task 2.0 in stage 1.0 (TID 3) in 4412 ms on 9fe4286b2855 (executor driver) (2/4)
[2022-04-05 23:46:17,812] {spark_submit.py:488} INFO - 22/04/05 23:46:17 INFO TaskSetManager: Finished task 0.0 in stage 1.0 (TID 1) in 4441 ms on 9fe4286b2855 (executor driver) (3/4)
[2022-04-05 23:46:25,213] {spark_submit.py:488} INFO - 22/04/05 23:46:25 INFO CodecPool: Got brand-new decompressor [.snappy]
[2022-04-05 23:47:05,052] {spark_submit.py:488} INFO - 22/04/05 23:47:05 INFO Executor: Finished task 1.0 in stage 1.0 (TID 2). 2029 bytes result sent to driver
[2022-04-05 23:47:05,061] {spark_submit.py:488} INFO - 22/04/05 23:47:05 INFO TaskSetManager: Finished task 1.0 in stage 1.0 (TID 2) in 51675 ms on 9fe4286b2855 (executor driver) (4/4)
[2022-04-05 23:47:05,061] {spark_submit.py:488} INFO - 22/04/05 23:47:05 INFO TaskSchedulerImpl: Removed TaskSet 1.0, whose tasks have all completed, from pool
[2022-04-05 23:47:05,061] {spark_submit.py:488} INFO - 22/04/05 23:47:05 INFO DAGScheduler: ShuffleMapStage 1 (save at NativeMethodAccessorImpl.java:0) finished in 52.424 s
[2022-04-05 23:47:05,061] {spark_submit.py:488} INFO - 22/04/05 23:47:05 INFO DAGScheduler: looking for newly runnable stages
[2022-04-05 23:47:05,061] {spark_submit.py:488} INFO - 22/04/05 23:47:05 INFO DAGScheduler: running: Set()
[2022-04-05 23:47:05,061] {spark_submit.py:488} INFO - 22/04/05 23:47:05 INFO DAGScheduler: waiting: Set()
[2022-04-05 23:47:05,062] {spark_submit.py:488} INFO - 22/04/05 23:47:05 INFO DAGScheduler: failed: Set()
[2022-04-05 23:47:05,796] {spark_submit.py:488} INFO - 22/04/05 23:47:05 INFO SparkContext: Starting job: save at NativeMethodAccessorImpl.java:0
[2022-04-05 23:47:05,800] {spark_submit.py:488} INFO - 22/04/05 23:47:05 INFO DAGScheduler: Got job 2 (save at NativeMethodAccessorImpl.java:0) with 4 output partitions
[2022-04-05 23:47:05,800] {spark_submit.py:488} INFO - 22/04/05 23:47:05 INFO DAGScheduler: Final stage: ResultStage 3 (save at NativeMethodAccessorImpl.java:0)
[2022-04-05 23:47:05,800] {spark_submit.py:488} INFO - 22/04/05 23:47:05 INFO DAGScheduler: Parents of final stage: List(ShuffleMapStage 2)
[2022-04-05 23:47:05,808] {spark_submit.py:488} INFO - 22/04/05 23:47:05 INFO DAGScheduler: Missing parents: List()
[2022-04-05 23:47:05,808] {spark_submit.py:488} INFO - 22/04/05 23:47:05 INFO DAGScheduler: Submitting ResultStage 3 (ShuffledRowRDD[7] at save at NativeMethodAccessorImpl.java:0), which has no missing parents
[2022-04-05 23:47:06,389] {spark_submit.py:488} INFO - 22/04/05 23:47:06 INFO MemoryStore: Block broadcast_3 stored as values in memory (estimated size 204.2 KiB, free 433.9 MiB)
[2022-04-05 23:47:06,421] {spark_submit.py:488} INFO - 22/04/05 23:47:06 INFO MemoryStore: Block broadcast_3_piece0 stored as bytes in memory (estimated size 72.9 KiB, free 433.9 MiB)
[2022-04-05 23:47:06,424] {spark_submit.py:488} INFO - 22/04/05 23:47:06 INFO BlockManagerInfo: Added broadcast_3_piece0 in memory on 9fe4286b2855:43195 (size: 72.9 KiB, free: 434.3 MiB)
[2022-04-05 23:47:06,427] {spark_submit.py:488} INFO - 22/04/05 23:47:06 INFO SparkContext: Created broadcast 3 from broadcast at DAGScheduler.scala:1478
[2022-04-05 23:47:06,428] {spark_submit.py:488} INFO - 22/04/05 23:47:06 INFO DAGScheduler: Submitting 4 missing tasks from ResultStage 3 (ShuffledRowRDD[7] at save at NativeMethodAccessorImpl.java:0) (first 15 tasks are for partitions Vector(0, 1, 2, 3))
[2022-04-05 23:47:06,460] {spark_submit.py:488} INFO - 22/04/05 23:47:06 INFO TaskSchedulerImpl: Adding task set 3.0 with 4 tasks resource profile 0
[2022-04-05 23:47:06,527] {spark_submit.py:488} INFO - 22/04/05 23:47:06 INFO TaskSetManager: Starting task 0.0 in stage 3.0 (TID 5) (9fe4286b2855, executor driver, partition 0, NODE_LOCAL, 4453 bytes) taskResourceAssignments Map()
[2022-04-05 23:47:06,529] {spark_submit.py:488} INFO - 22/04/05 23:47:06 INFO TaskSetManager: Starting task 1.0 in stage 3.0 (TID 6) (9fe4286b2855, executor driver, partition 1, NODE_LOCAL, 4453 bytes) taskResourceAssignments Map()
[2022-04-05 23:47:06,530] {spark_submit.py:488} INFO - 22/04/05 23:47:06 INFO TaskSetManager: Starting task 2.0 in stage 3.0 (TID 7) (9fe4286b2855, executor driver, partition 2, NODE_LOCAL, 4453 bytes) taskResourceAssignments Map()
[2022-04-05 23:47:06,535] {spark_submit.py:488} INFO - 22/04/05 23:47:06 INFO TaskSetManager: Starting task 3.0 in stage 3.0 (TID 8) (9fe4286b2855, executor driver, partition 3, NODE_LOCAL, 4453 bytes) taskResourceAssignments Map()
[2022-04-05 23:47:06,542] {spark_submit.py:488} INFO - 22/04/05 23:47:06 INFO Executor: Running task 0.0 in stage 3.0 (TID 5)
[2022-04-05 23:47:06,568] {spark_submit.py:488} INFO - 22/04/05 23:47:06 INFO Executor: Running task 1.0 in stage 3.0 (TID 6)
[2022-04-05 23:47:06,584] {spark_submit.py:488} INFO - 22/04/05 23:47:06 INFO Executor: Running task 2.0 in stage 3.0 (TID 7)
[2022-04-05 23:47:06,588] {spark_submit.py:488} INFO - 22/04/05 23:47:06 INFO Executor: Running task 3.0 in stage 3.0 (TID 8)
[2022-04-05 23:47:07,204] {spark_submit.py:488} INFO - 22/04/05 23:47:07 INFO ShuffleBlockFetcherIterator: Getting 1 (18.4 MiB) non-empty blocks including 1 (18.4 MiB) local and 0 (0.0 B) host-local and 0 (0.0 B) push-merged-local and 0 (0.0 B) remote blocks
[2022-04-05 23:47:07,214] {spark_submit.py:488} INFO - 22/04/05 23:47:07 INFO ShuffleBlockFetcherIterator: Started 0 remote fetches in 42 ms
[2022-04-05 23:47:07,276] {spark_submit.py:488} INFO - 22/04/05 23:47:07 INFO ShuffleBlockFetcherIterator: Getting 1 (18.4 MiB) non-empty blocks including 1 (18.4 MiB) local and 0 (0.0 B) host-local and 0 (0.0 B) push-merged-local and 0 (0.0 B) remote blocks
[2022-04-05 23:47:07,276] {spark_submit.py:488} INFO - 22/04/05 23:47:07 INFO ShuffleBlockFetcherIterator: Started 0 remote fetches in 108 ms
[2022-04-05 23:47:07,276] {spark_submit.py:488} INFO - 22/04/05 23:47:07 INFO ShuffleBlockFetcherIterator: Getting 1 (18.4 MiB) non-empty blocks including 1 (18.4 MiB) local and 0 (0.0 B) host-local and 0 (0.0 B) push-merged-local and 0 (0.0 B) remote blocks
[2022-04-05 23:47:07,276] {spark_submit.py:488} INFO - 22/04/05 23:47:07 INFO ShuffleBlockFetcherIterator: Started 0 remote fetches in 103 ms
[2022-04-05 23:47:07,278] {spark_submit.py:488} INFO - 22/04/05 23:47:07 INFO ShuffleBlockFetcherIterator: Getting 1 (18.4 MiB) non-empty blocks including 1 (18.4 MiB) local and 0 (0.0 B) host-local and 0 (0.0 B) push-merged-local and 0 (0.0 B) remote blocks
[2022-04-05 23:47:07,278] {spark_submit.py:488} INFO - 22/04/05 23:47:07 INFO ShuffleBlockFetcherIterator: Started 0 remote fetches in 117 ms
[2022-04-05 23:47:07,297] {spark_submit.py:488} INFO - 22/04/05 23:47:07 INFO FileOutputCommitter: File Output Committer Algorithm version is 1
[2022-04-05 23:47:07,298] {spark_submit.py:488} INFO - 22/04/05 23:47:07 INFO FileOutputCommitter: FileOutputCommitter skip cleanup _temporary folders under output directory:false, ignore cleanup failures: false
[2022-04-05 23:47:07,300] {spark_submit.py:488} INFO - 22/04/05 23:47:07 INFO SQLHadoopMapReduceCommitProtocol: Using user defined output committer class org.apache.parquet.hadoop.ParquetOutputCommitter
[2022-04-05 23:47:07,302] {spark_submit.py:488} INFO - 22/04/05 23:47:07 INFO FileOutputCommitter: File Output Committer Algorithm version is 1
[2022-04-05 23:47:07,302] {spark_submit.py:488} INFO - 22/04/05 23:47:07 INFO FileOutputCommitter: FileOutputCommitter skip cleanup _temporary folders under output directory:false, ignore cleanup failures: false
[2022-04-05 23:47:07,304] {spark_submit.py:488} INFO - 22/04/05 23:47:07 INFO SQLHadoopMapReduceCommitProtocol: Using output committer class org.apache.parquet.hadoop.ParquetOutputCommitter
[2022-04-05 23:47:07,347] {spark_submit.py:488} INFO - 22/04/05 23:47:07 INFO FileOutputCommitter: File Output Committer Algorithm version is 1
[2022-04-05 23:47:07,347] {spark_submit.py:488} INFO - 22/04/05 23:47:07 INFO FileOutputCommitter: FileOutputCommitter skip cleanup _temporary folders under output directory:false, ignore cleanup failures: false
[2022-04-05 23:47:07,348] {spark_submit.py:488} INFO - 22/04/05 23:47:07 INFO FileOutputCommitter: File Output Committer Algorithm version is 1
[2022-04-05 23:47:07,348] {spark_submit.py:488} INFO - 22/04/05 23:47:07 INFO FileOutputCommitter: FileOutputCommitter skip cleanup _temporary folders under output directory:false, ignore cleanup failures: false
[2022-04-05 23:47:07,368] {spark_submit.py:488} INFO - 22/04/05 23:47:07 INFO FileOutputCommitter: File Output Committer Algorithm version is 1
[2022-04-05 23:47:07,368] {spark_submit.py:488} INFO - 22/04/05 23:47:07 INFO FileOutputCommitter: FileOutputCommitter skip cleanup _temporary folders under output directory:false, ignore cleanup failures: false
[2022-04-05 23:47:07,368] {spark_submit.py:488} INFO - 22/04/05 23:47:07 INFO SQLHadoopMapReduceCommitProtocol: Using user defined output committer class org.apache.parquet.hadoop.ParquetOutputCommitter
[2022-04-05 23:47:07,368] {spark_submit.py:488} INFO - 22/04/05 23:47:07 INFO FileOutputCommitter: File Output Committer Algorithm version is 1
[2022-04-05 23:47:07,371] {spark_submit.py:488} INFO - 22/04/05 23:47:07 INFO FileOutputCommitter: FileOutputCommitter skip cleanup _temporary folders under output directory:false, ignore cleanup failures: false
[2022-04-05 23:47:07,371] {spark_submit.py:488} INFO - 22/04/05 23:47:07 INFO SQLHadoopMapReduceCommitProtocol: Using output committer class org.apache.parquet.hadoop.ParquetOutputCommitter
[2022-04-05 23:47:07,376] {spark_submit.py:488} INFO - 22/04/05 23:47:07 INFO SQLHadoopMapReduceCommitProtocol: Using user defined output committer class org.apache.parquet.hadoop.ParquetOutputCommitter
[2022-04-05 23:47:07,377] {spark_submit.py:488} INFO - 22/04/05 23:47:07 INFO FileOutputCommitter: File Output Committer Algorithm version is 1
[2022-04-05 23:47:07,377] {spark_submit.py:488} INFO - 22/04/05 23:47:07 INFO FileOutputCommitter: FileOutputCommitter skip cleanup _temporary folders under output directory:false, ignore cleanup failures: false
[2022-04-05 23:47:07,377] {spark_submit.py:488} INFO - 22/04/05 23:47:07 INFO SQLHadoopMapReduceCommitProtocol: Using output committer class org.apache.parquet.hadoop.ParquetOutputCommitter
[2022-04-05 23:47:07,377] {spark_submit.py:488} INFO - 22/04/05 23:47:07 INFO SQLHadoopMapReduceCommitProtocol: Using user defined output committer class org.apache.parquet.hadoop.ParquetOutputCommitter
[2022-04-05 23:47:07,377] {spark_submit.py:488} INFO - 22/04/05 23:47:07 INFO FileOutputCommitter: File Output Committer Algorithm version is 1
[2022-04-05 23:47:07,378] {spark_submit.py:488} INFO - 22/04/05 23:47:07 INFO FileOutputCommitter: FileOutputCommitter skip cleanup _temporary folders under output directory:false, ignore cleanup failures: false
[2022-04-05 23:47:07,378] {spark_submit.py:488} INFO - 22/04/05 23:47:07 INFO SQLHadoopMapReduceCommitProtocol: Using output committer class org.apache.parquet.hadoop.ParquetOutputCommitter
[2022-04-05 23:47:07,456] {spark_submit.py:488} INFO - 22/04/05 23:47:07 INFO CodecConfig: Compression: SNAPPY
[2022-04-05 23:47:07,460] {spark_submit.py:488} INFO - 22/04/05 23:47:07 INFO CodecConfig: Compression: SNAPPY
[2022-04-05 23:47:07,464] {spark_submit.py:488} INFO - 22/04/05 23:47:07 INFO CodecConfig: Compression: SNAPPY
[2022-04-05 23:47:07,465] {spark_submit.py:488} INFO - 22/04/05 23:47:07 INFO CodecConfig: Compression: SNAPPY
[2022-04-05 23:47:07,466] {spark_submit.py:488} INFO - 22/04/05 23:47:07 INFO CodecConfig: Compression: SNAPPY
[2022-04-05 23:47:07,466] {spark_submit.py:488} INFO - 22/04/05 23:47:07 INFO CodecConfig: Compression: SNAPPY
[2022-04-05 23:47:07,466] {spark_submit.py:488} INFO - 22/04/05 23:47:07 INFO CodecConfig: Compression: SNAPPY
[2022-04-05 23:47:07,467] {spark_submit.py:488} INFO - 22/04/05 23:47:07 INFO CodecConfig: Compression: SNAPPY
[2022-04-05 23:47:07,696] {spark_submit.py:488} INFO - 22/04/05 23:47:07 INFO BlockManagerInfo: Removed broadcast_2_piece0 on 9fe4286b2855:43195 in memory (size: 10.4 KiB, free: 434.3 MiB)
[2022-04-05 23:47:07,781] {spark_submit.py:488} INFO - 22/04/05 23:47:07 INFO ParquetOutputFormat: Parquet block size to 134217728
[2022-04-05 23:47:07,781] {spark_submit.py:488} INFO - 22/04/05 23:47:07 INFO ParquetOutputFormat: Validation is off
[2022-04-05 23:47:07,782] {spark_submit.py:488} INFO - 22/04/05 23:47:07 INFO ParquetOutputFormat: Maximum row group padding size is 8388608 bytes
[2022-04-05 23:47:07,782] {spark_submit.py:488} INFO - 22/04/05 23:47:07 INFO ParquetOutputFormat: Parquet properties are:
[2022-04-05 23:47:07,782] {spark_submit.py:488} INFO - Parquet page size to 1048576
[2022-04-05 23:47:07,782] {spark_submit.py:488} INFO - Parquet dictionary page size to 1048576
[2022-04-05 23:47:07,782] {spark_submit.py:488} INFO - Dictionary is true
[2022-04-05 23:47:07,782] {spark_submit.py:488} INFO - Writer version is: PARQUET_1_0
[2022-04-05 23:47:07,782] {spark_submit.py:488} INFO - Page size checking is: estimated
[2022-04-05 23:47:07,782] {spark_submit.py:488} INFO - Min row count for page size check is: 100
[2022-04-05 23:47:07,782] {spark_submit.py:488} INFO - Max row count for page size check is: 10000
[2022-04-05 23:47:07,782] {spark_submit.py:488} INFO - Truncate length for column indexes is: 64
[2022-04-05 23:47:07,782] {spark_submit.py:488} INFO - Truncate length for statistics min/max  is: 2147483647
[2022-04-05 23:47:07,782] {spark_submit.py:488} INFO - Bloom filter enabled: false
[2022-04-05 23:47:07,783] {spark_submit.py:488} INFO - Max Bloom filter size for a column is 1048576
[2022-04-05 23:47:07,783] {spark_submit.py:488} INFO - Bloom filter expected number of distinct values are: null
[2022-04-05 23:47:07,783] {spark_submit.py:488} INFO - Page row count limit to 20000
[2022-04-05 23:47:07,783] {spark_submit.py:488} INFO - Writing page checksums is: on
[2022-04-05 23:47:07,791] {spark_submit.py:488} INFO - 22/04/05 23:47:07 INFO ParquetOutputFormat: Parquet block size to 134217728
[2022-04-05 23:47:07,791] {spark_submit.py:488} INFO - 22/04/05 23:47:07 INFO ParquetOutputFormat: Validation is off
[2022-04-05 23:47:07,791] {spark_submit.py:488} INFO - 22/04/05 23:47:07 INFO ParquetOutputFormat: Maximum row group padding size is 8388608 bytes
[2022-04-05 23:47:07,791] {spark_submit.py:488} INFO - 22/04/05 23:47:07 INFO ParquetOutputFormat: Parquet properties are:
[2022-04-05 23:47:07,792] {spark_submit.py:488} INFO - Parquet page size to 1048576
[2022-04-05 23:47:07,792] {spark_submit.py:488} INFO - Parquet dictionary page size to 1048576
[2022-04-05 23:47:07,792] {spark_submit.py:488} INFO - Dictionary is true
[2022-04-05 23:47:07,792] {spark_submit.py:488} INFO - Writer version is: PARQUET_1_0
[2022-04-05 23:47:07,792] {spark_submit.py:488} INFO - Page size checking is: estimated
[2022-04-05 23:47:07,792] {spark_submit.py:488} INFO - Min row count for page size check is: 100
[2022-04-05 23:47:07,792] {spark_submit.py:488} INFO - Max row count for page size check is: 10000
[2022-04-05 23:47:07,792] {spark_submit.py:488} INFO - Truncate length for column indexes is: 64
[2022-04-05 23:47:07,792] {spark_submit.py:488} INFO - Truncate length for statistics min/max  is: 2147483647
[2022-04-05 23:47:07,792] {spark_submit.py:488} INFO - Bloom filter enabled: false
[2022-04-05 23:47:07,792] {spark_submit.py:488} INFO - Max Bloom filter size for a column is 1048576
[2022-04-05 23:47:07,792] {spark_submit.py:488} INFO - Bloom filter expected number of distinct values are: null
[2022-04-05 23:47:07,792] {spark_submit.py:488} INFO - Page row count limit to 20000
[2022-04-05 23:47:07,793] {spark_submit.py:488} INFO - Writing page checksums is: on
[2022-04-05 23:47:07,793] {spark_submit.py:488} INFO - 22/04/05 23:47:07 INFO ParquetOutputFormat: Parquet block size to 134217728
[2022-04-05 23:47:07,793] {spark_submit.py:488} INFO - 22/04/05 23:47:07 INFO ParquetOutputFormat: Validation is off
[2022-04-05 23:47:07,793] {spark_submit.py:488} INFO - 22/04/05 23:47:07 INFO ParquetOutputFormat: Maximum row group padding size is 8388608 bytes
[2022-04-05 23:47:07,793] {spark_submit.py:488} INFO - 22/04/05 23:47:07 INFO ParquetOutputFormat: Parquet properties are:
[2022-04-05 23:47:07,794] {spark_submit.py:488} INFO - Parquet page size to 1048576
[2022-04-05 23:47:07,794] {spark_submit.py:488} INFO - Parquet dictionary page size to 1048576
[2022-04-05 23:47:07,794] {spark_submit.py:488} INFO - Dictionary is true
[2022-04-05 23:47:07,794] {spark_submit.py:488} INFO - Writer version is: PARQUET_1_0
[2022-04-05 23:47:07,794] {spark_submit.py:488} INFO - Page size checking is: estimated
[2022-04-05 23:47:07,794] {spark_submit.py:488} INFO - Min row count for page size check is: 100
[2022-04-05 23:47:07,794] {spark_submit.py:488} INFO - Max row count for page size check is: 10000
[2022-04-05 23:47:07,794] {spark_submit.py:488} INFO - Truncate length for column indexes is: 64
[2022-04-05 23:47:07,794] {spark_submit.py:488} INFO - Truncate length for statistics min/max  is: 2147483647
[2022-04-05 23:47:07,794] {spark_submit.py:488} INFO - Bloom filter enabled: false
[2022-04-05 23:47:07,794] {spark_submit.py:488} INFO - Max Bloom filter size for a column is 1048576
[2022-04-05 23:47:07,794] {spark_submit.py:488} INFO - Bloom filter expected number of distinct values are: null
[2022-04-05 23:47:07,794] {spark_submit.py:488} INFO - Page row count limit to 20000
[2022-04-05 23:47:07,794] {spark_submit.py:488} INFO - Writing page checksums is: on
[2022-04-05 23:47:07,795] {spark_submit.py:488} INFO - 22/04/05 23:47:07 INFO ParquetOutputFormat: Parquet block size to 134217728
[2022-04-05 23:47:07,795] {spark_submit.py:488} INFO - 22/04/05 23:47:07 INFO ParquetOutputFormat: Validation is off
[2022-04-05 23:47:07,795] {spark_submit.py:488} INFO - 22/04/05 23:47:07 INFO ParquetOutputFormat: Maximum row group padding size is 8388608 bytes
[2022-04-05 23:47:07,795] {spark_submit.py:488} INFO - 22/04/05 23:47:07 INFO ParquetOutputFormat: Parquet properties are:
[2022-04-05 23:47:07,795] {spark_submit.py:488} INFO - Parquet page size to 1048576
[2022-04-05 23:47:07,795] {spark_submit.py:488} INFO - Parquet dictionary page size to 1048576
[2022-04-05 23:47:07,795] {spark_submit.py:488} INFO - Dictionary is true
[2022-04-05 23:47:07,796] {spark_submit.py:488} INFO - Writer version is: PARQUET_1_0
[2022-04-05 23:47:07,796] {spark_submit.py:488} INFO - Page size checking is: estimated
[2022-04-05 23:47:07,796] {spark_submit.py:488} INFO - Min row count for page size check is: 100
[2022-04-05 23:47:07,796] {spark_submit.py:488} INFO - Max row count for page size check is: 10000
[2022-04-05 23:47:07,796] {spark_submit.py:488} INFO - Truncate length for column indexes is: 64
[2022-04-05 23:47:07,796] {spark_submit.py:488} INFO - Truncate length for statistics min/max  is: 2147483647
[2022-04-05 23:47:07,796] {spark_submit.py:488} INFO - Bloom filter enabled: false
[2022-04-05 23:47:07,796] {spark_submit.py:488} INFO - Max Bloom filter size for a column is 1048576
[2022-04-05 23:47:07,796] {spark_submit.py:488} INFO - Bloom filter expected number of distinct values are: null
[2022-04-05 23:47:07,796] {spark_submit.py:488} INFO - Page row count limit to 20000
[2022-04-05 23:47:07,796] {spark_submit.py:488} INFO - Writing page checksums is: on
[2022-04-05 23:47:07,873] {spark_submit.py:488} INFO - 22/04/05 23:47:07 INFO ParquetWriteSupport: Initialized Parquet WriteSupport with Catalyst schema:
[2022-04-05 23:47:07,874] {spark_submit.py:488} INFO - {
[2022-04-05 23:47:07,874] {spark_submit.py:488} INFO - "type" : "struct",
[2022-04-05 23:47:07,874] {spark_submit.py:488} INFO - "fields" : [ {
[2022-04-05 23:47:07,874] {spark_submit.py:488} INFO - "name" : "id",
[2022-04-05 23:47:07,874] {spark_submit.py:488} INFO - "type" : "integer",
[2022-04-05 23:47:07,874] {spark_submit.py:488} INFO - "nullable" : true,
[2022-04-05 23:47:07,874] {spark_submit.py:488} INFO - "metadata" : { }
[2022-04-05 23:47:07,874] {spark_submit.py:488} INFO - }, {
[2022-04-05 23:47:07,874] {spark_submit.py:488} INFO - "name" : "title",
[2022-04-05 23:47:07,874] {spark_submit.py:488} INFO - "type" : "string",
[2022-04-05 23:47:07,874] {spark_submit.py:488} INFO - "nullable" : true,
[2022-04-05 23:47:07,875] {spark_submit.py:488} INFO - "metadata" : { }
[2022-04-05 23:47:07,875] {spark_submit.py:488} INFO - }, {
[2022-04-05 23:47:07,875] {spark_submit.py:488} INFO - "name" : "body",
[2022-04-05 23:47:07,875] {spark_submit.py:488} INFO - "type" : "string",
[2022-04-05 23:47:07,875] {spark_submit.py:488} INFO - "nullable" : true,
[2022-04-05 23:47:07,875] {spark_submit.py:488} INFO - "metadata" : { }
[2022-04-05 23:47:07,875] {spark_submit.py:488} INFO - }, {
[2022-04-05 23:47:07,875] {spark_submit.py:488} INFO - "name" : "accepted_answer_id",
[2022-04-05 23:47:07,875] {spark_submit.py:488} INFO - "type" : "integer",
[2022-04-05 23:47:07,875] {spark_submit.py:488} INFO - "nullable" : true,
[2022-04-05 23:47:07,875] {spark_submit.py:488} INFO - "metadata" : { }
[2022-04-05 23:47:07,875] {spark_submit.py:488} INFO - }, {
[2022-04-05 23:47:07,875] {spark_submit.py:488} INFO - "name" : "answer_count",
[2022-04-05 23:47:07,876] {spark_submit.py:488} INFO - "type" : "integer",
[2022-04-05 23:47:07,876] {spark_submit.py:488} INFO - "nullable" : true,
[2022-04-05 23:47:07,876] {spark_submit.py:488} INFO - "metadata" : { }
[2022-04-05 23:47:07,876] {spark_submit.py:488} INFO - }, {
[2022-04-05 23:47:07,876] {spark_submit.py:488} INFO - "name" : "comment_count",
[2022-04-05 23:47:07,876] {spark_submit.py:488} INFO - "type" : "integer",
[2022-04-05 23:47:07,876] {spark_submit.py:488} INFO - "nullable" : true,
[2022-04-05 23:47:07,876] {spark_submit.py:488} INFO - "metadata" : { }
[2022-04-05 23:47:07,876] {spark_submit.py:488} INFO - }, {
[2022-04-05 23:47:07,876] {spark_submit.py:488} INFO - "name" : "community_owned_date",
[2022-04-05 23:47:07,876] {spark_submit.py:488} INFO - "type" : "timestamp",
[2022-04-05 23:47:07,876] {spark_submit.py:488} INFO - "nullable" : true,
[2022-04-05 23:47:07,876] {spark_submit.py:488} INFO - "metadata" : { }
[2022-04-05 23:47:07,876] {spark_submit.py:488} INFO - }, {
[2022-04-05 23:47:07,877] {spark_submit.py:488} INFO - "name" : "creation_date",
[2022-04-05 23:47:07,877] {spark_submit.py:488} INFO - "type" : "timestamp",
[2022-04-05 23:47:07,877] {spark_submit.py:488} INFO - "nullable" : true,
[2022-04-05 23:47:07,877] {spark_submit.py:488} INFO - "metadata" : { }
[2022-04-05 23:47:07,877] {spark_submit.py:488} INFO - }, {
[2022-04-05 23:47:07,877] {spark_submit.py:488} INFO - "name" : "favorite_count",
[2022-04-05 23:47:07,877] {spark_submit.py:488} INFO - "type" : "integer",
[2022-04-05 23:47:07,877] {spark_submit.py:488} INFO - "nullable" : true,
[2022-04-05 23:47:07,877] {spark_submit.py:488} INFO - "metadata" : { }
[2022-04-05 23:47:07,877] {spark_submit.py:488} INFO - }, {
[2022-04-05 23:47:07,877] {spark_submit.py:488} INFO - "name" : "last_activity_date",
[2022-04-05 23:47:07,878] {spark_submit.py:488} INFO - "type" : "timestamp",
[2022-04-05 23:47:07,878] {spark_submit.py:488} INFO - "nullable" : true,
[2022-04-05 23:47:07,878] {spark_submit.py:488} INFO - "metadata" : { }
[2022-04-05 23:47:07,878] {spark_submit.py:488} INFO - }, {
[2022-04-05 23:47:07,878] {spark_submit.py:488} INFO - "name" : "last_edit_date",
[2022-04-05 23:47:07,878] {spark_submit.py:488} INFO - "type" : "timestamp",
[2022-04-05 23:47:07,878] {spark_submit.py:488} INFO - "nullable" : true,
[2022-04-05 23:47:07,878] {spark_submit.py:488} INFO - "metadata" : { }
[2022-04-05 23:47:07,878] {spark_submit.py:488} INFO - }, {
[2022-04-05 23:47:07,878] {spark_submit.py:488} INFO - "name" : "last_editor_display_name",
[2022-04-05 23:47:07,878] {spark_submit.py:488} INFO - "type" : "string",
[2022-04-05 23:47:07,878] {spark_submit.py:488} INFO - "nullable" : true,
[2022-04-05 23:47:07,879] {spark_submit.py:488} INFO - "metadata" : { }
[2022-04-05 23:47:07,879] {spark_submit.py:488} INFO - }, {
[2022-04-05 23:47:07,879] {spark_submit.py:488} INFO - "name" : "last_editor_user_id",
[2022-04-05 23:47:07,879] {spark_submit.py:488} INFO - "type" : "integer",
[2022-04-05 23:47:07,879] {spark_submit.py:488} INFO - "nullable" : true,
[2022-04-05 23:47:07,879] {spark_submit.py:488} INFO - "metadata" : { }
[2022-04-05 23:47:07,879] {spark_submit.py:488} INFO - }, {
[2022-04-05 23:47:07,879] {spark_submit.py:488} INFO - "name" : "owner_display_name",
[2022-04-05 23:47:07,879] {spark_submit.py:488} INFO - "type" : "string",
[2022-04-05 23:47:07,879] {spark_submit.py:488} INFO - "nullable" : true,
[2022-04-05 23:47:07,879] {spark_submit.py:488} INFO - "metadata" : { }
[2022-04-05 23:47:07,879] {spark_submit.py:488} INFO - }, {
[2022-04-05 23:47:07,879] {spark_submit.py:488} INFO - "name" : "owner_user_id",
[2022-04-05 23:47:07,879] {spark_submit.py:488} INFO - "type" : "integer",
[2022-04-05 23:47:07,880] {spark_submit.py:488} INFO - "nullable" : true,
[2022-04-05 23:47:07,880] {spark_submit.py:488} INFO - "metadata" : { }
[2022-04-05 23:47:07,880] {spark_submit.py:488} INFO - }, {
[2022-04-05 23:47:07,880] {spark_submit.py:488} INFO - "name" : "parent_id",
[2022-04-05 23:47:07,880] {spark_submit.py:488} INFO - "type" : "integer",
[2022-04-05 23:47:07,880] {spark_submit.py:488} INFO - "nullable" : true,
[2022-04-05 23:47:07,880] {spark_submit.py:488} INFO - "metadata" : { }
[2022-04-05 23:47:07,880] {spark_submit.py:488} INFO - }, {
[2022-04-05 23:47:07,880] {spark_submit.py:488} INFO - "name" : "post_type_id",
[2022-04-05 23:47:07,880] {spark_submit.py:488} INFO - "type" : "integer",
[2022-04-05 23:47:07,880] {spark_submit.py:488} INFO - "nullable" : true,
[2022-04-05 23:47:07,880] {spark_submit.py:488} INFO - "metadata" : { }
[2022-04-05 23:47:07,880] {spark_submit.py:488} INFO - }, {
[2022-04-05 23:47:07,880] {spark_submit.py:488} INFO - "name" : "score",
[2022-04-05 23:47:07,881] {spark_submit.py:488} INFO - "type" : "integer",
[2022-04-05 23:47:07,881] {spark_submit.py:488} INFO - "nullable" : true,
[2022-04-05 23:47:07,881] {spark_submit.py:488} INFO - "metadata" : { }
[2022-04-05 23:47:07,881] {spark_submit.py:488} INFO - }, {
[2022-04-05 23:47:07,881] {spark_submit.py:488} INFO - "name" : "tags",
[2022-04-05 23:47:07,881] {spark_submit.py:488} INFO - "type" : "string",
[2022-04-05 23:47:07,881] {spark_submit.py:488} INFO - "nullable" : true,
[2022-04-05 23:47:07,881] {spark_submit.py:488} INFO - "metadata" : { }
[2022-04-05 23:47:07,881] {spark_submit.py:488} INFO - }, {
[2022-04-05 23:47:07,881] {spark_submit.py:488} INFO - "name" : "view_count",
[2022-04-05 23:47:07,881] {spark_submit.py:488} INFO - "type" : "integer",
[2022-04-05 23:47:07,881] {spark_submit.py:488} INFO - "nullable" : true,
[2022-04-05 23:47:07,881] {spark_submit.py:488} INFO - "metadata" : { }
[2022-04-05 23:47:07,881] {spark_submit.py:488} INFO - }, {
[2022-04-05 23:47:07,882] {spark_submit.py:488} INFO - "name" : "group_by_date",
[2022-04-05 23:47:07,882] {spark_submit.py:488} INFO - "type" : "timestamp",
[2022-04-05 23:47:07,882] {spark_submit.py:488} INFO - "nullable" : true,
[2022-04-05 23:47:07,882] {spark_submit.py:488} INFO - "metadata" : { }
[2022-04-05 23:47:07,882] {spark_submit.py:488} INFO - } ]
[2022-04-05 23:47:07,882] {spark_submit.py:488} INFO - }
[2022-04-05 23:47:07,882] {spark_submit.py:488} INFO - and corresponding Parquet message type:
[2022-04-05 23:47:07,882] {spark_submit.py:488} INFO - message spark_schema {
[2022-04-05 23:47:07,882] {spark_submit.py:488} INFO - optional int32 id;
[2022-04-05 23:47:07,882] {spark_submit.py:488} INFO - optional binary title (STRING);
[2022-04-05 23:47:07,882] {spark_submit.py:488} INFO - optional binary body (STRING);
[2022-04-05 23:47:07,882] {spark_submit.py:488} INFO - optional int32 accepted_answer_id;
[2022-04-05 23:47:07,882] {spark_submit.py:488} INFO - optional int32 answer_count;
[2022-04-05 23:47:07,883] {spark_submit.py:488} INFO - optional int32 comment_count;
[2022-04-05 23:47:07,883] {spark_submit.py:488} INFO - optional int96 community_owned_date;
[2022-04-05 23:47:07,883] {spark_submit.py:488} INFO - optional int96 creation_date;
[2022-04-05 23:47:07,883] {spark_submit.py:488} INFO - optional int32 favorite_count;
[2022-04-05 23:47:07,883] {spark_submit.py:488} INFO - optional int96 last_activity_date;
[2022-04-05 23:47:07,883] {spark_submit.py:488} INFO - optional int96 last_edit_date;
[2022-04-05 23:47:07,883] {spark_submit.py:488} INFO - optional binary last_editor_display_name (STRING);
[2022-04-05 23:47:07,883] {spark_submit.py:488} INFO - optional int32 last_editor_user_id;
[2022-04-05 23:47:07,883] {spark_submit.py:488} INFO - optional binary owner_display_name (STRING);
[2022-04-05 23:47:07,883] {spark_submit.py:488} INFO - optional int32 owner_user_id;
[2022-04-05 23:47:07,883] {spark_submit.py:488} INFO - optional int32 parent_id;
[2022-04-05 23:47:07,883] {spark_submit.py:488} INFO - optional int32 post_type_id;
[2022-04-05 23:47:07,883] {spark_submit.py:488} INFO - optional int32 score;
[2022-04-05 23:47:07,915] {spark_submit.py:488} INFO - optional binary tags (STRING);
[2022-04-05 23:47:07,915] {spark_submit.py:488} INFO - optional int32 view_count;
[2022-04-05 23:47:07,915] {spark_submit.py:488} INFO - optional int96 group_by_date;
[2022-04-05 23:47:07,915] {spark_submit.py:488} INFO - }
[2022-04-05 23:47:07,915] {spark_submit.py:488} INFO - 
[2022-04-05 23:47:07,915] {spark_submit.py:488} INFO - 
[2022-04-05 23:47:07,915] {spark_submit.py:488} INFO - 22/04/05 23:47:07 INFO ParquetWriteSupport: Initialized Parquet WriteSupport with Catalyst schema:
[2022-04-05 23:47:07,915] {spark_submit.py:488} INFO - {
[2022-04-05 23:47:07,916] {spark_submit.py:488} INFO - "type" : "struct",
[2022-04-05 23:47:07,916] {spark_submit.py:488} INFO - "fields" : [ {
[2022-04-05 23:47:07,916] {spark_submit.py:488} INFO - "name" : "id",
[2022-04-05 23:47:07,916] {spark_submit.py:488} INFO - "type" : "integer",
[2022-04-05 23:47:07,916] {spark_submit.py:488} INFO - "nullable" : true,
[2022-04-05 23:47:07,916] {spark_submit.py:488} INFO - "metadata" : { }
[2022-04-05 23:47:07,916] {spark_submit.py:488} INFO - }, {
[2022-04-05 23:47:07,916] {spark_submit.py:488} INFO - "name" : "title",
[2022-04-05 23:47:07,916] {spark_submit.py:488} INFO - "type" : "string",
[2022-04-05 23:47:07,916] {spark_submit.py:488} INFO - "nullable" : true,
[2022-04-05 23:47:07,916] {spark_submit.py:488} INFO - "metadata" : { }
[2022-04-05 23:47:07,916] {spark_submit.py:488} INFO - }, {
[2022-04-05 23:47:07,916] {spark_submit.py:488} INFO - "name" : "body",
[2022-04-05 23:47:07,916] {spark_submit.py:488} INFO - "type" : "string",
[2022-04-05 23:47:07,917] {spark_submit.py:488} INFO - "nullable" : true,
[2022-04-05 23:47:07,917] {spark_submit.py:488} INFO - "metadata" : { }
[2022-04-05 23:47:07,917] {spark_submit.py:488} INFO - }, {
[2022-04-05 23:47:07,917] {spark_submit.py:488} INFO - "name" : "accepted_answer_id",
[2022-04-05 23:47:07,917] {spark_submit.py:488} INFO - "type" : "integer",
[2022-04-05 23:47:07,917] {spark_submit.py:488} INFO - "nullable" : true,
[2022-04-05 23:47:07,917] {spark_submit.py:488} INFO - "metadata" : { }
[2022-04-05 23:47:07,917] {spark_submit.py:488} INFO - }, {
[2022-04-05 23:47:07,917] {spark_submit.py:488} INFO - "name" : "answer_count",
[2022-04-05 23:47:07,917] {spark_submit.py:488} INFO - "type" : "integer",
[2022-04-05 23:47:07,917] {spark_submit.py:488} INFO - "nullable" : true,
[2022-04-05 23:47:07,917] {spark_submit.py:488} INFO - "metadata" : { }
[2022-04-05 23:47:07,917] {spark_submit.py:488} INFO - }, {
[2022-04-05 23:47:07,917] {spark_submit.py:488} INFO - "name" : "comment_count",
[2022-04-05 23:47:07,918] {spark_submit.py:488} INFO - "type" : "integer",
[2022-04-05 23:47:07,918] {spark_submit.py:488} INFO - "nullable" : true,
[2022-04-05 23:47:07,918] {spark_submit.py:488} INFO - "metadata" : { }
[2022-04-05 23:47:07,918] {spark_submit.py:488} INFO - }, {
[2022-04-05 23:47:07,918] {spark_submit.py:488} INFO - "name" : "community_owned_date",
[2022-04-05 23:47:07,918] {spark_submit.py:488} INFO - "type" : "timestamp",
[2022-04-05 23:47:07,918] {spark_submit.py:488} INFO - "nullable" : true,
[2022-04-05 23:47:07,918] {spark_submit.py:488} INFO - "metadata" : { }
[2022-04-05 23:47:07,918] {spark_submit.py:488} INFO - }, {
[2022-04-05 23:47:07,918] {spark_submit.py:488} INFO - "name" : "creation_date",
[2022-04-05 23:47:07,918] {spark_submit.py:488} INFO - "type" : "timestamp",
[2022-04-05 23:47:07,918] {spark_submit.py:488} INFO - "nullable" : true,
[2022-04-05 23:47:07,918] {spark_submit.py:488} INFO - "metadata" : { }
[2022-04-05 23:47:07,918] {spark_submit.py:488} INFO - }, {
[2022-04-05 23:47:07,919] {spark_submit.py:488} INFO - "name" : "favorite_count",
[2022-04-05 23:47:07,919] {spark_submit.py:488} INFO - "type" : "integer",
[2022-04-05 23:47:07,919] {spark_submit.py:488} INFO - "nullable" : true,
[2022-04-05 23:47:07,919] {spark_submit.py:488} INFO - "metadata" : { }
[2022-04-05 23:47:07,919] {spark_submit.py:488} INFO - }, {
[2022-04-05 23:47:07,919] {spark_submit.py:488} INFO - "name" : "last_activity_date",
[2022-04-05 23:47:07,919] {spark_submit.py:488} INFO - "type" : "timestamp",
[2022-04-05 23:47:07,919] {spark_submit.py:488} INFO - "nullable" : true,
[2022-04-05 23:47:07,919] {spark_submit.py:488} INFO - "metadata" : { }
[2022-04-05 23:47:07,919] {spark_submit.py:488} INFO - }, {
[2022-04-05 23:47:07,919] {spark_submit.py:488} INFO - "name" : "last_edit_date",
[2022-04-05 23:47:07,919] {spark_submit.py:488} INFO - "type" : "timestamp",
[2022-04-05 23:47:07,952] {spark_submit.py:488} INFO - "nullable" : true,
[2022-04-05 23:47:07,952] {spark_submit.py:488} INFO - "metadata" : { }
[2022-04-05 23:47:07,953] {spark_submit.py:488} INFO - }, {
[2022-04-05 23:47:08,034] {spark_submit.py:488} INFO - "name" : "last_editor_display_name",
[2022-04-05 23:47:08,035] {spark_submit.py:488} INFO - "type" : "string",
[2022-04-05 23:47:08,035] {spark_submit.py:488} INFO - "nullable" : true,
[2022-04-05 23:47:08,035] {spark_submit.py:488} INFO - "metadata" : { }
[2022-04-05 23:47:08,035] {spark_submit.py:488} INFO - }, {
[2022-04-05 23:47:08,035] {spark_submit.py:488} INFO - "name" : "last_editor_user_id",
[2022-04-05 23:47:08,035] {spark_submit.py:488} INFO - "type" : "integer",
[2022-04-05 23:47:08,035] {spark_submit.py:488} INFO - "nullable" : true,
[2022-04-05 23:47:08,035] {spark_submit.py:488} INFO - "metadata" : { }
[2022-04-05 23:47:08,036] {spark_submit.py:488} INFO - }, {
[2022-04-05 23:47:08,036] {spark_submit.py:488} INFO - "name" : "owner_display_name",
[2022-04-05 23:47:08,036] {spark_submit.py:488} INFO - "type" : "string",
[2022-04-05 23:47:08,036] {spark_submit.py:488} INFO - "nullable" : true,
[2022-04-05 23:47:08,036] {spark_submit.py:488} INFO - "metadata" : { }
[2022-04-05 23:47:08,036] {spark_submit.py:488} INFO - }, {
[2022-04-05 23:47:08,036] {spark_submit.py:488} INFO - "name" : "owner_user_id",
[2022-04-05 23:47:08,036] {spark_submit.py:488} INFO - "type" : "integer",
[2022-04-05 23:47:08,036] {spark_submit.py:488} INFO - "nullable" : true,
[2022-04-05 23:47:08,036] {spark_submit.py:488} INFO - "metadata" : { }
[2022-04-05 23:47:08,036] {spark_submit.py:488} INFO - }, {
[2022-04-05 23:47:08,037] {spark_submit.py:488} INFO - "name" : "parent_id",
[2022-04-05 23:47:08,037] {spark_submit.py:488} INFO - "type" : "integer",
[2022-04-05 23:47:08,037] {spark_submit.py:488} INFO - "nullable" : true,
[2022-04-05 23:47:08,037] {spark_submit.py:488} INFO - "metadata" : { }
[2022-04-05 23:47:08,037] {spark_submit.py:488} INFO - }, {
[2022-04-05 23:47:08,037] {spark_submit.py:488} INFO - "name" : "post_type_id",
[2022-04-05 23:47:08,037] {spark_submit.py:488} INFO - "type" : "integer",
[2022-04-05 23:47:08,037] {spark_submit.py:488} INFO - "nullable" : true,
[2022-04-05 23:47:08,037] {spark_submit.py:488} INFO - "metadata" : { }
[2022-04-05 23:47:08,037] {spark_submit.py:488} INFO - }, {
[2022-04-05 23:47:08,037] {spark_submit.py:488} INFO - "name" : "score",
[2022-04-05 23:47:08,037] {spark_submit.py:488} INFO - "type" : "integer",
[2022-04-05 23:47:08,037] {spark_submit.py:488} INFO - "nullable" : true,
[2022-04-05 23:47:08,038] {spark_submit.py:488} INFO - "metadata" : { }
[2022-04-05 23:47:08,038] {spark_submit.py:488} INFO - }, {
[2022-04-05 23:47:08,038] {spark_submit.py:488} INFO - "name" : "tags",
[2022-04-05 23:47:08,038] {spark_submit.py:488} INFO - "type" : "string",
[2022-04-05 23:47:08,038] {spark_submit.py:488} INFO - "nullable" : true,
[2022-04-05 23:47:08,038] {spark_submit.py:488} INFO - "metadata" : { }
[2022-04-05 23:47:08,038] {spark_submit.py:488} INFO - }, {
[2022-04-05 23:47:08,038] {spark_submit.py:488} INFO - "name" : "view_count",
[2022-04-05 23:47:08,038] {spark_submit.py:488} INFO - "type" : "integer",
[2022-04-05 23:47:08,038] {spark_submit.py:488} INFO - "nullable" : true,
[2022-04-05 23:47:08,038] {spark_submit.py:488} INFO - "metadata" : { }
[2022-04-05 23:47:08,038] {spark_submit.py:488} INFO - }, {
[2022-04-05 23:47:08,038] {spark_submit.py:488} INFO - "name" : "group_by_date",
[2022-04-05 23:47:08,039] {spark_submit.py:488} INFO - "type" : "timestamp",
[2022-04-05 23:47:08,039] {spark_submit.py:488} INFO - "nullable" : true,
[2022-04-05 23:47:08,039] {spark_submit.py:488} INFO - "metadata" : { }
[2022-04-05 23:47:08,039] {spark_submit.py:488} INFO - } ]
[2022-04-05 23:47:08,039] {spark_submit.py:488} INFO - }
[2022-04-05 23:47:08,039] {spark_submit.py:488} INFO - and corresponding Parquet message type:
[2022-04-05 23:47:08,039] {spark_submit.py:488} INFO - message spark_schema {
[2022-04-05 23:47:08,039] {spark_submit.py:488} INFO - optional int32 id;
[2022-04-05 23:47:08,039] {spark_submit.py:488} INFO - optional binary title (STRING);
[2022-04-05 23:47:08,039] {spark_submit.py:488} INFO - optional binary body (STRING);
[2022-04-05 23:47:08,039] {spark_submit.py:488} INFO - optional int32 accepted_answer_id;
[2022-04-05 23:47:08,039] {spark_submit.py:488} INFO - optional int32 answer_count;
[2022-04-05 23:47:08,039] {spark_submit.py:488} INFO - optional int32 comment_count;
[2022-04-05 23:47:08,039] {spark_submit.py:488} INFO - optional int96 community_owned_date;
[2022-04-05 23:47:08,039] {spark_submit.py:488} INFO - optional int96 creation_date;
[2022-04-05 23:47:08,080] {spark_submit.py:488} INFO - optional int32 favorite_count;
[2022-04-05 23:47:08,081] {spark_submit.py:488} INFO - optional int96 last_activity_date;
[2022-04-05 23:47:08,081] {spark_submit.py:488} INFO - optional int96 last_edit_date;
[2022-04-05 23:47:08,081] {spark_submit.py:488} INFO - optional binary last_editor_display_name (STRING);
[2022-04-05 23:47:08,081] {spark_submit.py:488} INFO - optional int32 last_editor_user_id;
[2022-04-05 23:47:08,081] {spark_submit.py:488} INFO - optional binary owner_display_name (STRING);
[2022-04-05 23:47:08,081] {spark_submit.py:488} INFO - optional int32 owner_user_id;
[2022-04-05 23:47:08,081] {spark_submit.py:488} INFO - optional int32 parent_id;
[2022-04-05 23:47:08,081] {spark_submit.py:488} INFO - optional int32 post_type_id;
[2022-04-05 23:47:08,081] {spark_submit.py:488} INFO - optional int32 score;
[2022-04-05 23:47:08,081] {spark_submit.py:488} INFO - optional binary tags (STRING);
[2022-04-05 23:47:08,081] {spark_submit.py:488} INFO - optional int32 view_count;
[2022-04-05 23:47:08,081] {spark_submit.py:488} INFO - optional int96 group_by_date;
[2022-04-05 23:47:08,082] {spark_submit.py:488} INFO - }
[2022-04-05 23:47:08,082] {spark_submit.py:488} INFO - 
[2022-04-05 23:47:08,082] {spark_submit.py:488} INFO - 
[2022-04-05 23:47:08,082] {spark_submit.py:488} INFO - 22/04/05 23:47:07 INFO ParquetWriteSupport: Initialized Parquet WriteSupport with Catalyst schema:
[2022-04-05 23:47:08,082] {spark_submit.py:488} INFO - {
[2022-04-05 23:47:08,082] {spark_submit.py:488} INFO - "type" : "struct",
[2022-04-05 23:47:08,082] {spark_submit.py:488} INFO - "fields" : [ {
[2022-04-05 23:47:08,082] {spark_submit.py:488} INFO - "name" : "id",
[2022-04-05 23:47:08,082] {spark_submit.py:488} INFO - "type" : "integer",
[2022-04-05 23:47:08,082] {spark_submit.py:488} INFO - "nullable" : true,
[2022-04-05 23:47:08,082] {spark_submit.py:488} INFO - "metadata" : { }
[2022-04-05 23:47:08,082] {spark_submit.py:488} INFO - }, {
[2022-04-05 23:47:08,082] {spark_submit.py:488} INFO - "name" : "title",
[2022-04-05 23:47:08,083] {spark_submit.py:488} INFO - "type" : "string",
[2022-04-05 23:47:08,083] {spark_submit.py:488} INFO - "nullable" : true,
[2022-04-05 23:47:08,083] {spark_submit.py:488} INFO - "metadata" : { }
[2022-04-05 23:47:08,083] {spark_submit.py:488} INFO - }, {
[2022-04-05 23:47:08,083] {spark_submit.py:488} INFO - "name" : "body",
[2022-04-05 23:47:08,083] {spark_submit.py:488} INFO - "type" : "string",
[2022-04-05 23:47:08,111] {spark_submit.py:488} INFO - "nullable" : true,
[2022-04-05 23:47:08,111] {spark_submit.py:488} INFO - "metadata" : { }
[2022-04-05 23:47:08,111] {spark_submit.py:488} INFO - }, {
[2022-04-05 23:47:08,112] {spark_submit.py:488} INFO - "name" : "accepted_answer_id",
[2022-04-05 23:47:08,112] {spark_submit.py:488} INFO - "type" : "integer",
[2022-04-05 23:47:08,112] {spark_submit.py:488} INFO - "nullable" : true,
[2022-04-05 23:47:08,112] {spark_submit.py:488} INFO - "metadata" : { }
[2022-04-05 23:47:08,112] {spark_submit.py:488} INFO - }, {
[2022-04-05 23:47:08,112] {spark_submit.py:488} INFO - "name" : "answer_count",
[2022-04-05 23:47:08,112] {spark_submit.py:488} INFO - "type" : "integer",
[2022-04-05 23:47:08,112] {spark_submit.py:488} INFO - "nullable" : true,
[2022-04-05 23:47:08,112] {spark_submit.py:488} INFO - "metadata" : { }
[2022-04-05 23:47:08,112] {spark_submit.py:488} INFO - }, {
[2022-04-05 23:47:08,112] {spark_submit.py:488} INFO - "name" : "comment_count",
[2022-04-05 23:47:08,112] {spark_submit.py:488} INFO - "type" : "integer",
[2022-04-05 23:47:08,112] {spark_submit.py:488} INFO - "nullable" : true,
[2022-04-05 23:47:08,112] {spark_submit.py:488} INFO - "metadata" : { }
[2022-04-05 23:47:08,113] {spark_submit.py:488} INFO - }, {
[2022-04-05 23:47:08,113] {spark_submit.py:488} INFO - "name" : "community_owned_date",
[2022-04-05 23:47:08,113] {spark_submit.py:488} INFO - "type" : "timestamp",
[2022-04-05 23:47:08,113] {spark_submit.py:488} INFO - "nullable" : true,
[2022-04-05 23:47:08,113] {spark_submit.py:488} INFO - "metadata" : { }
[2022-04-05 23:47:08,113] {spark_submit.py:488} INFO - }, {
[2022-04-05 23:47:08,113] {spark_submit.py:488} INFO - "name" : "creation_date",
[2022-04-05 23:47:08,113] {spark_submit.py:488} INFO - "type" : "timestamp",
[2022-04-05 23:47:08,113] {spark_submit.py:488} INFO - "nullable" : true,
[2022-04-05 23:47:08,113] {spark_submit.py:488} INFO - "metadata" : { }
[2022-04-05 23:47:08,113] {spark_submit.py:488} INFO - }, {
[2022-04-05 23:47:08,113] {spark_submit.py:488} INFO - "name" : "favorite_count",
[2022-04-05 23:47:08,113] {spark_submit.py:488} INFO - "type" : "integer",
[2022-04-05 23:47:08,113] {spark_submit.py:488} INFO - "nullable" : true,
[2022-04-05 23:47:08,114] {spark_submit.py:488} INFO - "metadata" : { }
[2022-04-05 23:47:08,114] {spark_submit.py:488} INFO - }, {
[2022-04-05 23:47:08,114] {spark_submit.py:488} INFO - "name" : "last_activity_date",
[2022-04-05 23:47:08,114] {spark_submit.py:488} INFO - "type" : "timestamp",
[2022-04-05 23:47:08,114] {spark_submit.py:488} INFO - "nullable" : true,
[2022-04-05 23:47:08,114] {spark_submit.py:488} INFO - "metadata" : { }
[2022-04-05 23:47:08,114] {spark_submit.py:488} INFO - }, {
[2022-04-05 23:47:08,114] {spark_submit.py:488} INFO - "name" : "last_edit_date",
[2022-04-05 23:47:08,114] {spark_submit.py:488} INFO - "type" : "timestamp",
[2022-04-05 23:47:08,114] {spark_submit.py:488} INFO - "nullable" : true,
[2022-04-05 23:47:08,114] {spark_submit.py:488} INFO - "metadata" : { }
[2022-04-05 23:47:08,114] {spark_submit.py:488} INFO - }, {
[2022-04-05 23:47:08,114] {spark_submit.py:488} INFO - "name" : "last_editor_display_name",
[2022-04-05 23:47:08,114] {spark_submit.py:488} INFO - "type" : "string",
[2022-04-05 23:47:08,114] {spark_submit.py:488} INFO - "nullable" : true,
[2022-04-05 23:47:08,115] {spark_submit.py:488} INFO - "metadata" : { }
[2022-04-05 23:47:08,115] {spark_submit.py:488} INFO - }, {
[2022-04-05 23:47:08,115] {spark_submit.py:488} INFO - "name" : "last_editor_user_id",
[2022-04-05 23:47:08,115] {spark_submit.py:488} INFO - "type" : "integer",
[2022-04-05 23:47:08,115] {spark_submit.py:488} INFO - "nullable" : true,
[2022-04-05 23:47:08,115] {spark_submit.py:488} INFO - "metadata" : { }
[2022-04-05 23:47:08,115] {spark_submit.py:488} INFO - }, {
[2022-04-05 23:47:08,163] {spark_submit.py:488} INFO - "name" : "owner_display_name",
[2022-04-05 23:47:08,163] {spark_submit.py:488} INFO - "type" : "string",
[2022-04-05 23:47:08,163] {spark_submit.py:488} INFO - "nullable" : true,
[2022-04-05 23:47:08,163] {spark_submit.py:488} INFO - "metadata" : { }
[2022-04-05 23:47:08,164] {spark_submit.py:488} INFO - }, {
[2022-04-05 23:47:08,164] {spark_submit.py:488} INFO - "name" : "owner_user_id",
[2022-04-05 23:47:08,164] {spark_submit.py:488} INFO - "type" : "integer",
[2022-04-05 23:47:08,164] {spark_submit.py:488} INFO - "nullable" : true,
[2022-04-05 23:47:08,164] {spark_submit.py:488} INFO - "metadata" : { }
[2022-04-05 23:47:08,164] {spark_submit.py:488} INFO - }, {
[2022-04-05 23:47:08,164] {spark_submit.py:488} INFO - "name" : "parent_id",
[2022-04-05 23:47:08,164] {spark_submit.py:488} INFO - "type" : "integer",
[2022-04-05 23:47:08,164] {spark_submit.py:488} INFO - "nullable" : true,
[2022-04-05 23:47:08,164] {spark_submit.py:488} INFO - "metadata" : { }
[2022-04-05 23:47:08,164] {spark_submit.py:488} INFO - }, {
[2022-04-05 23:47:08,164] {spark_submit.py:488} INFO - "name" : "post_type_id",
[2022-04-05 23:47:08,165] {spark_submit.py:488} INFO - "type" : "integer",
[2022-04-05 23:47:08,165] {spark_submit.py:488} INFO - "nullable" : true,
[2022-04-05 23:47:08,165] {spark_submit.py:488} INFO - "metadata" : { }
[2022-04-05 23:47:08,165] {spark_submit.py:488} INFO - }, {
[2022-04-05 23:47:08,165] {spark_submit.py:488} INFO - "name" : "score",
[2022-04-05 23:47:08,165] {spark_submit.py:488} INFO - "type" : "integer",
[2022-04-05 23:47:08,165] {spark_submit.py:488} INFO - "nullable" : true,
[2022-04-05 23:47:08,165] {spark_submit.py:488} INFO - "metadata" : { }
[2022-04-05 23:47:08,165] {spark_submit.py:488} INFO - }, {
[2022-04-05 23:47:08,165] {spark_submit.py:488} INFO - "name" : "tags",
[2022-04-05 23:47:08,165] {spark_submit.py:488} INFO - "type" : "string",
[2022-04-05 23:47:08,165] {spark_submit.py:488} INFO - "nullable" : true,
[2022-04-05 23:47:08,166] {spark_submit.py:488} INFO - "metadata" : { }
[2022-04-05 23:47:08,166] {spark_submit.py:488} INFO - }, {
[2022-04-05 23:47:08,166] {spark_submit.py:488} INFO - "name" : "view_count",
[2022-04-05 23:47:08,166] {spark_submit.py:488} INFO - "type" : "integer",
[2022-04-05 23:47:08,166] {spark_submit.py:488} INFO - "nullable" : true,
[2022-04-05 23:47:08,166] {spark_submit.py:488} INFO - "metadata" : { }
[2022-04-05 23:47:08,166] {spark_submit.py:488} INFO - }, {
[2022-04-05 23:47:08,166] {spark_submit.py:488} INFO - "name" : "group_by_date",
[2022-04-05 23:47:08,166] {spark_submit.py:488} INFO - "type" : "timestamp",
[2022-04-05 23:47:08,166] {spark_submit.py:488} INFO - "nullable" : true,
[2022-04-05 23:47:08,166] {spark_submit.py:488} INFO - "metadata" : { }
[2022-04-05 23:47:08,166] {spark_submit.py:488} INFO - } ]
[2022-04-05 23:47:08,166] {spark_submit.py:488} INFO - }
[2022-04-05 23:47:08,167] {spark_submit.py:488} INFO - and corresponding Parquet message type:
[2022-04-05 23:47:08,167] {spark_submit.py:488} INFO - message spark_schema {
[2022-04-05 23:47:08,167] {spark_submit.py:488} INFO - optional int32 id;
[2022-04-05 23:47:08,167] {spark_submit.py:488} INFO - optional binary title (STRING);
[2022-04-05 23:47:08,167] {spark_submit.py:488} INFO - optional binary body (STRING);
[2022-04-05 23:47:08,212] {spark_submit.py:488} INFO - optional int32 accepted_answer_id;
[2022-04-05 23:47:08,212] {spark_submit.py:488} INFO - optional int32 answer_count;
[2022-04-05 23:47:08,212] {spark_submit.py:488} INFO - optional int32 comment_count;
[2022-04-05 23:47:08,212] {spark_submit.py:488} INFO - optional int96 community_owned_date;
[2022-04-05 23:47:08,212] {spark_submit.py:488} INFO - optional int96 creation_date;
[2022-04-05 23:47:08,212] {spark_submit.py:488} INFO - optional int32 favorite_count;
[2022-04-05 23:47:08,212] {spark_submit.py:488} INFO - optional int96 last_activity_date;
[2022-04-05 23:47:08,212] {spark_submit.py:488} INFO - optional int96 last_edit_date;
[2022-04-05 23:47:08,212] {spark_submit.py:488} INFO - optional binary last_editor_display_name (STRING);
[2022-04-05 23:47:08,213] {spark_submit.py:488} INFO - optional int32 last_editor_user_id;
[2022-04-05 23:47:08,213] {spark_submit.py:488} INFO - optional binary owner_display_name (STRING);
[2022-04-05 23:47:08,213] {spark_submit.py:488} INFO - optional int32 owner_user_id;
[2022-04-05 23:47:08,213] {spark_submit.py:488} INFO - optional int32 parent_id;
[2022-04-05 23:47:08,213] {spark_submit.py:488} INFO - optional int32 post_type_id;
[2022-04-05 23:47:08,213] {spark_submit.py:488} INFO - optional int32 score;
[2022-04-05 23:47:08,213] {spark_submit.py:488} INFO - optional binary tags (STRING);
[2022-04-05 23:47:08,213] {spark_submit.py:488} INFO - optional int32 view_count;
[2022-04-05 23:47:08,213] {spark_submit.py:488} INFO - optional int96 group_by_date;
[2022-04-05 23:47:08,213] {spark_submit.py:488} INFO - }
[2022-04-05 23:47:08,213] {spark_submit.py:488} INFO - 
[2022-04-05 23:47:08,213] {spark_submit.py:488} INFO - 
[2022-04-05 23:47:08,213] {spark_submit.py:488} INFO - 22/04/05 23:47:07 INFO ParquetWriteSupport: Initialized Parquet WriteSupport with Catalyst schema:
[2022-04-05 23:47:08,213] {spark_submit.py:488} INFO - {
[2022-04-05 23:47:08,213] {spark_submit.py:488} INFO - "type" : "struct",
[2022-04-05 23:47:08,214] {spark_submit.py:488} INFO - "fields" : [ {
[2022-04-05 23:47:08,214] {spark_submit.py:488} INFO - "name" : "id",
[2022-04-05 23:47:08,214] {spark_submit.py:488} INFO - "type" : "integer",
[2022-04-05 23:47:08,214] {spark_submit.py:488} INFO - "nullable" : true,
[2022-04-05 23:47:08,214] {spark_submit.py:488} INFO - "metadata" : { }
[2022-04-05 23:47:08,214] {spark_submit.py:488} INFO - }, {
[2022-04-05 23:47:08,214] {spark_submit.py:488} INFO - "name" : "title",
[2022-04-05 23:47:08,214] {spark_submit.py:488} INFO - "type" : "string",
[2022-04-05 23:47:08,214] {spark_submit.py:488} INFO - "nullable" : true,
[2022-04-05 23:47:08,214] {spark_submit.py:488} INFO - "metadata" : { }
[2022-04-05 23:47:08,214] {spark_submit.py:488} INFO - }, {
[2022-04-05 23:47:08,214] {spark_submit.py:488} INFO - "name" : "body",
[2022-04-05 23:47:08,214] {spark_submit.py:488} INFO - "type" : "string",
[2022-04-05 23:47:08,214] {spark_submit.py:488} INFO - "nullable" : true,
[2022-04-05 23:47:08,215] {spark_submit.py:488} INFO - "metadata" : { }
[2022-04-05 23:47:08,215] {spark_submit.py:488} INFO - }, {
[2022-04-05 23:47:08,215] {spark_submit.py:488} INFO - "name" : "accepted_answer_id",
[2022-04-05 23:47:08,215] {spark_submit.py:488} INFO - "type" : "integer",
[2022-04-05 23:47:08,215] {spark_submit.py:488} INFO - "nullable" : true,
[2022-04-05 23:47:08,215] {spark_submit.py:488} INFO - "metadata" : { }
[2022-04-05 23:47:08,215] {spark_submit.py:488} INFO - }, {
[2022-04-05 23:47:08,215] {spark_submit.py:488} INFO - "name" : "answer_count",
[2022-04-05 23:47:08,215] {spark_submit.py:488} INFO - "type" : "integer",
[2022-04-05 23:47:08,215] {spark_submit.py:488} INFO - "nullable" : true,
[2022-04-05 23:47:08,215] {spark_submit.py:488} INFO - "metadata" : { }
[2022-04-05 23:47:08,215] {spark_submit.py:488} INFO - }, {
[2022-04-05 23:47:08,215] {spark_submit.py:488} INFO - "name" : "comment_count",
[2022-04-05 23:47:08,249] {spark_submit.py:488} INFO - "type" : "integer",
[2022-04-05 23:47:08,249] {spark_submit.py:488} INFO - "nullable" : true,
[2022-04-05 23:47:08,249] {spark_submit.py:488} INFO - "metadata" : { }
[2022-04-05 23:47:08,249] {spark_submit.py:488} INFO - }, {
[2022-04-05 23:47:08,249] {spark_submit.py:488} INFO - "name" : "community_owned_date",
[2022-04-05 23:47:08,250] {spark_submit.py:488} INFO - "type" : "timestamp",
[2022-04-05 23:47:08,250] {spark_submit.py:488} INFO - "nullable" : true,
[2022-04-05 23:47:08,250] {spark_submit.py:488} INFO - "metadata" : { }
[2022-04-05 23:47:08,250] {spark_submit.py:488} INFO - }, {
[2022-04-05 23:47:08,250] {spark_submit.py:488} INFO - "name" : "creation_date",
[2022-04-05 23:47:08,250] {spark_submit.py:488} INFO - "type" : "timestamp",
[2022-04-05 23:47:08,250] {spark_submit.py:488} INFO - "nullable" : true,
[2022-04-05 23:47:08,250] {spark_submit.py:488} INFO - "metadata" : { }
[2022-04-05 23:47:08,250] {spark_submit.py:488} INFO - }, {
[2022-04-05 23:47:08,250] {spark_submit.py:488} INFO - "name" : "favorite_count",
[2022-04-05 23:47:08,250] {spark_submit.py:488} INFO - "type" : "integer",
[2022-04-05 23:47:08,250] {spark_submit.py:488} INFO - "nullable" : true,
[2022-04-05 23:47:08,250] {spark_submit.py:488} INFO - "metadata" : { }
[2022-04-05 23:47:08,250] {spark_submit.py:488} INFO - }, {
[2022-04-05 23:47:08,251] {spark_submit.py:488} INFO - "name" : "last_activity_date",
[2022-04-05 23:47:08,251] {spark_submit.py:488} INFO - "type" : "timestamp",
[2022-04-05 23:47:08,251] {spark_submit.py:488} INFO - "nullable" : true,
[2022-04-05 23:47:08,251] {spark_submit.py:488} INFO - "metadata" : { }
[2022-04-05 23:47:08,251] {spark_submit.py:488} INFO - }, {
[2022-04-05 23:47:08,251] {spark_submit.py:488} INFO - "name" : "last_edit_date",
[2022-04-05 23:47:08,251] {spark_submit.py:488} INFO - "type" : "timestamp",
[2022-04-05 23:47:08,251] {spark_submit.py:488} INFO - "nullable" : true,
[2022-04-05 23:47:08,251] {spark_submit.py:488} INFO - "metadata" : { }
[2022-04-05 23:47:08,251] {spark_submit.py:488} INFO - }, {
[2022-04-05 23:47:08,251] {spark_submit.py:488} INFO - "name" : "last_editor_display_name",
[2022-04-05 23:47:08,251] {spark_submit.py:488} INFO - "type" : "string",
[2022-04-05 23:47:08,251] {spark_submit.py:488} INFO - "nullable" : true,
[2022-04-05 23:47:08,251] {spark_submit.py:488} INFO - "metadata" : { }
[2022-04-05 23:47:08,252] {spark_submit.py:488} INFO - }, {
[2022-04-05 23:47:08,252] {spark_submit.py:488} INFO - "name" : "last_editor_user_id",
[2022-04-05 23:47:08,252] {spark_submit.py:488} INFO - "type" : "integer",
[2022-04-05 23:47:08,252] {spark_submit.py:488} INFO - "nullable" : true,
[2022-04-05 23:47:08,252] {spark_submit.py:488} INFO - "metadata" : { }
[2022-04-05 23:47:08,252] {spark_submit.py:488} INFO - }, {
[2022-04-05 23:47:08,252] {spark_submit.py:488} INFO - "name" : "owner_display_name",
[2022-04-05 23:47:08,252] {spark_submit.py:488} INFO - "type" : "string",
[2022-04-05 23:47:08,252] {spark_submit.py:488} INFO - "nullable" : true,
[2022-04-05 23:47:08,252] {spark_submit.py:488} INFO - "metadata" : { }
[2022-04-05 23:47:08,252] {spark_submit.py:488} INFO - }, {
[2022-04-05 23:47:08,252] {spark_submit.py:488} INFO - "name" : "owner_user_id",
[2022-04-05 23:47:08,252] {spark_submit.py:488} INFO - "type" : "integer",
[2022-04-05 23:47:08,252] {spark_submit.py:488} INFO - "nullable" : true,
[2022-04-05 23:47:08,253] {spark_submit.py:488} INFO - "metadata" : { }
[2022-04-05 23:47:08,253] {spark_submit.py:488} INFO - }, {
[2022-04-05 23:47:08,253] {spark_submit.py:488} INFO - "name" : "parent_id",
[2022-04-05 23:47:08,253] {spark_submit.py:488} INFO - "type" : "integer",
[2022-04-05 23:47:08,253] {spark_submit.py:488} INFO - "nullable" : true,
[2022-04-05 23:47:08,253] {spark_submit.py:488} INFO - "metadata" : { }
[2022-04-05 23:47:08,253] {spark_submit.py:488} INFO - }, {
[2022-04-05 23:47:08,253] {spark_submit.py:488} INFO - "name" : "post_type_id",
[2022-04-05 23:47:08,253] {spark_submit.py:488} INFO - "type" : "integer",
[2022-04-05 23:47:08,253] {spark_submit.py:488} INFO - "nullable" : true,
[2022-04-05 23:47:08,253] {spark_submit.py:488} INFO - "metadata" : { }
[2022-04-05 23:47:08,253] {spark_submit.py:488} INFO - }, {
[2022-04-05 23:47:08,253] {spark_submit.py:488} INFO - "name" : "score",
[2022-04-05 23:47:08,254] {spark_submit.py:488} INFO - "type" : "integer",
[2022-04-05 23:47:08,254] {spark_submit.py:488} INFO - "nullable" : true,
[2022-04-05 23:47:08,254] {spark_submit.py:488} INFO - "metadata" : { }
[2022-04-05 23:47:08,254] {spark_submit.py:488} INFO - }, {
[2022-04-05 23:47:08,254] {spark_submit.py:488} INFO - "name" : "tags",
[2022-04-05 23:47:08,254] {spark_submit.py:488} INFO - "type" : "string",
[2022-04-05 23:47:08,254] {spark_submit.py:488} INFO - "nullable" : true,
[2022-04-05 23:47:08,254] {spark_submit.py:488} INFO - "metadata" : { }
[2022-04-05 23:47:08,254] {spark_submit.py:488} INFO - }, {
[2022-04-05 23:47:08,254] {spark_submit.py:488} INFO - "name" : "view_count",
[2022-04-05 23:47:08,254] {spark_submit.py:488} INFO - "type" : "integer",
[2022-04-05 23:47:08,254] {spark_submit.py:488} INFO - "nullable" : true,
[2022-04-05 23:47:08,254] {spark_submit.py:488} INFO - "metadata" : { }
[2022-04-05 23:47:08,254] {spark_submit.py:488} INFO - }, {
[2022-04-05 23:47:08,255] {spark_submit.py:488} INFO - "name" : "group_by_date",
[2022-04-05 23:47:08,255] {spark_submit.py:488} INFO - "type" : "timestamp",
[2022-04-05 23:47:08,255] {spark_submit.py:488} INFO - "nullable" : true,
[2022-04-05 23:47:08,255] {spark_submit.py:488} INFO - "metadata" : { }
[2022-04-05 23:47:08,255] {spark_submit.py:488} INFO - } ]
[2022-04-05 23:47:08,255] {spark_submit.py:488} INFO - }
[2022-04-05 23:47:08,255] {spark_submit.py:488} INFO - and corresponding Parquet message type:
[2022-04-05 23:47:08,255] {spark_submit.py:488} INFO - message spark_schema {
[2022-04-05 23:47:08,255] {spark_submit.py:488} INFO - optional int32 id;
[2022-04-05 23:47:08,255] {spark_submit.py:488} INFO - optional binary title (STRING);
[2022-04-05 23:47:08,255] {spark_submit.py:488} INFO - optional binary body (STRING);
[2022-04-05 23:47:08,314] {spark_submit.py:488} INFO - optional int32 accepted_answer_id;
[2022-04-05 23:47:08,314] {spark_submit.py:488} INFO - optional int32 answer_count;
[2022-04-05 23:47:08,314] {spark_submit.py:488} INFO - optional int32 comment_count;
[2022-04-05 23:47:08,314] {spark_submit.py:488} INFO - optional int96 community_owned_date;
[2022-04-05 23:47:08,315] {spark_submit.py:488} INFO - optional int96 creation_date;
[2022-04-05 23:47:08,315] {spark_submit.py:488} INFO - optional int32 favorite_count;
[2022-04-05 23:47:08,315] {spark_submit.py:488} INFO - optional int96 last_activity_date;
[2022-04-05 23:47:08,315] {spark_submit.py:488} INFO - optional int96 last_edit_date;
[2022-04-05 23:47:08,315] {spark_submit.py:488} INFO - optional binary last_editor_display_name (STRING);
[2022-04-05 23:47:08,315] {spark_submit.py:488} INFO - optional int32 last_editor_user_id;
[2022-04-05 23:47:08,315] {spark_submit.py:488} INFO - optional binary owner_display_name (STRING);
[2022-04-05 23:47:08,315] {spark_submit.py:488} INFO - optional int32 owner_user_id;
[2022-04-05 23:47:08,315] {spark_submit.py:488} INFO - optional int32 parent_id;
[2022-04-05 23:47:08,315] {spark_submit.py:488} INFO - optional int32 post_type_id;
[2022-04-05 23:47:08,315] {spark_submit.py:488} INFO - optional int32 score;
[2022-04-05 23:47:08,315] {spark_submit.py:488} INFO - optional binary tags (STRING);
[2022-04-05 23:47:08,315] {spark_submit.py:488} INFO - optional int32 view_count;
[2022-04-05 23:47:08,315] {spark_submit.py:488} INFO - optional int96 group_by_date;
[2022-04-05 23:47:08,315] {spark_submit.py:488} INFO - }
[2022-04-05 23:47:08,316] {spark_submit.py:488} INFO - 
[2022-04-05 23:47:08,316] {spark_submit.py:488} INFO - 
[2022-04-05 23:47:09,673] {spark_submit.py:488} INFO - 22/04/05 23:47:09 INFO CodecPool: Got brand-new compressor [.snappy]
[2022-04-05 23:47:09,744] {spark_submit.py:488} INFO - 22/04/05 23:47:09 INFO CodecPool: Got brand-new compressor [.snappy]
[2022-04-05 23:47:09,745] {spark_submit.py:488} INFO - 22/04/05 23:47:09 INFO CodecPool: Got brand-new compressor [.snappy]
[2022-04-05 23:47:09,746] {spark_submit.py:488} INFO - 22/04/05 23:47:09 INFO CodecPool: Got brand-new compressor [.snappy]
[2022-04-05 23:47:32,626] {spark_submit.py:488} INFO - 22/04/05 23:47:32 INFO GoogleCloudStorageImpl: Ignoring exception of type GoogleJsonResponseException; verified object already exists with desired state.
[2022-04-05 23:47:32,627] {spark_submit.py:488} INFO - 22/04/05 23:47:32 INFO GoogleCloudStorageFileSystem: Successfully repaired 'gs://dtc_data_lake_de-stack-overflow/BigQuery/posts_questions-2011-12/_temporary/0/_temporary/' directory.
[2022-04-05 23:47:32,627] {spark_submit.py:488} INFO - 22/04/05 23:47:32 INFO FileOutputCommitter: Saved output of task 'attempt_202204052347058447501236397295806_0003_m_000002_7' to gs://dtc_data_lake_de-stack-overflow/BigQuery/posts_questions-2011-12/_temporary/0/task_202204052347058447501236397295806_0003_m_000002
[2022-04-05 23:47:32,629] {spark_submit.py:488} INFO - 22/04/05 23:47:32 INFO SparkHadoopMapRedUtil: attempt_202204052347058447501236397295806_0003_m_000002_7: Committed
[2022-04-05 23:47:32,640] {spark_submit.py:488} INFO - 22/04/05 23:47:32 INFO GoogleCloudStorageImpl: Ignoring exception of type GoogleJsonResponseException; verified object already exists with desired state.
[2022-04-05 23:47:32,642] {spark_submit.py:488} INFO - 22/04/05 23:47:32 INFO GoogleCloudStorageFileSystem: Successfully repaired 'gs://dtc_data_lake_de-stack-overflow/BigQuery/posts_questions-2011-12/_temporary/0/_temporary/' directory.
[2022-04-05 23:47:32,642] {spark_submit.py:488} INFO - 22/04/05 23:47:32 INFO FileOutputCommitter: Saved output of task 'attempt_202204052347052735997182405868260_0003_m_000003_8' to gs://dtc_data_lake_de-stack-overflow/BigQuery/posts_questions-2011-12/_temporary/0/task_202204052347052735997182405868260_0003_m_000003
[2022-04-05 23:47:32,644] {spark_submit.py:488} INFO - 22/04/05 23:47:32 INFO SparkHadoopMapRedUtil: attempt_202204052347052735997182405868260_0003_m_000003_8: Committed
[2022-04-05 23:47:32,651] {spark_submit.py:488} INFO - 22/04/05 23:47:32 INFO GoogleCloudStorageFileSystem: Successfully repaired 'gs://dtc_data_lake_de-stack-overflow/BigQuery/posts_questions-2011-12/_temporary/0/_temporary/' directory.
[2022-04-05 23:47:32,651] {spark_submit.py:488} INFO - 22/04/05 23:47:32 INFO FileOutputCommitter: Saved output of task 'attempt_202204052347056859212687837057635_0003_m_000001_6' to gs://dtc_data_lake_de-stack-overflow/BigQuery/posts_questions-2011-12/_temporary/0/task_202204052347056859212687837057635_0003_m_000001
[2022-04-05 23:47:32,652] {spark_submit.py:488} INFO - 22/04/05 23:47:32 INFO SparkHadoopMapRedUtil: attempt_202204052347056859212687837057635_0003_m_000001_6: Committed
[2022-04-05 23:47:32,665] {spark_submit.py:488} INFO - 22/04/05 23:47:32 INFO GoogleCloudStorageImpl: Ignoring exception of type GoogleJsonResponseException; verified object already exists with desired state.
[2022-04-05 23:47:32,666] {spark_submit.py:488} INFO - 22/04/05 23:47:32 INFO GoogleCloudStorageFileSystem: Successfully repaired 'gs://dtc_data_lake_de-stack-overflow/BigQuery/posts_questions-2011-12/_temporary/0/_temporary/' directory.
[2022-04-05 23:47:32,666] {spark_submit.py:488} INFO - 22/04/05 23:47:32 INFO FileOutputCommitter: Saved output of task 'attempt_202204052347057724243355575966521_0003_m_000000_5' to gs://dtc_data_lake_de-stack-overflow/BigQuery/posts_questions-2011-12/_temporary/0/task_202204052347057724243355575966521_0003_m_000000
[2022-04-05 23:47:32,666] {spark_submit.py:488} INFO - 22/04/05 23:47:32 INFO SparkHadoopMapRedUtil: attempt_202204052347057724243355575966521_0003_m_000000_5: Committed
[2022-04-05 23:47:32,768] {spark_submit.py:488} INFO - 22/04/05 23:47:32 INFO Executor: Finished task 0.0 in stage 3.0 (TID 5). 3526 bytes result sent to driver
[2022-04-05 23:47:32,776] {spark_submit.py:488} INFO - 22/04/05 23:47:32 INFO Executor: Finished task 1.0 in stage 3.0 (TID 6). 3526 bytes result sent to driver
[2022-04-05 23:47:32,776] {spark_submit.py:488} INFO - 22/04/05 23:47:32 INFO Executor: Finished task 2.0 in stage 3.0 (TID 7). 3526 bytes result sent to driver
[2022-04-05 23:47:32,780] {spark_submit.py:488} INFO - 22/04/05 23:47:32 INFO Executor: Finished task 3.0 in stage 3.0 (TID 8). 3526 bytes result sent to driver
[2022-04-05 23:47:32,784] {spark_submit.py:488} INFO - 22/04/05 23:47:32 INFO TaskSetManager: Finished task 0.0 in stage 3.0 (TID 5) in 26258 ms on 9fe4286b2855 (executor driver) (1/4)
[2022-04-05 23:47:32,784] {spark_submit.py:488} INFO - 22/04/05 23:47:32 INFO TaskSetManager: Finished task 3.0 in stage 3.0 (TID 8) in 26248 ms on 9fe4286b2855 (executor driver) (2/4)
[2022-04-05 23:47:32,784] {spark_submit.py:488} INFO - 22/04/05 23:47:32 INFO TaskSetManager: Finished task 2.0 in stage 3.0 (TID 7) in 26253 ms on 9fe4286b2855 (executor driver) (3/4)
[2022-04-05 23:47:32,784] {spark_submit.py:488} INFO - 22/04/05 23:47:32 INFO TaskSetManager: Finished task 1.0 in stage 3.0 (TID 6) in 26254 ms on 9fe4286b2855 (executor driver) (4/4)
[2022-04-05 23:47:32,784] {spark_submit.py:488} INFO - 22/04/05 23:47:32 INFO TaskSchedulerImpl: Removed TaskSet 3.0, whose tasks have all completed, from pool
[2022-04-05 23:47:32,804] {spark_submit.py:488} INFO - 22/04/05 23:47:32 INFO DAGScheduler: ResultStage 3 (save at NativeMethodAccessorImpl.java:0) finished in 26.915 s
[2022-04-05 23:47:32,807] {spark_submit.py:488} INFO - 22/04/05 23:47:32 INFO DAGScheduler: Job 2 is finished. Cancelling potential speculative or zombie tasks for this job
[2022-04-05 23:47:32,808] {spark_submit.py:488} INFO - 22/04/05 23:47:32 INFO TaskSchedulerImpl: Killing all running tasks in stage 3: Stage finished
[2022-04-05 23:47:32,820] {spark_submit.py:488} INFO - 22/04/05 23:47:32 INFO DAGScheduler: Job 2 finished: save at NativeMethodAccessorImpl.java:0, took 27.014294 s
[2022-04-05 23:47:32,823] {spark_submit.py:488} INFO - 22/04/05 23:47:32 INFO FileFormatWriter: Start to commit write Job 261291c2-e9cd-42b0-ae48-2a8f280e7e76.
[2022-04-05 23:47:33,428] {spark_submit.py:488} INFO - 22/04/05 23:47:33 INFO GoogleCloudStorageFileSystem: Successfully repaired 'gs://dtc_data_lake_de-stack-overflow/BigQuery/posts_questions-2011-12/_temporary/0/task_202204052347052735997182405868260_0003_m_000003/' directory.
[2022-04-05 23:47:33,897] {spark_submit.py:488} INFO - 22/04/05 23:47:33 INFO GoogleCloudStorageFileSystem: Successfully repaired 'gs://dtc_data_lake_de-stack-overflow/BigQuery/posts_questions-2011-12/_temporary/0/task_202204052347056859212687837057635_0003_m_000001/' directory.
[2022-04-05 23:47:34,222] {spark_submit.py:488} INFO - 22/04/05 23:47:34 INFO GoogleCloudStorageFileSystem: Successfully repaired 'gs://dtc_data_lake_de-stack-overflow/BigQuery/posts_questions-2011-12/_temporary/0/task_202204052347057724243355575966521_0003_m_000000/' directory.
[2022-04-05 23:47:34,819] {spark_submit.py:488} INFO - 22/04/05 23:47:34 INFO GoogleCloudStorageFileSystem: Successfully repaired 'gs://dtc_data_lake_de-stack-overflow/BigQuery/posts_questions-2011-12/_temporary/0/task_202204052347058447501236397295806_0003_m_000002/' directory.
[2022-04-05 23:47:35,139] {spark_submit.py:488} INFO - 22/04/05 23:47:35 INFO GoogleCloudStorageFileSystem: Successfully repaired 'gs://dtc_data_lake_de-stack-overflow/BigQuery/posts_questions-2011-12/' directory.
[2022-04-05 23:47:35,895] {spark_submit.py:488} INFO - 22/04/05 23:47:35 INFO FileFormatWriter: Write Job 261291c2-e9cd-42b0-ae48-2a8f280e7e76 committed. Elapsed time: 3072 ms.
[2022-04-05 23:47:35,931] {spark_submit.py:488} INFO - 22/04/05 23:47:35 INFO FileFormatWriter: Finished processing stats for write job 261291c2-e9cd-42b0-ae48-2a8f280e7e76.
[2022-04-05 23:47:36,962] {spark_submit.py:488} INFO - 22/04/05 23:47:36 INFO SparkContext: Invoking stop() from shutdown hook
[2022-04-05 23:47:37,083] {spark_submit.py:488} INFO - 22/04/05 23:47:37 INFO SparkUI: Stopped Spark web UI at http://9fe4286b2855:4045
[2022-04-05 23:47:37,209] {spark_submit.py:488} INFO - 22/04/05 23:47:37 INFO MapOutputTrackerMasterEndpoint: MapOutputTrackerMasterEndpoint stopped!
[2022-04-05 23:47:37,510] {spark_submit.py:488} INFO - 22/04/05 23:47:37 INFO MemoryStore: MemoryStore cleared
[2022-04-05 23:47:37,511] {spark_submit.py:488} INFO - 22/04/05 23:47:37 INFO BlockManager: BlockManager stopped
[2022-04-05 23:47:37,516] {spark_submit.py:488} INFO - 22/04/05 23:47:37 INFO BlockManagerMaster: BlockManagerMaster stopped
[2022-04-05 23:47:37,523] {spark_submit.py:488} INFO - 22/04/05 23:47:37 INFO OutputCommitCoordinator$OutputCommitCoordinatorEndpoint: OutputCommitCoordinator stopped!
[2022-04-05 23:47:37,698] {spark_submit.py:488} INFO - 22/04/05 23:47:37 INFO SparkContext: Successfully stopped SparkContext
[2022-04-05 23:47:37,698] {spark_submit.py:488} INFO - 22/04/05 23:47:37 INFO ShutdownHookManager: Shutdown hook called
[2022-04-05 23:47:37,699] {spark_submit.py:488} INFO - 22/04/05 23:47:37 INFO ShutdownHookManager: Deleting directory /tmp/spark-72e5deec-0b3d-4acb-8452-6a2d94ce65f3/pyspark-797b3919-bf7c-4f26-9b6a-14315d728172
[2022-04-05 23:47:37,722] {spark_submit.py:488} INFO - 22/04/05 23:47:37 INFO ShutdownHookManager: Deleting directory /tmp/spark-72e5deec-0b3d-4acb-8452-6a2d94ce65f3
[2022-04-05 23:47:37,746] {spark_submit.py:488} INFO - 22/04/05 23:47:37 INFO ShutdownHookManager: Deleting directory /tmp/spark-0e398038-5879-4b06-aa7f-0846cd669b1e
[2022-04-05 23:47:38,675] {taskinstance.py:1288} INFO - Marking task as SUCCESS. dag_id=IngestToGCP, task_id=processing_tasks_posts_questions.spark_job, execution_date=20111201T000000, start_date=20220405T234250, end_date=20220405T234738
[2022-04-05 23:47:38,907] {local_task_job.py:154} INFO - Task exited with return code 0
[2022-04-05 23:47:39,013] {local_task_job.py:264} INFO - 1 downstream tasks scheduled from follow-on schedule check
