[2022-04-06 01:36:37,129] {taskinstance.py:1043} INFO - Dependencies all met for <TaskInstance: IngestToGCP.processing_tasks_posts_answers.spark_job scheduled__2016-03-01T00:00:00+00:00 [queued]>
[2022-04-06 01:36:37,348] {taskinstance.py:1043} INFO - Dependencies all met for <TaskInstance: IngestToGCP.processing_tasks_posts_answers.spark_job scheduled__2016-03-01T00:00:00+00:00 [queued]>
[2022-04-06 01:36:37,349] {taskinstance.py:1249} INFO - 
--------------------------------------------------------------------------------
[2022-04-06 01:36:37,349] {taskinstance.py:1250} INFO - Starting attempt 1 of 1
[2022-04-06 01:36:37,349] {taskinstance.py:1251} INFO - 
--------------------------------------------------------------------------------
[2022-04-06 01:36:37,549] {taskinstance.py:1270} INFO - Executing <Task(SparkSubmitOperator): processing_tasks_posts_answers.spark_job> on 2016-03-01 00:00:00+00:00
[2022-04-06 01:36:37,622] {standard_task_runner.py:52} INFO - Started process 139638 to run task
[2022-04-06 01:36:37,811] {standard_task_runner.py:79} INFO - Running: ['***', 'tasks', 'run', 'IngestToGCP', 'processing_tasks_posts_answers.spark_job', 'scheduled__2016-03-01T00:00:00+00:00', '--job-id', '10581', '--raw', '--subdir', 'DAGS_FOLDER/ingest_dag.py', '--cfg-path', '/tmp/tmpmg08h6sm', '--error-file', '/tmp/tmpl27mcj8h']
[2022-04-06 01:36:37,846] {standard_task_runner.py:80} INFO - Job 10581: Subtask processing_tasks_posts_answers.spark_job
[2022-04-06 01:36:38,299] {logging_mixin.py:109} INFO - Running <TaskInstance: IngestToGCP.processing_tasks_posts_answers.spark_job scheduled__2016-03-01T00:00:00+00:00 [running]> on host 9fe4286b2855
[2022-04-06 01:36:38,768] {logging_mixin.py:109} WARNING - /home/***/.local/lib/python3.7/site-packages/***/utils/context.py:156 AirflowContextDeprecationWarning: Accessing 'execution_date' from the template is deprecated and will be removed in a future version. Please use 'data_interval_start' or 'logical_date' instead.
[2022-04-06 01:36:38,932] {taskinstance.py:1448} INFO - Exporting the following env vars:
AIRFLOW_CTX_DAG_OWNER=***
AIRFLOW_CTX_DAG_ID=IngestToGCP
AIRFLOW_CTX_TASK_ID=processing_tasks_posts_answers.spark_job
AIRFLOW_CTX_EXECUTION_DATE=2016-03-01T00:00:00+00:00
AIRFLOW_CTX_DAG_RUN_ID=scheduled__2016-03-01T00:00:00+00:00
[2022-04-06 01:36:39,093] {base.py:79} INFO - Using connection to: id: spark_project. Host: spark://spark, Port: 7077, Schema: , Login: , Password: None, extra: {'queue': 'root.default'}
[2022-04-06 01:36:39,121] {spark_submit.py:335} INFO - Spark-Submit cmd: spark-submit --master spark://spark:7077 --conf spark.master=local[*] --name format_schema --verbose --queue root.default ./dags/pyspark_parquet_transformation.py posts_answers 2016-03
[2022-04-06 01:37:02,219] {spark_submit.py:488} INFO - Using properties file: null
[2022-04-06 01:37:03,636] {spark_submit.py:488} INFO - WARNING: An illegal reflective access operation has occurred
[2022-04-06 01:37:03,636] {spark_submit.py:488} INFO - WARNING: Illegal reflective access by org.apache.spark.unsafe.Platform (file:/opt/***/spark/spark-3.2.1-bin-hadoop3.2/jars/spark-unsafe_2.12-3.2.1.jar) to constructor java.nio.DirectByteBuffer(long,int)
[2022-04-06 01:37:03,636] {spark_submit.py:488} INFO - WARNING: Please consider reporting this to the maintainers of org.apache.spark.unsafe.Platform
[2022-04-06 01:37:03,636] {spark_submit.py:488} INFO - WARNING: Use --illegal-access=warn to enable warnings of further illegal reflective access operations
[2022-04-06 01:37:03,682] {spark_submit.py:488} INFO - WARNING: All illegal access operations will be denied in a future release
[2022-04-06 01:37:04,467] {spark_submit.py:488} INFO - Parsed arguments:
[2022-04-06 01:37:04,467] {spark_submit.py:488} INFO - master                  spark://spark:7077
[2022-04-06 01:37:04,467] {spark_submit.py:488} INFO - deployMode              null
[2022-04-06 01:37:04,467] {spark_submit.py:488} INFO - executorMemory          null
[2022-04-06 01:37:04,467] {spark_submit.py:488} INFO - executorCores           null
[2022-04-06 01:37:04,467] {spark_submit.py:488} INFO - totalExecutorCores      null
[2022-04-06 01:37:04,467] {spark_submit.py:488} INFO - propertiesFile          null
[2022-04-06 01:37:04,467] {spark_submit.py:488} INFO - driverMemory            null
[2022-04-06 01:37:04,467] {spark_submit.py:488} INFO - driverCores             null
[2022-04-06 01:37:04,468] {spark_submit.py:488} INFO - driverExtraClassPath    null
[2022-04-06 01:37:04,468] {spark_submit.py:488} INFO - driverExtraLibraryPath  null
[2022-04-06 01:37:04,468] {spark_submit.py:488} INFO - driverExtraJavaOptions  null
[2022-04-06 01:37:04,468] {spark_submit.py:488} INFO - supervise               false
[2022-04-06 01:37:04,468] {spark_submit.py:488} INFO - queue                   root.default
[2022-04-06 01:37:04,468] {spark_submit.py:488} INFO - numExecutors            null
[2022-04-06 01:37:04,468] {spark_submit.py:488} INFO - files                   null
[2022-04-06 01:37:04,468] {spark_submit.py:488} INFO - pyFiles                 null
[2022-04-06 01:37:04,468] {spark_submit.py:488} INFO - archives                null
[2022-04-06 01:37:04,468] {spark_submit.py:488} INFO - mainClass               null
[2022-04-06 01:37:04,468] {spark_submit.py:488} INFO - primaryResource         file:/opt/***/dags/pyspark_parquet_transformation.py
[2022-04-06 01:37:04,468] {spark_submit.py:488} INFO - name                    format_schema
[2022-04-06 01:37:04,468] {spark_submit.py:488} INFO - childArgs               [posts_answers 2016-03]
[2022-04-06 01:37:04,469] {spark_submit.py:488} INFO - jars                    null
[2022-04-06 01:37:04,469] {spark_submit.py:488} INFO - packages                null
[2022-04-06 01:37:04,469] {spark_submit.py:488} INFO - packagesExclusions      null
[2022-04-06 01:37:04,469] {spark_submit.py:488} INFO - repositories            null
[2022-04-06 01:37:04,469] {spark_submit.py:488} INFO - verbose                 true
[2022-04-06 01:37:04,469] {spark_submit.py:488} INFO - 
[2022-04-06 01:37:04,469] {spark_submit.py:488} INFO - Spark properties used, including those specified through
[2022-04-06 01:37:04,469] {spark_submit.py:488} INFO - --conf and those from the properties file null:
[2022-04-06 01:37:04,469] {spark_submit.py:488} INFO - (spark.master,local[*])
[2022-04-06 01:37:04,469] {spark_submit.py:488} INFO - 
[2022-04-06 01:37:04,469] {spark_submit.py:488} INFO - 
[2022-04-06 01:37:08,656] {spark_submit.py:488} INFO - Main class:
[2022-04-06 01:37:08,656] {spark_submit.py:488} INFO - org.apache.spark.deploy.PythonRunner
[2022-04-06 01:37:08,657] {spark_submit.py:488} INFO - Arguments:
[2022-04-06 01:37:08,658] {spark_submit.py:488} INFO - file:/opt/***/dags/pyspark_parquet_transformation.py
[2022-04-06 01:37:08,658] {spark_submit.py:488} INFO - null
[2022-04-06 01:37:08,658] {spark_submit.py:488} INFO - posts_answers
[2022-04-06 01:37:08,658] {spark_submit.py:488} INFO - 2016-03
[2022-04-06 01:37:08,664] {spark_submit.py:488} INFO - Spark config:
[2022-04-06 01:37:08,664] {spark_submit.py:488} INFO - (spark.master,spark://spark:7077)
[2022-04-06 01:37:08,664] {spark_submit.py:488} INFO - (spark.submit.pyFiles,)
[2022-04-06 01:37:08,664] {spark_submit.py:488} INFO - (spark.submit.deployMode,client)
[2022-04-06 01:37:08,664] {spark_submit.py:488} INFO - (spark.app.name,format_schema)
[2022-04-06 01:37:08,665] {spark_submit.py:488} INFO - Classpath elements:
[2022-04-06 01:37:08,665] {spark_submit.py:488} INFO - 
[2022-04-06 01:37:08,666] {spark_submit.py:488} INFO - 
[2022-04-06 01:37:08,666] {spark_submit.py:488} INFO - 
[2022-04-06 01:37:17,482] {spark_submit.py:488} INFO - Using Spark's default log4j profile: org/apache/spark/log4j-defaults.properties
[2022-04-06 01:37:17,685] {spark_submit.py:488} INFO - 22/04/06 01:37:17 INFO SparkContext: Running Spark version 3.2.1
[2022-04-06 01:37:18,423] {spark_submit.py:488} INFO - 22/04/06 01:37:18 WARN NativeCodeLoader: Unable to load native-hadoop library for your platform... using builtin-java classes where applicable
[2022-04-06 01:37:19,999] {spark_submit.py:488} INFO - 22/04/06 01:37:19 INFO ResourceUtils: ==============================================================
[2022-04-06 01:37:20,006] {spark_submit.py:488} INFO - 22/04/06 01:37:20 INFO ResourceUtils: No custom resources configured for spark.driver.
[2022-04-06 01:37:20,020] {spark_submit.py:488} INFO - 22/04/06 01:37:20 INFO ResourceUtils: ==============================================================
[2022-04-06 01:37:20,021] {spark_submit.py:488} INFO - 22/04/06 01:37:20 INFO SparkContext: Submitted application: Modidy Schema
[2022-04-06 01:37:20,318] {spark_submit.py:488} INFO - 22/04/06 01:37:20 INFO ResourceProfile: Default ResourceProfile created, executor resources: Map(cores -> name: cores, amount: 1, script: , vendor: , memory -> name: memory, amount: 1024, script: , vendor: , offHeap -> name: offHeap, amount: 0, script: , vendor: ), task resources: Map(cpus -> name: cpus, amount: 1.0)
[2022-04-06 01:37:20,584] {spark_submit.py:488} INFO - 22/04/06 01:37:20 INFO ResourceProfile: Limiting resource is cpu
[2022-04-06 01:37:20,596] {spark_submit.py:488} INFO - 22/04/06 01:37:20 INFO ResourceProfileManager: Added ResourceProfile id: 0
[2022-04-06 01:37:21,329] {spark_submit.py:488} INFO - 22/04/06 01:37:21 INFO SecurityManager: Changing view acls to: default
[2022-04-06 01:37:21,361] {spark_submit.py:488} INFO - 22/04/06 01:37:21 INFO SecurityManager: Changing modify acls to: default
[2022-04-06 01:37:21,362] {spark_submit.py:488} INFO - 22/04/06 01:37:21 INFO SecurityManager: Changing view acls groups to:
[2022-04-06 01:37:21,363] {spark_submit.py:488} INFO - 22/04/06 01:37:21 INFO SecurityManager: Changing modify acls groups to:
[2022-04-06 01:37:21,394] {spark_submit.py:488} INFO - 22/04/06 01:37:21 INFO SecurityManager: SecurityManager: authentication disabled; ui acls disabled; users  with view permissions: Set(default); groups with view permissions: Set(); users  with modify permissions: Set(default); groups with modify permissions: Set()
[2022-04-06 01:37:25,228] {spark_submit.py:488} INFO - 22/04/06 01:37:25 INFO Utils: Successfully started service 'sparkDriver' on port 39669.
[2022-04-06 01:37:25,775] {spark_submit.py:488} INFO - 22/04/06 01:37:25 INFO SparkEnv: Registering MapOutputTracker
[2022-04-06 01:37:26,700] {spark_submit.py:488} INFO - 22/04/06 01:37:26 INFO SparkEnv: Registering BlockManagerMaster
[2022-04-06 01:37:27,012] {spark_submit.py:488} INFO - 22/04/06 01:37:27 INFO BlockManagerMasterEndpoint: Using org.apache.spark.storage.DefaultTopologyMapper for getting topology information
[2022-04-06 01:37:27,014] {spark_submit.py:488} INFO - 22/04/06 01:37:27 INFO BlockManagerMasterEndpoint: BlockManagerMasterEndpoint up
[2022-04-06 01:37:27,103] {spark_submit.py:488} INFO - 22/04/06 01:37:27 INFO SparkEnv: Registering BlockManagerMasterHeartbeat
[2022-04-06 01:37:27,482] {spark_submit.py:488} INFO - 22/04/06 01:37:27 INFO DiskBlockManager: Created local directory at /tmp/blockmgr-c8d0d2c0-13d3-411b-8fe7-359c688ea598
[2022-04-06 01:37:27,831] {spark_submit.py:488} INFO - 22/04/06 01:37:27 INFO MemoryStore: MemoryStore started with capacity 434.4 MiB
[2022-04-06 01:37:28,022] {spark_submit.py:488} INFO - 22/04/06 01:37:28 INFO SparkEnv: Registering OutputCommitCoordinator
[2022-04-06 01:37:30,481] {spark_submit.py:488} INFO - 22/04/06 01:37:30 WARN Utils: Service 'SparkUI' could not bind on port 4040. Attempting port 4041.
[2022-04-06 01:37:30,482] {spark_submit.py:488} INFO - 22/04/06 01:37:30 WARN Utils: Service 'SparkUI' could not bind on port 4041. Attempting port 4042.
[2022-04-06 01:37:30,482] {spark_submit.py:488} INFO - 22/04/06 01:37:30 WARN Utils: Service 'SparkUI' could not bind on port 4042. Attempting port 4043.
[2022-04-06 01:37:30,483] {spark_submit.py:488} INFO - 22/04/06 01:37:30 WARN Utils: Service 'SparkUI' could not bind on port 4043. Attempting port 4044.
[2022-04-06 01:37:30,484] {spark_submit.py:488} INFO - 22/04/06 01:37:30 WARN Utils: Service 'SparkUI' could not bind on port 4044. Attempting port 4045.
[2022-04-06 01:37:30,488] {spark_submit.py:488} INFO - 22/04/06 01:37:30 WARN Utils: Service 'SparkUI' could not bind on port 4045. Attempting port 4046.
[2022-04-06 01:37:30,525] {spark_submit.py:488} INFO - 22/04/06 01:37:30 WARN Utils: Service 'SparkUI' could not bind on port 4046. Attempting port 4047.
[2022-04-06 01:37:30,626] {spark_submit.py:488} INFO - 22/04/06 01:37:30 INFO Utils: Successfully started service 'SparkUI' on port 4047.
[2022-04-06 01:37:31,550] {spark_submit.py:488} INFO - 22/04/06 01:37:31 INFO SparkUI: Bound SparkUI to 0.0.0.0, and started at http://9fe4286b2855:4047
[2022-04-06 01:37:34,080] {spark_submit.py:488} INFO - 22/04/06 01:37:34 INFO Executor: Starting executor ID driver on host 9fe4286b2855
[2022-04-06 01:37:34,449] {spark_submit.py:488} INFO - 22/04/06 01:37:34 INFO Utils: Successfully started service 'org.apache.spark.network.netty.NettyBlockTransferService' on port 45689.
[2022-04-06 01:37:34,449] {spark_submit.py:488} INFO - 22/04/06 01:37:34 INFO NettyBlockTransferService: Server created on 9fe4286b2855:45689
[2022-04-06 01:37:34,464] {spark_submit.py:488} INFO - 22/04/06 01:37:34 INFO BlockManager: Using org.apache.spark.storage.RandomBlockReplicationPolicy for block replication policy
[2022-04-06 01:37:34,509] {spark_submit.py:488} INFO - 22/04/06 01:37:34 INFO BlockManagerMaster: Registering BlockManager BlockManagerId(driver, 9fe4286b2855, 45689, None)
[2022-04-06 01:37:34,517] {spark_submit.py:488} INFO - 22/04/06 01:37:34 INFO BlockManagerMasterEndpoint: Registering block manager 9fe4286b2855:45689 with 434.4 MiB RAM, BlockManagerId(driver, 9fe4286b2855, 45689, None)
[2022-04-06 01:37:34,553] {spark_submit.py:488} INFO - 22/04/06 01:37:34 INFO BlockManagerMaster: Registered BlockManager BlockManagerId(driver, 9fe4286b2855, 45689, None)
[2022-04-06 01:37:34,604] {spark_submit.py:488} INFO - 22/04/06 01:37:34 INFO BlockManager: Initialized BlockManager: BlockManagerId(driver, 9fe4286b2855, 45689, None)
[2022-04-06 01:37:49,054] {spark_submit.py:488} INFO - 22/04/06 01:37:49 INFO SharedState: Setting hive.metastore.warehouse.dir ('null') to the value of spark.sql.warehouse.dir.
[2022-04-06 01:37:49,652] {spark_submit.py:488} INFO - 22/04/06 01:37:49 INFO SharedState: Warehouse path is 'file:/opt/***/spark-warehouse'.
[2022-04-06 01:38:16,029] {spark_submit.py:488} INFO - 22/04/06 01:38:16 INFO InMemoryFileIndex: It took 957 ms to list leaf files for 1 paths.
[2022-04-06 01:38:26,400] {spark_submit.py:488} INFO - 22/04/06 01:38:26 INFO SparkContext: Starting job: parquet at NativeMethodAccessorImpl.java:0
[2022-04-06 01:38:26,711] {spark_submit.py:488} INFO - 22/04/06 01:38:26 INFO DAGScheduler: Got job 0 (parquet at NativeMethodAccessorImpl.java:0) with 1 output partitions
[2022-04-06 01:38:26,712] {spark_submit.py:488} INFO - 22/04/06 01:38:26 INFO DAGScheduler: Final stage: ResultStage 0 (parquet at NativeMethodAccessorImpl.java:0)
[2022-04-06 01:38:26,713] {spark_submit.py:488} INFO - 22/04/06 01:38:26 INFO DAGScheduler: Parents of final stage: List()
[2022-04-06 01:38:26,715] {spark_submit.py:488} INFO - 22/04/06 01:38:26 INFO DAGScheduler: Missing parents: List()
[2022-04-06 01:38:26,775] {spark_submit.py:488} INFO - 22/04/06 01:38:26 INFO DAGScheduler: Submitting ResultStage 0 (MapPartitionsRDD[1] at parquet at NativeMethodAccessorImpl.java:0), which has no missing parents
[2022-04-06 01:38:27,834] {spark_submit.py:488} INFO - 22/04/06 01:38:27 INFO MemoryStore: Block broadcast_0 stored as values in memory (estimated size 100.1 KiB, free 434.3 MiB)
[2022-04-06 01:38:28,270] {spark_submit.py:488} INFO - 22/04/06 01:38:28 INFO MemoryStore: Block broadcast_0_piece0 stored as bytes in memory (estimated size 35.8 KiB, free 434.3 MiB)
[2022-04-06 01:38:28,296] {spark_submit.py:488} INFO - 22/04/06 01:38:28 INFO BlockManagerInfo: Added broadcast_0_piece0 in memory on 9fe4286b2855:45689 (size: 35.8 KiB, free: 434.4 MiB)
[2022-04-06 01:38:28,344] {spark_submit.py:488} INFO - 22/04/06 01:38:28 INFO SparkContext: Created broadcast 0 from broadcast at DAGScheduler.scala:1478
[2022-04-06 01:38:28,652] {spark_submit.py:488} INFO - 22/04/06 01:38:28 INFO DAGScheduler: Submitting 1 missing tasks from ResultStage 0 (MapPartitionsRDD[1] at parquet at NativeMethodAccessorImpl.java:0) (first 15 tasks are for partitions Vector(0))
[2022-04-06 01:38:28,700] {spark_submit.py:488} INFO - 22/04/06 01:38:28 INFO TaskSchedulerImpl: Adding task set 0.0 with 1 tasks resource profile 0
[2022-04-06 01:38:29,835] {spark_submit.py:488} INFO - 22/04/06 01:38:29 INFO TaskSetManager: Starting task 0.0 in stage 0.0 (TID 0) (9fe4286b2855, executor driver, partition 0, PROCESS_LOCAL, 4622 bytes) taskResourceAssignments Map()
[2022-04-06 01:38:30,100] {spark_submit.py:488} INFO - 22/04/06 01:38:30 INFO Executor: Running task 0.0 in stage 0.0 (TID 0)
[2022-04-06 01:38:40,121] {spark_submit.py:488} INFO - 22/04/06 01:38:40 INFO Executor: Finished task 0.0 in stage 0.0 (TID 0). 2452 bytes result sent to driver
[2022-04-06 01:38:40,282] {spark_submit.py:488} INFO - 22/04/06 01:38:40 INFO TaskSetManager: Finished task 0.0 in stage 0.0 (TID 0) in 10827 ms on 9fe4286b2855 (executor driver) (1/1)
[2022-04-06 01:38:40,296] {spark_submit.py:488} INFO - 22/04/06 01:38:40 INFO DAGScheduler: ResultStage 0 (parquet at NativeMethodAccessorImpl.java:0) finished in 13.304 s
[2022-04-06 01:38:40,375] {spark_submit.py:488} INFO - 22/04/06 01:38:40 INFO TaskSchedulerImpl: Removed TaskSet 0.0, whose tasks have all completed, from pool
[2022-04-06 01:38:40,381] {spark_submit.py:488} INFO - 22/04/06 01:38:40 INFO DAGScheduler: Job 0 is finished. Cancelling potential speculative or zombie tasks for this job
[2022-04-06 01:38:40,382] {spark_submit.py:488} INFO - 22/04/06 01:38:40 INFO TaskSchedulerImpl: Killing all running tasks in stage 0: Stage finished
[2022-04-06 01:38:40,424] {spark_submit.py:488} INFO - 22/04/06 01:38:40 INFO DAGScheduler: Job 0 finished: parquet at NativeMethodAccessorImpl.java:0, took 13.996431 s
[2022-04-06 01:38:50,390] {spark_submit.py:488} INFO - 22/04/06 01:38:50 INFO BlockManagerInfo: Removed broadcast_0_piece0 on 9fe4286b2855:45689 in memory (size: 35.8 KiB, free: 434.4 MiB)
[2022-04-06 01:39:24,549] {spark_submit.py:488} INFO - 22/04/06 01:39:24 INFO FileSourceStrategy: Pushed Filters:
[2022-04-06 01:39:24,563] {spark_submit.py:488} INFO - 22/04/06 01:39:24 INFO FileSourceStrategy: Post-Scan Filters:
[2022-04-06 01:39:24,637] {spark_submit.py:488} INFO - 22/04/06 01:39:24 INFO FileSourceStrategy: Output Data Schema: struct<id: bigint, title: double, body: string, accepted_answer_id: double, answer_count: double ... 19 more fields>
[2022-04-06 01:39:27,748] {spark_submit.py:488} INFO - 22/04/06 01:39:27 INFO ParquetFileFormat: Using default output committer for Parquet: org.apache.parquet.hadoop.ParquetOutputCommitter
[2022-04-06 01:39:28,177] {spark_submit.py:488} INFO - 22/04/06 01:39:28 INFO FileOutputCommitter: File Output Committer Algorithm version is 1
[2022-04-06 01:39:28,177] {spark_submit.py:488} INFO - 22/04/06 01:39:28 INFO FileOutputCommitter: FileOutputCommitter skip cleanup _temporary folders under output directory:false, ignore cleanup failures: false
[2022-04-06 01:39:28,180] {spark_submit.py:488} INFO - 22/04/06 01:39:28 INFO SQLHadoopMapReduceCommitProtocol: Using user defined output committer class org.apache.parquet.hadoop.ParquetOutputCommitter
[2022-04-06 01:39:28,192] {spark_submit.py:488} INFO - 22/04/06 01:39:28 INFO FileOutputCommitter: File Output Committer Algorithm version is 1
[2022-04-06 01:39:28,204] {spark_submit.py:488} INFO - 22/04/06 01:39:28 INFO FileOutputCommitter: FileOutputCommitter skip cleanup _temporary folders under output directory:false, ignore cleanup failures: false
[2022-04-06 01:39:28,210] {spark_submit.py:488} INFO - 22/04/06 01:39:28 INFO SQLHadoopMapReduceCommitProtocol: Using output committer class org.apache.parquet.hadoop.ParquetOutputCommitter
[2022-04-06 01:39:36,143] {spark_submit.py:488} INFO - 22/04/06 01:39:36 INFO CodeGenerator: Code generated in 3910.737209 ms
[2022-04-06 01:39:36,565] {spark_submit.py:488} INFO - 22/04/06 01:39:36 INFO MemoryStore: Block broadcast_1 stored as values in memory (estimated size 194.3 KiB, free 434.2 MiB)
[2022-04-06 01:39:36,751] {spark_submit.py:488} INFO - 22/04/06 01:39:36 INFO MemoryStore: Block broadcast_1_piece0 stored as bytes in memory (estimated size 34.3 KiB, free 434.2 MiB)
[2022-04-06 01:39:36,765] {spark_submit.py:488} INFO - 22/04/06 01:39:36 INFO BlockManagerInfo: Added broadcast_1_piece0 in memory on 9fe4286b2855:45689 (size: 34.3 KiB, free: 434.4 MiB)
[2022-04-06 01:39:36,812] {spark_submit.py:488} INFO - 22/04/06 01:39:36 INFO SparkContext: Created broadcast 1 from save at NativeMethodAccessorImpl.java:0
[2022-04-06 01:39:37,005] {spark_submit.py:488} INFO - 22/04/06 01:39:37 INFO FileSourceScanExec: Planning scan with bin packing, max size: 35796083 bytes, open cost is considered as scanning 4194304 bytes.
[2022-04-06 01:39:38,015] {spark_submit.py:488} INFO - 22/04/06 01:39:38 INFO DAGScheduler: Registering RDD 6 (save at NativeMethodAccessorImpl.java:0) as input to shuffle 0
[2022-04-06 01:39:38,029] {spark_submit.py:488} INFO - 22/04/06 01:39:38 INFO DAGScheduler: Got map stage job 1 (save at NativeMethodAccessorImpl.java:0) with 4 output partitions
[2022-04-06 01:39:38,031] {spark_submit.py:488} INFO - 22/04/06 01:39:38 INFO DAGScheduler: Final stage: ShuffleMapStage 1 (save at NativeMethodAccessorImpl.java:0)
[2022-04-06 01:39:38,032] {spark_submit.py:488} INFO - 22/04/06 01:39:38 INFO DAGScheduler: Parents of final stage: List()
[2022-04-06 01:39:38,036] {spark_submit.py:488} INFO - 22/04/06 01:39:38 INFO DAGScheduler: Missing parents: List()
[2022-04-06 01:39:38,089] {spark_submit.py:488} INFO - 22/04/06 01:39:38 INFO DAGScheduler: Submitting ShuffleMapStage 1 (MapPartitionsRDD[6] at save at NativeMethodAccessorImpl.java:0), which has no missing parents
[2022-04-06 01:39:38,766] {spark_submit.py:488} INFO - 22/04/06 01:39:38 INFO MemoryStore: Block broadcast_2 stored as values in memory (estimated size 32.6 KiB, free 434.1 MiB)
[2022-04-06 01:39:38,818] {spark_submit.py:488} INFO - 22/04/06 01:39:38 INFO MemoryStore: Block broadcast_2_piece0 stored as bytes in memory (estimated size 10.6 KiB, free 434.1 MiB)
[2022-04-06 01:39:38,822] {spark_submit.py:488} INFO - 22/04/06 01:39:38 INFO BlockManagerInfo: Added broadcast_2_piece0 in memory on 9fe4286b2855:45689 (size: 10.6 KiB, free: 434.4 MiB)
[2022-04-06 01:39:38,834] {spark_submit.py:488} INFO - 22/04/06 01:39:38 INFO SparkContext: Created broadcast 2 from broadcast at DAGScheduler.scala:1478
[2022-04-06 01:39:38,839] {spark_submit.py:488} INFO - 22/04/06 01:39:38 INFO DAGScheduler: Submitting 4 missing tasks from ShuffleMapStage 1 (MapPartitionsRDD[6] at save at NativeMethodAccessorImpl.java:0) (first 15 tasks are for partitions Vector(0, 1, 2, 3))
[2022-04-06 01:39:38,920] {spark_submit.py:488} INFO - 22/04/06 01:39:38 INFO TaskSchedulerImpl: Adding task set 1.0 with 4 tasks resource profile 0
[2022-04-06 01:39:38,957] {spark_submit.py:488} INFO - 22/04/06 01:39:38 INFO TaskSetManager: Starting task 0.0 in stage 1.0 (TID 1) (9fe4286b2855, executor driver, partition 0, PROCESS_LOCAL, 4888 bytes) taskResourceAssignments Map()
[2022-04-06 01:39:38,958] {spark_submit.py:488} INFO - 22/04/06 01:39:38 INFO TaskSetManager: Starting task 1.0 in stage 1.0 (TID 2) (9fe4286b2855, executor driver, partition 1, PROCESS_LOCAL, 4888 bytes) taskResourceAssignments Map()
[2022-04-06 01:39:38,958] {spark_submit.py:488} INFO - 22/04/06 01:39:38 INFO TaskSetManager: Starting task 2.0 in stage 1.0 (TID 3) (9fe4286b2855, executor driver, partition 2, PROCESS_LOCAL, 4888 bytes) taskResourceAssignments Map()
[2022-04-06 01:39:38,958] {spark_submit.py:488} INFO - 22/04/06 01:39:38 INFO TaskSetManager: Starting task 3.0 in stage 1.0 (TID 4) (9fe4286b2855, executor driver, partition 3, PROCESS_LOCAL, 4888 bytes) taskResourceAssignments Map()
[2022-04-06 01:39:38,958] {spark_submit.py:488} INFO - 22/04/06 01:39:38 INFO Executor: Running task 0.0 in stage 1.0 (TID 1)
[2022-04-06 01:39:39,001] {spark_submit.py:488} INFO - 22/04/06 01:39:39 INFO Executor: Running task 1.0 in stage 1.0 (TID 2)
[2022-04-06 01:39:39,083] {spark_submit.py:488} INFO - 22/04/06 01:39:39 INFO Executor: Running task 2.0 in stage 1.0 (TID 3)
[2022-04-06 01:39:39,134] {spark_submit.py:488} INFO - 22/04/06 01:39:39 INFO Executor: Running task 3.0 in stage 1.0 (TID 4)
[2022-04-06 01:39:39,756] {spark_submit.py:488} INFO - 22/04/06 01:39:39 INFO FileScanRDD: Reading File path: gs://dtc_data_lake_de-stack-overflow/parquet/posts_answers-2016-03.parquet, range: 35796083-71592166, partition values: [empty row]
[2022-04-06 01:39:39,783] {spark_submit.py:488} INFO - 22/04/06 01:39:39 INFO FileScanRDD: Reading File path: gs://dtc_data_lake_de-stack-overflow/parquet/posts_answers-2016-03.parquet, range: 0-35796083, partition values: [empty row]
[2022-04-06 01:39:39,787] {spark_submit.py:488} INFO - 22/04/06 01:39:39 INFO FileScanRDD: Reading File path: gs://dtc_data_lake_de-stack-overflow/parquet/posts_answers-2016-03.parquet, range: 71592166-107388249, partition values: [empty row]
[2022-04-06 01:39:39,792] {spark_submit.py:488} INFO - 22/04/06 01:39:39 INFO FileScanRDD: Reading File path: gs://dtc_data_lake_de-stack-overflow/parquet/posts_answers-2016-03.parquet, range: 107388249-138990031, partition values: [empty row]
[2022-04-06 01:39:43,478] {spark_submit.py:488} INFO - 22/04/06 01:39:43 INFO Executor: Finished task 0.0 in stage 1.0 (TID 1). 1857 bytes result sent to driver
[2022-04-06 01:39:43,524] {spark_submit.py:488} INFO - 22/04/06 01:39:43 INFO Executor: Finished task 2.0 in stage 1.0 (TID 3). 1857 bytes result sent to driver
[2022-04-06 01:39:43,525] {spark_submit.py:488} INFO - 22/04/06 01:39:43 INFO Executor: Finished task 3.0 in stage 1.0 (TID 4). 1900 bytes result sent to driver
[2022-04-06 01:39:43,552] {spark_submit.py:488} INFO - 22/04/06 01:39:43 INFO TaskSetManager: Finished task 2.0 in stage 1.0 (TID 3) in 4598 ms on 9fe4286b2855 (executor driver) (1/4)
[2022-04-06 01:39:43,556] {spark_submit.py:488} INFO - 22/04/06 01:39:43 INFO TaskSetManager: Finished task 0.0 in stage 1.0 (TID 1) in 4633 ms on 9fe4286b2855 (executor driver) (2/4)
[2022-04-06 01:39:43,581] {spark_submit.py:488} INFO - 22/04/06 01:39:43 INFO TaskSetManager: Finished task 3.0 in stage 1.0 (TID 4) in 4626 ms on 9fe4286b2855 (executor driver) (3/4)
[2022-04-06 01:40:01,360] {spark_submit.py:488} INFO - 22/04/06 01:40:01 INFO CodecPool: Got brand-new decompressor [.snappy]
[2022-04-06 01:41:19,653] {spark_submit.py:488} INFO - 22/04/06 01:41:19 INFO Executor: Finished task 1.0 in stage 1.0 (TID 2). 2029 bytes result sent to driver
[2022-04-06 01:41:19,668] {spark_submit.py:488} INFO - 22/04/06 01:41:19 INFO TaskSetManager: Finished task 1.0 in stage 1.0 (TID 2) in 100711 ms on 9fe4286b2855 (executor driver) (4/4)
[2022-04-06 01:41:19,668] {spark_submit.py:488} INFO - 22/04/06 01:41:19 INFO TaskSchedulerImpl: Removed TaskSet 1.0, whose tasks have all completed, from pool
[2022-04-06 01:41:19,668] {spark_submit.py:488} INFO - 22/04/06 01:41:19 INFO DAGScheduler: ShuffleMapStage 1 (save at NativeMethodAccessorImpl.java:0) finished in 101.515 s
[2022-04-06 01:41:19,668] {spark_submit.py:488} INFO - 22/04/06 01:41:19 INFO DAGScheduler: looking for newly runnable stages
[2022-04-06 01:41:19,668] {spark_submit.py:488} INFO - 22/04/06 01:41:19 INFO DAGScheduler: running: Set()
[2022-04-06 01:41:19,670] {spark_submit.py:488} INFO - 22/04/06 01:41:19 INFO DAGScheduler: waiting: Set()
[2022-04-06 01:41:19,702] {spark_submit.py:488} INFO - 22/04/06 01:41:19 INFO DAGScheduler: failed: Set()
[2022-04-06 01:41:20,124] {spark_submit.py:488} INFO - 22/04/06 01:41:20 INFO SparkContext: Starting job: save at NativeMethodAccessorImpl.java:0
[2022-04-06 01:41:20,128] {spark_submit.py:488} INFO - 22/04/06 01:41:20 INFO DAGScheduler: Got job 2 (save at NativeMethodAccessorImpl.java:0) with 4 output partitions
[2022-04-06 01:41:20,129] {spark_submit.py:488} INFO - 22/04/06 01:41:20 INFO DAGScheduler: Final stage: ResultStage 3 (save at NativeMethodAccessorImpl.java:0)
[2022-04-06 01:41:20,129] {spark_submit.py:488} INFO - 22/04/06 01:41:20 INFO DAGScheduler: Parents of final stage: List(ShuffleMapStage 2)
[2022-04-06 01:41:20,129] {spark_submit.py:488} INFO - 22/04/06 01:41:20 INFO DAGScheduler: Missing parents: List()
[2022-04-06 01:41:20,133] {spark_submit.py:488} INFO - 22/04/06 01:41:20 INFO DAGScheduler: Submitting ResultStage 3 (ShuffledRowRDD[7] at save at NativeMethodAccessorImpl.java:0), which has no missing parents
[2022-04-06 01:41:20,858] {spark_submit.py:488} INFO - 22/04/06 01:41:20 INFO MemoryStore: Block broadcast_3 stored as values in memory (estimated size 204.1 KiB, free 433.9 MiB)
[2022-04-06 01:41:20,913] {spark_submit.py:488} INFO - 22/04/06 01:41:20 INFO MemoryStore: Block broadcast_3_piece0 stored as bytes in memory (estimated size 72.9 KiB, free 433.9 MiB)
[2022-04-06 01:41:20,916] {spark_submit.py:488} INFO - 22/04/06 01:41:20 INFO BlockManagerInfo: Added broadcast_3_piece0 in memory on 9fe4286b2855:45689 (size: 72.9 KiB, free: 434.3 MiB)
[2022-04-06 01:41:20,917] {spark_submit.py:488} INFO - 22/04/06 01:41:20 INFO SparkContext: Created broadcast 3 from broadcast at DAGScheduler.scala:1478
[2022-04-06 01:41:20,927] {spark_submit.py:488} INFO - 22/04/06 01:41:20 INFO DAGScheduler: Submitting 4 missing tasks from ResultStage 3 (ShuffledRowRDD[7] at save at NativeMethodAccessorImpl.java:0) (first 15 tasks are for partitions Vector(0, 1, 2, 3))
[2022-04-06 01:41:20,927] {spark_submit.py:488} INFO - 22/04/06 01:41:20 INFO TaskSchedulerImpl: Adding task set 3.0 with 4 tasks resource profile 0
[2022-04-06 01:41:20,937] {spark_submit.py:488} INFO - 22/04/06 01:41:20 INFO TaskSetManager: Starting task 0.0 in stage 3.0 (TID 5) (9fe4286b2855, executor driver, partition 0, NODE_LOCAL, 4453 bytes) taskResourceAssignments Map()
[2022-04-06 01:41:20,940] {spark_submit.py:488} INFO - 22/04/06 01:41:20 INFO TaskSetManager: Starting task 1.0 in stage 3.0 (TID 6) (9fe4286b2855, executor driver, partition 1, NODE_LOCAL, 4453 bytes) taskResourceAssignments Map()
[2022-04-06 01:41:20,942] {spark_submit.py:488} INFO - 22/04/06 01:41:20 INFO TaskSetManager: Starting task 2.0 in stage 3.0 (TID 7) (9fe4286b2855, executor driver, partition 2, NODE_LOCAL, 4453 bytes) taskResourceAssignments Map()
[2022-04-06 01:41:20,943] {spark_submit.py:488} INFO - 22/04/06 01:41:20 INFO TaskSetManager: Starting task 3.0 in stage 3.0 (TID 8) (9fe4286b2855, executor driver, partition 3, NODE_LOCAL, 4453 bytes) taskResourceAssignments Map()
[2022-04-06 01:41:20,944] {spark_submit.py:488} INFO - 22/04/06 01:41:20 INFO Executor: Running task 0.0 in stage 3.0 (TID 5)
[2022-04-06 01:41:20,981] {spark_submit.py:488} INFO - 22/04/06 01:41:20 INFO Executor: Running task 1.0 in stage 3.0 (TID 6)
[2022-04-06 01:41:21,052] {spark_submit.py:488} INFO - 22/04/06 01:41:21 INFO Executor: Running task 2.0 in stage 3.0 (TID 7)
[2022-04-06 01:41:21,052] {spark_submit.py:488} INFO - 22/04/06 01:41:21 INFO Executor: Running task 3.0 in stage 3.0 (TID 8)
[2022-04-06 01:41:21,537] {spark_submit.py:488} INFO - 22/04/06 01:41:21 INFO ShuffleBlockFetcherIterator: Getting 1 (39.4 MiB) non-empty blocks including 1 (39.4 MiB) local and 0 (0.0 B) host-local and 0 (0.0 B) push-merged-local and 0 (0.0 B) remote blocks
[2022-04-06 01:41:21,547] {spark_submit.py:488} INFO - 22/04/06 01:41:21 INFO ShuffleBlockFetcherIterator: Getting 1 (39.4 MiB) non-empty blocks including 1 (39.4 MiB) local and 0 (0.0 B) host-local and 0 (0.0 B) push-merged-local and 0 (0.0 B) remote blocks
[2022-04-06 01:41:21,547] {spark_submit.py:488} INFO - 22/04/06 01:41:21 INFO ShuffleBlockFetcherIterator: Started 0 remote fetches in 68 ms
[2022-04-06 01:41:21,547] {spark_submit.py:488} INFO - 22/04/06 01:41:21 INFO ShuffleBlockFetcherIterator: Getting 1 (39.4 MiB) non-empty blocks including 1 (39.4 MiB) local and 0 (0.0 B) host-local and 0 (0.0 B) push-merged-local and 0 (0.0 B) remote blocks
[2022-04-06 01:41:21,548] {spark_submit.py:488} INFO - 22/04/06 01:41:21 INFO ShuffleBlockFetcherIterator: Started 0 remote fetches in 70 ms
[2022-04-06 01:41:21,548] {spark_submit.py:488} INFO - 22/04/06 01:41:21 INFO ShuffleBlockFetcherIterator: Started 0 remote fetches in 69 ms
[2022-04-06 01:41:21,549] {spark_submit.py:488} INFO - 22/04/06 01:41:21 INFO ShuffleBlockFetcherIterator: Getting 1 (39.4 MiB) non-empty blocks including 1 (39.4 MiB) local and 0 (0.0 B) host-local and 0 (0.0 B) push-merged-local and 0 (0.0 B) remote blocks
[2022-04-06 01:41:21,549] {spark_submit.py:488} INFO - 22/04/06 01:41:21 INFO ShuffleBlockFetcherIterator: Started 0 remote fetches in 70 ms
[2022-04-06 01:41:21,645] {spark_submit.py:488} INFO - 22/04/06 01:41:21 INFO FileOutputCommitter: File Output Committer Algorithm version is 1
[2022-04-06 01:41:21,645] {spark_submit.py:488} INFO - 22/04/06 01:41:21 INFO FileOutputCommitter: FileOutputCommitter skip cleanup _temporary folders under output directory:false, ignore cleanup failures: false
[2022-04-06 01:41:21,658] {spark_submit.py:488} INFO - 22/04/06 01:41:21 INFO FileOutputCommitter: File Output Committer Algorithm version is 1
[2022-04-06 01:41:21,659] {spark_submit.py:488} INFO - 22/04/06 01:41:21 INFO FileOutputCommitter: FileOutputCommitter skip cleanup _temporary folders under output directory:false, ignore cleanup failures: false
[2022-04-06 01:41:21,659] {spark_submit.py:488} INFO - 22/04/06 01:41:21 INFO FileOutputCommitter: File Output Committer Algorithm version is 1
[2022-04-06 01:41:21,659] {spark_submit.py:488} INFO - 22/04/06 01:41:21 INFO FileOutputCommitter: FileOutputCommitter skip cleanup _temporary folders under output directory:false, ignore cleanup failures: false
[2022-04-06 01:41:21,664] {spark_submit.py:488} INFO - 22/04/06 01:41:21 INFO FileOutputCommitter: File Output Committer Algorithm version is 1
[2022-04-06 01:41:21,664] {spark_submit.py:488} INFO - 22/04/06 01:41:21 INFO FileOutputCommitter: FileOutputCommitter skip cleanup _temporary folders under output directory:false, ignore cleanup failures: false
[2022-04-06 01:41:21,664] {spark_submit.py:488} INFO - 22/04/06 01:41:21 INFO SQLHadoopMapReduceCommitProtocol: Using user defined output committer class org.apache.parquet.hadoop.ParquetOutputCommitter
[2022-04-06 01:41:21,664] {spark_submit.py:488} INFO - 22/04/06 01:41:21 INFO FileOutputCommitter: File Output Committer Algorithm version is 1
[2022-04-06 01:41:21,664] {spark_submit.py:488} INFO - 22/04/06 01:41:21 INFO SQLHadoopMapReduceCommitProtocol: Using user defined output committer class org.apache.parquet.hadoop.ParquetOutputCommitter
[2022-04-06 01:41:21,664] {spark_submit.py:488} INFO - 22/04/06 01:41:21 INFO FileOutputCommitter: FileOutputCommitter skip cleanup _temporary folders under output directory:false, ignore cleanup failures: false
[2022-04-06 01:41:21,664] {spark_submit.py:488} INFO - 22/04/06 01:41:21 INFO FileOutputCommitter: File Output Committer Algorithm version is 1
[2022-04-06 01:41:21,664] {spark_submit.py:488} INFO - 22/04/06 01:41:21 INFO FileOutputCommitter: FileOutputCommitter skip cleanup _temporary folders under output directory:false, ignore cleanup failures: false
[2022-04-06 01:41:21,665] {spark_submit.py:488} INFO - 22/04/06 01:41:21 INFO SQLHadoopMapReduceCommitProtocol: Using output committer class org.apache.parquet.hadoop.ParquetOutputCommitter
[2022-04-06 01:41:21,665] {spark_submit.py:488} INFO - 22/04/06 01:41:21 INFO SQLHadoopMapReduceCommitProtocol: Using output committer class org.apache.parquet.hadoop.ParquetOutputCommitter
[2022-04-06 01:41:21,668] {spark_submit.py:488} INFO - 22/04/06 01:41:21 INFO SQLHadoopMapReduceCommitProtocol: Using user defined output committer class org.apache.parquet.hadoop.ParquetOutputCommitter
[2022-04-06 01:41:21,668] {spark_submit.py:488} INFO - 22/04/06 01:41:21 INFO FileOutputCommitter: File Output Committer Algorithm version is 1
[2022-04-06 01:41:21,668] {spark_submit.py:488} INFO - 22/04/06 01:41:21 INFO FileOutputCommitter: FileOutputCommitter skip cleanup _temporary folders under output directory:false, ignore cleanup failures: false
[2022-04-06 01:41:21,668] {spark_submit.py:488} INFO - 22/04/06 01:41:21 INFO SQLHadoopMapReduceCommitProtocol: Using output committer class org.apache.parquet.hadoop.ParquetOutputCommitter
[2022-04-06 01:41:21,668] {spark_submit.py:488} INFO - 22/04/06 01:41:21 INFO SQLHadoopMapReduceCommitProtocol: Using user defined output committer class org.apache.parquet.hadoop.ParquetOutputCommitter
[2022-04-06 01:41:21,668] {spark_submit.py:488} INFO - 22/04/06 01:41:21 INFO FileOutputCommitter: File Output Committer Algorithm version is 1
[2022-04-06 01:41:21,668] {spark_submit.py:488} INFO - 22/04/06 01:41:21 INFO FileOutputCommitter: FileOutputCommitter skip cleanup _temporary folders under output directory:false, ignore cleanup failures: false
[2022-04-06 01:41:21,669] {spark_submit.py:488} INFO - 22/04/06 01:41:21 INFO SQLHadoopMapReduceCommitProtocol: Using output committer class org.apache.parquet.hadoop.ParquetOutputCommitter
[2022-04-06 01:41:21,694] {spark_submit.py:488} INFO - 22/04/06 01:41:21 INFO CodecConfig: Compression: SNAPPY
[2022-04-06 01:41:21,699] {spark_submit.py:488} INFO - 22/04/06 01:41:21 INFO CodecConfig: Compression: SNAPPY
[2022-04-06 01:41:21,700] {spark_submit.py:488} INFO - 22/04/06 01:41:21 INFO CodecConfig: Compression: SNAPPY
[2022-04-06 01:41:21,700] {spark_submit.py:488} INFO - 22/04/06 01:41:21 INFO CodecConfig: Compression: SNAPPY
[2022-04-06 01:41:21,701] {spark_submit.py:488} INFO - 22/04/06 01:41:21 INFO CodecConfig: Compression: SNAPPY
[2022-04-06 01:41:21,701] {spark_submit.py:488} INFO - 22/04/06 01:41:21 INFO CodecConfig: Compression: SNAPPY
[2022-04-06 01:41:21,701] {spark_submit.py:488} INFO - 22/04/06 01:41:21 INFO CodecConfig: Compression: SNAPPY
[2022-04-06 01:41:21,702] {spark_submit.py:488} INFO - 22/04/06 01:41:21 INFO CodecConfig: Compression: SNAPPY
[2022-04-06 01:41:21,994] {spark_submit.py:488} INFO - 22/04/06 01:41:21 INFO BlockManagerInfo: Removed broadcast_2_piece0 on 9fe4286b2855:45689 in memory (size: 10.6 KiB, free: 434.3 MiB)
[2022-04-06 01:41:22,012] {spark_submit.py:488} INFO - 22/04/06 01:41:22 INFO ParquetOutputFormat: Parquet block size to 134217728
[2022-04-06 01:41:22,013] {spark_submit.py:488} INFO - 22/04/06 01:41:22 INFO ParquetOutputFormat: Validation is off
[2022-04-06 01:41:22,014] {spark_submit.py:488} INFO - 22/04/06 01:41:22 INFO ParquetOutputFormat: Maximum row group padding size is 8388608 bytes
[2022-04-06 01:41:22,015] {spark_submit.py:488} INFO - 22/04/06 01:41:22 INFO ParquetOutputFormat: Parquet properties are:
[2022-04-06 01:41:22,015] {spark_submit.py:488} INFO - Parquet page size to 1048576
[2022-04-06 01:41:22,015] {spark_submit.py:488} INFO - Parquet dictionary page size to 1048576
[2022-04-06 01:41:22,015] {spark_submit.py:488} INFO - Dictionary is true
[2022-04-06 01:41:22,015] {spark_submit.py:488} INFO - Writer version is: PARQUET_1_0
[2022-04-06 01:41:22,015] {spark_submit.py:488} INFO - Page size checking is: estimated
[2022-04-06 01:41:22,015] {spark_submit.py:488} INFO - Min row count for page size check is: 100
[2022-04-06 01:41:22,015] {spark_submit.py:488} INFO - Max row count for page size check is: 10000
[2022-04-06 01:41:22,015] {spark_submit.py:488} INFO - Truncate length for column indexes is: 64
[2022-04-06 01:41:22,016] {spark_submit.py:488} INFO - Truncate length for statistics min/max  is: 2147483647
[2022-04-06 01:41:22,016] {spark_submit.py:488} INFO - Bloom filter enabled: false
[2022-04-06 01:41:22,016] {spark_submit.py:488} INFO - Max Bloom filter size for a column is 1048576
[2022-04-06 01:41:22,016] {spark_submit.py:488} INFO - Bloom filter expected number of distinct values are: null
[2022-04-06 01:41:22,016] {spark_submit.py:488} INFO - Page row count limit to 20000
[2022-04-06 01:41:22,016] {spark_submit.py:488} INFO - Writing page checksums is: on
[2022-04-06 01:41:22,059] {spark_submit.py:488} INFO - 22/04/06 01:41:22 INFO ParquetOutputFormat: Parquet block size to 134217728
[2022-04-06 01:41:22,059] {spark_submit.py:488} INFO - 22/04/06 01:41:22 INFO ParquetOutputFormat: Validation is off
[2022-04-06 01:41:22,059] {spark_submit.py:488} INFO - 22/04/06 01:41:22 INFO ParquetOutputFormat: Maximum row group padding size is 8388608 bytes
[2022-04-06 01:41:22,060] {spark_submit.py:488} INFO - 22/04/06 01:41:22 INFO ParquetOutputFormat: Parquet properties are:
[2022-04-06 01:41:22,060] {spark_submit.py:488} INFO - Parquet page size to 1048576
[2022-04-06 01:41:22,060] {spark_submit.py:488} INFO - Parquet dictionary page size to 1048576
[2022-04-06 01:41:22,063] {spark_submit.py:488} INFO - Dictionary is true
[2022-04-06 01:41:22,063] {spark_submit.py:488} INFO - Writer version is: PARQUET_1_0
[2022-04-06 01:41:22,063] {spark_submit.py:488} INFO - Page size checking is: estimated
[2022-04-06 01:41:22,063] {spark_submit.py:488} INFO - Min row count for page size check is: 100
[2022-04-06 01:41:22,063] {spark_submit.py:488} INFO - Max row count for page size check is: 10000
[2022-04-06 01:41:22,063] {spark_submit.py:488} INFO - Truncate length for column indexes is: 64
[2022-04-06 01:41:22,063] {spark_submit.py:488} INFO - Truncate length for statistics min/max  is: 2147483647
[2022-04-06 01:41:22,063] {spark_submit.py:488} INFO - Bloom filter enabled: false
[2022-04-06 01:41:22,063] {spark_submit.py:488} INFO - Max Bloom filter size for a column is 1048576
[2022-04-06 01:41:22,067] {spark_submit.py:488} INFO - Bloom filter expected number of distinct values are: null
[2022-04-06 01:41:22,068] {spark_submit.py:488} INFO - Page row count limit to 20000
[2022-04-06 01:41:22,068] {spark_submit.py:488} INFO - Writing page checksums is: on
[2022-04-06 01:41:22,109] {spark_submit.py:488} INFO - 22/04/06 01:41:22 INFO ParquetOutputFormat: Parquet block size to 134217728
[2022-04-06 01:41:22,117] {spark_submit.py:488} INFO - 22/04/06 01:41:22 INFO ParquetOutputFormat: Parquet block size to 134217728
[2022-04-06 01:41:22,120] {spark_submit.py:488} INFO - 22/04/06 01:41:22 INFO ParquetOutputFormat: Validation is off
[2022-04-06 01:41:22,120] {spark_submit.py:488} INFO - 22/04/06 01:41:22 INFO ParquetOutputFormat: Maximum row group padding size is 8388608 bytes
[2022-04-06 01:41:22,120] {spark_submit.py:488} INFO - 22/04/06 01:41:22 INFO ParquetOutputFormat: Parquet properties are:
[2022-04-06 01:41:22,120] {spark_submit.py:488} INFO - Parquet page size to 1048576
[2022-04-06 01:41:22,120] {spark_submit.py:488} INFO - Parquet dictionary page size to 1048576
[2022-04-06 01:41:22,120] {spark_submit.py:488} INFO - Dictionary is true
[2022-04-06 01:41:22,121] {spark_submit.py:488} INFO - Writer version is: PARQUET_1_0
[2022-04-06 01:41:22,121] {spark_submit.py:488} INFO - Page size checking is: estimated
[2022-04-06 01:41:22,121] {spark_submit.py:488} INFO - Min row count for page size check is: 100
[2022-04-06 01:41:22,121] {spark_submit.py:488} INFO - Max row count for page size check is: 10000
[2022-04-06 01:41:22,121] {spark_submit.py:488} INFO - Truncate length for column indexes is: 64
[2022-04-06 01:41:22,121] {spark_submit.py:488} INFO - Truncate length for statistics min/max  is: 2147483647
[2022-04-06 01:41:22,121] {spark_submit.py:488} INFO - Bloom filter enabled: false
[2022-04-06 01:41:22,121] {spark_submit.py:488} INFO - Max Bloom filter size for a column is 1048576
[2022-04-06 01:41:22,121] {spark_submit.py:488} INFO - Bloom filter expected number of distinct values are: null
[2022-04-06 01:41:22,121] {spark_submit.py:488} INFO - Page row count limit to 20000
[2022-04-06 01:41:22,121] {spark_submit.py:488} INFO - Writing page checksums is: on
[2022-04-06 01:41:22,121] {spark_submit.py:488} INFO - 22/04/06 01:41:22 INFO ParquetOutputFormat: Validation is off
[2022-04-06 01:41:22,121] {spark_submit.py:488} INFO - 22/04/06 01:41:22 INFO ParquetOutputFormat: Maximum row group padding size is 8388608 bytes
[2022-04-06 01:41:22,121] {spark_submit.py:488} INFO - 22/04/06 01:41:22 INFO ParquetOutputFormat: Parquet properties are:
[2022-04-06 01:41:22,122] {spark_submit.py:488} INFO - Parquet page size to 1048576
[2022-04-06 01:41:22,122] {spark_submit.py:488} INFO - Parquet dictionary page size to 1048576
[2022-04-06 01:41:22,122] {spark_submit.py:488} INFO - Dictionary is true
[2022-04-06 01:41:22,122] {spark_submit.py:488} INFO - Writer version is: PARQUET_1_0
[2022-04-06 01:41:22,122] {spark_submit.py:488} INFO - Page size checking is: estimated
[2022-04-06 01:41:22,122] {spark_submit.py:488} INFO - Min row count for page size check is: 100
[2022-04-06 01:41:22,122] {spark_submit.py:488} INFO - Max row count for page size check is: 10000
[2022-04-06 01:41:22,122] {spark_submit.py:488} INFO - Truncate length for column indexes is: 64
[2022-04-06 01:41:22,122] {spark_submit.py:488} INFO - Truncate length for statistics min/max  is: 2147483647
[2022-04-06 01:41:22,122] {spark_submit.py:488} INFO - Bloom filter enabled: false
[2022-04-06 01:41:22,122] {spark_submit.py:488} INFO - Max Bloom filter size for a column is 1048576
[2022-04-06 01:41:22,122] {spark_submit.py:488} INFO - Bloom filter expected number of distinct values are: null
[2022-04-06 01:41:22,123] {spark_submit.py:488} INFO - Page row count limit to 20000
[2022-04-06 01:41:22,123] {spark_submit.py:488} INFO - Writing page checksums is: on
[2022-04-06 01:41:22,164] {spark_submit.py:488} INFO - 22/04/06 01:41:22 INFO ParquetWriteSupport: Initialized Parquet WriteSupport with Catalyst schema:
[2022-04-06 01:41:22,164] {spark_submit.py:488} INFO - {
[2022-04-06 01:41:22,164] {spark_submit.py:488} INFO - "type" : "struct",
[2022-04-06 01:41:22,164] {spark_submit.py:488} INFO - "fields" : [ {
[2022-04-06 01:41:22,164] {spark_submit.py:488} INFO - "name" : "id",
[2022-04-06 01:41:22,164] {spark_submit.py:488} INFO - "type" : "integer",
[2022-04-06 01:41:22,164] {spark_submit.py:488} INFO - "nullable" : true,
[2022-04-06 01:41:22,164] {spark_submit.py:488} INFO - "metadata" : { }
[2022-04-06 01:41:22,164] {spark_submit.py:488} INFO - }, {
[2022-04-06 01:41:22,165] {spark_submit.py:488} INFO - "name" : "title",
[2022-04-06 01:41:22,165] {spark_submit.py:488} INFO - "type" : "string",
[2022-04-06 01:41:22,165] {spark_submit.py:488} INFO - "nullable" : true,
[2022-04-06 01:41:22,165] {spark_submit.py:488} INFO - "metadata" : { }
[2022-04-06 01:41:22,165] {spark_submit.py:488} INFO - }, {
[2022-04-06 01:41:22,165] {spark_submit.py:488} INFO - "name" : "body",
[2022-04-06 01:41:22,165] {spark_submit.py:488} INFO - "type" : "string",
[2022-04-06 01:41:22,165] {spark_submit.py:488} INFO - "nullable" : true,
[2022-04-06 01:41:22,165] {spark_submit.py:488} INFO - "metadata" : { }
[2022-04-06 01:41:22,165] {spark_submit.py:488} INFO - }, {
[2022-04-06 01:41:22,165] {spark_submit.py:488} INFO - "name" : "accepted_answer_id",
[2022-04-06 01:41:22,165] {spark_submit.py:488} INFO - "type" : "integer",
[2022-04-06 01:41:22,165] {spark_submit.py:488} INFO - "nullable" : true,
[2022-04-06 01:41:22,165] {spark_submit.py:488} INFO - "metadata" : { }
[2022-04-06 01:41:22,165] {spark_submit.py:488} INFO - }, {
[2022-04-06 01:41:22,166] {spark_submit.py:488} INFO - "name" : "answer_count",
[2022-04-06 01:41:22,166] {spark_submit.py:488} INFO - "type" : "integer",
[2022-04-06 01:41:22,166] {spark_submit.py:488} INFO - "nullable" : true,
[2022-04-06 01:41:22,166] {spark_submit.py:488} INFO - "metadata" : { }
[2022-04-06 01:41:22,167] {spark_submit.py:488} INFO - }, {
[2022-04-06 01:41:22,167] {spark_submit.py:488} INFO - "name" : "comment_count",
[2022-04-06 01:41:22,167] {spark_submit.py:488} INFO - "type" : "integer",
[2022-04-06 01:41:22,167] {spark_submit.py:488} INFO - "nullable" : true,
[2022-04-06 01:41:22,167] {spark_submit.py:488} INFO - "metadata" : { }
[2022-04-06 01:41:22,167] {spark_submit.py:488} INFO - }, {
[2022-04-06 01:41:22,167] {spark_submit.py:488} INFO - "name" : "community_owned_date",
[2022-04-06 01:41:22,167] {spark_submit.py:488} INFO - "type" : "timestamp",
[2022-04-06 01:41:22,167] {spark_submit.py:488} INFO - "nullable" : true,
[2022-04-06 01:41:22,167] {spark_submit.py:488} INFO - "metadata" : { }
[2022-04-06 01:41:22,167] {spark_submit.py:488} INFO - }, {
[2022-04-06 01:41:22,167] {spark_submit.py:488} INFO - "name" : "creation_date",
[2022-04-06 01:41:22,168] {spark_submit.py:488} INFO - "type" : "timestamp",
[2022-04-06 01:41:22,168] {spark_submit.py:488} INFO - "nullable" : true,
[2022-04-06 01:41:22,168] {spark_submit.py:488} INFO - "metadata" : { }
[2022-04-06 01:41:22,168] {spark_submit.py:488} INFO - }, {
[2022-04-06 01:41:22,168] {spark_submit.py:488} INFO - "name" : "favorite_count",
[2022-04-06 01:41:22,168] {spark_submit.py:488} INFO - "type" : "integer",
[2022-04-06 01:41:22,168] {spark_submit.py:488} INFO - "nullable" : true,
[2022-04-06 01:41:22,168] {spark_submit.py:488} INFO - "metadata" : { }
[2022-04-06 01:41:22,168] {spark_submit.py:488} INFO - }, {
[2022-04-06 01:41:22,168] {spark_submit.py:488} INFO - "name" : "last_activity_date",
[2022-04-06 01:41:22,168] {spark_submit.py:488} INFO - "type" : "timestamp",
[2022-04-06 01:41:22,168] {spark_submit.py:488} INFO - "nullable" : true,
[2022-04-06 01:41:22,168] {spark_submit.py:488} INFO - "metadata" : { }
[2022-04-06 01:41:22,168] {spark_submit.py:488} INFO - }, {
[2022-04-06 01:41:22,169] {spark_submit.py:488} INFO - "name" : "last_edit_date",
[2022-04-06 01:41:22,169] {spark_submit.py:488} INFO - "type" : "timestamp",
[2022-04-06 01:41:22,169] {spark_submit.py:488} INFO - "nullable" : true,
[2022-04-06 01:41:22,169] {spark_submit.py:488} INFO - "metadata" : { }
[2022-04-06 01:41:22,169] {spark_submit.py:488} INFO - }, {
[2022-04-06 01:41:22,169] {spark_submit.py:488} INFO - "name" : "last_editor_display_name",
[2022-04-06 01:41:22,169] {spark_submit.py:488} INFO - "type" : "string",
[2022-04-06 01:41:22,169] {spark_submit.py:488} INFO - "nullable" : true,
[2022-04-06 01:41:22,169] {spark_submit.py:488} INFO - "metadata" : { }
[2022-04-06 01:41:22,169] {spark_submit.py:488} INFO - }, {
[2022-04-06 01:41:22,169] {spark_submit.py:488} INFO - "name" : "last_editor_user_id",
[2022-04-06 01:41:22,169] {spark_submit.py:488} INFO - "type" : "integer",
[2022-04-06 01:41:22,169] {spark_submit.py:488} INFO - "nullable" : true,
[2022-04-06 01:41:22,169] {spark_submit.py:488} INFO - "metadata" : { }
[2022-04-06 01:41:22,170] {spark_submit.py:488} INFO - }, {
[2022-04-06 01:41:22,170] {spark_submit.py:488} INFO - "name" : "owner_display_name",
[2022-04-06 01:41:22,170] {spark_submit.py:488} INFO - "type" : "string",
[2022-04-06 01:41:22,170] {spark_submit.py:488} INFO - "nullable" : true,
[2022-04-06 01:41:22,170] {spark_submit.py:488} INFO - "metadata" : { }
[2022-04-06 01:41:22,170] {spark_submit.py:488} INFO - }, {
[2022-04-06 01:41:22,170] {spark_submit.py:488} INFO - "name" : "owner_user_id",
[2022-04-06 01:41:22,170] {spark_submit.py:488} INFO - "type" : "integer",
[2022-04-06 01:41:22,170] {spark_submit.py:488} INFO - "nullable" : true,
[2022-04-06 01:41:22,170] {spark_submit.py:488} INFO - "metadata" : { }
[2022-04-06 01:41:22,170] {spark_submit.py:488} INFO - }, {
[2022-04-06 01:41:22,170] {spark_submit.py:488} INFO - "name" : "parent_id",
[2022-04-06 01:41:22,170] {spark_submit.py:488} INFO - "type" : "integer",
[2022-04-06 01:41:22,170] {spark_submit.py:488} INFO - "nullable" : true,
[2022-04-06 01:41:22,171] {spark_submit.py:488} INFO - "metadata" : { }
[2022-04-06 01:41:22,171] {spark_submit.py:488} INFO - }, {
[2022-04-06 01:41:22,171] {spark_submit.py:488} INFO - "name" : "post_type_id",
[2022-04-06 01:41:22,171] {spark_submit.py:488} INFO - "type" : "integer",
[2022-04-06 01:41:22,171] {spark_submit.py:488} INFO - "nullable" : true,
[2022-04-06 01:41:22,171] {spark_submit.py:488} INFO - "metadata" : { }
[2022-04-06 01:41:22,171] {spark_submit.py:488} INFO - }, {
[2022-04-06 01:41:22,171] {spark_submit.py:488} INFO - "name" : "score",
[2022-04-06 01:41:22,171] {spark_submit.py:488} INFO - "type" : "integer",
[2022-04-06 01:41:22,171] {spark_submit.py:488} INFO - "nullable" : true,
[2022-04-06 01:41:22,171] {spark_submit.py:488} INFO - "metadata" : { }
[2022-04-06 01:41:22,171] {spark_submit.py:488} INFO - }, {
[2022-04-06 01:41:22,171] {spark_submit.py:488} INFO - "name" : "tags",
[2022-04-06 01:41:22,192] {spark_submit.py:488} INFO - "type" : "string",
[2022-04-06 01:41:22,192] {spark_submit.py:488} INFO - "nullable" : true,
[2022-04-06 01:41:22,192] {spark_submit.py:488} INFO - "metadata" : { }
[2022-04-06 01:41:22,192] {spark_submit.py:488} INFO - }, {
[2022-04-06 01:41:22,192] {spark_submit.py:488} INFO - "name" : "view_count",
[2022-04-06 01:41:22,192] {spark_submit.py:488} INFO - "type" : "integer",
[2022-04-06 01:41:22,192] {spark_submit.py:488} INFO - "nullable" : true,
[2022-04-06 01:41:22,192] {spark_submit.py:488} INFO - "metadata" : { }
[2022-04-06 01:41:22,193] {spark_submit.py:488} INFO - }, {
[2022-04-06 01:41:22,193] {spark_submit.py:488} INFO - "name" : "group_by_date",
[2022-04-06 01:41:22,193] {spark_submit.py:488} INFO - "type" : "timestamp",
[2022-04-06 01:41:22,193] {spark_submit.py:488} INFO - "nullable" : true,
[2022-04-06 01:41:22,193] {spark_submit.py:488} INFO - "metadata" : { }
[2022-04-06 01:41:22,193] {spark_submit.py:488} INFO - } ]
[2022-04-06 01:41:22,193] {spark_submit.py:488} INFO - }
[2022-04-06 01:41:22,193] {spark_submit.py:488} INFO - and corresponding Parquet message type:
[2022-04-06 01:41:22,193] {spark_submit.py:488} INFO - message spark_schema {
[2022-04-06 01:41:22,193] {spark_submit.py:488} INFO - optional int32 id;
[2022-04-06 01:41:22,193] {spark_submit.py:488} INFO - optional binary title (STRING);
[2022-04-06 01:41:22,193] {spark_submit.py:488} INFO - optional binary body (STRING);
[2022-04-06 01:41:22,193] {spark_submit.py:488} INFO - optional int32 accepted_answer_id;
[2022-04-06 01:41:22,193] {spark_submit.py:488} INFO - optional int32 answer_count;
[2022-04-06 01:41:22,194] {spark_submit.py:488} INFO - optional int32 comment_count;
[2022-04-06 01:41:22,194] {spark_submit.py:488} INFO - optional int96 community_owned_date;
[2022-04-06 01:41:22,194] {spark_submit.py:488} INFO - optional int96 creation_date;
[2022-04-06 01:41:22,194] {spark_submit.py:488} INFO - optional int32 favorite_count;
[2022-04-06 01:41:22,194] {spark_submit.py:488} INFO - optional int96 last_activity_date;
[2022-04-06 01:41:22,194] {spark_submit.py:488} INFO - optional int96 last_edit_date;
[2022-04-06 01:41:22,194] {spark_submit.py:488} INFO - optional binary last_editor_display_name (STRING);
[2022-04-06 01:41:22,194] {spark_submit.py:488} INFO - optional int32 last_editor_user_id;
[2022-04-06 01:41:22,194] {spark_submit.py:488} INFO - optional binary owner_display_name (STRING);
[2022-04-06 01:41:22,194] {spark_submit.py:488} INFO - optional int32 owner_user_id;
[2022-04-06 01:41:22,194] {spark_submit.py:488} INFO - optional int32 parent_id;
[2022-04-06 01:41:22,194] {spark_submit.py:488} INFO - optional int32 post_type_id;
[2022-04-06 01:41:22,194] {spark_submit.py:488} INFO - optional int32 score;
[2022-04-06 01:41:22,194] {spark_submit.py:488} INFO - optional binary tags (STRING);
[2022-04-06 01:41:22,194] {spark_submit.py:488} INFO - optional int32 view_count;
[2022-04-06 01:41:22,195] {spark_submit.py:488} INFO - optional int96 group_by_date;
[2022-04-06 01:41:22,195] {spark_submit.py:488} INFO - }
[2022-04-06 01:41:22,195] {spark_submit.py:488} INFO - 
[2022-04-06 01:41:22,195] {spark_submit.py:488} INFO - 
[2022-04-06 01:41:22,195] {spark_submit.py:488} INFO - 22/04/06 01:41:22 INFO ParquetWriteSupport: Initialized Parquet WriteSupport with Catalyst schema:
[2022-04-06 01:41:22,195] {spark_submit.py:488} INFO - {
[2022-04-06 01:41:22,195] {spark_submit.py:488} INFO - "type" : "struct",
[2022-04-06 01:41:22,195] {spark_submit.py:488} INFO - "fields" : [ {
[2022-04-06 01:41:22,195] {spark_submit.py:488} INFO - "name" : "id",
[2022-04-06 01:41:22,195] {spark_submit.py:488} INFO - "type" : "integer",
[2022-04-06 01:41:22,195] {spark_submit.py:488} INFO - "nullable" : true,
[2022-04-06 01:41:22,195] {spark_submit.py:488} INFO - "metadata" : { }
[2022-04-06 01:41:22,195] {spark_submit.py:488} INFO - }, {
[2022-04-06 01:41:22,195] {spark_submit.py:488} INFO - "name" : "title",
[2022-04-06 01:41:22,224] {spark_submit.py:488} INFO - "type" : "string",
[2022-04-06 01:41:22,224] {spark_submit.py:488} INFO - "nullable" : true,
[2022-04-06 01:41:22,225] {spark_submit.py:488} INFO - "metadata" : { }
[2022-04-06 01:41:22,225] {spark_submit.py:488} INFO - }, {
[2022-04-06 01:41:22,225] {spark_submit.py:488} INFO - "name" : "body",
[2022-04-06 01:41:22,225] {spark_submit.py:488} INFO - "type" : "string",
[2022-04-06 01:41:22,225] {spark_submit.py:488} INFO - "nullable" : true,
[2022-04-06 01:41:22,225] {spark_submit.py:488} INFO - "metadata" : { }
[2022-04-06 01:41:22,225] {spark_submit.py:488} INFO - }, {
[2022-04-06 01:41:22,226] {spark_submit.py:488} INFO - "name" : "accepted_answer_id",
[2022-04-06 01:41:22,226] {spark_submit.py:488} INFO - "type" : "integer",
[2022-04-06 01:41:22,226] {spark_submit.py:488} INFO - "nullable" : true,
[2022-04-06 01:41:22,226] {spark_submit.py:488} INFO - "metadata" : { }
[2022-04-06 01:41:22,226] {spark_submit.py:488} INFO - }, {
[2022-04-06 01:41:22,226] {spark_submit.py:488} INFO - "name" : "answer_count",
[2022-04-06 01:41:22,226] {spark_submit.py:488} INFO - "type" : "integer",
[2022-04-06 01:41:22,226] {spark_submit.py:488} INFO - "nullable" : true,
[2022-04-06 01:41:22,226] {spark_submit.py:488} INFO - "metadata" : { }
[2022-04-06 01:41:22,226] {spark_submit.py:488} INFO - }, {
[2022-04-06 01:41:22,226] {spark_submit.py:488} INFO - "name" : "comment_count",
[2022-04-06 01:41:22,226] {spark_submit.py:488} INFO - "type" : "integer",
[2022-04-06 01:41:22,227] {spark_submit.py:488} INFO - "nullable" : true,
[2022-04-06 01:41:22,227] {spark_submit.py:488} INFO - "metadata" : { }
[2022-04-06 01:41:22,227] {spark_submit.py:488} INFO - }, {
[2022-04-06 01:41:22,227] {spark_submit.py:488} INFO - "name" : "community_owned_date",
[2022-04-06 01:41:22,227] {spark_submit.py:488} INFO - "type" : "timestamp",
[2022-04-06 01:41:22,227] {spark_submit.py:488} INFO - "nullable" : true,
[2022-04-06 01:41:22,227] {spark_submit.py:488} INFO - "metadata" : { }
[2022-04-06 01:41:22,227] {spark_submit.py:488} INFO - }, {
[2022-04-06 01:41:22,227] {spark_submit.py:488} INFO - "name" : "creation_date",
[2022-04-06 01:41:22,227] {spark_submit.py:488} INFO - "type" : "timestamp",
[2022-04-06 01:41:22,227] {spark_submit.py:488} INFO - "nullable" : true,
[2022-04-06 01:41:22,227] {spark_submit.py:488} INFO - "metadata" : { }
[2022-04-06 01:41:22,235] {spark_submit.py:488} INFO - }, {
[2022-04-06 01:41:22,235] {spark_submit.py:488} INFO - "name" : "favorite_count",
[2022-04-06 01:41:22,235] {spark_submit.py:488} INFO - "type" : "integer",
[2022-04-06 01:41:22,235] {spark_submit.py:488} INFO - "nullable" : true,
[2022-04-06 01:41:22,235] {spark_submit.py:488} INFO - "metadata" : { }
[2022-04-06 01:41:22,235] {spark_submit.py:488} INFO - }, {
[2022-04-06 01:41:22,235] {spark_submit.py:488} INFO - "name" : "last_activity_date",
[2022-04-06 01:41:22,235] {spark_submit.py:488} INFO - "type" : "timestamp",
[2022-04-06 01:41:22,235] {spark_submit.py:488} INFO - "nullable" : true,
[2022-04-06 01:41:22,240] {spark_submit.py:488} INFO - "metadata" : { }
[2022-04-06 01:41:22,240] {spark_submit.py:488} INFO - }, {
[2022-04-06 01:41:22,240] {spark_submit.py:488} INFO - "name" : "last_edit_date",
[2022-04-06 01:41:22,240] {spark_submit.py:488} INFO - "type" : "timestamp",
[2022-04-06 01:41:22,240] {spark_submit.py:488} INFO - "nullable" : true,
[2022-04-06 01:41:22,240] {spark_submit.py:488} INFO - "metadata" : { }
[2022-04-06 01:41:22,240] {spark_submit.py:488} INFO - }, {
[2022-04-06 01:41:22,240] {spark_submit.py:488} INFO - "name" : "last_editor_display_name",
[2022-04-06 01:41:22,240] {spark_submit.py:488} INFO - "type" : "string",
[2022-04-06 01:41:22,240] {spark_submit.py:488} INFO - "nullable" : true,
[2022-04-06 01:41:22,240] {spark_submit.py:488} INFO - "metadata" : { }
[2022-04-06 01:41:22,241] {spark_submit.py:488} INFO - }, {
[2022-04-06 01:41:22,241] {spark_submit.py:488} INFO - "name" : "last_editor_user_id",
[2022-04-06 01:41:22,241] {spark_submit.py:488} INFO - "type" : "integer",
[2022-04-06 01:41:22,241] {spark_submit.py:488} INFO - "nullable" : true,
[2022-04-06 01:41:22,241] {spark_submit.py:488} INFO - "metadata" : { }
[2022-04-06 01:41:22,241] {spark_submit.py:488} INFO - }, {
[2022-04-06 01:41:22,241] {spark_submit.py:488} INFO - "name" : "owner_display_name",
[2022-04-06 01:41:22,241] {spark_submit.py:488} INFO - "type" : "string",
[2022-04-06 01:41:22,241] {spark_submit.py:488} INFO - "nullable" : true,
[2022-04-06 01:41:22,241] {spark_submit.py:488} INFO - "metadata" : { }
[2022-04-06 01:41:22,241] {spark_submit.py:488} INFO - }, {
[2022-04-06 01:41:22,241] {spark_submit.py:488} INFO - "name" : "owner_user_id",
[2022-04-06 01:41:22,241] {spark_submit.py:488} INFO - "type" : "integer",
[2022-04-06 01:41:22,241] {spark_submit.py:488} INFO - "nullable" : true,
[2022-04-06 01:41:22,241] {spark_submit.py:488} INFO - "metadata" : { }
[2022-04-06 01:41:22,241] {spark_submit.py:488} INFO - }, {
[2022-04-06 01:41:22,242] {spark_submit.py:488} INFO - "name" : "parent_id",
[2022-04-06 01:41:22,242] {spark_submit.py:488} INFO - "type" : "integer",
[2022-04-06 01:41:22,242] {spark_submit.py:488} INFO - "nullable" : true,
[2022-04-06 01:41:22,242] {spark_submit.py:488} INFO - "metadata" : { }
[2022-04-06 01:41:22,242] {spark_submit.py:488} INFO - }, {
[2022-04-06 01:41:22,242] {spark_submit.py:488} INFO - "name" : "post_type_id",
[2022-04-06 01:41:22,242] {spark_submit.py:488} INFO - "type" : "integer",
[2022-04-06 01:41:22,242] {spark_submit.py:488} INFO - "nullable" : true,
[2022-04-06 01:41:22,242] {spark_submit.py:488} INFO - "metadata" : { }
[2022-04-06 01:41:22,242] {spark_submit.py:488} INFO - }, {
[2022-04-06 01:41:22,242] {spark_submit.py:488} INFO - "name" : "score",
[2022-04-06 01:41:22,242] {spark_submit.py:488} INFO - "type" : "integer",
[2022-04-06 01:41:22,242] {spark_submit.py:488} INFO - "nullable" : true,
[2022-04-06 01:41:22,242] {spark_submit.py:488} INFO - "metadata" : { }
[2022-04-06 01:41:22,242] {spark_submit.py:488} INFO - }, {
[2022-04-06 01:41:22,242] {spark_submit.py:488} INFO - "name" : "tags",
[2022-04-06 01:41:22,242] {spark_submit.py:488} INFO - "type" : "string",
[2022-04-06 01:41:22,243] {spark_submit.py:488} INFO - "nullable" : true,
[2022-04-06 01:41:22,243] {spark_submit.py:488} INFO - "metadata" : { }
[2022-04-06 01:41:22,243] {spark_submit.py:488} INFO - }, {
[2022-04-06 01:41:22,243] {spark_submit.py:488} INFO - "name" : "view_count",
[2022-04-06 01:41:22,243] {spark_submit.py:488} INFO - "type" : "integer",
[2022-04-06 01:41:22,243] {spark_submit.py:488} INFO - "nullable" : true,
[2022-04-06 01:41:22,243] {spark_submit.py:488} INFO - "metadata" : { }
[2022-04-06 01:41:22,243] {spark_submit.py:488} INFO - }, {
[2022-04-06 01:41:22,243] {spark_submit.py:488} INFO - "name" : "group_by_date",
[2022-04-06 01:41:22,243] {spark_submit.py:488} INFO - "type" : "timestamp",
[2022-04-06 01:41:22,243] {spark_submit.py:488} INFO - "nullable" : true,
[2022-04-06 01:41:22,248] {spark_submit.py:488} INFO - "metadata" : { }
[2022-04-06 01:41:22,248] {spark_submit.py:488} INFO - } ]
[2022-04-06 01:41:22,248] {spark_submit.py:488} INFO - }
[2022-04-06 01:41:22,248] {spark_submit.py:488} INFO - and corresponding Parquet message type:
[2022-04-06 01:41:22,248] {spark_submit.py:488} INFO - message spark_schema {
[2022-04-06 01:41:22,248] {spark_submit.py:488} INFO - optional int32 id;
[2022-04-06 01:41:22,249] {spark_submit.py:488} INFO - optional binary title (STRING);
[2022-04-06 01:41:22,249] {spark_submit.py:488} INFO - optional binary body (STRING);
[2022-04-06 01:41:22,249] {spark_submit.py:488} INFO - optional int32 accepted_answer_id;
[2022-04-06 01:41:22,249] {spark_submit.py:488} INFO - optional int32 answer_count;
[2022-04-06 01:41:22,249] {spark_submit.py:488} INFO - optional int32 comment_count;
[2022-04-06 01:41:22,249] {spark_submit.py:488} INFO - optional int96 community_owned_date;
[2022-04-06 01:41:22,249] {spark_submit.py:488} INFO - optional int96 creation_date;
[2022-04-06 01:41:22,249] {spark_submit.py:488} INFO - optional int32 favorite_count;
[2022-04-06 01:41:22,249] {spark_submit.py:488} INFO - optional int96 last_activity_date;
[2022-04-06 01:41:22,249] {spark_submit.py:488} INFO - optional int96 last_edit_date;
[2022-04-06 01:41:22,249] {spark_submit.py:488} INFO - optional binary last_editor_display_name (STRING);
[2022-04-06 01:41:22,249] {spark_submit.py:488} INFO - optional int32 last_editor_user_id;
[2022-04-06 01:41:22,249] {spark_submit.py:488} INFO - optional binary owner_display_name (STRING);
[2022-04-06 01:41:22,249] {spark_submit.py:488} INFO - optional int32 owner_user_id;
[2022-04-06 01:41:22,250] {spark_submit.py:488} INFO - optional int32 parent_id;
[2022-04-06 01:41:22,264] {spark_submit.py:488} INFO - optional int32 post_type_id;
[2022-04-06 01:41:22,264] {spark_submit.py:488} INFO - optional int32 score;
[2022-04-06 01:41:22,264] {spark_submit.py:488} INFO - optional binary tags (STRING);
[2022-04-06 01:41:22,264] {spark_submit.py:488} INFO - optional int32 view_count;
[2022-04-06 01:41:22,265] {spark_submit.py:488} INFO - optional int96 group_by_date;
[2022-04-06 01:41:22,265] {spark_submit.py:488} INFO - }
[2022-04-06 01:41:22,265] {spark_submit.py:488} INFO - 
[2022-04-06 01:41:22,265] {spark_submit.py:488} INFO - 
[2022-04-06 01:41:22,265] {spark_submit.py:488} INFO - 22/04/06 01:41:22 INFO ParquetWriteSupport: Initialized Parquet WriteSupport with Catalyst schema:
[2022-04-06 01:41:22,265] {spark_submit.py:488} INFO - {
[2022-04-06 01:41:22,265] {spark_submit.py:488} INFO - "type" : "struct",
[2022-04-06 01:41:22,265] {spark_submit.py:488} INFO - "fields" : [ {
[2022-04-06 01:41:22,265] {spark_submit.py:488} INFO - "name" : "id",
[2022-04-06 01:41:22,265] {spark_submit.py:488} INFO - "type" : "integer",
[2022-04-06 01:41:22,265] {spark_submit.py:488} INFO - "nullable" : true,
[2022-04-06 01:41:22,265] {spark_submit.py:488} INFO - "metadata" : { }
[2022-04-06 01:41:22,265] {spark_submit.py:488} INFO - }, {
[2022-04-06 01:41:22,265] {spark_submit.py:488} INFO - "name" : "title",
[2022-04-06 01:41:22,266] {spark_submit.py:488} INFO - "type" : "string",
[2022-04-06 01:41:22,266] {spark_submit.py:488} INFO - "nullable" : true,
[2022-04-06 01:41:22,266] {spark_submit.py:488} INFO - "metadata" : { }
[2022-04-06 01:41:22,266] {spark_submit.py:488} INFO - }, {
[2022-04-06 01:41:22,266] {spark_submit.py:488} INFO - "name" : "body",
[2022-04-06 01:41:22,266] {spark_submit.py:488} INFO - "type" : "string",
[2022-04-06 01:41:22,266] {spark_submit.py:488} INFO - "nullable" : true,
[2022-04-06 01:41:22,266] {spark_submit.py:488} INFO - "metadata" : { }
[2022-04-06 01:41:22,267] {spark_submit.py:488} INFO - }, {
[2022-04-06 01:41:22,267] {spark_submit.py:488} INFO - "name" : "accepted_answer_id",
[2022-04-06 01:41:22,267] {spark_submit.py:488} INFO - "type" : "integer",
[2022-04-06 01:41:22,267] {spark_submit.py:488} INFO - "nullable" : true,
[2022-04-06 01:41:22,267] {spark_submit.py:488} INFO - "metadata" : { }
[2022-04-06 01:41:22,267] {spark_submit.py:488} INFO - }, {
[2022-04-06 01:41:22,267] {spark_submit.py:488} INFO - "name" : "answer_count",
[2022-04-06 01:41:22,267] {spark_submit.py:488} INFO - "type" : "integer",
[2022-04-06 01:41:22,267] {spark_submit.py:488} INFO - "nullable" : true,
[2022-04-06 01:41:22,267] {spark_submit.py:488} INFO - "metadata" : { }
[2022-04-06 01:41:22,267] {spark_submit.py:488} INFO - }, {
[2022-04-06 01:41:22,267] {spark_submit.py:488} INFO - "name" : "comment_count",
[2022-04-06 01:41:22,267] {spark_submit.py:488} INFO - "type" : "integer",
[2022-04-06 01:41:22,320] {spark_submit.py:488} INFO - "nullable" : true,
[2022-04-06 01:41:22,320] {spark_submit.py:488} INFO - "metadata" : { }
[2022-04-06 01:41:22,320] {spark_submit.py:488} INFO - }, {
[2022-04-06 01:41:22,320] {spark_submit.py:488} INFO - "name" : "community_owned_date",
[2022-04-06 01:41:22,320] {spark_submit.py:488} INFO - "type" : "timestamp",
[2022-04-06 01:41:22,320] {spark_submit.py:488} INFO - "nullable" : true,
[2022-04-06 01:41:22,320] {spark_submit.py:488} INFO - "metadata" : { }
[2022-04-06 01:41:22,320] {spark_submit.py:488} INFO - }, {
[2022-04-06 01:41:22,320] {spark_submit.py:488} INFO - "name" : "creation_date",
[2022-04-06 01:41:22,321] {spark_submit.py:488} INFO - "type" : "timestamp",
[2022-04-06 01:41:22,321] {spark_submit.py:488} INFO - "nullable" : true,
[2022-04-06 01:41:22,321] {spark_submit.py:488} INFO - "metadata" : { }
[2022-04-06 01:41:22,321] {spark_submit.py:488} INFO - }, {
[2022-04-06 01:41:22,321] {spark_submit.py:488} INFO - "name" : "favorite_count",
[2022-04-06 01:41:22,321] {spark_submit.py:488} INFO - "type" : "integer",
[2022-04-06 01:41:22,321] {spark_submit.py:488} INFO - "nullable" : true,
[2022-04-06 01:41:22,321] {spark_submit.py:488} INFO - "metadata" : { }
[2022-04-06 01:41:22,321] {spark_submit.py:488} INFO - }, {
[2022-04-06 01:41:22,321] {spark_submit.py:488} INFO - "name" : "last_activity_date",
[2022-04-06 01:41:22,321] {spark_submit.py:488} INFO - "type" : "timestamp",
[2022-04-06 01:41:22,321] {spark_submit.py:488} INFO - "nullable" : true,
[2022-04-06 01:41:22,321] {spark_submit.py:488} INFO - "metadata" : { }
[2022-04-06 01:41:22,321] {spark_submit.py:488} INFO - }, {
[2022-04-06 01:41:22,321] {spark_submit.py:488} INFO - "name" : "last_edit_date",
[2022-04-06 01:41:22,322] {spark_submit.py:488} INFO - "type" : "timestamp",
[2022-04-06 01:41:22,322] {spark_submit.py:488} INFO - "nullable" : true,
[2022-04-06 01:41:22,322] {spark_submit.py:488} INFO - "metadata" : { }
[2022-04-06 01:41:22,322] {spark_submit.py:488} INFO - }, {
[2022-04-06 01:41:22,322] {spark_submit.py:488} INFO - "name" : "last_editor_display_name",
[2022-04-06 01:41:22,322] {spark_submit.py:488} INFO - "type" : "string",
[2022-04-06 01:41:22,322] {spark_submit.py:488} INFO - "nullable" : true,
[2022-04-06 01:41:22,322] {spark_submit.py:488} INFO - "metadata" : { }
[2022-04-06 01:41:22,322] {spark_submit.py:488} INFO - }, {
[2022-04-06 01:41:22,322] {spark_submit.py:488} INFO - "name" : "last_editor_user_id",
[2022-04-06 01:41:22,322] {spark_submit.py:488} INFO - "type" : "integer",
[2022-04-06 01:41:22,322] {spark_submit.py:488} INFO - "nullable" : true,
[2022-04-06 01:41:22,322] {spark_submit.py:488} INFO - "metadata" : { }
[2022-04-06 01:41:22,322] {spark_submit.py:488} INFO - }, {
[2022-04-06 01:41:22,322] {spark_submit.py:488} INFO - "name" : "owner_display_name",
[2022-04-06 01:41:22,323] {spark_submit.py:488} INFO - "type" : "string",
[2022-04-06 01:41:22,323] {spark_submit.py:488} INFO - "nullable" : true,
[2022-04-06 01:41:22,323] {spark_submit.py:488} INFO - "metadata" : { }
[2022-04-06 01:41:22,323] {spark_submit.py:488} INFO - }, {
[2022-04-06 01:41:22,323] {spark_submit.py:488} INFO - "name" : "owner_user_id",
[2022-04-06 01:41:22,323] {spark_submit.py:488} INFO - "type" : "integer",
[2022-04-06 01:41:22,323] {spark_submit.py:488} INFO - "nullable" : true,
[2022-04-06 01:41:22,323] {spark_submit.py:488} INFO - "metadata" : { }
[2022-04-06 01:41:22,323] {spark_submit.py:488} INFO - }, {
[2022-04-06 01:41:22,323] {spark_submit.py:488} INFO - "name" : "parent_id",
[2022-04-06 01:41:22,323] {spark_submit.py:488} INFO - "type" : "integer",
[2022-04-06 01:41:22,323] {spark_submit.py:488} INFO - "nullable" : true,
[2022-04-06 01:41:22,323] {spark_submit.py:488} INFO - "metadata" : { }
[2022-04-06 01:41:22,323] {spark_submit.py:488} INFO - }, {
[2022-04-06 01:41:22,346] {spark_submit.py:488} INFO - "name" : "post_type_id",
[2022-04-06 01:41:22,347] {spark_submit.py:488} INFO - "type" : "integer",
[2022-04-06 01:41:22,347] {spark_submit.py:488} INFO - "nullable" : true,
[2022-04-06 01:41:22,347] {spark_submit.py:488} INFO - "metadata" : { }
[2022-04-06 01:41:22,347] {spark_submit.py:488} INFO - }, {
[2022-04-06 01:41:22,347] {spark_submit.py:488} INFO - "name" : "score",
[2022-04-06 01:41:22,347] {spark_submit.py:488} INFO - "type" : "integer",
[2022-04-06 01:41:22,347] {spark_submit.py:488} INFO - "nullable" : true,
[2022-04-06 01:41:22,347] {spark_submit.py:488} INFO - "metadata" : { }
[2022-04-06 01:41:22,347] {spark_submit.py:488} INFO - }, {
[2022-04-06 01:41:22,347] {spark_submit.py:488} INFO - "name" : "tags",
[2022-04-06 01:41:22,347] {spark_submit.py:488} INFO - "type" : "string",
[2022-04-06 01:41:22,347] {spark_submit.py:488} INFO - "nullable" : true,
[2022-04-06 01:41:22,348] {spark_submit.py:488} INFO - "metadata" : { }
[2022-04-06 01:41:22,348] {spark_submit.py:488} INFO - }, {
[2022-04-06 01:41:22,348] {spark_submit.py:488} INFO - "name" : "view_count",
[2022-04-06 01:41:22,348] {spark_submit.py:488} INFO - "type" : "integer",
[2022-04-06 01:41:22,348] {spark_submit.py:488} INFO - "nullable" : true,
[2022-04-06 01:41:22,348] {spark_submit.py:488} INFO - "metadata" : { }
[2022-04-06 01:41:22,348] {spark_submit.py:488} INFO - }, {
[2022-04-06 01:41:22,348] {spark_submit.py:488} INFO - "name" : "group_by_date",
[2022-04-06 01:41:22,348] {spark_submit.py:488} INFO - "type" : "timestamp",
[2022-04-06 01:41:22,348] {spark_submit.py:488} INFO - "nullable" : true,
[2022-04-06 01:41:22,348] {spark_submit.py:488} INFO - "metadata" : { }
[2022-04-06 01:41:22,348] {spark_submit.py:488} INFO - } ]
[2022-04-06 01:41:22,348] {spark_submit.py:488} INFO - }
[2022-04-06 01:41:22,348] {spark_submit.py:488} INFO - and corresponding Parquet message type:
[2022-04-06 01:41:22,348] {spark_submit.py:488} INFO - message spark_schema {
[2022-04-06 01:41:22,349] {spark_submit.py:488} INFO - optional int32 id;
[2022-04-06 01:41:22,349] {spark_submit.py:488} INFO - optional binary title (STRING);
[2022-04-06 01:41:22,349] {spark_submit.py:488} INFO - optional binary body (STRING);
[2022-04-06 01:41:22,349] {spark_submit.py:488} INFO - optional int32 accepted_answer_id;
[2022-04-06 01:41:22,349] {spark_submit.py:488} INFO - optional int32 answer_count;
[2022-04-06 01:41:22,349] {spark_submit.py:488} INFO - optional int32 comment_count;
[2022-04-06 01:41:22,349] {spark_submit.py:488} INFO - optional int96 community_owned_date;
[2022-04-06 01:41:22,349] {spark_submit.py:488} INFO - optional int96 creation_date;
[2022-04-06 01:41:22,349] {spark_submit.py:488} INFO - optional int32 favorite_count;
[2022-04-06 01:41:22,349] {spark_submit.py:488} INFO - optional int96 last_activity_date;
[2022-04-06 01:41:22,349] {spark_submit.py:488} INFO - optional int96 last_edit_date;
[2022-04-06 01:41:22,349] {spark_submit.py:488} INFO - optional binary last_editor_display_name (STRING);
[2022-04-06 01:41:22,349] {spark_submit.py:488} INFO - optional int32 last_editor_user_id;
[2022-04-06 01:41:22,350] {spark_submit.py:488} INFO - optional binary owner_display_name (STRING);
[2022-04-06 01:41:22,350] {spark_submit.py:488} INFO - optional int32 owner_user_id;
[2022-04-06 01:41:22,350] {spark_submit.py:488} INFO - optional int32 parent_id;
[2022-04-06 01:41:22,350] {spark_submit.py:488} INFO - optional int32 post_type_id;
[2022-04-06 01:41:22,350] {spark_submit.py:488} INFO - optional int32 score;
[2022-04-06 01:41:22,350] {spark_submit.py:488} INFO - optional binary tags (STRING);
[2022-04-06 01:41:22,350] {spark_submit.py:488} INFO - optional int32 view_count;
[2022-04-06 01:41:22,350] {spark_submit.py:488} INFO - optional int96 group_by_date;
[2022-04-06 01:41:22,350] {spark_submit.py:488} INFO - }
[2022-04-06 01:41:22,350] {spark_submit.py:488} INFO - 
[2022-04-06 01:41:22,350] {spark_submit.py:488} INFO - 
[2022-04-06 01:41:22,350] {spark_submit.py:488} INFO - 22/04/06 01:41:22 INFO ParquetWriteSupport: Initialized Parquet WriteSupport with Catalyst schema:
[2022-04-06 01:41:22,350] {spark_submit.py:488} INFO - {
[2022-04-06 01:41:22,351] {spark_submit.py:488} INFO - "type" : "struct",
[2022-04-06 01:41:22,351] {spark_submit.py:488} INFO - "fields" : [ {
[2022-04-06 01:41:22,351] {spark_submit.py:488} INFO - "name" : "id",
[2022-04-06 01:41:22,351] {spark_submit.py:488} INFO - "type" : "integer",
[2022-04-06 01:41:22,351] {spark_submit.py:488} INFO - "nullable" : true,
[2022-04-06 01:41:22,351] {spark_submit.py:488} INFO - "metadata" : { }
[2022-04-06 01:41:22,351] {spark_submit.py:488} INFO - }, {
[2022-04-06 01:41:22,351] {spark_submit.py:488} INFO - "name" : "title",
[2022-04-06 01:41:22,351] {spark_submit.py:488} INFO - "type" : "string",
[2022-04-06 01:41:22,351] {spark_submit.py:488} INFO - "nullable" : true,
[2022-04-06 01:41:22,351] {spark_submit.py:488} INFO - "metadata" : { }
[2022-04-06 01:41:22,351] {spark_submit.py:488} INFO - }, {
[2022-04-06 01:41:22,385] {spark_submit.py:488} INFO - "name" : "body",
[2022-04-06 01:41:22,385] {spark_submit.py:488} INFO - "type" : "string",
[2022-04-06 01:41:22,385] {spark_submit.py:488} INFO - "nullable" : true,
[2022-04-06 01:41:22,385] {spark_submit.py:488} INFO - "metadata" : { }
[2022-04-06 01:41:22,385] {spark_submit.py:488} INFO - }, {
[2022-04-06 01:41:22,386] {spark_submit.py:488} INFO - "name" : "accepted_answer_id",
[2022-04-06 01:41:22,386] {spark_submit.py:488} INFO - "type" : "integer",
[2022-04-06 01:41:22,386] {spark_submit.py:488} INFO - "nullable" : true,
[2022-04-06 01:41:22,386] {spark_submit.py:488} INFO - "metadata" : { }
[2022-04-06 01:41:22,386] {spark_submit.py:488} INFO - }, {
[2022-04-06 01:41:22,386] {spark_submit.py:488} INFO - "name" : "answer_count",
[2022-04-06 01:41:22,386] {spark_submit.py:488} INFO - "type" : "integer",
[2022-04-06 01:41:22,386] {spark_submit.py:488} INFO - "nullable" : true,
[2022-04-06 01:41:22,386] {spark_submit.py:488} INFO - "metadata" : { }
[2022-04-06 01:41:22,386] {spark_submit.py:488} INFO - }, {
[2022-04-06 01:41:22,386] {spark_submit.py:488} INFO - "name" : "comment_count",
[2022-04-06 01:41:22,386] {spark_submit.py:488} INFO - "type" : "integer",
[2022-04-06 01:41:22,386] {spark_submit.py:488} INFO - "nullable" : true,
[2022-04-06 01:41:22,387] {spark_submit.py:488} INFO - "metadata" : { }
[2022-04-06 01:41:22,387] {spark_submit.py:488} INFO - }, {
[2022-04-06 01:41:22,387] {spark_submit.py:488} INFO - "name" : "community_owned_date",
[2022-04-06 01:41:22,387] {spark_submit.py:488} INFO - "type" : "timestamp",
[2022-04-06 01:41:22,387] {spark_submit.py:488} INFO - "nullable" : true,
[2022-04-06 01:41:22,387] {spark_submit.py:488} INFO - "metadata" : { }
[2022-04-06 01:41:22,387] {spark_submit.py:488} INFO - }, {
[2022-04-06 01:41:22,387] {spark_submit.py:488} INFO - "name" : "creation_date",
[2022-04-06 01:41:22,387] {spark_submit.py:488} INFO - "type" : "timestamp",
[2022-04-06 01:41:22,387] {spark_submit.py:488} INFO - "nullable" : true,
[2022-04-06 01:41:22,387] {spark_submit.py:488} INFO - "metadata" : { }
[2022-04-06 01:41:22,387] {spark_submit.py:488} INFO - }, {
[2022-04-06 01:41:22,387] {spark_submit.py:488} INFO - "name" : "favorite_count",
[2022-04-06 01:41:22,387] {spark_submit.py:488} INFO - "type" : "integer",
[2022-04-06 01:41:22,388] {spark_submit.py:488} INFO - "nullable" : true,
[2022-04-06 01:41:22,388] {spark_submit.py:488} INFO - "metadata" : { }
[2022-04-06 01:41:22,400] {spark_submit.py:488} INFO - }, {
[2022-04-06 01:41:22,400] {spark_submit.py:488} INFO - "name" : "last_activity_date",
[2022-04-06 01:41:22,400] {spark_submit.py:488} INFO - "type" : "timestamp",
[2022-04-06 01:41:22,400] {spark_submit.py:488} INFO - "nullable" : true,
[2022-04-06 01:41:22,400] {spark_submit.py:488} INFO - "metadata" : { }
[2022-04-06 01:41:22,400] {spark_submit.py:488} INFO - }, {
[2022-04-06 01:41:22,401] {spark_submit.py:488} INFO - "name" : "last_edit_date",
[2022-04-06 01:41:22,401] {spark_submit.py:488} INFO - "type" : "timestamp",
[2022-04-06 01:41:22,401] {spark_submit.py:488} INFO - "nullable" : true,
[2022-04-06 01:41:22,401] {spark_submit.py:488} INFO - "metadata" : { }
[2022-04-06 01:41:22,401] {spark_submit.py:488} INFO - }, {
[2022-04-06 01:41:22,401] {spark_submit.py:488} INFO - "name" : "last_editor_display_name",
[2022-04-06 01:41:22,401] {spark_submit.py:488} INFO - "type" : "string",
[2022-04-06 01:41:22,401] {spark_submit.py:488} INFO - "nullable" : true,
[2022-04-06 01:41:22,401] {spark_submit.py:488} INFO - "metadata" : { }
[2022-04-06 01:41:22,401] {spark_submit.py:488} INFO - }, {
[2022-04-06 01:41:22,401] {spark_submit.py:488} INFO - "name" : "last_editor_user_id",
[2022-04-06 01:41:22,401] {spark_submit.py:488} INFO - "type" : "integer",
[2022-04-06 01:41:22,402] {spark_submit.py:488} INFO - "nullable" : true,
[2022-04-06 01:41:22,402] {spark_submit.py:488} INFO - "metadata" : { }
[2022-04-06 01:41:22,402] {spark_submit.py:488} INFO - }, {
[2022-04-06 01:41:22,402] {spark_submit.py:488} INFO - "name" : "owner_display_name",
[2022-04-06 01:41:22,402] {spark_submit.py:488} INFO - "type" : "string",
[2022-04-06 01:41:22,402] {spark_submit.py:488} INFO - "nullable" : true,
[2022-04-06 01:41:22,402] {spark_submit.py:488} INFO - "metadata" : { }
[2022-04-06 01:41:22,402] {spark_submit.py:488} INFO - }, {
[2022-04-06 01:41:22,402] {spark_submit.py:488} INFO - "name" : "owner_user_id",
[2022-04-06 01:41:22,402] {spark_submit.py:488} INFO - "type" : "integer",
[2022-04-06 01:41:22,402] {spark_submit.py:488} INFO - "nullable" : true,
[2022-04-06 01:41:22,402] {spark_submit.py:488} INFO - "metadata" : { }
[2022-04-06 01:41:22,402] {spark_submit.py:488} INFO - }, {
[2022-04-06 01:41:22,403] {spark_submit.py:488} INFO - "name" : "parent_id",
[2022-04-06 01:41:22,403] {spark_submit.py:488} INFO - "type" : "integer",
[2022-04-06 01:41:22,403] {spark_submit.py:488} INFO - "nullable" : true,
[2022-04-06 01:41:22,403] {spark_submit.py:488} INFO - "metadata" : { }
[2022-04-06 01:41:22,403] {spark_submit.py:488} INFO - }, {
[2022-04-06 01:41:22,403] {spark_submit.py:488} INFO - "name" : "post_type_id",
[2022-04-06 01:41:22,403] {spark_submit.py:488} INFO - "type" : "integer",
[2022-04-06 01:41:22,403] {spark_submit.py:488} INFO - "nullable" : true,
[2022-04-06 01:41:22,403] {spark_submit.py:488} INFO - "metadata" : { }
[2022-04-06 01:41:22,403] {spark_submit.py:488} INFO - }, {
[2022-04-06 01:41:22,403] {spark_submit.py:488} INFO - "name" : "score",
[2022-04-06 01:41:22,403] {spark_submit.py:488} INFO - "type" : "integer",
[2022-04-06 01:41:22,403] {spark_submit.py:488} INFO - "nullable" : true,
[2022-04-06 01:41:22,424] {spark_submit.py:488} INFO - "metadata" : { }
[2022-04-06 01:41:22,425] {spark_submit.py:488} INFO - }, {
[2022-04-06 01:41:22,425] {spark_submit.py:488} INFO - "name" : "tags",
[2022-04-06 01:41:22,425] {spark_submit.py:488} INFO - "type" : "string",
[2022-04-06 01:41:22,425] {spark_submit.py:488} INFO - "nullable" : true,
[2022-04-06 01:41:22,425] {spark_submit.py:488} INFO - "metadata" : { }
[2022-04-06 01:41:22,425] {spark_submit.py:488} INFO - }, {
[2022-04-06 01:41:22,425] {spark_submit.py:488} INFO - "name" : "view_count",
[2022-04-06 01:41:22,425] {spark_submit.py:488} INFO - "type" : "integer",
[2022-04-06 01:41:22,425] {spark_submit.py:488} INFO - "nullable" : true,
[2022-04-06 01:41:22,425] {spark_submit.py:488} INFO - "metadata" : { }
[2022-04-06 01:41:22,425] {spark_submit.py:488} INFO - }, {
[2022-04-06 01:41:22,425] {spark_submit.py:488} INFO - "name" : "group_by_date",
[2022-04-06 01:41:22,425] {spark_submit.py:488} INFO - "type" : "timestamp",
[2022-04-06 01:41:22,425] {spark_submit.py:488} INFO - "nullable" : true,
[2022-04-06 01:41:22,426] {spark_submit.py:488} INFO - "metadata" : { }
[2022-04-06 01:41:22,426] {spark_submit.py:488} INFO - } ]
[2022-04-06 01:41:22,426] {spark_submit.py:488} INFO - }
[2022-04-06 01:41:22,426] {spark_submit.py:488} INFO - and corresponding Parquet message type:
[2022-04-06 01:41:22,426] {spark_submit.py:488} INFO - message spark_schema {
[2022-04-06 01:41:22,426] {spark_submit.py:488} INFO - optional int32 id;
[2022-04-06 01:41:22,426] {spark_submit.py:488} INFO - optional binary title (STRING);
[2022-04-06 01:41:22,426] {spark_submit.py:488} INFO - optional binary body (STRING);
[2022-04-06 01:41:22,426] {spark_submit.py:488} INFO - optional int32 accepted_answer_id;
[2022-04-06 01:41:22,426] {spark_submit.py:488} INFO - optional int32 answer_count;
[2022-04-06 01:41:22,426] {spark_submit.py:488} INFO - optional int32 comment_count;
[2022-04-06 01:41:22,426] {spark_submit.py:488} INFO - optional int96 community_owned_date;
[2022-04-06 01:41:22,426] {spark_submit.py:488} INFO - optional int96 creation_date;
[2022-04-06 01:41:22,426] {spark_submit.py:488} INFO - optional int32 favorite_count;
[2022-04-06 01:41:22,427] {spark_submit.py:488} INFO - optional int96 last_activity_date;
[2022-04-06 01:41:22,427] {spark_submit.py:488} INFO - optional int96 last_edit_date;
[2022-04-06 01:41:22,427] {spark_submit.py:488} INFO - optional binary last_editor_display_name (STRING);
[2022-04-06 01:41:22,427] {spark_submit.py:488} INFO - optional int32 last_editor_user_id;
[2022-04-06 01:41:22,427] {spark_submit.py:488} INFO - optional binary owner_display_name (STRING);
[2022-04-06 01:41:22,427] {spark_submit.py:488} INFO - optional int32 owner_user_id;
[2022-04-06 01:41:22,427] {spark_submit.py:488} INFO - optional int32 parent_id;
[2022-04-06 01:41:22,427] {spark_submit.py:488} INFO - optional int32 post_type_id;
[2022-04-06 01:41:22,427] {spark_submit.py:488} INFO - optional int32 score;
[2022-04-06 01:41:22,427] {spark_submit.py:488} INFO - optional binary tags (STRING);
[2022-04-06 01:41:22,427] {spark_submit.py:488} INFO - optional int32 view_count;
[2022-04-06 01:41:22,427] {spark_submit.py:488} INFO - optional int96 group_by_date;
[2022-04-06 01:41:22,428] {spark_submit.py:488} INFO - }
[2022-04-06 01:41:22,428] {spark_submit.py:488} INFO - 
[2022-04-06 01:41:22,428] {spark_submit.py:488} INFO - 
[2022-04-06 01:41:23,492] {spark_submit.py:488} INFO - 22/04/06 01:41:23 INFO CodecPool: Got brand-new compressor [.snappy]
[2022-04-06 01:41:23,558] {spark_submit.py:488} INFO - 22/04/06 01:41:23 INFO CodecPool: Got brand-new compressor [.snappy]
[2022-04-06 01:41:23,559] {spark_submit.py:488} INFO - 22/04/06 01:41:23 INFO CodecPool: Got brand-new compressor [.snappy]
[2022-04-06 01:41:23,559] {spark_submit.py:488} INFO - 22/04/06 01:41:23 INFO CodecPool: Got brand-new compressor [.snappy]
[2022-04-06 01:41:48,297] {spark_submit.py:488} INFO - 22/04/06 01:41:48 INFO GoogleCloudStorageImpl: Ignoring exception of type GoogleJsonResponseException; verified object already exists with desired state.
[2022-04-06 01:41:48,298] {spark_submit.py:488} INFO - 22/04/06 01:41:48 INFO GoogleCloudStorageFileSystem: Successfully repaired 'gs://dtc_data_lake_de-stack-overflow/BigQuery/posts_answers-2016-03/_temporary/0/_temporary/' directory.
[2022-04-06 01:41:48,298] {spark_submit.py:488} INFO - 22/04/06 01:41:48 INFO FileOutputCommitter: Saved output of task 'attempt_202204060141191553260858282039199_0003_m_000003_8' to gs://dtc_data_lake_de-stack-overflow/BigQuery/posts_answers-2016-03/_temporary/0/task_202204060141191553260858282039199_0003_m_000003
[2022-04-06 01:41:48,299] {spark_submit.py:488} INFO - 22/04/06 01:41:48 INFO SparkHadoopMapRedUtil: attempt_202204060141191553260858282039199_0003_m_000003_8: Committed
[2022-04-06 01:41:48,303] {spark_submit.py:488} INFO - 22/04/06 01:41:48 INFO GoogleCloudStorageFileSystem: Successfully repaired 'gs://dtc_data_lake_de-stack-overflow/BigQuery/posts_answers-2016-03/_temporary/0/_temporary/' directory.
[2022-04-06 01:41:48,303] {spark_submit.py:488} INFO - 22/04/06 01:41:48 INFO FileOutputCommitter: Saved output of task 'attempt_202204060141196822921479441233458_0003_m_000001_6' to gs://dtc_data_lake_de-stack-overflow/BigQuery/posts_answers-2016-03/_temporary/0/task_202204060141196822921479441233458_0003_m_000001
[2022-04-06 01:41:48,304] {spark_submit.py:488} INFO - 22/04/06 01:41:48 INFO SparkHadoopMapRedUtil: attempt_202204060141196822921479441233458_0003_m_000001_6: Committed
[2022-04-06 01:41:48,308] {spark_submit.py:488} INFO - 22/04/06 01:41:48 INFO GoogleCloudStorageImpl: Ignoring exception of type GoogleJsonResponseException; verified object already exists with desired state.
[2022-04-06 01:41:48,309] {spark_submit.py:488} INFO - 22/04/06 01:41:48 INFO GoogleCloudStorageFileSystem: Successfully repaired 'gs://dtc_data_lake_de-stack-overflow/BigQuery/posts_answers-2016-03/_temporary/0/_temporary/' directory.
[2022-04-06 01:41:48,310] {spark_submit.py:488} INFO - 22/04/06 01:41:48 INFO FileOutputCommitter: Saved output of task 'attempt_20220406014119180428543000133882_0003_m_000000_5' to gs://dtc_data_lake_de-stack-overflow/BigQuery/posts_answers-2016-03/_temporary/0/task_20220406014119180428543000133882_0003_m_000000
[2022-04-06 01:41:48,310] {spark_submit.py:488} INFO - 22/04/06 01:41:48 INFO SparkHadoopMapRedUtil: attempt_20220406014119180428543000133882_0003_m_000000_5: Committed
[2022-04-06 01:41:48,313] {spark_submit.py:488} INFO - 22/04/06 01:41:48 INFO GoogleCloudStorageImpl: Ignoring exception of type GoogleJsonResponseException; verified object already exists with desired state.
[2022-04-06 01:41:48,314] {spark_submit.py:488} INFO - 22/04/06 01:41:48 INFO GoogleCloudStorageFileSystem: Successfully repaired 'gs://dtc_data_lake_de-stack-overflow/BigQuery/posts_answers-2016-03/_temporary/0/_temporary/' directory.
[2022-04-06 01:41:48,314] {spark_submit.py:488} INFO - 22/04/06 01:41:48 INFO FileOutputCommitter: Saved output of task 'attempt_202204060141197492557148887393466_0003_m_000002_7' to gs://dtc_data_lake_de-stack-overflow/BigQuery/posts_answers-2016-03/_temporary/0/task_202204060141197492557148887393466_0003_m_000002
[2022-04-06 01:41:48,315] {spark_submit.py:488} INFO - 22/04/06 01:41:48 INFO SparkHadoopMapRedUtil: attempt_202204060141197492557148887393466_0003_m_000002_7: Committed
[2022-04-06 01:41:48,420] {spark_submit.py:488} INFO - 22/04/06 01:41:48 INFO Executor: Finished task 1.0 in stage 3.0 (TID 6). 3526 bytes result sent to driver
[2022-04-06 01:41:48,422] {spark_submit.py:488} INFO - 22/04/06 01:41:48 INFO Executor: Finished task 2.0 in stage 3.0 (TID 7). 3526 bytes result sent to driver
[2022-04-06 01:41:48,424] {spark_submit.py:488} INFO - 22/04/06 01:41:48 INFO TaskSetManager: Finished task 1.0 in stage 3.0 (TID 6) in 27485 ms on 9fe4286b2855 (executor driver) (1/4)
[2022-04-06 01:41:48,425] {spark_submit.py:488} INFO - 22/04/06 01:41:48 INFO Executor: Finished task 0.0 in stage 3.0 (TID 5). 3526 bytes result sent to driver
[2022-04-06 01:41:48,427] {spark_submit.py:488} INFO - 22/04/06 01:41:48 INFO Executor: Finished task 3.0 in stage 3.0 (TID 8). 3526 bytes result sent to driver
[2022-04-06 01:41:48,430] {spark_submit.py:488} INFO - 22/04/06 01:41:48 INFO TaskSetManager: Finished task 3.0 in stage 3.0 (TID 8) in 27486 ms on 9fe4286b2855 (executor driver) (2/4)
[2022-04-06 01:41:48,432] {spark_submit.py:488} INFO - 22/04/06 01:41:48 INFO TaskSetManager: Finished task 2.0 in stage 3.0 (TID 7) in 27491 ms on 9fe4286b2855 (executor driver) (3/4)
[2022-04-06 01:41:48,438] {spark_submit.py:488} INFO - 22/04/06 01:41:48 INFO TaskSetManager: Finished task 0.0 in stage 3.0 (TID 5) in 27501 ms on 9fe4286b2855 (executor driver) (4/4)
[2022-04-06 01:41:48,438] {spark_submit.py:488} INFO - 22/04/06 01:41:48 INFO TaskSchedulerImpl: Removed TaskSet 3.0, whose tasks have all completed, from pool
[2022-04-06 01:41:48,438] {spark_submit.py:488} INFO - 22/04/06 01:41:48 INFO DAGScheduler: ResultStage 3 (save at NativeMethodAccessorImpl.java:0) finished in 28.241 s
[2022-04-06 01:41:48,439] {spark_submit.py:488} INFO - 22/04/06 01:41:48 INFO DAGScheduler: Job 2 is finished. Cancelling potential speculative or zombie tasks for this job
[2022-04-06 01:41:48,439] {spark_submit.py:488} INFO - 22/04/06 01:41:48 INFO TaskSchedulerImpl: Killing all running tasks in stage 3: Stage finished
[2022-04-06 01:41:48,439] {spark_submit.py:488} INFO - 22/04/06 01:41:48 INFO DAGScheduler: Job 2 finished: save at NativeMethodAccessorImpl.java:0, took 28.313447 s
[2022-04-06 01:41:48,442] {spark_submit.py:488} INFO - 22/04/06 01:41:48 INFO FileFormatWriter: Start to commit write Job fe89b32c-9db8-44d4-a70e-70c673cc8b20.
[2022-04-06 01:41:49,047] {spark_submit.py:488} INFO - 22/04/06 01:41:49 INFO GoogleCloudStorageFileSystem: Successfully repaired 'gs://dtc_data_lake_de-stack-overflow/BigQuery/posts_answers-2016-03/_temporary/0/task_20220406014119180428543000133882_0003_m_000000/' directory.
[2022-04-06 01:41:49,384] {spark_submit.py:488} INFO - 22/04/06 01:41:49 INFO GoogleCloudStorageFileSystem: Successfully repaired 'gs://dtc_data_lake_de-stack-overflow/BigQuery/posts_answers-2016-03/_temporary/0/task_202204060141191553260858282039199_0003_m_000003/' directory.
[2022-04-06 01:41:49,900] {spark_submit.py:488} INFO - 22/04/06 01:41:49 INFO GoogleCloudStorageFileSystem: Successfully repaired 'gs://dtc_data_lake_de-stack-overflow/BigQuery/posts_answers-2016-03/_temporary/0/task_202204060141196822921479441233458_0003_m_000001/' directory.
[2022-04-06 01:41:50,277] {spark_submit.py:488} INFO - 22/04/06 01:41:50 INFO GoogleCloudStorageFileSystem: Successfully repaired 'gs://dtc_data_lake_de-stack-overflow/BigQuery/posts_answers-2016-03/_temporary/0/task_202204060141197492557148887393466_0003_m_000002/' directory.
[2022-04-06 01:41:50,581] {spark_submit.py:488} INFO - 22/04/06 01:41:50 INFO GoogleCloudStorageFileSystem: Successfully repaired 'gs://dtc_data_lake_de-stack-overflow/BigQuery/posts_answers-2016-03/' directory.
[2022-04-06 01:41:50,827] {spark_submit.py:488} INFO - 22/04/06 01:41:50 INFO FileFormatWriter: Write Job fe89b32c-9db8-44d4-a70e-70c673cc8b20 committed. Elapsed time: 2384 ms.
[2022-04-06 01:41:50,844] {spark_submit.py:488} INFO - 22/04/06 01:41:50 INFO FileFormatWriter: Finished processing stats for write job fe89b32c-9db8-44d4-a70e-70c673cc8b20.
[2022-04-06 01:41:51,713] {spark_submit.py:488} INFO - 22/04/06 01:41:51 INFO SparkContext: Invoking stop() from shutdown hook
[2022-04-06 01:41:51,829] {spark_submit.py:488} INFO - 22/04/06 01:41:51 INFO SparkUI: Stopped Spark web UI at http://9fe4286b2855:4047
[2022-04-06 01:41:51,953] {spark_submit.py:488} INFO - 22/04/06 01:41:51 INFO MapOutputTrackerMasterEndpoint: MapOutputTrackerMasterEndpoint stopped!
[2022-04-06 01:41:52,606] {spark_submit.py:488} INFO - 22/04/06 01:41:52 INFO MemoryStore: MemoryStore cleared
[2022-04-06 01:41:52,606] {spark_submit.py:488} INFO - 22/04/06 01:41:52 INFO BlockManager: BlockManager stopped
[2022-04-06 01:41:52,613] {spark_submit.py:488} INFO - 22/04/06 01:41:52 INFO BlockManagerMaster: BlockManagerMaster stopped
[2022-04-06 01:41:52,617] {spark_submit.py:488} INFO - 22/04/06 01:41:52 INFO OutputCommitCoordinator$OutputCommitCoordinatorEndpoint: OutputCommitCoordinator stopped!
[2022-04-06 01:41:52,790] {spark_submit.py:488} INFO - 22/04/06 01:41:52 INFO SparkContext: Successfully stopped SparkContext
[2022-04-06 01:41:52,790] {spark_submit.py:488} INFO - 22/04/06 01:41:52 INFO ShutdownHookManager: Shutdown hook called
[2022-04-06 01:41:52,790] {spark_submit.py:488} INFO - 22/04/06 01:41:52 INFO ShutdownHookManager: Deleting directory /tmp/spark-0edbe46a-67c8-43e3-a89f-8a0a9f2b482c
[2022-04-06 01:41:52,823] {spark_submit.py:488} INFO - 22/04/06 01:41:52 INFO ShutdownHookManager: Deleting directory /tmp/spark-ad952423-1363-47b8-b468-e528290d02e0
[2022-04-06 01:41:52,881] {spark_submit.py:488} INFO - 22/04/06 01:41:52 INFO ShutdownHookManager: Deleting directory /tmp/spark-ad952423-1363-47b8-b468-e528290d02e0/pyspark-d07fb11b-0aef-4afa-b98a-740b8a5a05c6
[2022-04-06 01:41:54,624] {taskinstance.py:1288} INFO - Marking task as SUCCESS. dag_id=IngestToGCP, task_id=processing_tasks_posts_answers.spark_job, execution_date=20160301T000000, start_date=20220406T013637, end_date=20220406T014154
[2022-04-06 01:41:54,900] {local_task_job.py:154} INFO - Task exited with return code 0
[2022-04-06 01:41:55,128] {local_task_job.py:264} INFO - 1 downstream tasks scheduled from follow-on schedule check
