[2022-04-07 19:27:21,027] {taskinstance.py:1043} INFO - Dependencies all met for <TaskInstance: load_to_BigQuery.create_external_badges.bq_create_badges_stack_overflow_data_partitioned_table_task scheduled__2018-11-01T00:00:00+00:00 [queued]>
[2022-04-07 19:27:21,085] {taskinstance.py:1043} INFO - Dependencies all met for <TaskInstance: load_to_BigQuery.create_external_badges.bq_create_badges_stack_overflow_data_partitioned_table_task scheduled__2018-11-01T00:00:00+00:00 [queued]>
[2022-04-07 19:27:21,085] {taskinstance.py:1249} INFO - 
--------------------------------------------------------------------------------
[2022-04-07 19:27:21,085] {taskinstance.py:1250} INFO - Starting attempt 1 of 1
[2022-04-07 19:27:21,085] {taskinstance.py:1251} INFO - 
--------------------------------------------------------------------------------
[2022-04-07 19:27:21,637] {taskinstance.py:1270} INFO - Executing <Task(BigQueryInsertJobOperator): create_external_badges.bq_create_badges_stack_overflow_data_partitioned_table_task> on 2018-11-01 00:00:00+00:00
[2022-04-07 19:27:21,771] {standard_task_runner.py:52} INFO - Started process 5027 to run task
[2022-04-07 19:27:21,849] {standard_task_runner.py:79} INFO - Running: ['***', 'tasks', 'run', 'load_to_BigQuery', 'create_external_badges.bq_create_badges_stack_overflow_data_partitioned_table_task', 'scheduled__2018-11-01T00:00:00+00:00', '--job-id', '13064', '--raw', '--subdir', 'DAGS_FOLDER/load_to_BigQuery_dag.py', '--cfg-path', '/tmp/tmpfdmnv2zk', '--error-file', '/tmp/tmpgq002lnp']
[2022-04-07 19:27:21,850] {standard_task_runner.py:80} INFO - Job 13064: Subtask create_external_badges.bq_create_badges_stack_overflow_data_partitioned_table_task
[2022-04-07 19:27:22,315] {logging_mixin.py:109} INFO - Running <TaskInstance: load_to_BigQuery.create_external_badges.bq_create_badges_stack_overflow_data_partitioned_table_task scheduled__2018-11-01T00:00:00+00:00 [running]> on host 2c54f2187010
[2022-04-07 19:27:22,936] {taskinstance.py:1448} INFO - Exporting the following env vars:
AIRFLOW_CTX_DAG_OWNER=***
AIRFLOW_CTX_DAG_ID=load_to_BigQuery
AIRFLOW_CTX_TASK_ID=create_external_badges.bq_create_badges_stack_overflow_data_partitioned_table_task
AIRFLOW_CTX_EXECUTION_DATE=2018-11-01T00:00:00+00:00
AIRFLOW_CTX_DAG_RUN_ID=scheduled__2018-11-01T00:00:00+00:00
[2022-04-07 19:27:22,938] {crypto.py:82} WARNING - empty cryptography key - values will not be stored encrypted.
[2022-04-07 19:27:23,000] {logging_mixin.py:109} WARNING - /home/***/.local/lib/python3.7/site-packages/***/utils/context.py:156 AirflowContextDeprecationWarning: Accessing 'execution_date' from the template is deprecated and will be removed in a future version. Please use 'data_interval_start' or 'logical_date' instead.
[2022-04-07 19:27:23,064] {bigquery.py:1554} INFO - Inserting job ***_load_to_BigQuery_create_external_badges_bq_create_badges_stack_overflow_data_partitioned_table_task_2018_11_01T00_00_00_00_00_5c4400a31ed5c5ef3ee95c16f50625d4
[2022-04-07 19:27:23,600] {taskinstance.py:1774} ERROR - Task failed with exception
Traceback (most recent call last):
  File "/home/airflow/.local/lib/python3.7/site-packages/airflow/providers/google/cloud/operators/bigquery.py", line 2153, in execute
    job = self._submit_job(hook, job_id)
  File "/home/airflow/.local/lib/python3.7/site-packages/airflow/providers/google/cloud/operators/bigquery.py", line 2119, in _submit_job
    retry=self.result_retry,
  File "/home/airflow/.local/lib/python3.7/site-packages/airflow/providers/google/common/hooks/base_google.py", line 439, in inner_wrapper
    return func(self, *args, **kwargs)
  File "/home/airflow/.local/lib/python3.7/site-packages/airflow/providers/google/cloud/hooks/bigquery.py", line 1560, in insert_job
    job.result(timeout=timeout, retry=retry)
  File "/home/airflow/.local/lib/python3.7/site-packages/google/cloud/bigquery/job/query.py", line 1498, in result
    do_get_result()
  File "/home/airflow/.local/lib/python3.7/site-packages/google/cloud/bigquery/job/query.py", line 1488, in do_get_result
    super(QueryJob, self).result(retry=retry, timeout=timeout)
  File "/home/airflow/.local/lib/python3.7/site-packages/google/cloud/bigquery/job/base.py", line 728, in result
    return super(_AsyncJob, self).result(timeout=timeout, **kwargs)
  File "/home/airflow/.local/lib/python3.7/site-packages/google/api_core/future/polling.py", line 135, in result
    raise self._exception
google.api_core.exceptions.BadRequest: 400 Could not cast literal "date" to type TIMESTAMP at [1:102]

Location: us-central1
Job ID: airflow_load_to_BigQuery_create_external_badges_bq_create_badges_stack_overflow_data_partitioned_table_task_2018_11_01T00_00_00_00_00_5c4400a31ed5c5ef3ee95c16f50625d4

[2022-04-07 19:27:23,677] {taskinstance.py:1288} INFO - Marking task as FAILED. dag_id=load_to_BigQuery, task_id=create_external_badges.bq_create_badges_stack_overflow_data_partitioned_table_task, execution_date=20181101T000000, start_date=20220407T192721, end_date=20220407T192723
[2022-04-07 19:27:23,736] {standard_task_runner.py:98} ERROR - Failed to execute job 13064 for task create_external_badges.bq_create_badges_stack_overflow_data_partitioned_table_task (400 Could not cast literal "date" to type TIMESTAMP at [1:102]

Location: us-central1
Job ID: airflow_load_to_BigQuery_create_external_badges_bq_create_badges_stack_overflow_data_partitioned_table_task_2018_11_01T00_00_00_00_00_5c4400a31ed5c5ef3ee95c16f50625d4
; 5027)
[2022-04-07 19:27:23,862] {local_task_job.py:154} INFO - Task exited with return code 1
[2022-04-07 19:27:24,028] {local_task_job.py:264} INFO - 0 downstream tasks scheduled from follow-on schedule check
[2022-04-07 22:19:53,994] {taskinstance.py:1043} INFO - Dependencies all met for <TaskInstance: load_to_BigQuery.create_external_badges.bq_create_badges_stack_overflow_data_partitioned_table_task scheduled__2018-11-01T00:00:00+00:00 [queued]>
[2022-04-07 22:19:54,080] {taskinstance.py:1043} INFO - Dependencies all met for <TaskInstance: load_to_BigQuery.create_external_badges.bq_create_badges_stack_overflow_data_partitioned_table_task scheduled__2018-11-01T00:00:00+00:00 [queued]>
[2022-04-07 22:19:54,080] {taskinstance.py:1249} INFO - 
--------------------------------------------------------------------------------
[2022-04-07 22:19:54,080] {taskinstance.py:1250} INFO - Starting attempt 1 of 1
[2022-04-07 22:19:54,080] {taskinstance.py:1251} INFO - 
--------------------------------------------------------------------------------
[2022-04-07 22:19:54,736] {taskinstance.py:1270} INFO - Executing <Task(BigQueryInsertJobOperator): create_external_badges.bq_create_badges_stack_overflow_data_partitioned_table_task> on 2018-11-01 00:00:00+00:00
[2022-04-07 22:19:54,761] {standard_task_runner.py:52} INFO - Started process 7221 to run task
[2022-04-07 22:19:54,786] {standard_task_runner.py:79} INFO - Running: ['***', 'tasks', 'run', 'load_to_BigQuery', 'create_external_badges.bq_create_badges_stack_overflow_data_partitioned_table_task', 'scheduled__2018-11-01T00:00:00+00:00', '--job-id', '14304', '--raw', '--subdir', 'DAGS_FOLDER/load_to_BigQuery_dag.py', '--cfg-path', '/tmp/tmp6961nh4w', '--error-file', '/tmp/tmpzl1a5eqy']
[2022-04-07 22:19:54,788] {standard_task_runner.py:80} INFO - Job 14304: Subtask create_external_badges.bq_create_badges_stack_overflow_data_partitioned_table_task
[2022-04-07 22:19:55,229] {logging_mixin.py:109} INFO - Running <TaskInstance: load_to_BigQuery.create_external_badges.bq_create_badges_stack_overflow_data_partitioned_table_task scheduled__2018-11-01T00:00:00+00:00 [running]> on host 36107d30f64e
[2022-04-07 22:19:55,698] {taskinstance.py:1448} INFO - Exporting the following env vars:
AIRFLOW_CTX_DAG_OWNER=***
AIRFLOW_CTX_DAG_ID=load_to_BigQuery
AIRFLOW_CTX_TASK_ID=create_external_badges.bq_create_badges_stack_overflow_data_partitioned_table_task
AIRFLOW_CTX_EXECUTION_DATE=2018-11-01T00:00:00+00:00
AIRFLOW_CTX_DAG_RUN_ID=scheduled__2018-11-01T00:00:00+00:00
[2022-04-07 22:19:55,700] {crypto.py:82} WARNING - empty cryptography key - values will not be stored encrypted.
[2022-04-07 22:19:55,717] {logging_mixin.py:109} WARNING - /home/***/.local/lib/python3.7/site-packages/***/utils/context.py:156 AirflowContextDeprecationWarning: Accessing 'execution_date' from the template is deprecated and will be removed in a future version. Please use 'data_interval_start' or 'logical_date' instead.
[2022-04-07 22:19:55,743] {bigquery.py:1554} INFO - Inserting job ***_load_to_BigQuery_create_external_badges_bq_create_badges_stack_overflow_data_partitioned_table_task_2018_11_01T00_00_00_00_00_3ea646763a480c7e4e06e53e9de8cb01
[2022-04-07 22:19:58,141] {taskinstance.py:1288} INFO - Marking task as SUCCESS. dag_id=load_to_BigQuery, task_id=create_external_badges.bq_create_badges_stack_overflow_data_partitioned_table_task, execution_date=20181101T000000, start_date=20220407T221954, end_date=20220407T221958
[2022-04-07 22:19:58,238] {local_task_job.py:154} INFO - Task exited with return code 0
[2022-04-07 22:19:58,550] {local_task_job.py:264} INFO - 0 downstream tasks scheduled from follow-on schedule check
