[2022-04-06 03:13:14,092] {taskinstance.py:1043} INFO - Dependencies all met for <TaskInstance: IngestToGCP.processing_tasks_posts_questions.download_files_posts_questions scheduled__2019-11-01T00:00:00+00:00 [queued]>
[2022-04-06 03:13:14,300] {taskinstance.py:1043} INFO - Dependencies all met for <TaskInstance: IngestToGCP.processing_tasks_posts_questions.download_files_posts_questions scheduled__2019-11-01T00:00:00+00:00 [queued]>
[2022-04-06 03:13:14,300] {taskinstance.py:1249} INFO - 
--------------------------------------------------------------------------------
[2022-04-06 03:13:14,300] {taskinstance.py:1250} INFO - Starting attempt 1 of 1
[2022-04-06 03:13:14,301] {taskinstance.py:1251} INFO - 
--------------------------------------------------------------------------------
[2022-04-06 03:13:14,572] {taskinstance.py:1270} INFO - Executing <Task(BashOperator): processing_tasks_posts_questions.download_files_posts_questions> on 2019-11-01 00:00:00+00:00
[2022-04-06 03:13:14,668] {standard_task_runner.py:52} INFO - Started process 205286 to run task
[2022-04-06 03:13:14,756] {standard_task_runner.py:79} INFO - Running: ['***', 'tasks', 'run', 'IngestToGCP', 'processing_tasks_posts_questions.download_files_posts_questions', 'scheduled__2019-11-01T00:00:00+00:00', '--job-id', '11598', '--raw', '--subdir', 'DAGS_FOLDER/ingest_dag.py', '--cfg-path', '/tmp/tmp72h5r4pc', '--error-file', '/tmp/tmpvhkoimlw']
[2022-04-06 03:13:14,758] {standard_task_runner.py:80} INFO - Job 11598: Subtask processing_tasks_posts_questions.download_files_posts_questions
[2022-04-06 03:13:15,314] {logging_mixin.py:109} INFO - Running <TaskInstance: IngestToGCP.processing_tasks_posts_questions.download_files_posts_questions scheduled__2019-11-01T00:00:00+00:00 [running]> on host 9fe4286b2855
[2022-04-06 03:13:16,153] {logging_mixin.py:109} WARNING - /home/***/.local/lib/python3.7/site-packages/***/utils/context.py:156 AirflowContextDeprecationWarning: Accessing 'execution_date' from the template is deprecated and will be removed in a future version. Please use 'data_interval_start' or 'logical_date' instead.
[2022-04-06 03:13:16,388] {taskinstance.py:1448} INFO - Exporting the following env vars:
AIRFLOW_CTX_DAG_OWNER=***
AIRFLOW_CTX_DAG_ID=IngestToGCP
AIRFLOW_CTX_TASK_ID=processing_tasks_posts_questions.download_files_posts_questions
AIRFLOW_CTX_EXECUTION_DATE=2019-11-01T00:00:00+00:00
AIRFLOW_CTX_DAG_RUN_ID=scheduled__2019-11-01T00:00:00+00:00
[2022-04-06 03:13:16,389] {subprocess.py:62} INFO - Tmp dir root location: 
 /tmp
[2022-04-06 03:13:16,390] {subprocess.py:74} INFO - Running command: ['bash', '-c', 'curl -A "Mozilla Chrome Safari" -sSfl --connect-timeout 5                     --retry 5                     https://storage.googleapis.com/dtc_data_lake_de-stack-overflow/processed/posts_questions-2019-11.csv > /opt/***/posts_questions-2019-11.csv']
[2022-04-06 03:13:16,629] {subprocess.py:85} INFO - Output:
[2022-04-06 03:13:26,548] {subprocess.py:93} INFO - Command exited with return code 0
[2022-04-06 03:13:27,821] {taskinstance.py:1288} INFO - Marking task as SUCCESS. dag_id=IngestToGCP, task_id=processing_tasks_posts_questions.download_files_posts_questions, execution_date=20191101T000000, start_date=20220406T031314, end_date=20220406T031327
[2022-04-06 03:13:28,268] {local_task_job.py:154} INFO - Task exited with return code 0
[2022-04-06 03:13:28,960] {local_task_job.py:264} INFO - 1 downstream tasks scheduled from follow-on schedule check
