[2022-04-05 23:26:36,292] {taskinstance.py:1043} INFO - Dependencies all met for <TaskInstance: IngestToGCP.processing_tasks_posts_questions.remove_posts_questions_parquet scheduled__2011-02-01T00:00:00+00:00 [queued]>
[2022-04-05 23:26:36,553] {taskinstance.py:1043} INFO - Dependencies all met for <TaskInstance: IngestToGCP.processing_tasks_posts_questions.remove_posts_questions_parquet scheduled__2011-02-01T00:00:00+00:00 [queued]>
[2022-04-05 23:26:36,554] {taskinstance.py:1249} INFO - 
--------------------------------------------------------------------------------
[2022-04-05 23:26:36,554] {taskinstance.py:1250} INFO - Starting attempt 1 of 1
[2022-04-05 23:26:36,554] {taskinstance.py:1251} INFO - 
--------------------------------------------------------------------------------
[2022-04-05 23:26:36,617] {taskinstance.py:1270} INFO - Executing <Task(BashOperator): processing_tasks_posts_questions.remove_posts_questions_parquet> on 2011-02-01 00:00:00+00:00
[2022-04-05 23:26:36,671] {standard_task_runner.py:52} INFO - Started process 48387 to run task
[2022-04-05 23:26:36,846] {standard_task_runner.py:79} INFO - Running: ['***', 'tasks', 'run', 'IngestToGCP', 'processing_tasks_posts_questions.remove_posts_questions_parquet', 'scheduled__2011-02-01T00:00:00+00:00', '--job-id', '9142', '--raw', '--subdir', 'DAGS_FOLDER/ingest_dag.py', '--cfg-path', '/tmp/tmpcemih7zd', '--error-file', '/tmp/tmpn7ss4fky']
[2022-04-05 23:26:36,847] {standard_task_runner.py:80} INFO - Job 9142: Subtask processing_tasks_posts_questions.remove_posts_questions_parquet
[2022-04-05 23:26:37,355] {logging_mixin.py:109} INFO - Running <TaskInstance: IngestToGCP.processing_tasks_posts_questions.remove_posts_questions_parquet scheduled__2011-02-01T00:00:00+00:00 [running]> on host 9fe4286b2855
[2022-04-05 23:26:37,578] {logging_mixin.py:109} WARNING - /home/***/.local/lib/python3.7/site-packages/***/utils/context.py:156 AirflowContextDeprecationWarning: Accessing 'execution_date' from the template is deprecated and will be removed in a future version. Please use 'data_interval_start' or 'logical_date' instead.
[2022-04-05 23:26:37,700] {taskinstance.py:1448} INFO - Exporting the following env vars:
AIRFLOW_CTX_DAG_OWNER=***
AIRFLOW_CTX_DAG_ID=IngestToGCP
AIRFLOW_CTX_TASK_ID=processing_tasks_posts_questions.remove_posts_questions_parquet
AIRFLOW_CTX_EXECUTION_DATE=2011-02-01T00:00:00+00:00
AIRFLOW_CTX_DAG_RUN_ID=scheduled__2011-02-01T00:00:00+00:00
[2022-04-05 23:26:37,702] {subprocess.py:62} INFO - Tmp dir root location: 
 /tmp
[2022-04-05 23:26:37,713] {subprocess.py:74} INFO - Running command: ['bash', '-c', 'rm /opt/***/posts_questions-2011-02.parquet']
[2022-04-05 23:26:37,902] {subprocess.py:85} INFO - Output:
[2022-04-05 23:26:37,949] {subprocess.py:93} INFO - Command exited with return code 0
[2022-04-05 23:26:38,062] {taskinstance.py:1288} INFO - Marking task as SUCCESS. dag_id=IngestToGCP, task_id=processing_tasks_posts_questions.remove_posts_questions_parquet, execution_date=20110201T000000, start_date=20220405T232636, end_date=20220405T232638
[2022-04-05 23:26:38,313] {local_task_job.py:154} INFO - Task exited with return code 0
[2022-04-05 23:26:38,573] {local_task_job.py:264} INFO - 0 downstream tasks scheduled from follow-on schedule check
