[2022-04-06 04:00:24,830] {taskinstance.py:1043} INFO - Dependencies all met for <TaskInstance: IngestToGCP.processing_tasks_posts_questions.spark_job scheduled__2021-07-01T00:00:00+00:00 [queued]>
[2022-04-06 04:00:24,870] {taskinstance.py:1043} INFO - Dependencies all met for <TaskInstance: IngestToGCP.processing_tasks_posts_questions.spark_job scheduled__2021-07-01T00:00:00+00:00 [queued]>
[2022-04-06 04:00:24,870] {taskinstance.py:1249} INFO - 
--------------------------------------------------------------------------------
[2022-04-06 04:00:24,870] {taskinstance.py:1250} INFO - Starting attempt 1 of 1
[2022-04-06 04:00:24,870] {taskinstance.py:1251} INFO - 
--------------------------------------------------------------------------------
[2022-04-06 04:00:24,903] {taskinstance.py:1270} INFO - Executing <Task(SparkSubmitOperator): processing_tasks_posts_questions.spark_job> on 2021-07-01 00:00:00+00:00
[2022-04-06 04:00:24,937] {standard_task_runner.py:52} INFO - Started process 238301 to run task
[2022-04-06 04:00:25,137] {standard_task_runner.py:79} INFO - Running: ['***', 'tasks', 'run', 'IngestToGCP', 'processing_tasks_posts_questions.spark_job', 'scheduled__2021-07-01T00:00:00+00:00', '--job-id', '12128', '--raw', '--subdir', 'DAGS_FOLDER/ingest_dag.py', '--cfg-path', '/tmp/tmp26uwa8ow', '--error-file', '/tmp/tmpamlseiqb']
[2022-04-06 04:00:25,138] {standard_task_runner.py:80} INFO - Job 12128: Subtask processing_tasks_posts_questions.spark_job
[2022-04-06 04:00:25,821] {logging_mixin.py:109} INFO - Running <TaskInstance: IngestToGCP.processing_tasks_posts_questions.spark_job scheduled__2021-07-01T00:00:00+00:00 [running]> on host 9fe4286b2855
[2022-04-06 04:00:26,722] {logging_mixin.py:109} WARNING - /home/***/.local/lib/python3.7/site-packages/***/utils/context.py:156 AirflowContextDeprecationWarning: Accessing 'execution_date' from the template is deprecated and will be removed in a future version. Please use 'data_interval_start' or 'logical_date' instead.
[2022-04-06 04:00:26,930] {taskinstance.py:1448} INFO - Exporting the following env vars:
AIRFLOW_CTX_DAG_OWNER=***
AIRFLOW_CTX_DAG_ID=IngestToGCP
AIRFLOW_CTX_TASK_ID=processing_tasks_posts_questions.spark_job
AIRFLOW_CTX_EXECUTION_DATE=2021-07-01T00:00:00+00:00
AIRFLOW_CTX_DAG_RUN_ID=scheduled__2021-07-01T00:00:00+00:00
[2022-04-06 04:00:27,006] {base.py:79} INFO - Using connection to: id: spark_project. Host: spark://spark, Port: 7077, Schema: , Login: , Password: None, extra: {'queue': 'root.default'}
[2022-04-06 04:00:27,008] {spark_submit.py:335} INFO - Spark-Submit cmd: spark-submit --master spark://spark:7077 --conf spark.master=local[*] --name format_schema --verbose --queue root.default ./dags/pyspark_parquet_transformation.py posts_questions 2021-07
[2022-04-06 04:00:49,085] {spark_submit.py:488} INFO - Using properties file: null
[2022-04-06 04:00:50,464] {spark_submit.py:488} INFO - WARNING: An illegal reflective access operation has occurred
[2022-04-06 04:00:50,464] {spark_submit.py:488} INFO - WARNING: Illegal reflective access by org.apache.spark.unsafe.Platform (file:/opt/***/spark/spark-3.2.1-bin-hadoop3.2/jars/spark-unsafe_2.12-3.2.1.jar) to constructor java.nio.DirectByteBuffer(long,int)
[2022-04-06 04:00:50,464] {spark_submit.py:488} INFO - WARNING: Please consider reporting this to the maintainers of org.apache.spark.unsafe.Platform
[2022-04-06 04:00:50,464] {spark_submit.py:488} INFO - WARNING: Use --illegal-access=warn to enable warnings of further illegal reflective access operations
[2022-04-06 04:00:50,465] {spark_submit.py:488} INFO - WARNING: All illegal access operations will be denied in a future release
[2022-04-06 04:00:51,210] {spark_submit.py:488} INFO - Parsed arguments:
[2022-04-06 04:00:51,210] {spark_submit.py:488} INFO - master                  spark://spark:7077
[2022-04-06 04:00:51,210] {spark_submit.py:488} INFO - deployMode              null
[2022-04-06 04:00:51,210] {spark_submit.py:488} INFO - executorMemory          null
[2022-04-06 04:00:51,210] {spark_submit.py:488} INFO - executorCores           null
[2022-04-06 04:00:51,210] {spark_submit.py:488} INFO - totalExecutorCores      null
[2022-04-06 04:00:51,211] {spark_submit.py:488} INFO - propertiesFile          null
[2022-04-06 04:00:51,211] {spark_submit.py:488} INFO - driverMemory            null
[2022-04-06 04:00:51,211] {spark_submit.py:488} INFO - driverCores             null
[2022-04-06 04:00:51,211] {spark_submit.py:488} INFO - driverExtraClassPath    null
[2022-04-06 04:00:51,211] {spark_submit.py:488} INFO - driverExtraLibraryPath  null
[2022-04-06 04:00:51,211] {spark_submit.py:488} INFO - driverExtraJavaOptions  null
[2022-04-06 04:00:51,211] {spark_submit.py:488} INFO - supervise               false
[2022-04-06 04:00:51,211] {spark_submit.py:488} INFO - queue                   root.default
[2022-04-06 04:00:51,211] {spark_submit.py:488} INFO - numExecutors            null
[2022-04-06 04:00:51,211] {spark_submit.py:488} INFO - files                   null
[2022-04-06 04:00:51,211] {spark_submit.py:488} INFO - pyFiles                 null
[2022-04-06 04:00:51,211] {spark_submit.py:488} INFO - archives                null
[2022-04-06 04:00:51,211] {spark_submit.py:488} INFO - mainClass               null
[2022-04-06 04:00:51,211] {spark_submit.py:488} INFO - primaryResource         file:/opt/***/dags/pyspark_parquet_transformation.py
[2022-04-06 04:00:51,212] {spark_submit.py:488} INFO - name                    format_schema
[2022-04-06 04:00:51,212] {spark_submit.py:488} INFO - childArgs               [posts_questions 2021-07]
[2022-04-06 04:00:51,212] {spark_submit.py:488} INFO - jars                    null
[2022-04-06 04:00:51,212] {spark_submit.py:488} INFO - packages                null
[2022-04-06 04:00:51,212] {spark_submit.py:488} INFO - packagesExclusions      null
[2022-04-06 04:00:51,212] {spark_submit.py:488} INFO - repositories            null
[2022-04-06 04:00:51,212] {spark_submit.py:488} INFO - verbose                 true
[2022-04-06 04:00:51,212] {spark_submit.py:488} INFO - 
[2022-04-06 04:00:51,212] {spark_submit.py:488} INFO - Spark properties used, including those specified through
[2022-04-06 04:00:51,212] {spark_submit.py:488} INFO - --conf and those from the properties file null:
[2022-04-06 04:00:51,212] {spark_submit.py:488} INFO - (spark.master,local[*])
[2022-04-06 04:00:51,212] {spark_submit.py:488} INFO - 
[2022-04-06 04:00:51,213] {spark_submit.py:488} INFO - 
[2022-04-06 04:00:54,997] {spark_submit.py:488} INFO - Main class:
[2022-04-06 04:00:54,997] {spark_submit.py:488} INFO - org.apache.spark.deploy.PythonRunner
[2022-04-06 04:00:55,060] {spark_submit.py:488} INFO - Arguments:
[2022-04-06 04:00:55,061] {spark_submit.py:488} INFO - file:/opt/***/dags/pyspark_parquet_transformation.py
[2022-04-06 04:00:55,061] {spark_submit.py:488} INFO - null
[2022-04-06 04:00:55,061] {spark_submit.py:488} INFO - posts_questions
[2022-04-06 04:00:55,061] {spark_submit.py:488} INFO - 2021-07
[2022-04-06 04:00:55,077] {spark_submit.py:488} INFO - Spark config:
[2022-04-06 04:00:55,077] {spark_submit.py:488} INFO - (spark.master,spark://spark:7077)
[2022-04-06 04:00:55,077] {spark_submit.py:488} INFO - (spark.submit.pyFiles,)
[2022-04-06 04:00:55,077] {spark_submit.py:488} INFO - (spark.submit.deployMode,client)
[2022-04-06 04:00:55,077] {spark_submit.py:488} INFO - (spark.app.name,format_schema)
[2022-04-06 04:00:55,077] {spark_submit.py:488} INFO - Classpath elements:
[2022-04-06 04:00:55,077] {spark_submit.py:488} INFO - 
[2022-04-06 04:00:55,122] {spark_submit.py:488} INFO - 
[2022-04-06 04:00:55,122] {spark_submit.py:488} INFO - 
[2022-04-06 04:01:04,362] {spark_submit.py:488} INFO - Using Spark's default log4j profile: org/apache/spark/log4j-defaults.properties
[2022-04-06 04:01:04,480] {spark_submit.py:488} INFO - 22/04/06 04:01:04 INFO SparkContext: Running Spark version 3.2.1
[2022-04-06 04:01:05,404] {spark_submit.py:488} INFO - 22/04/06 04:01:05 WARN NativeCodeLoader: Unable to load native-hadoop library for your platform... using builtin-java classes where applicable
[2022-04-06 04:01:07,205] {spark_submit.py:488} INFO - 22/04/06 04:01:07 INFO ResourceUtils: ==============================================================
[2022-04-06 04:01:07,207] {spark_submit.py:488} INFO - 22/04/06 04:01:07 INFO ResourceUtils: No custom resources configured for spark.driver.
[2022-04-06 04:01:07,207] {spark_submit.py:488} INFO - 22/04/06 04:01:07 INFO ResourceUtils: ==============================================================
[2022-04-06 04:01:07,208] {spark_submit.py:488} INFO - 22/04/06 04:01:07 INFO SparkContext: Submitted application: Modidy Schema
[2022-04-06 04:01:07,842] {spark_submit.py:488} INFO - 22/04/06 04:01:07 INFO ResourceProfile: Default ResourceProfile created, executor resources: Map(cores -> name: cores, amount: 1, script: , vendor: , memory -> name: memory, amount: 1024, script: , vendor: , offHeap -> name: offHeap, amount: 0, script: , vendor: ), task resources: Map(cpus -> name: cpus, amount: 1.0)
[2022-04-06 04:01:08,070] {spark_submit.py:488} INFO - 22/04/06 04:01:08 INFO ResourceProfile: Limiting resource is cpu
[2022-04-06 04:01:08,071] {spark_submit.py:488} INFO - 22/04/06 04:01:08 INFO ResourceProfileManager: Added ResourceProfile id: 0
[2022-04-06 04:01:09,066] {spark_submit.py:488} INFO - 22/04/06 04:01:09 INFO SecurityManager: Changing view acls to: default
[2022-04-06 04:01:09,068] {spark_submit.py:488} INFO - 22/04/06 04:01:09 INFO SecurityManager: Changing modify acls to: default
[2022-04-06 04:01:09,073] {spark_submit.py:488} INFO - 22/04/06 04:01:09 INFO SecurityManager: Changing view acls groups to:
[2022-04-06 04:01:09,115] {spark_submit.py:488} INFO - 22/04/06 04:01:09 INFO SecurityManager: Changing modify acls groups to:
[2022-04-06 04:01:09,116] {spark_submit.py:488} INFO - 22/04/06 04:01:09 INFO SecurityManager: SecurityManager: authentication disabled; ui acls disabled; users  with view permissions: Set(default); groups with view permissions: Set(); users  with modify permissions: Set(default); groups with modify permissions: Set()
[2022-04-06 04:01:13,222] {spark_submit.py:488} INFO - 22/04/06 04:01:13 INFO Utils: Successfully started service 'sparkDriver' on port 34311.
[2022-04-06 04:01:13,619] {spark_submit.py:488} INFO - 22/04/06 04:01:13 INFO SparkEnv: Registering MapOutputTracker
[2022-04-06 04:01:14,145] {spark_submit.py:488} INFO - 22/04/06 04:01:14 INFO SparkEnv: Registering BlockManagerMaster
[2022-04-06 04:01:14,354] {spark_submit.py:488} INFO - 22/04/06 04:01:14 INFO BlockManagerMasterEndpoint: Using org.apache.spark.storage.DefaultTopologyMapper for getting topology information
[2022-04-06 04:01:14,357] {spark_submit.py:488} INFO - 22/04/06 04:01:14 INFO BlockManagerMasterEndpoint: BlockManagerMasterEndpoint up
[2022-04-06 04:01:14,414] {spark_submit.py:488} INFO - 22/04/06 04:01:14 INFO SparkEnv: Registering BlockManagerMasterHeartbeat
[2022-04-06 04:01:14,906] {spark_submit.py:488} INFO - 22/04/06 04:01:14 INFO DiskBlockManager: Created local directory at /tmp/blockmgr-3f9ffecf-d511-41d7-a931-229f3a0b6020
[2022-04-06 04:01:15,236] {spark_submit.py:488} INFO - 22/04/06 04:01:15 INFO MemoryStore: MemoryStore started with capacity 434.4 MiB
[2022-04-06 04:01:15,433] {spark_submit.py:488} INFO - 22/04/06 04:01:15 INFO SparkEnv: Registering OutputCommitCoordinator
[2022-04-06 04:01:18,459] {spark_submit.py:488} INFO - 22/04/06 04:01:18 WARN Utils: Service 'SparkUI' could not bind on port 4040. Attempting port 4041.
[2022-04-06 04:01:18,480] {spark_submit.py:488} INFO - 22/04/06 04:01:18 WARN Utils: Service 'SparkUI' could not bind on port 4041. Attempting port 4042.
[2022-04-06 04:01:18,484] {spark_submit.py:488} INFO - 22/04/06 04:01:18 WARN Utils: Service 'SparkUI' could not bind on port 4042. Attempting port 4043.
[2022-04-06 04:01:18,485] {spark_submit.py:488} INFO - 22/04/06 04:01:18 WARN Utils: Service 'SparkUI' could not bind on port 4043. Attempting port 4044.
[2022-04-06 04:01:18,491] {spark_submit.py:488} INFO - 22/04/06 04:01:18 WARN Utils: Service 'SparkUI' could not bind on port 4044. Attempting port 4045.
[2022-04-06 04:01:18,494] {spark_submit.py:488} INFO - 22/04/06 04:01:18 WARN Utils: Service 'SparkUI' could not bind on port 4045. Attempting port 4046.
[2022-04-06 04:01:18,585] {spark_submit.py:488} INFO - 22/04/06 04:01:18 INFO Utils: Successfully started service 'SparkUI' on port 4046.
[2022-04-06 04:01:19,443] {spark_submit.py:488} INFO - 22/04/06 04:01:19 INFO SparkUI: Bound SparkUI to 0.0.0.0, and started at http://9fe4286b2855:4046
[2022-04-06 04:01:22,953] {spark_submit.py:488} INFO - 22/04/06 04:01:22 INFO Executor: Starting executor ID driver on host 9fe4286b2855
[2022-04-06 04:01:23,391] {spark_submit.py:488} INFO - 22/04/06 04:01:23 INFO Utils: Successfully started service 'org.apache.spark.network.netty.NettyBlockTransferService' on port 46457.
[2022-04-06 04:01:23,391] {spark_submit.py:488} INFO - 22/04/06 04:01:23 INFO NettyBlockTransferService: Server created on 9fe4286b2855:46457
[2022-04-06 04:01:23,396] {spark_submit.py:488} INFO - 22/04/06 04:01:23 INFO BlockManager: Using org.apache.spark.storage.RandomBlockReplicationPolicy for block replication policy
[2022-04-06 04:01:23,497] {spark_submit.py:488} INFO - 22/04/06 04:01:23 INFO BlockManagerMaster: Registering BlockManager BlockManagerId(driver, 9fe4286b2855, 46457, None)
[2022-04-06 04:01:23,521] {spark_submit.py:488} INFO - 22/04/06 04:01:23 INFO BlockManagerMasterEndpoint: Registering block manager 9fe4286b2855:46457 with 434.4 MiB RAM, BlockManagerId(driver, 9fe4286b2855, 46457, None)
[2022-04-06 04:01:23,531] {spark_submit.py:488} INFO - 22/04/06 04:01:23 INFO BlockManagerMaster: Registered BlockManager BlockManagerId(driver, 9fe4286b2855, 46457, None)
[2022-04-06 04:01:23,549] {spark_submit.py:488} INFO - 22/04/06 04:01:23 INFO BlockManager: Initialized BlockManager: BlockManagerId(driver, 9fe4286b2855, 46457, None)
[2022-04-06 04:01:38,137] {spark_submit.py:488} INFO - 22/04/06 04:01:38 INFO SharedState: Setting hive.metastore.warehouse.dir ('null') to the value of spark.sql.warehouse.dir.
[2022-04-06 04:01:38,708] {spark_submit.py:488} INFO - 22/04/06 04:01:38 INFO SharedState: Warehouse path is 'file:/opt/***/spark-warehouse'.
[2022-04-06 04:02:09,898] {spark_submit.py:488} INFO - 22/04/06 04:02:09 INFO InMemoryFileIndex: It took 860 ms to list leaf files for 1 paths.
[2022-04-06 04:02:20,088] {spark_submit.py:488} INFO - 22/04/06 04:02:20 INFO SparkContext: Starting job: parquet at NativeMethodAccessorImpl.java:0
[2022-04-06 04:02:20,199] {spark_submit.py:488} INFO - 22/04/06 04:02:20 INFO DAGScheduler: Got job 0 (parquet at NativeMethodAccessorImpl.java:0) with 1 output partitions
[2022-04-06 04:02:20,254] {spark_submit.py:488} INFO - 22/04/06 04:02:20 INFO DAGScheduler: Final stage: ResultStage 0 (parquet at NativeMethodAccessorImpl.java:0)
[2022-04-06 04:02:20,254] {spark_submit.py:488} INFO - 22/04/06 04:02:20 INFO DAGScheduler: Parents of final stage: List()
[2022-04-06 04:02:20,258] {spark_submit.py:488} INFO - 22/04/06 04:02:20 INFO DAGScheduler: Missing parents: List()
[2022-04-06 04:02:20,380] {spark_submit.py:488} INFO - 22/04/06 04:02:20 INFO DAGScheduler: Submitting ResultStage 0 (MapPartitionsRDD[1] at parquet at NativeMethodAccessorImpl.java:0), which has no missing parents
[2022-04-06 04:02:21,571] {spark_submit.py:488} INFO - 22/04/06 04:02:21 INFO MemoryStore: Block broadcast_0 stored as values in memory (estimated size 100.1 KiB, free 434.3 MiB)
[2022-04-06 04:02:22,222] {spark_submit.py:488} INFO - 22/04/06 04:02:22 INFO MemoryStore: Block broadcast_0_piece0 stored as bytes in memory (estimated size 35.7 KiB, free 434.3 MiB)
[2022-04-06 04:02:22,227] {spark_submit.py:488} INFO - 22/04/06 04:02:22 INFO BlockManagerInfo: Added broadcast_0_piece0 in memory on 9fe4286b2855:46457 (size: 35.7 KiB, free: 434.4 MiB)
[2022-04-06 04:02:22,292] {spark_submit.py:488} INFO - 22/04/06 04:02:22 INFO SparkContext: Created broadcast 0 from broadcast at DAGScheduler.scala:1478
[2022-04-06 04:02:22,564] {spark_submit.py:488} INFO - 22/04/06 04:02:22 INFO DAGScheduler: Submitting 1 missing tasks from ResultStage 0 (MapPartitionsRDD[1] at parquet at NativeMethodAccessorImpl.java:0) (first 15 tasks are for partitions Vector(0))
[2022-04-06 04:02:22,603] {spark_submit.py:488} INFO - 22/04/06 04:02:22 INFO TaskSchedulerImpl: Adding task set 0.0 with 1 tasks resource profile 0
[2022-04-06 04:02:23,896] {spark_submit.py:488} INFO - 22/04/06 04:02:23 INFO TaskSetManager: Starting task 0.0 in stage 0.0 (TID 0) (9fe4286b2855, executor driver, partition 0, PROCESS_LOCAL, 4624 bytes) taskResourceAssignments Map()
[2022-04-06 04:02:24,224] {spark_submit.py:488} INFO - 22/04/06 04:02:24 INFO Executor: Running task 0.0 in stage 0.0 (TID 0)
[2022-04-06 04:02:35,799] {spark_submit.py:488} INFO - 22/04/06 04:02:35 INFO Executor: Finished task 0.0 in stage 0.0 (TID 0). 2409 bytes result sent to driver
[2022-04-06 04:02:35,922] {spark_submit.py:488} INFO - 22/04/06 04:02:35 INFO TaskSetManager: Finished task 0.0 in stage 0.0 (TID 0) in 12578 ms on 9fe4286b2855 (executor driver) (1/1)
[2022-04-06 04:02:36,046] {spark_submit.py:488} INFO - 22/04/06 04:02:36 INFO DAGScheduler: ResultStage 0 (parquet at NativeMethodAccessorImpl.java:0) finished in 15.355 s
[2022-04-06 04:02:36,052] {spark_submit.py:488} INFO - 22/04/06 04:02:36 INFO TaskSchedulerImpl: Removed TaskSet 0.0, whose tasks have all completed, from pool
[2022-04-06 04:02:36,096] {spark_submit.py:488} INFO - 22/04/06 04:02:36 INFO DAGScheduler: Job 0 is finished. Cancelling potential speculative or zombie tasks for this job
[2022-04-06 04:02:36,097] {spark_submit.py:488} INFO - 22/04/06 04:02:36 INFO TaskSchedulerImpl: Killing all running tasks in stage 0: Stage finished
[2022-04-06 04:02:36,168] {spark_submit.py:488} INFO - 22/04/06 04:02:36 INFO DAGScheduler: Job 0 finished: parquet at NativeMethodAccessorImpl.java:0, took 16.064606 s
[2022-04-06 04:02:39,057] {spark_submit.py:488} INFO - 22/04/06 04:02:39 INFO BlockManagerInfo: Removed broadcast_0_piece0 on 9fe4286b2855:46457 in memory (size: 35.7 KiB, free: 434.4 MiB)
[2022-04-06 04:03:42,263] {spark_submit.py:488} INFO - 22/04/06 04:03:42 INFO FileSourceStrategy: Pushed Filters:
[2022-04-06 04:03:42,328] {spark_submit.py:488} INFO - 22/04/06 04:03:42 INFO FileSourceStrategy: Post-Scan Filters:
[2022-04-06 04:03:42,341] {spark_submit.py:488} INFO - 22/04/06 04:03:42 INFO FileSourceStrategy: Output Data Schema: struct<id: bigint, title: string, body: string, accepted_answer_id: double, answer_count: bigint ... 19 more fields>
[2022-04-06 04:03:46,261] {spark_submit.py:488} INFO - 22/04/06 04:03:46 INFO ParquetFileFormat: Using default output committer for Parquet: org.apache.parquet.hadoop.ParquetOutputCommitter
[2022-04-06 04:03:46,749] {spark_submit.py:488} INFO - 22/04/06 04:03:46 INFO FileOutputCommitter: File Output Committer Algorithm version is 1
[2022-04-06 04:03:46,760] {spark_submit.py:488} INFO - 22/04/06 04:03:46 INFO FileOutputCommitter: FileOutputCommitter skip cleanup _temporary folders under output directory:false, ignore cleanup failures: false
[2022-04-06 04:03:46,762] {spark_submit.py:488} INFO - 22/04/06 04:03:46 INFO SQLHadoopMapReduceCommitProtocol: Using user defined output committer class org.apache.parquet.hadoop.ParquetOutputCommitter
[2022-04-06 04:03:46,816] {spark_submit.py:488} INFO - 22/04/06 04:03:46 INFO FileOutputCommitter: File Output Committer Algorithm version is 1
[2022-04-06 04:03:46,816] {spark_submit.py:488} INFO - 22/04/06 04:03:46 INFO FileOutputCommitter: FileOutputCommitter skip cleanup _temporary folders under output directory:false, ignore cleanup failures: false
[2022-04-06 04:03:46,818] {spark_submit.py:488} INFO - 22/04/06 04:03:46 INFO SQLHadoopMapReduceCommitProtocol: Using output committer class org.apache.parquet.hadoop.ParquetOutputCommitter
[2022-04-06 04:03:56,253] {spark_submit.py:488} INFO - 22/04/06 04:03:56 INFO CodeGenerator: Code generated in 4794.718551 ms
[2022-04-06 04:03:56,655] {spark_submit.py:488} INFO - 22/04/06 04:03:56 INFO MemoryStore: Block broadcast_1 stored as values in memory (estimated size 194.3 KiB, free 434.2 MiB)
[2022-04-06 04:03:56,889] {spark_submit.py:488} INFO - 22/04/06 04:03:56 INFO MemoryStore: Block broadcast_1_piece0 stored as bytes in memory (estimated size 34.3 KiB, free 434.2 MiB)
[2022-04-06 04:03:56,891] {spark_submit.py:488} INFO - 22/04/06 04:03:56 INFO BlockManagerInfo: Added broadcast_1_piece0 in memory on 9fe4286b2855:46457 (size: 34.3 KiB, free: 434.4 MiB)
[2022-04-06 04:03:56,917] {spark_submit.py:488} INFO - 22/04/06 04:03:56 INFO SparkContext: Created broadcast 1 from save at NativeMethodAccessorImpl.java:0
[2022-04-06 04:03:57,150] {spark_submit.py:488} INFO - 22/04/06 04:03:57 INFO FileSourceScanExec: Planning scan with bin packing, max size: 36973583 bytes, open cost is considered as scanning 4194304 bytes.
[2022-04-06 04:03:58,343] {spark_submit.py:488} INFO - 22/04/06 04:03:58 INFO DAGScheduler: Registering RDD 6 (save at NativeMethodAccessorImpl.java:0) as input to shuffle 0
[2022-04-06 04:03:58,350] {spark_submit.py:488} INFO - 22/04/06 04:03:58 INFO DAGScheduler: Got map stage job 1 (save at NativeMethodAccessorImpl.java:0) with 4 output partitions
[2022-04-06 04:03:58,351] {spark_submit.py:488} INFO - 22/04/06 04:03:58 INFO DAGScheduler: Final stage: ShuffleMapStage 1 (save at NativeMethodAccessorImpl.java:0)
[2022-04-06 04:03:58,373] {spark_submit.py:488} INFO - 22/04/06 04:03:58 INFO DAGScheduler: Parents of final stage: List()
[2022-04-06 04:03:58,375] {spark_submit.py:488} INFO - 22/04/06 04:03:58 INFO DAGScheduler: Missing parents: List()
[2022-04-06 04:03:58,400] {spark_submit.py:488} INFO - 22/04/06 04:03:58 INFO DAGScheduler: Submitting ShuffleMapStage 1 (MapPartitionsRDD[6] at save at NativeMethodAccessorImpl.java:0), which has no missing parents
[2022-04-06 04:03:59,262] {spark_submit.py:488} INFO - 22/04/06 04:03:59 INFO MemoryStore: Block broadcast_2 stored as values in memory (estimated size 32.1 KiB, free 434.1 MiB)
[2022-04-06 04:03:59,365] {spark_submit.py:488} INFO - 22/04/06 04:03:59 INFO MemoryStore: Block broadcast_2_piece0 stored as bytes in memory (estimated size 10.5 KiB, free 434.1 MiB)
[2022-04-06 04:03:59,367] {spark_submit.py:488} INFO - 22/04/06 04:03:59 INFO BlockManagerInfo: Added broadcast_2_piece0 in memory on 9fe4286b2855:46457 (size: 10.5 KiB, free: 434.4 MiB)
[2022-04-06 04:03:59,405] {spark_submit.py:488} INFO - 22/04/06 04:03:59 INFO SparkContext: Created broadcast 2 from broadcast at DAGScheduler.scala:1478
[2022-04-06 04:03:59,439] {spark_submit.py:488} INFO - 22/04/06 04:03:59 INFO DAGScheduler: Submitting 4 missing tasks from ShuffleMapStage 1 (MapPartitionsRDD[6] at save at NativeMethodAccessorImpl.java:0) (first 15 tasks are for partitions Vector(0, 1, 2, 3))
[2022-04-06 04:03:59,439] {spark_submit.py:488} INFO - 22/04/06 04:03:59 INFO TaskSchedulerImpl: Adding task set 1.0 with 4 tasks resource profile 0
[2022-04-06 04:03:59,520] {spark_submit.py:488} INFO - 22/04/06 04:03:59 INFO TaskSetManager: Starting task 0.0 in stage 1.0 (TID 1) (9fe4286b2855, executor driver, partition 0, PROCESS_LOCAL, 4890 bytes) taskResourceAssignments Map()
[2022-04-06 04:03:59,540] {spark_submit.py:488} INFO - 22/04/06 04:03:59 INFO TaskSetManager: Starting task 1.0 in stage 1.0 (TID 2) (9fe4286b2855, executor driver, partition 1, PROCESS_LOCAL, 4890 bytes) taskResourceAssignments Map()
[2022-04-06 04:03:59,628] {spark_submit.py:488} INFO - 22/04/06 04:03:59 INFO TaskSetManager: Starting task 2.0 in stage 1.0 (TID 3) (9fe4286b2855, executor driver, partition 2, PROCESS_LOCAL, 4890 bytes) taskResourceAssignments Map()
[2022-04-06 04:03:59,630] {spark_submit.py:488} INFO - 22/04/06 04:03:59 INFO TaskSetManager: Starting task 3.0 in stage 1.0 (TID 4) (9fe4286b2855, executor driver, partition 3, PROCESS_LOCAL, 4890 bytes) taskResourceAssignments Map()
[2022-04-06 04:03:59,736] {spark_submit.py:488} INFO - 22/04/06 04:03:59 INFO Executor: Running task 0.0 in stage 1.0 (TID 1)
[2022-04-06 04:03:59,737] {spark_submit.py:488} INFO - 22/04/06 04:03:59 INFO Executor: Running task 1.0 in stage 1.0 (TID 2)
[2022-04-06 04:03:59,739] {spark_submit.py:488} INFO - 22/04/06 04:03:59 INFO Executor: Running task 2.0 in stage 1.0 (TID 3)
[2022-04-06 04:03:59,782] {spark_submit.py:488} INFO - 22/04/06 04:03:59 INFO Executor: Running task 3.0 in stage 1.0 (TID 4)
[2022-04-06 04:04:00,631] {spark_submit.py:488} INFO - 22/04/06 04:04:00 INFO FileScanRDD: Reading File path: gs://dtc_data_lake_de-stack-overflow/parquet/posts_questions-2021-07.parquet, range: 36973583-73947166, partition values: [empty row]
[2022-04-06 04:04:00,702] {spark_submit.py:488} INFO - 22/04/06 04:04:00 INFO FileScanRDD: Reading File path: gs://dtc_data_lake_de-stack-overflow/parquet/posts_questions-2021-07.parquet, range: 73947166-110920749, partition values: [empty row]
[2022-04-06 04:04:00,702] {spark_submit.py:488} INFO - 22/04/06 04:04:00 INFO FileScanRDD: Reading File path: gs://dtc_data_lake_de-stack-overflow/parquet/posts_questions-2021-07.parquet, range: 0-36973583, partition values: [empty row]
[2022-04-06 04:04:00,704] {spark_submit.py:488} INFO - 22/04/06 04:04:00 INFO FileScanRDD: Reading File path: gs://dtc_data_lake_de-stack-overflow/parquet/posts_questions-2021-07.parquet, range: 110920749-143700030, partition values: [empty row]
[2022-04-06 04:04:03,905] {spark_submit.py:488} INFO - 22/04/06 04:04:03 INFO Executor: Finished task 2.0 in stage 1.0 (TID 3). 1900 bytes result sent to driver
[2022-04-06 04:04:03,907] {spark_submit.py:488} INFO - 22/04/06 04:04:03 INFO Executor: Finished task 3.0 in stage 1.0 (TID 4). 1857 bytes result sent to driver
[2022-04-06 04:04:03,907] {spark_submit.py:488} INFO - 22/04/06 04:04:03 INFO Executor: Finished task 0.0 in stage 1.0 (TID 1). 1857 bytes result sent to driver
[2022-04-06 04:04:04,129] {spark_submit.py:488} INFO - 22/04/06 04:04:04 INFO TaskSetManager: Finished task 2.0 in stage 1.0 (TID 3) in 4587 ms on 9fe4286b2855 (executor driver) (1/4)
[2022-04-06 04:04:04,129] {spark_submit.py:488} INFO - 22/04/06 04:04:04 INFO TaskSetManager: Finished task 3.0 in stage 1.0 (TID 4) in 4500 ms on 9fe4286b2855 (executor driver) (2/4)
[2022-04-06 04:04:04,131] {spark_submit.py:488} INFO - 22/04/06 04:04:04 INFO TaskSetManager: Finished task 0.0 in stage 1.0 (TID 1) in 4624 ms on 9fe4286b2855 (executor driver) (3/4)
[2022-04-06 04:04:24,166] {spark_submit.py:488} INFO - 22/04/06 04:04:24 INFO CodecPool: Got brand-new decompressor [.snappy]
[2022-04-06 04:05:53,349] {spark_submit.py:488} INFO - 22/04/06 04:05:53 INFO Executor: Finished task 1.0 in stage 1.0 (TID 2). 2029 bytes result sent to driver
[2022-04-06 04:05:53,352] {spark_submit.py:488} INFO - 22/04/06 04:05:53 INFO TaskSetManager: Finished task 1.0 in stage 1.0 (TID 2) in 113830 ms on 9fe4286b2855 (executor driver) (4/4)
[2022-04-06 04:05:53,352] {spark_submit.py:488} INFO - 22/04/06 04:05:53 INFO TaskSchedulerImpl: Removed TaskSet 1.0, whose tasks have all completed, from pool
[2022-04-06 04:05:53,355] {spark_submit.py:488} INFO - 22/04/06 04:05:53 INFO DAGScheduler: ShuffleMapStage 1 (save at NativeMethodAccessorImpl.java:0) finished in 114.894 s
[2022-04-06 04:05:53,361] {spark_submit.py:488} INFO - 22/04/06 04:05:53 INFO DAGScheduler: looking for newly runnable stages
[2022-04-06 04:05:53,361] {spark_submit.py:488} INFO - 22/04/06 04:05:53 INFO DAGScheduler: running: Set()
[2022-04-06 04:05:53,361] {spark_submit.py:488} INFO - 22/04/06 04:05:53 INFO DAGScheduler: waiting: Set()
[2022-04-06 04:05:53,361] {spark_submit.py:488} INFO - 22/04/06 04:05:53 INFO DAGScheduler: failed: Set()
[2022-04-06 04:05:54,218] {spark_submit.py:488} INFO - 22/04/06 04:05:54 INFO SparkContext: Starting job: save at NativeMethodAccessorImpl.java:0
[2022-04-06 04:05:54,223] {spark_submit.py:488} INFO - 22/04/06 04:05:54 INFO DAGScheduler: Got job 2 (save at NativeMethodAccessorImpl.java:0) with 4 output partitions
[2022-04-06 04:05:54,223] {spark_submit.py:488} INFO - 22/04/06 04:05:54 INFO DAGScheduler: Final stage: ResultStage 3 (save at NativeMethodAccessorImpl.java:0)
[2022-04-06 04:05:54,223] {spark_submit.py:488} INFO - 22/04/06 04:05:54 INFO DAGScheduler: Parents of final stage: List(ShuffleMapStage 2)
[2022-04-06 04:05:54,223] {spark_submit.py:488} INFO - 22/04/06 04:05:54 INFO DAGScheduler: Missing parents: List()
[2022-04-06 04:05:54,236] {spark_submit.py:488} INFO - 22/04/06 04:05:54 INFO DAGScheduler: Submitting ResultStage 3 (ShuffledRowRDD[7] at save at NativeMethodAccessorImpl.java:0), which has no missing parents
[2022-04-06 04:05:54,679] {spark_submit.py:488} INFO - 22/04/06 04:05:54 INFO MemoryStore: Block broadcast_3 stored as values in memory (estimated size 204.2 KiB, free 433.9 MiB)
[2022-04-06 04:05:54,775] {spark_submit.py:488} INFO - 22/04/06 04:05:54 INFO MemoryStore: Block broadcast_3_piece0 stored as bytes in memory (estimated size 72.9 KiB, free 433.9 MiB)
[2022-04-06 04:05:54,776] {spark_submit.py:488} INFO - 22/04/06 04:05:54 INFO BlockManagerInfo: Added broadcast_3_piece0 in memory on 9fe4286b2855:46457 (size: 72.9 KiB, free: 434.3 MiB)
[2022-04-06 04:05:54,779] {spark_submit.py:488} INFO - 22/04/06 04:05:54 INFO SparkContext: Created broadcast 3 from broadcast at DAGScheduler.scala:1478
[2022-04-06 04:05:54,780] {spark_submit.py:488} INFO - 22/04/06 04:05:54 INFO DAGScheduler: Submitting 4 missing tasks from ResultStage 3 (ShuffledRowRDD[7] at save at NativeMethodAccessorImpl.java:0) (first 15 tasks are for partitions Vector(0, 1, 2, 3))
[2022-04-06 04:05:54,851] {spark_submit.py:488} INFO - 22/04/06 04:05:54 INFO TaskSchedulerImpl: Adding task set 3.0 with 4 tasks resource profile 0
[2022-04-06 04:05:54,914] {spark_submit.py:488} INFO - 22/04/06 04:05:54 INFO TaskSetManager: Starting task 0.0 in stage 3.0 (TID 5) (9fe4286b2855, executor driver, partition 0, NODE_LOCAL, 4453 bytes) taskResourceAssignments Map()
[2022-04-06 04:05:54,915] {spark_submit.py:488} INFO - 22/04/06 04:05:54 INFO TaskSetManager: Starting task 1.0 in stage 3.0 (TID 6) (9fe4286b2855, executor driver, partition 1, NODE_LOCAL, 4453 bytes) taskResourceAssignments Map()
[2022-04-06 04:05:54,916] {spark_submit.py:488} INFO - 22/04/06 04:05:54 INFO TaskSetManager: Starting task 2.0 in stage 3.0 (TID 7) (9fe4286b2855, executor driver, partition 2, NODE_LOCAL, 4453 bytes) taskResourceAssignments Map()
[2022-04-06 04:05:54,916] {spark_submit.py:488} INFO - 22/04/06 04:05:54 INFO TaskSetManager: Starting task 3.0 in stage 3.0 (TID 8) (9fe4286b2855, executor driver, partition 3, NODE_LOCAL, 4453 bytes) taskResourceAssignments Map()
[2022-04-06 04:05:54,918] {spark_submit.py:488} INFO - 22/04/06 04:05:54 INFO Executor: Running task 0.0 in stage 3.0 (TID 5)
[2022-04-06 04:05:55,012] {spark_submit.py:488} INFO - 22/04/06 04:05:55 INFO Executor: Running task 1.0 in stage 3.0 (TID 6)
[2022-04-06 04:05:55,016] {spark_submit.py:488} INFO - 22/04/06 04:05:55 INFO Executor: Running task 2.0 in stage 3.0 (TID 7)
[2022-04-06 04:05:55,056] {spark_submit.py:488} INFO - 22/04/06 04:05:55 INFO Executor: Running task 3.0 in stage 3.0 (TID 8)
[2022-04-06 04:05:55,671] {spark_submit.py:488} INFO - 22/04/06 04:05:55 INFO ShuffleBlockFetcherIterator: Getting 1 (39.4 MiB) non-empty blocks including 1 (39.4 MiB) local and 0 (0.0 B) host-local and 0 (0.0 B) push-merged-local and 0 (0.0 B) remote blocks
[2022-04-06 04:05:55,675] {spark_submit.py:488} INFO - 22/04/06 04:05:55 INFO ShuffleBlockFetcherIterator: Started 0 remote fetches in 22 ms
[2022-04-06 04:05:55,732] {spark_submit.py:488} INFO - 22/04/06 04:05:55 INFO ShuffleBlockFetcherIterator: Getting 1 (39.4 MiB) non-empty blocks including 1 (39.4 MiB) local and 0 (0.0 B) host-local and 0 (0.0 B) push-merged-local and 0 (0.0 B) remote blocks
[2022-04-06 04:05:55,732] {spark_submit.py:488} INFO - 22/04/06 04:05:55 INFO ShuffleBlockFetcherIterator: Started 0 remote fetches in 75 ms
[2022-04-06 04:05:55,736] {spark_submit.py:488} INFO - 22/04/06 04:05:55 INFO ShuffleBlockFetcherIterator: Getting 1 (39.4 MiB) non-empty blocks including 1 (39.4 MiB) local and 0 (0.0 B) host-local and 0 (0.0 B) push-merged-local and 0 (0.0 B) remote blocks
[2022-04-06 04:05:55,737] {spark_submit.py:488} INFO - 22/04/06 04:05:55 INFO ShuffleBlockFetcherIterator: Started 0 remote fetches in 86 ms
[2022-04-06 04:05:55,737] {spark_submit.py:488} INFO - 22/04/06 04:05:55 INFO ShuffleBlockFetcherIterator: Getting 1 (39.4 MiB) non-empty blocks including 1 (39.4 MiB) local and 0 (0.0 B) host-local and 0 (0.0 B) push-merged-local and 0 (0.0 B) remote blocks
[2022-04-06 04:05:55,737] {spark_submit.py:488} INFO - 22/04/06 04:05:55 INFO ShuffleBlockFetcherIterator: Started 0 remote fetches in 52 ms
[2022-04-06 04:05:55,780] {spark_submit.py:488} INFO - 22/04/06 04:05:55 INFO FileOutputCommitter: File Output Committer Algorithm version is 1
[2022-04-06 04:05:55,780] {spark_submit.py:488} INFO - 22/04/06 04:05:55 INFO FileOutputCommitter: FileOutputCommitter skip cleanup _temporary folders under output directory:false, ignore cleanup failures: false
[2022-04-06 04:05:55,783] {spark_submit.py:488} INFO - 22/04/06 04:05:55 INFO SQLHadoopMapReduceCommitProtocol: Using user defined output committer class org.apache.parquet.hadoop.ParquetOutputCommitter
[2022-04-06 04:05:55,791] {spark_submit.py:488} INFO - 22/04/06 04:05:55 INFO FileOutputCommitter: File Output Committer Algorithm version is 1
[2022-04-06 04:05:55,791] {spark_submit.py:488} INFO - 22/04/06 04:05:55 INFO FileOutputCommitter: FileOutputCommitter skip cleanup _temporary folders under output directory:false, ignore cleanup failures: false
[2022-04-06 04:05:55,792] {spark_submit.py:488} INFO - 22/04/06 04:05:55 INFO SQLHadoopMapReduceCommitProtocol: Using output committer class org.apache.parquet.hadoop.ParquetOutputCommitter
[2022-04-06 04:05:55,856] {spark_submit.py:488} INFO - 22/04/06 04:05:55 INFO FileOutputCommitter: File Output Committer Algorithm version is 1
[2022-04-06 04:05:55,856] {spark_submit.py:488} INFO - 22/04/06 04:05:55 INFO FileOutputCommitter: FileOutputCommitter skip cleanup _temporary folders under output directory:false, ignore cleanup failures: false
[2022-04-06 04:05:55,858] {spark_submit.py:488} INFO - 22/04/06 04:05:55 INFO FileOutputCommitter: File Output Committer Algorithm version is 1
[2022-04-06 04:05:55,858] {spark_submit.py:488} INFO - 22/04/06 04:05:55 INFO FileOutputCommitter: FileOutputCommitter skip cleanup _temporary folders under output directory:false, ignore cleanup failures: false
[2022-04-06 04:05:55,864] {spark_submit.py:488} INFO - 22/04/06 04:05:55 INFO FileOutputCommitter: File Output Committer Algorithm version is 1
[2022-04-06 04:05:55,864] {spark_submit.py:488} INFO - 22/04/06 04:05:55 INFO FileOutputCommitter: FileOutputCommitter skip cleanup _temporary folders under output directory:false, ignore cleanup failures: false
[2022-04-06 04:05:55,864] {spark_submit.py:488} INFO - 22/04/06 04:05:55 INFO SQLHadoopMapReduceCommitProtocol: Using user defined output committer class org.apache.parquet.hadoop.ParquetOutputCommitter
[2022-04-06 04:05:55,864] {spark_submit.py:488} INFO - 22/04/06 04:05:55 INFO FileOutputCommitter: File Output Committer Algorithm version is 1
[2022-04-06 04:05:55,864] {spark_submit.py:488} INFO - 22/04/06 04:05:55 INFO FileOutputCommitter: FileOutputCommitter skip cleanup _temporary folders under output directory:false, ignore cleanup failures: false
[2022-04-06 04:05:55,864] {spark_submit.py:488} INFO - 22/04/06 04:05:55 INFO SQLHadoopMapReduceCommitProtocol: Using output committer class org.apache.parquet.hadoop.ParquetOutputCommitter
[2022-04-06 04:05:55,866] {spark_submit.py:488} INFO - 22/04/06 04:05:55 INFO SQLHadoopMapReduceCommitProtocol: Using user defined output committer class org.apache.parquet.hadoop.ParquetOutputCommitter
[2022-04-06 04:05:55,866] {spark_submit.py:488} INFO - 22/04/06 04:05:55 INFO FileOutputCommitter: File Output Committer Algorithm version is 1
[2022-04-06 04:05:55,866] {spark_submit.py:488} INFO - 22/04/06 04:05:55 INFO FileOutputCommitter: FileOutputCommitter skip cleanup _temporary folders under output directory:false, ignore cleanup failures: false
[2022-04-06 04:05:55,866] {spark_submit.py:488} INFO - 22/04/06 04:05:55 INFO SQLHadoopMapReduceCommitProtocol: Using output committer class org.apache.parquet.hadoop.ParquetOutputCommitter
[2022-04-06 04:05:56,075] {spark_submit.py:488} INFO - 22/04/06 04:05:55 INFO SQLHadoopMapReduceCommitProtocol: Using user defined output committer class org.apache.parquet.hadoop.ParquetOutputCommitter
[2022-04-06 04:05:56,075] {spark_submit.py:488} INFO - 22/04/06 04:05:56 INFO FileOutputCommitter: File Output Committer Algorithm version is 1
[2022-04-06 04:05:56,075] {spark_submit.py:488} INFO - 22/04/06 04:05:56 INFO FileOutputCommitter: FileOutputCommitter skip cleanup _temporary folders under output directory:false, ignore cleanup failures: false
[2022-04-06 04:05:56,075] {spark_submit.py:488} INFO - 22/04/06 04:05:56 INFO SQLHadoopMapReduceCommitProtocol: Using output committer class org.apache.parquet.hadoop.ParquetOutputCommitter
[2022-04-06 04:05:56,130] {spark_submit.py:488} INFO - 22/04/06 04:05:56 INFO CodecConfig: Compression: SNAPPY
[2022-04-06 04:05:56,217] {spark_submit.py:488} INFO - 22/04/06 04:05:56 INFO CodecConfig: Compression: SNAPPY
[2022-04-06 04:05:56,266] {spark_submit.py:488} INFO - 22/04/06 04:05:56 INFO CodecConfig: Compression: SNAPPY
[2022-04-06 04:05:56,266] {spark_submit.py:488} INFO - 22/04/06 04:05:56 INFO CodecConfig: Compression: SNAPPY
[2022-04-06 04:05:56,266] {spark_submit.py:488} INFO - 22/04/06 04:05:56 INFO CodecConfig: Compression: SNAPPY
[2022-04-06 04:05:56,267] {spark_submit.py:488} INFO - 22/04/06 04:05:56 INFO CodecConfig: Compression: SNAPPY
[2022-04-06 04:05:56,269] {spark_submit.py:488} INFO - 22/04/06 04:05:56 INFO BlockManagerInfo: Removed broadcast_2_piece0 on 9fe4286b2855:46457 in memory (size: 10.5 KiB, free: 434.3 MiB)
[2022-04-06 04:05:56,269] {spark_submit.py:488} INFO - 22/04/06 04:05:56 INFO CodecConfig: Compression: SNAPPY
[2022-04-06 04:05:56,269] {spark_submit.py:488} INFO - 22/04/06 04:05:56 INFO CodecConfig: Compression: SNAPPY
[2022-04-06 04:05:56,664] {spark_submit.py:488} INFO - 22/04/06 04:05:56 INFO ParquetOutputFormat: Parquet block size to 134217728
[2022-04-06 04:05:56,665] {spark_submit.py:488} INFO - 22/04/06 04:05:56 INFO ParquetOutputFormat: Validation is off
[2022-04-06 04:05:56,665] {spark_submit.py:488} INFO - 22/04/06 04:05:56 INFO ParquetOutputFormat: Maximum row group padding size is 8388608 bytes
[2022-04-06 04:05:56,666] {spark_submit.py:488} INFO - 22/04/06 04:05:56 INFO ParquetOutputFormat: Parquet properties are:
[2022-04-06 04:05:56,667] {spark_submit.py:488} INFO - Parquet page size to 1048576
[2022-04-06 04:05:56,667] {spark_submit.py:488} INFO - Parquet dictionary page size to 1048576
[2022-04-06 04:05:56,667] {spark_submit.py:488} INFO - Dictionary is true
[2022-04-06 04:05:56,667] {spark_submit.py:488} INFO - Writer version is: PARQUET_1_0
[2022-04-06 04:05:56,667] {spark_submit.py:488} INFO - Page size checking is: estimated
[2022-04-06 04:05:56,667] {spark_submit.py:488} INFO - Min row count for page size check is: 100
[2022-04-06 04:05:56,667] {spark_submit.py:488} INFO - Max row count for page size check is: 10000
[2022-04-06 04:05:56,667] {spark_submit.py:488} INFO - Truncate length for column indexes is: 64
[2022-04-06 04:05:56,667] {spark_submit.py:488} INFO - Truncate length for statistics min/max  is: 2147483647
[2022-04-06 04:05:56,667] {spark_submit.py:488} INFO - Bloom filter enabled: false
[2022-04-06 04:05:56,667] {spark_submit.py:488} INFO - Max Bloom filter size for a column is 1048576
[2022-04-06 04:05:56,667] {spark_submit.py:488} INFO - Bloom filter expected number of distinct values are: null
[2022-04-06 04:05:56,667] {spark_submit.py:488} INFO - Page row count limit to 20000
[2022-04-06 04:05:56,667] {spark_submit.py:488} INFO - Writing page checksums is: on
[2022-04-06 04:05:56,742] {spark_submit.py:488} INFO - 22/04/06 04:05:56 INFO ParquetOutputFormat: Parquet block size to 134217728
[2022-04-06 04:05:56,743] {spark_submit.py:488} INFO - 22/04/06 04:05:56 INFO ParquetOutputFormat: Validation is off
[2022-04-06 04:05:56,743] {spark_submit.py:488} INFO - 22/04/06 04:05:56 INFO ParquetOutputFormat: Maximum row group padding size is 8388608 bytes
[2022-04-06 04:05:56,743] {spark_submit.py:488} INFO - 22/04/06 04:05:56 INFO ParquetOutputFormat: Parquet properties are:
[2022-04-06 04:05:56,743] {spark_submit.py:488} INFO - Parquet page size to 1048576
[2022-04-06 04:05:56,743] {spark_submit.py:488} INFO - Parquet dictionary page size to 1048576
[2022-04-06 04:05:56,743] {spark_submit.py:488} INFO - Dictionary is true
[2022-04-06 04:05:56,743] {spark_submit.py:488} INFO - Writer version is: PARQUET_1_0
[2022-04-06 04:05:56,743] {spark_submit.py:488} INFO - Page size checking is: estimated
[2022-04-06 04:05:56,743] {spark_submit.py:488} INFO - Min row count for page size check is: 100
[2022-04-06 04:05:56,743] {spark_submit.py:488} INFO - Max row count for page size check is: 10000
[2022-04-06 04:05:56,743] {spark_submit.py:488} INFO - Truncate length for column indexes is: 64
[2022-04-06 04:05:56,748] {spark_submit.py:488} INFO - Truncate length for statistics min/max  is: 2147483647
[2022-04-06 04:05:56,749] {spark_submit.py:488} INFO - Bloom filter enabled: false
[2022-04-06 04:05:56,749] {spark_submit.py:488} INFO - Max Bloom filter size for a column is 1048576
[2022-04-06 04:05:56,749] {spark_submit.py:488} INFO - Bloom filter expected number of distinct values are: null
[2022-04-06 04:05:56,749] {spark_submit.py:488} INFO - Page row count limit to 20000
[2022-04-06 04:05:56,749] {spark_submit.py:488} INFO - Writing page checksums is: on
[2022-04-06 04:05:56,758] {spark_submit.py:488} INFO - 22/04/06 04:05:56 INFO ParquetOutputFormat: Parquet block size to 134217728
[2022-04-06 04:05:56,758] {spark_submit.py:488} INFO - 22/04/06 04:05:56 INFO ParquetOutputFormat: Validation is off
[2022-04-06 04:05:56,758] {spark_submit.py:488} INFO - 22/04/06 04:05:56 INFO ParquetOutputFormat: Maximum row group padding size is 8388608 bytes
[2022-04-06 04:05:56,758] {spark_submit.py:488} INFO - 22/04/06 04:05:56 INFO ParquetOutputFormat: Parquet properties are:
[2022-04-06 04:05:56,758] {spark_submit.py:488} INFO - Parquet page size to 1048576
[2022-04-06 04:05:56,758] {spark_submit.py:488} INFO - Parquet dictionary page size to 1048576
[2022-04-06 04:05:56,758] {spark_submit.py:488} INFO - Dictionary is true
[2022-04-06 04:05:56,758] {spark_submit.py:488} INFO - Writer version is: PARQUET_1_0
[2022-04-06 04:05:56,759] {spark_submit.py:488} INFO - Page size checking is: estimated
[2022-04-06 04:05:56,759] {spark_submit.py:488} INFO - Min row count for page size check is: 100
[2022-04-06 04:05:56,759] {spark_submit.py:488} INFO - Max row count for page size check is: 10000
[2022-04-06 04:05:56,759] {spark_submit.py:488} INFO - Truncate length for column indexes is: 64
[2022-04-06 04:05:56,759] {spark_submit.py:488} INFO - Truncate length for statistics min/max  is: 2147483647
[2022-04-06 04:05:56,759] {spark_submit.py:488} INFO - Bloom filter enabled: false
[2022-04-06 04:05:56,759] {spark_submit.py:488} INFO - Max Bloom filter size for a column is 1048576
[2022-04-06 04:05:56,759] {spark_submit.py:488} INFO - Bloom filter expected number of distinct values are: null
[2022-04-06 04:05:56,759] {spark_submit.py:488} INFO - Page row count limit to 20000
[2022-04-06 04:05:56,759] {spark_submit.py:488} INFO - Writing page checksums is: on
[2022-04-06 04:05:56,768] {spark_submit.py:488} INFO - 22/04/06 04:05:56 INFO ParquetOutputFormat: Parquet block size to 134217728
[2022-04-06 04:05:56,768] {spark_submit.py:488} INFO - 22/04/06 04:05:56 INFO ParquetOutputFormat: Validation is off
[2022-04-06 04:05:56,769] {spark_submit.py:488} INFO - 22/04/06 04:05:56 INFO ParquetOutputFormat: Maximum row group padding size is 8388608 bytes
[2022-04-06 04:05:56,769] {spark_submit.py:488} INFO - 22/04/06 04:05:56 INFO ParquetOutputFormat: Parquet properties are:
[2022-04-06 04:05:56,769] {spark_submit.py:488} INFO - Parquet page size to 1048576
[2022-04-06 04:05:56,769] {spark_submit.py:488} INFO - Parquet dictionary page size to 1048576
[2022-04-06 04:05:56,769] {spark_submit.py:488} INFO - Dictionary is true
[2022-04-06 04:05:56,769] {spark_submit.py:488} INFO - Writer version is: PARQUET_1_0
[2022-04-06 04:05:56,769] {spark_submit.py:488} INFO - Page size checking is: estimated
[2022-04-06 04:05:56,769] {spark_submit.py:488} INFO - Min row count for page size check is: 100
[2022-04-06 04:05:56,769] {spark_submit.py:488} INFO - Max row count for page size check is: 10000
[2022-04-06 04:05:56,769] {spark_submit.py:488} INFO - Truncate length for column indexes is: 64
[2022-04-06 04:05:56,769] {spark_submit.py:488} INFO - Truncate length for statistics min/max  is: 2147483647
[2022-04-06 04:05:56,770] {spark_submit.py:488} INFO - Bloom filter enabled: false
[2022-04-06 04:05:56,770] {spark_submit.py:488} INFO - Max Bloom filter size for a column is 1048576
[2022-04-06 04:05:56,770] {spark_submit.py:488} INFO - Bloom filter expected number of distinct values are: null
[2022-04-06 04:05:56,770] {spark_submit.py:488} INFO - Page row count limit to 20000
[2022-04-06 04:05:56,770] {spark_submit.py:488} INFO - Writing page checksums is: on
[2022-04-06 04:05:56,888] {spark_submit.py:488} INFO - 22/04/06 04:05:56 INFO ParquetWriteSupport: Initialized Parquet WriteSupport with Catalyst schema:
[2022-04-06 04:05:56,888] {spark_submit.py:488} INFO - {
[2022-04-06 04:05:56,888] {spark_submit.py:488} INFO - "type" : "struct",
[2022-04-06 04:05:56,888] {spark_submit.py:488} INFO - "fields" : [ {
[2022-04-06 04:05:56,888] {spark_submit.py:488} INFO - "name" : "id",
[2022-04-06 04:05:56,888] {spark_submit.py:488} INFO - "type" : "integer",
[2022-04-06 04:05:56,888] {spark_submit.py:488} INFO - "nullable" : true,
[2022-04-06 04:05:56,888] {spark_submit.py:488} INFO - "metadata" : { }
[2022-04-06 04:05:56,889] {spark_submit.py:488} INFO - }, {
[2022-04-06 04:05:56,889] {spark_submit.py:488} INFO - "name" : "title",
[2022-04-06 04:05:56,889] {spark_submit.py:488} INFO - "type" : "string",
[2022-04-06 04:05:56,889] {spark_submit.py:488} INFO - "nullable" : true,
[2022-04-06 04:05:56,889] {spark_submit.py:488} INFO - "metadata" : { }
[2022-04-06 04:05:56,889] {spark_submit.py:488} INFO - }, {
[2022-04-06 04:05:56,889] {spark_submit.py:488} INFO - "name" : "body",
[2022-04-06 04:05:56,889] {spark_submit.py:488} INFO - "type" : "string",
[2022-04-06 04:05:56,889] {spark_submit.py:488} INFO - "nullable" : true,
[2022-04-06 04:05:56,889] {spark_submit.py:488} INFO - "metadata" : { }
[2022-04-06 04:05:56,889] {spark_submit.py:488} INFO - }, {
[2022-04-06 04:05:56,889] {spark_submit.py:488} INFO - "name" : "accepted_answer_id",
[2022-04-06 04:05:56,889] {spark_submit.py:488} INFO - "type" : "integer",
[2022-04-06 04:05:56,889] {spark_submit.py:488} INFO - "nullable" : true,
[2022-04-06 04:05:56,890] {spark_submit.py:488} INFO - "metadata" : { }
[2022-04-06 04:05:56,890] {spark_submit.py:488} INFO - }, {
[2022-04-06 04:05:56,890] {spark_submit.py:488} INFO - "name" : "answer_count",
[2022-04-06 04:05:56,890] {spark_submit.py:488} INFO - "type" : "integer",
[2022-04-06 04:05:56,890] {spark_submit.py:488} INFO - "nullable" : true,
[2022-04-06 04:05:56,890] {spark_submit.py:488} INFO - "metadata" : { }
[2022-04-06 04:05:56,890] {spark_submit.py:488} INFO - }, {
[2022-04-06 04:05:56,890] {spark_submit.py:488} INFO - "name" : "comment_count",
[2022-04-06 04:05:56,890] {spark_submit.py:488} INFO - "type" : "integer",
[2022-04-06 04:05:56,890] {spark_submit.py:488} INFO - "nullable" : true,
[2022-04-06 04:05:56,890] {spark_submit.py:488} INFO - "metadata" : { }
[2022-04-06 04:05:56,890] {spark_submit.py:488} INFO - }, {
[2022-04-06 04:05:56,890] {spark_submit.py:488} INFO - "name" : "community_owned_date",
[2022-04-06 04:05:56,890] {spark_submit.py:488} INFO - "type" : "timestamp",
[2022-04-06 04:05:56,890] {spark_submit.py:488} INFO - "nullable" : true,
[2022-04-06 04:05:56,891] {spark_submit.py:488} INFO - "metadata" : { }
[2022-04-06 04:05:56,891] {spark_submit.py:488} INFO - }, {
[2022-04-06 04:05:56,891] {spark_submit.py:488} INFO - "name" : "creation_date",
[2022-04-06 04:05:56,891] {spark_submit.py:488} INFO - "type" : "timestamp",
[2022-04-06 04:05:56,891] {spark_submit.py:488} INFO - "nullable" : true,
[2022-04-06 04:05:56,891] {spark_submit.py:488} INFO - "metadata" : { }
[2022-04-06 04:05:56,891] {spark_submit.py:488} INFO - }, {
[2022-04-06 04:05:56,891] {spark_submit.py:488} INFO - "name" : "favorite_count",
[2022-04-06 04:05:56,891] {spark_submit.py:488} INFO - "type" : "integer",
[2022-04-06 04:05:56,891] {spark_submit.py:488} INFO - "nullable" : true,
[2022-04-06 04:05:56,891] {spark_submit.py:488} INFO - "metadata" : { }
[2022-04-06 04:05:56,891] {spark_submit.py:488} INFO - }, {
[2022-04-06 04:05:56,891] {spark_submit.py:488} INFO - "name" : "last_activity_date",
[2022-04-06 04:05:56,893] {spark_submit.py:488} INFO - "type" : "timestamp",
[2022-04-06 04:05:56,893] {spark_submit.py:488} INFO - "nullable" : true,
[2022-04-06 04:05:56,893] {spark_submit.py:488} INFO - "metadata" : { }
[2022-04-06 04:05:56,893] {spark_submit.py:488} INFO - }, {
[2022-04-06 04:05:56,893] {spark_submit.py:488} INFO - "name" : "last_edit_date",
[2022-04-06 04:05:56,893] {spark_submit.py:488} INFO - "type" : "timestamp",
[2022-04-06 04:05:56,893] {spark_submit.py:488} INFO - "nullable" : true,
[2022-04-06 04:05:56,893] {spark_submit.py:488} INFO - "metadata" : { }
[2022-04-06 04:05:56,893] {spark_submit.py:488} INFO - }, {
[2022-04-06 04:05:56,893] {spark_submit.py:488} INFO - "name" : "last_editor_display_name",
[2022-04-06 04:05:56,893] {spark_submit.py:488} INFO - "type" : "string",
[2022-04-06 04:05:56,894] {spark_submit.py:488} INFO - "nullable" : true,
[2022-04-06 04:05:56,894] {spark_submit.py:488} INFO - "metadata" : { }
[2022-04-06 04:05:56,894] {spark_submit.py:488} INFO - }, {
[2022-04-06 04:05:56,894] {spark_submit.py:488} INFO - "name" : "last_editor_user_id",
[2022-04-06 04:05:56,894] {spark_submit.py:488} INFO - "type" : "integer",
[2022-04-06 04:05:56,894] {spark_submit.py:488} INFO - "nullable" : true,
[2022-04-06 04:05:56,894] {spark_submit.py:488} INFO - "metadata" : { }
[2022-04-06 04:05:56,894] {spark_submit.py:488} INFO - }, {
[2022-04-06 04:05:56,894] {spark_submit.py:488} INFO - "name" : "owner_display_name",
[2022-04-06 04:05:56,894] {spark_submit.py:488} INFO - "type" : "string",
[2022-04-06 04:05:56,894] {spark_submit.py:488} INFO - "nullable" : true,
[2022-04-06 04:05:56,894] {spark_submit.py:488} INFO - "metadata" : { }
[2022-04-06 04:05:56,894] {spark_submit.py:488} INFO - }, {
[2022-04-06 04:05:56,894] {spark_submit.py:488} INFO - "name" : "owner_user_id",
[2022-04-06 04:05:56,895] {spark_submit.py:488} INFO - "type" : "integer",
[2022-04-06 04:05:56,895] {spark_submit.py:488} INFO - "nullable" : true,
[2022-04-06 04:05:56,895] {spark_submit.py:488} INFO - "metadata" : { }
[2022-04-06 04:05:56,895] {spark_submit.py:488} INFO - }, {
[2022-04-06 04:05:56,895] {spark_submit.py:488} INFO - "name" : "parent_id",
[2022-04-06 04:05:56,895] {spark_submit.py:488} INFO - "type" : "integer",
[2022-04-06 04:05:56,895] {spark_submit.py:488} INFO - "nullable" : true,
[2022-04-06 04:05:56,895] {spark_submit.py:488} INFO - "metadata" : { }
[2022-04-06 04:05:56,895] {spark_submit.py:488} INFO - }, {
[2022-04-06 04:05:56,895] {spark_submit.py:488} INFO - "name" : "post_type_id",
[2022-04-06 04:05:56,895] {spark_submit.py:488} INFO - "type" : "integer",
[2022-04-06 04:05:56,895] {spark_submit.py:488} INFO - "nullable" : true,
[2022-04-06 04:05:56,895] {spark_submit.py:488} INFO - "metadata" : { }
[2022-04-06 04:05:56,895] {spark_submit.py:488} INFO - }, {
[2022-04-06 04:05:56,908] {spark_submit.py:488} INFO - "name" : "score",
[2022-04-06 04:05:56,908] {spark_submit.py:488} INFO - "type" : "integer",
[2022-04-06 04:05:56,908] {spark_submit.py:488} INFO - "nullable" : true,
[2022-04-06 04:05:56,908] {spark_submit.py:488} INFO - "metadata" : { }
[2022-04-06 04:05:56,908] {spark_submit.py:488} INFO - }, {
[2022-04-06 04:05:56,908] {spark_submit.py:488} INFO - "name" : "tags",
[2022-04-06 04:05:56,908] {spark_submit.py:488} INFO - "type" : "string",
[2022-04-06 04:05:56,909] {spark_submit.py:488} INFO - "nullable" : true,
[2022-04-06 04:05:56,909] {spark_submit.py:488} INFO - "metadata" : { }
[2022-04-06 04:05:56,909] {spark_submit.py:488} INFO - }, {
[2022-04-06 04:05:56,909] {spark_submit.py:488} INFO - "name" : "view_count",
[2022-04-06 04:05:56,909] {spark_submit.py:488} INFO - "type" : "integer",
[2022-04-06 04:05:56,909] {spark_submit.py:488} INFO - "nullable" : true,
[2022-04-06 04:05:56,909] {spark_submit.py:488} INFO - "metadata" : { }
[2022-04-06 04:05:56,909] {spark_submit.py:488} INFO - }, {
[2022-04-06 04:05:56,909] {spark_submit.py:488} INFO - "name" : "group_by_date",
[2022-04-06 04:05:56,909] {spark_submit.py:488} INFO - "type" : "timestamp",
[2022-04-06 04:05:56,909] {spark_submit.py:488} INFO - "nullable" : true,
[2022-04-06 04:05:56,909] {spark_submit.py:488} INFO - "metadata" : { }
[2022-04-06 04:05:56,909] {spark_submit.py:488} INFO - } ]
[2022-04-06 04:05:56,910] {spark_submit.py:488} INFO - }
[2022-04-06 04:05:56,910] {spark_submit.py:488} INFO - and corresponding Parquet message type:
[2022-04-06 04:05:56,910] {spark_submit.py:488} INFO - message spark_schema {
[2022-04-06 04:05:56,910] {spark_submit.py:488} INFO - optional int32 id;
[2022-04-06 04:05:56,910] {spark_submit.py:488} INFO - optional binary title (STRING);
[2022-04-06 04:05:56,910] {spark_submit.py:488} INFO - optional binary body (STRING);
[2022-04-06 04:05:56,910] {spark_submit.py:488} INFO - optional int32 accepted_answer_id;
[2022-04-06 04:05:56,910] {spark_submit.py:488} INFO - optional int32 answer_count;
[2022-04-06 04:05:56,910] {spark_submit.py:488} INFO - optional int32 comment_count;
[2022-04-06 04:05:56,910] {spark_submit.py:488} INFO - optional int96 community_owned_date;
[2022-04-06 04:05:56,910] {spark_submit.py:488} INFO - optional int96 creation_date;
[2022-04-06 04:05:56,910] {spark_submit.py:488} INFO - optional int32 favorite_count;
[2022-04-06 04:05:56,910] {spark_submit.py:488} INFO - optional int96 last_activity_date;
[2022-04-06 04:05:56,910] {spark_submit.py:488} INFO - optional int96 last_edit_date;
[2022-04-06 04:05:56,910] {spark_submit.py:488} INFO - optional binary last_editor_display_name (STRING);
[2022-04-06 04:05:56,911] {spark_submit.py:488} INFO - optional int32 last_editor_user_id;
[2022-04-06 04:05:56,911] {spark_submit.py:488} INFO - optional binary owner_display_name (STRING);
[2022-04-06 04:05:56,911] {spark_submit.py:488} INFO - optional int32 owner_user_id;
[2022-04-06 04:05:56,911] {spark_submit.py:488} INFO - optional int32 parent_id;
[2022-04-06 04:05:56,911] {spark_submit.py:488} INFO - optional int32 post_type_id;
[2022-04-06 04:05:56,911] {spark_submit.py:488} INFO - optional int32 score;
[2022-04-06 04:05:56,911] {spark_submit.py:488} INFO - optional binary tags (STRING);
[2022-04-06 04:05:56,911] {spark_submit.py:488} INFO - optional int32 view_count;
[2022-04-06 04:05:56,911] {spark_submit.py:488} INFO - optional int96 group_by_date;
[2022-04-06 04:05:56,911] {spark_submit.py:488} INFO - }
[2022-04-06 04:05:56,911] {spark_submit.py:488} INFO - 
[2022-04-06 04:05:56,911] {spark_submit.py:488} INFO - 
[2022-04-06 04:05:56,911] {spark_submit.py:488} INFO - 22/04/06 04:05:56 INFO ParquetWriteSupport: Initialized Parquet WriteSupport with Catalyst schema:
[2022-04-06 04:05:56,911] {spark_submit.py:488} INFO - {
[2022-04-06 04:05:56,936] {spark_submit.py:488} INFO - "type" : "struct",
[2022-04-06 04:05:56,936] {spark_submit.py:488} INFO - "fields" : [ {
[2022-04-06 04:05:56,936] {spark_submit.py:488} INFO - "name" : "id",
[2022-04-06 04:05:56,936] {spark_submit.py:488} INFO - "type" : "integer",
[2022-04-06 04:05:56,936] {spark_submit.py:488} INFO - "nullable" : true,
[2022-04-06 04:05:56,936] {spark_submit.py:488} INFO - "metadata" : { }
[2022-04-06 04:05:56,936] {spark_submit.py:488} INFO - }, {
[2022-04-06 04:05:56,936] {spark_submit.py:488} INFO - "name" : "title",
[2022-04-06 04:05:56,936] {spark_submit.py:488} INFO - "type" : "string",
[2022-04-06 04:05:56,937] {spark_submit.py:488} INFO - "nullable" : true,
[2022-04-06 04:05:56,937] {spark_submit.py:488} INFO - "metadata" : { }
[2022-04-06 04:05:56,937] {spark_submit.py:488} INFO - }, {
[2022-04-06 04:05:56,937] {spark_submit.py:488} INFO - "name" : "body",
[2022-04-06 04:05:56,937] {spark_submit.py:488} INFO - "type" : "string",
[2022-04-06 04:05:56,937] {spark_submit.py:488} INFO - "nullable" : true,
[2022-04-06 04:05:56,937] {spark_submit.py:488} INFO - "metadata" : { }
[2022-04-06 04:05:56,937] {spark_submit.py:488} INFO - }, {
[2022-04-06 04:05:56,937] {spark_submit.py:488} INFO - "name" : "accepted_answer_id",
[2022-04-06 04:05:56,938] {spark_submit.py:488} INFO - "type" : "integer",
[2022-04-06 04:05:56,938] {spark_submit.py:488} INFO - "nullable" : true,
[2022-04-06 04:05:56,938] {spark_submit.py:488} INFO - "metadata" : { }
[2022-04-06 04:05:56,938] {spark_submit.py:488} INFO - }, {
[2022-04-06 04:05:56,938] {spark_submit.py:488} INFO - "name" : "answer_count",
[2022-04-06 04:05:56,938] {spark_submit.py:488} INFO - "type" : "integer",
[2022-04-06 04:05:56,938] {spark_submit.py:488} INFO - "nullable" : true,
[2022-04-06 04:05:56,938] {spark_submit.py:488} INFO - "metadata" : { }
[2022-04-06 04:05:56,938] {spark_submit.py:488} INFO - }, {
[2022-04-06 04:05:56,938] {spark_submit.py:488} INFO - "name" : "comment_count",
[2022-04-06 04:05:56,938] {spark_submit.py:488} INFO - "type" : "integer",
[2022-04-06 04:05:56,938] {spark_submit.py:488} INFO - "nullable" : true,
[2022-04-06 04:05:56,939] {spark_submit.py:488} INFO - "metadata" : { }
[2022-04-06 04:05:56,939] {spark_submit.py:488} INFO - }, {
[2022-04-06 04:05:56,939] {spark_submit.py:488} INFO - "name" : "community_owned_date",
[2022-04-06 04:05:56,939] {spark_submit.py:488} INFO - "type" : "timestamp",
[2022-04-06 04:05:56,939] {spark_submit.py:488} INFO - "nullable" : true,
[2022-04-06 04:05:56,939] {spark_submit.py:488} INFO - "metadata" : { }
[2022-04-06 04:05:56,939] {spark_submit.py:488} INFO - }, {
[2022-04-06 04:05:56,939] {spark_submit.py:488} INFO - "name" : "creation_date",
[2022-04-06 04:05:56,939] {spark_submit.py:488} INFO - "type" : "timestamp",
[2022-04-06 04:05:56,939] {spark_submit.py:488} INFO - "nullable" : true,
[2022-04-06 04:05:56,939] {spark_submit.py:488} INFO - "metadata" : { }
[2022-04-06 04:05:56,939] {spark_submit.py:488} INFO - }, {
[2022-04-06 04:05:56,939] {spark_submit.py:488} INFO - "name" : "favorite_count",
[2022-04-06 04:05:56,973] {spark_submit.py:488} INFO - "type" : "integer",
[2022-04-06 04:05:56,973] {spark_submit.py:488} INFO - "nullable" : true,
[2022-04-06 04:05:56,973] {spark_submit.py:488} INFO - "metadata" : { }
[2022-04-06 04:05:56,973] {spark_submit.py:488} INFO - }, {
[2022-04-06 04:05:56,973] {spark_submit.py:488} INFO - "name" : "last_activity_date",
[2022-04-06 04:05:56,973] {spark_submit.py:488} INFO - "type" : "timestamp",
[2022-04-06 04:05:56,974] {spark_submit.py:488} INFO - "nullable" : true,
[2022-04-06 04:05:56,974] {spark_submit.py:488} INFO - "metadata" : { }
[2022-04-06 04:05:56,974] {spark_submit.py:488} INFO - }, {
[2022-04-06 04:05:56,974] {spark_submit.py:488} INFO - "name" : "last_edit_date",
[2022-04-06 04:05:56,974] {spark_submit.py:488} INFO - "type" : "timestamp",
[2022-04-06 04:05:56,974] {spark_submit.py:488} INFO - "nullable" : true,
[2022-04-06 04:05:56,974] {spark_submit.py:488} INFO - "metadata" : { }
[2022-04-06 04:05:56,974] {spark_submit.py:488} INFO - }, {
[2022-04-06 04:05:56,974] {spark_submit.py:488} INFO - "name" : "last_editor_display_name",
[2022-04-06 04:05:56,974] {spark_submit.py:488} INFO - "type" : "string",
[2022-04-06 04:05:56,974] {spark_submit.py:488} INFO - "nullable" : true,
[2022-04-06 04:05:56,974] {spark_submit.py:488} INFO - "metadata" : { }
[2022-04-06 04:05:56,974] {spark_submit.py:488} INFO - }, {
[2022-04-06 04:05:56,974] {spark_submit.py:488} INFO - "name" : "last_editor_user_id",
[2022-04-06 04:05:56,974] {spark_submit.py:488} INFO - "type" : "integer",
[2022-04-06 04:05:56,974] {spark_submit.py:488} INFO - "nullable" : true,
[2022-04-06 04:05:56,975] {spark_submit.py:488} INFO - "metadata" : { }
[2022-04-06 04:05:56,975] {spark_submit.py:488} INFO - }, {
[2022-04-06 04:05:56,975] {spark_submit.py:488} INFO - "name" : "owner_display_name",
[2022-04-06 04:05:56,975] {spark_submit.py:488} INFO - "type" : "string",
[2022-04-06 04:05:56,975] {spark_submit.py:488} INFO - "nullable" : true,
[2022-04-06 04:05:56,975] {spark_submit.py:488} INFO - "metadata" : { }
[2022-04-06 04:05:56,975] {spark_submit.py:488} INFO - }, {
[2022-04-06 04:05:56,975] {spark_submit.py:488} INFO - "name" : "owner_user_id",
[2022-04-06 04:05:56,975] {spark_submit.py:488} INFO - "type" : "integer",
[2022-04-06 04:05:56,975] {spark_submit.py:488} INFO - "nullable" : true,
[2022-04-06 04:05:56,975] {spark_submit.py:488} INFO - "metadata" : { }
[2022-04-06 04:05:56,975] {spark_submit.py:488} INFO - }, {
[2022-04-06 04:05:56,975] {spark_submit.py:488} INFO - "name" : "parent_id",
[2022-04-06 04:05:56,975] {spark_submit.py:488} INFO - "type" : "integer",
[2022-04-06 04:05:56,975] {spark_submit.py:488} INFO - "nullable" : true,
[2022-04-06 04:05:57,004] {spark_submit.py:488} INFO - "metadata" : { }
[2022-04-06 04:05:57,005] {spark_submit.py:488} INFO - }, {
[2022-04-06 04:05:57,005] {spark_submit.py:488} INFO - "name" : "post_type_id",
[2022-04-06 04:05:57,005] {spark_submit.py:488} INFO - "type" : "integer",
[2022-04-06 04:05:57,005] {spark_submit.py:488} INFO - "nullable" : true,
[2022-04-06 04:05:57,005] {spark_submit.py:488} INFO - "metadata" : { }
[2022-04-06 04:05:57,006] {spark_submit.py:488} INFO - }, {
[2022-04-06 04:05:57,006] {spark_submit.py:488} INFO - "name" : "score",
[2022-04-06 04:05:57,006] {spark_submit.py:488} INFO - "type" : "integer",
[2022-04-06 04:05:57,006] {spark_submit.py:488} INFO - "nullable" : true,
[2022-04-06 04:05:57,006] {spark_submit.py:488} INFO - "metadata" : { }
[2022-04-06 04:05:57,006] {spark_submit.py:488} INFO - }, {
[2022-04-06 04:05:57,006] {spark_submit.py:488} INFO - "name" : "tags",
[2022-04-06 04:05:57,007] {spark_submit.py:488} INFO - "type" : "string",
[2022-04-06 04:05:57,007] {spark_submit.py:488} INFO - "nullable" : true,
[2022-04-06 04:05:57,007] {spark_submit.py:488} INFO - "metadata" : { }
[2022-04-06 04:05:57,007] {spark_submit.py:488} INFO - }, {
[2022-04-06 04:05:57,007] {spark_submit.py:488} INFO - "name" : "view_count",
[2022-04-06 04:05:57,007] {spark_submit.py:488} INFO - "type" : "integer",
[2022-04-06 04:05:57,008] {spark_submit.py:488} INFO - "nullable" : true,
[2022-04-06 04:05:57,008] {spark_submit.py:488} INFO - "metadata" : { }
[2022-04-06 04:05:57,008] {spark_submit.py:488} INFO - }, {
[2022-04-06 04:05:57,008] {spark_submit.py:488} INFO - "name" : "group_by_date",
[2022-04-06 04:05:57,008] {spark_submit.py:488} INFO - "type" : "timestamp",
[2022-04-06 04:05:57,008] {spark_submit.py:488} INFO - "nullable" : true,
[2022-04-06 04:05:57,008] {spark_submit.py:488} INFO - "metadata" : { }
[2022-04-06 04:05:57,008] {spark_submit.py:488} INFO - } ]
[2022-04-06 04:05:57,008] {spark_submit.py:488} INFO - }
[2022-04-06 04:05:57,008] {spark_submit.py:488} INFO - and corresponding Parquet message type:
[2022-04-06 04:05:57,008] {spark_submit.py:488} INFO - message spark_schema {
[2022-04-06 04:05:57,008] {spark_submit.py:488} INFO - optional int32 id;
[2022-04-06 04:05:57,008] {spark_submit.py:488} INFO - optional binary title (STRING);
[2022-04-06 04:05:57,009] {spark_submit.py:488} INFO - optional binary body (STRING);
[2022-04-06 04:05:57,009] {spark_submit.py:488} INFO - optional int32 accepted_answer_id;
[2022-04-06 04:05:57,009] {spark_submit.py:488} INFO - optional int32 answer_count;
[2022-04-06 04:05:57,009] {spark_submit.py:488} INFO - optional int32 comment_count;
[2022-04-06 04:05:57,009] {spark_submit.py:488} INFO - optional int96 community_owned_date;
[2022-04-06 04:05:57,009] {spark_submit.py:488} INFO - optional int96 creation_date;
[2022-04-06 04:05:57,009] {spark_submit.py:488} INFO - optional int32 favorite_count;
[2022-04-06 04:05:57,009] {spark_submit.py:488} INFO - optional int96 last_activity_date;
[2022-04-06 04:05:57,009] {spark_submit.py:488} INFO - optional int96 last_edit_date;
[2022-04-06 04:05:57,009] {spark_submit.py:488} INFO - optional binary last_editor_display_name (STRING);
[2022-04-06 04:05:57,009] {spark_submit.py:488} INFO - optional int32 last_editor_user_id;
[2022-04-06 04:05:57,009] {spark_submit.py:488} INFO - optional binary owner_display_name (STRING);
[2022-04-06 04:05:57,009] {spark_submit.py:488} INFO - optional int32 owner_user_id;
[2022-04-06 04:05:57,010] {spark_submit.py:488} INFO - optional int32 parent_id;
[2022-04-06 04:05:57,010] {spark_submit.py:488} INFO - optional int32 post_type_id;
[2022-04-06 04:05:57,010] {spark_submit.py:488} INFO - optional int32 score;
[2022-04-06 04:05:57,010] {spark_submit.py:488} INFO - optional binary tags (STRING);
[2022-04-06 04:05:57,010] {spark_submit.py:488} INFO - optional int32 view_count;
[2022-04-06 04:05:57,010] {spark_submit.py:488} INFO - optional int96 group_by_date;
[2022-04-06 04:05:57,010] {spark_submit.py:488} INFO - }
[2022-04-06 04:05:57,010] {spark_submit.py:488} INFO - 
[2022-04-06 04:05:57,010] {spark_submit.py:488} INFO - 
[2022-04-06 04:05:57,010] {spark_submit.py:488} INFO - 22/04/06 04:05:56 INFO ParquetWriteSupport: Initialized Parquet WriteSupport with Catalyst schema:
[2022-04-06 04:05:57,010] {spark_submit.py:488} INFO - {
[2022-04-06 04:05:57,010] {spark_submit.py:488} INFO - "type" : "struct",
[2022-04-06 04:05:57,010] {spark_submit.py:488} INFO - "fields" : [ {
[2022-04-06 04:05:57,011] {spark_submit.py:488} INFO - "name" : "id",
[2022-04-06 04:05:57,011] {spark_submit.py:488} INFO - "type" : "integer",
[2022-04-06 04:05:57,011] {spark_submit.py:488} INFO - "nullable" : true,
[2022-04-06 04:05:57,011] {spark_submit.py:488} INFO - "metadata" : { }
[2022-04-06 04:05:57,011] {spark_submit.py:488} INFO - }, {
[2022-04-06 04:05:57,011] {spark_submit.py:488} INFO - "name" : "title",
[2022-04-06 04:05:57,011] {spark_submit.py:488} INFO - "type" : "string",
[2022-04-06 04:05:57,011] {spark_submit.py:488} INFO - "nullable" : true,
[2022-04-06 04:05:57,011] {spark_submit.py:488} INFO - "metadata" : { }
[2022-04-06 04:05:57,011] {spark_submit.py:488} INFO - }, {
[2022-04-06 04:05:57,011] {spark_submit.py:488} INFO - "name" : "body",
[2022-04-06 04:05:57,011] {spark_submit.py:488} INFO - "type" : "string",
[2022-04-06 04:05:57,011] {spark_submit.py:488} INFO - "nullable" : true,
[2022-04-06 04:05:57,089] {spark_submit.py:488} INFO - "metadata" : { }
[2022-04-06 04:05:57,089] {spark_submit.py:488} INFO - }, {
[2022-04-06 04:05:57,090] {spark_submit.py:488} INFO - "name" : "accepted_answer_id",
[2022-04-06 04:05:57,090] {spark_submit.py:488} INFO - "type" : "integer",
[2022-04-06 04:05:57,090] {spark_submit.py:488} INFO - "nullable" : true,
[2022-04-06 04:05:57,090] {spark_submit.py:488} INFO - "metadata" : { }
[2022-04-06 04:05:57,090] {spark_submit.py:488} INFO - }, {
[2022-04-06 04:05:57,090] {spark_submit.py:488} INFO - "name" : "answer_count",
[2022-04-06 04:05:57,090] {spark_submit.py:488} INFO - "type" : "integer",
[2022-04-06 04:05:57,090] {spark_submit.py:488} INFO - "nullable" : true,
[2022-04-06 04:05:57,090] {spark_submit.py:488} INFO - "metadata" : { }
[2022-04-06 04:05:57,090] {spark_submit.py:488} INFO - }, {
[2022-04-06 04:05:57,090] {spark_submit.py:488} INFO - "name" : "comment_count",
[2022-04-06 04:05:57,090] {spark_submit.py:488} INFO - "type" : "integer",
[2022-04-06 04:05:57,090] {spark_submit.py:488} INFO - "nullable" : true,
[2022-04-06 04:05:57,090] {spark_submit.py:488} INFO - "metadata" : { }
[2022-04-06 04:05:57,091] {spark_submit.py:488} INFO - }, {
[2022-04-06 04:05:57,091] {spark_submit.py:488} INFO - "name" : "community_owned_date",
[2022-04-06 04:05:57,091] {spark_submit.py:488} INFO - "type" : "timestamp",
[2022-04-06 04:05:57,091] {spark_submit.py:488} INFO - "nullable" : true,
[2022-04-06 04:05:57,091] {spark_submit.py:488} INFO - "metadata" : { }
[2022-04-06 04:05:57,091] {spark_submit.py:488} INFO - }, {
[2022-04-06 04:05:57,091] {spark_submit.py:488} INFO - "name" : "creation_date",
[2022-04-06 04:05:57,091] {spark_submit.py:488} INFO - "type" : "timestamp",
[2022-04-06 04:05:57,091] {spark_submit.py:488} INFO - "nullable" : true,
[2022-04-06 04:05:57,091] {spark_submit.py:488} INFO - "metadata" : { }
[2022-04-06 04:05:57,091] {spark_submit.py:488} INFO - }, {
[2022-04-06 04:05:57,091] {spark_submit.py:488} INFO - "name" : "favorite_count",
[2022-04-06 04:05:57,091] {spark_submit.py:488} INFO - "type" : "integer",
[2022-04-06 04:05:57,091] {spark_submit.py:488} INFO - "nullable" : true,
[2022-04-06 04:05:57,114] {spark_submit.py:488} INFO - "metadata" : { }
[2022-04-06 04:05:57,114] {spark_submit.py:488} INFO - }, {
[2022-04-06 04:05:57,114] {spark_submit.py:488} INFO - "name" : "last_activity_date",
[2022-04-06 04:05:57,114] {spark_submit.py:488} INFO - "type" : "timestamp",
[2022-04-06 04:05:57,114] {spark_submit.py:488} INFO - "nullable" : true,
[2022-04-06 04:05:57,114] {spark_submit.py:488} INFO - "metadata" : { }
[2022-04-06 04:05:57,114] {spark_submit.py:488} INFO - }, {
[2022-04-06 04:05:57,114] {spark_submit.py:488} INFO - "name" : "last_edit_date",
[2022-04-06 04:05:57,114] {spark_submit.py:488} INFO - "type" : "timestamp",
[2022-04-06 04:05:57,115] {spark_submit.py:488} INFO - "nullable" : true,
[2022-04-06 04:05:57,115] {spark_submit.py:488} INFO - "metadata" : { }
[2022-04-06 04:05:57,115] {spark_submit.py:488} INFO - }, {
[2022-04-06 04:05:57,115] {spark_submit.py:488} INFO - "name" : "last_editor_display_name",
[2022-04-06 04:05:57,115] {spark_submit.py:488} INFO - "type" : "string",
[2022-04-06 04:05:57,115] {spark_submit.py:488} INFO - "nullable" : true,
[2022-04-06 04:05:57,115] {spark_submit.py:488} INFO - "metadata" : { }
[2022-04-06 04:05:57,115] {spark_submit.py:488} INFO - }, {
[2022-04-06 04:05:57,116] {spark_submit.py:488} INFO - "name" : "last_editor_user_id",
[2022-04-06 04:05:57,116] {spark_submit.py:488} INFO - "type" : "integer",
[2022-04-06 04:05:57,116] {spark_submit.py:488} INFO - "nullable" : true,
[2022-04-06 04:05:57,116] {spark_submit.py:488} INFO - "metadata" : { }
[2022-04-06 04:05:57,116] {spark_submit.py:488} INFO - }, {
[2022-04-06 04:05:57,116] {spark_submit.py:488} INFO - "name" : "owner_display_name",
[2022-04-06 04:05:57,116] {spark_submit.py:488} INFO - "type" : "string",
[2022-04-06 04:05:57,116] {spark_submit.py:488} INFO - "nullable" : true,
[2022-04-06 04:05:57,116] {spark_submit.py:488} INFO - "metadata" : { }
[2022-04-06 04:05:57,116] {spark_submit.py:488} INFO - }, {
[2022-04-06 04:05:57,116] {spark_submit.py:488} INFO - "name" : "owner_user_id",
[2022-04-06 04:05:57,116] {spark_submit.py:488} INFO - "type" : "integer",
[2022-04-06 04:05:57,117] {spark_submit.py:488} INFO - "nullable" : true,
[2022-04-06 04:05:57,117] {spark_submit.py:488} INFO - "metadata" : { }
[2022-04-06 04:05:57,117] {spark_submit.py:488} INFO - }, {
[2022-04-06 04:05:57,117] {spark_submit.py:488} INFO - "name" : "parent_id",
[2022-04-06 04:05:57,117] {spark_submit.py:488} INFO - "type" : "integer",
[2022-04-06 04:05:57,117] {spark_submit.py:488} INFO - "nullable" : true,
[2022-04-06 04:05:57,117] {spark_submit.py:488} INFO - "metadata" : { }
[2022-04-06 04:05:57,117] {spark_submit.py:488} INFO - }, {
[2022-04-06 04:05:57,117] {spark_submit.py:488} INFO - "name" : "post_type_id",
[2022-04-06 04:05:57,117] {spark_submit.py:488} INFO - "type" : "integer",
[2022-04-06 04:05:57,117] {spark_submit.py:488} INFO - "nullable" : true,
[2022-04-06 04:05:57,117] {spark_submit.py:488} INFO - "metadata" : { }
[2022-04-06 04:05:57,117] {spark_submit.py:488} INFO - }, {
[2022-04-06 04:05:57,117] {spark_submit.py:488} INFO - "name" : "score",
[2022-04-06 04:05:57,118] {spark_submit.py:488} INFO - "type" : "integer",
[2022-04-06 04:05:57,118] {spark_submit.py:488} INFO - "nullable" : true,
[2022-04-06 04:05:57,118] {spark_submit.py:488} INFO - "metadata" : { }
[2022-04-06 04:05:57,118] {spark_submit.py:488} INFO - }, {
[2022-04-06 04:05:57,118] {spark_submit.py:488} INFO - "name" : "tags",
[2022-04-06 04:05:57,118] {spark_submit.py:488} INFO - "type" : "string",
[2022-04-06 04:05:57,118] {spark_submit.py:488} INFO - "nullable" : true,
[2022-04-06 04:05:57,118] {spark_submit.py:488} INFO - "metadata" : { }
[2022-04-06 04:05:57,118] {spark_submit.py:488} INFO - }, {
[2022-04-06 04:05:57,118] {spark_submit.py:488} INFO - "name" : "view_count",
[2022-04-06 04:05:57,118] {spark_submit.py:488} INFO - "type" : "integer",
[2022-04-06 04:05:57,118] {spark_submit.py:488} INFO - "nullable" : true,
[2022-04-06 04:05:57,118] {spark_submit.py:488} INFO - "metadata" : { }
[2022-04-06 04:05:57,118] {spark_submit.py:488} INFO - }, {
[2022-04-06 04:05:57,119] {spark_submit.py:488} INFO - "name" : "group_by_date",
[2022-04-06 04:05:57,119] {spark_submit.py:488} INFO - "type" : "timestamp",
[2022-04-06 04:05:57,119] {spark_submit.py:488} INFO - "nullable" : true,
[2022-04-06 04:05:57,119] {spark_submit.py:488} INFO - "metadata" : { }
[2022-04-06 04:05:57,119] {spark_submit.py:488} INFO - } ]
[2022-04-06 04:05:57,119] {spark_submit.py:488} INFO - }
[2022-04-06 04:05:57,119] {spark_submit.py:488} INFO - and corresponding Parquet message type:
[2022-04-06 04:05:57,119] {spark_submit.py:488} INFO - message spark_schema {
[2022-04-06 04:05:57,119] {spark_submit.py:488} INFO - optional int32 id;
[2022-04-06 04:05:57,119] {spark_submit.py:488} INFO - optional binary title (STRING);
[2022-04-06 04:05:57,119] {spark_submit.py:488} INFO - optional binary body (STRING);
[2022-04-06 04:05:57,119] {spark_submit.py:488} INFO - optional int32 accepted_answer_id;
[2022-04-06 04:05:57,228] {spark_submit.py:488} INFO - optional int32 answer_count;
[2022-04-06 04:05:57,228] {spark_submit.py:488} INFO - optional int32 comment_count;
[2022-04-06 04:05:57,228] {spark_submit.py:488} INFO - optional int96 community_owned_date;
[2022-04-06 04:05:57,228] {spark_submit.py:488} INFO - optional int96 creation_date;
[2022-04-06 04:05:57,228] {spark_submit.py:488} INFO - optional int32 favorite_count;
[2022-04-06 04:05:57,228] {spark_submit.py:488} INFO - optional int96 last_activity_date;
[2022-04-06 04:05:57,228] {spark_submit.py:488} INFO - optional int96 last_edit_date;
[2022-04-06 04:05:57,228] {spark_submit.py:488} INFO - optional binary last_editor_display_name (STRING);
[2022-04-06 04:05:57,229] {spark_submit.py:488} INFO - optional int32 last_editor_user_id;
[2022-04-06 04:05:57,229] {spark_submit.py:488} INFO - optional binary owner_display_name (STRING);
[2022-04-06 04:05:57,229] {spark_submit.py:488} INFO - optional int32 owner_user_id;
[2022-04-06 04:05:57,229] {spark_submit.py:488} INFO - optional int32 parent_id;
[2022-04-06 04:05:57,229] {spark_submit.py:488} INFO - optional int32 post_type_id;
[2022-04-06 04:05:57,229] {spark_submit.py:488} INFO - optional int32 score;
[2022-04-06 04:05:57,229] {spark_submit.py:488} INFO - optional binary tags (STRING);
[2022-04-06 04:05:57,229] {spark_submit.py:488} INFO - optional int32 view_count;
[2022-04-06 04:05:57,229] {spark_submit.py:488} INFO - optional int96 group_by_date;
[2022-04-06 04:05:57,229] {spark_submit.py:488} INFO - }
[2022-04-06 04:05:57,229] {spark_submit.py:488} INFO - 
[2022-04-06 04:05:57,229] {spark_submit.py:488} INFO - 
[2022-04-06 04:05:57,230] {spark_submit.py:488} INFO - 22/04/06 04:05:56 INFO ParquetWriteSupport: Initialized Parquet WriteSupport with Catalyst schema:
[2022-04-06 04:05:57,230] {spark_submit.py:488} INFO - {
[2022-04-06 04:05:57,230] {spark_submit.py:488} INFO - "type" : "struct",
[2022-04-06 04:05:57,230] {spark_submit.py:488} INFO - "fields" : [ {
[2022-04-06 04:05:57,230] {spark_submit.py:488} INFO - "name" : "id",
[2022-04-06 04:05:57,230] {spark_submit.py:488} INFO - "type" : "integer",
[2022-04-06 04:05:57,230] {spark_submit.py:488} INFO - "nullable" : true,
[2022-04-06 04:05:57,230] {spark_submit.py:488} INFO - "metadata" : { }
[2022-04-06 04:05:57,230] {spark_submit.py:488} INFO - }, {
[2022-04-06 04:05:57,230] {spark_submit.py:488} INFO - "name" : "title",
[2022-04-06 04:05:57,230] {spark_submit.py:488} INFO - "type" : "string",
[2022-04-06 04:05:57,230] {spark_submit.py:488} INFO - "nullable" : true,
[2022-04-06 04:05:57,230] {spark_submit.py:488} INFO - "metadata" : { }
[2022-04-06 04:05:57,230] {spark_submit.py:488} INFO - }, {
[2022-04-06 04:05:57,230] {spark_submit.py:488} INFO - "name" : "body",
[2022-04-06 04:05:57,231] {spark_submit.py:488} INFO - "type" : "string",
[2022-04-06 04:05:57,231] {spark_submit.py:488} INFO - "nullable" : true,
[2022-04-06 04:05:57,231] {spark_submit.py:488} INFO - "metadata" : { }
[2022-04-06 04:05:57,231] {spark_submit.py:488} INFO - }, {
[2022-04-06 04:05:57,231] {spark_submit.py:488} INFO - "name" : "accepted_answer_id",
[2022-04-06 04:05:57,231] {spark_submit.py:488} INFO - "type" : "integer",
[2022-04-06 04:05:57,231] {spark_submit.py:488} INFO - "nullable" : true,
[2022-04-06 04:05:57,231] {spark_submit.py:488} INFO - "metadata" : { }
[2022-04-06 04:05:57,231] {spark_submit.py:488} INFO - }, {
[2022-04-06 04:05:57,231] {spark_submit.py:488} INFO - "name" : "answer_count",
[2022-04-06 04:05:57,231] {spark_submit.py:488} INFO - "type" : "integer",
[2022-04-06 04:05:57,231] {spark_submit.py:488} INFO - "nullable" : true,
[2022-04-06 04:05:57,231] {spark_submit.py:488} INFO - "metadata" : { }
[2022-04-06 04:05:57,276] {spark_submit.py:488} INFO - }, {
[2022-04-06 04:05:57,276] {spark_submit.py:488} INFO - "name" : "comment_count",
[2022-04-06 04:05:57,276] {spark_submit.py:488} INFO - "type" : "integer",
[2022-04-06 04:05:57,276] {spark_submit.py:488} INFO - "nullable" : true,
[2022-04-06 04:05:57,276] {spark_submit.py:488} INFO - "metadata" : { }
[2022-04-06 04:05:57,276] {spark_submit.py:488} INFO - }, {
[2022-04-06 04:05:57,276] {spark_submit.py:488} INFO - "name" : "community_owned_date",
[2022-04-06 04:05:57,276] {spark_submit.py:488} INFO - "type" : "timestamp",
[2022-04-06 04:05:57,276] {spark_submit.py:488} INFO - "nullable" : true,
[2022-04-06 04:05:57,277] {spark_submit.py:488} INFO - "metadata" : { }
[2022-04-06 04:05:57,277] {spark_submit.py:488} INFO - }, {
[2022-04-06 04:05:57,277] {spark_submit.py:488} INFO - "name" : "creation_date",
[2022-04-06 04:05:57,277] {spark_submit.py:488} INFO - "type" : "timestamp",
[2022-04-06 04:05:57,277] {spark_submit.py:488} INFO - "nullable" : true,
[2022-04-06 04:05:57,277] {spark_submit.py:488} INFO - "metadata" : { }
[2022-04-06 04:05:57,277] {spark_submit.py:488} INFO - }, {
[2022-04-06 04:05:57,277] {spark_submit.py:488} INFO - "name" : "favorite_count",
[2022-04-06 04:05:57,277] {spark_submit.py:488} INFO - "type" : "integer",
[2022-04-06 04:05:57,277] {spark_submit.py:488} INFO - "nullable" : true,
[2022-04-06 04:05:57,277] {spark_submit.py:488} INFO - "metadata" : { }
[2022-04-06 04:05:57,277] {spark_submit.py:488} INFO - }, {
[2022-04-06 04:05:57,278] {spark_submit.py:488} INFO - "name" : "last_activity_date",
[2022-04-06 04:05:57,278] {spark_submit.py:488} INFO - "type" : "timestamp",
[2022-04-06 04:05:57,278] {spark_submit.py:488} INFO - "nullable" : true,
[2022-04-06 04:05:57,278] {spark_submit.py:488} INFO - "metadata" : { }
[2022-04-06 04:05:57,278] {spark_submit.py:488} INFO - }, {
[2022-04-06 04:05:57,278] {spark_submit.py:488} INFO - "name" : "last_edit_date",
[2022-04-06 04:05:57,278] {spark_submit.py:488} INFO - "type" : "timestamp",
[2022-04-06 04:05:57,278] {spark_submit.py:488} INFO - "nullable" : true,
[2022-04-06 04:05:57,278] {spark_submit.py:488} INFO - "metadata" : { }
[2022-04-06 04:05:57,278] {spark_submit.py:488} INFO - }, {
[2022-04-06 04:05:57,278] {spark_submit.py:488} INFO - "name" : "last_editor_display_name",
[2022-04-06 04:05:57,278] {spark_submit.py:488} INFO - "type" : "string",
[2022-04-06 04:05:57,278] {spark_submit.py:488} INFO - "nullable" : true,
[2022-04-06 04:05:57,279] {spark_submit.py:488} INFO - "metadata" : { }
[2022-04-06 04:05:57,279] {spark_submit.py:488} INFO - }, {
[2022-04-06 04:05:57,279] {spark_submit.py:488} INFO - "name" : "last_editor_user_id",
[2022-04-06 04:05:57,279] {spark_submit.py:488} INFO - "type" : "integer",
[2022-04-06 04:05:57,279] {spark_submit.py:488} INFO - "nullable" : true,
[2022-04-06 04:05:57,279] {spark_submit.py:488} INFO - "metadata" : { }
[2022-04-06 04:05:57,279] {spark_submit.py:488} INFO - }, {
[2022-04-06 04:05:57,279] {spark_submit.py:488} INFO - "name" : "owner_display_name",
[2022-04-06 04:05:57,320] {spark_submit.py:488} INFO - "type" : "string",
[2022-04-06 04:05:57,320] {spark_submit.py:488} INFO - "nullable" : true,
[2022-04-06 04:05:57,320] {spark_submit.py:488} INFO - "metadata" : { }
[2022-04-06 04:05:57,320] {spark_submit.py:488} INFO - }, {
[2022-04-06 04:05:57,320] {spark_submit.py:488} INFO - "name" : "owner_user_id",
[2022-04-06 04:05:57,320] {spark_submit.py:488} INFO - "type" : "integer",
[2022-04-06 04:05:57,320] {spark_submit.py:488} INFO - "nullable" : true,
[2022-04-06 04:05:57,320] {spark_submit.py:488} INFO - "metadata" : { }
[2022-04-06 04:05:57,320] {spark_submit.py:488} INFO - }, {
[2022-04-06 04:05:57,321] {spark_submit.py:488} INFO - "name" : "parent_id",
[2022-04-06 04:05:57,321] {spark_submit.py:488} INFO - "type" : "integer",
[2022-04-06 04:05:57,321] {spark_submit.py:488} INFO - "nullable" : true,
[2022-04-06 04:05:57,321] {spark_submit.py:488} INFO - "metadata" : { }
[2022-04-06 04:05:57,321] {spark_submit.py:488} INFO - }, {
[2022-04-06 04:05:57,321] {spark_submit.py:488} INFO - "name" : "post_type_id",
[2022-04-06 04:05:57,321] {spark_submit.py:488} INFO - "type" : "integer",
[2022-04-06 04:05:57,321] {spark_submit.py:488} INFO - "nullable" : true,
[2022-04-06 04:05:57,321] {spark_submit.py:488} INFO - "metadata" : { }
[2022-04-06 04:05:57,321] {spark_submit.py:488} INFO - }, {
[2022-04-06 04:05:57,321] {spark_submit.py:488} INFO - "name" : "score",
[2022-04-06 04:05:57,321] {spark_submit.py:488} INFO - "type" : "integer",
[2022-04-06 04:05:57,321] {spark_submit.py:488} INFO - "nullable" : true,
[2022-04-06 04:05:57,321] {spark_submit.py:488} INFO - "metadata" : { }
[2022-04-06 04:05:57,321] {spark_submit.py:488} INFO - }, {
[2022-04-06 04:05:57,322] {spark_submit.py:488} INFO - "name" : "tags",
[2022-04-06 04:05:57,322] {spark_submit.py:488} INFO - "type" : "string",
[2022-04-06 04:05:57,322] {spark_submit.py:488} INFO - "nullable" : true,
[2022-04-06 04:05:57,322] {spark_submit.py:488} INFO - "metadata" : { }
[2022-04-06 04:05:57,322] {spark_submit.py:488} INFO - }, {
[2022-04-06 04:05:57,322] {spark_submit.py:488} INFO - "name" : "view_count",
[2022-04-06 04:05:57,322] {spark_submit.py:488} INFO - "type" : "integer",
[2022-04-06 04:05:57,322] {spark_submit.py:488} INFO - "nullable" : true,
[2022-04-06 04:05:57,322] {spark_submit.py:488} INFO - "metadata" : { }
[2022-04-06 04:05:57,322] {spark_submit.py:488} INFO - }, {
[2022-04-06 04:05:57,322] {spark_submit.py:488} INFO - "name" : "group_by_date",
[2022-04-06 04:05:57,322] {spark_submit.py:488} INFO - "type" : "timestamp",
[2022-04-06 04:05:57,322] {spark_submit.py:488} INFO - "nullable" : true,
[2022-04-06 04:05:57,322] {spark_submit.py:488} INFO - "metadata" : { }
[2022-04-06 04:05:57,322] {spark_submit.py:488} INFO - } ]
[2022-04-06 04:05:57,323] {spark_submit.py:488} INFO - }
[2022-04-06 04:05:57,323] {spark_submit.py:488} INFO - and corresponding Parquet message type:
[2022-04-06 04:05:57,323] {spark_submit.py:488} INFO - message spark_schema {
[2022-04-06 04:05:57,323] {spark_submit.py:488} INFO - optional int32 id;
[2022-04-06 04:05:57,323] {spark_submit.py:488} INFO - optional binary title (STRING);
[2022-04-06 04:05:57,323] {spark_submit.py:488} INFO - optional binary body (STRING);
[2022-04-06 04:05:57,323] {spark_submit.py:488} INFO - optional int32 accepted_answer_id;
[2022-04-06 04:05:57,323] {spark_submit.py:488} INFO - optional int32 answer_count;
[2022-04-06 04:05:57,323] {spark_submit.py:488} INFO - optional int32 comment_count;
[2022-04-06 04:05:57,323] {spark_submit.py:488} INFO - optional int96 community_owned_date;
[2022-04-06 04:05:57,323] {spark_submit.py:488} INFO - optional int96 creation_date;
[2022-04-06 04:05:57,323] {spark_submit.py:488} INFO - optional int32 favorite_count;
[2022-04-06 04:05:57,323] {spark_submit.py:488} INFO - optional int96 last_activity_date;
[2022-04-06 04:05:57,372] {spark_submit.py:488} INFO - optional int96 last_edit_date;
[2022-04-06 04:05:57,372] {spark_submit.py:488} INFO - optional binary last_editor_display_name (STRING);
[2022-04-06 04:05:57,372] {spark_submit.py:488} INFO - optional int32 last_editor_user_id;
[2022-04-06 04:05:57,372] {spark_submit.py:488} INFO - optional binary owner_display_name (STRING);
[2022-04-06 04:05:57,372] {spark_submit.py:488} INFO - optional int32 owner_user_id;
[2022-04-06 04:05:57,372] {spark_submit.py:488} INFO - optional int32 parent_id;
[2022-04-06 04:05:57,372] {spark_submit.py:488} INFO - optional int32 post_type_id;
[2022-04-06 04:05:57,372] {spark_submit.py:488} INFO - optional int32 score;
[2022-04-06 04:05:57,372] {spark_submit.py:488} INFO - optional binary tags (STRING);
[2022-04-06 04:05:57,373] {spark_submit.py:488} INFO - optional int32 view_count;
[2022-04-06 04:05:57,373] {spark_submit.py:488} INFO - optional int96 group_by_date;
[2022-04-06 04:05:57,373] {spark_submit.py:488} INFO - }
[2022-04-06 04:05:57,373] {spark_submit.py:488} INFO - 
[2022-04-06 04:05:57,373] {spark_submit.py:488} INFO - 
[2022-04-06 04:05:58,679] {spark_submit.py:488} INFO - 22/04/06 04:05:58 INFO CodecPool: Got brand-new compressor [.snappy]
[2022-04-06 04:05:59,373] {spark_submit.py:488} INFO - 22/04/06 04:05:58 INFO CodecPool: Got brand-new compressor [.snappy]
[2022-04-06 04:05:59,375] {spark_submit.py:488} INFO - 22/04/06 04:05:58 INFO CodecPool: Got brand-new compressor [.snappy]
[2022-04-06 04:05:59,375] {spark_submit.py:488} INFO - 22/04/06 04:05:58 INFO CodecPool: Got brand-new compressor [.snappy]
[2022-04-06 04:06:23,413] {spark_submit.py:488} INFO - 22/04/06 04:06:23 INFO FileOutputCommitter: Saved output of task 'attempt_202204060405533132528018337879606_0003_m_000000_5' to gs://dtc_data_lake_de-stack-overflow/BigQuery/posts_questions-2021-07/_temporary/0/task_202204060405533132528018337879606_0003_m_000000
[2022-04-06 04:06:23,414] {spark_submit.py:488} INFO - 22/04/06 04:06:23 INFO SparkHadoopMapRedUtil: attempt_202204060405533132528018337879606_0003_m_000000_5: Committed
[2022-04-06 04:06:23,497] {spark_submit.py:488} INFO - 22/04/06 04:06:23 INFO GoogleCloudStorageImpl: Ignoring exception of type GoogleJsonResponseException; verified object already exists with desired state.
[2022-04-06 04:06:23,497] {spark_submit.py:488} INFO - 22/04/06 04:06:23 INFO GoogleCloudStorageFileSystem: Successfully repaired 'gs://dtc_data_lake_de-stack-overflow/BigQuery/posts_questions-2021-07/_temporary/0/_temporary/' directory.
[2022-04-06 04:06:23,497] {spark_submit.py:488} INFO - 22/04/06 04:06:23 INFO FileOutputCommitter: Saved output of task 'attempt_202204060405538673703581313117202_0003_m_000001_6' to gs://dtc_data_lake_de-stack-overflow/BigQuery/posts_questions-2021-07/_temporary/0/task_202204060405538673703581313117202_0003_m_000001
[2022-04-06 04:06:23,507] {spark_submit.py:488} INFO - 22/04/06 04:06:23 INFO SparkHadoopMapRedUtil: attempt_202204060405538673703581313117202_0003_m_000001_6: Committed
[2022-04-06 04:06:23,512] {spark_submit.py:488} INFO - 22/04/06 04:06:23 INFO GoogleCloudStorageFileSystem: Successfully repaired 'gs://dtc_data_lake_de-stack-overflow/BigQuery/posts_questions-2021-07/_temporary/0/_temporary/' directory.
[2022-04-06 04:06:23,512] {spark_submit.py:488} INFO - 22/04/06 04:06:23 INFO FileOutputCommitter: Saved output of task 'attempt_202204060405537033160787791304858_0003_m_000003_8' to gs://dtc_data_lake_de-stack-overflow/BigQuery/posts_questions-2021-07/_temporary/0/task_202204060405537033160787791304858_0003_m_000003
[2022-04-06 04:06:23,512] {spark_submit.py:488} INFO - 22/04/06 04:06:23 INFO SparkHadoopMapRedUtil: attempt_202204060405537033160787791304858_0003_m_000003_8: Committed
[2022-04-06 04:06:23,516] {spark_submit.py:488} INFO - 22/04/06 04:06:23 INFO GoogleCloudStorageImpl: Ignoring exception of type GoogleJsonResponseException; verified object already exists with desired state.
[2022-04-06 04:06:23,517] {spark_submit.py:488} INFO - 22/04/06 04:06:23 INFO GoogleCloudStorageFileSystem: Successfully repaired 'gs://dtc_data_lake_de-stack-overflow/BigQuery/posts_questions-2021-07/_temporary/0/_temporary/' directory.
[2022-04-06 04:06:23,517] {spark_submit.py:488} INFO - 22/04/06 04:06:23 INFO FileOutputCommitter: Saved output of task 'attempt_202204060405531460240306152847747_0003_m_000002_7' to gs://dtc_data_lake_de-stack-overflow/BigQuery/posts_questions-2021-07/_temporary/0/task_202204060405531460240306152847747_0003_m_000002
[2022-04-06 04:06:23,517] {spark_submit.py:488} INFO - 22/04/06 04:06:23 INFO SparkHadoopMapRedUtil: attempt_202204060405531460240306152847747_0003_m_000002_7: Committed
[2022-04-06 04:06:23,549] {spark_submit.py:488} INFO - 22/04/06 04:06:23 INFO Executor: Finished task 1.0 in stage 3.0 (TID 6). 3526 bytes result sent to driver
[2022-04-06 04:06:23,552] {spark_submit.py:488} INFO - 22/04/06 04:06:23 INFO TaskSetManager: Finished task 1.0 in stage 3.0 (TID 6) in 28638 ms on 9fe4286b2855 (executor driver) (1/4)
[2022-04-06 04:06:23,574] {spark_submit.py:488} INFO - 22/04/06 04:06:23 INFO Executor: Finished task 3.0 in stage 3.0 (TID 8). 3526 bytes result sent to driver
[2022-04-06 04:06:23,578] {spark_submit.py:488} INFO - 22/04/06 04:06:23 INFO Executor: Finished task 0.0 in stage 3.0 (TID 5). 3526 bytes result sent to driver
[2022-04-06 04:06:23,579] {spark_submit.py:488} INFO - 22/04/06 04:06:23 INFO Executor: Finished task 2.0 in stage 3.0 (TID 7). 3526 bytes result sent to driver
[2022-04-06 04:06:23,599] {spark_submit.py:488} INFO - 22/04/06 04:06:23 INFO TaskSetManager: Finished task 3.0 in stage 3.0 (TID 8) in 28682 ms on 9fe4286b2855 (executor driver) (2/4)
[2022-04-06 04:06:23,600] {spark_submit.py:488} INFO - 22/04/06 04:06:23 INFO TaskSetManager: Finished task 0.0 in stage 3.0 (TID 5) in 28689 ms on 9fe4286b2855 (executor driver) (3/4)
[2022-04-06 04:06:23,625] {spark_submit.py:488} INFO - 22/04/06 04:06:23 INFO TaskSetManager: Finished task 2.0 in stage 3.0 (TID 7) in 28710 ms on 9fe4286b2855 (executor driver) (4/4)
[2022-04-06 04:06:23,627] {spark_submit.py:488} INFO - 22/04/06 04:06:23 INFO DAGScheduler: ResultStage 3 (save at NativeMethodAccessorImpl.java:0) finished in 29.329 s
[2022-04-06 04:06:23,627] {spark_submit.py:488} INFO - 22/04/06 04:06:23 INFO DAGScheduler: Job 2 is finished. Cancelling potential speculative or zombie tasks for this job
[2022-04-06 04:06:23,629] {spark_submit.py:488} INFO - 22/04/06 04:06:23 INFO TaskSchedulerImpl: Removed TaskSet 3.0, whose tasks have all completed, from pool
[2022-04-06 04:06:23,629] {spark_submit.py:488} INFO - 22/04/06 04:06:23 INFO TaskSchedulerImpl: Killing all running tasks in stage 3: Stage finished
[2022-04-06 04:06:23,632] {spark_submit.py:488} INFO - 22/04/06 04:06:23 INFO DAGScheduler: Job 2 finished: save at NativeMethodAccessorImpl.java:0, took 29.410416 s
[2022-04-06 04:06:23,635] {spark_submit.py:488} INFO - 22/04/06 04:06:23 INFO FileFormatWriter: Start to commit write Job 31fc8f72-2ba3-4adb-bd6d-980ed8f566f7.
[2022-04-06 04:06:24,526] {spark_submit.py:488} INFO - 22/04/06 04:06:24 INFO GoogleCloudStorageFileSystem: Successfully repaired 'gs://dtc_data_lake_de-stack-overflow/BigQuery/posts_questions-2021-07/_temporary/0/task_202204060405531460240306152847747_0003_m_000002/' directory.
[2022-04-06 04:06:25,026] {spark_submit.py:488} INFO - 22/04/06 04:06:25 INFO GoogleCloudStorageFileSystem: Successfully repaired 'gs://dtc_data_lake_de-stack-overflow/BigQuery/posts_questions-2021-07/_temporary/0/task_202204060405533132528018337879606_0003_m_000000/' directory.
[2022-04-06 04:06:25,945] {spark_submit.py:488} INFO - 22/04/06 04:06:25 INFO GoogleCloudStorageFileSystem: Successfully repaired 'gs://dtc_data_lake_de-stack-overflow/BigQuery/posts_questions-2021-07/_temporary/0/task_202204060405537033160787791304858_0003_m_000003/' directory.
[2022-04-06 04:06:26,427] {spark_submit.py:488} INFO - 22/04/06 04:06:26 INFO GoogleCloudStorageFileSystem: Successfully repaired 'gs://dtc_data_lake_de-stack-overflow/BigQuery/posts_questions-2021-07/_temporary/0/task_202204060405538673703581313117202_0003_m_000001/' directory.
[2022-04-06 04:06:27,013] {spark_submit.py:488} INFO - 22/04/06 04:06:27 INFO GoogleCloudStorageFileSystem: Successfully repaired 'gs://dtc_data_lake_de-stack-overflow/BigQuery/posts_questions-2021-07/' directory.
[2022-04-06 04:06:27,333] {spark_submit.py:488} INFO - 22/04/06 04:06:27 INFO FileFormatWriter: Write Job 31fc8f72-2ba3-4adb-bd6d-980ed8f566f7 committed. Elapsed time: 3698 ms.
[2022-04-06 04:06:27,389] {spark_submit.py:488} INFO - 22/04/06 04:06:27 INFO FileFormatWriter: Finished processing stats for write job 31fc8f72-2ba3-4adb-bd6d-980ed8f566f7.
[2022-04-06 04:06:28,465] {spark_submit.py:488} INFO - 22/04/06 04:06:28 INFO SparkContext: Invoking stop() from shutdown hook
[2022-04-06 04:06:28,601] {spark_submit.py:488} INFO - 22/04/06 04:06:28 INFO SparkUI: Stopped Spark web UI at http://9fe4286b2855:4046
[2022-04-06 04:06:28,729] {spark_submit.py:488} INFO - 22/04/06 04:06:28 INFO MapOutputTrackerMasterEndpoint: MapOutputTrackerMasterEndpoint stopped!
[2022-04-06 04:06:29,431] {spark_submit.py:488} INFO - 22/04/06 04:06:29 INFO MemoryStore: MemoryStore cleared
[2022-04-06 04:06:29,435] {spark_submit.py:488} INFO - 22/04/06 04:06:29 INFO BlockManager: BlockManager stopped
[2022-04-06 04:06:29,441] {spark_submit.py:488} INFO - 22/04/06 04:06:29 INFO BlockManagerMaster: BlockManagerMaster stopped
[2022-04-06 04:06:29,446] {spark_submit.py:488} INFO - 22/04/06 04:06:29 INFO OutputCommitCoordinator$OutputCommitCoordinatorEndpoint: OutputCommitCoordinator stopped!
[2022-04-06 04:06:29,757] {spark_submit.py:488} INFO - 22/04/06 04:06:29 INFO SparkContext: Successfully stopped SparkContext
[2022-04-06 04:06:29,757] {spark_submit.py:488} INFO - 22/04/06 04:06:29 INFO ShutdownHookManager: Shutdown hook called
[2022-04-06 04:06:29,758] {spark_submit.py:488} INFO - 22/04/06 04:06:29 INFO ShutdownHookManager: Deleting directory /tmp/spark-3cee8817-b8f0-4cf8-91a9-fbc5014a0adb
[2022-04-06 04:06:29,844] {spark_submit.py:488} INFO - 22/04/06 04:06:29 INFO ShutdownHookManager: Deleting directory /tmp/spark-0a1077fb-d507-4b7a-8b9a-3582699e0ddf
[2022-04-06 04:06:29,877] {spark_submit.py:488} INFO - 22/04/06 04:06:29 INFO ShutdownHookManager: Deleting directory /tmp/spark-0a1077fb-d507-4b7a-8b9a-3582699e0ddf/pyspark-48b3e56b-9b89-4aa5-8909-73516596c7c2
[2022-04-06 04:06:31,655] {taskinstance.py:1288} INFO - Marking task as SUCCESS. dag_id=IngestToGCP, task_id=processing_tasks_posts_questions.spark_job, execution_date=20210701T000000, start_date=20220406T040024, end_date=20220406T040631
[2022-04-06 04:06:32,172] {local_task_job.py:212} WARNING - State of this instance has been externally set to success. Terminating instance.
[2022-04-06 04:06:32,190] {process_utils.py:124} INFO - Sending Signals.SIGTERM to group 238301. PIDs of all processes in the group: [238301]
[2022-04-06 04:06:32,190] {process_utils.py:75} INFO - Sending the signal Signals.SIGTERM to group 238301
[2022-04-06 04:06:32,212] {process_utils.py:70} INFO - Process psutil.Process(pid=238301, status='terminated', exitcode=0, started='04:00:24') (238301) terminated with exit code 0
