[2022-04-06 00:59:29,867] {taskinstance.py:1043} INFO - Dependencies all met for <TaskInstance: IngestToGCP.processing_tasks_posts_questions.remove_posts_questions_csv scheduled__2014-12-01T00:00:00+00:00 [queued]>
[2022-04-06 00:59:30,052] {taskinstance.py:1043} INFO - Dependencies all met for <TaskInstance: IngestToGCP.processing_tasks_posts_questions.remove_posts_questions_csv scheduled__2014-12-01T00:00:00+00:00 [queued]>
[2022-04-06 00:59:30,053] {taskinstance.py:1249} INFO - 
--------------------------------------------------------------------------------
[2022-04-06 00:59:30,053] {taskinstance.py:1250} INFO - Starting attempt 1 of 1
[2022-04-06 00:59:30,053] {taskinstance.py:1251} INFO - 
--------------------------------------------------------------------------------
[2022-04-06 00:59:30,237] {taskinstance.py:1270} INFO - Executing <Task(BashOperator): processing_tasks_posts_questions.remove_posts_questions_csv> on 2014-12-01 00:00:00+00:00
[2022-04-06 00:59:30,322] {standard_task_runner.py:52} INFO - Started process 114586 to run task
[2022-04-06 00:59:30,364] {standard_task_runner.py:79} INFO - Running: ['***', 'tasks', 'run', 'IngestToGCP', 'processing_tasks_posts_questions.remove_posts_questions_csv', 'scheduled__2014-12-01T00:00:00+00:00', '--job-id', '10186', '--raw', '--subdir', 'DAGS_FOLDER/ingest_dag.py', '--cfg-path', '/tmp/tmpc4j2swzo', '--error-file', '/tmp/tmpwsk4u5rj']
[2022-04-06 00:59:30,365] {standard_task_runner.py:80} INFO - Job 10186: Subtask processing_tasks_posts_questions.remove_posts_questions_csv
[2022-04-06 00:59:31,091] {logging_mixin.py:109} INFO - Running <TaskInstance: IngestToGCP.processing_tasks_posts_questions.remove_posts_questions_csv scheduled__2014-12-01T00:00:00+00:00 [running]> on host 9fe4286b2855
[2022-04-06 00:59:31,855] {logging_mixin.py:109} WARNING - /home/***/.local/lib/python3.7/site-packages/***/utils/context.py:156 AirflowContextDeprecationWarning: Accessing 'execution_date' from the template is deprecated and will be removed in a future version. Please use 'data_interval_start' or 'logical_date' instead.
[2022-04-06 00:59:32,096] {taskinstance.py:1448} INFO - Exporting the following env vars:
AIRFLOW_CTX_DAG_OWNER=***
AIRFLOW_CTX_DAG_ID=IngestToGCP
AIRFLOW_CTX_TASK_ID=processing_tasks_posts_questions.remove_posts_questions_csv
AIRFLOW_CTX_EXECUTION_DATE=2014-12-01T00:00:00+00:00
AIRFLOW_CTX_DAG_RUN_ID=scheduled__2014-12-01T00:00:00+00:00
[2022-04-06 00:59:32,105] {subprocess.py:62} INFO - Tmp dir root location: 
 /tmp
[2022-04-06 00:59:32,111] {subprocess.py:74} INFO - Running command: ['bash', '-c', 'rm /opt/***/posts_questions-2014-12.csv']
[2022-04-06 00:59:32,424] {subprocess.py:85} INFO - Output:
[2022-04-06 00:59:33,164] {subprocess.py:93} INFO - Command exited with return code 0
[2022-04-06 00:59:33,495] {taskinstance.py:1288} INFO - Marking task as SUCCESS. dag_id=IngestToGCP, task_id=processing_tasks_posts_questions.remove_posts_questions_csv, execution_date=20141201T000000, start_date=20220406T005929, end_date=20220406T005933
[2022-04-06 00:59:33,922] {local_task_job.py:154} INFO - Task exited with return code 0
[2022-04-06 00:59:34,542] {local_task_job.py:264} INFO - 1 downstream tasks scheduled from follow-on schedule check
