[2022-04-07 19:25:51,830] {taskinstance.py:1043} INFO - Dependencies all met for <TaskInstance: load_to_BigQuery.create_external_posts_questions.bq_create_posts_questions_stack_overflow_data_partitioned_table_task scheduled__2017-11-01T00:00:00+00:00 [queued]>
[2022-04-07 19:25:51,934] {taskinstance.py:1043} INFO - Dependencies all met for <TaskInstance: load_to_BigQuery.create_external_posts_questions.bq_create_posts_questions_stack_overflow_data_partitioned_table_task scheduled__2017-11-01T00:00:00+00:00 [queued]>
[2022-04-07 19:25:51,938] {taskinstance.py:1249} INFO - 
--------------------------------------------------------------------------------
[2022-04-07 19:25:51,939] {taskinstance.py:1250} INFO - Starting attempt 1 of 1
[2022-04-07 19:25:51,939] {taskinstance.py:1251} INFO - 
--------------------------------------------------------------------------------
[2022-04-07 19:25:53,192] {taskinstance.py:1270} INFO - Executing <Task(BigQueryInsertJobOperator): create_external_posts_questions.bq_create_posts_questions_stack_overflow_data_partitioned_table_task> on 2017-11-01 00:00:00+00:00
[2022-04-07 19:25:53,270] {standard_task_runner.py:52} INFO - Started process 4373 to run task
[2022-04-07 19:25:53,341] {standard_task_runner.py:79} INFO - Running: ['***', 'tasks', 'run', 'load_to_BigQuery', 'create_external_posts_questions.bq_create_posts_questions_stack_overflow_data_partitioned_table_task', 'scheduled__2017-11-01T00:00:00+00:00', '--job-id', '12963', '--raw', '--subdir', 'DAGS_FOLDER/load_to_BigQuery_dag.py', '--cfg-path', '/tmp/tmp79d51h_s', '--error-file', '/tmp/tmppu_gcnua']
[2022-04-07 19:25:53,343] {standard_task_runner.py:80} INFO - Job 12963: Subtask create_external_posts_questions.bq_create_posts_questions_stack_overflow_data_partitioned_table_task
[2022-04-07 19:25:53,636] {logging_mixin.py:109} INFO - Running <TaskInstance: load_to_BigQuery.create_external_posts_questions.bq_create_posts_questions_stack_overflow_data_partitioned_table_task scheduled__2017-11-01T00:00:00+00:00 [running]> on host 2c54f2187010
[2022-04-07 19:25:54,073] {taskinstance.py:1448} INFO - Exporting the following env vars:
AIRFLOW_CTX_DAG_OWNER=***
AIRFLOW_CTX_DAG_ID=load_to_BigQuery
AIRFLOW_CTX_TASK_ID=create_external_posts_questions.bq_create_posts_questions_stack_overflow_data_partitioned_table_task
AIRFLOW_CTX_EXECUTION_DATE=2017-11-01T00:00:00+00:00
AIRFLOW_CTX_DAG_RUN_ID=scheduled__2017-11-01T00:00:00+00:00
[2022-04-07 19:25:54,075] {crypto.py:82} WARNING - empty cryptography key - values will not be stored encrypted.
[2022-04-07 19:25:54,143] {logging_mixin.py:109} WARNING - /home/***/.local/lib/python3.7/site-packages/***/utils/context.py:156 AirflowContextDeprecationWarning: Accessing 'execution_date' from the template is deprecated and will be removed in a future version. Please use 'data_interval_start' or 'logical_date' instead.
[2022-04-07 19:25:54,194] {bigquery.py:1554} INFO - Inserting job ***_load_to_BigQuery_create_external_posts_questions_bq_create_posts_questions_stack_overflow_data_partitioned_table_task_2017_11_01T00_00_00_00_00_ed8ddf272fe25b816a2e67218a88d66a
[2022-04-07 19:25:55,176] {taskinstance.py:1774} ERROR - Task failed with exception
Traceback (most recent call last):
  File "/home/airflow/.local/lib/python3.7/site-packages/airflow/providers/google/cloud/operators/bigquery.py", line 2153, in execute
    job = self._submit_job(hook, job_id)
  File "/home/airflow/.local/lib/python3.7/site-packages/airflow/providers/google/cloud/operators/bigquery.py", line 2119, in _submit_job
    retry=self.result_retry,
  File "/home/airflow/.local/lib/python3.7/site-packages/airflow/providers/google/common/hooks/base_google.py", line 439, in inner_wrapper
    return func(self, *args, **kwargs)
  File "/home/airflow/.local/lib/python3.7/site-packages/airflow/providers/google/cloud/hooks/bigquery.py", line 1560, in insert_job
    job.result(timeout=timeout, retry=retry)
  File "/home/airflow/.local/lib/python3.7/site-packages/google/cloud/bigquery/job/query.py", line 1498, in result
    do_get_result()
  File "/home/airflow/.local/lib/python3.7/site-packages/google/cloud/bigquery/job/query.py", line 1488, in do_get_result
    super(QueryJob, self).result(retry=retry, timeout=timeout)
  File "/home/airflow/.local/lib/python3.7/site-packages/google/cloud/bigquery/job/base.py", line 728, in result
    return super(_AsyncJob, self).result(timeout=timeout, **kwargs)
  File "/home/airflow/.local/lib/python3.7/site-packages/google/api_core/future/polling.py", line 135, in result
    raise self._exception
google.api_core.exceptions.BadRequest: 400 Could not cast literal "creation_date" to type TIMESTAMP at [1:111]

Location: us-central1
Job ID: airflow_load_to_BigQuery_create_external_posts_questions_bq_create_posts_questions_stack_overflow_data_partitioned_table_task_2017_11_01T00_00_00_00_00_ed8ddf272fe25b816a2e67218a88d66a

[2022-04-07 19:25:55,223] {taskinstance.py:1288} INFO - Marking task as FAILED. dag_id=load_to_BigQuery, task_id=create_external_posts_questions.bq_create_posts_questions_stack_overflow_data_partitioned_table_task, execution_date=20171101T000000, start_date=20220407T192551, end_date=20220407T192555
[2022-04-07 19:25:55,287] {standard_task_runner.py:98} ERROR - Failed to execute job 12963 for task create_external_posts_questions.bq_create_posts_questions_stack_overflow_data_partitioned_table_task (400 Could not cast literal "creation_date" to type TIMESTAMP at [1:111]

Location: us-central1
Job ID: airflow_load_to_BigQuery_create_external_posts_questions_bq_create_posts_questions_stack_overflow_data_partitioned_table_task_2017_11_01T00_00_00_00_00_ed8ddf272fe25b816a2e67218a88d66a
; 4373)
[2022-04-07 19:25:55,356] {local_task_job.py:154} INFO - Task exited with return code 1
[2022-04-07 19:25:55,484] {local_task_job.py:264} INFO - 0 downstream tasks scheduled from follow-on schedule check
[2022-04-07 22:18:44,710] {taskinstance.py:1043} INFO - Dependencies all met for <TaskInstance: load_to_BigQuery.create_external_posts_questions.bq_create_posts_questions_stack_overflow_data_partitioned_table_task scheduled__2017-11-01T00:00:00+00:00 [queued]>
[2022-04-07 22:18:44,795] {taskinstance.py:1043} INFO - Dependencies all met for <TaskInstance: load_to_BigQuery.create_external_posts_questions.bq_create_posts_questions_stack_overflow_data_partitioned_table_task scheduled__2017-11-01T00:00:00+00:00 [queued]>
[2022-04-07 22:18:44,795] {taskinstance.py:1249} INFO - 
--------------------------------------------------------------------------------
[2022-04-07 22:18:44,795] {taskinstance.py:1250} INFO - Starting attempt 1 of 1
[2022-04-07 22:18:44,795] {taskinstance.py:1251} INFO - 
--------------------------------------------------------------------------------
[2022-04-07 22:18:45,453] {taskinstance.py:1270} INFO - Executing <Task(BigQueryInsertJobOperator): create_external_posts_questions.bq_create_posts_questions_stack_overflow_data_partitioned_table_task> on 2017-11-01 00:00:00+00:00
[2022-04-07 22:18:45,473] {standard_task_runner.py:52} INFO - Started process 6602 to run task
[2022-04-07 22:18:45,488] {standard_task_runner.py:79} INFO - Running: ['***', 'tasks', 'run', 'load_to_BigQuery', 'create_external_posts_questions.bq_create_posts_questions_stack_overflow_data_partitioned_table_task', 'scheduled__2017-11-01T00:00:00+00:00', '--job-id', '14213', '--raw', '--subdir', 'DAGS_FOLDER/load_to_BigQuery_dag.py', '--cfg-path', '/tmp/tmp37kihvy3', '--error-file', '/tmp/tmphbrnjnxq']
[2022-04-07 22:18:45,489] {standard_task_runner.py:80} INFO - Job 14213: Subtask create_external_posts_questions.bq_create_posts_questions_stack_overflow_data_partitioned_table_task
[2022-04-07 22:18:45,664] {logging_mixin.py:109} INFO - Running <TaskInstance: load_to_BigQuery.create_external_posts_questions.bq_create_posts_questions_stack_overflow_data_partitioned_table_task scheduled__2017-11-01T00:00:00+00:00 [running]> on host 36107d30f64e
[2022-04-07 22:18:45,836] {taskinstance.py:1448} INFO - Exporting the following env vars:
AIRFLOW_CTX_DAG_OWNER=***
AIRFLOW_CTX_DAG_ID=load_to_BigQuery
AIRFLOW_CTX_TASK_ID=create_external_posts_questions.bq_create_posts_questions_stack_overflow_data_partitioned_table_task
AIRFLOW_CTX_EXECUTION_DATE=2017-11-01T00:00:00+00:00
AIRFLOW_CTX_DAG_RUN_ID=scheduled__2017-11-01T00:00:00+00:00
[2022-04-07 22:18:45,839] {crypto.py:82} WARNING - empty cryptography key - values will not be stored encrypted.
[2022-04-07 22:18:45,850] {logging_mixin.py:109} WARNING - /home/***/.local/lib/python3.7/site-packages/***/utils/context.py:156 AirflowContextDeprecationWarning: Accessing 'execution_date' from the template is deprecated and will be removed in a future version. Please use 'data_interval_start' or 'logical_date' instead.
[2022-04-07 22:18:45,862] {bigquery.py:1554} INFO - Inserting job ***_load_to_BigQuery_create_external_posts_questions_bq_create_posts_questions_stack_overflow_data_partitioned_table_task_2017_11_01T00_00_00_00_00_ee034c3b8ced36a7391a73642006e4ee
[2022-04-07 22:18:50,343] {taskinstance.py:1288} INFO - Marking task as SUCCESS. dag_id=load_to_BigQuery, task_id=create_external_posts_questions.bq_create_posts_questions_stack_overflow_data_partitioned_table_task, execution_date=20171101T000000, start_date=20220407T221844, end_date=20220407T221850
[2022-04-07 22:18:50,501] {local_task_job.py:154} INFO - Task exited with return code 0
[2022-04-07 22:18:50,804] {local_task_job.py:264} INFO - 0 downstream tasks scheduled from follow-on schedule check
