[2022-04-06 00:20:08,759] {taskinstance.py:1043} INFO - Dependencies all met for <TaskInstance: IngestToGCP.processing_tasks_posts_questions.format_to_parquet_posts_questions scheduled__2013-06-01T00:00:00+00:00 [queued]>
[2022-04-06 00:20:08,982] {taskinstance.py:1043} INFO - Dependencies all met for <TaskInstance: IngestToGCP.processing_tasks_posts_questions.format_to_parquet_posts_questions scheduled__2013-06-01T00:00:00+00:00 [queued]>
[2022-04-06 00:20:08,982] {taskinstance.py:1249} INFO - 
--------------------------------------------------------------------------------
[2022-04-06 00:20:08,982] {taskinstance.py:1250} INFO - Starting attempt 1 of 1
[2022-04-06 00:20:08,982] {taskinstance.py:1251} INFO - 
--------------------------------------------------------------------------------
[2022-04-06 00:20:09,164] {taskinstance.py:1270} INFO - Executing <Task(PythonOperator): processing_tasks_posts_questions.format_to_parquet_posts_questions> on 2013-06-01 00:00:00+00:00
[2022-04-06 00:20:09,252] {standard_task_runner.py:52} INFO - Started process 86228 to run task
[2022-04-06 00:20:09,299] {standard_task_runner.py:79} INFO - Running: ['***', 'tasks', 'run', 'IngestToGCP', 'processing_tasks_posts_questions.format_to_parquet_posts_questions', 'scheduled__2013-06-01T00:00:00+00:00', '--job-id', '9745', '--raw', '--subdir', 'DAGS_FOLDER/ingest_dag.py', '--cfg-path', '/tmp/tmpo_3orerh', '--error-file', '/tmp/tmpp5kfk27f']
[2022-04-06 00:20:09,315] {standard_task_runner.py:80} INFO - Job 9745: Subtask processing_tasks_posts_questions.format_to_parquet_posts_questions
[2022-04-06 00:20:09,821] {logging_mixin.py:109} INFO - Running <TaskInstance: IngestToGCP.processing_tasks_posts_questions.format_to_parquet_posts_questions scheduled__2013-06-01T00:00:00+00:00 [running]> on host 9fe4286b2855
[2022-04-06 00:20:10,245] {logging_mixin.py:109} WARNING - /home/***/.local/lib/python3.7/site-packages/***/utils/context.py:156 AirflowContextDeprecationWarning: Accessing 'execution_date' from the template is deprecated and will be removed in a future version. Please use 'data_interval_start' or 'logical_date' instead.
[2022-04-06 00:20:10,408] {taskinstance.py:1448} INFO - Exporting the following env vars:
AIRFLOW_CTX_DAG_OWNER=***
AIRFLOW_CTX_DAG_ID=IngestToGCP
AIRFLOW_CTX_TASK_ID=processing_tasks_posts_questions.format_to_parquet_posts_questions
AIRFLOW_CTX_EXECUTION_DATE=2013-06-01T00:00:00+00:00
AIRFLOW_CTX_DAG_RUN_ID=scheduled__2013-06-01T00:00:00+00:00
[2022-04-06 00:21:45,123] {python.py:175} INFO - Done. Returned value was: None
[2022-04-06 00:21:45,379] {taskinstance.py:1288} INFO - Marking task as SUCCESS. dag_id=IngestToGCP, task_id=processing_tasks_posts_questions.format_to_parquet_posts_questions, execution_date=20130601T000000, start_date=20220406T002008, end_date=20220406T002145
[2022-04-06 00:21:45,784] {local_task_job.py:154} INFO - Task exited with return code 0
[2022-04-06 00:21:45,916] {local_task_job.py:264} INFO - 1 downstream tasks scheduled from follow-on schedule check
