[2022-04-06 03:08:14,159] {taskinstance.py:1043} INFO - Dependencies all met for <TaskInstance: IngestToGCP.processing_tasks_badges.download_files_badges scheduled__2019-09-01T00:00:00+00:00 [queued]>
[2022-04-06 03:08:14,380] {taskinstance.py:1043} INFO - Dependencies all met for <TaskInstance: IngestToGCP.processing_tasks_badges.download_files_badges scheduled__2019-09-01T00:00:00+00:00 [queued]>
[2022-04-06 03:08:14,380] {taskinstance.py:1249} INFO - 
--------------------------------------------------------------------------------
[2022-04-06 03:08:14,380] {taskinstance.py:1250} INFO - Starting attempt 1 of 1
[2022-04-06 03:08:14,381] {taskinstance.py:1251} INFO - 
--------------------------------------------------------------------------------
[2022-04-06 03:08:14,592] {taskinstance.py:1270} INFO - Executing <Task(BashOperator): processing_tasks_badges.download_files_badges> on 2019-09-01 00:00:00+00:00
[2022-04-06 03:08:14,640] {standard_task_runner.py:52} INFO - Started process 201896 to run task
[2022-04-06 03:08:14,722] {standard_task_runner.py:79} INFO - Running: ['***', 'tasks', 'run', 'IngestToGCP', 'processing_tasks_badges.download_files_badges', 'scheduled__2019-09-01T00:00:00+00:00', '--job-id', '11550', '--raw', '--subdir', 'DAGS_FOLDER/ingest_dag.py', '--cfg-path', '/tmp/tmp7k9po120', '--error-file', '/tmp/tmpgajw677c']
[2022-04-06 03:08:14,723] {standard_task_runner.py:80} INFO - Job 11550: Subtask processing_tasks_badges.download_files_badges
[2022-04-06 03:08:15,373] {logging_mixin.py:109} INFO - Running <TaskInstance: IngestToGCP.processing_tasks_badges.download_files_badges scheduled__2019-09-01T00:00:00+00:00 [running]> on host 9fe4286b2855
[2022-04-06 03:08:15,789] {logging_mixin.py:109} WARNING - /home/***/.local/lib/python3.7/site-packages/***/utils/context.py:156 AirflowContextDeprecationWarning: Accessing 'execution_date' from the template is deprecated and will be removed in a future version. Please use 'data_interval_start' or 'logical_date' instead.
[2022-04-06 03:08:15,961] {taskinstance.py:1448} INFO - Exporting the following env vars:
AIRFLOW_CTX_DAG_OWNER=***
AIRFLOW_CTX_DAG_ID=IngestToGCP
AIRFLOW_CTX_TASK_ID=processing_tasks_badges.download_files_badges
AIRFLOW_CTX_EXECUTION_DATE=2019-09-01T00:00:00+00:00
AIRFLOW_CTX_DAG_RUN_ID=scheduled__2019-09-01T00:00:00+00:00
[2022-04-06 03:08:15,962] {subprocess.py:62} INFO - Tmp dir root location: 
 /tmp
[2022-04-06 03:08:15,963] {subprocess.py:74} INFO - Running command: ['bash', '-c', 'curl -A "Mozilla Chrome Safari" -sSfl --connect-timeout 5                     --retry 5                     https://storage.googleapis.com/dtc_data_lake_de-stack-overflow/processed/badges-2019-09.csv > /opt/***/badges-2019-09.csv']
[2022-04-06 03:08:16,144] {subprocess.py:85} INFO - Output:
[2022-04-06 03:08:16,950] {subprocess.py:93} INFO - Command exited with return code 0
[2022-04-06 03:08:17,730] {taskinstance.py:1288} INFO - Marking task as SUCCESS. dag_id=IngestToGCP, task_id=processing_tasks_badges.download_files_badges, execution_date=20190901T000000, start_date=20220406T030814, end_date=20220406T030817
[2022-04-06 03:08:17,937] {local_task_job.py:154} INFO - Task exited with return code 0
[2022-04-06 03:08:18,131] {local_task_job.py:264} INFO - 1 downstream tasks scheduled from follow-on schedule check
