[2022-04-06 04:01:01,585] {taskinstance.py:1043} INFO - Dependencies all met for <TaskInstance: IngestToGCP.processing_tasks_posts_questions.remove_posts_questions_parquet scheduled__2021-06-01T00:00:00+00:00 [queued]>
[2022-04-06 04:01:01,732] {taskinstance.py:1043} INFO - Dependencies all met for <TaskInstance: IngestToGCP.processing_tasks_posts_questions.remove_posts_questions_parquet scheduled__2021-06-01T00:00:00+00:00 [queued]>
[2022-04-06 04:01:01,733] {taskinstance.py:1249} INFO - 
--------------------------------------------------------------------------------
[2022-04-06 04:01:01,733] {taskinstance.py:1250} INFO - Starting attempt 1 of 1
[2022-04-06 04:01:01,733] {taskinstance.py:1251} INFO - 
--------------------------------------------------------------------------------
[2022-04-06 04:01:01,841] {taskinstance.py:1270} INFO - Executing <Task(BashOperator): processing_tasks_posts_questions.remove_posts_questions_parquet> on 2021-06-01 00:00:00+00:00
[2022-04-06 04:01:01,891] {standard_task_runner.py:52} INFO - Started process 238741 to run task
[2022-04-06 04:01:01,931] {standard_task_runner.py:79} INFO - Running: ['***', 'tasks', 'run', 'IngestToGCP', 'processing_tasks_posts_questions.remove_posts_questions_parquet', 'scheduled__2021-06-01T00:00:00+00:00', '--job-id', '12135', '--raw', '--subdir', 'DAGS_FOLDER/ingest_dag.py', '--cfg-path', '/tmp/tmp00dxoacn', '--error-file', '/tmp/tmprd40keho']
[2022-04-06 04:01:01,932] {standard_task_runner.py:80} INFO - Job 12135: Subtask processing_tasks_posts_questions.remove_posts_questions_parquet
[2022-04-06 04:01:02,489] {logging_mixin.py:109} INFO - Running <TaskInstance: IngestToGCP.processing_tasks_posts_questions.remove_posts_questions_parquet scheduled__2021-06-01T00:00:00+00:00 [running]> on host 9fe4286b2855
[2022-04-06 04:01:03,026] {logging_mixin.py:109} WARNING - /home/***/.local/lib/python3.7/site-packages/***/utils/context.py:156 AirflowContextDeprecationWarning: Accessing 'execution_date' from the template is deprecated and will be removed in a future version. Please use 'data_interval_start' or 'logical_date' instead.
[2022-04-06 04:01:03,142] {taskinstance.py:1448} INFO - Exporting the following env vars:
AIRFLOW_CTX_DAG_OWNER=***
AIRFLOW_CTX_DAG_ID=IngestToGCP
AIRFLOW_CTX_TASK_ID=processing_tasks_posts_questions.remove_posts_questions_parquet
AIRFLOW_CTX_EXECUTION_DATE=2021-06-01T00:00:00+00:00
AIRFLOW_CTX_DAG_RUN_ID=scheduled__2021-06-01T00:00:00+00:00
[2022-04-06 04:01:03,144] {subprocess.py:62} INFO - Tmp dir root location: 
 /tmp
[2022-04-06 04:01:03,144] {subprocess.py:74} INFO - Running command: ['bash', '-c', 'rm /opt/***/posts_questions-2021-06.parquet']
[2022-04-06 04:01:03,400] {subprocess.py:85} INFO - Output:
[2022-04-06 04:01:03,752] {subprocess.py:93} INFO - Command exited with return code 0
[2022-04-06 04:01:04,738] {taskinstance.py:1288} INFO - Marking task as SUCCESS. dag_id=IngestToGCP, task_id=processing_tasks_posts_questions.remove_posts_questions_parquet, execution_date=20210601T000000, start_date=20220406T040101, end_date=20220406T040104
[2022-04-06 04:01:05,027] {local_task_job.py:154} INFO - Task exited with return code 0
[2022-04-06 04:01:05,209] {local_task_job.py:264} INFO - 0 downstream tasks scheduled from follow-on schedule check
