[2022-04-06 00:49:53,241] {taskinstance.py:1043} INFO - Dependencies all met for <TaskInstance: IngestToGCP.processing_tasks_badges.format_to_parquet_badges scheduled__2014-08-01T00:00:00+00:00 [queued]>
[2022-04-06 00:49:53,372] {taskinstance.py:1043} INFO - Dependencies all met for <TaskInstance: IngestToGCP.processing_tasks_badges.format_to_parquet_badges scheduled__2014-08-01T00:00:00+00:00 [queued]>
[2022-04-06 00:49:53,372] {taskinstance.py:1249} INFO - 
--------------------------------------------------------------------------------
[2022-04-06 00:49:53,372] {taskinstance.py:1250} INFO - Starting attempt 1 of 1
[2022-04-06 00:49:53,373] {taskinstance.py:1251} INFO - 
--------------------------------------------------------------------------------
[2022-04-06 00:49:53,720] {taskinstance.py:1270} INFO - Executing <Task(PythonOperator): processing_tasks_badges.format_to_parquet_badges> on 2014-08-01 00:00:00+00:00
[2022-04-06 00:49:53,805] {standard_task_runner.py:52} INFO - Started process 107844 to run task
[2022-04-06 00:49:53,905] {standard_task_runner.py:79} INFO - Running: ['***', 'tasks', 'run', 'IngestToGCP', 'processing_tasks_badges.format_to_parquet_badges', 'scheduled__2014-08-01T00:00:00+00:00', '--job-id', '10076', '--raw', '--subdir', 'DAGS_FOLDER/ingest_dag.py', '--cfg-path', '/tmp/tmp4bg69i8s', '--error-file', '/tmp/tmpoxuix2qr']
[2022-04-06 00:49:53,906] {standard_task_runner.py:80} INFO - Job 10076: Subtask processing_tasks_badges.format_to_parquet_badges
[2022-04-06 00:49:54,990] {logging_mixin.py:109} INFO - Running <TaskInstance: IngestToGCP.processing_tasks_badges.format_to_parquet_badges scheduled__2014-08-01T00:00:00+00:00 [running]> on host 9fe4286b2855
[2022-04-06 00:49:55,302] {logging_mixin.py:109} WARNING - /home/***/.local/lib/python3.7/site-packages/***/utils/context.py:156 AirflowContextDeprecationWarning: Accessing 'execution_date' from the template is deprecated and will be removed in a future version. Please use 'data_interval_start' or 'logical_date' instead.
[2022-04-06 00:49:56,223] {taskinstance.py:1448} INFO - Exporting the following env vars:
AIRFLOW_CTX_DAG_OWNER=***
AIRFLOW_CTX_DAG_ID=IngestToGCP
AIRFLOW_CTX_TASK_ID=processing_tasks_badges.format_to_parquet_badges
AIRFLOW_CTX_EXECUTION_DATE=2014-08-01T00:00:00+00:00
AIRFLOW_CTX_DAG_RUN_ID=scheduled__2014-08-01T00:00:00+00:00
[2022-04-06 00:50:02,861] {python.py:175} INFO - Done. Returned value was: None
[2022-04-06 00:50:02,977] {taskinstance.py:1288} INFO - Marking task as SUCCESS. dag_id=IngestToGCP, task_id=processing_tasks_badges.format_to_parquet_badges, execution_date=20140801T000000, start_date=20220406T004953, end_date=20220406T005002
[2022-04-06 00:50:03,151] {local_task_job.py:154} INFO - Task exited with return code 0
[2022-04-06 00:50:03,365] {local_task_job.py:264} INFO - 1 downstream tasks scheduled from follow-on schedule check
