[2022-04-07 19:27:38,921] {taskinstance.py:1043} INFO - Dependencies all met for <TaskInstance: load_to_BigQuery.create_external_badges.create_badges_stack_overflow_data_external_table scheduled__2019-04-01T00:00:00+00:00 [queued]>
[2022-04-07 19:27:39,035] {taskinstance.py:1043} INFO - Dependencies all met for <TaskInstance: load_to_BigQuery.create_external_badges.create_badges_stack_overflow_data_external_table scheduled__2019-04-01T00:00:00+00:00 [queued]>
[2022-04-07 19:27:39,035] {taskinstance.py:1249} INFO - 
--------------------------------------------------------------------------------
[2022-04-07 19:27:39,035] {taskinstance.py:1250} INFO - Starting attempt 1 of 1
[2022-04-07 19:27:39,035] {taskinstance.py:1251} INFO - 
--------------------------------------------------------------------------------
[2022-04-07 19:27:39,704] {taskinstance.py:1270} INFO - Executing <Task(BigQueryCreateExternalTableOperator): create_external_badges.create_badges_stack_overflow_data_external_table> on 2019-04-01 00:00:00+00:00
[2022-04-07 19:27:39,779] {standard_task_runner.py:79} INFO - Running: ['***', 'tasks', 'run', 'load_to_BigQuery', 'create_external_badges.create_badges_stack_overflow_data_external_table', 'scheduled__2019-04-01T00:00:00+00:00', '--job-id', '13080', '--raw', '--subdir', 'DAGS_FOLDER/load_to_BigQuery_dag.py', '--cfg-path', '/tmp/tmpnqixp3yl', '--error-file', '/tmp/tmpi0cmr5qm']
[2022-04-07 19:27:39,782] {standard_task_runner.py:80} INFO - Job 13080: Subtask create_external_badges.create_badges_stack_overflow_data_external_table
[2022-04-07 19:27:39,759] {standard_task_runner.py:52} INFO - Started process 5152 to run task
[2022-04-07 19:27:40,431] {logging_mixin.py:109} INFO - Running <TaskInstance: load_to_BigQuery.create_external_badges.create_badges_stack_overflow_data_external_table scheduled__2019-04-01T00:00:00+00:00 [running]> on host 2c54f2187010
[2022-04-07 19:27:40,603] {logging_mixin.py:109} WARNING - /home/***/.local/lib/python3.7/site-packages/***/utils/context.py:156 AirflowContextDeprecationWarning: Accessing 'execution_date' from the template is deprecated and will be removed in a future version. Please use 'data_interval_start' or 'logical_date' instead.
[2022-04-07 19:27:40,782] {taskinstance.py:1448} INFO - Exporting the following env vars:
AIRFLOW_CTX_DAG_OWNER=***
AIRFLOW_CTX_DAG_ID=load_to_BigQuery
AIRFLOW_CTX_TASK_ID=create_external_badges.create_badges_stack_overflow_data_external_table
AIRFLOW_CTX_EXECUTION_DATE=2019-04-01T00:00:00+00:00
AIRFLOW_CTX_DAG_RUN_ID=scheduled__2019-04-01T00:00:00+00:00
[2022-04-07 19:27:40,784] {crypto.py:82} WARNING - empty cryptography key - values will not be stored encrypted.
[2022-04-07 19:27:42,334] {taskinstance.py:1288} INFO - Marking task as SUCCESS. dag_id=load_to_BigQuery, task_id=create_external_badges.create_badges_stack_overflow_data_external_table, execution_date=20190401T000000, start_date=20220407T192738, end_date=20220407T192742
[2022-04-07 19:27:42,468] {local_task_job.py:154} INFO - Task exited with return code 0
[2022-04-07 19:27:42,592] {local_task_job.py:264} INFO - 1 downstream tasks scheduled from follow-on schedule check
[2022-04-07 22:20:18,707] {taskinstance.py:1043} INFO - Dependencies all met for <TaskInstance: load_to_BigQuery.create_external_badges.create_badges_stack_overflow_data_external_table scheduled__2019-04-01T00:00:00+00:00 [queued]>
[2022-04-07 22:20:18,812] {taskinstance.py:1043} INFO - Dependencies all met for <TaskInstance: load_to_BigQuery.create_external_badges.create_badges_stack_overflow_data_external_table scheduled__2019-04-01T00:00:00+00:00 [queued]>
[2022-04-07 22:20:18,812] {taskinstance.py:1249} INFO - 
--------------------------------------------------------------------------------
[2022-04-07 22:20:18,813] {taskinstance.py:1250} INFO - Starting attempt 1 of 1
[2022-04-07 22:20:18,813] {taskinstance.py:1251} INFO - 
--------------------------------------------------------------------------------
[2022-04-07 22:20:19,265] {taskinstance.py:1270} INFO - Executing <Task(BigQueryCreateExternalTableOperator): create_external_badges.create_badges_stack_overflow_data_external_table> on 2019-04-01 00:00:00+00:00
[2022-04-07 22:20:19,304] {standard_task_runner.py:52} INFO - Started process 7430 to run task
[2022-04-07 22:20:19,368] {standard_task_runner.py:79} INFO - Running: ['***', 'tasks', 'run', 'load_to_BigQuery', 'create_external_badges.create_badges_stack_overflow_data_external_table', 'scheduled__2019-04-01T00:00:00+00:00', '--job-id', '14338', '--raw', '--subdir', 'DAGS_FOLDER/load_to_BigQuery_dag.py', '--cfg-path', '/tmp/tmpykj_xlpu', '--error-file', '/tmp/tmpk_lmtenz']
[2022-04-07 22:20:19,388] {standard_task_runner.py:80} INFO - Job 14338: Subtask create_external_badges.create_badges_stack_overflow_data_external_table
[2022-04-07 22:20:19,735] {logging_mixin.py:109} INFO - Running <TaskInstance: load_to_BigQuery.create_external_badges.create_badges_stack_overflow_data_external_table scheduled__2019-04-01T00:00:00+00:00 [running]> on host 36107d30f64e
[2022-04-07 22:20:19,931] {logging_mixin.py:109} WARNING - /home/***/.local/lib/python3.7/site-packages/***/utils/context.py:156 AirflowContextDeprecationWarning: Accessing 'execution_date' from the template is deprecated and will be removed in a future version. Please use 'data_interval_start' or 'logical_date' instead.
[2022-04-07 22:20:20,004] {taskinstance.py:1448} INFO - Exporting the following env vars:
AIRFLOW_CTX_DAG_OWNER=***
AIRFLOW_CTX_DAG_ID=load_to_BigQuery
AIRFLOW_CTX_TASK_ID=create_external_badges.create_badges_stack_overflow_data_external_table
AIRFLOW_CTX_EXECUTION_DATE=2019-04-01T00:00:00+00:00
AIRFLOW_CTX_DAG_RUN_ID=scheduled__2019-04-01T00:00:00+00:00
[2022-04-07 22:20:20,007] {crypto.py:82} WARNING - empty cryptography key - values will not be stored encrypted.
[2022-04-07 22:20:20,636] {taskinstance.py:1288} INFO - Marking task as SUCCESS. dag_id=load_to_BigQuery, task_id=create_external_badges.create_badges_stack_overflow_data_external_table, execution_date=20190401T000000, start_date=20220407T222018, end_date=20220407T222020
[2022-04-07 22:20:20,742] {local_task_job.py:154} INFO - Task exited with return code 0
[2022-04-07 22:20:20,891] {local_task_job.py:264} INFO - 0 downstream tasks scheduled from follow-on schedule check
