[2022-04-05 23:39:37,699] {taskinstance.py:1043} INFO - Dependencies all met for <TaskInstance: IngestToGCP.processing_tasks_posts_questions.remove_posts_questions_parquet scheduled__2011-08-01T00:00:00+00:00 [queued]>
[2022-04-05 23:39:38,054] {taskinstance.py:1043} INFO - Dependencies all met for <TaskInstance: IngestToGCP.processing_tasks_posts_questions.remove_posts_questions_parquet scheduled__2011-08-01T00:00:00+00:00 [queued]>
[2022-04-05 23:39:38,055] {taskinstance.py:1249} INFO - 
--------------------------------------------------------------------------------
[2022-04-05 23:39:38,067] {taskinstance.py:1250} INFO - Starting attempt 1 of 1
[2022-04-05 23:39:38,068] {taskinstance.py:1251} INFO - 
--------------------------------------------------------------------------------
[2022-04-05 23:39:38,602] {taskinstance.py:1270} INFO - Executing <Task(BashOperator): processing_tasks_posts_questions.remove_posts_questions_parquet> on 2011-08-01 00:00:00+00:00
[2022-04-05 23:39:38,734] {standard_task_runner.py:52} INFO - Started process 58360 to run task
[2022-04-05 23:39:38,903] {standard_task_runner.py:79} INFO - Running: ['***', 'tasks', 'run', 'IngestToGCP', 'processing_tasks_posts_questions.remove_posts_questions_parquet', 'scheduled__2011-08-01T00:00:00+00:00', '--job-id', '9292', '--raw', '--subdir', 'DAGS_FOLDER/ingest_dag.py', '--cfg-path', '/tmp/tmprn9xlj1a', '--error-file', '/tmp/tmpvfc92xto']
[2022-04-05 23:39:38,930] {standard_task_runner.py:80} INFO - Job 9292: Subtask processing_tasks_posts_questions.remove_posts_questions_parquet
[2022-04-05 23:39:42,496] {logging_mixin.py:109} INFO - Running <TaskInstance: IngestToGCP.processing_tasks_posts_questions.remove_posts_questions_parquet scheduled__2011-08-01T00:00:00+00:00 [running]> on host 9fe4286b2855
[2022-04-05 23:39:46,402] {logging_mixin.py:109} WARNING - /home/***/.local/lib/python3.7/site-packages/***/utils/context.py:156 AirflowContextDeprecationWarning: Accessing 'execution_date' from the template is deprecated and will be removed in a future version. Please use 'data_interval_start' or 'logical_date' instead.
[2022-04-05 23:39:46,679] {taskinstance.py:1448} INFO - Exporting the following env vars:
AIRFLOW_CTX_DAG_OWNER=***
AIRFLOW_CTX_DAG_ID=IngestToGCP
AIRFLOW_CTX_TASK_ID=processing_tasks_posts_questions.remove_posts_questions_parquet
AIRFLOW_CTX_EXECUTION_DATE=2011-08-01T00:00:00+00:00
AIRFLOW_CTX_DAG_RUN_ID=scheduled__2011-08-01T00:00:00+00:00
[2022-04-05 23:39:46,709] {subprocess.py:62} INFO - Tmp dir root location: 
 /tmp
[2022-04-05 23:39:46,710] {subprocess.py:74} INFO - Running command: ['bash', '-c', 'rm /opt/***/posts_questions-2011-08.parquet']
[2022-04-05 23:39:47,599] {subprocess.py:85} INFO - Output:
[2022-04-05 23:39:48,705] {subprocess.py:93} INFO - Command exited with return code 0
[2022-04-05 23:39:51,225] {taskinstance.py:1288} INFO - Marking task as SUCCESS. dag_id=IngestToGCP, task_id=processing_tasks_posts_questions.remove_posts_questions_parquet, execution_date=20110801T000000, start_date=20220405T233937, end_date=20220405T233951
[2022-04-05 23:39:51,451] {local_task_job.py:154} INFO - Task exited with return code 0
[2022-04-05 23:39:51,699] {local_task_job.py:264} INFO - 0 downstream tasks scheduled from follow-on schedule check
