[2022-04-06 03:08:33,665] {taskinstance.py:1043} INFO - Dependencies all met for <TaskInstance: IngestToGCP.processing_tasks_users.format_to_parquet_users scheduled__2019-09-01T00:00:00+00:00 [queued]>
[2022-04-06 03:08:33,792] {taskinstance.py:1043} INFO - Dependencies all met for <TaskInstance: IngestToGCP.processing_tasks_users.format_to_parquet_users scheduled__2019-09-01T00:00:00+00:00 [queued]>
[2022-04-06 03:08:33,792] {taskinstance.py:1249} INFO - 
--------------------------------------------------------------------------------
[2022-04-06 03:08:33,793] {taskinstance.py:1250} INFO - Starting attempt 1 of 1
[2022-04-06 03:08:33,793] {taskinstance.py:1251} INFO - 
--------------------------------------------------------------------------------
[2022-04-06 03:08:33,940] {taskinstance.py:1270} INFO - Executing <Task(PythonOperator): processing_tasks_users.format_to_parquet_users> on 2019-09-01 00:00:00+00:00
[2022-04-06 03:08:33,992] {standard_task_runner.py:52} INFO - Started process 202113 to run task
[2022-04-06 03:08:34,053] {standard_task_runner.py:79} INFO - Running: ['***', 'tasks', 'run', 'IngestToGCP', 'processing_tasks_users.format_to_parquet_users', 'scheduled__2019-09-01T00:00:00+00:00', '--job-id', '11552', '--raw', '--subdir', 'DAGS_FOLDER/ingest_dag.py', '--cfg-path', '/tmp/tmpz84q53at', '--error-file', '/tmp/tmplg0tlomo']
[2022-04-06 03:08:34,054] {standard_task_runner.py:80} INFO - Job 11552: Subtask processing_tasks_users.format_to_parquet_users
[2022-04-06 03:08:34,907] {logging_mixin.py:109} INFO - Running <TaskInstance: IngestToGCP.processing_tasks_users.format_to_parquet_users scheduled__2019-09-01T00:00:00+00:00 [running]> on host 9fe4286b2855
[2022-04-06 03:08:35,645] {logging_mixin.py:109} WARNING - /home/***/.local/lib/python3.7/site-packages/***/utils/context.py:156 AirflowContextDeprecationWarning: Accessing 'execution_date' from the template is deprecated and will be removed in a future version. Please use 'data_interval_start' or 'logical_date' instead.
[2022-04-06 03:08:35,768] {taskinstance.py:1448} INFO - Exporting the following env vars:
AIRFLOW_CTX_DAG_OWNER=***
AIRFLOW_CTX_DAG_ID=IngestToGCP
AIRFLOW_CTX_TASK_ID=processing_tasks_users.format_to_parquet_users
AIRFLOW_CTX_EXECUTION_DATE=2019-09-01T00:00:00+00:00
AIRFLOW_CTX_DAG_RUN_ID=scheduled__2019-09-01T00:00:00+00:00
[2022-04-06 03:08:55,366] {python.py:175} INFO - Done. Returned value was: None
[2022-04-06 03:08:56,093] {taskinstance.py:1288} INFO - Marking task as SUCCESS. dag_id=IngestToGCP, task_id=processing_tasks_users.format_to_parquet_users, execution_date=20190901T000000, start_date=20220406T030833, end_date=20220406T030856
[2022-04-06 03:08:56,477] {local_task_job.py:154} INFO - Task exited with return code 0
[2022-04-06 03:08:56,907] {local_task_job.py:264} INFO - 1 downstream tasks scheduled from follow-on schedule check
