[2022-04-06 00:38:24,285] {taskinstance.py:1043} INFO - Dependencies all met for <TaskInstance: IngestToGCP.processing_tasks_badges.remove_badges_parquet scheduled__2013-12-01T00:00:00+00:00 [queued]>
[2022-04-06 00:38:24,400] {taskinstance.py:1043} INFO - Dependencies all met for <TaskInstance: IngestToGCP.processing_tasks_badges.remove_badges_parquet scheduled__2013-12-01T00:00:00+00:00 [queued]>
[2022-04-06 00:38:24,400] {taskinstance.py:1249} INFO - 
--------------------------------------------------------------------------------
[2022-04-06 00:38:24,400] {taskinstance.py:1250} INFO - Starting attempt 1 of 1
[2022-04-06 00:38:24,400] {taskinstance.py:1251} INFO - 
--------------------------------------------------------------------------------
[2022-04-06 00:38:24,558] {taskinstance.py:1270} INFO - Executing <Task(BashOperator): processing_tasks_badges.remove_badges_parquet> on 2013-12-01 00:00:00+00:00
[2022-04-06 00:38:24,609] {standard_task_runner.py:52} INFO - Started process 99578 to run task
[2022-04-06 00:38:24,701] {standard_task_runner.py:79} INFO - Running: ['***', 'tasks', 'run', 'IngestToGCP', 'processing_tasks_badges.remove_badges_parquet', 'scheduled__2013-12-01T00:00:00+00:00', '--job-id', '9950', '--raw', '--subdir', 'DAGS_FOLDER/ingest_dag.py', '--cfg-path', '/tmp/tmpmxa3h99k', '--error-file', '/tmp/tmpszi2l3xy']
[2022-04-06 00:38:24,702] {standard_task_runner.py:80} INFO - Job 9950: Subtask processing_tasks_badges.remove_badges_parquet
[2022-04-06 00:38:25,276] {logging_mixin.py:109} INFO - Running <TaskInstance: IngestToGCP.processing_tasks_badges.remove_badges_parquet scheduled__2013-12-01T00:00:00+00:00 [running]> on host 9fe4286b2855
[2022-04-06 00:38:25,834] {logging_mixin.py:109} WARNING - /home/***/.local/lib/python3.7/site-packages/***/utils/context.py:156 AirflowContextDeprecationWarning: Accessing 'execution_date' from the template is deprecated and will be removed in a future version. Please use 'data_interval_start' or 'logical_date' instead.
[2022-04-06 00:38:25,962] {taskinstance.py:1448} INFO - Exporting the following env vars:
AIRFLOW_CTX_DAG_OWNER=***
AIRFLOW_CTX_DAG_ID=IngestToGCP
AIRFLOW_CTX_TASK_ID=processing_tasks_badges.remove_badges_parquet
AIRFLOW_CTX_EXECUTION_DATE=2013-12-01T00:00:00+00:00
AIRFLOW_CTX_DAG_RUN_ID=scheduled__2013-12-01T00:00:00+00:00
[2022-04-06 00:38:25,964] {subprocess.py:62} INFO - Tmp dir root location: 
 /tmp
[2022-04-06 00:38:25,965] {subprocess.py:74} INFO - Running command: ['bash', '-c', 'rm /opt/***/badges-2013-12.parquet']
[2022-04-06 00:38:26,082] {subprocess.py:85} INFO - Output:
[2022-04-06 00:38:26,091] {subprocess.py:93} INFO - Command exited with return code 0
[2022-04-06 00:38:26,176] {taskinstance.py:1288} INFO - Marking task as SUCCESS. dag_id=IngestToGCP, task_id=processing_tasks_badges.remove_badges_parquet, execution_date=20131201T000000, start_date=20220406T003824, end_date=20220406T003826
[2022-04-06 00:38:26,368] {local_task_job.py:154} INFO - Task exited with return code 0
[2022-04-06 00:38:26,580] {local_task_job.py:264} INFO - 0 downstream tasks scheduled from follow-on schedule check
