[2022-04-06 02:46:26,513] {taskinstance.py:1043} INFO - Dependencies all met for <TaskInstance: IngestToGCP.processing_tasks_users.download_files_users scheduled__2018-11-01T00:00:00+00:00 [queued]>
[2022-04-06 02:46:26,712] {taskinstance.py:1043} INFO - Dependencies all met for <TaskInstance: IngestToGCP.processing_tasks_users.download_files_users scheduled__2018-11-01T00:00:00+00:00 [queued]>
[2022-04-06 02:46:26,713] {taskinstance.py:1249} INFO - 
--------------------------------------------------------------------------------
[2022-04-06 02:46:26,713] {taskinstance.py:1250} INFO - Starting attempt 1 of 1
[2022-04-06 02:46:26,713] {taskinstance.py:1251} INFO - 
--------------------------------------------------------------------------------
[2022-04-06 02:46:27,025] {taskinstance.py:1270} INFO - Executing <Task(BashOperator): processing_tasks_users.download_files_users> on 2018-11-01 00:00:00+00:00
[2022-04-06 02:46:27,131] {standard_task_runner.py:52} INFO - Started process 186973 to run task
[2022-04-06 02:46:27,193] {standard_task_runner.py:79} INFO - Running: ['***', 'tasks', 'run', 'IngestToGCP', 'processing_tasks_users.download_files_users', 'scheduled__2018-11-01T00:00:00+00:00', '--job-id', '11313', '--raw', '--subdir', 'DAGS_FOLDER/ingest_dag.py', '--cfg-path', '/tmp/tmprprk4k4h', '--error-file', '/tmp/tmpwv7pq7gw']
[2022-04-06 02:46:27,195] {standard_task_runner.py:80} INFO - Job 11313: Subtask processing_tasks_users.download_files_users
[2022-04-06 02:46:27,810] {logging_mixin.py:109} INFO - Running <TaskInstance: IngestToGCP.processing_tasks_users.download_files_users scheduled__2018-11-01T00:00:00+00:00 [running]> on host 9fe4286b2855
[2022-04-06 02:46:28,550] {logging_mixin.py:109} WARNING - /home/***/.local/lib/python3.7/site-packages/***/utils/context.py:156 AirflowContextDeprecationWarning: Accessing 'execution_date' from the template is deprecated and will be removed in a future version. Please use 'data_interval_start' or 'logical_date' instead.
[2022-04-06 02:46:28,788] {taskinstance.py:1448} INFO - Exporting the following env vars:
AIRFLOW_CTX_DAG_OWNER=***
AIRFLOW_CTX_DAG_ID=IngestToGCP
AIRFLOW_CTX_TASK_ID=processing_tasks_users.download_files_users
AIRFLOW_CTX_EXECUTION_DATE=2018-11-01T00:00:00+00:00
AIRFLOW_CTX_DAG_RUN_ID=scheduled__2018-11-01T00:00:00+00:00
[2022-04-06 02:46:28,790] {subprocess.py:62} INFO - Tmp dir root location: 
 /tmp
[2022-04-06 02:46:28,791] {subprocess.py:74} INFO - Running command: ['bash', '-c', 'curl -A "Mozilla Chrome Safari" -sSfl --connect-timeout 5                     --retry 5                     https://storage.googleapis.com/dtc_data_lake_de-stack-overflow/processed/users-2018-11.csv > /opt/***/users-2018-11.csv']
[2022-04-06 02:46:29,026] {subprocess.py:85} INFO - Output:
[2022-04-06 02:46:30,311] {subprocess.py:93} INFO - Command exited with return code 0
[2022-04-06 02:46:31,862] {taskinstance.py:1288} INFO - Marking task as SUCCESS. dag_id=IngestToGCP, task_id=processing_tasks_users.download_files_users, execution_date=20181101T000000, start_date=20220406T024626, end_date=20220406T024631
[2022-04-06 02:46:32,173] {local_task_job.py:154} INFO - Task exited with return code 0
[2022-04-06 02:46:32,852] {local_task_job.py:264} INFO - 1 downstream tasks scheduled from follow-on schedule check
