[2022-04-05 23:32:49,731] {taskinstance.py:1043} INFO - Dependencies all met for <TaskInstance: IngestToGCP.processing_tasks_posts_answers.format_to_parquet_posts_answers scheduled__2011-08-01T00:00:00+00:00 [queued]>
[2022-04-05 23:32:49,988] {taskinstance.py:1043} INFO - Dependencies all met for <TaskInstance: IngestToGCP.processing_tasks_posts_answers.format_to_parquet_posts_answers scheduled__2011-08-01T00:00:00+00:00 [queued]>
[2022-04-05 23:32:49,988] {taskinstance.py:1249} INFO - 
--------------------------------------------------------------------------------
[2022-04-05 23:32:49,988] {taskinstance.py:1250} INFO - Starting attempt 1 of 1
[2022-04-05 23:32:49,989] {taskinstance.py:1251} INFO - 
--------------------------------------------------------------------------------
[2022-04-05 23:32:50,212] {taskinstance.py:1270} INFO - Executing <Task(PythonOperator): processing_tasks_posts_answers.format_to_parquet_posts_answers> on 2011-08-01 00:00:00+00:00
[2022-04-05 23:32:50,295] {standard_task_runner.py:52} INFO - Started process 52995 to run task
[2022-04-05 23:32:50,395] {standard_task_runner.py:79} INFO - Running: ['***', 'tasks', 'run', 'IngestToGCP', 'processing_tasks_posts_answers.format_to_parquet_posts_answers', 'scheduled__2011-08-01T00:00:00+00:00', '--job-id', '9215', '--raw', '--subdir', 'DAGS_FOLDER/ingest_dag.py', '--cfg-path', '/tmp/tmpfnp9t4ln', '--error-file', '/tmp/tmprlhmcyrk']
[2022-04-05 23:32:50,397] {standard_task_runner.py:80} INFO - Job 9215: Subtask processing_tasks_posts_answers.format_to_parquet_posts_answers
[2022-04-05 23:32:51,261] {logging_mixin.py:109} INFO - Running <TaskInstance: IngestToGCP.processing_tasks_posts_answers.format_to_parquet_posts_answers scheduled__2011-08-01T00:00:00+00:00 [running]> on host 9fe4286b2855
[2022-04-05 23:32:51,986] {logging_mixin.py:109} WARNING - /home/***/.local/lib/python3.7/site-packages/***/utils/context.py:156 AirflowContextDeprecationWarning: Accessing 'execution_date' from the template is deprecated and will be removed in a future version. Please use 'data_interval_start' or 'logical_date' instead.
[2022-04-05 23:32:52,092] {taskinstance.py:1448} INFO - Exporting the following env vars:
AIRFLOW_CTX_DAG_OWNER=***
AIRFLOW_CTX_DAG_ID=IngestToGCP
AIRFLOW_CTX_TASK_ID=processing_tasks_posts_answers.format_to_parquet_posts_answers
AIRFLOW_CTX_EXECUTION_DATE=2011-08-01T00:00:00+00:00
AIRFLOW_CTX_DAG_RUN_ID=scheduled__2011-08-01T00:00:00+00:00
[2022-04-05 23:33:47,606] {python.py:175} INFO - Done. Returned value was: None
[2022-04-05 23:33:47,653] {taskinstance.py:1288} INFO - Marking task as SUCCESS. dag_id=IngestToGCP, task_id=processing_tasks_posts_answers.format_to_parquet_posts_answers, execution_date=20110801T000000, start_date=20220405T233249, end_date=20220405T233347
[2022-04-05 23:33:48,032] {local_task_job.py:154} INFO - Task exited with return code 0
[2022-04-05 23:33:48,403] {local_task_job.py:264} INFO - 1 downstream tasks scheduled from follow-on schedule check
