[2022-04-07 22:13:42,002] {taskinstance.py:1043} INFO - Dependencies all met for <TaskInstance: load_to_BigQuery.create_external_users.bq_create_users_stack_overflow_data_partitioned_table_task scheduled__2013-09-01T00:00:00+00:00 [queued]>
[2022-04-07 22:13:42,124] {taskinstance.py:1043} INFO - Dependencies all met for <TaskInstance: load_to_BigQuery.create_external_users.bq_create_users_stack_overflow_data_partitioned_table_task scheduled__2013-09-01T00:00:00+00:00 [queued]>
[2022-04-07 22:13:42,124] {taskinstance.py:1249} INFO - 
--------------------------------------------------------------------------------
[2022-04-07 22:13:42,125] {taskinstance.py:1250} INFO - Starting attempt 1 of 1
[2022-04-07 22:13:42,125] {taskinstance.py:1251} INFO - 
--------------------------------------------------------------------------------
[2022-04-07 22:13:42,752] {taskinstance.py:1270} INFO - Executing <Task(BigQueryInsertJobOperator): create_external_users.bq_create_users_stack_overflow_data_partitioned_table_task> on 2013-09-01 00:00:00+00:00
[2022-04-07 22:13:42,822] {standard_task_runner.py:52} INFO - Started process 4029 to run task
[2022-04-07 22:13:42,899] {standard_task_runner.py:79} INFO - Running: ['***', 'tasks', 'run', 'load_to_BigQuery', 'create_external_users.bq_create_users_stack_overflow_data_partitioned_table_task', 'scheduled__2013-09-01T00:00:00+00:00', '--job-id', '13822', '--raw', '--subdir', 'DAGS_FOLDER/load_to_BigQuery_dag.py', '--cfg-path', '/tmp/tmpzdqbiry7', '--error-file', '/tmp/tmpvd0ybqsc']
[2022-04-07 22:13:42,901] {standard_task_runner.py:80} INFO - Job 13822: Subtask create_external_users.bq_create_users_stack_overflow_data_partitioned_table_task
[2022-04-07 22:13:43,165] {logging_mixin.py:109} INFO - Running <TaskInstance: load_to_BigQuery.create_external_users.bq_create_users_stack_overflow_data_partitioned_table_task scheduled__2013-09-01T00:00:00+00:00 [running]> on host 36107d30f64e
[2022-04-07 22:13:43,472] {taskinstance.py:1448} INFO - Exporting the following env vars:
AIRFLOW_CTX_DAG_OWNER=***
AIRFLOW_CTX_DAG_ID=load_to_BigQuery
AIRFLOW_CTX_TASK_ID=create_external_users.bq_create_users_stack_overflow_data_partitioned_table_task
AIRFLOW_CTX_EXECUTION_DATE=2013-09-01T00:00:00+00:00
AIRFLOW_CTX_DAG_RUN_ID=scheduled__2013-09-01T00:00:00+00:00
[2022-04-07 22:13:43,475] {crypto.py:82} WARNING - empty cryptography key - values will not be stored encrypted.
[2022-04-07 22:13:43,512] {logging_mixin.py:109} WARNING - /home/***/.local/lib/python3.7/site-packages/***/utils/context.py:156 AirflowContextDeprecationWarning: Accessing 'execution_date' from the template is deprecated and will be removed in a future version. Please use 'data_interval_start' or 'logical_date' instead.
[2022-04-07 22:13:43,565] {bigquery.py:1554} INFO - Inserting job ***_load_to_BigQuery_create_external_users_bq_create_users_stack_overflow_data_partitioned_table_task_2013_09_01T00_00_00_00_00_ded537a3f03129021b609d671cee73e5
[2022-04-07 22:13:45,923] {taskinstance.py:1288} INFO - Marking task as SUCCESS. dag_id=load_to_BigQuery, task_id=create_external_users.bq_create_users_stack_overflow_data_partitioned_table_task, execution_date=20130901T000000, start_date=20220407T221342, end_date=20220407T221345
[2022-04-07 22:13:45,977] {local_task_job.py:154} INFO - Task exited with return code 0
[2022-04-07 22:13:46,026] {local_task_job.py:264} INFO - 0 downstream tasks scheduled from follow-on schedule check
