[2022-04-07 19:22:14,764] {taskinstance.py:1043} INFO - Dependencies all met for <TaskInstance: load_to_BigQuery.create_external_users.create_users_stack_overflow_data_external_table scheduled__2015-08-01T00:00:00+00:00 [queued]>
[2022-04-07 19:22:14,886] {taskinstance.py:1043} INFO - Dependencies all met for <TaskInstance: load_to_BigQuery.create_external_users.create_users_stack_overflow_data_external_table scheduled__2015-08-01T00:00:00+00:00 [queued]>
[2022-04-07 19:22:14,891] {taskinstance.py:1249} INFO - 
--------------------------------------------------------------------------------
[2022-04-07 19:22:14,891] {taskinstance.py:1250} INFO - Starting attempt 1 of 1
[2022-04-07 19:22:14,901] {taskinstance.py:1251} INFO - 
--------------------------------------------------------------------------------
[2022-04-07 19:22:15,872] {taskinstance.py:1270} INFO - Executing <Task(BigQueryCreateExternalTableOperator): create_external_users.create_users_stack_overflow_data_external_table> on 2015-08-01 00:00:00+00:00
[2022-04-07 19:22:15,910] {standard_task_runner.py:52} INFO - Started process 2756 to run task
[2022-04-07 19:22:16,000] {standard_task_runner.py:79} INFO - Running: ['***', 'tasks', 'run', 'load_to_BigQuery', 'create_external_users.create_users_stack_overflow_data_external_table', 'scheduled__2015-08-01T00:00:00+00:00', '--job-id', '12725', '--raw', '--subdir', 'DAGS_FOLDER/load_to_BigQuery_dag.py', '--cfg-path', '/tmp/tmpg7mcyckw', '--error-file', '/tmp/tmppv4_2cwr']
[2022-04-07 19:22:16,009] {standard_task_runner.py:80} INFO - Job 12725: Subtask create_external_users.create_users_stack_overflow_data_external_table
[2022-04-07 19:22:16,515] {logging_mixin.py:109} INFO - Running <TaskInstance: load_to_BigQuery.create_external_users.create_users_stack_overflow_data_external_table scheduled__2015-08-01T00:00:00+00:00 [running]> on host 2c54f2187010
[2022-04-07 19:22:17,340] {logging_mixin.py:109} WARNING - /home/***/.local/lib/python3.7/site-packages/***/utils/context.py:156 AirflowContextDeprecationWarning: Accessing 'execution_date' from the template is deprecated and will be removed in a future version. Please use 'data_interval_start' or 'logical_date' instead.
[2022-04-07 19:22:17,480] {taskinstance.py:1448} INFO - Exporting the following env vars:
AIRFLOW_CTX_DAG_OWNER=***
AIRFLOW_CTX_DAG_ID=load_to_BigQuery
AIRFLOW_CTX_TASK_ID=create_external_users.create_users_stack_overflow_data_external_table
AIRFLOW_CTX_EXECUTION_DATE=2015-08-01T00:00:00+00:00
AIRFLOW_CTX_DAG_RUN_ID=scheduled__2015-08-01T00:00:00+00:00
[2022-04-07 19:22:17,482] {crypto.py:82} WARNING - empty cryptography key - values will not be stored encrypted.
[2022-04-07 19:22:18,502] {taskinstance.py:1288} INFO - Marking task as SUCCESS. dag_id=load_to_BigQuery, task_id=create_external_users.create_users_stack_overflow_data_external_table, execution_date=20150801T000000, start_date=20220407T192214, end_date=20220407T192218
[2022-04-07 19:22:18,738] {local_task_job.py:154} INFO - Task exited with return code 0
[2022-04-07 19:22:18,992] {local_task_job.py:264} INFO - 1 downstream tasks scheduled from follow-on schedule check
[2022-04-07 22:15:36,747] {taskinstance.py:1043} INFO - Dependencies all met for <TaskInstance: load_to_BigQuery.create_external_users.create_users_stack_overflow_data_external_table scheduled__2015-08-01T00:00:00+00:00 [queued]>
[2022-04-07 22:15:36,867] {taskinstance.py:1043} INFO - Dependencies all met for <TaskInstance: load_to_BigQuery.create_external_users.create_users_stack_overflow_data_external_table scheduled__2015-08-01T00:00:00+00:00 [queued]>
[2022-04-07 22:15:36,867] {taskinstance.py:1249} INFO - 
--------------------------------------------------------------------------------
[2022-04-07 22:15:36,868] {taskinstance.py:1250} INFO - Starting attempt 1 of 1
[2022-04-07 22:15:36,868] {taskinstance.py:1251} INFO - 
--------------------------------------------------------------------------------
[2022-04-07 22:15:37,735] {taskinstance.py:1270} INFO - Executing <Task(BigQueryCreateExternalTableOperator): create_external_users.create_users_stack_overflow_data_external_table> on 2015-08-01 00:00:00+00:00
[2022-04-07 22:15:37,781] {standard_task_runner.py:52} INFO - Started process 5008 to run task
[2022-04-07 22:15:37,896] {standard_task_runner.py:79} INFO - Running: ['***', 'tasks', 'run', 'load_to_BigQuery', 'create_external_users.create_users_stack_overflow_data_external_table', 'scheduled__2015-08-01T00:00:00+00:00', '--job-id', '13976', '--raw', '--subdir', 'DAGS_FOLDER/load_to_BigQuery_dag.py', '--cfg-path', '/tmp/tmpmprskt44', '--error-file', '/tmp/tmp1j6fo651']
[2022-04-07 22:15:37,897] {standard_task_runner.py:80} INFO - Job 13976: Subtask create_external_users.create_users_stack_overflow_data_external_table
[2022-04-07 22:15:38,400] {logging_mixin.py:109} INFO - Running <TaskInstance: load_to_BigQuery.create_external_users.create_users_stack_overflow_data_external_table scheduled__2015-08-01T00:00:00+00:00 [running]> on host 36107d30f64e
[2022-04-07 22:15:38,930] {logging_mixin.py:109} WARNING - /home/***/.local/lib/python3.7/site-packages/***/utils/context.py:156 AirflowContextDeprecationWarning: Accessing 'execution_date' from the template is deprecated and will be removed in a future version. Please use 'data_interval_start' or 'logical_date' instead.
[2022-04-07 22:15:39,074] {taskinstance.py:1448} INFO - Exporting the following env vars:
AIRFLOW_CTX_DAG_OWNER=***
AIRFLOW_CTX_DAG_ID=load_to_BigQuery
AIRFLOW_CTX_TASK_ID=create_external_users.create_users_stack_overflow_data_external_table
AIRFLOW_CTX_EXECUTION_DATE=2015-08-01T00:00:00+00:00
AIRFLOW_CTX_DAG_RUN_ID=scheduled__2015-08-01T00:00:00+00:00
[2022-04-07 22:15:39,091] {crypto.py:82} WARNING - empty cryptography key - values will not be stored encrypted.
[2022-04-07 22:15:39,947] {taskinstance.py:1288} INFO - Marking task as SUCCESS. dag_id=load_to_BigQuery, task_id=create_external_users.create_users_stack_overflow_data_external_table, execution_date=20150801T000000, start_date=20220407T221536, end_date=20220407T221539
[2022-04-07 22:15:40,122] {local_task_job.py:154} INFO - Task exited with return code 0
[2022-04-07 22:15:40,486] {local_task_job.py:264} INFO - 1 downstream tasks scheduled from follow-on schedule check
