[2022-03-30 19:53:02,907] {manager.py:514} INFO - Processing files using up to 2 processes at a time 
[2022-03-30 19:53:02,907] {manager.py:515} INFO - Process each file at most once every 30 seconds
[2022-03-30 19:53:02,907] {manager.py:517} INFO - Checking for new files in /opt/airflow/dags every 300 seconds
[2022-03-30 19:53:02,908] {manager.py:663} INFO - Searching for files in /opt/airflow/dags
[2022-03-30 19:53:02,910] {manager.py:666} INFO - There are 3 files in /opt/airflow/dags
[2022-03-30 19:53:02,965] {manager.py:1065} INFO - Finding 'running' jobs without a recent heartbeat
[2022-03-30 19:53:02,966] {manager.py:1069} INFO - Failing jobs without heartbeat after 2022-03-30 19:48:02.966032+00:00
[2022-03-30 19:53:03,005] {manager.py:784} INFO - 
================================================================================
DAG File Processing Stats

File Path                          PID  Runtime      # DAGs    # Errors  Last Runtime    Last Run
-------------------------------  -----  ---------  --------  ----------  --------------  ----------
/opt/airflow/dags/ingest_dag.py    186  0.05s             0           0
/opt/airflow/dags/hello_dag.py                            0           0
/opt/airflow/dags/xcom_dag.py      189  0.05s             0           0
================================================================================
[2022-03-30 19:53:13,025] {manager.py:1065} INFO - Finding 'running' jobs without a recent heartbeat
[2022-03-30 19:53:13,026] {manager.py:1069} INFO - Failing jobs without heartbeat after 2022-03-30 19:48:13.026315+00:00
[2022-03-30 19:53:23,067] {manager.py:1065} INFO - Finding 'running' jobs without a recent heartbeat
[2022-03-30 19:53:23,068] {manager.py:1069} INFO - Failing jobs without heartbeat after 2022-03-30 19:48:23.068188+00:00
[2022-03-30 19:53:33,108] {manager.py:1065} INFO - Finding 'running' jobs without a recent heartbeat
[2022-03-30 19:53:33,108] {manager.py:1069} INFO - Failing jobs without heartbeat after 2022-03-30 19:48:33.108885+00:00
[2022-03-30 19:53:33,124] {manager.py:784} INFO - 
================================================================================
DAG File Processing Stats

File Path                        PID    Runtime      # DAGs    # Errors  Last Runtime    Last Run
-------------------------------  -----  ---------  --------  ----------  --------------  -------------------
/opt/airflow/dags/ingest_dag.py                           1           0  6.63s           2022-03-30T19:53:09
/opt/airflow/dags/hello_dag.py                            1           0  2.69s           2022-03-30T19:53:12
/opt/airflow/dags/xcom_dag.py                             1           0  6.63s           2022-03-30T19:53:09
================================================================================
[2022-03-30 19:53:43,236] {manager.py:1065} INFO - Finding 'running' jobs without a recent heartbeat
[2022-03-30 19:53:43,236] {manager.py:1069} INFO - Failing jobs without heartbeat after 2022-03-30 19:48:43.236570+00:00
[2022-03-30 19:53:53,268] {manager.py:1065} INFO - Finding 'running' jobs without a recent heartbeat
[2022-03-30 19:53:53,268] {manager.py:1069} INFO - Failing jobs without heartbeat after 2022-03-30 19:48:53.268684+00:00
[2022-03-30 19:54:03,161] {manager.py:784} INFO - 
================================================================================
DAG File Processing Stats

File Path                        PID    Runtime      # DAGs    # Errors  Last Runtime    Last Run
-------------------------------  -----  ---------  --------  ----------  --------------  -------------------
/opt/airflow/dags/ingest_dag.py                           1           0  0.95s           2022-03-30T19:53:41
/opt/airflow/dags/hello_dag.py                            1           0  0.13s           2022-03-30T19:53:43
/opt/airflow/dags/xcom_dag.py                             1           0  0.12s           2022-03-30T19:53:40
================================================================================
[2022-03-30 19:54:03,304] {manager.py:1065} INFO - Finding 'running' jobs without a recent heartbeat
[2022-03-30 19:54:03,304] {manager.py:1069} INFO - Failing jobs without heartbeat after 2022-03-30 19:49:03.304566+00:00
[2022-03-30 19:54:13,394] {manager.py:1065} INFO - Finding 'running' jobs without a recent heartbeat
[2022-03-30 19:54:13,394] {manager.py:1069} INFO - Failing jobs without heartbeat after 2022-03-30 19:49:13.394620+00:00
[2022-03-30 19:54:23,426] {manager.py:1065} INFO - Finding 'running' jobs without a recent heartbeat
[2022-03-30 19:54:23,426] {manager.py:1069} INFO - Failing jobs without heartbeat after 2022-03-30 19:49:23.426741+00:00
[2022-03-30 19:54:33,317] {manager.py:784} INFO - 
================================================================================
DAG File Processing Stats

File Path                        PID    Runtime      # DAGs    # Errors  Last Runtime    Last Run
-------------------------------  -----  ---------  --------  ----------  --------------  -------------------
/opt/airflow/dags/ingest_dag.py                           1           0  0.91s           2022-03-30T19:54:12
/opt/airflow/dags/hello_dag.py                            1           0  0.13s           2022-03-30T19:54:13
/opt/airflow/dags/xcom_dag.py                             1           0  0.15s           2022-03-30T19:54:10
================================================================================
[2022-03-30 19:54:33,471] {manager.py:1065} INFO - Finding 'running' jobs without a recent heartbeat
[2022-03-30 19:54:33,471] {manager.py:1069} INFO - Failing jobs without heartbeat after 2022-03-30 19:49:33.471687+00:00
[2022-03-30 19:54:43,643] {manager.py:1065} INFO - Finding 'running' jobs without a recent heartbeat
[2022-03-30 19:54:43,644] {manager.py:1069} INFO - Failing jobs without heartbeat after 2022-03-30 19:49:43.644052+00:00
[2022-03-30 19:54:53,685] {manager.py:1065} INFO - Finding 'running' jobs without a recent heartbeat
[2022-03-30 19:54:53,686] {manager.py:1069} INFO - Failing jobs without heartbeat after 2022-03-30 19:49:53.686380+00:00
[2022-03-30 19:55:03,724] {manager.py:1065} INFO - Finding 'running' jobs without a recent heartbeat
[2022-03-30 19:55:03,724] {manager.py:1069} INFO - Failing jobs without heartbeat after 2022-03-30 19:50:03.724360+00:00
[2022-03-30 19:55:03,742] {manager.py:784} INFO - 
================================================================================
DAG File Processing Stats

File Path                        PID    Runtime      # DAGs    # Errors  Last Runtime    Last Run
-------------------------------  -----  ---------  --------  ----------  --------------  -------------------
/opt/airflow/dags/ingest_dag.py                           1           0  0.84s           2022-03-30T19:54:43
/opt/airflow/dags/hello_dag.py                            1           0  0.13s           2022-03-30T19:54:43
/opt/airflow/dags/xcom_dag.py                             1           0  0.14s           2022-03-30T19:54:40
================================================================================
[2022-03-30 19:55:13,841] {manager.py:1065} INFO - Finding 'running' jobs without a recent heartbeat
[2022-03-30 19:55:13,841] {manager.py:1069} INFO - Failing jobs without heartbeat after 2022-03-30 19:50:13.841650+00:00
[2022-03-30 19:55:24,027] {manager.py:1065} INFO - Finding 'running' jobs without a recent heartbeat
[2022-03-30 19:55:24,027] {manager.py:1069} INFO - Failing jobs without heartbeat after 2022-03-30 19:50:24.027810+00:00
[2022-03-30 19:55:33,780] {manager.py:784} INFO - 
================================================================================
DAG File Processing Stats

File Path                        PID    Runtime      # DAGs    # Errors  Last Runtime    Last Run
-------------------------------  -----  ---------  --------  ----------  --------------  -------------------
/opt/airflow/dags/ingest_dag.py                           1           0  0.88s           2022-03-30T19:55:14
/opt/airflow/dags/hello_dag.py                            1           0  0.14s           2022-03-30T19:55:14
/opt/airflow/dags/xcom_dag.py                             1           0  0.13s           2022-03-30T19:55:10
================================================================================
[2022-03-30 19:55:34,065] {manager.py:1065} INFO - Finding 'running' jobs without a recent heartbeat
[2022-03-30 19:55:34,065] {manager.py:1069} INFO - Failing jobs without heartbeat after 2022-03-30 19:50:34.065675+00:00
[2022-03-30 19:55:44,115] {manager.py:1065} INFO - Finding 'running' jobs without a recent heartbeat
[2022-03-30 19:55:44,116] {manager.py:1069} INFO - Failing jobs without heartbeat after 2022-03-30 19:50:44.116253+00:00
[2022-03-30 19:55:54,275] {manager.py:1065} INFO - Finding 'running' jobs without a recent heartbeat
[2022-03-30 19:55:54,276] {manager.py:1069} INFO - Failing jobs without heartbeat after 2022-03-30 19:50:54.276270+00:00
[2022-03-30 19:56:04,313] {manager.py:1065} INFO - Finding 'running' jobs without a recent heartbeat
[2022-03-30 19:56:04,314] {manager.py:1069} INFO - Failing jobs without heartbeat after 2022-03-30 19:51:04.314318+00:00
[2022-03-30 19:56:04,332] {manager.py:784} INFO - 
================================================================================
DAG File Processing Stats

File Path                        PID    Runtime      # DAGs    # Errors  Last Runtime    Last Run
-------------------------------  -----  ---------  --------  ----------  --------------  -------------------
/opt/airflow/dags/ingest_dag.py                           1           0  1.34s           2022-03-30T19:55:36
/opt/airflow/dags/hello_dag.py                            1           0  0.17s           2022-03-30T19:55:44
/opt/airflow/dags/xcom_dag.py                             1           0  0.14s           2022-03-30T19:55:41
================================================================================
[2022-03-30 19:56:14,373] {manager.py:1065} INFO - Finding 'running' jobs without a recent heartbeat
[2022-03-30 19:56:14,374] {manager.py:1069} INFO - Failing jobs without heartbeat after 2022-03-30 19:51:14.374346+00:00
[2022-03-30 19:56:24,525] {manager.py:1065} INFO - Finding 'running' jobs without a recent heartbeat
[2022-03-30 19:56:24,525] {manager.py:1069} INFO - Failing jobs without heartbeat after 2022-03-30 19:51:24.525807+00:00
[2022-03-30 19:56:34,564] {manager.py:1065} INFO - Finding 'running' jobs without a recent heartbeat
[2022-03-30 19:56:34,565] {manager.py:1069} INFO - Failing jobs without heartbeat after 2022-03-30 19:51:34.565074+00:00
[2022-03-30 19:56:34,581] {manager.py:784} INFO - 
================================================================================
DAG File Processing Stats

File Path                        PID    Runtime      # DAGs    # Errors  Last Runtime    Last Run
-------------------------------  -----  ---------  --------  ----------  --------------  -------------------
/opt/airflow/dags/ingest_dag.py                           1           0  1.20s           2022-03-30T19:56:08
/opt/airflow/dags/hello_dag.py                            1           0  0.15s           2022-03-30T19:56:14
/opt/airflow/dags/xcom_dag.py                             1           0  0.13s           2022-03-30T19:56:11
================================================================================
[2022-03-30 19:56:44,617] {manager.py:1065} INFO - Finding 'running' jobs without a recent heartbeat
[2022-03-30 19:56:44,617] {manager.py:1069} INFO - Failing jobs without heartbeat after 2022-03-30 19:51:44.617881+00:00
[2022-03-30 19:56:54,755] {manager.py:1065} INFO - Finding 'running' jobs without a recent heartbeat
[2022-03-30 19:56:54,756] {manager.py:1069} INFO - Failing jobs without heartbeat after 2022-03-30 19:51:54.756056+00:00
[2022-03-30 19:57:04,796] {manager.py:1065} INFO - Finding 'running' jobs without a recent heartbeat
[2022-03-30 19:57:04,796] {manager.py:1069} INFO - Failing jobs without heartbeat after 2022-03-30 19:52:04.796878+00:00
[2022-03-30 19:57:04,812] {manager.py:784} INFO - 
================================================================================
DAG File Processing Stats

File Path                        PID    Runtime      # DAGs    # Errors  Last Runtime    Last Run
-------------------------------  -----  ---------  --------  ----------  --------------  -------------------
/opt/airflow/dags/ingest_dag.py                           1           0  0.98s           2022-03-30T19:56:39
/opt/airflow/dags/hello_dag.py                            1           0  0.14s           2022-03-30T19:56:44
/opt/airflow/dags/xcom_dag.py                             1           0  0.14s           2022-03-30T19:56:41
================================================================================
[2022-03-30 19:57:14,852] {manager.py:1065} INFO - Finding 'running' jobs without a recent heartbeat
[2022-03-30 19:57:14,852] {manager.py:1069} INFO - Failing jobs without heartbeat after 2022-03-30 19:52:14.852569+00:00
[2022-03-30 19:57:24,899] {manager.py:1065} INFO - Finding 'running' jobs without a recent heartbeat
[2022-03-30 19:57:24,899] {manager.py:1069} INFO - Failing jobs without heartbeat after 2022-03-30 19:52:24.899772+00:00
[2022-03-30 19:57:35,034] {manager.py:1065} INFO - Finding 'running' jobs without a recent heartbeat
[2022-03-30 19:57:35,035] {manager.py:1069} INFO - Failing jobs without heartbeat after 2022-03-30 19:52:35.035221+00:00
[2022-03-30 19:57:35,057] {manager.py:784} INFO - 
================================================================================
DAG File Processing Stats

File Path                        PID    Runtime      # DAGs    # Errors  Last Runtime    Last Run
-------------------------------  -----  ---------  --------  ----------  --------------  -------------------
/opt/airflow/dags/ingest_dag.py                           1           0  1.38s           2022-03-30T19:57:27
/opt/airflow/dags/hello_dag.py                            1           0  0.12s           2022-03-30T19:57:14
/opt/airflow/dags/xcom_dag.py                             1           0  0.15s           2022-03-30T19:57:11
================================================================================
[2022-03-30 19:57:45,085] {manager.py:1065} INFO - Finding 'running' jobs without a recent heartbeat
[2022-03-30 19:57:45,086] {manager.py:1069} INFO - Failing jobs without heartbeat after 2022-03-30 19:52:45.086332+00:00
[2022-03-30 19:57:55,232] {manager.py:1065} INFO - Finding 'running' jobs without a recent heartbeat
[2022-03-30 19:57:55,233] {manager.py:1069} INFO - Failing jobs without heartbeat after 2022-03-30 19:52:55.233017+00:00
[2022-03-30 19:58:03,275] {manager.py:663} INFO - Searching for files in /opt/airflow/dags
[2022-03-30 19:58:03,279] {manager.py:666} INFO - There are 3 files in /opt/airflow/dags
[2022-03-30 19:58:05,301] {manager.py:1065} INFO - Finding 'running' jobs without a recent heartbeat
[2022-03-30 19:58:05,301] {manager.py:1069} INFO - Failing jobs without heartbeat after 2022-03-30 19:53:05.301568+00:00
[2022-03-30 19:58:05,321] {manager.py:784} INFO - 
================================================================================
DAG File Processing Stats

File Path                        PID    Runtime      # DAGs    # Errors  Last Runtime    Last Run
-------------------------------  -----  ---------  --------  ----------  --------------  -------------------
/opt/airflow/dags/ingest_dag.py                           1           0  0.88s           2022-03-30T19:57:41
/opt/airflow/dags/hello_dag.py                            1           0  0.14s           2022-03-30T19:57:45
/opt/airflow/dags/xcom_dag.py                             1           0  0.13s           2022-03-30T19:57:42
================================================================================
[2022-03-30 19:58:15,417] {manager.py:1065} INFO - Finding 'running' jobs without a recent heartbeat
[2022-03-30 19:58:15,426] {manager.py:1069} INFO - Failing jobs without heartbeat after 2022-03-30 19:53:15.426770+00:00
[2022-03-30 19:58:25,900] {manager.py:1065} INFO - Finding 'running' jobs without a recent heartbeat
[2022-03-30 19:58:25,900] {manager.py:1069} INFO - Failing jobs without heartbeat after 2022-03-30 19:53:25.900605+00:00
[2022-03-30 19:58:35,961] {manager.py:1065} INFO - Finding 'running' jobs without a recent heartbeat
[2022-03-30 19:58:35,961] {manager.py:1069} INFO - Failing jobs without heartbeat after 2022-03-30 19:53:35.961808+00:00
[2022-03-30 19:58:36,176] {manager.py:784} INFO - 
================================================================================
DAG File Processing Stats

File Path                        PID    Runtime      # DAGs    # Errors  Last Runtime    Last Run
-------------------------------  -----  ---------  --------  ----------  --------------  -------------------
/opt/airflow/dags/ingest_dag.py                           1           0  3.47s           2022-03-30T19:58:14
/opt/airflow/dags/hello_dag.py                            1           0  0.35s           2022-03-30T19:58:15
/opt/airflow/dags/xcom_dag.py                             1           0  0.48s           2022-03-30T19:58:12
================================================================================
[2022-03-30 19:58:46,236] {manager.py:1065} INFO - Finding 'running' jobs without a recent heartbeat
[2022-03-30 19:58:46,236] {manager.py:1069} INFO - Failing jobs without heartbeat after 2022-03-30 19:53:46.236600+00:00
[2022-03-30 19:58:56,521] {manager.py:1065} INFO - Finding 'running' jobs without a recent heartbeat
[2022-03-30 19:58:56,521] {manager.py:1069} INFO - Failing jobs without heartbeat after 2022-03-30 19:53:56.521914+00:00
[2022-03-30 19:59:06,623] {manager.py:1065} INFO - Finding 'running' jobs without a recent heartbeat
[2022-03-30 19:59:06,623] {manager.py:1069} INFO - Failing jobs without heartbeat after 2022-03-30 19:54:06.623873+00:00
[2022-03-30 19:59:06,689] {manager.py:784} INFO - 
================================================================================
DAG File Processing Stats

File Path                        PID    Runtime      # DAGs    # Errors  Last Runtime    Last Run
-------------------------------  -----  ---------  --------  ----------  --------------  -------------------
/opt/airflow/dags/ingest_dag.py                           1           0  3.63s           2022-03-30T19:58:48
/opt/airflow/dags/hello_dag.py                            1           0  0.45s           2022-03-30T19:58:46
/opt/airflow/dags/xcom_dag.py                             1           0  0.77s           2022-03-30T19:58:43
================================================================================
[2022-03-30 19:59:16,760] {manager.py:1065} INFO - Finding 'running' jobs without a recent heartbeat
[2022-03-30 19:59:16,761] {manager.py:1069} INFO - Failing jobs without heartbeat after 2022-03-30 19:54:16.761454+00:00
[2022-03-30 19:59:26,877] {manager.py:1065} INFO - Finding 'running' jobs without a recent heartbeat
[2022-03-30 19:59:26,878] {manager.py:1069} INFO - Failing jobs without heartbeat after 2022-03-30 19:54:26.878441+00:00
[2022-03-30 19:59:36,963] {manager.py:1065} INFO - Finding 'running' jobs without a recent heartbeat
[2022-03-30 19:59:36,963] {manager.py:1069} INFO - Failing jobs without heartbeat after 2022-03-30 19:54:36.963930+00:00
[2022-03-30 19:59:36,996] {manager.py:784} INFO - 
================================================================================
DAG File Processing Stats

File Path                        PID    Runtime      # DAGs    # Errors  Last Runtime    Last Run
-------------------------------  -----  ---------  --------  ----------  --------------  -------------------
/opt/airflow/dags/ingest_dag.py                           1           0  4.06s           2022-03-30T19:59:22
/opt/airflow/dags/hello_dag.py                            1           0  0.58s           2022-03-30T19:59:17
/opt/airflow/dags/xcom_dag.py                             1           0  1.01s           2022-03-30T19:59:15
================================================================================
[2022-03-30 19:59:47,046] {manager.py:1065} INFO - Finding 'running' jobs without a recent heartbeat
[2022-03-30 19:59:47,047] {manager.py:1069} INFO - Failing jobs without heartbeat after 2022-03-30 19:54:47.047736+00:00
[2022-03-30 19:59:57,563] {manager.py:1065} INFO - Finding 'running' jobs without a recent heartbeat
[2022-03-30 19:59:57,564] {manager.py:1069} INFO - Failing jobs without heartbeat after 2022-03-30 19:54:57.564156+00:00
[2022-03-30 20:00:07,610] {manager.py:1065} INFO - Finding 'running' jobs without a recent heartbeat
[2022-03-30 20:00:07,611] {manager.py:1069} INFO - Failing jobs without heartbeat after 2022-03-30 19:55:07.611178+00:00
[2022-03-30 20:00:07,628] {manager.py:784} INFO - 
================================================================================
DAG File Processing Stats

File Path                        PID    Runtime      # DAGs    # Errors  Last Runtime    Last Run
-------------------------------  -----  ---------  --------  ----------  --------------  -------------------
/opt/airflow/dags/ingest_dag.py                           1           0  1.78s           2022-03-30T19:59:54
/opt/airflow/dags/hello_dag.py                            1           0  0.44s           2022-03-30T19:59:47
/opt/airflow/dags/xcom_dag.py                             1           0  0.42s           2022-03-30T19:59:46
================================================================================
[2022-03-30 20:00:17,769] {manager.py:1065} INFO - Finding 'running' jobs without a recent heartbeat
[2022-03-30 20:00:17,770] {manager.py:1069} INFO - Failing jobs without heartbeat after 2022-03-30 19:55:17.770309+00:00
[2022-03-30 20:00:27,828] {manager.py:1065} INFO - Finding 'running' jobs without a recent heartbeat
[2022-03-30 20:00:27,828] {manager.py:1069} INFO - Failing jobs without heartbeat after 2022-03-30 19:55:27.828658+00:00
[2022-03-30 20:00:37,869] {manager.py:1065} INFO - Finding 'running' jobs without a recent heartbeat
[2022-03-30 20:00:37,870] {manager.py:1069} INFO - Failing jobs without heartbeat after 2022-03-30 19:55:37.870312+00:00
[2022-03-30 20:00:37,886] {manager.py:784} INFO - 
================================================================================
DAG File Processing Stats

File Path                        PID    Runtime      # DAGs    # Errors  Last Runtime    Last Run
-------------------------------  -----  ---------  --------  ----------  --------------  -------------------
/opt/airflow/dags/ingest_dag.py                           1           0  1.05s           2022-03-30T20:00:25
/opt/airflow/dags/hello_dag.py                            1           0  0.15s           2022-03-30T20:00:18
/opt/airflow/dags/xcom_dag.py                             1           0  0.14s           2022-03-30T20:00:16
================================================================================
[2022-03-30 20:00:47,917] {manager.py:1065} INFO - Finding 'running' jobs without a recent heartbeat
[2022-03-30 20:00:47,918] {manager.py:1069} INFO - Failing jobs without heartbeat after 2022-03-30 19:55:47.918249+00:00
[2022-03-30 20:00:58,087] {manager.py:1065} INFO - Finding 'running' jobs without a recent heartbeat
[2022-03-30 20:00:58,088] {manager.py:1069} INFO - Failing jobs without heartbeat after 2022-03-30 19:55:58.088382+00:00
[2022-03-30 20:01:08,128] {manager.py:1065} INFO - Finding 'running' jobs without a recent heartbeat
[2022-03-30 20:01:08,128] {manager.py:1069} INFO - Failing jobs without heartbeat after 2022-03-30 19:56:08.128590+00:00
[2022-03-30 20:01:08,147] {manager.py:784} INFO - 
================================================================================
DAG File Processing Stats

File Path                        PID    Runtime      # DAGs    # Errors  Last Runtime    Last Run
-------------------------------  -----  ---------  --------  ----------  --------------  -------------------
/opt/airflow/dags/ingest_dag.py                           1           0  1.10s           2022-03-30T20:00:57
/opt/airflow/dags/hello_dag.py                            1           0  0.15s           2022-03-30T20:00:49
/opt/airflow/dags/xcom_dag.py                             1           0  0.14s           2022-03-30T20:00:47
================================================================================
[2022-03-30 20:01:18,229] {manager.py:1065} INFO - Finding 'running' jobs without a recent heartbeat
[2022-03-30 20:01:18,230] {manager.py:1069} INFO - Failing jobs without heartbeat after 2022-03-30 19:56:18.230141+00:00
[2022-03-30 20:01:28,393] {manager.py:1065} INFO - Finding 'running' jobs without a recent heartbeat
[2022-03-30 20:01:28,394] {manager.py:1069} INFO - Failing jobs without heartbeat after 2022-03-30 19:56:28.394335+00:00
[2022-03-30 20:01:38,437] {manager.py:1065} INFO - Finding 'running' jobs without a recent heartbeat
[2022-03-30 20:01:38,438] {manager.py:1069} INFO - Failing jobs without heartbeat after 2022-03-30 19:56:38.438238+00:00
[2022-03-30 20:01:38,454] {manager.py:784} INFO - 
================================================================================
DAG File Processing Stats

File Path                        PID    Runtime      # DAGs    # Errors  Last Runtime    Last Run
-------------------------------  -----  ---------  --------  ----------  --------------  -------------------
/opt/airflow/dags/ingest_dag.py                           1           0  1.82s           2022-03-30T20:01:12
/opt/airflow/dags/hello_dag.py                            1           0  0.14s           2022-03-30T20:01:19
/opt/airflow/dags/xcom_dag.py                             1           0  0.15s           2022-03-30T20:01:17
================================================================================
[2022-03-30 20:01:48,497] {manager.py:1065} INFO - Finding 'running' jobs without a recent heartbeat
[2022-03-30 20:01:48,498] {manager.py:1069} INFO - Failing jobs without heartbeat after 2022-03-30 19:56:48.498420+00:00
[2022-03-30 20:01:58,542] {manager.py:1065} INFO - Finding 'running' jobs without a recent heartbeat
[2022-03-30 20:01:58,542] {manager.py:1069} INFO - Failing jobs without heartbeat after 2022-03-30 19:56:58.542808+00:00
[2022-03-30 20:02:08,581] {manager.py:1065} INFO - Finding 'running' jobs without a recent heartbeat
[2022-03-30 20:02:08,582] {manager.py:1069} INFO - Failing jobs without heartbeat after 2022-03-30 19:57:08.582094+00:00
[2022-03-30 20:02:08,613] {manager.py:784} INFO - 
================================================================================
DAG File Processing Stats

File Path                        PID    Runtime      # DAGs    # Errors  Last Runtime    Last Run
-------------------------------  -----  ---------  --------  ----------  --------------  -------------------
/opt/airflow/dags/ingest_dag.py                           1           0  1.01s           2022-03-30T20:01:44
/opt/airflow/dags/hello_dag.py                            1           0  0.14s           2022-03-30T20:01:49
/opt/airflow/dags/xcom_dag.py                             1           0  0.26s           2022-03-30T20:01:47
================================================================================
[2022-03-30 20:02:18,713] {manager.py:1065} INFO - Finding 'running' jobs without a recent heartbeat
[2022-03-30 20:02:18,714] {manager.py:1069} INFO - Failing jobs without heartbeat after 2022-03-30 19:57:18.714107+00:00
[2022-03-30 20:02:28,880] {manager.py:1065} INFO - Finding 'running' jobs without a recent heartbeat
[2022-03-30 20:02:28,880] {manager.py:1069} INFO - Failing jobs without heartbeat after 2022-03-30 19:57:28.880904+00:00
[2022-03-30 20:02:38,924] {manager.py:1065} INFO - Finding 'running' jobs without a recent heartbeat
[2022-03-30 20:02:38,925] {manager.py:1069} INFO - Failing jobs without heartbeat after 2022-03-30 19:57:38.925254+00:00
[2022-03-30 20:02:38,944] {manager.py:784} INFO - 
================================================================================
DAG File Processing Stats

File Path                        PID    Runtime      # DAGs    # Errors  Last Runtime    Last Run
-------------------------------  -----  ---------  --------  ----------  --------------  -------------------
/opt/airflow/dags/ingest_dag.py                           1           0  0.96s           2022-03-30T20:02:15
/opt/airflow/dags/hello_dag.py                            1           0  0.15s           2022-03-30T20:02:19
/opt/airflow/dags/xcom_dag.py                             1           0  0.26s           2022-03-30T20:02:18
================================================================================
[2022-03-30 20:02:48,976] {manager.py:1065} INFO - Finding 'running' jobs without a recent heartbeat
[2022-03-30 20:02:48,977] {manager.py:1069} INFO - Failing jobs without heartbeat after 2022-03-30 19:57:48.977019+00:00
[2022-03-30 20:02:59,212] {manager.py:1065} INFO - Finding 'running' jobs without a recent heartbeat
[2022-03-30 20:02:59,212] {manager.py:1069} INFO - Failing jobs without heartbeat after 2022-03-30 19:57:59.212713+00:00
[2022-03-30 20:03:03,303] {manager.py:663} INFO - Searching for files in /opt/airflow/dags
[2022-03-30 20:03:03,308] {manager.py:666} INFO - There are 3 files in /opt/airflow/dags
[2022-03-30 20:03:09,255] {manager.py:1065} INFO - Finding 'running' jobs without a recent heartbeat
[2022-03-30 20:03:09,256] {manager.py:1069} INFO - Failing jobs without heartbeat after 2022-03-30 19:58:09.256231+00:00
[2022-03-30 20:03:09,273] {manager.py:784} INFO - 
================================================================================
DAG File Processing Stats

File Path                        PID    Runtime      # DAGs    # Errors  Last Runtime    Last Run
-------------------------------  -----  ---------  --------  ----------  --------------  -------------------
/opt/airflow/dags/ingest_dag.py                           1           0  0.94s           2022-03-30T20:02:46
/opt/airflow/dags/hello_dag.py                            1           0  0.29s           2022-03-30T20:02:50
/opt/airflow/dags/xcom_dag.py                             1           0  0.28s           2022-03-30T20:02:49
================================================================================
[2022-03-30 20:03:19,300] {manager.py:1065} INFO - Finding 'running' jobs without a recent heartbeat
[2022-03-30 20:03:19,301] {manager.py:1069} INFO - Failing jobs without heartbeat after 2022-03-30 19:58:19.301354+00:00
[2022-03-30 20:03:29,608] {manager.py:1065} INFO - Finding 'running' jobs without a recent heartbeat
[2022-03-30 20:03:29,608] {manager.py:1069} INFO - Failing jobs without heartbeat after 2022-03-30 19:58:29.608811+00:00
[2022-03-30 20:03:39,646] {manager.py:1065} INFO - Finding 'running' jobs without a recent heartbeat
[2022-03-30 20:03:39,646] {manager.py:1069} INFO - Failing jobs without heartbeat after 2022-03-30 19:58:39.646495+00:00
[2022-03-30 20:03:39,663] {manager.py:784} INFO - 
================================================================================
DAG File Processing Stats

File Path                        PID    Runtime      # DAGs    # Errors  Last Runtime    Last Run
-------------------------------  -----  ---------  --------  ----------  --------------  -------------------
/opt/airflow/dags/ingest_dag.py                           1           0  1.01s           2022-03-30T20:03:18
/opt/airflow/dags/hello_dag.py                            1           0  0.31s           2022-03-30T20:03:20
/opt/airflow/dags/xcom_dag.py                             1           0  0.27s           2022-03-30T20:03:19
================================================================================
[2022-03-30 20:03:44,821] {manager.py:495} INFO - Exiting gracefully upon receiving signal 15
