[2022-04-05 22:56:24,884] {taskinstance.py:1043} INFO - Dependencies all met for <TaskInstance: IngestToGCP.processing_tasks_posts_answers.ingest_posts_answers_to_bucket scheduled__2009-12-01T00:00:00+00:00 [queued]>
[2022-04-05 22:56:25,319] {taskinstance.py:1043} INFO - Dependencies all met for <TaskInstance: IngestToGCP.processing_tasks_posts_answers.ingest_posts_answers_to_bucket scheduled__2009-12-01T00:00:00+00:00 [queued]>
[2022-04-05 22:56:25,319] {taskinstance.py:1249} INFO - 
--------------------------------------------------------------------------------
[2022-04-05 22:56:25,319] {taskinstance.py:1250} INFO - Starting attempt 1 of 1
[2022-04-05 22:56:25,319] {taskinstance.py:1251} INFO - 
--------------------------------------------------------------------------------
[2022-04-05 22:56:25,624] {taskinstance.py:1270} INFO - Executing <Task(PythonOperator): processing_tasks_posts_answers.ingest_posts_answers_to_bucket> on 2009-12-01 00:00:00+00:00
[2022-04-05 22:56:25,731] {standard_task_runner.py:52} INFO - Started process 23720 to run task
[2022-04-05 22:56:25,846] {standard_task_runner.py:79} INFO - Running: ['***', 'tasks', 'run', 'IngestToGCP', 'processing_tasks_posts_answers.ingest_posts_answers_to_bucket', 'scheduled__2009-12-01T00:00:00+00:00', '--job-id', '8755', '--raw', '--subdir', 'DAGS_FOLDER/ingest_dag.py', '--cfg-path', '/tmp/tmpo802qwre', '--error-file', '/tmp/tmpaoo8597w']
[2022-04-05 22:56:25,847] {standard_task_runner.py:80} INFO - Job 8755: Subtask processing_tasks_posts_answers.ingest_posts_answers_to_bucket
[2022-04-05 22:56:26,858] {logging_mixin.py:109} INFO - Running <TaskInstance: IngestToGCP.processing_tasks_posts_answers.ingest_posts_answers_to_bucket scheduled__2009-12-01T00:00:00+00:00 [running]> on host 9fe4286b2855
[2022-04-05 22:56:27,491] {logging_mixin.py:109} WARNING - /home/***/.local/lib/python3.7/site-packages/***/utils/context.py:156 AirflowContextDeprecationWarning: Accessing 'execution_date' from the template is deprecated and will be removed in a future version. Please use 'data_interval_start' or 'logical_date' instead.
[2022-04-05 22:56:27,724] {taskinstance.py:1448} INFO - Exporting the following env vars:
AIRFLOW_CTX_DAG_OWNER=***
AIRFLOW_CTX_DAG_ID=IngestToGCP
AIRFLOW_CTX_TASK_ID=processing_tasks_posts_answers.ingest_posts_answers_to_bucket
AIRFLOW_CTX_EXECUTION_DATE=2009-12-01T00:00:00+00:00
AIRFLOW_CTX_DAG_RUN_ID=scheduled__2009-12-01T00:00:00+00:00
[2022-04-05 22:56:29,911] {python.py:175} INFO - Done. Returned value was: None
[2022-04-05 22:56:29,950] {taskinstance.py:1288} INFO - Marking task as SUCCESS. dag_id=IngestToGCP, task_id=processing_tasks_posts_answers.ingest_posts_answers_to_bucket, execution_date=20091201T000000, start_date=20220405T225624, end_date=20220405T225629
[2022-04-05 22:56:30,597] {local_task_job.py:154} INFO - Task exited with return code 0
[2022-04-05 22:56:32,893] {local_task_job.py:264} INFO - 0 downstream tasks scheduled from follow-on schedule check
