[2022-04-06 00:46:08,771] {taskinstance.py:1043} INFO - Dependencies all met for <TaskInstance: IngestToGCP.processing_tasks_badges.spark_job scheduled__2014-05-01T00:00:00+00:00 [queued]>
[2022-04-06 00:46:09,014] {taskinstance.py:1043} INFO - Dependencies all met for <TaskInstance: IngestToGCP.processing_tasks_badges.spark_job scheduled__2014-05-01T00:00:00+00:00 [queued]>
[2022-04-06 00:46:09,015] {taskinstance.py:1249} INFO - 
--------------------------------------------------------------------------------
[2022-04-06 00:46:09,015] {taskinstance.py:1250} INFO - Starting attempt 1 of 1
[2022-04-06 00:46:09,015] {taskinstance.py:1251} INFO - 
--------------------------------------------------------------------------------
[2022-04-06 00:46:09,351] {taskinstance.py:1270} INFO - Executing <Task(SparkSubmitOperator): processing_tasks_badges.spark_job> on 2014-05-01 00:00:00+00:00
[2022-04-06 00:46:09,476] {standard_task_runner.py:52} INFO - Started process 105026 to run task
[2022-04-06 00:46:09,616] {standard_task_runner.py:79} INFO - Running: ['***', 'tasks', 'run', 'IngestToGCP', 'processing_tasks_badges.spark_job', 'scheduled__2014-05-01T00:00:00+00:00', '--job-id', '10030', '--raw', '--subdir', 'DAGS_FOLDER/ingest_dag.py', '--cfg-path', '/tmp/tmpz25qr0xv', '--error-file', '/tmp/tmp8rspsj9c']
[2022-04-06 00:46:09,617] {standard_task_runner.py:80} INFO - Job 10030: Subtask processing_tasks_badges.spark_job
[2022-04-06 00:46:10,548] {logging_mixin.py:109} INFO - Running <TaskInstance: IngestToGCP.processing_tasks_badges.spark_job scheduled__2014-05-01T00:00:00+00:00 [running]> on host 9fe4286b2855
[2022-04-06 00:46:11,160] {logging_mixin.py:109} WARNING - /home/***/.local/lib/python3.7/site-packages/***/utils/context.py:156 AirflowContextDeprecationWarning: Accessing 'execution_date' from the template is deprecated and will be removed in a future version. Please use 'data_interval_start' or 'logical_date' instead.
[2022-04-06 00:46:11,408] {taskinstance.py:1448} INFO - Exporting the following env vars:
AIRFLOW_CTX_DAG_OWNER=***
AIRFLOW_CTX_DAG_ID=IngestToGCP
AIRFLOW_CTX_TASK_ID=processing_tasks_badges.spark_job
AIRFLOW_CTX_EXECUTION_DATE=2014-05-01T00:00:00+00:00
AIRFLOW_CTX_DAG_RUN_ID=scheduled__2014-05-01T00:00:00+00:00
[2022-04-06 00:46:11,531] {base.py:79} INFO - Using connection to: id: spark_project. Host: spark://spark, Port: 7077, Schema: , Login: , Password: None, extra: {'queue': 'root.default'}
[2022-04-06 00:46:11,534] {spark_submit.py:335} INFO - Spark-Submit cmd: spark-submit --master spark://spark:7077 --conf spark.master=local[*] --name format_schema --verbose --queue root.default ./dags/pyspark_parquet_transformation.py badges 2014-05
[2022-04-06 00:46:35,974] {spark_submit.py:488} INFO - Using properties file: null
[2022-04-06 00:46:37,228] {spark_submit.py:488} INFO - WARNING: An illegal reflective access operation has occurred
[2022-04-06 00:46:37,228] {spark_submit.py:488} INFO - WARNING: Illegal reflective access by org.apache.spark.unsafe.Platform (file:/opt/***/spark/spark-3.2.1-bin-hadoop3.2/jars/spark-unsafe_2.12-3.2.1.jar) to constructor java.nio.DirectByteBuffer(long,int)
[2022-04-06 00:46:37,228] {spark_submit.py:488} INFO - WARNING: Please consider reporting this to the maintainers of org.apache.spark.unsafe.Platform
[2022-04-06 00:46:37,229] {spark_submit.py:488} INFO - WARNING: Use --illegal-access=warn to enable warnings of further illegal reflective access operations
[2022-04-06 00:46:37,229] {spark_submit.py:488} INFO - WARNING: All illegal access operations will be denied in a future release
[2022-04-06 00:46:37,790] {spark_submit.py:488} INFO - Parsed arguments:
[2022-04-06 00:46:37,790] {spark_submit.py:488} INFO - master                  spark://spark:7077
[2022-04-06 00:46:37,790] {spark_submit.py:488} INFO - deployMode              null
[2022-04-06 00:46:37,791] {spark_submit.py:488} INFO - executorMemory          null
[2022-04-06 00:46:37,791] {spark_submit.py:488} INFO - executorCores           null
[2022-04-06 00:46:37,791] {spark_submit.py:488} INFO - totalExecutorCores      null
[2022-04-06 00:46:37,791] {spark_submit.py:488} INFO - propertiesFile          null
[2022-04-06 00:46:37,791] {spark_submit.py:488} INFO - driverMemory            null
[2022-04-06 00:46:37,791] {spark_submit.py:488} INFO - driverCores             null
[2022-04-06 00:46:37,791] {spark_submit.py:488} INFO - driverExtraClassPath    null
[2022-04-06 00:46:37,791] {spark_submit.py:488} INFO - driverExtraLibraryPath  null
[2022-04-06 00:46:37,791] {spark_submit.py:488} INFO - driverExtraJavaOptions  null
[2022-04-06 00:46:37,791] {spark_submit.py:488} INFO - supervise               false
[2022-04-06 00:46:37,791] {spark_submit.py:488} INFO - queue                   root.default
[2022-04-06 00:46:37,791] {spark_submit.py:488} INFO - numExecutors            null
[2022-04-06 00:46:37,791] {spark_submit.py:488} INFO - files                   null
[2022-04-06 00:46:37,791] {spark_submit.py:488} INFO - pyFiles                 null
[2022-04-06 00:46:37,792] {spark_submit.py:488} INFO - archives                null
[2022-04-06 00:46:37,792] {spark_submit.py:488} INFO - mainClass               null
[2022-04-06 00:46:37,792] {spark_submit.py:488} INFO - primaryResource         file:/opt/***/dags/pyspark_parquet_transformation.py
[2022-04-06 00:46:37,792] {spark_submit.py:488} INFO - name                    format_schema
[2022-04-06 00:46:37,792] {spark_submit.py:488} INFO - childArgs               [badges 2014-05]
[2022-04-06 00:46:37,792] {spark_submit.py:488} INFO - jars                    null
[2022-04-06 00:46:37,792] {spark_submit.py:488} INFO - packages                null
[2022-04-06 00:46:37,792] {spark_submit.py:488} INFO - packagesExclusions      null
[2022-04-06 00:46:37,792] {spark_submit.py:488} INFO - repositories            null
[2022-04-06 00:46:37,792] {spark_submit.py:488} INFO - verbose                 true
[2022-04-06 00:46:37,792] {spark_submit.py:488} INFO - 
[2022-04-06 00:46:37,792] {spark_submit.py:488} INFO - Spark properties used, including those specified through
[2022-04-06 00:46:37,792] {spark_submit.py:488} INFO - --conf and those from the properties file null:
[2022-04-06 00:46:37,792] {spark_submit.py:488} INFO - (spark.master,local[*])
[2022-04-06 00:46:37,793] {spark_submit.py:488} INFO - 
[2022-04-06 00:46:37,793] {spark_submit.py:488} INFO - 
[2022-04-06 00:46:40,278] {spark_submit.py:488} INFO - Main class:
[2022-04-06 00:46:40,278] {spark_submit.py:488} INFO - org.apache.spark.deploy.PythonRunner
[2022-04-06 00:46:40,279] {spark_submit.py:488} INFO - Arguments:
[2022-04-06 00:46:40,279] {spark_submit.py:488} INFO - file:/opt/***/dags/pyspark_parquet_transformation.py
[2022-04-06 00:46:40,279] {spark_submit.py:488} INFO - null
[2022-04-06 00:46:40,279] {spark_submit.py:488} INFO - badges
[2022-04-06 00:46:40,279] {spark_submit.py:488} INFO - 2014-05
[2022-04-06 00:46:40,315] {spark_submit.py:488} INFO - Spark config:
[2022-04-06 00:46:40,316] {spark_submit.py:488} INFO - (spark.master,spark://spark:7077)
[2022-04-06 00:46:40,316] {spark_submit.py:488} INFO - (spark.submit.pyFiles,)
[2022-04-06 00:46:40,316] {spark_submit.py:488} INFO - (spark.submit.deployMode,client)
[2022-04-06 00:46:40,316] {spark_submit.py:488} INFO - (spark.app.name,format_schema)
[2022-04-06 00:46:40,317] {spark_submit.py:488} INFO - Classpath elements:
[2022-04-06 00:46:40,317] {spark_submit.py:488} INFO - 
[2022-04-06 00:46:40,318] {spark_submit.py:488} INFO - 
[2022-04-06 00:46:40,318] {spark_submit.py:488} INFO - 
[2022-04-06 00:46:49,681] {spark_submit.py:488} INFO - Using Spark's default log4j profile: org/apache/spark/log4j-defaults.properties
[2022-04-06 00:46:49,830] {spark_submit.py:488} INFO - 22/04/06 00:46:49 INFO SparkContext: Running Spark version 3.2.1
[2022-04-06 00:46:50,822] {spark_submit.py:488} INFO - 22/04/06 00:46:50 WARN NativeCodeLoader: Unable to load native-hadoop library for your platform... using builtin-java classes where applicable
[2022-04-06 00:46:51,770] {spark_submit.py:488} INFO - 22/04/06 00:46:51 INFO ResourceUtils: ==============================================================
[2022-04-06 00:46:51,771] {spark_submit.py:488} INFO - 22/04/06 00:46:51 INFO ResourceUtils: No custom resources configured for spark.driver.
[2022-04-06 00:46:51,771] {spark_submit.py:488} INFO - 22/04/06 00:46:51 INFO ResourceUtils: ==============================================================
[2022-04-06 00:46:51,798] {spark_submit.py:488} INFO - 22/04/06 00:46:51 INFO SparkContext: Submitted application: Modidy Schema
[2022-04-06 00:46:52,055] {spark_submit.py:488} INFO - 22/04/06 00:46:52 INFO ResourceProfile: Default ResourceProfile created, executor resources: Map(cores -> name: cores, amount: 1, script: , vendor: , memory -> name: memory, amount: 1024, script: , vendor: , offHeap -> name: offHeap, amount: 0, script: , vendor: ), task resources: Map(cpus -> name: cpus, amount: 1.0)
[2022-04-06 00:46:52,217] {spark_submit.py:488} INFO - 22/04/06 00:46:52 INFO ResourceProfile: Limiting resource is cpu
[2022-04-06 00:46:52,218] {spark_submit.py:488} INFO - 22/04/06 00:46:52 INFO ResourceProfileManager: Added ResourceProfile id: 0
[2022-04-06 00:46:52,736] {spark_submit.py:488} INFO - 22/04/06 00:46:52 INFO SecurityManager: Changing view acls to: default
[2022-04-06 00:46:52,737] {spark_submit.py:488} INFO - 22/04/06 00:46:52 INFO SecurityManager: Changing modify acls to: default
[2022-04-06 00:46:52,738] {spark_submit.py:488} INFO - 22/04/06 00:46:52 INFO SecurityManager: Changing view acls groups to:
[2022-04-06 00:46:52,738] {spark_submit.py:488} INFO - 22/04/06 00:46:52 INFO SecurityManager: Changing modify acls groups to:
[2022-04-06 00:46:52,739] {spark_submit.py:488} INFO - 22/04/06 00:46:52 INFO SecurityManager: SecurityManager: authentication disabled; ui acls disabled; users  with view permissions: Set(default); groups with view permissions: Set(); users  with modify permissions: Set(default); groups with modify permissions: Set()
[2022-04-06 00:46:55,747] {spark_submit.py:488} INFO - 22/04/06 00:46:55 INFO Utils: Successfully started service 'sparkDriver' on port 45997.
[2022-04-06 00:46:56,034] {spark_submit.py:488} INFO - 22/04/06 00:46:56 INFO SparkEnv: Registering MapOutputTracker
[2022-04-06 00:46:56,337] {spark_submit.py:488} INFO - 22/04/06 00:46:56 INFO SparkEnv: Registering BlockManagerMaster
[2022-04-06 00:46:56,589] {spark_submit.py:488} INFO - 22/04/06 00:46:56 INFO BlockManagerMasterEndpoint: Using org.apache.spark.storage.DefaultTopologyMapper for getting topology information
[2022-04-06 00:46:56,590] {spark_submit.py:488} INFO - 22/04/06 00:46:56 INFO BlockManagerMasterEndpoint: BlockManagerMasterEndpoint up
[2022-04-06 00:46:56,619] {spark_submit.py:488} INFO - 22/04/06 00:46:56 INFO SparkEnv: Registering BlockManagerMasterHeartbeat
[2022-04-06 00:46:56,782] {spark_submit.py:488} INFO - 22/04/06 00:46:56 INFO DiskBlockManager: Created local directory at /tmp/blockmgr-19693e96-1011-49c7-bc33-c436bc3f87b0
[2022-04-06 00:46:56,924] {spark_submit.py:488} INFO - 22/04/06 00:46:56 INFO MemoryStore: MemoryStore started with capacity 434.4 MiB
[2022-04-06 00:46:57,088] {spark_submit.py:488} INFO - 22/04/06 00:46:57 INFO SparkEnv: Registering OutputCommitCoordinator
[2022-04-06 00:46:59,580] {spark_submit.py:488} INFO - 22/04/06 00:46:59 INFO Utils: Successfully started service 'SparkUI' on port 4040.
[2022-04-06 00:47:00,643] {spark_submit.py:488} INFO - 22/04/06 00:47:00 INFO SparkUI: Bound SparkUI to 0.0.0.0, and started at http://9fe4286b2855:4040
[2022-04-06 00:47:03,492] {spark_submit.py:488} INFO - 22/04/06 00:47:03 INFO Executor: Starting executor ID driver on host 9fe4286b2855
[2022-04-06 00:47:03,820] {spark_submit.py:488} INFO - 22/04/06 00:47:03 INFO Utils: Successfully started service 'org.apache.spark.network.netty.NettyBlockTransferService' on port 39117.
[2022-04-06 00:47:03,820] {spark_submit.py:488} INFO - 22/04/06 00:47:03 INFO NettyBlockTransferService: Server created on 9fe4286b2855:39117
[2022-04-06 00:47:03,857] {spark_submit.py:488} INFO - 22/04/06 00:47:03 INFO BlockManager: Using org.apache.spark.storage.RandomBlockReplicationPolicy for block replication policy
[2022-04-06 00:47:03,934] {spark_submit.py:488} INFO - 22/04/06 00:47:03 INFO BlockManagerMaster: Registering BlockManager BlockManagerId(driver, 9fe4286b2855, 39117, None)
[2022-04-06 00:47:04,010] {spark_submit.py:488} INFO - 22/04/06 00:47:04 INFO BlockManagerMasterEndpoint: Registering block manager 9fe4286b2855:39117 with 434.4 MiB RAM, BlockManagerId(driver, 9fe4286b2855, 39117, None)
[2022-04-06 00:47:04,066] {spark_submit.py:488} INFO - 22/04/06 00:47:04 INFO BlockManagerMaster: Registered BlockManager BlockManagerId(driver, 9fe4286b2855, 39117, None)
[2022-04-06 00:47:04,081] {spark_submit.py:488} INFO - 22/04/06 00:47:04 INFO BlockManager: Initialized BlockManager: BlockManagerId(driver, 9fe4286b2855, 39117, None)
[2022-04-06 00:47:17,086] {spark_submit.py:488} INFO - 22/04/06 00:47:17 INFO SharedState: Setting hive.metastore.warehouse.dir ('null') to the value of spark.sql.warehouse.dir.
[2022-04-06 00:47:17,614] {spark_submit.py:488} INFO - 22/04/06 00:47:17 INFO SharedState: Warehouse path is 'file:/opt/***/spark-warehouse'.
[2022-04-06 00:47:39,674] {spark_submit.py:488} INFO - 22/04/06 00:47:39 INFO InMemoryFileIndex: It took 900 ms to list leaf files for 1 paths.
[2022-04-06 00:47:46,439] {spark_submit.py:488} INFO - 22/04/06 00:47:46 INFO SparkContext: Starting job: parquet at NativeMethodAccessorImpl.java:0
[2022-04-06 00:47:46,618] {spark_submit.py:488} INFO - 22/04/06 00:47:46 INFO DAGScheduler: Got job 0 (parquet at NativeMethodAccessorImpl.java:0) with 1 output partitions
[2022-04-06 00:47:46,619] {spark_submit.py:488} INFO - 22/04/06 00:47:46 INFO DAGScheduler: Final stage: ResultStage 0 (parquet at NativeMethodAccessorImpl.java:0)
[2022-04-06 00:47:46,634] {spark_submit.py:488} INFO - 22/04/06 00:47:46 INFO DAGScheduler: Parents of final stage: List()
[2022-04-06 00:47:46,642] {spark_submit.py:488} INFO - 22/04/06 00:47:46 INFO DAGScheduler: Missing parents: List()
[2022-04-06 00:47:46,700] {spark_submit.py:488} INFO - 22/04/06 00:47:46 INFO DAGScheduler: Submitting ResultStage 0 (MapPartitionsRDD[1] at parquet at NativeMethodAccessorImpl.java:0), which has no missing parents
[2022-04-06 00:47:47,796] {spark_submit.py:488} INFO - 22/04/06 00:47:47 INFO MemoryStore: Block broadcast_0 stored as values in memory (estimated size 100.1 KiB, free 434.3 MiB)
[2022-04-06 00:47:48,295] {spark_submit.py:488} INFO - 22/04/06 00:47:48 INFO MemoryStore: Block broadcast_0_piece0 stored as bytes in memory (estimated size 35.7 KiB, free 434.3 MiB)
[2022-04-06 00:47:48,326] {spark_submit.py:488} INFO - 22/04/06 00:47:48 INFO BlockManagerInfo: Added broadcast_0_piece0 in memory on 9fe4286b2855:39117 (size: 35.7 KiB, free: 434.4 MiB)
[2022-04-06 00:47:48,362] {spark_submit.py:488} INFO - 22/04/06 00:47:48 INFO SparkContext: Created broadcast 0 from broadcast at DAGScheduler.scala:1478
[2022-04-06 00:47:48,560] {spark_submit.py:488} INFO - 22/04/06 00:47:48 INFO DAGScheduler: Submitting 1 missing tasks from ResultStage 0 (MapPartitionsRDD[1] at parquet at NativeMethodAccessorImpl.java:0) (first 15 tasks are for partitions Vector(0))
[2022-04-06 00:47:48,571] {spark_submit.py:488} INFO - 22/04/06 00:47:48 INFO TaskSchedulerImpl: Adding task set 0.0 with 1 tasks resource profile 0
[2022-04-06 00:47:49,444] {spark_submit.py:488} INFO - 22/04/06 00:47:49 INFO TaskSetManager: Starting task 0.0 in stage 0.0 (TID 0) (9fe4286b2855, executor driver, partition 0, PROCESS_LOCAL, 4615 bytes) taskResourceAssignments Map()
[2022-04-06 00:47:49,828] {spark_submit.py:488} INFO - 22/04/06 00:47:49 INFO Executor: Running task 0.0 in stage 0.0 (TID 0)
[2022-04-06 00:47:56,389] {spark_submit.py:488} INFO - 22/04/06 00:47:56 INFO Executor: Finished task 0.0 in stage 0.0 (TID 0). 1911 bytes result sent to driver
[2022-04-06 00:47:56,457] {spark_submit.py:488} INFO - 22/04/06 00:47:56 INFO TaskSetManager: Finished task 0.0 in stage 0.0 (TID 0) in 7344 ms on 9fe4286b2855 (executor driver) (1/1)
[2022-04-06 00:47:56,473] {spark_submit.py:488} INFO - 22/04/06 00:47:56 INFO DAGScheduler: ResultStage 0 (parquet at NativeMethodAccessorImpl.java:0) finished in 9.599 s
[2022-04-06 00:47:56,493] {spark_submit.py:488} INFO - 22/04/06 00:47:56 INFO TaskSchedulerImpl: Removed TaskSet 0.0, whose tasks have all completed, from pool
[2022-04-06 00:47:56,530] {spark_submit.py:488} INFO - 22/04/06 00:47:56 INFO DAGScheduler: Job 0 is finished. Cancelling potential speculative or zombie tasks for this job
[2022-04-06 00:47:56,532] {spark_submit.py:488} INFO - 22/04/06 00:47:56 INFO TaskSchedulerImpl: Killing all running tasks in stage 0: Stage finished
[2022-04-06 00:47:56,580] {spark_submit.py:488} INFO - 22/04/06 00:47:56 INFO DAGScheduler: Job 0 finished: parquet at NativeMethodAccessorImpl.java:0, took 10.095967 s
[2022-04-06 00:47:57,166] {spark_submit.py:488} INFO - 22/04/06 00:47:57 INFO BlockManagerInfo: Removed broadcast_0_piece0 on 9fe4286b2855:39117 in memory (size: 35.7 KiB, free: 434.4 MiB)
[2022-04-06 00:48:27,801] {spark_submit.py:488} INFO - 22/04/06 00:48:27 INFO FileSourceStrategy: Pushed Filters:
[2022-04-06 00:48:27,836] {spark_submit.py:488} INFO - 22/04/06 00:48:27 INFO FileSourceStrategy: Post-Scan Filters:
[2022-04-06 00:48:27,859] {spark_submit.py:488} INFO - 22/04/06 00:48:27 INFO FileSourceStrategy: Output Data Schema: struct<id: bigint, name: string, date: string, user_id: bigint, class: bigint ... 5 more fields>
[2022-04-06 00:48:30,459] {spark_submit.py:488} INFO - 22/04/06 00:48:30 INFO ParquetFileFormat: Using default output committer for Parquet: org.apache.parquet.hadoop.ParquetOutputCommitter
[2022-04-06 00:48:31,036] {spark_submit.py:488} INFO - 22/04/06 00:48:31 INFO FileOutputCommitter: File Output Committer Algorithm version is 1
[2022-04-06 00:48:31,036] {spark_submit.py:488} INFO - 22/04/06 00:48:31 INFO FileOutputCommitter: FileOutputCommitter skip cleanup _temporary folders under output directory:false, ignore cleanup failures: false
[2022-04-06 00:48:31,036] {spark_submit.py:488} INFO - 22/04/06 00:48:31 INFO SQLHadoopMapReduceCommitProtocol: Using user defined output committer class org.apache.parquet.hadoop.ParquetOutputCommitter
[2022-04-06 00:48:31,036] {spark_submit.py:488} INFO - 22/04/06 00:48:31 INFO FileOutputCommitter: File Output Committer Algorithm version is 1
[2022-04-06 00:48:31,036] {spark_submit.py:488} INFO - 22/04/06 00:48:31 INFO FileOutputCommitter: FileOutputCommitter skip cleanup _temporary folders under output directory:false, ignore cleanup failures: false
[2022-04-06 00:48:31,059] {spark_submit.py:488} INFO - 22/04/06 00:48:31 INFO SQLHadoopMapReduceCommitProtocol: Using output committer class org.apache.parquet.hadoop.ParquetOutputCommitter
[2022-04-06 00:48:39,754] {spark_submit.py:488} INFO - 22/04/06 00:48:39 INFO CodeGenerator: Code generated in 3596.798485 ms
[2022-04-06 00:48:40,119] {spark_submit.py:488} INFO - 22/04/06 00:48:40 INFO MemoryStore: Block broadcast_1 stored as values in memory (estimated size 192.3 KiB, free 434.2 MiB)
[2022-04-06 00:48:40,405] {spark_submit.py:488} INFO - 22/04/06 00:48:40 INFO MemoryStore: Block broadcast_1_piece0 stored as bytes in memory (estimated size 33.6 KiB, free 434.2 MiB)
[2022-04-06 00:48:40,407] {spark_submit.py:488} INFO - 22/04/06 00:48:40 INFO BlockManagerInfo: Added broadcast_1_piece0 in memory on 9fe4286b2855:39117 (size: 33.6 KiB, free: 434.4 MiB)
[2022-04-06 00:48:40,449] {spark_submit.py:488} INFO - 22/04/06 00:48:40 INFO SparkContext: Created broadcast 1 from save at NativeMethodAccessorImpl.java:0
[2022-04-06 00:48:40,549] {spark_submit.py:488} INFO - 22/04/06 00:48:40 INFO FileSourceScanExec: Planning scan with bin packing, max size: 4194304 bytes, open cost is considered as scanning 4194304 bytes.
[2022-04-06 00:48:41,507] {spark_submit.py:488} INFO - 22/04/06 00:48:41 INFO DAGScheduler: Registering RDD 6 (save at NativeMethodAccessorImpl.java:0) as input to shuffle 0
[2022-04-06 00:48:41,514] {spark_submit.py:488} INFO - 22/04/06 00:48:41 INFO DAGScheduler: Got map stage job 1 (save at NativeMethodAccessorImpl.java:0) with 2 output partitions
[2022-04-06 00:48:41,515] {spark_submit.py:488} INFO - 22/04/06 00:48:41 INFO DAGScheduler: Final stage: ShuffleMapStage 1 (save at NativeMethodAccessorImpl.java:0)
[2022-04-06 00:48:41,515] {spark_submit.py:488} INFO - 22/04/06 00:48:41 INFO DAGScheduler: Parents of final stage: List()
[2022-04-06 00:48:41,545] {spark_submit.py:488} INFO - 22/04/06 00:48:41 INFO DAGScheduler: Missing parents: List()
[2022-04-06 00:48:41,605] {spark_submit.py:488} INFO - 22/04/06 00:48:41 INFO DAGScheduler: Submitting ShuffleMapStage 1 (MapPartitionsRDD[6] at save at NativeMethodAccessorImpl.java:0), which has no missing parents
[2022-04-06 00:48:42,228] {spark_submit.py:488} INFO - 22/04/06 00:48:42 INFO MemoryStore: Block broadcast_2 stored as values in memory (estimated size 20.7 KiB, free 434.2 MiB)
[2022-04-06 00:48:42,359] {spark_submit.py:488} INFO - 22/04/06 00:48:42 INFO MemoryStore: Block broadcast_2_piece0 stored as bytes in memory (estimated size 8.5 KiB, free 434.2 MiB)
[2022-04-06 00:48:42,361] {spark_submit.py:488} INFO - 22/04/06 00:48:42 INFO BlockManagerInfo: Added broadcast_2_piece0 in memory on 9fe4286b2855:39117 (size: 8.5 KiB, free: 434.4 MiB)
[2022-04-06 00:48:42,365] {spark_submit.py:488} INFO - 22/04/06 00:48:42 INFO SparkContext: Created broadcast 2 from broadcast at DAGScheduler.scala:1478
[2022-04-06 00:48:42,397] {spark_submit.py:488} INFO - 22/04/06 00:48:42 INFO DAGScheduler: Submitting 2 missing tasks from ShuffleMapStage 1 (MapPartitionsRDD[6] at save at NativeMethodAccessorImpl.java:0) (first 15 tasks are for partitions Vector(0, 1))
[2022-04-06 00:48:42,397] {spark_submit.py:488} INFO - 22/04/06 00:48:42 INFO TaskSchedulerImpl: Adding task set 1.0 with 2 tasks resource profile 0
[2022-04-06 00:48:42,444] {spark_submit.py:488} INFO - 22/04/06 00:48:42 INFO TaskSetManager: Starting task 0.0 in stage 1.0 (TID 1) (9fe4286b2855, executor driver, partition 0, PROCESS_LOCAL, 4881 bytes) taskResourceAssignments Map()
[2022-04-06 00:48:42,445] {spark_submit.py:488} INFO - 22/04/06 00:48:42 INFO TaskSetManager: Starting task 1.0 in stage 1.0 (TID 2) (9fe4286b2855, executor driver, partition 1, PROCESS_LOCAL, 4881 bytes) taskResourceAssignments Map()
[2022-04-06 00:48:42,447] {spark_submit.py:488} INFO - 22/04/06 00:48:42 INFO Executor: Running task 0.0 in stage 1.0 (TID 1)
[2022-04-06 00:48:42,492] {spark_submit.py:488} INFO - 22/04/06 00:48:42 INFO Executor: Running task 1.0 in stage 1.0 (TID 2)
[2022-04-06 00:48:43,242] {spark_submit.py:488} INFO - 22/04/06 00:48:43 INFO FileScanRDD: Reading File path: gs://dtc_data_lake_de-stack-overflow/parquet/badges-2014-05.parquet, range: 4194304-4348205, partition values: [empty row]
[2022-04-06 00:48:43,281] {spark_submit.py:488} INFO - 22/04/06 00:48:43 INFO FileScanRDD: Reading File path: gs://dtc_data_lake_de-stack-overflow/parquet/badges-2014-05.parquet, range: 0-4194304, partition values: [empty row]
[2022-04-06 00:48:46,714] {spark_submit.py:488} INFO - 22/04/06 00:48:46 INFO Executor: Finished task 1.0 in stage 1.0 (TID 2). 1900 bytes result sent to driver
[2022-04-06 00:48:46,755] {spark_submit.py:488} INFO - 22/04/06 00:48:46 INFO TaskSetManager: Finished task 1.0 in stage 1.0 (TID 2) in 4309 ms on 9fe4286b2855 (executor driver) (1/2)
[2022-04-06 00:48:47,731] {spark_submit.py:488} INFO - 22/04/06 00:48:47 INFO CodecPool: Got brand-new decompressor [.snappy]
[2022-04-06 00:49:11,345] {spark_submit.py:488} INFO - 22/04/06 00:49:11 INFO Executor: Finished task 0.0 in stage 1.0 (TID 1). 2072 bytes result sent to driver
[2022-04-06 00:49:11,382] {spark_submit.py:488} INFO - 22/04/06 00:49:11 INFO TaskSetManager: Finished task 0.0 in stage 1.0 (TID 1) in 28944 ms on 9fe4286b2855 (executor driver) (2/2)
[2022-04-06 00:49:11,390] {spark_submit.py:488} INFO - 22/04/06 00:49:11 INFO TaskSchedulerImpl: Removed TaskSet 1.0, whose tasks have all completed, from pool
[2022-04-06 00:49:11,392] {spark_submit.py:488} INFO - 22/04/06 00:49:11 INFO DAGScheduler: ShuffleMapStage 1 (save at NativeMethodAccessorImpl.java:0) finished in 29.731 s
[2022-04-06 00:49:11,393] {spark_submit.py:488} INFO - 22/04/06 00:49:11 INFO DAGScheduler: looking for newly runnable stages
[2022-04-06 00:49:11,394] {spark_submit.py:488} INFO - 22/04/06 00:49:11 INFO DAGScheduler: running: Set()
[2022-04-06 00:49:11,394] {spark_submit.py:488} INFO - 22/04/06 00:49:11 INFO DAGScheduler: waiting: Set()
[2022-04-06 00:49:11,394] {spark_submit.py:488} INFO - 22/04/06 00:49:11 INFO DAGScheduler: failed: Set()
[2022-04-06 00:49:11,982] {spark_submit.py:488} INFO - 22/04/06 00:49:11 INFO SparkContext: Starting job: save at NativeMethodAccessorImpl.java:0
[2022-04-06 00:49:11,985] {spark_submit.py:488} INFO - 22/04/06 00:49:11 INFO DAGScheduler: Got job 2 (save at NativeMethodAccessorImpl.java:0) with 4 output partitions
[2022-04-06 00:49:11,985] {spark_submit.py:488} INFO - 22/04/06 00:49:11 INFO DAGScheduler: Final stage: ResultStage 3 (save at NativeMethodAccessorImpl.java:0)
[2022-04-06 00:49:11,985] {spark_submit.py:488} INFO - 22/04/06 00:49:11 INFO DAGScheduler: Parents of final stage: List(ShuffleMapStage 2)
[2022-04-06 00:49:11,985] {spark_submit.py:488} INFO - 22/04/06 00:49:11 INFO DAGScheduler: Missing parents: List()
[2022-04-06 00:49:12,069] {spark_submit.py:488} INFO - 22/04/06 00:49:12 INFO DAGScheduler: Submitting ResultStage 3 (ShuffledRowRDD[7] at save at NativeMethodAccessorImpl.java:0), which has no missing parents
[2022-04-06 00:49:12,505] {spark_submit.py:488} INFO - 22/04/06 00:49:12 INFO MemoryStore: Block broadcast_3 stored as values in memory (estimated size 202.3 KiB, free 434.0 MiB)
[2022-04-06 00:49:12,541] {spark_submit.py:488} INFO - 22/04/06 00:49:12 INFO MemoryStore: Block broadcast_3_piece0 stored as bytes in memory (estimated size 72.3 KiB, free 433.9 MiB)
[2022-04-06 00:49:12,542] {spark_submit.py:488} INFO - 22/04/06 00:49:12 INFO BlockManagerInfo: Added broadcast_3_piece0 in memory on 9fe4286b2855:39117 (size: 72.3 KiB, free: 434.3 MiB)
[2022-04-06 00:49:12,549] {spark_submit.py:488} INFO - 22/04/06 00:49:12 INFO SparkContext: Created broadcast 3 from broadcast at DAGScheduler.scala:1478
[2022-04-06 00:49:12,562] {spark_submit.py:488} INFO - 22/04/06 00:49:12 INFO DAGScheduler: Submitting 4 missing tasks from ResultStage 3 (ShuffledRowRDD[7] at save at NativeMethodAccessorImpl.java:0) (first 15 tasks are for partitions Vector(0, 1, 2, 3))
[2022-04-06 00:49:12,562] {spark_submit.py:488} INFO - 22/04/06 00:49:12 INFO TaskSchedulerImpl: Adding task set 3.0 with 4 tasks resource profile 0
[2022-04-06 00:49:12,571] {spark_submit.py:488} INFO - 22/04/06 00:49:12 INFO TaskSetManager: Starting task 0.0 in stage 3.0 (TID 3) (9fe4286b2855, executor driver, partition 0, NODE_LOCAL, 4453 bytes) taskResourceAssignments Map()
[2022-04-06 00:49:12,572] {spark_submit.py:488} INFO - 22/04/06 00:49:12 INFO TaskSetManager: Starting task 1.0 in stage 3.0 (TID 4) (9fe4286b2855, executor driver, partition 1, NODE_LOCAL, 4453 bytes) taskResourceAssignments Map()
[2022-04-06 00:49:12,572] {spark_submit.py:488} INFO - 22/04/06 00:49:12 INFO TaskSetManager: Starting task 2.0 in stage 3.0 (TID 5) (9fe4286b2855, executor driver, partition 2, NODE_LOCAL, 4453 bytes) taskResourceAssignments Map()
[2022-04-06 00:49:12,573] {spark_submit.py:488} INFO - 22/04/06 00:49:12 INFO TaskSetManager: Starting task 3.0 in stage 3.0 (TID 6) (9fe4286b2855, executor driver, partition 3, NODE_LOCAL, 4453 bytes) taskResourceAssignments Map()
[2022-04-06 00:49:12,573] {spark_submit.py:488} INFO - 22/04/06 00:49:12 INFO Executor: Running task 1.0 in stage 3.0 (TID 4)
[2022-04-06 00:49:12,574] {spark_submit.py:488} INFO - 22/04/06 00:49:12 INFO Executor: Running task 0.0 in stage 3.0 (TID 3)
[2022-04-06 00:49:12,645] {spark_submit.py:488} INFO - 22/04/06 00:49:12 INFO Executor: Running task 2.0 in stage 3.0 (TID 5)
[2022-04-06 00:49:12,648] {spark_submit.py:488} INFO - 22/04/06 00:49:12 INFO Executor: Running task 3.0 in stage 3.0 (TID 6)
[2022-04-06 00:49:13,221] {spark_submit.py:488} INFO - 22/04/06 00:49:13 INFO ShuffleBlockFetcherIterator: Getting 1 (2.1 MiB) non-empty blocks including 1 (2.1 MiB) local and 0 (0.0 B) host-local and 0 (0.0 B) push-merged-local and 0 (0.0 B) remote blocks
[2022-04-06 00:49:13,224] {spark_submit.py:488} INFO - 22/04/06 00:49:13 INFO ShuffleBlockFetcherIterator: Started 0 remote fetches in 20 ms
[2022-04-06 00:49:13,268] {spark_submit.py:488} INFO - 22/04/06 00:49:13 INFO ShuffleBlockFetcherIterator: Getting 1 (2.1 MiB) non-empty blocks including 1 (2.1 MiB) local and 0 (0.0 B) host-local and 0 (0.0 B) push-merged-local and 0 (0.0 B) remote blocks
[2022-04-06 00:49:13,270] {spark_submit.py:488} INFO - 22/04/06 00:49:13 INFO ShuffleBlockFetcherIterator: Started 0 remote fetches in 68 ms
[2022-04-06 00:49:13,271] {spark_submit.py:488} INFO - 22/04/06 00:49:13 INFO ShuffleBlockFetcherIterator: Getting 1 (2.1 MiB) non-empty blocks including 1 (2.1 MiB) local and 0 (0.0 B) host-local and 0 (0.0 B) push-merged-local and 0 (0.0 B) remote blocks
[2022-04-06 00:49:13,272] {spark_submit.py:488} INFO - 22/04/06 00:49:13 INFO ShuffleBlockFetcherIterator: Started 0 remote fetches in 66 ms
[2022-04-06 00:49:13,289] {spark_submit.py:488} INFO - 22/04/06 00:49:13 INFO ShuffleBlockFetcherIterator: Getting 1 (2.1 MiB) non-empty blocks including 1 (2.1 MiB) local and 0 (0.0 B) host-local and 0 (0.0 B) push-merged-local and 0 (0.0 B) remote blocks
[2022-04-06 00:49:13,290] {spark_submit.py:488} INFO - 22/04/06 00:49:13 INFO ShuffleBlockFetcherIterator: Started 0 remote fetches in 16 ms
[2022-04-06 00:49:13,329] {spark_submit.py:488} INFO - 22/04/06 00:49:13 INFO FileOutputCommitter: File Output Committer Algorithm version is 1
[2022-04-06 00:49:13,329] {spark_submit.py:488} INFO - 22/04/06 00:49:13 INFO FileOutputCommitter: FileOutputCommitter skip cleanup _temporary folders under output directory:false, ignore cleanup failures: false
[2022-04-06 00:49:13,336] {spark_submit.py:488} INFO - 22/04/06 00:49:13 INFO FileOutputCommitter: File Output Committer Algorithm version is 1
[2022-04-06 00:49:13,337] {spark_submit.py:488} INFO - 22/04/06 00:49:13 INFO FileOutputCommitter: FileOutputCommitter skip cleanup _temporary folders under output directory:false, ignore cleanup failures: false
[2022-04-06 00:49:13,342] {spark_submit.py:488} INFO - 22/04/06 00:49:13 INFO FileOutputCommitter: File Output Committer Algorithm version is 1
[2022-04-06 00:49:13,343] {spark_submit.py:488} INFO - 22/04/06 00:49:13 INFO FileOutputCommitter: FileOutputCommitter skip cleanup _temporary folders under output directory:false, ignore cleanup failures: false
[2022-04-06 00:49:13,347] {spark_submit.py:488} INFO - 22/04/06 00:49:13 INFO SQLHadoopMapReduceCommitProtocol: Using user defined output committer class org.apache.parquet.hadoop.ParquetOutputCommitter
[2022-04-06 00:49:13,347] {spark_submit.py:488} INFO - 22/04/06 00:49:13 INFO FileOutputCommitter: File Output Committer Algorithm version is 1
[2022-04-06 00:49:13,348] {spark_submit.py:488} INFO - 22/04/06 00:49:13 INFO FileOutputCommitter: FileOutputCommitter skip cleanup _temporary folders under output directory:false, ignore cleanup failures: false
[2022-04-06 00:49:13,351] {spark_submit.py:488} INFO - 22/04/06 00:49:13 INFO FileOutputCommitter: File Output Committer Algorithm version is 1
[2022-04-06 00:49:13,351] {spark_submit.py:488} INFO - 22/04/06 00:49:13 INFO FileOutputCommitter: FileOutputCommitter skip cleanup _temporary folders under output directory:false, ignore cleanup failures: false
[2022-04-06 00:49:13,353] {spark_submit.py:488} INFO - 22/04/06 00:49:13 INFO SQLHadoopMapReduceCommitProtocol: Using user defined output committer class org.apache.parquet.hadoop.ParquetOutputCommitter
[2022-04-06 00:49:13,354] {spark_submit.py:488} INFO - 22/04/06 00:49:13 INFO SQLHadoopMapReduceCommitProtocol: Using user defined output committer class org.apache.parquet.hadoop.ParquetOutputCommitter
[2022-04-06 00:49:13,355] {spark_submit.py:488} INFO - 22/04/06 00:49:13 INFO FileOutputCommitter: File Output Committer Algorithm version is 1
[2022-04-06 00:49:13,355] {spark_submit.py:488} INFO - 22/04/06 00:49:13 INFO FileOutputCommitter: FileOutputCommitter skip cleanup _temporary folders under output directory:false, ignore cleanup failures: false
[2022-04-06 00:49:13,355] {spark_submit.py:488} INFO - 22/04/06 00:49:13 INFO SQLHadoopMapReduceCommitProtocol: Using output committer class org.apache.parquet.hadoop.ParquetOutputCommitter
[2022-04-06 00:49:13,360] {spark_submit.py:488} INFO - 22/04/06 00:49:13 INFO SQLHadoopMapReduceCommitProtocol: Using output committer class org.apache.parquet.hadoop.ParquetOutputCommitter
[2022-04-06 00:49:13,366] {spark_submit.py:488} INFO - 22/04/06 00:49:13 INFO FileOutputCommitter: File Output Committer Algorithm version is 1
[2022-04-06 00:49:13,366] {spark_submit.py:488} INFO - 22/04/06 00:49:13 INFO FileOutputCommitter: FileOutputCommitter skip cleanup _temporary folders under output directory:false, ignore cleanup failures: false
[2022-04-06 00:49:13,368] {spark_submit.py:488} INFO - 22/04/06 00:49:13 INFO SQLHadoopMapReduceCommitProtocol: Using output committer class org.apache.parquet.hadoop.ParquetOutputCommitter
[2022-04-06 00:49:13,392] {spark_submit.py:488} INFO - 22/04/06 00:49:13 INFO SQLHadoopMapReduceCommitProtocol: Using user defined output committer class org.apache.parquet.hadoop.ParquetOutputCommitter
[2022-04-06 00:49:13,392] {spark_submit.py:488} INFO - 22/04/06 00:49:13 INFO FileOutputCommitter: File Output Committer Algorithm version is 1
[2022-04-06 00:49:13,393] {spark_submit.py:488} INFO - 22/04/06 00:49:13 INFO FileOutputCommitter: FileOutputCommitter skip cleanup _temporary folders under output directory:false, ignore cleanup failures: false
[2022-04-06 00:49:13,394] {spark_submit.py:488} INFO - 22/04/06 00:49:13 INFO SQLHadoopMapReduceCommitProtocol: Using output committer class org.apache.parquet.hadoop.ParquetOutputCommitter
[2022-04-06 00:49:13,408] {spark_submit.py:488} INFO - 22/04/06 00:49:13 INFO CodecConfig: Compression: SNAPPY
[2022-04-06 00:49:13,457] {spark_submit.py:488} INFO - 22/04/06 00:49:13 INFO CodecConfig: Compression: SNAPPY
[2022-04-06 00:49:13,544] {spark_submit.py:488} INFO - 22/04/06 00:49:13 INFO CodecConfig: Compression: SNAPPY
[2022-04-06 00:49:13,544] {spark_submit.py:488} INFO - 22/04/06 00:49:13 INFO CodecConfig: Compression: SNAPPY
[2022-04-06 00:49:13,548] {spark_submit.py:488} INFO - 22/04/06 00:49:13 INFO CodecConfig: Compression: SNAPPY
[2022-04-06 00:49:13,549] {spark_submit.py:488} INFO - 22/04/06 00:49:13 INFO CodecConfig: Compression: SNAPPY
[2022-04-06 00:49:13,550] {spark_submit.py:488} INFO - 22/04/06 00:49:13 INFO CodecConfig: Compression: SNAPPY
[2022-04-06 00:49:13,550] {spark_submit.py:488} INFO - 22/04/06 00:49:13 INFO CodecConfig: Compression: SNAPPY
[2022-04-06 00:49:13,906] {spark_submit.py:488} INFO - 22/04/06 00:49:13 INFO ParquetOutputFormat: Parquet block size to 134217728
[2022-04-06 00:49:13,906] {spark_submit.py:488} INFO - 22/04/06 00:49:13 INFO ParquetOutputFormat: Validation is off
[2022-04-06 00:49:13,906] {spark_submit.py:488} INFO - 22/04/06 00:49:13 INFO ParquetOutputFormat: Maximum row group padding size is 8388608 bytes
[2022-04-06 00:49:13,906] {spark_submit.py:488} INFO - 22/04/06 00:49:13 INFO ParquetOutputFormat: Parquet properties are:
[2022-04-06 00:49:13,906] {spark_submit.py:488} INFO - Parquet page size to 1048576
[2022-04-06 00:49:13,906] {spark_submit.py:488} INFO - Parquet dictionary page size to 1048576
[2022-04-06 00:49:13,906] {spark_submit.py:488} INFO - Dictionary is true
[2022-04-06 00:49:13,906] {spark_submit.py:488} INFO - Writer version is: PARQUET_1_0
[2022-04-06 00:49:13,906] {spark_submit.py:488} INFO - Page size checking is: estimated
[2022-04-06 00:49:13,906] {spark_submit.py:488} INFO - Min row count for page size check is: 100
[2022-04-06 00:49:13,906] {spark_submit.py:488} INFO - Max row count for page size check is: 10000
[2022-04-06 00:49:13,907] {spark_submit.py:488} INFO - Truncate length for column indexes is: 64
[2022-04-06 00:49:13,907] {spark_submit.py:488} INFO - Truncate length for statistics min/max  is: 2147483647
[2022-04-06 00:49:13,907] {spark_submit.py:488} INFO - Bloom filter enabled: false
[2022-04-06 00:49:13,907] {spark_submit.py:488} INFO - Max Bloom filter size for a column is 1048576
[2022-04-06 00:49:13,907] {spark_submit.py:488} INFO - Bloom filter expected number of distinct values are: null
[2022-04-06 00:49:13,907] {spark_submit.py:488} INFO - Page row count limit to 20000
[2022-04-06 00:49:13,907] {spark_submit.py:488} INFO - Writing page checksums is: on
[2022-04-06 00:49:13,919] {spark_submit.py:488} INFO - 22/04/06 00:49:13 INFO ParquetOutputFormat: Parquet block size to 134217728
[2022-04-06 00:49:13,919] {spark_submit.py:488} INFO - 22/04/06 00:49:13 INFO ParquetOutputFormat: Validation is off
[2022-04-06 00:49:13,919] {spark_submit.py:488} INFO - 22/04/06 00:49:13 INFO ParquetOutputFormat: Maximum row group padding size is 8388608 bytes
[2022-04-06 00:49:13,919] {spark_submit.py:488} INFO - 22/04/06 00:49:13 INFO ParquetOutputFormat: Parquet properties are:
[2022-04-06 00:49:13,919] {spark_submit.py:488} INFO - Parquet page size to 1048576
[2022-04-06 00:49:13,920] {spark_submit.py:488} INFO - Parquet dictionary page size to 1048576
[2022-04-06 00:49:13,920] {spark_submit.py:488} INFO - Dictionary is true
[2022-04-06 00:49:13,920] {spark_submit.py:488} INFO - Writer version is: PARQUET_1_0
[2022-04-06 00:49:13,920] {spark_submit.py:488} INFO - Page size checking is: estimated
[2022-04-06 00:49:13,920] {spark_submit.py:488} INFO - Min row count for page size check is: 100
[2022-04-06 00:49:13,920] {spark_submit.py:488} INFO - Max row count for page size check is: 10000
[2022-04-06 00:49:13,920] {spark_submit.py:488} INFO - Truncate length for column indexes is: 64
[2022-04-06 00:49:13,920] {spark_submit.py:488} INFO - Truncate length for statistics min/max  is: 2147483647
[2022-04-06 00:49:13,920] {spark_submit.py:488} INFO - Bloom filter enabled: false
[2022-04-06 00:49:13,920] {spark_submit.py:488} INFO - Max Bloom filter size for a column is 1048576
[2022-04-06 00:49:13,920] {spark_submit.py:488} INFO - Bloom filter expected number of distinct values are: null
[2022-04-06 00:49:13,920] {spark_submit.py:488} INFO - Page row count limit to 20000
[2022-04-06 00:49:13,920] {spark_submit.py:488} INFO - Writing page checksums is: on
[2022-04-06 00:49:13,924] {spark_submit.py:488} INFO - 22/04/06 00:49:13 INFO ParquetOutputFormat: Parquet block size to 134217728
[2022-04-06 00:49:13,924] {spark_submit.py:488} INFO - 22/04/06 00:49:13 INFO ParquetOutputFormat: Validation is off
[2022-04-06 00:49:13,924] {spark_submit.py:488} INFO - 22/04/06 00:49:13 INFO ParquetOutputFormat: Maximum row group padding size is 8388608 bytes
[2022-04-06 00:49:13,924] {spark_submit.py:488} INFO - 22/04/06 00:49:13 INFO ParquetOutputFormat: Parquet properties are:
[2022-04-06 00:49:13,924] {spark_submit.py:488} INFO - Parquet page size to 1048576
[2022-04-06 00:49:13,924] {spark_submit.py:488} INFO - Parquet dictionary page size to 1048576
[2022-04-06 00:49:13,924] {spark_submit.py:488} INFO - Dictionary is true
[2022-04-06 00:49:13,924] {spark_submit.py:488} INFO - Writer version is: PARQUET_1_0
[2022-04-06 00:49:13,925] {spark_submit.py:488} INFO - Page size checking is: estimated
[2022-04-06 00:49:13,925] {spark_submit.py:488} INFO - Min row count for page size check is: 100
[2022-04-06 00:49:13,925] {spark_submit.py:488} INFO - Max row count for page size check is: 10000
[2022-04-06 00:49:13,925] {spark_submit.py:488} INFO - Truncate length for column indexes is: 64
[2022-04-06 00:49:13,925] {spark_submit.py:488} INFO - Truncate length for statistics min/max  is: 2147483647
[2022-04-06 00:49:13,925] {spark_submit.py:488} INFO - Bloom filter enabled: false
[2022-04-06 00:49:13,925] {spark_submit.py:488} INFO - Max Bloom filter size for a column is 1048576
[2022-04-06 00:49:13,925] {spark_submit.py:488} INFO - Bloom filter expected number of distinct values are: null
[2022-04-06 00:49:13,925] {spark_submit.py:488} INFO - Page row count limit to 20000
[2022-04-06 00:49:13,925] {spark_submit.py:488} INFO - Writing page checksums is: on
[2022-04-06 00:49:13,996] {spark_submit.py:488} INFO - 22/04/06 00:49:13 INFO ParquetOutputFormat: Parquet block size to 134217728
[2022-04-06 00:49:13,996] {spark_submit.py:488} INFO - 22/04/06 00:49:13 INFO ParquetOutputFormat: Validation is off
[2022-04-06 00:49:13,996] {spark_submit.py:488} INFO - 22/04/06 00:49:13 INFO ParquetOutputFormat: Maximum row group padding size is 8388608 bytes
[2022-04-06 00:49:13,997] {spark_submit.py:488} INFO - 22/04/06 00:49:13 INFO ParquetOutputFormat: Parquet properties are:
[2022-04-06 00:49:13,997] {spark_submit.py:488} INFO - Parquet page size to 1048576
[2022-04-06 00:49:13,997] {spark_submit.py:488} INFO - Parquet dictionary page size to 1048576
[2022-04-06 00:49:13,997] {spark_submit.py:488} INFO - Dictionary is true
[2022-04-06 00:49:13,997] {spark_submit.py:488} INFO - Writer version is: PARQUET_1_0
[2022-04-06 00:49:13,997] {spark_submit.py:488} INFO - Page size checking is: estimated
[2022-04-06 00:49:13,997] {spark_submit.py:488} INFO - Min row count for page size check is: 100
[2022-04-06 00:49:13,997] {spark_submit.py:488} INFO - Max row count for page size check is: 10000
[2022-04-06 00:49:13,997] {spark_submit.py:488} INFO - Truncate length for column indexes is: 64
[2022-04-06 00:49:13,997] {spark_submit.py:488} INFO - Truncate length for statistics min/max  is: 2147483647
[2022-04-06 00:49:13,997] {spark_submit.py:488} INFO - Bloom filter enabled: false
[2022-04-06 00:49:13,997] {spark_submit.py:488} INFO - Max Bloom filter size for a column is 1048576
[2022-04-06 00:49:13,997] {spark_submit.py:488} INFO - Bloom filter expected number of distinct values are: null
[2022-04-06 00:49:13,997] {spark_submit.py:488} INFO - Page row count limit to 20000
[2022-04-06 00:49:13,998] {spark_submit.py:488} INFO - Writing page checksums is: on
[2022-04-06 00:49:14,004] {spark_submit.py:488} INFO - 22/04/06 00:49:14 INFO ParquetWriteSupport: Initialized Parquet WriteSupport with Catalyst schema:
[2022-04-06 00:49:14,004] {spark_submit.py:488} INFO - {
[2022-04-06 00:49:14,004] {spark_submit.py:488} INFO - "type" : "struct",
[2022-04-06 00:49:14,004] {spark_submit.py:488} INFO - "fields" : [ {
[2022-04-06 00:49:14,004] {spark_submit.py:488} INFO - "name" : "id",
[2022-04-06 00:49:14,004] {spark_submit.py:488} INFO - "type" : "integer",
[2022-04-06 00:49:14,004] {spark_submit.py:488} INFO - "nullable" : true,
[2022-04-06 00:49:14,011] {spark_submit.py:488} INFO - "metadata" : { }
[2022-04-06 00:49:14,011] {spark_submit.py:488} INFO - }, {
[2022-04-06 00:49:14,012] {spark_submit.py:488} INFO - "name" : "name",
[2022-04-06 00:49:14,012] {spark_submit.py:488} INFO - "type" : "string",
[2022-04-06 00:49:14,012] {spark_submit.py:488} INFO - "nullable" : true,
[2022-04-06 00:49:14,012] {spark_submit.py:488} INFO - "metadata" : { }
[2022-04-06 00:49:14,012] {spark_submit.py:488} INFO - }, {
[2022-04-06 00:49:14,012] {spark_submit.py:488} INFO - "name" : "date",
[2022-04-06 00:49:14,012] {spark_submit.py:488} INFO - "type" : "timestamp",
[2022-04-06 00:49:14,012] {spark_submit.py:488} INFO - "nullable" : true,
[2022-04-06 00:49:14,012] {spark_submit.py:488} INFO - "metadata" : { }
[2022-04-06 00:49:14,012] {spark_submit.py:488} INFO - }, {
[2022-04-06 00:49:14,012] {spark_submit.py:488} INFO - "name" : "user_id",
[2022-04-06 00:49:14,012] {spark_submit.py:488} INFO - "type" : "integer",
[2022-04-06 00:49:14,013] {spark_submit.py:488} INFO - "nullable" : true,
[2022-04-06 00:49:14,013] {spark_submit.py:488} INFO - "metadata" : { }
[2022-04-06 00:49:14,013] {spark_submit.py:488} INFO - }, {
[2022-04-06 00:49:14,013] {spark_submit.py:488} INFO - "name" : "class",
[2022-04-06 00:49:14,013] {spark_submit.py:488} INFO - "type" : "integer",
[2022-04-06 00:49:14,013] {spark_submit.py:488} INFO - "nullable" : true,
[2022-04-06 00:49:14,013] {spark_submit.py:488} INFO - "metadata" : { }
[2022-04-06 00:49:14,013] {spark_submit.py:488} INFO - }, {
[2022-04-06 00:49:14,013] {spark_submit.py:488} INFO - "name" : "tag_based",
[2022-04-06 00:49:14,013] {spark_submit.py:488} INFO - "type" : "boolean",
[2022-04-06 00:49:14,013] {spark_submit.py:488} INFO - "nullable" : true,
[2022-04-06 00:49:14,013] {spark_submit.py:488} INFO - "metadata" : { }
[2022-04-06 00:49:14,013] {spark_submit.py:488} INFO - }, {
[2022-04-06 00:49:14,013] {spark_submit.py:488} INFO - "name" : "group_by_date",
[2022-04-06 00:49:14,013] {spark_submit.py:488} INFO - "type" : "timestamp",
[2022-04-06 00:49:14,014] {spark_submit.py:488} INFO - "nullable" : true,
[2022-04-06 00:49:14,014] {spark_submit.py:488} INFO - "metadata" : { }
[2022-04-06 00:49:14,014] {spark_submit.py:488} INFO - } ]
[2022-04-06 00:49:14,014] {spark_submit.py:488} INFO - }
[2022-04-06 00:49:14,014] {spark_submit.py:488} INFO - and corresponding Parquet message type:
[2022-04-06 00:49:14,014] {spark_submit.py:488} INFO - message spark_schema {
[2022-04-06 00:49:14,014] {spark_submit.py:488} INFO - optional int32 id;
[2022-04-06 00:49:14,014] {spark_submit.py:488} INFO - optional binary name (STRING);
[2022-04-06 00:49:14,014] {spark_submit.py:488} INFO - optional int96 date;
[2022-04-06 00:49:14,014] {spark_submit.py:488} INFO - optional int32 user_id;
[2022-04-06 00:49:14,014] {spark_submit.py:488} INFO - optional int32 class;
[2022-04-06 00:49:14,014] {spark_submit.py:488} INFO - optional boolean tag_based;
[2022-04-06 00:49:14,014] {spark_submit.py:488} INFO - optional int96 group_by_date;
[2022-04-06 00:49:14,014] {spark_submit.py:488} INFO - }
[2022-04-06 00:49:14,015] {spark_submit.py:488} INFO - 
[2022-04-06 00:49:14,015] {spark_submit.py:488} INFO - 
[2022-04-06 00:49:14,044] {spark_submit.py:488} INFO - 22/04/06 00:49:14 INFO ParquetWriteSupport: Initialized Parquet WriteSupport with Catalyst schema:
[2022-04-06 00:49:14,045] {spark_submit.py:488} INFO - {
[2022-04-06 00:49:14,045] {spark_submit.py:488} INFO - "type" : "struct",
[2022-04-06 00:49:14,045] {spark_submit.py:488} INFO - "fields" : [ {
[2022-04-06 00:49:14,045] {spark_submit.py:488} INFO - "name" : "id",
[2022-04-06 00:49:14,045] {spark_submit.py:488} INFO - "type" : "integer",
[2022-04-06 00:49:14,045] {spark_submit.py:488} INFO - "nullable" : true,
[2022-04-06 00:49:14,045] {spark_submit.py:488} INFO - "metadata" : { }
[2022-04-06 00:49:14,045] {spark_submit.py:488} INFO - }, {
[2022-04-06 00:49:14,045] {spark_submit.py:488} INFO - "name" : "name",
[2022-04-06 00:49:14,045] {spark_submit.py:488} INFO - "type" : "string",
[2022-04-06 00:49:14,045] {spark_submit.py:488} INFO - "nullable" : true,
[2022-04-06 00:49:14,045] {spark_submit.py:488} INFO - "metadata" : { }
[2022-04-06 00:49:14,045] {spark_submit.py:488} INFO - }, {
[2022-04-06 00:49:14,046] {spark_submit.py:488} INFO - "name" : "date",
[2022-04-06 00:49:14,046] {spark_submit.py:488} INFO - "type" : "timestamp",
[2022-04-06 00:49:14,046] {spark_submit.py:488} INFO - "nullable" : true,
[2022-04-06 00:49:14,046] {spark_submit.py:488} INFO - "metadata" : { }
[2022-04-06 00:49:14,046] {spark_submit.py:488} INFO - }, {
[2022-04-06 00:49:14,046] {spark_submit.py:488} INFO - "name" : "user_id",
[2022-04-06 00:49:14,046] {spark_submit.py:488} INFO - "type" : "integer",
[2022-04-06 00:49:14,046] {spark_submit.py:488} INFO - "nullable" : true,
[2022-04-06 00:49:14,046] {spark_submit.py:488} INFO - "metadata" : { }
[2022-04-06 00:49:14,046] {spark_submit.py:488} INFO - }, {
[2022-04-06 00:49:14,046] {spark_submit.py:488} INFO - "name" : "class",
[2022-04-06 00:49:14,046] {spark_submit.py:488} INFO - "type" : "integer",
[2022-04-06 00:49:14,046] {spark_submit.py:488} INFO - "nullable" : true,
[2022-04-06 00:49:14,046] {spark_submit.py:488} INFO - "metadata" : { }
[2022-04-06 00:49:14,046] {spark_submit.py:488} INFO - }, {
[2022-04-06 00:49:14,047] {spark_submit.py:488} INFO - "name" : "tag_based",
[2022-04-06 00:49:14,047] {spark_submit.py:488} INFO - "type" : "boolean",
[2022-04-06 00:49:14,047] {spark_submit.py:488} INFO - "nullable" : true,
[2022-04-06 00:49:14,047] {spark_submit.py:488} INFO - "metadata" : { }
[2022-04-06 00:49:14,047] {spark_submit.py:488} INFO - }, {
[2022-04-06 00:49:14,047] {spark_submit.py:488} INFO - "name" : "group_by_date",
[2022-04-06 00:49:14,047] {spark_submit.py:488} INFO - "type" : "timestamp",
[2022-04-06 00:49:14,047] {spark_submit.py:488} INFO - "nullable" : true,
[2022-04-06 00:49:14,047] {spark_submit.py:488} INFO - "metadata" : { }
[2022-04-06 00:49:14,047] {spark_submit.py:488} INFO - } ]
[2022-04-06 00:49:14,047] {spark_submit.py:488} INFO - }
[2022-04-06 00:49:14,047] {spark_submit.py:488} INFO - and corresponding Parquet message type:
[2022-04-06 00:49:14,047] {spark_submit.py:488} INFO - message spark_schema {
[2022-04-06 00:49:14,048] {spark_submit.py:488} INFO - optional int32 id;
[2022-04-06 00:49:14,048] {spark_submit.py:488} INFO - optional binary name (STRING);
[2022-04-06 00:49:14,048] {spark_submit.py:488} INFO - optional int96 date;
[2022-04-06 00:49:14,048] {spark_submit.py:488} INFO - optional int32 user_id;
[2022-04-06 00:49:14,048] {spark_submit.py:488} INFO - optional int32 class;
[2022-04-06 00:49:14,048] {spark_submit.py:488} INFO - optional boolean tag_based;
[2022-04-06 00:49:14,048] {spark_submit.py:488} INFO - optional int96 group_by_date;
[2022-04-06 00:49:14,048] {spark_submit.py:488} INFO - }
[2022-04-06 00:49:14,048] {spark_submit.py:488} INFO - 
[2022-04-06 00:49:14,048] {spark_submit.py:488} INFO - 
[2022-04-06 00:49:14,076] {spark_submit.py:488} INFO - 22/04/06 00:49:14 INFO ParquetWriteSupport: Initialized Parquet WriteSupport with Catalyst schema:
[2022-04-06 00:49:14,076] {spark_submit.py:488} INFO - {
[2022-04-06 00:49:14,076] {spark_submit.py:488} INFO - "type" : "struct",
[2022-04-06 00:49:14,077] {spark_submit.py:488} INFO - "fields" : [ {
[2022-04-06 00:49:14,077] {spark_submit.py:488} INFO - "name" : "id",
[2022-04-06 00:49:14,077] {spark_submit.py:488} INFO - "type" : "integer",
[2022-04-06 00:49:14,077] {spark_submit.py:488} INFO - "nullable" : true,
[2022-04-06 00:49:14,077] {spark_submit.py:488} INFO - "metadata" : { }
[2022-04-06 00:49:14,077] {spark_submit.py:488} INFO - }, {
[2022-04-06 00:49:14,077] {spark_submit.py:488} INFO - "name" : "name",
[2022-04-06 00:49:14,077] {spark_submit.py:488} INFO - "type" : "string",
[2022-04-06 00:49:14,077] {spark_submit.py:488} INFO - "nullable" : true,
[2022-04-06 00:49:14,077] {spark_submit.py:488} INFO - "metadata" : { }
[2022-04-06 00:49:14,077] {spark_submit.py:488} INFO - }, {
[2022-04-06 00:49:14,077] {spark_submit.py:488} INFO - "name" : "date",
[2022-04-06 00:49:14,078] {spark_submit.py:488} INFO - "type" : "timestamp",
[2022-04-06 00:49:14,078] {spark_submit.py:488} INFO - "nullable" : true,
[2022-04-06 00:49:14,078] {spark_submit.py:488} INFO - "metadata" : { }
[2022-04-06 00:49:14,078] {spark_submit.py:488} INFO - }, {
[2022-04-06 00:49:14,078] {spark_submit.py:488} INFO - "name" : "user_id",
[2022-04-06 00:49:14,078] {spark_submit.py:488} INFO - "type" : "integer",
[2022-04-06 00:49:14,078] {spark_submit.py:488} INFO - "nullable" : true,
[2022-04-06 00:49:14,078] {spark_submit.py:488} INFO - "metadata" : { }
[2022-04-06 00:49:14,078] {spark_submit.py:488} INFO - }, {
[2022-04-06 00:49:14,078] {spark_submit.py:488} INFO - "name" : "class",
[2022-04-06 00:49:14,078] {spark_submit.py:488} INFO - "type" : "integer",
[2022-04-06 00:49:14,078] {spark_submit.py:488} INFO - "nullable" : true,
[2022-04-06 00:49:14,078] {spark_submit.py:488} INFO - "metadata" : { }
[2022-04-06 00:49:14,078] {spark_submit.py:488} INFO - }, {
[2022-04-06 00:49:14,079] {spark_submit.py:488} INFO - "name" : "tag_based",
[2022-04-06 00:49:14,079] {spark_submit.py:488} INFO - "type" : "boolean",
[2022-04-06 00:49:14,079] {spark_submit.py:488} INFO - "nullable" : true,
[2022-04-06 00:49:14,079] {spark_submit.py:488} INFO - "metadata" : { }
[2022-04-06 00:49:14,079] {spark_submit.py:488} INFO - }, {
[2022-04-06 00:49:14,079] {spark_submit.py:488} INFO - "name" : "group_by_date",
[2022-04-06 00:49:14,079] {spark_submit.py:488} INFO - "type" : "timestamp",
[2022-04-06 00:49:14,079] {spark_submit.py:488} INFO - "nullable" : true,
[2022-04-06 00:49:14,079] {spark_submit.py:488} INFO - "metadata" : { }
[2022-04-06 00:49:14,079] {spark_submit.py:488} INFO - } ]
[2022-04-06 00:49:14,079] {spark_submit.py:488} INFO - }
[2022-04-06 00:49:14,079] {spark_submit.py:488} INFO - and corresponding Parquet message type:
[2022-04-06 00:49:14,079] {spark_submit.py:488} INFO - message spark_schema {
[2022-04-06 00:49:14,083] {spark_submit.py:488} INFO - optional int32 id;
[2022-04-06 00:49:14,083] {spark_submit.py:488} INFO - optional binary name (STRING);
[2022-04-06 00:49:14,083] {spark_submit.py:488} INFO - optional int96 date;
[2022-04-06 00:49:14,083] {spark_submit.py:488} INFO - optional int32 user_id;
[2022-04-06 00:49:14,083] {spark_submit.py:488} INFO - optional int32 class;
[2022-04-06 00:49:14,083] {spark_submit.py:488} INFO - optional boolean tag_based;
[2022-04-06 00:49:14,083] {spark_submit.py:488} INFO - optional int96 group_by_date;
[2022-04-06 00:49:14,083] {spark_submit.py:488} INFO - }
[2022-04-06 00:49:14,083] {spark_submit.py:488} INFO - 
[2022-04-06 00:49:14,083] {spark_submit.py:488} INFO - 
[2022-04-06 00:49:14,096] {spark_submit.py:488} INFO - 22/04/06 00:49:14 INFO ParquetWriteSupport: Initialized Parquet WriteSupport with Catalyst schema:
[2022-04-06 00:49:14,096] {spark_submit.py:488} INFO - {
[2022-04-06 00:49:14,096] {spark_submit.py:488} INFO - "type" : "struct",
[2022-04-06 00:49:14,096] {spark_submit.py:488} INFO - "fields" : [ {
[2022-04-06 00:49:14,096] {spark_submit.py:488} INFO - "name" : "id",
[2022-04-06 00:49:14,096] {spark_submit.py:488} INFO - "type" : "integer",
[2022-04-06 00:49:14,097] {spark_submit.py:488} INFO - "nullable" : true,
[2022-04-06 00:49:14,097] {spark_submit.py:488} INFO - "metadata" : { }
[2022-04-06 00:49:14,097] {spark_submit.py:488} INFO - }, {
[2022-04-06 00:49:14,098] {spark_submit.py:488} INFO - "name" : "name",
[2022-04-06 00:49:14,098] {spark_submit.py:488} INFO - "type" : "string",
[2022-04-06 00:49:14,098] {spark_submit.py:488} INFO - "nullable" : true,
[2022-04-06 00:49:14,098] {spark_submit.py:488} INFO - "metadata" : { }
[2022-04-06 00:49:14,098] {spark_submit.py:488} INFO - }, {
[2022-04-06 00:49:14,098] {spark_submit.py:488} INFO - "name" : "date",
[2022-04-06 00:49:14,098] {spark_submit.py:488} INFO - "type" : "timestamp",
[2022-04-06 00:49:14,098] {spark_submit.py:488} INFO - "nullable" : true,
[2022-04-06 00:49:14,098] {spark_submit.py:488} INFO - "metadata" : { }
[2022-04-06 00:49:14,098] {spark_submit.py:488} INFO - }, {
[2022-04-06 00:49:14,099] {spark_submit.py:488} INFO - "name" : "user_id",
[2022-04-06 00:49:14,099] {spark_submit.py:488} INFO - "type" : "integer",
[2022-04-06 00:49:14,099] {spark_submit.py:488} INFO - "nullable" : true,
[2022-04-06 00:49:14,099] {spark_submit.py:488} INFO - "metadata" : { }
[2022-04-06 00:49:14,099] {spark_submit.py:488} INFO - }, {
[2022-04-06 00:49:14,099] {spark_submit.py:488} INFO - "name" : "class",
[2022-04-06 00:49:14,099] {spark_submit.py:488} INFO - "type" : "integer",
[2022-04-06 00:49:14,099] {spark_submit.py:488} INFO - "nullable" : true,
[2022-04-06 00:49:14,099] {spark_submit.py:488} INFO - "metadata" : { }
[2022-04-06 00:49:14,099] {spark_submit.py:488} INFO - }, {
[2022-04-06 00:49:14,099] {spark_submit.py:488} INFO - "name" : "tag_based",
[2022-04-06 00:49:14,099] {spark_submit.py:488} INFO - "type" : "boolean",
[2022-04-06 00:49:14,099] {spark_submit.py:488} INFO - "nullable" : true,
[2022-04-06 00:49:14,099] {spark_submit.py:488} INFO - "metadata" : { }
[2022-04-06 00:49:14,113] {spark_submit.py:488} INFO - }, {
[2022-04-06 00:49:14,113] {spark_submit.py:488} INFO - "name" : "group_by_date",
[2022-04-06 00:49:14,113] {spark_submit.py:488} INFO - "type" : "timestamp",
[2022-04-06 00:49:14,113] {spark_submit.py:488} INFO - "nullable" : true,
[2022-04-06 00:49:14,113] {spark_submit.py:488} INFO - "metadata" : { }
[2022-04-06 00:49:14,113] {spark_submit.py:488} INFO - } ]
[2022-04-06 00:49:14,113] {spark_submit.py:488} INFO - }
[2022-04-06 00:49:14,113] {spark_submit.py:488} INFO - and corresponding Parquet message type:
[2022-04-06 00:49:14,114] {spark_submit.py:488} INFO - message spark_schema {
[2022-04-06 00:49:14,114] {spark_submit.py:488} INFO - optional int32 id;
[2022-04-06 00:49:14,114] {spark_submit.py:488} INFO - optional binary name (STRING);
[2022-04-06 00:49:14,114] {spark_submit.py:488} INFO - optional int96 date;
[2022-04-06 00:49:14,114] {spark_submit.py:488} INFO - optional int32 user_id;
[2022-04-06 00:49:14,114] {spark_submit.py:488} INFO - optional int32 class;
[2022-04-06 00:49:14,114] {spark_submit.py:488} INFO - optional boolean tag_based;
[2022-04-06 00:49:14,114] {spark_submit.py:488} INFO - optional int96 group_by_date;
[2022-04-06 00:49:14,114] {spark_submit.py:488} INFO - }
[2022-04-06 00:49:14,114] {spark_submit.py:488} INFO - 
[2022-04-06 00:49:14,114] {spark_submit.py:488} INFO - 
[2022-04-06 00:49:15,968] {spark_submit.py:488} INFO - 22/04/06 00:49:15 INFO BlockManagerInfo: Removed broadcast_2_piece0 on 9fe4286b2855:39117 in memory (size: 8.5 KiB, free: 434.3 MiB)
[2022-04-06 00:49:16,029] {spark_submit.py:488} INFO - 22/04/06 00:49:15 INFO CodecPool: Got brand-new compressor [.snappy]
[2022-04-06 00:49:16,481] {spark_submit.py:488} INFO - 22/04/06 00:49:16 INFO CodecPool: Got brand-new compressor [.snappy]
[2022-04-06 00:49:16,501] {spark_submit.py:488} INFO - 22/04/06 00:49:16 INFO CodecPool: Got brand-new compressor [.snappy]
[2022-04-06 00:49:16,505] {spark_submit.py:488} INFO - 22/04/06 00:49:16 INFO CodecPool: Got brand-new compressor [.snappy]
[2022-04-06 00:49:30,175] {spark_submit.py:488} INFO - 22/04/06 00:49:30 INFO GoogleCloudStorageImpl: Ignoring exception of type GoogleJsonResponseException; verified object already exists with desired state.
[2022-04-06 00:49:30,176] {spark_submit.py:488} INFO - 22/04/06 00:49:30 INFO GoogleCloudStorageFileSystem: Successfully repaired 'gs://dtc_data_lake_de-stack-overflow/BigQuery/badges-2014-05/_temporary/0/_temporary/' directory.
[2022-04-06 00:49:30,176] {spark_submit.py:488} INFO - 22/04/06 00:49:30 INFO FileOutputCommitter: Saved output of task 'attempt_202204060049112761317082946310123_0003_m_000002_5' to gs://dtc_data_lake_de-stack-overflow/BigQuery/badges-2014-05/_temporary/0/task_202204060049112761317082946310123_0003_m_000002
[2022-04-06 00:49:30,176] {spark_submit.py:488} INFO - 22/04/06 00:49:30 INFO SparkHadoopMapRedUtil: attempt_202204060049112761317082946310123_0003_m_000002_5: Committed
[2022-04-06 00:49:30,208] {spark_submit.py:488} INFO - 22/04/06 00:49:30 INFO GoogleCloudStorageImpl: Ignoring exception of type GoogleJsonResponseException; verified object already exists with desired state.
[2022-04-06 00:49:30,212] {spark_submit.py:488} INFO - 22/04/06 00:49:30 INFO GoogleCloudStorageFileSystem: Successfully repaired 'gs://dtc_data_lake_de-stack-overflow/BigQuery/badges-2014-05/_temporary/0/_temporary/' directory.
[2022-04-06 00:49:30,212] {spark_submit.py:488} INFO - 22/04/06 00:49:30 INFO FileOutputCommitter: Saved output of task 'attempt_202204060049116010075903285212529_0003_m_000000_3' to gs://dtc_data_lake_de-stack-overflow/BigQuery/badges-2014-05/_temporary/0/task_202204060049116010075903285212529_0003_m_000000
[2022-04-06 00:49:30,220] {spark_submit.py:488} INFO - 22/04/06 00:49:30 INFO GoogleCloudStorageFileSystem: Successfully repaired 'gs://dtc_data_lake_de-stack-overflow/BigQuery/badges-2014-05/_temporary/0/_temporary/' directory.
[2022-04-06 00:49:30,220] {spark_submit.py:488} INFO - 22/04/06 00:49:30 INFO FileOutputCommitter: Saved output of task 'attempt_202204060049118252699668545821172_0003_m_000003_6' to gs://dtc_data_lake_de-stack-overflow/BigQuery/badges-2014-05/_temporary/0/task_202204060049118252699668545821172_0003_m_000003
[2022-04-06 00:49:30,220] {spark_submit.py:488} INFO - 22/04/06 00:49:30 INFO SparkHadoopMapRedUtil: attempt_202204060049118252699668545821172_0003_m_000003_6: Committed
[2022-04-06 00:49:30,221] {spark_submit.py:488} INFO - 22/04/06 00:49:30 INFO SparkHadoopMapRedUtil: attempt_202204060049116010075903285212529_0003_m_000000_3: Committed
[2022-04-06 00:49:30,222] {spark_submit.py:488} INFO - 22/04/06 00:49:30 INFO GoogleCloudStorageImpl: Ignoring exception of type GoogleJsonResponseException; verified object already exists with desired state.
[2022-04-06 00:49:30,223] {spark_submit.py:488} INFO - 22/04/06 00:49:30 INFO GoogleCloudStorageFileSystem: Successfully repaired 'gs://dtc_data_lake_de-stack-overflow/BigQuery/badges-2014-05/_temporary/0/_temporary/' directory.
[2022-04-06 00:49:30,223] {spark_submit.py:488} INFO - 22/04/06 00:49:30 INFO FileOutputCommitter: Saved output of task 'attempt_202204060049115181375202190390802_0003_m_000001_4' to gs://dtc_data_lake_de-stack-overflow/BigQuery/badges-2014-05/_temporary/0/task_202204060049115181375202190390802_0003_m_000001
[2022-04-06 00:49:30,223] {spark_submit.py:488} INFO - 22/04/06 00:49:30 INFO SparkHadoopMapRedUtil: attempt_202204060049115181375202190390802_0003_m_000001_4: Committed
[2022-04-06 00:49:30,285] {spark_submit.py:488} INFO - 22/04/06 00:49:30 INFO Executor: Finished task 0.0 in stage 3.0 (TID 3). 3526 bytes result sent to driver
[2022-04-06 00:49:30,286] {spark_submit.py:488} INFO - 22/04/06 00:49:30 INFO Executor: Finished task 2.0 in stage 3.0 (TID 5). 3526 bytes result sent to driver
[2022-04-06 00:49:30,287] {spark_submit.py:488} INFO - 22/04/06 00:49:30 INFO Executor: Finished task 1.0 in stage 3.0 (TID 4). 3526 bytes result sent to driver
[2022-04-06 00:49:30,288] {spark_submit.py:488} INFO - 22/04/06 00:49:30 INFO Executor: Finished task 3.0 in stage 3.0 (TID 6). 3526 bytes result sent to driver
[2022-04-06 00:49:30,302] {spark_submit.py:488} INFO - 22/04/06 00:49:30 INFO TaskSetManager: Finished task 1.0 in stage 3.0 (TID 4) in 17730 ms on 9fe4286b2855 (executor driver) (1/4)
[2022-04-06 00:49:30,303] {spark_submit.py:488} INFO - 22/04/06 00:49:30 INFO TaskSetManager: Finished task 2.0 in stage 3.0 (TID 5) in 17731 ms on 9fe4286b2855 (executor driver) (2/4)
[2022-04-06 00:49:30,303] {spark_submit.py:488} INFO - 22/04/06 00:49:30 INFO TaskSetManager: Finished task 3.0 in stage 3.0 (TID 6) in 17731 ms on 9fe4286b2855 (executor driver) (3/4)
[2022-04-06 00:49:30,332] {spark_submit.py:488} INFO - 22/04/06 00:49:30 INFO TaskSetManager: Finished task 0.0 in stage 3.0 (TID 3) in 17764 ms on 9fe4286b2855 (executor driver) (4/4)
[2022-04-06 00:49:30,334] {spark_submit.py:488} INFO - 22/04/06 00:49:30 INFO DAGScheduler: ResultStage 3 (save at NativeMethodAccessorImpl.java:0) finished in 18.220 s
[2022-04-06 00:49:30,334] {spark_submit.py:488} INFO - 22/04/06 00:49:30 INFO DAGScheduler: Job 2 is finished. Cancelling potential speculative or zombie tasks for this job
[2022-04-06 00:49:30,335] {spark_submit.py:488} INFO - 22/04/06 00:49:30 INFO TaskSchedulerImpl: Removed TaskSet 3.0, whose tasks have all completed, from pool
[2022-04-06 00:49:30,335] {spark_submit.py:488} INFO - 22/04/06 00:49:30 INFO TaskSchedulerImpl: Killing all running tasks in stage 3: Stage finished
[2022-04-06 00:49:30,335] {spark_submit.py:488} INFO - 22/04/06 00:49:30 INFO DAGScheduler: Job 2 finished: save at NativeMethodAccessorImpl.java:0, took 18.352973 s
[2022-04-06 00:49:30,339] {spark_submit.py:488} INFO - 22/04/06 00:49:30 INFO FileFormatWriter: Start to commit write Job 237e1930-b108-4fa8-b772-1be5e28cc2a5.
[2022-04-06 00:49:30,886] {spark_submit.py:488} INFO - 22/04/06 00:49:30 INFO GoogleCloudStorageFileSystem: Successfully repaired 'gs://dtc_data_lake_de-stack-overflow/BigQuery/badges-2014-05/_temporary/0/task_202204060049112761317082946310123_0003_m_000002/' directory.
[2022-04-06 00:49:31,242] {spark_submit.py:488} INFO - 22/04/06 00:49:31 INFO GoogleCloudStorageFileSystem: Successfully repaired 'gs://dtc_data_lake_de-stack-overflow/BigQuery/badges-2014-05/_temporary/0/task_202204060049115181375202190390802_0003_m_000001/' directory.
[2022-04-06 00:49:31,665] {spark_submit.py:488} INFO - 22/04/06 00:49:31 INFO GoogleCloudStorageFileSystem: Successfully repaired 'gs://dtc_data_lake_de-stack-overflow/BigQuery/badges-2014-05/_temporary/0/task_202204060049116010075903285212529_0003_m_000000/' directory.
[2022-04-06 00:49:32,075] {spark_submit.py:488} INFO - 22/04/06 00:49:32 INFO GoogleCloudStorageFileSystem: Successfully repaired 'gs://dtc_data_lake_de-stack-overflow/BigQuery/badges-2014-05/_temporary/0/task_202204060049118252699668545821172_0003_m_000003/' directory.
[2022-04-06 00:49:32,334] {spark_submit.py:488} INFO - 22/04/06 00:49:32 INFO GoogleCloudStorageFileSystem: Successfully repaired 'gs://dtc_data_lake_de-stack-overflow/BigQuery/badges-2014-05/' directory.
[2022-04-06 00:49:33,171] {spark_submit.py:488} INFO - 22/04/06 00:49:33 INFO FileFormatWriter: Write Job 237e1930-b108-4fa8-b772-1be5e28cc2a5 committed. Elapsed time: 2829 ms.
[2022-04-06 00:49:33,261] {spark_submit.py:488} INFO - 22/04/06 00:49:33 INFO FileFormatWriter: Finished processing stats for write job 237e1930-b108-4fa8-b772-1be5e28cc2a5.
[2022-04-06 00:49:33,541] {spark_submit.py:488} INFO - 22/04/06 00:49:33 INFO BlockManagerInfo: Removed broadcast_3_piece0 on 9fe4286b2855:39117 in memory (size: 72.3 KiB, free: 434.4 MiB)
[2022-04-06 00:49:34,245] {spark_submit.py:488} INFO - 22/04/06 00:49:34 INFO SparkContext: Invoking stop() from shutdown hook
[2022-04-06 00:49:34,402] {spark_submit.py:488} INFO - 22/04/06 00:49:34 INFO SparkUI: Stopped Spark web UI at http://9fe4286b2855:4040
[2022-04-06 00:49:34,561] {spark_submit.py:488} INFO - 22/04/06 00:49:34 INFO MapOutputTrackerMasterEndpoint: MapOutputTrackerMasterEndpoint stopped!
[2022-04-06 00:49:34,904] {spark_submit.py:488} INFO - 22/04/06 00:49:34 INFO MemoryStore: MemoryStore cleared
[2022-04-06 00:49:34,905] {spark_submit.py:488} INFO - 22/04/06 00:49:34 INFO BlockManager: BlockManager stopped
[2022-04-06 00:49:34,912] {spark_submit.py:488} INFO - 22/04/06 00:49:34 INFO BlockManagerMaster: BlockManagerMaster stopped
[2022-04-06 00:49:34,916] {spark_submit.py:488} INFO - 22/04/06 00:49:34 INFO OutputCommitCoordinator$OutputCommitCoordinatorEndpoint: OutputCommitCoordinator stopped!
[2022-04-06 00:49:35,244] {spark_submit.py:488} INFO - 22/04/06 00:49:35 INFO SparkContext: Successfully stopped SparkContext
[2022-04-06 00:49:35,249] {spark_submit.py:488} INFO - 22/04/06 00:49:35 INFO ShutdownHookManager: Shutdown hook called
[2022-04-06 00:49:35,269] {spark_submit.py:488} INFO - 22/04/06 00:49:35 INFO ShutdownHookManager: Deleting directory /tmp/spark-1b0d5522-46c4-42b5-8c41-4a02c1a9a329
[2022-04-06 00:49:35,316] {spark_submit.py:488} INFO - 22/04/06 00:49:35 INFO ShutdownHookManager: Deleting directory /tmp/spark-d91d39d6-debc-4d33-9a46-7882265d70ec
[2022-04-06 00:49:35,387] {spark_submit.py:488} INFO - 22/04/06 00:49:35 INFO ShutdownHookManager: Deleting directory /tmp/spark-d91d39d6-debc-4d33-9a46-7882265d70ec/pyspark-cf5868f4-afd8-4f44-a293-ef0890604951
[2022-04-06 00:49:36,770] {taskinstance.py:1288} INFO - Marking task as SUCCESS. dag_id=IngestToGCP, task_id=processing_tasks_badges.spark_job, execution_date=20140501T000000, start_date=20220406T004608, end_date=20220406T004936
[2022-04-06 00:49:37,139] {local_task_job.py:154} INFO - Task exited with return code 0
[2022-04-06 00:49:37,920] {local_task_job.py:264} INFO - 0 downstream tasks scheduled from follow-on schedule check
