[2022-04-05 23:55:01,067] {taskinstance.py:1043} INFO - Dependencies all met for <TaskInstance: IngestToGCP.processing_tasks_posts_answers.spark_job scheduled__2012-05-01T00:00:00+00:00 [queued]>
[2022-04-05 23:55:01,365] {taskinstance.py:1043} INFO - Dependencies all met for <TaskInstance: IngestToGCP.processing_tasks_posts_answers.spark_job scheduled__2012-05-01T00:00:00+00:00 [queued]>
[2022-04-05 23:55:01,365] {taskinstance.py:1249} INFO - 
--------------------------------------------------------------------------------
[2022-04-05 23:55:01,365] {taskinstance.py:1250} INFO - Starting attempt 1 of 1
[2022-04-05 23:55:01,365] {taskinstance.py:1251} INFO - 
--------------------------------------------------------------------------------
[2022-04-05 23:55:01,621] {taskinstance.py:1270} INFO - Executing <Task(SparkSubmitOperator): processing_tasks_posts_answers.spark_job> on 2012-05-01 00:00:00+00:00
[2022-04-05 23:55:01,724] {standard_task_runner.py:52} INFO - Started process 69309 to run task
[2022-04-05 23:55:01,794] {standard_task_runner.py:79} INFO - Running: ['***', 'tasks', 'run', 'IngestToGCP', 'processing_tasks_posts_answers.spark_job', 'scheduled__2012-05-01T00:00:00+00:00', '--job-id', '9479', '--raw', '--subdir', 'DAGS_FOLDER/ingest_dag.py', '--cfg-path', '/tmp/tmphv8rogj5', '--error-file', '/tmp/tmpxx7civaf']
[2022-04-05 23:55:01,809] {standard_task_runner.py:80} INFO - Job 9479: Subtask processing_tasks_posts_answers.spark_job
[2022-04-05 23:55:02,485] {logging_mixin.py:109} INFO - Running <TaskInstance: IngestToGCP.processing_tasks_posts_answers.spark_job scheduled__2012-05-01T00:00:00+00:00 [running]> on host 9fe4286b2855
[2022-04-05 23:55:03,575] {logging_mixin.py:109} WARNING - /home/***/.local/lib/python3.7/site-packages/***/utils/context.py:156 AirflowContextDeprecationWarning: Accessing 'execution_date' from the template is deprecated and will be removed in a future version. Please use 'data_interval_start' or 'logical_date' instead.
[2022-04-05 23:55:03,906] {taskinstance.py:1448} INFO - Exporting the following env vars:
AIRFLOW_CTX_DAG_OWNER=***
AIRFLOW_CTX_DAG_ID=IngestToGCP
AIRFLOW_CTX_TASK_ID=processing_tasks_posts_answers.spark_job
AIRFLOW_CTX_EXECUTION_DATE=2012-05-01T00:00:00+00:00
AIRFLOW_CTX_DAG_RUN_ID=scheduled__2012-05-01T00:00:00+00:00
[2022-04-05 23:55:04,080] {base.py:79} INFO - Using connection to: id: spark_project. Host: spark://spark, Port: 7077, Schema: , Login: , Password: None, extra: {'queue': 'root.default'}
[2022-04-05 23:55:04,128] {spark_submit.py:335} INFO - Spark-Submit cmd: spark-submit --master spark://spark:7077 --conf spark.master=local[*] --name format_schema --verbose --queue root.default ./dags/pyspark_parquet_transformation.py posts_answers 2012-05
[2022-04-05 23:55:28,532] {spark_submit.py:488} INFO - Using properties file: null
[2022-04-05 23:55:30,234] {spark_submit.py:488} INFO - WARNING: An illegal reflective access operation has occurred
[2022-04-05 23:55:30,235] {spark_submit.py:488} INFO - WARNING: Illegal reflective access by org.apache.spark.unsafe.Platform (file:/opt/***/spark/spark-3.2.1-bin-hadoop3.2/jars/spark-unsafe_2.12-3.2.1.jar) to constructor java.nio.DirectByteBuffer(long,int)
[2022-04-05 23:55:30,235] {spark_submit.py:488} INFO - WARNING: Please consider reporting this to the maintainers of org.apache.spark.unsafe.Platform
[2022-04-05 23:55:30,236] {spark_submit.py:488} INFO - WARNING: Use --illegal-access=warn to enable warnings of further illegal reflective access operations
[2022-04-05 23:55:30,246] {spark_submit.py:488} INFO - WARNING: All illegal access operations will be denied in a future release
[2022-04-05 23:55:31,231] {spark_submit.py:488} INFO - Parsed arguments:
[2022-04-05 23:55:31,231] {spark_submit.py:488} INFO - master                  spark://spark:7077
[2022-04-05 23:55:31,232] {spark_submit.py:488} INFO - deployMode              null
[2022-04-05 23:55:31,232] {spark_submit.py:488} INFO - executorMemory          null
[2022-04-05 23:55:31,232] {spark_submit.py:488} INFO - executorCores           null
[2022-04-05 23:55:31,232] {spark_submit.py:488} INFO - totalExecutorCores      null
[2022-04-05 23:55:31,232] {spark_submit.py:488} INFO - propertiesFile          null
[2022-04-05 23:55:31,232] {spark_submit.py:488} INFO - driverMemory            null
[2022-04-05 23:55:31,232] {spark_submit.py:488} INFO - driverCores             null
[2022-04-05 23:55:31,232] {spark_submit.py:488} INFO - driverExtraClassPath    null
[2022-04-05 23:55:31,232] {spark_submit.py:488} INFO - driverExtraLibraryPath  null
[2022-04-05 23:55:31,233] {spark_submit.py:488} INFO - driverExtraJavaOptions  null
[2022-04-05 23:55:31,233] {spark_submit.py:488} INFO - supervise               false
[2022-04-05 23:55:31,233] {spark_submit.py:488} INFO - queue                   root.default
[2022-04-05 23:55:31,233] {spark_submit.py:488} INFO - numExecutors            null
[2022-04-05 23:55:31,233] {spark_submit.py:488} INFO - files                   null
[2022-04-05 23:55:31,233] {spark_submit.py:488} INFO - pyFiles                 null
[2022-04-05 23:55:31,233] {spark_submit.py:488} INFO - archives                null
[2022-04-05 23:55:31,233] {spark_submit.py:488} INFO - mainClass               null
[2022-04-05 23:55:31,233] {spark_submit.py:488} INFO - primaryResource         file:/opt/***/dags/pyspark_parquet_transformation.py
[2022-04-05 23:55:31,233] {spark_submit.py:488} INFO - name                    format_schema
[2022-04-05 23:55:31,233] {spark_submit.py:488} INFO - childArgs               [posts_answers 2012-05]
[2022-04-05 23:55:31,233] {spark_submit.py:488} INFO - jars                    null
[2022-04-05 23:55:31,233] {spark_submit.py:488} INFO - packages                null
[2022-04-05 23:55:31,233] {spark_submit.py:488} INFO - packagesExclusions      null
[2022-04-05 23:55:31,234] {spark_submit.py:488} INFO - repositories            null
[2022-04-05 23:55:31,234] {spark_submit.py:488} INFO - verbose                 true
[2022-04-05 23:55:31,234] {spark_submit.py:488} INFO - 
[2022-04-05 23:55:31,234] {spark_submit.py:488} INFO - Spark properties used, including those specified through
[2022-04-05 23:55:31,234] {spark_submit.py:488} INFO - --conf and those from the properties file null:
[2022-04-05 23:55:31,234] {spark_submit.py:488} INFO - (spark.master,local[*])
[2022-04-05 23:55:31,234] {spark_submit.py:488} INFO - 
[2022-04-05 23:55:31,237] {spark_submit.py:488} INFO - 
[2022-04-05 23:55:36,985] {spark_submit.py:488} INFO - Main class:
[2022-04-05 23:55:36,992] {spark_submit.py:488} INFO - org.apache.spark.deploy.PythonRunner
[2022-04-05 23:55:36,993] {spark_submit.py:488} INFO - Arguments:
[2022-04-05 23:55:36,993] {spark_submit.py:488} INFO - file:/opt/***/dags/pyspark_parquet_transformation.py
[2022-04-05 23:55:36,993] {spark_submit.py:488} INFO - null
[2022-04-05 23:55:36,994] {spark_submit.py:488} INFO - posts_answers
[2022-04-05 23:55:36,994] {spark_submit.py:488} INFO - 2012-05
[2022-04-05 23:55:37,038] {spark_submit.py:488} INFO - Spark config:
[2022-04-05 23:55:37,038] {spark_submit.py:488} INFO - (spark.master,spark://spark:7077)
[2022-04-05 23:55:37,038] {spark_submit.py:488} INFO - (spark.submit.pyFiles,)
[2022-04-05 23:55:37,038] {spark_submit.py:488} INFO - (spark.submit.deployMode,client)
[2022-04-05 23:55:37,038] {spark_submit.py:488} INFO - (spark.app.name,format_schema)
[2022-04-05 23:55:37,040] {spark_submit.py:488} INFO - Classpath elements:
[2022-04-05 23:55:37,044] {spark_submit.py:488} INFO - 
[2022-04-05 23:55:37,047] {spark_submit.py:488} INFO - 
[2022-04-05 23:55:37,053] {spark_submit.py:488} INFO - 
[2022-04-05 23:55:46,464] {spark_submit.py:488} INFO - Using Spark's default log4j profile: org/apache/spark/log4j-defaults.properties
[2022-04-05 23:55:46,516] {spark_submit.py:488} INFO - 22/04/05 23:55:46 INFO SparkContext: Running Spark version 3.2.1
[2022-04-05 23:55:47,328] {spark_submit.py:488} INFO - 22/04/05 23:55:47 WARN NativeCodeLoader: Unable to load native-hadoop library for your platform... using builtin-java classes where applicable
[2022-04-05 23:55:49,720] {spark_submit.py:488} INFO - 22/04/05 23:55:49 INFO ResourceUtils: ==============================================================
[2022-04-05 23:55:49,726] {spark_submit.py:488} INFO - 22/04/05 23:55:49 INFO ResourceUtils: No custom resources configured for spark.driver.
[2022-04-05 23:55:49,728] {spark_submit.py:488} INFO - 22/04/05 23:55:49 INFO ResourceUtils: ==============================================================
[2022-04-05 23:55:49,732] {spark_submit.py:488} INFO - 22/04/05 23:55:49 INFO SparkContext: Submitted application: Modidy Schema
[2022-04-05 23:55:50,114] {spark_submit.py:488} INFO - 22/04/05 23:55:50 INFO ResourceProfile: Default ResourceProfile created, executor resources: Map(cores -> name: cores, amount: 1, script: , vendor: , memory -> name: memory, amount: 1024, script: , vendor: , offHeap -> name: offHeap, amount: 0, script: , vendor: ), task resources: Map(cpus -> name: cpus, amount: 1.0)
[2022-04-05 23:55:50,330] {spark_submit.py:488} INFO - 22/04/05 23:55:50 INFO ResourceProfile: Limiting resource is cpu
[2022-04-05 23:55:50,363] {spark_submit.py:488} INFO - 22/04/05 23:55:50 INFO ResourceProfileManager: Added ResourceProfile id: 0
[2022-04-05 23:55:51,239] {spark_submit.py:488} INFO - 22/04/05 23:55:51 INFO SecurityManager: Changing view acls to: default
[2022-04-05 23:55:51,273] {spark_submit.py:488} INFO - 22/04/05 23:55:51 INFO SecurityManager: Changing modify acls to: default
[2022-04-05 23:55:51,274] {spark_submit.py:488} INFO - 22/04/05 23:55:51 INFO SecurityManager: Changing view acls groups to:
[2022-04-05 23:55:51,285] {spark_submit.py:488} INFO - 22/04/05 23:55:51 INFO SecurityManager: Changing modify acls groups to:
[2022-04-05 23:55:51,292] {spark_submit.py:488} INFO - 22/04/05 23:55:51 INFO SecurityManager: SecurityManager: authentication disabled; ui acls disabled; users  with view permissions: Set(default); groups with view permissions: Set(); users  with modify permissions: Set(default); groups with modify permissions: Set()
[2022-04-05 23:55:57,361] {spark_submit.py:488} INFO - 22/04/05 23:55:57 INFO Utils: Successfully started service 'sparkDriver' on port 35489.
[2022-04-05 23:55:58,138] {spark_submit.py:488} INFO - 22/04/05 23:55:58 INFO SparkEnv: Registering MapOutputTracker
[2022-04-05 23:55:58,653] {spark_submit.py:488} INFO - 22/04/05 23:55:58 INFO SparkEnv: Registering BlockManagerMaster
[2022-04-05 23:55:59,109] {spark_submit.py:488} INFO - 22/04/05 23:55:59 INFO BlockManagerMasterEndpoint: Using org.apache.spark.storage.DefaultTopologyMapper for getting topology information
[2022-04-05 23:55:59,111] {spark_submit.py:488} INFO - 22/04/05 23:55:59 INFO BlockManagerMasterEndpoint: BlockManagerMasterEndpoint up
[2022-04-05 23:55:59,258] {spark_submit.py:488} INFO - 22/04/05 23:55:59 INFO SparkEnv: Registering BlockManagerMasterHeartbeat
[2022-04-05 23:55:59,865] {spark_submit.py:488} INFO - 22/04/05 23:55:59 INFO DiskBlockManager: Created local directory at /tmp/blockmgr-4a800834-6581-4b91-8879-8ace9a1a6fca
[2022-04-05 23:56:00,573] {spark_submit.py:488} INFO - 22/04/05 23:56:00 INFO MemoryStore: MemoryStore started with capacity 434.4 MiB
[2022-04-05 23:56:00,797] {spark_submit.py:488} INFO - 22/04/05 23:56:00 INFO SparkEnv: Registering OutputCommitCoordinator
[2022-04-05 23:56:04,408] {spark_submit.py:488} INFO - 22/04/05 23:56:04 WARN Utils: Service 'SparkUI' could not bind on port 4040. Attempting port 4041.
[2022-04-05 23:56:04,409] {spark_submit.py:488} INFO - 22/04/05 23:56:04 WARN Utils: Service 'SparkUI' could not bind on port 4041. Attempting port 4042.
[2022-04-05 23:56:04,409] {spark_submit.py:488} INFO - 22/04/05 23:56:04 WARN Utils: Service 'SparkUI' could not bind on port 4042. Attempting port 4043.
[2022-04-05 23:56:04,436] {spark_submit.py:488} INFO - 22/04/05 23:56:04 WARN Utils: Service 'SparkUI' could not bind on port 4043. Attempting port 4044.
[2022-04-05 23:56:04,437] {spark_submit.py:488} INFO - 22/04/05 23:56:04 WARN Utils: Service 'SparkUI' could not bind on port 4044. Attempting port 4045.
[2022-04-05 23:56:04,596] {spark_submit.py:488} INFO - 22/04/05 23:56:04 INFO Utils: Successfully started service 'SparkUI' on port 4045.
[2022-04-05 23:56:05,756] {spark_submit.py:488} INFO - 22/04/05 23:56:05 INFO SparkUI: Bound SparkUI to 0.0.0.0, and started at http://9fe4286b2855:4045
[2022-04-05 23:56:08,995] {spark_submit.py:488} INFO - 22/04/05 23:56:08 INFO Executor: Starting executor ID driver on host 9fe4286b2855
[2022-04-05 23:56:09,822] {spark_submit.py:488} INFO - 22/04/05 23:56:09 INFO Utils: Successfully started service 'org.apache.spark.network.netty.NettyBlockTransferService' on port 38587.
[2022-04-05 23:56:09,863] {spark_submit.py:488} INFO - 22/04/05 23:56:09 INFO NettyBlockTransferService: Server created on 9fe4286b2855:38587
[2022-04-05 23:56:09,926] {spark_submit.py:488} INFO - 22/04/05 23:56:09 INFO BlockManager: Using org.apache.spark.storage.RandomBlockReplicationPolicy for block replication policy
[2022-04-05 23:56:10,090] {spark_submit.py:488} INFO - 22/04/05 23:56:10 INFO BlockManagerMaster: Registering BlockManager BlockManagerId(driver, 9fe4286b2855, 38587, None)
[2022-04-05 23:56:10,122] {spark_submit.py:488} INFO - 22/04/05 23:56:10 INFO BlockManagerMasterEndpoint: Registering block manager 9fe4286b2855:38587 with 434.4 MiB RAM, BlockManagerId(driver, 9fe4286b2855, 38587, None)
[2022-04-05 23:56:10,130] {spark_submit.py:488} INFO - 22/04/05 23:56:10 INFO BlockManagerMaster: Registered BlockManager BlockManagerId(driver, 9fe4286b2855, 38587, None)
[2022-04-05 23:56:10,133] {spark_submit.py:488} INFO - 22/04/05 23:56:10 INFO BlockManager: Initialized BlockManager: BlockManagerId(driver, 9fe4286b2855, 38587, None)
[2022-04-05 23:56:27,280] {spark_submit.py:488} INFO - 22/04/05 23:56:27 INFO SharedState: Setting hive.metastore.warehouse.dir ('null') to the value of spark.sql.warehouse.dir.
[2022-04-05 23:56:28,308] {spark_submit.py:488} INFO - 22/04/05 23:56:28 INFO SharedState: Warehouse path is 'file:/opt/***/spark-warehouse'.
[2022-04-05 23:56:55,109] {spark_submit.py:488} INFO - 22/04/05 23:56:55 INFO InMemoryFileIndex: It took 1074 ms to list leaf files for 1 paths.
[2022-04-05 23:57:03,705] {spark_submit.py:488} INFO - 22/04/05 23:57:03 INFO SparkContext: Starting job: parquet at NativeMethodAccessorImpl.java:0
[2022-04-05 23:57:03,790] {spark_submit.py:488} INFO - 22/04/05 23:57:03 INFO DAGScheduler: Got job 0 (parquet at NativeMethodAccessorImpl.java:0) with 1 output partitions
[2022-04-05 23:57:03,790] {spark_submit.py:488} INFO - 22/04/05 23:57:03 INFO DAGScheduler: Final stage: ResultStage 0 (parquet at NativeMethodAccessorImpl.java:0)
[2022-04-05 23:57:03,791] {spark_submit.py:488} INFO - 22/04/05 23:57:03 INFO DAGScheduler: Parents of final stage: List()
[2022-04-05 23:57:03,831] {spark_submit.py:488} INFO - 22/04/05 23:57:03 INFO DAGScheduler: Missing parents: List()
[2022-04-05 23:57:03,943] {spark_submit.py:488} INFO - 22/04/05 23:57:03 INFO DAGScheduler: Submitting ResultStage 0 (MapPartitionsRDD[1] at parquet at NativeMethodAccessorImpl.java:0), which has no missing parents
[2022-04-05 23:57:05,119] {spark_submit.py:488} INFO - 22/04/05 23:57:05 INFO MemoryStore: Block broadcast_0 stored as values in memory (estimated size 100.1 KiB, free 434.3 MiB)
[2022-04-05 23:57:05,679] {spark_submit.py:488} INFO - 22/04/05 23:57:05 INFO MemoryStore: Block broadcast_0_piece0 stored as bytes in memory (estimated size 35.7 KiB, free 434.3 MiB)
[2022-04-05 23:57:05,705] {spark_submit.py:488} INFO - 22/04/05 23:57:05 INFO BlockManagerInfo: Added broadcast_0_piece0 in memory on 9fe4286b2855:38587 (size: 35.7 KiB, free: 434.4 MiB)
[2022-04-05 23:57:05,750] {spark_submit.py:488} INFO - 22/04/05 23:57:05 INFO SparkContext: Created broadcast 0 from broadcast at DAGScheduler.scala:1478
[2022-04-05 23:57:06,053] {spark_submit.py:488} INFO - 22/04/05 23:57:06 INFO DAGScheduler: Submitting 1 missing tasks from ResultStage 0 (MapPartitionsRDD[1] at parquet at NativeMethodAccessorImpl.java:0) (first 15 tasks are for partitions Vector(0))
[2022-04-05 23:57:06,113] {spark_submit.py:488} INFO - 22/04/05 23:57:06 INFO TaskSchedulerImpl: Adding task set 0.0 with 1 tasks resource profile 0
[2022-04-05 23:57:07,100] {spark_submit.py:488} INFO - 22/04/05 23:57:07 INFO TaskSetManager: Starting task 0.0 in stage 0.0 (TID 0) (9fe4286b2855, executor driver, partition 0, PROCESS_LOCAL, 4622 bytes) taskResourceAssignments Map()
[2022-04-05 23:57:07,363] {spark_submit.py:488} INFO - 22/04/05 23:57:07 INFO Executor: Running task 0.0 in stage 0.0 (TID 0)
[2022-04-05 23:57:16,987] {spark_submit.py:488} INFO - 22/04/05 23:57:16 INFO Executor: Finished task 0.0 in stage 0.0 (TID 0). 2409 bytes result sent to driver
[2022-04-05 23:57:17,126] {spark_submit.py:488} INFO - 22/04/05 23:57:17 INFO TaskSetManager: Finished task 0.0 in stage 0.0 (TID 0) in 10366 ms on 9fe4286b2855 (executor driver) (1/1)
[2022-04-05 23:57:17,168] {spark_submit.py:488} INFO - 22/04/05 23:57:17 INFO TaskSchedulerImpl: Removed TaskSet 0.0, whose tasks have all completed, from pool
[2022-04-05 23:57:17,176] {spark_submit.py:488} INFO - 22/04/05 23:57:17 INFO DAGScheduler: ResultStage 0 (parquet at NativeMethodAccessorImpl.java:0) finished in 13.021 s
[2022-04-05 23:57:17,248] {spark_submit.py:488} INFO - 22/04/05 23:57:17 INFO DAGScheduler: Job 0 is finished. Cancelling potential speculative or zombie tasks for this job
[2022-04-05 23:57:17,249] {spark_submit.py:488} INFO - 22/04/05 23:57:17 INFO TaskSchedulerImpl: Killing all running tasks in stage 0: Stage finished
[2022-04-05 23:57:17,280] {spark_submit.py:488} INFO - 22/04/05 23:57:17 INFO DAGScheduler: Job 0 finished: parquet at NativeMethodAccessorImpl.java:0, took 13.546837 s
[2022-04-05 23:57:22,926] {spark_submit.py:488} INFO - 22/04/05 23:57:22 INFO BlockManagerInfo: Removed broadcast_0_piece0 on 9fe4286b2855:38587 in memory (size: 35.7 KiB, free: 434.4 MiB)
[2022-04-05 23:58:08,354] {spark_submit.py:488} INFO - 22/04/05 23:58:08 INFO FileSourceStrategy: Pushed Filters:
[2022-04-05 23:58:08,357] {spark_submit.py:488} INFO - 22/04/05 23:58:08 INFO FileSourceStrategy: Post-Scan Filters:
[2022-04-05 23:58:08,413] {spark_submit.py:488} INFO - 22/04/05 23:58:08 INFO FileSourceStrategy: Output Data Schema: struct<id: bigint, title: double, body: string, accepted_answer_id: double, answer_count: double ... 19 more fields>
[2022-04-05 23:58:11,663] {spark_submit.py:488} INFO - 22/04/05 23:58:11 INFO ParquetFileFormat: Using default output committer for Parquet: org.apache.parquet.hadoop.ParquetOutputCommitter
[2022-04-05 23:58:11,980] {spark_submit.py:488} INFO - 22/04/05 23:58:11 INFO FileOutputCommitter: File Output Committer Algorithm version is 1
[2022-04-05 23:58:11,980] {spark_submit.py:488} INFO - 22/04/05 23:58:11 INFO FileOutputCommitter: FileOutputCommitter skip cleanup _temporary folders under output directory:false, ignore cleanup failures: false
[2022-04-05 23:58:12,004] {spark_submit.py:488} INFO - 22/04/05 23:58:11 INFO SQLHadoopMapReduceCommitProtocol: Using user defined output committer class org.apache.parquet.hadoop.ParquetOutputCommitter
[2022-04-05 23:58:12,004] {spark_submit.py:488} INFO - 22/04/05 23:58:12 INFO FileOutputCommitter: File Output Committer Algorithm version is 1
[2022-04-05 23:58:12,004] {spark_submit.py:488} INFO - 22/04/05 23:58:12 INFO FileOutputCommitter: FileOutputCommitter skip cleanup _temporary folders under output directory:false, ignore cleanup failures: false
[2022-04-05 23:58:12,006] {spark_submit.py:488} INFO - 22/04/05 23:58:12 INFO SQLHadoopMapReduceCommitProtocol: Using output committer class org.apache.parquet.hadoop.ParquetOutputCommitter
[2022-04-05 23:58:20,791] {spark_submit.py:488} INFO - 22/04/05 23:58:20 INFO CodeGenerator: Code generated in 4677.984257 ms
[2022-04-05 23:58:21,377] {spark_submit.py:488} INFO - 22/04/05 23:58:21 INFO MemoryStore: Block broadcast_1 stored as values in memory (estimated size 194.3 KiB, free 434.2 MiB)
[2022-04-05 23:58:21,423] {spark_submit.py:488} INFO - 22/04/05 23:58:21 INFO MemoryStore: Block broadcast_1_piece0 stored as bytes in memory (estimated size 34.2 KiB, free 434.2 MiB)
[2022-04-05 23:58:21,431] {spark_submit.py:488} INFO - 22/04/05 23:58:21 INFO BlockManagerInfo: Added broadcast_1_piece0 in memory on 9fe4286b2855:38587 (size: 34.2 KiB, free: 434.4 MiB)
[2022-04-05 23:58:21,457] {spark_submit.py:488} INFO - 22/04/05 23:58:21 INFO SparkContext: Created broadcast 1 from save at NativeMethodAccessorImpl.java:0
[2022-04-05 23:58:21,844] {spark_submit.py:488} INFO - 22/04/05 23:58:21 INFO FileSourceScanExec: Planning scan with bin packing, max size: 25528556 bytes, open cost is considered as scanning 4194304 bytes.
[2022-04-05 23:58:22,826] {spark_submit.py:488} INFO - 22/04/05 23:58:22 INFO DAGScheduler: Registering RDD 6 (save at NativeMethodAccessorImpl.java:0) as input to shuffle 0
[2022-04-05 23:58:22,834] {spark_submit.py:488} INFO - 22/04/05 23:58:22 INFO DAGScheduler: Got map stage job 1 (save at NativeMethodAccessorImpl.java:0) with 4 output partitions
[2022-04-05 23:58:22,841] {spark_submit.py:488} INFO - 22/04/05 23:58:22 INFO DAGScheduler: Final stage: ShuffleMapStage 1 (save at NativeMethodAccessorImpl.java:0)
[2022-04-05 23:58:22,861] {spark_submit.py:488} INFO - 22/04/05 23:58:22 INFO DAGScheduler: Parents of final stage: List()
[2022-04-05 23:58:22,865] {spark_submit.py:488} INFO - 22/04/05 23:58:22 INFO DAGScheduler: Missing parents: List()
[2022-04-05 23:58:22,922] {spark_submit.py:488} INFO - 22/04/05 23:58:22 INFO DAGScheduler: Submitting ShuffleMapStage 1 (MapPartitionsRDD[6] at save at NativeMethodAccessorImpl.java:0), which has no missing parents
[2022-04-05 23:58:23,415] {spark_submit.py:488} INFO - 22/04/05 23:58:23 INFO MemoryStore: Block broadcast_2 stored as values in memory (estimated size 32.6 KiB, free 434.1 MiB)
[2022-04-05 23:58:23,479] {spark_submit.py:488} INFO - 22/04/05 23:58:23 INFO MemoryStore: Block broadcast_2_piece0 stored as bytes in memory (estimated size 10.6 KiB, free 434.1 MiB)
[2022-04-05 23:58:23,482] {spark_submit.py:488} INFO - 22/04/05 23:58:23 INFO BlockManagerInfo: Added broadcast_2_piece0 in memory on 9fe4286b2855:38587 (size: 10.6 KiB, free: 434.4 MiB)
[2022-04-05 23:58:23,501] {spark_submit.py:488} INFO - 22/04/05 23:58:23 INFO SparkContext: Created broadcast 2 from broadcast at DAGScheduler.scala:1478
[2022-04-05 23:58:23,529] {spark_submit.py:488} INFO - 22/04/05 23:58:23 INFO DAGScheduler: Submitting 4 missing tasks from ShuffleMapStage 1 (MapPartitionsRDD[6] at save at NativeMethodAccessorImpl.java:0) (first 15 tasks are for partitions Vector(0, 1, 2, 3))
[2022-04-05 23:58:23,530] {spark_submit.py:488} INFO - 22/04/05 23:58:23 INFO TaskSchedulerImpl: Adding task set 1.0 with 4 tasks resource profile 0
[2022-04-05 23:58:23,564] {spark_submit.py:488} INFO - 22/04/05 23:58:23 INFO TaskSetManager: Starting task 0.0 in stage 1.0 (TID 1) (9fe4286b2855, executor driver, partition 0, PROCESS_LOCAL, 4888 bytes) taskResourceAssignments Map()
[2022-04-05 23:58:23,574] {spark_submit.py:488} INFO - 22/04/05 23:58:23 INFO TaskSetManager: Starting task 1.0 in stage 1.0 (TID 2) (9fe4286b2855, executor driver, partition 1, PROCESS_LOCAL, 4888 bytes) taskResourceAssignments Map()
[2022-04-05 23:58:23,591] {spark_submit.py:488} INFO - 22/04/05 23:58:23 INFO TaskSetManager: Starting task 2.0 in stage 1.0 (TID 3) (9fe4286b2855, executor driver, partition 2, PROCESS_LOCAL, 4888 bytes) taskResourceAssignments Map()
[2022-04-05 23:58:23,614] {spark_submit.py:488} INFO - 22/04/05 23:58:23 INFO TaskSetManager: Starting task 3.0 in stage 1.0 (TID 4) (9fe4286b2855, executor driver, partition 3, PROCESS_LOCAL, 4888 bytes) taskResourceAssignments Map()
[2022-04-05 23:58:23,659] {spark_submit.py:488} INFO - 22/04/05 23:58:23 INFO Executor: Running task 0.0 in stage 1.0 (TID 1)
[2022-04-05 23:58:23,683] {spark_submit.py:488} INFO - 22/04/05 23:58:23 INFO Executor: Running task 1.0 in stage 1.0 (TID 2)
[2022-04-05 23:58:23,733] {spark_submit.py:488} INFO - 22/04/05 23:58:23 INFO Executor: Running task 2.0 in stage 1.0 (TID 3)
[2022-04-05 23:58:23,784] {spark_submit.py:488} INFO - 22/04/05 23:58:23 INFO Executor: Running task 3.0 in stage 1.0 (TID 4)
[2022-04-05 23:58:24,394] {spark_submit.py:488} INFO - 22/04/05 23:58:24 INFO FileScanRDD: Reading File path: gs://dtc_data_lake_de-stack-overflow/parquet/posts_answers-2012-05.parquet, range: 76585668-97919920, partition values: [empty row]
[2022-04-05 23:58:24,411] {spark_submit.py:488} INFO - 22/04/05 23:58:24 INFO FileScanRDD: Reading File path: gs://dtc_data_lake_de-stack-overflow/parquet/posts_answers-2012-05.parquet, range: 51057112-76585668, partition values: [empty row]
[2022-04-05 23:58:24,415] {spark_submit.py:488} INFO - 22/04/05 23:58:24 INFO FileScanRDD: Reading File path: gs://dtc_data_lake_de-stack-overflow/parquet/posts_answers-2012-05.parquet, range: 25528556-51057112, partition values: [empty row]
[2022-04-05 23:58:24,446] {spark_submit.py:488} INFO - 22/04/05 23:58:24 INFO FileScanRDD: Reading File path: gs://dtc_data_lake_de-stack-overflow/parquet/posts_answers-2012-05.parquet, range: 0-25528556, partition values: [empty row]
[2022-04-05 23:58:27,613] {spark_submit.py:488} INFO - 22/04/05 23:58:27 INFO Executor: Finished task 3.0 in stage 1.0 (TID 4). 1900 bytes result sent to driver
[2022-04-05 23:58:27,645] {spark_submit.py:488} INFO - 22/04/05 23:58:27 INFO Executor: Finished task 2.0 in stage 1.0 (TID 3). 1900 bytes result sent to driver
[2022-04-05 23:58:27,645] {spark_submit.py:488} INFO - 22/04/05 23:58:27 INFO Executor: Finished task 0.0 in stage 1.0 (TID 1). 1857 bytes result sent to driver
[2022-04-05 23:58:27,690] {spark_submit.py:488} INFO - 22/04/05 23:58:27 INFO TaskSetManager: Finished task 3.0 in stage 1.0 (TID 4) in 4098 ms on 9fe4286b2855 (executor driver) (1/4)
[2022-04-05 23:58:27,709] {spark_submit.py:488} INFO - 22/04/05 23:58:27 INFO TaskSetManager: Finished task 2.0 in stage 1.0 (TID 3) in 4118 ms on 9fe4286b2855 (executor driver) (2/4)
[2022-04-05 23:58:27,713] {spark_submit.py:488} INFO - 22/04/05 23:58:27 INFO TaskSetManager: Finished task 0.0 in stage 1.0 (TID 1) in 4167 ms on 9fe4286b2855 (executor driver) (3/4)
[2022-04-05 23:58:40,950] {spark_submit.py:488} INFO - 22/04/05 23:58:40 INFO CodecPool: Got brand-new decompressor [.snappy]
[2022-04-05 23:59:49,722] {spark_submit.py:488} INFO - 22/04/05 23:59:49 INFO Executor: Finished task 1.0 in stage 1.0 (TID 2). 2029 bytes result sent to driver
[2022-04-05 23:59:49,734] {spark_submit.py:488} INFO - 22/04/05 23:59:49 INFO TaskSetManager: Finished task 1.0 in stage 1.0 (TID 2) in 86161 ms on 9fe4286b2855 (executor driver) (4/4)
[2022-04-05 23:59:49,735] {spark_submit.py:488} INFO - 22/04/05 23:59:49 INFO TaskSchedulerImpl: Removed TaskSet 1.0, whose tasks have all completed, from pool
[2022-04-05 23:59:49,740] {spark_submit.py:488} INFO - 22/04/05 23:59:49 INFO DAGScheduler: ShuffleMapStage 1 (save at NativeMethodAccessorImpl.java:0) finished in 86.754 s
[2022-04-05 23:59:49,740] {spark_submit.py:488} INFO - 22/04/05 23:59:49 INFO DAGScheduler: looking for newly runnable stages
[2022-04-05 23:59:49,740] {spark_submit.py:488} INFO - 22/04/05 23:59:49 INFO DAGScheduler: running: Set()
[2022-04-05 23:59:49,741] {spark_submit.py:488} INFO - 22/04/05 23:59:49 INFO DAGScheduler: waiting: Set()
[2022-04-05 23:59:49,742] {spark_submit.py:488} INFO - 22/04/05 23:59:49 INFO DAGScheduler: failed: Set()
[2022-04-05 23:59:50,474] {spark_submit.py:488} INFO - 22/04/05 23:59:50 INFO SparkContext: Starting job: save at NativeMethodAccessorImpl.java:0
[2022-04-05 23:59:50,479] {spark_submit.py:488} INFO - 22/04/05 23:59:50 INFO DAGScheduler: Got job 2 (save at NativeMethodAccessorImpl.java:0) with 4 output partitions
[2022-04-05 23:59:50,480] {spark_submit.py:488} INFO - 22/04/05 23:59:50 INFO DAGScheduler: Final stage: ResultStage 3 (save at NativeMethodAccessorImpl.java:0)
[2022-04-05 23:59:50,480] {spark_submit.py:488} INFO - 22/04/05 23:59:50 INFO DAGScheduler: Parents of final stage: List(ShuffleMapStage 2)
[2022-04-05 23:59:50,480] {spark_submit.py:488} INFO - 22/04/05 23:59:50 INFO DAGScheduler: Missing parents: List()
[2022-04-05 23:59:50,492] {spark_submit.py:488} INFO - 22/04/05 23:59:50 INFO DAGScheduler: Submitting ResultStage 3 (ShuffledRowRDD[7] at save at NativeMethodAccessorImpl.java:0), which has no missing parents
[2022-04-05 23:59:50,883] {spark_submit.py:488} INFO - 22/04/05 23:59:50 INFO MemoryStore: Block broadcast_3 stored as values in memory (estimated size 204.1 KiB, free 433.9 MiB)
[2022-04-05 23:59:50,946] {spark_submit.py:488} INFO - 22/04/05 23:59:50 INFO MemoryStore: Block broadcast_3_piece0 stored as bytes in memory (estimated size 72.9 KiB, free 433.9 MiB)
[2022-04-05 23:59:50,947] {spark_submit.py:488} INFO - 22/04/05 23:59:50 INFO BlockManagerInfo: Added broadcast_3_piece0 in memory on 9fe4286b2855:38587 (size: 72.9 KiB, free: 434.3 MiB)
[2022-04-05 23:59:50,991] {spark_submit.py:488} INFO - 22/04/05 23:59:50 INFO SparkContext: Created broadcast 3 from broadcast at DAGScheduler.scala:1478
[2022-04-05 23:59:51,010] {spark_submit.py:488} INFO - 22/04/05 23:59:51 INFO DAGScheduler: Submitting 4 missing tasks from ResultStage 3 (ShuffledRowRDD[7] at save at NativeMethodAccessorImpl.java:0) (first 15 tasks are for partitions Vector(0, 1, 2, 3))
[2022-04-05 23:59:51,010] {spark_submit.py:488} INFO - 22/04/05 23:59:51 INFO TaskSchedulerImpl: Adding task set 3.0 with 4 tasks resource profile 0
[2022-04-05 23:59:51,107] {spark_submit.py:488} INFO - 22/04/05 23:59:51 INFO TaskSetManager: Starting task 0.0 in stage 3.0 (TID 5) (9fe4286b2855, executor driver, partition 0, NODE_LOCAL, 4453 bytes) taskResourceAssignments Map()
[2022-04-05 23:59:51,108] {spark_submit.py:488} INFO - 22/04/05 23:59:51 INFO TaskSetManager: Starting task 1.0 in stage 3.0 (TID 6) (9fe4286b2855, executor driver, partition 1, NODE_LOCAL, 4453 bytes) taskResourceAssignments Map()
[2022-04-05 23:59:51,109] {spark_submit.py:488} INFO - 22/04/05 23:59:51 INFO TaskSetManager: Starting task 2.0 in stage 3.0 (TID 7) (9fe4286b2855, executor driver, partition 2, NODE_LOCAL, 4453 bytes) taskResourceAssignments Map()
[2022-04-05 23:59:51,110] {spark_submit.py:488} INFO - 22/04/05 23:59:51 INFO TaskSetManager: Starting task 3.0 in stage 3.0 (TID 8) (9fe4286b2855, executor driver, partition 3, NODE_LOCAL, 4453 bytes) taskResourceAssignments Map()
[2022-04-05 23:59:51,111] {spark_submit.py:488} INFO - 22/04/05 23:59:51 INFO Executor: Running task 0.0 in stage 3.0 (TID 5)
[2022-04-05 23:59:51,278] {spark_submit.py:488} INFO - 22/04/05 23:59:51 INFO Executor: Running task 2.0 in stage 3.0 (TID 7)
[2022-04-05 23:59:51,304] {spark_submit.py:488} INFO - 22/04/05 23:59:51 INFO Executor: Running task 1.0 in stage 3.0 (TID 6)
[2022-04-05 23:59:51,308] {spark_submit.py:488} INFO - 22/04/05 23:59:51 INFO Executor: Running task 3.0 in stage 3.0 (TID 8)
[2022-04-05 23:59:52,016] {spark_submit.py:488} INFO - 22/04/05 23:59:52 INFO ShuffleBlockFetcherIterator: Getting 1 (26.9 MiB) non-empty blocks including 1 (26.9 MiB) local and 0 (0.0 B) host-local and 0 (0.0 B) push-merged-local and 0 (0.0 B) remote blocks
[2022-04-05 23:59:52,020] {spark_submit.py:488} INFO - 22/04/05 23:59:52 INFO ShuffleBlockFetcherIterator: Started 0 remote fetches in 23 ms
[2022-04-05 23:59:52,052] {spark_submit.py:488} INFO - 22/04/05 23:59:52 INFO ShuffleBlockFetcherIterator: Getting 1 (26.9 MiB) non-empty blocks including 1 (26.9 MiB) local and 0 (0.0 B) host-local and 0 (0.0 B) push-merged-local and 0 (0.0 B) remote blocks
[2022-04-05 23:59:52,052] {spark_submit.py:488} INFO - 22/04/05 23:59:52 INFO ShuffleBlockFetcherIterator: Started 0 remote fetches in 54 ms
[2022-04-05 23:59:52,054] {spark_submit.py:488} INFO - 22/04/05 23:59:52 INFO ShuffleBlockFetcherIterator: Getting 1 (26.9 MiB) non-empty blocks including 1 (26.9 MiB) local and 0 (0.0 B) host-local and 0 (0.0 B) push-merged-local and 0 (0.0 B) remote blocks
[2022-04-05 23:59:52,054] {spark_submit.py:488} INFO - 22/04/05 23:59:52 INFO ShuffleBlockFetcherIterator: Started 0 remote fetches in 60 ms
[2022-04-05 23:59:52,054] {spark_submit.py:488} INFO - 22/04/05 23:59:52 INFO ShuffleBlockFetcherIterator: Getting 1 (26.9 MiB) non-empty blocks including 1 (26.9 MiB) local and 0 (0.0 B) host-local and 0 (0.0 B) push-merged-local and 0 (0.0 B) remote blocks
[2022-04-05 23:59:52,055] {spark_submit.py:488} INFO - 22/04/05 23:59:52 INFO ShuffleBlockFetcherIterator: Started 0 remote fetches in 84 ms
[2022-04-05 23:59:52,075] {spark_submit.py:488} INFO - 22/04/05 23:59:52 INFO BlockManagerInfo: Removed broadcast_2_piece0 on 9fe4286b2855:38587 in memory (size: 10.6 KiB, free: 434.3 MiB)
[2022-04-05 23:59:52,180] {spark_submit.py:488} INFO - 22/04/05 23:59:52 INFO FileOutputCommitter: File Output Committer Algorithm version is 1
[2022-04-05 23:59:52,181] {spark_submit.py:488} INFO - 22/04/05 23:59:52 INFO FileOutputCommitter: FileOutputCommitter skip cleanup _temporary folders under output directory:false, ignore cleanup failures: false
[2022-04-05 23:59:52,182] {spark_submit.py:488} INFO - 22/04/05 23:59:52 INFO SQLHadoopMapReduceCommitProtocol: Using user defined output committer class org.apache.parquet.hadoop.ParquetOutputCommitter
[2022-04-05 23:59:52,183] {spark_submit.py:488} INFO - 22/04/05 23:59:52 INFO FileOutputCommitter: File Output Committer Algorithm version is 1
[2022-04-05 23:59:52,183] {spark_submit.py:488} INFO - 22/04/05 23:59:52 INFO FileOutputCommitter: FileOutputCommitter skip cleanup _temporary folders under output directory:false, ignore cleanup failures: false
[2022-04-05 23:59:52,184] {spark_submit.py:488} INFO - 22/04/05 23:59:52 INFO SQLHadoopMapReduceCommitProtocol: Using output committer class org.apache.parquet.hadoop.ParquetOutputCommitter
[2022-04-05 23:59:52,227] {spark_submit.py:488} INFO - 22/04/05 23:59:52 INFO FileOutputCommitter: File Output Committer Algorithm version is 1
[2022-04-05 23:59:52,227] {spark_submit.py:488} INFO - 22/04/05 23:59:52 INFO FileOutputCommitter: FileOutputCommitter skip cleanup _temporary folders under output directory:false, ignore cleanup failures: false
[2022-04-05 23:59:52,229] {spark_submit.py:488} INFO - 22/04/05 23:59:52 INFO FileOutputCommitter: File Output Committer Algorithm version is 1
[2022-04-05 23:59:52,229] {spark_submit.py:488} INFO - 22/04/05 23:59:52 INFO FileOutputCommitter: FileOutputCommitter skip cleanup _temporary folders under output directory:false, ignore cleanup failures: false
[2022-04-05 23:59:52,229] {spark_submit.py:488} INFO - 22/04/05 23:59:52 INFO FileOutputCommitter: File Output Committer Algorithm version is 1
[2022-04-05 23:59:52,230] {spark_submit.py:488} INFO - 22/04/05 23:59:52 INFO FileOutputCommitter: FileOutputCommitter skip cleanup _temporary folders under output directory:false, ignore cleanup failures: false
[2022-04-05 23:59:52,280] {spark_submit.py:488} INFO - 22/04/05 23:59:52 INFO SQLHadoopMapReduceCommitProtocol: Using user defined output committer class org.apache.parquet.hadoop.ParquetOutputCommitter
[2022-04-05 23:59:52,280] {spark_submit.py:488} INFO - 22/04/05 23:59:52 INFO FileOutputCommitter: File Output Committer Algorithm version is 1
[2022-04-05 23:59:52,280] {spark_submit.py:488} INFO - 22/04/05 23:59:52 INFO FileOutputCommitter: FileOutputCommitter skip cleanup _temporary folders under output directory:false, ignore cleanup failures: false
[2022-04-05 23:59:52,280] {spark_submit.py:488} INFO - 22/04/05 23:59:52 INFO SQLHadoopMapReduceCommitProtocol: Using output committer class org.apache.parquet.hadoop.ParquetOutputCommitter
[2022-04-05 23:59:52,282] {spark_submit.py:488} INFO - 22/04/05 23:59:52 INFO SQLHadoopMapReduceCommitProtocol: Using user defined output committer class org.apache.parquet.hadoop.ParquetOutputCommitter
[2022-04-05 23:59:52,282] {spark_submit.py:488} INFO - 22/04/05 23:59:52 INFO FileOutputCommitter: File Output Committer Algorithm version is 1
[2022-04-05 23:59:52,282] {spark_submit.py:488} INFO - 22/04/05 23:59:52 INFO FileOutputCommitter: FileOutputCommitter skip cleanup _temporary folders under output directory:false, ignore cleanup failures: false
[2022-04-05 23:59:52,282] {spark_submit.py:488} INFO - 22/04/05 23:59:52 INFO SQLHadoopMapReduceCommitProtocol: Using user defined output committer class org.apache.parquet.hadoop.ParquetOutputCommitter
[2022-04-05 23:59:52,282] {spark_submit.py:488} INFO - 22/04/05 23:59:52 INFO FileOutputCommitter: File Output Committer Algorithm version is 1
[2022-04-05 23:59:52,282] {spark_submit.py:488} INFO - 22/04/05 23:59:52 INFO FileOutputCommitter: FileOutputCommitter skip cleanup _temporary folders under output directory:false, ignore cleanup failures: false
[2022-04-05 23:59:52,282] {spark_submit.py:488} INFO - 22/04/05 23:59:52 INFO SQLHadoopMapReduceCommitProtocol: Using output committer class org.apache.parquet.hadoop.ParquetOutputCommitter
[2022-04-05 23:59:52,283] {spark_submit.py:488} INFO - 22/04/05 23:59:52 INFO SQLHadoopMapReduceCommitProtocol: Using output committer class org.apache.parquet.hadoop.ParquetOutputCommitter
[2022-04-05 23:59:52,319] {spark_submit.py:488} INFO - 22/04/05 23:59:52 INFO CodecConfig: Compression: SNAPPY
[2022-04-05 23:59:52,324] {spark_submit.py:488} INFO - 22/04/05 23:59:52 INFO CodecConfig: Compression: SNAPPY
[2022-04-05 23:59:52,324] {spark_submit.py:488} INFO - 22/04/05 23:59:52 INFO CodecConfig: Compression: SNAPPY
[2022-04-05 23:59:52,325] {spark_submit.py:488} INFO - 22/04/05 23:59:52 INFO CodecConfig: Compression: SNAPPY
[2022-04-05 23:59:52,336] {spark_submit.py:488} INFO - 22/04/05 23:59:52 INFO CodecConfig: Compression: SNAPPY
[2022-04-05 23:59:52,336] {spark_submit.py:488} INFO - 22/04/05 23:59:52 INFO CodecConfig: Compression: SNAPPY
[2022-04-05 23:59:52,340] {spark_submit.py:488} INFO - 22/04/05 23:59:52 INFO CodecConfig: Compression: SNAPPY
[2022-04-05 23:59:52,368] {spark_submit.py:488} INFO - 22/04/05 23:59:52 INFO CodecConfig: Compression: SNAPPY
[2022-04-05 23:59:52,484] {spark_submit.py:488} INFO - 22/04/05 23:59:52 INFO ParquetOutputFormat: Parquet block size to 134217728
[2022-04-05 23:59:52,484] {spark_submit.py:488} INFO - 22/04/05 23:59:52 INFO ParquetOutputFormat: Parquet block size to 134217728
[2022-04-05 23:59:52,484] {spark_submit.py:488} INFO - 22/04/05 23:59:52 INFO ParquetOutputFormat: Validation is off
[2022-04-05 23:59:52,485] {spark_submit.py:488} INFO - 22/04/05 23:59:52 INFO ParquetOutputFormat: Maximum row group padding size is 8388608 bytes
[2022-04-05 23:59:52,486] {spark_submit.py:488} INFO - 22/04/05 23:59:52 INFO ParquetOutputFormat: Parquet properties are:
[2022-04-05 23:59:52,486] {spark_submit.py:488} INFO - Parquet page size to 1048576
[2022-04-05 23:59:52,486] {spark_submit.py:488} INFO - Parquet dictionary page size to 1048576
[2022-04-05 23:59:52,486] {spark_submit.py:488} INFO - Dictionary is true
[2022-04-05 23:59:52,486] {spark_submit.py:488} INFO - Writer version is: PARQUET_1_0
[2022-04-05 23:59:52,487] {spark_submit.py:488} INFO - Page size checking is: estimated
[2022-04-05 23:59:52,487] {spark_submit.py:488} INFO - Min row count for page size check is: 100
[2022-04-05 23:59:52,487] {spark_submit.py:488} INFO - Max row count for page size check is: 10000
[2022-04-05 23:59:52,487] {spark_submit.py:488} INFO - Truncate length for column indexes is: 64
[2022-04-05 23:59:52,487] {spark_submit.py:488} INFO - Truncate length for statistics min/max  is: 2147483647
[2022-04-05 23:59:52,487] {spark_submit.py:488} INFO - Bloom filter enabled: false
[2022-04-05 23:59:52,487] {spark_submit.py:488} INFO - Max Bloom filter size for a column is 1048576
[2022-04-05 23:59:52,487] {spark_submit.py:488} INFO - Bloom filter expected number of distinct values are: null
[2022-04-05 23:59:52,487] {spark_submit.py:488} INFO - Page row count limit to 20000
[2022-04-05 23:59:52,487] {spark_submit.py:488} INFO - Writing page checksums is: on
[2022-04-05 23:59:52,490] {spark_submit.py:488} INFO - 22/04/05 23:59:52 INFO ParquetOutputFormat: Parquet block size to 134217728
[2022-04-05 23:59:52,490] {spark_submit.py:488} INFO - 22/04/05 23:59:52 INFO ParquetOutputFormat: Validation is off
[2022-04-05 23:59:52,491] {spark_submit.py:488} INFO - 22/04/05 23:59:52 INFO ParquetOutputFormat: Maximum row group padding size is 8388608 bytes
[2022-04-05 23:59:52,491] {spark_submit.py:488} INFO - 22/04/05 23:59:52 INFO ParquetOutputFormat: Parquet properties are:
[2022-04-05 23:59:52,491] {spark_submit.py:488} INFO - Parquet page size to 1048576
[2022-04-05 23:59:52,491] {spark_submit.py:488} INFO - Parquet dictionary page size to 1048576
[2022-04-05 23:59:52,491] {spark_submit.py:488} INFO - Dictionary is true
[2022-04-05 23:59:52,491] {spark_submit.py:488} INFO - Writer version is: PARQUET_1_0
[2022-04-05 23:59:52,492] {spark_submit.py:488} INFO - Page size checking is: estimated
[2022-04-05 23:59:52,492] {spark_submit.py:488} INFO - Min row count for page size check is: 100
[2022-04-05 23:59:52,492] {spark_submit.py:488} INFO - Max row count for page size check is: 10000
[2022-04-05 23:59:52,492] {spark_submit.py:488} INFO - Truncate length for column indexes is: 64
[2022-04-05 23:59:52,492] {spark_submit.py:488} INFO - Truncate length for statistics min/max  is: 2147483647
[2022-04-05 23:59:52,492] {spark_submit.py:488} INFO - Bloom filter enabled: false
[2022-04-05 23:59:52,492] {spark_submit.py:488} INFO - Max Bloom filter size for a column is 1048576
[2022-04-05 23:59:52,492] {spark_submit.py:488} INFO - Bloom filter expected number of distinct values are: null
[2022-04-05 23:59:52,492] {spark_submit.py:488} INFO - Page row count limit to 20000
[2022-04-05 23:59:52,493] {spark_submit.py:488} INFO - Writing page checksums is: on
[2022-04-05 23:59:52,504] {spark_submit.py:488} INFO - 22/04/05 23:59:52 INFO ParquetOutputFormat: Validation is off
[2022-04-05 23:59:52,505] {spark_submit.py:488} INFO - 22/04/05 23:59:52 INFO ParquetOutputFormat: Maximum row group padding size is 8388608 bytes
[2022-04-05 23:59:52,505] {spark_submit.py:488} INFO - 22/04/05 23:59:52 INFO ParquetOutputFormat: Parquet properties are:
[2022-04-05 23:59:52,505] {spark_submit.py:488} INFO - Parquet page size to 1048576
[2022-04-05 23:59:52,505] {spark_submit.py:488} INFO - Parquet dictionary page size to 1048576
[2022-04-05 23:59:52,505] {spark_submit.py:488} INFO - Dictionary is true
[2022-04-05 23:59:52,505] {spark_submit.py:488} INFO - Writer version is: PARQUET_1_0
[2022-04-05 23:59:52,505] {spark_submit.py:488} INFO - Page size checking is: estimated
[2022-04-05 23:59:52,505] {spark_submit.py:488} INFO - Min row count for page size check is: 100
[2022-04-05 23:59:52,505] {spark_submit.py:488} INFO - Max row count for page size check is: 10000
[2022-04-05 23:59:52,506] {spark_submit.py:488} INFO - Truncate length for column indexes is: 64
[2022-04-05 23:59:52,506] {spark_submit.py:488} INFO - Truncate length for statistics min/max  is: 2147483647
[2022-04-05 23:59:52,506] {spark_submit.py:488} INFO - Bloom filter enabled: false
[2022-04-05 23:59:52,506] {spark_submit.py:488} INFO - Max Bloom filter size for a column is 1048576
[2022-04-05 23:59:52,506] {spark_submit.py:488} INFO - Bloom filter expected number of distinct values are: null
[2022-04-05 23:59:52,506] {spark_submit.py:488} INFO - Page row count limit to 20000
[2022-04-05 23:59:52,506] {spark_submit.py:488} INFO - Writing page checksums is: on
[2022-04-05 23:59:52,593] {spark_submit.py:488} INFO - 22/04/05 23:59:52 INFO ParquetOutputFormat: Parquet block size to 134217728
[2022-04-05 23:59:52,594] {spark_submit.py:488} INFO - 22/04/05 23:59:52 INFO ParquetOutputFormat: Validation is off
[2022-04-05 23:59:52,594] {spark_submit.py:488} INFO - 22/04/05 23:59:52 INFO ParquetOutputFormat: Maximum row group padding size is 8388608 bytes
[2022-04-05 23:59:52,594] {spark_submit.py:488} INFO - 22/04/05 23:59:52 INFO ParquetOutputFormat: Parquet properties are:
[2022-04-05 23:59:52,595] {spark_submit.py:488} INFO - Parquet page size to 1048576
[2022-04-05 23:59:52,595] {spark_submit.py:488} INFO - Parquet dictionary page size to 1048576
[2022-04-05 23:59:52,595] {spark_submit.py:488} INFO - Dictionary is true
[2022-04-05 23:59:52,595] {spark_submit.py:488} INFO - Writer version is: PARQUET_1_0
[2022-04-05 23:59:52,595] {spark_submit.py:488} INFO - Page size checking is: estimated
[2022-04-05 23:59:52,595] {spark_submit.py:488} INFO - Min row count for page size check is: 100
[2022-04-05 23:59:52,595] {spark_submit.py:488} INFO - Max row count for page size check is: 10000
[2022-04-05 23:59:52,595] {spark_submit.py:488} INFO - Truncate length for column indexes is: 64
[2022-04-05 23:59:52,595] {spark_submit.py:488} INFO - Truncate length for statistics min/max  is: 2147483647
[2022-04-05 23:59:52,595] {spark_submit.py:488} INFO - Bloom filter enabled: false
[2022-04-05 23:59:52,595] {spark_submit.py:488} INFO - Max Bloom filter size for a column is 1048576
[2022-04-05 23:59:52,595] {spark_submit.py:488} INFO - Bloom filter expected number of distinct values are: null
[2022-04-05 23:59:52,596] {spark_submit.py:488} INFO - Page row count limit to 20000
[2022-04-05 23:59:52,596] {spark_submit.py:488} INFO - Writing page checksums is: on
[2022-04-05 23:59:52,643] {spark_submit.py:488} INFO - 22/04/05 23:59:52 INFO ParquetWriteSupport: Initialized Parquet WriteSupport with Catalyst schema:
[2022-04-05 23:59:52,643] {spark_submit.py:488} INFO - {
[2022-04-05 23:59:52,643] {spark_submit.py:488} INFO - "type" : "struct",
[2022-04-05 23:59:52,644] {spark_submit.py:488} INFO - "fields" : [ {
[2022-04-05 23:59:52,644] {spark_submit.py:488} INFO - "name" : "id",
[2022-04-05 23:59:52,644] {spark_submit.py:488} INFO - "type" : "integer",
[2022-04-05 23:59:52,644] {spark_submit.py:488} INFO - "nullable" : true,
[2022-04-05 23:59:52,644] {spark_submit.py:488} INFO - "metadata" : { }
[2022-04-05 23:59:52,644] {spark_submit.py:488} INFO - }, {
[2022-04-05 23:59:52,644] {spark_submit.py:488} INFO - "name" : "title",
[2022-04-05 23:59:52,644] {spark_submit.py:488} INFO - "type" : "string",
[2022-04-05 23:59:52,644] {spark_submit.py:488} INFO - "nullable" : true,
[2022-04-05 23:59:52,644] {spark_submit.py:488} INFO - "metadata" : { }
[2022-04-05 23:59:52,644] {spark_submit.py:488} INFO - }, {
[2022-04-05 23:59:52,644] {spark_submit.py:488} INFO - "name" : "body",
[2022-04-05 23:59:52,644] {spark_submit.py:488} INFO - "type" : "string",
[2022-04-05 23:59:52,645] {spark_submit.py:488} INFO - "nullable" : true,
[2022-04-05 23:59:52,645] {spark_submit.py:488} INFO - "metadata" : { }
[2022-04-05 23:59:52,645] {spark_submit.py:488} INFO - }, {
[2022-04-05 23:59:52,645] {spark_submit.py:488} INFO - "name" : "accepted_answer_id",
[2022-04-05 23:59:52,645] {spark_submit.py:488} INFO - "type" : "integer",
[2022-04-05 23:59:52,645] {spark_submit.py:488} INFO - "nullable" : true,
[2022-04-05 23:59:52,645] {spark_submit.py:488} INFO - "metadata" : { }
[2022-04-05 23:59:52,645] {spark_submit.py:488} INFO - }, {
[2022-04-05 23:59:52,645] {spark_submit.py:488} INFO - "name" : "answer_count",
[2022-04-05 23:59:52,645] {spark_submit.py:488} INFO - "type" : "integer",
[2022-04-05 23:59:52,645] {spark_submit.py:488} INFO - "nullable" : true,
[2022-04-05 23:59:52,645] {spark_submit.py:488} INFO - "metadata" : { }
[2022-04-05 23:59:52,645] {spark_submit.py:488} INFO - }, {
[2022-04-05 23:59:52,646] {spark_submit.py:488} INFO - "name" : "comment_count",
[2022-04-05 23:59:52,646] {spark_submit.py:488} INFO - "type" : "integer",
[2022-04-05 23:59:52,646] {spark_submit.py:488} INFO - "nullable" : true,
[2022-04-05 23:59:52,646] {spark_submit.py:488} INFO - "metadata" : { }
[2022-04-05 23:59:52,646] {spark_submit.py:488} INFO - }, {
[2022-04-05 23:59:52,646] {spark_submit.py:488} INFO - "name" : "community_owned_date",
[2022-04-05 23:59:52,646] {spark_submit.py:488} INFO - "type" : "timestamp",
[2022-04-05 23:59:52,646] {spark_submit.py:488} INFO - "nullable" : true,
[2022-04-05 23:59:52,646] {spark_submit.py:488} INFO - "metadata" : { }
[2022-04-05 23:59:52,646] {spark_submit.py:488} INFO - }, {
[2022-04-05 23:59:52,646] {spark_submit.py:488} INFO - "name" : "creation_date",
[2022-04-05 23:59:52,646] {spark_submit.py:488} INFO - "type" : "timestamp",
[2022-04-05 23:59:52,646] {spark_submit.py:488} INFO - "nullable" : true,
[2022-04-05 23:59:52,646] {spark_submit.py:488} INFO - "metadata" : { }
[2022-04-05 23:59:52,646] {spark_submit.py:488} INFO - }, {
[2022-04-05 23:59:52,647] {spark_submit.py:488} INFO - "name" : "favorite_count",
[2022-04-05 23:59:52,647] {spark_submit.py:488} INFO - "type" : "integer",
[2022-04-05 23:59:52,647] {spark_submit.py:488} INFO - "nullable" : true,
[2022-04-05 23:59:52,647] {spark_submit.py:488} INFO - "metadata" : { }
[2022-04-05 23:59:52,647] {spark_submit.py:488} INFO - }, {
[2022-04-05 23:59:52,647] {spark_submit.py:488} INFO - "name" : "last_activity_date",
[2022-04-05 23:59:52,647] {spark_submit.py:488} INFO - "type" : "timestamp",
[2022-04-05 23:59:52,647] {spark_submit.py:488} INFO - "nullable" : true,
[2022-04-05 23:59:52,647] {spark_submit.py:488} INFO - "metadata" : { }
[2022-04-05 23:59:52,647] {spark_submit.py:488} INFO - }, {
[2022-04-05 23:59:52,647] {spark_submit.py:488} INFO - "name" : "last_edit_date",
[2022-04-05 23:59:52,647] {spark_submit.py:488} INFO - "type" : "timestamp",
[2022-04-05 23:59:52,647] {spark_submit.py:488} INFO - "nullable" : true,
[2022-04-05 23:59:52,648] {spark_submit.py:488} INFO - "metadata" : { }
[2022-04-05 23:59:52,648] {spark_submit.py:488} INFO - }, {
[2022-04-05 23:59:52,648] {spark_submit.py:488} INFO - "name" : "last_editor_display_name",
[2022-04-05 23:59:52,648] {spark_submit.py:488} INFO - "type" : "string",
[2022-04-05 23:59:52,648] {spark_submit.py:488} INFO - "nullable" : true,
[2022-04-05 23:59:52,648] {spark_submit.py:488} INFO - "metadata" : { }
[2022-04-05 23:59:52,648] {spark_submit.py:488} INFO - }, {
[2022-04-05 23:59:52,648] {spark_submit.py:488} INFO - "name" : "last_editor_user_id",
[2022-04-05 23:59:52,648] {spark_submit.py:488} INFO - "type" : "integer",
[2022-04-05 23:59:52,648] {spark_submit.py:488} INFO - "nullable" : true,
[2022-04-05 23:59:52,648] {spark_submit.py:488} INFO - "metadata" : { }
[2022-04-05 23:59:52,649] {spark_submit.py:488} INFO - }, {
[2022-04-05 23:59:52,649] {spark_submit.py:488} INFO - "name" : "owner_display_name",
[2022-04-05 23:59:52,649] {spark_submit.py:488} INFO - "type" : "string",
[2022-04-05 23:59:52,649] {spark_submit.py:488} INFO - "nullable" : true,
[2022-04-05 23:59:52,649] {spark_submit.py:488} INFO - "metadata" : { }
[2022-04-05 23:59:52,649] {spark_submit.py:488} INFO - }, {
[2022-04-05 23:59:52,649] {spark_submit.py:488} INFO - "name" : "owner_user_id",
[2022-04-05 23:59:52,649] {spark_submit.py:488} INFO - "type" : "integer",
[2022-04-05 23:59:52,649] {spark_submit.py:488} INFO - "nullable" : true,
[2022-04-05 23:59:52,649] {spark_submit.py:488} INFO - "metadata" : { }
[2022-04-05 23:59:52,649] {spark_submit.py:488} INFO - }, {
[2022-04-05 23:59:52,649] {spark_submit.py:488} INFO - "name" : "parent_id",
[2022-04-05 23:59:52,649] {spark_submit.py:488} INFO - "type" : "integer",
[2022-04-05 23:59:52,650] {spark_submit.py:488} INFO - "nullable" : true,
[2022-04-05 23:59:52,650] {spark_submit.py:488} INFO - "metadata" : { }
[2022-04-05 23:59:52,650] {spark_submit.py:488} INFO - }, {
[2022-04-05 23:59:52,650] {spark_submit.py:488} INFO - "name" : "post_type_id",
[2022-04-05 23:59:52,650] {spark_submit.py:488} INFO - "type" : "integer",
[2022-04-05 23:59:52,650] {spark_submit.py:488} INFO - "nullable" : true,
[2022-04-05 23:59:52,650] {spark_submit.py:488} INFO - "metadata" : { }
[2022-04-05 23:59:52,650] {spark_submit.py:488} INFO - }, {
[2022-04-05 23:59:52,650] {spark_submit.py:488} INFO - "name" : "score",
[2022-04-05 23:59:52,650] {spark_submit.py:488} INFO - "type" : "integer",
[2022-04-05 23:59:52,650] {spark_submit.py:488} INFO - "nullable" : true,
[2022-04-05 23:59:52,650] {spark_submit.py:488} INFO - "metadata" : { }
[2022-04-05 23:59:52,651] {spark_submit.py:488} INFO - }, {
[2022-04-05 23:59:52,651] {spark_submit.py:488} INFO - "name" : "tags",
[2022-04-05 23:59:52,651] {spark_submit.py:488} INFO - "type" : "string",
[2022-04-05 23:59:52,651] {spark_submit.py:488} INFO - "nullable" : true,
[2022-04-05 23:59:52,651] {spark_submit.py:488} INFO - "metadata" : { }
[2022-04-05 23:59:52,651] {spark_submit.py:488} INFO - }, {
[2022-04-05 23:59:52,651] {spark_submit.py:488} INFO - "name" : "view_count",
[2022-04-05 23:59:52,652] {spark_submit.py:488} INFO - "type" : "integer",
[2022-04-05 23:59:52,652] {spark_submit.py:488} INFO - "nullable" : true,
[2022-04-05 23:59:52,652] {spark_submit.py:488} INFO - "metadata" : { }
[2022-04-05 23:59:52,652] {spark_submit.py:488} INFO - }, {
[2022-04-05 23:59:52,652] {spark_submit.py:488} INFO - "name" : "group_by_date",
[2022-04-05 23:59:52,652] {spark_submit.py:488} INFO - "type" : "timestamp",
[2022-04-05 23:59:52,652] {spark_submit.py:488} INFO - "nullable" : true,
[2022-04-05 23:59:52,652] {spark_submit.py:488} INFO - "metadata" : { }
[2022-04-05 23:59:52,652] {spark_submit.py:488} INFO - } ]
[2022-04-05 23:59:52,652] {spark_submit.py:488} INFO - }
[2022-04-05 23:59:52,652] {spark_submit.py:488} INFO - and corresponding Parquet message type:
[2022-04-05 23:59:52,652] {spark_submit.py:488} INFO - message spark_schema {
[2022-04-05 23:59:52,652] {spark_submit.py:488} INFO - optional int32 id;
[2022-04-05 23:59:52,652] {spark_submit.py:488} INFO - optional binary title (STRING);
[2022-04-05 23:59:52,653] {spark_submit.py:488} INFO - optional binary body (STRING);
[2022-04-05 23:59:52,653] {spark_submit.py:488} INFO - optional int32 accepted_answer_id;
[2022-04-05 23:59:52,653] {spark_submit.py:488} INFO - optional int32 answer_count;
[2022-04-05 23:59:52,653] {spark_submit.py:488} INFO - optional int32 comment_count;
[2022-04-05 23:59:52,653] {spark_submit.py:488} INFO - optional int96 community_owned_date;
[2022-04-05 23:59:52,653] {spark_submit.py:488} INFO - optional int96 creation_date;
[2022-04-05 23:59:52,653] {spark_submit.py:488} INFO - optional int32 favorite_count;
[2022-04-05 23:59:52,653] {spark_submit.py:488} INFO - optional int96 last_activity_date;
[2022-04-05 23:59:52,653] {spark_submit.py:488} INFO - optional int96 last_edit_date;
[2022-04-05 23:59:52,653] {spark_submit.py:488} INFO - optional binary last_editor_display_name (STRING);
[2022-04-05 23:59:52,653] {spark_submit.py:488} INFO - optional int32 last_editor_user_id;
[2022-04-05 23:59:52,653] {spark_submit.py:488} INFO - optional binary owner_display_name (STRING);
[2022-04-05 23:59:52,654] {spark_submit.py:488} INFO - optional int32 owner_user_id;
[2022-04-05 23:59:52,654] {spark_submit.py:488} INFO - optional int32 parent_id;
[2022-04-05 23:59:52,654] {spark_submit.py:488} INFO - optional int32 post_type_id;
[2022-04-05 23:59:52,654] {spark_submit.py:488} INFO - optional int32 score;
[2022-04-05 23:59:52,654] {spark_submit.py:488} INFO - optional binary tags (STRING);
[2022-04-05 23:59:52,654] {spark_submit.py:488} INFO - optional int32 view_count;
[2022-04-05 23:59:52,654] {spark_submit.py:488} INFO - optional int96 group_by_date;
[2022-04-05 23:59:52,654] {spark_submit.py:488} INFO - }
[2022-04-05 23:59:52,654] {spark_submit.py:488} INFO - 
[2022-04-05 23:59:52,654] {spark_submit.py:488} INFO - 
[2022-04-05 23:59:52,686] {spark_submit.py:488} INFO - 22/04/05 23:59:52 INFO ParquetWriteSupport: Initialized Parquet WriteSupport with Catalyst schema:
[2022-04-05 23:59:52,686] {spark_submit.py:488} INFO - {
[2022-04-05 23:59:52,686] {spark_submit.py:488} INFO - "type" : "struct",
[2022-04-05 23:59:52,686] {spark_submit.py:488} INFO - "fields" : [ {
[2022-04-05 23:59:52,686] {spark_submit.py:488} INFO - "name" : "id",
[2022-04-05 23:59:52,686] {spark_submit.py:488} INFO - "type" : "integer",
[2022-04-05 23:59:52,704] {spark_submit.py:488} INFO - "nullable" : true,
[2022-04-05 23:59:52,704] {spark_submit.py:488} INFO - "metadata" : { }
[2022-04-05 23:59:52,704] {spark_submit.py:488} INFO - }, {
[2022-04-05 23:59:52,704] {spark_submit.py:488} INFO - "name" : "title",
[2022-04-05 23:59:52,704] {spark_submit.py:488} INFO - "type" : "string",
[2022-04-05 23:59:52,704] {spark_submit.py:488} INFO - "nullable" : true,
[2022-04-05 23:59:52,704] {spark_submit.py:488} INFO - "metadata" : { }
[2022-04-05 23:59:52,704] {spark_submit.py:488} INFO - }, {
[2022-04-05 23:59:52,704] {spark_submit.py:488} INFO - "name" : "body",
[2022-04-05 23:59:52,704] {spark_submit.py:488} INFO - "type" : "string",
[2022-04-05 23:59:52,705] {spark_submit.py:488} INFO - "nullable" : true,
[2022-04-05 23:59:52,705] {spark_submit.py:488} INFO - "metadata" : { }
[2022-04-05 23:59:52,705] {spark_submit.py:488} INFO - }, {
[2022-04-05 23:59:52,705] {spark_submit.py:488} INFO - "name" : "accepted_answer_id",
[2022-04-05 23:59:52,705] {spark_submit.py:488} INFO - "type" : "integer",
[2022-04-05 23:59:52,705] {spark_submit.py:488} INFO - "nullable" : true,
[2022-04-05 23:59:52,705] {spark_submit.py:488} INFO - "metadata" : { }
[2022-04-05 23:59:52,705] {spark_submit.py:488} INFO - }, {
[2022-04-05 23:59:52,705] {spark_submit.py:488} INFO - "name" : "answer_count",
[2022-04-05 23:59:52,705] {spark_submit.py:488} INFO - "type" : "integer",
[2022-04-05 23:59:52,705] {spark_submit.py:488} INFO - "nullable" : true,
[2022-04-05 23:59:52,705] {spark_submit.py:488} INFO - "metadata" : { }
[2022-04-05 23:59:52,705] {spark_submit.py:488} INFO - }, {
[2022-04-05 23:59:52,706] {spark_submit.py:488} INFO - "name" : "comment_count",
[2022-04-05 23:59:52,706] {spark_submit.py:488} INFO - "type" : "integer",
[2022-04-05 23:59:52,706] {spark_submit.py:488} INFO - "nullable" : true,
[2022-04-05 23:59:52,706] {spark_submit.py:488} INFO - "metadata" : { }
[2022-04-05 23:59:52,706] {spark_submit.py:488} INFO - }, {
[2022-04-05 23:59:52,706] {spark_submit.py:488} INFO - "name" : "community_owned_date",
[2022-04-05 23:59:52,706] {spark_submit.py:488} INFO - "type" : "timestamp",
[2022-04-05 23:59:52,706] {spark_submit.py:488} INFO - "nullable" : true,
[2022-04-05 23:59:52,706] {spark_submit.py:488} INFO - "metadata" : { }
[2022-04-05 23:59:52,706] {spark_submit.py:488} INFO - }, {
[2022-04-05 23:59:52,706] {spark_submit.py:488} INFO - "name" : "creation_date",
[2022-04-05 23:59:52,706] {spark_submit.py:488} INFO - "type" : "timestamp",
[2022-04-05 23:59:52,706] {spark_submit.py:488} INFO - "nullable" : true,
[2022-04-05 23:59:52,706] {spark_submit.py:488} INFO - "metadata" : { }
[2022-04-05 23:59:52,707] {spark_submit.py:488} INFO - }, {
[2022-04-05 23:59:52,707] {spark_submit.py:488} INFO - "name" : "favorite_count",
[2022-04-05 23:59:52,707] {spark_submit.py:488} INFO - "type" : "integer",
[2022-04-05 23:59:52,707] {spark_submit.py:488} INFO - "nullable" : true,
[2022-04-05 23:59:52,707] {spark_submit.py:488} INFO - "metadata" : { }
[2022-04-05 23:59:52,707] {spark_submit.py:488} INFO - }, {
[2022-04-05 23:59:52,707] {spark_submit.py:488} INFO - "name" : "last_activity_date",
[2022-04-05 23:59:52,707] {spark_submit.py:488} INFO - "type" : "timestamp",
[2022-04-05 23:59:52,707] {spark_submit.py:488} INFO - "nullable" : true,
[2022-04-05 23:59:52,707] {spark_submit.py:488} INFO - "metadata" : { }
[2022-04-05 23:59:52,707] {spark_submit.py:488} INFO - }, {
[2022-04-05 23:59:52,707] {spark_submit.py:488} INFO - "name" : "last_edit_date",
[2022-04-05 23:59:52,707] {spark_submit.py:488} INFO - "type" : "timestamp",
[2022-04-05 23:59:52,707] {spark_submit.py:488} INFO - "nullable" : true,
[2022-04-05 23:59:52,732] {spark_submit.py:488} INFO - "metadata" : { }
[2022-04-05 23:59:52,732] {spark_submit.py:488} INFO - }, {
[2022-04-05 23:59:52,732] {spark_submit.py:488} INFO - "name" : "last_editor_display_name",
[2022-04-05 23:59:52,732] {spark_submit.py:488} INFO - "type" : "string",
[2022-04-05 23:59:52,732] {spark_submit.py:488} INFO - "nullable" : true,
[2022-04-05 23:59:52,732] {spark_submit.py:488} INFO - "metadata" : { }
[2022-04-05 23:59:52,732] {spark_submit.py:488} INFO - }, {
[2022-04-05 23:59:52,733] {spark_submit.py:488} INFO - "name" : "last_editor_user_id",
[2022-04-05 23:59:52,733] {spark_submit.py:488} INFO - "type" : "integer",
[2022-04-05 23:59:52,733] {spark_submit.py:488} INFO - "nullable" : true,
[2022-04-05 23:59:52,733] {spark_submit.py:488} INFO - "metadata" : { }
[2022-04-05 23:59:52,733] {spark_submit.py:488} INFO - }, {
[2022-04-05 23:59:52,733] {spark_submit.py:488} INFO - "name" : "owner_display_name",
[2022-04-05 23:59:52,733] {spark_submit.py:488} INFO - "type" : "string",
[2022-04-05 23:59:52,733] {spark_submit.py:488} INFO - "nullable" : true,
[2022-04-05 23:59:52,733] {spark_submit.py:488} INFO - "metadata" : { }
[2022-04-05 23:59:52,733] {spark_submit.py:488} INFO - }, {
[2022-04-05 23:59:52,733] {spark_submit.py:488} INFO - "name" : "owner_user_id",
[2022-04-05 23:59:52,734] {spark_submit.py:488} INFO - "type" : "integer",
[2022-04-05 23:59:52,734] {spark_submit.py:488} INFO - "nullable" : true,
[2022-04-05 23:59:52,734] {spark_submit.py:488} INFO - "metadata" : { }
[2022-04-05 23:59:52,734] {spark_submit.py:488} INFO - }, {
[2022-04-05 23:59:52,734] {spark_submit.py:488} INFO - "name" : "parent_id",
[2022-04-05 23:59:52,734] {spark_submit.py:488} INFO - "type" : "integer",
[2022-04-05 23:59:52,734] {spark_submit.py:488} INFO - "nullable" : true,
[2022-04-05 23:59:52,734] {spark_submit.py:488} INFO - "metadata" : { }
[2022-04-05 23:59:52,734] {spark_submit.py:488} INFO - }, {
[2022-04-05 23:59:52,734] {spark_submit.py:488} INFO - "name" : "post_type_id",
[2022-04-05 23:59:52,734] {spark_submit.py:488} INFO - "type" : "integer",
[2022-04-05 23:59:52,734] {spark_submit.py:488} INFO - "nullable" : true,
[2022-04-05 23:59:52,734] {spark_submit.py:488} INFO - "metadata" : { }
[2022-04-05 23:59:52,735] {spark_submit.py:488} INFO - }, {
[2022-04-05 23:59:52,735] {spark_submit.py:488} INFO - "name" : "score",
[2022-04-05 23:59:52,735] {spark_submit.py:488} INFO - "type" : "integer",
[2022-04-05 23:59:52,735] {spark_submit.py:488} INFO - "nullable" : true,
[2022-04-05 23:59:52,735] {spark_submit.py:488} INFO - "metadata" : { }
[2022-04-05 23:59:52,735] {spark_submit.py:488} INFO - }, {
[2022-04-05 23:59:52,735] {spark_submit.py:488} INFO - "name" : "tags",
[2022-04-05 23:59:52,735] {spark_submit.py:488} INFO - "type" : "string",
[2022-04-05 23:59:52,735] {spark_submit.py:488} INFO - "nullable" : true,
[2022-04-05 23:59:52,735] {spark_submit.py:488} INFO - "metadata" : { }
[2022-04-05 23:59:52,735] {spark_submit.py:488} INFO - }, {
[2022-04-05 23:59:52,735] {spark_submit.py:488} INFO - "name" : "view_count",
[2022-04-05 23:59:52,735] {spark_submit.py:488} INFO - "type" : "integer",
[2022-04-05 23:59:52,735] {spark_submit.py:488} INFO - "nullable" : true,
[2022-04-05 23:59:52,764] {spark_submit.py:488} INFO - "metadata" : { }
[2022-04-05 23:59:52,764] {spark_submit.py:488} INFO - }, {
[2022-04-05 23:59:52,764] {spark_submit.py:488} INFO - "name" : "group_by_date",
[2022-04-05 23:59:52,764] {spark_submit.py:488} INFO - "type" : "timestamp",
[2022-04-05 23:59:52,764] {spark_submit.py:488} INFO - "nullable" : true,
[2022-04-05 23:59:52,764] {spark_submit.py:488} INFO - "metadata" : { }
[2022-04-05 23:59:52,764] {spark_submit.py:488} INFO - } ]
[2022-04-05 23:59:52,764] {spark_submit.py:488} INFO - }
[2022-04-05 23:59:52,764] {spark_submit.py:488} INFO - and corresponding Parquet message type:
[2022-04-05 23:59:52,764] {spark_submit.py:488} INFO - message spark_schema {
[2022-04-05 23:59:52,764] {spark_submit.py:488} INFO - optional int32 id;
[2022-04-05 23:59:52,765] {spark_submit.py:488} INFO - optional binary title (STRING);
[2022-04-05 23:59:52,765] {spark_submit.py:488} INFO - optional binary body (STRING);
[2022-04-05 23:59:52,765] {spark_submit.py:488} INFO - optional int32 accepted_answer_id;
[2022-04-05 23:59:52,765] {spark_submit.py:488} INFO - optional int32 answer_count;
[2022-04-05 23:59:52,765] {spark_submit.py:488} INFO - optional int32 comment_count;
[2022-04-05 23:59:52,765] {spark_submit.py:488} INFO - optional int96 community_owned_date;
[2022-04-05 23:59:52,765] {spark_submit.py:488} INFO - optional int96 creation_date;
[2022-04-05 23:59:52,765] {spark_submit.py:488} INFO - optional int32 favorite_count;
[2022-04-05 23:59:52,765] {spark_submit.py:488} INFO - optional int96 last_activity_date;
[2022-04-05 23:59:52,765] {spark_submit.py:488} INFO - optional int96 last_edit_date;
[2022-04-05 23:59:52,765] {spark_submit.py:488} INFO - optional binary last_editor_display_name (STRING);
[2022-04-05 23:59:52,765] {spark_submit.py:488} INFO - optional int32 last_editor_user_id;
[2022-04-05 23:59:52,765] {spark_submit.py:488} INFO - optional binary owner_display_name (STRING);
[2022-04-05 23:59:52,765] {spark_submit.py:488} INFO - optional int32 owner_user_id;
[2022-04-05 23:59:52,780] {spark_submit.py:488} INFO - optional int32 parent_id;
[2022-04-05 23:59:52,780] {spark_submit.py:488} INFO - optional int32 post_type_id;
[2022-04-05 23:59:52,780] {spark_submit.py:488} INFO - optional int32 score;
[2022-04-05 23:59:52,780] {spark_submit.py:488} INFO - optional binary tags (STRING);
[2022-04-05 23:59:52,780] {spark_submit.py:488} INFO - optional int32 view_count;
[2022-04-05 23:59:52,780] {spark_submit.py:488} INFO - optional int96 group_by_date;
[2022-04-05 23:59:52,781] {spark_submit.py:488} INFO - }
[2022-04-05 23:59:52,781] {spark_submit.py:488} INFO - 
[2022-04-05 23:59:52,781] {spark_submit.py:488} INFO - 
[2022-04-05 23:59:52,781] {spark_submit.py:488} INFO - 22/04/05 23:59:52 INFO ParquetWriteSupport: Initialized Parquet WriteSupport with Catalyst schema:
[2022-04-05 23:59:52,781] {spark_submit.py:488} INFO - {
[2022-04-05 23:59:52,781] {spark_submit.py:488} INFO - "type" : "struct",
[2022-04-05 23:59:52,781] {spark_submit.py:488} INFO - "fields" : [ {
[2022-04-05 23:59:52,781] {spark_submit.py:488} INFO - "name" : "id",
[2022-04-05 23:59:52,782] {spark_submit.py:488} INFO - "type" : "integer",
[2022-04-05 23:59:52,782] {spark_submit.py:488} INFO - "nullable" : true,
[2022-04-05 23:59:52,782] {spark_submit.py:488} INFO - "metadata" : { }
[2022-04-05 23:59:52,795] {spark_submit.py:488} INFO - }, {
[2022-04-05 23:59:52,795] {spark_submit.py:488} INFO - "name" : "title",
[2022-04-05 23:59:52,795] {spark_submit.py:488} INFO - "type" : "string",
[2022-04-05 23:59:52,795] {spark_submit.py:488} INFO - "nullable" : true,
[2022-04-05 23:59:52,795] {spark_submit.py:488} INFO - "metadata" : { }
[2022-04-05 23:59:52,795] {spark_submit.py:488} INFO - }, {
[2022-04-05 23:59:52,795] {spark_submit.py:488} INFO - "name" : "body",
[2022-04-05 23:59:52,795] {spark_submit.py:488} INFO - "type" : "string",
[2022-04-05 23:59:52,808] {spark_submit.py:488} INFO - "nullable" : true,
[2022-04-05 23:59:52,808] {spark_submit.py:488} INFO - "metadata" : { }
[2022-04-05 23:59:52,808] {spark_submit.py:488} INFO - }, {
[2022-04-05 23:59:52,808] {spark_submit.py:488} INFO - "name" : "accepted_answer_id",
[2022-04-05 23:59:52,808] {spark_submit.py:488} INFO - "type" : "integer",
[2022-04-05 23:59:52,808] {spark_submit.py:488} INFO - "nullable" : true,
[2022-04-05 23:59:52,808] {spark_submit.py:488} INFO - "metadata" : { }
[2022-04-05 23:59:52,809] {spark_submit.py:488} INFO - }, {
[2022-04-05 23:59:52,809] {spark_submit.py:488} INFO - "name" : "answer_count",
[2022-04-05 23:59:52,809] {spark_submit.py:488} INFO - "type" : "integer",
[2022-04-05 23:59:52,809] {spark_submit.py:488} INFO - "nullable" : true,
[2022-04-05 23:59:52,809] {spark_submit.py:488} INFO - "metadata" : { }
[2022-04-05 23:59:52,809] {spark_submit.py:488} INFO - }, {
[2022-04-05 23:59:52,809] {spark_submit.py:488} INFO - "name" : "comment_count",
[2022-04-05 23:59:52,809] {spark_submit.py:488} INFO - "type" : "integer",
[2022-04-05 23:59:52,809] {spark_submit.py:488} INFO - "nullable" : true,
[2022-04-05 23:59:52,809] {spark_submit.py:488} INFO - "metadata" : { }
[2022-04-05 23:59:52,809] {spark_submit.py:488} INFO - }, {
[2022-04-05 23:59:52,809] {spark_submit.py:488} INFO - "name" : "community_owned_date",
[2022-04-05 23:59:52,809] {spark_submit.py:488} INFO - "type" : "timestamp",
[2022-04-05 23:59:52,809] {spark_submit.py:488} INFO - "nullable" : true,
[2022-04-05 23:59:52,810] {spark_submit.py:488} INFO - "metadata" : { }
[2022-04-05 23:59:52,810] {spark_submit.py:488} INFO - }, {
[2022-04-05 23:59:52,810] {spark_submit.py:488} INFO - "name" : "creation_date",
[2022-04-05 23:59:52,810] {spark_submit.py:488} INFO - "type" : "timestamp",
[2022-04-05 23:59:52,810] {spark_submit.py:488} INFO - "nullable" : true,
[2022-04-05 23:59:52,810] {spark_submit.py:488} INFO - "metadata" : { }
[2022-04-05 23:59:52,810] {spark_submit.py:488} INFO - }, {
[2022-04-05 23:59:52,810] {spark_submit.py:488} INFO - "name" : "favorite_count",
[2022-04-05 23:59:52,810] {spark_submit.py:488} INFO - "type" : "integer",
[2022-04-05 23:59:52,810] {spark_submit.py:488} INFO - "nullable" : true,
[2022-04-05 23:59:52,810] {spark_submit.py:488} INFO - "metadata" : { }
[2022-04-05 23:59:52,810] {spark_submit.py:488} INFO - }, {
[2022-04-05 23:59:52,810] {spark_submit.py:488} INFO - "name" : "last_activity_date",
[2022-04-05 23:59:52,810] {spark_submit.py:488} INFO - "type" : "timestamp",
[2022-04-05 23:59:52,811] {spark_submit.py:488} INFO - "nullable" : true,
[2022-04-05 23:59:52,811] {spark_submit.py:488} INFO - "metadata" : { }
[2022-04-05 23:59:52,811] {spark_submit.py:488} INFO - }, {
[2022-04-05 23:59:52,811] {spark_submit.py:488} INFO - "name" : "last_edit_date",
[2022-04-05 23:59:52,811] {spark_submit.py:488} INFO - "type" : "timestamp",
[2022-04-05 23:59:52,811] {spark_submit.py:488} INFO - "nullable" : true,
[2022-04-05 23:59:52,811] {spark_submit.py:488} INFO - "metadata" : { }
[2022-04-05 23:59:52,811] {spark_submit.py:488} INFO - }, {
[2022-04-05 23:59:52,811] {spark_submit.py:488} INFO - "name" : "last_editor_display_name",
[2022-04-05 23:59:52,811] {spark_submit.py:488} INFO - "type" : "string",
[2022-04-05 23:59:52,811] {spark_submit.py:488} INFO - "nullable" : true,
[2022-04-05 23:59:52,811] {spark_submit.py:488} INFO - "metadata" : { }
[2022-04-05 23:59:52,832] {spark_submit.py:488} INFO - }, {
[2022-04-05 23:59:52,832] {spark_submit.py:488} INFO - "name" : "last_editor_user_id",
[2022-04-05 23:59:52,832] {spark_submit.py:488} INFO - "type" : "integer",
[2022-04-05 23:59:52,832] {spark_submit.py:488} INFO - "nullable" : true,
[2022-04-05 23:59:52,832] {spark_submit.py:488} INFO - "metadata" : { }
[2022-04-05 23:59:52,832] {spark_submit.py:488} INFO - }, {
[2022-04-05 23:59:52,833] {spark_submit.py:488} INFO - "name" : "owner_display_name",
[2022-04-05 23:59:52,833] {spark_submit.py:488} INFO - "type" : "string",
[2022-04-05 23:59:52,833] {spark_submit.py:488} INFO - "nullable" : true,
[2022-04-05 23:59:52,833] {spark_submit.py:488} INFO - "metadata" : { }
[2022-04-05 23:59:52,833] {spark_submit.py:488} INFO - }, {
[2022-04-05 23:59:52,833] {spark_submit.py:488} INFO - "name" : "owner_user_id",
[2022-04-05 23:59:52,833] {spark_submit.py:488} INFO - "type" : "integer",
[2022-04-05 23:59:52,833] {spark_submit.py:488} INFO - "nullable" : true,
[2022-04-05 23:59:52,833] {spark_submit.py:488} INFO - "metadata" : { }
[2022-04-05 23:59:52,834] {spark_submit.py:488} INFO - }, {
[2022-04-05 23:59:52,834] {spark_submit.py:488} INFO - "name" : "parent_id",
[2022-04-05 23:59:52,834] {spark_submit.py:488} INFO - "type" : "integer",
[2022-04-05 23:59:52,834] {spark_submit.py:488} INFO - "nullable" : true,
[2022-04-05 23:59:52,834] {spark_submit.py:488} INFO - "metadata" : { }
[2022-04-05 23:59:52,834] {spark_submit.py:488} INFO - }, {
[2022-04-05 23:59:52,834] {spark_submit.py:488} INFO - "name" : "post_type_id",
[2022-04-05 23:59:52,834] {spark_submit.py:488} INFO - "type" : "integer",
[2022-04-05 23:59:52,834] {spark_submit.py:488} INFO - "nullable" : true,
[2022-04-05 23:59:52,834] {spark_submit.py:488} INFO - "metadata" : { }
[2022-04-05 23:59:52,834] {spark_submit.py:488} INFO - }, {
[2022-04-05 23:59:52,834] {spark_submit.py:488} INFO - "name" : "score",
[2022-04-05 23:59:52,834] {spark_submit.py:488} INFO - "type" : "integer",
[2022-04-05 23:59:52,835] {spark_submit.py:488} INFO - "nullable" : true,
[2022-04-05 23:59:52,835] {spark_submit.py:488} INFO - "metadata" : { }
[2022-04-05 23:59:52,835] {spark_submit.py:488} INFO - }, {
[2022-04-05 23:59:52,835] {spark_submit.py:488} INFO - "name" : "tags",
[2022-04-05 23:59:52,835] {spark_submit.py:488} INFO - "type" : "string",
[2022-04-05 23:59:52,835] {spark_submit.py:488} INFO - "nullable" : true,
[2022-04-05 23:59:52,835] {spark_submit.py:488} INFO - "metadata" : { }
[2022-04-05 23:59:52,835] {spark_submit.py:488} INFO - }, {
[2022-04-05 23:59:52,835] {spark_submit.py:488} INFO - "name" : "view_count",
[2022-04-05 23:59:52,835] {spark_submit.py:488} INFO - "type" : "integer",
[2022-04-05 23:59:52,835] {spark_submit.py:488} INFO - "nullable" : true,
[2022-04-05 23:59:52,835] {spark_submit.py:488} INFO - "metadata" : { }
[2022-04-05 23:59:52,835] {spark_submit.py:488} INFO - }, {
[2022-04-05 23:59:52,872] {spark_submit.py:488} INFO - "name" : "group_by_date",
[2022-04-05 23:59:52,872] {spark_submit.py:488} INFO - "type" : "timestamp",
[2022-04-05 23:59:52,872] {spark_submit.py:488} INFO - "nullable" : true,
[2022-04-05 23:59:52,872] {spark_submit.py:488} INFO - "metadata" : { }
[2022-04-05 23:59:52,876] {spark_submit.py:488} INFO - } ]
[2022-04-05 23:59:52,877] {spark_submit.py:488} INFO - }
[2022-04-05 23:59:52,880] {spark_submit.py:488} INFO - and corresponding Parquet message type:
[2022-04-05 23:59:52,880] {spark_submit.py:488} INFO - message spark_schema {
[2022-04-05 23:59:52,880] {spark_submit.py:488} INFO - optional int32 id;
[2022-04-05 23:59:52,880] {spark_submit.py:488} INFO - optional binary title (STRING);
[2022-04-05 23:59:52,880] {spark_submit.py:488} INFO - optional binary body (STRING);
[2022-04-05 23:59:52,880] {spark_submit.py:488} INFO - optional int32 accepted_answer_id;
[2022-04-05 23:59:52,880] {spark_submit.py:488} INFO - optional int32 answer_count;
[2022-04-05 23:59:52,880] {spark_submit.py:488} INFO - optional int32 comment_count;
[2022-04-05 23:59:52,880] {spark_submit.py:488} INFO - optional int96 community_owned_date;
[2022-04-05 23:59:52,881] {spark_submit.py:488} INFO - optional int96 creation_date;
[2022-04-05 23:59:52,881] {spark_submit.py:488} INFO - optional int32 favorite_count;
[2022-04-05 23:59:52,881] {spark_submit.py:488} INFO - optional int96 last_activity_date;
[2022-04-05 23:59:52,881] {spark_submit.py:488} INFO - optional int96 last_edit_date;
[2022-04-05 23:59:52,881] {spark_submit.py:488} INFO - optional binary last_editor_display_name (STRING);
[2022-04-05 23:59:52,881] {spark_submit.py:488} INFO - optional int32 last_editor_user_id;
[2022-04-05 23:59:52,881] {spark_submit.py:488} INFO - optional binary owner_display_name (STRING);
[2022-04-05 23:59:52,881] {spark_submit.py:488} INFO - optional int32 owner_user_id;
[2022-04-05 23:59:52,881] {spark_submit.py:488} INFO - optional int32 parent_id;
[2022-04-05 23:59:52,881] {spark_submit.py:488} INFO - optional int32 post_type_id;
[2022-04-05 23:59:52,881] {spark_submit.py:488} INFO - optional int32 score;
[2022-04-05 23:59:52,881] {spark_submit.py:488} INFO - optional binary tags (STRING);
[2022-04-05 23:59:52,881] {spark_submit.py:488} INFO - optional int32 view_count;
[2022-04-05 23:59:52,881] {spark_submit.py:488} INFO - optional int96 group_by_date;
[2022-04-05 23:59:52,881] {spark_submit.py:488} INFO - }
[2022-04-05 23:59:52,882] {spark_submit.py:488} INFO - 
[2022-04-05 23:59:52,882] {spark_submit.py:488} INFO - 
[2022-04-05 23:59:52,882] {spark_submit.py:488} INFO - 22/04/05 23:59:52 INFO ParquetWriteSupport: Initialized Parquet WriteSupport with Catalyst schema:
[2022-04-05 23:59:52,882] {spark_submit.py:488} INFO - {
[2022-04-05 23:59:52,882] {spark_submit.py:488} INFO - "type" : "struct",
[2022-04-05 23:59:52,882] {spark_submit.py:488} INFO - "fields" : [ {
[2022-04-05 23:59:52,882] {spark_submit.py:488} INFO - "name" : "id",
[2022-04-05 23:59:52,884] {spark_submit.py:488} INFO - "type" : "integer",
[2022-04-05 23:59:52,884] {spark_submit.py:488} INFO - "nullable" : true,
[2022-04-05 23:59:52,884] {spark_submit.py:488} INFO - "metadata" : { }
[2022-04-05 23:59:52,885] {spark_submit.py:488} INFO - }, {
[2022-04-05 23:59:52,885] {spark_submit.py:488} INFO - "name" : "title",
[2022-04-05 23:59:52,885] {spark_submit.py:488} INFO - "type" : "string",
[2022-04-05 23:59:52,885] {spark_submit.py:488} INFO - "nullable" : true,
[2022-04-05 23:59:52,885] {spark_submit.py:488} INFO - "metadata" : { }
[2022-04-05 23:59:52,885] {spark_submit.py:488} INFO - }, {
[2022-04-05 23:59:52,885] {spark_submit.py:488} INFO - "name" : "body",
[2022-04-05 23:59:52,885] {spark_submit.py:488} INFO - "type" : "string",
[2022-04-05 23:59:52,885] {spark_submit.py:488} INFO - "nullable" : true,
[2022-04-05 23:59:52,885] {spark_submit.py:488} INFO - "metadata" : { }
[2022-04-05 23:59:52,885] {spark_submit.py:488} INFO - }, {
[2022-04-05 23:59:52,885] {spark_submit.py:488} INFO - "name" : "accepted_answer_id",
[2022-04-05 23:59:52,885] {spark_submit.py:488} INFO - "type" : "integer",
[2022-04-05 23:59:52,885] {spark_submit.py:488} INFO - "nullable" : true,
[2022-04-05 23:59:52,886] {spark_submit.py:488} INFO - "metadata" : { }
[2022-04-05 23:59:52,886] {spark_submit.py:488} INFO - }, {
[2022-04-05 23:59:52,886] {spark_submit.py:488} INFO - "name" : "answer_count",
[2022-04-05 23:59:52,886] {spark_submit.py:488} INFO - "type" : "integer",
[2022-04-05 23:59:52,886] {spark_submit.py:488} INFO - "nullable" : true,
[2022-04-05 23:59:52,886] {spark_submit.py:488} INFO - "metadata" : { }
[2022-04-05 23:59:52,886] {spark_submit.py:488} INFO - }, {
[2022-04-05 23:59:52,886] {spark_submit.py:488} INFO - "name" : "comment_count",
[2022-04-05 23:59:52,886] {spark_submit.py:488} INFO - "type" : "integer",
[2022-04-05 23:59:52,886] {spark_submit.py:488} INFO - "nullable" : true,
[2022-04-05 23:59:52,886] {spark_submit.py:488} INFO - "metadata" : { }
[2022-04-05 23:59:52,887] {spark_submit.py:488} INFO - }, {
[2022-04-05 23:59:52,887] {spark_submit.py:488} INFO - "name" : "community_owned_date",
[2022-04-05 23:59:52,887] {spark_submit.py:488} INFO - "type" : "timestamp",
[2022-04-05 23:59:52,887] {spark_submit.py:488} INFO - "nullable" : true,
[2022-04-05 23:59:52,887] {spark_submit.py:488} INFO - "metadata" : { }
[2022-04-05 23:59:52,887] {spark_submit.py:488} INFO - }, {
[2022-04-05 23:59:52,887] {spark_submit.py:488} INFO - "name" : "creation_date",
[2022-04-05 23:59:52,887] {spark_submit.py:488} INFO - "type" : "timestamp",
[2022-04-05 23:59:52,887] {spark_submit.py:488} INFO - "nullable" : true,
[2022-04-05 23:59:52,887] {spark_submit.py:488} INFO - "metadata" : { }
[2022-04-05 23:59:52,887] {spark_submit.py:488} INFO - }, {
[2022-04-05 23:59:52,887] {spark_submit.py:488} INFO - "name" : "favorite_count",
[2022-04-05 23:59:52,887] {spark_submit.py:488} INFO - "type" : "integer",
[2022-04-05 23:59:52,956] {spark_submit.py:488} INFO - "nullable" : true,
[2022-04-05 23:59:52,956] {spark_submit.py:488} INFO - "metadata" : { }
[2022-04-05 23:59:52,956] {spark_submit.py:488} INFO - }, {
[2022-04-05 23:59:52,956] {spark_submit.py:488} INFO - "name" : "last_activity_date",
[2022-04-05 23:59:52,956] {spark_submit.py:488} INFO - "type" : "timestamp",
[2022-04-05 23:59:52,957] {spark_submit.py:488} INFO - "nullable" : true,
[2022-04-05 23:59:52,957] {spark_submit.py:488} INFO - "metadata" : { }
[2022-04-05 23:59:52,957] {spark_submit.py:488} INFO - }, {
[2022-04-05 23:59:52,957] {spark_submit.py:488} INFO - "name" : "last_edit_date",
[2022-04-05 23:59:52,957] {spark_submit.py:488} INFO - "type" : "timestamp",
[2022-04-05 23:59:52,957] {spark_submit.py:488} INFO - "nullable" : true,
[2022-04-05 23:59:52,957] {spark_submit.py:488} INFO - "metadata" : { }
[2022-04-05 23:59:52,958] {spark_submit.py:488} INFO - }, {
[2022-04-05 23:59:52,958] {spark_submit.py:488} INFO - "name" : "last_editor_display_name",
[2022-04-05 23:59:52,958] {spark_submit.py:488} INFO - "type" : "string",
[2022-04-05 23:59:52,959] {spark_submit.py:488} INFO - "nullable" : true,
[2022-04-05 23:59:52,959] {spark_submit.py:488} INFO - "metadata" : { }
[2022-04-05 23:59:52,959] {spark_submit.py:488} INFO - }, {
[2022-04-05 23:59:52,959] {spark_submit.py:488} INFO - "name" : "last_editor_user_id",
[2022-04-05 23:59:52,959] {spark_submit.py:488} INFO - "type" : "integer",
[2022-04-05 23:59:52,959] {spark_submit.py:488} INFO - "nullable" : true,
[2022-04-05 23:59:52,988] {spark_submit.py:488} INFO - "metadata" : { }
[2022-04-05 23:59:52,988] {spark_submit.py:488} INFO - }, {
[2022-04-05 23:59:52,988] {spark_submit.py:488} INFO - "name" : "owner_display_name",
[2022-04-05 23:59:52,988] {spark_submit.py:488} INFO - "type" : "string",
[2022-04-05 23:59:52,988] {spark_submit.py:488} INFO - "nullable" : true,
[2022-04-05 23:59:52,988] {spark_submit.py:488} INFO - "metadata" : { }
[2022-04-05 23:59:52,988] {spark_submit.py:488} INFO - }, {
[2022-04-05 23:59:52,988] {spark_submit.py:488} INFO - "name" : "owner_user_id",
[2022-04-05 23:59:52,988] {spark_submit.py:488} INFO - "type" : "integer",
[2022-04-05 23:59:52,988] {spark_submit.py:488} INFO - "nullable" : true,
[2022-04-05 23:59:52,988] {spark_submit.py:488} INFO - "metadata" : { }
[2022-04-05 23:59:52,989] {spark_submit.py:488} INFO - }, {
[2022-04-05 23:59:52,989] {spark_submit.py:488} INFO - "name" : "parent_id",
[2022-04-05 23:59:52,989] {spark_submit.py:488} INFO - "type" : "integer",
[2022-04-05 23:59:52,989] {spark_submit.py:488} INFO - "nullable" : true,
[2022-04-05 23:59:52,989] {spark_submit.py:488} INFO - "metadata" : { }
[2022-04-05 23:59:52,989] {spark_submit.py:488} INFO - }, {
[2022-04-05 23:59:52,989] {spark_submit.py:488} INFO - "name" : "post_type_id",
[2022-04-05 23:59:52,989] {spark_submit.py:488} INFO - "type" : "integer",
[2022-04-05 23:59:52,989] {spark_submit.py:488} INFO - "nullable" : true,
[2022-04-05 23:59:52,989] {spark_submit.py:488} INFO - "metadata" : { }
[2022-04-05 23:59:52,989] {spark_submit.py:488} INFO - }, {
[2022-04-05 23:59:52,989] {spark_submit.py:488} INFO - "name" : "score",
[2022-04-05 23:59:52,989] {spark_submit.py:488} INFO - "type" : "integer",
[2022-04-05 23:59:52,990] {spark_submit.py:488} INFO - "nullable" : true,
[2022-04-05 23:59:52,990] {spark_submit.py:488} INFO - "metadata" : { }
[2022-04-05 23:59:52,990] {spark_submit.py:488} INFO - }, {
[2022-04-05 23:59:52,990] {spark_submit.py:488} INFO - "name" : "tags",
[2022-04-05 23:59:52,990] {spark_submit.py:488} INFO - "type" : "string",
[2022-04-05 23:59:52,990] {spark_submit.py:488} INFO - "nullable" : true,
[2022-04-05 23:59:52,990] {spark_submit.py:488} INFO - "metadata" : { }
[2022-04-05 23:59:52,990] {spark_submit.py:488} INFO - }, {
[2022-04-05 23:59:52,990] {spark_submit.py:488} INFO - "name" : "view_count",
[2022-04-05 23:59:52,990] {spark_submit.py:488} INFO - "type" : "integer",
[2022-04-05 23:59:52,990] {spark_submit.py:488} INFO - "nullable" : true,
[2022-04-05 23:59:52,990] {spark_submit.py:488} INFO - "metadata" : { }
[2022-04-05 23:59:52,990] {spark_submit.py:488} INFO - }, {
[2022-04-05 23:59:52,990] {spark_submit.py:488} INFO - "name" : "group_by_date",
[2022-04-05 23:59:52,991] {spark_submit.py:488} INFO - "type" : "timestamp",
[2022-04-05 23:59:52,991] {spark_submit.py:488} INFO - "nullable" : true,
[2022-04-05 23:59:52,991] {spark_submit.py:488} INFO - "metadata" : { }
[2022-04-05 23:59:52,991] {spark_submit.py:488} INFO - } ]
[2022-04-05 23:59:52,991] {spark_submit.py:488} INFO - }
[2022-04-05 23:59:52,991] {spark_submit.py:488} INFO - and corresponding Parquet message type:
[2022-04-05 23:59:52,991] {spark_submit.py:488} INFO - message spark_schema {
[2022-04-05 23:59:52,991] {spark_submit.py:488} INFO - optional int32 id;
[2022-04-05 23:59:52,991] {spark_submit.py:488} INFO - optional binary title (STRING);
[2022-04-05 23:59:52,991] {spark_submit.py:488} INFO - optional binary body (STRING);
[2022-04-05 23:59:52,991] {spark_submit.py:488} INFO - optional int32 accepted_answer_id;
[2022-04-05 23:59:52,991] {spark_submit.py:488} INFO - optional int32 answer_count;
[2022-04-05 23:59:52,991] {spark_submit.py:488} INFO - optional int32 comment_count;
[2022-04-05 23:59:52,991] {spark_submit.py:488} INFO - optional int96 community_owned_date;
[2022-04-05 23:59:53,040] {spark_submit.py:488} INFO - optional int96 creation_date;
[2022-04-05 23:59:53,040] {spark_submit.py:488} INFO - optional int32 favorite_count;
[2022-04-05 23:59:53,040] {spark_submit.py:488} INFO - optional int96 last_activity_date;
[2022-04-05 23:59:53,040] {spark_submit.py:488} INFO - optional int96 last_edit_date;
[2022-04-05 23:59:53,040] {spark_submit.py:488} INFO - optional binary last_editor_display_name (STRING);
[2022-04-05 23:59:53,040] {spark_submit.py:488} INFO - optional int32 last_editor_user_id;
[2022-04-05 23:59:53,040] {spark_submit.py:488} INFO - optional binary owner_display_name (STRING);
[2022-04-05 23:59:53,040] {spark_submit.py:488} INFO - optional int32 owner_user_id;
[2022-04-05 23:59:53,040] {spark_submit.py:488} INFO - optional int32 parent_id;
[2022-04-05 23:59:53,041] {spark_submit.py:488} INFO - optional int32 post_type_id;
[2022-04-05 23:59:53,041] {spark_submit.py:488} INFO - optional int32 score;
[2022-04-05 23:59:53,041] {spark_submit.py:488} INFO - optional binary tags (STRING);
[2022-04-05 23:59:53,041] {spark_submit.py:488} INFO - optional int32 view_count;
[2022-04-05 23:59:53,041] {spark_submit.py:488} INFO - optional int96 group_by_date;
[2022-04-05 23:59:53,041] {spark_submit.py:488} INFO - }
[2022-04-05 23:59:53,041] {spark_submit.py:488} INFO - 
[2022-04-05 23:59:53,041] {spark_submit.py:488} INFO - 
[2022-04-05 23:59:54,579] {spark_submit.py:488} INFO - 22/04/05 23:59:54 INFO CodecPool: Got brand-new compressor [.snappy]
[2022-04-05 23:59:55,188] {spark_submit.py:488} INFO - 22/04/05 23:59:54 INFO CodecPool: Got brand-new compressor [.snappy]
[2022-04-05 23:59:55,188] {spark_submit.py:488} INFO - 22/04/05 23:59:54 INFO CodecPool: Got brand-new compressor [.snappy]
[2022-04-05 23:59:55,189] {spark_submit.py:488} INFO - 22/04/05 23:59:54 INFO CodecPool: Got brand-new compressor [.snappy]
[2022-04-06 00:00:37,223] {spark_submit.py:488} INFO - 22/04/06 00:00:37 INFO GoogleCloudStorageFileSystem: Successfully repaired 'gs://dtc_data_lake_de-stack-overflow/BigQuery/posts_answers-2012-05/_temporary/0/_temporary/' directory.
[2022-04-06 00:00:37,223] {spark_submit.py:488} INFO - 22/04/06 00:00:37 INFO FileOutputCommitter: Saved output of task 'attempt_202204052359508305755495535912576_0003_m_000001_6' to gs://dtc_data_lake_de-stack-overflow/BigQuery/posts_answers-2012-05/_temporary/0/task_202204052359508305755495535912576_0003_m_000001
[2022-04-06 00:00:37,225] {spark_submit.py:488} INFO - 22/04/06 00:00:37 INFO SparkHadoopMapRedUtil: attempt_202204052359508305755495535912576_0003_m_000001_6: Committed
[2022-04-06 00:00:37,271] {spark_submit.py:488} INFO - 22/04/06 00:00:37 INFO GoogleCloudStorageImpl: Ignoring exception of type GoogleJsonResponseException; verified object already exists with desired state.
[2022-04-06 00:00:37,272] {spark_submit.py:488} INFO - 22/04/06 00:00:37 INFO GoogleCloudStorageFileSystem: Successfully repaired 'gs://dtc_data_lake_de-stack-overflow/BigQuery/posts_answers-2012-05/_temporary/0/_temporary/' directory.
[2022-04-06 00:00:37,272] {spark_submit.py:488} INFO - 22/04/06 00:00:37 INFO FileOutputCommitter: Saved output of task 'attempt_202204052359506020860222391360630_0003_m_000002_7' to gs://dtc_data_lake_de-stack-overflow/BigQuery/posts_answers-2012-05/_temporary/0/task_202204052359506020860222391360630_0003_m_000002
[2022-04-06 00:00:37,273] {spark_submit.py:488} INFO - 22/04/06 00:00:37 INFO SparkHadoopMapRedUtil: attempt_202204052359506020860222391360630_0003_m_000002_7: Committed
[2022-04-06 00:00:37,336] {spark_submit.py:488} INFO - 22/04/06 00:00:37 INFO GoogleCloudStorageImpl: Ignoring exception of type GoogleJsonResponseException; verified object already exists with desired state.
[2022-04-06 00:00:37,336] {spark_submit.py:488} INFO - 22/04/06 00:00:37 INFO GoogleCloudStorageFileSystem: Successfully repaired 'gs://dtc_data_lake_de-stack-overflow/BigQuery/posts_answers-2012-05/_temporary/0/_temporary/' directory.
[2022-04-06 00:00:37,336] {spark_submit.py:488} INFO - 22/04/06 00:00:37 INFO FileOutputCommitter: Saved output of task 'attempt_202204052359502203358706390300976_0003_m_000003_8' to gs://dtc_data_lake_de-stack-overflow/BigQuery/posts_answers-2012-05/_temporary/0/task_202204052359502203358706390300976_0003_m_000003
[2022-04-06 00:00:37,336] {spark_submit.py:488} INFO - 22/04/06 00:00:37 INFO SparkHadoopMapRedUtil: attempt_202204052359502203358706390300976_0003_m_000003_8: Committed
[2022-04-06 00:00:37,344] {spark_submit.py:488} INFO - 22/04/06 00:00:37 INFO GoogleCloudStorageImpl: Ignoring exception of type GoogleJsonResponseException; verified object already exists with desired state.
[2022-04-06 00:00:37,344] {spark_submit.py:488} INFO - 22/04/06 00:00:37 INFO GoogleCloudStorageFileSystem: Successfully repaired 'gs://dtc_data_lake_de-stack-overflow/BigQuery/posts_answers-2012-05/_temporary/0/_temporary/' directory.
[2022-04-06 00:00:37,344] {spark_submit.py:488} INFO - 22/04/06 00:00:37 INFO FileOutputCommitter: Saved output of task 'attempt_202204052359509092229411244487201_0003_m_000000_5' to gs://dtc_data_lake_de-stack-overflow/BigQuery/posts_answers-2012-05/_temporary/0/task_202204052359509092229411244487201_0003_m_000000
[2022-04-06 00:00:37,345] {spark_submit.py:488} INFO - 22/04/06 00:00:37 INFO SparkHadoopMapRedUtil: attempt_202204052359509092229411244487201_0003_m_000000_5: Committed
[2022-04-06 00:00:37,352] {spark_submit.py:488} INFO - 22/04/06 00:00:37 INFO Executor: Finished task 3.0 in stage 3.0 (TID 8). 3526 bytes result sent to driver
[2022-04-06 00:00:37,357] {spark_submit.py:488} INFO - 22/04/06 00:00:37 INFO TaskSetManager: Finished task 3.0 in stage 3.0 (TID 8) in 46248 ms on 9fe4286b2855 (executor driver) (1/4)
[2022-04-06 00:00:37,359] {spark_submit.py:488} INFO - 22/04/06 00:00:37 INFO Executor: Finished task 2.0 in stage 3.0 (TID 7). 3526 bytes result sent to driver
[2022-04-06 00:00:37,361] {spark_submit.py:488} INFO - 22/04/06 00:00:37 INFO TaskSetManager: Finished task 2.0 in stage 3.0 (TID 7) in 46252 ms on 9fe4286b2855 (executor driver) (2/4)
[2022-04-06 00:00:37,365] {spark_submit.py:488} INFO - 22/04/06 00:00:37 INFO Executor: Finished task 1.0 in stage 3.0 (TID 6). 3483 bytes result sent to driver
[2022-04-06 00:00:37,367] {spark_submit.py:488} INFO - 22/04/06 00:00:37 INFO TaskSetManager: Finished task 1.0 in stage 3.0 (TID 6) in 46259 ms on 9fe4286b2855 (executor driver) (3/4)
[2022-04-06 00:00:37,413] {spark_submit.py:488} INFO - 22/04/06 00:00:37 INFO Executor: Finished task 0.0 in stage 3.0 (TID 5). 3526 bytes result sent to driver
[2022-04-06 00:00:37,415] {spark_submit.py:488} INFO - 22/04/06 00:00:37 INFO TaskSetManager: Finished task 0.0 in stage 3.0 (TID 5) in 46312 ms on 9fe4286b2855 (executor driver) (4/4)
[2022-04-06 00:00:37,423] {spark_submit.py:488} INFO - 22/04/06 00:00:37 INFO TaskSchedulerImpl: Removed TaskSet 3.0, whose tasks have all completed, from pool
[2022-04-06 00:00:37,423] {spark_submit.py:488} INFO - 22/04/06 00:00:37 INFO DAGScheduler: ResultStage 3 (save at NativeMethodAccessorImpl.java:0) finished in 46.859 s
[2022-04-06 00:00:37,424] {spark_submit.py:488} INFO - 22/04/06 00:00:37 INFO DAGScheduler: Job 2 is finished. Cancelling potential speculative or zombie tasks for this job
[2022-04-06 00:00:37,424] {spark_submit.py:488} INFO - 22/04/06 00:00:37 INFO TaskSchedulerImpl: Killing all running tasks in stage 3: Stage finished
[2022-04-06 00:00:37,424] {spark_submit.py:488} INFO - 22/04/06 00:00:37 INFO DAGScheduler: Job 2 finished: save at NativeMethodAccessorImpl.java:0, took 46.944880 s
[2022-04-06 00:00:37,429] {spark_submit.py:488} INFO - 22/04/06 00:00:37 INFO FileFormatWriter: Start to commit write Job eadcb427-9bc4-495e-b172-9bbd5b5cb14f.
[2022-04-06 00:00:37,910] {spark_submit.py:488} INFO - 22/04/06 00:00:37 INFO GoogleCloudStorageFileSystem: Successfully repaired 'gs://dtc_data_lake_de-stack-overflow/BigQuery/posts_answers-2012-05/_temporary/0/task_202204052359502203358706390300976_0003_m_000003/' directory.
[2022-04-06 00:00:38,398] {spark_submit.py:488} INFO - 22/04/06 00:00:38 INFO GoogleCloudStorageFileSystem: Successfully repaired 'gs://dtc_data_lake_de-stack-overflow/BigQuery/posts_answers-2012-05/_temporary/0/task_202204052359506020860222391360630_0003_m_000002/' directory.
[2022-04-06 00:00:38,764] {spark_submit.py:488} INFO - 22/04/06 00:00:38 INFO GoogleCloudStorageFileSystem: Successfully repaired 'gs://dtc_data_lake_de-stack-overflow/BigQuery/posts_answers-2012-05/_temporary/0/task_202204052359508305755495535912576_0003_m_000001/' directory.
[2022-04-06 00:00:39,210] {spark_submit.py:488} INFO - 22/04/06 00:00:39 INFO GoogleCloudStorageFileSystem: Successfully repaired 'gs://dtc_data_lake_de-stack-overflow/BigQuery/posts_answers-2012-05/_temporary/0/task_202204052359509092229411244487201_0003_m_000000/' directory.
[2022-04-06 00:00:39,667] {spark_submit.py:488} INFO - 22/04/06 00:00:39 INFO GoogleCloudStorageFileSystem: Successfully repaired 'gs://dtc_data_lake_de-stack-overflow/BigQuery/posts_answers-2012-05/' directory.
[2022-04-06 00:00:40,472] {spark_submit.py:488} INFO - 22/04/06 00:00:40 INFO FileFormatWriter: Write Job eadcb427-9bc4-495e-b172-9bbd5b5cb14f committed. Elapsed time: 3045 ms.
[2022-04-06 00:00:40,518] {spark_submit.py:488} INFO - 22/04/06 00:00:40 INFO FileFormatWriter: Finished processing stats for write job eadcb427-9bc4-495e-b172-9bbd5b5cb14f.
[2022-04-06 00:00:41,677] {spark_submit.py:488} INFO - 22/04/06 00:00:41 INFO SparkContext: Invoking stop() from shutdown hook
[2022-04-06 00:00:41,844] {spark_submit.py:488} INFO - 22/04/06 00:00:41 INFO SparkUI: Stopped Spark web UI at http://9fe4286b2855:4045
[2022-04-06 00:00:42,023] {spark_submit.py:488} INFO - 22/04/06 00:00:42 INFO MapOutputTrackerMasterEndpoint: MapOutputTrackerMasterEndpoint stopped!
[2022-04-06 00:00:42,948] {spark_submit.py:488} INFO - 22/04/06 00:00:42 INFO MemoryStore: MemoryStore cleared
[2022-04-06 00:00:42,948] {spark_submit.py:488} INFO - 22/04/06 00:00:42 INFO BlockManager: BlockManager stopped
[2022-04-06 00:00:42,953] {spark_submit.py:488} INFO - 22/04/06 00:00:42 INFO BlockManagerMaster: BlockManagerMaster stopped
[2022-04-06 00:00:42,956] {spark_submit.py:488} INFO - 22/04/06 00:00:42 INFO OutputCommitCoordinator$OutputCommitCoordinatorEndpoint: OutputCommitCoordinator stopped!
[2022-04-06 00:00:43,100] {spark_submit.py:488} INFO - 22/04/06 00:00:43 INFO SparkContext: Successfully stopped SparkContext
[2022-04-06 00:00:43,101] {spark_submit.py:488} INFO - 22/04/06 00:00:43 INFO ShutdownHookManager: Shutdown hook called
[2022-04-06 00:00:43,102] {spark_submit.py:488} INFO - 22/04/06 00:00:43 INFO ShutdownHookManager: Deleting directory /tmp/spark-3bab4683-665b-4b21-baff-e020598369ca
[2022-04-06 00:00:43,165] {spark_submit.py:488} INFO - 22/04/06 00:00:43 INFO ShutdownHookManager: Deleting directory /tmp/spark-3bab4683-665b-4b21-baff-e020598369ca/pyspark-281c355d-bb3e-41a2-afe0-8677e2e0f9a1
[2022-04-06 00:00:43,174] {spark_submit.py:488} INFO - 22/04/06 00:00:43 INFO ShutdownHookManager: Deleting directory /tmp/spark-1b306f69-acdc-4138-83d7-33cb70210705
[2022-04-06 00:00:49,191] {taskinstance.py:1288} INFO - Marking task as SUCCESS. dag_id=IngestToGCP, task_id=processing_tasks_posts_answers.spark_job, execution_date=20120501T000000, start_date=20220405T235501, end_date=20220406T000049
[2022-04-06 00:00:49,593] {local_task_job.py:154} INFO - Task exited with return code 0
[2022-04-06 00:00:49,862] {local_task_job.py:264} INFO - 1 downstream tasks scheduled from follow-on schedule check
