[2022-04-06 00:25:19,955] {taskinstance.py:1043} INFO - Dependencies all met for <TaskInstance: IngestToGCP.processing_tasks_users.remove_users_parquet scheduled__2013-06-01T00:00:00+00:00 [queued]>
[2022-04-06 00:25:20,227] {taskinstance.py:1043} INFO - Dependencies all met for <TaskInstance: IngestToGCP.processing_tasks_users.remove_users_parquet scheduled__2013-06-01T00:00:00+00:00 [queued]>
[2022-04-06 00:25:20,227] {taskinstance.py:1249} INFO - 
--------------------------------------------------------------------------------
[2022-04-06 00:25:20,227] {taskinstance.py:1250} INFO - Starting attempt 1 of 1
[2022-04-06 00:25:20,227] {taskinstance.py:1251} INFO - 
--------------------------------------------------------------------------------
[2022-04-06 00:25:20,405] {taskinstance.py:1270} INFO - Executing <Task(BashOperator): processing_tasks_users.remove_users_parquet> on 2013-06-01 00:00:00+00:00
[2022-04-06 00:25:20,476] {standard_task_runner.py:52} INFO - Started process 90144 to run task
[2022-04-06 00:25:20,547] {standard_task_runner.py:79} INFO - Running: ['***', 'tasks', 'run', 'IngestToGCP', 'processing_tasks_users.remove_users_parquet', 'scheduled__2013-06-01T00:00:00+00:00', '--job-id', '9799', '--raw', '--subdir', 'DAGS_FOLDER/ingest_dag.py', '--cfg-path', '/tmp/tmp80o6j18k', '--error-file', '/tmp/tmp6d2ip509']
[2022-04-06 00:25:20,580] {standard_task_runner.py:80} INFO - Job 9799: Subtask processing_tasks_users.remove_users_parquet
[2022-04-06 00:25:21,103] {logging_mixin.py:109} INFO - Running <TaskInstance: IngestToGCP.processing_tasks_users.remove_users_parquet scheduled__2013-06-01T00:00:00+00:00 [running]> on host 9fe4286b2855
[2022-04-06 00:25:21,578] {logging_mixin.py:109} WARNING - /home/***/.local/lib/python3.7/site-packages/***/utils/context.py:156 AirflowContextDeprecationWarning: Accessing 'execution_date' from the template is deprecated and will be removed in a future version. Please use 'data_interval_start' or 'logical_date' instead.
[2022-04-06 00:25:21,822] {taskinstance.py:1448} INFO - Exporting the following env vars:
AIRFLOW_CTX_DAG_OWNER=***
AIRFLOW_CTX_DAG_ID=IngestToGCP
AIRFLOW_CTX_TASK_ID=processing_tasks_users.remove_users_parquet
AIRFLOW_CTX_EXECUTION_DATE=2013-06-01T00:00:00+00:00
AIRFLOW_CTX_DAG_RUN_ID=scheduled__2013-06-01T00:00:00+00:00
[2022-04-06 00:25:21,824] {subprocess.py:62} INFO - Tmp dir root location: 
 /tmp
[2022-04-06 00:25:21,825] {subprocess.py:74} INFO - Running command: ['bash', '-c', 'rm /opt/***/users-2013-06.parquet']
[2022-04-06 00:25:22,007] {subprocess.py:85} INFO - Output:
[2022-04-06 00:25:22,042] {subprocess.py:93} INFO - Command exited with return code 0
[2022-04-06 00:25:22,174] {taskinstance.py:1288} INFO - Marking task as SUCCESS. dag_id=IngestToGCP, task_id=processing_tasks_users.remove_users_parquet, execution_date=20130601T000000, start_date=20220406T002519, end_date=20220406T002522
[2022-04-06 00:25:22,350] {local_task_job.py:154} INFO - Task exited with return code 0
[2022-04-06 00:25:22,864] {local_task_job.py:264} INFO - 0 downstream tasks scheduled from follow-on schedule check
