[2022-04-05 21:59:37,633] {taskinstance.py:1037} INFO - Dependencies all met for <TaskInstance: IngestToGCP.processing_tasks_badges.format_to_parquet_badges scheduled__2008-08-01T00:00:00+00:00 [queued]>
[2022-04-05 21:59:37,752] {taskinstance.py:1037} INFO - Dependencies all met for <TaskInstance: IngestToGCP.processing_tasks_badges.format_to_parquet_badges scheduled__2008-08-01T00:00:00+00:00 [queued]>
[2022-04-05 21:59:37,753] {taskinstance.py:1243} INFO - 
--------------------------------------------------------------------------------
[2022-04-05 21:59:37,753] {taskinstance.py:1244} INFO - Starting attempt 1 of 1
[2022-04-05 21:59:37,753] {taskinstance.py:1245} INFO - 
--------------------------------------------------------------------------------
[2022-04-05 21:59:37,873] {taskinstance.py:1264} INFO - Executing <Task(PythonOperator): processing_tasks_badges.format_to_parquet_badges> on 2008-08-01 00:00:00+00:00
[2022-04-05 21:59:37,942] {standard_task_runner.py:52} INFO - Started process 346 to run task
[2022-04-05 21:59:38,010] {standard_task_runner.py:76} INFO - Running: ['***', 'tasks', 'run', 'IngestToGCP', 'processing_tasks_badges.format_to_parquet_badges', 'scheduled__2008-08-01T00:00:00+00:00', '--job-id', '8102', '--raw', '--subdir', 'DAGS_FOLDER/ingest_dag.py', '--cfg-path', '/tmp/tmp8ug2mwby', '--error-file', '/tmp/tmp8y0qv291']
[2022-04-05 21:59:38,028] {standard_task_runner.py:77} INFO - Job 8102: Subtask processing_tasks_badges.format_to_parquet_badges
[2022-04-05 21:59:38,563] {logging_mixin.py:109} INFO - Running <TaskInstance: IngestToGCP.processing_tasks_badges.format_to_parquet_badges scheduled__2008-08-01T00:00:00+00:00 [running]> on host 3088d78c1613
[2022-04-05 21:59:38,995] {logging_mixin.py:109} WARNING - /home/***/.local/lib/python3.7/site-packages/***/utils/context.py:156 AirflowContextDeprecationWarning: Accessing 'execution_date' from the template is deprecated and will be removed in a future version. Please use 'data_interval_start' or 'logical_date' instead.
[2022-04-05 21:59:39,106] {taskinstance.py:1431} INFO - Exporting the following env vars:
AIRFLOW_CTX_DAG_OWNER=***
AIRFLOW_CTX_DAG_ID=IngestToGCP
AIRFLOW_CTX_TASK_ID=processing_tasks_badges.format_to_parquet_badges
AIRFLOW_CTX_EXECUTION_DATE=2008-08-01T00:00:00+00:00
AIRFLOW_CTX_DAG_RUN_ID=scheduled__2008-08-01T00:00:00+00:00
[2022-04-05 21:59:39,494] {python.py:175} INFO - Done. Returned value was: None
[2022-04-05 21:59:39,652] {taskinstance.py:1282} INFO - Marking task as SUCCESS. dag_id=IngestToGCP, task_id=processing_tasks_badges.format_to_parquet_badges, execution_date=20080801T000000, start_date=20220405T215937, end_date=20220405T215939
[2022-04-05 21:59:39,786] {local_task_job.py:154} INFO - Task exited with return code 0
[2022-04-05 21:59:39,986] {local_task_job.py:264} INFO - 1 downstream tasks scheduled from follow-on schedule check
