[2022-04-06 04:09:09,686] {taskinstance.py:1043} INFO - Dependencies all met for <TaskInstance: IngestToGCP.processing_tasks_posts_questions.remove_posts_questions_csv scheduled__2021-12-01T00:00:00+00:00 [queued]>
[2022-04-06 04:09:09,868] {taskinstance.py:1043} INFO - Dependencies all met for <TaskInstance: IngestToGCP.processing_tasks_posts_questions.remove_posts_questions_csv scheduled__2021-12-01T00:00:00+00:00 [queued]>
[2022-04-06 04:09:09,868] {taskinstance.py:1249} INFO - 
--------------------------------------------------------------------------------
[2022-04-06 04:09:09,868] {taskinstance.py:1250} INFO - Starting attempt 1 of 1
[2022-04-06 04:09:09,869] {taskinstance.py:1251} INFO - 
--------------------------------------------------------------------------------
[2022-04-06 04:09:10,100] {taskinstance.py:1270} INFO - Executing <Task(BashOperator): processing_tasks_posts_questions.remove_posts_questions_csv> on 2021-12-01 00:00:00+00:00
[2022-04-06 04:09:10,196] {standard_task_runner.py:79} INFO - Running: ['***', 'tasks', 'run', 'IngestToGCP', 'processing_tasks_posts_questions.remove_posts_questions_csv', 'scheduled__2021-12-01T00:00:00+00:00', '--job-id', '12220', '--raw', '--subdir', 'DAGS_FOLDER/ingest_dag.py', '--cfg-path', '/tmp/tmp2a8viws8', '--error-file', '/tmp/tmp3afrlmp7']
[2022-04-06 04:09:10,198] {standard_task_runner.py:80} INFO - Job 12220: Subtask processing_tasks_posts_questions.remove_posts_questions_csv
[2022-04-06 04:09:10,189] {standard_task_runner.py:52} INFO - Started process 244264 to run task
[2022-04-06 04:09:10,749] {logging_mixin.py:109} INFO - Running <TaskInstance: IngestToGCP.processing_tasks_posts_questions.remove_posts_questions_csv scheduled__2021-12-01T00:00:00+00:00 [running]> on host 9fe4286b2855
[2022-04-06 04:09:10,918] {logging_mixin.py:109} WARNING - /home/***/.local/lib/python3.7/site-packages/***/utils/context.py:156 AirflowContextDeprecationWarning: Accessing 'execution_date' from the template is deprecated and will be removed in a future version. Please use 'data_interval_start' or 'logical_date' instead.
[2022-04-06 04:09:11,176] {taskinstance.py:1448} INFO - Exporting the following env vars:
AIRFLOW_CTX_DAG_OWNER=***
AIRFLOW_CTX_DAG_ID=IngestToGCP
AIRFLOW_CTX_TASK_ID=processing_tasks_posts_questions.remove_posts_questions_csv
AIRFLOW_CTX_EXECUTION_DATE=2021-12-01T00:00:00+00:00
AIRFLOW_CTX_DAG_RUN_ID=scheduled__2021-12-01T00:00:00+00:00
[2022-04-06 04:09:11,189] {subprocess.py:62} INFO - Tmp dir root location: 
 /tmp
[2022-04-06 04:09:11,189] {subprocess.py:74} INFO - Running command: ['bash', '-c', 'rm /opt/***/posts_questions-2021-12.csv']
[2022-04-06 04:09:11,300] {subprocess.py:85} INFO - Output:
[2022-04-06 04:09:11,883] {subprocess.py:93} INFO - Command exited with return code 0
[2022-04-06 04:09:12,485] {taskinstance.py:1288} INFO - Marking task as SUCCESS. dag_id=IngestToGCP, task_id=processing_tasks_posts_questions.remove_posts_questions_csv, execution_date=20211201T000000, start_date=20220406T040909, end_date=20220406T040912
[2022-04-06 04:09:12,679] {local_task_job.py:154} INFO - Task exited with return code 0
[2022-04-06 04:09:12,883] {local_task_job.py:264} INFO - 1 downstream tasks scheduled from follow-on schedule check
