[2022-04-07 19:26:37,641] {taskinstance.py:1043} INFO - Dependencies all met for <TaskInstance: load_to_BigQuery.create_external_users.create_users_stack_overflow_data_external_table scheduled__2018-08-01T00:00:00+00:00 [queued]>
[2022-04-07 19:26:37,756] {taskinstance.py:1043} INFO - Dependencies all met for <TaskInstance: load_to_BigQuery.create_external_users.create_users_stack_overflow_data_external_table scheduled__2018-08-01T00:00:00+00:00 [queued]>
[2022-04-07 19:26:37,757] {taskinstance.py:1249} INFO - 
--------------------------------------------------------------------------------
[2022-04-07 19:26:37,757] {taskinstance.py:1250} INFO - Starting attempt 1 of 1
[2022-04-07 19:26:37,757] {taskinstance.py:1251} INFO - 
--------------------------------------------------------------------------------
[2022-04-07 19:26:38,474] {taskinstance.py:1270} INFO - Executing <Task(BigQueryCreateExternalTableOperator): create_external_users.create_users_stack_overflow_data_external_table> on 2018-08-01 00:00:00+00:00
[2022-04-07 19:26:38,496] {standard_task_runner.py:52} INFO - Started process 4707 to run task
[2022-04-07 19:26:38,564] {standard_task_runner.py:79} INFO - Running: ['***', 'tasks', 'run', 'load_to_BigQuery', 'create_external_users.create_users_stack_overflow_data_external_table', 'scheduled__2018-08-01T00:00:00+00:00', '--job-id', '13015', '--raw', '--subdir', 'DAGS_FOLDER/load_to_BigQuery_dag.py', '--cfg-path', '/tmp/tmpmnwth6pr', '--error-file', '/tmp/tmp8vxuqg75']
[2022-04-07 19:26:38,566] {standard_task_runner.py:80} INFO - Job 13015: Subtask create_external_users.create_users_stack_overflow_data_external_table
[2022-04-07 19:26:38,911] {logging_mixin.py:109} INFO - Running <TaskInstance: load_to_BigQuery.create_external_users.create_users_stack_overflow_data_external_table scheduled__2018-08-01T00:00:00+00:00 [running]> on host 2c54f2187010
[2022-04-07 19:26:39,103] {logging_mixin.py:109} WARNING - /home/***/.local/lib/python3.7/site-packages/***/utils/context.py:156 AirflowContextDeprecationWarning: Accessing 'execution_date' from the template is deprecated and will be removed in a future version. Please use 'data_interval_start' or 'logical_date' instead.
[2022-04-07 19:26:39,229] {taskinstance.py:1448} INFO - Exporting the following env vars:
AIRFLOW_CTX_DAG_OWNER=***
AIRFLOW_CTX_DAG_ID=load_to_BigQuery
AIRFLOW_CTX_TASK_ID=create_external_users.create_users_stack_overflow_data_external_table
AIRFLOW_CTX_EXECUTION_DATE=2018-08-01T00:00:00+00:00
AIRFLOW_CTX_DAG_RUN_ID=scheduled__2018-08-01T00:00:00+00:00
[2022-04-07 19:26:39,232] {crypto.py:82} WARNING - empty cryptography key - values will not be stored encrypted.
[2022-04-07 19:26:40,656] {taskinstance.py:1288} INFO - Marking task as SUCCESS. dag_id=load_to_BigQuery, task_id=create_external_users.create_users_stack_overflow_data_external_table, execution_date=20180801T000000, start_date=20220407T192637, end_date=20220407T192640
[2022-04-07 19:26:40,828] {local_task_job.py:154} INFO - Task exited with return code 0
[2022-04-07 19:26:41,004] {local_task_job.py:264} INFO - 1 downstream tasks scheduled from follow-on schedule check
[2022-04-07 22:19:33,396] {taskinstance.py:1043} INFO - Dependencies all met for <TaskInstance: load_to_BigQuery.create_external_users.create_users_stack_overflow_data_external_table scheduled__2018-08-01T00:00:00+00:00 [queued]>
[2022-04-07 22:19:33,445] {taskinstance.py:1043} INFO - Dependencies all met for <TaskInstance: load_to_BigQuery.create_external_users.create_users_stack_overflow_data_external_table scheduled__2018-08-01T00:00:00+00:00 [queued]>
[2022-04-07 22:19:33,446] {taskinstance.py:1249} INFO - 
--------------------------------------------------------------------------------
[2022-04-07 22:19:33,446] {taskinstance.py:1250} INFO - Starting attempt 1 of 1
[2022-04-07 22:19:33,446] {taskinstance.py:1251} INFO - 
--------------------------------------------------------------------------------
[2022-04-07 22:19:33,801] {taskinstance.py:1270} INFO - Executing <Task(BigQueryCreateExternalTableOperator): create_external_users.create_users_stack_overflow_data_external_table> on 2018-08-01 00:00:00+00:00
[2022-04-07 22:19:33,827] {standard_task_runner.py:52} INFO - Started process 7019 to run task
[2022-04-07 22:19:33,841] {standard_task_runner.py:79} INFO - Running: ['***', 'tasks', 'run', 'load_to_BigQuery', 'create_external_users.create_users_stack_overflow_data_external_table', 'scheduled__2018-08-01T00:00:00+00:00', '--job-id', '14277', '--raw', '--subdir', 'DAGS_FOLDER/load_to_BigQuery_dag.py', '--cfg-path', '/tmp/tmptsnce0hp', '--error-file', '/tmp/tmps5tn5py_']
[2022-04-07 22:19:33,843] {standard_task_runner.py:80} INFO - Job 14277: Subtask create_external_users.create_users_stack_overflow_data_external_table
[2022-04-07 22:19:34,244] {logging_mixin.py:109} INFO - Running <TaskInstance: load_to_BigQuery.create_external_users.create_users_stack_overflow_data_external_table scheduled__2018-08-01T00:00:00+00:00 [running]> on host 36107d30f64e
[2022-04-07 22:19:34,596] {logging_mixin.py:109} WARNING - /home/***/.local/lib/python3.7/site-packages/***/utils/context.py:156 AirflowContextDeprecationWarning: Accessing 'execution_date' from the template is deprecated and will be removed in a future version. Please use 'data_interval_start' or 'logical_date' instead.
[2022-04-07 22:19:34,657] {taskinstance.py:1448} INFO - Exporting the following env vars:
AIRFLOW_CTX_DAG_OWNER=***
AIRFLOW_CTX_DAG_ID=load_to_BigQuery
AIRFLOW_CTX_TASK_ID=create_external_users.create_users_stack_overflow_data_external_table
AIRFLOW_CTX_EXECUTION_DATE=2018-08-01T00:00:00+00:00
AIRFLOW_CTX_DAG_RUN_ID=scheduled__2018-08-01T00:00:00+00:00
[2022-04-07 22:19:34,659] {crypto.py:82} WARNING - empty cryptography key - values will not be stored encrypted.
[2022-04-07 22:19:35,238] {taskinstance.py:1288} INFO - Marking task as SUCCESS. dag_id=load_to_BigQuery, task_id=create_external_users.create_users_stack_overflow_data_external_table, execution_date=20180801T000000, start_date=20220407T221933, end_date=20220407T221935
[2022-04-07 22:19:35,391] {local_task_job.py:154} INFO - Task exited with return code 0
[2022-04-07 22:19:35,500] {local_task_job.py:264} INFO - 1 downstream tasks scheduled from follow-on schedule check
