[2022-04-06 02:31:36,635] {taskinstance.py:1043} INFO - Dependencies all met for <TaskInstance: IngestToGCP.processing_tasks_posts_questions.spark_job scheduled__2018-04-01T00:00:00+00:00 [queued]>
[2022-04-06 02:31:36,844] {taskinstance.py:1043} INFO - Dependencies all met for <TaskInstance: IngestToGCP.processing_tasks_posts_questions.spark_job scheduled__2018-04-01T00:00:00+00:00 [queued]>
[2022-04-06 02:31:36,844] {taskinstance.py:1249} INFO - 
--------------------------------------------------------------------------------
[2022-04-06 02:31:36,844] {taskinstance.py:1250} INFO - Starting attempt 1 of 1
[2022-04-06 02:31:36,845] {taskinstance.py:1251} INFO - 
--------------------------------------------------------------------------------
[2022-04-06 02:31:36,967] {taskinstance.py:1270} INFO - Executing <Task(SparkSubmitOperator): processing_tasks_posts_questions.spark_job> on 2018-04-01 00:00:00+00:00
[2022-04-06 02:31:37,008] {standard_task_runner.py:52} INFO - Started process 176892 to run task
[2022-04-06 02:31:37,173] {standard_task_runner.py:79} INFO - Running: ['***', 'tasks', 'run', 'IngestToGCP', 'processing_tasks_posts_questions.spark_job', 'scheduled__2018-04-01T00:00:00+00:00', '--job-id', '11162', '--raw', '--subdir', 'DAGS_FOLDER/ingest_dag.py', '--cfg-path', '/tmp/tmpd0id8qm2', '--error-file', '/tmp/tmpouuv3te2']
[2022-04-06 02:31:37,174] {standard_task_runner.py:80} INFO - Job 11162: Subtask processing_tasks_posts_questions.spark_job
[2022-04-06 02:31:38,117] {logging_mixin.py:109} INFO - Running <TaskInstance: IngestToGCP.processing_tasks_posts_questions.spark_job scheduled__2018-04-01T00:00:00+00:00 [running]> on host 9fe4286b2855
[2022-04-06 02:31:39,154] {logging_mixin.py:109} WARNING - /home/***/.local/lib/python3.7/site-packages/***/utils/context.py:156 AirflowContextDeprecationWarning: Accessing 'execution_date' from the template is deprecated and will be removed in a future version. Please use 'data_interval_start' or 'logical_date' instead.
[2022-04-06 02:31:39,345] {taskinstance.py:1448} INFO - Exporting the following env vars:
AIRFLOW_CTX_DAG_OWNER=***
AIRFLOW_CTX_DAG_ID=IngestToGCP
AIRFLOW_CTX_TASK_ID=processing_tasks_posts_questions.spark_job
AIRFLOW_CTX_EXECUTION_DATE=2018-04-01T00:00:00+00:00
AIRFLOW_CTX_DAG_RUN_ID=scheduled__2018-04-01T00:00:00+00:00
[2022-04-06 02:31:39,436] {base.py:79} INFO - Using connection to: id: spark_project. Host: spark://spark, Port: 7077, Schema: , Login: , Password: None, extra: {'queue': 'root.default'}
[2022-04-06 02:31:39,438] {spark_submit.py:335} INFO - Spark-Submit cmd: spark-submit --master spark://spark:7077 --conf spark.master=local[*] --name format_schema --verbose --queue root.default ./dags/pyspark_parquet_transformation.py posts_questions 2018-04
[2022-04-06 02:31:58,150] {spark_submit.py:488} INFO - Using properties file: null
[2022-04-06 02:31:59,849] {spark_submit.py:488} INFO - WARNING: An illegal reflective access operation has occurred
[2022-04-06 02:31:59,850] {spark_submit.py:488} INFO - WARNING: Illegal reflective access by org.apache.spark.unsafe.Platform (file:/opt/***/spark/spark-3.2.1-bin-hadoop3.2/jars/spark-unsafe_2.12-3.2.1.jar) to constructor java.nio.DirectByteBuffer(long,int)
[2022-04-06 02:31:59,850] {spark_submit.py:488} INFO - WARNING: Please consider reporting this to the maintainers of org.apache.spark.unsafe.Platform
[2022-04-06 02:31:59,850] {spark_submit.py:488} INFO - WARNING: Use --illegal-access=warn to enable warnings of further illegal reflective access operations
[2022-04-06 02:31:59,850] {spark_submit.py:488} INFO - WARNING: All illegal access operations will be denied in a future release
[2022-04-06 02:32:00,622] {spark_submit.py:488} INFO - Parsed arguments:
[2022-04-06 02:32:00,622] {spark_submit.py:488} INFO - master                  spark://spark:7077
[2022-04-06 02:32:00,622] {spark_submit.py:488} INFO - deployMode              null
[2022-04-06 02:32:00,622] {spark_submit.py:488} INFO - executorMemory          null
[2022-04-06 02:32:00,622] {spark_submit.py:488} INFO - executorCores           null
[2022-04-06 02:32:00,622] {spark_submit.py:488} INFO - totalExecutorCores      null
[2022-04-06 02:32:00,622] {spark_submit.py:488} INFO - propertiesFile          null
[2022-04-06 02:32:00,622] {spark_submit.py:488} INFO - driverMemory            null
[2022-04-06 02:32:00,623] {spark_submit.py:488} INFO - driverCores             null
[2022-04-06 02:32:00,623] {spark_submit.py:488} INFO - driverExtraClassPath    null
[2022-04-06 02:32:00,623] {spark_submit.py:488} INFO - driverExtraLibraryPath  null
[2022-04-06 02:32:00,623] {spark_submit.py:488} INFO - driverExtraJavaOptions  null
[2022-04-06 02:32:00,623] {spark_submit.py:488} INFO - supervise               false
[2022-04-06 02:32:00,623] {spark_submit.py:488} INFO - queue                   root.default
[2022-04-06 02:32:00,623] {spark_submit.py:488} INFO - numExecutors            null
[2022-04-06 02:32:00,623] {spark_submit.py:488} INFO - files                   null
[2022-04-06 02:32:00,623] {spark_submit.py:488} INFO - pyFiles                 null
[2022-04-06 02:32:00,623] {spark_submit.py:488} INFO - archives                null
[2022-04-06 02:32:00,623] {spark_submit.py:488} INFO - mainClass               null
[2022-04-06 02:32:00,623] {spark_submit.py:488} INFO - primaryResource         file:/opt/***/dags/pyspark_parquet_transformation.py
[2022-04-06 02:32:00,623] {spark_submit.py:488} INFO - name                    format_schema
[2022-04-06 02:32:00,624] {spark_submit.py:488} INFO - childArgs               [posts_questions 2018-04]
[2022-04-06 02:32:00,624] {spark_submit.py:488} INFO - jars                    null
[2022-04-06 02:32:00,624] {spark_submit.py:488} INFO - packages                null
[2022-04-06 02:32:00,624] {spark_submit.py:488} INFO - packagesExclusions      null
[2022-04-06 02:32:00,624] {spark_submit.py:488} INFO - repositories            null
[2022-04-06 02:32:00,624] {spark_submit.py:488} INFO - verbose                 true
[2022-04-06 02:32:00,624] {spark_submit.py:488} INFO - 
[2022-04-06 02:32:00,624] {spark_submit.py:488} INFO - Spark properties used, including those specified through
[2022-04-06 02:32:00,624] {spark_submit.py:488} INFO - --conf and those from the properties file null:
[2022-04-06 02:32:00,624] {spark_submit.py:488} INFO - (spark.master,local[*])
[2022-04-06 02:32:00,624] {spark_submit.py:488} INFO - 
[2022-04-06 02:32:00,624] {spark_submit.py:488} INFO - 
[2022-04-06 02:32:04,489] {spark_submit.py:488} INFO - Main class:
[2022-04-06 02:32:04,490] {spark_submit.py:488} INFO - org.apache.spark.deploy.PythonRunner
[2022-04-06 02:32:04,491] {spark_submit.py:488} INFO - Arguments:
[2022-04-06 02:32:04,491] {spark_submit.py:488} INFO - file:/opt/***/dags/pyspark_parquet_transformation.py
[2022-04-06 02:32:04,491] {spark_submit.py:488} INFO - null
[2022-04-06 02:32:04,491] {spark_submit.py:488} INFO - posts_questions
[2022-04-06 02:32:04,491] {spark_submit.py:488} INFO - 2018-04
[2022-04-06 02:32:04,533] {spark_submit.py:488} INFO - Spark config:
[2022-04-06 02:32:04,533] {spark_submit.py:488} INFO - (spark.master,spark://spark:7077)
[2022-04-06 02:32:04,533] {spark_submit.py:488} INFO - (spark.submit.pyFiles,)
[2022-04-06 02:32:04,533] {spark_submit.py:488} INFO - (spark.submit.deployMode,client)
[2022-04-06 02:32:04,533] {spark_submit.py:488} INFO - (spark.app.name,format_schema)
[2022-04-06 02:32:04,534] {spark_submit.py:488} INFO - Classpath elements:
[2022-04-06 02:32:04,535] {spark_submit.py:488} INFO - 
[2022-04-06 02:32:04,575] {spark_submit.py:488} INFO - 
[2022-04-06 02:32:04,576] {spark_submit.py:488} INFO - 
[2022-04-06 02:32:12,810] {spark_submit.py:488} INFO - Using Spark's default log4j profile: org/apache/spark/log4j-defaults.properties
[2022-04-06 02:32:12,931] {spark_submit.py:488} INFO - 22/04/06 02:32:12 INFO SparkContext: Running Spark version 3.2.1
[2022-04-06 02:32:14,303] {spark_submit.py:488} INFO - 22/04/06 02:32:14 WARN NativeCodeLoader: Unable to load native-hadoop library for your platform... using builtin-java classes where applicable
[2022-04-06 02:32:15,898] {spark_submit.py:488} INFO - 22/04/06 02:32:15 INFO ResourceUtils: ==============================================================
[2022-04-06 02:32:15,901] {spark_submit.py:488} INFO - 22/04/06 02:32:15 INFO ResourceUtils: No custom resources configured for spark.driver.
[2022-04-06 02:32:15,909] {spark_submit.py:488} INFO - 22/04/06 02:32:15 INFO ResourceUtils: ==============================================================
[2022-04-06 02:32:15,928] {spark_submit.py:488} INFO - 22/04/06 02:32:15 INFO SparkContext: Submitted application: Modidy Schema
[2022-04-06 02:32:16,263] {spark_submit.py:488} INFO - 22/04/06 02:32:16 INFO ResourceProfile: Default ResourceProfile created, executor resources: Map(cores -> name: cores, amount: 1, script: , vendor: , memory -> name: memory, amount: 1024, script: , vendor: , offHeap -> name: offHeap, amount: 0, script: , vendor: ), task resources: Map(cpus -> name: cpus, amount: 1.0)
[2022-04-06 02:32:16,503] {spark_submit.py:488} INFO - 22/04/06 02:32:16 INFO ResourceProfile: Limiting resource is cpu
[2022-04-06 02:32:16,524] {spark_submit.py:488} INFO - 22/04/06 02:32:16 INFO ResourceProfileManager: Added ResourceProfile id: 0
[2022-04-06 02:32:17,475] {spark_submit.py:488} INFO - 22/04/06 02:32:17 INFO SecurityManager: Changing view acls to: default
[2022-04-06 02:32:17,493] {spark_submit.py:488} INFO - 22/04/06 02:32:17 INFO SecurityManager: Changing modify acls to: default
[2022-04-06 02:32:17,501] {spark_submit.py:488} INFO - 22/04/06 02:32:17 INFO SecurityManager: Changing view acls groups to:
[2022-04-06 02:32:17,508] {spark_submit.py:488} INFO - 22/04/06 02:32:17 INFO SecurityManager: Changing modify acls groups to:
[2022-04-06 02:32:17,520] {spark_submit.py:488} INFO - 22/04/06 02:32:17 INFO SecurityManager: SecurityManager: authentication disabled; ui acls disabled; users  with view permissions: Set(default); groups with view permissions: Set(); users  with modify permissions: Set(default); groups with modify permissions: Set()
[2022-04-06 02:32:23,559] {spark_submit.py:488} INFO - 22/04/06 02:32:23 INFO Utils: Successfully started service 'sparkDriver' on port 37185.
[2022-04-06 02:32:24,088] {spark_submit.py:488} INFO - 22/04/06 02:32:24 INFO SparkEnv: Registering MapOutputTracker
[2022-04-06 02:32:24,697] {spark_submit.py:488} INFO - 22/04/06 02:32:24 INFO SparkEnv: Registering BlockManagerMaster
[2022-04-06 02:32:25,125] {spark_submit.py:488} INFO - 22/04/06 02:32:25 INFO BlockManagerMasterEndpoint: Using org.apache.spark.storage.DefaultTopologyMapper for getting topology information
[2022-04-06 02:32:25,129] {spark_submit.py:488} INFO - 22/04/06 02:32:25 INFO BlockManagerMasterEndpoint: BlockManagerMasterEndpoint up
[2022-04-06 02:32:25,174] {spark_submit.py:488} INFO - 22/04/06 02:32:25 INFO SparkEnv: Registering BlockManagerMasterHeartbeat
[2022-04-06 02:32:25,589] {spark_submit.py:488} INFO - 22/04/06 02:32:25 INFO DiskBlockManager: Created local directory at /tmp/blockmgr-56f211fc-f9a1-4022-b0c7-4637379f7ce9
[2022-04-06 02:32:26,086] {spark_submit.py:488} INFO - 22/04/06 02:32:26 INFO MemoryStore: MemoryStore started with capacity 434.4 MiB
[2022-04-06 02:32:26,435] {spark_submit.py:488} INFO - 22/04/06 02:32:26 INFO SparkEnv: Registering OutputCommitCoordinator
[2022-04-06 02:32:29,783] {spark_submit.py:488} INFO - 22/04/06 02:32:29 WARN Utils: Service 'SparkUI' could not bind on port 4040. Attempting port 4041.
[2022-04-06 02:32:29,783] {spark_submit.py:488} INFO - 22/04/06 02:32:29 WARN Utils: Service 'SparkUI' could not bind on port 4041. Attempting port 4042.
[2022-04-06 02:32:29,783] {spark_submit.py:488} INFO - 22/04/06 02:32:29 WARN Utils: Service 'SparkUI' could not bind on port 4042. Attempting port 4043.
[2022-04-06 02:32:29,783] {spark_submit.py:488} INFO - 22/04/06 02:32:29 WARN Utils: Service 'SparkUI' could not bind on port 4043. Attempting port 4044.
[2022-04-06 02:32:29,783] {spark_submit.py:488} INFO - 22/04/06 02:32:29 WARN Utils: Service 'SparkUI' could not bind on port 4044. Attempting port 4045.
[2022-04-06 02:32:29,784] {spark_submit.py:488} INFO - 22/04/06 02:32:29 WARN Utils: Service 'SparkUI' could not bind on port 4045. Attempting port 4046.
[2022-04-06 02:32:29,850] {spark_submit.py:488} INFO - 22/04/06 02:32:29 WARN Utils: Service 'SparkUI' could not bind on port 4046. Attempting port 4047.
[2022-04-06 02:32:29,850] {spark_submit.py:488} INFO - 22/04/06 02:32:29 WARN Utils: Service 'SparkUI' could not bind on port 4047. Attempting port 4048.
[2022-04-06 02:32:29,852] {spark_submit.py:488} INFO - 22/04/06 02:32:29 WARN Utils: Service 'SparkUI' could not bind on port 4048. Attempting port 4049.
[2022-04-06 02:32:30,029] {spark_submit.py:488} INFO - 22/04/06 02:32:30 INFO Utils: Successfully started service 'SparkUI' on port 4049.
[2022-04-06 02:32:31,171] {spark_submit.py:488} INFO - 22/04/06 02:32:31 INFO SparkUI: Bound SparkUI to 0.0.0.0, and started at http://9fe4286b2855:4049
[2022-04-06 02:32:35,362] {spark_submit.py:488} INFO - 22/04/06 02:32:35 INFO Executor: Starting executor ID driver on host 9fe4286b2855
[2022-04-06 02:32:36,071] {spark_submit.py:488} INFO - 22/04/06 02:32:36 INFO Utils: Successfully started service 'org.apache.spark.network.netty.NettyBlockTransferService' on port 41225.
[2022-04-06 02:32:36,074] {spark_submit.py:488} INFO - 22/04/06 02:32:36 INFO NettyBlockTransferService: Server created on 9fe4286b2855:41225
[2022-04-06 02:32:36,079] {spark_submit.py:488} INFO - 22/04/06 02:32:36 INFO BlockManager: Using org.apache.spark.storage.RandomBlockReplicationPolicy for block replication policy
[2022-04-06 02:32:36,213] {spark_submit.py:488} INFO - 22/04/06 02:32:36 INFO BlockManagerMaster: Registering BlockManager BlockManagerId(driver, 9fe4286b2855, 41225, None)
[2022-04-06 02:32:36,240] {spark_submit.py:488} INFO - 22/04/06 02:32:36 INFO BlockManagerMasterEndpoint: Registering block manager 9fe4286b2855:41225 with 434.4 MiB RAM, BlockManagerId(driver, 9fe4286b2855, 41225, None)
[2022-04-06 02:32:36,254] {spark_submit.py:488} INFO - 22/04/06 02:32:36 INFO BlockManagerMaster: Registered BlockManager BlockManagerId(driver, 9fe4286b2855, 41225, None)
[2022-04-06 02:32:36,276] {spark_submit.py:488} INFO - 22/04/06 02:32:36 INFO BlockManager: Initialized BlockManager: BlockManagerId(driver, 9fe4286b2855, 41225, None)
[2022-04-06 02:32:52,734] {spark_submit.py:488} INFO - 22/04/06 02:32:52 INFO SharedState: Setting hive.metastore.warehouse.dir ('null') to the value of spark.sql.warehouse.dir.
[2022-04-06 02:32:53,467] {spark_submit.py:488} INFO - 22/04/06 02:32:53 INFO SharedState: Warehouse path is 'file:/opt/***/spark-warehouse'.
[2022-04-06 02:33:31,517] {spark_submit.py:488} INFO - 22/04/06 02:33:31 INFO InMemoryFileIndex: It took 768 ms to list leaf files for 1 paths.
[2022-04-06 02:33:40,974] {spark_submit.py:488} INFO - 22/04/06 02:33:40 INFO SparkContext: Starting job: parquet at NativeMethodAccessorImpl.java:0
[2022-04-06 02:33:41,227] {spark_submit.py:488} INFO - 22/04/06 02:33:41 INFO DAGScheduler: Got job 0 (parquet at NativeMethodAccessorImpl.java:0) with 1 output partitions
[2022-04-06 02:33:41,228] {spark_submit.py:488} INFO - 22/04/06 02:33:41 INFO DAGScheduler: Final stage: ResultStage 0 (parquet at NativeMethodAccessorImpl.java:0)
[2022-04-06 02:33:41,232] {spark_submit.py:488} INFO - 22/04/06 02:33:41 INFO DAGScheduler: Parents of final stage: List()
[2022-04-06 02:33:41,272] {spark_submit.py:488} INFO - 22/04/06 02:33:41 INFO DAGScheduler: Missing parents: List()
[2022-04-06 02:33:41,354] {spark_submit.py:488} INFO - 22/04/06 02:33:41 INFO DAGScheduler: Submitting ResultStage 0 (MapPartitionsRDD[1] at parquet at NativeMethodAccessorImpl.java:0), which has no missing parents
[2022-04-06 02:33:42,596] {spark_submit.py:488} INFO - 22/04/06 02:33:42 INFO MemoryStore: Block broadcast_0 stored as values in memory (estimated size 100.1 KiB, free 434.3 MiB)
[2022-04-06 02:33:43,185] {spark_submit.py:488} INFO - 22/04/06 02:33:43 INFO MemoryStore: Block broadcast_0_piece0 stored as bytes in memory (estimated size 35.8 KiB, free 434.3 MiB)
[2022-04-06 02:33:43,229] {spark_submit.py:488} INFO - 22/04/06 02:33:43 INFO BlockManagerInfo: Added broadcast_0_piece0 in memory on 9fe4286b2855:41225 (size: 35.8 KiB, free: 434.4 MiB)
[2022-04-06 02:33:43,263] {spark_submit.py:488} INFO - 22/04/06 02:33:43 INFO SparkContext: Created broadcast 0 from broadcast at DAGScheduler.scala:1478
[2022-04-06 02:33:43,483] {spark_submit.py:488} INFO - 22/04/06 02:33:43 INFO DAGScheduler: Submitting 1 missing tasks from ResultStage 0 (MapPartitionsRDD[1] at parquet at NativeMethodAccessorImpl.java:0) (first 15 tasks are for partitions Vector(0))
[2022-04-06 02:33:43,505] {spark_submit.py:488} INFO - 22/04/06 02:33:43 INFO TaskSchedulerImpl: Adding task set 0.0 with 1 tasks resource profile 0
[2022-04-06 02:33:44,423] {spark_submit.py:488} INFO - 22/04/06 02:33:44 INFO TaskSetManager: Starting task 0.0 in stage 0.0 (TID 0) (9fe4286b2855, executor driver, partition 0, PROCESS_LOCAL, 4624 bytes) taskResourceAssignments Map()
[2022-04-06 02:33:44,587] {spark_submit.py:488} INFO - 22/04/06 02:33:44 INFO Executor: Running task 0.0 in stage 0.0 (TID 0)
[2022-04-06 02:33:54,303] {spark_submit.py:488} INFO - 22/04/06 02:33:54 INFO Executor: Finished task 0.0 in stage 0.0 (TID 0). 2409 bytes result sent to driver
[2022-04-06 02:33:54,432] {spark_submit.py:488} INFO - 22/04/06 02:33:54 INFO TaskSetManager: Finished task 0.0 in stage 0.0 (TID 0) in 10333 ms on 9fe4286b2855 (executor driver) (1/1)
[2022-04-06 02:33:54,494] {spark_submit.py:488} INFO - 22/04/06 02:33:54 INFO DAGScheduler: ResultStage 0 (parquet at NativeMethodAccessorImpl.java:0) finished in 12.753 s
[2022-04-06 02:33:54,503] {spark_submit.py:488} INFO - 22/04/06 02:33:54 INFO DAGScheduler: Job 0 is finished. Cancelling potential speculative or zombie tasks for this job
[2022-04-06 02:33:54,508] {spark_submit.py:488} INFO - 22/04/06 02:33:54 INFO TaskSchedulerImpl: Removed TaskSet 0.0, whose tasks have all completed, from pool
[2022-04-06 02:33:54,510] {spark_submit.py:488} INFO - 22/04/06 02:33:54 INFO TaskSchedulerImpl: Killing all running tasks in stage 0: Stage finished
[2022-04-06 02:33:54,522] {spark_submit.py:488} INFO - 22/04/06 02:33:54 INFO DAGScheduler: Job 0 finished: parquet at NativeMethodAccessorImpl.java:0, took 13.533859 s
[2022-04-06 02:34:08,182] {spark_submit.py:488} INFO - 22/04/06 02:34:08 INFO BlockManagerInfo: Removed broadcast_0_piece0 on 9fe4286b2855:41225 in memory (size: 35.8 KiB, free: 434.4 MiB)
[2022-04-06 02:34:46,698] {spark_submit.py:488} INFO - 22/04/06 02:34:46 INFO FileSourceStrategy: Pushed Filters:
[2022-04-06 02:34:46,721] {spark_submit.py:488} INFO - 22/04/06 02:34:46 INFO FileSourceStrategy: Post-Scan Filters:
[2022-04-06 02:34:46,747] {spark_submit.py:488} INFO - 22/04/06 02:34:46 INFO FileSourceStrategy: Output Data Schema: struct<id: bigint, title: string, body: string, accepted_answer_id: double, answer_count: bigint ... 19 more fields>
[2022-04-06 02:34:49,670] {spark_submit.py:488} INFO - 22/04/06 02:34:49 INFO ParquetFileFormat: Using default output committer for Parquet: org.apache.parquet.hadoop.ParquetOutputCommitter
[2022-04-06 02:34:50,002] {spark_submit.py:488} INFO - 22/04/06 02:34:50 INFO FileOutputCommitter: File Output Committer Algorithm version is 1
[2022-04-06 02:34:50,003] {spark_submit.py:488} INFO - 22/04/06 02:34:50 INFO FileOutputCommitter: FileOutputCommitter skip cleanup _temporary folders under output directory:false, ignore cleanup failures: false
[2022-04-06 02:34:50,030] {spark_submit.py:488} INFO - 22/04/06 02:34:50 INFO SQLHadoopMapReduceCommitProtocol: Using user defined output committer class org.apache.parquet.hadoop.ParquetOutputCommitter
[2022-04-06 02:34:50,031] {spark_submit.py:488} INFO - 22/04/06 02:34:50 INFO FileOutputCommitter: File Output Committer Algorithm version is 1
[2022-04-06 02:34:50,031] {spark_submit.py:488} INFO - 22/04/06 02:34:50 INFO FileOutputCommitter: FileOutputCommitter skip cleanup _temporary folders under output directory:false, ignore cleanup failures: false
[2022-04-06 02:34:50,039] {spark_submit.py:488} INFO - 22/04/06 02:34:50 INFO SQLHadoopMapReduceCommitProtocol: Using output committer class org.apache.parquet.hadoop.ParquetOutputCommitter
[2022-04-06 02:34:57,862] {spark_submit.py:488} INFO - 22/04/06 02:34:57 INFO CodeGenerator: Code generated in 4737.504639 ms
[2022-04-06 02:34:58,078] {spark_submit.py:488} INFO - 22/04/06 02:34:58 INFO MemoryStore: Block broadcast_1 stored as values in memory (estimated size 194.3 KiB, free 434.2 MiB)
[2022-04-06 02:34:58,258] {spark_submit.py:488} INFO - 22/04/06 02:34:58 INFO MemoryStore: Block broadcast_1_piece0 stored as bytes in memory (estimated size 34.3 KiB, free 434.2 MiB)
[2022-04-06 02:34:58,259] {spark_submit.py:488} INFO - 22/04/06 02:34:58 INFO BlockManagerInfo: Added broadcast_1_piece0 in memory on 9fe4286b2855:41225 (size: 34.3 KiB, free: 434.4 MiB)
[2022-04-06 02:34:58,262] {spark_submit.py:488} INFO - 22/04/06 02:34:58 INFO SparkContext: Created broadcast 1 from save at NativeMethodAccessorImpl.java:0
[2022-04-06 02:34:58,451] {spark_submit.py:488} INFO - 22/04/06 02:34:58 INFO FileSourceScanExec: Planning scan with bin packing, max size: 38444592 bytes, open cost is considered as scanning 4194304 bytes.
[2022-04-06 02:34:58,998] {spark_submit.py:488} INFO - 22/04/06 02:34:58 INFO DAGScheduler: Registering RDD 6 (save at NativeMethodAccessorImpl.java:0) as input to shuffle 0
[2022-04-06 02:34:59,006] {spark_submit.py:488} INFO - 22/04/06 02:34:59 INFO DAGScheduler: Got map stage job 1 (save at NativeMethodAccessorImpl.java:0) with 4 output partitions
[2022-04-06 02:34:59,007] {spark_submit.py:488} INFO - 22/04/06 02:34:59 INFO DAGScheduler: Final stage: ShuffleMapStage 1 (save at NativeMethodAccessorImpl.java:0)
[2022-04-06 02:34:59,008] {spark_submit.py:488} INFO - 22/04/06 02:34:59 INFO DAGScheduler: Parents of final stage: List()
[2022-04-06 02:34:59,032] {spark_submit.py:488} INFO - 22/04/06 02:34:59 INFO DAGScheduler: Missing parents: List()
[2022-04-06 02:34:59,060] {spark_submit.py:488} INFO - 22/04/06 02:34:59 INFO DAGScheduler: Submitting ShuffleMapStage 1 (MapPartitionsRDD[6] at save at NativeMethodAccessorImpl.java:0), which has no missing parents
[2022-04-06 02:34:59,581] {spark_submit.py:488} INFO - 22/04/06 02:34:59 INFO MemoryStore: Block broadcast_2 stored as values in memory (estimated size 32.1 KiB, free 434.1 MiB)
[2022-04-06 02:34:59,658] {spark_submit.py:488} INFO - 22/04/06 02:34:59 INFO MemoryStore: Block broadcast_2_piece0 stored as bytes in memory (estimated size 10.5 KiB, free 434.1 MiB)
[2022-04-06 02:34:59,664] {spark_submit.py:488} INFO - 22/04/06 02:34:59 INFO BlockManagerInfo: Added broadcast_2_piece0 in memory on 9fe4286b2855:41225 (size: 10.5 KiB, free: 434.4 MiB)
[2022-04-06 02:34:59,666] {spark_submit.py:488} INFO - 22/04/06 02:34:59 INFO SparkContext: Created broadcast 2 from broadcast at DAGScheduler.scala:1478
[2022-04-06 02:34:59,696] {spark_submit.py:488} INFO - 22/04/06 02:34:59 INFO DAGScheduler: Submitting 4 missing tasks from ShuffleMapStage 1 (MapPartitionsRDD[6] at save at NativeMethodAccessorImpl.java:0) (first 15 tasks are for partitions Vector(0, 1, 2, 3))
[2022-04-06 02:34:59,697] {spark_submit.py:488} INFO - 22/04/06 02:34:59 INFO TaskSchedulerImpl: Adding task set 1.0 with 4 tasks resource profile 0
[2022-04-06 02:34:59,711] {spark_submit.py:488} INFO - 22/04/06 02:34:59 INFO TaskSetManager: Starting task 0.0 in stage 1.0 (TID 1) (9fe4286b2855, executor driver, partition 0, PROCESS_LOCAL, 4890 bytes) taskResourceAssignments Map()
[2022-04-06 02:34:59,712] {spark_submit.py:488} INFO - 22/04/06 02:34:59 INFO TaskSetManager: Starting task 1.0 in stage 1.0 (TID 2) (9fe4286b2855, executor driver, partition 1, PROCESS_LOCAL, 4890 bytes) taskResourceAssignments Map()
[2022-04-06 02:34:59,713] {spark_submit.py:488} INFO - 22/04/06 02:34:59 INFO TaskSetManager: Starting task 2.0 in stage 1.0 (TID 3) (9fe4286b2855, executor driver, partition 2, PROCESS_LOCAL, 4890 bytes) taskResourceAssignments Map()
[2022-04-06 02:34:59,714] {spark_submit.py:488} INFO - 22/04/06 02:34:59 INFO TaskSetManager: Starting task 3.0 in stage 1.0 (TID 4) (9fe4286b2855, executor driver, partition 3, PROCESS_LOCAL, 4890 bytes) taskResourceAssignments Map()
[2022-04-06 02:34:59,763] {spark_submit.py:488} INFO - 22/04/06 02:34:59 INFO Executor: Running task 0.0 in stage 1.0 (TID 1)
[2022-04-06 02:34:59,770] {spark_submit.py:488} INFO - 22/04/06 02:34:59 INFO Executor: Running task 1.0 in stage 1.0 (TID 2)
[2022-04-06 02:34:59,786] {spark_submit.py:488} INFO - 22/04/06 02:34:59 INFO Executor: Running task 2.0 in stage 1.0 (TID 3)
[2022-04-06 02:34:59,848] {spark_submit.py:488} INFO - 22/04/06 02:34:59 INFO Executor: Running task 3.0 in stage 1.0 (TID 4)
[2022-04-06 02:35:00,659] {spark_submit.py:488} INFO - 22/04/06 02:35:00 INFO FileScanRDD: Reading File path: gs://dtc_data_lake_de-stack-overflow/parquet/posts_questions-2018-04.parquet, range: 38444592-76889184, partition values: [empty row]
[2022-04-06 02:35:00,663] {spark_submit.py:488} INFO - 22/04/06 02:35:00 INFO FileScanRDD: Reading File path: gs://dtc_data_lake_de-stack-overflow/parquet/posts_questions-2018-04.parquet, range: 76889184-115333776, partition values: [empty row]
[2022-04-06 02:35:00,665] {spark_submit.py:488} INFO - 22/04/06 02:35:00 INFO FileScanRDD: Reading File path: gs://dtc_data_lake_de-stack-overflow/parquet/posts_questions-2018-04.parquet, range: 0-38444592, partition values: [empty row]
[2022-04-06 02:35:00,688] {spark_submit.py:488} INFO - 22/04/06 02:35:00 INFO FileScanRDD: Reading File path: gs://dtc_data_lake_de-stack-overflow/parquet/posts_questions-2018-04.parquet, range: 115333776-149584067, partition values: [empty row]
[2022-04-06 02:35:03,597] {spark_submit.py:488} INFO - 22/04/06 02:35:03 INFO Executor: Finished task 3.0 in stage 1.0 (TID 4). 1857 bytes result sent to driver
[2022-04-06 02:35:03,599] {spark_submit.py:488} INFO - 22/04/06 02:35:03 INFO Executor: Finished task 2.0 in stage 1.0 (TID 3). 1857 bytes result sent to driver
[2022-04-06 02:35:03,636] {spark_submit.py:488} INFO - 22/04/06 02:35:03 INFO Executor: Finished task 0.0 in stage 1.0 (TID 1). 1900 bytes result sent to driver
[2022-04-06 02:35:03,673] {spark_submit.py:488} INFO - 22/04/06 02:35:03 INFO TaskSetManager: Finished task 3.0 in stage 1.0 (TID 4) in 3959 ms on 9fe4286b2855 (executor driver) (1/4)
[2022-04-06 02:35:03,675] {spark_submit.py:488} INFO - 22/04/06 02:35:03 INFO TaskSetManager: Finished task 2.0 in stage 1.0 (TID 3) in 3961 ms on 9fe4286b2855 (executor driver) (2/4)
[2022-04-06 02:35:03,676] {spark_submit.py:488} INFO - 22/04/06 02:35:03 INFO TaskSetManager: Finished task 0.0 in stage 1.0 (TID 1) in 3971 ms on 9fe4286b2855 (executor driver) (3/4)
[2022-04-06 02:35:18,132] {spark_submit.py:488} INFO - 22/04/06 02:35:18 INFO CodecPool: Got brand-new decompressor [.snappy]
[2022-04-06 02:36:25,906] {spark_submit.py:488} INFO - 22/04/06 02:36:25 INFO Executor: Finished task 1.0 in stage 1.0 (TID 2). 2029 bytes result sent to driver
[2022-04-06 02:36:25,912] {spark_submit.py:488} INFO - 22/04/06 02:36:25 INFO TaskSetManager: Finished task 1.0 in stage 1.0 (TID 2) in 86195 ms on 9fe4286b2855 (executor driver) (4/4)
[2022-04-06 02:36:25,912] {spark_submit.py:488} INFO - 22/04/06 02:36:25 INFO TaskSchedulerImpl: Removed TaskSet 1.0, whose tasks have all completed, from pool
[2022-04-06 02:36:25,912] {spark_submit.py:488} INFO - 22/04/06 02:36:25 INFO DAGScheduler: ShuffleMapStage 1 (save at NativeMethodAccessorImpl.java:0) finished in 86.781 s
[2022-04-06 02:36:25,912] {spark_submit.py:488} INFO - 22/04/06 02:36:25 INFO DAGScheduler: looking for newly runnable stages
[2022-04-06 02:36:25,916] {spark_submit.py:488} INFO - 22/04/06 02:36:25 INFO DAGScheduler: running: Set()
[2022-04-06 02:36:25,916] {spark_submit.py:488} INFO - 22/04/06 02:36:25 INFO DAGScheduler: waiting: Set()
[2022-04-06 02:36:25,916] {spark_submit.py:488} INFO - 22/04/06 02:36:25 INFO DAGScheduler: failed: Set()
[2022-04-06 02:36:26,812] {spark_submit.py:488} INFO - 22/04/06 02:36:26 INFO SparkContext: Starting job: save at NativeMethodAccessorImpl.java:0
[2022-04-06 02:36:26,819] {spark_submit.py:488} INFO - 22/04/06 02:36:26 INFO DAGScheduler: Got job 2 (save at NativeMethodAccessorImpl.java:0) with 4 output partitions
[2022-04-06 02:36:26,819] {spark_submit.py:488} INFO - 22/04/06 02:36:26 INFO DAGScheduler: Final stage: ResultStage 3 (save at NativeMethodAccessorImpl.java:0)
[2022-04-06 02:36:26,819] {spark_submit.py:488} INFO - 22/04/06 02:36:26 INFO DAGScheduler: Parents of final stage: List(ShuffleMapStage 2)
[2022-04-06 02:36:26,819] {spark_submit.py:488} INFO - 22/04/06 02:36:26 INFO DAGScheduler: Missing parents: List()
[2022-04-06 02:36:26,830] {spark_submit.py:488} INFO - 22/04/06 02:36:26 INFO DAGScheduler: Submitting ResultStage 3 (ShuffledRowRDD[7] at save at NativeMethodAccessorImpl.java:0), which has no missing parents
[2022-04-06 02:36:27,463] {spark_submit.py:488} INFO - 22/04/06 02:36:27 INFO MemoryStore: Block broadcast_3 stored as values in memory (estimated size 204.2 KiB, free 433.9 MiB)
[2022-04-06 02:36:27,527] {spark_submit.py:488} INFO - 22/04/06 02:36:27 INFO MemoryStore: Block broadcast_3_piece0 stored as bytes in memory (estimated size 72.9 KiB, free 433.9 MiB)
[2022-04-06 02:36:27,528] {spark_submit.py:488} INFO - 22/04/06 02:36:27 INFO BlockManagerInfo: Added broadcast_3_piece0 in memory on 9fe4286b2855:41225 (size: 72.9 KiB, free: 434.3 MiB)
[2022-04-06 02:36:27,530] {spark_submit.py:488} INFO - 22/04/06 02:36:27 INFO SparkContext: Created broadcast 3 from broadcast at DAGScheduler.scala:1478
[2022-04-06 02:36:27,531] {spark_submit.py:488} INFO - 22/04/06 02:36:27 INFO DAGScheduler: Submitting 4 missing tasks from ResultStage 3 (ShuffledRowRDD[7] at save at NativeMethodAccessorImpl.java:0) (first 15 tasks are for partitions Vector(0, 1, 2, 3))
[2022-04-06 02:36:27,532] {spark_submit.py:488} INFO - 22/04/06 02:36:27 INFO TaskSchedulerImpl: Adding task set 3.0 with 4 tasks resource profile 0
[2022-04-06 02:36:27,610] {spark_submit.py:488} INFO - 22/04/06 02:36:27 INFO TaskSetManager: Starting task 0.0 in stage 3.0 (TID 5) (9fe4286b2855, executor driver, partition 0, NODE_LOCAL, 4453 bytes) taskResourceAssignments Map()
[2022-04-06 02:36:27,611] {spark_submit.py:488} INFO - 22/04/06 02:36:27 INFO TaskSetManager: Starting task 1.0 in stage 3.0 (TID 6) (9fe4286b2855, executor driver, partition 1, NODE_LOCAL, 4453 bytes) taskResourceAssignments Map()
[2022-04-06 02:36:27,612] {spark_submit.py:488} INFO - 22/04/06 02:36:27 INFO TaskSetManager: Starting task 2.0 in stage 3.0 (TID 7) (9fe4286b2855, executor driver, partition 2, NODE_LOCAL, 4453 bytes) taskResourceAssignments Map()
[2022-04-06 02:36:27,619] {spark_submit.py:488} INFO - 22/04/06 02:36:27 INFO TaskSetManager: Starting task 3.0 in stage 3.0 (TID 8) (9fe4286b2855, executor driver, partition 3, NODE_LOCAL, 4453 bytes) taskResourceAssignments Map()
[2022-04-06 02:36:27,624] {spark_submit.py:488} INFO - 22/04/06 02:36:27 INFO Executor: Running task 0.0 in stage 3.0 (TID 5)
[2022-04-06 02:36:27,689] {spark_submit.py:488} INFO - 22/04/06 02:36:27 INFO Executor: Running task 1.0 in stage 3.0 (TID 6)
[2022-04-06 02:36:27,718] {spark_submit.py:488} INFO - 22/04/06 02:36:27 INFO Executor: Running task 2.0 in stage 3.0 (TID 7)
[2022-04-06 02:36:27,724] {spark_submit.py:488} INFO - 22/04/06 02:36:27 INFO Executor: Running task 3.0 in stage 3.0 (TID 8)
[2022-04-06 02:36:28,327] {spark_submit.py:488} INFO - 22/04/06 02:36:28 INFO ShuffleBlockFetcherIterator: Getting 1 (39.4 MiB) non-empty blocks including 1 (39.4 MiB) local and 0 (0.0 B) host-local and 0 (0.0 B) push-merged-local and 0 (0.0 B) remote blocks
[2022-04-06 02:36:28,352] {spark_submit.py:488} INFO - 22/04/06 02:36:28 INFO ShuffleBlockFetcherIterator: Started 0 remote fetches in 40 ms
[2022-04-06 02:36:28,485] {spark_submit.py:488} INFO - 22/04/06 02:36:28 INFO ShuffleBlockFetcherIterator: Getting 1 (39.4 MiB) non-empty blocks including 1 (39.4 MiB) local and 0 (0.0 B) host-local and 0 (0.0 B) push-merged-local and 0 (0.0 B) remote blocks
[2022-04-06 02:36:28,486] {spark_submit.py:488} INFO - 22/04/06 02:36:28 INFO ShuffleBlockFetcherIterator: Started 0 remote fetches in 197 ms
[2022-04-06 02:36:28,499] {spark_submit.py:488} INFO - 22/04/06 02:36:28 INFO ShuffleBlockFetcherIterator: Getting 1 (39.4 MiB) non-empty blocks including 1 (39.4 MiB) local and 0 (0.0 B) host-local and 0 (0.0 B) push-merged-local and 0 (0.0 B) remote blocks
[2022-04-06 02:36:28,501] {spark_submit.py:488} INFO - 22/04/06 02:36:28 INFO ShuffleBlockFetcherIterator: Started 0 remote fetches in 180 ms
[2022-04-06 02:36:28,508] {spark_submit.py:488} INFO - 22/04/06 02:36:28 INFO FileOutputCommitter: File Output Committer Algorithm version is 1
[2022-04-06 02:36:28,508] {spark_submit.py:488} INFO - 22/04/06 02:36:28 INFO ShuffleBlockFetcherIterator: Getting 1 (39.4 MiB) non-empty blocks including 1 (39.4 MiB) local and 0 (0.0 B) host-local and 0 (0.0 B) push-merged-local and 0 (0.0 B) remote blocks
[2022-04-06 02:36:28,508] {spark_submit.py:488} INFO - 22/04/06 02:36:28 INFO ShuffleBlockFetcherIterator: Started 0 remote fetches in 213 ms
[2022-04-06 02:36:28,516] {spark_submit.py:488} INFO - 22/04/06 02:36:28 INFO FileOutputCommitter: FileOutputCommitter skip cleanup _temporary folders under output directory:false, ignore cleanup failures: false
[2022-04-06 02:36:28,517] {spark_submit.py:488} INFO - 22/04/06 02:36:28 INFO SQLHadoopMapReduceCommitProtocol: Using user defined output committer class org.apache.parquet.hadoop.ParquetOutputCommitter
[2022-04-06 02:36:28,517] {spark_submit.py:488} INFO - 22/04/06 02:36:28 INFO FileOutputCommitter: File Output Committer Algorithm version is 1
[2022-04-06 02:36:28,517] {spark_submit.py:488} INFO - 22/04/06 02:36:28 INFO FileOutputCommitter: FileOutputCommitter skip cleanup _temporary folders under output directory:false, ignore cleanup failures: false
[2022-04-06 02:36:28,518] {spark_submit.py:488} INFO - 22/04/06 02:36:28 INFO SQLHadoopMapReduceCommitProtocol: Using output committer class org.apache.parquet.hadoop.ParquetOutputCommitter
[2022-04-06 02:36:28,532] {spark_submit.py:488} INFO - 22/04/06 02:36:28 INFO FileOutputCommitter: File Output Committer Algorithm version is 1
[2022-04-06 02:36:28,533] {spark_submit.py:488} INFO - 22/04/06 02:36:28 INFO FileOutputCommitter: FileOutputCommitter skip cleanup _temporary folders under output directory:false, ignore cleanup failures: false
[2022-04-06 02:36:28,533] {spark_submit.py:488} INFO - 22/04/06 02:36:28 INFO FileOutputCommitter: File Output Committer Algorithm version is 1
[2022-04-06 02:36:28,534] {spark_submit.py:488} INFO - 22/04/06 02:36:28 INFO FileOutputCommitter: FileOutputCommitter skip cleanup _temporary folders under output directory:false, ignore cleanup failures: false
[2022-04-06 02:36:28,534] {spark_submit.py:488} INFO - 22/04/06 02:36:28 INFO SQLHadoopMapReduceCommitProtocol: Using user defined output committer class org.apache.parquet.hadoop.ParquetOutputCommitter
[2022-04-06 02:36:28,534] {spark_submit.py:488} INFO - 22/04/06 02:36:28 INFO FileOutputCommitter: File Output Committer Algorithm version is 1
[2022-04-06 02:36:28,535] {spark_submit.py:488} INFO - 22/04/06 02:36:28 INFO FileOutputCommitter: FileOutputCommitter skip cleanup _temporary folders under output directory:false, ignore cleanup failures: false
[2022-04-06 02:36:28,544] {spark_submit.py:488} INFO - 22/04/06 02:36:28 INFO SQLHadoopMapReduceCommitProtocol: Using output committer class org.apache.parquet.hadoop.ParquetOutputCommitter
[2022-04-06 02:36:28,576] {spark_submit.py:488} INFO - 22/04/06 02:36:28 INFO FileOutputCommitter: File Output Committer Algorithm version is 1
[2022-04-06 02:36:28,576] {spark_submit.py:488} INFO - 22/04/06 02:36:28 INFO SQLHadoopMapReduceCommitProtocol: Using user defined output committer class org.apache.parquet.hadoop.ParquetOutputCommitter
[2022-04-06 02:36:28,576] {spark_submit.py:488} INFO - 22/04/06 02:36:28 INFO FileOutputCommitter: File Output Committer Algorithm version is 1
[2022-04-06 02:36:28,576] {spark_submit.py:488} INFO - 22/04/06 02:36:28 INFO FileOutputCommitter: FileOutputCommitter skip cleanup _temporary folders under output directory:false, ignore cleanup failures: false
[2022-04-06 02:36:28,577] {spark_submit.py:488} INFO - 22/04/06 02:36:28 INFO SQLHadoopMapReduceCommitProtocol: Using output committer class org.apache.parquet.hadoop.ParquetOutputCommitter
[2022-04-06 02:36:28,588] {spark_submit.py:488} INFO - 22/04/06 02:36:28 INFO FileOutputCommitter: FileOutputCommitter skip cleanup _temporary folders under output directory:false, ignore cleanup failures: false
[2022-04-06 02:36:28,593] {spark_submit.py:488} INFO - 22/04/06 02:36:28 INFO SQLHadoopMapReduceCommitProtocol: Using user defined output committer class org.apache.parquet.hadoop.ParquetOutputCommitter
[2022-04-06 02:36:28,593] {spark_submit.py:488} INFO - 22/04/06 02:36:28 INFO FileOutputCommitter: File Output Committer Algorithm version is 1
[2022-04-06 02:36:28,593] {spark_submit.py:488} INFO - 22/04/06 02:36:28 INFO FileOutputCommitter: FileOutputCommitter skip cleanup _temporary folders under output directory:false, ignore cleanup failures: false
[2022-04-06 02:36:28,593] {spark_submit.py:488} INFO - 22/04/06 02:36:28 INFO SQLHadoopMapReduceCommitProtocol: Using output committer class org.apache.parquet.hadoop.ParquetOutputCommitter
[2022-04-06 02:36:28,627] {spark_submit.py:488} INFO - 22/04/06 02:36:28 INFO CodecConfig: Compression: SNAPPY
[2022-04-06 02:36:28,631] {spark_submit.py:488} INFO - 22/04/06 02:36:28 INFO CodecConfig: Compression: SNAPPY
[2022-04-06 02:36:28,634] {spark_submit.py:488} INFO - 22/04/06 02:36:28 INFO CodecConfig: Compression: SNAPPY
[2022-04-06 02:36:28,634] {spark_submit.py:488} INFO - 22/04/06 02:36:28 INFO CodecConfig: Compression: SNAPPY
[2022-04-06 02:36:28,732] {spark_submit.py:488} INFO - 22/04/06 02:36:28 INFO CodecConfig: Compression: SNAPPY
[2022-04-06 02:36:28,733] {spark_submit.py:488} INFO - 22/04/06 02:36:28 INFO CodecConfig: Compression: SNAPPY
[2022-04-06 02:36:28,733] {spark_submit.py:488} INFO - 22/04/06 02:36:28 INFO CodecConfig: Compression: SNAPPY
[2022-04-06 02:36:28,737] {spark_submit.py:488} INFO - 22/04/06 02:36:28 INFO CodecConfig: Compression: SNAPPY
[2022-04-06 02:36:28,994] {spark_submit.py:488} INFO - 22/04/06 02:36:28 INFO ParquetOutputFormat: Parquet block size to 134217728
[2022-04-06 02:36:29,000] {spark_submit.py:488} INFO - 22/04/06 02:36:28 INFO ParquetOutputFormat: Validation is off
[2022-04-06 02:36:29,000] {spark_submit.py:488} INFO - 22/04/06 02:36:28 INFO ParquetOutputFormat: Maximum row group padding size is 8388608 bytes
[2022-04-06 02:36:29,000] {spark_submit.py:488} INFO - 22/04/06 02:36:28 INFO ParquetOutputFormat: Parquet properties are:
[2022-04-06 02:36:29,000] {spark_submit.py:488} INFO - Parquet page size to 1048576
[2022-04-06 02:36:29,000] {spark_submit.py:488} INFO - Parquet dictionary page size to 1048576
[2022-04-06 02:36:29,000] {spark_submit.py:488} INFO - Dictionary is true
[2022-04-06 02:36:29,000] {spark_submit.py:488} INFO - Writer version is: PARQUET_1_0
[2022-04-06 02:36:29,000] {spark_submit.py:488} INFO - Page size checking is: estimated
[2022-04-06 02:36:29,000] {spark_submit.py:488} INFO - Min row count for page size check is: 100
[2022-04-06 02:36:29,000] {spark_submit.py:488} INFO - Max row count for page size check is: 10000
[2022-04-06 02:36:29,001] {spark_submit.py:488} INFO - Truncate length for column indexes is: 64
[2022-04-06 02:36:29,001] {spark_submit.py:488} INFO - Truncate length for statistics min/max  is: 2147483647
[2022-04-06 02:36:29,001] {spark_submit.py:488} INFO - Bloom filter enabled: false
[2022-04-06 02:36:29,001] {spark_submit.py:488} INFO - Max Bloom filter size for a column is 1048576
[2022-04-06 02:36:29,001] {spark_submit.py:488} INFO - Bloom filter expected number of distinct values are: null
[2022-04-06 02:36:29,001] {spark_submit.py:488} INFO - Page row count limit to 20000
[2022-04-06 02:36:29,001] {spark_submit.py:488} INFO - Writing page checksums is: on
[2022-04-06 02:36:29,038] {spark_submit.py:488} INFO - 22/04/06 02:36:29 INFO ParquetOutputFormat: Parquet block size to 134217728
[2022-04-06 02:36:29,038] {spark_submit.py:488} INFO - 22/04/06 02:36:29 INFO ParquetOutputFormat: Validation is off
[2022-04-06 02:36:29,038] {spark_submit.py:488} INFO - 22/04/06 02:36:29 INFO ParquetOutputFormat: Maximum row group padding size is 8388608 bytes
[2022-04-06 02:36:29,038] {spark_submit.py:488} INFO - 22/04/06 02:36:29 INFO ParquetOutputFormat: Parquet properties are:
[2022-04-06 02:36:29,039] {spark_submit.py:488} INFO - Parquet page size to 1048576
[2022-04-06 02:36:29,039] {spark_submit.py:488} INFO - Parquet dictionary page size to 1048576
[2022-04-06 02:36:29,039] {spark_submit.py:488} INFO - Dictionary is true
[2022-04-06 02:36:29,039] {spark_submit.py:488} INFO - Writer version is: PARQUET_1_0
[2022-04-06 02:36:29,039] {spark_submit.py:488} INFO - Page size checking is: estimated
[2022-04-06 02:36:29,039] {spark_submit.py:488} INFO - Min row count for page size check is: 100
[2022-04-06 02:36:29,039] {spark_submit.py:488} INFO - Max row count for page size check is: 10000
[2022-04-06 02:36:29,039] {spark_submit.py:488} INFO - Truncate length for column indexes is: 64
[2022-04-06 02:36:29,039] {spark_submit.py:488} INFO - Truncate length for statistics min/max  is: 2147483647
[2022-04-06 02:36:29,039] {spark_submit.py:488} INFO - Bloom filter enabled: false
[2022-04-06 02:36:29,039] {spark_submit.py:488} INFO - Max Bloom filter size for a column is 1048576
[2022-04-06 02:36:29,039] {spark_submit.py:488} INFO - Bloom filter expected number of distinct values are: null
[2022-04-06 02:36:29,039] {spark_submit.py:488} INFO - Page row count limit to 20000
[2022-04-06 02:36:29,040] {spark_submit.py:488} INFO - Writing page checksums is: on
[2022-04-06 02:36:29,049] {spark_submit.py:488} INFO - 22/04/06 02:36:29 INFO ParquetOutputFormat: Parquet block size to 134217728
[2022-04-06 02:36:29,049] {spark_submit.py:488} INFO - 22/04/06 02:36:29 INFO ParquetOutputFormat: Validation is off
[2022-04-06 02:36:29,049] {spark_submit.py:488} INFO - 22/04/06 02:36:29 INFO ParquetOutputFormat: Maximum row group padding size is 8388608 bytes
[2022-04-06 02:36:29,049] {spark_submit.py:488} INFO - 22/04/06 02:36:29 INFO ParquetOutputFormat: Parquet properties are:
[2022-04-06 02:36:29,049] {spark_submit.py:488} INFO - Parquet page size to 1048576
[2022-04-06 02:36:29,049] {spark_submit.py:488} INFO - Parquet dictionary page size to 1048576
[2022-04-06 02:36:29,050] {spark_submit.py:488} INFO - Dictionary is true
[2022-04-06 02:36:29,050] {spark_submit.py:488} INFO - Writer version is: PARQUET_1_0
[2022-04-06 02:36:29,050] {spark_submit.py:488} INFO - Page size checking is: estimated
[2022-04-06 02:36:29,050] {spark_submit.py:488} INFO - Min row count for page size check is: 100
[2022-04-06 02:36:29,050] {spark_submit.py:488} INFO - Max row count for page size check is: 10000
[2022-04-06 02:36:29,050] {spark_submit.py:488} INFO - Truncate length for column indexes is: 64
[2022-04-06 02:36:29,050] {spark_submit.py:488} INFO - Truncate length for statistics min/max  is: 2147483647
[2022-04-06 02:36:29,050] {spark_submit.py:488} INFO - Bloom filter enabled: false
[2022-04-06 02:36:29,050] {spark_submit.py:488} INFO - Max Bloom filter size for a column is 1048576
[2022-04-06 02:36:29,050] {spark_submit.py:488} INFO - Bloom filter expected number of distinct values are: null
[2022-04-06 02:36:29,050] {spark_submit.py:488} INFO - Page row count limit to 20000
[2022-04-06 02:36:29,050] {spark_submit.py:488} INFO - Writing page checksums is: on
[2022-04-06 02:36:29,060] {spark_submit.py:488} INFO - 22/04/06 02:36:29 INFO ParquetOutputFormat: Parquet block size to 134217728
[2022-04-06 02:36:29,063] {spark_submit.py:488} INFO - 22/04/06 02:36:29 INFO BlockManagerInfo: Removed broadcast_2_piece0 on 9fe4286b2855:41225 in memory (size: 10.5 KiB, free: 434.3 MiB)
[2022-04-06 02:36:29,128] {spark_submit.py:488} INFO - 22/04/06 02:36:29 INFO ParquetOutputFormat: Validation is off
[2022-04-06 02:36:29,128] {spark_submit.py:488} INFO - 22/04/06 02:36:29 INFO ParquetOutputFormat: Maximum row group padding size is 8388608 bytes
[2022-04-06 02:36:29,128] {spark_submit.py:488} INFO - 22/04/06 02:36:29 INFO ParquetOutputFormat: Parquet properties are:
[2022-04-06 02:36:29,128] {spark_submit.py:488} INFO - Parquet page size to 1048576
[2022-04-06 02:36:29,128] {spark_submit.py:488} INFO - Parquet dictionary page size to 1048576
[2022-04-06 02:36:29,128] {spark_submit.py:488} INFO - Dictionary is true
[2022-04-06 02:36:29,128] {spark_submit.py:488} INFO - Writer version is: PARQUET_1_0
[2022-04-06 02:36:29,128] {spark_submit.py:488} INFO - Page size checking is: estimated
[2022-04-06 02:36:29,129] {spark_submit.py:488} INFO - Min row count for page size check is: 100
[2022-04-06 02:36:29,129] {spark_submit.py:488} INFO - Max row count for page size check is: 10000
[2022-04-06 02:36:29,137] {spark_submit.py:488} INFO - Truncate length for column indexes is: 64
[2022-04-06 02:36:29,137] {spark_submit.py:488} INFO - Truncate length for statistics min/max  is: 2147483647
[2022-04-06 02:36:29,137] {spark_submit.py:488} INFO - Bloom filter enabled: false
[2022-04-06 02:36:29,137] {spark_submit.py:488} INFO - Max Bloom filter size for a column is 1048576
[2022-04-06 02:36:29,137] {spark_submit.py:488} INFO - Bloom filter expected number of distinct values are: null
[2022-04-06 02:36:29,137] {spark_submit.py:488} INFO - Page row count limit to 20000
[2022-04-06 02:36:29,137] {spark_submit.py:488} INFO - Writing page checksums is: on
[2022-04-06 02:36:29,137] {spark_submit.py:488} INFO - 22/04/06 02:36:29 INFO ParquetWriteSupport: Initialized Parquet WriteSupport with Catalyst schema:
[2022-04-06 02:36:29,137] {spark_submit.py:488} INFO - {
[2022-04-06 02:36:29,138] {spark_submit.py:488} INFO - "type" : "struct",
[2022-04-06 02:36:29,138] {spark_submit.py:488} INFO - "fields" : [ {
[2022-04-06 02:36:29,138] {spark_submit.py:488} INFO - "name" : "id",
[2022-04-06 02:36:29,138] {spark_submit.py:488} INFO - "type" : "integer",
[2022-04-06 02:36:29,138] {spark_submit.py:488} INFO - "nullable" : true,
[2022-04-06 02:36:29,138] {spark_submit.py:488} INFO - "metadata" : { }
[2022-04-06 02:36:29,138] {spark_submit.py:488} INFO - }, {
[2022-04-06 02:36:29,138] {spark_submit.py:488} INFO - "name" : "title",
[2022-04-06 02:36:29,138] {spark_submit.py:488} INFO - "type" : "string",
[2022-04-06 02:36:29,138] {spark_submit.py:488} INFO - "nullable" : true,
[2022-04-06 02:36:29,138] {spark_submit.py:488} INFO - "metadata" : { }
[2022-04-06 02:36:29,138] {spark_submit.py:488} INFO - }, {
[2022-04-06 02:36:29,138] {spark_submit.py:488} INFO - "name" : "body",
[2022-04-06 02:36:29,139] {spark_submit.py:488} INFO - "type" : "string",
[2022-04-06 02:36:29,139] {spark_submit.py:488} INFO - "nullable" : true,
[2022-04-06 02:36:29,139] {spark_submit.py:488} INFO - "metadata" : { }
[2022-04-06 02:36:29,139] {spark_submit.py:488} INFO - }, {
[2022-04-06 02:36:29,139] {spark_submit.py:488} INFO - "name" : "accepted_answer_id",
[2022-04-06 02:36:29,139] {spark_submit.py:488} INFO - "type" : "integer",
[2022-04-06 02:36:29,139] {spark_submit.py:488} INFO - "nullable" : true,
[2022-04-06 02:36:29,139] {spark_submit.py:488} INFO - "metadata" : { }
[2022-04-06 02:36:29,139] {spark_submit.py:488} INFO - }, {
[2022-04-06 02:36:29,139] {spark_submit.py:488} INFO - "name" : "answer_count",
[2022-04-06 02:36:29,139] {spark_submit.py:488} INFO - "type" : "integer",
[2022-04-06 02:36:29,139] {spark_submit.py:488} INFO - "nullable" : true,
[2022-04-06 02:36:29,139] {spark_submit.py:488} INFO - "metadata" : { }
[2022-04-06 02:36:29,152] {spark_submit.py:488} INFO - }, {
[2022-04-06 02:36:29,152] {spark_submit.py:488} INFO - "name" : "comment_count",
[2022-04-06 02:36:29,152] {spark_submit.py:488} INFO - "type" : "integer",
[2022-04-06 02:36:29,152] {spark_submit.py:488} INFO - "nullable" : true,
[2022-04-06 02:36:29,152] {spark_submit.py:488} INFO - "metadata" : { }
[2022-04-06 02:36:29,152] {spark_submit.py:488} INFO - }, {
[2022-04-06 02:36:29,152] {spark_submit.py:488} INFO - "name" : "community_owned_date",
[2022-04-06 02:36:29,152] {spark_submit.py:488} INFO - "type" : "timestamp",
[2022-04-06 02:36:29,152] {spark_submit.py:488} INFO - "nullable" : true,
[2022-04-06 02:36:29,152] {spark_submit.py:488} INFO - "metadata" : { }
[2022-04-06 02:36:29,153] {spark_submit.py:488} INFO - }, {
[2022-04-06 02:36:29,153] {spark_submit.py:488} INFO - "name" : "creation_date",
[2022-04-06 02:36:29,153] {spark_submit.py:488} INFO - "type" : "timestamp",
[2022-04-06 02:36:29,153] {spark_submit.py:488} INFO - "nullable" : true,
[2022-04-06 02:36:29,153] {spark_submit.py:488} INFO - "metadata" : { }
[2022-04-06 02:36:29,153] {spark_submit.py:488} INFO - }, {
[2022-04-06 02:36:29,153] {spark_submit.py:488} INFO - "name" : "favorite_count",
[2022-04-06 02:36:29,153] {spark_submit.py:488} INFO - "type" : "integer",
[2022-04-06 02:36:29,153] {spark_submit.py:488} INFO - "nullable" : true,
[2022-04-06 02:36:29,153] {spark_submit.py:488} INFO - "metadata" : { }
[2022-04-06 02:36:29,153] {spark_submit.py:488} INFO - }, {
[2022-04-06 02:36:29,153] {spark_submit.py:488} INFO - "name" : "last_activity_date",
[2022-04-06 02:36:29,153] {spark_submit.py:488} INFO - "type" : "timestamp",
[2022-04-06 02:36:29,153] {spark_submit.py:488} INFO - "nullable" : true,
[2022-04-06 02:36:29,154] {spark_submit.py:488} INFO - "metadata" : { }
[2022-04-06 02:36:29,154] {spark_submit.py:488} INFO - }, {
[2022-04-06 02:36:29,154] {spark_submit.py:488} INFO - "name" : "last_edit_date",
[2022-04-06 02:36:29,154] {spark_submit.py:488} INFO - "type" : "timestamp",
[2022-04-06 02:36:29,154] {spark_submit.py:488} INFO - "nullable" : true,
[2022-04-06 02:36:29,154] {spark_submit.py:488} INFO - "metadata" : { }
[2022-04-06 02:36:29,154] {spark_submit.py:488} INFO - }, {
[2022-04-06 02:36:29,154] {spark_submit.py:488} INFO - "name" : "last_editor_display_name",
[2022-04-06 02:36:29,154] {spark_submit.py:488} INFO - "type" : "string",
[2022-04-06 02:36:29,154] {spark_submit.py:488} INFO - "nullable" : true,
[2022-04-06 02:36:29,154] {spark_submit.py:488} INFO - "metadata" : { }
[2022-04-06 02:36:29,154] {spark_submit.py:488} INFO - }, {
[2022-04-06 02:36:29,154] {spark_submit.py:488} INFO - "name" : "last_editor_user_id",
[2022-04-06 02:36:29,154] {spark_submit.py:488} INFO - "type" : "integer",
[2022-04-06 02:36:29,155] {spark_submit.py:488} INFO - "nullable" : true,
[2022-04-06 02:36:29,155] {spark_submit.py:488} INFO - "metadata" : { }
[2022-04-06 02:36:29,155] {spark_submit.py:488} INFO - }, {
[2022-04-06 02:36:29,155] {spark_submit.py:488} INFO - "name" : "owner_display_name",
[2022-04-06 02:36:29,155] {spark_submit.py:488} INFO - "type" : "string",
[2022-04-06 02:36:29,155] {spark_submit.py:488} INFO - "nullable" : true,
[2022-04-06 02:36:29,159] {spark_submit.py:488} INFO - "metadata" : { }
[2022-04-06 02:36:29,159] {spark_submit.py:488} INFO - }, {
[2022-04-06 02:36:29,159] {spark_submit.py:488} INFO - "name" : "owner_user_id",
[2022-04-06 02:36:29,159] {spark_submit.py:488} INFO - "type" : "integer",
[2022-04-06 02:36:29,159] {spark_submit.py:488} INFO - "nullable" : true,
[2022-04-06 02:36:29,159] {spark_submit.py:488} INFO - "metadata" : { }
[2022-04-06 02:36:29,159] {spark_submit.py:488} INFO - }, {
[2022-04-06 02:36:29,159] {spark_submit.py:488} INFO - "name" : "parent_id",
[2022-04-06 02:36:29,159] {spark_submit.py:488} INFO - "type" : "integer",
[2022-04-06 02:36:29,159] {spark_submit.py:488} INFO - "nullable" : true,
[2022-04-06 02:36:29,159] {spark_submit.py:488} INFO - "metadata" : { }
[2022-04-06 02:36:29,159] {spark_submit.py:488} INFO - }, {
[2022-04-06 02:36:29,159] {spark_submit.py:488} INFO - "name" : "post_type_id",
[2022-04-06 02:36:29,160] {spark_submit.py:488} INFO - "type" : "integer",
[2022-04-06 02:36:29,160] {spark_submit.py:488} INFO - "nullable" : true,
[2022-04-06 02:36:29,160] {spark_submit.py:488} INFO - "metadata" : { }
[2022-04-06 02:36:29,160] {spark_submit.py:488} INFO - }, {
[2022-04-06 02:36:29,160] {spark_submit.py:488} INFO - "name" : "score",
[2022-04-06 02:36:29,160] {spark_submit.py:488} INFO - "type" : "integer",
[2022-04-06 02:36:29,160] {spark_submit.py:488} INFO - "nullable" : true,
[2022-04-06 02:36:29,160] {spark_submit.py:488} INFO - "metadata" : { }
[2022-04-06 02:36:29,160] {spark_submit.py:488} INFO - }, {
[2022-04-06 02:36:29,160] {spark_submit.py:488} INFO - "name" : "tags",
[2022-04-06 02:36:29,160] {spark_submit.py:488} INFO - "type" : "string",
[2022-04-06 02:36:29,160] {spark_submit.py:488} INFO - "nullable" : true,
[2022-04-06 02:36:29,160] {spark_submit.py:488} INFO - "metadata" : { }
[2022-04-06 02:36:29,161] {spark_submit.py:488} INFO - }, {
[2022-04-06 02:36:29,161] {spark_submit.py:488} INFO - "name" : "view_count",
[2022-04-06 02:36:29,161] {spark_submit.py:488} INFO - "type" : "integer",
[2022-04-06 02:36:29,161] {spark_submit.py:488} INFO - "nullable" : true,
[2022-04-06 02:36:29,161] {spark_submit.py:488} INFO - "metadata" : { }
[2022-04-06 02:36:29,161] {spark_submit.py:488} INFO - }, {
[2022-04-06 02:36:29,161] {spark_submit.py:488} INFO - "name" : "group_by_date",
[2022-04-06 02:36:29,161] {spark_submit.py:488} INFO - "type" : "timestamp",
[2022-04-06 02:36:29,161] {spark_submit.py:488} INFO - "nullable" : true,
[2022-04-06 02:36:29,161] {spark_submit.py:488} INFO - "metadata" : { }
[2022-04-06 02:36:29,161] {spark_submit.py:488} INFO - } ]
[2022-04-06 02:36:29,161] {spark_submit.py:488} INFO - }
[2022-04-06 02:36:29,161] {spark_submit.py:488} INFO - and corresponding Parquet message type:
[2022-04-06 02:36:29,161] {spark_submit.py:488} INFO - message spark_schema {
[2022-04-06 02:36:29,161] {spark_submit.py:488} INFO - optional int32 id;
[2022-04-06 02:36:29,162] {spark_submit.py:488} INFO - optional binary title (STRING);
[2022-04-06 02:36:29,162] {spark_submit.py:488} INFO - optional binary body (STRING);
[2022-04-06 02:36:29,162] {spark_submit.py:488} INFO - optional int32 accepted_answer_id;
[2022-04-06 02:36:29,162] {spark_submit.py:488} INFO - optional int32 answer_count;
[2022-04-06 02:36:29,162] {spark_submit.py:488} INFO - optional int32 comment_count;
[2022-04-06 02:36:29,162] {spark_submit.py:488} INFO - optional int96 community_owned_date;
[2022-04-06 02:36:29,162] {spark_submit.py:488} INFO - optional int96 creation_date;
[2022-04-06 02:36:29,162] {spark_submit.py:488} INFO - optional int32 favorite_count;
[2022-04-06 02:36:29,162] {spark_submit.py:488} INFO - optional int96 last_activity_date;
[2022-04-06 02:36:29,162] {spark_submit.py:488} INFO - optional int96 last_edit_date;
[2022-04-06 02:36:29,162] {spark_submit.py:488} INFO - optional binary last_editor_display_name (STRING);
[2022-04-06 02:36:29,162] {spark_submit.py:488} INFO - optional int32 last_editor_user_id;
[2022-04-06 02:36:29,162] {spark_submit.py:488} INFO - optional binary owner_display_name (STRING);
[2022-04-06 02:36:29,162] {spark_submit.py:488} INFO - optional int32 owner_user_id;
[2022-04-06 02:36:29,163] {spark_submit.py:488} INFO - optional int32 parent_id;
[2022-04-06 02:36:29,163] {spark_submit.py:488} INFO - optional int32 post_type_id;
[2022-04-06 02:36:29,163] {spark_submit.py:488} INFO - optional int32 score;
[2022-04-06 02:36:29,163] {spark_submit.py:488} INFO - optional binary tags (STRING);
[2022-04-06 02:36:29,163] {spark_submit.py:488} INFO - optional int32 view_count;
[2022-04-06 02:36:29,163] {spark_submit.py:488} INFO - optional int96 group_by_date;
[2022-04-06 02:36:29,163] {spark_submit.py:488} INFO - }
[2022-04-06 02:36:29,163] {spark_submit.py:488} INFO - 
[2022-04-06 02:36:29,163] {spark_submit.py:488} INFO - 
[2022-04-06 02:36:29,269] {spark_submit.py:488} INFO - 22/04/06 02:36:29 INFO ParquetWriteSupport: Initialized Parquet WriteSupport with Catalyst schema:
[2022-04-06 02:36:29,269] {spark_submit.py:488} INFO - {
[2022-04-06 02:36:29,269] {spark_submit.py:488} INFO - "type" : "struct",
[2022-04-06 02:36:29,269] {spark_submit.py:488} INFO - "fields" : [ {
[2022-04-06 02:36:29,269] {spark_submit.py:488} INFO - "name" : "id",
[2022-04-06 02:36:29,269] {spark_submit.py:488} INFO - "type" : "integer",
[2022-04-06 02:36:29,270] {spark_submit.py:488} INFO - "nullable" : true,
[2022-04-06 02:36:29,270] {spark_submit.py:488} INFO - "metadata" : { }
[2022-04-06 02:36:29,270] {spark_submit.py:488} INFO - }, {
[2022-04-06 02:36:29,270] {spark_submit.py:488} INFO - "name" : "title",
[2022-04-06 02:36:29,270] {spark_submit.py:488} INFO - "type" : "string",
[2022-04-06 02:36:29,270] {spark_submit.py:488} INFO - "nullable" : true,
[2022-04-06 02:36:29,270] {spark_submit.py:488} INFO - "metadata" : { }
[2022-04-06 02:36:29,270] {spark_submit.py:488} INFO - }, {
[2022-04-06 02:36:29,270] {spark_submit.py:488} INFO - "name" : "body",
[2022-04-06 02:36:29,270] {spark_submit.py:488} INFO - "type" : "string",
[2022-04-06 02:36:29,270] {spark_submit.py:488} INFO - "nullable" : true,
[2022-04-06 02:36:29,270] {spark_submit.py:488} INFO - "metadata" : { }
[2022-04-06 02:36:29,270] {spark_submit.py:488} INFO - }, {
[2022-04-06 02:36:29,270] {spark_submit.py:488} INFO - "name" : "accepted_answer_id",
[2022-04-06 02:36:29,271] {spark_submit.py:488} INFO - "type" : "integer",
[2022-04-06 02:36:29,271] {spark_submit.py:488} INFO - "nullable" : true,
[2022-04-06 02:36:29,271] {spark_submit.py:488} INFO - "metadata" : { }
[2022-04-06 02:36:29,271] {spark_submit.py:488} INFO - }, {
[2022-04-06 02:36:29,271] {spark_submit.py:488} INFO - "name" : "answer_count",
[2022-04-06 02:36:29,271] {spark_submit.py:488} INFO - "type" : "integer",
[2022-04-06 02:36:29,271] {spark_submit.py:488} INFO - "nullable" : true,
[2022-04-06 02:36:29,271] {spark_submit.py:488} INFO - "metadata" : { }
[2022-04-06 02:36:29,271] {spark_submit.py:488} INFO - }, {
[2022-04-06 02:36:29,271] {spark_submit.py:488} INFO - "name" : "comment_count",
[2022-04-06 02:36:29,271] {spark_submit.py:488} INFO - "type" : "integer",
[2022-04-06 02:36:29,271] {spark_submit.py:488} INFO - "nullable" : true,
[2022-04-06 02:36:29,276] {spark_submit.py:488} INFO - "metadata" : { }
[2022-04-06 02:36:29,283] {spark_submit.py:488} INFO - }, {
[2022-04-06 02:36:29,283] {spark_submit.py:488} INFO - "name" : "community_owned_date",
[2022-04-06 02:36:29,284] {spark_submit.py:488} INFO - "type" : "timestamp",
[2022-04-06 02:36:29,284] {spark_submit.py:488} INFO - "nullable" : true,
[2022-04-06 02:36:29,284] {spark_submit.py:488} INFO - "metadata" : { }
[2022-04-06 02:36:29,284] {spark_submit.py:488} INFO - }, {
[2022-04-06 02:36:29,284] {spark_submit.py:488} INFO - "name" : "creation_date",
[2022-04-06 02:36:29,284] {spark_submit.py:488} INFO - "type" : "timestamp",
[2022-04-06 02:36:29,284] {spark_submit.py:488} INFO - "nullable" : true,
[2022-04-06 02:36:29,284] {spark_submit.py:488} INFO - "metadata" : { }
[2022-04-06 02:36:29,284] {spark_submit.py:488} INFO - }, {
[2022-04-06 02:36:29,284] {spark_submit.py:488} INFO - "name" : "favorite_count",
[2022-04-06 02:36:29,284] {spark_submit.py:488} INFO - "type" : "integer",
[2022-04-06 02:36:29,284] {spark_submit.py:488} INFO - "nullable" : true,
[2022-04-06 02:36:29,285] {spark_submit.py:488} INFO - "metadata" : { }
[2022-04-06 02:36:29,285] {spark_submit.py:488} INFO - }, {
[2022-04-06 02:36:29,285] {spark_submit.py:488} INFO - "name" : "last_activity_date",
[2022-04-06 02:36:29,285] {spark_submit.py:488} INFO - "type" : "timestamp",
[2022-04-06 02:36:29,285] {spark_submit.py:488} INFO - "nullable" : true,
[2022-04-06 02:36:29,285] {spark_submit.py:488} INFO - "metadata" : { }
[2022-04-06 02:36:29,285] {spark_submit.py:488} INFO - }, {
[2022-04-06 02:36:29,285] {spark_submit.py:488} INFO - "name" : "last_edit_date",
[2022-04-06 02:36:29,285] {spark_submit.py:488} INFO - "type" : "timestamp",
[2022-04-06 02:36:29,285] {spark_submit.py:488} INFO - "nullable" : true,
[2022-04-06 02:36:29,285] {spark_submit.py:488} INFO - "metadata" : { }
[2022-04-06 02:36:29,285] {spark_submit.py:488} INFO - }, {
[2022-04-06 02:36:29,285] {spark_submit.py:488} INFO - "name" : "last_editor_display_name",
[2022-04-06 02:36:29,285] {spark_submit.py:488} INFO - "type" : "string",
[2022-04-06 02:36:29,286] {spark_submit.py:488} INFO - "nullable" : true,
[2022-04-06 02:36:29,286] {spark_submit.py:488} INFO - "metadata" : { }
[2022-04-06 02:36:29,286] {spark_submit.py:488} INFO - }, {
[2022-04-06 02:36:29,286] {spark_submit.py:488} INFO - "name" : "last_editor_user_id",
[2022-04-06 02:36:29,336] {spark_submit.py:488} INFO - "type" : "integer",
[2022-04-06 02:36:29,337] {spark_submit.py:488} INFO - "nullable" : true,
[2022-04-06 02:36:29,337] {spark_submit.py:488} INFO - "metadata" : { }
[2022-04-06 02:36:29,337] {spark_submit.py:488} INFO - }, {
[2022-04-06 02:36:29,337] {spark_submit.py:488} INFO - "name" : "owner_display_name",
[2022-04-06 02:36:29,337] {spark_submit.py:488} INFO - "type" : "string",
[2022-04-06 02:36:29,337] {spark_submit.py:488} INFO - "nullable" : true,
[2022-04-06 02:36:29,337] {spark_submit.py:488} INFO - "metadata" : { }
[2022-04-06 02:36:29,337] {spark_submit.py:488} INFO - }, {
[2022-04-06 02:36:29,338] {spark_submit.py:488} INFO - "name" : "owner_user_id",
[2022-04-06 02:36:29,338] {spark_submit.py:488} INFO - "type" : "integer",
[2022-04-06 02:36:29,338] {spark_submit.py:488} INFO - "nullable" : true,
[2022-04-06 02:36:29,338] {spark_submit.py:488} INFO - "metadata" : { }
[2022-04-06 02:36:29,338] {spark_submit.py:488} INFO - }, {
[2022-04-06 02:36:29,338] {spark_submit.py:488} INFO - "name" : "parent_id",
[2022-04-06 02:36:29,338] {spark_submit.py:488} INFO - "type" : "integer",
[2022-04-06 02:36:29,338] {spark_submit.py:488} INFO - "nullable" : true,
[2022-04-06 02:36:29,338] {spark_submit.py:488} INFO - "metadata" : { }
[2022-04-06 02:36:29,338] {spark_submit.py:488} INFO - }, {
[2022-04-06 02:36:29,338] {spark_submit.py:488} INFO - "name" : "post_type_id",
[2022-04-06 02:36:29,338] {spark_submit.py:488} INFO - "type" : "integer",
[2022-04-06 02:36:29,338] {spark_submit.py:488} INFO - "nullable" : true,
[2022-04-06 02:36:29,338] {spark_submit.py:488} INFO - "metadata" : { }
[2022-04-06 02:36:29,338] {spark_submit.py:488} INFO - }, {
[2022-04-06 02:36:29,339] {spark_submit.py:488} INFO - "name" : "score",
[2022-04-06 02:36:29,339] {spark_submit.py:488} INFO - "type" : "integer",
[2022-04-06 02:36:29,339] {spark_submit.py:488} INFO - "nullable" : true,
[2022-04-06 02:36:29,339] {spark_submit.py:488} INFO - "metadata" : { }
[2022-04-06 02:36:29,339] {spark_submit.py:488} INFO - }, {
[2022-04-06 02:36:29,339] {spark_submit.py:488} INFO - "name" : "tags",
[2022-04-06 02:36:29,339] {spark_submit.py:488} INFO - "type" : "string",
[2022-04-06 02:36:29,339] {spark_submit.py:488} INFO - "nullable" : true,
[2022-04-06 02:36:29,339] {spark_submit.py:488} INFO - "metadata" : { }
[2022-04-06 02:36:29,339] {spark_submit.py:488} INFO - }, {
[2022-04-06 02:36:29,339] {spark_submit.py:488} INFO - "name" : "view_count",
[2022-04-06 02:36:29,339] {spark_submit.py:488} INFO - "type" : "integer",
[2022-04-06 02:36:29,339] {spark_submit.py:488} INFO - "nullable" : true,
[2022-04-06 02:36:29,429] {spark_submit.py:488} INFO - "metadata" : { }
[2022-04-06 02:36:29,429] {spark_submit.py:488} INFO - }, {
[2022-04-06 02:36:29,429] {spark_submit.py:488} INFO - "name" : "group_by_date",
[2022-04-06 02:36:29,429] {spark_submit.py:488} INFO - "type" : "timestamp",
[2022-04-06 02:36:29,429] {spark_submit.py:488} INFO - "nullable" : true,
[2022-04-06 02:36:29,429] {spark_submit.py:488} INFO - "metadata" : { }
[2022-04-06 02:36:29,429] {spark_submit.py:488} INFO - } ]
[2022-04-06 02:36:29,429] {spark_submit.py:488} INFO - }
[2022-04-06 02:36:29,429] {spark_submit.py:488} INFO - and corresponding Parquet message type:
[2022-04-06 02:36:29,429] {spark_submit.py:488} INFO - message spark_schema {
[2022-04-06 02:36:29,429] {spark_submit.py:488} INFO - optional int32 id;
[2022-04-06 02:36:29,429] {spark_submit.py:488} INFO - optional binary title (STRING);
[2022-04-06 02:36:29,437] {spark_submit.py:488} INFO - optional binary body (STRING);
[2022-04-06 02:36:29,438] {spark_submit.py:488} INFO - optional int32 accepted_answer_id;
[2022-04-06 02:36:29,438] {spark_submit.py:488} INFO - optional int32 answer_count;
[2022-04-06 02:36:29,438] {spark_submit.py:488} INFO - optional int32 comment_count;
[2022-04-06 02:36:29,438] {spark_submit.py:488} INFO - optional int96 community_owned_date;
[2022-04-06 02:36:29,438] {spark_submit.py:488} INFO - optional int96 creation_date;
[2022-04-06 02:36:29,438] {spark_submit.py:488} INFO - optional int32 favorite_count;
[2022-04-06 02:36:29,438] {spark_submit.py:488} INFO - optional int96 last_activity_date;
[2022-04-06 02:36:29,438] {spark_submit.py:488} INFO - optional int96 last_edit_date;
[2022-04-06 02:36:29,438] {spark_submit.py:488} INFO - optional binary last_editor_display_name (STRING);
[2022-04-06 02:36:29,438] {spark_submit.py:488} INFO - optional int32 last_editor_user_id;
[2022-04-06 02:36:29,438] {spark_submit.py:488} INFO - optional binary owner_display_name (STRING);
[2022-04-06 02:36:29,438] {spark_submit.py:488} INFO - optional int32 owner_user_id;
[2022-04-06 02:36:29,439] {spark_submit.py:488} INFO - optional int32 parent_id;
[2022-04-06 02:36:29,439] {spark_submit.py:488} INFO - optional int32 post_type_id;
[2022-04-06 02:36:29,439] {spark_submit.py:488} INFO - optional int32 score;
[2022-04-06 02:36:29,439] {spark_submit.py:488} INFO - optional binary tags (STRING);
[2022-04-06 02:36:29,439] {spark_submit.py:488} INFO - optional int32 view_count;
[2022-04-06 02:36:29,439] {spark_submit.py:488} INFO - optional int96 group_by_date;
[2022-04-06 02:36:29,439] {spark_submit.py:488} INFO - }
[2022-04-06 02:36:29,439] {spark_submit.py:488} INFO - 
[2022-04-06 02:36:29,439] {spark_submit.py:488} INFO - 
[2022-04-06 02:36:29,439] {spark_submit.py:488} INFO - 22/04/06 02:36:29 INFO ParquetWriteSupport: Initialized Parquet WriteSupport with Catalyst schema:
[2022-04-06 02:36:29,439] {spark_submit.py:488} INFO - {
[2022-04-06 02:36:29,439] {spark_submit.py:488} INFO - "type" : "struct",
[2022-04-06 02:36:29,439] {spark_submit.py:488} INFO - "fields" : [ {
[2022-04-06 02:36:29,513] {spark_submit.py:488} INFO - "name" : "id",
[2022-04-06 02:36:29,513] {spark_submit.py:488} INFO - "type" : "integer",
[2022-04-06 02:36:29,513] {spark_submit.py:488} INFO - "nullable" : true,
[2022-04-06 02:36:29,513] {spark_submit.py:488} INFO - "metadata" : { }
[2022-04-06 02:36:29,513] {spark_submit.py:488} INFO - }, {
[2022-04-06 02:36:29,513] {spark_submit.py:488} INFO - "name" : "title",
[2022-04-06 02:36:29,513] {spark_submit.py:488} INFO - "type" : "string",
[2022-04-06 02:36:29,513] {spark_submit.py:488} INFO - "nullable" : true,
[2022-04-06 02:36:29,513] {spark_submit.py:488} INFO - "metadata" : { }
[2022-04-06 02:36:29,513] {spark_submit.py:488} INFO - }, {
[2022-04-06 02:36:29,513] {spark_submit.py:488} INFO - "name" : "body",
[2022-04-06 02:36:29,513] {spark_submit.py:488} INFO - "type" : "string",
[2022-04-06 02:36:29,514] {spark_submit.py:488} INFO - "nullable" : true,
[2022-04-06 02:36:29,514] {spark_submit.py:488} INFO - "metadata" : { }
[2022-04-06 02:36:29,514] {spark_submit.py:488} INFO - }, {
[2022-04-06 02:36:29,514] {spark_submit.py:488} INFO - "name" : "accepted_answer_id",
[2022-04-06 02:36:29,514] {spark_submit.py:488} INFO - "type" : "integer",
[2022-04-06 02:36:29,514] {spark_submit.py:488} INFO - "nullable" : true,
[2022-04-06 02:36:29,514] {spark_submit.py:488} INFO - "metadata" : { }
[2022-04-06 02:36:29,514] {spark_submit.py:488} INFO - }, {
[2022-04-06 02:36:29,514] {spark_submit.py:488} INFO - "name" : "answer_count",
[2022-04-06 02:36:29,514] {spark_submit.py:488} INFO - "type" : "integer",
[2022-04-06 02:36:29,514] {spark_submit.py:488} INFO - "nullable" : true,
[2022-04-06 02:36:29,514] {spark_submit.py:488} INFO - "metadata" : { }
[2022-04-06 02:36:29,514] {spark_submit.py:488} INFO - }, {
[2022-04-06 02:36:29,515] {spark_submit.py:488} INFO - "name" : "comment_count",
[2022-04-06 02:36:29,515] {spark_submit.py:488} INFO - "type" : "integer",
[2022-04-06 02:36:29,515] {spark_submit.py:488} INFO - "nullable" : true,
[2022-04-06 02:36:29,515] {spark_submit.py:488} INFO - "metadata" : { }
[2022-04-06 02:36:29,515] {spark_submit.py:488} INFO - }, {
[2022-04-06 02:36:29,515] {spark_submit.py:488} INFO - "name" : "community_owned_date",
[2022-04-06 02:36:29,515] {spark_submit.py:488} INFO - "type" : "timestamp",
[2022-04-06 02:36:29,515] {spark_submit.py:488} INFO - "nullable" : true,
[2022-04-06 02:36:29,515] {spark_submit.py:488} INFO - "metadata" : { }
[2022-04-06 02:36:29,515] {spark_submit.py:488} INFO - }, {
[2022-04-06 02:36:29,567] {spark_submit.py:488} INFO - "name" : "creation_date",
[2022-04-06 02:36:29,567] {spark_submit.py:488} INFO - "type" : "timestamp",
[2022-04-06 02:36:29,567] {spark_submit.py:488} INFO - "nullable" : true,
[2022-04-06 02:36:29,568] {spark_submit.py:488} INFO - "metadata" : { }
[2022-04-06 02:36:29,568] {spark_submit.py:488} INFO - }, {
[2022-04-06 02:36:29,568] {spark_submit.py:488} INFO - "name" : "favorite_count",
[2022-04-06 02:36:29,568] {spark_submit.py:488} INFO - "type" : "integer",
[2022-04-06 02:36:29,568] {spark_submit.py:488} INFO - "nullable" : true,
[2022-04-06 02:36:29,568] {spark_submit.py:488} INFO - "metadata" : { }
[2022-04-06 02:36:29,568] {spark_submit.py:488} INFO - }, {
[2022-04-06 02:36:29,568] {spark_submit.py:488} INFO - "name" : "last_activity_date",
[2022-04-06 02:36:29,568] {spark_submit.py:488} INFO - "type" : "timestamp",
[2022-04-06 02:36:29,568] {spark_submit.py:488} INFO - "nullable" : true,
[2022-04-06 02:36:29,568] {spark_submit.py:488} INFO - "metadata" : { }
[2022-04-06 02:36:29,568] {spark_submit.py:488} INFO - }, {
[2022-04-06 02:36:29,569] {spark_submit.py:488} INFO - "name" : "last_edit_date",
[2022-04-06 02:36:29,569] {spark_submit.py:488} INFO - "type" : "timestamp",
[2022-04-06 02:36:29,569] {spark_submit.py:488} INFO - "nullable" : true,
[2022-04-06 02:36:29,569] {spark_submit.py:488} INFO - "metadata" : { }
[2022-04-06 02:36:29,569] {spark_submit.py:488} INFO - }, {
[2022-04-06 02:36:29,569] {spark_submit.py:488} INFO - "name" : "last_editor_display_name",
[2022-04-06 02:36:29,569] {spark_submit.py:488} INFO - "type" : "string",
[2022-04-06 02:36:29,569] {spark_submit.py:488} INFO - "nullable" : true,
[2022-04-06 02:36:29,569] {spark_submit.py:488} INFO - "metadata" : { }
[2022-04-06 02:36:29,569] {spark_submit.py:488} INFO - }, {
[2022-04-06 02:36:29,569] {spark_submit.py:488} INFO - "name" : "last_editor_user_id",
[2022-04-06 02:36:29,569] {spark_submit.py:488} INFO - "type" : "integer",
[2022-04-06 02:36:29,569] {spark_submit.py:488} INFO - "nullable" : true,
[2022-04-06 02:36:29,569] {spark_submit.py:488} INFO - "metadata" : { }
[2022-04-06 02:36:29,570] {spark_submit.py:488} INFO - }, {
[2022-04-06 02:36:29,570] {spark_submit.py:488} INFO - "name" : "owner_display_name",
[2022-04-06 02:36:29,570] {spark_submit.py:488} INFO - "type" : "string",
[2022-04-06 02:36:29,570] {spark_submit.py:488} INFO - "nullable" : true,
[2022-04-06 02:36:29,570] {spark_submit.py:488} INFO - "metadata" : { }
[2022-04-06 02:36:29,570] {spark_submit.py:488} INFO - }, {
[2022-04-06 02:36:29,570] {spark_submit.py:488} INFO - "name" : "owner_user_id",
[2022-04-06 02:36:29,570] {spark_submit.py:488} INFO - "type" : "integer",
[2022-04-06 02:36:29,570] {spark_submit.py:488} INFO - "nullable" : true,
[2022-04-06 02:36:29,570] {spark_submit.py:488} INFO - "metadata" : { }
[2022-04-06 02:36:29,570] {spark_submit.py:488} INFO - }, {
[2022-04-06 02:36:29,570] {spark_submit.py:488} INFO - "name" : "parent_id",
[2022-04-06 02:36:29,570] {spark_submit.py:488} INFO - "type" : "integer",
[2022-04-06 02:36:29,570] {spark_submit.py:488} INFO - "nullable" : true,
[2022-04-06 02:36:29,571] {spark_submit.py:488} INFO - "metadata" : { }
[2022-04-06 02:36:29,571] {spark_submit.py:488} INFO - }, {
[2022-04-06 02:36:29,571] {spark_submit.py:488} INFO - "name" : "post_type_id",
[2022-04-06 02:36:29,571] {spark_submit.py:488} INFO - "type" : "integer",
[2022-04-06 02:36:29,571] {spark_submit.py:488} INFO - "nullable" : true,
[2022-04-06 02:36:29,571] {spark_submit.py:488} INFO - "metadata" : { }
[2022-04-06 02:36:29,571] {spark_submit.py:488} INFO - }, {
[2022-04-06 02:36:29,571] {spark_submit.py:488} INFO - "name" : "score",
[2022-04-06 02:36:29,571] {spark_submit.py:488} INFO - "type" : "integer",
[2022-04-06 02:36:29,571] {spark_submit.py:488} INFO - "nullable" : true,
[2022-04-06 02:36:29,571] {spark_submit.py:488} INFO - "metadata" : { }
[2022-04-06 02:36:29,571] {spark_submit.py:488} INFO - }, {
[2022-04-06 02:36:29,571] {spark_submit.py:488} INFO - "name" : "tags",
[2022-04-06 02:36:29,633] {spark_submit.py:488} INFO - "type" : "string",
[2022-04-06 02:36:29,633] {spark_submit.py:488} INFO - "nullable" : true,
[2022-04-06 02:36:29,633] {spark_submit.py:488} INFO - "metadata" : { }
[2022-04-06 02:36:29,633] {spark_submit.py:488} INFO - }, {
[2022-04-06 02:36:29,633] {spark_submit.py:488} INFO - "name" : "view_count",
[2022-04-06 02:36:29,633] {spark_submit.py:488} INFO - "type" : "integer",
[2022-04-06 02:36:29,633] {spark_submit.py:488} INFO - "nullable" : true,
[2022-04-06 02:36:29,633] {spark_submit.py:488} INFO - "metadata" : { }
[2022-04-06 02:36:29,633] {spark_submit.py:488} INFO - }, {
[2022-04-06 02:36:29,634] {spark_submit.py:488} INFO - "name" : "group_by_date",
[2022-04-06 02:36:29,634] {spark_submit.py:488} INFO - "type" : "timestamp",
[2022-04-06 02:36:29,634] {spark_submit.py:488} INFO - "nullable" : true,
[2022-04-06 02:36:29,634] {spark_submit.py:488} INFO - "metadata" : { }
[2022-04-06 02:36:29,634] {spark_submit.py:488} INFO - } ]
[2022-04-06 02:36:29,634] {spark_submit.py:488} INFO - }
[2022-04-06 02:36:29,634] {spark_submit.py:488} INFO - and corresponding Parquet message type:
[2022-04-06 02:36:29,634] {spark_submit.py:488} INFO - message spark_schema {
[2022-04-06 02:36:29,634] {spark_submit.py:488} INFO - optional int32 id;
[2022-04-06 02:36:29,634] {spark_submit.py:488} INFO - optional binary title (STRING);
[2022-04-06 02:36:29,634] {spark_submit.py:488} INFO - optional binary body (STRING);
[2022-04-06 02:36:29,634] {spark_submit.py:488} INFO - optional int32 accepted_answer_id;
[2022-04-06 02:36:29,634] {spark_submit.py:488} INFO - optional int32 answer_count;
[2022-04-06 02:36:29,634] {spark_submit.py:488} INFO - optional int32 comment_count;
[2022-04-06 02:36:29,634] {spark_submit.py:488} INFO - optional int96 community_owned_date;
[2022-04-06 02:36:29,635] {spark_submit.py:488} INFO - optional int96 creation_date;
[2022-04-06 02:36:29,635] {spark_submit.py:488} INFO - optional int32 favorite_count;
[2022-04-06 02:36:29,635] {spark_submit.py:488} INFO - optional int96 last_activity_date;
[2022-04-06 02:36:29,635] {spark_submit.py:488} INFO - optional int96 last_edit_date;
[2022-04-06 02:36:29,635] {spark_submit.py:488} INFO - optional binary last_editor_display_name (STRING);
[2022-04-06 02:36:29,635] {spark_submit.py:488} INFO - optional int32 last_editor_user_id;
[2022-04-06 02:36:29,635] {spark_submit.py:488} INFO - optional binary owner_display_name (STRING);
[2022-04-06 02:36:29,635] {spark_submit.py:488} INFO - optional int32 owner_user_id;
[2022-04-06 02:36:29,635] {spark_submit.py:488} INFO - optional int32 parent_id;
[2022-04-06 02:36:29,635] {spark_submit.py:488} INFO - optional int32 post_type_id;
[2022-04-06 02:36:29,635] {spark_submit.py:488} INFO - optional int32 score;
[2022-04-06 02:36:29,635] {spark_submit.py:488} INFO - optional binary tags (STRING);
[2022-04-06 02:36:29,680] {spark_submit.py:488} INFO - optional int32 view_count;
[2022-04-06 02:36:29,680] {spark_submit.py:488} INFO - optional int96 group_by_date;
[2022-04-06 02:36:29,680] {spark_submit.py:488} INFO - }
[2022-04-06 02:36:29,680] {spark_submit.py:488} INFO - 
[2022-04-06 02:36:29,680] {spark_submit.py:488} INFO - 
[2022-04-06 02:36:29,680] {spark_submit.py:488} INFO - 22/04/06 02:36:29 INFO ParquetWriteSupport: Initialized Parquet WriteSupport with Catalyst schema:
[2022-04-06 02:36:29,680] {spark_submit.py:488} INFO - {
[2022-04-06 02:36:29,680] {spark_submit.py:488} INFO - "type" : "struct",
[2022-04-06 02:36:29,680] {spark_submit.py:488} INFO - "fields" : [ {
[2022-04-06 02:36:29,681] {spark_submit.py:488} INFO - "name" : "id",
[2022-04-06 02:36:29,681] {spark_submit.py:488} INFO - "type" : "integer",
[2022-04-06 02:36:29,681] {spark_submit.py:488} INFO - "nullable" : true,
[2022-04-06 02:36:29,681] {spark_submit.py:488} INFO - "metadata" : { }
[2022-04-06 02:36:29,681] {spark_submit.py:488} INFO - }, {
[2022-04-06 02:36:29,681] {spark_submit.py:488} INFO - "name" : "title",
[2022-04-06 02:36:29,681] {spark_submit.py:488} INFO - "type" : "string",
[2022-04-06 02:36:29,681] {spark_submit.py:488} INFO - "nullable" : true,
[2022-04-06 02:36:29,681] {spark_submit.py:488} INFO - "metadata" : { }
[2022-04-06 02:36:29,681] {spark_submit.py:488} INFO - }, {
[2022-04-06 02:36:29,681] {spark_submit.py:488} INFO - "name" : "body",
[2022-04-06 02:36:29,682] {spark_submit.py:488} INFO - "type" : "string",
[2022-04-06 02:36:29,682] {spark_submit.py:488} INFO - "nullable" : true,
[2022-04-06 02:36:29,682] {spark_submit.py:488} INFO - "metadata" : { }
[2022-04-06 02:36:29,682] {spark_submit.py:488} INFO - }, {
[2022-04-06 02:36:29,682] {spark_submit.py:488} INFO - "name" : "accepted_answer_id",
[2022-04-06 02:36:29,682] {spark_submit.py:488} INFO - "type" : "integer",
[2022-04-06 02:36:29,682] {spark_submit.py:488} INFO - "nullable" : true,
[2022-04-06 02:36:29,682] {spark_submit.py:488} INFO - "metadata" : { }
[2022-04-06 02:36:29,682] {spark_submit.py:488} INFO - }, {
[2022-04-06 02:36:29,682] {spark_submit.py:488} INFO - "name" : "answer_count",
[2022-04-06 02:36:29,682] {spark_submit.py:488} INFO - "type" : "integer",
[2022-04-06 02:36:29,682] {spark_submit.py:488} INFO - "nullable" : true,
[2022-04-06 02:36:29,682] {spark_submit.py:488} INFO - "metadata" : { }
[2022-04-06 02:36:29,683] {spark_submit.py:488} INFO - }, {
[2022-04-06 02:36:29,683] {spark_submit.py:488} INFO - "name" : "comment_count",
[2022-04-06 02:36:29,683] {spark_submit.py:488} INFO - "type" : "integer",
[2022-04-06 02:36:29,683] {spark_submit.py:488} INFO - "nullable" : true,
[2022-04-06 02:36:29,683] {spark_submit.py:488} INFO - "metadata" : { }
[2022-04-06 02:36:29,683] {spark_submit.py:488} INFO - }, {
[2022-04-06 02:36:29,683] {spark_submit.py:488} INFO - "name" : "community_owned_date",
[2022-04-06 02:36:29,683] {spark_submit.py:488} INFO - "type" : "timestamp",
[2022-04-06 02:36:29,683] {spark_submit.py:488} INFO - "nullable" : true,
[2022-04-06 02:36:29,683] {spark_submit.py:488} INFO - "metadata" : { }
[2022-04-06 02:36:29,683] {spark_submit.py:488} INFO - }, {
[2022-04-06 02:36:29,683] {spark_submit.py:488} INFO - "name" : "creation_date",
[2022-04-06 02:36:29,683] {spark_submit.py:488} INFO - "type" : "timestamp",
[2022-04-06 02:36:29,788] {spark_submit.py:488} INFO - "nullable" : true,
[2022-04-06 02:36:29,788] {spark_submit.py:488} INFO - "metadata" : { }
[2022-04-06 02:36:29,788] {spark_submit.py:488} INFO - }, {
[2022-04-06 02:36:29,788] {spark_submit.py:488} INFO - "name" : "favorite_count",
[2022-04-06 02:36:29,788] {spark_submit.py:488} INFO - "type" : "integer",
[2022-04-06 02:36:29,788] {spark_submit.py:488} INFO - "nullable" : true,
[2022-04-06 02:36:29,788] {spark_submit.py:488} INFO - "metadata" : { }
[2022-04-06 02:36:29,789] {spark_submit.py:488} INFO - }, {
[2022-04-06 02:36:29,789] {spark_submit.py:488} INFO - "name" : "last_activity_date",
[2022-04-06 02:36:29,789] {spark_submit.py:488} INFO - "type" : "timestamp",
[2022-04-06 02:36:29,789] {spark_submit.py:488} INFO - "nullable" : true,
[2022-04-06 02:36:29,789] {spark_submit.py:488} INFO - "metadata" : { }
[2022-04-06 02:36:29,789] {spark_submit.py:488} INFO - }, {
[2022-04-06 02:36:29,789] {spark_submit.py:488} INFO - "name" : "last_edit_date",
[2022-04-06 02:36:29,789] {spark_submit.py:488} INFO - "type" : "timestamp",
[2022-04-06 02:36:29,790] {spark_submit.py:488} INFO - "nullable" : true,
[2022-04-06 02:36:29,790] {spark_submit.py:488} INFO - "metadata" : { }
[2022-04-06 02:36:29,790] {spark_submit.py:488} INFO - }, {
[2022-04-06 02:36:29,790] {spark_submit.py:488} INFO - "name" : "last_editor_display_name",
[2022-04-06 02:36:29,790] {spark_submit.py:488} INFO - "type" : "string",
[2022-04-06 02:36:29,790] {spark_submit.py:488} INFO - "nullable" : true,
[2022-04-06 02:36:29,790] {spark_submit.py:488} INFO - "metadata" : { }
[2022-04-06 02:36:29,790] {spark_submit.py:488} INFO - }, {
[2022-04-06 02:36:29,790] {spark_submit.py:488} INFO - "name" : "last_editor_user_id",
[2022-04-06 02:36:29,790] {spark_submit.py:488} INFO - "type" : "integer",
[2022-04-06 02:36:29,790] {spark_submit.py:488} INFO - "nullable" : true,
[2022-04-06 02:36:29,790] {spark_submit.py:488} INFO - "metadata" : { }
[2022-04-06 02:36:29,791] {spark_submit.py:488} INFO - }, {
[2022-04-06 02:36:29,791] {spark_submit.py:488} INFO - "name" : "owner_display_name",
[2022-04-06 02:36:29,791] {spark_submit.py:488} INFO - "type" : "string",
[2022-04-06 02:36:29,791] {spark_submit.py:488} INFO - "nullable" : true,
[2022-04-06 02:36:29,791] {spark_submit.py:488} INFO - "metadata" : { }
[2022-04-06 02:36:29,791] {spark_submit.py:488} INFO - }, {
[2022-04-06 02:36:29,791] {spark_submit.py:488} INFO - "name" : "owner_user_id",
[2022-04-06 02:36:29,791] {spark_submit.py:488} INFO - "type" : "integer",
[2022-04-06 02:36:29,791] {spark_submit.py:488} INFO - "nullable" : true,
[2022-04-06 02:36:29,791] {spark_submit.py:488} INFO - "metadata" : { }
[2022-04-06 02:36:29,791] {spark_submit.py:488} INFO - }, {
[2022-04-06 02:36:29,791] {spark_submit.py:488} INFO - "name" : "parent_id",
[2022-04-06 02:36:29,791] {spark_submit.py:488} INFO - "type" : "integer",
[2022-04-06 02:36:29,792] {spark_submit.py:488} INFO - "nullable" : true,
[2022-04-06 02:36:29,792] {spark_submit.py:488} INFO - "metadata" : { }
[2022-04-06 02:36:29,792] {spark_submit.py:488} INFO - }, {
[2022-04-06 02:36:29,792] {spark_submit.py:488} INFO - "name" : "post_type_id",
[2022-04-06 02:36:29,792] {spark_submit.py:488} INFO - "type" : "integer",
[2022-04-06 02:36:29,792] {spark_submit.py:488} INFO - "nullable" : true,
[2022-04-06 02:36:29,792] {spark_submit.py:488} INFO - "metadata" : { }
[2022-04-06 02:36:29,792] {spark_submit.py:488} INFO - }, {
[2022-04-06 02:36:29,792] {spark_submit.py:488} INFO - "name" : "score",
[2022-04-06 02:36:29,792] {spark_submit.py:488} INFO - "type" : "integer",
[2022-04-06 02:36:29,792] {spark_submit.py:488} INFO - "nullable" : true,
[2022-04-06 02:36:29,792] {spark_submit.py:488} INFO - "metadata" : { }
[2022-04-06 02:36:29,792] {spark_submit.py:488} INFO - }, {
[2022-04-06 02:36:29,793] {spark_submit.py:488} INFO - "name" : "tags",
[2022-04-06 02:36:29,793] {spark_submit.py:488} INFO - "type" : "string",
[2022-04-06 02:36:29,793] {spark_submit.py:488} INFO - "nullable" : true,
[2022-04-06 02:36:29,793] {spark_submit.py:488} INFO - "metadata" : { }
[2022-04-06 02:36:29,793] {spark_submit.py:488} INFO - }, {
[2022-04-06 02:36:29,793] {spark_submit.py:488} INFO - "name" : "view_count",
[2022-04-06 02:36:29,793] {spark_submit.py:488} INFO - "type" : "integer",
[2022-04-06 02:36:29,793] {spark_submit.py:488} INFO - "nullable" : true,
[2022-04-06 02:36:29,793] {spark_submit.py:488} INFO - "metadata" : { }
[2022-04-06 02:36:29,793] {spark_submit.py:488} INFO - }, {
[2022-04-06 02:36:29,793] {spark_submit.py:488} INFO - "name" : "group_by_date",
[2022-04-06 02:36:29,793] {spark_submit.py:488} INFO - "type" : "timestamp",
[2022-04-06 02:36:29,793] {spark_submit.py:488} INFO - "nullable" : true,
[2022-04-06 02:36:29,793] {spark_submit.py:488} INFO - "metadata" : { }
[2022-04-06 02:36:29,794] {spark_submit.py:488} INFO - } ]
[2022-04-06 02:36:29,794] {spark_submit.py:488} INFO - }
[2022-04-06 02:36:29,794] {spark_submit.py:488} INFO - and corresponding Parquet message type:
[2022-04-06 02:36:29,794] {spark_submit.py:488} INFO - message spark_schema {
[2022-04-06 02:36:29,794] {spark_submit.py:488} INFO - optional int32 id;
[2022-04-06 02:36:29,794] {spark_submit.py:488} INFO - optional binary title (STRING);
[2022-04-06 02:36:29,794] {spark_submit.py:488} INFO - optional binary body (STRING);
[2022-04-06 02:36:29,794] {spark_submit.py:488} INFO - optional int32 accepted_answer_id;
[2022-04-06 02:36:29,794] {spark_submit.py:488} INFO - optional int32 answer_count;
[2022-04-06 02:36:29,794] {spark_submit.py:488} INFO - optional int32 comment_count;
[2022-04-06 02:36:29,794] {spark_submit.py:488} INFO - optional int96 community_owned_date;
[2022-04-06 02:36:29,794] {spark_submit.py:488} INFO - optional int96 creation_date;
[2022-04-06 02:36:29,794] {spark_submit.py:488} INFO - optional int32 favorite_count;
[2022-04-06 02:36:29,794] {spark_submit.py:488} INFO - optional int96 last_activity_date;
[2022-04-06 02:36:29,794] {spark_submit.py:488} INFO - optional int96 last_edit_date;
[2022-04-06 02:36:29,795] {spark_submit.py:488} INFO - optional binary last_editor_display_name (STRING);
[2022-04-06 02:36:29,795] {spark_submit.py:488} INFO - optional int32 last_editor_user_id;
[2022-04-06 02:36:29,795] {spark_submit.py:488} INFO - optional binary owner_display_name (STRING);
[2022-04-06 02:36:29,795] {spark_submit.py:488} INFO - optional int32 owner_user_id;
[2022-04-06 02:36:29,795] {spark_submit.py:488} INFO - optional int32 parent_id;
[2022-04-06 02:36:29,795] {spark_submit.py:488} INFO - optional int32 post_type_id;
[2022-04-06 02:36:29,795] {spark_submit.py:488} INFO - optional int32 score;
[2022-04-06 02:36:29,795] {spark_submit.py:488} INFO - optional binary tags (STRING);
[2022-04-06 02:36:29,795] {spark_submit.py:488} INFO - optional int32 view_count;
[2022-04-06 02:36:29,795] {spark_submit.py:488} INFO - optional int96 group_by_date;
[2022-04-06 02:36:29,795] {spark_submit.py:488} INFO - }
[2022-04-06 02:36:29,795] {spark_submit.py:488} INFO - 
[2022-04-06 02:36:29,795] {spark_submit.py:488} INFO - 
[2022-04-06 02:36:31,589] {spark_submit.py:488} INFO - 22/04/06 02:36:31 INFO CodecPool: Got brand-new compressor [.snappy]
[2022-04-06 02:36:31,595] {spark_submit.py:488} INFO - 22/04/06 02:36:31 INFO CodecPool: Got brand-new compressor [.snappy]
[2022-04-06 02:36:31,595] {spark_submit.py:488} INFO - 22/04/06 02:36:31 INFO CodecPool: Got brand-new compressor [.snappy]
[2022-04-06 02:36:31,652] {spark_submit.py:488} INFO - 22/04/06 02:36:31 INFO CodecPool: Got brand-new compressor [.snappy]
[2022-04-06 02:36:58,086] {spark_submit.py:488} INFO - 22/04/06 02:36:58 INFO FileOutputCommitter: Saved output of task 'attempt_202204060236261839694068584267802_0003_m_000002_7' to gs://dtc_data_lake_de-stack-overflow/BigQuery/posts_questions-2018-04/_temporary/0/task_202204060236261839694068584267802_0003_m_000002
[2022-04-06 02:36:58,104] {spark_submit.py:488} INFO - 22/04/06 02:36:58 INFO SparkHadoopMapRedUtil: attempt_202204060236261839694068584267802_0003_m_000002_7: Committed
[2022-04-06 02:36:58,182] {spark_submit.py:488} INFO - 22/04/06 02:36:58 INFO GoogleCloudStorageImpl: Ignoring exception of type GoogleJsonResponseException; verified object already exists with desired state.
[2022-04-06 02:36:58,221] {spark_submit.py:488} INFO - 22/04/06 02:36:58 INFO GoogleCloudStorageFileSystem: Successfully repaired 'gs://dtc_data_lake_de-stack-overflow/BigQuery/posts_questions-2018-04/_temporary/0/_temporary/' directory.
[2022-04-06 02:36:58,221] {spark_submit.py:488} INFO - 22/04/06 02:36:58 INFO FileOutputCommitter: Saved output of task 'attempt_202204060236266863856183409570930_0003_m_000000_5' to gs://dtc_data_lake_de-stack-overflow/BigQuery/posts_questions-2018-04/_temporary/0/task_202204060236266863856183409570930_0003_m_000000
[2022-04-06 02:36:58,221] {spark_submit.py:488} INFO - 22/04/06 02:36:58 INFO Executor: Finished task 2.0 in stage 3.0 (TID 7). 3526 bytes result sent to driver
[2022-04-06 02:36:58,221] {spark_submit.py:488} INFO - 22/04/06 02:36:58 INFO GoogleCloudStorageFileSystem: Successfully repaired 'gs://dtc_data_lake_de-stack-overflow/BigQuery/posts_questions-2018-04/_temporary/0/_temporary/' directory.
[2022-04-06 02:36:58,221] {spark_submit.py:488} INFO - 22/04/06 02:36:58 INFO FileOutputCommitter: Saved output of task 'attempt_20220406023626346658617550330549_0003_m_000001_6' to gs://dtc_data_lake_de-stack-overflow/BigQuery/posts_questions-2018-04/_temporary/0/task_20220406023626346658617550330549_0003_m_000001
[2022-04-06 02:36:58,221] {spark_submit.py:488} INFO - 22/04/06 02:36:58 INFO SparkHadoopMapRedUtil: attempt_20220406023626346658617550330549_0003_m_000001_6: Committed
[2022-04-06 02:36:58,221] {spark_submit.py:488} INFO - 22/04/06 02:36:58 INFO GoogleCloudStorageImpl: Ignoring exception of type GoogleJsonResponseException; verified object already exists with desired state.
[2022-04-06 02:36:58,221] {spark_submit.py:488} INFO - 22/04/06 02:36:58 INFO GoogleCloudStorageFileSystem: Successfully repaired 'gs://dtc_data_lake_de-stack-overflow/BigQuery/posts_questions-2018-04/_temporary/0/_temporary/' directory.
[2022-04-06 02:36:58,221] {spark_submit.py:488} INFO - 22/04/06 02:36:58 INFO FileOutputCommitter: Saved output of task 'attempt_20220406023626166490640954145155_0003_m_000003_8' to gs://dtc_data_lake_de-stack-overflow/BigQuery/posts_questions-2018-04/_temporary/0/task_20220406023626166490640954145155_0003_m_000003
[2022-04-06 02:36:58,222] {spark_submit.py:488} INFO - 22/04/06 02:36:58 INFO SparkHadoopMapRedUtil: attempt_20220406023626166490640954145155_0003_m_000003_8: Committed
[2022-04-06 02:36:58,222] {spark_submit.py:488} INFO - 22/04/06 02:36:58 INFO TaskSetManager: Finished task 2.0 in stage 3.0 (TID 7) in 30585 ms on 9fe4286b2855 (executor driver) (1/4)
[2022-04-06 02:36:58,222] {spark_submit.py:488} INFO - 22/04/06 02:36:58 INFO SparkHadoopMapRedUtil: attempt_202204060236266863856183409570930_0003_m_000000_5: Committed
[2022-04-06 02:36:58,222] {spark_submit.py:488} INFO - 22/04/06 02:36:58 INFO Executor: Finished task 1.0 in stage 3.0 (TID 6). 3483 bytes result sent to driver
[2022-04-06 02:36:58,222] {spark_submit.py:488} INFO - 22/04/06 02:36:58 INFO TaskSetManager: Finished task 1.0 in stage 3.0 (TID 6) in 30594 ms on 9fe4286b2855 (executor driver) (2/4)
[2022-04-06 02:36:58,222] {spark_submit.py:488} INFO - 22/04/06 02:36:58 INFO Executor: Finished task 3.0 in stage 3.0 (TID 8). 3483 bytes result sent to driver
[2022-04-06 02:36:58,222] {spark_submit.py:488} INFO - 22/04/06 02:36:58 INFO TaskSetManager: Finished task 3.0 in stage 3.0 (TID 8) in 30598 ms on 9fe4286b2855 (executor driver) (3/4)
[2022-04-06 02:36:58,222] {spark_submit.py:488} INFO - 22/04/06 02:36:58 INFO Executor: Finished task 0.0 in stage 3.0 (TID 5). 3483 bytes result sent to driver
[2022-04-06 02:36:58,222] {spark_submit.py:488} INFO - 22/04/06 02:36:58 INFO TaskSetManager: Finished task 0.0 in stage 3.0 (TID 5) in 30608 ms on 9fe4286b2855 (executor driver) (4/4)
[2022-04-06 02:36:58,222] {spark_submit.py:488} INFO - 22/04/06 02:36:58 INFO TaskSchedulerImpl: Removed TaskSet 3.0, whose tasks have all completed, from pool
[2022-04-06 02:36:58,222] {spark_submit.py:488} INFO - 22/04/06 02:36:58 INFO DAGScheduler: ResultStage 3 (save at NativeMethodAccessorImpl.java:0) finished in 31.300 s
[2022-04-06 02:36:58,222] {spark_submit.py:488} INFO - 22/04/06 02:36:58 INFO DAGScheduler: Job 2 is finished. Cancelling potential speculative or zombie tasks for this job
[2022-04-06 02:36:58,222] {spark_submit.py:488} INFO - 22/04/06 02:36:58 INFO TaskSchedulerImpl: Killing all running tasks in stage 3: Stage finished
[2022-04-06 02:36:58,223] {spark_submit.py:488} INFO - 22/04/06 02:36:58 INFO DAGScheduler: Job 2 finished: save at NativeMethodAccessorImpl.java:0, took 31.404662 s
[2022-04-06 02:36:58,228] {spark_submit.py:488} INFO - 22/04/06 02:36:58 INFO FileFormatWriter: Start to commit write Job 0a65cc63-4b63-40fb-bbe4-d345053c5af3.
[2022-04-06 02:36:58,672] {spark_submit.py:488} INFO - 22/04/06 02:36:58 INFO GoogleCloudStorageFileSystem: Successfully repaired 'gs://dtc_data_lake_de-stack-overflow/BigQuery/posts_questions-2018-04/_temporary/0/task_20220406023626166490640954145155_0003_m_000003/' directory.
[2022-04-06 02:36:59,125] {spark_submit.py:488} INFO - 22/04/06 02:36:59 INFO GoogleCloudStorageFileSystem: Successfully repaired 'gs://dtc_data_lake_de-stack-overflow/BigQuery/posts_questions-2018-04/_temporary/0/task_20220406023626346658617550330549_0003_m_000001/' directory.
[2022-04-06 02:36:59,645] {spark_submit.py:488} INFO - 22/04/06 02:36:59 INFO GoogleCloudStorageFileSystem: Successfully repaired 'gs://dtc_data_lake_de-stack-overflow/BigQuery/posts_questions-2018-04/_temporary/0/task_202204060236261839694068584267802_0003_m_000002/' directory.
[2022-04-06 02:36:59,992] {spark_submit.py:488} INFO - 22/04/06 02:36:59 INFO GoogleCloudStorageFileSystem: Successfully repaired 'gs://dtc_data_lake_de-stack-overflow/BigQuery/posts_questions-2018-04/_temporary/0/task_202204060236266863856183409570930_0003_m_000000/' directory.
[2022-04-06 02:37:00,243] {spark_submit.py:488} INFO - 22/04/06 02:37:00 INFO GoogleCloudStorageFileSystem: Successfully repaired 'gs://dtc_data_lake_de-stack-overflow/BigQuery/posts_questions-2018-04/' directory.
[2022-04-06 02:37:00,554] {spark_submit.py:488} INFO - 22/04/06 02:37:00 INFO FileFormatWriter: Write Job 0a65cc63-4b63-40fb-bbe4-d345053c5af3 committed. Elapsed time: 2325 ms.
[2022-04-06 02:37:00,628] {spark_submit.py:488} INFO - 22/04/06 02:37:00 INFO FileFormatWriter: Finished processing stats for write job 0a65cc63-4b63-40fb-bbe4-d345053c5af3.
[2022-04-06 02:37:01,604] {spark_submit.py:488} INFO - 22/04/06 02:37:01 INFO SparkContext: Invoking stop() from shutdown hook
[2022-04-06 02:37:01,722] {spark_submit.py:488} INFO - 22/04/06 02:37:01 INFO SparkUI: Stopped Spark web UI at http://9fe4286b2855:4049
[2022-04-06 02:37:01,843] {spark_submit.py:488} INFO - 22/04/06 02:37:01 INFO MapOutputTrackerMasterEndpoint: MapOutputTrackerMasterEndpoint stopped!
[2022-04-06 02:37:02,349] {spark_submit.py:488} INFO - 22/04/06 02:37:02 INFO MemoryStore: MemoryStore cleared
[2022-04-06 02:37:02,350] {spark_submit.py:488} INFO - 22/04/06 02:37:02 INFO BlockManager: BlockManager stopped
[2022-04-06 02:37:02,359] {spark_submit.py:488} INFO - 22/04/06 02:37:02 INFO BlockManagerMaster: BlockManagerMaster stopped
[2022-04-06 02:37:02,362] {spark_submit.py:488} INFO - 22/04/06 02:37:02 INFO OutputCommitCoordinator$OutputCommitCoordinatorEndpoint: OutputCommitCoordinator stopped!
[2022-04-06 02:37:02,584] {spark_submit.py:488} INFO - 22/04/06 02:37:02 INFO SparkContext: Successfully stopped SparkContext
[2022-04-06 02:37:02,584] {spark_submit.py:488} INFO - 22/04/06 02:37:02 INFO ShutdownHookManager: Shutdown hook called
[2022-04-06 02:37:02,585] {spark_submit.py:488} INFO - 22/04/06 02:37:02 INFO ShutdownHookManager: Deleting directory /tmp/spark-9ed6a932-7db2-4a49-a3ea-2a46854e1119/pyspark-f39c351f-732e-4915-9b34-ac8dfbc2c97e
[2022-04-06 02:37:02,637] {spark_submit.py:488} INFO - 22/04/06 02:37:02 INFO ShutdownHookManager: Deleting directory /tmp/spark-9ed6a932-7db2-4a49-a3ea-2a46854e1119
[2022-04-06 02:37:02,705] {spark_submit.py:488} INFO - 22/04/06 02:37:02 INFO ShutdownHookManager: Deleting directory /tmp/spark-2d2641c9-37d7-4ba4-8d76-b1bbaf05d006
[2022-04-06 02:37:04,252] {taskinstance.py:1288} INFO - Marking task as SUCCESS. dag_id=IngestToGCP, task_id=processing_tasks_posts_questions.spark_job, execution_date=20180401T000000, start_date=20220406T023136, end_date=20220406T023704
[2022-04-06 02:37:04,461] {local_task_job.py:154} INFO - Task exited with return code 0
[2022-04-06 02:37:04,581] {local_task_job.py:264} INFO - 1 downstream tasks scheduled from follow-on schedule check
