[2022-04-07 22:10:34,651] {taskinstance.py:1043} INFO - Dependencies all met for <TaskInstance: load_to_BigQuery.create_external_posts_questions.bq_create_posts_questions_stack_overflow_data_partitioned_table_task scheduled__2011-04-01T00:00:00+00:00 [queued]>
[2022-04-07 22:10:34,731] {taskinstance.py:1043} INFO - Dependencies all met for <TaskInstance: load_to_BigQuery.create_external_posts_questions.bq_create_posts_questions_stack_overflow_data_partitioned_table_task scheduled__2011-04-01T00:00:00+00:00 [queued]>
[2022-04-07 22:10:34,731] {taskinstance.py:1249} INFO - 
--------------------------------------------------------------------------------
[2022-04-07 22:10:34,731] {taskinstance.py:1250} INFO - Starting attempt 1 of 1
[2022-04-07 22:10:34,733] {taskinstance.py:1251} INFO - 
--------------------------------------------------------------------------------
[2022-04-07 22:10:35,357] {taskinstance.py:1270} INFO - Executing <Task(BigQueryInsertJobOperator): create_external_posts_questions.bq_create_posts_questions_stack_overflow_data_partitioned_table_task> on 2011-04-01 00:00:00+00:00
[2022-04-07 22:10:35,427] {standard_task_runner.py:79} INFO - Running: ['***', 'tasks', 'run', 'load_to_BigQuery', 'create_external_posts_questions.bq_create_posts_questions_stack_overflow_data_partitioned_table_task', 'scheduled__2011-04-01T00:00:00+00:00', '--job-id', '13588', '--raw', '--subdir', 'DAGS_FOLDER/load_to_BigQuery_dag.py', '--cfg-path', '/tmp/tmps73ey9ck', '--error-file', '/tmp/tmppmn3swee']
[2022-04-07 22:10:35,429] {standard_task_runner.py:80} INFO - Job 13588: Subtask create_external_posts_questions.bq_create_posts_questions_stack_overflow_data_partitioned_table_task
[2022-04-07 22:10:35,395] {standard_task_runner.py:52} INFO - Started process 2456 to run task
[2022-04-07 22:10:35,824] {logging_mixin.py:109} INFO - Running <TaskInstance: load_to_BigQuery.create_external_posts_questions.bq_create_posts_questions_stack_overflow_data_partitioned_table_task scheduled__2011-04-01T00:00:00+00:00 [running]> on host 36107d30f64e
[2022-04-07 22:10:36,192] {taskinstance.py:1448} INFO - Exporting the following env vars:
AIRFLOW_CTX_DAG_OWNER=***
AIRFLOW_CTX_DAG_ID=load_to_BigQuery
AIRFLOW_CTX_TASK_ID=create_external_posts_questions.bq_create_posts_questions_stack_overflow_data_partitioned_table_task
AIRFLOW_CTX_EXECUTION_DATE=2011-04-01T00:00:00+00:00
AIRFLOW_CTX_DAG_RUN_ID=scheduled__2011-04-01T00:00:00+00:00
[2022-04-07 22:10:36,194] {crypto.py:82} WARNING - empty cryptography key - values will not be stored encrypted.
[2022-04-07 22:10:36,228] {logging_mixin.py:109} WARNING - /home/***/.local/lib/python3.7/site-packages/***/utils/context.py:156 AirflowContextDeprecationWarning: Accessing 'execution_date' from the template is deprecated and will be removed in a future version. Please use 'data_interval_start' or 'logical_date' instead.
[2022-04-07 22:10:36,260] {bigquery.py:1554} INFO - Inserting job ***_load_to_BigQuery_create_external_posts_questions_bq_create_posts_questions_stack_overflow_data_partitioned_table_task_2011_04_01T00_00_00_00_00_19705c7ebc221bf6bd89399ebb9ce3e7
[2022-04-07 22:10:39,539] {taskinstance.py:1288} INFO - Marking task as SUCCESS. dag_id=load_to_BigQuery, task_id=create_external_posts_questions.bq_create_posts_questions_stack_overflow_data_partitioned_table_task, execution_date=20110401T000000, start_date=20220407T221034, end_date=20220407T221039
[2022-04-07 22:10:39,642] {local_task_job.py:154} INFO - Task exited with return code 0
[2022-04-07 22:10:39,725] {local_task_job.py:264} INFO - 0 downstream tasks scheduled from follow-on schedule check
