[2022-04-05 22:29:17,995] {taskinstance.py:1043} INFO - Dependencies all met for <TaskInstance: IngestToGCP.processing_tasks_posts_questions.spark_job scheduled__2008-10-01T00:00:00+00:00 [queued]>
[2022-04-05 22:29:18,108] {taskinstance.py:1043} INFO - Dependencies all met for <TaskInstance: IngestToGCP.processing_tasks_posts_questions.spark_job scheduled__2008-10-01T00:00:00+00:00 [queued]>
[2022-04-05 22:29:18,108] {taskinstance.py:1249} INFO - 
--------------------------------------------------------------------------------
[2022-04-05 22:29:18,108] {taskinstance.py:1250} INFO - Starting attempt 1 of 1
[2022-04-05 22:29:18,109] {taskinstance.py:1251} INFO - 
--------------------------------------------------------------------------------
[2022-04-05 22:29:18,193] {taskinstance.py:1270} INFO - Executing <Task(SparkSubmitOperator): processing_tasks_posts_questions.spark_job> on 2008-10-01 00:00:00+00:00
[2022-04-05 22:29:18,226] {standard_task_runner.py:52} INFO - Started process 2873 to run task
[2022-04-05 22:29:18,270] {standard_task_runner.py:79} INFO - Running: ['***', 'tasks', 'run', 'IngestToGCP', 'processing_tasks_posts_questions.spark_job', 'scheduled__2008-10-01T00:00:00+00:00', '--job-id', '8403', '--raw', '--subdir', 'DAGS_FOLDER/ingest_dag.py', '--cfg-path', '/tmp/tmpuizbrn2q', '--error-file', '/tmp/tmp27mwa3qd']
[2022-04-05 22:29:18,272] {standard_task_runner.py:80} INFO - Job 8403: Subtask processing_tasks_posts_questions.spark_job
[2022-04-05 22:29:18,432] {logging_mixin.py:109} INFO - Running <TaskInstance: IngestToGCP.processing_tasks_posts_questions.spark_job scheduled__2008-10-01T00:00:00+00:00 [running]> on host 9fe4286b2855
[2022-04-05 22:29:18,582] {logging_mixin.py:109} WARNING - /home/***/.local/lib/python3.7/site-packages/***/utils/context.py:156 AirflowContextDeprecationWarning: Accessing 'execution_date' from the template is deprecated and will be removed in a future version. Please use 'data_interval_start' or 'logical_date' instead.
[2022-04-05 22:29:18,644] {taskinstance.py:1448} INFO - Exporting the following env vars:
AIRFLOW_CTX_DAG_OWNER=***
AIRFLOW_CTX_DAG_ID=IngestToGCP
AIRFLOW_CTX_TASK_ID=processing_tasks_posts_questions.spark_job
AIRFLOW_CTX_EXECUTION_DATE=2008-10-01T00:00:00+00:00
AIRFLOW_CTX_DAG_RUN_ID=scheduled__2008-10-01T00:00:00+00:00
[2022-04-05 22:29:18,676] {base.py:79} INFO - Using connection to: id: spark_project. Host: spark://spark, Port: 7077, Schema: , Login: , Password: None, extra: {'queue': 'root.default'}
[2022-04-05 22:29:18,678] {spark_submit.py:335} INFO - Spark-Submit cmd: spark-submit --master spark://spark:7077 --conf spark.master=local[*] --name format_schema --verbose --queue root.default ./dags/pyspark_parquet_transformation.py posts_questions 2008-10
[2022-04-05 22:29:28,715] {spark_submit.py:488} INFO - Using properties file: null
[2022-04-05 22:29:29,630] {spark_submit.py:488} INFO - WARNING: An illegal reflective access operation has occurred
[2022-04-05 22:29:29,631] {spark_submit.py:488} INFO - WARNING: Illegal reflective access by org.apache.spark.unsafe.Platform (file:/opt/***/spark/spark-3.2.1-bin-hadoop3.2/jars/spark-unsafe_2.12-3.2.1.jar) to constructor java.nio.DirectByteBuffer(long,int)
[2022-04-05 22:29:29,631] {spark_submit.py:488} INFO - WARNING: Please consider reporting this to the maintainers of org.apache.spark.unsafe.Platform
[2022-04-05 22:29:29,631] {spark_submit.py:488} INFO - WARNING: Use --illegal-access=warn to enable warnings of further illegal reflective access operations
[2022-04-05 22:29:29,632] {spark_submit.py:488} INFO - WARNING: All illegal access operations will be denied in a future release
[2022-04-05 22:29:29,975] {spark_submit.py:488} INFO - Parsed arguments:
[2022-04-05 22:29:29,975] {spark_submit.py:488} INFO - master                  spark://spark:7077
[2022-04-05 22:29:29,975] {spark_submit.py:488} INFO - deployMode              null
[2022-04-05 22:29:29,975] {spark_submit.py:488} INFO - executorMemory          null
[2022-04-05 22:29:29,975] {spark_submit.py:488} INFO - executorCores           null
[2022-04-05 22:29:29,975] {spark_submit.py:488} INFO - totalExecutorCores      null
[2022-04-05 22:29:29,975] {spark_submit.py:488} INFO - propertiesFile          null
[2022-04-05 22:29:29,975] {spark_submit.py:488} INFO - driverMemory            null
[2022-04-05 22:29:29,976] {spark_submit.py:488} INFO - driverCores             null
[2022-04-05 22:29:29,976] {spark_submit.py:488} INFO - driverExtraClassPath    null
[2022-04-05 22:29:29,976] {spark_submit.py:488} INFO - driverExtraLibraryPath  null
[2022-04-05 22:29:29,976] {spark_submit.py:488} INFO - driverExtraJavaOptions  null
[2022-04-05 22:29:29,976] {spark_submit.py:488} INFO - supervise               false
[2022-04-05 22:29:29,976] {spark_submit.py:488} INFO - queue                   root.default
[2022-04-05 22:29:29,976] {spark_submit.py:488} INFO - numExecutors            null
[2022-04-05 22:29:29,976] {spark_submit.py:488} INFO - files                   null
[2022-04-05 22:29:29,976] {spark_submit.py:488} INFO - pyFiles                 null
[2022-04-05 22:29:29,976] {spark_submit.py:488} INFO - archives                null
[2022-04-05 22:29:29,976] {spark_submit.py:488} INFO - mainClass               null
[2022-04-05 22:29:29,976] {spark_submit.py:488} INFO - primaryResource         file:/opt/***/dags/pyspark_parquet_transformation.py
[2022-04-05 22:29:29,976] {spark_submit.py:488} INFO - name                    format_schema
[2022-04-05 22:29:29,976] {spark_submit.py:488} INFO - childArgs               [posts_questions 2008-10]
[2022-04-05 22:29:29,976] {spark_submit.py:488} INFO - jars                    null
[2022-04-05 22:29:29,976] {spark_submit.py:488} INFO - packages                null
[2022-04-05 22:29:29,977] {spark_submit.py:488} INFO - packagesExclusions      null
[2022-04-05 22:29:29,977] {spark_submit.py:488} INFO - repositories            null
[2022-04-05 22:29:29,977] {spark_submit.py:488} INFO - verbose                 true
[2022-04-05 22:29:29,977] {spark_submit.py:488} INFO - 
[2022-04-05 22:29:29,977] {spark_submit.py:488} INFO - Spark properties used, including those specified through
[2022-04-05 22:29:29,977] {spark_submit.py:488} INFO - --conf and those from the properties file null:
[2022-04-05 22:29:29,977] {spark_submit.py:488} INFO - (spark.master,local[*])
[2022-04-05 22:29:29,977] {spark_submit.py:488} INFO - 
[2022-04-05 22:29:29,997] {spark_submit.py:488} INFO - 
[2022-04-05 22:29:31,731] {spark_submit.py:488} INFO - Main class:
[2022-04-05 22:29:31,735] {spark_submit.py:488} INFO - org.apache.spark.deploy.PythonRunner
[2022-04-05 22:29:31,737] {spark_submit.py:488} INFO - Arguments:
[2022-04-05 22:29:31,737] {spark_submit.py:488} INFO - file:/opt/***/dags/pyspark_parquet_transformation.py
[2022-04-05 22:29:31,737] {spark_submit.py:488} INFO - null
[2022-04-05 22:29:31,737] {spark_submit.py:488} INFO - posts_questions
[2022-04-05 22:29:31,738] {spark_submit.py:488} INFO - 2008-10
[2022-04-05 22:29:31,745] {spark_submit.py:488} INFO - Spark config:
[2022-04-05 22:29:31,746] {spark_submit.py:488} INFO - (spark.master,spark://spark:7077)
[2022-04-05 22:29:31,746] {spark_submit.py:488} INFO - (spark.submit.pyFiles,)
[2022-04-05 22:29:31,746] {spark_submit.py:488} INFO - (spark.submit.deployMode,client)
[2022-04-05 22:29:31,749] {spark_submit.py:488} INFO - (spark.app.name,format_schema)
[2022-04-05 22:29:31,750] {spark_submit.py:488} INFO - Classpath elements:
[2022-04-05 22:29:31,751] {spark_submit.py:488} INFO - 
[2022-04-05 22:29:31,753] {spark_submit.py:488} INFO - 
[2022-04-05 22:29:31,754] {spark_submit.py:488} INFO - 
[2022-04-05 22:29:35,921] {spark_submit.py:488} INFO - Using Spark's default log4j profile: org/apache/spark/log4j-defaults.properties
[2022-04-05 22:29:35,993] {spark_submit.py:488} INFO - 22/04/05 22:29:35 INFO SparkContext: Running Spark version 3.2.1
[2022-04-05 22:29:36,633] {spark_submit.py:488} INFO - 22/04/05 22:29:36 WARN NativeCodeLoader: Unable to load native-hadoop library for your platform... using builtin-java classes where applicable
[2022-04-05 22:29:37,552] {spark_submit.py:488} INFO - 22/04/05 22:29:37 INFO ResourceUtils: ==============================================================
[2022-04-05 22:29:37,554] {spark_submit.py:488} INFO - 22/04/05 22:29:37 INFO ResourceUtils: No custom resources configured for spark.driver.
[2022-04-05 22:29:37,559] {spark_submit.py:488} INFO - 22/04/05 22:29:37 INFO ResourceUtils: ==============================================================
[2022-04-05 22:29:37,560] {spark_submit.py:488} INFO - 22/04/05 22:29:37 INFO SparkContext: Submitted application: Modidy Schema
[2022-04-05 22:29:37,838] {spark_submit.py:488} INFO - 22/04/05 22:29:37 INFO ResourceProfile: Default ResourceProfile created, executor resources: Map(cores -> name: cores, amount: 1, script: , vendor: , memory -> name: memory, amount: 1024, script: , vendor: , offHeap -> name: offHeap, amount: 0, script: , vendor: ), task resources: Map(cpus -> name: cpus, amount: 1.0)
[2022-04-05 22:29:37,998] {spark_submit.py:488} INFO - 22/04/05 22:29:37 INFO ResourceProfile: Limiting resource is cpu
[2022-04-05 22:29:38,000] {spark_submit.py:488} INFO - 22/04/05 22:29:37 INFO ResourceProfileManager: Added ResourceProfile id: 0
[2022-04-05 22:29:38,538] {spark_submit.py:488} INFO - 22/04/05 22:29:38 INFO SecurityManager: Changing view acls to: default
[2022-04-05 22:29:38,557] {spark_submit.py:488} INFO - 22/04/05 22:29:38 INFO SecurityManager: Changing modify acls to: default
[2022-04-05 22:29:38,559] {spark_submit.py:488} INFO - 22/04/05 22:29:38 INFO SecurityManager: Changing view acls groups to:
[2022-04-05 22:29:38,560] {spark_submit.py:488} INFO - 22/04/05 22:29:38 INFO SecurityManager: Changing modify acls groups to:
[2022-04-05 22:29:38,562] {spark_submit.py:488} INFO - 22/04/05 22:29:38 INFO SecurityManager: SecurityManager: authentication disabled; ui acls disabled; users  with view permissions: Set(default); groups with view permissions: Set(); users  with modify permissions: Set(default); groups with modify permissions: Set()
[2022-04-05 22:29:41,372] {spark_submit.py:488} INFO - 22/04/05 22:29:41 INFO Utils: Successfully started service 'sparkDriver' on port 35209.
[2022-04-05 22:29:41,718] {spark_submit.py:488} INFO - 22/04/05 22:29:41 INFO SparkEnv: Registering MapOutputTracker
[2022-04-05 22:29:42,112] {spark_submit.py:488} INFO - 22/04/05 22:29:42 INFO SparkEnv: Registering BlockManagerMaster
[2022-04-05 22:29:42,326] {spark_submit.py:488} INFO - 22/04/05 22:29:42 INFO BlockManagerMasterEndpoint: Using org.apache.spark.storage.DefaultTopologyMapper for getting topology information
[2022-04-05 22:29:42,328] {spark_submit.py:488} INFO - 22/04/05 22:29:42 INFO BlockManagerMasterEndpoint: BlockManagerMasterEndpoint up
[2022-04-05 22:29:42,434] {spark_submit.py:488} INFO - 22/04/05 22:29:42 INFO SparkEnv: Registering BlockManagerMasterHeartbeat
[2022-04-05 22:29:42,631] {spark_submit.py:488} INFO - 22/04/05 22:29:42 INFO DiskBlockManager: Created local directory at /tmp/blockmgr-8541ab41-6a1b-496f-b906-3c0683f11b83
[2022-04-05 22:29:42,720] {spark_submit.py:488} INFO - 22/04/05 22:29:42 INFO MemoryStore: MemoryStore started with capacity 434.4 MiB
[2022-04-05 22:29:42,928] {spark_submit.py:488} INFO - 22/04/05 22:29:42 INFO SparkEnv: Registering OutputCommitCoordinator
[2022-04-05 22:29:44,982] {spark_submit.py:488} INFO - 22/04/05 22:29:44 WARN Utils: Service 'SparkUI' could not bind on port 4040. Attempting port 4041.
[2022-04-05 22:29:44,984] {spark_submit.py:488} INFO - 22/04/05 22:29:44 WARN Utils: Service 'SparkUI' could not bind on port 4041. Attempting port 4042.
[2022-04-05 22:29:44,985] {spark_submit.py:488} INFO - 22/04/05 22:29:44 WARN Utils: Service 'SparkUI' could not bind on port 4042. Attempting port 4043.
[2022-04-05 22:29:45,010] {spark_submit.py:488} INFO - 22/04/05 22:29:45 WARN Utils: Service 'SparkUI' could not bind on port 4043. Attempting port 4044.
[2022-04-05 22:29:45,014] {spark_submit.py:488} INFO - 22/04/05 22:29:45 WARN Utils: Service 'SparkUI' could not bind on port 4044. Attempting port 4045.
[2022-04-05 22:29:45,115] {spark_submit.py:488} INFO - 22/04/05 22:29:45 INFO Utils: Successfully started service 'SparkUI' on port 4045.
[2022-04-05 22:29:45,368] {spark_submit.py:488} INFO - 22/04/05 22:29:45 INFO SparkUI: Bound SparkUI to 0.0.0.0, and started at http://9fe4286b2855:4045
[2022-04-05 22:29:47,006] {spark_submit.py:488} INFO - 22/04/05 22:29:47 INFO Executor: Starting executor ID driver on host 9fe4286b2855
[2022-04-05 22:29:47,260] {spark_submit.py:488} INFO - 22/04/05 22:29:47 INFO Utils: Successfully started service 'org.apache.spark.network.netty.NettyBlockTransferService' on port 41439.
[2022-04-05 22:29:47,260] {spark_submit.py:488} INFO - 22/04/05 22:29:47 INFO NettyBlockTransferService: Server created on 9fe4286b2855:41439
[2022-04-05 22:29:47,260] {spark_submit.py:488} INFO - 22/04/05 22:29:47 INFO BlockManager: Using org.apache.spark.storage.RandomBlockReplicationPolicy for block replication policy
[2022-04-05 22:29:47,287] {spark_submit.py:488} INFO - 22/04/05 22:29:47 INFO BlockManagerMaster: Registering BlockManager BlockManagerId(driver, 9fe4286b2855, 41439, None)
[2022-04-05 22:29:47,324] {spark_submit.py:488} INFO - 22/04/05 22:29:47 INFO BlockManagerMasterEndpoint: Registering block manager 9fe4286b2855:41439 with 434.4 MiB RAM, BlockManagerId(driver, 9fe4286b2855, 41439, None)
[2022-04-05 22:29:47,329] {spark_submit.py:488} INFO - 22/04/05 22:29:47 INFO BlockManagerMaster: Registered BlockManager BlockManagerId(driver, 9fe4286b2855, 41439, None)
[2022-04-05 22:29:47,339] {spark_submit.py:488} INFO - 22/04/05 22:29:47 INFO BlockManager: Initialized BlockManager: BlockManagerId(driver, 9fe4286b2855, 41439, None)
[2022-04-05 22:29:52,464] {spark_submit.py:488} INFO - 22/04/05 22:29:52 INFO SharedState: Setting hive.metastore.warehouse.dir ('null') to the value of spark.sql.warehouse.dir.
[2022-04-05 22:29:52,555] {spark_submit.py:488} INFO - 22/04/05 22:29:52 INFO SharedState: Warehouse path is 'file:/opt/***/spark-warehouse'.
[2022-04-05 22:30:09,227] {spark_submit.py:488} INFO - 22/04/05 22:30:09 INFO InMemoryFileIndex: It took 353 ms to list leaf files for 1 paths.
[2022-04-05 22:30:15,183] {spark_submit.py:488} INFO - 22/04/05 22:30:15 INFO SparkContext: Starting job: parquet at NativeMethodAccessorImpl.java:0
[2022-04-05 22:30:15,316] {spark_submit.py:488} INFO - 22/04/05 22:30:15 INFO DAGScheduler: Got job 0 (parquet at NativeMethodAccessorImpl.java:0) with 1 output partitions
[2022-04-05 22:30:15,316] {spark_submit.py:488} INFO - 22/04/05 22:30:15 INFO DAGScheduler: Final stage: ResultStage 0 (parquet at NativeMethodAccessorImpl.java:0)
[2022-04-05 22:30:15,332] {spark_submit.py:488} INFO - 22/04/05 22:30:15 INFO DAGScheduler: Parents of final stage: List()
[2022-04-05 22:30:15,335] {spark_submit.py:488} INFO - 22/04/05 22:30:15 INFO DAGScheduler: Missing parents: List()
[2022-04-05 22:30:15,399] {spark_submit.py:488} INFO - 22/04/05 22:30:15 INFO DAGScheduler: Submitting ResultStage 0 (MapPartitionsRDD[1] at parquet at NativeMethodAccessorImpl.java:0), which has no missing parents
[2022-04-05 22:30:16,156] {spark_submit.py:488} INFO - 22/04/05 22:30:16 INFO MemoryStore: Block broadcast_0 stored as values in memory (estimated size 100.1 KiB, free 434.3 MiB)
[2022-04-05 22:30:16,439] {spark_submit.py:488} INFO - 22/04/05 22:30:16 INFO MemoryStore: Block broadcast_0_piece0 stored as bytes in memory (estimated size 35.8 KiB, free 434.3 MiB)
[2022-04-05 22:30:16,446] {spark_submit.py:488} INFO - 22/04/05 22:30:16 INFO BlockManagerInfo: Added broadcast_0_piece0 in memory on 9fe4286b2855:41439 (size: 35.8 KiB, free: 434.4 MiB)
[2022-04-05 22:30:16,460] {spark_submit.py:488} INFO - 22/04/05 22:30:16 INFO SparkContext: Created broadcast 0 from broadcast at DAGScheduler.scala:1478
[2022-04-05 22:30:16,596] {spark_submit.py:488} INFO - 22/04/05 22:30:16 INFO DAGScheduler: Submitting 1 missing tasks from ResultStage 0 (MapPartitionsRDD[1] at parquet at NativeMethodAccessorImpl.java:0) (first 15 tasks are for partitions Vector(0))
[2022-04-05 22:30:16,616] {spark_submit.py:488} INFO - 22/04/05 22:30:16 INFO TaskSchedulerImpl: Adding task set 0.0 with 1 tasks resource profile 0
[2022-04-05 22:30:17,267] {spark_submit.py:488} INFO - 22/04/05 22:30:17 INFO TaskSetManager: Starting task 0.0 in stage 0.0 (TID 0) (9fe4286b2855, executor driver, partition 0, PROCESS_LOCAL, 4624 bytes) taskResourceAssignments Map()
[2022-04-05 22:30:17,434] {spark_submit.py:488} INFO - 22/04/05 22:30:17 INFO Executor: Running task 0.0 in stage 0.0 (TID 0)
[2022-04-05 22:30:21,065] {spark_submit.py:488} INFO - 22/04/05 22:30:21 INFO Executor: Finished task 0.0 in stage 0.0 (TID 0). 2409 bytes result sent to driver
[2022-04-05 22:30:21,139] {spark_submit.py:488} INFO - 22/04/05 22:30:21 INFO TaskSetManager: Finished task 0.0 in stage 0.0 (TID 0) in 4161 ms on 9fe4286b2855 (executor driver) (1/1)
[2022-04-05 22:30:21,159] {spark_submit.py:488} INFO - 22/04/05 22:30:21 INFO TaskSchedulerImpl: Removed TaskSet 0.0, whose tasks have all completed, from pool
[2022-04-05 22:30:21,208] {spark_submit.py:488} INFO - 22/04/05 22:30:21 INFO DAGScheduler: ResultStage 0 (parquet at NativeMethodAccessorImpl.java:0) finished in 5.634 s
[2022-04-05 22:30:21,230] {spark_submit.py:488} INFO - 22/04/05 22:30:21 INFO DAGScheduler: Job 0 is finished. Cancelling potential speculative or zombie tasks for this job
[2022-04-05 22:30:21,257] {spark_submit.py:488} INFO - 22/04/05 22:30:21 INFO TaskSchedulerImpl: Killing all running tasks in stage 0: Stage finished
[2022-04-05 22:30:21,277] {spark_submit.py:488} INFO - 22/04/05 22:30:21 INFO DAGScheduler: Job 0 finished: parquet at NativeMethodAccessorImpl.java:0, took 6.084129 s
[2022-04-05 22:30:23,521] {spark_submit.py:488} INFO - 22/04/05 22:30:23 INFO BlockManagerInfo: Removed broadcast_0_piece0 on 9fe4286b2855:41439 in memory (size: 35.8 KiB, free: 434.4 MiB)
[2022-04-05 22:30:45,030] {spark_submit.py:488} INFO - 22/04/05 22:30:45 INFO FileSourceStrategy: Pushed Filters:
[2022-04-05 22:30:45,036] {spark_submit.py:488} INFO - 22/04/05 22:30:45 INFO FileSourceStrategy: Post-Scan Filters:
[2022-04-05 22:30:45,100] {spark_submit.py:488} INFO - 22/04/05 22:30:45 INFO FileSourceStrategy: Output Data Schema: struct<id: bigint, title: string, body: string, accepted_answer_id: double, answer_count: bigint ... 19 more fields>
[2022-04-05 22:30:46,880] {spark_submit.py:488} INFO - 22/04/05 22:30:46 INFO ParquetFileFormat: Using default output committer for Parquet: org.apache.parquet.hadoop.ParquetOutputCommitter
[2022-04-05 22:30:47,049] {spark_submit.py:488} INFO - 22/04/05 22:30:47 INFO FileOutputCommitter: File Output Committer Algorithm version is 1
[2022-04-05 22:30:47,050] {spark_submit.py:488} INFO - 22/04/05 22:30:47 INFO FileOutputCommitter: FileOutputCommitter skip cleanup _temporary folders under output directory:false, ignore cleanup failures: false
[2022-04-05 22:30:47,054] {spark_submit.py:488} INFO - 22/04/05 22:30:47 INFO SQLHadoopMapReduceCommitProtocol: Using user defined output committer class org.apache.parquet.hadoop.ParquetOutputCommitter
[2022-04-05 22:30:47,055] {spark_submit.py:488} INFO - 22/04/05 22:30:47 INFO FileOutputCommitter: File Output Committer Algorithm version is 1
[2022-04-05 22:30:47,060] {spark_submit.py:488} INFO - 22/04/05 22:30:47 INFO FileOutputCommitter: FileOutputCommitter skip cleanup _temporary folders under output directory:false, ignore cleanup failures: false
[2022-04-05 22:30:47,064] {spark_submit.py:488} INFO - 22/04/05 22:30:47 INFO SQLHadoopMapReduceCommitProtocol: Using output committer class org.apache.parquet.hadoop.ParquetOutputCommitter
[2022-04-05 22:30:51,231] {spark_submit.py:488} INFO - 22/04/05 22:30:51 INFO CodeGenerator: Code generated in 2431.026566 ms
[2022-04-05 22:30:51,447] {spark_submit.py:488} INFO - 22/04/05 22:30:51 INFO MemoryStore: Block broadcast_1 stored as values in memory (estimated size 194.3 KiB, free 434.2 MiB)
[2022-04-05 22:30:51,601] {spark_submit.py:488} INFO - 22/04/05 22:30:51 INFO MemoryStore: Block broadcast_1_piece0 stored as bytes in memory (estimated size 34.3 KiB, free 434.2 MiB)
[2022-04-05 22:30:51,603] {spark_submit.py:488} INFO - 22/04/05 22:30:51 INFO BlockManagerInfo: Added broadcast_1_piece0 in memory on 9fe4286b2855:41439 (size: 34.3 KiB, free: 434.4 MiB)
[2022-04-05 22:30:51,633] {spark_submit.py:488} INFO - 22/04/05 22:30:51 INFO SparkContext: Created broadcast 1 from save at NativeMethodAccessorImpl.java:0
[2022-04-05 22:30:51,741] {spark_submit.py:488} INFO - 22/04/05 22:30:51 INFO FileSourceScanExec: Planning scan with bin packing, max size: 4194304 bytes, open cost is considered as scanning 4194304 bytes.
[2022-04-05 22:30:52,439] {spark_submit.py:488} INFO - 22/04/05 22:30:52 INFO DAGScheduler: Registering RDD 6 (save at NativeMethodAccessorImpl.java:0) as input to shuffle 0
[2022-04-05 22:30:52,461] {spark_submit.py:488} INFO - 22/04/05 22:30:52 INFO DAGScheduler: Got map stage job 1 (save at NativeMethodAccessorImpl.java:0) with 2 output partitions
[2022-04-05 22:30:52,462] {spark_submit.py:488} INFO - 22/04/05 22:30:52 INFO DAGScheduler: Final stage: ShuffleMapStage 1 (save at NativeMethodAccessorImpl.java:0)
[2022-04-05 22:30:52,463] {spark_submit.py:488} INFO - 22/04/05 22:30:52 INFO DAGScheduler: Parents of final stage: List()
[2022-04-05 22:30:52,496] {spark_submit.py:488} INFO - 22/04/05 22:30:52 INFO DAGScheduler: Missing parents: List()
[2022-04-05 22:30:52,501] {spark_submit.py:488} INFO - 22/04/05 22:30:52 INFO DAGScheduler: Submitting ShuffleMapStage 1 (MapPartitionsRDD[6] at save at NativeMethodAccessorImpl.java:0), which has no missing parents
[2022-04-05 22:30:53,231] {spark_submit.py:488} INFO - 22/04/05 22:30:53 INFO MemoryStore: Block broadcast_2 stored as values in memory (estimated size 32.2 KiB, free 434.1 MiB)
[2022-04-05 22:30:53,295] {spark_submit.py:488} INFO - 22/04/05 22:30:53 INFO MemoryStore: Block broadcast_2_piece0 stored as bytes in memory (estimated size 10.4 KiB, free 434.1 MiB)
[2022-04-05 22:30:53,302] {spark_submit.py:488} INFO - 22/04/05 22:30:53 INFO BlockManagerInfo: Added broadcast_2_piece0 in memory on 9fe4286b2855:41439 (size: 10.4 KiB, free: 434.4 MiB)
[2022-04-05 22:30:53,305] {spark_submit.py:488} INFO - 22/04/05 22:30:53 INFO SparkContext: Created broadcast 2 from broadcast at DAGScheduler.scala:1478
[2022-04-05 22:30:53,332] {spark_submit.py:488} INFO - 22/04/05 22:30:53 INFO DAGScheduler: Submitting 2 missing tasks from ShuffleMapStage 1 (MapPartitionsRDD[6] at save at NativeMethodAccessorImpl.java:0) (first 15 tasks are for partitions Vector(0, 1))
[2022-04-05 22:30:53,332] {spark_submit.py:488} INFO - 22/04/05 22:30:53 INFO TaskSchedulerImpl: Adding task set 1.0 with 2 tasks resource profile 0
[2022-04-05 22:30:53,382] {spark_submit.py:488} INFO - 22/04/05 22:30:53 INFO TaskSetManager: Starting task 0.0 in stage 1.0 (TID 1) (9fe4286b2855, executor driver, partition 0, PROCESS_LOCAL, 4890 bytes) taskResourceAssignments Map()
[2022-04-05 22:30:53,389] {spark_submit.py:488} INFO - 22/04/05 22:30:53 INFO TaskSetManager: Starting task 1.0 in stage 1.0 (TID 2) (9fe4286b2855, executor driver, partition 1, PROCESS_LOCAL, 4890 bytes) taskResourceAssignments Map()
[2022-04-05 22:30:53,452] {spark_submit.py:488} INFO - 22/04/05 22:30:53 INFO Executor: Running task 0.0 in stage 1.0 (TID 1)
[2022-04-05 22:30:53,609] {spark_submit.py:488} INFO - 22/04/05 22:30:53 INFO Executor: Running task 1.0 in stage 1.0 (TID 2)
[2022-04-05 22:30:54,460] {spark_submit.py:488} INFO - 22/04/05 22:30:54 INFO FileScanRDD: Reading File path: gs://dtc_data_lake_de-stack-overflow/parquet/posts_questions-2008-10.parquet, range: 4194304-8295586, partition values: [empty row]
[2022-04-05 22:30:54,489] {spark_submit.py:488} INFO - 22/04/05 22:30:54 INFO FileScanRDD: Reading File path: gs://dtc_data_lake_de-stack-overflow/parquet/posts_questions-2008-10.parquet, range: 0-4194304, partition values: [empty row]
[2022-04-05 22:30:57,370] {spark_submit.py:488} INFO - 22/04/05 22:30:57 INFO Executor: Finished task 1.0 in stage 1.0 (TID 2). 1857 bytes result sent to driver
[2022-04-05 22:30:57,413] {spark_submit.py:488} INFO - 22/04/05 22:30:57 INFO TaskSetManager: Finished task 1.0 in stage 1.0 (TID 2) in 4029 ms on 9fe4286b2855 (executor driver) (1/2)
[2022-04-05 22:30:58,577] {spark_submit.py:488} INFO - 22/04/05 22:30:58 INFO CodecPool: Got brand-new decompressor [.snappy]
[2022-04-05 22:31:07,558] {spark_submit.py:488} INFO - 22/04/05 22:31:07 INFO Executor: Finished task 0.0 in stage 1.0 (TID 1). 2029 bytes result sent to driver
[2022-04-05 22:31:07,603] {spark_submit.py:488} INFO - 22/04/05 22:31:07 INFO TaskSetManager: Finished task 0.0 in stage 1.0 (TID 1) in 14271 ms on 9fe4286b2855 (executor driver) (2/2)
[2022-04-05 22:31:07,627] {spark_submit.py:488} INFO - 22/04/05 22:31:07 INFO TaskSchedulerImpl: Removed TaskSet 1.0, whose tasks have all completed, from pool
[2022-04-05 22:31:07,629] {spark_submit.py:488} INFO - 22/04/05 22:31:07 INFO DAGScheduler: ShuffleMapStage 1 (save at NativeMethodAccessorImpl.java:0) finished in 14.988 s
[2022-04-05 22:31:07,630] {spark_submit.py:488} INFO - 22/04/05 22:31:07 INFO DAGScheduler: looking for newly runnable stages
[2022-04-05 22:31:07,630] {spark_submit.py:488} INFO - 22/04/05 22:31:07 INFO DAGScheduler: running: Set()
[2022-04-05 22:31:07,631] {spark_submit.py:488} INFO - 22/04/05 22:31:07 INFO DAGScheduler: waiting: Set()
[2022-04-05 22:31:07,631] {spark_submit.py:488} INFO - 22/04/05 22:31:07 INFO DAGScheduler: failed: Set()
[2022-04-05 22:31:08,261] {spark_submit.py:488} INFO - 22/04/05 22:31:08 INFO SparkContext: Starting job: save at NativeMethodAccessorImpl.java:0
[2022-04-05 22:31:08,271] {spark_submit.py:488} INFO - 22/04/05 22:31:08 INFO DAGScheduler: Got job 2 (save at NativeMethodAccessorImpl.java:0) with 4 output partitions
[2022-04-05 22:31:08,271] {spark_submit.py:488} INFO - 22/04/05 22:31:08 INFO DAGScheduler: Final stage: ResultStage 3 (save at NativeMethodAccessorImpl.java:0)
[2022-04-05 22:31:08,272] {spark_submit.py:488} INFO - 22/04/05 22:31:08 INFO DAGScheduler: Parents of final stage: List(ShuffleMapStage 2)
[2022-04-05 22:31:08,272] {spark_submit.py:488} INFO - 22/04/05 22:31:08 INFO DAGScheduler: Missing parents: List()
[2022-04-05 22:31:08,287] {spark_submit.py:488} INFO - 22/04/05 22:31:08 INFO DAGScheduler: Submitting ResultStage 3 (ShuffledRowRDD[7] at save at NativeMethodAccessorImpl.java:0), which has no missing parents
[2022-04-05 22:31:08,793] {spark_submit.py:488} INFO - 22/04/05 22:31:08 INFO MemoryStore: Block broadcast_3 stored as values in memory (estimated size 204.2 KiB, free 433.9 MiB)
[2022-04-05 22:31:08,833] {spark_submit.py:488} INFO - 22/04/05 22:31:08 INFO MemoryStore: Block broadcast_3_piece0 stored as bytes in memory (estimated size 72.9 KiB, free 433.9 MiB)
[2022-04-05 22:31:08,835] {spark_submit.py:488} INFO - 22/04/05 22:31:08 INFO BlockManagerInfo: Added broadcast_3_piece0 in memory on 9fe4286b2855:41439 (size: 72.9 KiB, free: 434.3 MiB)
[2022-04-05 22:31:08,846] {spark_submit.py:488} INFO - 22/04/05 22:31:08 INFO SparkContext: Created broadcast 3 from broadcast at DAGScheduler.scala:1478
[2022-04-05 22:31:08,853] {spark_submit.py:488} INFO - 22/04/05 22:31:08 INFO DAGScheduler: Submitting 4 missing tasks from ResultStage 3 (ShuffledRowRDD[7] at save at NativeMethodAccessorImpl.java:0) (first 15 tasks are for partitions Vector(0, 1, 2, 3))
[2022-04-05 22:31:08,854] {spark_submit.py:488} INFO - 22/04/05 22:31:08 INFO TaskSchedulerImpl: Adding task set 3.0 with 4 tasks resource profile 0
[2022-04-05 22:31:08,862] {spark_submit.py:488} INFO - 22/04/05 22:31:08 INFO TaskSetManager: Starting task 0.0 in stage 3.0 (TID 3) (9fe4286b2855, executor driver, partition 0, NODE_LOCAL, 4453 bytes) taskResourceAssignments Map()
[2022-04-05 22:31:08,863] {spark_submit.py:488} INFO - 22/04/05 22:31:08 INFO TaskSetManager: Starting task 1.0 in stage 3.0 (TID 4) (9fe4286b2855, executor driver, partition 1, NODE_LOCAL, 4453 bytes) taskResourceAssignments Map()
[2022-04-05 22:31:08,864] {spark_submit.py:488} INFO - 22/04/05 22:31:08 INFO TaskSetManager: Starting task 2.0 in stage 3.0 (TID 5) (9fe4286b2855, executor driver, partition 2, NODE_LOCAL, 4453 bytes) taskResourceAssignments Map()
[2022-04-05 22:31:08,865] {spark_submit.py:488} INFO - 22/04/05 22:31:08 INFO TaskSetManager: Starting task 3.0 in stage 3.0 (TID 6) (9fe4286b2855, executor driver, partition 3, NODE_LOCAL, 4453 bytes) taskResourceAssignments Map()
[2022-04-05 22:31:08,866] {spark_submit.py:488} INFO - 22/04/05 22:31:08 INFO Executor: Running task 0.0 in stage 3.0 (TID 3)
[2022-04-05 22:31:08,867] {spark_submit.py:488} INFO - 22/04/05 22:31:08 INFO Executor: Running task 1.0 in stage 3.0 (TID 4)
[2022-04-05 22:31:08,964] {spark_submit.py:488} INFO - 22/04/05 22:31:08 INFO Executor: Running task 2.0 in stage 3.0 (TID 5)
[2022-04-05 22:31:08,972] {spark_submit.py:488} INFO - 22/04/05 22:31:08 INFO Executor: Running task 3.0 in stage 3.0 (TID 6)
[2022-04-05 22:31:09,261] {spark_submit.py:488} INFO - 22/04/05 22:31:09 INFO ShuffleBlockFetcherIterator: Getting 1 (2.3 MiB) non-empty blocks including 1 (2.3 MiB) local and 0 (0.0 B) host-local and 0 (0.0 B) push-merged-local and 0 (0.0 B) remote blocks
[2022-04-05 22:31:09,261] {spark_submit.py:488} INFO - 22/04/05 22:31:09 INFO ShuffleBlockFetcherIterator: Getting 1 (2.3 MiB) non-empty blocks including 1 (2.3 MiB) local and 0 (0.0 B) host-local and 0 (0.0 B) push-merged-local and 0 (0.0 B) remote blocks
[2022-04-05 22:31:09,264] {spark_submit.py:488} INFO - 22/04/05 22:31:09 INFO ShuffleBlockFetcherIterator: Getting 1 (2.3 MiB) non-empty blocks including 1 (2.3 MiB) local and 0 (0.0 B) host-local and 0 (0.0 B) push-merged-local and 0 (0.0 B) remote blocks
[2022-04-05 22:31:09,265] {spark_submit.py:488} INFO - 22/04/05 22:31:09 INFO ShuffleBlockFetcherIterator: Started 0 remote fetches in 54 ms
[2022-04-05 22:31:09,266] {spark_submit.py:488} INFO - 22/04/05 22:31:09 INFO ShuffleBlockFetcherIterator: Started 0 remote fetches in 54 ms
[2022-04-05 22:31:09,268] {spark_submit.py:488} INFO - 22/04/05 22:31:09 INFO ShuffleBlockFetcherIterator: Started 0 remote fetches in 55 ms
[2022-04-05 22:31:09,269] {spark_submit.py:488} INFO - 22/04/05 22:31:09 INFO ShuffleBlockFetcherIterator: Getting 1 (2.3 MiB) non-empty blocks including 1 (2.3 MiB) local and 0 (0.0 B) host-local and 0 (0.0 B) push-merged-local and 0 (0.0 B) remote blocks
[2022-04-05 22:31:09,269] {spark_submit.py:488} INFO - 22/04/05 22:31:09 INFO ShuffleBlockFetcherIterator: Started 0 remote fetches in 58 ms
[2022-04-05 22:31:09,296] {spark_submit.py:488} INFO - 22/04/05 22:31:09 INFO FileOutputCommitter: File Output Committer Algorithm version is 1
[2022-04-05 22:31:09,297] {spark_submit.py:488} INFO - 22/04/05 22:31:09 INFO FileOutputCommitter: File Output Committer Algorithm version is 1
[2022-04-05 22:31:09,297] {spark_submit.py:488} INFO - 22/04/05 22:31:09 INFO FileOutputCommitter: FileOutputCommitter skip cleanup _temporary folders under output directory:false, ignore cleanup failures: false
[2022-04-05 22:31:09,298] {spark_submit.py:488} INFO - 22/04/05 22:31:09 INFO SQLHadoopMapReduceCommitProtocol: Using user defined output committer class org.apache.parquet.hadoop.ParquetOutputCommitter
[2022-04-05 22:31:09,298] {spark_submit.py:488} INFO - 22/04/05 22:31:09 INFO FileOutputCommitter: File Output Committer Algorithm version is 1
[2022-04-05 22:31:09,298] {spark_submit.py:488} INFO - 22/04/05 22:31:09 INFO FileOutputCommitter: FileOutputCommitter skip cleanup _temporary folders under output directory:false, ignore cleanup failures: false
[2022-04-05 22:31:09,299] {spark_submit.py:488} INFO - 22/04/05 22:31:09 INFO SQLHadoopMapReduceCommitProtocol: Using output committer class org.apache.parquet.hadoop.ParquetOutputCommitter
[2022-04-05 22:31:09,304] {spark_submit.py:488} INFO - 22/04/05 22:31:09 INFO FileOutputCommitter: File Output Committer Algorithm version is 1
[2022-04-05 22:31:09,304] {spark_submit.py:488} INFO - 22/04/05 22:31:09 INFO FileOutputCommitter: FileOutputCommitter skip cleanup _temporary folders under output directory:false, ignore cleanup failures: false
[2022-04-05 22:31:09,316] {spark_submit.py:488} INFO - 22/04/05 22:31:09 INFO FileOutputCommitter: FileOutputCommitter skip cleanup _temporary folders under output directory:false, ignore cleanup failures: false
[2022-04-05 22:31:09,317] {spark_submit.py:488} INFO - 22/04/05 22:31:09 INFO SQLHadoopMapReduceCommitProtocol: Using user defined output committer class org.apache.parquet.hadoop.ParquetOutputCommitter
[2022-04-05 22:31:09,318] {spark_submit.py:488} INFO - 22/04/05 22:31:09 INFO FileOutputCommitter: File Output Committer Algorithm version is 1
[2022-04-05 22:31:09,318] {spark_submit.py:488} INFO - 22/04/05 22:31:09 INFO FileOutputCommitter: FileOutputCommitter skip cleanup _temporary folders under output directory:false, ignore cleanup failures: false
[2022-04-05 22:31:09,318] {spark_submit.py:488} INFO - 22/04/05 22:31:09 INFO SQLHadoopMapReduceCommitProtocol: Using output committer class org.apache.parquet.hadoop.ParquetOutputCommitter
[2022-04-05 22:31:09,320] {spark_submit.py:488} INFO - 22/04/05 22:31:09 INFO FileOutputCommitter: File Output Committer Algorithm version is 1
[2022-04-05 22:31:09,320] {spark_submit.py:488} INFO - 22/04/05 22:31:09 INFO FileOutputCommitter: FileOutputCommitter skip cleanup _temporary folders under output directory:false, ignore cleanup failures: false
[2022-04-05 22:31:09,321] {spark_submit.py:488} INFO - 22/04/05 22:31:09 INFO SQLHadoopMapReduceCommitProtocol: Using user defined output committer class org.apache.parquet.hadoop.ParquetOutputCommitter
[2022-04-05 22:31:09,321] {spark_submit.py:488} INFO - 22/04/05 22:31:09 INFO FileOutputCommitter: File Output Committer Algorithm version is 1
[2022-04-05 22:31:09,322] {spark_submit.py:488} INFO - 22/04/05 22:31:09 INFO FileOutputCommitter: FileOutputCommitter skip cleanup _temporary folders under output directory:false, ignore cleanup failures: false
[2022-04-05 22:31:09,324] {spark_submit.py:488} INFO - 22/04/05 22:31:09 INFO SQLHadoopMapReduceCommitProtocol: Using output committer class org.apache.parquet.hadoop.ParquetOutputCommitter
[2022-04-05 22:31:09,328] {spark_submit.py:488} INFO - 22/04/05 22:31:09 INFO SQLHadoopMapReduceCommitProtocol: Using user defined output committer class org.apache.parquet.hadoop.ParquetOutputCommitter
[2022-04-05 22:31:09,328] {spark_submit.py:488} INFO - 22/04/05 22:31:09 INFO FileOutputCommitter: File Output Committer Algorithm version is 1
[2022-04-05 22:31:09,328] {spark_submit.py:488} INFO - 22/04/05 22:31:09 INFO FileOutputCommitter: FileOutputCommitter skip cleanup _temporary folders under output directory:false, ignore cleanup failures: false
[2022-04-05 22:31:09,329] {spark_submit.py:488} INFO - 22/04/05 22:31:09 INFO SQLHadoopMapReduceCommitProtocol: Using output committer class org.apache.parquet.hadoop.ParquetOutputCommitter
[2022-04-05 22:31:09,354] {spark_submit.py:488} INFO - 22/04/05 22:31:09 INFO CodecConfig: Compression: SNAPPY
[2022-04-05 22:31:09,358] {spark_submit.py:488} INFO - 22/04/05 22:31:09 INFO CodecConfig: Compression: SNAPPY
[2022-04-05 22:31:09,358] {spark_submit.py:488} INFO - 22/04/05 22:31:09 INFO CodecConfig: Compression: SNAPPY
[2022-04-05 22:31:09,361] {spark_submit.py:488} INFO - 22/04/05 22:31:09 INFO CodecConfig: Compression: SNAPPY
[2022-04-05 22:31:09,364] {spark_submit.py:488} INFO - 22/04/05 22:31:09 INFO CodecConfig: Compression: SNAPPY
[2022-04-05 22:31:09,367] {spark_submit.py:488} INFO - 22/04/05 22:31:09 INFO CodecConfig: Compression: SNAPPY
[2022-04-05 22:31:09,380] {spark_submit.py:488} INFO - 22/04/05 22:31:09 INFO CodecConfig: Compression: SNAPPY
[2022-04-05 22:31:09,381] {spark_submit.py:488} INFO - 22/04/05 22:31:09 INFO CodecConfig: Compression: SNAPPY
[2022-04-05 22:31:09,499] {spark_submit.py:488} INFO - 22/04/05 22:31:09 INFO ParquetOutputFormat: Parquet block size to 134217728
[2022-04-05 22:31:09,499] {spark_submit.py:488} INFO - 22/04/05 22:31:09 INFO ParquetOutputFormat: Validation is off
[2022-04-05 22:31:09,499] {spark_submit.py:488} INFO - 22/04/05 22:31:09 INFO ParquetOutputFormat: Maximum row group padding size is 8388608 bytes
[2022-04-05 22:31:09,499] {spark_submit.py:488} INFO - 22/04/05 22:31:09 INFO ParquetOutputFormat: Parquet properties are:
[2022-04-05 22:31:09,499] {spark_submit.py:488} INFO - Parquet page size to 1048576
[2022-04-05 22:31:09,499] {spark_submit.py:488} INFO - Parquet dictionary page size to 1048576
[2022-04-05 22:31:09,499] {spark_submit.py:488} INFO - Dictionary is true
[2022-04-05 22:31:09,500] {spark_submit.py:488} INFO - Writer version is: PARQUET_1_0
[2022-04-05 22:31:09,500] {spark_submit.py:488} INFO - Page size checking is: estimated
[2022-04-05 22:31:09,500] {spark_submit.py:488} INFO - Min row count for page size check is: 100
[2022-04-05 22:31:09,500] {spark_submit.py:488} INFO - Max row count for page size check is: 10000
[2022-04-05 22:31:09,500] {spark_submit.py:488} INFO - Truncate length for column indexes is: 64
[2022-04-05 22:31:09,500] {spark_submit.py:488} INFO - Truncate length for statistics min/max  is: 2147483647
[2022-04-05 22:31:09,500] {spark_submit.py:488} INFO - Bloom filter enabled: false
[2022-04-05 22:31:09,500] {spark_submit.py:488} INFO - Max Bloom filter size for a column is 1048576
[2022-04-05 22:31:09,500] {spark_submit.py:488} INFO - Bloom filter expected number of distinct values are: null
[2022-04-05 22:31:09,500] {spark_submit.py:488} INFO - Page row count limit to 20000
[2022-04-05 22:31:09,500] {spark_submit.py:488} INFO - Writing page checksums is: on
[2022-04-05 22:31:09,509] {spark_submit.py:488} INFO - 22/04/05 22:31:09 INFO ParquetOutputFormat: Parquet block size to 134217728
[2022-04-05 22:31:09,509] {spark_submit.py:488} INFO - 22/04/05 22:31:09 INFO ParquetOutputFormat: Validation is off
[2022-04-05 22:31:09,509] {spark_submit.py:488} INFO - 22/04/05 22:31:09 INFO ParquetOutputFormat: Maximum row group padding size is 8388608 bytes
[2022-04-05 22:31:09,509] {spark_submit.py:488} INFO - 22/04/05 22:31:09 INFO ParquetOutputFormat: Parquet properties are:
[2022-04-05 22:31:09,509] {spark_submit.py:488} INFO - Parquet page size to 1048576
[2022-04-05 22:31:09,509] {spark_submit.py:488} INFO - Parquet dictionary page size to 1048576
[2022-04-05 22:31:09,509] {spark_submit.py:488} INFO - Dictionary is true
[2022-04-05 22:31:09,509] {spark_submit.py:488} INFO - Writer version is: PARQUET_1_0
[2022-04-05 22:31:09,509] {spark_submit.py:488} INFO - Page size checking is: estimated
[2022-04-05 22:31:09,509] {spark_submit.py:488} INFO - Min row count for page size check is: 100
[2022-04-05 22:31:09,510] {spark_submit.py:488} INFO - Max row count for page size check is: 10000
[2022-04-05 22:31:09,510] {spark_submit.py:488} INFO - Truncate length for column indexes is: 64
[2022-04-05 22:31:09,510] {spark_submit.py:488} INFO - Truncate length for statistics min/max  is: 2147483647
[2022-04-05 22:31:09,510] {spark_submit.py:488} INFO - Bloom filter enabled: false
[2022-04-05 22:31:09,510] {spark_submit.py:488} INFO - Max Bloom filter size for a column is 1048576
[2022-04-05 22:31:09,510] {spark_submit.py:488} INFO - Bloom filter expected number of distinct values are: null
[2022-04-05 22:31:09,510] {spark_submit.py:488} INFO - Page row count limit to 20000
[2022-04-05 22:31:09,510] {spark_submit.py:488} INFO - Writing page checksums is: on
[2022-04-05 22:31:09,517] {spark_submit.py:488} INFO - 22/04/05 22:31:09 INFO ParquetOutputFormat: Parquet block size to 134217728
[2022-04-05 22:31:09,517] {spark_submit.py:488} INFO - 22/04/05 22:31:09 INFO ParquetOutputFormat: Validation is off
[2022-04-05 22:31:09,517] {spark_submit.py:488} INFO - 22/04/05 22:31:09 INFO ParquetOutputFormat: Maximum row group padding size is 8388608 bytes
[2022-04-05 22:31:09,517] {spark_submit.py:488} INFO - 22/04/05 22:31:09 INFO ParquetOutputFormat: Parquet properties are:
[2022-04-05 22:31:09,517] {spark_submit.py:488} INFO - Parquet page size to 1048576
[2022-04-05 22:31:09,517] {spark_submit.py:488} INFO - Parquet dictionary page size to 1048576
[2022-04-05 22:31:09,517] {spark_submit.py:488} INFO - Dictionary is true
[2022-04-05 22:31:09,517] {spark_submit.py:488} INFO - Writer version is: PARQUET_1_0
[2022-04-05 22:31:09,518] {spark_submit.py:488} INFO - Page size checking is: estimated
[2022-04-05 22:31:09,518] {spark_submit.py:488} INFO - Min row count for page size check is: 100
[2022-04-05 22:31:09,518] {spark_submit.py:488} INFO - Max row count for page size check is: 10000
[2022-04-05 22:31:09,518] {spark_submit.py:488} INFO - Truncate length for column indexes is: 64
[2022-04-05 22:31:09,518] {spark_submit.py:488} INFO - Truncate length for statistics min/max  is: 2147483647
[2022-04-05 22:31:09,518] {spark_submit.py:488} INFO - Bloom filter enabled: false
[2022-04-05 22:31:09,518] {spark_submit.py:488} INFO - Max Bloom filter size for a column is 1048576
[2022-04-05 22:31:09,518] {spark_submit.py:488} INFO - Bloom filter expected number of distinct values are: null
[2022-04-05 22:31:09,518] {spark_submit.py:488} INFO - Page row count limit to 20000
[2022-04-05 22:31:09,518] {spark_submit.py:488} INFO - Writing page checksums is: on
[2022-04-05 22:31:09,535] {spark_submit.py:488} INFO - 22/04/05 22:31:09 INFO ParquetOutputFormat: Parquet block size to 134217728
[2022-04-05 22:31:09,535] {spark_submit.py:488} INFO - 22/04/05 22:31:09 INFO ParquetOutputFormat: Validation is off
[2022-04-05 22:31:09,535] {spark_submit.py:488} INFO - 22/04/05 22:31:09 INFO ParquetOutputFormat: Maximum row group padding size is 8388608 bytes
[2022-04-05 22:31:09,535] {spark_submit.py:488} INFO - 22/04/05 22:31:09 INFO ParquetOutputFormat: Parquet properties are:
[2022-04-05 22:31:09,535] {spark_submit.py:488} INFO - Parquet page size to 1048576
[2022-04-05 22:31:09,536] {spark_submit.py:488} INFO - Parquet dictionary page size to 1048576
[2022-04-05 22:31:09,536] {spark_submit.py:488} INFO - Dictionary is true
[2022-04-05 22:31:09,536] {spark_submit.py:488} INFO - Writer version is: PARQUET_1_0
[2022-04-05 22:31:09,536] {spark_submit.py:488} INFO - Page size checking is: estimated
[2022-04-05 22:31:09,536] {spark_submit.py:488} INFO - Min row count for page size check is: 100
[2022-04-05 22:31:09,536] {spark_submit.py:488} INFO - Max row count for page size check is: 10000
[2022-04-05 22:31:09,536] {spark_submit.py:488} INFO - Truncate length for column indexes is: 64
[2022-04-05 22:31:09,536] {spark_submit.py:488} INFO - Truncate length for statistics min/max  is: 2147483647
[2022-04-05 22:31:09,536] {spark_submit.py:488} INFO - Bloom filter enabled: false
[2022-04-05 22:31:09,536] {spark_submit.py:488} INFO - Max Bloom filter size for a column is 1048576
[2022-04-05 22:31:09,536] {spark_submit.py:488} INFO - Bloom filter expected number of distinct values are: null
[2022-04-05 22:31:09,536] {spark_submit.py:488} INFO - Page row count limit to 20000
[2022-04-05 22:31:09,537] {spark_submit.py:488} INFO - Writing page checksums is: on
[2022-04-05 22:31:09,559] {spark_submit.py:488} INFO - 22/04/05 22:31:09 INFO ParquetWriteSupport: Initialized Parquet WriteSupport with Catalyst schema:
[2022-04-05 22:31:09,559] {spark_submit.py:488} INFO - {
[2022-04-05 22:31:09,559] {spark_submit.py:488} INFO - "type" : "struct",
[2022-04-05 22:31:09,559] {spark_submit.py:488} INFO - "fields" : [ {
[2022-04-05 22:31:09,560] {spark_submit.py:488} INFO - "name" : "id",
[2022-04-05 22:31:09,560] {spark_submit.py:488} INFO - "type" : "integer",
[2022-04-05 22:31:09,560] {spark_submit.py:488} INFO - "nullable" : true,
[2022-04-05 22:31:09,560] {spark_submit.py:488} INFO - "metadata" : { }
[2022-04-05 22:31:09,560] {spark_submit.py:488} INFO - }, {
[2022-04-05 22:31:09,560] {spark_submit.py:488} INFO - "name" : "title",
[2022-04-05 22:31:09,560] {spark_submit.py:488} INFO - "type" : "string",
[2022-04-05 22:31:09,560] {spark_submit.py:488} INFO - "nullable" : true,
[2022-04-05 22:31:09,560] {spark_submit.py:488} INFO - "metadata" : { }
[2022-04-05 22:31:09,560] {spark_submit.py:488} INFO - }, {
[2022-04-05 22:31:09,560] {spark_submit.py:488} INFO - "name" : "body",
[2022-04-05 22:31:09,560] {spark_submit.py:488} INFO - "type" : "string",
[2022-04-05 22:31:09,560] {spark_submit.py:488} INFO - "nullable" : true,
[2022-04-05 22:31:09,561] {spark_submit.py:488} INFO - "metadata" : { }
[2022-04-05 22:31:09,561] {spark_submit.py:488} INFO - }, {
[2022-04-05 22:31:09,561] {spark_submit.py:488} INFO - "name" : "accepted_answer_id",
[2022-04-05 22:31:09,561] {spark_submit.py:488} INFO - "type" : "integer",
[2022-04-05 22:31:09,561] {spark_submit.py:488} INFO - "nullable" : true,
[2022-04-05 22:31:09,561] {spark_submit.py:488} INFO - "metadata" : { }
[2022-04-05 22:31:09,561] {spark_submit.py:488} INFO - }, {
[2022-04-05 22:31:09,561] {spark_submit.py:488} INFO - "name" : "answer_count",
[2022-04-05 22:31:09,561] {spark_submit.py:488} INFO - "type" : "integer",
[2022-04-05 22:31:09,561] {spark_submit.py:488} INFO - "nullable" : true,
[2022-04-05 22:31:09,561] {spark_submit.py:488} INFO - "metadata" : { }
[2022-04-05 22:31:09,561] {spark_submit.py:488} INFO - }, {
[2022-04-05 22:31:09,561] {spark_submit.py:488} INFO - "name" : "comment_count",
[2022-04-05 22:31:09,561] {spark_submit.py:488} INFO - "type" : "integer",
[2022-04-05 22:31:09,562] {spark_submit.py:488} INFO - "nullable" : true,
[2022-04-05 22:31:09,562] {spark_submit.py:488} INFO - "metadata" : { }
[2022-04-05 22:31:09,562] {spark_submit.py:488} INFO - }, {
[2022-04-05 22:31:09,562] {spark_submit.py:488} INFO - "name" : "community_owned_date",
[2022-04-05 22:31:09,562] {spark_submit.py:488} INFO - "type" : "timestamp",
[2022-04-05 22:31:09,562] {spark_submit.py:488} INFO - "nullable" : true,
[2022-04-05 22:31:09,562] {spark_submit.py:488} INFO - "metadata" : { }
[2022-04-05 22:31:09,562] {spark_submit.py:488} INFO - }, {
[2022-04-05 22:31:09,562] {spark_submit.py:488} INFO - "name" : "creation_date",
[2022-04-05 22:31:09,562] {spark_submit.py:488} INFO - "type" : "timestamp",
[2022-04-05 22:31:09,562] {spark_submit.py:488} INFO - "nullable" : true,
[2022-04-05 22:31:09,562] {spark_submit.py:488} INFO - "metadata" : { }
[2022-04-05 22:31:09,562] {spark_submit.py:488} INFO - }, {
[2022-04-05 22:31:09,563] {spark_submit.py:488} INFO - "name" : "favorite_count",
[2022-04-05 22:31:09,563] {spark_submit.py:488} INFO - "type" : "integer",
[2022-04-05 22:31:09,563] {spark_submit.py:488} INFO - "nullable" : true,
[2022-04-05 22:31:09,563] {spark_submit.py:488} INFO - "metadata" : { }
[2022-04-05 22:31:09,563] {spark_submit.py:488} INFO - }, {
[2022-04-05 22:31:09,563] {spark_submit.py:488} INFO - "name" : "last_activity_date",
[2022-04-05 22:31:09,563] {spark_submit.py:488} INFO - "type" : "timestamp",
[2022-04-05 22:31:09,563] {spark_submit.py:488} INFO - "nullable" : true,
[2022-04-05 22:31:09,563] {spark_submit.py:488} INFO - "metadata" : { }
[2022-04-05 22:31:09,563] {spark_submit.py:488} INFO - }, {
[2022-04-05 22:31:09,563] {spark_submit.py:488} INFO - "name" : "last_edit_date",
[2022-04-05 22:31:09,563] {spark_submit.py:488} INFO - "type" : "timestamp",
[2022-04-05 22:31:09,563] {spark_submit.py:488} INFO - "nullable" : true,
[2022-04-05 22:31:09,564] {spark_submit.py:488} INFO - "metadata" : { }
[2022-04-05 22:31:09,564] {spark_submit.py:488} INFO - }, {
[2022-04-05 22:31:09,564] {spark_submit.py:488} INFO - "name" : "last_editor_display_name",
[2022-04-05 22:31:09,564] {spark_submit.py:488} INFO - "type" : "string",
[2022-04-05 22:31:09,564] {spark_submit.py:488} INFO - "nullable" : true,
[2022-04-05 22:31:09,564] {spark_submit.py:488} INFO - "metadata" : { }
[2022-04-05 22:31:09,564] {spark_submit.py:488} INFO - }, {
[2022-04-05 22:31:09,564] {spark_submit.py:488} INFO - "name" : "last_editor_user_id",
[2022-04-05 22:31:09,564] {spark_submit.py:488} INFO - "type" : "integer",
[2022-04-05 22:31:09,564] {spark_submit.py:488} INFO - "nullable" : true,
[2022-04-05 22:31:09,564] {spark_submit.py:488} INFO - "metadata" : { }
[2022-04-05 22:31:09,564] {spark_submit.py:488} INFO - }, {
[2022-04-05 22:31:09,565] {spark_submit.py:488} INFO - "name" : "owner_display_name",
[2022-04-05 22:31:09,565] {spark_submit.py:488} INFO - "type" : "string",
[2022-04-05 22:31:09,565] {spark_submit.py:488} INFO - "nullable" : true,
[2022-04-05 22:31:09,565] {spark_submit.py:488} INFO - "metadata" : { }
[2022-04-05 22:31:09,565] {spark_submit.py:488} INFO - }, {
[2022-04-05 22:31:09,565] {spark_submit.py:488} INFO - "name" : "owner_user_id",
[2022-04-05 22:31:09,565] {spark_submit.py:488} INFO - "type" : "integer",
[2022-04-05 22:31:09,565] {spark_submit.py:488} INFO - "nullable" : true,
[2022-04-05 22:31:09,565] {spark_submit.py:488} INFO - "metadata" : { }
[2022-04-05 22:31:09,565] {spark_submit.py:488} INFO - }, {
[2022-04-05 22:31:09,565] {spark_submit.py:488} INFO - "name" : "parent_id",
[2022-04-05 22:31:09,565] {spark_submit.py:488} INFO - "type" : "integer",
[2022-04-05 22:31:09,565] {spark_submit.py:488} INFO - "nullable" : true,
[2022-04-05 22:31:09,566] {spark_submit.py:488} INFO - "metadata" : { }
[2022-04-05 22:31:09,566] {spark_submit.py:488} INFO - }, {
[2022-04-05 22:31:09,566] {spark_submit.py:488} INFO - "name" : "post_type_id",
[2022-04-05 22:31:09,566] {spark_submit.py:488} INFO - "type" : "integer",
[2022-04-05 22:31:09,566] {spark_submit.py:488} INFO - "nullable" : true,
[2022-04-05 22:31:09,566] {spark_submit.py:488} INFO - "metadata" : { }
[2022-04-05 22:31:09,566] {spark_submit.py:488} INFO - }, {
[2022-04-05 22:31:09,566] {spark_submit.py:488} INFO - "name" : "score",
[2022-04-05 22:31:09,566] {spark_submit.py:488} INFO - "type" : "integer",
[2022-04-05 22:31:09,566] {spark_submit.py:488} INFO - "nullable" : true,
[2022-04-05 22:31:09,566] {spark_submit.py:488} INFO - "metadata" : { }
[2022-04-05 22:31:09,566] {spark_submit.py:488} INFO - }, {
[2022-04-05 22:31:09,568] {spark_submit.py:488} INFO - "name" : "tags",
[2022-04-05 22:31:09,568] {spark_submit.py:488} INFO - "type" : "string",
[2022-04-05 22:31:09,568] {spark_submit.py:488} INFO - "nullable" : true,
[2022-04-05 22:31:09,573] {spark_submit.py:488} INFO - "metadata" : { }
[2022-04-05 22:31:09,573] {spark_submit.py:488} INFO - }, {
[2022-04-05 22:31:09,573] {spark_submit.py:488} INFO - "name" : "view_count",
[2022-04-05 22:31:09,573] {spark_submit.py:488} INFO - "type" : "integer",
[2022-04-05 22:31:09,573] {spark_submit.py:488} INFO - "nullable" : true,
[2022-04-05 22:31:09,573] {spark_submit.py:488} INFO - "metadata" : { }
[2022-04-05 22:31:09,573] {spark_submit.py:488} INFO - }, {
[2022-04-05 22:31:09,573] {spark_submit.py:488} INFO - "name" : "group_by_date",
[2022-04-05 22:31:09,574] {spark_submit.py:488} INFO - "type" : "timestamp",
[2022-04-05 22:31:09,574] {spark_submit.py:488} INFO - "nullable" : true,
[2022-04-05 22:31:09,574] {spark_submit.py:488} INFO - "metadata" : { }
[2022-04-05 22:31:09,574] {spark_submit.py:488} INFO - } ]
[2022-04-05 22:31:09,575] {spark_submit.py:488} INFO - }
[2022-04-05 22:31:09,575] {spark_submit.py:488} INFO - and corresponding Parquet message type:
[2022-04-05 22:31:09,575] {spark_submit.py:488} INFO - message spark_schema {
[2022-04-05 22:31:09,575] {spark_submit.py:488} INFO - optional int32 id;
[2022-04-05 22:31:09,575] {spark_submit.py:488} INFO - optional binary title (STRING);
[2022-04-05 22:31:09,575] {spark_submit.py:488} INFO - optional binary body (STRING);
[2022-04-05 22:31:09,575] {spark_submit.py:488} INFO - optional int32 accepted_answer_id;
[2022-04-05 22:31:09,575] {spark_submit.py:488} INFO - optional int32 answer_count;
[2022-04-05 22:31:09,575] {spark_submit.py:488} INFO - optional int32 comment_count;
[2022-04-05 22:31:09,575] {spark_submit.py:488} INFO - optional int96 community_owned_date;
[2022-04-05 22:31:09,575] {spark_submit.py:488} INFO - optional int96 creation_date;
[2022-04-05 22:31:09,575] {spark_submit.py:488} INFO - optional int32 favorite_count;
[2022-04-05 22:31:09,575] {spark_submit.py:488} INFO - optional int96 last_activity_date;
[2022-04-05 22:31:09,575] {spark_submit.py:488} INFO - optional int96 last_edit_date;
[2022-04-05 22:31:09,575] {spark_submit.py:488} INFO - optional binary last_editor_display_name (STRING);
[2022-04-05 22:31:09,576] {spark_submit.py:488} INFO - optional int32 last_editor_user_id;
[2022-04-05 22:31:09,580] {spark_submit.py:488} INFO - optional binary owner_display_name (STRING);
[2022-04-05 22:31:09,580] {spark_submit.py:488} INFO - optional int32 owner_user_id;
[2022-04-05 22:31:09,580] {spark_submit.py:488} INFO - optional int32 parent_id;
[2022-04-05 22:31:09,580] {spark_submit.py:488} INFO - optional int32 post_type_id;
[2022-04-05 22:31:09,580] {spark_submit.py:488} INFO - optional int32 score;
[2022-04-05 22:31:09,580] {spark_submit.py:488} INFO - optional binary tags (STRING);
[2022-04-05 22:31:09,580] {spark_submit.py:488} INFO - optional int32 view_count;
[2022-04-05 22:31:09,581] {spark_submit.py:488} INFO - optional int96 group_by_date;
[2022-04-05 22:31:09,581] {spark_submit.py:488} INFO - }
[2022-04-05 22:31:09,581] {spark_submit.py:488} INFO - 
[2022-04-05 22:31:09,582] {spark_submit.py:488} INFO - 
[2022-04-05 22:31:09,582] {spark_submit.py:488} INFO - 22/04/05 22:31:09 INFO ParquetWriteSupport: Initialized Parquet WriteSupport with Catalyst schema:
[2022-04-05 22:31:09,582] {spark_submit.py:488} INFO - {
[2022-04-05 22:31:09,582] {spark_submit.py:488} INFO - "type" : "struct",
[2022-04-05 22:31:09,582] {spark_submit.py:488} INFO - "fields" : [ {
[2022-04-05 22:31:09,582] {spark_submit.py:488} INFO - "name" : "id",
[2022-04-05 22:31:09,582] {spark_submit.py:488} INFO - "type" : "integer",
[2022-04-05 22:31:09,583] {spark_submit.py:488} INFO - "nullable" : true,
[2022-04-05 22:31:09,583] {spark_submit.py:488} INFO - "metadata" : { }
[2022-04-05 22:31:09,583] {spark_submit.py:488} INFO - }, {
[2022-04-05 22:31:09,583] {spark_submit.py:488} INFO - "name" : "title",
[2022-04-05 22:31:09,583] {spark_submit.py:488} INFO - "type" : "string",
[2022-04-05 22:31:09,583] {spark_submit.py:488} INFO - "nullable" : true,
[2022-04-05 22:31:09,583] {spark_submit.py:488} INFO - "metadata" : { }
[2022-04-05 22:31:09,583] {spark_submit.py:488} INFO - }, {
[2022-04-05 22:31:09,583] {spark_submit.py:488} INFO - "name" : "body",
[2022-04-05 22:31:09,583] {spark_submit.py:488} INFO - "type" : "string",
[2022-04-05 22:31:09,583] {spark_submit.py:488} INFO - "nullable" : true,
[2022-04-05 22:31:09,583] {spark_submit.py:488} INFO - "metadata" : { }
[2022-04-05 22:31:09,583] {spark_submit.py:488} INFO - }, {
[2022-04-05 22:31:09,583] {spark_submit.py:488} INFO - "name" : "accepted_answer_id",
[2022-04-05 22:31:09,584] {spark_submit.py:488} INFO - "type" : "integer",
[2022-04-05 22:31:09,584] {spark_submit.py:488} INFO - "nullable" : true,
[2022-04-05 22:31:09,584] {spark_submit.py:488} INFO - "metadata" : { }
[2022-04-05 22:31:09,584] {spark_submit.py:488} INFO - }, {
[2022-04-05 22:31:09,584] {spark_submit.py:488} INFO - "name" : "answer_count",
[2022-04-05 22:31:09,584] {spark_submit.py:488} INFO - "type" : "integer",
[2022-04-05 22:31:09,584] {spark_submit.py:488} INFO - "nullable" : true,
[2022-04-05 22:31:09,584] {spark_submit.py:488} INFO - "metadata" : { }
[2022-04-05 22:31:09,584] {spark_submit.py:488} INFO - }, {
[2022-04-05 22:31:09,584] {spark_submit.py:488} INFO - "name" : "comment_count",
[2022-04-05 22:31:09,584] {spark_submit.py:488} INFO - "type" : "integer",
[2022-04-05 22:31:09,584] {spark_submit.py:488} INFO - "nullable" : true,
[2022-04-05 22:31:09,584] {spark_submit.py:488} INFO - "metadata" : { }
[2022-04-05 22:31:09,584] {spark_submit.py:488} INFO - }, {
[2022-04-05 22:31:09,584] {spark_submit.py:488} INFO - "name" : "community_owned_date",
[2022-04-05 22:31:09,585] {spark_submit.py:488} INFO - "type" : "timestamp",
[2022-04-05 22:31:09,585] {spark_submit.py:488} INFO - "nullable" : true,
[2022-04-05 22:31:09,585] {spark_submit.py:488} INFO - "metadata" : { }
[2022-04-05 22:31:09,585] {spark_submit.py:488} INFO - }, {
[2022-04-05 22:31:09,585] {spark_submit.py:488} INFO - "name" : "creation_date",
[2022-04-05 22:31:09,585] {spark_submit.py:488} INFO - "type" : "timestamp",
[2022-04-05 22:31:09,585] {spark_submit.py:488} INFO - "nullable" : true,
[2022-04-05 22:31:09,585] {spark_submit.py:488} INFO - "metadata" : { }
[2022-04-05 22:31:09,585] {spark_submit.py:488} INFO - }, {
[2022-04-05 22:31:09,585] {spark_submit.py:488} INFO - "name" : "favorite_count",
[2022-04-05 22:31:09,585] {spark_submit.py:488} INFO - "type" : "integer",
[2022-04-05 22:31:09,585] {spark_submit.py:488} INFO - "nullable" : true,
[2022-04-05 22:31:09,585] {spark_submit.py:488} INFO - "metadata" : { }
[2022-04-05 22:31:09,585] {spark_submit.py:488} INFO - }, {
[2022-04-05 22:31:09,586] {spark_submit.py:488} INFO - "name" : "last_activity_date",
[2022-04-05 22:31:09,586] {spark_submit.py:488} INFO - "type" : "timestamp",
[2022-04-05 22:31:09,586] {spark_submit.py:488} INFO - "nullable" : true,
[2022-04-05 22:31:09,586] {spark_submit.py:488} INFO - "metadata" : { }
[2022-04-05 22:31:09,586] {spark_submit.py:488} INFO - }, {
[2022-04-05 22:31:09,586] {spark_submit.py:488} INFO - "name" : "last_edit_date",
[2022-04-05 22:31:09,586] {spark_submit.py:488} INFO - "type" : "timestamp",
[2022-04-05 22:31:09,586] {spark_submit.py:488} INFO - "nullable" : true,
[2022-04-05 22:31:09,586] {spark_submit.py:488} INFO - "metadata" : { }
[2022-04-05 22:31:09,586] {spark_submit.py:488} INFO - }, {
[2022-04-05 22:31:09,586] {spark_submit.py:488} INFO - "name" : "last_editor_display_name",
[2022-04-05 22:31:09,586] {spark_submit.py:488} INFO - "type" : "string",
[2022-04-05 22:31:09,586] {spark_submit.py:488} INFO - "nullable" : true,
[2022-04-05 22:31:09,586] {spark_submit.py:488} INFO - "metadata" : { }
[2022-04-05 22:31:09,587] {spark_submit.py:488} INFO - }, {
[2022-04-05 22:31:09,587] {spark_submit.py:488} INFO - "name" : "last_editor_user_id",
[2022-04-05 22:31:09,587] {spark_submit.py:488} INFO - "type" : "integer",
[2022-04-05 22:31:09,587] {spark_submit.py:488} INFO - "nullable" : true,
[2022-04-05 22:31:09,587] {spark_submit.py:488} INFO - "metadata" : { }
[2022-04-05 22:31:09,587] {spark_submit.py:488} INFO - }, {
[2022-04-05 22:31:09,587] {spark_submit.py:488} INFO - "name" : "owner_display_name",
[2022-04-05 22:31:09,587] {spark_submit.py:488} INFO - "type" : "string",
[2022-04-05 22:31:09,587] {spark_submit.py:488} INFO - "nullable" : true,
[2022-04-05 22:31:09,587] {spark_submit.py:488} INFO - "metadata" : { }
[2022-04-05 22:31:09,587] {spark_submit.py:488} INFO - }, {
[2022-04-05 22:31:09,587] {spark_submit.py:488} INFO - "name" : "owner_user_id",
[2022-04-05 22:31:09,587] {spark_submit.py:488} INFO - "type" : "integer",
[2022-04-05 22:31:09,588] {spark_submit.py:488} INFO - "nullable" : true,
[2022-04-05 22:31:09,588] {spark_submit.py:488} INFO - "metadata" : { }
[2022-04-05 22:31:09,588] {spark_submit.py:488} INFO - }, {
[2022-04-05 22:31:09,588] {spark_submit.py:488} INFO - "name" : "parent_id",
[2022-04-05 22:31:09,588] {spark_submit.py:488} INFO - "type" : "integer",
[2022-04-05 22:31:09,588] {spark_submit.py:488} INFO - "nullable" : true,
[2022-04-05 22:31:09,588] {spark_submit.py:488} INFO - "metadata" : { }
[2022-04-05 22:31:09,588] {spark_submit.py:488} INFO - }, {
[2022-04-05 22:31:09,588] {spark_submit.py:488} INFO - "name" : "post_type_id",
[2022-04-05 22:31:09,588] {spark_submit.py:488} INFO - "type" : "integer",
[2022-04-05 22:31:09,588] {spark_submit.py:488} INFO - "nullable" : true,
[2022-04-05 22:31:09,588] {spark_submit.py:488} INFO - "metadata" : { }
[2022-04-05 22:31:09,588] {spark_submit.py:488} INFO - }, {
[2022-04-05 22:31:09,588] {spark_submit.py:488} INFO - "name" : "score",
[2022-04-05 22:31:09,589] {spark_submit.py:488} INFO - "type" : "integer",
[2022-04-05 22:31:09,589] {spark_submit.py:488} INFO - "nullable" : true,
[2022-04-05 22:31:09,589] {spark_submit.py:488} INFO - "metadata" : { }
[2022-04-05 22:31:09,589] {spark_submit.py:488} INFO - }, {
[2022-04-05 22:31:09,589] {spark_submit.py:488} INFO - "name" : "tags",
[2022-04-05 22:31:09,589] {spark_submit.py:488} INFO - "type" : "string",
[2022-04-05 22:31:09,589] {spark_submit.py:488} INFO - "nullable" : true,
[2022-04-05 22:31:09,589] {spark_submit.py:488} INFO - "metadata" : { }
[2022-04-05 22:31:09,589] {spark_submit.py:488} INFO - }, {
[2022-04-05 22:31:09,589] {spark_submit.py:488} INFO - "name" : "view_count",
[2022-04-05 22:31:09,589] {spark_submit.py:488} INFO - "type" : "integer",
[2022-04-05 22:31:09,589] {spark_submit.py:488} INFO - "nullable" : true,
[2022-04-05 22:31:09,589] {spark_submit.py:488} INFO - "metadata" : { }
[2022-04-05 22:31:09,589] {spark_submit.py:488} INFO - }, {
[2022-04-05 22:31:09,589] {spark_submit.py:488} INFO - "name" : "group_by_date",
[2022-04-05 22:31:09,590] {spark_submit.py:488} INFO - "type" : "timestamp",
[2022-04-05 22:31:09,590] {spark_submit.py:488} INFO - "nullable" : true,
[2022-04-05 22:31:09,590] {spark_submit.py:488} INFO - "metadata" : { }
[2022-04-05 22:31:09,632] {spark_submit.py:488} INFO - } ]
[2022-04-05 22:31:09,632] {spark_submit.py:488} INFO - }
[2022-04-05 22:31:09,632] {spark_submit.py:488} INFO - and corresponding Parquet message type:
[2022-04-05 22:31:09,632] {spark_submit.py:488} INFO - message spark_schema {
[2022-04-05 22:31:09,632] {spark_submit.py:488} INFO - optional int32 id;
[2022-04-05 22:31:09,632] {spark_submit.py:488} INFO - optional binary title (STRING);
[2022-04-05 22:31:09,632] {spark_submit.py:488} INFO - optional binary body (STRING);
[2022-04-05 22:31:09,632] {spark_submit.py:488} INFO - optional int32 accepted_answer_id;
[2022-04-05 22:31:09,632] {spark_submit.py:488} INFO - optional int32 answer_count;
[2022-04-05 22:31:09,632] {spark_submit.py:488} INFO - optional int32 comment_count;
[2022-04-05 22:31:09,633] {spark_submit.py:488} INFO - optional int96 community_owned_date;
[2022-04-05 22:31:09,633] {spark_submit.py:488} INFO - optional int96 creation_date;
[2022-04-05 22:31:09,633] {spark_submit.py:488} INFO - optional int32 favorite_count;
[2022-04-05 22:31:09,633] {spark_submit.py:488} INFO - optional int96 last_activity_date;
[2022-04-05 22:31:09,633] {spark_submit.py:488} INFO - optional int96 last_edit_date;
[2022-04-05 22:31:09,633] {spark_submit.py:488} INFO - optional binary last_editor_display_name (STRING);
[2022-04-05 22:31:09,633] {spark_submit.py:488} INFO - optional int32 last_editor_user_id;
[2022-04-05 22:31:09,633] {spark_submit.py:488} INFO - optional binary owner_display_name (STRING);
[2022-04-05 22:31:09,637] {spark_submit.py:488} INFO - optional int32 owner_user_id;
[2022-04-05 22:31:09,637] {spark_submit.py:488} INFO - optional int32 parent_id;
[2022-04-05 22:31:09,637] {spark_submit.py:488} INFO - optional int32 post_type_id;
[2022-04-05 22:31:09,637] {spark_submit.py:488} INFO - optional int32 score;
[2022-04-05 22:31:09,637] {spark_submit.py:488} INFO - optional binary tags (STRING);
[2022-04-05 22:31:09,637] {spark_submit.py:488} INFO - optional int32 view_count;
[2022-04-05 22:31:09,637] {spark_submit.py:488} INFO - optional int96 group_by_date;
[2022-04-05 22:31:09,637] {spark_submit.py:488} INFO - }
[2022-04-05 22:31:09,637] {spark_submit.py:488} INFO - 
[2022-04-05 22:31:09,637] {spark_submit.py:488} INFO - 
[2022-04-05 22:31:09,648] {spark_submit.py:488} INFO - 22/04/05 22:31:09 INFO ParquetWriteSupport: Initialized Parquet WriteSupport with Catalyst schema:
[2022-04-05 22:31:09,648] {spark_submit.py:488} INFO - {
[2022-04-05 22:31:09,648] {spark_submit.py:488} INFO - "type" : "struct",
[2022-04-05 22:31:09,648] {spark_submit.py:488} INFO - "fields" : [ {
[2022-04-05 22:31:09,648] {spark_submit.py:488} INFO - "name" : "id",
[2022-04-05 22:31:09,648] {spark_submit.py:488} INFO - "type" : "integer",
[2022-04-05 22:31:09,648] {spark_submit.py:488} INFO - "nullable" : true,
[2022-04-05 22:31:09,648] {spark_submit.py:488} INFO - "metadata" : { }
[2022-04-05 22:31:09,648] {spark_submit.py:488} INFO - }, {
[2022-04-05 22:31:09,648] {spark_submit.py:488} INFO - "name" : "title",
[2022-04-05 22:31:09,648] {spark_submit.py:488} INFO - "type" : "string",
[2022-04-05 22:31:09,649] {spark_submit.py:488} INFO - "nullable" : true,
[2022-04-05 22:31:09,649] {spark_submit.py:488} INFO - "metadata" : { }
[2022-04-05 22:31:09,649] {spark_submit.py:488} INFO - }, {
[2022-04-05 22:31:09,649] {spark_submit.py:488} INFO - "name" : "body",
[2022-04-05 22:31:09,649] {spark_submit.py:488} INFO - "type" : "string",
[2022-04-05 22:31:09,649] {spark_submit.py:488} INFO - "nullable" : true,
[2022-04-05 22:31:09,649] {spark_submit.py:488} INFO - "metadata" : { }
[2022-04-05 22:31:09,649] {spark_submit.py:488} INFO - }, {
[2022-04-05 22:31:09,649] {spark_submit.py:488} INFO - "name" : "accepted_answer_id",
[2022-04-05 22:31:09,649] {spark_submit.py:488} INFO - "type" : "integer",
[2022-04-05 22:31:09,649] {spark_submit.py:488} INFO - "nullable" : true,
[2022-04-05 22:31:09,651] {spark_submit.py:488} INFO - "metadata" : { }
[2022-04-05 22:31:09,651] {spark_submit.py:488} INFO - }, {
[2022-04-05 22:31:09,651] {spark_submit.py:488} INFO - "name" : "answer_count",
[2022-04-05 22:31:09,651] {spark_submit.py:488} INFO - "type" : "integer",
[2022-04-05 22:31:09,651] {spark_submit.py:488} INFO - "nullable" : true,
[2022-04-05 22:31:09,651] {spark_submit.py:488} INFO - "metadata" : { }
[2022-04-05 22:31:09,651] {spark_submit.py:488} INFO - }, {
[2022-04-05 22:31:09,651] {spark_submit.py:488} INFO - "name" : "comment_count",
[2022-04-05 22:31:09,652] {spark_submit.py:488} INFO - "type" : "integer",
[2022-04-05 22:31:09,652] {spark_submit.py:488} INFO - "nullable" : true,
[2022-04-05 22:31:09,652] {spark_submit.py:488} INFO - "metadata" : { }
[2022-04-05 22:31:09,652] {spark_submit.py:488} INFO - }, {
[2022-04-05 22:31:09,652] {spark_submit.py:488} INFO - "name" : "community_owned_date",
[2022-04-05 22:31:09,652] {spark_submit.py:488} INFO - "type" : "timestamp",
[2022-04-05 22:31:09,652] {spark_submit.py:488} INFO - "nullable" : true,
[2022-04-05 22:31:09,652] {spark_submit.py:488} INFO - "metadata" : { }
[2022-04-05 22:31:09,652] {spark_submit.py:488} INFO - }, {
[2022-04-05 22:31:09,652] {spark_submit.py:488} INFO - "name" : "creation_date",
[2022-04-05 22:31:09,652] {spark_submit.py:488} INFO - "type" : "timestamp",
[2022-04-05 22:31:09,652] {spark_submit.py:488} INFO - "nullable" : true,
[2022-04-05 22:31:09,652] {spark_submit.py:488} INFO - "metadata" : { }
[2022-04-05 22:31:09,652] {spark_submit.py:488} INFO - }, {
[2022-04-05 22:31:09,652] {spark_submit.py:488} INFO - "name" : "favorite_count",
[2022-04-05 22:31:09,653] {spark_submit.py:488} INFO - "type" : "integer",
[2022-04-05 22:31:09,653] {spark_submit.py:488} INFO - "nullable" : true,
[2022-04-05 22:31:09,653] {spark_submit.py:488} INFO - "metadata" : { }
[2022-04-05 22:31:09,653] {spark_submit.py:488} INFO - }, {
[2022-04-05 22:31:09,653] {spark_submit.py:488} INFO - "name" : "last_activity_date",
[2022-04-05 22:31:09,653] {spark_submit.py:488} INFO - "type" : "timestamp",
[2022-04-05 22:31:09,660] {spark_submit.py:488} INFO - "nullable" : true,
[2022-04-05 22:31:09,660] {spark_submit.py:488} INFO - "metadata" : { }
[2022-04-05 22:31:09,660] {spark_submit.py:488} INFO - }, {
[2022-04-05 22:31:09,660] {spark_submit.py:488} INFO - "name" : "last_edit_date",
[2022-04-05 22:31:09,660] {spark_submit.py:488} INFO - "type" : "timestamp",
[2022-04-05 22:31:09,660] {spark_submit.py:488} INFO - "nullable" : true,
[2022-04-05 22:31:09,660] {spark_submit.py:488} INFO - "metadata" : { }
[2022-04-05 22:31:09,660] {spark_submit.py:488} INFO - }, {
[2022-04-05 22:31:09,660] {spark_submit.py:488} INFO - "name" : "last_editor_display_name",
[2022-04-05 22:31:09,660] {spark_submit.py:488} INFO - "type" : "string",
[2022-04-05 22:31:09,660] {spark_submit.py:488} INFO - "nullable" : true,
[2022-04-05 22:31:09,661] {spark_submit.py:488} INFO - "metadata" : { }
[2022-04-05 22:31:09,661] {spark_submit.py:488} INFO - }, {
[2022-04-05 22:31:09,661] {spark_submit.py:488} INFO - "name" : "last_editor_user_id",
[2022-04-05 22:31:09,661] {spark_submit.py:488} INFO - "type" : "integer",
[2022-04-05 22:31:09,661] {spark_submit.py:488} INFO - "nullable" : true,
[2022-04-05 22:31:09,661] {spark_submit.py:488} INFO - "metadata" : { }
[2022-04-05 22:31:09,661] {spark_submit.py:488} INFO - }, {
[2022-04-05 22:31:09,661] {spark_submit.py:488} INFO - "name" : "owner_display_name",
[2022-04-05 22:31:09,661] {spark_submit.py:488} INFO - "type" : "string",
[2022-04-05 22:31:09,661] {spark_submit.py:488} INFO - "nullable" : true,
[2022-04-05 22:31:09,661] {spark_submit.py:488} INFO - "metadata" : { }
[2022-04-05 22:31:09,661] {spark_submit.py:488} INFO - }, {
[2022-04-05 22:31:09,661] {spark_submit.py:488} INFO - "name" : "owner_user_id",
[2022-04-05 22:31:09,661] {spark_submit.py:488} INFO - "type" : "integer",
[2022-04-05 22:31:09,662] {spark_submit.py:488} INFO - "nullable" : true,
[2022-04-05 22:31:09,662] {spark_submit.py:488} INFO - "metadata" : { }
[2022-04-05 22:31:09,662] {spark_submit.py:488} INFO - }, {
[2022-04-05 22:31:09,662] {spark_submit.py:488} INFO - "name" : "parent_id",
[2022-04-05 22:31:09,662] {spark_submit.py:488} INFO - "type" : "integer",
[2022-04-05 22:31:09,662] {spark_submit.py:488} INFO - "nullable" : true,
[2022-04-05 22:31:09,662] {spark_submit.py:488} INFO - "metadata" : { }
[2022-04-05 22:31:09,662] {spark_submit.py:488} INFO - }, {
[2022-04-05 22:31:09,662] {spark_submit.py:488} INFO - "name" : "post_type_id",
[2022-04-05 22:31:09,662] {spark_submit.py:488} INFO - "type" : "integer",
[2022-04-05 22:31:09,662] {spark_submit.py:488} INFO - "nullable" : true,
[2022-04-05 22:31:09,662] {spark_submit.py:488} INFO - "metadata" : { }
[2022-04-05 22:31:09,662] {spark_submit.py:488} INFO - }, {
[2022-04-05 22:31:09,663] {spark_submit.py:488} INFO - "name" : "score",
[2022-04-05 22:31:09,663] {spark_submit.py:488} INFO - "type" : "integer",
[2022-04-05 22:31:09,663] {spark_submit.py:488} INFO - "nullable" : true,
[2022-04-05 22:31:09,663] {spark_submit.py:488} INFO - "metadata" : { }
[2022-04-05 22:31:09,663] {spark_submit.py:488} INFO - }, {
[2022-04-05 22:31:09,663] {spark_submit.py:488} INFO - "name" : "tags",
[2022-04-05 22:31:09,676] {spark_submit.py:488} INFO - "type" : "string",
[2022-04-05 22:31:09,676] {spark_submit.py:488} INFO - "nullable" : true,
[2022-04-05 22:31:09,676] {spark_submit.py:488} INFO - "metadata" : { }
[2022-04-05 22:31:09,676] {spark_submit.py:488} INFO - }, {
[2022-04-05 22:31:09,676] {spark_submit.py:488} INFO - "name" : "view_count",
[2022-04-05 22:31:09,676] {spark_submit.py:488} INFO - "type" : "integer",
[2022-04-05 22:31:09,676] {spark_submit.py:488} INFO - "nullable" : true,
[2022-04-05 22:31:09,676] {spark_submit.py:488} INFO - "metadata" : { }
[2022-04-05 22:31:09,676] {spark_submit.py:488} INFO - }, {
[2022-04-05 22:31:09,679] {spark_submit.py:488} INFO - "name" : "group_by_date",
[2022-04-05 22:31:09,680] {spark_submit.py:488} INFO - "type" : "timestamp",
[2022-04-05 22:31:09,680] {spark_submit.py:488} INFO - "nullable" : true,
[2022-04-05 22:31:09,680] {spark_submit.py:488} INFO - "metadata" : { }
[2022-04-05 22:31:09,680] {spark_submit.py:488} INFO - } ]
[2022-04-05 22:31:09,680] {spark_submit.py:488} INFO - }
[2022-04-05 22:31:09,680] {spark_submit.py:488} INFO - and corresponding Parquet message type:
[2022-04-05 22:31:09,680] {spark_submit.py:488} INFO - message spark_schema {
[2022-04-05 22:31:09,680] {spark_submit.py:488} INFO - optional int32 id;
[2022-04-05 22:31:09,680] {spark_submit.py:488} INFO - optional binary title (STRING);
[2022-04-05 22:31:09,680] {spark_submit.py:488} INFO - optional binary body (STRING);
[2022-04-05 22:31:09,680] {spark_submit.py:488} INFO - optional int32 accepted_answer_id;
[2022-04-05 22:31:09,680] {spark_submit.py:488} INFO - optional int32 answer_count;
[2022-04-05 22:31:09,680] {spark_submit.py:488} INFO - optional int32 comment_count;
[2022-04-05 22:31:09,681] {spark_submit.py:488} INFO - optional int96 community_owned_date;
[2022-04-05 22:31:09,681] {spark_submit.py:488} INFO - optional int96 creation_date;
[2022-04-05 22:31:09,681] {spark_submit.py:488} INFO - optional int32 favorite_count;
[2022-04-05 22:31:09,681] {spark_submit.py:488} INFO - optional int96 last_activity_date;
[2022-04-05 22:31:09,681] {spark_submit.py:488} INFO - optional int96 last_edit_date;
[2022-04-05 22:31:09,681] {spark_submit.py:488} INFO - optional binary last_editor_display_name (STRING);
[2022-04-05 22:31:09,681] {spark_submit.py:488} INFO - optional int32 last_editor_user_id;
[2022-04-05 22:31:09,681] {spark_submit.py:488} INFO - optional binary owner_display_name (STRING);
[2022-04-05 22:31:09,681] {spark_submit.py:488} INFO - optional int32 owner_user_id;
[2022-04-05 22:31:09,681] {spark_submit.py:488} INFO - optional int32 parent_id;
[2022-04-05 22:31:09,682] {spark_submit.py:488} INFO - optional int32 post_type_id;
[2022-04-05 22:31:09,682] {spark_submit.py:488} INFO - optional int32 score;
[2022-04-05 22:31:09,682] {spark_submit.py:488} INFO - optional binary tags (STRING);
[2022-04-05 22:31:09,682] {spark_submit.py:488} INFO - optional int32 view_count;
[2022-04-05 22:31:09,682] {spark_submit.py:488} INFO - optional int96 group_by_date;
[2022-04-05 22:31:09,682] {spark_submit.py:488} INFO - }
[2022-04-05 22:31:09,682] {spark_submit.py:488} INFO - 
[2022-04-05 22:31:09,682] {spark_submit.py:488} INFO - 
[2022-04-05 22:31:09,682] {spark_submit.py:488} INFO - 22/04/05 22:31:09 INFO ParquetWriteSupport: Initialized Parquet WriteSupport with Catalyst schema:
[2022-04-05 22:31:09,682] {spark_submit.py:488} INFO - {
[2022-04-05 22:31:09,682] {spark_submit.py:488} INFO - "type" : "struct",
[2022-04-05 22:31:09,683] {spark_submit.py:488} INFO - "fields" : [ {
[2022-04-05 22:31:09,683] {spark_submit.py:488} INFO - "name" : "id",
[2022-04-05 22:31:09,683] {spark_submit.py:488} INFO - "type" : "integer",
[2022-04-05 22:31:09,683] {spark_submit.py:488} INFO - "nullable" : true,
[2022-04-05 22:31:09,683] {spark_submit.py:488} INFO - "metadata" : { }
[2022-04-05 22:31:09,683] {spark_submit.py:488} INFO - }, {
[2022-04-05 22:31:09,683] {spark_submit.py:488} INFO - "name" : "title",
[2022-04-05 22:31:09,683] {spark_submit.py:488} INFO - "type" : "string",
[2022-04-05 22:31:09,683] {spark_submit.py:488} INFO - "nullable" : true,
[2022-04-05 22:31:09,683] {spark_submit.py:488} INFO - "metadata" : { }
[2022-04-05 22:31:09,683] {spark_submit.py:488} INFO - }, {
[2022-04-05 22:31:09,683] {spark_submit.py:488} INFO - "name" : "body",
[2022-04-05 22:31:09,683] {spark_submit.py:488} INFO - "type" : "string",
[2022-04-05 22:31:09,693] {spark_submit.py:488} INFO - "nullable" : true,
[2022-04-05 22:31:09,693] {spark_submit.py:488} INFO - "metadata" : { }
[2022-04-05 22:31:09,693] {spark_submit.py:488} INFO - }, {
[2022-04-05 22:31:09,693] {spark_submit.py:488} INFO - "name" : "accepted_answer_id",
[2022-04-05 22:31:09,693] {spark_submit.py:488} INFO - "type" : "integer",
[2022-04-05 22:31:09,693] {spark_submit.py:488} INFO - "nullable" : true,
[2022-04-05 22:31:09,693] {spark_submit.py:488} INFO - "metadata" : { }
[2022-04-05 22:31:09,693] {spark_submit.py:488} INFO - }, {
[2022-04-05 22:31:09,693] {spark_submit.py:488} INFO - "name" : "answer_count",
[2022-04-05 22:31:09,693] {spark_submit.py:488} INFO - "type" : "integer",
[2022-04-05 22:31:09,693] {spark_submit.py:488} INFO - "nullable" : true,
[2022-04-05 22:31:09,693] {spark_submit.py:488} INFO - "metadata" : { }
[2022-04-05 22:31:09,693] {spark_submit.py:488} INFO - }, {
[2022-04-05 22:31:09,693] {spark_submit.py:488} INFO - "name" : "comment_count",
[2022-04-05 22:31:09,694] {spark_submit.py:488} INFO - "type" : "integer",
[2022-04-05 22:31:09,694] {spark_submit.py:488} INFO - "nullable" : true,
[2022-04-05 22:31:09,694] {spark_submit.py:488} INFO - "metadata" : { }
[2022-04-05 22:31:09,694] {spark_submit.py:488} INFO - }, {
[2022-04-05 22:31:09,694] {spark_submit.py:488} INFO - "name" : "community_owned_date",
[2022-04-05 22:31:09,694] {spark_submit.py:488} INFO - "type" : "timestamp",
[2022-04-05 22:31:09,694] {spark_submit.py:488} INFO - "nullable" : true,
[2022-04-05 22:31:09,694] {spark_submit.py:488} INFO - "metadata" : { }
[2022-04-05 22:31:09,694] {spark_submit.py:488} INFO - }, {
[2022-04-05 22:31:09,694] {spark_submit.py:488} INFO - "name" : "creation_date",
[2022-04-05 22:31:09,695] {spark_submit.py:488} INFO - "type" : "timestamp",
[2022-04-05 22:31:09,695] {spark_submit.py:488} INFO - "nullable" : true,
[2022-04-05 22:31:09,695] {spark_submit.py:488} INFO - "metadata" : { }
[2022-04-05 22:31:09,695] {spark_submit.py:488} INFO - }, {
[2022-04-05 22:31:09,695] {spark_submit.py:488} INFO - "name" : "favorite_count",
[2022-04-05 22:31:09,695] {spark_submit.py:488} INFO - "type" : "integer",
[2022-04-05 22:31:09,695] {spark_submit.py:488} INFO - "nullable" : true,
[2022-04-05 22:31:09,695] {spark_submit.py:488} INFO - "metadata" : { }
[2022-04-05 22:31:09,695] {spark_submit.py:488} INFO - }, {
[2022-04-05 22:31:09,695] {spark_submit.py:488} INFO - "name" : "last_activity_date",
[2022-04-05 22:31:09,695] {spark_submit.py:488} INFO - "type" : "timestamp",
[2022-04-05 22:31:09,695] {spark_submit.py:488} INFO - "nullable" : true,
[2022-04-05 22:31:09,695] {spark_submit.py:488} INFO - "metadata" : { }
[2022-04-05 22:31:09,696] {spark_submit.py:488} INFO - }, {
[2022-04-05 22:31:09,696] {spark_submit.py:488} INFO - "name" : "last_edit_date",
[2022-04-05 22:31:09,696] {spark_submit.py:488} INFO - "type" : "timestamp",
[2022-04-05 22:31:09,696] {spark_submit.py:488} INFO - "nullable" : true,
[2022-04-05 22:31:09,696] {spark_submit.py:488} INFO - "metadata" : { }
[2022-04-05 22:31:09,696] {spark_submit.py:488} INFO - }, {
[2022-04-05 22:31:09,696] {spark_submit.py:488} INFO - "name" : "last_editor_display_name",
[2022-04-05 22:31:09,696] {spark_submit.py:488} INFO - "type" : "string",
[2022-04-05 22:31:09,696] {spark_submit.py:488} INFO - "nullable" : true,
[2022-04-05 22:31:09,696] {spark_submit.py:488} INFO - "metadata" : { }
[2022-04-05 22:31:09,696] {spark_submit.py:488} INFO - }, {
[2022-04-05 22:31:09,696] {spark_submit.py:488} INFO - "name" : "last_editor_user_id",
[2022-04-05 22:31:09,696] {spark_submit.py:488} INFO - "type" : "integer",
[2022-04-05 22:31:09,696] {spark_submit.py:488} INFO - "nullable" : true,
[2022-04-05 22:31:09,697] {spark_submit.py:488} INFO - "metadata" : { }
[2022-04-05 22:31:09,697] {spark_submit.py:488} INFO - }, {
[2022-04-05 22:31:09,697] {spark_submit.py:488} INFO - "name" : "owner_display_name",
[2022-04-05 22:31:09,697] {spark_submit.py:488} INFO - "type" : "string",
[2022-04-05 22:31:09,697] {spark_submit.py:488} INFO - "nullable" : true,
[2022-04-05 22:31:09,697] {spark_submit.py:488} INFO - "metadata" : { }
[2022-04-05 22:31:09,697] {spark_submit.py:488} INFO - }, {
[2022-04-05 22:31:09,697] {spark_submit.py:488} INFO - "name" : "owner_user_id",
[2022-04-05 22:31:09,697] {spark_submit.py:488} INFO - "type" : "integer",
[2022-04-05 22:31:09,697] {spark_submit.py:488} INFO - "nullable" : true,
[2022-04-05 22:31:09,697] {spark_submit.py:488} INFO - "metadata" : { }
[2022-04-05 22:31:09,697] {spark_submit.py:488} INFO - }, {
[2022-04-05 22:31:09,697] {spark_submit.py:488} INFO - "name" : "parent_id",
[2022-04-05 22:31:09,698] {spark_submit.py:488} INFO - "type" : "integer",
[2022-04-05 22:31:09,698] {spark_submit.py:488} INFO - "nullable" : true,
[2022-04-05 22:31:09,698] {spark_submit.py:488} INFO - "metadata" : { }
[2022-04-05 22:31:09,698] {spark_submit.py:488} INFO - }, {
[2022-04-05 22:31:09,698] {spark_submit.py:488} INFO - "name" : "post_type_id",
[2022-04-05 22:31:09,698] {spark_submit.py:488} INFO - "type" : "integer",
[2022-04-05 22:31:09,698] {spark_submit.py:488} INFO - "nullable" : true,
[2022-04-05 22:31:09,698] {spark_submit.py:488} INFO - "metadata" : { }
[2022-04-05 22:31:09,698] {spark_submit.py:488} INFO - }, {
[2022-04-05 22:31:09,698] {spark_submit.py:488} INFO - "name" : "score",
[2022-04-05 22:31:09,698] {spark_submit.py:488} INFO - "type" : "integer",
[2022-04-05 22:31:09,698] {spark_submit.py:488} INFO - "nullable" : true,
[2022-04-05 22:31:09,698] {spark_submit.py:488} INFO - "metadata" : { }
[2022-04-05 22:31:09,698] {spark_submit.py:488} INFO - }, {
[2022-04-05 22:31:09,698] {spark_submit.py:488} INFO - "name" : "tags",
[2022-04-05 22:31:09,699] {spark_submit.py:488} INFO - "type" : "string",
[2022-04-05 22:31:09,699] {spark_submit.py:488} INFO - "nullable" : true,
[2022-04-05 22:31:09,699] {spark_submit.py:488} INFO - "metadata" : { }
[2022-04-05 22:31:09,699] {spark_submit.py:488} INFO - }, {
[2022-04-05 22:31:09,699] {spark_submit.py:488} INFO - "name" : "view_count",
[2022-04-05 22:31:09,699] {spark_submit.py:488} INFO - "type" : "integer",
[2022-04-05 22:31:09,699] {spark_submit.py:488} INFO - "nullable" : true,
[2022-04-05 22:31:09,699] {spark_submit.py:488} INFO - "metadata" : { }
[2022-04-05 22:31:09,699] {spark_submit.py:488} INFO - }, {
[2022-04-05 22:31:09,699] {spark_submit.py:488} INFO - "name" : "group_by_date",
[2022-04-05 22:31:09,699] {spark_submit.py:488} INFO - "type" : "timestamp",
[2022-04-05 22:31:09,699] {spark_submit.py:488} INFO - "nullable" : true,
[2022-04-05 22:31:09,699] {spark_submit.py:488} INFO - "metadata" : { }
[2022-04-05 22:31:09,699] {spark_submit.py:488} INFO - } ]
[2022-04-05 22:31:09,710] {spark_submit.py:488} INFO - }
[2022-04-05 22:31:09,710] {spark_submit.py:488} INFO - and corresponding Parquet message type:
[2022-04-05 22:31:09,710] {spark_submit.py:488} INFO - message spark_schema {
[2022-04-05 22:31:09,711] {spark_submit.py:488} INFO - optional int32 id;
[2022-04-05 22:31:09,711] {spark_submit.py:488} INFO - optional binary title (STRING);
[2022-04-05 22:31:09,711] {spark_submit.py:488} INFO - optional binary body (STRING);
[2022-04-05 22:31:09,713] {spark_submit.py:488} INFO - optional int32 accepted_answer_id;
[2022-04-05 22:31:09,713] {spark_submit.py:488} INFO - optional int32 answer_count;
[2022-04-05 22:31:09,713] {spark_submit.py:488} INFO - optional int32 comment_count;
[2022-04-05 22:31:09,713] {spark_submit.py:488} INFO - optional int96 community_owned_date;
[2022-04-05 22:31:09,713] {spark_submit.py:488} INFO - optional int96 creation_date;
[2022-04-05 22:31:09,713] {spark_submit.py:488} INFO - optional int32 favorite_count;
[2022-04-05 22:31:09,713] {spark_submit.py:488} INFO - optional int96 last_activity_date;
[2022-04-05 22:31:09,713] {spark_submit.py:488} INFO - optional int96 last_edit_date;
[2022-04-05 22:31:09,713] {spark_submit.py:488} INFO - optional binary last_editor_display_name (STRING);
[2022-04-05 22:31:09,713] {spark_submit.py:488} INFO - optional int32 last_editor_user_id;
[2022-04-05 22:31:09,713] {spark_submit.py:488} INFO - optional binary owner_display_name (STRING);
[2022-04-05 22:31:09,713] {spark_submit.py:488} INFO - optional int32 owner_user_id;
[2022-04-05 22:31:09,714] {spark_submit.py:488} INFO - optional int32 parent_id;
[2022-04-05 22:31:09,714] {spark_submit.py:488} INFO - optional int32 post_type_id;
[2022-04-05 22:31:09,714] {spark_submit.py:488} INFO - optional int32 score;
[2022-04-05 22:31:09,714] {spark_submit.py:488} INFO - optional binary tags (STRING);
[2022-04-05 22:31:09,714] {spark_submit.py:488} INFO - optional int32 view_count;
[2022-04-05 22:31:09,717] {spark_submit.py:488} INFO - optional int96 group_by_date;
[2022-04-05 22:31:09,719] {spark_submit.py:488} INFO - }
[2022-04-05 22:31:09,719] {spark_submit.py:488} INFO - 
[2022-04-05 22:31:09,719] {spark_submit.py:488} INFO - 
[2022-04-05 22:31:10,488] {spark_submit.py:488} INFO - 22/04/05 22:31:10 INFO CodecPool: Got brand-new compressor [.snappy]
[2022-04-05 22:31:10,500] {spark_submit.py:488} INFO - 22/04/05 22:31:10 INFO CodecPool: Got brand-new compressor [.snappy]
[2022-04-05 22:31:10,500] {spark_submit.py:488} INFO - 22/04/05 22:31:10 INFO CodecPool: Got brand-new compressor [.snappy]
[2022-04-05 22:31:10,500] {spark_submit.py:488} INFO - 22/04/05 22:31:10 INFO CodecPool: Got brand-new compressor [.snappy]
[2022-04-05 22:31:11,086] {spark_submit.py:488} INFO - 22/04/05 22:31:11 INFO BlockManagerInfo: Removed broadcast_2_piece0 on 9fe4286b2855:41439 in memory (size: 10.4 KiB, free: 434.3 MiB)
[2022-04-05 22:31:13,588] {spark_submit.py:488} INFO - 22/04/05 22:31:13 INFO GoogleCloudStorageFileSystem: Successfully repaired 'gs://dtc_data_lake_de-stack-overflow/BigQuery/posts_questions-2008-10/_temporary/0/_temporary/' directory.
[2022-04-05 22:31:13,588] {spark_submit.py:488} INFO - 22/04/05 22:31:13 INFO FileOutputCommitter: Saved output of task 'attempt_202204052231074185433913258988277_0003_m_000000_3' to gs://dtc_data_lake_de-stack-overflow/BigQuery/posts_questions-2008-10/_temporary/0/task_202204052231074185433913258988277_0003_m_000000
[2022-04-05 22:31:13,589] {spark_submit.py:488} INFO - 22/04/05 22:31:13 INFO SparkHadoopMapRedUtil: attempt_202204052231074185433913258988277_0003_m_000000_3: Committed
[2022-04-05 22:31:13,609] {spark_submit.py:488} INFO - 22/04/05 22:31:13 INFO GoogleCloudStorageImpl: Ignoring exception of type GoogleJsonResponseException; verified object already exists with desired state.
[2022-04-05 22:31:13,609] {spark_submit.py:488} INFO - 22/04/05 22:31:13 INFO GoogleCloudStorageImpl: Ignoring exception of type GoogleJsonResponseException; verified object already exists with desired state.
[2022-04-05 22:31:13,610] {spark_submit.py:488} INFO - 22/04/05 22:31:13 INFO GoogleCloudStorageFileSystem: Successfully repaired 'gs://dtc_data_lake_de-stack-overflow/BigQuery/posts_questions-2008-10/_temporary/0/_temporary/' directory.
[2022-04-05 22:31:13,610] {spark_submit.py:488} INFO - 22/04/05 22:31:13 INFO FileOutputCommitter: Saved output of task 'attempt_202204052231076511169648483307711_0003_m_000003_6' to gs://dtc_data_lake_de-stack-overflow/BigQuery/posts_questions-2008-10/_temporary/0/task_202204052231076511169648483307711_0003_m_000003
[2022-04-05 22:31:13,610] {spark_submit.py:488} INFO - 22/04/05 22:31:13 INFO GoogleCloudStorageImpl: Ignoring exception of type GoogleJsonResponseException; verified object already exists with desired state.
[2022-04-05 22:31:13,611] {spark_submit.py:488} INFO - 22/04/05 22:31:13 INFO GoogleCloudStorageFileSystem: Successfully repaired 'gs://dtc_data_lake_de-stack-overflow/BigQuery/posts_questions-2008-10/_temporary/0/_temporary/' directory.
[2022-04-05 22:31:13,611] {spark_submit.py:488} INFO - 22/04/05 22:31:13 INFO FileOutputCommitter: Saved output of task 'attempt_202204052231073098958138346718018_0003_m_000002_5' to gs://dtc_data_lake_de-stack-overflow/BigQuery/posts_questions-2008-10/_temporary/0/task_202204052231073098958138346718018_0003_m_000002
[2022-04-05 22:31:13,611] {spark_submit.py:488} INFO - 22/04/05 22:31:13 INFO GoogleCloudStorageFileSystem: Successfully repaired 'gs://dtc_data_lake_de-stack-overflow/BigQuery/posts_questions-2008-10/_temporary/0/_temporary/' directory.
[2022-04-05 22:31:13,611] {spark_submit.py:488} INFO - 22/04/05 22:31:13 INFO FileOutputCommitter: Saved output of task 'attempt_202204052231075282439977363211668_0003_m_000001_4' to gs://dtc_data_lake_de-stack-overflow/BigQuery/posts_questions-2008-10/_temporary/0/task_202204052231075282439977363211668_0003_m_000001
[2022-04-05 22:31:13,612] {spark_submit.py:488} INFO - 22/04/05 22:31:13 INFO SparkHadoopMapRedUtil: attempt_202204052231073098958138346718018_0003_m_000002_5: Committed
[2022-04-05 22:31:13,614] {spark_submit.py:488} INFO - 22/04/05 22:31:13 INFO SparkHadoopMapRedUtil: attempt_202204052231076511169648483307711_0003_m_000003_6: Committed
[2022-04-05 22:31:13,614] {spark_submit.py:488} INFO - 22/04/05 22:31:13 INFO SparkHadoopMapRedUtil: attempt_202204052231075282439977363211668_0003_m_000001_4: Committed
[2022-04-05 22:31:13,632] {spark_submit.py:488} INFO - 22/04/05 22:31:13 INFO Executor: Finished task 3.0 in stage 3.0 (TID 6). 3526 bytes result sent to driver
[2022-04-05 22:31:13,633] {spark_submit.py:488} INFO - 22/04/05 22:31:13 INFO Executor: Finished task 0.0 in stage 3.0 (TID 3). 3526 bytes result sent to driver
[2022-04-05 22:31:13,634] {spark_submit.py:488} INFO - 22/04/05 22:31:13 INFO Executor: Finished task 1.0 in stage 3.0 (TID 4). 3526 bytes result sent to driver
[2022-04-05 22:31:13,637] {spark_submit.py:488} INFO - 22/04/05 22:31:13 INFO TaskSetManager: Finished task 3.0 in stage 3.0 (TID 6) in 4772 ms on 9fe4286b2855 (executor driver) (1/4)
[2022-04-05 22:31:13,638] {spark_submit.py:488} INFO - 22/04/05 22:31:13 INFO TaskSetManager: Finished task 0.0 in stage 3.0 (TID 3) in 4779 ms on 9fe4286b2855 (executor driver) (2/4)
[2022-04-05 22:31:13,642] {spark_submit.py:488} INFO - 22/04/05 22:31:13 INFO TaskSetManager: Finished task 1.0 in stage 3.0 (TID 4) in 4779 ms on 9fe4286b2855 (executor driver) (3/4)
[2022-04-05 22:31:13,648] {spark_submit.py:488} INFO - 22/04/05 22:31:13 INFO Executor: Finished task 2.0 in stage 3.0 (TID 5). 3526 bytes result sent to driver
[2022-04-05 22:31:13,651] {spark_submit.py:488} INFO - 22/04/05 22:31:13 INFO TaskSetManager: Finished task 2.0 in stage 3.0 (TID 5) in 4787 ms on 9fe4286b2855 (executor driver) (4/4)
[2022-04-05 22:31:13,652] {spark_submit.py:488} INFO - 22/04/05 22:31:13 INFO TaskSchedulerImpl: Removed TaskSet 3.0, whose tasks have all completed, from pool
[2022-04-05 22:31:13,658] {spark_submit.py:488} INFO - 22/04/05 22:31:13 INFO DAGScheduler: ResultStage 3 (save at NativeMethodAccessorImpl.java:0) finished in 5.281 s
[2022-04-05 22:31:13,659] {spark_submit.py:488} INFO - 22/04/05 22:31:13 INFO DAGScheduler: Job 2 is finished. Cancelling potential speculative or zombie tasks for this job
[2022-04-05 22:31:13,659] {spark_submit.py:488} INFO - 22/04/05 22:31:13 INFO TaskSchedulerImpl: Killing all running tasks in stage 3: Stage finished
[2022-04-05 22:31:13,661] {spark_submit.py:488} INFO - 22/04/05 22:31:13 INFO DAGScheduler: Job 2 finished: save at NativeMethodAccessorImpl.java:0, took 5.399028 s
[2022-04-05 22:31:13,664] {spark_submit.py:488} INFO - 22/04/05 22:31:13 INFO FileFormatWriter: Start to commit write Job f6235d86-074e-442a-bbe4-eaa4c711b2aa.
[2022-04-05 22:31:14,021] {spark_submit.py:488} INFO - 22/04/05 22:31:14 INFO GoogleCloudStorageFileSystem: Successfully repaired 'gs://dtc_data_lake_de-stack-overflow/BigQuery/posts_questions-2008-10/_temporary/0/task_202204052231073098958138346718018_0003_m_000002/' directory.
[2022-04-05 22:31:14,289] {spark_submit.py:488} INFO - 22/04/05 22:31:14 INFO GoogleCloudStorageFileSystem: Successfully repaired 'gs://dtc_data_lake_de-stack-overflow/BigQuery/posts_questions-2008-10/_temporary/0/task_202204052231074185433913258988277_0003_m_000000/' directory.
[2022-04-05 22:31:14,541] {spark_submit.py:488} INFO - 22/04/05 22:31:14 INFO GoogleCloudStorageFileSystem: Successfully repaired 'gs://dtc_data_lake_de-stack-overflow/BigQuery/posts_questions-2008-10/_temporary/0/task_202204052231075282439977363211668_0003_m_000001/' directory.
[2022-04-05 22:31:14,792] {spark_submit.py:488} INFO - 22/04/05 22:31:14 INFO GoogleCloudStorageFileSystem: Successfully repaired 'gs://dtc_data_lake_de-stack-overflow/BigQuery/posts_questions-2008-10/_temporary/0/task_202204052231076511169648483307711_0003_m_000003/' directory.
[2022-04-05 22:31:14,947] {spark_submit.py:488} INFO - 22/04/05 22:31:14 INFO GoogleCloudStorageFileSystem: Successfully repaired 'gs://dtc_data_lake_de-stack-overflow/BigQuery/posts_questions-2008-10/' directory.
[2022-04-05 22:31:15,143] {spark_submit.py:488} INFO - 22/04/05 22:31:15 INFO FileFormatWriter: Write Job f6235d86-074e-442a-bbe4-eaa4c711b2aa committed. Elapsed time: 1477 ms.
[2022-04-05 22:31:15,149] {spark_submit.py:488} INFO - 22/04/05 22:31:15 INFO FileFormatWriter: Finished processing stats for write job f6235d86-074e-442a-bbe4-eaa4c711b2aa.
[2022-04-05 22:31:15,231] {spark_submit.py:488} INFO - 22/04/05 22:31:15 INFO SparkContext: Invoking stop() from shutdown hook
[2022-04-05 22:31:15,241] {spark_submit.py:488} INFO - 22/04/05 22:31:15 INFO SparkUI: Stopped Spark web UI at http://9fe4286b2855:4045
[2022-04-05 22:31:15,263] {spark_submit.py:488} INFO - 22/04/05 22:31:15 INFO MapOutputTrackerMasterEndpoint: MapOutputTrackerMasterEndpoint stopped!
[2022-04-05 22:31:15,281] {spark_submit.py:488} INFO - 22/04/05 22:31:15 INFO MemoryStore: MemoryStore cleared
[2022-04-05 22:31:15,282] {spark_submit.py:488} INFO - 22/04/05 22:31:15 INFO BlockManager: BlockManager stopped
[2022-04-05 22:31:15,285] {spark_submit.py:488} INFO - 22/04/05 22:31:15 INFO BlockManagerMaster: BlockManagerMaster stopped
[2022-04-05 22:31:15,288] {spark_submit.py:488} INFO - 22/04/05 22:31:15 INFO OutputCommitCoordinator$OutputCommitCoordinatorEndpoint: OutputCommitCoordinator stopped!
[2022-04-05 22:31:15,305] {spark_submit.py:488} INFO - 22/04/05 22:31:15 INFO SparkContext: Successfully stopped SparkContext
[2022-04-05 22:31:15,305] {spark_submit.py:488} INFO - 22/04/05 22:31:15 INFO ShutdownHookManager: Shutdown hook called
[2022-04-05 22:31:15,306] {spark_submit.py:488} INFO - 22/04/05 22:31:15 INFO ShutdownHookManager: Deleting directory /tmp/spark-0e3d342d-e6bc-4a4e-bb29-d3eacae28d2f
[2022-04-05 22:31:15,312] {spark_submit.py:488} INFO - 22/04/05 22:31:15 INFO ShutdownHookManager: Deleting directory /tmp/spark-9e7d4640-4fc8-4f69-8222-b46655a57c93
[2022-04-05 22:31:15,317] {spark_submit.py:488} INFO - 22/04/05 22:31:15 INFO ShutdownHookManager: Deleting directory /tmp/spark-0e3d342d-e6bc-4a4e-bb29-d3eacae28d2f/pyspark-f7b3952e-5f3b-4485-8097-723433b8e0ac
[2022-04-05 22:31:15,439] {taskinstance.py:1288} INFO - Marking task as SUCCESS. dag_id=IngestToGCP, task_id=processing_tasks_posts_questions.spark_job, execution_date=20081001T000000, start_date=20220405T222917, end_date=20220405T223115
[2022-04-05 22:31:15,506] {local_task_job.py:154} INFO - Task exited with return code 0
[2022-04-05 22:31:15,554] {local_task_job.py:264} INFO - 1 downstream tasks scheduled from follow-on schedule check
