[2022-04-06 01:12:08,900] {taskinstance.py:1043} INFO - Dependencies all met for <TaskInstance: IngestToGCP.processing_tasks_badges.download_files_badges scheduled__2015-06-01T00:00:00+00:00 [queued]>
[2022-04-06 01:12:09,316] {taskinstance.py:1043} INFO - Dependencies all met for <TaskInstance: IngestToGCP.processing_tasks_badges.download_files_badges scheduled__2015-06-01T00:00:00+00:00 [queued]>
[2022-04-06 01:12:09,316] {taskinstance.py:1249} INFO - 
--------------------------------------------------------------------------------
[2022-04-06 01:12:09,340] {taskinstance.py:1250} INFO - Starting attempt 1 of 1
[2022-04-06 01:12:09,340] {taskinstance.py:1251} INFO - 
--------------------------------------------------------------------------------
[2022-04-06 01:12:09,657] {taskinstance.py:1270} INFO - Executing <Task(BashOperator): processing_tasks_badges.download_files_badges> on 2015-06-01 00:00:00+00:00
[2022-04-06 01:12:09,745] {standard_task_runner.py:52} INFO - Started process 123133 to run task
[2022-04-06 01:12:09,800] {standard_task_runner.py:79} INFO - Running: ['***', 'tasks', 'run', 'IngestToGCP', 'processing_tasks_badges.download_files_badges', 'scheduled__2015-06-01T00:00:00+00:00', '--job-id', '10316', '--raw', '--subdir', 'DAGS_FOLDER/ingest_dag.py', '--cfg-path', '/tmp/tmplc4x2sft', '--error-file', '/tmp/tmp4ddv3okx']
[2022-04-06 01:12:09,802] {standard_task_runner.py:80} INFO - Job 10316: Subtask processing_tasks_badges.download_files_badges
[2022-04-06 01:12:10,367] {logging_mixin.py:109} INFO - Running <TaskInstance: IngestToGCP.processing_tasks_badges.download_files_badges scheduled__2015-06-01T00:00:00+00:00 [running]> on host 9fe4286b2855
[2022-04-06 01:12:11,430] {logging_mixin.py:109} WARNING - /home/***/.local/lib/python3.7/site-packages/***/utils/context.py:156 AirflowContextDeprecationWarning: Accessing 'execution_date' from the template is deprecated and will be removed in a future version. Please use 'data_interval_start' or 'logical_date' instead.
[2022-04-06 01:12:11,535] {taskinstance.py:1448} INFO - Exporting the following env vars:
AIRFLOW_CTX_DAG_OWNER=***
AIRFLOW_CTX_DAG_ID=IngestToGCP
AIRFLOW_CTX_TASK_ID=processing_tasks_badges.download_files_badges
AIRFLOW_CTX_EXECUTION_DATE=2015-06-01T00:00:00+00:00
AIRFLOW_CTX_DAG_RUN_ID=scheduled__2015-06-01T00:00:00+00:00
[2022-04-06 01:12:11,537] {subprocess.py:62} INFO - Tmp dir root location: 
 /tmp
[2022-04-06 01:12:11,537] {subprocess.py:74} INFO - Running command: ['bash', '-c', 'curl -A "Mozilla Chrome Safari" -sSfl --connect-timeout 5                     --retry 5                     https://storage.googleapis.com/dtc_data_lake_de-stack-overflow/processed/badges-2015-06.csv > /opt/***/badges-2015-06.csv']
[2022-04-06 01:12:11,561] {subprocess.py:85} INFO - Output:
[2022-04-06 01:12:13,702] {subprocess.py:93} INFO - Command exited with return code 0
[2022-04-06 01:12:13,929] {taskinstance.py:1288} INFO - Marking task as SUCCESS. dag_id=IngestToGCP, task_id=processing_tasks_badges.download_files_badges, execution_date=20150601T000000, start_date=20220406T011208, end_date=20220406T011213
[2022-04-06 01:12:14,254] {local_task_job.py:154} INFO - Task exited with return code 0
[2022-04-06 01:12:17,363] {local_task_job.py:264} INFO - 0 downstream tasks scheduled from follow-on schedule check
