[2022-04-06 00:10:39,086] {taskinstance.py:1043} INFO - Dependencies all met for <TaskInstance: IngestToGCP.processing_tasks_badges.format_to_parquet_badges scheduled__2013-01-01T00:00:00+00:00 [queued]>
[2022-04-06 00:10:39,300] {taskinstance.py:1043} INFO - Dependencies all met for <TaskInstance: IngestToGCP.processing_tasks_badges.format_to_parquet_badges scheduled__2013-01-01T00:00:00+00:00 [queued]>
[2022-04-06 00:10:39,300] {taskinstance.py:1249} INFO - 
--------------------------------------------------------------------------------
[2022-04-06 00:10:39,300] {taskinstance.py:1250} INFO - Starting attempt 1 of 1
[2022-04-06 00:10:39,300] {taskinstance.py:1251} INFO - 
--------------------------------------------------------------------------------
[2022-04-06 00:10:39,502] {taskinstance.py:1270} INFO - Executing <Task(PythonOperator): processing_tasks_badges.format_to_parquet_badges> on 2013-01-01 00:00:00+00:00
[2022-04-06 00:10:39,620] {standard_task_runner.py:52} INFO - Started process 79767 to run task
[2022-04-06 00:10:39,711] {standard_task_runner.py:79} INFO - Running: ['***', 'tasks', 'run', 'IngestToGCP', 'processing_tasks_badges.format_to_parquet_badges', 'scheduled__2013-01-01T00:00:00+00:00', '--job-id', '9633', '--raw', '--subdir', 'DAGS_FOLDER/ingest_dag.py', '--cfg-path', '/tmp/tmpxam7x3xm', '--error-file', '/tmp/tmpy8qfkz7a']
[2022-04-06 00:10:39,713] {standard_task_runner.py:80} INFO - Job 9633: Subtask processing_tasks_badges.format_to_parquet_badges
[2022-04-06 00:10:40,326] {logging_mixin.py:109} INFO - Running <TaskInstance: IngestToGCP.processing_tasks_badges.format_to_parquet_badges scheduled__2013-01-01T00:00:00+00:00 [running]> on host 9fe4286b2855
[2022-04-06 00:10:40,867] {logging_mixin.py:109} WARNING - /home/***/.local/lib/python3.7/site-packages/***/utils/context.py:156 AirflowContextDeprecationWarning: Accessing 'execution_date' from the template is deprecated and will be removed in a future version. Please use 'data_interval_start' or 'logical_date' instead.
[2022-04-06 00:10:41,065] {taskinstance.py:1448} INFO - Exporting the following env vars:
AIRFLOW_CTX_DAG_OWNER=***
AIRFLOW_CTX_DAG_ID=IngestToGCP
AIRFLOW_CTX_TASK_ID=processing_tasks_badges.format_to_parquet_badges
AIRFLOW_CTX_EXECUTION_DATE=2013-01-01T00:00:00+00:00
AIRFLOW_CTX_DAG_RUN_ID=scheduled__2013-01-01T00:00:00+00:00
[2022-04-06 00:10:47,268] {python.py:175} INFO - Done. Returned value was: None
[2022-04-06 00:10:47,450] {taskinstance.py:1288} INFO - Marking task as SUCCESS. dag_id=IngestToGCP, task_id=processing_tasks_badges.format_to_parquet_badges, execution_date=20130101T000000, start_date=20220406T001039, end_date=20220406T001047
[2022-04-06 00:10:47,646] {local_task_job.py:154} INFO - Task exited with return code 0
[2022-04-06 00:10:48,035] {local_task_job.py:264} INFO - 1 downstream tasks scheduled from follow-on schedule check
