[2022-04-07 19:22:51,964] {taskinstance.py:1043} INFO - Dependencies all met for <TaskInstance: load_to_BigQuery.create_external_posts_questions.bq_create_posts_questions_stack_overflow_data_partitioned_table_task scheduled__2015-10-01T00:00:00+00:00 [queued]>
[2022-04-07 19:22:52,048] {taskinstance.py:1043} INFO - Dependencies all met for <TaskInstance: load_to_BigQuery.create_external_posts_questions.bq_create_posts_questions_stack_overflow_data_partitioned_table_task scheduled__2015-10-01T00:00:00+00:00 [queued]>
[2022-04-07 19:22:52,049] {taskinstance.py:1249} INFO - 
--------------------------------------------------------------------------------
[2022-04-07 19:22:52,076] {taskinstance.py:1250} INFO - Starting attempt 1 of 1
[2022-04-07 19:22:52,077] {taskinstance.py:1251} INFO - 
--------------------------------------------------------------------------------
[2022-04-07 19:22:53,255] {taskinstance.py:1270} INFO - Executing <Task(BigQueryInsertJobOperator): create_external_posts_questions.bq_create_posts_questions_stack_overflow_data_partitioned_table_task> on 2015-10-01 00:00:00+00:00
[2022-04-07 19:22:53,299] {standard_task_runner.py:52} INFO - Started process 3044 to run task
[2022-04-07 19:22:53,371] {standard_task_runner.py:79} INFO - Running: ['***', 'tasks', 'run', 'load_to_BigQuery', 'create_external_posts_questions.bq_create_posts_questions_stack_overflow_data_partitioned_table_task', 'scheduled__2015-10-01T00:00:00+00:00', '--job-id', '12764', '--raw', '--subdir', 'DAGS_FOLDER/load_to_BigQuery_dag.py', '--cfg-path', '/tmp/tmpykooyna4', '--error-file', '/tmp/tmp7eng869w']
[2022-04-07 19:22:53,381] {standard_task_runner.py:80} INFO - Job 12764: Subtask create_external_posts_questions.bq_create_posts_questions_stack_overflow_data_partitioned_table_task
[2022-04-07 19:22:53,953] {logging_mixin.py:109} INFO - Running <TaskInstance: load_to_BigQuery.create_external_posts_questions.bq_create_posts_questions_stack_overflow_data_partitioned_table_task scheduled__2015-10-01T00:00:00+00:00 [running]> on host 2c54f2187010
[2022-04-07 19:22:54,156] {taskinstance.py:1448} INFO - Exporting the following env vars:
AIRFLOW_CTX_DAG_OWNER=***
AIRFLOW_CTX_DAG_ID=load_to_BigQuery
AIRFLOW_CTX_TASK_ID=create_external_posts_questions.bq_create_posts_questions_stack_overflow_data_partitioned_table_task
AIRFLOW_CTX_EXECUTION_DATE=2015-10-01T00:00:00+00:00
AIRFLOW_CTX_DAG_RUN_ID=scheduled__2015-10-01T00:00:00+00:00
[2022-04-07 19:22:54,169] {crypto.py:82} WARNING - empty cryptography key - values will not be stored encrypted.
[2022-04-07 19:22:54,227] {logging_mixin.py:109} WARNING - /home/***/.local/lib/python3.7/site-packages/***/utils/context.py:156 AirflowContextDeprecationWarning: Accessing 'execution_date' from the template is deprecated and will be removed in a future version. Please use 'data_interval_start' or 'logical_date' instead.
[2022-04-07 19:22:54,279] {bigquery.py:1554} INFO - Inserting job ***_load_to_BigQuery_create_external_posts_questions_bq_create_posts_questions_stack_overflow_data_partitioned_table_task_2015_10_01T00_00_00_00_00_59bceae6bc6acbd885f9fb7a85ce5b13
[2022-04-07 19:22:54,927] {taskinstance.py:1774} ERROR - Task failed with exception
Traceback (most recent call last):
  File "/home/airflow/.local/lib/python3.7/site-packages/airflow/providers/google/cloud/operators/bigquery.py", line 2153, in execute
    job = self._submit_job(hook, job_id)
  File "/home/airflow/.local/lib/python3.7/site-packages/airflow/providers/google/cloud/operators/bigquery.py", line 2119, in _submit_job
    retry=self.result_retry,
  File "/home/airflow/.local/lib/python3.7/site-packages/airflow/providers/google/common/hooks/base_google.py", line 439, in inner_wrapper
    return func(self, *args, **kwargs)
  File "/home/airflow/.local/lib/python3.7/site-packages/airflow/providers/google/cloud/hooks/bigquery.py", line 1560, in insert_job
    job.result(timeout=timeout, retry=retry)
  File "/home/airflow/.local/lib/python3.7/site-packages/google/cloud/bigquery/job/query.py", line 1498, in result
    do_get_result()
  File "/home/airflow/.local/lib/python3.7/site-packages/google/cloud/bigquery/job/query.py", line 1488, in do_get_result
    super(QueryJob, self).result(retry=retry, timeout=timeout)
  File "/home/airflow/.local/lib/python3.7/site-packages/google/cloud/bigquery/job/base.py", line 728, in result
    return super(_AsyncJob, self).result(timeout=timeout, **kwargs)
  File "/home/airflow/.local/lib/python3.7/site-packages/google/api_core/future/polling.py", line 135, in result
    raise self._exception
google.api_core.exceptions.BadRequest: 400 Could not cast literal "creation_date" to type TIMESTAMP at [1:111]

Location: us-central1
Job ID: airflow_load_to_BigQuery_create_external_posts_questions_bq_create_posts_questions_stack_overflow_data_partitioned_table_task_2015_10_01T00_00_00_00_00_59bceae6bc6acbd885f9fb7a85ce5b13

[2022-04-07 19:22:54,981] {taskinstance.py:1288} INFO - Marking task as FAILED. dag_id=load_to_BigQuery, task_id=create_external_posts_questions.bq_create_posts_questions_stack_overflow_data_partitioned_table_task, execution_date=20151001T000000, start_date=20220407T192251, end_date=20220407T192254
[2022-04-07 19:22:55,057] {standard_task_runner.py:98} ERROR - Failed to execute job 12764 for task create_external_posts_questions.bq_create_posts_questions_stack_overflow_data_partitioned_table_task (400 Could not cast literal "creation_date" to type TIMESTAMP at [1:111]

Location: us-central1
Job ID: airflow_load_to_BigQuery_create_external_posts_questions_bq_create_posts_questions_stack_overflow_data_partitioned_table_task_2015_10_01T00_00_00_00_00_59bceae6bc6acbd885f9fb7a85ce5b13
; 3044)
[2022-04-07 19:22:55,128] {local_task_job.py:154} INFO - Task exited with return code 1
[2022-04-07 19:22:55,251] {local_task_job.py:264} INFO - 0 downstream tasks scheduled from follow-on schedule check
[2022-04-07 22:16:11,728] {taskinstance.py:1043} INFO - Dependencies all met for <TaskInstance: load_to_BigQuery.create_external_posts_questions.bq_create_posts_questions_stack_overflow_data_partitioned_table_task scheduled__2015-10-01T00:00:00+00:00 [queued]>
[2022-04-07 22:16:11,814] {taskinstance.py:1043} INFO - Dependencies all met for <TaskInstance: load_to_BigQuery.create_external_posts_questions.bq_create_posts_questions_stack_overflow_data_partitioned_table_task scheduled__2015-10-01T00:00:00+00:00 [queued]>
[2022-04-07 22:16:11,815] {taskinstance.py:1249} INFO - 
--------------------------------------------------------------------------------
[2022-04-07 22:16:11,815] {taskinstance.py:1250} INFO - Starting attempt 1 of 1
[2022-04-07 22:16:11,815] {taskinstance.py:1251} INFO - 
--------------------------------------------------------------------------------
[2022-04-07 22:16:12,285] {taskinstance.py:1270} INFO - Executing <Task(BigQueryInsertJobOperator): create_external_posts_questions.bq_create_posts_questions_stack_overflow_data_partitioned_table_task> on 2015-10-01 00:00:00+00:00
[2022-04-07 22:16:12,304] {standard_task_runner.py:52} INFO - Started process 5284 to run task
[2022-04-07 22:16:12,356] {standard_task_runner.py:79} INFO - Running: ['***', 'tasks', 'run', 'load_to_BigQuery', 'create_external_posts_questions.bq_create_posts_questions_stack_overflow_data_partitioned_table_task', 'scheduled__2015-10-01T00:00:00+00:00', '--job-id', '14015', '--raw', '--subdir', 'DAGS_FOLDER/load_to_BigQuery_dag.py', '--cfg-path', '/tmp/tmp9zsz3pl2', '--error-file', '/tmp/tmplyhdyvol']
[2022-04-07 22:16:12,358] {standard_task_runner.py:80} INFO - Job 14015: Subtask create_external_posts_questions.bq_create_posts_questions_stack_overflow_data_partitioned_table_task
[2022-04-07 22:16:12,818] {logging_mixin.py:109} INFO - Running <TaskInstance: load_to_BigQuery.create_external_posts_questions.bq_create_posts_questions_stack_overflow_data_partitioned_table_task scheduled__2015-10-01T00:00:00+00:00 [running]> on host 36107d30f64e
[2022-04-07 22:16:13,238] {taskinstance.py:1448} INFO - Exporting the following env vars:
AIRFLOW_CTX_DAG_OWNER=***
AIRFLOW_CTX_DAG_ID=load_to_BigQuery
AIRFLOW_CTX_TASK_ID=create_external_posts_questions.bq_create_posts_questions_stack_overflow_data_partitioned_table_task
AIRFLOW_CTX_EXECUTION_DATE=2015-10-01T00:00:00+00:00
AIRFLOW_CTX_DAG_RUN_ID=scheduled__2015-10-01T00:00:00+00:00
[2022-04-07 22:16:13,241] {crypto.py:82} WARNING - empty cryptography key - values will not be stored encrypted.
[2022-04-07 22:16:13,268] {logging_mixin.py:109} WARNING - /home/***/.local/lib/python3.7/site-packages/***/utils/context.py:156 AirflowContextDeprecationWarning: Accessing 'execution_date' from the template is deprecated and will be removed in a future version. Please use 'data_interval_start' or 'logical_date' instead.
[2022-04-07 22:16:13,335] {bigquery.py:1554} INFO - Inserting job ***_load_to_BigQuery_create_external_posts_questions_bq_create_posts_questions_stack_overflow_data_partitioned_table_task_2015_10_01T00_00_00_00_00_d5e368a8e2796e61b99243053fff6e4a
[2022-04-07 22:16:17,148] {taskinstance.py:1288} INFO - Marking task as SUCCESS. dag_id=load_to_BigQuery, task_id=create_external_posts_questions.bq_create_posts_questions_stack_overflow_data_partitioned_table_task, execution_date=20151001T000000, start_date=20220407T221611, end_date=20220407T221617
[2022-04-07 22:16:17,183] {local_task_job.py:154} INFO - Task exited with return code 0
[2022-04-07 22:16:17,251] {local_task_job.py:264} INFO - 0 downstream tasks scheduled from follow-on schedule check
