[2022-04-05 23:18:55,704] {taskinstance.py:1043} INFO - Dependencies all met for <TaskInstance: IngestToGCP.processing_tasks_posts_answers.ingest_posts_answers_to_bucket scheduled__2010-12-01T00:00:00+00:00 [queued]>
[2022-04-05 23:18:55,891] {taskinstance.py:1043} INFO - Dependencies all met for <TaskInstance: IngestToGCP.processing_tasks_posts_answers.ingest_posts_answers_to_bucket scheduled__2010-12-01T00:00:00+00:00 [queued]>
[2022-04-05 23:18:55,892] {taskinstance.py:1249} INFO - 
--------------------------------------------------------------------------------
[2022-04-05 23:18:55,892] {taskinstance.py:1250} INFO - Starting attempt 1 of 1
[2022-04-05 23:18:55,892] {taskinstance.py:1251} INFO - 
--------------------------------------------------------------------------------
[2022-04-05 23:18:56,085] {taskinstance.py:1270} INFO - Executing <Task(PythonOperator): processing_tasks_posts_answers.ingest_posts_answers_to_bucket> on 2010-12-01 00:00:00+00:00
[2022-04-05 23:18:56,150] {standard_task_runner.py:52} INFO - Started process 42364 to run task
[2022-04-05 23:18:56,221] {standard_task_runner.py:79} INFO - Running: ['***', 'tasks', 'run', 'IngestToGCP', 'processing_tasks_posts_answers.ingest_posts_answers_to_bucket', 'scheduled__2010-12-01T00:00:00+00:00', '--job-id', '9046', '--raw', '--subdir', 'DAGS_FOLDER/ingest_dag.py', '--cfg-path', '/tmp/tmpit5kvn9x', '--error-file', '/tmp/tmpdqi85l0v']
[2022-04-05 23:18:56,223] {standard_task_runner.py:80} INFO - Job 9046: Subtask processing_tasks_posts_answers.ingest_posts_answers_to_bucket
[2022-04-05 23:18:56,668] {logging_mixin.py:109} INFO - Running <TaskInstance: IngestToGCP.processing_tasks_posts_answers.ingest_posts_answers_to_bucket scheduled__2010-12-01T00:00:00+00:00 [running]> on host 9fe4286b2855
[2022-04-05 23:18:57,394] {logging_mixin.py:109} WARNING - /home/***/.local/lib/python3.7/site-packages/***/utils/context.py:156 AirflowContextDeprecationWarning: Accessing 'execution_date' from the template is deprecated and will be removed in a future version. Please use 'data_interval_start' or 'logical_date' instead.
[2022-04-05 23:18:57,648] {taskinstance.py:1448} INFO - Exporting the following env vars:
AIRFLOW_CTX_DAG_OWNER=***
AIRFLOW_CTX_DAG_ID=IngestToGCP
AIRFLOW_CTX_TASK_ID=processing_tasks_posts_answers.ingest_posts_answers_to_bucket
AIRFLOW_CTX_EXECUTION_DATE=2010-12-01T00:00:00+00:00
AIRFLOW_CTX_DAG_RUN_ID=scheduled__2010-12-01T00:00:00+00:00
[2022-04-05 23:19:01,615] {python.py:175} INFO - Done. Returned value was: None
[2022-04-05 23:19:03,049] {taskinstance.py:1288} INFO - Marking task as SUCCESS. dag_id=IngestToGCP, task_id=processing_tasks_posts_answers.ingest_posts_answers_to_bucket, execution_date=20101201T000000, start_date=20220405T231855, end_date=20220405T231903
[2022-04-05 23:19:03,399] {local_task_job.py:154} INFO - Task exited with return code 0
[2022-04-05 23:19:03,536] {local_task_job.py:264} INFO - 1 downstream tasks scheduled from follow-on schedule check
