[2022-04-06 00:02:57,371] {taskinstance.py:1043} INFO - Dependencies all met for <TaskInstance: IngestToGCP.processing_tasks_badges.ingest_badges_to_bucket scheduled__2012-10-01T00:00:00+00:00 [queued]>
[2022-04-06 00:02:57,561] {taskinstance.py:1043} INFO - Dependencies all met for <TaskInstance: IngestToGCP.processing_tasks_badges.ingest_badges_to_bucket scheduled__2012-10-01T00:00:00+00:00 [queued]>
[2022-04-06 00:02:57,561] {taskinstance.py:1249} INFO - 
--------------------------------------------------------------------------------
[2022-04-06 00:02:57,562] {taskinstance.py:1250} INFO - Starting attempt 1 of 1
[2022-04-06 00:02:57,562] {taskinstance.py:1251} INFO - 
--------------------------------------------------------------------------------
[2022-04-06 00:02:57,844] {taskinstance.py:1270} INFO - Executing <Task(PythonOperator): processing_tasks_badges.ingest_badges_to_bucket> on 2012-10-01 00:00:00+00:00
[2022-04-06 00:02:58,015] {standard_task_runner.py:52} INFO - Started process 74392 to run task
[2022-04-06 00:02:58,174] {standard_task_runner.py:79} INFO - Running: ['***', 'tasks', 'run', 'IngestToGCP', 'processing_tasks_badges.ingest_badges_to_bucket', 'scheduled__2012-10-01T00:00:00+00:00', '--job-id', '9558', '--raw', '--subdir', 'DAGS_FOLDER/ingest_dag.py', '--cfg-path', '/tmp/tmpa39njfs4', '--error-file', '/tmp/tmpf9lc09o1']
[2022-04-06 00:02:58,176] {standard_task_runner.py:80} INFO - Job 9558: Subtask processing_tasks_badges.ingest_badges_to_bucket
[2022-04-06 00:02:59,619] {logging_mixin.py:109} INFO - Running <TaskInstance: IngestToGCP.processing_tasks_badges.ingest_badges_to_bucket scheduled__2012-10-01T00:00:00+00:00 [running]> on host 9fe4286b2855
[2022-04-06 00:03:00,929] {logging_mixin.py:109} WARNING - /home/***/.local/lib/python3.7/site-packages/***/utils/context.py:156 AirflowContextDeprecationWarning: Accessing 'execution_date' from the template is deprecated and will be removed in a future version. Please use 'data_interval_start' or 'logical_date' instead.
[2022-04-06 00:03:01,098] {taskinstance.py:1448} INFO - Exporting the following env vars:
AIRFLOW_CTX_DAG_OWNER=***
AIRFLOW_CTX_DAG_ID=IngestToGCP
AIRFLOW_CTX_TASK_ID=processing_tasks_badges.ingest_badges_to_bucket
AIRFLOW_CTX_EXECUTION_DATE=2012-10-01T00:00:00+00:00
AIRFLOW_CTX_DAG_RUN_ID=scheduled__2012-10-01T00:00:00+00:00
[2022-04-06 00:03:02,506] {python.py:175} INFO - Done. Returned value was: None
[2022-04-06 00:03:03,164] {taskinstance.py:1288} INFO - Marking task as SUCCESS. dag_id=IngestToGCP, task_id=processing_tasks_badges.ingest_badges_to_bucket, execution_date=20121001T000000, start_date=20220406T000257, end_date=20220406T000303
[2022-04-06 00:03:03,506] {local_task_job.py:154} INFO - Task exited with return code 0
[2022-04-06 00:03:04,325] {local_task_job.py:264} INFO - 1 downstream tasks scheduled from follow-on schedule check
