[2022-04-07 22:06:41,256] {taskinstance.py:1043} INFO - Dependencies all met for <TaskInstance: load_to_BigQuery.create_external_users.bq_create_users_stack_overflow_data_partitioned_table_task scheduled__2008-09-01T00:00:00+00:00 [queued]>
[2022-04-07 22:06:41,318] {taskinstance.py:1043} INFO - Dependencies all met for <TaskInstance: load_to_BigQuery.create_external_users.bq_create_users_stack_overflow_data_partitioned_table_task scheduled__2008-09-01T00:00:00+00:00 [queued]>
[2022-04-07 22:06:41,318] {taskinstance.py:1249} INFO - 
--------------------------------------------------------------------------------
[2022-04-07 22:06:41,318] {taskinstance.py:1250} INFO - Starting attempt 1 of 1
[2022-04-07 22:06:41,318] {taskinstance.py:1251} INFO - 
--------------------------------------------------------------------------------
[2022-04-07 22:06:41,731] {taskinstance.py:1270} INFO - Executing <Task(BigQueryInsertJobOperator): create_external_users.bq_create_users_stack_overflow_data_partitioned_table_task> on 2008-09-01 00:00:00+00:00
[2022-04-07 22:06:41,773] {standard_task_runner.py:52} INFO - Started process 701 to run task
[2022-04-07 22:06:41,787] {standard_task_runner.py:79} INFO - Running: ['***', 'tasks', 'run', 'load_to_BigQuery', 'create_external_users.bq_create_users_stack_overflow_data_partitioned_table_task', 'scheduled__2008-09-01T00:00:00+00:00', '--job-id', '13327', '--raw', '--subdir', 'DAGS_FOLDER/load_to_BigQuery_dag.py', '--cfg-path', '/tmp/tmpgy_p0w31', '--error-file', '/tmp/tmpiqvfi3bb']
[2022-04-07 22:06:41,805] {standard_task_runner.py:80} INFO - Job 13327: Subtask create_external_users.bq_create_users_stack_overflow_data_partitioned_table_task
[2022-04-07 22:06:42,173] {logging_mixin.py:109} INFO - Running <TaskInstance: load_to_BigQuery.create_external_users.bq_create_users_stack_overflow_data_partitioned_table_task scheduled__2008-09-01T00:00:00+00:00 [running]> on host 36107d30f64e
[2022-04-07 22:06:42,359] {taskinstance.py:1448} INFO - Exporting the following env vars:
AIRFLOW_CTX_DAG_OWNER=***
AIRFLOW_CTX_DAG_ID=load_to_BigQuery
AIRFLOW_CTX_TASK_ID=create_external_users.bq_create_users_stack_overflow_data_partitioned_table_task
AIRFLOW_CTX_EXECUTION_DATE=2008-09-01T00:00:00+00:00
AIRFLOW_CTX_DAG_RUN_ID=scheduled__2008-09-01T00:00:00+00:00
[2022-04-07 22:06:42,362] {crypto.py:82} WARNING - empty cryptography key - values will not be stored encrypted.
[2022-04-07 22:06:42,422] {logging_mixin.py:109} WARNING - /home/***/.local/lib/python3.7/site-packages/***/utils/context.py:156 AirflowContextDeprecationWarning: Accessing 'execution_date' from the template is deprecated and will be removed in a future version. Please use 'data_interval_start' or 'logical_date' instead.
[2022-04-07 22:06:42,482] {bigquery.py:1554} INFO - Inserting job ***_load_to_BigQuery_create_external_users_bq_create_users_stack_overflow_data_partitioned_table_task_2008_09_01T00_00_00_00_00_ec44d6067fa60f479fefc4665121c171
[2022-04-07 22:06:44,908] {taskinstance.py:1288} INFO - Marking task as SUCCESS. dag_id=load_to_BigQuery, task_id=create_external_users.bq_create_users_stack_overflow_data_partitioned_table_task, execution_date=20080901T000000, start_date=20220407T220641, end_date=20220407T220644
[2022-04-07 22:06:44,962] {local_task_job.py:154} INFO - Task exited with return code 0
[2022-04-07 22:06:45,006] {local_task_job.py:264} INFO - 0 downstream tasks scheduled from follow-on schedule check
