[2022-04-06 03:42:31,396] {taskinstance.py:1043} INFO - Dependencies all met for <TaskInstance: IngestToGCP.processing_tasks_posts_questions.remove_posts_questions_csv scheduled__2020-12-01T00:00:00+00:00 [queued]>
[2022-04-06 03:42:31,553] {taskinstance.py:1043} INFO - Dependencies all met for <TaskInstance: IngestToGCP.processing_tasks_posts_questions.remove_posts_questions_csv scheduled__2020-12-01T00:00:00+00:00 [queued]>
[2022-04-06 03:42:31,553] {taskinstance.py:1249} INFO - 
--------------------------------------------------------------------------------
[2022-04-06 03:42:31,553] {taskinstance.py:1250} INFO - Starting attempt 1 of 1
[2022-04-06 03:42:31,553] {taskinstance.py:1251} INFO - 
--------------------------------------------------------------------------------
[2022-04-06 03:42:31,911] {taskinstance.py:1270} INFO - Executing <Task(BashOperator): processing_tasks_posts_questions.remove_posts_questions_csv> on 2020-12-01 00:00:00+00:00
[2022-04-06 03:42:31,965] {standard_task_runner.py:52} INFO - Started process 225338 to run task
[2022-04-06 03:42:32,033] {standard_task_runner.py:79} INFO - Running: ['***', 'tasks', 'run', 'IngestToGCP', 'processing_tasks_posts_questions.remove_posts_questions_csv', 'scheduled__2020-12-01T00:00:00+00:00', '--job-id', '11922', '--raw', '--subdir', 'DAGS_FOLDER/ingest_dag.py', '--cfg-path', '/tmp/tmp14sjxzf_', '--error-file', '/tmp/tmp5amirozq']
[2022-04-06 03:42:32,034] {standard_task_runner.py:80} INFO - Job 11922: Subtask processing_tasks_posts_questions.remove_posts_questions_csv
[2022-04-06 03:42:32,912] {logging_mixin.py:109} INFO - Running <TaskInstance: IngestToGCP.processing_tasks_posts_questions.remove_posts_questions_csv scheduled__2020-12-01T00:00:00+00:00 [running]> on host 9fe4286b2855
[2022-04-06 03:42:33,772] {logging_mixin.py:109} WARNING - /home/***/.local/lib/python3.7/site-packages/***/utils/context.py:156 AirflowContextDeprecationWarning: Accessing 'execution_date' from the template is deprecated and will be removed in a future version. Please use 'data_interval_start' or 'logical_date' instead.
[2022-04-06 03:42:33,956] {taskinstance.py:1448} INFO - Exporting the following env vars:
AIRFLOW_CTX_DAG_OWNER=***
AIRFLOW_CTX_DAG_ID=IngestToGCP
AIRFLOW_CTX_TASK_ID=processing_tasks_posts_questions.remove_posts_questions_csv
AIRFLOW_CTX_EXECUTION_DATE=2020-12-01T00:00:00+00:00
AIRFLOW_CTX_DAG_RUN_ID=scheduled__2020-12-01T00:00:00+00:00
[2022-04-06 03:42:33,958] {subprocess.py:62} INFO - Tmp dir root location: 
 /tmp
[2022-04-06 03:42:33,959] {subprocess.py:74} INFO - Running command: ['bash', '-c', 'rm /opt/***/posts_questions-2020-12.csv']
[2022-04-06 03:42:34,118] {subprocess.py:85} INFO - Output:
[2022-04-06 03:42:34,995] {subprocess.py:93} INFO - Command exited with return code 0
[2022-04-06 03:42:35,510] {taskinstance.py:1288} INFO - Marking task as SUCCESS. dag_id=IngestToGCP, task_id=processing_tasks_posts_questions.remove_posts_questions_csv, execution_date=20201201T000000, start_date=20220406T034231, end_date=20220406T034235
[2022-04-06 03:42:35,718] {local_task_job.py:154} INFO - Task exited with return code 0
[2022-04-06 03:42:36,112] {local_task_job.py:264} INFO - 1 downstream tasks scheduled from follow-on schedule check
