[2022-04-07 22:08:32,922] {taskinstance.py:1043} INFO - Dependencies all met for <TaskInstance: load_to_BigQuery.create_external_posts_questions.bq_create_posts_questions_stack_overflow_data_partitioned_table_task scheduled__2009-11-01T00:00:00+00:00 [queued]>
[2022-04-07 22:08:33,099] {taskinstance.py:1043} INFO - Dependencies all met for <TaskInstance: load_to_BigQuery.create_external_posts_questions.bq_create_posts_questions_stack_overflow_data_partitioned_table_task scheduled__2009-11-01T00:00:00+00:00 [queued]>
[2022-04-07 22:08:33,099] {taskinstance.py:1249} INFO - 
--------------------------------------------------------------------------------
[2022-04-07 22:08:33,100] {taskinstance.py:1250} INFO - Starting attempt 1 of 1
[2022-04-07 22:08:33,100] {taskinstance.py:1251} INFO - 
--------------------------------------------------------------------------------
[2022-04-07 22:08:33,628] {taskinstance.py:1270} INFO - Executing <Task(BigQueryInsertJobOperator): create_external_posts_questions.bq_create_posts_questions_stack_overflow_data_partitioned_table_task> on 2009-11-01 00:00:00+00:00
[2022-04-07 22:08:33,642] {standard_task_runner.py:52} INFO - Started process 1530 to run task
[2022-04-07 22:08:33,708] {standard_task_runner.py:79} INFO - Running: ['***', 'tasks', 'run', 'load_to_BigQuery', 'create_external_posts_questions.bq_create_posts_questions_stack_overflow_data_partitioned_table_task', 'scheduled__2009-11-01T00:00:00+00:00', '--job-id', '13446', '--raw', '--subdir', 'DAGS_FOLDER/load_to_BigQuery_dag.py', '--cfg-path', '/tmp/tmp4dth9_h5', '--error-file', '/tmp/tmp1v45b57b']
[2022-04-07 22:08:33,727] {standard_task_runner.py:80} INFO - Job 13446: Subtask create_external_posts_questions.bq_create_posts_questions_stack_overflow_data_partitioned_table_task
[2022-04-07 22:08:34,283] {logging_mixin.py:109} INFO - Running <TaskInstance: load_to_BigQuery.create_external_posts_questions.bq_create_posts_questions_stack_overflow_data_partitioned_table_task scheduled__2009-11-01T00:00:00+00:00 [running]> on host 36107d30f64e
[2022-04-07 22:08:34,715] {taskinstance.py:1448} INFO - Exporting the following env vars:
AIRFLOW_CTX_DAG_OWNER=***
AIRFLOW_CTX_DAG_ID=load_to_BigQuery
AIRFLOW_CTX_TASK_ID=create_external_posts_questions.bq_create_posts_questions_stack_overflow_data_partitioned_table_task
AIRFLOW_CTX_EXECUTION_DATE=2009-11-01T00:00:00+00:00
AIRFLOW_CTX_DAG_RUN_ID=scheduled__2009-11-01T00:00:00+00:00
[2022-04-07 22:08:34,717] {crypto.py:82} WARNING - empty cryptography key - values will not be stored encrypted.
[2022-04-07 22:08:34,782] {logging_mixin.py:109} WARNING - /home/***/.local/lib/python3.7/site-packages/***/utils/context.py:156 AirflowContextDeprecationWarning: Accessing 'execution_date' from the template is deprecated and will be removed in a future version. Please use 'data_interval_start' or 'logical_date' instead.
[2022-04-07 22:08:34,833] {bigquery.py:1554} INFO - Inserting job ***_load_to_BigQuery_create_external_posts_questions_bq_create_posts_questions_stack_overflow_data_partitioned_table_task_2009_11_01T00_00_00_00_00_c5329da6a5e9f95aae920259c9aeeb64
[2022-04-07 22:08:39,052] {taskinstance.py:1288} INFO - Marking task as SUCCESS. dag_id=load_to_BigQuery, task_id=create_external_posts_questions.bq_create_posts_questions_stack_overflow_data_partitioned_table_task, execution_date=20091101T000000, start_date=20220407T220832, end_date=20220407T220839
[2022-04-07 22:08:39,212] {local_task_job.py:154} INFO - Task exited with return code 0
[2022-04-07 22:08:39,534] {local_task_job.py:264} INFO - 0 downstream tasks scheduled from follow-on schedule check
