[2022-04-06 01:16:30,300] {taskinstance.py:1043} INFO - Dependencies all met for <TaskInstance: IngestToGCP.processing_tasks_users.format_to_parquet_users scheduled__2015-07-01T00:00:00+00:00 [queued]>
[2022-04-06 01:16:30,324] {taskinstance.py:1043} INFO - Dependencies all met for <TaskInstance: IngestToGCP.processing_tasks_users.format_to_parquet_users scheduled__2015-07-01T00:00:00+00:00 [queued]>
[2022-04-06 01:16:30,324] {taskinstance.py:1249} INFO - 
--------------------------------------------------------------------------------
[2022-04-06 01:16:30,324] {taskinstance.py:1250} INFO - Starting attempt 1 of 1
[2022-04-06 01:16:30,324] {taskinstance.py:1251} INFO - 
--------------------------------------------------------------------------------
[2022-04-06 01:16:30,369] {taskinstance.py:1270} INFO - Executing <Task(PythonOperator): processing_tasks_users.format_to_parquet_users> on 2015-07-01 00:00:00+00:00
[2022-04-06 01:16:30,409] {standard_task_runner.py:52} INFO - Started process 126096 to run task
[2022-04-06 01:16:30,474] {standard_task_runner.py:79} INFO - Running: ['***', 'tasks', 'run', 'IngestToGCP', 'processing_tasks_users.format_to_parquet_users', 'scheduled__2015-07-01T00:00:00+00:00', '--job-id', '10360', '--raw', '--subdir', 'DAGS_FOLDER/ingest_dag.py', '--cfg-path', '/tmp/tmp1tvb6j3b', '--error-file', '/tmp/tmp1uyii5pe']
[2022-04-06 01:16:30,475] {standard_task_runner.py:80} INFO - Job 10360: Subtask processing_tasks_users.format_to_parquet_users
[2022-04-06 01:16:31,070] {logging_mixin.py:109} INFO - Running <TaskInstance: IngestToGCP.processing_tasks_users.format_to_parquet_users scheduled__2015-07-01T00:00:00+00:00 [running]> on host 9fe4286b2855
[2022-04-06 01:16:31,491] {logging_mixin.py:109} WARNING - /home/***/.local/lib/python3.7/site-packages/***/utils/context.py:156 AirflowContextDeprecationWarning: Accessing 'execution_date' from the template is deprecated and will be removed in a future version. Please use 'data_interval_start' or 'logical_date' instead.
[2022-04-06 01:16:32,185] {taskinstance.py:1448} INFO - Exporting the following env vars:
AIRFLOW_CTX_DAG_OWNER=***
AIRFLOW_CTX_DAG_ID=IngestToGCP
AIRFLOW_CTX_TASK_ID=processing_tasks_users.format_to_parquet_users
AIRFLOW_CTX_EXECUTION_DATE=2015-07-01T00:00:00+00:00
AIRFLOW_CTX_DAG_RUN_ID=scheduled__2015-07-01T00:00:00+00:00
[2022-04-06 01:16:45,605] {python.py:175} INFO - Done. Returned value was: None
[2022-04-06 01:16:45,818] {taskinstance.py:1288} INFO - Marking task as SUCCESS. dag_id=IngestToGCP, task_id=processing_tasks_users.format_to_parquet_users, execution_date=20150701T000000, start_date=20220406T011630, end_date=20220406T011645
[2022-04-06 01:16:46,037] {local_task_job.py:212} WARNING - State of this instance has been externally set to success. Terminating instance.
[2022-04-06 01:16:46,049] {process_utils.py:124} INFO - Sending Signals.SIGTERM to group 126096. PIDs of all processes in the group: [126096]
[2022-04-06 01:16:46,050] {process_utils.py:75} INFO - Sending the signal Signals.SIGTERM to group 126096
[2022-04-06 01:16:46,196] {process_utils.py:70} INFO - Process psutil.Process(pid=126096, status='terminated', exitcode=0, started='01:16:30') (126096) terminated with exit code 0
