[2022-04-07 19:27:07,270] {taskinstance.py:1043} INFO - Dependencies all met for <TaskInstance: load_to_BigQuery.create_external_users.create_users_stack_overflow_data_external_table scheduled__2019-01-01T00:00:00+00:00 [queued]>
[2022-04-07 19:27:07,378] {taskinstance.py:1043} INFO - Dependencies all met for <TaskInstance: load_to_BigQuery.create_external_users.create_users_stack_overflow_data_external_table scheduled__2019-01-01T00:00:00+00:00 [queued]>
[2022-04-07 19:27:07,378] {taskinstance.py:1249} INFO - 
--------------------------------------------------------------------------------
[2022-04-07 19:27:07,379] {taskinstance.py:1250} INFO - Starting attempt 1 of 1
[2022-04-07 19:27:07,379] {taskinstance.py:1251} INFO - 
--------------------------------------------------------------------------------
[2022-04-07 19:27:08,022] {taskinstance.py:1270} INFO - Executing <Task(BigQueryCreateExternalTableOperator): create_external_users.create_users_stack_overflow_data_external_table> on 2019-01-01 00:00:00+00:00
[2022-04-07 19:27:08,099] {standard_task_runner.py:79} INFO - Running: ['***', 'tasks', 'run', 'load_to_BigQuery', 'create_external_users.create_users_stack_overflow_data_external_table', 'scheduled__2019-01-01T00:00:00+00:00', '--job-id', '13048', '--raw', '--subdir', 'DAGS_FOLDER/load_to_BigQuery_dag.py', '--cfg-path', '/tmp/tmpt8f_snxw', '--error-file', '/tmp/tmpnm20d2ig']
[2022-04-07 19:27:08,101] {standard_task_runner.py:80} INFO - Job 13048: Subtask create_external_users.create_users_stack_overflow_data_external_table
[2022-04-07 19:27:08,062] {standard_task_runner.py:52} INFO - Started process 4930 to run task
[2022-04-07 19:27:08,384] {logging_mixin.py:109} INFO - Running <TaskInstance: load_to_BigQuery.create_external_users.create_users_stack_overflow_data_external_table scheduled__2019-01-01T00:00:00+00:00 [running]> on host 2c54f2187010
[2022-04-07 19:27:08,719] {logging_mixin.py:109} WARNING - /home/***/.local/lib/python3.7/site-packages/***/utils/context.py:156 AirflowContextDeprecationWarning: Accessing 'execution_date' from the template is deprecated and will be removed in a future version. Please use 'data_interval_start' or 'logical_date' instead.
[2022-04-07 19:27:08,874] {taskinstance.py:1448} INFO - Exporting the following env vars:
AIRFLOW_CTX_DAG_OWNER=***
AIRFLOW_CTX_DAG_ID=load_to_BigQuery
AIRFLOW_CTX_TASK_ID=create_external_users.create_users_stack_overflow_data_external_table
AIRFLOW_CTX_EXECUTION_DATE=2019-01-01T00:00:00+00:00
AIRFLOW_CTX_DAG_RUN_ID=scheduled__2019-01-01T00:00:00+00:00
[2022-04-07 19:27:08,876] {crypto.py:82} WARNING - empty cryptography key - values will not be stored encrypted.
[2022-04-07 19:27:09,699] {taskinstance.py:1288} INFO - Marking task as SUCCESS. dag_id=load_to_BigQuery, task_id=create_external_users.create_users_stack_overflow_data_external_table, execution_date=20190101T000000, start_date=20220407T192707, end_date=20220407T192709
[2022-04-07 19:27:09,887] {local_task_job.py:154} INFO - Task exited with return code 0
[2022-04-07 19:27:10,147] {local_task_job.py:264} INFO - 1 downstream tasks scheduled from follow-on schedule check
[2022-04-07 22:19:56,346] {taskinstance.py:1043} INFO - Dependencies all met for <TaskInstance: load_to_BigQuery.create_external_users.create_users_stack_overflow_data_external_table scheduled__2019-01-01T00:00:00+00:00 [queued]>
[2022-04-07 22:19:56,382] {taskinstance.py:1043} INFO - Dependencies all met for <TaskInstance: load_to_BigQuery.create_external_users.create_users_stack_overflow_data_external_table scheduled__2019-01-01T00:00:00+00:00 [queued]>
[2022-04-07 22:19:56,383] {taskinstance.py:1249} INFO - 
--------------------------------------------------------------------------------
[2022-04-07 22:19:56,383] {taskinstance.py:1250} INFO - Starting attempt 1 of 1
[2022-04-07 22:19:56,383] {taskinstance.py:1251} INFO - 
--------------------------------------------------------------------------------
[2022-04-07 22:19:56,677] {taskinstance.py:1270} INFO - Executing <Task(BigQueryCreateExternalTableOperator): create_external_users.create_users_stack_overflow_data_external_table> on 2019-01-01 00:00:00+00:00
[2022-04-07 22:19:56,711] {standard_task_runner.py:52} INFO - Started process 7229 to run task
[2022-04-07 22:19:56,746] {standard_task_runner.py:79} INFO - Running: ['***', 'tasks', 'run', 'load_to_BigQuery', 'create_external_users.create_users_stack_overflow_data_external_table', 'scheduled__2019-01-01T00:00:00+00:00', '--job-id', '14311', '--raw', '--subdir', 'DAGS_FOLDER/load_to_BigQuery_dag.py', '--cfg-path', '/tmp/tmp51vtdy37', '--error-file', '/tmp/tmp2w6sncdt']
[2022-04-07 22:19:56,750] {standard_task_runner.py:80} INFO - Job 14311: Subtask create_external_users.create_users_stack_overflow_data_external_table
[2022-04-07 22:19:56,981] {logging_mixin.py:109} INFO - Running <TaskInstance: load_to_BigQuery.create_external_users.create_users_stack_overflow_data_external_table scheduled__2019-01-01T00:00:00+00:00 [running]> on host 36107d30f64e
[2022-04-07 22:19:57,140] {logging_mixin.py:109} WARNING - /home/***/.local/lib/python3.7/site-packages/***/utils/context.py:156 AirflowContextDeprecationWarning: Accessing 'execution_date' from the template is deprecated and will be removed in a future version. Please use 'data_interval_start' or 'logical_date' instead.
[2022-04-07 22:19:57,210] {taskinstance.py:1448} INFO - Exporting the following env vars:
AIRFLOW_CTX_DAG_OWNER=***
AIRFLOW_CTX_DAG_ID=load_to_BigQuery
AIRFLOW_CTX_TASK_ID=create_external_users.create_users_stack_overflow_data_external_table
AIRFLOW_CTX_EXECUTION_DATE=2019-01-01T00:00:00+00:00
AIRFLOW_CTX_DAG_RUN_ID=scheduled__2019-01-01T00:00:00+00:00
[2022-04-07 22:19:57,218] {crypto.py:82} WARNING - empty cryptography key - values will not be stored encrypted.
[2022-04-07 22:19:57,943] {taskinstance.py:1288} INFO - Marking task as SUCCESS. dag_id=load_to_BigQuery, task_id=create_external_users.create_users_stack_overflow_data_external_table, execution_date=20190101T000000, start_date=20220407T221956, end_date=20220407T221957
[2022-04-07 22:19:58,037] {local_task_job.py:154} INFO - Task exited with return code 0
[2022-04-07 22:19:58,144] {local_task_job.py:264} INFO - 1 downstream tasks scheduled from follow-on schedule check
