[2022-03-30 19:59:18,912] {taskinstance.py:1037} INFO - Dependencies all met for <TaskInstance: IngestToGCP.processing_tasks_badges.remove_badges_csv scheduled__2009-03-01T00:00:00+00:00 [queued]>
[2022-03-30 19:59:18,978] {taskinstance.py:1037} INFO - Dependencies all met for <TaskInstance: IngestToGCP.processing_tasks_badges.remove_badges_csv scheduled__2009-03-01T00:00:00+00:00 [queued]>
[2022-03-30 19:59:18,979] {taskinstance.py:1243} INFO - 
--------------------------------------------------------------------------------
[2022-03-30 19:59:18,979] {taskinstance.py:1244} INFO - Starting attempt 1 of 1
[2022-03-30 19:59:18,979] {taskinstance.py:1245} INFO - 
--------------------------------------------------------------------------------
[2022-03-30 19:59:19,068] {taskinstance.py:1264} INFO - Executing <Task(BashOperator): processing_tasks_badges.remove_badges_csv> on 2009-03-01 00:00:00+00:00
[2022-03-30 19:59:19,096] {standard_task_runner.py:52} INFO - Started process 2696 to run task
[2022-03-30 19:59:19,107] {standard_task_runner.py:76} INFO - Running: ['***', 'tasks', 'run', 'IngestToGCP', 'processing_tasks_badges.remove_badges_csv', 'scheduled__2009-03-01T00:00:00+00:00', '--job-id', '134', '--raw', '--subdir', 'DAGS_FOLDER/ingest_dag.py', '--cfg-path', '/tmp/tmp45xj_t6w', '--error-file', '/tmp/tmpfygt9u4j']
[2022-03-30 19:59:19,108] {standard_task_runner.py:77} INFO - Job 134: Subtask processing_tasks_badges.remove_badges_csv
[2022-03-30 19:59:19,402] {logging_mixin.py:109} INFO - Running <TaskInstance: IngestToGCP.processing_tasks_badges.remove_badges_csv scheduled__2009-03-01T00:00:00+00:00 [running]> on host d9825fd5ae59
[2022-03-30 19:59:19,807] {logging_mixin.py:109} WARNING - /home/***/.local/lib/python3.7/site-packages/***/utils/context.py:156 AirflowContextDeprecationWarning: Accessing 'execution_date' from the template is deprecated and will be removed in a future version. Please use 'data_interval_start' or 'logical_date' instead.
[2022-03-30 19:59:19,857] {taskinstance.py:1431} INFO - Exporting the following env vars:
AIRFLOW_CTX_DAG_OWNER=***
AIRFLOW_CTX_DAG_ID=IngestToGCP
AIRFLOW_CTX_TASK_ID=processing_tasks_badges.remove_badges_csv
AIRFLOW_CTX_EXECUTION_DATE=2009-03-01T00:00:00+00:00
AIRFLOW_CTX_DAG_RUN_ID=scheduled__2009-03-01T00:00:00+00:00
[2022-03-30 19:59:19,859] {subprocess.py:62} INFO - Tmp dir root location: 
 /tmp
[2022-03-30 19:59:19,874] {subprocess.py:74} INFO - Running command: ['bash', '-c', 'rm /opt/***/badges-2009-03.csv']
[2022-03-30 19:59:20,010] {subprocess.py:85} INFO - Output:
[2022-03-30 19:59:20,036] {subprocess.py:93} INFO - Command exited with return code 0
[2022-03-30 19:59:20,250] {taskinstance.py:1282} INFO - Marking task as SUCCESS. dag_id=IngestToGCP, task_id=processing_tasks_badges.remove_badges_csv, execution_date=20090301T000000, start_date=20220330T195918, end_date=20220330T195920
[2022-03-30 19:59:20,364] {local_task_job.py:154} INFO - Task exited with return code 0
[2022-03-30 19:59:20,560] {local_task_job.py:264} INFO - 1 downstream tasks scheduled from follow-on schedule check
[2022-04-05 22:40:52,933] {taskinstance.py:1043} INFO - Dependencies all met for <TaskInstance: IngestToGCP.processing_tasks_badges.remove_badges_csv scheduled__2009-03-01T00:00:00+00:00 [queued]>
[2022-04-05 22:40:53,113] {taskinstance.py:1043} INFO - Dependencies all met for <TaskInstance: IngestToGCP.processing_tasks_badges.remove_badges_csv scheduled__2009-03-01T00:00:00+00:00 [queued]>
[2022-04-05 22:40:53,114] {taskinstance.py:1249} INFO - 
--------------------------------------------------------------------------------
[2022-04-05 22:40:53,114] {taskinstance.py:1250} INFO - Starting attempt 1 of 1
[2022-04-05 22:40:53,114] {taskinstance.py:1251} INFO - 
--------------------------------------------------------------------------------
[2022-04-05 22:40:53,375] {taskinstance.py:1270} INFO - Executing <Task(BashOperator): processing_tasks_badges.remove_badges_csv> on 2009-03-01 00:00:00+00:00
[2022-04-05 22:40:53,524] {standard_task_runner.py:52} INFO - Started process 10997 to run task
[2022-04-05 22:40:53,587] {standard_task_runner.py:79} INFO - Running: ['***', 'tasks', 'run', 'IngestToGCP', 'processing_tasks_badges.remove_badges_csv', 'scheduled__2009-03-01T00:00:00+00:00', '--job-id', '8543', '--raw', '--subdir', 'DAGS_FOLDER/ingest_dag.py', '--cfg-path', '/tmp/tmp9nhujy7k', '--error-file', '/tmp/tmpnhiwioig']
[2022-04-05 22:40:53,652] {standard_task_runner.py:80} INFO - Job 8543: Subtask processing_tasks_badges.remove_badges_csv
[2022-04-05 22:40:54,528] {logging_mixin.py:109} INFO - Running <TaskInstance: IngestToGCP.processing_tasks_badges.remove_badges_csv scheduled__2009-03-01T00:00:00+00:00 [running]> on host 9fe4286b2855
[2022-04-05 22:40:54,727] {logging_mixin.py:109} WARNING - /home/***/.local/lib/python3.7/site-packages/***/utils/context.py:156 AirflowContextDeprecationWarning: Accessing 'execution_date' from the template is deprecated and will be removed in a future version. Please use 'data_interval_start' or 'logical_date' instead.
[2022-04-05 22:40:54,807] {taskinstance.py:1448} INFO - Exporting the following env vars:
AIRFLOW_CTX_DAG_OWNER=***
AIRFLOW_CTX_DAG_ID=IngestToGCP
AIRFLOW_CTX_TASK_ID=processing_tasks_badges.remove_badges_csv
AIRFLOW_CTX_EXECUTION_DATE=2009-03-01T00:00:00+00:00
AIRFLOW_CTX_DAG_RUN_ID=scheduled__2009-03-01T00:00:00+00:00
[2022-04-05 22:40:54,817] {subprocess.py:62} INFO - Tmp dir root location: 
 /tmp
[2022-04-05 22:40:54,818] {subprocess.py:74} INFO - Running command: ['bash', '-c', 'rm /opt/***/badges-2009-03.csv']
[2022-04-05 22:40:54,932] {subprocess.py:85} INFO - Output:
[2022-04-05 22:40:54,976] {subprocess.py:93} INFO - Command exited with return code 0
[2022-04-05 22:40:55,136] {taskinstance.py:1288} INFO - Marking task as SUCCESS. dag_id=IngestToGCP, task_id=processing_tasks_badges.remove_badges_csv, execution_date=20090301T000000, start_date=20220405T224052, end_date=20220405T224055
[2022-04-05 22:40:55,358] {local_task_job.py:154} INFO - Task exited with return code 0
[2022-04-05 22:40:55,753] {local_task_job.py:264} INFO - 1 downstream tasks scheduled from follow-on schedule check
