[2022-04-07 19:27:51,649] {taskinstance.py:1043} INFO - Dependencies all met for <TaskInstance: load_to_BigQuery.create_external_badges.bq_create_badges_stack_overflow_data_partitioned_table_task scheduled__2019-04-01T00:00:00+00:00 [queued]>
[2022-04-07 19:27:51,739] {taskinstance.py:1043} INFO - Dependencies all met for <TaskInstance: load_to_BigQuery.create_external_badges.bq_create_badges_stack_overflow_data_partitioned_table_task scheduled__2019-04-01T00:00:00+00:00 [queued]>
[2022-04-07 19:27:51,740] {taskinstance.py:1249} INFO - 
--------------------------------------------------------------------------------
[2022-04-07 19:27:51,745] {taskinstance.py:1250} INFO - Starting attempt 1 of 1
[2022-04-07 19:27:51,745] {taskinstance.py:1251} INFO - 
--------------------------------------------------------------------------------
[2022-04-07 19:27:52,575] {taskinstance.py:1270} INFO - Executing <Task(BigQueryInsertJobOperator): create_external_badges.bq_create_badges_stack_overflow_data_partitioned_table_task> on 2019-04-01 00:00:00+00:00
[2022-04-07 19:27:52,693] {standard_task_runner.py:52} INFO - Started process 5262 to run task
[2022-04-07 19:27:52,727] {standard_task_runner.py:79} INFO - Running: ['***', 'tasks', 'run', 'load_to_BigQuery', 'create_external_badges.bq_create_badges_stack_overflow_data_partitioned_table_task', 'scheduled__2019-04-01T00:00:00+00:00', '--job-id', '13097', '--raw', '--subdir', 'DAGS_FOLDER/load_to_BigQuery_dag.py', '--cfg-path', '/tmp/tmp697a2w8c', '--error-file', '/tmp/tmppkwxc4au']
[2022-04-07 19:27:52,757] {standard_task_runner.py:80} INFO - Job 13097: Subtask create_external_badges.bq_create_badges_stack_overflow_data_partitioned_table_task
[2022-04-07 19:27:53,465] {logging_mixin.py:109} INFO - Running <TaskInstance: load_to_BigQuery.create_external_badges.bq_create_badges_stack_overflow_data_partitioned_table_task scheduled__2019-04-01T00:00:00+00:00 [running]> on host 2c54f2187010
[2022-04-07 19:27:54,077] {taskinstance.py:1448} INFO - Exporting the following env vars:
AIRFLOW_CTX_DAG_OWNER=***
AIRFLOW_CTX_DAG_ID=load_to_BigQuery
AIRFLOW_CTX_TASK_ID=create_external_badges.bq_create_badges_stack_overflow_data_partitioned_table_task
AIRFLOW_CTX_EXECUTION_DATE=2019-04-01T00:00:00+00:00
AIRFLOW_CTX_DAG_RUN_ID=scheduled__2019-04-01T00:00:00+00:00
[2022-04-07 19:27:54,079] {crypto.py:82} WARNING - empty cryptography key - values will not be stored encrypted.
[2022-04-07 19:27:54,188] {logging_mixin.py:109} WARNING - /home/***/.local/lib/python3.7/site-packages/***/utils/context.py:156 AirflowContextDeprecationWarning: Accessing 'execution_date' from the template is deprecated and will be removed in a future version. Please use 'data_interval_start' or 'logical_date' instead.
[2022-04-07 19:27:54,283] {bigquery.py:1554} INFO - Inserting job ***_load_to_BigQuery_create_external_badges_bq_create_badges_stack_overflow_data_partitioned_table_task_2019_04_01T00_00_00_00_00_38d98c9d9bf2a72841cf245df4f9b1e1
[2022-04-07 19:27:55,324] {taskinstance.py:1774} ERROR - Task failed with exception
Traceback (most recent call last):
  File "/home/airflow/.local/lib/python3.7/site-packages/airflow/providers/google/cloud/operators/bigquery.py", line 2153, in execute
    job = self._submit_job(hook, job_id)
  File "/home/airflow/.local/lib/python3.7/site-packages/airflow/providers/google/cloud/operators/bigquery.py", line 2119, in _submit_job
    retry=self.result_retry,
  File "/home/airflow/.local/lib/python3.7/site-packages/airflow/providers/google/common/hooks/base_google.py", line 439, in inner_wrapper
    return func(self, *args, **kwargs)
  File "/home/airflow/.local/lib/python3.7/site-packages/airflow/providers/google/cloud/hooks/bigquery.py", line 1560, in insert_job
    job.result(timeout=timeout, retry=retry)
  File "/home/airflow/.local/lib/python3.7/site-packages/google/cloud/bigquery/job/query.py", line 1498, in result
    do_get_result()
  File "/home/airflow/.local/lib/python3.7/site-packages/google/cloud/bigquery/job/query.py", line 1488, in do_get_result
    super(QueryJob, self).result(retry=retry, timeout=timeout)
  File "/home/airflow/.local/lib/python3.7/site-packages/google/cloud/bigquery/job/base.py", line 728, in result
    return super(_AsyncJob, self).result(timeout=timeout, **kwargs)
  File "/home/airflow/.local/lib/python3.7/site-packages/google/api_core/future/polling.py", line 135, in result
    raise self._exception
google.api_core.exceptions.BadRequest: 400 PARTITION BY expression must not be constant at [1:97]

Location: us-central1
Job ID: airflow_load_to_BigQuery_create_external_badges_bq_create_badges_stack_overflow_data_partitioned_table_task_2019_04_01T00_00_00_00_00_38d98c9d9bf2a72841cf245df4f9b1e1

[2022-04-07 19:27:55,534] {taskinstance.py:1288} INFO - Marking task as FAILED. dag_id=load_to_BigQuery, task_id=create_external_badges.bq_create_badges_stack_overflow_data_partitioned_table_task, execution_date=20190401T000000, start_date=20220407T192751, end_date=20220407T192755
[2022-04-07 19:27:55,692] {standard_task_runner.py:98} ERROR - Failed to execute job 13097 for task create_external_badges.bq_create_badges_stack_overflow_data_partitioned_table_task (400 PARTITION BY expression must not be constant at [1:97]

Location: us-central1
Job ID: airflow_load_to_BigQuery_create_external_badges_bq_create_badges_stack_overflow_data_partitioned_table_task_2019_04_01T00_00_00_00_00_38d98c9d9bf2a72841cf245df4f9b1e1
; 5262)
[2022-04-07 19:27:55,813] {local_task_job.py:154} INFO - Task exited with return code 1
[2022-04-07 19:27:55,956] {local_task_job.py:264} INFO - 0 downstream tasks scheduled from follow-on schedule check
[2022-04-07 22:20:26,042] {taskinstance.py:1043} INFO - Dependencies all met for <TaskInstance: load_to_BigQuery.create_external_badges.bq_create_badges_stack_overflow_data_partitioned_table_task scheduled__2019-04-01T00:00:00+00:00 [queued]>
[2022-04-07 22:20:26,107] {taskinstance.py:1043} INFO - Dependencies all met for <TaskInstance: load_to_BigQuery.create_external_badges.bq_create_badges_stack_overflow_data_partitioned_table_task scheduled__2019-04-01T00:00:00+00:00 [queued]>
[2022-04-07 22:20:26,107] {taskinstance.py:1249} INFO - 
--------------------------------------------------------------------------------
[2022-04-07 22:20:26,107] {taskinstance.py:1250} INFO - Starting attempt 1 of 1
[2022-04-07 22:20:26,107] {taskinstance.py:1251} INFO - 
--------------------------------------------------------------------------------
[2022-04-07 22:20:26,808] {taskinstance.py:1270} INFO - Executing <Task(BigQueryInsertJobOperator): create_external_badges.bq_create_badges_stack_overflow_data_partitioned_table_task> on 2019-04-01 00:00:00+00:00
[2022-04-07 22:20:26,865] {standard_task_runner.py:52} INFO - Started process 7513 to run task
[2022-04-07 22:20:26,914] {standard_task_runner.py:79} INFO - Running: ['***', 'tasks', 'run', 'load_to_BigQuery', 'create_external_badges.bq_create_badges_stack_overflow_data_partitioned_table_task', 'scheduled__2019-04-01T00:00:00+00:00', '--job-id', '14347', '--raw', '--subdir', 'DAGS_FOLDER/load_to_BigQuery_dag.py', '--cfg-path', '/tmp/tmpkb8u7rpf', '--error-file', '/tmp/tmpmxdw5uf7']
[2022-04-07 22:20:26,916] {standard_task_runner.py:80} INFO - Job 14347: Subtask create_external_badges.bq_create_badges_stack_overflow_data_partitioned_table_task
[2022-04-07 22:20:27,191] {logging_mixin.py:109} INFO - Running <TaskInstance: load_to_BigQuery.create_external_badges.bq_create_badges_stack_overflow_data_partitioned_table_task scheduled__2019-04-01T00:00:00+00:00 [running]> on host 36107d30f64e
[2022-04-07 22:20:27,474] {taskinstance.py:1448} INFO - Exporting the following env vars:
AIRFLOW_CTX_DAG_OWNER=***
AIRFLOW_CTX_DAG_ID=load_to_BigQuery
AIRFLOW_CTX_TASK_ID=create_external_badges.bq_create_badges_stack_overflow_data_partitioned_table_task
AIRFLOW_CTX_EXECUTION_DATE=2019-04-01T00:00:00+00:00
AIRFLOW_CTX_DAG_RUN_ID=scheduled__2019-04-01T00:00:00+00:00
[2022-04-07 22:20:27,476] {crypto.py:82} WARNING - empty cryptography key - values will not be stored encrypted.
[2022-04-07 22:20:27,517] {logging_mixin.py:109} WARNING - /home/***/.local/lib/python3.7/site-packages/***/utils/context.py:156 AirflowContextDeprecationWarning: Accessing 'execution_date' from the template is deprecated and will be removed in a future version. Please use 'data_interval_start' or 'logical_date' instead.
[2022-04-07 22:20:27,558] {bigquery.py:1554} INFO - Inserting job ***_load_to_BigQuery_create_external_badges_bq_create_badges_stack_overflow_data_partitioned_table_task_2019_04_01T00_00_00_00_00_4e5aae9f9e93060d2f68750450b401bb
[2022-04-07 22:20:30,709] {taskinstance.py:1288} INFO - Marking task as SUCCESS. dag_id=load_to_BigQuery, task_id=create_external_badges.bq_create_badges_stack_overflow_data_partitioned_table_task, execution_date=20190401T000000, start_date=20220407T222026, end_date=20220407T222030
[2022-04-07 22:20:30,817] {local_task_job.py:154} INFO - Task exited with return code 0
[2022-04-07 22:20:30,984] {local_task_job.py:264} INFO - 0 downstream tasks scheduled from follow-on schedule check
