[2022-04-06 00:50:38,678] {taskinstance.py:1043} INFO - Dependencies all met for <TaskInstance: IngestToGCP.processing_tasks_badges.spark_job scheduled__2014-07-01T00:00:00+00:00 [queued]>
[2022-04-06 00:50:38,886] {taskinstance.py:1043} INFO - Dependencies all met for <TaskInstance: IngestToGCP.processing_tasks_badges.spark_job scheduled__2014-07-01T00:00:00+00:00 [queued]>
[2022-04-06 00:50:38,886] {taskinstance.py:1249} INFO - 
--------------------------------------------------------------------------------
[2022-04-06 00:50:38,886] {taskinstance.py:1250} INFO - Starting attempt 1 of 1
[2022-04-06 00:50:38,886] {taskinstance.py:1251} INFO - 
--------------------------------------------------------------------------------
[2022-04-06 00:50:38,976] {taskinstance.py:1270} INFO - Executing <Task(SparkSubmitOperator): processing_tasks_badges.spark_job> on 2014-07-01 00:00:00+00:00
[2022-04-06 00:50:39,036] {standard_task_runner.py:52} INFO - Started process 108374 to run task
[2022-04-06 00:50:39,087] {standard_task_runner.py:79} INFO - Running: ['***', 'tasks', 'run', 'IngestToGCP', 'processing_tasks_badges.spark_job', 'scheduled__2014-07-01T00:00:00+00:00', '--job-id', '10090', '--raw', '--subdir', 'DAGS_FOLDER/ingest_dag.py', '--cfg-path', '/tmp/tmp1pszetnv', '--error-file', '/tmp/tmpcm6jvifz']
[2022-04-06 00:50:39,105] {standard_task_runner.py:80} INFO - Job 10090: Subtask processing_tasks_badges.spark_job
[2022-04-06 00:50:39,628] {logging_mixin.py:109} INFO - Running <TaskInstance: IngestToGCP.processing_tasks_badges.spark_job scheduled__2014-07-01T00:00:00+00:00 [running]> on host 9fe4286b2855
[2022-04-06 00:50:40,262] {logging_mixin.py:109} WARNING - /home/***/.local/lib/python3.7/site-packages/***/utils/context.py:156 AirflowContextDeprecationWarning: Accessing 'execution_date' from the template is deprecated and will be removed in a future version. Please use 'data_interval_start' or 'logical_date' instead.
[2022-04-06 00:50:40,458] {taskinstance.py:1448} INFO - Exporting the following env vars:
AIRFLOW_CTX_DAG_OWNER=***
AIRFLOW_CTX_DAG_ID=IngestToGCP
AIRFLOW_CTX_TASK_ID=processing_tasks_badges.spark_job
AIRFLOW_CTX_EXECUTION_DATE=2014-07-01T00:00:00+00:00
AIRFLOW_CTX_DAG_RUN_ID=scheduled__2014-07-01T00:00:00+00:00
[2022-04-06 00:50:40,533] {base.py:79} INFO - Using connection to: id: spark_project. Host: spark://spark, Port: 7077, Schema: , Login: , Password: None, extra: {'queue': 'root.default'}
[2022-04-06 00:50:40,535] {spark_submit.py:335} INFO - Spark-Submit cmd: spark-submit --master spark://spark:7077 --conf spark.master=local[*] --name format_schema --verbose --queue root.default ./dags/pyspark_parquet_transformation.py badges 2014-07
[2022-04-06 00:50:59,360] {spark_submit.py:488} INFO - Using properties file: null
[2022-04-06 00:51:00,841] {spark_submit.py:488} INFO - WARNING: An illegal reflective access operation has occurred
[2022-04-06 00:51:00,841] {spark_submit.py:488} INFO - WARNING: Illegal reflective access by org.apache.spark.unsafe.Platform (file:/opt/***/spark/spark-3.2.1-bin-hadoop3.2/jars/spark-unsafe_2.12-3.2.1.jar) to constructor java.nio.DirectByteBuffer(long,int)
[2022-04-06 00:51:00,842] {spark_submit.py:488} INFO - WARNING: Please consider reporting this to the maintainers of org.apache.spark.unsafe.Platform
[2022-04-06 00:51:00,842] {spark_submit.py:488} INFO - WARNING: Use --illegal-access=warn to enable warnings of further illegal reflective access operations
[2022-04-06 00:51:00,842] {spark_submit.py:488} INFO - WARNING: All illegal access operations will be denied in a future release
[2022-04-06 00:51:01,611] {spark_submit.py:488} INFO - Parsed arguments:
[2022-04-06 00:51:01,611] {spark_submit.py:488} INFO - master                  spark://spark:7077
[2022-04-06 00:51:01,612] {spark_submit.py:488} INFO - deployMode              null
[2022-04-06 00:51:01,612] {spark_submit.py:488} INFO - executorMemory          null
[2022-04-06 00:51:01,612] {spark_submit.py:488} INFO - executorCores           null
[2022-04-06 00:51:01,612] {spark_submit.py:488} INFO - totalExecutorCores      null
[2022-04-06 00:51:01,612] {spark_submit.py:488} INFO - propertiesFile          null
[2022-04-06 00:51:01,612] {spark_submit.py:488} INFO - driverMemory            null
[2022-04-06 00:51:01,612] {spark_submit.py:488} INFO - driverCores             null
[2022-04-06 00:51:01,612] {spark_submit.py:488} INFO - driverExtraClassPath    null
[2022-04-06 00:51:01,612] {spark_submit.py:488} INFO - driverExtraLibraryPath  null
[2022-04-06 00:51:01,612] {spark_submit.py:488} INFO - driverExtraJavaOptions  null
[2022-04-06 00:51:01,612] {spark_submit.py:488} INFO - supervise               false
[2022-04-06 00:51:01,612] {spark_submit.py:488} INFO - queue                   root.default
[2022-04-06 00:51:01,612] {spark_submit.py:488} INFO - numExecutors            null
[2022-04-06 00:51:01,613] {spark_submit.py:488} INFO - files                   null
[2022-04-06 00:51:01,613] {spark_submit.py:488} INFO - pyFiles                 null
[2022-04-06 00:51:01,613] {spark_submit.py:488} INFO - archives                null
[2022-04-06 00:51:01,613] {spark_submit.py:488} INFO - mainClass               null
[2022-04-06 00:51:01,613] {spark_submit.py:488} INFO - primaryResource         file:/opt/***/dags/pyspark_parquet_transformation.py
[2022-04-06 00:51:01,613] {spark_submit.py:488} INFO - name                    format_schema
[2022-04-06 00:51:01,613] {spark_submit.py:488} INFO - childArgs               [badges 2014-07]
[2022-04-06 00:51:01,613] {spark_submit.py:488} INFO - jars                    null
[2022-04-06 00:51:01,613] {spark_submit.py:488} INFO - packages                null
[2022-04-06 00:51:01,613] {spark_submit.py:488} INFO - packagesExclusions      null
[2022-04-06 00:51:01,613] {spark_submit.py:488} INFO - repositories            null
[2022-04-06 00:51:01,613] {spark_submit.py:488} INFO - verbose                 true
[2022-04-06 00:51:01,614] {spark_submit.py:488} INFO - 
[2022-04-06 00:51:01,614] {spark_submit.py:488} INFO - Spark properties used, including those specified through
[2022-04-06 00:51:01,614] {spark_submit.py:488} INFO - --conf and those from the properties file null:
[2022-04-06 00:51:01,614] {spark_submit.py:488} INFO - (spark.master,local[*])
[2022-04-06 00:51:01,614] {spark_submit.py:488} INFO - 
[2022-04-06 00:51:01,615] {spark_submit.py:488} INFO - 
[2022-04-06 00:51:09,005] {spark_submit.py:488} INFO - Main class:
[2022-04-06 00:51:09,006] {spark_submit.py:488} INFO - org.apache.spark.deploy.PythonRunner
[2022-04-06 00:51:09,007] {spark_submit.py:488} INFO - Arguments:
[2022-04-06 00:51:09,007] {spark_submit.py:488} INFO - file:/opt/***/dags/pyspark_parquet_transformation.py
[2022-04-06 00:51:09,007] {spark_submit.py:488} INFO - null
[2022-04-06 00:51:09,007] {spark_submit.py:488} INFO - badges
[2022-04-06 00:51:09,007] {spark_submit.py:488} INFO - 2014-07
[2022-04-06 00:51:09,064] {spark_submit.py:488} INFO - Spark config:
[2022-04-06 00:51:09,065] {spark_submit.py:488} INFO - (spark.master,spark://spark:7077)
[2022-04-06 00:51:09,065] {spark_submit.py:488} INFO - (spark.submit.pyFiles,)
[2022-04-06 00:51:09,065] {spark_submit.py:488} INFO - (spark.submit.deployMode,client)
[2022-04-06 00:51:09,065] {spark_submit.py:488} INFO - (spark.app.name,format_schema)
[2022-04-06 00:51:09,067] {spark_submit.py:488} INFO - Classpath elements:
[2022-04-06 00:51:09,067] {spark_submit.py:488} INFO - 
[2022-04-06 00:51:09,069] {spark_submit.py:488} INFO - 
[2022-04-06 00:51:09,080] {spark_submit.py:488} INFO - 
[2022-04-06 00:51:24,106] {spark_submit.py:488} INFO - Using Spark's default log4j profile: org/apache/spark/log4j-defaults.properties
[2022-04-06 00:51:24,207] {spark_submit.py:488} INFO - 22/04/06 00:51:24 INFO SparkContext: Running Spark version 3.2.1
[2022-04-06 00:51:24,980] {spark_submit.py:488} INFO - 22/04/06 00:51:24 WARN NativeCodeLoader: Unable to load native-hadoop library for your platform... using builtin-java classes where applicable
[2022-04-06 00:51:26,529] {spark_submit.py:488} INFO - 22/04/06 00:51:26 INFO ResourceUtils: ==============================================================
[2022-04-06 00:51:26,531] {spark_submit.py:488} INFO - 22/04/06 00:51:26 INFO ResourceUtils: No custom resources configured for spark.driver.
[2022-04-06 00:51:26,532] {spark_submit.py:488} INFO - 22/04/06 00:51:26 INFO ResourceUtils: ==============================================================
[2022-04-06 00:51:26,534] {spark_submit.py:488} INFO - 22/04/06 00:51:26 INFO SparkContext: Submitted application: Modidy Schema
[2022-04-06 00:51:26,857] {spark_submit.py:488} INFO - 22/04/06 00:51:26 INFO ResourceProfile: Default ResourceProfile created, executor resources: Map(cores -> name: cores, amount: 1, script: , vendor: , memory -> name: memory, amount: 1024, script: , vendor: , offHeap -> name: offHeap, amount: 0, script: , vendor: ), task resources: Map(cpus -> name: cpus, amount: 1.0)
[2022-04-06 00:51:27,052] {spark_submit.py:488} INFO - 22/04/06 00:51:27 INFO ResourceProfile: Limiting resource is cpu
[2022-04-06 00:51:27,053] {spark_submit.py:488} INFO - 22/04/06 00:51:27 INFO ResourceProfileManager: Added ResourceProfile id: 0
[2022-04-06 00:51:27,865] {spark_submit.py:488} INFO - 22/04/06 00:51:27 INFO SecurityManager: Changing view acls to: default
[2022-04-06 00:51:27,896] {spark_submit.py:488} INFO - 22/04/06 00:51:27 INFO SecurityManager: Changing modify acls to: default
[2022-04-06 00:51:27,896] {spark_submit.py:488} INFO - 22/04/06 00:51:27 INFO SecurityManager: Changing view acls groups to:
[2022-04-06 00:51:27,896] {spark_submit.py:488} INFO - 22/04/06 00:51:27 INFO SecurityManager: Changing modify acls groups to:
[2022-04-06 00:51:27,896] {spark_submit.py:488} INFO - 22/04/06 00:51:27 INFO SecurityManager: SecurityManager: authentication disabled; ui acls disabled; users  with view permissions: Set(default); groups with view permissions: Set(); users  with modify permissions: Set(default); groups with modify permissions: Set()
[2022-04-06 00:51:31,012] {spark_submit.py:488} INFO - 22/04/06 00:51:31 INFO Utils: Successfully started service 'sparkDriver' on port 43045.
[2022-04-06 00:51:31,355] {spark_submit.py:488} INFO - 22/04/06 00:51:31 INFO SparkEnv: Registering MapOutputTracker
[2022-04-06 00:51:31,571] {spark_submit.py:488} INFO - 22/04/06 00:51:31 INFO SparkEnv: Registering BlockManagerMaster
[2022-04-06 00:51:31,785] {spark_submit.py:488} INFO - 22/04/06 00:51:31 INFO BlockManagerMasterEndpoint: Using org.apache.spark.storage.DefaultTopologyMapper for getting topology information
[2022-04-06 00:51:31,806] {spark_submit.py:488} INFO - 22/04/06 00:51:31 INFO BlockManagerMasterEndpoint: BlockManagerMasterEndpoint up
[2022-04-06 00:51:31,912] {spark_submit.py:488} INFO - 22/04/06 00:51:31 INFO SparkEnv: Registering BlockManagerMasterHeartbeat
[2022-04-06 00:51:32,055] {spark_submit.py:488} INFO - 22/04/06 00:51:32 INFO DiskBlockManager: Created local directory at /tmp/blockmgr-0eff0cf0-ef48-4a5a-b44c-d4b96ee7135e
[2022-04-06 00:51:32,412] {spark_submit.py:488} INFO - 22/04/06 00:51:32 INFO MemoryStore: MemoryStore started with capacity 434.4 MiB
[2022-04-06 00:51:32,728] {spark_submit.py:488} INFO - 22/04/06 00:51:32 INFO SparkEnv: Registering OutputCommitCoordinator
[2022-04-06 00:51:36,725] {spark_submit.py:488} INFO - 22/04/06 00:51:36 WARN Utils: Service 'SparkUI' could not bind on port 4040. Attempting port 4041.
[2022-04-06 00:51:36,878] {spark_submit.py:488} INFO - 22/04/06 00:51:36 INFO Utils: Successfully started service 'SparkUI' on port 4041.
[2022-04-06 00:51:37,892] {spark_submit.py:488} INFO - 22/04/06 00:51:37 INFO SparkUI: Bound SparkUI to 0.0.0.0, and started at http://9fe4286b2855:4041
[2022-04-06 00:51:40,637] {spark_submit.py:488} INFO - 22/04/06 00:51:40 INFO Executor: Starting executor ID driver on host 9fe4286b2855
[2022-04-06 00:51:40,850] {spark_submit.py:488} INFO - 22/04/06 00:51:40 INFO Utils: Successfully started service 'org.apache.spark.network.netty.NettyBlockTransferService' on port 38507.
[2022-04-06 00:51:40,850] {spark_submit.py:488} INFO - 22/04/06 00:51:40 INFO NettyBlockTransferService: Server created on 9fe4286b2855:38507
[2022-04-06 00:51:40,855] {spark_submit.py:488} INFO - 22/04/06 00:51:40 INFO BlockManager: Using org.apache.spark.storage.RandomBlockReplicationPolicy for block replication policy
[2022-04-06 00:51:40,935] {spark_submit.py:488} INFO - 22/04/06 00:51:40 INFO BlockManagerMaster: Registering BlockManager BlockManagerId(driver, 9fe4286b2855, 38507, None)
[2022-04-06 00:51:40,944] {spark_submit.py:488} INFO - 22/04/06 00:51:40 INFO BlockManagerMasterEndpoint: Registering block manager 9fe4286b2855:38507 with 434.4 MiB RAM, BlockManagerId(driver, 9fe4286b2855, 38507, None)
[2022-04-06 00:51:40,973] {spark_submit.py:488} INFO - 22/04/06 00:51:40 INFO BlockManagerMaster: Registered BlockManager BlockManagerId(driver, 9fe4286b2855, 38507, None)
[2022-04-06 00:51:40,977] {spark_submit.py:488} INFO - 22/04/06 00:51:40 INFO BlockManager: Initialized BlockManager: BlockManagerId(driver, 9fe4286b2855, 38507, None)
[2022-04-06 00:51:57,424] {spark_submit.py:488} INFO - 22/04/06 00:51:57 INFO SharedState: Setting hive.metastore.warehouse.dir ('null') to the value of spark.sql.warehouse.dir.
[2022-04-06 00:51:58,166] {spark_submit.py:488} INFO - 22/04/06 00:51:58 INFO SharedState: Warehouse path is 'file:/opt/***/spark-warehouse'.
[2022-04-06 00:52:25,839] {spark_submit.py:488} INFO - 22/04/06 00:52:25 INFO InMemoryFileIndex: It took 882 ms to list leaf files for 1 paths.
[2022-04-06 00:52:34,963] {spark_submit.py:488} INFO - 22/04/06 00:52:34 INFO SparkContext: Starting job: parquet at NativeMethodAccessorImpl.java:0
[2022-04-06 00:52:35,126] {spark_submit.py:488} INFO - 22/04/06 00:52:35 INFO DAGScheduler: Got job 0 (parquet at NativeMethodAccessorImpl.java:0) with 1 output partitions
[2022-04-06 00:52:35,126] {spark_submit.py:488} INFO - 22/04/06 00:52:35 INFO DAGScheduler: Final stage: ResultStage 0 (parquet at NativeMethodAccessorImpl.java:0)
[2022-04-06 00:52:35,127] {spark_submit.py:488} INFO - 22/04/06 00:52:35 INFO DAGScheduler: Parents of final stage: List()
[2022-04-06 00:52:35,158] {spark_submit.py:488} INFO - 22/04/06 00:52:35 INFO DAGScheduler: Missing parents: List()
[2022-04-06 00:52:35,228] {spark_submit.py:488} INFO - 22/04/06 00:52:35 INFO DAGScheduler: Submitting ResultStage 0 (MapPartitionsRDD[1] at parquet at NativeMethodAccessorImpl.java:0), which has no missing parents
[2022-04-06 00:52:36,201] {spark_submit.py:488} INFO - 22/04/06 00:52:36 INFO MemoryStore: Block broadcast_0 stored as values in memory (estimated size 100.1 KiB, free 434.3 MiB)
[2022-04-06 00:52:36,647] {spark_submit.py:488} INFO - 22/04/06 00:52:36 INFO MemoryStore: Block broadcast_0_piece0 stored as bytes in memory (estimated size 35.7 KiB, free 434.3 MiB)
[2022-04-06 00:52:36,657] {spark_submit.py:488} INFO - 22/04/06 00:52:36 INFO BlockManagerInfo: Added broadcast_0_piece0 in memory on 9fe4286b2855:38507 (size: 35.7 KiB, free: 434.4 MiB)
[2022-04-06 00:52:36,691] {spark_submit.py:488} INFO - 22/04/06 00:52:36 INFO SparkContext: Created broadcast 0 from broadcast at DAGScheduler.scala:1478
[2022-04-06 00:52:36,956] {spark_submit.py:488} INFO - 22/04/06 00:52:36 INFO DAGScheduler: Submitting 1 missing tasks from ResultStage 0 (MapPartitionsRDD[1] at parquet at NativeMethodAccessorImpl.java:0) (first 15 tasks are for partitions Vector(0))
[2022-04-06 00:52:36,992] {spark_submit.py:488} INFO - 22/04/06 00:52:36 INFO TaskSchedulerImpl: Adding task set 0.0 with 1 tasks resource profile 0
[2022-04-06 00:52:37,751] {spark_submit.py:488} INFO - 22/04/06 00:52:37 INFO TaskSetManager: Starting task 0.0 in stage 0.0 (TID 0) (9fe4286b2855, executor driver, partition 0, PROCESS_LOCAL, 4615 bytes) taskResourceAssignments Map()
[2022-04-06 00:52:37,957] {spark_submit.py:488} INFO - 22/04/06 00:52:37 INFO Executor: Running task 0.0 in stage 0.0 (TID 0)
[2022-04-06 00:52:47,846] {spark_submit.py:488} INFO - 22/04/06 00:52:47 INFO Executor: Finished task 0.0 in stage 0.0 (TID 0). 1954 bytes result sent to driver
[2022-04-06 00:52:48,025] {spark_submit.py:488} INFO - 22/04/06 00:52:47 INFO TaskSetManager: Finished task 0.0 in stage 0.0 (TID 0) in 10550 ms on 9fe4286b2855 (executor driver) (1/1)
[2022-04-06 00:52:48,044] {spark_submit.py:488} INFO - 22/04/06 00:52:48 INFO DAGScheduler: ResultStage 0 (parquet at NativeMethodAccessorImpl.java:0) finished in 12.607 s
[2022-04-06 00:52:48,185] {spark_submit.py:488} INFO - 22/04/06 00:52:48 INFO TaskSchedulerImpl: Removed TaskSet 0.0, whose tasks have all completed, from pool
[2022-04-06 00:52:48,186] {spark_submit.py:488} INFO - 22/04/06 00:52:48 INFO DAGScheduler: Job 0 is finished. Cancelling potential speculative or zombie tasks for this job
[2022-04-06 00:52:48,187] {spark_submit.py:488} INFO - 22/04/06 00:52:48 INFO TaskSchedulerImpl: Killing all running tasks in stage 0: Stage finished
[2022-04-06 00:52:48,195] {spark_submit.py:488} INFO - 22/04/06 00:52:48 INFO DAGScheduler: Job 0 finished: parquet at NativeMethodAccessorImpl.java:0, took 13.226252 s
[2022-04-06 00:52:58,486] {spark_submit.py:488} INFO - 22/04/06 00:52:58 INFO BlockManagerInfo: Removed broadcast_0_piece0 on 9fe4286b2855:38507 in memory (size: 35.7 KiB, free: 434.4 MiB)
[2022-04-06 00:53:23,877] {spark_submit.py:488} INFO - 22/04/06 00:53:23 INFO FileSourceStrategy: Pushed Filters:
[2022-04-06 00:53:23,880] {spark_submit.py:488} INFO - 22/04/06 00:53:23 INFO FileSourceStrategy: Post-Scan Filters:
[2022-04-06 00:53:23,886] {spark_submit.py:488} INFO - 22/04/06 00:53:23 INFO FileSourceStrategy: Output Data Schema: struct<id: bigint, name: string, date: string, user_id: bigint, class: bigint ... 5 more fields>
[2022-04-06 00:53:26,843] {spark_submit.py:488} INFO - 22/04/06 00:53:26 INFO ParquetFileFormat: Using default output committer for Parquet: org.apache.parquet.hadoop.ParquetOutputCommitter
[2022-04-06 00:53:27,177] {spark_submit.py:488} INFO - 22/04/06 00:53:27 INFO FileOutputCommitter: File Output Committer Algorithm version is 1
[2022-04-06 00:53:27,177] {spark_submit.py:488} INFO - 22/04/06 00:53:27 INFO FileOutputCommitter: FileOutputCommitter skip cleanup _temporary folders under output directory:false, ignore cleanup failures: false
[2022-04-06 00:53:27,179] {spark_submit.py:488} INFO - 22/04/06 00:53:27 INFO SQLHadoopMapReduceCommitProtocol: Using user defined output committer class org.apache.parquet.hadoop.ParquetOutputCommitter
[2022-04-06 00:53:27,180] {spark_submit.py:488} INFO - 22/04/06 00:53:27 INFO FileOutputCommitter: File Output Committer Algorithm version is 1
[2022-04-06 00:53:27,180] {spark_submit.py:488} INFO - 22/04/06 00:53:27 INFO FileOutputCommitter: FileOutputCommitter skip cleanup _temporary folders under output directory:false, ignore cleanup failures: false
[2022-04-06 00:53:27,203] {spark_submit.py:488} INFO - 22/04/06 00:53:27 INFO SQLHadoopMapReduceCommitProtocol: Using output committer class org.apache.parquet.hadoop.ParquetOutputCommitter
[2022-04-06 00:53:32,906] {spark_submit.py:488} INFO - 22/04/06 00:53:32 INFO CodeGenerator: Code generated in 3015.523386 ms
[2022-04-06 00:53:33,187] {spark_submit.py:488} INFO - 22/04/06 00:53:33 INFO MemoryStore: Block broadcast_1 stored as values in memory (estimated size 192.3 KiB, free 434.2 MiB)
[2022-04-06 00:53:33,362] {spark_submit.py:488} INFO - 22/04/06 00:53:33 INFO MemoryStore: Block broadcast_1_piece0 stored as bytes in memory (estimated size 33.6 KiB, free 434.2 MiB)
[2022-04-06 00:53:33,364] {spark_submit.py:488} INFO - 22/04/06 00:53:33 INFO BlockManagerInfo: Added broadcast_1_piece0 in memory on 9fe4286b2855:38507 (size: 33.6 KiB, free: 434.4 MiB)
[2022-04-06 00:53:33,437] {spark_submit.py:488} INFO - 22/04/06 00:53:33 INFO SparkContext: Created broadcast 1 from save at NativeMethodAccessorImpl.java:0
[2022-04-06 00:53:33,682] {spark_submit.py:488} INFO - 22/04/06 00:53:33 INFO FileSourceScanExec: Planning scan with bin packing, max size: 4194304 bytes, open cost is considered as scanning 4194304 bytes.
[2022-04-06 00:53:34,742] {spark_submit.py:488} INFO - 22/04/06 00:53:34 INFO DAGScheduler: Registering RDD 6 (save at NativeMethodAccessorImpl.java:0) as input to shuffle 0
[2022-04-06 00:53:34,749] {spark_submit.py:488} INFO - 22/04/06 00:53:34 INFO DAGScheduler: Got map stage job 1 (save at NativeMethodAccessorImpl.java:0) with 2 output partitions
[2022-04-06 00:53:34,769] {spark_submit.py:488} INFO - 22/04/06 00:53:34 INFO DAGScheduler: Final stage: ShuffleMapStage 1 (save at NativeMethodAccessorImpl.java:0)
[2022-04-06 00:53:34,770] {spark_submit.py:488} INFO - 22/04/06 00:53:34 INFO DAGScheduler: Parents of final stage: List()
[2022-04-06 00:53:34,774] {spark_submit.py:488} INFO - 22/04/06 00:53:34 INFO DAGScheduler: Missing parents: List()
[2022-04-06 00:53:34,829] {spark_submit.py:488} INFO - 22/04/06 00:53:34 INFO DAGScheduler: Submitting ShuffleMapStage 1 (MapPartitionsRDD[6] at save at NativeMethodAccessorImpl.java:0), which has no missing parents
[2022-04-06 00:53:35,327] {spark_submit.py:488} INFO - 22/04/06 00:53:35 INFO MemoryStore: Block broadcast_2 stored as values in memory (estimated size 20.7 KiB, free 434.2 MiB)
[2022-04-06 00:53:35,409] {spark_submit.py:488} INFO - 22/04/06 00:53:35 INFO MemoryStore: Block broadcast_2_piece0 stored as bytes in memory (estimated size 8.5 KiB, free 434.2 MiB)
[2022-04-06 00:53:35,411] {spark_submit.py:488} INFO - 22/04/06 00:53:35 INFO BlockManagerInfo: Added broadcast_2_piece0 in memory on 9fe4286b2855:38507 (size: 8.5 KiB, free: 434.4 MiB)
[2022-04-06 00:53:35,442] {spark_submit.py:488} INFO - 22/04/06 00:53:35 INFO SparkContext: Created broadcast 2 from broadcast at DAGScheduler.scala:1478
[2022-04-06 00:53:35,455] {spark_submit.py:488} INFO - 22/04/06 00:53:35 INFO DAGScheduler: Submitting 2 missing tasks from ShuffleMapStage 1 (MapPartitionsRDD[6] at save at NativeMethodAccessorImpl.java:0) (first 15 tasks are for partitions Vector(0, 1))
[2022-04-06 00:53:35,500] {spark_submit.py:488} INFO - 22/04/06 00:53:35 INFO TaskSchedulerImpl: Adding task set 1.0 with 2 tasks resource profile 0
[2022-04-06 00:53:35,519] {spark_submit.py:488} INFO - 22/04/06 00:53:35 INFO TaskSetManager: Starting task 0.0 in stage 1.0 (TID 1) (9fe4286b2855, executor driver, partition 0, PROCESS_LOCAL, 4881 bytes) taskResourceAssignments Map()
[2022-04-06 00:53:35,525] {spark_submit.py:488} INFO - 22/04/06 00:53:35 INFO TaskSetManager: Starting task 1.0 in stage 1.0 (TID 2) (9fe4286b2855, executor driver, partition 1, PROCESS_LOCAL, 4881 bytes) taskResourceAssignments Map()
[2022-04-06 00:53:35,532] {spark_submit.py:488} INFO - 22/04/06 00:53:35 INFO Executor: Running task 0.0 in stage 1.0 (TID 1)
[2022-04-06 00:53:35,590] {spark_submit.py:488} INFO - 22/04/06 00:53:35 INFO Executor: Running task 1.0 in stage 1.0 (TID 2)
[2022-04-06 00:53:36,753] {spark_submit.py:488} INFO - 22/04/06 00:53:36 INFO FileScanRDD: Reading File path: gs://dtc_data_lake_de-stack-overflow/parquet/badges-2014-07.parquet, range: 4194304-5829442, partition values: [empty row]
[2022-04-06 00:53:36,781] {spark_submit.py:488} INFO - 22/04/06 00:53:36 INFO FileScanRDD: Reading File path: gs://dtc_data_lake_de-stack-overflow/parquet/badges-2014-07.parquet, range: 0-4194304, partition values: [empty row]
[2022-04-06 00:53:40,300] {spark_submit.py:488} INFO - 22/04/06 00:53:40 INFO Executor: Finished task 1.0 in stage 1.0 (TID 2). 1857 bytes result sent to driver
[2022-04-06 00:53:40,339] {spark_submit.py:488} INFO - 22/04/06 00:53:40 INFO TaskSetManager: Finished task 1.0 in stage 1.0 (TID 2) in 4815 ms on 9fe4286b2855 (executor driver) (1/2)
[2022-04-06 00:53:42,072] {spark_submit.py:488} INFO - 22/04/06 00:53:42 INFO CodecPool: Got brand-new decompressor [.snappy]
[2022-04-06 00:54:21,852] {spark_submit.py:488} INFO - 22/04/06 00:54:21 INFO Executor: Finished task 0.0 in stage 1.0 (TID 1). 2029 bytes result sent to driver
[2022-04-06 00:54:21,891] {spark_submit.py:488} INFO - 22/04/06 00:54:21 INFO TaskSetManager: Finished task 0.0 in stage 1.0 (TID 1) in 46380 ms on 9fe4286b2855 (executor driver) (2/2)
[2022-04-06 00:54:22,011] {spark_submit.py:488} INFO - 22/04/06 00:54:21 INFO TaskSchedulerImpl: Removed TaskSet 1.0, whose tasks have all completed, from pool
[2022-04-06 00:54:22,011] {spark_submit.py:488} INFO - 22/04/06 00:54:21 INFO DAGScheduler: ShuffleMapStage 1 (save at NativeMethodAccessorImpl.java:0) finished in 47.010 s
[2022-04-06 00:54:22,011] {spark_submit.py:488} INFO - 22/04/06 00:54:21 INFO DAGScheduler: looking for newly runnable stages
[2022-04-06 00:54:22,011] {spark_submit.py:488} INFO - 22/04/06 00:54:21 INFO DAGScheduler: running: Set()
[2022-04-06 00:54:22,011] {spark_submit.py:488} INFO - 22/04/06 00:54:21 INFO DAGScheduler: waiting: Set()
[2022-04-06 00:54:22,011] {spark_submit.py:488} INFO - 22/04/06 00:54:21 INFO DAGScheduler: failed: Set()
[2022-04-06 00:54:23,097] {spark_submit.py:488} INFO - 22/04/06 00:54:23 INFO SparkContext: Starting job: save at NativeMethodAccessorImpl.java:0
[2022-04-06 00:54:23,098] {spark_submit.py:488} INFO - 22/04/06 00:54:23 INFO DAGScheduler: Got job 2 (save at NativeMethodAccessorImpl.java:0) with 4 output partitions
[2022-04-06 00:54:23,098] {spark_submit.py:488} INFO - 22/04/06 00:54:23 INFO DAGScheduler: Final stage: ResultStage 3 (save at NativeMethodAccessorImpl.java:0)
[2022-04-06 00:54:23,098] {spark_submit.py:488} INFO - 22/04/06 00:54:23 INFO DAGScheduler: Parents of final stage: List(ShuffleMapStage 2)
[2022-04-06 00:54:23,098] {spark_submit.py:488} INFO - 22/04/06 00:54:23 INFO DAGScheduler: Missing parents: List()
[2022-04-06 00:54:23,102] {spark_submit.py:488} INFO - 22/04/06 00:54:23 INFO DAGScheduler: Submitting ResultStage 3 (ShuffledRowRDD[7] at save at NativeMethodAccessorImpl.java:0), which has no missing parents
[2022-04-06 00:54:23,950] {spark_submit.py:488} INFO - 22/04/06 00:54:23 INFO MemoryStore: Block broadcast_3 stored as values in memory (estimated size 202.3 KiB, free 434.0 MiB)
[2022-04-06 00:54:24,096] {spark_submit.py:488} INFO - 22/04/06 00:54:24 INFO MemoryStore: Block broadcast_3_piece0 stored as bytes in memory (estimated size 72.3 KiB, free 433.9 MiB)
[2022-04-06 00:54:24,100] {spark_submit.py:488} INFO - 22/04/06 00:54:24 INFO BlockManagerInfo: Added broadcast_3_piece0 in memory on 9fe4286b2855:38507 (size: 72.3 KiB, free: 434.3 MiB)
[2022-04-06 00:54:24,102] {spark_submit.py:488} INFO - 22/04/06 00:54:24 INFO SparkContext: Created broadcast 3 from broadcast at DAGScheduler.scala:1478
[2022-04-06 00:54:24,117] {spark_submit.py:488} INFO - 22/04/06 00:54:24 INFO DAGScheduler: Submitting 4 missing tasks from ResultStage 3 (ShuffledRowRDD[7] at save at NativeMethodAccessorImpl.java:0) (first 15 tasks are for partitions Vector(0, 1, 2, 3))
[2022-04-06 00:54:24,121] {spark_submit.py:488} INFO - 22/04/06 00:54:24 INFO TaskSchedulerImpl: Adding task set 3.0 with 4 tasks resource profile 0
[2022-04-06 00:54:24,181] {spark_submit.py:488} INFO - 22/04/06 00:54:24 INFO TaskSetManager: Starting task 0.0 in stage 3.0 (TID 3) (9fe4286b2855, executor driver, partition 0, NODE_LOCAL, 4453 bytes) taskResourceAssignments Map()
[2022-04-06 00:54:24,183] {spark_submit.py:488} INFO - 22/04/06 00:54:24 INFO TaskSetManager: Starting task 1.0 in stage 3.0 (TID 4) (9fe4286b2855, executor driver, partition 1, NODE_LOCAL, 4453 bytes) taskResourceAssignments Map()
[2022-04-06 00:54:24,185] {spark_submit.py:488} INFO - 22/04/06 00:54:24 INFO TaskSetManager: Starting task 2.0 in stage 3.0 (TID 5) (9fe4286b2855, executor driver, partition 2, NODE_LOCAL, 4453 bytes) taskResourceAssignments Map()
[2022-04-06 00:54:24,185] {spark_submit.py:488} INFO - 22/04/06 00:54:24 INFO TaskSetManager: Starting task 3.0 in stage 3.0 (TID 6) (9fe4286b2855, executor driver, partition 3, NODE_LOCAL, 4453 bytes) taskResourceAssignments Map()
[2022-04-06 00:54:24,187] {spark_submit.py:488} INFO - 22/04/06 00:54:24 INFO Executor: Running task 0.0 in stage 3.0 (TID 3)
[2022-04-06 00:54:24,187] {spark_submit.py:488} INFO - 22/04/06 00:54:24 INFO Executor: Running task 1.0 in stage 3.0 (TID 4)
[2022-04-06 00:54:24,340] {spark_submit.py:488} INFO - 22/04/06 00:54:24 INFO Executor: Running task 2.0 in stage 3.0 (TID 5)
[2022-04-06 00:54:24,346] {spark_submit.py:488} INFO - 22/04/06 00:54:24 INFO Executor: Running task 3.0 in stage 3.0 (TID 6)
[2022-04-06 00:54:25,098] {spark_submit.py:488} INFO - 22/04/06 00:54:25 INFO ShuffleBlockFetcherIterator: Getting 1 (2.7 MiB) non-empty blocks including 1 (2.7 MiB) local and 0 (0.0 B) host-local and 0 (0.0 B) push-merged-local and 0 (0.0 B) remote blocks
[2022-04-06 00:54:25,106] {spark_submit.py:488} INFO - 22/04/06 00:54:25 INFO ShuffleBlockFetcherIterator: Started 0 remote fetches in 57 ms
[2022-04-06 00:54:25,159] {spark_submit.py:488} INFO - 22/04/06 00:54:25 INFO ShuffleBlockFetcherIterator: Getting 1 (2.7 MiB) non-empty blocks including 1 (2.7 MiB) local and 0 (0.0 B) host-local and 0 (0.0 B) push-merged-local and 0 (0.0 B) remote blocks
[2022-04-06 00:54:25,160] {spark_submit.py:488} INFO - 22/04/06 00:54:25 INFO ShuffleBlockFetcherIterator: Started 0 remote fetches in 109 ms
[2022-04-06 00:54:25,168] {spark_submit.py:488} INFO - 22/04/06 00:54:25 INFO ShuffleBlockFetcherIterator: Getting 1 (2.7 MiB) non-empty blocks including 1 (2.7 MiB) local and 0 (0.0 B) host-local and 0 (0.0 B) push-merged-local and 0 (0.0 B) remote blocks
[2022-04-06 00:54:25,169] {spark_submit.py:488} INFO - 22/04/06 00:54:25 INFO ShuffleBlockFetcherIterator: Started 0 remote fetches in 124 ms
[2022-04-06 00:54:25,172] {spark_submit.py:488} INFO - 22/04/06 00:54:25 INFO ShuffleBlockFetcherIterator: Getting 1 (2.7 MiB) non-empty blocks including 1 (2.7 MiB) local and 0 (0.0 B) host-local and 0 (0.0 B) push-merged-local and 0 (0.0 B) remote blocks
[2022-04-06 00:54:25,172] {spark_submit.py:488} INFO - 22/04/06 00:54:25 INFO ShuffleBlockFetcherIterator: Started 0 remote fetches in 107 ms
[2022-04-06 00:54:25,178] {spark_submit.py:488} INFO - 22/04/06 00:54:25 INFO FileOutputCommitter: File Output Committer Algorithm version is 1
[2022-04-06 00:54:25,179] {spark_submit.py:488} INFO - 22/04/06 00:54:25 INFO FileOutputCommitter: FileOutputCommitter skip cleanup _temporary folders under output directory:false, ignore cleanup failures: false
[2022-04-06 00:54:25,228] {spark_submit.py:488} INFO - 22/04/06 00:54:25 INFO SQLHadoopMapReduceCommitProtocol: Using user defined output committer class org.apache.parquet.hadoop.ParquetOutputCommitter
[2022-04-06 00:54:25,228] {spark_submit.py:488} INFO - 22/04/06 00:54:25 INFO FileOutputCommitter: File Output Committer Algorithm version is 1
[2022-04-06 00:54:25,229] {spark_submit.py:488} INFO - 22/04/06 00:54:25 INFO FileOutputCommitter: FileOutputCommitter skip cleanup _temporary folders under output directory:false, ignore cleanup failures: false
[2022-04-06 00:54:25,232] {spark_submit.py:488} INFO - 22/04/06 00:54:25 INFO SQLHadoopMapReduceCommitProtocol: Using output committer class org.apache.parquet.hadoop.ParquetOutputCommitter
[2022-04-06 00:54:25,274] {spark_submit.py:488} INFO - 22/04/06 00:54:25 INFO FileOutputCommitter: File Output Committer Algorithm version is 1
[2022-04-06 00:54:25,274] {spark_submit.py:488} INFO - 22/04/06 00:54:25 INFO FileOutputCommitter: FileOutputCommitter skip cleanup _temporary folders under output directory:false, ignore cleanup failures: false
[2022-04-06 00:54:25,275] {spark_submit.py:488} INFO - 22/04/06 00:54:25 INFO FileOutputCommitter: File Output Committer Algorithm version is 1
[2022-04-06 00:54:25,275] {spark_submit.py:488} INFO - 22/04/06 00:54:25 INFO FileOutputCommitter: FileOutputCommitter skip cleanup _temporary folders under output directory:false, ignore cleanup failures: false
[2022-04-06 00:54:25,277] {spark_submit.py:488} INFO - 22/04/06 00:54:25 INFO SQLHadoopMapReduceCommitProtocol: Using user defined output committer class org.apache.parquet.hadoop.ParquetOutputCommitter
[2022-04-06 00:54:25,277] {spark_submit.py:488} INFO - 22/04/06 00:54:25 INFO FileOutputCommitter: File Output Committer Algorithm version is 1
[2022-04-06 00:54:25,277] {spark_submit.py:488} INFO - 22/04/06 00:54:25 INFO FileOutputCommitter: FileOutputCommitter skip cleanup _temporary folders under output directory:false, ignore cleanup failures: false
[2022-04-06 00:54:25,277] {spark_submit.py:488} INFO - 22/04/06 00:54:25 INFO SQLHadoopMapReduceCommitProtocol: Using user defined output committer class org.apache.parquet.hadoop.ParquetOutputCommitter
[2022-04-06 00:54:25,277] {spark_submit.py:488} INFO - 22/04/06 00:54:25 INFO FileOutputCommitter: File Output Committer Algorithm version is 1
[2022-04-06 00:54:25,277] {spark_submit.py:488} INFO - 22/04/06 00:54:25 INFO FileOutputCommitter: FileOutputCommitter skip cleanup _temporary folders under output directory:false, ignore cleanup failures: false
[2022-04-06 00:54:25,277] {spark_submit.py:488} INFO - 22/04/06 00:54:25 INFO SQLHadoopMapReduceCommitProtocol: Using output committer class org.apache.parquet.hadoop.ParquetOutputCommitter
[2022-04-06 00:54:25,278] {spark_submit.py:488} INFO - 22/04/06 00:54:25 INFO SQLHadoopMapReduceCommitProtocol: Using output committer class org.apache.parquet.hadoop.ParquetOutputCommitter
[2022-04-06 00:54:25,281] {spark_submit.py:488} INFO - 22/04/06 00:54:25 INFO FileOutputCommitter: File Output Committer Algorithm version is 1
[2022-04-06 00:54:25,281] {spark_submit.py:488} INFO - 22/04/06 00:54:25 INFO FileOutputCommitter: FileOutputCommitter skip cleanup _temporary folders under output directory:false, ignore cleanup failures: false
[2022-04-06 00:54:25,282] {spark_submit.py:488} INFO - 22/04/06 00:54:25 INFO SQLHadoopMapReduceCommitProtocol: Using user defined output committer class org.apache.parquet.hadoop.ParquetOutputCommitter
[2022-04-06 00:54:25,282] {spark_submit.py:488} INFO - 22/04/06 00:54:25 INFO FileOutputCommitter: File Output Committer Algorithm version is 1
[2022-04-06 00:54:25,282] {spark_submit.py:488} INFO - 22/04/06 00:54:25 INFO FileOutputCommitter: FileOutputCommitter skip cleanup _temporary folders under output directory:false, ignore cleanup failures: false
[2022-04-06 00:54:25,282] {spark_submit.py:488} INFO - 22/04/06 00:54:25 INFO SQLHadoopMapReduceCommitProtocol: Using output committer class org.apache.parquet.hadoop.ParquetOutputCommitter
[2022-04-06 00:54:25,351] {spark_submit.py:488} INFO - 22/04/06 00:54:25 INFO CodecConfig: Compression: SNAPPY
[2022-04-06 00:54:25,461] {spark_submit.py:488} INFO - 22/04/06 00:54:25 INFO CodecConfig: Compression: SNAPPY
[2022-04-06 00:54:25,462] {spark_submit.py:488} INFO - 22/04/06 00:54:25 INFO CodecConfig: Compression: SNAPPY
[2022-04-06 00:54:25,467] {spark_submit.py:488} INFO - 22/04/06 00:54:25 INFO CodecConfig: Compression: SNAPPY
[2022-04-06 00:54:25,468] {spark_submit.py:488} INFO - 22/04/06 00:54:25 INFO CodecConfig: Compression: SNAPPY
[2022-04-06 00:54:25,469] {spark_submit.py:488} INFO - 22/04/06 00:54:25 INFO CodecConfig: Compression: SNAPPY
[2022-04-06 00:54:25,469] {spark_submit.py:488} INFO - 22/04/06 00:54:25 INFO CodecConfig: Compression: SNAPPY
[2022-04-06 00:54:25,476] {spark_submit.py:488} INFO - 22/04/06 00:54:25 INFO CodecConfig: Compression: SNAPPY
[2022-04-06 00:54:25,625] {spark_submit.py:488} INFO - 22/04/06 00:54:25 INFO ParquetOutputFormat: Parquet block size to 134217728
[2022-04-06 00:54:25,625] {spark_submit.py:488} INFO - 22/04/06 00:54:25 INFO ParquetOutputFormat: Validation is off
[2022-04-06 00:54:25,626] {spark_submit.py:488} INFO - 22/04/06 00:54:25 INFO ParquetOutputFormat: Maximum row group padding size is 8388608 bytes
[2022-04-06 00:54:25,626] {spark_submit.py:488} INFO - 22/04/06 00:54:25 INFO ParquetOutputFormat: Parquet properties are:
[2022-04-06 00:54:25,626] {spark_submit.py:488} INFO - Parquet page size to 1048576
[2022-04-06 00:54:25,626] {spark_submit.py:488} INFO - Parquet dictionary page size to 1048576
[2022-04-06 00:54:25,626] {spark_submit.py:488} INFO - Dictionary is true
[2022-04-06 00:54:25,626] {spark_submit.py:488} INFO - Writer version is: PARQUET_1_0
[2022-04-06 00:54:25,626] {spark_submit.py:488} INFO - Page size checking is: estimated
[2022-04-06 00:54:25,626] {spark_submit.py:488} INFO - Min row count for page size check is: 100
[2022-04-06 00:54:25,626] {spark_submit.py:488} INFO - Max row count for page size check is: 10000
[2022-04-06 00:54:25,626] {spark_submit.py:488} INFO - Truncate length for column indexes is: 64
[2022-04-06 00:54:25,626] {spark_submit.py:488} INFO - Truncate length for statistics min/max  is: 2147483647
[2022-04-06 00:54:25,627] {spark_submit.py:488} INFO - Bloom filter enabled: false
[2022-04-06 00:54:25,627] {spark_submit.py:488} INFO - Max Bloom filter size for a column is 1048576
[2022-04-06 00:54:25,627] {spark_submit.py:488} INFO - Bloom filter expected number of distinct values are: null
[2022-04-06 00:54:25,627] {spark_submit.py:488} INFO - Page row count limit to 20000
[2022-04-06 00:54:25,627] {spark_submit.py:488} INFO - Writing page checksums is: on
[2022-04-06 00:54:25,631] {spark_submit.py:488} INFO - 22/04/06 00:54:25 INFO ParquetOutputFormat: Parquet block size to 134217728
[2022-04-06 00:54:25,631] {spark_submit.py:488} INFO - 22/04/06 00:54:25 INFO ParquetOutputFormat: Validation is off
[2022-04-06 00:54:25,631] {spark_submit.py:488} INFO - 22/04/06 00:54:25 INFO ParquetOutputFormat: Maximum row group padding size is 8388608 bytes
[2022-04-06 00:54:25,631] {spark_submit.py:488} INFO - 22/04/06 00:54:25 INFO ParquetOutputFormat: Parquet properties are:
[2022-04-06 00:54:25,632] {spark_submit.py:488} INFO - Parquet page size to 1048576
[2022-04-06 00:54:25,632] {spark_submit.py:488} INFO - Parquet dictionary page size to 1048576
[2022-04-06 00:54:25,632] {spark_submit.py:488} INFO - Dictionary is true
[2022-04-06 00:54:25,632] {spark_submit.py:488} INFO - Writer version is: PARQUET_1_0
[2022-04-06 00:54:25,632] {spark_submit.py:488} INFO - Page size checking is: estimated
[2022-04-06 00:54:25,632] {spark_submit.py:488} INFO - Min row count for page size check is: 100
[2022-04-06 00:54:25,632] {spark_submit.py:488} INFO - Max row count for page size check is: 10000
[2022-04-06 00:54:25,632] {spark_submit.py:488} INFO - Truncate length for column indexes is: 64
[2022-04-06 00:54:25,632] {spark_submit.py:488} INFO - Truncate length for statistics min/max  is: 2147483647
[2022-04-06 00:54:25,632] {spark_submit.py:488} INFO - Bloom filter enabled: false
[2022-04-06 00:54:25,632] {spark_submit.py:488} INFO - Max Bloom filter size for a column is 1048576
[2022-04-06 00:54:25,632] {spark_submit.py:488} INFO - Bloom filter expected number of distinct values are: null
[2022-04-06 00:54:25,632] {spark_submit.py:488} INFO - Page row count limit to 20000
[2022-04-06 00:54:25,633] {spark_submit.py:488} INFO - Writing page checksums is: on
[2022-04-06 00:54:25,638] {spark_submit.py:488} INFO - 22/04/06 00:54:25 INFO ParquetOutputFormat: Parquet block size to 134217728
[2022-04-06 00:54:25,639] {spark_submit.py:488} INFO - 22/04/06 00:54:25 INFO ParquetOutputFormat: Validation is off
[2022-04-06 00:54:25,639] {spark_submit.py:488} INFO - 22/04/06 00:54:25 INFO ParquetOutputFormat: Maximum row group padding size is 8388608 bytes
[2022-04-06 00:54:25,639] {spark_submit.py:488} INFO - 22/04/06 00:54:25 INFO ParquetOutputFormat: Parquet properties are:
[2022-04-06 00:54:25,639] {spark_submit.py:488} INFO - Parquet page size to 1048576
[2022-04-06 00:54:25,639] {spark_submit.py:488} INFO - Parquet dictionary page size to 1048576
[2022-04-06 00:54:25,639] {spark_submit.py:488} INFO - Dictionary is true
[2022-04-06 00:54:25,639] {spark_submit.py:488} INFO - Writer version is: PARQUET_1_0
[2022-04-06 00:54:25,639] {spark_submit.py:488} INFO - Page size checking is: estimated
[2022-04-06 00:54:25,639] {spark_submit.py:488} INFO - Min row count for page size check is: 100
[2022-04-06 00:54:25,639] {spark_submit.py:488} INFO - Max row count for page size check is: 10000
[2022-04-06 00:54:25,639] {spark_submit.py:488} INFO - Truncate length for column indexes is: 64
[2022-04-06 00:54:25,639] {spark_submit.py:488} INFO - Truncate length for statistics min/max  is: 2147483647
[2022-04-06 00:54:25,640] {spark_submit.py:488} INFO - Bloom filter enabled: false
[2022-04-06 00:54:25,640] {spark_submit.py:488} INFO - Max Bloom filter size for a column is 1048576
[2022-04-06 00:54:25,640] {spark_submit.py:488} INFO - Bloom filter expected number of distinct values are: null
[2022-04-06 00:54:25,640] {spark_submit.py:488} INFO - Page row count limit to 20000
[2022-04-06 00:54:25,640] {spark_submit.py:488} INFO - Writing page checksums is: on
[2022-04-06 00:54:25,666] {spark_submit.py:488} INFO - 22/04/06 00:54:25 INFO ParquetOutputFormat: Parquet block size to 134217728
[2022-04-06 00:54:25,667] {spark_submit.py:488} INFO - 22/04/06 00:54:25 INFO ParquetOutputFormat: Validation is off
[2022-04-06 00:54:25,670] {spark_submit.py:488} INFO - 22/04/06 00:54:25 INFO ParquetOutputFormat: Maximum row group padding size is 8388608 bytes
[2022-04-06 00:54:25,670] {spark_submit.py:488} INFO - 22/04/06 00:54:25 INFO ParquetOutputFormat: Parquet properties are:
[2022-04-06 00:54:25,671] {spark_submit.py:488} INFO - Parquet page size to 1048576
[2022-04-06 00:54:25,671] {spark_submit.py:488} INFO - Parquet dictionary page size to 1048576
[2022-04-06 00:54:25,671] {spark_submit.py:488} INFO - Dictionary is true
[2022-04-06 00:54:25,671] {spark_submit.py:488} INFO - Writer version is: PARQUET_1_0
[2022-04-06 00:54:25,671] {spark_submit.py:488} INFO - Page size checking is: estimated
[2022-04-06 00:54:25,671] {spark_submit.py:488} INFO - Min row count for page size check is: 100
[2022-04-06 00:54:25,671] {spark_submit.py:488} INFO - Max row count for page size check is: 10000
[2022-04-06 00:54:25,671] {spark_submit.py:488} INFO - Truncate length for column indexes is: 64
[2022-04-06 00:54:25,671] {spark_submit.py:488} INFO - Truncate length for statistics min/max  is: 2147483647
[2022-04-06 00:54:25,671] {spark_submit.py:488} INFO - Bloom filter enabled: false
[2022-04-06 00:54:25,671] {spark_submit.py:488} INFO - Max Bloom filter size for a column is 1048576
[2022-04-06 00:54:25,672] {spark_submit.py:488} INFO - Bloom filter expected number of distinct values are: null
[2022-04-06 00:54:25,672] {spark_submit.py:488} INFO - Page row count limit to 20000
[2022-04-06 00:54:25,672] {spark_submit.py:488} INFO - Writing page checksums is: on
[2022-04-06 00:54:25,736] {spark_submit.py:488} INFO - 22/04/06 00:54:25 INFO ParquetWriteSupport: Initialized Parquet WriteSupport with Catalyst schema:
[2022-04-06 00:54:25,736] {spark_submit.py:488} INFO - {
[2022-04-06 00:54:25,736] {spark_submit.py:488} INFO - "type" : "struct",
[2022-04-06 00:54:25,736] {spark_submit.py:488} INFO - "fields" : [ {
[2022-04-06 00:54:25,736] {spark_submit.py:488} INFO - "name" : "id",
[2022-04-06 00:54:25,736] {spark_submit.py:488} INFO - "type" : "integer",
[2022-04-06 00:54:25,737] {spark_submit.py:488} INFO - "nullable" : true,
[2022-04-06 00:54:25,737] {spark_submit.py:488} INFO - "metadata" : { }
[2022-04-06 00:54:25,737] {spark_submit.py:488} INFO - }, {
[2022-04-06 00:54:25,737] {spark_submit.py:488} INFO - "name" : "name",
[2022-04-06 00:54:25,737] {spark_submit.py:488} INFO - "type" : "string",
[2022-04-06 00:54:25,737] {spark_submit.py:488} INFO - "nullable" : true,
[2022-04-06 00:54:25,737] {spark_submit.py:488} INFO - "metadata" : { }
[2022-04-06 00:54:25,737] {spark_submit.py:488} INFO - }, {
[2022-04-06 00:54:25,737] {spark_submit.py:488} INFO - "name" : "date",
[2022-04-06 00:54:25,737] {spark_submit.py:488} INFO - "type" : "timestamp",
[2022-04-06 00:54:25,737] {spark_submit.py:488} INFO - "nullable" : true,
[2022-04-06 00:54:25,737] {spark_submit.py:488} INFO - "metadata" : { }
[2022-04-06 00:54:25,737] {spark_submit.py:488} INFO - }, {
[2022-04-06 00:54:25,737] {spark_submit.py:488} INFO - "name" : "user_id",
[2022-04-06 00:54:25,737] {spark_submit.py:488} INFO - "type" : "integer",
[2022-04-06 00:54:25,737] {spark_submit.py:488} INFO - "nullable" : true,
[2022-04-06 00:54:25,738] {spark_submit.py:488} INFO - "metadata" : { }
[2022-04-06 00:54:25,738] {spark_submit.py:488} INFO - }, {
[2022-04-06 00:54:25,738] {spark_submit.py:488} INFO - "name" : "class",
[2022-04-06 00:54:25,738] {spark_submit.py:488} INFO - "type" : "integer",
[2022-04-06 00:54:25,738] {spark_submit.py:488} INFO - "nullable" : true,
[2022-04-06 00:54:25,738] {spark_submit.py:488} INFO - "metadata" : { }
[2022-04-06 00:54:25,738] {spark_submit.py:488} INFO - }, {
[2022-04-06 00:54:25,738] {spark_submit.py:488} INFO - "name" : "tag_based",
[2022-04-06 00:54:25,738] {spark_submit.py:488} INFO - "type" : "boolean",
[2022-04-06 00:54:25,738] {spark_submit.py:488} INFO - "nullable" : true,
[2022-04-06 00:54:25,738] {spark_submit.py:488} INFO - "metadata" : { }
[2022-04-06 00:54:25,738] {spark_submit.py:488} INFO - }, {
[2022-04-06 00:54:25,738] {spark_submit.py:488} INFO - "name" : "group_by_date",
[2022-04-06 00:54:25,738] {spark_submit.py:488} INFO - "type" : "timestamp",
[2022-04-06 00:54:25,738] {spark_submit.py:488} INFO - "nullable" : true,
[2022-04-06 00:54:25,739] {spark_submit.py:488} INFO - "metadata" : { }
[2022-04-06 00:54:25,739] {spark_submit.py:488} INFO - } ]
[2022-04-06 00:54:25,739] {spark_submit.py:488} INFO - }
[2022-04-06 00:54:25,739] {spark_submit.py:488} INFO - and corresponding Parquet message type:
[2022-04-06 00:54:25,739] {spark_submit.py:488} INFO - message spark_schema {
[2022-04-06 00:54:25,739] {spark_submit.py:488} INFO - optional int32 id;
[2022-04-06 00:54:25,739] {spark_submit.py:488} INFO - optional binary name (STRING);
[2022-04-06 00:54:25,739] {spark_submit.py:488} INFO - optional int96 date;
[2022-04-06 00:54:25,739] {spark_submit.py:488} INFO - optional int32 user_id;
[2022-04-06 00:54:25,739] {spark_submit.py:488} INFO - optional int32 class;
[2022-04-06 00:54:25,739] {spark_submit.py:488} INFO - optional boolean tag_based;
[2022-04-06 00:54:25,739] {spark_submit.py:488} INFO - optional int96 group_by_date;
[2022-04-06 00:54:25,739] {spark_submit.py:488} INFO - }
[2022-04-06 00:54:25,740] {spark_submit.py:488} INFO - 
[2022-04-06 00:54:25,740] {spark_submit.py:488} INFO - 
[2022-04-06 00:54:25,746] {spark_submit.py:488} INFO - 22/04/06 00:54:25 INFO ParquetWriteSupport: Initialized Parquet WriteSupport with Catalyst schema:
[2022-04-06 00:54:25,746] {spark_submit.py:488} INFO - {
[2022-04-06 00:54:25,746] {spark_submit.py:488} INFO - "type" : "struct",
[2022-04-06 00:54:25,746] {spark_submit.py:488} INFO - "fields" : [ {
[2022-04-06 00:54:25,746] {spark_submit.py:488} INFO - "name" : "id",
[2022-04-06 00:54:25,746] {spark_submit.py:488} INFO - "type" : "integer",
[2022-04-06 00:54:25,747] {spark_submit.py:488} INFO - "nullable" : true,
[2022-04-06 00:54:25,747] {spark_submit.py:488} INFO - "metadata" : { }
[2022-04-06 00:54:25,747] {spark_submit.py:488} INFO - }, {
[2022-04-06 00:54:25,747] {spark_submit.py:488} INFO - "name" : "name",
[2022-04-06 00:54:25,747] {spark_submit.py:488} INFO - "type" : "string",
[2022-04-06 00:54:25,747] {spark_submit.py:488} INFO - "nullable" : true,
[2022-04-06 00:54:25,747] {spark_submit.py:488} INFO - "metadata" : { }
[2022-04-06 00:54:25,747] {spark_submit.py:488} INFO - }, {
[2022-04-06 00:54:25,747] {spark_submit.py:488} INFO - "name" : "date",
[2022-04-06 00:54:25,747] {spark_submit.py:488} INFO - "type" : "timestamp",
[2022-04-06 00:54:25,747] {spark_submit.py:488} INFO - "nullable" : true,
[2022-04-06 00:54:25,747] {spark_submit.py:488} INFO - "metadata" : { }
[2022-04-06 00:54:25,747] {spark_submit.py:488} INFO - }, {
[2022-04-06 00:54:25,748] {spark_submit.py:488} INFO - "name" : "user_id",
[2022-04-06 00:54:25,748] {spark_submit.py:488} INFO - "type" : "integer",
[2022-04-06 00:54:25,748] {spark_submit.py:488} INFO - "nullable" : true,
[2022-04-06 00:54:25,748] {spark_submit.py:488} INFO - "metadata" : { }
[2022-04-06 00:54:25,748] {spark_submit.py:488} INFO - }, {
[2022-04-06 00:54:25,748] {spark_submit.py:488} INFO - "name" : "class",
[2022-04-06 00:54:25,748] {spark_submit.py:488} INFO - "type" : "integer",
[2022-04-06 00:54:25,748] {spark_submit.py:488} INFO - "nullable" : true,
[2022-04-06 00:54:25,748] {spark_submit.py:488} INFO - "metadata" : { }
[2022-04-06 00:54:25,748] {spark_submit.py:488} INFO - }, {
[2022-04-06 00:54:25,748] {spark_submit.py:488} INFO - "name" : "tag_based",
[2022-04-06 00:54:25,748] {spark_submit.py:488} INFO - "type" : "boolean",
[2022-04-06 00:54:25,748] {spark_submit.py:488} INFO - "nullable" : true,
[2022-04-06 00:54:25,749] {spark_submit.py:488} INFO - "metadata" : { }
[2022-04-06 00:54:25,749] {spark_submit.py:488} INFO - }, {
[2022-04-06 00:54:25,749] {spark_submit.py:488} INFO - "name" : "group_by_date",
[2022-04-06 00:54:25,749] {spark_submit.py:488} INFO - "type" : "timestamp",
[2022-04-06 00:54:25,749] {spark_submit.py:488} INFO - "nullable" : true,
[2022-04-06 00:54:25,749] {spark_submit.py:488} INFO - "metadata" : { }
[2022-04-06 00:54:25,749] {spark_submit.py:488} INFO - } ]
[2022-04-06 00:54:25,749] {spark_submit.py:488} INFO - }
[2022-04-06 00:54:25,749] {spark_submit.py:488} INFO - and corresponding Parquet message type:
[2022-04-06 00:54:25,749] {spark_submit.py:488} INFO - message spark_schema {
[2022-04-06 00:54:25,749] {spark_submit.py:488} INFO - optional int32 id;
[2022-04-06 00:54:25,749] {spark_submit.py:488} INFO - optional binary name (STRING);
[2022-04-06 00:54:25,750] {spark_submit.py:488} INFO - optional int96 date;
[2022-04-06 00:54:25,750] {spark_submit.py:488} INFO - optional int32 user_id;
[2022-04-06 00:54:25,750] {spark_submit.py:488} INFO - optional int32 class;
[2022-04-06 00:54:25,750] {spark_submit.py:488} INFO - optional boolean tag_based;
[2022-04-06 00:54:25,750] {spark_submit.py:488} INFO - optional int96 group_by_date;
[2022-04-06 00:54:25,750] {spark_submit.py:488} INFO - }
[2022-04-06 00:54:25,750] {spark_submit.py:488} INFO - 
[2022-04-06 00:54:25,750] {spark_submit.py:488} INFO - 
[2022-04-06 00:54:25,755] {spark_submit.py:488} INFO - 22/04/06 00:54:25 INFO ParquetWriteSupport: Initialized Parquet WriteSupport with Catalyst schema:
[2022-04-06 00:54:25,755] {spark_submit.py:488} INFO - {
[2022-04-06 00:54:25,756] {spark_submit.py:488} INFO - "type" : "struct",
[2022-04-06 00:54:25,756] {spark_submit.py:488} INFO - "fields" : [ {
[2022-04-06 00:54:25,756] {spark_submit.py:488} INFO - "name" : "id",
[2022-04-06 00:54:25,756] {spark_submit.py:488} INFO - "type" : "integer",
[2022-04-06 00:54:25,756] {spark_submit.py:488} INFO - "nullable" : true,
[2022-04-06 00:54:25,756] {spark_submit.py:488} INFO - "metadata" : { }
[2022-04-06 00:54:25,756] {spark_submit.py:488} INFO - }, {
[2022-04-06 00:54:25,756] {spark_submit.py:488} INFO - "name" : "name",
[2022-04-06 00:54:25,756] {spark_submit.py:488} INFO - "type" : "string",
[2022-04-06 00:54:25,756] {spark_submit.py:488} INFO - "nullable" : true,
[2022-04-06 00:54:25,756] {spark_submit.py:488} INFO - "metadata" : { }
[2022-04-06 00:54:25,757] {spark_submit.py:488} INFO - }, {
[2022-04-06 00:54:25,757] {spark_submit.py:488} INFO - "name" : "date",
[2022-04-06 00:54:25,757] {spark_submit.py:488} INFO - "type" : "timestamp",
[2022-04-06 00:54:25,757] {spark_submit.py:488} INFO - "nullable" : true,
[2022-04-06 00:54:25,757] {spark_submit.py:488} INFO - "metadata" : { }
[2022-04-06 00:54:25,757] {spark_submit.py:488} INFO - }, {
[2022-04-06 00:54:25,757] {spark_submit.py:488} INFO - "name" : "user_id",
[2022-04-06 00:54:25,757] {spark_submit.py:488} INFO - "type" : "integer",
[2022-04-06 00:54:25,757] {spark_submit.py:488} INFO - "nullable" : true,
[2022-04-06 00:54:25,757] {spark_submit.py:488} INFO - "metadata" : { }
[2022-04-06 00:54:25,757] {spark_submit.py:488} INFO - }, {
[2022-04-06 00:54:25,757] {spark_submit.py:488} INFO - "name" : "class",
[2022-04-06 00:54:25,757] {spark_submit.py:488} INFO - "type" : "integer",
[2022-04-06 00:54:25,758] {spark_submit.py:488} INFO - "nullable" : true,
[2022-04-06 00:54:25,758] {spark_submit.py:488} INFO - "metadata" : { }
[2022-04-06 00:54:25,758] {spark_submit.py:488} INFO - }, {
[2022-04-06 00:54:25,758] {spark_submit.py:488} INFO - "name" : "tag_based",
[2022-04-06 00:54:25,758] {spark_submit.py:488} INFO - "type" : "boolean",
[2022-04-06 00:54:25,758] {spark_submit.py:488} INFO - "nullable" : true,
[2022-04-06 00:54:25,758] {spark_submit.py:488} INFO - "metadata" : { }
[2022-04-06 00:54:25,758] {spark_submit.py:488} INFO - }, {
[2022-04-06 00:54:25,758] {spark_submit.py:488} INFO - "name" : "group_by_date",
[2022-04-06 00:54:25,758] {spark_submit.py:488} INFO - "type" : "timestamp",
[2022-04-06 00:54:25,758] {spark_submit.py:488} INFO - "nullable" : true,
[2022-04-06 00:54:25,758] {spark_submit.py:488} INFO - "metadata" : { }
[2022-04-06 00:54:25,758] {spark_submit.py:488} INFO - } ]
[2022-04-06 00:54:25,758] {spark_submit.py:488} INFO - }
[2022-04-06 00:54:25,759] {spark_submit.py:488} INFO - and corresponding Parquet message type:
[2022-04-06 00:54:25,759] {spark_submit.py:488} INFO - message spark_schema {
[2022-04-06 00:54:25,759] {spark_submit.py:488} INFO - optional int32 id;
[2022-04-06 00:54:25,759] {spark_submit.py:488} INFO - optional binary name (STRING);
[2022-04-06 00:54:25,759] {spark_submit.py:488} INFO - optional int96 date;
[2022-04-06 00:54:25,759] {spark_submit.py:488} INFO - optional int32 user_id;
[2022-04-06 00:54:25,759] {spark_submit.py:488} INFO - optional int32 class;
[2022-04-06 00:54:25,759] {spark_submit.py:488} INFO - optional boolean tag_based;
[2022-04-06 00:54:25,759] {spark_submit.py:488} INFO - optional int96 group_by_date;
[2022-04-06 00:54:25,759] {spark_submit.py:488} INFO - }
[2022-04-06 00:54:25,759] {spark_submit.py:488} INFO - 
[2022-04-06 00:54:25,798] {spark_submit.py:488} INFO - 
[2022-04-06 00:54:25,798] {spark_submit.py:488} INFO - 22/04/06 00:54:25 INFO ParquetWriteSupport: Initialized Parquet WriteSupport with Catalyst schema:
[2022-04-06 00:54:25,798] {spark_submit.py:488} INFO - {
[2022-04-06 00:54:25,798] {spark_submit.py:488} INFO - "type" : "struct",
[2022-04-06 00:54:25,798] {spark_submit.py:488} INFO - "fields" : [ {
[2022-04-06 00:54:25,798] {spark_submit.py:488} INFO - "name" : "id",
[2022-04-06 00:54:25,798] {spark_submit.py:488} INFO - "type" : "integer",
[2022-04-06 00:54:25,798] {spark_submit.py:488} INFO - "nullable" : true,
[2022-04-06 00:54:25,798] {spark_submit.py:488} INFO - "metadata" : { }
[2022-04-06 00:54:25,799] {spark_submit.py:488} INFO - }, {
[2022-04-06 00:54:25,799] {spark_submit.py:488} INFO - "name" : "name",
[2022-04-06 00:54:25,799] {spark_submit.py:488} INFO - "type" : "string",
[2022-04-06 00:54:25,799] {spark_submit.py:488} INFO - "nullable" : true,
[2022-04-06 00:54:25,799] {spark_submit.py:488} INFO - "metadata" : { }
[2022-04-06 00:54:25,799] {spark_submit.py:488} INFO - }, {
[2022-04-06 00:54:25,799] {spark_submit.py:488} INFO - "name" : "date",
[2022-04-06 00:54:25,799] {spark_submit.py:488} INFO - "type" : "timestamp",
[2022-04-06 00:54:25,799] {spark_submit.py:488} INFO - "nullable" : true,
[2022-04-06 00:54:25,799] {spark_submit.py:488} INFO - "metadata" : { }
[2022-04-06 00:54:25,799] {spark_submit.py:488} INFO - }, {
[2022-04-06 00:54:25,799] {spark_submit.py:488} INFO - "name" : "user_id",
[2022-04-06 00:54:25,799] {spark_submit.py:488} INFO - "type" : "integer",
[2022-04-06 00:54:25,799] {spark_submit.py:488} INFO - "nullable" : true,
[2022-04-06 00:54:25,800] {spark_submit.py:488} INFO - "metadata" : { }
[2022-04-06 00:54:25,800] {spark_submit.py:488} INFO - }, {
[2022-04-06 00:54:25,800] {spark_submit.py:488} INFO - "name" : "class",
[2022-04-06 00:54:25,800] {spark_submit.py:488} INFO - "type" : "integer",
[2022-04-06 00:54:25,800] {spark_submit.py:488} INFO - "nullable" : true,
[2022-04-06 00:54:25,800] {spark_submit.py:488} INFO - "metadata" : { }
[2022-04-06 00:54:25,800] {spark_submit.py:488} INFO - }, {
[2022-04-06 00:54:25,800] {spark_submit.py:488} INFO - "name" : "tag_based",
[2022-04-06 00:54:25,800] {spark_submit.py:488} INFO - "type" : "boolean",
[2022-04-06 00:54:25,800] {spark_submit.py:488} INFO - "nullable" : true,
[2022-04-06 00:54:25,800] {spark_submit.py:488} INFO - "metadata" : { }
[2022-04-06 00:54:25,800] {spark_submit.py:488} INFO - }, {
[2022-04-06 00:54:25,800] {spark_submit.py:488} INFO - "name" : "group_by_date",
[2022-04-06 00:54:25,801] {spark_submit.py:488} INFO - "type" : "timestamp",
[2022-04-06 00:54:25,801] {spark_submit.py:488} INFO - "nullable" : true,
[2022-04-06 00:54:25,801] {spark_submit.py:488} INFO - "metadata" : { }
[2022-04-06 00:54:25,801] {spark_submit.py:488} INFO - } ]
[2022-04-06 00:54:25,801] {spark_submit.py:488} INFO - }
[2022-04-06 00:54:25,801] {spark_submit.py:488} INFO - and corresponding Parquet message type:
[2022-04-06 00:54:25,801] {spark_submit.py:488} INFO - message spark_schema {
[2022-04-06 00:54:25,801] {spark_submit.py:488} INFO - optional int32 id;
[2022-04-06 00:54:25,801] {spark_submit.py:488} INFO - optional binary name (STRING);
[2022-04-06 00:54:25,801] {spark_submit.py:488} INFO - optional int96 date;
[2022-04-06 00:54:25,801] {spark_submit.py:488} INFO - optional int32 user_id;
[2022-04-06 00:54:25,801] {spark_submit.py:488} INFO - optional int32 class;
[2022-04-06 00:54:25,801] {spark_submit.py:488} INFO - optional boolean tag_based;
[2022-04-06 00:54:25,801] {spark_submit.py:488} INFO - optional int96 group_by_date;
[2022-04-06 00:54:25,802] {spark_submit.py:488} INFO - }
[2022-04-06 00:54:25,802] {spark_submit.py:488} INFO - 
[2022-04-06 00:54:25,802] {spark_submit.py:488} INFO - 
[2022-04-06 00:54:27,696] {spark_submit.py:488} INFO - 22/04/06 00:54:27 INFO BlockManagerInfo: Removed broadcast_2_piece0 on 9fe4286b2855:38507 in memory (size: 8.5 KiB, free: 434.3 MiB)
[2022-04-06 00:54:28,280] {spark_submit.py:488} INFO - 22/04/06 00:54:28 INFO CodecPool: Got brand-new compressor [.snappy]
[2022-04-06 00:54:30,038] {spark_submit.py:488} INFO - 22/04/06 00:54:30 INFO CodecPool: Got brand-new compressor [.snappy]
[2022-04-06 00:54:30,039] {spark_submit.py:488} INFO - 22/04/06 00:54:30 INFO CodecPool: Got brand-new compressor [.snappy]
[2022-04-06 00:54:30,060] {spark_submit.py:488} INFO - 22/04/06 00:54:30 INFO CodecPool: Got brand-new compressor [.snappy]
[2022-04-06 00:54:46,243] {spark_submit.py:488} INFO - 22/04/06 00:54:46 INFO GoogleCloudStorageImpl: Ignoring exception of type GoogleJsonResponseException; verified object already exists with desired state.
[2022-04-06 00:54:46,244] {spark_submit.py:488} INFO - 22/04/06 00:54:46 INFO GoogleCloudStorageFileSystem: Successfully repaired 'gs://dtc_data_lake_de-stack-overflow/BigQuery/badges-2014-07/_temporary/0/_temporary/' directory.
[2022-04-06 00:54:46,244] {spark_submit.py:488} INFO - 22/04/06 00:54:46 INFO FileOutputCommitter: Saved output of task 'attempt_202204060054228670338666248377405_0003_m_000001_4' to gs://dtc_data_lake_de-stack-overflow/BigQuery/badges-2014-07/_temporary/0/task_202204060054228670338666248377405_0003_m_000001
[2022-04-06 00:54:46,288] {spark_submit.py:488} INFO - 22/04/06 00:54:46 INFO GoogleCloudStorageImpl: Ignoring exception of type GoogleJsonResponseException; verified object already exists with desired state.
[2022-04-06 00:54:46,292] {spark_submit.py:488} INFO - 22/04/06 00:54:46 INFO GoogleCloudStorageFileSystem: Successfully repaired 'gs://dtc_data_lake_de-stack-overflow/BigQuery/badges-2014-07/_temporary/0/_temporary/' directory.
[2022-04-06 00:54:46,292] {spark_submit.py:488} INFO - 22/04/06 00:54:46 INFO FileOutputCommitter: Saved output of task 'attempt_202204060054222117000818255569538_0003_m_000003_6' to gs://dtc_data_lake_de-stack-overflow/BigQuery/badges-2014-07/_temporary/0/task_202204060054222117000818255569538_0003_m_000003
[2022-04-06 00:54:46,292] {spark_submit.py:488} INFO - 22/04/06 00:54:46 INFO SparkHadoopMapRedUtil: attempt_202204060054222117000818255569538_0003_m_000003_6: Committed
[2022-04-06 00:54:46,297] {spark_submit.py:488} INFO - 22/04/06 00:54:46 INFO GoogleCloudStorageFileSystem: Successfully repaired 'gs://dtc_data_lake_de-stack-overflow/BigQuery/badges-2014-07/_temporary/0/_temporary/' directory.
[2022-04-06 00:54:46,297] {spark_submit.py:488} INFO - 22/04/06 00:54:46 INFO FileOutputCommitter: Saved output of task 'attempt_202204060054221791092070023507150_0003_m_000000_3' to gs://dtc_data_lake_de-stack-overflow/BigQuery/badges-2014-07/_temporary/0/task_202204060054221791092070023507150_0003_m_000000
[2022-04-06 00:54:46,306] {spark_submit.py:488} INFO - 22/04/06 00:54:46 INFO SparkHadoopMapRedUtil: attempt_202204060054221791092070023507150_0003_m_000000_3: Committed
[2022-04-06 00:54:46,314] {spark_submit.py:488} INFO - 22/04/06 00:54:46 INFO GoogleCloudStorageImpl: Ignoring exception of type GoogleJsonResponseException; verified object already exists with desired state.
[2022-04-06 00:54:46,314] {spark_submit.py:488} INFO - 22/04/06 00:54:46 INFO GoogleCloudStorageFileSystem: Successfully repaired 'gs://dtc_data_lake_de-stack-overflow/BigQuery/badges-2014-07/_temporary/0/_temporary/' directory.
[2022-04-06 00:54:46,315] {spark_submit.py:488} INFO - 22/04/06 00:54:46 INFO FileOutputCommitter: Saved output of task 'attempt_202204060054223590298228253770115_0003_m_000002_5' to gs://dtc_data_lake_de-stack-overflow/BigQuery/badges-2014-07/_temporary/0/task_202204060054223590298228253770115_0003_m_000002
[2022-04-06 00:54:46,315] {spark_submit.py:488} INFO - 22/04/06 00:54:46 INFO SparkHadoopMapRedUtil: attempt_202204060054223590298228253770115_0003_m_000002_5: Committed
[2022-04-06 00:54:46,317] {spark_submit.py:488} INFO - 22/04/06 00:54:46 INFO SparkHadoopMapRedUtil: attempt_202204060054228670338666248377405_0003_m_000001_4: Committed
[2022-04-06 00:54:46,334] {spark_submit.py:488} INFO - 22/04/06 00:54:46 INFO Executor: Finished task 0.0 in stage 3.0 (TID 3). 3526 bytes result sent to driver
[2022-04-06 00:54:46,352] {spark_submit.py:488} INFO - 22/04/06 00:54:46 INFO Executor: Finished task 2.0 in stage 3.0 (TID 5). 3526 bytes result sent to driver
[2022-04-06 00:54:46,355] {spark_submit.py:488} INFO - 22/04/06 00:54:46 INFO TaskSetManager: Finished task 2.0 in stage 3.0 (TID 5) in 22171 ms on 9fe4286b2855 (executor driver) (1/4)
[2022-04-06 00:54:46,356] {spark_submit.py:488} INFO - 22/04/06 00:54:46 INFO Executor: Finished task 1.0 in stage 3.0 (TID 4). 3526 bytes result sent to driver
[2022-04-06 00:54:46,360] {spark_submit.py:488} INFO - 22/04/06 00:54:46 INFO TaskSetManager: Finished task 1.0 in stage 3.0 (TID 4) in 22177 ms on 9fe4286b2855 (executor driver) (2/4)
[2022-04-06 00:54:46,360] {spark_submit.py:488} INFO - 22/04/06 00:54:46 INFO Executor: Finished task 3.0 in stage 3.0 (TID 6). 3526 bytes result sent to driver
[2022-04-06 00:54:46,364] {spark_submit.py:488} INFO - 22/04/06 00:54:46 INFO TaskSetManager: Finished task 0.0 in stage 3.0 (TID 3) in 22186 ms on 9fe4286b2855 (executor driver) (3/4)
[2022-04-06 00:54:46,377] {spark_submit.py:488} INFO - 22/04/06 00:54:46 INFO TaskSetManager: Finished task 3.0 in stage 3.0 (TID 6) in 22192 ms on 9fe4286b2855 (executor driver) (4/4)
[2022-04-06 00:54:46,388] {spark_submit.py:488} INFO - 22/04/06 00:54:46 INFO DAGScheduler: ResultStage 3 (save at NativeMethodAccessorImpl.java:0) finished in 23.219 s
[2022-04-06 00:54:46,389] {spark_submit.py:488} INFO - 22/04/06 00:54:46 INFO DAGScheduler: Job 2 is finished. Cancelling potential speculative or zombie tasks for this job
[2022-04-06 00:54:46,390] {spark_submit.py:488} INFO - 22/04/06 00:54:46 INFO TaskSchedulerImpl: Removed TaskSet 3.0, whose tasks have all completed, from pool
[2022-04-06 00:54:46,397] {spark_submit.py:488} INFO - 22/04/06 00:54:46 INFO TaskSchedulerImpl: Killing all running tasks in stage 3: Stage finished
[2022-04-06 00:54:46,397] {spark_submit.py:488} INFO - 22/04/06 00:54:46 INFO DAGScheduler: Job 2 finished: save at NativeMethodAccessorImpl.java:0, took 23.295644 s
[2022-04-06 00:54:46,398] {spark_submit.py:488} INFO - 22/04/06 00:54:46 INFO FileFormatWriter: Start to commit write Job bdd2a32a-531b-4961-9e13-e5dd173bcf03.
[2022-04-06 00:54:46,950] {spark_submit.py:488} INFO - 22/04/06 00:54:46 INFO GoogleCloudStorageFileSystem: Successfully repaired 'gs://dtc_data_lake_de-stack-overflow/BigQuery/badges-2014-07/_temporary/0/task_202204060054221791092070023507150_0003_m_000000/' directory.
[2022-04-06 00:54:47,545] {spark_submit.py:488} INFO - 22/04/06 00:54:47 INFO GoogleCloudStorageFileSystem: Successfully repaired 'gs://dtc_data_lake_de-stack-overflow/BigQuery/badges-2014-07/_temporary/0/task_202204060054222117000818255569538_0003_m_000003/' directory.
[2022-04-06 00:54:47,922] {spark_submit.py:488} INFO - 22/04/06 00:54:47 INFO GoogleCloudStorageFileSystem: Successfully repaired 'gs://dtc_data_lake_de-stack-overflow/BigQuery/badges-2014-07/_temporary/0/task_202204060054223590298228253770115_0003_m_000002/' directory.
[2022-04-06 00:54:48,241] {spark_submit.py:488} INFO - 22/04/06 00:54:48 INFO GoogleCloudStorageFileSystem: Successfully repaired 'gs://dtc_data_lake_de-stack-overflow/BigQuery/badges-2014-07/_temporary/0/task_202204060054228670338666248377405_0003_m_000001/' directory.
[2022-04-06 00:54:48,631] {spark_submit.py:488} INFO - 22/04/06 00:54:48 INFO GoogleCloudStorageFileSystem: Successfully repaired 'gs://dtc_data_lake_de-stack-overflow/BigQuery/badges-2014-07/' directory.
[2022-04-06 00:54:49,380] {spark_submit.py:488} INFO - 22/04/06 00:54:49 INFO FileFormatWriter: Write Job bdd2a32a-531b-4961-9e13-e5dd173bcf03 committed. Elapsed time: 2984 ms.
[2022-04-06 00:54:49,432] {spark_submit.py:488} INFO - 22/04/06 00:54:49 INFO FileFormatWriter: Finished processing stats for write job bdd2a32a-531b-4961-9e13-e5dd173bcf03.
[2022-04-06 00:54:50,001] {spark_submit.py:488} INFO - 22/04/06 00:54:50 INFO BlockManagerInfo: Removed broadcast_3_piece0 on 9fe4286b2855:38507 in memory (size: 72.3 KiB, free: 434.4 MiB)
[2022-04-06 00:54:50,193] {spark_submit.py:488} INFO - 22/04/06 00:54:50 INFO SparkContext: Invoking stop() from shutdown hook
[2022-04-06 00:54:50,397] {spark_submit.py:488} INFO - 22/04/06 00:54:50 INFO SparkUI: Stopped Spark web UI at http://9fe4286b2855:4041
[2022-04-06 00:54:50,487] {spark_submit.py:488} INFO - 22/04/06 00:54:50 INFO MapOutputTrackerMasterEndpoint: MapOutputTrackerMasterEndpoint stopped!
[2022-04-06 00:54:50,755] {spark_submit.py:488} INFO - 22/04/06 00:54:50 INFO MemoryStore: MemoryStore cleared
[2022-04-06 00:54:50,757] {spark_submit.py:488} INFO - 22/04/06 00:54:50 INFO BlockManager: BlockManager stopped
[2022-04-06 00:54:50,764] {spark_submit.py:488} INFO - 22/04/06 00:54:50 INFO BlockManagerMaster: BlockManagerMaster stopped
[2022-04-06 00:54:50,772] {spark_submit.py:488} INFO - 22/04/06 00:54:50 INFO OutputCommitCoordinator$OutputCommitCoordinatorEndpoint: OutputCommitCoordinator stopped!
[2022-04-06 00:54:50,917] {spark_submit.py:488} INFO - 22/04/06 00:54:50 INFO SparkContext: Successfully stopped SparkContext
[2022-04-06 00:54:50,918] {spark_submit.py:488} INFO - 22/04/06 00:54:50 INFO ShutdownHookManager: Shutdown hook called
[2022-04-06 00:54:50,919] {spark_submit.py:488} INFO - 22/04/06 00:54:50 INFO ShutdownHookManager: Deleting directory /tmp/spark-057313a1-e102-42ea-8dbd-e7c405a9527a
[2022-04-06 00:54:50,956] {spark_submit.py:488} INFO - 22/04/06 00:54:50 INFO ShutdownHookManager: Deleting directory /tmp/spark-85d811d2-7e6c-4589-8be7-ac4da6572884/pyspark-16091078-9f18-4a27-bf5b-36f103995d16
[2022-04-06 00:54:50,981] {spark_submit.py:488} INFO - 22/04/06 00:54:50 INFO ShutdownHookManager: Deleting directory /tmp/spark-85d811d2-7e6c-4589-8be7-ac4da6572884
[2022-04-06 00:54:51,331] {taskinstance.py:1288} INFO - Marking task as SUCCESS. dag_id=IngestToGCP, task_id=processing_tasks_badges.spark_job, execution_date=20140701T000000, start_date=20220406T005038, end_date=20220406T005451
[2022-04-06 00:54:51,436] {local_task_job.py:154} INFO - Task exited with return code 0
[2022-04-06 00:54:51,532] {local_task_job.py:264} INFO - 1 downstream tasks scheduled from follow-on schedule check
