[2022-04-05 23:42:28,985] {taskinstance.py:1043} INFO - Dependencies all met for <TaskInstance: IngestToGCP.processing_tasks_posts_questions.remove_posts_questions_parquet scheduled__2011-10-01T00:00:00+00:00 [queued]>
[2022-04-05 23:42:29,124] {taskinstance.py:1043} INFO - Dependencies all met for <TaskInstance: IngestToGCP.processing_tasks_posts_questions.remove_posts_questions_parquet scheduled__2011-10-01T00:00:00+00:00 [queued]>
[2022-04-05 23:42:29,125] {taskinstance.py:1249} INFO - 
--------------------------------------------------------------------------------
[2022-04-05 23:42:29,125] {taskinstance.py:1250} INFO - Starting attempt 1 of 1
[2022-04-05 23:42:29,125] {taskinstance.py:1251} INFO - 
--------------------------------------------------------------------------------
[2022-04-05 23:42:29,306] {taskinstance.py:1270} INFO - Executing <Task(BashOperator): processing_tasks_posts_questions.remove_posts_questions_parquet> on 2011-10-01 00:00:00+00:00
[2022-04-05 23:42:29,434] {standard_task_runner.py:52} INFO - Started process 60355 to run task
[2022-04-05 23:42:29,543] {standard_task_runner.py:79} INFO - Running: ['***', 'tasks', 'run', 'IngestToGCP', 'processing_tasks_posts_questions.remove_posts_questions_parquet', 'scheduled__2011-10-01T00:00:00+00:00', '--job-id', '9333', '--raw', '--subdir', 'DAGS_FOLDER/ingest_dag.py', '--cfg-path', '/tmp/tmpvjk9oqj5', '--error-file', '/tmp/tmpz_dbf9j5']
[2022-04-05 23:42:29,544] {standard_task_runner.py:80} INFO - Job 9333: Subtask processing_tasks_posts_questions.remove_posts_questions_parquet
[2022-04-05 23:42:30,475] {logging_mixin.py:109} INFO - Running <TaskInstance: IngestToGCP.processing_tasks_posts_questions.remove_posts_questions_parquet scheduled__2011-10-01T00:00:00+00:00 [running]> on host 9fe4286b2855
[2022-04-05 23:42:30,994] {logging_mixin.py:109} WARNING - /home/***/.local/lib/python3.7/site-packages/***/utils/context.py:156 AirflowContextDeprecationWarning: Accessing 'execution_date' from the template is deprecated and will be removed in a future version. Please use 'data_interval_start' or 'logical_date' instead.
[2022-04-05 23:42:31,118] {taskinstance.py:1448} INFO - Exporting the following env vars:
AIRFLOW_CTX_DAG_OWNER=***
AIRFLOW_CTX_DAG_ID=IngestToGCP
AIRFLOW_CTX_TASK_ID=processing_tasks_posts_questions.remove_posts_questions_parquet
AIRFLOW_CTX_EXECUTION_DATE=2011-10-01T00:00:00+00:00
AIRFLOW_CTX_DAG_RUN_ID=scheduled__2011-10-01T00:00:00+00:00
[2022-04-05 23:42:31,120] {subprocess.py:62} INFO - Tmp dir root location: 
 /tmp
[2022-04-05 23:42:31,121] {subprocess.py:74} INFO - Running command: ['bash', '-c', 'rm /opt/***/posts_questions-2011-10.parquet']
[2022-04-05 23:42:31,309] {subprocess.py:85} INFO - Output:
[2022-04-05 23:42:31,419] {subprocess.py:93} INFO - Command exited with return code 0
[2022-04-05 23:42:31,682] {taskinstance.py:1288} INFO - Marking task as SUCCESS. dag_id=IngestToGCP, task_id=processing_tasks_posts_questions.remove_posts_questions_parquet, execution_date=20111001T000000, start_date=20220405T234228, end_date=20220405T234231
[2022-04-05 23:42:32,054] {local_task_job.py:154} INFO - Task exited with return code 0
[2022-04-05 23:42:32,598] {local_task_job.py:264} INFO - 0 downstream tasks scheduled from follow-on schedule check
