[2022-04-05 22:45:17,702] {taskinstance.py:1043} INFO - Dependencies all met for <TaskInstance: IngestToGCP.processing_tasks_badges.spark_job scheduled__2009-05-01T00:00:00+00:00 [queued]>
[2022-04-05 22:45:17,881] {taskinstance.py:1043} INFO - Dependencies all met for <TaskInstance: IngestToGCP.processing_tasks_badges.spark_job scheduled__2009-05-01T00:00:00+00:00 [queued]>
[2022-04-05 22:45:17,881] {taskinstance.py:1249} INFO - 
--------------------------------------------------------------------------------
[2022-04-05 22:45:17,881] {taskinstance.py:1250} INFO - Starting attempt 1 of 1
[2022-04-05 22:45:17,881] {taskinstance.py:1251} INFO - 
--------------------------------------------------------------------------------
[2022-04-05 22:45:18,009] {taskinstance.py:1270} INFO - Executing <Task(SparkSubmitOperator): processing_tasks_badges.spark_job> on 2009-05-01 00:00:00+00:00
[2022-04-05 22:45:18,094] {standard_task_runner.py:52} INFO - Started process 14247 to run task
[2022-04-05 22:45:18,134] {standard_task_runner.py:79} INFO - Running: ['***', 'tasks', 'run', 'IngestToGCP', 'processing_tasks_badges.spark_job', 'scheduled__2009-05-01T00:00:00+00:00', '--job-id', '8597', '--raw', '--subdir', 'DAGS_FOLDER/ingest_dag.py', '--cfg-path', '/tmp/tmp36lx1z5n', '--error-file', '/tmp/tmp899ujflq']
[2022-04-05 22:45:18,136] {standard_task_runner.py:80} INFO - Job 8597: Subtask processing_tasks_badges.spark_job
[2022-04-05 22:45:18,816] {logging_mixin.py:109} INFO - Running <TaskInstance: IngestToGCP.processing_tasks_badges.spark_job scheduled__2009-05-01T00:00:00+00:00 [running]> on host 9fe4286b2855
[2022-04-05 22:45:19,443] {logging_mixin.py:109} WARNING - /home/***/.local/lib/python3.7/site-packages/***/utils/context.py:156 AirflowContextDeprecationWarning: Accessing 'execution_date' from the template is deprecated and will be removed in a future version. Please use 'data_interval_start' or 'logical_date' instead.
[2022-04-05 22:45:19,662] {taskinstance.py:1448} INFO - Exporting the following env vars:
AIRFLOW_CTX_DAG_OWNER=***
AIRFLOW_CTX_DAG_ID=IngestToGCP
AIRFLOW_CTX_TASK_ID=processing_tasks_badges.spark_job
AIRFLOW_CTX_EXECUTION_DATE=2009-05-01T00:00:00+00:00
AIRFLOW_CTX_DAG_RUN_ID=scheduled__2009-05-01T00:00:00+00:00
[2022-04-05 22:45:19,780] {base.py:79} INFO - Using connection to: id: spark_project. Host: spark://spark, Port: 7077, Schema: , Login: , Password: None, extra: {'queue': 'root.default'}
[2022-04-05 22:45:19,782] {spark_submit.py:335} INFO - Spark-Submit cmd: spark-submit --master spark://spark:7077 --conf spark.master=local[*] --name format_schema --verbose --queue root.default ./dags/pyspark_parquet_transformation.py badges 2009-05
[2022-04-05 22:45:51,070] {spark_submit.py:488} INFO - Using properties file: null
[2022-04-05 22:45:52,880] {spark_submit.py:488} INFO - WARNING: An illegal reflective access operation has occurred
[2022-04-05 22:45:52,880] {spark_submit.py:488} INFO - WARNING: Illegal reflective access by org.apache.spark.unsafe.Platform (file:/opt/***/spark/spark-3.2.1-bin-hadoop3.2/jars/spark-unsafe_2.12-3.2.1.jar) to constructor java.nio.DirectByteBuffer(long,int)
[2022-04-05 22:45:52,880] {spark_submit.py:488} INFO - WARNING: Please consider reporting this to the maintainers of org.apache.spark.unsafe.Platform
[2022-04-05 22:45:52,880] {spark_submit.py:488} INFO - WARNING: Use --illegal-access=warn to enable warnings of further illegal reflective access operations
[2022-04-05 22:45:52,881] {spark_submit.py:488} INFO - WARNING: All illegal access operations will be denied in a future release
[2022-04-05 22:45:53,807] {spark_submit.py:488} INFO - Parsed arguments:
[2022-04-05 22:45:53,807] {spark_submit.py:488} INFO - master                  spark://spark:7077
[2022-04-05 22:45:53,807] {spark_submit.py:488} INFO - deployMode              null
[2022-04-05 22:45:53,807] {spark_submit.py:488} INFO - executorMemory          null
[2022-04-05 22:45:53,807] {spark_submit.py:488} INFO - executorCores           null
[2022-04-05 22:45:53,807] {spark_submit.py:488} INFO - totalExecutorCores      null
[2022-04-05 22:45:53,807] {spark_submit.py:488} INFO - propertiesFile          null
[2022-04-05 22:45:53,808] {spark_submit.py:488} INFO - driverMemory            null
[2022-04-05 22:45:53,808] {spark_submit.py:488} INFO - driverCores             null
[2022-04-05 22:45:53,808] {spark_submit.py:488} INFO - driverExtraClassPath    null
[2022-04-05 22:45:53,808] {spark_submit.py:488} INFO - driverExtraLibraryPath  null
[2022-04-05 22:45:53,808] {spark_submit.py:488} INFO - driverExtraJavaOptions  null
[2022-04-05 22:45:53,808] {spark_submit.py:488} INFO - supervise               false
[2022-04-05 22:45:53,808] {spark_submit.py:488} INFO - queue                   root.default
[2022-04-05 22:45:53,808] {spark_submit.py:488} INFO - numExecutors            null
[2022-04-05 22:45:53,808] {spark_submit.py:488} INFO - files                   null
[2022-04-05 22:45:53,808] {spark_submit.py:488} INFO - pyFiles                 null
[2022-04-05 22:45:53,808] {spark_submit.py:488} INFO - archives                null
[2022-04-05 22:45:53,808] {spark_submit.py:488} INFO - mainClass               null
[2022-04-05 22:45:53,808] {spark_submit.py:488} INFO - primaryResource         file:/opt/***/dags/pyspark_parquet_transformation.py
[2022-04-05 22:45:53,808] {spark_submit.py:488} INFO - name                    format_schema
[2022-04-05 22:45:53,809] {spark_submit.py:488} INFO - childArgs               [badges 2009-05]
[2022-04-05 22:45:53,809] {spark_submit.py:488} INFO - jars                    null
[2022-04-05 22:45:53,809] {spark_submit.py:488} INFO - packages                null
[2022-04-05 22:45:53,809] {spark_submit.py:488} INFO - packagesExclusions      null
[2022-04-05 22:45:53,809] {spark_submit.py:488} INFO - repositories            null
[2022-04-05 22:45:53,809] {spark_submit.py:488} INFO - verbose                 true
[2022-04-05 22:45:53,809] {spark_submit.py:488} INFO - 
[2022-04-05 22:45:53,809] {spark_submit.py:488} INFO - Spark properties used, including those specified through
[2022-04-05 22:45:53,809] {spark_submit.py:488} INFO - --conf and those from the properties file null:
[2022-04-05 22:45:53,809] {spark_submit.py:488} INFO - (spark.master,local[*])
[2022-04-05 22:45:53,809] {spark_submit.py:488} INFO - 
[2022-04-05 22:45:53,809] {spark_submit.py:488} INFO - 
[2022-04-05 22:46:00,753] {spark_submit.py:488} INFO - Main class:
[2022-04-05 22:46:00,754] {spark_submit.py:488} INFO - org.apache.spark.deploy.PythonRunner
[2022-04-05 22:46:00,755] {spark_submit.py:488} INFO - Arguments:
[2022-04-05 22:46:00,755] {spark_submit.py:488} INFO - file:/opt/***/dags/pyspark_parquet_transformation.py
[2022-04-05 22:46:00,755] {spark_submit.py:488} INFO - null
[2022-04-05 22:46:00,755] {spark_submit.py:488} INFO - badges
[2022-04-05 22:46:00,755] {spark_submit.py:488} INFO - 2009-05
[2022-04-05 22:46:00,851] {spark_submit.py:488} INFO - Spark config:
[2022-04-05 22:46:00,851] {spark_submit.py:488} INFO - (spark.master,spark://spark:7077)
[2022-04-05 22:46:00,852] {spark_submit.py:488} INFO - (spark.submit.pyFiles,)
[2022-04-05 22:46:00,852] {spark_submit.py:488} INFO - (spark.submit.deployMode,client)
[2022-04-05 22:46:00,852] {spark_submit.py:488} INFO - (spark.app.name,format_schema)
[2022-04-05 22:46:00,854] {spark_submit.py:488} INFO - Classpath elements:
[2022-04-05 22:46:00,854] {spark_submit.py:488} INFO - 
[2022-04-05 22:46:00,856] {spark_submit.py:488} INFO - 
[2022-04-05 22:46:00,856] {spark_submit.py:488} INFO - 
[2022-04-05 22:46:18,188] {spark_submit.py:488} INFO - Using Spark's default log4j profile: org/apache/spark/log4j-defaults.properties
[2022-04-05 22:46:18,352] {spark_submit.py:488} INFO - 22/04/05 22:46:18 INFO SparkContext: Running Spark version 3.2.1
[2022-04-05 22:46:19,802] {spark_submit.py:488} INFO - 22/04/05 22:46:19 WARN NativeCodeLoader: Unable to load native-hadoop library for your platform... using builtin-java classes where applicable
[2022-04-05 22:46:22,322] {spark_submit.py:488} INFO - 22/04/05 22:46:22 INFO ResourceUtils: ==============================================================
[2022-04-05 22:46:22,323] {spark_submit.py:488} INFO - 22/04/05 22:46:22 INFO ResourceUtils: No custom resources configured for spark.driver.
[2022-04-05 22:46:22,323] {spark_submit.py:488} INFO - 22/04/05 22:46:22 INFO ResourceUtils: ==============================================================
[2022-04-05 22:46:22,369] {spark_submit.py:488} INFO - 22/04/05 22:46:22 INFO SparkContext: Submitted application: Modidy Schema
[2022-04-05 22:46:23,063] {spark_submit.py:488} INFO - 22/04/05 22:46:23 INFO ResourceProfile: Default ResourceProfile created, executor resources: Map(cores -> name: cores, amount: 1, script: , vendor: , memory -> name: memory, amount: 1024, script: , vendor: , offHeap -> name: offHeap, amount: 0, script: , vendor: ), task resources: Map(cpus -> name: cpus, amount: 1.0)
[2022-04-05 22:46:23,329] {spark_submit.py:488} INFO - 22/04/05 22:46:23 INFO ResourceProfile: Limiting resource is cpu
[2022-04-05 22:46:23,330] {spark_submit.py:488} INFO - 22/04/05 22:46:23 INFO ResourceProfileManager: Added ResourceProfile id: 0
[2022-04-05 22:46:24,517] {spark_submit.py:488} INFO - 22/04/05 22:46:24 INFO SecurityManager: Changing view acls to: default
[2022-04-05 22:46:24,519] {spark_submit.py:488} INFO - 22/04/05 22:46:24 INFO SecurityManager: Changing modify acls to: default
[2022-04-05 22:46:24,519] {spark_submit.py:488} INFO - 22/04/05 22:46:24 INFO SecurityManager: Changing view acls groups to:
[2022-04-05 22:46:24,553] {spark_submit.py:488} INFO - 22/04/05 22:46:24 INFO SecurityManager: Changing modify acls groups to:
[2022-04-05 22:46:24,554] {spark_submit.py:488} INFO - 22/04/05 22:46:24 INFO SecurityManager: SecurityManager: authentication disabled; ui acls disabled; users  with view permissions: Set(default); groups with view permissions: Set(); users  with modify permissions: Set(default); groups with modify permissions: Set()
[2022-04-05 22:46:29,795] {spark_submit.py:488} INFO - 22/04/05 22:46:29 INFO Utils: Successfully started service 'sparkDriver' on port 40835.
[2022-04-05 22:46:30,521] {spark_submit.py:488} INFO - 22/04/05 22:46:30 INFO SparkEnv: Registering MapOutputTracker
[2022-04-05 22:46:31,277] {spark_submit.py:488} INFO - 22/04/05 22:46:31 INFO SparkEnv: Registering BlockManagerMaster
[2022-04-05 22:46:31,451] {spark_submit.py:488} INFO - 22/04/05 22:46:31 INFO BlockManagerMasterEndpoint: Using org.apache.spark.storage.DefaultTopologyMapper for getting topology information
[2022-04-05 22:46:31,453] {spark_submit.py:488} INFO - 22/04/05 22:46:31 INFO BlockManagerMasterEndpoint: BlockManagerMasterEndpoint up
[2022-04-05 22:46:31,464] {spark_submit.py:488} INFO - 22/04/05 22:46:31 INFO SparkEnv: Registering BlockManagerMasterHeartbeat
[2022-04-05 22:46:31,786] {spark_submit.py:488} INFO - 22/04/05 22:46:31 INFO DiskBlockManager: Created local directory at /tmp/blockmgr-ba70f786-3057-4b05-af16-3c9716dca4fc
[2022-04-05 22:46:32,143] {spark_submit.py:488} INFO - 22/04/05 22:46:32 INFO MemoryStore: MemoryStore started with capacity 434.4 MiB
[2022-04-05 22:46:32,365] {spark_submit.py:488} INFO - 22/04/05 22:46:32 INFO SparkEnv: Registering OutputCommitCoordinator
[2022-04-05 22:46:37,411] {spark_submit.py:488} INFO - 22/04/05 22:46:37 INFO Utils: Successfully started service 'SparkUI' on port 4040.
[2022-04-05 22:46:38,418] {spark_submit.py:488} INFO - 22/04/05 22:46:38 INFO SparkUI: Bound SparkUI to 0.0.0.0, and started at http://9fe4286b2855:4040
[2022-04-05 22:46:41,182] {spark_submit.py:488} INFO - 22/04/05 22:46:41 INFO Executor: Starting executor ID driver on host 9fe4286b2855
[2022-04-05 22:46:41,780] {spark_submit.py:488} INFO - 22/04/05 22:46:41 INFO Utils: Successfully started service 'org.apache.spark.network.netty.NettyBlockTransferService' on port 42279.
[2022-04-05 22:46:41,780] {spark_submit.py:488} INFO - 22/04/05 22:46:41 INFO NettyBlockTransferService: Server created on 9fe4286b2855:42279
[2022-04-05 22:46:41,780] {spark_submit.py:488} INFO - 22/04/05 22:46:41 INFO BlockManager: Using org.apache.spark.storage.RandomBlockReplicationPolicy for block replication policy
[2022-04-05 22:46:41,995] {spark_submit.py:488} INFO - 22/04/05 22:46:41 INFO BlockManagerMaster: Registering BlockManager BlockManagerId(driver, 9fe4286b2855, 42279, None)
[2022-04-05 22:46:42,115] {spark_submit.py:488} INFO - 22/04/05 22:46:42 INFO BlockManagerMasterEndpoint: Registering block manager 9fe4286b2855:42279 with 434.4 MiB RAM, BlockManagerId(driver, 9fe4286b2855, 42279, None)
[2022-04-05 22:46:42,130] {spark_submit.py:488} INFO - 22/04/05 22:46:42 INFO BlockManagerMaster: Registered BlockManager BlockManagerId(driver, 9fe4286b2855, 42279, None)
[2022-04-05 22:46:42,133] {spark_submit.py:488} INFO - 22/04/05 22:46:42 INFO BlockManager: Initialized BlockManager: BlockManagerId(driver, 9fe4286b2855, 42279, None)
[2022-04-05 22:46:58,642] {spark_submit.py:488} INFO - 22/04/05 22:46:58 INFO SharedState: Setting hive.metastore.warehouse.dir ('null') to the value of spark.sql.warehouse.dir.
[2022-04-05 22:46:59,398] {spark_submit.py:488} INFO - 22/04/05 22:46:59 INFO SharedState: Warehouse path is 'file:/opt/***/spark-warehouse'.
[2022-04-05 22:47:23,989] {spark_submit.py:488} INFO - 22/04/05 22:47:23 INFO InMemoryFileIndex: It took 551 ms to list leaf files for 1 paths.
[2022-04-05 22:47:33,281] {spark_submit.py:488} INFO - 22/04/05 22:47:33 INFO SparkContext: Starting job: parquet at NativeMethodAccessorImpl.java:0
[2022-04-05 22:47:33,420] {spark_submit.py:488} INFO - 22/04/05 22:47:33 INFO DAGScheduler: Got job 0 (parquet at NativeMethodAccessorImpl.java:0) with 1 output partitions
[2022-04-05 22:47:33,421] {spark_submit.py:488} INFO - 22/04/05 22:47:33 INFO DAGScheduler: Final stage: ResultStage 0 (parquet at NativeMethodAccessorImpl.java:0)
[2022-04-05 22:47:33,422] {spark_submit.py:488} INFO - 22/04/05 22:47:33 INFO DAGScheduler: Parents of final stage: List()
[2022-04-05 22:47:33,425] {spark_submit.py:488} INFO - 22/04/05 22:47:33 INFO DAGScheduler: Missing parents: List()
[2022-04-05 22:47:33,478] {spark_submit.py:488} INFO - 22/04/05 22:47:33 INFO DAGScheduler: Submitting ResultStage 0 (MapPartitionsRDD[1] at parquet at NativeMethodAccessorImpl.java:0), which has no missing parents
[2022-04-05 22:47:34,560] {spark_submit.py:488} INFO - 22/04/05 22:47:34 INFO MemoryStore: Block broadcast_0 stored as values in memory (estimated size 100.1 KiB, free 434.3 MiB)
[2022-04-05 22:47:34,999] {spark_submit.py:488} INFO - 22/04/05 22:47:34 INFO MemoryStore: Block broadcast_0_piece0 stored as bytes in memory (estimated size 35.7 KiB, free 434.3 MiB)
[2022-04-05 22:47:35,013] {spark_submit.py:488} INFO - 22/04/05 22:47:35 INFO BlockManagerInfo: Added broadcast_0_piece0 in memory on 9fe4286b2855:42279 (size: 35.7 KiB, free: 434.4 MiB)
[2022-04-05 22:47:35,054] {spark_submit.py:488} INFO - 22/04/05 22:47:35 INFO SparkContext: Created broadcast 0 from broadcast at DAGScheduler.scala:1478
[2022-04-05 22:47:35,282] {spark_submit.py:488} INFO - 22/04/05 22:47:35 INFO DAGScheduler: Submitting 1 missing tasks from ResultStage 0 (MapPartitionsRDD[1] at parquet at NativeMethodAccessorImpl.java:0) (first 15 tasks are for partitions Vector(0))
[2022-04-05 22:47:35,298] {spark_submit.py:488} INFO - 22/04/05 22:47:35 INFO TaskSchedulerImpl: Adding task set 0.0 with 1 tasks resource profile 0
[2022-04-05 22:47:36,607] {spark_submit.py:488} INFO - 22/04/05 22:47:36 INFO TaskSetManager: Starting task 0.0 in stage 0.0 (TID 0) (9fe4286b2855, executor driver, partition 0, PROCESS_LOCAL, 4615 bytes) taskResourceAssignments Map()
[2022-04-05 22:47:36,928] {spark_submit.py:488} INFO - 22/04/05 22:47:36 INFO Executor: Running task 0.0 in stage 0.0 (TID 0)
[2022-04-05 22:47:44,851] {spark_submit.py:488} INFO - 22/04/05 22:47:44 INFO Executor: Finished task 0.0 in stage 0.0 (TID 0). 1954 bytes result sent to driver
[2022-04-05 22:47:45,050] {spark_submit.py:488} INFO - 22/04/05 22:47:45 INFO TaskSetManager: Finished task 0.0 in stage 0.0 (TID 0) in 9175 ms on 9fe4286b2855 (executor driver) (1/1)
[2022-04-05 22:47:45,068] {spark_submit.py:488} INFO - 22/04/05 22:47:45 INFO TaskSchedulerImpl: Removed TaskSet 0.0, whose tasks have all completed, from pool
[2022-04-05 22:47:45,114] {spark_submit.py:488} INFO - 22/04/05 22:47:45 INFO DAGScheduler: ResultStage 0 (parquet at NativeMethodAccessorImpl.java:0) finished in 11.402 s
[2022-04-05 22:47:45,177] {spark_submit.py:488} INFO - 22/04/05 22:47:45 INFO DAGScheduler: Job 0 is finished. Cancelling potential speculative or zombie tasks for this job
[2022-04-05 22:47:45,178] {spark_submit.py:488} INFO - 22/04/05 22:47:45 INFO TaskSchedulerImpl: Killing all running tasks in stage 0: Stage finished
[2022-04-05 22:47:45,268] {spark_submit.py:488} INFO - 22/04/05 22:47:45 INFO DAGScheduler: Job 0 finished: parquet at NativeMethodAccessorImpl.java:0, took 11.948792 s
[2022-04-05 22:47:55,302] {spark_submit.py:488} INFO - 22/04/05 22:47:55 INFO BlockManagerInfo: Removed broadcast_0_piece0 on 9fe4286b2855:42279 in memory (size: 35.7 KiB, free: 434.4 MiB)
[2022-04-05 22:48:27,262] {spark_submit.py:488} INFO - 22/04/05 22:48:27 INFO FileSourceStrategy: Pushed Filters:
[2022-04-05 22:48:27,286] {spark_submit.py:488} INFO - 22/04/05 22:48:27 INFO FileSourceStrategy: Post-Scan Filters:
[2022-04-05 22:48:27,307] {spark_submit.py:488} INFO - 22/04/05 22:48:27 INFO FileSourceStrategy: Output Data Schema: struct<id: bigint, name: string, date: string, user_id: bigint, class: bigint ... 5 more fields>
[2022-04-05 22:48:33,669] {spark_submit.py:488} INFO - 22/04/05 22:48:33 INFO ParquetFileFormat: Using default output committer for Parquet: org.apache.parquet.hadoop.ParquetOutputCommitter
[2022-04-05 22:48:35,680] {spark_submit.py:488} INFO - 22/04/05 22:48:35 INFO FileOutputCommitter: File Output Committer Algorithm version is 1
[2022-04-05 22:48:35,713] {spark_submit.py:488} INFO - 22/04/05 22:48:35 INFO FileOutputCommitter: FileOutputCommitter skip cleanup _temporary folders under output directory:false, ignore cleanup failures: false
[2022-04-05 22:48:35,902] {spark_submit.py:488} INFO - 22/04/05 22:48:35 INFO SQLHadoopMapReduceCommitProtocol: Using user defined output committer class org.apache.parquet.hadoop.ParquetOutputCommitter
[2022-04-05 22:48:35,903] {spark_submit.py:488} INFO - 22/04/05 22:48:35 INFO FileOutputCommitter: File Output Committer Algorithm version is 1
[2022-04-05 22:48:35,903] {spark_submit.py:488} INFO - 22/04/05 22:48:35 INFO FileOutputCommitter: FileOutputCommitter skip cleanup _temporary folders under output directory:false, ignore cleanup failures: false
[2022-04-05 22:48:36,352] {spark_submit.py:488} INFO - 22/04/05 22:48:36 INFO SQLHadoopMapReduceCommitProtocol: Using output committer class org.apache.parquet.hadoop.ParquetOutputCommitter
[2022-04-05 22:48:47,030] {spark_submit.py:488} INFO - 22/04/05 22:48:47 INFO CodeGenerator: Code generated in 3760.085611 ms
[2022-04-05 22:48:47,292] {spark_submit.py:488} INFO - 22/04/05 22:48:47 INFO MemoryStore: Block broadcast_1 stored as values in memory (estimated size 192.3 KiB, free 434.2 MiB)
[2022-04-05 22:48:47,471] {spark_submit.py:488} INFO - 22/04/05 22:48:47 INFO MemoryStore: Block broadcast_1_piece0 stored as bytes in memory (estimated size 33.6 KiB, free 434.2 MiB)
[2022-04-05 22:48:47,472] {spark_submit.py:488} INFO - 22/04/05 22:48:47 INFO BlockManagerInfo: Added broadcast_1_piece0 in memory on 9fe4286b2855:42279 (size: 33.6 KiB, free: 434.4 MiB)
[2022-04-05 22:48:47,548] {spark_submit.py:488} INFO - 22/04/05 22:48:47 INFO SparkContext: Created broadcast 1 from save at NativeMethodAccessorImpl.java:0
[2022-04-05 22:48:47,658] {spark_submit.py:488} INFO - 22/04/05 22:48:47 INFO FileSourceScanExec: Planning scan with bin packing, max size: 4194304 bytes, open cost is considered as scanning 4194304 bytes.
[2022-04-05 22:48:49,003] {spark_submit.py:488} INFO - 22/04/05 22:48:49 INFO DAGScheduler: Registering RDD 6 (save at NativeMethodAccessorImpl.java:0) as input to shuffle 0
[2022-04-05 22:48:49,011] {spark_submit.py:488} INFO - 22/04/05 22:48:49 INFO DAGScheduler: Got map stage job 1 (save at NativeMethodAccessorImpl.java:0) with 1 output partitions
[2022-04-05 22:48:49,012] {spark_submit.py:488} INFO - 22/04/05 22:48:49 INFO DAGScheduler: Final stage: ShuffleMapStage 1 (save at NativeMethodAccessorImpl.java:0)
[2022-04-05 22:48:49,013] {spark_submit.py:488} INFO - 22/04/05 22:48:49 INFO DAGScheduler: Parents of final stage: List()
[2022-04-05 22:48:49,048] {spark_submit.py:488} INFO - 22/04/05 22:48:49 INFO DAGScheduler: Missing parents: List()
[2022-04-05 22:48:49,081] {spark_submit.py:488} INFO - 22/04/05 22:48:49 INFO DAGScheduler: Submitting ShuffleMapStage 1 (MapPartitionsRDD[6] at save at NativeMethodAccessorImpl.java:0), which has no missing parents
[2022-04-05 22:48:49,657] {spark_submit.py:488} INFO - 22/04/05 22:48:49 INFO MemoryStore: Block broadcast_2 stored as values in memory (estimated size 20.7 KiB, free 434.2 MiB)
[2022-04-05 22:48:49,716] {spark_submit.py:488} INFO - 22/04/05 22:48:49 INFO MemoryStore: Block broadcast_2_piece0 stored as bytes in memory (estimated size 8.5 KiB, free 434.2 MiB)
[2022-04-05 22:48:49,721] {spark_submit.py:488} INFO - 22/04/05 22:48:49 INFO BlockManagerInfo: Added broadcast_2_piece0 in memory on 9fe4286b2855:42279 (size: 8.5 KiB, free: 434.4 MiB)
[2022-04-05 22:48:49,737] {spark_submit.py:488} INFO - 22/04/05 22:48:49 INFO SparkContext: Created broadcast 2 from broadcast at DAGScheduler.scala:1478
[2022-04-05 22:48:49,822] {spark_submit.py:488} INFO - 22/04/05 22:48:49 INFO DAGScheduler: Submitting 1 missing tasks from ShuffleMapStage 1 (MapPartitionsRDD[6] at save at NativeMethodAccessorImpl.java:0) (first 15 tasks are for partitions Vector(0))
[2022-04-05 22:48:49,836] {spark_submit.py:488} INFO - 22/04/05 22:48:49 INFO TaskSchedulerImpl: Adding task set 1.0 with 1 tasks resource profile 0
[2022-04-05 22:48:49,871] {spark_submit.py:488} INFO - 22/04/05 22:48:49 INFO TaskSetManager: Starting task 0.0 in stage 1.0 (TID 1) (9fe4286b2855, executor driver, partition 0, PROCESS_LOCAL, 4881 bytes) taskResourceAssignments Map()
[2022-04-05 22:48:49,912] {spark_submit.py:488} INFO - 22/04/05 22:48:49 INFO Executor: Running task 0.0 in stage 1.0 (TID 1)
[2022-04-05 22:48:51,864] {spark_submit.py:488} INFO - 22/04/05 22:48:51 INFO FileScanRDD: Reading File path: gs://dtc_data_lake_de-stack-overflow/parquet/badges-2009-05.parquet, range: 0-569111, partition values: [empty row]
[2022-04-05 22:48:56,129] {spark_submit.py:488} INFO - 22/04/05 22:48:56 INFO CodecPool: Got brand-new decompressor [.snappy]
[2022-04-05 22:49:08,497] {spark_submit.py:488} INFO - 22/04/05 22:49:08 INFO Executor: Finished task 0.0 in stage 1.0 (TID 1). 2072 bytes result sent to driver
[2022-04-05 22:49:08,528] {spark_submit.py:488} INFO - 22/04/05 22:49:08 INFO TaskSetManager: Finished task 0.0 in stage 1.0 (TID 1) in 18677 ms on 9fe4286b2855 (executor driver) (1/1)
[2022-04-05 22:49:08,610] {spark_submit.py:488} INFO - 22/04/05 22:49:08 INFO TaskSchedulerImpl: Removed TaskSet 1.0, whose tasks have all completed, from pool
[2022-04-05 22:49:08,616] {spark_submit.py:488} INFO - 22/04/05 22:49:08 INFO DAGScheduler: ShuffleMapStage 1 (save at NativeMethodAccessorImpl.java:0) finished in 19.451 s
[2022-04-05 22:49:08,617] {spark_submit.py:488} INFO - 22/04/05 22:49:08 INFO DAGScheduler: looking for newly runnable stages
[2022-04-05 22:49:08,618] {spark_submit.py:488} INFO - 22/04/05 22:49:08 INFO DAGScheduler: running: Set()
[2022-04-05 22:49:08,618] {spark_submit.py:488} INFO - 22/04/05 22:49:08 INFO DAGScheduler: waiting: Set()
[2022-04-05 22:49:08,619] {spark_submit.py:488} INFO - 22/04/05 22:49:08 INFO DAGScheduler: failed: Set()
[2022-04-05 22:49:09,419] {spark_submit.py:488} INFO - 22/04/05 22:49:09 INFO SparkContext: Starting job: save at NativeMethodAccessorImpl.java:0
[2022-04-05 22:49:09,426] {spark_submit.py:488} INFO - 22/04/05 22:49:09 INFO DAGScheduler: Got job 2 (save at NativeMethodAccessorImpl.java:0) with 4 output partitions
[2022-04-05 22:49:09,427] {spark_submit.py:488} INFO - 22/04/05 22:49:09 INFO DAGScheduler: Final stage: ResultStage 3 (save at NativeMethodAccessorImpl.java:0)
[2022-04-05 22:49:09,427] {spark_submit.py:488} INFO - 22/04/05 22:49:09 INFO DAGScheduler: Parents of final stage: List(ShuffleMapStage 2)
[2022-04-05 22:49:09,427] {spark_submit.py:488} INFO - 22/04/05 22:49:09 INFO DAGScheduler: Missing parents: List()
[2022-04-05 22:49:09,453] {spark_submit.py:488} INFO - 22/04/05 22:49:09 INFO DAGScheduler: Submitting ResultStage 3 (ShuffledRowRDD[7] at save at NativeMethodAccessorImpl.java:0), which has no missing parents
[2022-04-05 22:49:09,785] {spark_submit.py:488} INFO - 22/04/05 22:49:09 INFO MemoryStore: Block broadcast_3 stored as values in memory (estimated size 202.3 KiB, free 434.0 MiB)
[2022-04-05 22:49:09,823] {spark_submit.py:488} INFO - 22/04/05 22:49:09 INFO MemoryStore: Block broadcast_3_piece0 stored as bytes in memory (estimated size 72.3 KiB, free 433.9 MiB)
[2022-04-05 22:49:09,825] {spark_submit.py:488} INFO - 22/04/05 22:49:09 INFO BlockManagerInfo: Added broadcast_3_piece0 in memory on 9fe4286b2855:42279 (size: 72.3 KiB, free: 434.3 MiB)
[2022-04-05 22:49:09,842] {spark_submit.py:488} INFO - 22/04/05 22:49:09 INFO SparkContext: Created broadcast 3 from broadcast at DAGScheduler.scala:1478
[2022-04-05 22:49:09,849] {spark_submit.py:488} INFO - 22/04/05 22:49:09 INFO DAGScheduler: Submitting 4 missing tasks from ResultStage 3 (ShuffledRowRDD[7] at save at NativeMethodAccessorImpl.java:0) (first 15 tasks are for partitions Vector(0, 1, 2, 3))
[2022-04-05 22:49:09,856] {spark_submit.py:488} INFO - 22/04/05 22:49:09 INFO TaskSchedulerImpl: Adding task set 3.0 with 4 tasks resource profile 0
[2022-04-05 22:49:09,913] {spark_submit.py:488} INFO - 22/04/05 22:49:09 INFO TaskSetManager: Starting task 0.0 in stage 3.0 (TID 2) (9fe4286b2855, executor driver, partition 0, NODE_LOCAL, 4453 bytes) taskResourceAssignments Map()
[2022-04-05 22:49:09,916] {spark_submit.py:488} INFO - 22/04/05 22:49:09 INFO TaskSetManager: Starting task 1.0 in stage 3.0 (TID 3) (9fe4286b2855, executor driver, partition 1, NODE_LOCAL, 4453 bytes) taskResourceAssignments Map()
[2022-04-05 22:49:09,918] {spark_submit.py:488} INFO - 22/04/05 22:49:09 INFO TaskSetManager: Starting task 2.0 in stage 3.0 (TID 4) (9fe4286b2855, executor driver, partition 2, NODE_LOCAL, 4453 bytes) taskResourceAssignments Map()
[2022-04-05 22:49:09,923] {spark_submit.py:488} INFO - 22/04/05 22:49:09 INFO TaskSetManager: Starting task 3.0 in stage 3.0 (TID 5) (9fe4286b2855, executor driver, partition 3, NODE_LOCAL, 4453 bytes) taskResourceAssignments Map()
[2022-04-05 22:49:09,936] {spark_submit.py:488} INFO - 22/04/05 22:49:09 INFO Executor: Running task 0.0 in stage 3.0 (TID 2)
[2022-04-05 22:49:09,976] {spark_submit.py:488} INFO - 22/04/05 22:49:09 INFO Executor: Running task 1.0 in stage 3.0 (TID 3)
[2022-04-05 22:49:10,032] {spark_submit.py:488} INFO - 22/04/05 22:49:10 INFO Executor: Running task 2.0 in stage 3.0 (TID 4)
[2022-04-05 22:49:10,041] {spark_submit.py:488} INFO - 22/04/05 22:49:10 INFO Executor: Running task 3.0 in stage 3.0 (TID 5)
[2022-04-05 22:49:10,376] {spark_submit.py:488} INFO - 22/04/05 22:49:10 INFO ShuffleBlockFetcherIterator: Getting 1 (176.4 KiB) non-empty blocks including 1 (176.4 KiB) local and 0 (0.0 B) host-local and 0 (0.0 B) push-merged-local and 0 (0.0 B) remote blocks
[2022-04-05 22:49:10,396] {spark_submit.py:488} INFO - 22/04/05 22:49:10 INFO ShuffleBlockFetcherIterator: Getting 1 (176.4 KiB) non-empty blocks including 1 (176.4 KiB) local and 0 (0.0 B) host-local and 0 (0.0 B) push-merged-local and 0 (0.0 B) remote blocks
[2022-04-05 22:49:10,399] {spark_submit.py:488} INFO - 22/04/05 22:49:10 INFO ShuffleBlockFetcherIterator: Getting 1 (176.4 KiB) non-empty blocks including 1 (176.4 KiB) local and 0 (0.0 B) host-local and 0 (0.0 B) push-merged-local and 0 (0.0 B) remote blocks
[2022-04-05 22:49:10,403] {spark_submit.py:488} INFO - 22/04/05 22:49:10 INFO ShuffleBlockFetcherIterator: Getting 1 (176.4 KiB) non-empty blocks including 1 (176.4 KiB) local and 0 (0.0 B) host-local and 0 (0.0 B) push-merged-local and 0 (0.0 B) remote blocks
[2022-04-05 22:49:10,415] {spark_submit.py:488} INFO - 22/04/05 22:49:10 INFO ShuffleBlockFetcherIterator: Started 0 remote fetches in 77 ms
[2022-04-05 22:49:10,416] {spark_submit.py:488} INFO - 22/04/05 22:49:10 INFO ShuffleBlockFetcherIterator: Started 0 remote fetches in 101 ms
[2022-04-05 22:49:10,417] {spark_submit.py:488} INFO - 22/04/05 22:49:10 INFO ShuffleBlockFetcherIterator: Started 0 remote fetches in 94 ms
[2022-04-05 22:49:10,436] {spark_submit.py:488} INFO - 22/04/05 22:49:10 INFO ShuffleBlockFetcherIterator: Started 0 remote fetches in 102 ms
[2022-04-05 22:49:10,567] {spark_submit.py:488} INFO - 22/04/05 22:49:10 INFO FileOutputCommitter: File Output Committer Algorithm version is 1
[2022-04-05 22:49:10,569] {spark_submit.py:488} INFO - 22/04/05 22:49:10 INFO FileOutputCommitter: FileOutputCommitter skip cleanup _temporary folders under output directory:false, ignore cleanup failures: false
[2022-04-05 22:49:10,572] {spark_submit.py:488} INFO - 22/04/05 22:49:10 INFO FileOutputCommitter: File Output Committer Algorithm version is 1
[2022-04-05 22:49:10,572] {spark_submit.py:488} INFO - 22/04/05 22:49:10 INFO FileOutputCommitter: FileOutputCommitter skip cleanup _temporary folders under output directory:false, ignore cleanup failures: false
[2022-04-05 22:49:10,578] {spark_submit.py:488} INFO - 22/04/05 22:49:10 INFO SQLHadoopMapReduceCommitProtocol: Using user defined output committer class org.apache.parquet.hadoop.ParquetOutputCommitter
[2022-04-05 22:49:10,582] {spark_submit.py:488} INFO - 22/04/05 22:49:10 INFO FileOutputCommitter: File Output Committer Algorithm version is 1
[2022-04-05 22:49:10,582] {spark_submit.py:488} INFO - 22/04/05 22:49:10 INFO FileOutputCommitter: FileOutputCommitter skip cleanup _temporary folders under output directory:false, ignore cleanup failures: false
[2022-04-05 22:49:10,583] {spark_submit.py:488} INFO - 22/04/05 22:49:10 INFO SQLHadoopMapReduceCommitProtocol: Using output committer class org.apache.parquet.hadoop.ParquetOutputCommitter
[2022-04-05 22:49:10,623] {spark_submit.py:488} INFO - 22/04/05 22:49:10 INFO SQLHadoopMapReduceCommitProtocol: Using user defined output committer class org.apache.parquet.hadoop.ParquetOutputCommitter
[2022-04-05 22:49:10,624] {spark_submit.py:488} INFO - 22/04/05 22:49:10 INFO FileOutputCommitter: File Output Committer Algorithm version is 1
[2022-04-05 22:49:10,624] {spark_submit.py:488} INFO - 22/04/05 22:49:10 INFO FileOutputCommitter: FileOutputCommitter skip cleanup _temporary folders under output directory:false, ignore cleanup failures: false
[2022-04-05 22:49:10,625] {spark_submit.py:488} INFO - 22/04/05 22:49:10 INFO FileOutputCommitter: File Output Committer Algorithm version is 1
[2022-04-05 22:49:10,625] {spark_submit.py:488} INFO - 22/04/05 22:49:10 INFO FileOutputCommitter: FileOutputCommitter skip cleanup _temporary folders under output directory:false, ignore cleanup failures: false
[2022-04-05 22:49:10,627] {spark_submit.py:488} INFO - 22/04/05 22:49:10 INFO SQLHadoopMapReduceCommitProtocol: Using user defined output committer class org.apache.parquet.hadoop.ParquetOutputCommitter
[2022-04-05 22:49:10,627] {spark_submit.py:488} INFO - 22/04/05 22:49:10 INFO FileOutputCommitter: File Output Committer Algorithm version is 1
[2022-04-05 22:49:10,628] {spark_submit.py:488} INFO - 22/04/05 22:49:10 INFO FileOutputCommitter: FileOutputCommitter skip cleanup _temporary folders under output directory:false, ignore cleanup failures: false
[2022-04-05 22:49:10,629] {spark_submit.py:488} INFO - 22/04/05 22:49:10 INFO SQLHadoopMapReduceCommitProtocol: Using output committer class org.apache.parquet.hadoop.ParquetOutputCommitter
[2022-04-05 22:49:10,636] {spark_submit.py:488} INFO - 22/04/05 22:49:10 INFO FileOutputCommitter: File Output Committer Algorithm version is 1
[2022-04-05 22:49:10,637] {spark_submit.py:488} INFO - 22/04/05 22:49:10 INFO FileOutputCommitter: FileOutputCommitter skip cleanup _temporary folders under output directory:false, ignore cleanup failures: false
[2022-04-05 22:49:10,638] {spark_submit.py:488} INFO - 22/04/05 22:49:10 INFO SQLHadoopMapReduceCommitProtocol: Using user defined output committer class org.apache.parquet.hadoop.ParquetOutputCommitter
[2022-04-05 22:49:10,638] {spark_submit.py:488} INFO - 22/04/05 22:49:10 INFO FileOutputCommitter: File Output Committer Algorithm version is 1
[2022-04-05 22:49:10,638] {spark_submit.py:488} INFO - 22/04/05 22:49:10 INFO FileOutputCommitter: FileOutputCommitter skip cleanup _temporary folders under output directory:false, ignore cleanup failures: false
[2022-04-05 22:49:10,639] {spark_submit.py:488} INFO - 22/04/05 22:49:10 INFO SQLHadoopMapReduceCommitProtocol: Using output committer class org.apache.parquet.hadoop.ParquetOutputCommitter
[2022-04-05 22:49:10,644] {spark_submit.py:488} INFO - 22/04/05 22:49:10 INFO SQLHadoopMapReduceCommitProtocol: Using output committer class org.apache.parquet.hadoop.ParquetOutputCommitter
[2022-04-05 22:49:10,797] {spark_submit.py:488} INFO - 22/04/05 22:49:10 INFO CodecConfig: Compression: SNAPPY
[2022-04-05 22:49:10,816] {spark_submit.py:488} INFO - 22/04/05 22:49:10 INFO CodecConfig: Compression: SNAPPY
[2022-04-05 22:49:10,816] {spark_submit.py:488} INFO - 22/04/05 22:49:10 INFO CodecConfig: Compression: SNAPPY
[2022-04-05 22:49:10,818] {spark_submit.py:488} INFO - 22/04/05 22:49:10 INFO CodecConfig: Compression: SNAPPY
[2022-04-05 22:49:10,831] {spark_submit.py:488} INFO - 22/04/05 22:49:10 INFO CodecConfig: Compression: SNAPPY
[2022-04-05 22:49:10,831] {spark_submit.py:488} INFO - 22/04/05 22:49:10 INFO CodecConfig: Compression: SNAPPY
[2022-04-05 22:49:10,838] {spark_submit.py:488} INFO - 22/04/05 22:49:10 INFO CodecConfig: Compression: SNAPPY
[2022-04-05 22:49:10,852] {spark_submit.py:488} INFO - 22/04/05 22:49:10 INFO CodecConfig: Compression: SNAPPY
[2022-04-05 22:49:11,134] {spark_submit.py:488} INFO - 22/04/05 22:49:11 INFO ParquetOutputFormat: Parquet block size to 134217728
[2022-04-05 22:49:11,134] {spark_submit.py:488} INFO - 22/04/05 22:49:11 INFO ParquetOutputFormat: Validation is off
[2022-04-05 22:49:11,134] {spark_submit.py:488} INFO - 22/04/05 22:49:11 INFO ParquetOutputFormat: Maximum row group padding size is 8388608 bytes
[2022-04-05 22:49:11,134] {spark_submit.py:488} INFO - 22/04/05 22:49:11 INFO ParquetOutputFormat: Parquet properties are:
[2022-04-05 22:49:11,134] {spark_submit.py:488} INFO - Parquet page size to 1048576
[2022-04-05 22:49:11,134] {spark_submit.py:488} INFO - Parquet dictionary page size to 1048576
[2022-04-05 22:49:11,134] {spark_submit.py:488} INFO - Dictionary is true
[2022-04-05 22:49:11,134] {spark_submit.py:488} INFO - Writer version is: PARQUET_1_0
[2022-04-05 22:49:11,135] {spark_submit.py:488} INFO - Page size checking is: estimated
[2022-04-05 22:49:11,135] {spark_submit.py:488} INFO - Min row count for page size check is: 100
[2022-04-05 22:49:11,135] {spark_submit.py:488} INFO - Max row count for page size check is: 10000
[2022-04-05 22:49:11,135] {spark_submit.py:488} INFO - Truncate length for column indexes is: 64
[2022-04-05 22:49:11,135] {spark_submit.py:488} INFO - Truncate length for statistics min/max  is: 2147483647
[2022-04-05 22:49:11,135] {spark_submit.py:488} INFO - Bloom filter enabled: false
[2022-04-05 22:49:11,135] {spark_submit.py:488} INFO - Max Bloom filter size for a column is 1048576
[2022-04-05 22:49:11,135] {spark_submit.py:488} INFO - Bloom filter expected number of distinct values are: null
[2022-04-05 22:49:11,135] {spark_submit.py:488} INFO - Page row count limit to 20000
[2022-04-05 22:49:11,135] {spark_submit.py:488} INFO - Writing page checksums is: on
[2022-04-05 22:49:11,138] {spark_submit.py:488} INFO - 22/04/05 22:49:11 INFO ParquetOutputFormat: Parquet block size to 134217728
[2022-04-05 22:49:11,139] {spark_submit.py:488} INFO - 22/04/05 22:49:11 INFO ParquetOutputFormat: Validation is off
[2022-04-05 22:49:11,139] {spark_submit.py:488} INFO - 22/04/05 22:49:11 INFO ParquetOutputFormat: Maximum row group padding size is 8388608 bytes
[2022-04-05 22:49:11,140] {spark_submit.py:488} INFO - 22/04/05 22:49:11 INFO ParquetOutputFormat: Parquet properties are:
[2022-04-05 22:49:11,140] {spark_submit.py:488} INFO - Parquet page size to 1048576
[2022-04-05 22:49:11,140] {spark_submit.py:488} INFO - Parquet dictionary page size to 1048576
[2022-04-05 22:49:11,140] {spark_submit.py:488} INFO - Dictionary is true
[2022-04-05 22:49:11,140] {spark_submit.py:488} INFO - Writer version is: PARQUET_1_0
[2022-04-05 22:49:11,140] {spark_submit.py:488} INFO - Page size checking is: estimated
[2022-04-05 22:49:11,140] {spark_submit.py:488} INFO - Min row count for page size check is: 100
[2022-04-05 22:49:11,141] {spark_submit.py:488} INFO - Max row count for page size check is: 10000
[2022-04-05 22:49:11,141] {spark_submit.py:488} INFO - Truncate length for column indexes is: 64
[2022-04-05 22:49:11,141] {spark_submit.py:488} INFO - Truncate length for statistics min/max  is: 2147483647
[2022-04-05 22:49:11,141] {spark_submit.py:488} INFO - Bloom filter enabled: false
[2022-04-05 22:49:11,141] {spark_submit.py:488} INFO - Max Bloom filter size for a column is 1048576
[2022-04-05 22:49:11,141] {spark_submit.py:488} INFO - Bloom filter expected number of distinct values are: null
[2022-04-05 22:49:11,141] {spark_submit.py:488} INFO - Page row count limit to 20000
[2022-04-05 22:49:11,141] {spark_submit.py:488} INFO - Writing page checksums is: on
[2022-04-05 22:49:11,160] {spark_submit.py:488} INFO - 22/04/05 22:49:11 INFO ParquetOutputFormat: Parquet block size to 134217728
[2022-04-05 22:49:11,161] {spark_submit.py:488} INFO - 22/04/05 22:49:11 INFO ParquetOutputFormat: Validation is off
[2022-04-05 22:49:11,161] {spark_submit.py:488} INFO - 22/04/05 22:49:11 INFO ParquetOutputFormat: Maximum row group padding size is 8388608 bytes
[2022-04-05 22:49:11,161] {spark_submit.py:488} INFO - 22/04/05 22:49:11 INFO ParquetOutputFormat: Parquet properties are:
[2022-04-05 22:49:11,162] {spark_submit.py:488} INFO - Parquet page size to 1048576
[2022-04-05 22:49:11,162] {spark_submit.py:488} INFO - Parquet dictionary page size to 1048576
[2022-04-05 22:49:11,162] {spark_submit.py:488} INFO - Dictionary is true
[2022-04-05 22:49:11,162] {spark_submit.py:488} INFO - Writer version is: PARQUET_1_0
[2022-04-05 22:49:11,162] {spark_submit.py:488} INFO - Page size checking is: estimated
[2022-04-05 22:49:11,162] {spark_submit.py:488} INFO - Min row count for page size check is: 100
[2022-04-05 22:49:11,162] {spark_submit.py:488} INFO - Max row count for page size check is: 10000
[2022-04-05 22:49:11,162] {spark_submit.py:488} INFO - Truncate length for column indexes is: 64
[2022-04-05 22:49:11,162] {spark_submit.py:488} INFO - Truncate length for statistics min/max  is: 2147483647
[2022-04-05 22:49:11,162] {spark_submit.py:488} INFO - Bloom filter enabled: false
[2022-04-05 22:49:11,162] {spark_submit.py:488} INFO - Max Bloom filter size for a column is 1048576
[2022-04-05 22:49:11,162] {spark_submit.py:488} INFO - Bloom filter expected number of distinct values are: null
[2022-04-05 22:49:11,162] {spark_submit.py:488} INFO - Page row count limit to 20000
[2022-04-05 22:49:11,163] {spark_submit.py:488} INFO - Writing page checksums is: on
[2022-04-05 22:49:11,205] {spark_submit.py:488} INFO - 22/04/05 22:49:11 INFO ParquetOutputFormat: Parquet block size to 134217728
[2022-04-05 22:49:11,206] {spark_submit.py:488} INFO - 22/04/05 22:49:11 INFO ParquetOutputFormat: Validation is off
[2022-04-05 22:49:11,206] {spark_submit.py:488} INFO - 22/04/05 22:49:11 INFO ParquetOutputFormat: Maximum row group padding size is 8388608 bytes
[2022-04-05 22:49:11,206] {spark_submit.py:488} INFO - 22/04/05 22:49:11 INFO ParquetOutputFormat: Parquet properties are:
[2022-04-05 22:49:11,207] {spark_submit.py:488} INFO - Parquet page size to 1048576
[2022-04-05 22:49:11,207] {spark_submit.py:488} INFO - Parquet dictionary page size to 1048576
[2022-04-05 22:49:11,207] {spark_submit.py:488} INFO - Dictionary is true
[2022-04-05 22:49:11,207] {spark_submit.py:488} INFO - Writer version is: PARQUET_1_0
[2022-04-05 22:49:11,207] {spark_submit.py:488} INFO - Page size checking is: estimated
[2022-04-05 22:49:11,207] {spark_submit.py:488} INFO - Min row count for page size check is: 100
[2022-04-05 22:49:11,207] {spark_submit.py:488} INFO - Max row count for page size check is: 10000
[2022-04-05 22:49:11,207] {spark_submit.py:488} INFO - Truncate length for column indexes is: 64
[2022-04-05 22:49:11,207] {spark_submit.py:488} INFO - Truncate length for statistics min/max  is: 2147483647
[2022-04-05 22:49:11,207] {spark_submit.py:488} INFO - Bloom filter enabled: false
[2022-04-05 22:49:11,207] {spark_submit.py:488} INFO - Max Bloom filter size for a column is 1048576
[2022-04-05 22:49:11,208] {spark_submit.py:488} INFO - Bloom filter expected number of distinct values are: null
[2022-04-05 22:49:11,208] {spark_submit.py:488} INFO - Page row count limit to 20000
[2022-04-05 22:49:11,208] {spark_submit.py:488} INFO - Writing page checksums is: on
[2022-04-05 22:49:11,272] {spark_submit.py:488} INFO - 22/04/05 22:49:11 INFO ParquetWriteSupport: Initialized Parquet WriteSupport with Catalyst schema:
[2022-04-05 22:49:11,272] {spark_submit.py:488} INFO - {
[2022-04-05 22:49:11,272] {spark_submit.py:488} INFO - "type" : "struct",
[2022-04-05 22:49:11,273] {spark_submit.py:488} INFO - "fields" : [ {
[2022-04-05 22:49:11,273] {spark_submit.py:488} INFO - "name" : "id",
[2022-04-05 22:49:11,273] {spark_submit.py:488} INFO - "type" : "integer",
[2022-04-05 22:49:11,273] {spark_submit.py:488} INFO - "nullable" : true,
[2022-04-05 22:49:11,273] {spark_submit.py:488} INFO - "metadata" : { }
[2022-04-05 22:49:11,273] {spark_submit.py:488} INFO - }, {
[2022-04-05 22:49:11,273] {spark_submit.py:488} INFO - "name" : "name",
[2022-04-05 22:49:11,273] {spark_submit.py:488} INFO - "type" : "string",
[2022-04-05 22:49:11,273] {spark_submit.py:488} INFO - "nullable" : true,
[2022-04-05 22:49:11,273] {spark_submit.py:488} INFO - "metadata" : { }
[2022-04-05 22:49:11,273] {spark_submit.py:488} INFO - }, {
[2022-04-05 22:49:11,273] {spark_submit.py:488} INFO - "name" : "date",
[2022-04-05 22:49:11,273] {spark_submit.py:488} INFO - "type" : "timestamp",
[2022-04-05 22:49:11,274] {spark_submit.py:488} INFO - "nullable" : true,
[2022-04-05 22:49:11,274] {spark_submit.py:488} INFO - "metadata" : { }
[2022-04-05 22:49:11,274] {spark_submit.py:488} INFO - }, {
[2022-04-05 22:49:11,274] {spark_submit.py:488} INFO - "name" : "user_id",
[2022-04-05 22:49:11,274] {spark_submit.py:488} INFO - "type" : "integer",
[2022-04-05 22:49:11,274] {spark_submit.py:488} INFO - "nullable" : true,
[2022-04-05 22:49:11,274] {spark_submit.py:488} INFO - "metadata" : { }
[2022-04-05 22:49:11,274] {spark_submit.py:488} INFO - }, {
[2022-04-05 22:49:11,274] {spark_submit.py:488} INFO - "name" : "class",
[2022-04-05 22:49:11,274] {spark_submit.py:488} INFO - "type" : "integer",
[2022-04-05 22:49:11,274] {spark_submit.py:488} INFO - "nullable" : true,
[2022-04-05 22:49:11,274] {spark_submit.py:488} INFO - "metadata" : { }
[2022-04-05 22:49:11,274] {spark_submit.py:488} INFO - }, {
[2022-04-05 22:49:11,274] {spark_submit.py:488} INFO - "name" : "tag_based",
[2022-04-05 22:49:11,275] {spark_submit.py:488} INFO - "type" : "boolean",
[2022-04-05 22:49:11,275] {spark_submit.py:488} INFO - "nullable" : true,
[2022-04-05 22:49:11,275] {spark_submit.py:488} INFO - "metadata" : { }
[2022-04-05 22:49:11,275] {spark_submit.py:488} INFO - }, {
[2022-04-05 22:49:11,275] {spark_submit.py:488} INFO - "name" : "group_by_date",
[2022-04-05 22:49:11,275] {spark_submit.py:488} INFO - "type" : "timestamp",
[2022-04-05 22:49:11,275] {spark_submit.py:488} INFO - "nullable" : true,
[2022-04-05 22:49:11,275] {spark_submit.py:488} INFO - "metadata" : { }
[2022-04-05 22:49:11,275] {spark_submit.py:488} INFO - } ]
[2022-04-05 22:49:11,275] {spark_submit.py:488} INFO - }
[2022-04-05 22:49:11,275] {spark_submit.py:488} INFO - and corresponding Parquet message type:
[2022-04-05 22:49:11,275] {spark_submit.py:488} INFO - message spark_schema {
[2022-04-05 22:49:11,275] {spark_submit.py:488} INFO - optional int32 id;
[2022-04-05 22:49:11,276] {spark_submit.py:488} INFO - optional binary name (STRING);
[2022-04-05 22:49:11,277] {spark_submit.py:488} INFO - optional int96 date;
[2022-04-05 22:49:11,277] {spark_submit.py:488} INFO - optional int32 user_id;
[2022-04-05 22:49:11,277] {spark_submit.py:488} INFO - optional int32 class;
[2022-04-05 22:49:11,277] {spark_submit.py:488} INFO - optional boolean tag_based;
[2022-04-05 22:49:11,277] {spark_submit.py:488} INFO - optional int96 group_by_date;
[2022-04-05 22:49:11,277] {spark_submit.py:488} INFO - }
[2022-04-05 22:49:11,277] {spark_submit.py:488} INFO - 
[2022-04-05 22:49:11,277] {spark_submit.py:488} INFO - 
[2022-04-05 22:49:11,285] {spark_submit.py:488} INFO - 22/04/05 22:49:11 INFO ParquetWriteSupport: Initialized Parquet WriteSupport with Catalyst schema:
[2022-04-05 22:49:11,285] {spark_submit.py:488} INFO - {
[2022-04-05 22:49:11,285] {spark_submit.py:488} INFO - "type" : "struct",
[2022-04-05 22:49:11,285] {spark_submit.py:488} INFO - "fields" : [ {
[2022-04-05 22:49:11,285] {spark_submit.py:488} INFO - "name" : "id",
[2022-04-05 22:49:11,285] {spark_submit.py:488} INFO - "type" : "integer",
[2022-04-05 22:49:11,285] {spark_submit.py:488} INFO - "nullable" : true,
[2022-04-05 22:49:11,285] {spark_submit.py:488} INFO - "metadata" : { }
[2022-04-05 22:49:11,286] {spark_submit.py:488} INFO - }, {
[2022-04-05 22:49:11,286] {spark_submit.py:488} INFO - "name" : "name",
[2022-04-05 22:49:11,286] {spark_submit.py:488} INFO - "type" : "string",
[2022-04-05 22:49:11,286] {spark_submit.py:488} INFO - "nullable" : true,
[2022-04-05 22:49:11,286] {spark_submit.py:488} INFO - "metadata" : { }
[2022-04-05 22:49:11,286] {spark_submit.py:488} INFO - }, {
[2022-04-05 22:49:11,286] {spark_submit.py:488} INFO - "name" : "date",
[2022-04-05 22:49:11,286] {spark_submit.py:488} INFO - "type" : "timestamp",
[2022-04-05 22:49:11,286] {spark_submit.py:488} INFO - "nullable" : true,
[2022-04-05 22:49:11,286] {spark_submit.py:488} INFO - "metadata" : { }
[2022-04-05 22:49:11,286] {spark_submit.py:488} INFO - }, {
[2022-04-05 22:49:11,286] {spark_submit.py:488} INFO - "name" : "user_id",
[2022-04-05 22:49:11,286] {spark_submit.py:488} INFO - "type" : "integer",
[2022-04-05 22:49:11,287] {spark_submit.py:488} INFO - "nullable" : true,
[2022-04-05 22:49:11,287] {spark_submit.py:488} INFO - "metadata" : { }
[2022-04-05 22:49:11,287] {spark_submit.py:488} INFO - }, {
[2022-04-05 22:49:11,287] {spark_submit.py:488} INFO - "name" : "class",
[2022-04-05 22:49:11,287] {spark_submit.py:488} INFO - "type" : "integer",
[2022-04-05 22:49:11,287] {spark_submit.py:488} INFO - "nullable" : true,
[2022-04-05 22:49:11,287] {spark_submit.py:488} INFO - "metadata" : { }
[2022-04-05 22:49:11,287] {spark_submit.py:488} INFO - }, {
[2022-04-05 22:49:11,287] {spark_submit.py:488} INFO - "name" : "tag_based",
[2022-04-05 22:49:11,287] {spark_submit.py:488} INFO - "type" : "boolean",
[2022-04-05 22:49:11,287] {spark_submit.py:488} INFO - "nullable" : true,
[2022-04-05 22:49:11,287] {spark_submit.py:488} INFO - "metadata" : { }
[2022-04-05 22:49:11,287] {spark_submit.py:488} INFO - }, {
[2022-04-05 22:49:11,292] {spark_submit.py:488} INFO - "name" : "group_by_date",
[2022-04-05 22:49:11,292] {spark_submit.py:488} INFO - "type" : "timestamp",
[2022-04-05 22:49:11,292] {spark_submit.py:488} INFO - "nullable" : true,
[2022-04-05 22:49:11,292] {spark_submit.py:488} INFO - "metadata" : { }
[2022-04-05 22:49:11,292] {spark_submit.py:488} INFO - } ]
[2022-04-05 22:49:11,292] {spark_submit.py:488} INFO - }
[2022-04-05 22:49:11,292] {spark_submit.py:488} INFO - and corresponding Parquet message type:
[2022-04-05 22:49:11,292] {spark_submit.py:488} INFO - message spark_schema {
[2022-04-05 22:49:11,292] {spark_submit.py:488} INFO - optional int32 id;
[2022-04-05 22:49:11,292] {spark_submit.py:488} INFO - optional binary name (STRING);
[2022-04-05 22:49:11,293] {spark_submit.py:488} INFO - optional int96 date;
[2022-04-05 22:49:11,293] {spark_submit.py:488} INFO - optional int32 user_id;
[2022-04-05 22:49:11,293] {spark_submit.py:488} INFO - optional int32 class;
[2022-04-05 22:49:11,293] {spark_submit.py:488} INFO - optional boolean tag_based;
[2022-04-05 22:49:11,293] {spark_submit.py:488} INFO - optional int96 group_by_date;
[2022-04-05 22:49:11,293] {spark_submit.py:488} INFO - }
[2022-04-05 22:49:11,293] {spark_submit.py:488} INFO - 
[2022-04-05 22:49:11,293] {spark_submit.py:488} INFO - 
[2022-04-05 22:49:11,293] {spark_submit.py:488} INFO - 22/04/05 22:49:11 INFO ParquetWriteSupport: Initialized Parquet WriteSupport with Catalyst schema:
[2022-04-05 22:49:11,293] {spark_submit.py:488} INFO - {
[2022-04-05 22:49:11,293] {spark_submit.py:488} INFO - "type" : "struct",
[2022-04-05 22:49:11,293] {spark_submit.py:488} INFO - "fields" : [ {
[2022-04-05 22:49:11,294] {spark_submit.py:488} INFO - "name" : "id",
[2022-04-05 22:49:11,294] {spark_submit.py:488} INFO - "type" : "integer",
[2022-04-05 22:49:11,294] {spark_submit.py:488} INFO - "nullable" : true,
[2022-04-05 22:49:11,294] {spark_submit.py:488} INFO - "metadata" : { }
[2022-04-05 22:49:11,294] {spark_submit.py:488} INFO - }, {
[2022-04-05 22:49:11,294] {spark_submit.py:488} INFO - "name" : "name",
[2022-04-05 22:49:11,294] {spark_submit.py:488} INFO - "type" : "string",
[2022-04-05 22:49:11,294] {spark_submit.py:488} INFO - "nullable" : true,
[2022-04-05 22:49:11,294] {spark_submit.py:488} INFO - "metadata" : { }
[2022-04-05 22:49:11,294] {spark_submit.py:488} INFO - }, {
[2022-04-05 22:49:11,294] {spark_submit.py:488} INFO - "name" : "date",
[2022-04-05 22:49:11,294] {spark_submit.py:488} INFO - "type" : "timestamp",
[2022-04-05 22:49:11,294] {spark_submit.py:488} INFO - "nullable" : true,
[2022-04-05 22:49:11,295] {spark_submit.py:488} INFO - "metadata" : { }
[2022-04-05 22:49:11,295] {spark_submit.py:488} INFO - }, {
[2022-04-05 22:49:11,295] {spark_submit.py:488} INFO - "name" : "user_id",
[2022-04-05 22:49:11,295] {spark_submit.py:488} INFO - "type" : "integer",
[2022-04-05 22:49:11,295] {spark_submit.py:488} INFO - "nullable" : true,
[2022-04-05 22:49:11,295] {spark_submit.py:488} INFO - "metadata" : { }
[2022-04-05 22:49:11,295] {spark_submit.py:488} INFO - }, {
[2022-04-05 22:49:11,295] {spark_submit.py:488} INFO - "name" : "class",
[2022-04-05 22:49:11,295] {spark_submit.py:488} INFO - "type" : "integer",
[2022-04-05 22:49:11,295] {spark_submit.py:488} INFO - "nullable" : true,
[2022-04-05 22:49:11,295] {spark_submit.py:488} INFO - "metadata" : { }
[2022-04-05 22:49:11,295] {spark_submit.py:488} INFO - }, {
[2022-04-05 22:49:11,324] {spark_submit.py:488} INFO - "name" : "tag_based",
[2022-04-05 22:49:11,324] {spark_submit.py:488} INFO - "type" : "boolean",
[2022-04-05 22:49:11,325] {spark_submit.py:488} INFO - "nullable" : true,
[2022-04-05 22:49:11,325] {spark_submit.py:488} INFO - "metadata" : { }
[2022-04-05 22:49:11,325] {spark_submit.py:488} INFO - }, {
[2022-04-05 22:49:11,325] {spark_submit.py:488} INFO - "name" : "group_by_date",
[2022-04-05 22:49:11,325] {spark_submit.py:488} INFO - "type" : "timestamp",
[2022-04-05 22:49:11,325] {spark_submit.py:488} INFO - "nullable" : true,
[2022-04-05 22:49:11,325] {spark_submit.py:488} INFO - "metadata" : { }
[2022-04-05 22:49:11,325] {spark_submit.py:488} INFO - } ]
[2022-04-05 22:49:11,325] {spark_submit.py:488} INFO - }
[2022-04-05 22:49:11,325] {spark_submit.py:488} INFO - and corresponding Parquet message type:
[2022-04-05 22:49:11,325] {spark_submit.py:488} INFO - message spark_schema {
[2022-04-05 22:49:11,334] {spark_submit.py:488} INFO - optional int32 id;
[2022-04-05 22:49:11,334] {spark_submit.py:488} INFO - optional binary name (STRING);
[2022-04-05 22:49:11,334] {spark_submit.py:488} INFO - optional int96 date;
[2022-04-05 22:49:11,334] {spark_submit.py:488} INFO - optional int32 user_id;
[2022-04-05 22:49:11,334] {spark_submit.py:488} INFO - optional int32 class;
[2022-04-05 22:49:11,334] {spark_submit.py:488} INFO - optional boolean tag_based;
[2022-04-05 22:49:11,334] {spark_submit.py:488} INFO - optional int96 group_by_date;
[2022-04-05 22:49:11,334] {spark_submit.py:488} INFO - }
[2022-04-05 22:49:11,335] {spark_submit.py:488} INFO - 
[2022-04-05 22:49:11,335] {spark_submit.py:488} INFO - 
[2022-04-05 22:49:11,335] {spark_submit.py:488} INFO - 22/04/05 22:49:11 INFO ParquetWriteSupport: Initialized Parquet WriteSupport with Catalyst schema:
[2022-04-05 22:49:11,335] {spark_submit.py:488} INFO - {
[2022-04-05 22:49:11,335] {spark_submit.py:488} INFO - "type" : "struct",
[2022-04-05 22:49:11,335] {spark_submit.py:488} INFO - "fields" : [ {
[2022-04-05 22:49:11,335] {spark_submit.py:488} INFO - "name" : "id",
[2022-04-05 22:49:11,335] {spark_submit.py:488} INFO - "type" : "integer",
[2022-04-05 22:49:11,335] {spark_submit.py:488} INFO - "nullable" : true,
[2022-04-05 22:49:11,335] {spark_submit.py:488} INFO - "metadata" : { }
[2022-04-05 22:49:11,335] {spark_submit.py:488} INFO - }, {
[2022-04-05 22:49:11,335] {spark_submit.py:488} INFO - "name" : "name",
[2022-04-05 22:49:11,336] {spark_submit.py:488} INFO - "type" : "string",
[2022-04-05 22:49:11,336] {spark_submit.py:488} INFO - "nullable" : true,
[2022-04-05 22:49:11,336] {spark_submit.py:488} INFO - "metadata" : { }
[2022-04-05 22:49:11,336] {spark_submit.py:488} INFO - }, {
[2022-04-05 22:49:11,336] {spark_submit.py:488} INFO - "name" : "date",
[2022-04-05 22:49:11,336] {spark_submit.py:488} INFO - "type" : "timestamp",
[2022-04-05 22:49:11,336] {spark_submit.py:488} INFO - "nullable" : true,
[2022-04-05 22:49:11,336] {spark_submit.py:488} INFO - "metadata" : { }
[2022-04-05 22:49:11,336] {spark_submit.py:488} INFO - }, {
[2022-04-05 22:49:11,336] {spark_submit.py:488} INFO - "name" : "user_id",
[2022-04-05 22:49:11,336] {spark_submit.py:488} INFO - "type" : "integer",
[2022-04-05 22:49:11,336] {spark_submit.py:488} INFO - "nullable" : true,
[2022-04-05 22:49:11,336] {spark_submit.py:488} INFO - "metadata" : { }
[2022-04-05 22:49:11,337] {spark_submit.py:488} INFO - }, {
[2022-04-05 22:49:11,337] {spark_submit.py:488} INFO - "name" : "class",
[2022-04-05 22:49:11,337] {spark_submit.py:488} INFO - "type" : "integer",
[2022-04-05 22:49:11,337] {spark_submit.py:488} INFO - "nullable" : true,
[2022-04-05 22:49:11,337] {spark_submit.py:488} INFO - "metadata" : { }
[2022-04-05 22:49:11,355] {spark_submit.py:488} INFO - }, {
[2022-04-05 22:49:11,355] {spark_submit.py:488} INFO - "name" : "tag_based",
[2022-04-05 22:49:11,355] {spark_submit.py:488} INFO - "type" : "boolean",
[2022-04-05 22:49:11,356] {spark_submit.py:488} INFO - "nullable" : true,
[2022-04-05 22:49:11,356] {spark_submit.py:488} INFO - "metadata" : { }
[2022-04-05 22:49:11,361] {spark_submit.py:488} INFO - }, {
[2022-04-05 22:49:11,361] {spark_submit.py:488} INFO - "name" : "group_by_date",
[2022-04-05 22:49:11,361] {spark_submit.py:488} INFO - "type" : "timestamp",
[2022-04-05 22:49:11,361] {spark_submit.py:488} INFO - "nullable" : true,
[2022-04-05 22:49:11,362] {spark_submit.py:488} INFO - "metadata" : { }
[2022-04-05 22:49:11,362] {spark_submit.py:488} INFO - } ]
[2022-04-05 22:49:11,362] {spark_submit.py:488} INFO - }
[2022-04-05 22:49:11,362] {spark_submit.py:488} INFO - and corresponding Parquet message type:
[2022-04-05 22:49:11,362] {spark_submit.py:488} INFO - message spark_schema {
[2022-04-05 22:49:11,362] {spark_submit.py:488} INFO - optional int32 id;
[2022-04-05 22:49:11,362] {spark_submit.py:488} INFO - optional binary name (STRING);
[2022-04-05 22:49:11,362] {spark_submit.py:488} INFO - optional int96 date;
[2022-04-05 22:49:11,362] {spark_submit.py:488} INFO - optional int32 user_id;
[2022-04-05 22:49:11,362] {spark_submit.py:488} INFO - optional int32 class;
[2022-04-05 22:49:11,362] {spark_submit.py:488} INFO - optional boolean tag_based;
[2022-04-05 22:49:11,362] {spark_submit.py:488} INFO - optional int96 group_by_date;
[2022-04-05 22:49:11,362] {spark_submit.py:488} INFO - }
[2022-04-05 22:49:11,363] {spark_submit.py:488} INFO - 
[2022-04-05 22:49:11,363] {spark_submit.py:488} INFO - 
[2022-04-05 22:49:12,865] {spark_submit.py:488} INFO - 22/04/05 22:49:12 INFO CodecPool: Got brand-new compressor [.snappy]
[2022-04-05 22:49:13,172] {spark_submit.py:488} INFO - 22/04/05 22:49:13 INFO CodecPool: Got brand-new compressor [.snappy]
[2022-04-05 22:49:13,176] {spark_submit.py:488} INFO - 22/04/05 22:49:12 INFO CodecPool: Got brand-new compressor [.snappy]
[2022-04-05 22:49:13,176] {spark_submit.py:488} INFO - 22/04/05 22:49:12 INFO CodecPool: Got brand-new compressor [.snappy]
[2022-04-05 22:49:14,947] {spark_submit.py:488} INFO - 22/04/05 22:49:14 INFO BlockManagerInfo: Removed broadcast_2_piece0 on 9fe4286b2855:42279 in memory (size: 8.5 KiB, free: 434.3 MiB)
[2022-04-05 22:49:22,418] {spark_submit.py:488} INFO - 22/04/05 22:49:22 INFO GoogleCloudStorageFileSystem: Successfully repaired 'gs://dtc_data_lake_de-stack-overflow/BigQuery/badges-2009-05/_temporary/0/_temporary/' directory.
[2022-04-05 22:49:22,418] {spark_submit.py:488} INFO - 22/04/05 22:49:22 INFO FileOutputCommitter: Saved output of task 'attempt_202204052249091010934652920903661_0003_m_000002_4' to gs://dtc_data_lake_de-stack-overflow/BigQuery/badges-2009-05/_temporary/0/task_202204052249091010934652920903661_0003_m_000002
[2022-04-05 22:49:22,419] {spark_submit.py:488} INFO - 22/04/05 22:49:22 INFO SparkHadoopMapRedUtil: attempt_202204052249091010934652920903661_0003_m_000002_4: Committed
[2022-04-05 22:49:22,486] {spark_submit.py:488} INFO - 22/04/05 22:49:22 INFO GoogleCloudStorageImpl: Ignoring exception of type GoogleJsonResponseException; verified object already exists with desired state.
[2022-04-05 22:49:22,486] {spark_submit.py:488} INFO - 22/04/05 22:49:22 INFO GoogleCloudStorageFileSystem: Successfully repaired 'gs://dtc_data_lake_de-stack-overflow/BigQuery/badges-2009-05/_temporary/0/_temporary/' directory.
[2022-04-05 22:49:22,487] {spark_submit.py:488} INFO - 22/04/05 22:49:22 INFO FileOutputCommitter: Saved output of task 'attempt_202204052249092456451552556120957_0003_m_000003_5' to gs://dtc_data_lake_de-stack-overflow/BigQuery/badges-2009-05/_temporary/0/task_202204052249092456451552556120957_0003_m_000003
[2022-04-05 22:49:22,489] {spark_submit.py:488} INFO - 22/04/05 22:49:22 INFO GoogleCloudStorageImpl: Ignoring exception of type GoogleJsonResponseException; verified object already exists with desired state.
[2022-04-05 22:49:22,489] {spark_submit.py:488} INFO - 22/04/05 22:49:22 INFO GoogleCloudStorageFileSystem: Successfully repaired 'gs://dtc_data_lake_de-stack-overflow/BigQuery/badges-2009-05/_temporary/0/_temporary/' directory.
[2022-04-05 22:49:22,489] {spark_submit.py:488} INFO - 22/04/05 22:49:22 INFO FileOutputCommitter: Saved output of task 'attempt_202204052249097210893942148027737_0003_m_000001_3' to gs://dtc_data_lake_de-stack-overflow/BigQuery/badges-2009-05/_temporary/0/task_202204052249097210893942148027737_0003_m_000001
[2022-04-05 22:49:22,489] {spark_submit.py:488} INFO - 22/04/05 22:49:22 INFO SparkHadoopMapRedUtil: attempt_202204052249097210893942148027737_0003_m_000001_3: Committed
[2022-04-05 22:49:22,493] {spark_submit.py:488} INFO - 22/04/05 22:49:22 INFO SparkHadoopMapRedUtil: attempt_202204052249092456451552556120957_0003_m_000003_5: Committed
[2022-04-05 22:49:22,506] {spark_submit.py:488} INFO - 22/04/05 22:49:22 INFO GoogleCloudStorageImpl: Ignoring exception of type GoogleJsonResponseException; verified object already exists with desired state.
[2022-04-05 22:49:22,507] {spark_submit.py:488} INFO - 22/04/05 22:49:22 INFO GoogleCloudStorageFileSystem: Successfully repaired 'gs://dtc_data_lake_de-stack-overflow/BigQuery/badges-2009-05/_temporary/0/_temporary/' directory.
[2022-04-05 22:49:22,508] {spark_submit.py:488} INFO - 22/04/05 22:49:22 INFO FileOutputCommitter: Saved output of task 'attempt_20220405224909727526070574628297_0003_m_000000_2' to gs://dtc_data_lake_de-stack-overflow/BigQuery/badges-2009-05/_temporary/0/task_20220405224909727526070574628297_0003_m_000000
[2022-04-05 22:49:22,508] {spark_submit.py:488} INFO - 22/04/05 22:49:22 INFO SparkHadoopMapRedUtil: attempt_20220405224909727526070574628297_0003_m_000000_2: Committed
[2022-04-05 22:49:22,587] {spark_submit.py:488} INFO - 22/04/05 22:49:22 INFO Executor: Finished task 0.0 in stage 3.0 (TID 2). 3483 bytes result sent to driver
[2022-04-05 22:49:22,589] {spark_submit.py:488} INFO - 22/04/05 22:49:22 INFO Executor: Finished task 2.0 in stage 3.0 (TID 4). 3483 bytes result sent to driver
[2022-04-05 22:49:22,590] {spark_submit.py:488} INFO - 22/04/05 22:49:22 INFO Executor: Finished task 1.0 in stage 3.0 (TID 3). 3526 bytes result sent to driver
[2022-04-05 22:49:22,618] {spark_submit.py:488} INFO - 22/04/05 22:49:22 INFO TaskSetManager: Finished task 0.0 in stage 3.0 (TID 2) in 12703 ms on 9fe4286b2855 (executor driver) (1/4)
[2022-04-05 22:49:22,645] {spark_submit.py:488} INFO - 22/04/05 22:49:22 INFO TaskSetManager: Finished task 2.0 in stage 3.0 (TID 4) in 12728 ms on 9fe4286b2855 (executor driver) (2/4)
[2022-04-05 22:49:22,649] {spark_submit.py:488} INFO - 22/04/05 22:49:22 INFO TaskSetManager: Finished task 1.0 in stage 3.0 (TID 3) in 12735 ms on 9fe4286b2855 (executor driver) (3/4)
[2022-04-05 22:49:22,795] {spark_submit.py:488} INFO - 22/04/05 22:49:22 INFO Executor: Finished task 3.0 in stage 3.0 (TID 5). 3526 bytes result sent to driver
[2022-04-05 22:49:22,798] {spark_submit.py:488} INFO - 22/04/05 22:49:22 INFO TaskSetManager: Finished task 3.0 in stage 3.0 (TID 5) in 12875 ms on 9fe4286b2855 (executor driver) (4/4)
[2022-04-05 22:49:22,798] {spark_submit.py:488} INFO - 22/04/05 22:49:22 INFO TaskSchedulerImpl: Removed TaskSet 3.0, whose tasks have all completed, from pool
[2022-04-05 22:49:22,804] {spark_submit.py:488} INFO - 22/04/05 22:49:22 INFO DAGScheduler: ResultStage 3 (save at NativeMethodAccessorImpl.java:0) finished in 13.301 s
[2022-04-05 22:49:22,804] {spark_submit.py:488} INFO - 22/04/05 22:49:22 INFO DAGScheduler: Job 2 is finished. Cancelling potential speculative or zombie tasks for this job
[2022-04-05 22:49:22,804] {spark_submit.py:488} INFO - 22/04/05 22:49:22 INFO TaskSchedulerImpl: Killing all running tasks in stage 3: Stage finished
[2022-04-05 22:49:22,804] {spark_submit.py:488} INFO - 22/04/05 22:49:22 INFO DAGScheduler: Job 2 finished: save at NativeMethodAccessorImpl.java:0, took 13.381385 s
[2022-04-05 22:49:22,809] {spark_submit.py:488} INFO - 22/04/05 22:49:22 INFO FileFormatWriter: Start to commit write Job 609314a3-a4a3-4e57-901c-2d958b371764.
[2022-04-05 22:49:23,543] {spark_submit.py:488} INFO - 22/04/05 22:49:23 INFO GoogleCloudStorageFileSystem: Successfully repaired 'gs://dtc_data_lake_de-stack-overflow/BigQuery/badges-2009-05/_temporary/0/task_20220405224909727526070574628297_0003_m_000000/' directory.
[2022-04-05 22:49:23,935] {spark_submit.py:488} INFO - 22/04/05 22:49:23 INFO GoogleCloudStorageFileSystem: Successfully repaired 'gs://dtc_data_lake_de-stack-overflow/BigQuery/badges-2009-05/_temporary/0/task_202204052249091010934652920903661_0003_m_000002/' directory.
[2022-04-05 22:49:24,248] {spark_submit.py:488} INFO - 22/04/05 22:49:24 INFO GoogleCloudStorageFileSystem: Successfully repaired 'gs://dtc_data_lake_de-stack-overflow/BigQuery/badges-2009-05/_temporary/0/task_202204052249092456451552556120957_0003_m_000003/' directory.
[2022-04-05 22:49:24,652] {spark_submit.py:488} INFO - 22/04/05 22:49:24 INFO GoogleCloudStorageFileSystem: Successfully repaired 'gs://dtc_data_lake_de-stack-overflow/BigQuery/badges-2009-05/_temporary/0/task_202204052249097210893942148027737_0003_m_000001/' directory.
[2022-04-05 22:49:25,043] {spark_submit.py:488} INFO - 22/04/05 22:49:25 INFO GoogleCloudStorageFileSystem: Successfully repaired 'gs://dtc_data_lake_de-stack-overflow/BigQuery/badges-2009-05/' directory.
[2022-04-05 22:49:26,280] {spark_submit.py:488} INFO - 22/04/05 22:49:26 INFO FileFormatWriter: Write Job 609314a3-a4a3-4e57-901c-2d958b371764 committed. Elapsed time: 3473 ms.
[2022-04-05 22:49:26,287] {spark_submit.py:488} INFO - 22/04/05 22:49:26 INFO FileFormatWriter: Finished processing stats for write job 609314a3-a4a3-4e57-901c-2d958b371764.
[2022-04-05 22:49:26,858] {spark_submit.py:488} INFO - 22/04/05 22:49:26 INFO BlockManagerInfo: Removed broadcast_3_piece0 on 9fe4286b2855:42279 in memory (size: 72.3 KiB, free: 434.4 MiB)
[2022-04-05 22:49:27,608] {spark_submit.py:488} INFO - 22/04/05 22:49:27 INFO SparkContext: Invoking stop() from shutdown hook
[2022-04-05 22:49:27,856] {spark_submit.py:488} INFO - 22/04/05 22:49:27 INFO SparkUI: Stopped Spark web UI at http://9fe4286b2855:4040
[2022-04-05 22:49:27,978] {spark_submit.py:488} INFO - 22/04/05 22:49:27 INFO MapOutputTrackerMasterEndpoint: MapOutputTrackerMasterEndpoint stopped!
[2022-04-05 22:49:28,298] {spark_submit.py:488} INFO - 22/04/05 22:49:28 INFO MemoryStore: MemoryStore cleared
[2022-04-05 22:49:28,298] {spark_submit.py:488} INFO - 22/04/05 22:49:28 INFO BlockManager: BlockManager stopped
[2022-04-05 22:49:28,313] {spark_submit.py:488} INFO - 22/04/05 22:49:28 INFO BlockManagerMaster: BlockManagerMaster stopped
[2022-04-05 22:49:28,318] {spark_submit.py:488} INFO - 22/04/05 22:49:28 INFO OutputCommitCoordinator$OutputCommitCoordinatorEndpoint: OutputCommitCoordinator stopped!
[2022-04-05 22:49:28,492] {spark_submit.py:488} INFO - 22/04/05 22:49:28 INFO SparkContext: Successfully stopped SparkContext
[2022-04-05 22:49:28,493] {spark_submit.py:488} INFO - 22/04/05 22:49:28 INFO ShutdownHookManager: Shutdown hook called
[2022-04-05 22:49:28,494] {spark_submit.py:488} INFO - 22/04/05 22:49:28 INFO ShutdownHookManager: Deleting directory /tmp/spark-64fafb61-015c-4f52-91e2-bf4426ec6406
[2022-04-05 22:49:28,525] {spark_submit.py:488} INFO - 22/04/05 22:49:28 INFO ShutdownHookManager: Deleting directory /tmp/spark-7cdeea0f-f223-4cc7-b92e-1dd31966d362
[2022-04-05 22:49:28,581] {spark_submit.py:488} INFO - 22/04/05 22:49:28 INFO ShutdownHookManager: Deleting directory /tmp/spark-64fafb61-015c-4f52-91e2-bf4426ec6406/pyspark-7ac597ec-8aaa-411d-b58a-efa458280ace
[2022-04-05 22:49:32,013] {taskinstance.py:1288} INFO - Marking task as SUCCESS. dag_id=IngestToGCP, task_id=processing_tasks_badges.spark_job, execution_date=20090501T000000, start_date=20220405T224517, end_date=20220405T224932
[2022-04-05 22:49:32,357] {local_task_job.py:154} INFO - Task exited with return code 0
[2022-04-05 22:49:32,702] {local_task_job.py:264} INFO - 1 downstream tasks scheduled from follow-on schedule check
