[2022-04-06 01:49:04,994] {taskinstance.py:1043} INFO - Dependencies all met for <TaskInstance: IngestToGCP.processing_tasks_posts_questions.format_to_parquet_posts_questions scheduled__2016-10-01T00:00:00+00:00 [queued]>
[2022-04-06 01:49:05,196] {taskinstance.py:1043} INFO - Dependencies all met for <TaskInstance: IngestToGCP.processing_tasks_posts_questions.format_to_parquet_posts_questions scheduled__2016-10-01T00:00:00+00:00 [queued]>
[2022-04-06 01:49:05,196] {taskinstance.py:1249} INFO - 
--------------------------------------------------------------------------------
[2022-04-06 01:49:05,196] {taskinstance.py:1250} INFO - Starting attempt 1 of 1
[2022-04-06 01:49:05,196] {taskinstance.py:1251} INFO - 
--------------------------------------------------------------------------------
[2022-04-06 01:49:05,444] {taskinstance.py:1270} INFO - Executing <Task(PythonOperator): processing_tasks_posts_questions.format_to_parquet_posts_questions> on 2016-10-01 00:00:00+00:00
[2022-04-06 01:49:05,534] {standard_task_runner.py:52} INFO - Started process 148302 to run task
[2022-04-06 01:49:05,604] {standard_task_runner.py:79} INFO - Running: ['***', 'tasks', 'run', 'IngestToGCP', 'processing_tasks_posts_questions.format_to_parquet_posts_questions', 'scheduled__2016-10-01T00:00:00+00:00', '--job-id', '10712', '--raw', '--subdir', 'DAGS_FOLDER/ingest_dag.py', '--cfg-path', '/tmp/tmprnh_xefa', '--error-file', '/tmp/tmp74ykr3c5']
[2022-04-06 01:49:05,605] {standard_task_runner.py:80} INFO - Job 10712: Subtask processing_tasks_posts_questions.format_to_parquet_posts_questions
[2022-04-06 01:49:06,472] {logging_mixin.py:109} INFO - Running <TaskInstance: IngestToGCP.processing_tasks_posts_questions.format_to_parquet_posts_questions scheduled__2016-10-01T00:00:00+00:00 [running]> on host 9fe4286b2855
[2022-04-06 01:49:07,321] {logging_mixin.py:109} WARNING - /home/***/.local/lib/python3.7/site-packages/***/utils/context.py:156 AirflowContextDeprecationWarning: Accessing 'execution_date' from the template is deprecated and will be removed in a future version. Please use 'data_interval_start' or 'logical_date' instead.
[2022-04-06 01:49:08,316] {taskinstance.py:1448} INFO - Exporting the following env vars:
AIRFLOW_CTX_DAG_OWNER=***
AIRFLOW_CTX_DAG_ID=IngestToGCP
AIRFLOW_CTX_TASK_ID=processing_tasks_posts_questions.format_to_parquet_posts_questions
AIRFLOW_CTX_EXECUTION_DATE=2016-10-01T00:00:00+00:00
AIRFLOW_CTX_DAG_RUN_ID=scheduled__2016-10-01T00:00:00+00:00
[2022-04-06 01:50:41,145] {python.py:175} INFO - Done. Returned value was: None
[2022-04-06 01:50:41,340] {taskinstance.py:1288} INFO - Marking task as SUCCESS. dag_id=IngestToGCP, task_id=processing_tasks_posts_questions.format_to_parquet_posts_questions, execution_date=20161001T000000, start_date=20220406T014904, end_date=20220406T015041
[2022-04-06 01:50:41,684] {local_task_job.py:154} INFO - Task exited with return code 0
[2022-04-06 01:50:42,046] {local_task_job.py:264} INFO - 1 downstream tasks scheduled from follow-on schedule check
