[2022-04-06 01:57:51,307] {taskinstance.py:1043} INFO - Dependencies all met for <TaskInstance: IngestToGCP.processing_tasks_users.remove_users_parquet scheduled__2016-11-01T00:00:00+00:00 [queued]>
[2022-04-06 01:57:51,784] {taskinstance.py:1043} INFO - Dependencies all met for <TaskInstance: IngestToGCP.processing_tasks_users.remove_users_parquet scheduled__2016-11-01T00:00:00+00:00 [queued]>
[2022-04-06 01:57:51,785] {taskinstance.py:1249} INFO - 
--------------------------------------------------------------------------------
[2022-04-06 01:57:51,785] {taskinstance.py:1250} INFO - Starting attempt 1 of 1
[2022-04-06 01:57:51,785] {taskinstance.py:1251} INFO - 
--------------------------------------------------------------------------------
[2022-04-06 01:57:52,025] {taskinstance.py:1270} INFO - Executing <Task(BashOperator): processing_tasks_users.remove_users_parquet> on 2016-11-01 00:00:00+00:00
[2022-04-06 01:57:52,169] {standard_task_runner.py:79} INFO - Running: ['***', 'tasks', 'run', 'IngestToGCP', 'processing_tasks_users.remove_users_parquet', 'scheduled__2016-11-01T00:00:00+00:00', '--job-id', '10799', '--raw', '--subdir', 'DAGS_FOLDER/ingest_dag.py', '--cfg-path', '/tmp/tmp2lq9b6tj', '--error-file', '/tmp/tmpb0g0zgl_']
[2022-04-06 01:57:52,171] {standard_task_runner.py:80} INFO - Job 10799: Subtask processing_tasks_users.remove_users_parquet
[2022-04-06 01:57:52,114] {standard_task_runner.py:52} INFO - Started process 154119 to run task
[2022-04-06 01:57:52,785] {logging_mixin.py:109} INFO - Running <TaskInstance: IngestToGCP.processing_tasks_users.remove_users_parquet scheduled__2016-11-01T00:00:00+00:00 [running]> on host 9fe4286b2855
[2022-04-06 01:57:53,319] {logging_mixin.py:109} WARNING - /home/***/.local/lib/python3.7/site-packages/***/utils/context.py:156 AirflowContextDeprecationWarning: Accessing 'execution_date' from the template is deprecated and will be removed in a future version. Please use 'data_interval_start' or 'logical_date' instead.
[2022-04-06 01:57:53,724] {taskinstance.py:1448} INFO - Exporting the following env vars:
AIRFLOW_CTX_DAG_OWNER=***
AIRFLOW_CTX_DAG_ID=IngestToGCP
AIRFLOW_CTX_TASK_ID=processing_tasks_users.remove_users_parquet
AIRFLOW_CTX_EXECUTION_DATE=2016-11-01T00:00:00+00:00
AIRFLOW_CTX_DAG_RUN_ID=scheduled__2016-11-01T00:00:00+00:00
[2022-04-06 01:57:53,726] {subprocess.py:62} INFO - Tmp dir root location: 
 /tmp
[2022-04-06 01:57:53,727] {subprocess.py:74} INFO - Running command: ['bash', '-c', 'rm /opt/***/users-2016-11.parquet']
[2022-04-06 01:57:53,946] {subprocess.py:85} INFO - Output:
[2022-04-06 01:57:54,086] {subprocess.py:93} INFO - Command exited with return code 0
[2022-04-06 01:57:55,798] {taskinstance.py:1288} INFO - Marking task as SUCCESS. dag_id=IngestToGCP, task_id=processing_tasks_users.remove_users_parquet, execution_date=20161101T000000, start_date=20220406T015751, end_date=20220406T015755
[2022-04-06 01:57:56,142] {local_task_job.py:154} INFO - Task exited with return code 0
[2022-04-06 01:57:56,358] {local_task_job.py:264} INFO - 0 downstream tasks scheduled from follow-on schedule check
