[2022-03-30 19:59:18,759] {taskinstance.py:1037} INFO - Dependencies all met for <TaskInstance: IngestToGCP.processing_tasks_users.remove_users_csv scheduled__2009-01-01T00:00:00+00:00 [queued]>
[2022-03-30 19:59:18,898] {taskinstance.py:1037} INFO - Dependencies all met for <TaskInstance: IngestToGCP.processing_tasks_users.remove_users_csv scheduled__2009-01-01T00:00:00+00:00 [queued]>
[2022-03-30 19:59:18,899] {taskinstance.py:1243} INFO - 
--------------------------------------------------------------------------------
[2022-03-30 19:59:18,899] {taskinstance.py:1244} INFO - Starting attempt 1 of 1
[2022-03-30 19:59:18,899] {taskinstance.py:1245} INFO - 
--------------------------------------------------------------------------------
[2022-03-30 19:59:18,934] {taskinstance.py:1264} INFO - Executing <Task(BashOperator): processing_tasks_users.remove_users_csv> on 2009-01-01 00:00:00+00:00
[2022-03-30 19:59:18,950] {standard_task_runner.py:52} INFO - Started process 2694 to run task
[2022-03-30 19:59:18,963] {standard_task_runner.py:76} INFO - Running: ['***', 'tasks', 'run', 'IngestToGCP', 'processing_tasks_users.remove_users_csv', 'scheduled__2009-01-01T00:00:00+00:00', '--job-id', '138', '--raw', '--subdir', 'DAGS_FOLDER/ingest_dag.py', '--cfg-path', '/tmp/tmpukjosfna', '--error-file', '/tmp/tmpycr26ux2']
[2022-03-30 19:59:18,964] {standard_task_runner.py:77} INFO - Job 138: Subtask processing_tasks_users.remove_users_csv
[2022-03-30 19:59:19,236] {logging_mixin.py:109} INFO - Running <TaskInstance: IngestToGCP.processing_tasks_users.remove_users_csv scheduled__2009-01-01T00:00:00+00:00 [running]> on host d9825fd5ae59
[2022-03-30 19:59:19,569] {logging_mixin.py:109} WARNING - /home/***/.local/lib/python3.7/site-packages/***/utils/context.py:156 AirflowContextDeprecationWarning: Accessing 'execution_date' from the template is deprecated and will be removed in a future version. Please use 'data_interval_start' or 'logical_date' instead.
[2022-03-30 19:59:19,722] {taskinstance.py:1431} INFO - Exporting the following env vars:
AIRFLOW_CTX_DAG_OWNER=***
AIRFLOW_CTX_DAG_ID=IngestToGCP
AIRFLOW_CTX_TASK_ID=processing_tasks_users.remove_users_csv
AIRFLOW_CTX_EXECUTION_DATE=2009-01-01T00:00:00+00:00
AIRFLOW_CTX_DAG_RUN_ID=scheduled__2009-01-01T00:00:00+00:00
[2022-03-30 19:59:19,724] {subprocess.py:62} INFO - Tmp dir root location: 
 /tmp
[2022-03-30 19:59:19,739] {subprocess.py:74} INFO - Running command: ['bash', '-c', 'rm /opt/***/users-2009-01.csv']
[2022-03-30 19:59:19,920] {subprocess.py:85} INFO - Output:
[2022-03-30 19:59:19,956] {subprocess.py:93} INFO - Command exited with return code 0
[2022-03-30 19:59:20,136] {taskinstance.py:1282} INFO - Marking task as SUCCESS. dag_id=IngestToGCP, task_id=processing_tasks_users.remove_users_csv, execution_date=20090101T000000, start_date=20220330T195918, end_date=20220330T195920
[2022-03-30 19:59:20,326] {local_task_job.py:154} INFO - Task exited with return code 0
[2022-03-30 19:59:20,511] {local_task_job.py:264} INFO - 1 downstream tasks scheduled from follow-on schedule check
