[2022-04-07 19:26:16,945] {taskinstance.py:1043} INFO - Dependencies all met for <TaskInstance: load_to_BigQuery.create_external_badges.bq_create_badges_stack_overflow_data_partitioned_table_task scheduled__2018-05-01T00:00:00+00:00 [queued]>
[2022-04-07 19:26:17,104] {taskinstance.py:1043} INFO - Dependencies all met for <TaskInstance: load_to_BigQuery.create_external_badges.bq_create_badges_stack_overflow_data_partitioned_table_task scheduled__2018-05-01T00:00:00+00:00 [queued]>
[2022-04-07 19:26:17,104] {taskinstance.py:1249} INFO - 
--------------------------------------------------------------------------------
[2022-04-07 19:26:17,105] {taskinstance.py:1250} INFO - Starting attempt 1 of 1
[2022-04-07 19:26:17,105] {taskinstance.py:1251} INFO - 
--------------------------------------------------------------------------------
[2022-04-07 19:26:18,123] {taskinstance.py:1270} INFO - Executing <Task(BigQueryInsertJobOperator): create_external_badges.bq_create_badges_stack_overflow_data_partitioned_table_task> on 2018-05-01 00:00:00+00:00
[2022-04-07 19:26:18,189] {standard_task_runner.py:52} INFO - Started process 4570 to run task
[2022-04-07 19:26:18,230] {standard_task_runner.py:79} INFO - Running: ['***', 'tasks', 'run', 'load_to_BigQuery', 'create_external_badges.bq_create_badges_stack_overflow_data_partitioned_table_task', 'scheduled__2018-05-01T00:00:00+00:00', '--job-id', '12992', '--raw', '--subdir', 'DAGS_FOLDER/load_to_BigQuery_dag.py', '--cfg-path', '/tmp/tmp_vtlgn1a', '--error-file', '/tmp/tmpu2k19ilw']
[2022-04-07 19:26:18,231] {standard_task_runner.py:80} INFO - Job 12992: Subtask create_external_badges.bq_create_badges_stack_overflow_data_partitioned_table_task
[2022-04-07 19:26:18,516] {logging_mixin.py:109} INFO - Running <TaskInstance: load_to_BigQuery.create_external_badges.bq_create_badges_stack_overflow_data_partitioned_table_task scheduled__2018-05-01T00:00:00+00:00 [running]> on host 2c54f2187010
[2022-04-07 19:26:18,937] {taskinstance.py:1448} INFO - Exporting the following env vars:
AIRFLOW_CTX_DAG_OWNER=***
AIRFLOW_CTX_DAG_ID=load_to_BigQuery
AIRFLOW_CTX_TASK_ID=create_external_badges.bq_create_badges_stack_overflow_data_partitioned_table_task
AIRFLOW_CTX_EXECUTION_DATE=2018-05-01T00:00:00+00:00
AIRFLOW_CTX_DAG_RUN_ID=scheduled__2018-05-01T00:00:00+00:00
[2022-04-07 19:26:18,940] {crypto.py:82} WARNING - empty cryptography key - values will not be stored encrypted.
[2022-04-07 19:26:19,012] {logging_mixin.py:109} WARNING - /home/***/.local/lib/python3.7/site-packages/***/utils/context.py:156 AirflowContextDeprecationWarning: Accessing 'execution_date' from the template is deprecated and will be removed in a future version. Please use 'data_interval_start' or 'logical_date' instead.
[2022-04-07 19:26:19,049] {bigquery.py:1554} INFO - Inserting job ***_load_to_BigQuery_create_external_badges_bq_create_badges_stack_overflow_data_partitioned_table_task_2018_05_01T00_00_00_00_00_2b179f3086481773dc13c0038ff95381
[2022-04-07 19:26:19,533] {taskinstance.py:1774} ERROR - Task failed with exception
Traceback (most recent call last):
  File "/home/airflow/.local/lib/python3.7/site-packages/airflow/providers/google/cloud/operators/bigquery.py", line 2153, in execute
    job = self._submit_job(hook, job_id)
  File "/home/airflow/.local/lib/python3.7/site-packages/airflow/providers/google/cloud/operators/bigquery.py", line 2119, in _submit_job
    retry=self.result_retry,
  File "/home/airflow/.local/lib/python3.7/site-packages/airflow/providers/google/common/hooks/base_google.py", line 439, in inner_wrapper
    return func(self, *args, **kwargs)
  File "/home/airflow/.local/lib/python3.7/site-packages/airflow/providers/google/cloud/hooks/bigquery.py", line 1560, in insert_job
    job.result(timeout=timeout, retry=retry)
  File "/home/airflow/.local/lib/python3.7/site-packages/google/cloud/bigquery/job/query.py", line 1498, in result
    do_get_result()
  File "/home/airflow/.local/lib/python3.7/site-packages/google/cloud/bigquery/job/query.py", line 1488, in do_get_result
    super(QueryJob, self).result(retry=retry, timeout=timeout)
  File "/home/airflow/.local/lib/python3.7/site-packages/google/cloud/bigquery/job/base.py", line 728, in result
    return super(_AsyncJob, self).result(timeout=timeout, **kwargs)
  File "/home/airflow/.local/lib/python3.7/site-packages/google/api_core/future/polling.py", line 135, in result
    raise self._exception
google.api_core.exceptions.BadRequest: 400 Could not cast literal "date" to type TIMESTAMP at [1:102]

Location: us-central1
Job ID: airflow_load_to_BigQuery_create_external_badges_bq_create_badges_stack_overflow_data_partitioned_table_task_2018_05_01T00_00_00_00_00_2b179f3086481773dc13c0038ff95381

[2022-04-07 19:26:19,577] {taskinstance.py:1288} INFO - Marking task as FAILED. dag_id=load_to_BigQuery, task_id=create_external_badges.bq_create_badges_stack_overflow_data_partitioned_table_task, execution_date=20180501T000000, start_date=20220407T192616, end_date=20220407T192619
[2022-04-07 19:26:19,629] {standard_task_runner.py:98} ERROR - Failed to execute job 12992 for task create_external_badges.bq_create_badges_stack_overflow_data_partitioned_table_task (400 Could not cast literal "date" to type TIMESTAMP at [1:102]

Location: us-central1
Job ID: airflow_load_to_BigQuery_create_external_badges_bq_create_badges_stack_overflow_data_partitioned_table_task_2018_05_01T00_00_00_00_00_2b179f3086481773dc13c0038ff95381
; 4570)
[2022-04-07 19:26:19,673] {local_task_job.py:154} INFO - Task exited with return code 1
[2022-04-07 19:26:19,771] {local_task_job.py:264} INFO - 0 downstream tasks scheduled from follow-on schedule check
[2022-04-07 22:19:16,788] {taskinstance.py:1043} INFO - Dependencies all met for <TaskInstance: load_to_BigQuery.create_external_badges.bq_create_badges_stack_overflow_data_partitioned_table_task scheduled__2018-05-01T00:00:00+00:00 [queued]>
[2022-04-07 22:19:16,840] {taskinstance.py:1043} INFO - Dependencies all met for <TaskInstance: load_to_BigQuery.create_external_badges.bq_create_badges_stack_overflow_data_partitioned_table_task scheduled__2018-05-01T00:00:00+00:00 [queued]>
[2022-04-07 22:19:16,840] {taskinstance.py:1249} INFO - 
--------------------------------------------------------------------------------
[2022-04-07 22:19:16,840] {taskinstance.py:1250} INFO - Starting attempt 1 of 1
[2022-04-07 22:19:16,841] {taskinstance.py:1251} INFO - 
--------------------------------------------------------------------------------
[2022-04-07 22:19:17,463] {taskinstance.py:1270} INFO - Executing <Task(BigQueryInsertJobOperator): create_external_badges.bq_create_badges_stack_overflow_data_partitioned_table_task> on 2018-05-01 00:00:00+00:00
[2022-04-07 22:19:17,503] {standard_task_runner.py:52} INFO - Started process 6900 to run task
[2022-04-07 22:19:17,557] {standard_task_runner.py:79} INFO - Running: ['***', 'tasks', 'run', 'load_to_BigQuery', 'create_external_badges.bq_create_badges_stack_overflow_data_partitioned_table_task', 'scheduled__2018-05-01T00:00:00+00:00', '--job-id', '14256', '--raw', '--subdir', 'DAGS_FOLDER/load_to_BigQuery_dag.py', '--cfg-path', '/tmp/tmp8q4zgta0', '--error-file', '/tmp/tmpc5hpzd1f']
[2022-04-07 22:19:17,559] {standard_task_runner.py:80} INFO - Job 14256: Subtask create_external_badges.bq_create_badges_stack_overflow_data_partitioned_table_task
[2022-04-07 22:19:17,864] {logging_mixin.py:109} INFO - Running <TaskInstance: load_to_BigQuery.create_external_badges.bq_create_badges_stack_overflow_data_partitioned_table_task scheduled__2018-05-01T00:00:00+00:00 [running]> on host 36107d30f64e
[2022-04-07 22:19:18,106] {taskinstance.py:1448} INFO - Exporting the following env vars:
AIRFLOW_CTX_DAG_OWNER=***
AIRFLOW_CTX_DAG_ID=load_to_BigQuery
AIRFLOW_CTX_TASK_ID=create_external_badges.bq_create_badges_stack_overflow_data_partitioned_table_task
AIRFLOW_CTX_EXECUTION_DATE=2018-05-01T00:00:00+00:00
AIRFLOW_CTX_DAG_RUN_ID=scheduled__2018-05-01T00:00:00+00:00
[2022-04-07 22:19:18,108] {crypto.py:82} WARNING - empty cryptography key - values will not be stored encrypted.
[2022-04-07 22:19:18,207] {logging_mixin.py:109} WARNING - /home/***/.local/lib/python3.7/site-packages/***/utils/context.py:156 AirflowContextDeprecationWarning: Accessing 'execution_date' from the template is deprecated and will be removed in a future version. Please use 'data_interval_start' or 'logical_date' instead.
[2022-04-07 22:19:18,284] {bigquery.py:1554} INFO - Inserting job ***_load_to_BigQuery_create_external_badges_bq_create_badges_stack_overflow_data_partitioned_table_task_2018_05_01T00_00_00_00_00_ecb7a95b3c122fd759619ffd378ee84d
[2022-04-07 22:19:21,056] {taskinstance.py:1288} INFO - Marking task as SUCCESS. dag_id=load_to_BigQuery, task_id=create_external_badges.bq_create_badges_stack_overflow_data_partitioned_table_task, execution_date=20180501T000000, start_date=20220407T221916, end_date=20220407T221921
[2022-04-07 22:19:21,112] {local_task_job.py:154} INFO - Task exited with return code 0
[2022-04-07 22:19:21,239] {local_task_job.py:264} INFO - 0 downstream tasks scheduled from follow-on schedule check
