[2022-04-05 22:49:28,581] {taskinstance.py:1043} INFO - Dependencies all met for <TaskInstance: IngestToGCP.processing_tasks_posts_questions.spark_job scheduled__2009-08-01T00:00:00+00:00 [queued]>
[2022-04-05 22:49:28,765] {taskinstance.py:1043} INFO - Dependencies all met for <TaskInstance: IngestToGCP.processing_tasks_posts_questions.spark_job scheduled__2009-08-01T00:00:00+00:00 [queued]>
[2022-04-05 22:49:28,765] {taskinstance.py:1249} INFO - 
--------------------------------------------------------------------------------
[2022-04-05 22:49:28,765] {taskinstance.py:1250} INFO - Starting attempt 1 of 1
[2022-04-05 22:49:28,765] {taskinstance.py:1251} INFO - 
--------------------------------------------------------------------------------
[2022-04-05 22:49:29,016] {taskinstance.py:1270} INFO - Executing <Task(SparkSubmitOperator): processing_tasks_posts_questions.spark_job> on 2009-08-01 00:00:00+00:00
[2022-04-05 22:49:29,099] {standard_task_runner.py:52} INFO - Started process 17744 to run task
[2022-04-05 22:49:29,125] {standard_task_runner.py:79} INFO - Running: ['***', 'tasks', 'run', 'IngestToGCP', 'processing_tasks_posts_questions.spark_job', 'scheduled__2009-08-01T00:00:00+00:00', '--job-id', '8660', '--raw', '--subdir', 'DAGS_FOLDER/ingest_dag.py', '--cfg-path', '/tmp/tmp66oukeom', '--error-file', '/tmp/tmpqfk93r4x']
[2022-04-05 22:49:29,127] {standard_task_runner.py:80} INFO - Job 8660: Subtask processing_tasks_posts_questions.spark_job
[2022-04-05 22:49:30,160] {logging_mixin.py:109} INFO - Running <TaskInstance: IngestToGCP.processing_tasks_posts_questions.spark_job scheduled__2009-08-01T00:00:00+00:00 [running]> on host 9fe4286b2855
[2022-04-05 22:49:31,265] {logging_mixin.py:109} WARNING - /home/***/.local/lib/python3.7/site-packages/***/utils/context.py:156 AirflowContextDeprecationWarning: Accessing 'execution_date' from the template is deprecated and will be removed in a future version. Please use 'data_interval_start' or 'logical_date' instead.
[2022-04-05 22:49:31,516] {taskinstance.py:1448} INFO - Exporting the following env vars:
AIRFLOW_CTX_DAG_OWNER=***
AIRFLOW_CTX_DAG_ID=IngestToGCP
AIRFLOW_CTX_TASK_ID=processing_tasks_posts_questions.spark_job
AIRFLOW_CTX_EXECUTION_DATE=2009-08-01T00:00:00+00:00
AIRFLOW_CTX_DAG_RUN_ID=scheduled__2009-08-01T00:00:00+00:00
[2022-04-05 22:49:31,647] {base.py:79} INFO - Using connection to: id: spark_project. Host: spark://spark, Port: 7077, Schema: , Login: , Password: None, extra: {'queue': 'root.default'}
[2022-04-05 22:49:31,652] {spark_submit.py:335} INFO - Spark-Submit cmd: spark-submit --master spark://spark:7077 --conf spark.master=local[*] --name format_schema --verbose --queue root.default ./dags/pyspark_parquet_transformation.py posts_questions 2009-08
[2022-04-05 22:50:05,795] {spark_submit.py:488} INFO - Using properties file: null
[2022-04-05 22:50:08,422] {spark_submit.py:488} INFO - WARNING: An illegal reflective access operation has occurred
[2022-04-05 22:50:08,423] {spark_submit.py:488} INFO - WARNING: Illegal reflective access by org.apache.spark.unsafe.Platform (file:/opt/***/spark/spark-3.2.1-bin-hadoop3.2/jars/spark-unsafe_2.12-3.2.1.jar) to constructor java.nio.DirectByteBuffer(long,int)
[2022-04-05 22:50:08,423] {spark_submit.py:488} INFO - WARNING: Please consider reporting this to the maintainers of org.apache.spark.unsafe.Platform
[2022-04-05 22:50:08,423] {spark_submit.py:488} INFO - WARNING: Use --illegal-access=warn to enable warnings of further illegal reflective access operations
[2022-04-05 22:50:08,424] {spark_submit.py:488} INFO - WARNING: All illegal access operations will be denied in a future release
[2022-04-05 22:50:09,827] {spark_submit.py:488} INFO - Parsed arguments:
[2022-04-05 22:50:09,827] {spark_submit.py:488} INFO - master                  spark://spark:7077
[2022-04-05 22:50:09,827] {spark_submit.py:488} INFO - deployMode              null
[2022-04-05 22:50:09,828] {spark_submit.py:488} INFO - executorMemory          null
[2022-04-05 22:50:09,828] {spark_submit.py:488} INFO - executorCores           null
[2022-04-05 22:50:09,828] {spark_submit.py:488} INFO - totalExecutorCores      null
[2022-04-05 22:50:09,828] {spark_submit.py:488} INFO - propertiesFile          null
[2022-04-05 22:50:09,828] {spark_submit.py:488} INFO - driverMemory            null
[2022-04-05 22:50:09,828] {spark_submit.py:488} INFO - driverCores             null
[2022-04-05 22:50:09,828] {spark_submit.py:488} INFO - driverExtraClassPath    null
[2022-04-05 22:50:09,828] {spark_submit.py:488} INFO - driverExtraLibraryPath  null
[2022-04-05 22:50:09,828] {spark_submit.py:488} INFO - driverExtraJavaOptions  null
[2022-04-05 22:50:09,828] {spark_submit.py:488} INFO - supervise               false
[2022-04-05 22:50:09,828] {spark_submit.py:488} INFO - queue                   root.default
[2022-04-05 22:50:09,828] {spark_submit.py:488} INFO - numExecutors            null
[2022-04-05 22:50:09,828] {spark_submit.py:488} INFO - files                   null
[2022-04-05 22:50:09,828] {spark_submit.py:488} INFO - pyFiles                 null
[2022-04-05 22:50:09,828] {spark_submit.py:488} INFO - archives                null
[2022-04-05 22:50:09,828] {spark_submit.py:488} INFO - mainClass               null
[2022-04-05 22:50:09,829] {spark_submit.py:488} INFO - primaryResource         file:/opt/***/dags/pyspark_parquet_transformation.py
[2022-04-05 22:50:09,829] {spark_submit.py:488} INFO - name                    format_schema
[2022-04-05 22:50:09,829] {spark_submit.py:488} INFO - childArgs               [posts_questions 2009-08]
[2022-04-05 22:50:09,829] {spark_submit.py:488} INFO - jars                    null
[2022-04-05 22:50:09,829] {spark_submit.py:488} INFO - packages                null
[2022-04-05 22:50:09,829] {spark_submit.py:488} INFO - packagesExclusions      null
[2022-04-05 22:50:09,829] {spark_submit.py:488} INFO - repositories            null
[2022-04-05 22:50:09,829] {spark_submit.py:488} INFO - verbose                 true
[2022-04-05 22:50:09,829] {spark_submit.py:488} INFO - 
[2022-04-05 22:50:09,829] {spark_submit.py:488} INFO - Spark properties used, including those specified through
[2022-04-05 22:50:09,829] {spark_submit.py:488} INFO - --conf and those from the properties file null:
[2022-04-05 22:50:09,829] {spark_submit.py:488} INFO - (spark.master,local[*])
[2022-04-05 22:50:09,829] {spark_submit.py:488} INFO - 
[2022-04-05 22:50:09,829] {spark_submit.py:488} INFO - 
[2022-04-05 22:50:15,888] {spark_submit.py:488} INFO - Main class:
[2022-04-05 22:50:15,888] {spark_submit.py:488} INFO - org.apache.spark.deploy.PythonRunner
[2022-04-05 22:50:15,889] {spark_submit.py:488} INFO - Arguments:
[2022-04-05 22:50:15,890] {spark_submit.py:488} INFO - file:/opt/***/dags/pyspark_parquet_transformation.py
[2022-04-05 22:50:15,890] {spark_submit.py:488} INFO - null
[2022-04-05 22:50:15,890] {spark_submit.py:488} INFO - posts_questions
[2022-04-05 22:50:15,890] {spark_submit.py:488} INFO - 2009-08
[2022-04-05 22:50:16,002] {spark_submit.py:488} INFO - Spark config:
[2022-04-05 22:50:16,003] {spark_submit.py:488} INFO - (spark.master,spark://spark:7077)
[2022-04-05 22:50:16,005] {spark_submit.py:488} INFO - (spark.submit.pyFiles,)
[2022-04-05 22:50:16,007] {spark_submit.py:488} INFO - (spark.submit.deployMode,client)
[2022-04-05 22:50:16,007] {spark_submit.py:488} INFO - (spark.app.name,format_schema)
[2022-04-05 22:50:16,009] {spark_submit.py:488} INFO - Classpath elements:
[2022-04-05 22:50:16,009] {spark_submit.py:488} INFO - 
[2022-04-05 22:50:16,010] {spark_submit.py:488} INFO - 
[2022-04-05 22:50:16,010] {spark_submit.py:488} INFO - 
[2022-04-05 22:50:32,210] {spark_submit.py:488} INFO - Using Spark's default log4j profile: org/apache/spark/log4j-defaults.properties
[2022-04-05 22:50:32,548] {spark_submit.py:488} INFO - 22/04/05 22:50:32 INFO SparkContext: Running Spark version 3.2.1
[2022-04-05 22:50:34,765] {spark_submit.py:488} INFO - 22/04/05 22:50:34 WARN NativeCodeLoader: Unable to load native-hadoop library for your platform... using builtin-java classes where applicable
[2022-04-05 22:50:37,145] {spark_submit.py:488} INFO - 22/04/05 22:50:37 INFO ResourceUtils: ==============================================================
[2022-04-05 22:50:37,148] {spark_submit.py:488} INFO - 22/04/05 22:50:37 INFO ResourceUtils: No custom resources configured for spark.driver.
[2022-04-05 22:50:37,188] {spark_submit.py:488} INFO - 22/04/05 22:50:37 INFO ResourceUtils: ==============================================================
[2022-04-05 22:50:37,190] {spark_submit.py:488} INFO - 22/04/05 22:50:37 INFO SparkContext: Submitted application: Modidy Schema
[2022-04-05 22:50:37,683] {spark_submit.py:488} INFO - 22/04/05 22:50:37 INFO ResourceProfile: Default ResourceProfile created, executor resources: Map(cores -> name: cores, amount: 1, script: , vendor: , memory -> name: memory, amount: 1024, script: , vendor: , offHeap -> name: offHeap, amount: 0, script: , vendor: ), task resources: Map(cpus -> name: cpus, amount: 1.0)
[2022-04-05 22:50:37,921] {spark_submit.py:488} INFO - 22/04/05 22:50:37 INFO ResourceProfile: Limiting resource is cpu
[2022-04-05 22:50:37,922] {spark_submit.py:488} INFO - 22/04/05 22:50:37 INFO ResourceProfileManager: Added ResourceProfile id: 0
[2022-04-05 22:50:39,046] {spark_submit.py:488} INFO - 22/04/05 22:50:39 INFO SecurityManager: Changing view acls to: default
[2022-04-05 22:50:39,071] {spark_submit.py:488} INFO - 22/04/05 22:50:39 INFO SecurityManager: Changing modify acls to: default
[2022-04-05 22:50:39,072] {spark_submit.py:488} INFO - 22/04/05 22:50:39 INFO SecurityManager: Changing view acls groups to:
[2022-04-05 22:50:39,087] {spark_submit.py:488} INFO - 22/04/05 22:50:39 INFO SecurityManager: Changing modify acls groups to:
[2022-04-05 22:50:39,093] {spark_submit.py:488} INFO - 22/04/05 22:50:39 INFO SecurityManager: SecurityManager: authentication disabled; ui acls disabled; users  with view permissions: Set(default); groups with view permissions: Set(); users  with modify permissions: Set(default); groups with modify permissions: Set()
[2022-04-05 22:50:45,036] {spark_submit.py:488} INFO - 22/04/05 22:50:45 INFO Utils: Successfully started service 'sparkDriver' on port 32961.
[2022-04-05 22:50:45,562] {spark_submit.py:488} INFO - 22/04/05 22:50:45 INFO SparkEnv: Registering MapOutputTracker
[2022-04-05 22:50:46,269] {spark_submit.py:488} INFO - 22/04/05 22:50:46 INFO SparkEnv: Registering BlockManagerMaster
[2022-04-05 22:50:46,517] {spark_submit.py:488} INFO - 22/04/05 22:50:46 INFO BlockManagerMasterEndpoint: Using org.apache.spark.storage.DefaultTopologyMapper for getting topology information
[2022-04-05 22:50:46,519] {spark_submit.py:488} INFO - 22/04/05 22:50:46 INFO BlockManagerMasterEndpoint: BlockManagerMasterEndpoint up
[2022-04-05 22:50:46,558] {spark_submit.py:488} INFO - 22/04/05 22:50:46 INFO SparkEnv: Registering BlockManagerMasterHeartbeat
[2022-04-05 22:50:47,160] {spark_submit.py:488} INFO - 22/04/05 22:50:47 INFO DiskBlockManager: Created local directory at /tmp/blockmgr-84734bc6-49e7-4dfb-9adc-804f41db978d
[2022-04-05 22:50:47,698] {spark_submit.py:488} INFO - 22/04/05 22:50:47 INFO MemoryStore: MemoryStore started with capacity 434.4 MiB
[2022-04-05 22:50:48,024] {spark_submit.py:488} INFO - 22/04/05 22:50:48 INFO SparkEnv: Registering OutputCommitCoordinator
[2022-04-05 22:50:52,524] {spark_submit.py:488} INFO - 22/04/05 22:50:52 WARN Utils: Service 'SparkUI' could not bind on port 4040. Attempting port 4041.
[2022-04-05 22:50:52,524] {spark_submit.py:488} INFO - 22/04/05 22:50:52 WARN Utils: Service 'SparkUI' could not bind on port 4041. Attempting port 4042.
[2022-04-05 22:50:52,524] {spark_submit.py:488} INFO - 22/04/05 22:50:52 WARN Utils: Service 'SparkUI' could not bind on port 4042. Attempting port 4043.
[2022-04-05 22:50:52,592] {spark_submit.py:488} INFO - 22/04/05 22:50:52 WARN Utils: Service 'SparkUI' could not bind on port 4043. Attempting port 4044.
[2022-04-05 22:50:52,594] {spark_submit.py:488} INFO - 22/04/05 22:50:52 WARN Utils: Service 'SparkUI' could not bind on port 4044. Attempting port 4045.
[2022-04-05 22:50:52,625] {spark_submit.py:488} INFO - 22/04/05 22:50:52 WARN Utils: Service 'SparkUI' could not bind on port 4045. Attempting port 4046.
[2022-04-05 22:50:52,628] {spark_submit.py:488} INFO - 22/04/05 22:50:52 WARN Utils: Service 'SparkUI' could not bind on port 4046. Attempting port 4047.
[2022-04-05 22:50:52,629] {spark_submit.py:488} INFO - 22/04/05 22:50:52 WARN Utils: Service 'SparkUI' could not bind on port 4047. Attempting port 4048.
[2022-04-05 22:50:52,630] {spark_submit.py:488} INFO - 22/04/05 22:50:52 WARN Utils: Service 'SparkUI' could not bind on port 4048. Attempting port 4049.
[2022-04-05 22:50:52,772] {spark_submit.py:488} INFO - 22/04/05 22:50:52 INFO Utils: Successfully started service 'SparkUI' on port 4049.
[2022-04-05 22:50:54,015] {spark_submit.py:488} INFO - 22/04/05 22:50:54 INFO SparkUI: Bound SparkUI to 0.0.0.0, and started at http://9fe4286b2855:4049
[2022-04-05 22:50:59,115] {spark_submit.py:488} INFO - 22/04/05 22:50:59 INFO Executor: Starting executor ID driver on host 9fe4286b2855
[2022-04-05 22:51:00,140] {spark_submit.py:488} INFO - 22/04/05 22:51:00 INFO Utils: Successfully started service 'org.apache.spark.network.netty.NettyBlockTransferService' on port 46443.
[2022-04-05 22:51:00,145] {spark_submit.py:488} INFO - 22/04/05 22:51:00 INFO NettyBlockTransferService: Server created on 9fe4286b2855:46443
[2022-04-05 22:51:00,146] {spark_submit.py:488} INFO - 22/04/05 22:51:00 INFO BlockManager: Using org.apache.spark.storage.RandomBlockReplicationPolicy for block replication policy
[2022-04-05 22:51:00,271] {spark_submit.py:488} INFO - 22/04/05 22:51:00 INFO BlockManagerMaster: Registering BlockManager BlockManagerId(driver, 9fe4286b2855, 46443, None)
[2022-04-05 22:51:00,479] {spark_submit.py:488} INFO - 22/04/05 22:51:00 INFO BlockManagerMasterEndpoint: Registering block manager 9fe4286b2855:46443 with 434.4 MiB RAM, BlockManagerId(driver, 9fe4286b2855, 46443, None)
[2022-04-05 22:51:00,708] {spark_submit.py:488} INFO - 22/04/05 22:51:00 INFO BlockManagerMaster: Registered BlockManager BlockManagerId(driver, 9fe4286b2855, 46443, None)
[2022-04-05 22:51:00,708] {spark_submit.py:488} INFO - 22/04/05 22:51:00 INFO BlockManager: Initialized BlockManager: BlockManagerId(driver, 9fe4286b2855, 46443, None)
[2022-04-05 22:51:14,236] {spark_submit.py:488} INFO - 22/04/05 22:51:14 INFO SharedState: Setting hive.metastore.warehouse.dir ('null') to the value of spark.sql.warehouse.dir.
[2022-04-05 22:51:14,807] {spark_submit.py:488} INFO - 22/04/05 22:51:14 INFO SharedState: Warehouse path is 'file:/opt/***/spark-warehouse'.
[2022-04-05 22:51:42,060] {spark_submit.py:488} INFO - 22/04/05 22:51:42 INFO InMemoryFileIndex: It took 829 ms to list leaf files for 1 paths.
[2022-04-05 22:51:49,410] {spark_submit.py:488} INFO - 22/04/05 22:51:49 INFO SparkContext: Starting job: parquet at NativeMethodAccessorImpl.java:0
[2022-04-05 22:51:49,621] {spark_submit.py:488} INFO - 22/04/05 22:51:49 INFO DAGScheduler: Got job 0 (parquet at NativeMethodAccessorImpl.java:0) with 1 output partitions
[2022-04-05 22:51:49,623] {spark_submit.py:488} INFO - 22/04/05 22:51:49 INFO DAGScheduler: Final stage: ResultStage 0 (parquet at NativeMethodAccessorImpl.java:0)
[2022-04-05 22:51:49,623] {spark_submit.py:488} INFO - 22/04/05 22:51:49 INFO DAGScheduler: Parents of final stage: List()
[2022-04-05 22:51:49,662] {spark_submit.py:488} INFO - 22/04/05 22:51:49 INFO DAGScheduler: Missing parents: List()
[2022-04-05 22:51:49,732] {spark_submit.py:488} INFO - 22/04/05 22:51:49 INFO DAGScheduler: Submitting ResultStage 0 (MapPartitionsRDD[1] at parquet at NativeMethodAccessorImpl.java:0), which has no missing parents
[2022-04-05 22:51:50,766] {spark_submit.py:488} INFO - 22/04/05 22:51:50 INFO MemoryStore: Block broadcast_0 stored as values in memory (estimated size 100.1 KiB, free 434.3 MiB)
[2022-04-05 22:51:51,101] {spark_submit.py:488} INFO - 22/04/05 22:51:51 INFO MemoryStore: Block broadcast_0_piece0 stored as bytes in memory (estimated size 35.7 KiB, free 434.3 MiB)
[2022-04-05 22:51:51,119] {spark_submit.py:488} INFO - 22/04/05 22:51:51 INFO BlockManagerInfo: Added broadcast_0_piece0 in memory on 9fe4286b2855:46443 (size: 35.7 KiB, free: 434.4 MiB)
[2022-04-05 22:51:51,136] {spark_submit.py:488} INFO - 22/04/05 22:51:51 INFO SparkContext: Created broadcast 0 from broadcast at DAGScheduler.scala:1478
[2022-04-05 22:51:51,431] {spark_submit.py:488} INFO - 22/04/05 22:51:51 INFO DAGScheduler: Submitting 1 missing tasks from ResultStage 0 (MapPartitionsRDD[1] at parquet at NativeMethodAccessorImpl.java:0) (first 15 tasks are for partitions Vector(0))
[2022-04-05 22:51:51,494] {spark_submit.py:488} INFO - 22/04/05 22:51:51 INFO TaskSchedulerImpl: Adding task set 0.0 with 1 tasks resource profile 0
[2022-04-05 22:51:52,592] {spark_submit.py:488} INFO - 22/04/05 22:51:52 INFO TaskSetManager: Starting task 0.0 in stage 0.0 (TID 0) (9fe4286b2855, executor driver, partition 0, PROCESS_LOCAL, 4624 bytes) taskResourceAssignments Map()
[2022-04-05 22:51:52,669] {spark_submit.py:488} INFO - 22/04/05 22:51:52 INFO Executor: Running task 0.0 in stage 0.0 (TID 0)
[2022-04-05 22:51:59,710] {spark_submit.py:488} INFO - 22/04/05 22:51:59 INFO Executor: Finished task 0.0 in stage 0.0 (TID 0). 2409 bytes result sent to driver
[2022-04-05 22:51:59,822] {spark_submit.py:488} INFO - 22/04/05 22:51:59 INFO TaskSetManager: Finished task 0.0 in stage 0.0 (TID 0) in 7882 ms on 9fe4286b2855 (executor driver) (1/1)
[2022-04-05 22:51:59,883] {spark_submit.py:488} INFO - 22/04/05 22:51:59 INFO DAGScheduler: ResultStage 0 (parquet at NativeMethodAccessorImpl.java:0) finished in 9.912 s
[2022-04-05 22:51:59,887] {spark_submit.py:488} INFO - 22/04/05 22:51:59 INFO TaskSchedulerImpl: Removed TaskSet 0.0, whose tasks have all completed, from pool
[2022-04-05 22:51:59,946] {spark_submit.py:488} INFO - 22/04/05 22:51:59 INFO DAGScheduler: Job 0 is finished. Cancelling potential speculative or zombie tasks for this job
[2022-04-05 22:51:59,960] {spark_submit.py:488} INFO - 22/04/05 22:51:59 INFO TaskSchedulerImpl: Killing all running tasks in stage 0: Stage finished
[2022-04-05 22:51:59,988] {spark_submit.py:488} INFO - 22/04/05 22:51:59 INFO DAGScheduler: Job 0 finished: parquet at NativeMethodAccessorImpl.java:0, took 10.562539 s
[2022-04-05 22:52:03,548] {spark_submit.py:488} INFO - 22/04/05 22:52:03 INFO BlockManagerInfo: Removed broadcast_0_piece0 on 9fe4286b2855:46443 in memory (size: 35.7 KiB, free: 434.4 MiB)
[2022-04-05 22:52:43,356] {spark_submit.py:488} INFO - 22/04/05 22:52:43 INFO FileSourceStrategy: Pushed Filters:
[2022-04-05 22:52:43,359] {spark_submit.py:488} INFO - 22/04/05 22:52:43 INFO FileSourceStrategy: Post-Scan Filters:
[2022-04-05 22:52:43,423] {spark_submit.py:488} INFO - 22/04/05 22:52:43 INFO FileSourceStrategy: Output Data Schema: struct<id: bigint, title: string, body: string, accepted_answer_id: double, answer_count: bigint ... 19 more fields>
[2022-04-05 22:52:47,264] {spark_submit.py:488} INFO - 22/04/05 22:52:47 INFO ParquetFileFormat: Using default output committer for Parquet: org.apache.parquet.hadoop.ParquetOutputCommitter
[2022-04-05 22:52:47,920] {spark_submit.py:488} INFO - 22/04/05 22:52:47 INFO FileOutputCommitter: File Output Committer Algorithm version is 1
[2022-04-05 22:52:47,929] {spark_submit.py:488} INFO - 22/04/05 22:52:47 INFO FileOutputCommitter: FileOutputCommitter skip cleanup _temporary folders under output directory:false, ignore cleanup failures: false
[2022-04-05 22:52:47,933] {spark_submit.py:488} INFO - 22/04/05 22:52:47 INFO SQLHadoopMapReduceCommitProtocol: Using user defined output committer class org.apache.parquet.hadoop.ParquetOutputCommitter
[2022-04-05 22:52:47,933] {spark_submit.py:488} INFO - 22/04/05 22:52:47 INFO FileOutputCommitter: File Output Committer Algorithm version is 1
[2022-04-05 22:52:47,934] {spark_submit.py:488} INFO - 22/04/05 22:52:47 INFO FileOutputCommitter: FileOutputCommitter skip cleanup _temporary folders under output directory:false, ignore cleanup failures: false
[2022-04-05 22:52:47,946] {spark_submit.py:488} INFO - 22/04/05 22:52:47 INFO SQLHadoopMapReduceCommitProtocol: Using output committer class org.apache.parquet.hadoop.ParquetOutputCommitter
[2022-04-05 22:52:58,057] {spark_submit.py:488} INFO - 22/04/05 22:52:58 INFO CodeGenerator: Code generated in 5386.745763 ms
[2022-04-05 22:52:58,560] {spark_submit.py:488} INFO - 22/04/05 22:52:58 INFO MemoryStore: Block broadcast_1 stored as values in memory (estimated size 194.3 KiB, free 434.2 MiB)
[2022-04-05 22:52:58,744] {spark_submit.py:488} INFO - 22/04/05 22:52:58 INFO MemoryStore: Block broadcast_1_piece0 stored as bytes in memory (estimated size 34.3 KiB, free 434.2 MiB)
[2022-04-05 22:52:58,747] {spark_submit.py:488} INFO - 22/04/05 22:52:58 INFO BlockManagerInfo: Added broadcast_1_piece0 in memory on 9fe4286b2855:46443 (size: 34.3 KiB, free: 434.4 MiB)
[2022-04-05 22:52:58,781] {spark_submit.py:488} INFO - 22/04/05 22:52:58 INFO SparkContext: Created broadcast 1 from save at NativeMethodAccessorImpl.java:0
[2022-04-05 22:52:58,869] {spark_submit.py:488} INFO - 22/04/05 22:52:58 INFO FileSourceScanExec: Planning scan with bin packing, max size: 6056666 bytes, open cost is considered as scanning 4194304 bytes.
[2022-04-05 22:53:00,320] {spark_submit.py:488} INFO - 22/04/05 22:53:00 INFO DAGScheduler: Registering RDD 6 (save at NativeMethodAccessorImpl.java:0) as input to shuffle 0
[2022-04-05 22:53:00,395] {spark_submit.py:488} INFO - 22/04/05 22:53:00 INFO DAGScheduler: Got map stage job 1 (save at NativeMethodAccessorImpl.java:0) with 4 output partitions
[2022-04-05 22:53:00,396] {spark_submit.py:488} INFO - 22/04/05 22:53:00 INFO DAGScheduler: Final stage: ShuffleMapStage 1 (save at NativeMethodAccessorImpl.java:0)
[2022-04-05 22:53:00,398] {spark_submit.py:488} INFO - 22/04/05 22:53:00 INFO DAGScheduler: Parents of final stage: List()
[2022-04-05 22:53:00,401] {spark_submit.py:488} INFO - 22/04/05 22:53:00 INFO DAGScheduler: Missing parents: List()
[2022-04-05 22:53:00,461] {spark_submit.py:488} INFO - 22/04/05 22:53:00 INFO DAGScheduler: Submitting ShuffleMapStage 1 (MapPartitionsRDD[6] at save at NativeMethodAccessorImpl.java:0), which has no missing parents
[2022-04-05 22:53:01,434] {spark_submit.py:488} INFO - 22/04/05 22:53:01 INFO MemoryStore: Block broadcast_2 stored as values in memory (estimated size 32.2 KiB, free 434.1 MiB)
[2022-04-05 22:53:01,529] {spark_submit.py:488} INFO - 22/04/05 22:53:01 INFO MemoryStore: Block broadcast_2_piece0 stored as bytes in memory (estimated size 10.4 KiB, free 434.1 MiB)
[2022-04-05 22:53:01,570] {spark_submit.py:488} INFO - 22/04/05 22:53:01 INFO BlockManagerInfo: Added broadcast_2_piece0 in memory on 9fe4286b2855:46443 (size: 10.4 KiB, free: 434.4 MiB)
[2022-04-05 22:53:01,589] {spark_submit.py:488} INFO - 22/04/05 22:53:01 INFO SparkContext: Created broadcast 2 from broadcast at DAGScheduler.scala:1478
[2022-04-05 22:53:01,656] {spark_submit.py:488} INFO - 22/04/05 22:53:01 INFO DAGScheduler: Submitting 4 missing tasks from ShuffleMapStage 1 (MapPartitionsRDD[6] at save at NativeMethodAccessorImpl.java:0) (first 15 tasks are for partitions Vector(0, 1, 2, 3))
[2022-04-05 22:53:01,656] {spark_submit.py:488} INFO - 22/04/05 22:53:01 INFO TaskSchedulerImpl: Adding task set 1.0 with 4 tasks resource profile 0
[2022-04-05 22:53:01,666] {spark_submit.py:488} INFO - 22/04/05 22:53:01 INFO TaskSetManager: Starting task 0.0 in stage 1.0 (TID 1) (9fe4286b2855, executor driver, partition 0, PROCESS_LOCAL, 4890 bytes) taskResourceAssignments Map()
[2022-04-05 22:53:01,682] {spark_submit.py:488} INFO - 22/04/05 22:53:01 INFO TaskSetManager: Starting task 1.0 in stage 1.0 (TID 2) (9fe4286b2855, executor driver, partition 1, PROCESS_LOCAL, 4890 bytes) taskResourceAssignments Map()
[2022-04-05 22:53:01,684] {spark_submit.py:488} INFO - 22/04/05 22:53:01 INFO TaskSetManager: Starting task 2.0 in stage 1.0 (TID 3) (9fe4286b2855, executor driver, partition 2, PROCESS_LOCAL, 4890 bytes) taskResourceAssignments Map()
[2022-04-05 22:53:01,685] {spark_submit.py:488} INFO - 22/04/05 22:53:01 INFO TaskSetManager: Starting task 3.0 in stage 1.0 (TID 4) (9fe4286b2855, executor driver, partition 3, PROCESS_LOCAL, 4890 bytes) taskResourceAssignments Map()
[2022-04-05 22:53:01,777] {spark_submit.py:488} INFO - 22/04/05 22:53:01 INFO Executor: Running task 0.0 in stage 1.0 (TID 1)
[2022-04-05 22:53:01,852] {spark_submit.py:488} INFO - 22/04/05 22:53:01 INFO Executor: Running task 1.0 in stage 1.0 (TID 2)
[2022-04-05 22:53:01,861] {spark_submit.py:488} INFO - 22/04/05 22:53:01 INFO Executor: Running task 2.0 in stage 1.0 (TID 3)
[2022-04-05 22:53:01,869] {spark_submit.py:488} INFO - 22/04/05 22:53:01 INFO Executor: Running task 3.0 in stage 1.0 (TID 4)
[2022-04-05 22:53:02,908] {spark_submit.py:488} INFO - 22/04/05 22:53:02 INFO FileScanRDD: Reading File path: gs://dtc_data_lake_de-stack-overflow/parquet/posts_questions-2009-08.parquet, range: 6056666-12113332, partition values: [empty row]
[2022-04-05 22:53:02,920] {spark_submit.py:488} INFO - 22/04/05 22:53:02 INFO FileScanRDD: Reading File path: gs://dtc_data_lake_de-stack-overflow/parquet/posts_questions-2009-08.parquet, range: 18169998-20032362, partition values: [empty row]
[2022-04-05 22:53:02,940] {spark_submit.py:488} INFO - 22/04/05 22:53:02 INFO FileScanRDD: Reading File path: gs://dtc_data_lake_de-stack-overflow/parquet/posts_questions-2009-08.parquet, range: 12113332-18169998, partition values: [empty row]
[2022-04-05 22:53:03,102] {spark_submit.py:488} INFO - 22/04/05 22:53:03 INFO FileScanRDD: Reading File path: gs://dtc_data_lake_de-stack-overflow/parquet/posts_questions-2009-08.parquet, range: 0-6056666, partition values: [empty row]
[2022-04-05 22:53:07,588] {spark_submit.py:488} INFO - 22/04/05 22:53:07 INFO Executor: Finished task 0.0 in stage 1.0 (TID 1). 1900 bytes result sent to driver
[2022-04-05 22:53:07,588] {spark_submit.py:488} INFO - 22/04/05 22:53:07 INFO Executor: Finished task 3.0 in stage 1.0 (TID 4). 1900 bytes result sent to driver
[2022-04-05 22:53:07,630] {spark_submit.py:488} INFO - 22/04/05 22:53:07 INFO Executor: Finished task 2.0 in stage 1.0 (TID 3). 1900 bytes result sent to driver
[2022-04-05 22:53:07,675] {spark_submit.py:488} INFO - 22/04/05 22:53:07 INFO TaskSetManager: Finished task 3.0 in stage 1.0 (TID 4) in 5990 ms on 9fe4286b2855 (executor driver) (1/4)
[2022-04-05 22:53:07,679] {spark_submit.py:488} INFO - 22/04/05 22:53:07 INFO TaskSetManager: Finished task 0.0 in stage 1.0 (TID 1) in 6020 ms on 9fe4286b2855 (executor driver) (2/4)
[2022-04-05 22:53:07,682] {spark_submit.py:488} INFO - 22/04/05 22:53:07 INFO TaskSetManager: Finished task 2.0 in stage 1.0 (TID 3) in 5999 ms on 9fe4286b2855 (executor driver) (3/4)
[2022-04-05 22:53:11,881] {spark_submit.py:488} INFO - 22/04/05 22:53:11 INFO CodecPool: Got brand-new decompressor [.snappy]
[2022-04-05 22:53:37,077] {spark_submit.py:488} INFO - 22/04/05 22:53:37 INFO Executor: Finished task 1.0 in stage 1.0 (TID 2). 2029 bytes result sent to driver
[2022-04-05 22:53:37,086] {spark_submit.py:488} INFO - 22/04/05 22:53:37 INFO TaskSetManager: Finished task 1.0 in stage 1.0 (TID 2) in 35404 ms on 9fe4286b2855 (executor driver) (4/4)
[2022-04-05 22:53:37,086] {spark_submit.py:488} INFO - 22/04/05 22:53:37 INFO TaskSchedulerImpl: Removed TaskSet 1.0, whose tasks have all completed, from pool
[2022-04-05 22:53:37,092] {spark_submit.py:488} INFO - 22/04/05 22:53:37 INFO DAGScheduler: ShuffleMapStage 1 (save at NativeMethodAccessorImpl.java:0) finished in 36.576 s
[2022-04-05 22:53:37,092] {spark_submit.py:488} INFO - 22/04/05 22:53:37 INFO DAGScheduler: looking for newly runnable stages
[2022-04-05 22:53:37,092] {spark_submit.py:488} INFO - 22/04/05 22:53:37 INFO DAGScheduler: running: Set()
[2022-04-05 22:53:37,092] {spark_submit.py:488} INFO - 22/04/05 22:53:37 INFO DAGScheduler: waiting: Set()
[2022-04-05 22:53:37,092] {spark_submit.py:488} INFO - 22/04/05 22:53:37 INFO DAGScheduler: failed: Set()
[2022-04-05 22:53:37,898] {spark_submit.py:488} INFO - 22/04/05 22:53:37 INFO SparkContext: Starting job: save at NativeMethodAccessorImpl.java:0
[2022-04-05 22:53:37,903] {spark_submit.py:488} INFO - 22/04/05 22:53:37 INFO DAGScheduler: Got job 2 (save at NativeMethodAccessorImpl.java:0) with 4 output partitions
[2022-04-05 22:53:37,903] {spark_submit.py:488} INFO - 22/04/05 22:53:37 INFO DAGScheduler: Final stage: ResultStage 3 (save at NativeMethodAccessorImpl.java:0)
[2022-04-05 22:53:37,903] {spark_submit.py:488} INFO - 22/04/05 22:53:37 INFO DAGScheduler: Parents of final stage: List(ShuffleMapStage 2)
[2022-04-05 22:53:37,903] {spark_submit.py:488} INFO - 22/04/05 22:53:37 INFO DAGScheduler: Missing parents: List()
[2022-04-05 22:53:37,912] {spark_submit.py:488} INFO - 22/04/05 22:53:37 INFO DAGScheduler: Submitting ResultStage 3 (ShuffledRowRDD[7] at save at NativeMethodAccessorImpl.java:0), which has no missing parents
[2022-04-05 22:53:38,515] {spark_submit.py:488} INFO - 22/04/05 22:53:38 INFO MemoryStore: Block broadcast_3 stored as values in memory (estimated size 204.2 KiB, free 433.9 MiB)
[2022-04-05 22:53:38,645] {spark_submit.py:488} INFO - 22/04/05 22:53:38 INFO MemoryStore: Block broadcast_3_piece0 stored as bytes in memory (estimated size 73.0 KiB, free 433.9 MiB)
[2022-04-05 22:53:38,650] {spark_submit.py:488} INFO - 22/04/05 22:53:38 INFO BlockManagerInfo: Added broadcast_3_piece0 in memory on 9fe4286b2855:46443 (size: 73.0 KiB, free: 434.3 MiB)
[2022-04-05 22:53:38,650] {spark_submit.py:488} INFO - 22/04/05 22:53:38 INFO SparkContext: Created broadcast 3 from broadcast at DAGScheduler.scala:1478
[2022-04-05 22:53:38,660] {spark_submit.py:488} INFO - 22/04/05 22:53:38 INFO DAGScheduler: Submitting 4 missing tasks from ResultStage 3 (ShuffledRowRDD[7] at save at NativeMethodAccessorImpl.java:0) (first 15 tasks are for partitions Vector(0, 1, 2, 3))
[2022-04-05 22:53:38,660] {spark_submit.py:488} INFO - 22/04/05 22:53:38 INFO TaskSchedulerImpl: Adding task set 3.0 with 4 tasks resource profile 0
[2022-04-05 22:53:38,666] {spark_submit.py:488} INFO - 22/04/05 22:53:38 INFO TaskSetManager: Starting task 0.0 in stage 3.0 (TID 5) (9fe4286b2855, executor driver, partition 0, NODE_LOCAL, 4453 bytes) taskResourceAssignments Map()
[2022-04-05 22:53:38,667] {spark_submit.py:488} INFO - 22/04/05 22:53:38 INFO TaskSetManager: Starting task 1.0 in stage 3.0 (TID 6) (9fe4286b2855, executor driver, partition 1, NODE_LOCAL, 4453 bytes) taskResourceAssignments Map()
[2022-04-05 22:53:38,672] {spark_submit.py:488} INFO - 22/04/05 22:53:38 INFO TaskSetManager: Starting task 2.0 in stage 3.0 (TID 7) (9fe4286b2855, executor driver, partition 2, NODE_LOCAL, 4453 bytes) taskResourceAssignments Map()
[2022-04-05 22:53:38,672] {spark_submit.py:488} INFO - 22/04/05 22:53:38 INFO TaskSetManager: Starting task 3.0 in stage 3.0 (TID 8) (9fe4286b2855, executor driver, partition 3, NODE_LOCAL, 4453 bytes) taskResourceAssignments Map()
[2022-04-05 22:53:38,672] {spark_submit.py:488} INFO - 22/04/05 22:53:38 INFO Executor: Running task 1.0 in stage 3.0 (TID 6)
[2022-04-05 22:53:38,672] {spark_submit.py:488} INFO - 22/04/05 22:53:38 INFO Executor: Running task 0.0 in stage 3.0 (TID 5)
[2022-04-05 22:53:38,674] {spark_submit.py:488} INFO - 22/04/05 22:53:38 INFO Executor: Running task 2.0 in stage 3.0 (TID 7)
[2022-04-05 22:53:38,677] {spark_submit.py:488} INFO - 22/04/05 22:53:38 INFO Executor: Running task 3.0 in stage 3.0 (TID 8)
[2022-04-05 22:53:39,100] {spark_submit.py:488} INFO - 22/04/05 22:53:39 INFO ShuffleBlockFetcherIterator: Getting 1 (5.3 MiB) non-empty blocks including 1 (5.3 MiB) local and 0 (0.0 B) host-local and 0 (0.0 B) push-merged-local and 0 (0.0 B) remote blocks
[2022-04-05 22:53:39,114] {spark_submit.py:488} INFO - 22/04/05 22:53:39 INFO ShuffleBlockFetcherIterator: Started 0 remote fetches in 28 ms
[2022-04-05 22:53:39,116] {spark_submit.py:488} INFO - 22/04/05 22:53:39 INFO ShuffleBlockFetcherIterator: Getting 1 (5.3 MiB) non-empty blocks including 1 (5.3 MiB) local and 0 (0.0 B) host-local and 0 (0.0 B) push-merged-local and 0 (0.0 B) remote blocks
[2022-04-05 22:53:39,116] {spark_submit.py:488} INFO - 22/04/05 22:53:39 INFO ShuffleBlockFetcherIterator: Started 0 remote fetches in 26 ms
[2022-04-05 22:53:39,117] {spark_submit.py:488} INFO - 22/04/05 22:53:39 INFO ShuffleBlockFetcherIterator: Getting 1 (5.3 MiB) non-empty blocks including 1 (5.3 MiB) local and 0 (0.0 B) host-local and 0 (0.0 B) push-merged-local and 0 (0.0 B) remote blocks
[2022-04-05 22:53:39,118] {spark_submit.py:488} INFO - 22/04/05 22:53:39 INFO ShuffleBlockFetcherIterator: Started 0 remote fetches in 37 ms
[2022-04-05 22:53:39,118] {spark_submit.py:488} INFO - 22/04/05 22:53:39 INFO ShuffleBlockFetcherIterator: Getting 1 (5.3 MiB) non-empty blocks including 1 (5.3 MiB) local and 0 (0.0 B) host-local and 0 (0.0 B) push-merged-local and 0 (0.0 B) remote blocks
[2022-04-05 22:53:39,118] {spark_submit.py:488} INFO - 22/04/05 22:53:39 INFO ShuffleBlockFetcherIterator: Started 0 remote fetches in 33 ms
[2022-04-05 22:53:39,160] {spark_submit.py:488} INFO - 22/04/05 22:53:39 INFO FileOutputCommitter: File Output Committer Algorithm version is 1
[2022-04-05 22:53:39,161] {spark_submit.py:488} INFO - 22/04/05 22:53:39 INFO FileOutputCommitter: FileOutputCommitter skip cleanup _temporary folders under output directory:false, ignore cleanup failures: false
[2022-04-05 22:53:39,199] {spark_submit.py:488} INFO - 22/04/05 22:53:39 INFO SQLHadoopMapReduceCommitProtocol: Using user defined output committer class org.apache.parquet.hadoop.ParquetOutputCommitter
[2022-04-05 22:53:39,200] {spark_submit.py:488} INFO - 22/04/05 22:53:39 INFO FileOutputCommitter: File Output Committer Algorithm version is 1
[2022-04-05 22:53:39,200] {spark_submit.py:488} INFO - 22/04/05 22:53:39 INFO FileOutputCommitter: FileOutputCommitter skip cleanup _temporary folders under output directory:false, ignore cleanup failures: false
[2022-04-05 22:53:39,201] {spark_submit.py:488} INFO - 22/04/05 22:53:39 INFO SQLHadoopMapReduceCommitProtocol: Using output committer class org.apache.parquet.hadoop.ParquetOutputCommitter
[2022-04-05 22:53:39,237] {spark_submit.py:488} INFO - 22/04/05 22:53:39 INFO FileOutputCommitter: File Output Committer Algorithm version is 1
[2022-04-05 22:53:39,237] {spark_submit.py:488} INFO - 22/04/05 22:53:39 INFO FileOutputCommitter: FileOutputCommitter skip cleanup _temporary folders under output directory:false, ignore cleanup failures: false
[2022-04-05 22:53:39,238] {spark_submit.py:488} INFO - 22/04/05 22:53:39 INFO FileOutputCommitter: File Output Committer Algorithm version is 1
[2022-04-05 22:53:39,238] {spark_submit.py:488} INFO - 22/04/05 22:53:39 INFO FileOutputCommitter: FileOutputCommitter skip cleanup _temporary folders under output directory:false, ignore cleanup failures: false
[2022-04-05 22:53:39,244] {spark_submit.py:488} INFO - 22/04/05 22:53:39 INFO FileOutputCommitter: File Output Committer Algorithm version is 1
[2022-04-05 22:53:39,244] {spark_submit.py:488} INFO - 22/04/05 22:53:39 INFO FileOutputCommitter: FileOutputCommitter skip cleanup _temporary folders under output directory:false, ignore cleanup failures: false
[2022-04-05 22:53:39,248] {spark_submit.py:488} INFO - 22/04/05 22:53:39 INFO SQLHadoopMapReduceCommitProtocol: Using user defined output committer class org.apache.parquet.hadoop.ParquetOutputCommitter
[2022-04-05 22:53:39,248] {spark_submit.py:488} INFO - 22/04/05 22:53:39 INFO FileOutputCommitter: File Output Committer Algorithm version is 1
[2022-04-05 22:53:39,248] {spark_submit.py:488} INFO - 22/04/05 22:53:39 INFO FileOutputCommitter: FileOutputCommitter skip cleanup _temporary folders under output directory:false, ignore cleanup failures: false
[2022-04-05 22:53:39,249] {spark_submit.py:488} INFO - 22/04/05 22:53:39 INFO SQLHadoopMapReduceCommitProtocol: Using output committer class org.apache.parquet.hadoop.ParquetOutputCommitter
[2022-04-05 22:53:39,252] {spark_submit.py:488} INFO - 22/04/05 22:53:39 INFO SQLHadoopMapReduceCommitProtocol: Using user defined output committer class org.apache.parquet.hadoop.ParquetOutputCommitter
[2022-04-05 22:53:39,270] {spark_submit.py:488} INFO - 22/04/05 22:53:39 INFO FileOutputCommitter: File Output Committer Algorithm version is 1
[2022-04-05 22:53:39,270] {spark_submit.py:488} INFO - 22/04/05 22:53:39 INFO FileOutputCommitter: FileOutputCommitter skip cleanup _temporary folders under output directory:false, ignore cleanup failures: false
[2022-04-05 22:53:39,271] {spark_submit.py:488} INFO - 22/04/05 22:53:39 INFO SQLHadoopMapReduceCommitProtocol: Using output committer class org.apache.parquet.hadoop.ParquetOutputCommitter
[2022-04-05 22:53:39,271] {spark_submit.py:488} INFO - 22/04/05 22:53:39 INFO SQLHadoopMapReduceCommitProtocol: Using user defined output committer class org.apache.parquet.hadoop.ParquetOutputCommitter
[2022-04-05 22:53:39,272] {spark_submit.py:488} INFO - 22/04/05 22:53:39 INFO FileOutputCommitter: File Output Committer Algorithm version is 1
[2022-04-05 22:53:39,272] {spark_submit.py:488} INFO - 22/04/05 22:53:39 INFO FileOutputCommitter: FileOutputCommitter skip cleanup _temporary folders under output directory:false, ignore cleanup failures: false
[2022-04-05 22:53:39,273] {spark_submit.py:488} INFO - 22/04/05 22:53:39 INFO SQLHadoopMapReduceCommitProtocol: Using output committer class org.apache.parquet.hadoop.ParquetOutputCommitter
[2022-04-05 22:53:39,356] {spark_submit.py:488} INFO - 22/04/05 22:53:39 INFO CodecConfig: Compression: SNAPPY
[2022-04-05 22:53:39,359] {spark_submit.py:488} INFO - 22/04/05 22:53:39 INFO CodecConfig: Compression: SNAPPY
[2022-04-05 22:53:39,423] {spark_submit.py:488} INFO - 22/04/05 22:53:39 INFO CodecConfig: Compression: SNAPPY
[2022-04-05 22:53:39,423] {spark_submit.py:488} INFO - 22/04/05 22:53:39 INFO CodecConfig: Compression: SNAPPY
[2022-04-05 22:53:39,423] {spark_submit.py:488} INFO - 22/04/05 22:53:39 INFO CodecConfig: Compression: SNAPPY
[2022-04-05 22:53:39,423] {spark_submit.py:488} INFO - 22/04/05 22:53:39 INFO CodecConfig: Compression: SNAPPY
[2022-04-05 22:53:39,424] {spark_submit.py:488} INFO - 22/04/05 22:53:39 INFO CodecConfig: Compression: SNAPPY
[2022-04-05 22:53:39,425] {spark_submit.py:488} INFO - 22/04/05 22:53:39 INFO CodecConfig: Compression: SNAPPY
[2022-04-05 22:53:39,589] {spark_submit.py:488} INFO - 22/04/05 22:53:39 INFO ParquetOutputFormat: Parquet block size to 134217728
[2022-04-05 22:53:39,591] {spark_submit.py:488} INFO - 22/04/05 22:53:39 INFO ParquetOutputFormat: Validation is off
[2022-04-05 22:53:39,591] {spark_submit.py:488} INFO - 22/04/05 22:53:39 INFO ParquetOutputFormat: Maximum row group padding size is 8388608 bytes
[2022-04-05 22:53:39,591] {spark_submit.py:488} INFO - 22/04/05 22:53:39 INFO ParquetOutputFormat: Parquet properties are:
[2022-04-05 22:53:39,592] {spark_submit.py:488} INFO - Parquet page size to 1048576
[2022-04-05 22:53:39,592] {spark_submit.py:488} INFO - Parquet dictionary page size to 1048576
[2022-04-05 22:53:39,592] {spark_submit.py:488} INFO - Dictionary is true
[2022-04-05 22:53:39,592] {spark_submit.py:488} INFO - Writer version is: PARQUET_1_0
[2022-04-05 22:53:39,592] {spark_submit.py:488} INFO - Page size checking is: estimated
[2022-04-05 22:53:39,592] {spark_submit.py:488} INFO - Min row count for page size check is: 100
[2022-04-05 22:53:39,592] {spark_submit.py:488} INFO - Max row count for page size check is: 10000
[2022-04-05 22:53:39,592] {spark_submit.py:488} INFO - Truncate length for column indexes is: 64
[2022-04-05 22:53:39,592] {spark_submit.py:488} INFO - Truncate length for statistics min/max  is: 2147483647
[2022-04-05 22:53:39,593] {spark_submit.py:488} INFO - Bloom filter enabled: false
[2022-04-05 22:53:39,593] {spark_submit.py:488} INFO - Max Bloom filter size for a column is 1048576
[2022-04-05 22:53:39,593] {spark_submit.py:488} INFO - Bloom filter expected number of distinct values are: null
[2022-04-05 22:53:39,593] {spark_submit.py:488} INFO - Page row count limit to 20000
[2022-04-05 22:53:39,593] {spark_submit.py:488} INFO - Writing page checksums is: on
[2022-04-05 22:53:39,724] {spark_submit.py:488} INFO - 22/04/05 22:53:39 INFO ParquetOutputFormat: Parquet block size to 134217728
[2022-04-05 22:53:39,724] {spark_submit.py:488} INFO - 22/04/05 22:53:39 INFO ParquetOutputFormat: Validation is off
[2022-04-05 22:53:39,724] {spark_submit.py:488} INFO - 22/04/05 22:53:39 INFO ParquetOutputFormat: Maximum row group padding size is 8388608 bytes
[2022-04-05 22:53:39,724] {spark_submit.py:488} INFO - 22/04/05 22:53:39 INFO ParquetOutputFormat: Parquet properties are:
[2022-04-05 22:53:39,724] {spark_submit.py:488} INFO - Parquet page size to 1048576
[2022-04-05 22:53:39,724] {spark_submit.py:488} INFO - Parquet dictionary page size to 1048576
[2022-04-05 22:53:39,725] {spark_submit.py:488} INFO - Dictionary is true
[2022-04-05 22:53:39,725] {spark_submit.py:488} INFO - Writer version is: PARQUET_1_0
[2022-04-05 22:53:39,725] {spark_submit.py:488} INFO - Page size checking is: estimated
[2022-04-05 22:53:39,725] {spark_submit.py:488} INFO - Min row count for page size check is: 100
[2022-04-05 22:53:39,725] {spark_submit.py:488} INFO - Max row count for page size check is: 10000
[2022-04-05 22:53:39,725] {spark_submit.py:488} INFO - Truncate length for column indexes is: 64
[2022-04-05 22:53:39,725] {spark_submit.py:488} INFO - Truncate length for statistics min/max  is: 2147483647
[2022-04-05 22:53:39,725] {spark_submit.py:488} INFO - Bloom filter enabled: false
[2022-04-05 22:53:39,725] {spark_submit.py:488} INFO - Max Bloom filter size for a column is 1048576
[2022-04-05 22:53:39,725] {spark_submit.py:488} INFO - Bloom filter expected number of distinct values are: null
[2022-04-05 22:53:39,725] {spark_submit.py:488} INFO - Page row count limit to 20000
[2022-04-05 22:53:39,725] {spark_submit.py:488} INFO - Writing page checksums is: on
[2022-04-05 22:53:39,736] {spark_submit.py:488} INFO - 22/04/05 22:53:39 INFO ParquetOutputFormat: Parquet block size to 134217728
[2022-04-05 22:53:39,736] {spark_submit.py:488} INFO - 22/04/05 22:53:39 INFO ParquetOutputFormat: Validation is off
[2022-04-05 22:53:39,736] {spark_submit.py:488} INFO - 22/04/05 22:53:39 INFO ParquetOutputFormat: Maximum row group padding size is 8388608 bytes
[2022-04-05 22:53:39,736] {spark_submit.py:488} INFO - 22/04/05 22:53:39 INFO ParquetOutputFormat: Parquet properties are:
[2022-04-05 22:53:39,736] {spark_submit.py:488} INFO - Parquet page size to 1048576
[2022-04-05 22:53:39,736] {spark_submit.py:488} INFO - Parquet dictionary page size to 1048576
[2022-04-05 22:53:39,736] {spark_submit.py:488} INFO - Dictionary is true
[2022-04-05 22:53:39,736] {spark_submit.py:488} INFO - Writer version is: PARQUET_1_0
[2022-04-05 22:53:39,736] {spark_submit.py:488} INFO - Page size checking is: estimated
[2022-04-05 22:53:39,737] {spark_submit.py:488} INFO - Min row count for page size check is: 100
[2022-04-05 22:53:39,737] {spark_submit.py:488} INFO - Max row count for page size check is: 10000
[2022-04-05 22:53:39,737] {spark_submit.py:488} INFO - Truncate length for column indexes is: 64
[2022-04-05 22:53:39,737] {spark_submit.py:488} INFO - Truncate length for statistics min/max  is: 2147483647
[2022-04-05 22:53:39,737] {spark_submit.py:488} INFO - Bloom filter enabled: false
[2022-04-05 22:53:39,737] {spark_submit.py:488} INFO - Max Bloom filter size for a column is 1048576
[2022-04-05 22:53:39,737] {spark_submit.py:488} INFO - Bloom filter expected number of distinct values are: null
[2022-04-05 22:53:39,737] {spark_submit.py:488} INFO - Page row count limit to 20000
[2022-04-05 22:53:39,737] {spark_submit.py:488} INFO - Writing page checksums is: on
[2022-04-05 22:53:39,750] {spark_submit.py:488} INFO - 22/04/05 22:53:39 INFO ParquetOutputFormat: Parquet block size to 134217728
[2022-04-05 22:53:39,751] {spark_submit.py:488} INFO - 22/04/05 22:53:39 INFO ParquetOutputFormat: Validation is off
[2022-04-05 22:53:39,751] {spark_submit.py:488} INFO - 22/04/05 22:53:39 INFO ParquetOutputFormat: Maximum row group padding size is 8388608 bytes
[2022-04-05 22:53:39,751] {spark_submit.py:488} INFO - 22/04/05 22:53:39 INFO ParquetOutputFormat: Parquet properties are:
[2022-04-05 22:53:39,751] {spark_submit.py:488} INFO - Parquet page size to 1048576
[2022-04-05 22:53:39,751] {spark_submit.py:488} INFO - Parquet dictionary page size to 1048576
[2022-04-05 22:53:39,751] {spark_submit.py:488} INFO - Dictionary is true
[2022-04-05 22:53:39,751] {spark_submit.py:488} INFO - Writer version is: PARQUET_1_0
[2022-04-05 22:53:39,751] {spark_submit.py:488} INFO - Page size checking is: estimated
[2022-04-05 22:53:39,751] {spark_submit.py:488} INFO - Min row count for page size check is: 100
[2022-04-05 22:53:39,752] {spark_submit.py:488} INFO - Max row count for page size check is: 10000
[2022-04-05 22:53:39,752] {spark_submit.py:488} INFO - Truncate length for column indexes is: 64
[2022-04-05 22:53:39,752] {spark_submit.py:488} INFO - Truncate length for statistics min/max  is: 2147483647
[2022-04-05 22:53:39,752] {spark_submit.py:488} INFO - Bloom filter enabled: false
[2022-04-05 22:53:39,752] {spark_submit.py:488} INFO - Max Bloom filter size for a column is 1048576
[2022-04-05 22:53:39,752] {spark_submit.py:488} INFO - Bloom filter expected number of distinct values are: null
[2022-04-05 22:53:39,752] {spark_submit.py:488} INFO - Page row count limit to 20000
[2022-04-05 22:53:39,752] {spark_submit.py:488} INFO - Writing page checksums is: on
[2022-04-05 22:53:39,767] {spark_submit.py:488} INFO - 22/04/05 22:53:39 INFO ParquetWriteSupport: Initialized Parquet WriteSupport with Catalyst schema:
[2022-04-05 22:53:39,767] {spark_submit.py:488} INFO - {
[2022-04-05 22:53:39,767] {spark_submit.py:488} INFO - "type" : "struct",
[2022-04-05 22:53:39,767] {spark_submit.py:488} INFO - "fields" : [ {
[2022-04-05 22:53:39,767] {spark_submit.py:488} INFO - "name" : "id",
[2022-04-05 22:53:39,767] {spark_submit.py:488} INFO - "type" : "integer",
[2022-04-05 22:53:39,767] {spark_submit.py:488} INFO - "nullable" : true,
[2022-04-05 22:53:39,767] {spark_submit.py:488} INFO - "metadata" : { }
[2022-04-05 22:53:39,767] {spark_submit.py:488} INFO - }, {
[2022-04-05 22:53:39,768] {spark_submit.py:488} INFO - "name" : "title",
[2022-04-05 22:53:39,768] {spark_submit.py:488} INFO - "type" : "string",
[2022-04-05 22:53:39,768] {spark_submit.py:488} INFO - "nullable" : true,
[2022-04-05 22:53:39,768] {spark_submit.py:488} INFO - "metadata" : { }
[2022-04-05 22:53:39,768] {spark_submit.py:488} INFO - }, {
[2022-04-05 22:53:39,768] {spark_submit.py:488} INFO - "name" : "body",
[2022-04-05 22:53:39,768] {spark_submit.py:488} INFO - "type" : "string",
[2022-04-05 22:53:39,768] {spark_submit.py:488} INFO - "nullable" : true,
[2022-04-05 22:53:39,768] {spark_submit.py:488} INFO - "metadata" : { }
[2022-04-05 22:53:39,768] {spark_submit.py:488} INFO - }, {
[2022-04-05 22:53:39,768] {spark_submit.py:488} INFO - "name" : "accepted_answer_id",
[2022-04-05 22:53:39,768] {spark_submit.py:488} INFO - "type" : "integer",
[2022-04-05 22:53:39,768] {spark_submit.py:488} INFO - "nullable" : true,
[2022-04-05 22:53:39,768] {spark_submit.py:488} INFO - "metadata" : { }
[2022-04-05 22:53:39,768] {spark_submit.py:488} INFO - }, {
[2022-04-05 22:53:39,768] {spark_submit.py:488} INFO - "name" : "answer_count",
[2022-04-05 22:53:39,769] {spark_submit.py:488} INFO - "type" : "integer",
[2022-04-05 22:53:39,769] {spark_submit.py:488} INFO - "nullable" : true,
[2022-04-05 22:53:39,769] {spark_submit.py:488} INFO - "metadata" : { }
[2022-04-05 22:53:39,769] {spark_submit.py:488} INFO - }, {
[2022-04-05 22:53:39,769] {spark_submit.py:488} INFO - "name" : "comment_count",
[2022-04-05 22:53:39,769] {spark_submit.py:488} INFO - "type" : "integer",
[2022-04-05 22:53:39,769] {spark_submit.py:488} INFO - "nullable" : true,
[2022-04-05 22:53:39,769] {spark_submit.py:488} INFO - "metadata" : { }
[2022-04-05 22:53:39,769] {spark_submit.py:488} INFO - }, {
[2022-04-05 22:53:39,769] {spark_submit.py:488} INFO - "name" : "community_owned_date",
[2022-04-05 22:53:39,769] {spark_submit.py:488} INFO - "type" : "timestamp",
[2022-04-05 22:53:39,769] {spark_submit.py:488} INFO - "nullable" : true,
[2022-04-05 22:53:39,769] {spark_submit.py:488} INFO - "metadata" : { }
[2022-04-05 22:53:39,769] {spark_submit.py:488} INFO - }, {
[2022-04-05 22:53:39,769] {spark_submit.py:488} INFO - "name" : "creation_date",
[2022-04-05 22:53:39,770] {spark_submit.py:488} INFO - "type" : "timestamp",
[2022-04-05 22:53:39,770] {spark_submit.py:488} INFO - "nullable" : true,
[2022-04-05 22:53:39,770] {spark_submit.py:488} INFO - "metadata" : { }
[2022-04-05 22:53:39,770] {spark_submit.py:488} INFO - }, {
[2022-04-05 22:53:39,770] {spark_submit.py:488} INFO - "name" : "favorite_count",
[2022-04-05 22:53:39,770] {spark_submit.py:488} INFO - "type" : "integer",
[2022-04-05 22:53:39,770] {spark_submit.py:488} INFO - "nullable" : true,
[2022-04-05 22:53:39,770] {spark_submit.py:488} INFO - "metadata" : { }
[2022-04-05 22:53:39,770] {spark_submit.py:488} INFO - }, {
[2022-04-05 22:53:39,770] {spark_submit.py:488} INFO - "name" : "last_activity_date",
[2022-04-05 22:53:39,770] {spark_submit.py:488} INFO - "type" : "timestamp",
[2022-04-05 22:53:39,770] {spark_submit.py:488} INFO - "nullable" : true,
[2022-04-05 22:53:39,770] {spark_submit.py:488} INFO - "metadata" : { }
[2022-04-05 22:53:39,770] {spark_submit.py:488} INFO - }, {
[2022-04-05 22:53:39,771] {spark_submit.py:488} INFO - "name" : "last_edit_date",
[2022-04-05 22:53:39,771] {spark_submit.py:488} INFO - "type" : "timestamp",
[2022-04-05 22:53:39,771] {spark_submit.py:488} INFO - "nullable" : true,
[2022-04-05 22:53:39,771] {spark_submit.py:488} INFO - "metadata" : { }
[2022-04-05 22:53:39,771] {spark_submit.py:488} INFO - }, {
[2022-04-05 22:53:39,771] {spark_submit.py:488} INFO - "name" : "last_editor_display_name",
[2022-04-05 22:53:39,771] {spark_submit.py:488} INFO - "type" : "string",
[2022-04-05 22:53:39,771] {spark_submit.py:488} INFO - "nullable" : true,
[2022-04-05 22:53:39,771] {spark_submit.py:488} INFO - "metadata" : { }
[2022-04-05 22:53:39,771] {spark_submit.py:488} INFO - }, {
[2022-04-05 22:53:39,771] {spark_submit.py:488} INFO - "name" : "last_editor_user_id",
[2022-04-05 22:53:39,771] {spark_submit.py:488} INFO - "type" : "integer",
[2022-04-05 22:53:39,771] {spark_submit.py:488} INFO - "nullable" : true,
[2022-04-05 22:53:39,771] {spark_submit.py:488} INFO - "metadata" : { }
[2022-04-05 22:53:39,771] {spark_submit.py:488} INFO - }, {
[2022-04-05 22:53:39,772] {spark_submit.py:488} INFO - "name" : "owner_display_name",
[2022-04-05 22:53:39,772] {spark_submit.py:488} INFO - "type" : "string",
[2022-04-05 22:53:39,772] {spark_submit.py:488} INFO - "nullable" : true,
[2022-04-05 22:53:39,772] {spark_submit.py:488} INFO - "metadata" : { }
[2022-04-05 22:53:39,772] {spark_submit.py:488} INFO - }, {
[2022-04-05 22:53:39,772] {spark_submit.py:488} INFO - "name" : "owner_user_id",
[2022-04-05 22:53:39,772] {spark_submit.py:488} INFO - "type" : "integer",
[2022-04-05 22:53:39,772] {spark_submit.py:488} INFO - "nullable" : true,
[2022-04-05 22:53:39,772] {spark_submit.py:488} INFO - "metadata" : { }
[2022-04-05 22:53:39,772] {spark_submit.py:488} INFO - }, {
[2022-04-05 22:53:39,772] {spark_submit.py:488} INFO - "name" : "parent_id",
[2022-04-05 22:53:39,772] {spark_submit.py:488} INFO - "type" : "integer",
[2022-04-05 22:53:39,773] {spark_submit.py:488} INFO - "nullable" : true,
[2022-04-05 22:53:39,773] {spark_submit.py:488} INFO - "metadata" : { }
[2022-04-05 22:53:39,773] {spark_submit.py:488} INFO - }, {
[2022-04-05 22:53:39,773] {spark_submit.py:488} INFO - "name" : "post_type_id",
[2022-04-05 22:53:39,773] {spark_submit.py:488} INFO - "type" : "integer",
[2022-04-05 22:53:39,773] {spark_submit.py:488} INFO - "nullable" : true,
[2022-04-05 22:53:39,773] {spark_submit.py:488} INFO - "metadata" : { }
[2022-04-05 22:53:39,773] {spark_submit.py:488} INFO - }, {
[2022-04-05 22:53:39,773] {spark_submit.py:488} INFO - "name" : "score",
[2022-04-05 22:53:39,773] {spark_submit.py:488} INFO - "type" : "integer",
[2022-04-05 22:53:39,773] {spark_submit.py:488} INFO - "nullable" : true,
[2022-04-05 22:53:39,773] {spark_submit.py:488} INFO - "metadata" : { }
[2022-04-05 22:53:39,773] {spark_submit.py:488} INFO - }, {
[2022-04-05 22:53:39,774] {spark_submit.py:488} INFO - "name" : "tags",
[2022-04-05 22:53:39,774] {spark_submit.py:488} INFO - "type" : "string",
[2022-04-05 22:53:39,774] {spark_submit.py:488} INFO - "nullable" : true,
[2022-04-05 22:53:39,774] {spark_submit.py:488} INFO - "metadata" : { }
[2022-04-05 22:53:39,774] {spark_submit.py:488} INFO - }, {
[2022-04-05 22:53:39,774] {spark_submit.py:488} INFO - "name" : "view_count",
[2022-04-05 22:53:39,774] {spark_submit.py:488} INFO - "type" : "integer",
[2022-04-05 22:53:39,774] {spark_submit.py:488} INFO - "nullable" : true,
[2022-04-05 22:53:39,774] {spark_submit.py:488} INFO - "metadata" : { }
[2022-04-05 22:53:39,774] {spark_submit.py:488} INFO - }, {
[2022-04-05 22:53:39,774] {spark_submit.py:488} INFO - "name" : "group_by_date",
[2022-04-05 22:53:39,774] {spark_submit.py:488} INFO - "type" : "timestamp",
[2022-04-05 22:53:39,774] {spark_submit.py:488} INFO - "nullable" : true,
[2022-04-05 22:53:39,775] {spark_submit.py:488} INFO - "metadata" : { }
[2022-04-05 22:53:39,775] {spark_submit.py:488} INFO - } ]
[2022-04-05 22:53:39,775] {spark_submit.py:488} INFO - }
[2022-04-05 22:53:39,775] {spark_submit.py:488} INFO - and corresponding Parquet message type:
[2022-04-05 22:53:39,775] {spark_submit.py:488} INFO - message spark_schema {
[2022-04-05 22:53:39,775] {spark_submit.py:488} INFO - optional int32 id;
[2022-04-05 22:53:39,775] {spark_submit.py:488} INFO - optional binary title (STRING);
[2022-04-05 22:53:39,775] {spark_submit.py:488} INFO - optional binary body (STRING);
[2022-04-05 22:53:39,775] {spark_submit.py:488} INFO - optional int32 accepted_answer_id;
[2022-04-05 22:53:39,775] {spark_submit.py:488} INFO - optional int32 answer_count;
[2022-04-05 22:53:39,775] {spark_submit.py:488} INFO - optional int32 comment_count;
[2022-04-05 22:53:39,775] {spark_submit.py:488} INFO - optional int96 community_owned_date;
[2022-04-05 22:53:39,775] {spark_submit.py:488} INFO - optional int96 creation_date;
[2022-04-05 22:53:39,792] {spark_submit.py:488} INFO - optional int32 favorite_count;
[2022-04-05 22:53:39,792] {spark_submit.py:488} INFO - optional int96 last_activity_date;
[2022-04-05 22:53:39,792] {spark_submit.py:488} INFO - optional int96 last_edit_date;
[2022-04-05 22:53:39,792] {spark_submit.py:488} INFO - optional binary last_editor_display_name (STRING);
[2022-04-05 22:53:39,792] {spark_submit.py:488} INFO - optional int32 last_editor_user_id;
[2022-04-05 22:53:39,792] {spark_submit.py:488} INFO - optional binary owner_display_name (STRING);
[2022-04-05 22:53:39,792] {spark_submit.py:488} INFO - optional int32 owner_user_id;
[2022-04-05 22:53:39,792] {spark_submit.py:488} INFO - optional int32 parent_id;
[2022-04-05 22:53:39,792] {spark_submit.py:488} INFO - optional int32 post_type_id;
[2022-04-05 22:53:39,792] {spark_submit.py:488} INFO - optional int32 score;
[2022-04-05 22:53:39,793] {spark_submit.py:488} INFO - optional binary tags (STRING);
[2022-04-05 22:53:39,793] {spark_submit.py:488} INFO - optional int32 view_count;
[2022-04-05 22:53:39,793] {spark_submit.py:488} INFO - optional int96 group_by_date;
[2022-04-05 22:53:39,793] {spark_submit.py:488} INFO - }
[2022-04-05 22:53:39,793] {spark_submit.py:488} INFO - 
[2022-04-05 22:53:39,793] {spark_submit.py:488} INFO - 
[2022-04-05 22:53:39,793] {spark_submit.py:488} INFO - 22/04/05 22:53:39 INFO ParquetWriteSupport: Initialized Parquet WriteSupport with Catalyst schema:
[2022-04-05 22:53:39,793] {spark_submit.py:488} INFO - {
[2022-04-05 22:53:39,793] {spark_submit.py:488} INFO - "type" : "struct",
[2022-04-05 22:53:39,793] {spark_submit.py:488} INFO - "fields" : [ {
[2022-04-05 22:53:39,793] {spark_submit.py:488} INFO - "name" : "id",
[2022-04-05 22:53:39,793] {spark_submit.py:488} INFO - "type" : "integer",
[2022-04-05 22:53:39,793] {spark_submit.py:488} INFO - "nullable" : true,
[2022-04-05 22:53:39,794] {spark_submit.py:488} INFO - "metadata" : { }
[2022-04-05 22:53:39,794] {spark_submit.py:488} INFO - }, {
[2022-04-05 22:53:39,794] {spark_submit.py:488} INFO - "name" : "title",
[2022-04-05 22:53:39,794] {spark_submit.py:488} INFO - "type" : "string",
[2022-04-05 22:53:39,794] {spark_submit.py:488} INFO - "nullable" : true,
[2022-04-05 22:53:39,794] {spark_submit.py:488} INFO - "metadata" : { }
[2022-04-05 22:53:39,794] {spark_submit.py:488} INFO - }, {
[2022-04-05 22:53:39,794] {spark_submit.py:488} INFO - "name" : "body",
[2022-04-05 22:53:39,794] {spark_submit.py:488} INFO - "type" : "string",
[2022-04-05 22:53:39,794] {spark_submit.py:488} INFO - "nullable" : true,
[2022-04-05 22:53:39,794] {spark_submit.py:488} INFO - "metadata" : { }
[2022-04-05 22:53:39,794] {spark_submit.py:488} INFO - }, {
[2022-04-05 22:53:39,794] {spark_submit.py:488} INFO - "name" : "accepted_answer_id",
[2022-04-05 22:53:39,794] {spark_submit.py:488} INFO - "type" : "integer",
[2022-04-05 22:53:39,795] {spark_submit.py:488} INFO - "nullable" : true,
[2022-04-05 22:53:39,795] {spark_submit.py:488} INFO - "metadata" : { }
[2022-04-05 22:53:39,795] {spark_submit.py:488} INFO - }, {
[2022-04-05 22:53:39,795] {spark_submit.py:488} INFO - "name" : "answer_count",
[2022-04-05 22:53:39,795] {spark_submit.py:488} INFO - "type" : "integer",
[2022-04-05 22:53:39,795] {spark_submit.py:488} INFO - "nullable" : true,
[2022-04-05 22:53:39,795] {spark_submit.py:488} INFO - "metadata" : { }
[2022-04-05 22:53:39,795] {spark_submit.py:488} INFO - }, {
[2022-04-05 22:53:39,795] {spark_submit.py:488} INFO - "name" : "comment_count",
[2022-04-05 22:53:39,795] {spark_submit.py:488} INFO - "type" : "integer",
[2022-04-05 22:53:39,795] {spark_submit.py:488} INFO - "nullable" : true,
[2022-04-05 22:53:39,795] {spark_submit.py:488} INFO - "metadata" : { }
[2022-04-05 22:53:39,795] {spark_submit.py:488} INFO - }, {
[2022-04-05 22:53:39,825] {spark_submit.py:488} INFO - "name" : "community_owned_date",
[2022-04-05 22:53:39,825] {spark_submit.py:488} INFO - "type" : "timestamp",
[2022-04-05 22:53:39,825] {spark_submit.py:488} INFO - "nullable" : true,
[2022-04-05 22:53:39,825] {spark_submit.py:488} INFO - "metadata" : { }
[2022-04-05 22:53:39,825] {spark_submit.py:488} INFO - }, {
[2022-04-05 22:53:39,825] {spark_submit.py:488} INFO - "name" : "creation_date",
[2022-04-05 22:53:39,825] {spark_submit.py:488} INFO - "type" : "timestamp",
[2022-04-05 22:53:39,826] {spark_submit.py:488} INFO - "nullable" : true,
[2022-04-05 22:53:39,826] {spark_submit.py:488} INFO - "metadata" : { }
[2022-04-05 22:53:39,826] {spark_submit.py:488} INFO - }, {
[2022-04-05 22:53:39,826] {spark_submit.py:488} INFO - "name" : "favorite_count",
[2022-04-05 22:53:39,826] {spark_submit.py:488} INFO - "type" : "integer",
[2022-04-05 22:53:39,826] {spark_submit.py:488} INFO - "nullable" : true,
[2022-04-05 22:53:39,826] {spark_submit.py:488} INFO - "metadata" : { }
[2022-04-05 22:53:39,826] {spark_submit.py:488} INFO - }, {
[2022-04-05 22:53:39,826] {spark_submit.py:488} INFO - "name" : "last_activity_date",
[2022-04-05 22:53:39,826] {spark_submit.py:488} INFO - "type" : "timestamp",
[2022-04-05 22:53:39,826] {spark_submit.py:488} INFO - "nullable" : true,
[2022-04-05 22:53:39,826] {spark_submit.py:488} INFO - "metadata" : { }
[2022-04-05 22:53:39,826] {spark_submit.py:488} INFO - }, {
[2022-04-05 22:53:39,827] {spark_submit.py:488} INFO - "name" : "last_edit_date",
[2022-04-05 22:53:39,827] {spark_submit.py:488} INFO - "type" : "timestamp",
[2022-04-05 22:53:39,827] {spark_submit.py:488} INFO - "nullable" : true,
[2022-04-05 22:53:39,827] {spark_submit.py:488} INFO - "metadata" : { }
[2022-04-05 22:53:39,827] {spark_submit.py:488} INFO - }, {
[2022-04-05 22:53:39,827] {spark_submit.py:488} INFO - "name" : "last_editor_display_name",
[2022-04-05 22:53:39,827] {spark_submit.py:488} INFO - "type" : "string",
[2022-04-05 22:53:39,827] {spark_submit.py:488} INFO - "nullable" : true,
[2022-04-05 22:53:39,827] {spark_submit.py:488} INFO - "metadata" : { }
[2022-04-05 22:53:39,827] {spark_submit.py:488} INFO - }, {
[2022-04-05 22:53:39,827] {spark_submit.py:488} INFO - "name" : "last_editor_user_id",
[2022-04-05 22:53:39,827] {spark_submit.py:488} INFO - "type" : "integer",
[2022-04-05 22:53:39,828] {spark_submit.py:488} INFO - "nullable" : true,
[2022-04-05 22:53:39,828] {spark_submit.py:488} INFO - "metadata" : { }
[2022-04-05 22:53:39,828] {spark_submit.py:488} INFO - }, {
[2022-04-05 22:53:39,828] {spark_submit.py:488} INFO - "name" : "owner_display_name",
[2022-04-05 22:53:39,828] {spark_submit.py:488} INFO - "type" : "string",
[2022-04-05 22:53:39,828] {spark_submit.py:488} INFO - "nullable" : true,
[2022-04-05 22:53:39,828] {spark_submit.py:488} INFO - "metadata" : { }
[2022-04-05 22:53:39,828] {spark_submit.py:488} INFO - }, {
[2022-04-05 22:53:39,828] {spark_submit.py:488} INFO - "name" : "owner_user_id",
[2022-04-05 22:53:39,828] {spark_submit.py:488} INFO - "type" : "integer",
[2022-04-05 22:53:39,828] {spark_submit.py:488} INFO - "nullable" : true,
[2022-04-05 22:53:39,828] {spark_submit.py:488} INFO - "metadata" : { }
[2022-04-05 22:53:39,828] {spark_submit.py:488} INFO - }, {
[2022-04-05 22:53:39,828] {spark_submit.py:488} INFO - "name" : "parent_id",
[2022-04-05 22:53:39,829] {spark_submit.py:488} INFO - "type" : "integer",
[2022-04-05 22:53:39,829] {spark_submit.py:488} INFO - "nullable" : true,
[2022-04-05 22:53:39,829] {spark_submit.py:488} INFO - "metadata" : { }
[2022-04-05 22:53:39,829] {spark_submit.py:488} INFO - }, {
[2022-04-05 22:53:39,829] {spark_submit.py:488} INFO - "name" : "post_type_id",
[2022-04-05 22:53:39,829] {spark_submit.py:488} INFO - "type" : "integer",
[2022-04-05 22:53:39,829] {spark_submit.py:488} INFO - "nullable" : true,
[2022-04-05 22:53:39,864] {spark_submit.py:488} INFO - "metadata" : { }
[2022-04-05 22:53:39,864] {spark_submit.py:488} INFO - }, {
[2022-04-05 22:53:39,864] {spark_submit.py:488} INFO - "name" : "score",
[2022-04-05 22:53:39,864] {spark_submit.py:488} INFO - "type" : "integer",
[2022-04-05 22:53:39,864] {spark_submit.py:488} INFO - "nullable" : true,
[2022-04-05 22:53:39,864] {spark_submit.py:488} INFO - "metadata" : { }
[2022-04-05 22:53:39,864] {spark_submit.py:488} INFO - }, {
[2022-04-05 22:53:39,864] {spark_submit.py:488} INFO - "name" : "tags",
[2022-04-05 22:53:39,864] {spark_submit.py:488} INFO - "type" : "string",
[2022-04-05 22:53:39,864] {spark_submit.py:488} INFO - "nullable" : true,
[2022-04-05 22:53:39,865] {spark_submit.py:488} INFO - "metadata" : { }
[2022-04-05 22:53:39,865] {spark_submit.py:488} INFO - }, {
[2022-04-05 22:53:39,865] {spark_submit.py:488} INFO - "name" : "view_count",
[2022-04-05 22:53:39,865] {spark_submit.py:488} INFO - "type" : "integer",
[2022-04-05 22:53:39,865] {spark_submit.py:488} INFO - "nullable" : true,
[2022-04-05 22:53:39,865] {spark_submit.py:488} INFO - "metadata" : { }
[2022-04-05 22:53:39,865] {spark_submit.py:488} INFO - }, {
[2022-04-05 22:53:39,865] {spark_submit.py:488} INFO - "name" : "group_by_date",
[2022-04-05 22:53:39,865] {spark_submit.py:488} INFO - "type" : "timestamp",
[2022-04-05 22:53:39,865] {spark_submit.py:488} INFO - "nullable" : true,
[2022-04-05 22:53:39,865] {spark_submit.py:488} INFO - "metadata" : { }
[2022-04-05 22:53:39,865] {spark_submit.py:488} INFO - } ]
[2022-04-05 22:53:39,865] {spark_submit.py:488} INFO - }
[2022-04-05 22:53:39,866] {spark_submit.py:488} INFO - and corresponding Parquet message type:
[2022-04-05 22:53:39,866] {spark_submit.py:488} INFO - message spark_schema {
[2022-04-05 22:53:39,866] {spark_submit.py:488} INFO - optional int32 id;
[2022-04-05 22:53:39,866] {spark_submit.py:488} INFO - optional binary title (STRING);
[2022-04-05 22:53:39,866] {spark_submit.py:488} INFO - optional binary body (STRING);
[2022-04-05 22:53:39,866] {spark_submit.py:488} INFO - optional int32 accepted_answer_id;
[2022-04-05 22:53:39,866] {spark_submit.py:488} INFO - optional int32 answer_count;
[2022-04-05 22:53:39,866] {spark_submit.py:488} INFO - optional int32 comment_count;
[2022-04-05 22:53:39,866] {spark_submit.py:488} INFO - optional int96 community_owned_date;
[2022-04-05 22:53:39,866] {spark_submit.py:488} INFO - optional int96 creation_date;
[2022-04-05 22:53:39,866] {spark_submit.py:488} INFO - optional int32 favorite_count;
[2022-04-05 22:53:39,866] {spark_submit.py:488} INFO - optional int96 last_activity_date;
[2022-04-05 22:53:39,866] {spark_submit.py:488} INFO - optional int96 last_edit_date;
[2022-04-05 22:53:39,867] {spark_submit.py:488} INFO - optional binary last_editor_display_name (STRING);
[2022-04-05 22:53:39,867] {spark_submit.py:488} INFO - optional int32 last_editor_user_id;
[2022-04-05 22:53:39,867] {spark_submit.py:488} INFO - optional binary owner_display_name (STRING);
[2022-04-05 22:53:39,867] {spark_submit.py:488} INFO - optional int32 owner_user_id;
[2022-04-05 22:53:39,867] {spark_submit.py:488} INFO - optional int32 parent_id;
[2022-04-05 22:53:39,867] {spark_submit.py:488} INFO - optional int32 post_type_id;
[2022-04-05 22:53:39,867] {spark_submit.py:488} INFO - optional int32 score;
[2022-04-05 22:53:39,867] {spark_submit.py:488} INFO - optional binary tags (STRING);
[2022-04-05 22:53:39,867] {spark_submit.py:488} INFO - optional int32 view_count;
[2022-04-05 22:53:39,867] {spark_submit.py:488} INFO - optional int96 group_by_date;
[2022-04-05 22:53:39,867] {spark_submit.py:488} INFO - }
[2022-04-05 22:53:39,867] {spark_submit.py:488} INFO - 
[2022-04-05 22:53:39,868] {spark_submit.py:488} INFO - 
[2022-04-05 22:53:40,130] {spark_submit.py:488} INFO - 22/04/05 22:53:39 INFO BlockManagerInfo: Removed broadcast_2_piece0 on 9fe4286b2855:46443 in memory (size: 10.4 KiB, free: 434.3 MiB)
[2022-04-05 22:53:40,510] {spark_submit.py:488} INFO - 22/04/05 22:53:39 INFO ParquetWriteSupport: Initialized Parquet WriteSupport with Catalyst schema:
[2022-04-05 22:53:40,511] {spark_submit.py:488} INFO - {
[2022-04-05 22:53:40,511] {spark_submit.py:488} INFO - "type" : "struct",
[2022-04-05 22:53:40,511] {spark_submit.py:488} INFO - "fields" : [ {
[2022-04-05 22:53:40,511] {spark_submit.py:488} INFO - "name" : "id",
[2022-04-05 22:53:40,511] {spark_submit.py:488} INFO - "type" : "integer",
[2022-04-05 22:53:40,511] {spark_submit.py:488} INFO - "nullable" : true,
[2022-04-05 22:53:40,511] {spark_submit.py:488} INFO - "metadata" : { }
[2022-04-05 22:53:40,511] {spark_submit.py:488} INFO - }, {
[2022-04-05 22:53:40,511] {spark_submit.py:488} INFO - "name" : "title",
[2022-04-05 22:53:40,511] {spark_submit.py:488} INFO - "type" : "string",
[2022-04-05 22:53:40,511] {spark_submit.py:488} INFO - "nullable" : true,
[2022-04-05 22:53:40,511] {spark_submit.py:488} INFO - "metadata" : { }
[2022-04-05 22:53:40,511] {spark_submit.py:488} INFO - }, {
[2022-04-05 22:53:40,511] {spark_submit.py:488} INFO - "name" : "body",
[2022-04-05 22:53:40,512] {spark_submit.py:488} INFO - "type" : "string",
[2022-04-05 22:53:40,512] {spark_submit.py:488} INFO - "nullable" : true,
[2022-04-05 22:53:40,512] {spark_submit.py:488} INFO - "metadata" : { }
[2022-04-05 22:53:40,512] {spark_submit.py:488} INFO - }, {
[2022-04-05 22:53:40,512] {spark_submit.py:488} INFO - "name" : "accepted_answer_id",
[2022-04-05 22:53:40,512] {spark_submit.py:488} INFO - "type" : "integer",
[2022-04-05 22:53:40,512] {spark_submit.py:488} INFO - "nullable" : true,
[2022-04-05 22:53:40,512] {spark_submit.py:488} INFO - "metadata" : { }
[2022-04-05 22:53:40,512] {spark_submit.py:488} INFO - }, {
[2022-04-05 22:53:40,512] {spark_submit.py:488} INFO - "name" : "answer_count",
[2022-04-05 22:53:40,512] {spark_submit.py:488} INFO - "type" : "integer",
[2022-04-05 22:53:40,512] {spark_submit.py:488} INFO - "nullable" : true,
[2022-04-05 22:53:40,512] {spark_submit.py:488} INFO - "metadata" : { }
[2022-04-05 22:53:40,512] {spark_submit.py:488} INFO - }, {
[2022-04-05 22:53:40,512] {spark_submit.py:488} INFO - "name" : "comment_count",
[2022-04-05 22:53:40,513] {spark_submit.py:488} INFO - "type" : "integer",
[2022-04-05 22:53:40,513] {spark_submit.py:488} INFO - "nullable" : true,
[2022-04-05 22:53:40,513] {spark_submit.py:488} INFO - "metadata" : { }
[2022-04-05 22:53:40,513] {spark_submit.py:488} INFO - }, {
[2022-04-05 22:53:40,513] {spark_submit.py:488} INFO - "name" : "community_owned_date",
[2022-04-05 22:53:40,513] {spark_submit.py:488} INFO - "type" : "timestamp",
[2022-04-05 22:53:40,513] {spark_submit.py:488} INFO - "nullable" : true,
[2022-04-05 22:53:40,513] {spark_submit.py:488} INFO - "metadata" : { }
[2022-04-05 22:53:40,513] {spark_submit.py:488} INFO - }, {
[2022-04-05 22:53:40,513] {spark_submit.py:488} INFO - "name" : "creation_date",
[2022-04-05 22:53:40,513] {spark_submit.py:488} INFO - "type" : "timestamp",
[2022-04-05 22:53:40,513] {spark_submit.py:488} INFO - "nullable" : true,
[2022-04-05 22:53:40,513] {spark_submit.py:488} INFO - "metadata" : { }
[2022-04-05 22:53:40,513] {spark_submit.py:488} INFO - }, {
[2022-04-05 22:53:40,514] {spark_submit.py:488} INFO - "name" : "favorite_count",
[2022-04-05 22:53:40,514] {spark_submit.py:488} INFO - "type" : "integer",
[2022-04-05 22:53:40,514] {spark_submit.py:488} INFO - "nullable" : true,
[2022-04-05 22:53:40,514] {spark_submit.py:488} INFO - "metadata" : { }
[2022-04-05 22:53:40,514] {spark_submit.py:488} INFO - }, {
[2022-04-05 22:53:40,514] {spark_submit.py:488} INFO - "name" : "last_activity_date",
[2022-04-05 22:53:40,514] {spark_submit.py:488} INFO - "type" : "timestamp",
[2022-04-05 22:53:40,514] {spark_submit.py:488} INFO - "nullable" : true,
[2022-04-05 22:53:40,514] {spark_submit.py:488} INFO - "metadata" : { }
[2022-04-05 22:53:40,514] {spark_submit.py:488} INFO - }, {
[2022-04-05 22:53:40,514] {spark_submit.py:488} INFO - "name" : "last_edit_date",
[2022-04-05 22:53:40,514] {spark_submit.py:488} INFO - "type" : "timestamp",
[2022-04-05 22:53:40,514] {spark_submit.py:488} INFO - "nullable" : true,
[2022-04-05 22:53:40,514] {spark_submit.py:488} INFO - "metadata" : { }
[2022-04-05 22:53:40,514] {spark_submit.py:488} INFO - }, {
[2022-04-05 22:53:40,515] {spark_submit.py:488} INFO - "name" : "last_editor_display_name",
[2022-04-05 22:53:40,515] {spark_submit.py:488} INFO - "type" : "string",
[2022-04-05 22:53:40,515] {spark_submit.py:488} INFO - "nullable" : true,
[2022-04-05 22:53:40,515] {spark_submit.py:488} INFO - "metadata" : { }
[2022-04-05 22:53:40,515] {spark_submit.py:488} INFO - }, {
[2022-04-05 22:53:40,515] {spark_submit.py:488} INFO - "name" : "last_editor_user_id",
[2022-04-05 22:53:40,515] {spark_submit.py:488} INFO - "type" : "integer",
[2022-04-05 22:53:40,515] {spark_submit.py:488} INFO - "nullable" : true,
[2022-04-05 22:53:40,515] {spark_submit.py:488} INFO - "metadata" : { }
[2022-04-05 22:53:40,515] {spark_submit.py:488} INFO - }, {
[2022-04-05 22:53:40,515] {spark_submit.py:488} INFO - "name" : "owner_display_name",
[2022-04-05 22:53:40,515] {spark_submit.py:488} INFO - "type" : "string",
[2022-04-05 22:53:40,515] {spark_submit.py:488} INFO - "nullable" : true,
[2022-04-05 22:53:40,515] {spark_submit.py:488} INFO - "metadata" : { }
[2022-04-05 22:53:40,516] {spark_submit.py:488} INFO - }, {
[2022-04-05 22:53:40,516] {spark_submit.py:488} INFO - "name" : "owner_user_id",
[2022-04-05 22:53:40,516] {spark_submit.py:488} INFO - "type" : "integer",
[2022-04-05 22:53:40,516] {spark_submit.py:488} INFO - "nullable" : true,
[2022-04-05 22:53:40,516] {spark_submit.py:488} INFO - "metadata" : { }
[2022-04-05 22:53:40,516] {spark_submit.py:488} INFO - }, {
[2022-04-05 22:53:40,516] {spark_submit.py:488} INFO - "name" : "parent_id",
[2022-04-05 22:53:40,516] {spark_submit.py:488} INFO - "type" : "integer",
[2022-04-05 22:53:40,516] {spark_submit.py:488} INFO - "nullable" : true,
[2022-04-05 22:53:40,516] {spark_submit.py:488} INFO - "metadata" : { }
[2022-04-05 22:53:40,516] {spark_submit.py:488} INFO - }, {
[2022-04-05 22:53:40,516] {spark_submit.py:488} INFO - "name" : "post_type_id",
[2022-04-05 22:53:40,517] {spark_submit.py:488} INFO - "type" : "integer",
[2022-04-05 22:53:40,517] {spark_submit.py:488} INFO - "nullable" : true,
[2022-04-05 22:53:40,517] {spark_submit.py:488} INFO - "metadata" : { }
[2022-04-05 22:53:40,517] {spark_submit.py:488} INFO - }, {
[2022-04-05 22:53:40,519] {spark_submit.py:488} INFO - "name" : "score",
[2022-04-05 22:53:40,519] {spark_submit.py:488} INFO - "type" : "integer",
[2022-04-05 22:53:40,519] {spark_submit.py:488} INFO - "nullable" : true,
[2022-04-05 22:53:40,519] {spark_submit.py:488} INFO - "metadata" : { }
[2022-04-05 22:53:40,519] {spark_submit.py:488} INFO - }, {
[2022-04-05 22:53:40,519] {spark_submit.py:488} INFO - "name" : "tags",
[2022-04-05 22:53:40,519] {spark_submit.py:488} INFO - "type" : "string",
[2022-04-05 22:53:40,519] {spark_submit.py:488} INFO - "nullable" : true,
[2022-04-05 22:53:40,519] {spark_submit.py:488} INFO - "metadata" : { }
[2022-04-05 22:53:40,519] {spark_submit.py:488} INFO - }, {
[2022-04-05 22:53:40,519] {spark_submit.py:488} INFO - "name" : "view_count",
[2022-04-05 22:53:40,520] {spark_submit.py:488} INFO - "type" : "integer",
[2022-04-05 22:53:40,520] {spark_submit.py:488} INFO - "nullable" : true,
[2022-04-05 22:53:40,520] {spark_submit.py:488} INFO - "metadata" : { }
[2022-04-05 22:53:40,520] {spark_submit.py:488} INFO - }, {
[2022-04-05 22:53:40,520] {spark_submit.py:488} INFO - "name" : "group_by_date",
[2022-04-05 22:53:40,520] {spark_submit.py:488} INFO - "type" : "timestamp",
[2022-04-05 22:53:40,520] {spark_submit.py:488} INFO - "nullable" : true,
[2022-04-05 22:53:40,520] {spark_submit.py:488} INFO - "metadata" : { }
[2022-04-05 22:53:40,520] {spark_submit.py:488} INFO - } ]
[2022-04-05 22:53:40,520] {spark_submit.py:488} INFO - }
[2022-04-05 22:53:40,520] {spark_submit.py:488} INFO - and corresponding Parquet message type:
[2022-04-05 22:53:40,520] {spark_submit.py:488} INFO - message spark_schema {
[2022-04-05 22:53:40,521] {spark_submit.py:488} INFO - optional int32 id;
[2022-04-05 22:53:40,529] {spark_submit.py:488} INFO - optional binary title (STRING);
[2022-04-05 22:53:40,530] {spark_submit.py:488} INFO - optional binary body (STRING);
[2022-04-05 22:53:40,530] {spark_submit.py:488} INFO - optional int32 accepted_answer_id;
[2022-04-05 22:53:40,530] {spark_submit.py:488} INFO - optional int32 answer_count;
[2022-04-05 22:53:40,531] {spark_submit.py:488} INFO - optional int32 comment_count;
[2022-04-05 22:53:40,531] {spark_submit.py:488} INFO - optional int96 community_owned_date;
[2022-04-05 22:53:40,531] {spark_submit.py:488} INFO - optional int96 creation_date;
[2022-04-05 22:53:40,531] {spark_submit.py:488} INFO - optional int32 favorite_count;
[2022-04-05 22:53:40,531] {spark_submit.py:488} INFO - optional int96 last_activity_date;
[2022-04-05 22:53:40,531] {spark_submit.py:488} INFO - optional int96 last_edit_date;
[2022-04-05 22:53:40,531] {spark_submit.py:488} INFO - optional binary last_editor_display_name (STRING);
[2022-04-05 22:53:40,532] {spark_submit.py:488} INFO - optional int32 last_editor_user_id;
[2022-04-05 22:53:40,532] {spark_submit.py:488} INFO - optional binary owner_display_name (STRING);
[2022-04-05 22:53:40,533] {spark_submit.py:488} INFO - optional int32 owner_user_id;
[2022-04-05 22:53:40,533] {spark_submit.py:488} INFO - optional int32 parent_id;
[2022-04-05 22:53:40,533] {spark_submit.py:488} INFO - optional int32 post_type_id;
[2022-04-05 22:53:40,533] {spark_submit.py:488} INFO - optional int32 score;
[2022-04-05 22:53:40,533] {spark_submit.py:488} INFO - optional binary tags (STRING);
[2022-04-05 22:53:40,533] {spark_submit.py:488} INFO - optional int32 view_count;
[2022-04-05 22:53:40,533] {spark_submit.py:488} INFO - optional int96 group_by_date;
[2022-04-05 22:53:40,533] {spark_submit.py:488} INFO - }
[2022-04-05 22:53:40,533] {spark_submit.py:488} INFO - 
[2022-04-05 22:53:40,533] {spark_submit.py:488} INFO - 
[2022-04-05 22:53:40,533] {spark_submit.py:488} INFO - 22/04/05 22:53:39 INFO ParquetWriteSupport: Initialized Parquet WriteSupport with Catalyst schema:
[2022-04-05 22:53:40,543] {spark_submit.py:488} INFO - {
[2022-04-05 22:53:40,543] {spark_submit.py:488} INFO - "type" : "struct",
[2022-04-05 22:53:40,543] {spark_submit.py:488} INFO - "fields" : [ {
[2022-04-05 22:53:40,544] {spark_submit.py:488} INFO - "name" : "id",
[2022-04-05 22:53:40,545] {spark_submit.py:488} INFO - "type" : "integer",
[2022-04-05 22:53:40,545] {spark_submit.py:488} INFO - "nullable" : true,
[2022-04-05 22:53:40,545] {spark_submit.py:488} INFO - "metadata" : { }
[2022-04-05 22:53:40,545] {spark_submit.py:488} INFO - }, {
[2022-04-05 22:53:40,545] {spark_submit.py:488} INFO - "name" : "title",
[2022-04-05 22:53:40,565] {spark_submit.py:488} INFO - "type" : "string",
[2022-04-05 22:53:40,565] {spark_submit.py:488} INFO - "nullable" : true,
[2022-04-05 22:53:40,565] {spark_submit.py:488} INFO - "metadata" : { }
[2022-04-05 22:53:40,565] {spark_submit.py:488} INFO - }, {
[2022-04-05 22:53:40,565] {spark_submit.py:488} INFO - "name" : "body",
[2022-04-05 22:53:40,566] {spark_submit.py:488} INFO - "type" : "string",
[2022-04-05 22:53:40,566] {spark_submit.py:488} INFO - "nullable" : true,
[2022-04-05 22:53:40,566] {spark_submit.py:488} INFO - "metadata" : { }
[2022-04-05 22:53:40,566] {spark_submit.py:488} INFO - }, {
[2022-04-05 22:53:40,566] {spark_submit.py:488} INFO - "name" : "accepted_answer_id",
[2022-04-05 22:53:40,566] {spark_submit.py:488} INFO - "type" : "integer",
[2022-04-05 22:53:40,566] {spark_submit.py:488} INFO - "nullable" : true,
[2022-04-05 22:53:40,566] {spark_submit.py:488} INFO - "metadata" : { }
[2022-04-05 22:53:40,566] {spark_submit.py:488} INFO - }, {
[2022-04-05 22:53:40,566] {spark_submit.py:488} INFO - "name" : "answer_count",
[2022-04-05 22:53:40,567] {spark_submit.py:488} INFO - "type" : "integer",
[2022-04-05 22:53:40,567] {spark_submit.py:488} INFO - "nullable" : true,
[2022-04-05 22:53:40,567] {spark_submit.py:488} INFO - "metadata" : { }
[2022-04-05 22:53:40,567] {spark_submit.py:488} INFO - }, {
[2022-04-05 22:53:40,567] {spark_submit.py:488} INFO - "name" : "comment_count",
[2022-04-05 22:53:40,567] {spark_submit.py:488} INFO - "type" : "integer",
[2022-04-05 22:53:40,567] {spark_submit.py:488} INFO - "nullable" : true,
[2022-04-05 22:53:40,567] {spark_submit.py:488} INFO - "metadata" : { }
[2022-04-05 22:53:40,567] {spark_submit.py:488} INFO - }, {
[2022-04-05 22:53:40,567] {spark_submit.py:488} INFO - "name" : "community_owned_date",
[2022-04-05 22:53:40,567] {spark_submit.py:488} INFO - "type" : "timestamp",
[2022-04-05 22:53:40,567] {spark_submit.py:488} INFO - "nullable" : true,
[2022-04-05 22:53:40,568] {spark_submit.py:488} INFO - "metadata" : { }
[2022-04-05 22:53:40,568] {spark_submit.py:488} INFO - }, {
[2022-04-05 22:53:40,568] {spark_submit.py:488} INFO - "name" : "creation_date",
[2022-04-05 22:53:40,568] {spark_submit.py:488} INFO - "type" : "timestamp",
[2022-04-05 22:53:40,568] {spark_submit.py:488} INFO - "nullable" : true,
[2022-04-05 22:53:40,568] {spark_submit.py:488} INFO - "metadata" : { }
[2022-04-05 22:53:40,568] {spark_submit.py:488} INFO - }, {
[2022-04-05 22:53:40,568] {spark_submit.py:488} INFO - "name" : "favorite_count",
[2022-04-05 22:53:40,589] {spark_submit.py:488} INFO - "type" : "integer",
[2022-04-05 22:53:40,589] {spark_submit.py:488} INFO - "nullable" : true,
[2022-04-05 22:53:40,589] {spark_submit.py:488} INFO - "metadata" : { }
[2022-04-05 22:53:40,589] {spark_submit.py:488} INFO - }, {
[2022-04-05 22:53:40,590] {spark_submit.py:488} INFO - "name" : "last_activity_date",
[2022-04-05 22:53:40,590] {spark_submit.py:488} INFO - "type" : "timestamp",
[2022-04-05 22:53:40,590] {spark_submit.py:488} INFO - "nullable" : true,
[2022-04-05 22:53:40,590] {spark_submit.py:488} INFO - "metadata" : { }
[2022-04-05 22:53:40,590] {spark_submit.py:488} INFO - }, {
[2022-04-05 22:53:40,624] {spark_submit.py:488} INFO - "name" : "last_edit_date",
[2022-04-05 22:53:40,624] {spark_submit.py:488} INFO - "type" : "timestamp",
[2022-04-05 22:53:40,624] {spark_submit.py:488} INFO - "nullable" : true,
[2022-04-05 22:53:40,624] {spark_submit.py:488} INFO - "metadata" : { }
[2022-04-05 22:53:40,624] {spark_submit.py:488} INFO - }, {
[2022-04-05 22:53:40,624] {spark_submit.py:488} INFO - "name" : "last_editor_display_name",
[2022-04-05 22:53:40,624] {spark_submit.py:488} INFO - "type" : "string",
[2022-04-05 22:53:40,625] {spark_submit.py:488} INFO - "nullable" : true,
[2022-04-05 22:53:40,625] {spark_submit.py:488} INFO - "metadata" : { }
[2022-04-05 22:53:40,625] {spark_submit.py:488} INFO - }, {
[2022-04-05 22:53:40,625] {spark_submit.py:488} INFO - "name" : "last_editor_user_id",
[2022-04-05 22:53:40,625] {spark_submit.py:488} INFO - "type" : "integer",
[2022-04-05 22:53:40,625] {spark_submit.py:488} INFO - "nullable" : true,
[2022-04-05 22:53:40,625] {spark_submit.py:488} INFO - "metadata" : { }
[2022-04-05 22:53:40,625] {spark_submit.py:488} INFO - }, {
[2022-04-05 22:53:40,625] {spark_submit.py:488} INFO - "name" : "owner_display_name",
[2022-04-05 22:53:40,625] {spark_submit.py:488} INFO - "type" : "string",
[2022-04-05 22:53:40,625] {spark_submit.py:488} INFO - "nullable" : true,
[2022-04-05 22:53:40,625] {spark_submit.py:488} INFO - "metadata" : { }
[2022-04-05 22:53:40,625] {spark_submit.py:488} INFO - }, {
[2022-04-05 22:53:40,625] {spark_submit.py:488} INFO - "name" : "owner_user_id",
[2022-04-05 22:53:40,626] {spark_submit.py:488} INFO - "type" : "integer",
[2022-04-05 22:53:40,626] {spark_submit.py:488} INFO - "nullable" : true,
[2022-04-05 22:53:40,626] {spark_submit.py:488} INFO - "metadata" : { }
[2022-04-05 22:53:40,626] {spark_submit.py:488} INFO - }, {
[2022-04-05 22:53:40,626] {spark_submit.py:488} INFO - "name" : "parent_id",
[2022-04-05 22:53:40,626] {spark_submit.py:488} INFO - "type" : "integer",
[2022-04-05 22:53:40,626] {spark_submit.py:488} INFO - "nullable" : true,
[2022-04-05 22:53:40,626] {spark_submit.py:488} INFO - "metadata" : { }
[2022-04-05 22:53:40,626] {spark_submit.py:488} INFO - }, {
[2022-04-05 22:53:40,626] {spark_submit.py:488} INFO - "name" : "post_type_id",
[2022-04-05 22:53:40,626] {spark_submit.py:488} INFO - "type" : "integer",
[2022-04-05 22:53:40,626] {spark_submit.py:488} INFO - "nullable" : true,
[2022-04-05 22:53:40,626] {spark_submit.py:488} INFO - "metadata" : { }
[2022-04-05 22:53:40,626] {spark_submit.py:488} INFO - }, {
[2022-04-05 22:53:40,627] {spark_submit.py:488} INFO - "name" : "score",
[2022-04-05 22:53:40,627] {spark_submit.py:488} INFO - "type" : "integer",
[2022-04-05 22:53:40,627] {spark_submit.py:488} INFO - "nullable" : true,
[2022-04-05 22:53:40,627] {spark_submit.py:488} INFO - "metadata" : { }
[2022-04-05 22:53:40,627] {spark_submit.py:488} INFO - }, {
[2022-04-05 22:53:40,627] {spark_submit.py:488} INFO - "name" : "tags",
[2022-04-05 22:53:40,627] {spark_submit.py:488} INFO - "type" : "string",
[2022-04-05 22:53:40,627] {spark_submit.py:488} INFO - "nullable" : true,
[2022-04-05 22:53:40,627] {spark_submit.py:488} INFO - "metadata" : { }
[2022-04-05 22:53:40,627] {spark_submit.py:488} INFO - }, {
[2022-04-05 22:53:40,627] {spark_submit.py:488} INFO - "name" : "view_count",
[2022-04-05 22:53:40,627] {spark_submit.py:488} INFO - "type" : "integer",
[2022-04-05 22:53:40,703] {spark_submit.py:488} INFO - "nullable" : true,
[2022-04-05 22:53:40,703] {spark_submit.py:488} INFO - "metadata" : { }
[2022-04-05 22:53:40,703] {spark_submit.py:488} INFO - }, {
[2022-04-05 22:53:40,707] {spark_submit.py:488} INFO - "name" : "group_by_date",
[2022-04-05 22:53:40,707] {spark_submit.py:488} INFO - "type" : "timestamp",
[2022-04-05 22:53:40,708] {spark_submit.py:488} INFO - "nullable" : true,
[2022-04-05 22:53:40,708] {spark_submit.py:488} INFO - "metadata" : { }
[2022-04-05 22:53:40,708] {spark_submit.py:488} INFO - } ]
[2022-04-05 22:53:40,708] {spark_submit.py:488} INFO - }
[2022-04-05 22:53:40,708] {spark_submit.py:488} INFO - and corresponding Parquet message type:
[2022-04-05 22:53:40,708] {spark_submit.py:488} INFO - message spark_schema {
[2022-04-05 22:53:40,708] {spark_submit.py:488} INFO - optional int32 id;
[2022-04-05 22:53:40,708] {spark_submit.py:488} INFO - optional binary title (STRING);
[2022-04-05 22:53:40,708] {spark_submit.py:488} INFO - optional binary body (STRING);
[2022-04-05 22:53:40,708] {spark_submit.py:488} INFO - optional int32 accepted_answer_id;
[2022-04-05 22:53:40,709] {spark_submit.py:488} INFO - optional int32 answer_count;
[2022-04-05 22:53:40,709] {spark_submit.py:488} INFO - optional int32 comment_count;
[2022-04-05 22:53:40,709] {spark_submit.py:488} INFO - optional int96 community_owned_date;
[2022-04-05 22:53:40,709] {spark_submit.py:488} INFO - optional int96 creation_date;
[2022-04-05 22:53:40,709] {spark_submit.py:488} INFO - optional int32 favorite_count;
[2022-04-05 22:53:40,709] {spark_submit.py:488} INFO - optional int96 last_activity_date;
[2022-04-05 22:53:40,709] {spark_submit.py:488} INFO - optional int96 last_edit_date;
[2022-04-05 22:53:40,709] {spark_submit.py:488} INFO - optional binary last_editor_display_name (STRING);
[2022-04-05 22:53:40,709] {spark_submit.py:488} INFO - optional int32 last_editor_user_id;
[2022-04-05 22:53:40,709] {spark_submit.py:488} INFO - optional binary owner_display_name (STRING);
[2022-04-05 22:53:40,709] {spark_submit.py:488} INFO - optional int32 owner_user_id;
[2022-04-05 22:53:40,709] {spark_submit.py:488} INFO - optional int32 parent_id;
[2022-04-05 22:53:40,710] {spark_submit.py:488} INFO - optional int32 post_type_id;
[2022-04-05 22:53:40,710] {spark_submit.py:488} INFO - optional int32 score;
[2022-04-05 22:53:40,710] {spark_submit.py:488} INFO - optional binary tags (STRING);
[2022-04-05 22:53:40,710] {spark_submit.py:488} INFO - optional int32 view_count;
[2022-04-05 22:53:40,710] {spark_submit.py:488} INFO - optional int96 group_by_date;
[2022-04-05 22:53:40,710] {spark_submit.py:488} INFO - }
[2022-04-05 22:53:40,710] {spark_submit.py:488} INFO - 
[2022-04-05 22:53:40,710] {spark_submit.py:488} INFO - 
[2022-04-05 22:53:41,597] {spark_submit.py:488} INFO - 22/04/05 22:53:41 INFO CodecPool: Got brand-new compressor [.snappy]
[2022-04-05 22:53:41,655] {spark_submit.py:488} INFO - 22/04/05 22:53:41 INFO CodecPool: Got brand-new compressor [.snappy]
[2022-04-05 22:53:41,655] {spark_submit.py:488} INFO - 22/04/05 22:53:41 INFO CodecPool: Got brand-new compressor [.snappy]
[2022-04-05 22:53:41,660] {spark_submit.py:488} INFO - 22/04/05 22:53:41 INFO CodecPool: Got brand-new compressor [.snappy]
[2022-04-05 22:53:52,024] {spark_submit.py:488} INFO - 22/04/05 22:53:52 INFO GoogleCloudStorageImpl: Ignoring exception of type GoogleJsonResponseException; verified object already exists with desired state.
[2022-04-05 22:53:52,025] {spark_submit.py:488} INFO - 22/04/05 22:53:52 INFO GoogleCloudStorageFileSystem: Successfully repaired 'gs://dtc_data_lake_de-stack-overflow/BigQuery/posts_questions-2009-08/_temporary/0/_temporary/' directory.
[2022-04-05 22:53:52,025] {spark_submit.py:488} INFO - 22/04/05 22:53:52 INFO FileOutputCommitter: Saved output of task 'attempt_202204052253374170068307097570379_0003_m_000003_8' to gs://dtc_data_lake_de-stack-overflow/BigQuery/posts_questions-2009-08/_temporary/0/task_202204052253374170068307097570379_0003_m_000003
[2022-04-05 22:53:52,032] {spark_submit.py:488} INFO - 22/04/05 22:53:52 INFO GoogleCloudStorageImpl: Ignoring exception of type GoogleJsonResponseException; verified object already exists with desired state.
[2022-04-05 22:53:52,034] {spark_submit.py:488} INFO - 22/04/05 22:53:52 INFO SparkHadoopMapRedUtil: attempt_202204052253374170068307097570379_0003_m_000003_8: Committed
[2022-04-05 22:53:52,039] {spark_submit.py:488} INFO - 22/04/05 22:53:52 INFO GoogleCloudStorageFileSystem: Successfully repaired 'gs://dtc_data_lake_de-stack-overflow/BigQuery/posts_questions-2009-08/_temporary/0/_temporary/' directory.
[2022-04-05 22:53:52,039] {spark_submit.py:488} INFO - 22/04/05 22:53:52 INFO FileOutputCommitter: Saved output of task 'attempt_202204052253371588896837467908999_0003_m_000002_7' to gs://dtc_data_lake_de-stack-overflow/BigQuery/posts_questions-2009-08/_temporary/0/task_202204052253371588896837467908999_0003_m_000002
[2022-04-05 22:53:52,055] {spark_submit.py:488} INFO - 22/04/05 22:53:52 INFO GoogleCloudStorageFileSystem: Successfully repaired 'gs://dtc_data_lake_de-stack-overflow/BigQuery/posts_questions-2009-08/_temporary/0/_temporary/' directory.
[2022-04-05 22:53:52,055] {spark_submit.py:488} INFO - 22/04/05 22:53:52 INFO FileOutputCommitter: Saved output of task 'attempt_202204052253372668127237886772265_0003_m_000000_5' to gs://dtc_data_lake_de-stack-overflow/BigQuery/posts_questions-2009-08/_temporary/0/task_202204052253372668127237886772265_0003_m_000000
[2022-04-05 22:53:52,055] {spark_submit.py:488} INFO - 22/04/05 22:53:52 INFO SparkHadoopMapRedUtil: attempt_202204052253372668127237886772265_0003_m_000000_5: Committed
[2022-04-05 22:53:52,056] {spark_submit.py:488} INFO - 22/04/05 22:53:52 INFO SparkHadoopMapRedUtil: attempt_202204052253371588896837467908999_0003_m_000002_7: Committed
[2022-04-05 22:53:52,056] {spark_submit.py:488} INFO - 22/04/05 22:53:52 INFO GoogleCloudStorageImpl: Ignoring exception of type GoogleJsonResponseException; verified object already exists with desired state.
[2022-04-05 22:53:52,057] {spark_submit.py:488} INFO - 22/04/05 22:53:52 INFO GoogleCloudStorageFileSystem: Successfully repaired 'gs://dtc_data_lake_de-stack-overflow/BigQuery/posts_questions-2009-08/_temporary/0/_temporary/' directory.
[2022-04-05 22:53:52,057] {spark_submit.py:488} INFO - 22/04/05 22:53:52 INFO FileOutputCommitter: Saved output of task 'attempt_202204052253377805579850218221151_0003_m_000001_6' to gs://dtc_data_lake_de-stack-overflow/BigQuery/posts_questions-2009-08/_temporary/0/task_202204052253377805579850218221151_0003_m_000001
[2022-04-05 22:53:52,057] {spark_submit.py:488} INFO - 22/04/05 22:53:52 INFO SparkHadoopMapRedUtil: attempt_202204052253377805579850218221151_0003_m_000001_6: Committed
[2022-04-05 22:53:52,073] {spark_submit.py:488} INFO - 22/04/05 22:53:52 INFO Executor: Finished task 2.0 in stage 3.0 (TID 7). 3526 bytes result sent to driver
[2022-04-05 22:53:52,074] {spark_submit.py:488} INFO - 22/04/05 22:53:52 INFO Executor: Finished task 0.0 in stage 3.0 (TID 5). 3526 bytes result sent to driver
[2022-04-05 22:53:52,101] {spark_submit.py:488} INFO - 22/04/05 22:53:52 INFO Executor: Finished task 1.0 in stage 3.0 (TID 6). 3526 bytes result sent to driver
[2022-04-05 22:53:52,103] {spark_submit.py:488} INFO - 22/04/05 22:53:52 INFO TaskSetManager: Finished task 2.0 in stage 3.0 (TID 7) in 13435 ms on 9fe4286b2855 (executor driver) (1/4)
[2022-04-05 22:53:52,104] {spark_submit.py:488} INFO - 22/04/05 22:53:52 INFO TaskSetManager: Finished task 1.0 in stage 3.0 (TID 6) in 13438 ms on 9fe4286b2855 (executor driver) (2/4)
[2022-04-05 22:53:52,104] {spark_submit.py:488} INFO - 22/04/05 22:53:52 INFO Executor: Finished task 3.0 in stage 3.0 (TID 8). 3483 bytes result sent to driver
[2022-04-05 22:53:52,105] {spark_submit.py:488} INFO - 22/04/05 22:53:52 INFO TaskSetManager: Finished task 0.0 in stage 3.0 (TID 5) in 13443 ms on 9fe4286b2855 (executor driver) (3/4)
[2022-04-05 22:53:52,106] {spark_submit.py:488} INFO - 22/04/05 22:53:52 INFO TaskSetManager: Finished task 3.0 in stage 3.0 (TID 8) in 13438 ms on 9fe4286b2855 (executor driver) (4/4)
[2022-04-05 22:53:52,106] {spark_submit.py:488} INFO - 22/04/05 22:53:52 INFO TaskSchedulerImpl: Removed TaskSet 3.0, whose tasks have all completed, from pool
[2022-04-05 22:53:52,108] {spark_submit.py:488} INFO - 22/04/05 22:53:52 INFO DAGScheduler: ResultStage 3 (save at NativeMethodAccessorImpl.java:0) finished in 14.115 s
[2022-04-05 22:53:52,109] {spark_submit.py:488} INFO - 22/04/05 22:53:52 INFO DAGScheduler: Job 2 is finished. Cancelling potential speculative or zombie tasks for this job
[2022-04-05 22:53:52,109] {spark_submit.py:488} INFO - 22/04/05 22:53:52 INFO TaskSchedulerImpl: Killing all running tasks in stage 3: Stage finished
[2022-04-05 22:53:52,110] {spark_submit.py:488} INFO - 22/04/05 22:53:52 INFO DAGScheduler: Job 2 finished: save at NativeMethodAccessorImpl.java:0, took 14.211260 s
[2022-04-05 22:53:52,132] {spark_submit.py:488} INFO - 22/04/05 22:53:52 INFO FileFormatWriter: Start to commit write Job 032f46b8-f6a8-4d5b-8f1d-ccf59d56ae48.
[2022-04-05 22:53:52,496] {spark_submit.py:488} INFO - 22/04/05 22:53:52 INFO GoogleCloudStorageFileSystem: Successfully repaired 'gs://dtc_data_lake_de-stack-overflow/BigQuery/posts_questions-2009-08/_temporary/0/task_202204052253371588896837467908999_0003_m_000002/' directory.
[2022-04-05 22:53:52,887] {spark_submit.py:488} INFO - 22/04/05 22:53:52 INFO GoogleCloudStorageFileSystem: Successfully repaired 'gs://dtc_data_lake_de-stack-overflow/BigQuery/posts_questions-2009-08/_temporary/0/task_202204052253372668127237886772265_0003_m_000000/' directory.
[2022-04-05 22:53:53,279] {spark_submit.py:488} INFO - 22/04/05 22:53:53 INFO GoogleCloudStorageFileSystem: Successfully repaired 'gs://dtc_data_lake_de-stack-overflow/BigQuery/posts_questions-2009-08/_temporary/0/task_202204052253374170068307097570379_0003_m_000003/' directory.
[2022-04-05 22:53:53,737] {spark_submit.py:488} INFO - 22/04/05 22:53:53 INFO GoogleCloudStorageFileSystem: Successfully repaired 'gs://dtc_data_lake_de-stack-overflow/BigQuery/posts_questions-2009-08/_temporary/0/task_202204052253377805579850218221151_0003_m_000001/' directory.
[2022-04-05 22:53:54,017] {spark_submit.py:488} INFO - 22/04/05 22:53:54 INFO GoogleCloudStorageFileSystem: Successfully repaired 'gs://dtc_data_lake_de-stack-overflow/BigQuery/posts_questions-2009-08/' directory.
[2022-04-05 22:53:54,841] {spark_submit.py:488} INFO - 22/04/05 22:53:54 INFO FileFormatWriter: Write Job 032f46b8-f6a8-4d5b-8f1d-ccf59d56ae48 committed. Elapsed time: 2710 ms.
[2022-04-05 22:53:54,877] {spark_submit.py:488} INFO - 22/04/05 22:53:54 INFO FileFormatWriter: Finished processing stats for write job 032f46b8-f6a8-4d5b-8f1d-ccf59d56ae48.
[2022-04-05 22:53:55,497] {spark_submit.py:488} INFO - 22/04/05 22:53:55 INFO BlockManagerInfo: Removed broadcast_3_piece0 on 9fe4286b2855:46443 in memory (size: 73.0 KiB, free: 434.4 MiB)
[2022-04-05 22:53:55,690] {spark_submit.py:488} INFO - 22/04/05 22:53:55 INFO SparkContext: Invoking stop() from shutdown hook
[2022-04-05 22:53:55,888] {spark_submit.py:488} INFO - 22/04/05 22:53:55 INFO SparkUI: Stopped Spark web UI at http://9fe4286b2855:4049
[2022-04-05 22:53:56,049] {spark_submit.py:488} INFO - 22/04/05 22:53:56 INFO MapOutputTrackerMasterEndpoint: MapOutputTrackerMasterEndpoint stopped!
[2022-04-05 22:53:56,340] {spark_submit.py:488} INFO - 22/04/05 22:53:56 INFO MemoryStore: MemoryStore cleared
[2022-04-05 22:53:56,341] {spark_submit.py:488} INFO - 22/04/05 22:53:56 INFO BlockManager: BlockManager stopped
[2022-04-05 22:53:56,348] {spark_submit.py:488} INFO - 22/04/05 22:53:56 INFO BlockManagerMaster: BlockManagerMaster stopped
[2022-04-05 22:53:56,354] {spark_submit.py:488} INFO - 22/04/05 22:53:56 INFO OutputCommitCoordinator$OutputCommitCoordinatorEndpoint: OutputCommitCoordinator stopped!
[2022-04-05 22:53:56,649] {spark_submit.py:488} INFO - 22/04/05 22:53:56 INFO SparkContext: Successfully stopped SparkContext
[2022-04-05 22:53:56,652] {spark_submit.py:488} INFO - 22/04/05 22:53:56 INFO ShutdownHookManager: Shutdown hook called
[2022-04-05 22:53:56,652] {spark_submit.py:488} INFO - 22/04/05 22:53:56 INFO ShutdownHookManager: Deleting directory /tmp/spark-ead3c1d0-c7dc-40c7-84d0-3071ee88da4d
[2022-04-05 22:53:56,723] {spark_submit.py:488} INFO - 22/04/05 22:53:56 INFO ShutdownHookManager: Deleting directory /tmp/spark-efe0ed7e-e3af-4a5b-aa51-7ee37aee4bcd
[2022-04-05 22:53:56,740] {spark_submit.py:488} INFO - 22/04/05 22:53:56 INFO ShutdownHookManager: Deleting directory /tmp/spark-efe0ed7e-e3af-4a5b-aa51-7ee37aee4bcd/pyspark-afcdd32b-110e-4910-b5c4-f6e4465b3791
[2022-04-05 22:53:58,279] {taskinstance.py:1288} INFO - Marking task as SUCCESS. dag_id=IngestToGCP, task_id=processing_tasks_posts_questions.spark_job, execution_date=20090801T000000, start_date=20220405T224928, end_date=20220405T225358
[2022-04-05 22:53:58,673] {local_task_job.py:154} INFO - Task exited with return code 0
[2022-04-05 22:53:58,902] {local_task_job.py:264} INFO - 1 downstream tasks scheduled from follow-on schedule check
