[2022-04-06 03:16:22,780] {taskinstance.py:1043} INFO - Dependencies all met for <TaskInstance: IngestToGCP.processing_tasks_posts_questions.spark_job scheduled__2019-11-01T00:00:00+00:00 [queued]>
[2022-04-06 03:16:22,976] {taskinstance.py:1043} INFO - Dependencies all met for <TaskInstance: IngestToGCP.processing_tasks_posts_questions.spark_job scheduled__2019-11-01T00:00:00+00:00 [queued]>
[2022-04-06 03:16:22,976] {taskinstance.py:1249} INFO - 
--------------------------------------------------------------------------------
[2022-04-06 03:16:22,976] {taskinstance.py:1250} INFO - Starting attempt 1 of 1
[2022-04-06 03:16:22,976] {taskinstance.py:1251} INFO - 
--------------------------------------------------------------------------------
[2022-04-06 03:16:23,142] {taskinstance.py:1270} INFO - Executing <Task(SparkSubmitOperator): processing_tasks_posts_questions.spark_job> on 2019-11-01 00:00:00+00:00
[2022-04-06 03:16:23,233] {standard_task_runner.py:52} INFO - Started process 207469 to run task
[2022-04-06 03:16:23,257] {standard_task_runner.py:79} INFO - Running: ['***', 'tasks', 'run', 'IngestToGCP', 'processing_tasks_posts_questions.spark_job', 'scheduled__2019-11-01T00:00:00+00:00', '--job-id', '11642', '--raw', '--subdir', 'DAGS_FOLDER/ingest_dag.py', '--cfg-path', '/tmp/tmpeh5nkhx3', '--error-file', '/tmp/tmp78n4vv8a']
[2022-04-06 03:16:23,259] {standard_task_runner.py:80} INFO - Job 11642: Subtask processing_tasks_posts_questions.spark_job
[2022-04-06 03:16:23,934] {logging_mixin.py:109} INFO - Running <TaskInstance: IngestToGCP.processing_tasks_posts_questions.spark_job scheduled__2019-11-01T00:00:00+00:00 [running]> on host 9fe4286b2855
[2022-04-06 03:16:24,575] {logging_mixin.py:109} WARNING - /home/***/.local/lib/python3.7/site-packages/***/utils/context.py:156 AirflowContextDeprecationWarning: Accessing 'execution_date' from the template is deprecated and will be removed in a future version. Please use 'data_interval_start' or 'logical_date' instead.
[2022-04-06 03:16:24,740] {taskinstance.py:1448} INFO - Exporting the following env vars:
AIRFLOW_CTX_DAG_OWNER=***
AIRFLOW_CTX_DAG_ID=IngestToGCP
AIRFLOW_CTX_TASK_ID=processing_tasks_posts_questions.spark_job
AIRFLOW_CTX_EXECUTION_DATE=2019-11-01T00:00:00+00:00
AIRFLOW_CTX_DAG_RUN_ID=scheduled__2019-11-01T00:00:00+00:00
[2022-04-06 03:16:24,779] {base.py:79} INFO - Using connection to: id: spark_project. Host: spark://spark, Port: 7077, Schema: , Login: , Password: None, extra: {'queue': 'root.default'}
[2022-04-06 03:16:24,780] {spark_submit.py:335} INFO - Spark-Submit cmd: spark-submit --master spark://spark:7077 --conf spark.master=local[*] --name format_schema --verbose --queue root.default ./dags/pyspark_parquet_transformation.py posts_questions 2019-11
[2022-04-06 03:16:44,420] {spark_submit.py:488} INFO - Using properties file: null
[2022-04-06 03:16:45,646] {spark_submit.py:488} INFO - WARNING: An illegal reflective access operation has occurred
[2022-04-06 03:16:45,646] {spark_submit.py:488} INFO - WARNING: Illegal reflective access by org.apache.spark.unsafe.Platform (file:/opt/***/spark/spark-3.2.1-bin-hadoop3.2/jars/spark-unsafe_2.12-3.2.1.jar) to constructor java.nio.DirectByteBuffer(long,int)
[2022-04-06 03:16:45,646] {spark_submit.py:488} INFO - WARNING: Please consider reporting this to the maintainers of org.apache.spark.unsafe.Platform
[2022-04-06 03:16:45,647] {spark_submit.py:488} INFO - WARNING: Use --illegal-access=warn to enable warnings of further illegal reflective access operations
[2022-04-06 03:16:45,667] {spark_submit.py:488} INFO - WARNING: All illegal access operations will be denied in a future release
[2022-04-06 03:16:46,363] {spark_submit.py:488} INFO - Parsed arguments:
[2022-04-06 03:16:46,364] {spark_submit.py:488} INFO - master                  spark://spark:7077
[2022-04-06 03:16:46,364] {spark_submit.py:488} INFO - deployMode              null
[2022-04-06 03:16:46,364] {spark_submit.py:488} INFO - executorMemory          null
[2022-04-06 03:16:46,364] {spark_submit.py:488} INFO - executorCores           null
[2022-04-06 03:16:46,364] {spark_submit.py:488} INFO - totalExecutorCores      null
[2022-04-06 03:16:46,364] {spark_submit.py:488} INFO - propertiesFile          null
[2022-04-06 03:16:46,364] {spark_submit.py:488} INFO - driverMemory            null
[2022-04-06 03:16:46,364] {spark_submit.py:488} INFO - driverCores             null
[2022-04-06 03:16:46,364] {spark_submit.py:488} INFO - driverExtraClassPath    null
[2022-04-06 03:16:46,365] {spark_submit.py:488} INFO - driverExtraLibraryPath  null
[2022-04-06 03:16:46,365] {spark_submit.py:488} INFO - driverExtraJavaOptions  null
[2022-04-06 03:16:46,365] {spark_submit.py:488} INFO - supervise               false
[2022-04-06 03:16:46,365] {spark_submit.py:488} INFO - queue                   root.default
[2022-04-06 03:16:46,365] {spark_submit.py:488} INFO - numExecutors            null
[2022-04-06 03:16:46,365] {spark_submit.py:488} INFO - files                   null
[2022-04-06 03:16:46,365] {spark_submit.py:488} INFO - pyFiles                 null
[2022-04-06 03:16:46,365] {spark_submit.py:488} INFO - archives                null
[2022-04-06 03:16:46,365] {spark_submit.py:488} INFO - mainClass               null
[2022-04-06 03:16:46,365] {spark_submit.py:488} INFO - primaryResource         file:/opt/***/dags/pyspark_parquet_transformation.py
[2022-04-06 03:16:46,365] {spark_submit.py:488} INFO - name                    format_schema
[2022-04-06 03:16:46,365] {spark_submit.py:488} INFO - childArgs               [posts_questions 2019-11]
[2022-04-06 03:16:46,365] {spark_submit.py:488} INFO - jars                    null
[2022-04-06 03:16:46,365] {spark_submit.py:488} INFO - packages                null
[2022-04-06 03:16:46,365] {spark_submit.py:488} INFO - packagesExclusions      null
[2022-04-06 03:16:46,366] {spark_submit.py:488} INFO - repositories            null
[2022-04-06 03:16:46,366] {spark_submit.py:488} INFO - verbose                 true
[2022-04-06 03:16:46,366] {spark_submit.py:488} INFO - 
[2022-04-06 03:16:46,366] {spark_submit.py:488} INFO - Spark properties used, including those specified through
[2022-04-06 03:16:46,366] {spark_submit.py:488} INFO - --conf and those from the properties file null:
[2022-04-06 03:16:46,366] {spark_submit.py:488} INFO - (spark.master,local[*])
[2022-04-06 03:16:46,366] {spark_submit.py:488} INFO - 
[2022-04-06 03:16:46,366] {spark_submit.py:488} INFO - 
[2022-04-06 03:16:50,600] {spark_submit.py:488} INFO - Main class:
[2022-04-06 03:16:50,608] {spark_submit.py:488} INFO - org.apache.spark.deploy.PythonRunner
[2022-04-06 03:16:50,609] {spark_submit.py:488} INFO - Arguments:
[2022-04-06 03:16:50,609] {spark_submit.py:488} INFO - file:/opt/***/dags/pyspark_parquet_transformation.py
[2022-04-06 03:16:50,610] {spark_submit.py:488} INFO - null
[2022-04-06 03:16:50,610] {spark_submit.py:488} INFO - posts_questions
[2022-04-06 03:16:50,614] {spark_submit.py:488} INFO - 2019-11
[2022-04-06 03:16:50,630] {spark_submit.py:488} INFO - Spark config:
[2022-04-06 03:16:50,630] {spark_submit.py:488} INFO - (spark.master,spark://spark:7077)
[2022-04-06 03:16:50,630] {spark_submit.py:488} INFO - (spark.submit.pyFiles,)
[2022-04-06 03:16:50,631] {spark_submit.py:488} INFO - (spark.submit.deployMode,client)
[2022-04-06 03:16:50,631] {spark_submit.py:488} INFO - (spark.app.name,format_schema)
[2022-04-06 03:16:50,638] {spark_submit.py:488} INFO - Classpath elements:
[2022-04-06 03:16:50,640] {spark_submit.py:488} INFO - 
[2022-04-06 03:16:50,642] {spark_submit.py:488} INFO - 
[2022-04-06 03:16:50,656] {spark_submit.py:488} INFO - 
[2022-04-06 03:17:02,265] {spark_submit.py:488} INFO - Using Spark's default log4j profile: org/apache/spark/log4j-defaults.properties
[2022-04-06 03:17:02,403] {spark_submit.py:488} INFO - 22/04/06 03:17:02 INFO SparkContext: Running Spark version 3.2.1
[2022-04-06 03:17:03,864] {spark_submit.py:488} INFO - 22/04/06 03:17:03 WARN NativeCodeLoader: Unable to load native-hadoop library for your platform... using builtin-java classes where applicable
[2022-04-06 03:17:05,966] {spark_submit.py:488} INFO - 22/04/06 03:17:05 INFO ResourceUtils: ==============================================================
[2022-04-06 03:17:05,968] {spark_submit.py:488} INFO - 22/04/06 03:17:05 INFO ResourceUtils: No custom resources configured for spark.driver.
[2022-04-06 03:17:05,968] {spark_submit.py:488} INFO - 22/04/06 03:17:05 INFO ResourceUtils: ==============================================================
[2022-04-06 03:17:05,969] {spark_submit.py:488} INFO - 22/04/06 03:17:05 INFO SparkContext: Submitted application: Modidy Schema
[2022-04-06 03:17:06,592] {spark_submit.py:488} INFO - 22/04/06 03:17:06 INFO ResourceProfile: Default ResourceProfile created, executor resources: Map(cores -> name: cores, amount: 1, script: , vendor: , memory -> name: memory, amount: 1024, script: , vendor: , offHeap -> name: offHeap, amount: 0, script: , vendor: ), task resources: Map(cpus -> name: cpus, amount: 1.0)
[2022-04-06 03:17:06,850] {spark_submit.py:488} INFO - 22/04/06 03:17:06 INFO ResourceProfile: Limiting resource is cpu
[2022-04-06 03:17:06,860] {spark_submit.py:488} INFO - 22/04/06 03:17:06 INFO ResourceProfileManager: Added ResourceProfile id: 0
[2022-04-06 03:17:08,528] {spark_submit.py:488} INFO - 22/04/06 03:17:08 INFO SecurityManager: Changing view acls to: default
[2022-04-06 03:17:08,552] {spark_submit.py:488} INFO - 22/04/06 03:17:08 INFO SecurityManager: Changing modify acls to: default
[2022-04-06 03:17:08,554] {spark_submit.py:488} INFO - 22/04/06 03:17:08 INFO SecurityManager: Changing view acls groups to:
[2022-04-06 03:17:08,555] {spark_submit.py:488} INFO - 22/04/06 03:17:08 INFO SecurityManager: Changing modify acls groups to:
[2022-04-06 03:17:08,587] {spark_submit.py:488} INFO - 22/04/06 03:17:08 INFO SecurityManager: SecurityManager: authentication disabled; ui acls disabled; users  with view permissions: Set(default); groups with view permissions: Set(); users  with modify permissions: Set(default); groups with modify permissions: Set()
[2022-04-06 03:17:14,196] {spark_submit.py:488} INFO - 22/04/06 03:17:14 INFO Utils: Successfully started service 'sparkDriver' on port 38805.
[2022-04-06 03:17:14,548] {spark_submit.py:488} INFO - 22/04/06 03:17:14 INFO SparkEnv: Registering MapOutputTracker
[2022-04-06 03:17:14,957] {spark_submit.py:488} INFO - 22/04/06 03:17:14 INFO SparkEnv: Registering BlockManagerMaster
[2022-04-06 03:17:15,413] {spark_submit.py:488} INFO - 22/04/06 03:17:15 INFO BlockManagerMasterEndpoint: Using org.apache.spark.storage.DefaultTopologyMapper for getting topology information
[2022-04-06 03:17:15,414] {spark_submit.py:488} INFO - 22/04/06 03:17:15 INFO BlockManagerMasterEndpoint: BlockManagerMasterEndpoint up
[2022-04-06 03:17:15,506] {spark_submit.py:488} INFO - 22/04/06 03:17:15 INFO SparkEnv: Registering BlockManagerMasterHeartbeat
[2022-04-06 03:17:15,877] {spark_submit.py:488} INFO - 22/04/06 03:17:15 INFO DiskBlockManager: Created local directory at /tmp/blockmgr-8f6d76ae-8c79-47d1-a86c-85b4bd447bcf
[2022-04-06 03:17:16,293] {spark_submit.py:488} INFO - 22/04/06 03:17:16 INFO MemoryStore: MemoryStore started with capacity 434.4 MiB
[2022-04-06 03:17:16,536] {spark_submit.py:488} INFO - 22/04/06 03:17:16 INFO SparkEnv: Registering OutputCommitCoordinator
[2022-04-06 03:17:20,217] {spark_submit.py:488} INFO - 22/04/06 03:17:20 WARN Utils: Service 'SparkUI' could not bind on port 4040. Attempting port 4041.
[2022-04-06 03:17:20,218] {spark_submit.py:488} INFO - 22/04/06 03:17:20 WARN Utils: Service 'SparkUI' could not bind on port 4041. Attempting port 4042.
[2022-04-06 03:17:20,218] {spark_submit.py:488} INFO - 22/04/06 03:17:20 WARN Utils: Service 'SparkUI' could not bind on port 4042. Attempting port 4043.
[2022-04-06 03:17:20,219] {spark_submit.py:488} INFO - 22/04/06 03:17:20 WARN Utils: Service 'SparkUI' could not bind on port 4043. Attempting port 4044.
[2022-04-06 03:17:20,219] {spark_submit.py:488} INFO - 22/04/06 03:17:20 WARN Utils: Service 'SparkUI' could not bind on port 4044. Attempting port 4045.
[2022-04-06 03:17:20,248] {spark_submit.py:488} INFO - 22/04/06 03:17:20 WARN Utils: Service 'SparkUI' could not bind on port 4045. Attempting port 4046.
[2022-04-06 03:17:20,262] {spark_submit.py:488} INFO - 22/04/06 03:17:20 WARN Utils: Service 'SparkUI' could not bind on port 4046. Attempting port 4047.
[2022-04-06 03:17:20,309] {spark_submit.py:488} INFO - 22/04/06 03:17:20 WARN Utils: Service 'SparkUI' could not bind on port 4047. Attempting port 4048.
[2022-04-06 03:17:20,309] {spark_submit.py:488} INFO - 22/04/06 03:17:20 WARN Utils: Service 'SparkUI' could not bind on port 4048. Attempting port 4049.
[2022-04-06 03:17:20,520] {spark_submit.py:488} INFO - 22/04/06 03:17:20 INFO Utils: Successfully started service 'SparkUI' on port 4049.
[2022-04-06 03:17:22,593] {spark_submit.py:488} INFO - 22/04/06 03:17:22 INFO SparkUI: Bound SparkUI to 0.0.0.0, and started at http://9fe4286b2855:4049
[2022-04-06 03:17:26,035] {spark_submit.py:488} INFO - 22/04/06 03:17:26 INFO Executor: Starting executor ID driver on host 9fe4286b2855
[2022-04-06 03:17:26,349] {spark_submit.py:488} INFO - 22/04/06 03:17:26 INFO Utils: Successfully started service 'org.apache.spark.network.netty.NettyBlockTransferService' on port 34789.
[2022-04-06 03:17:26,349] {spark_submit.py:488} INFO - 22/04/06 03:17:26 INFO NettyBlockTransferService: Server created on 9fe4286b2855:34789
[2022-04-06 03:17:26,371] {spark_submit.py:488} INFO - 22/04/06 03:17:26 INFO BlockManager: Using org.apache.spark.storage.RandomBlockReplicationPolicy for block replication policy
[2022-04-06 03:17:26,460] {spark_submit.py:488} INFO - 22/04/06 03:17:26 INFO BlockManagerMaster: Registering BlockManager BlockManagerId(driver, 9fe4286b2855, 34789, None)
[2022-04-06 03:17:26,479] {spark_submit.py:488} INFO - 22/04/06 03:17:26 INFO BlockManagerMasterEndpoint: Registering block manager 9fe4286b2855:34789 with 434.4 MiB RAM, BlockManagerId(driver, 9fe4286b2855, 34789, None)
[2022-04-06 03:17:26,493] {spark_submit.py:488} INFO - 22/04/06 03:17:26 INFO BlockManagerMaster: Registered BlockManager BlockManagerId(driver, 9fe4286b2855, 34789, None)
[2022-04-06 03:17:26,511] {spark_submit.py:488} INFO - 22/04/06 03:17:26 INFO BlockManager: Initialized BlockManager: BlockManagerId(driver, 9fe4286b2855, 34789, None)
[2022-04-06 03:17:40,904] {spark_submit.py:488} INFO - 22/04/06 03:17:40 INFO SharedState: Setting hive.metastore.warehouse.dir ('null') to the value of spark.sql.warehouse.dir.
[2022-04-06 03:17:41,781] {spark_submit.py:488} INFO - 22/04/06 03:17:41 INFO SharedState: Warehouse path is 'file:/opt/***/spark-warehouse'.
[2022-04-06 03:18:10,838] {spark_submit.py:488} INFO - 22/04/06 03:18:10 INFO InMemoryFileIndex: It took 984 ms to list leaf files for 1 paths.
[2022-04-06 03:18:19,452] {spark_submit.py:488} INFO - 22/04/06 03:18:19 INFO SparkContext: Starting job: parquet at NativeMethodAccessorImpl.java:0
[2022-04-06 03:18:19,606] {spark_submit.py:488} INFO - 22/04/06 03:18:19 INFO DAGScheduler: Got job 0 (parquet at NativeMethodAccessorImpl.java:0) with 1 output partitions
[2022-04-06 03:18:19,632] {spark_submit.py:488} INFO - 22/04/06 03:18:19 INFO DAGScheduler: Final stage: ResultStage 0 (parquet at NativeMethodAccessorImpl.java:0)
[2022-04-06 03:18:19,641] {spark_submit.py:488} INFO - 22/04/06 03:18:19 INFO DAGScheduler: Parents of final stage: List()
[2022-04-06 03:18:19,657] {spark_submit.py:488} INFO - 22/04/06 03:18:19 INFO DAGScheduler: Missing parents: List()
[2022-04-06 03:18:19,718] {spark_submit.py:488} INFO - 22/04/06 03:18:19 INFO DAGScheduler: Submitting ResultStage 0 (MapPartitionsRDD[1] at parquet at NativeMethodAccessorImpl.java:0), which has no missing parents
[2022-04-06 03:18:20,872] {spark_submit.py:488} INFO - 22/04/06 03:18:20 INFO MemoryStore: Block broadcast_0 stored as values in memory (estimated size 100.1 KiB, free 434.3 MiB)
[2022-04-06 03:18:21,303] {spark_submit.py:488} INFO - 22/04/06 03:18:21 INFO MemoryStore: Block broadcast_0_piece0 stored as bytes in memory (estimated size 35.8 KiB, free 434.3 MiB)
[2022-04-06 03:18:21,321] {spark_submit.py:488} INFO - 22/04/06 03:18:21 INFO BlockManagerInfo: Added broadcast_0_piece0 in memory on 9fe4286b2855:34789 (size: 35.8 KiB, free: 434.4 MiB)
[2022-04-06 03:18:21,342] {spark_submit.py:488} INFO - 22/04/06 03:18:21 INFO SparkContext: Created broadcast 0 from broadcast at DAGScheduler.scala:1478
[2022-04-06 03:18:21,627] {spark_submit.py:488} INFO - 22/04/06 03:18:21 INFO DAGScheduler: Submitting 1 missing tasks from ResultStage 0 (MapPartitionsRDD[1] at parquet at NativeMethodAccessorImpl.java:0) (first 15 tasks are for partitions Vector(0))
[2022-04-06 03:18:21,641] {spark_submit.py:488} INFO - 22/04/06 03:18:21 INFO TaskSchedulerImpl: Adding task set 0.0 with 1 tasks resource profile 0
[2022-04-06 03:18:22,366] {spark_submit.py:488} INFO - 22/04/06 03:18:22 INFO TaskSetManager: Starting task 0.0 in stage 0.0 (TID 0) (9fe4286b2855, executor driver, partition 0, PROCESS_LOCAL, 4624 bytes) taskResourceAssignments Map()
[2022-04-06 03:18:22,562] {spark_submit.py:488} INFO - 22/04/06 03:18:22 INFO Executor: Running task 0.0 in stage 0.0 (TID 0)
[2022-04-06 03:18:31,475] {spark_submit.py:488} INFO - 22/04/06 03:18:31 INFO Executor: Finished task 0.0 in stage 0.0 (TID 0). 2409 bytes result sent to driver
[2022-04-06 03:18:31,740] {spark_submit.py:488} INFO - 22/04/06 03:18:31 INFO TaskSetManager: Finished task 0.0 in stage 0.0 (TID 0) in 9657 ms on 9fe4286b2855 (executor driver) (1/1)
[2022-04-06 03:18:31,762] {spark_submit.py:488} INFO - 22/04/06 03:18:31 INFO DAGScheduler: ResultStage 0 (parquet at NativeMethodAccessorImpl.java:0) finished in 11.872 s
[2022-04-06 03:18:31,890] {spark_submit.py:488} INFO - 22/04/06 03:18:31 INFO DAGScheduler: Job 0 is finished. Cancelling potential speculative or zombie tasks for this job
[2022-04-06 03:18:31,969] {spark_submit.py:488} INFO - 22/04/06 03:18:31 INFO TaskSchedulerImpl: Removed TaskSet 0.0, whose tasks have all completed, from pool
[2022-04-06 03:18:31,973] {spark_submit.py:488} INFO - 22/04/06 03:18:31 INFO TaskSchedulerImpl: Killing all running tasks in stage 0: Stage finished
[2022-04-06 03:18:32,026] {spark_submit.py:488} INFO - 22/04/06 03:18:31 INFO DAGScheduler: Job 0 finished: parquet at NativeMethodAccessorImpl.java:0, took 12.524450 s
[2022-04-06 03:18:32,541] {spark_submit.py:488} INFO - 22/04/06 03:18:32 INFO BlockManagerInfo: Removed broadcast_0_piece0 on 9fe4286b2855:34789 in memory (size: 35.8 KiB, free: 434.4 MiB)
[2022-04-06 03:19:33,055] {spark_submit.py:488} INFO - 22/04/06 03:19:33 INFO FileSourceStrategy: Pushed Filters:
[2022-04-06 03:19:33,086] {spark_submit.py:488} INFO - 22/04/06 03:19:33 INFO FileSourceStrategy: Post-Scan Filters:
[2022-04-06 03:19:33,090] {spark_submit.py:488} INFO - 22/04/06 03:19:33 INFO FileSourceStrategy: Output Data Schema: struct<id: bigint, title: string, body: string, accepted_answer_id: double, answer_count: bigint ... 19 more fields>
[2022-04-06 03:19:35,843] {spark_submit.py:488} INFO - 22/04/06 03:19:35 INFO ParquetFileFormat: Using default output committer for Parquet: org.apache.parquet.hadoop.ParquetOutputCommitter
[2022-04-06 03:19:36,009] {spark_submit.py:488} INFO - 22/04/06 03:19:36 INFO FileOutputCommitter: File Output Committer Algorithm version is 1
[2022-04-06 03:19:36,009] {spark_submit.py:488} INFO - 22/04/06 03:19:36 INFO FileOutputCommitter: FileOutputCommitter skip cleanup _temporary folders under output directory:false, ignore cleanup failures: false
[2022-04-06 03:19:36,014] {spark_submit.py:488} INFO - 22/04/06 03:19:36 INFO SQLHadoopMapReduceCommitProtocol: Using user defined output committer class org.apache.parquet.hadoop.ParquetOutputCommitter
[2022-04-06 03:19:36,014] {spark_submit.py:488} INFO - 22/04/06 03:19:36 INFO FileOutputCommitter: File Output Committer Algorithm version is 1
[2022-04-06 03:19:36,014] {spark_submit.py:488} INFO - 22/04/06 03:19:36 INFO FileOutputCommitter: FileOutputCommitter skip cleanup _temporary folders under output directory:false, ignore cleanup failures: false
[2022-04-06 03:19:36,060] {spark_submit.py:488} INFO - 22/04/06 03:19:36 INFO SQLHadoopMapReduceCommitProtocol: Using output committer class org.apache.parquet.hadoop.ParquetOutputCommitter
[2022-04-06 03:19:43,325] {spark_submit.py:488} INFO - 22/04/06 03:19:43 INFO CodeGenerator: Code generated in 4146.320669 ms
[2022-04-06 03:19:43,707] {spark_submit.py:488} INFO - 22/04/06 03:19:43 INFO MemoryStore: Block broadcast_1 stored as values in memory (estimated size 194.3 KiB, free 434.2 MiB)
[2022-04-06 03:19:43,900] {spark_submit.py:488} INFO - 22/04/06 03:19:43 INFO MemoryStore: Block broadcast_1_piece0 stored as bytes in memory (estimated size 34.3 KiB, free 434.2 MiB)
[2022-04-06 03:19:43,907] {spark_submit.py:488} INFO - 22/04/06 03:19:43 INFO BlockManagerInfo: Added broadcast_1_piece0 in memory on 9fe4286b2855:34789 (size: 34.3 KiB, free: 434.4 MiB)
[2022-04-06 03:19:43,936] {spark_submit.py:488} INFO - 22/04/06 03:19:43 INFO SparkContext: Created broadcast 1 from save at NativeMethodAccessorImpl.java:0
[2022-04-06 03:19:44,106] {spark_submit.py:488} INFO - 22/04/06 03:19:44 INFO FileSourceScanExec: Planning scan with bin packing, max size: 35558205 bytes, open cost is considered as scanning 4194304 bytes.
[2022-04-06 03:19:45,146] {spark_submit.py:488} INFO - 22/04/06 03:19:45 INFO DAGScheduler: Registering RDD 6 (save at NativeMethodAccessorImpl.java:0) as input to shuffle 0
[2022-04-06 03:19:45,154] {spark_submit.py:488} INFO - 22/04/06 03:19:45 INFO DAGScheduler: Got map stage job 1 (save at NativeMethodAccessorImpl.java:0) with 4 output partitions
[2022-04-06 03:19:45,176] {spark_submit.py:488} INFO - 22/04/06 03:19:45 INFO DAGScheduler: Final stage: ShuffleMapStage 1 (save at NativeMethodAccessorImpl.java:0)
[2022-04-06 03:19:45,177] {spark_submit.py:488} INFO - 22/04/06 03:19:45 INFO DAGScheduler: Parents of final stage: List()
[2022-04-06 03:19:45,178] {spark_submit.py:488} INFO - 22/04/06 03:19:45 INFO DAGScheduler: Missing parents: List()
[2022-04-06 03:19:45,206] {spark_submit.py:488} INFO - 22/04/06 03:19:45 INFO DAGScheduler: Submitting ShuffleMapStage 1 (MapPartitionsRDD[6] at save at NativeMethodAccessorImpl.java:0), which has no missing parents
[2022-04-06 03:19:45,950] {spark_submit.py:488} INFO - 22/04/06 03:19:45 INFO MemoryStore: Block broadcast_2 stored as values in memory (estimated size 32.1 KiB, free 434.1 MiB)
[2022-04-06 03:19:46,004] {spark_submit.py:488} INFO - 22/04/06 03:19:46 INFO MemoryStore: Block broadcast_2_piece0 stored as bytes in memory (estimated size 10.5 KiB, free 434.1 MiB)
[2022-04-06 03:19:46,009] {spark_submit.py:488} INFO - 22/04/06 03:19:46 INFO BlockManagerInfo: Added broadcast_2_piece0 in memory on 9fe4286b2855:34789 (size: 10.5 KiB, free: 434.4 MiB)
[2022-04-06 03:19:46,024] {spark_submit.py:488} INFO - 22/04/06 03:19:46 INFO SparkContext: Created broadcast 2 from broadcast at DAGScheduler.scala:1478
[2022-04-06 03:19:46,069] {spark_submit.py:488} INFO - 22/04/06 03:19:46 INFO DAGScheduler: Submitting 4 missing tasks from ShuffleMapStage 1 (MapPartitionsRDD[6] at save at NativeMethodAccessorImpl.java:0) (first 15 tasks are for partitions Vector(0, 1, 2, 3))
[2022-04-06 03:19:46,070] {spark_submit.py:488} INFO - 22/04/06 03:19:46 INFO TaskSchedulerImpl: Adding task set 1.0 with 4 tasks resource profile 0
[2022-04-06 03:19:46,091] {spark_submit.py:488} INFO - 22/04/06 03:19:46 INFO TaskSetManager: Starting task 0.0 in stage 1.0 (TID 1) (9fe4286b2855, executor driver, partition 0, PROCESS_LOCAL, 4890 bytes) taskResourceAssignments Map()
[2022-04-06 03:19:46,092] {spark_submit.py:488} INFO - 22/04/06 03:19:46 INFO TaskSetManager: Starting task 1.0 in stage 1.0 (TID 2) (9fe4286b2855, executor driver, partition 1, PROCESS_LOCAL, 4890 bytes) taskResourceAssignments Map()
[2022-04-06 03:19:46,093] {spark_submit.py:488} INFO - 22/04/06 03:19:46 INFO TaskSetManager: Starting task 2.0 in stage 1.0 (TID 3) (9fe4286b2855, executor driver, partition 2, PROCESS_LOCAL, 4890 bytes) taskResourceAssignments Map()
[2022-04-06 03:19:46,094] {spark_submit.py:488} INFO - 22/04/06 03:19:46 INFO TaskSetManager: Starting task 3.0 in stage 1.0 (TID 4) (9fe4286b2855, executor driver, partition 3, PROCESS_LOCAL, 4890 bytes) taskResourceAssignments Map()
[2022-04-06 03:19:46,204] {spark_submit.py:488} INFO - 22/04/06 03:19:46 INFO Executor: Running task 0.0 in stage 1.0 (TID 1)
[2022-04-06 03:19:46,292] {spark_submit.py:488} INFO - 22/04/06 03:19:46 INFO Executor: Running task 1.0 in stage 1.0 (TID 2)
[2022-04-06 03:19:46,299] {spark_submit.py:488} INFO - 22/04/06 03:19:46 INFO Executor: Running task 2.0 in stage 1.0 (TID 3)
[2022-04-06 03:19:46,308] {spark_submit.py:488} INFO - 22/04/06 03:19:46 INFO Executor: Running task 3.0 in stage 1.0 (TID 4)
[2022-04-06 03:19:47,098] {spark_submit.py:488} INFO - 22/04/06 03:19:47 INFO FileScanRDD: Reading File path: gs://dtc_data_lake_de-stack-overflow/parquet/posts_questions-2019-11.parquet, range: 106674615-138038517, partition values: [empty row]
[2022-04-06 03:19:47,116] {spark_submit.py:488} INFO - 22/04/06 03:19:47 INFO FileScanRDD: Reading File path: gs://dtc_data_lake_de-stack-overflow/parquet/posts_questions-2019-11.parquet, range: 71116410-106674615, partition values: [empty row]
[2022-04-06 03:19:47,119] {spark_submit.py:488} INFO - 22/04/06 03:19:47 INFO FileScanRDD: Reading File path: gs://dtc_data_lake_de-stack-overflow/parquet/posts_questions-2019-11.parquet, range: 35558205-71116410, partition values: [empty row]
[2022-04-06 03:19:47,119] {spark_submit.py:488} INFO - 22/04/06 03:19:47 INFO FileScanRDD: Reading File path: gs://dtc_data_lake_de-stack-overflow/parquet/posts_questions-2019-11.parquet, range: 0-35558205, partition values: [empty row]
[2022-04-06 03:19:51,043] {spark_submit.py:488} INFO - 22/04/06 03:19:51 INFO Executor: Finished task 0.0 in stage 1.0 (TID 1). 1900 bytes result sent to driver
[2022-04-06 03:19:51,085] {spark_submit.py:488} INFO - 22/04/06 03:19:51 INFO Executor: Finished task 3.0 in stage 1.0 (TID 4). 1857 bytes result sent to driver
[2022-04-06 03:19:51,086] {spark_submit.py:488} INFO - 22/04/06 03:19:51 INFO Executor: Finished task 2.0 in stage 1.0 (TID 3). 1900 bytes result sent to driver
[2022-04-06 03:19:51,172] {spark_submit.py:488} INFO - 22/04/06 03:19:51 INFO TaskSetManager: Finished task 3.0 in stage 1.0 (TID 4) in 5078 ms on 9fe4286b2855 (executor driver) (1/4)
[2022-04-06 03:19:51,188] {spark_submit.py:488} INFO - 22/04/06 03:19:51 INFO TaskSetManager: Finished task 0.0 in stage 1.0 (TID 1) in 5104 ms on 9fe4286b2855 (executor driver) (2/4)
[2022-04-06 03:19:51,211] {spark_submit.py:488} INFO - 22/04/06 03:19:51 INFO TaskSetManager: Finished task 2.0 in stage 1.0 (TID 3) in 5118 ms on 9fe4286b2855 (executor driver) (3/4)
[2022-04-06 03:20:06,672] {spark_submit.py:488} INFO - 22/04/06 03:20:06 INFO CodecPool: Got brand-new decompressor [.snappy]
[2022-04-06 03:21:12,825] {spark_submit.py:488} INFO - 22/04/06 03:21:12 INFO Executor: Finished task 1.0 in stage 1.0 (TID 2). 2029 bytes result sent to driver
[2022-04-06 03:21:12,829] {spark_submit.py:488} INFO - 22/04/06 03:21:12 INFO TaskSetManager: Finished task 1.0 in stage 1.0 (TID 2) in 86736 ms on 9fe4286b2855 (executor driver) (4/4)
[2022-04-06 03:21:12,829] {spark_submit.py:488} INFO - 22/04/06 03:21:12 INFO TaskSchedulerImpl: Removed TaskSet 1.0, whose tasks have all completed, from pool
[2022-04-06 03:21:12,838] {spark_submit.py:488} INFO - 22/04/06 03:21:12 INFO DAGScheduler: ShuffleMapStage 1 (save at NativeMethodAccessorImpl.java:0) finished in 87.535 s
[2022-04-06 03:21:12,838] {spark_submit.py:488} INFO - 22/04/06 03:21:12 INFO DAGScheduler: looking for newly runnable stages
[2022-04-06 03:21:12,838] {spark_submit.py:488} INFO - 22/04/06 03:21:12 INFO DAGScheduler: running: Set()
[2022-04-06 03:21:12,838] {spark_submit.py:488} INFO - 22/04/06 03:21:12 INFO DAGScheduler: waiting: Set()
[2022-04-06 03:21:12,838] {spark_submit.py:488} INFO - 22/04/06 03:21:12 INFO DAGScheduler: failed: Set()
[2022-04-06 03:21:14,065] {spark_submit.py:488} INFO - 22/04/06 03:21:14 INFO SparkContext: Starting job: save at NativeMethodAccessorImpl.java:0
[2022-04-06 03:21:14,077] {spark_submit.py:488} INFO - 22/04/06 03:21:14 INFO DAGScheduler: Got job 2 (save at NativeMethodAccessorImpl.java:0) with 4 output partitions
[2022-04-06 03:21:14,077] {spark_submit.py:488} INFO - 22/04/06 03:21:14 INFO DAGScheduler: Final stage: ResultStage 3 (save at NativeMethodAccessorImpl.java:0)
[2022-04-06 03:21:14,077] {spark_submit.py:488} INFO - 22/04/06 03:21:14 INFO DAGScheduler: Parents of final stage: List(ShuffleMapStage 2)
[2022-04-06 03:21:14,078] {spark_submit.py:488} INFO - 22/04/06 03:21:14 INFO DAGScheduler: Missing parents: List()
[2022-04-06 03:21:14,078] {spark_submit.py:488} INFO - 22/04/06 03:21:14 INFO DAGScheduler: Submitting ResultStage 3 (ShuffledRowRDD[7] at save at NativeMethodAccessorImpl.java:0), which has no missing parents
[2022-04-06 03:21:15,061] {spark_submit.py:488} INFO - 22/04/06 03:21:15 INFO MemoryStore: Block broadcast_3 stored as values in memory (estimated size 204.2 KiB, free 433.9 MiB)
[2022-04-06 03:21:15,140] {spark_submit.py:488} INFO - 22/04/06 03:21:15 INFO MemoryStore: Block broadcast_3_piece0 stored as bytes in memory (estimated size 73.0 KiB, free 433.9 MiB)
[2022-04-06 03:21:15,143] {spark_submit.py:488} INFO - 22/04/06 03:21:15 INFO BlockManagerInfo: Added broadcast_3_piece0 in memory on 9fe4286b2855:34789 (size: 73.0 KiB, free: 434.3 MiB)
[2022-04-06 03:21:15,149] {spark_submit.py:488} INFO - 22/04/06 03:21:15 INFO SparkContext: Created broadcast 3 from broadcast at DAGScheduler.scala:1478
[2022-04-06 03:21:15,151] {spark_submit.py:488} INFO - 22/04/06 03:21:15 INFO DAGScheduler: Submitting 4 missing tasks from ResultStage 3 (ShuffledRowRDD[7] at save at NativeMethodAccessorImpl.java:0) (first 15 tasks are for partitions Vector(0, 1, 2, 3))
[2022-04-06 03:21:15,151] {spark_submit.py:488} INFO - 22/04/06 03:21:15 INFO TaskSchedulerImpl: Adding task set 3.0 with 4 tasks resource profile 0
[2022-04-06 03:21:15,314] {spark_submit.py:488} INFO - 22/04/06 03:21:15 INFO TaskSetManager: Starting task 0.0 in stage 3.0 (TID 5) (9fe4286b2855, executor driver, partition 0, NODE_LOCAL, 4453 bytes) taskResourceAssignments Map()
[2022-04-06 03:21:15,316] {spark_submit.py:488} INFO - 22/04/06 03:21:15 INFO TaskSetManager: Starting task 1.0 in stage 3.0 (TID 6) (9fe4286b2855, executor driver, partition 1, NODE_LOCAL, 4453 bytes) taskResourceAssignments Map()
[2022-04-06 03:21:15,317] {spark_submit.py:488} INFO - 22/04/06 03:21:15 INFO TaskSetManager: Starting task 2.0 in stage 3.0 (TID 7) (9fe4286b2855, executor driver, partition 2, NODE_LOCAL, 4453 bytes) taskResourceAssignments Map()
[2022-04-06 03:21:15,321] {spark_submit.py:488} INFO - 22/04/06 03:21:15 INFO TaskSetManager: Starting task 3.0 in stage 3.0 (TID 8) (9fe4286b2855, executor driver, partition 3, NODE_LOCAL, 4453 bytes) taskResourceAssignments Map()
[2022-04-06 03:21:15,323] {spark_submit.py:488} INFO - 22/04/06 03:21:15 INFO Executor: Running task 0.0 in stage 3.0 (TID 5)
[2022-04-06 03:21:15,432] {spark_submit.py:488} INFO - 22/04/06 03:21:15 INFO Executor: Running task 1.0 in stage 3.0 (TID 6)
[2022-04-06 03:21:15,435] {spark_submit.py:488} INFO - 22/04/06 03:21:15 INFO Executor: Running task 2.0 in stage 3.0 (TID 7)
[2022-04-06 03:21:15,436] {spark_submit.py:488} INFO - 22/04/06 03:21:15 INFO Executor: Running task 3.0 in stage 3.0 (TID 8)
[2022-04-06 03:21:16,297] {spark_submit.py:488} INFO - 22/04/06 03:21:16 INFO ShuffleBlockFetcherIterator: Getting 1 (35.8 MiB) non-empty blocks including 1 (35.8 MiB) local and 0 (0.0 B) host-local and 0 (0.0 B) push-merged-local and 0 (0.0 B) remote blocks
[2022-04-06 03:21:16,304] {spark_submit.py:488} INFO - 22/04/06 03:21:16 INFO ShuffleBlockFetcherIterator: Getting 1 (35.8 MiB) non-empty blocks including 1 (35.8 MiB) local and 0 (0.0 B) host-local and 0 (0.0 B) push-merged-local and 0 (0.0 B) remote blocks
[2022-04-06 03:21:16,304] {spark_submit.py:488} INFO - 22/04/06 03:21:16 INFO ShuffleBlockFetcherIterator: Started 0 remote fetches in 95 ms
[2022-04-06 03:21:16,308] {spark_submit.py:488} INFO - 22/04/06 03:21:16 INFO ShuffleBlockFetcherIterator: Getting 1 (35.8 MiB) non-empty blocks including 1 (35.8 MiB) local and 0 (0.0 B) host-local and 0 (0.0 B) push-merged-local and 0 (0.0 B) remote blocks
[2022-04-06 03:21:16,308] {spark_submit.py:488} INFO - 22/04/06 03:21:16 INFO ShuffleBlockFetcherIterator: Started 0 remote fetches in 76 ms
[2022-04-06 03:21:16,310] {spark_submit.py:488} INFO - 22/04/06 03:21:16 INFO ShuffleBlockFetcherIterator: Started 0 remote fetches in 92 ms
[2022-04-06 03:21:16,321] {spark_submit.py:488} INFO - 22/04/06 03:21:16 INFO FileOutputCommitter: File Output Committer Algorithm version is 1
[2022-04-06 03:21:16,321] {spark_submit.py:488} INFO - 22/04/06 03:21:16 INFO FileOutputCommitter: FileOutputCommitter skip cleanup _temporary folders under output directory:false, ignore cleanup failures: false
[2022-04-06 03:21:16,323] {spark_submit.py:488} INFO - 22/04/06 03:21:16 INFO SQLHadoopMapReduceCommitProtocol: Using user defined output committer class org.apache.parquet.hadoop.ParquetOutputCommitter
[2022-04-06 03:21:16,323] {spark_submit.py:488} INFO - 22/04/06 03:21:16 INFO FileOutputCommitter: File Output Committer Algorithm version is 1
[2022-04-06 03:21:16,324] {spark_submit.py:488} INFO - 22/04/06 03:21:16 INFO FileOutputCommitter: FileOutputCommitter skip cleanup _temporary folders under output directory:false, ignore cleanup failures: false
[2022-04-06 03:21:16,325] {spark_submit.py:488} INFO - 22/04/06 03:21:16 INFO SQLHadoopMapReduceCommitProtocol: Using output committer class org.apache.parquet.hadoop.ParquetOutputCommitter
[2022-04-06 03:21:16,338] {spark_submit.py:488} INFO - 22/04/06 03:21:16 INFO ShuffleBlockFetcherIterator: Getting 1 (35.8 MiB) non-empty blocks including 1 (35.8 MiB) local and 0 (0.0 B) host-local and 0 (0.0 B) push-merged-local and 0 (0.0 B) remote blocks
[2022-04-06 03:21:16,338] {spark_submit.py:488} INFO - 22/04/06 03:21:16 INFO ShuffleBlockFetcherIterator: Started 0 remote fetches in 120 ms
[2022-04-06 03:21:16,400] {spark_submit.py:488} INFO - 22/04/06 03:21:16 INFO FileOutputCommitter: File Output Committer Algorithm version is 1
[2022-04-06 03:21:16,400] {spark_submit.py:488} INFO - 22/04/06 03:21:16 INFO FileOutputCommitter: FileOutputCommitter skip cleanup _temporary folders under output directory:false, ignore cleanup failures: false
[2022-04-06 03:21:16,403] {spark_submit.py:488} INFO - 22/04/06 03:21:16 INFO FileOutputCommitter: File Output Committer Algorithm version is 1
[2022-04-06 03:21:16,403] {spark_submit.py:488} INFO - 22/04/06 03:21:16 INFO FileOutputCommitter: FileOutputCommitter skip cleanup _temporary folders under output directory:false, ignore cleanup failures: false
[2022-04-06 03:21:16,408] {spark_submit.py:488} INFO - 22/04/06 03:21:16 INFO SQLHadoopMapReduceCommitProtocol: Using user defined output committer class org.apache.parquet.hadoop.ParquetOutputCommitter
[2022-04-06 03:21:16,412] {spark_submit.py:488} INFO - 22/04/06 03:21:16 INFO SQLHadoopMapReduceCommitProtocol: Using user defined output committer class org.apache.parquet.hadoop.ParquetOutputCommitter
[2022-04-06 03:21:16,412] {spark_submit.py:488} INFO - 22/04/06 03:21:16 INFO CodecConfig: Compression: SNAPPY
[2022-04-06 03:21:16,423] {spark_submit.py:488} INFO - 22/04/06 03:21:16 INFO FileOutputCommitter: File Output Committer Algorithm version is 1
[2022-04-06 03:21:16,423] {spark_submit.py:488} INFO - 22/04/06 03:21:16 INFO FileOutputCommitter: FileOutputCommitter skip cleanup _temporary folders under output directory:false, ignore cleanup failures: false
[2022-04-06 03:21:16,423] {spark_submit.py:488} INFO - 22/04/06 03:21:16 INFO SQLHadoopMapReduceCommitProtocol: Using output committer class org.apache.parquet.hadoop.ParquetOutputCommitter
[2022-04-06 03:21:16,423] {spark_submit.py:488} INFO - 22/04/06 03:21:16 INFO FileOutputCommitter: File Output Committer Algorithm version is 1
[2022-04-06 03:21:16,423] {spark_submit.py:488} INFO - 22/04/06 03:21:16 INFO FileOutputCommitter: FileOutputCommitter skip cleanup _temporary folders under output directory:false, ignore cleanup failures: false
[2022-04-06 03:21:16,424] {spark_submit.py:488} INFO - 22/04/06 03:21:16 INFO SQLHadoopMapReduceCommitProtocol: Using output committer class org.apache.parquet.hadoop.ParquetOutputCommitter
[2022-04-06 03:21:16,424] {spark_submit.py:488} INFO - 22/04/06 03:21:16 INFO FileOutputCommitter: File Output Committer Algorithm version is 1
[2022-04-06 03:21:16,424] {spark_submit.py:488} INFO - 22/04/06 03:21:16 INFO FileOutputCommitter: FileOutputCommitter skip cleanup _temporary folders under output directory:false, ignore cleanup failures: false
[2022-04-06 03:21:16,425] {spark_submit.py:488} INFO - 22/04/06 03:21:16 INFO SQLHadoopMapReduceCommitProtocol: Using user defined output committer class org.apache.parquet.hadoop.ParquetOutputCommitter
[2022-04-06 03:21:16,426] {spark_submit.py:488} INFO - 22/04/06 03:21:16 INFO FileOutputCommitter: File Output Committer Algorithm version is 1
[2022-04-06 03:21:16,426] {spark_submit.py:488} INFO - 22/04/06 03:21:16 INFO FileOutputCommitter: FileOutputCommitter skip cleanup _temporary folders under output directory:false, ignore cleanup failures: false
[2022-04-06 03:21:16,427] {spark_submit.py:488} INFO - 22/04/06 03:21:16 INFO SQLHadoopMapReduceCommitProtocol: Using output committer class org.apache.parquet.hadoop.ParquetOutputCommitter
[2022-04-06 03:21:16,485] {spark_submit.py:488} INFO - 22/04/06 03:21:16 INFO CodecConfig: Compression: SNAPPY
[2022-04-06 03:21:16,486] {spark_submit.py:488} INFO - 22/04/06 03:21:16 INFO CodecConfig: Compression: SNAPPY
[2022-04-06 03:21:16,496] {spark_submit.py:488} INFO - 22/04/06 03:21:16 INFO CodecConfig: Compression: SNAPPY
[2022-04-06 03:21:16,496] {spark_submit.py:488} INFO - 22/04/06 03:21:16 INFO CodecConfig: Compression: SNAPPY
[2022-04-06 03:21:16,500] {spark_submit.py:488} INFO - 22/04/06 03:21:16 INFO CodecConfig: Compression: SNAPPY
[2022-04-06 03:21:16,500] {spark_submit.py:488} INFO - 22/04/06 03:21:16 INFO CodecConfig: Compression: SNAPPY
[2022-04-06 03:21:16,500] {spark_submit.py:488} INFO - 22/04/06 03:21:16 INFO CodecConfig: Compression: SNAPPY
[2022-04-06 03:21:16,765] {spark_submit.py:488} INFO - 22/04/06 03:21:16 INFO BlockManagerInfo: Removed broadcast_2_piece0 on 9fe4286b2855:34789 in memory (size: 10.5 KiB, free: 434.3 MiB)
[2022-04-06 03:21:16,885] {spark_submit.py:488} INFO - 22/04/06 03:21:16 INFO ParquetOutputFormat: Parquet block size to 134217728
[2022-04-06 03:21:16,885] {spark_submit.py:488} INFO - 22/04/06 03:21:16 INFO ParquetOutputFormat: Validation is off
[2022-04-06 03:21:16,885] {spark_submit.py:488} INFO - 22/04/06 03:21:16 INFO ParquetOutputFormat: Maximum row group padding size is 8388608 bytes
[2022-04-06 03:21:16,885] {spark_submit.py:488} INFO - 22/04/06 03:21:16 INFO ParquetOutputFormat: Parquet properties are:
[2022-04-06 03:21:16,885] {spark_submit.py:488} INFO - Parquet page size to 1048576
[2022-04-06 03:21:16,885] {spark_submit.py:488} INFO - Parquet dictionary page size to 1048576
[2022-04-06 03:21:16,885] {spark_submit.py:488} INFO - Dictionary is true
[2022-04-06 03:21:16,885] {spark_submit.py:488} INFO - Writer version is: PARQUET_1_0
[2022-04-06 03:21:16,885] {spark_submit.py:488} INFO - Page size checking is: estimated
[2022-04-06 03:21:16,885] {spark_submit.py:488} INFO - Min row count for page size check is: 100
[2022-04-06 03:21:16,885] {spark_submit.py:488} INFO - Max row count for page size check is: 10000
[2022-04-06 03:21:16,886] {spark_submit.py:488} INFO - Truncate length for column indexes is: 64
[2022-04-06 03:21:16,886] {spark_submit.py:488} INFO - Truncate length for statistics min/max  is: 2147483647
[2022-04-06 03:21:16,886] {spark_submit.py:488} INFO - Bloom filter enabled: false
[2022-04-06 03:21:16,886] {spark_submit.py:488} INFO - Max Bloom filter size for a column is 1048576
[2022-04-06 03:21:16,886] {spark_submit.py:488} INFO - Bloom filter expected number of distinct values are: null
[2022-04-06 03:21:16,886] {spark_submit.py:488} INFO - Page row count limit to 20000
[2022-04-06 03:21:16,886] {spark_submit.py:488} INFO - Writing page checksums is: on
[2022-04-06 03:21:16,893] {spark_submit.py:488} INFO - 22/04/06 03:21:16 INFO ParquetOutputFormat: Parquet block size to 134217728
[2022-04-06 03:21:16,893] {spark_submit.py:488} INFO - 22/04/06 03:21:16 INFO ParquetOutputFormat: Validation is off
[2022-04-06 03:21:16,893] {spark_submit.py:488} INFO - 22/04/06 03:21:16 INFO ParquetOutputFormat: Maximum row group padding size is 8388608 bytes
[2022-04-06 03:21:16,893] {spark_submit.py:488} INFO - 22/04/06 03:21:16 INFO ParquetOutputFormat: Parquet properties are:
[2022-04-06 03:21:16,893] {spark_submit.py:488} INFO - Parquet page size to 1048576
[2022-04-06 03:21:16,893] {spark_submit.py:488} INFO - Parquet dictionary page size to 1048576
[2022-04-06 03:21:16,893] {spark_submit.py:488} INFO - Dictionary is true
[2022-04-06 03:21:16,893] {spark_submit.py:488} INFO - Writer version is: PARQUET_1_0
[2022-04-06 03:21:16,894] {spark_submit.py:488} INFO - Page size checking is: estimated
[2022-04-06 03:21:16,894] {spark_submit.py:488} INFO - Min row count for page size check is: 100
[2022-04-06 03:21:16,894] {spark_submit.py:488} INFO - Max row count for page size check is: 10000
[2022-04-06 03:21:16,894] {spark_submit.py:488} INFO - Truncate length for column indexes is: 64
[2022-04-06 03:21:16,894] {spark_submit.py:488} INFO - Truncate length for statistics min/max  is: 2147483647
[2022-04-06 03:21:16,894] {spark_submit.py:488} INFO - Bloom filter enabled: false
[2022-04-06 03:21:16,894] {spark_submit.py:488} INFO - Max Bloom filter size for a column is 1048576
[2022-04-06 03:21:16,894] {spark_submit.py:488} INFO - Bloom filter expected number of distinct values are: null
[2022-04-06 03:21:16,894] {spark_submit.py:488} INFO - Page row count limit to 20000
[2022-04-06 03:21:16,894] {spark_submit.py:488} INFO - Writing page checksums is: on
[2022-04-06 03:21:16,928] {spark_submit.py:488} INFO - 22/04/06 03:21:16 INFO ParquetOutputFormat: Parquet block size to 134217728
[2022-04-06 03:21:16,928] {spark_submit.py:488} INFO - 22/04/06 03:21:16 INFO ParquetOutputFormat: Validation is off
[2022-04-06 03:21:16,928] {spark_submit.py:488} INFO - 22/04/06 03:21:16 INFO ParquetOutputFormat: Maximum row group padding size is 8388608 bytes
[2022-04-06 03:21:16,928] {spark_submit.py:488} INFO - 22/04/06 03:21:16 INFO ParquetOutputFormat: Parquet properties are:
[2022-04-06 03:21:16,928] {spark_submit.py:488} INFO - Parquet page size to 1048576
[2022-04-06 03:21:16,929] {spark_submit.py:488} INFO - Parquet dictionary page size to 1048576
[2022-04-06 03:21:16,929] {spark_submit.py:488} INFO - Dictionary is true
[2022-04-06 03:21:16,929] {spark_submit.py:488} INFO - Writer version is: PARQUET_1_0
[2022-04-06 03:21:16,929] {spark_submit.py:488} INFO - Page size checking is: estimated
[2022-04-06 03:21:16,929] {spark_submit.py:488} INFO - Min row count for page size check is: 100
[2022-04-06 03:21:16,929] {spark_submit.py:488} INFO - Max row count for page size check is: 10000
[2022-04-06 03:21:16,929] {spark_submit.py:488} INFO - Truncate length for column indexes is: 64
[2022-04-06 03:21:16,929] {spark_submit.py:488} INFO - Truncate length for statistics min/max  is: 2147483647
[2022-04-06 03:21:16,929] {spark_submit.py:488} INFO - Bloom filter enabled: false
[2022-04-06 03:21:16,929] {spark_submit.py:488} INFO - Max Bloom filter size for a column is 1048576
[2022-04-06 03:21:16,929] {spark_submit.py:488} INFO - Bloom filter expected number of distinct values are: null
[2022-04-06 03:21:16,929] {spark_submit.py:488} INFO - Page row count limit to 20000
[2022-04-06 03:21:16,929] {spark_submit.py:488} INFO - Writing page checksums is: on
[2022-04-06 03:21:16,933] {spark_submit.py:488} INFO - 22/04/06 03:21:16 INFO ParquetOutputFormat: Parquet block size to 134217728
[2022-04-06 03:21:16,933] {spark_submit.py:488} INFO - 22/04/06 03:21:16 INFO ParquetOutputFormat: Validation is off
[2022-04-06 03:21:16,933] {spark_submit.py:488} INFO - 22/04/06 03:21:16 INFO ParquetOutputFormat: Maximum row group padding size is 8388608 bytes
[2022-04-06 03:21:16,933] {spark_submit.py:488} INFO - 22/04/06 03:21:16 INFO ParquetOutputFormat: Parquet properties are:
[2022-04-06 03:21:16,933] {spark_submit.py:488} INFO - Parquet page size to 1048576
[2022-04-06 03:21:16,934] {spark_submit.py:488} INFO - Parquet dictionary page size to 1048576
[2022-04-06 03:21:16,934] {spark_submit.py:488} INFO - Dictionary is true
[2022-04-06 03:21:16,934] {spark_submit.py:488} INFO - Writer version is: PARQUET_1_0
[2022-04-06 03:21:16,934] {spark_submit.py:488} INFO - Page size checking is: estimated
[2022-04-06 03:21:16,934] {spark_submit.py:488} INFO - Min row count for page size check is: 100
[2022-04-06 03:21:16,934] {spark_submit.py:488} INFO - Max row count for page size check is: 10000
[2022-04-06 03:21:16,934] {spark_submit.py:488} INFO - Truncate length for column indexes is: 64
[2022-04-06 03:21:16,934] {spark_submit.py:488} INFO - Truncate length for statistics min/max  is: 2147483647
[2022-04-06 03:21:16,934] {spark_submit.py:488} INFO - Bloom filter enabled: false
[2022-04-06 03:21:16,934] {spark_submit.py:488} INFO - Max Bloom filter size for a column is 1048576
[2022-04-06 03:21:16,934] {spark_submit.py:488} INFO - Bloom filter expected number of distinct values are: null
[2022-04-06 03:21:16,934] {spark_submit.py:488} INFO - Page row count limit to 20000
[2022-04-06 03:21:16,934] {spark_submit.py:488} INFO - Writing page checksums is: on
[2022-04-06 03:21:17,008] {spark_submit.py:488} INFO - 22/04/06 03:21:16 INFO ParquetWriteSupport: Initialized Parquet WriteSupport with Catalyst schema:
[2022-04-06 03:21:17,009] {spark_submit.py:488} INFO - {
[2022-04-06 03:21:17,009] {spark_submit.py:488} INFO - "type" : "struct",
[2022-04-06 03:21:17,009] {spark_submit.py:488} INFO - "fields" : [ {
[2022-04-06 03:21:17,009] {spark_submit.py:488} INFO - "name" : "id",
[2022-04-06 03:21:17,009] {spark_submit.py:488} INFO - "type" : "integer",
[2022-04-06 03:21:17,009] {spark_submit.py:488} INFO - "nullable" : true,
[2022-04-06 03:21:17,009] {spark_submit.py:488} INFO - "metadata" : { }
[2022-04-06 03:21:17,009] {spark_submit.py:488} INFO - }, {
[2022-04-06 03:21:17,009] {spark_submit.py:488} INFO - "name" : "title",
[2022-04-06 03:21:17,009] {spark_submit.py:488} INFO - "type" : "string",
[2022-04-06 03:21:17,009] {spark_submit.py:488} INFO - "nullable" : true,
[2022-04-06 03:21:17,009] {spark_submit.py:488} INFO - "metadata" : { }
[2022-04-06 03:21:17,009] {spark_submit.py:488} INFO - }, {
[2022-04-06 03:21:17,010] {spark_submit.py:488} INFO - "name" : "body",
[2022-04-06 03:21:17,010] {spark_submit.py:488} INFO - "type" : "string",
[2022-04-06 03:21:17,010] {spark_submit.py:488} INFO - "nullable" : true,
[2022-04-06 03:21:17,010] {spark_submit.py:488} INFO - "metadata" : { }
[2022-04-06 03:21:17,010] {spark_submit.py:488} INFO - }, {
[2022-04-06 03:21:17,010] {spark_submit.py:488} INFO - "name" : "accepted_answer_id",
[2022-04-06 03:21:17,010] {spark_submit.py:488} INFO - "type" : "integer",
[2022-04-06 03:21:17,010] {spark_submit.py:488} INFO - "nullable" : true,
[2022-04-06 03:21:17,010] {spark_submit.py:488} INFO - "metadata" : { }
[2022-04-06 03:21:17,010] {spark_submit.py:488} INFO - }, {
[2022-04-06 03:21:17,010] {spark_submit.py:488} INFO - "name" : "answer_count",
[2022-04-06 03:21:17,010] {spark_submit.py:488} INFO - "type" : "integer",
[2022-04-06 03:21:17,010] {spark_submit.py:488} INFO - "nullable" : true,
[2022-04-06 03:21:17,010] {spark_submit.py:488} INFO - "metadata" : { }
[2022-04-06 03:21:17,010] {spark_submit.py:488} INFO - }, {
[2022-04-06 03:21:17,011] {spark_submit.py:488} INFO - "name" : "comment_count",
[2022-04-06 03:21:17,011] {spark_submit.py:488} INFO - "type" : "integer",
[2022-04-06 03:21:17,011] {spark_submit.py:488} INFO - "nullable" : true,
[2022-04-06 03:21:17,011] {spark_submit.py:488} INFO - "metadata" : { }
[2022-04-06 03:21:17,011] {spark_submit.py:488} INFO - }, {
[2022-04-06 03:21:17,011] {spark_submit.py:488} INFO - "name" : "community_owned_date",
[2022-04-06 03:21:17,011] {spark_submit.py:488} INFO - "type" : "timestamp",
[2022-04-06 03:21:17,011] {spark_submit.py:488} INFO - "nullable" : true,
[2022-04-06 03:21:17,011] {spark_submit.py:488} INFO - "metadata" : { }
[2022-04-06 03:21:17,011] {spark_submit.py:488} INFO - }, {
[2022-04-06 03:21:17,011] {spark_submit.py:488} INFO - "name" : "creation_date",
[2022-04-06 03:21:17,011] {spark_submit.py:488} INFO - "type" : "timestamp",
[2022-04-06 03:21:17,011] {spark_submit.py:488} INFO - "nullable" : true,
[2022-04-06 03:21:17,012] {spark_submit.py:488} INFO - "metadata" : { }
[2022-04-06 03:21:17,012] {spark_submit.py:488} INFO - }, {
[2022-04-06 03:21:17,012] {spark_submit.py:488} INFO - "name" : "favorite_count",
[2022-04-06 03:21:17,012] {spark_submit.py:488} INFO - "type" : "integer",
[2022-04-06 03:21:17,012] {spark_submit.py:488} INFO - "nullable" : true,
[2022-04-06 03:21:17,012] {spark_submit.py:488} INFO - "metadata" : { }
[2022-04-06 03:21:17,012] {spark_submit.py:488} INFO - }, {
[2022-04-06 03:21:17,012] {spark_submit.py:488} INFO - "name" : "last_activity_date",
[2022-04-06 03:21:17,012] {spark_submit.py:488} INFO - "type" : "timestamp",
[2022-04-06 03:21:17,012] {spark_submit.py:488} INFO - "nullable" : true,
[2022-04-06 03:21:17,012] {spark_submit.py:488} INFO - "metadata" : { }
[2022-04-06 03:21:17,012] {spark_submit.py:488} INFO - }, {
[2022-04-06 03:21:17,012] {spark_submit.py:488} INFO - "name" : "last_edit_date",
[2022-04-06 03:21:17,012] {spark_submit.py:488} INFO - "type" : "timestamp",
[2022-04-06 03:21:17,013] {spark_submit.py:488} INFO - "nullable" : true,
[2022-04-06 03:21:17,013] {spark_submit.py:488} INFO - "metadata" : { }
[2022-04-06 03:21:17,013] {spark_submit.py:488} INFO - }, {
[2022-04-06 03:21:17,013] {spark_submit.py:488} INFO - "name" : "last_editor_display_name",
[2022-04-06 03:21:17,013] {spark_submit.py:488} INFO - "type" : "string",
[2022-04-06 03:21:17,013] {spark_submit.py:488} INFO - "nullable" : true,
[2022-04-06 03:21:17,013] {spark_submit.py:488} INFO - "metadata" : { }
[2022-04-06 03:21:17,013] {spark_submit.py:488} INFO - }, {
[2022-04-06 03:21:17,013] {spark_submit.py:488} INFO - "name" : "last_editor_user_id",
[2022-04-06 03:21:17,013] {spark_submit.py:488} INFO - "type" : "integer",
[2022-04-06 03:21:17,013] {spark_submit.py:488} INFO - "nullable" : true,
[2022-04-06 03:21:17,013] {spark_submit.py:488} INFO - "metadata" : { }
[2022-04-06 03:21:17,013] {spark_submit.py:488} INFO - }, {
[2022-04-06 03:21:17,013] {spark_submit.py:488} INFO - "name" : "owner_display_name",
[2022-04-06 03:21:17,013] {spark_submit.py:488} INFO - "type" : "string",
[2022-04-06 03:21:17,014] {spark_submit.py:488} INFO - "nullable" : true,
[2022-04-06 03:21:17,014] {spark_submit.py:488} INFO - "metadata" : { }
[2022-04-06 03:21:17,014] {spark_submit.py:488} INFO - }, {
[2022-04-06 03:21:17,014] {spark_submit.py:488} INFO - "name" : "owner_user_id",
[2022-04-06 03:21:17,014] {spark_submit.py:488} INFO - "type" : "integer",
[2022-04-06 03:21:17,014] {spark_submit.py:488} INFO - "nullable" : true,
[2022-04-06 03:21:17,014] {spark_submit.py:488} INFO - "metadata" : { }
[2022-04-06 03:21:17,014] {spark_submit.py:488} INFO - }, {
[2022-04-06 03:21:17,014] {spark_submit.py:488} INFO - "name" : "parent_id",
[2022-04-06 03:21:17,014] {spark_submit.py:488} INFO - "type" : "integer",
[2022-04-06 03:21:17,014] {spark_submit.py:488} INFO - "nullable" : true,
[2022-04-06 03:21:17,014] {spark_submit.py:488} INFO - "metadata" : { }
[2022-04-06 03:21:17,014] {spark_submit.py:488} INFO - }, {
[2022-04-06 03:21:17,015] {spark_submit.py:488} INFO - "name" : "post_type_id",
[2022-04-06 03:21:17,015] {spark_submit.py:488} INFO - "type" : "integer",
[2022-04-06 03:21:17,015] {spark_submit.py:488} INFO - "nullable" : true,
[2022-04-06 03:21:17,015] {spark_submit.py:488} INFO - "metadata" : { }
[2022-04-06 03:21:17,015] {spark_submit.py:488} INFO - }, {
[2022-04-06 03:21:17,015] {spark_submit.py:488} INFO - "name" : "score",
[2022-04-06 03:21:17,015] {spark_submit.py:488} INFO - "type" : "integer",
[2022-04-06 03:21:17,015] {spark_submit.py:488} INFO - "nullable" : true,
[2022-04-06 03:21:17,015] {spark_submit.py:488} INFO - "metadata" : { }
[2022-04-06 03:21:17,015] {spark_submit.py:488} INFO - }, {
[2022-04-06 03:21:17,015] {spark_submit.py:488} INFO - "name" : "tags",
[2022-04-06 03:21:17,015] {spark_submit.py:488} INFO - "type" : "string",
[2022-04-06 03:21:17,015] {spark_submit.py:488} INFO - "nullable" : true,
[2022-04-06 03:21:17,015] {spark_submit.py:488} INFO - "metadata" : { }
[2022-04-06 03:21:17,016] {spark_submit.py:488} INFO - }, {
[2022-04-06 03:21:17,016] {spark_submit.py:488} INFO - "name" : "view_count",
[2022-04-06 03:21:17,016] {spark_submit.py:488} INFO - "type" : "integer",
[2022-04-06 03:21:17,016] {spark_submit.py:488} INFO - "nullable" : true,
[2022-04-06 03:21:17,016] {spark_submit.py:488} INFO - "metadata" : { }
[2022-04-06 03:21:17,016] {spark_submit.py:488} INFO - }, {
[2022-04-06 03:21:17,016] {spark_submit.py:488} INFO - "name" : "group_by_date",
[2022-04-06 03:21:17,016] {spark_submit.py:488} INFO - "type" : "timestamp",
[2022-04-06 03:21:17,016] {spark_submit.py:488} INFO - "nullable" : true,
[2022-04-06 03:21:17,016] {spark_submit.py:488} INFO - "metadata" : { }
[2022-04-06 03:21:17,016] {spark_submit.py:488} INFO - } ]
[2022-04-06 03:21:17,016] {spark_submit.py:488} INFO - }
[2022-04-06 03:21:17,017] {spark_submit.py:488} INFO - and corresponding Parquet message type:
[2022-04-06 03:21:17,017] {spark_submit.py:488} INFO - message spark_schema {
[2022-04-06 03:21:17,017] {spark_submit.py:488} INFO - optional int32 id;
[2022-04-06 03:21:17,017] {spark_submit.py:488} INFO - optional binary title (STRING);
[2022-04-06 03:21:17,017] {spark_submit.py:488} INFO - optional binary body (STRING);
[2022-04-06 03:21:17,017] {spark_submit.py:488} INFO - optional int32 accepted_answer_id;
[2022-04-06 03:21:17,017] {spark_submit.py:488} INFO - optional int32 answer_count;
[2022-04-06 03:21:17,017] {spark_submit.py:488} INFO - optional int32 comment_count;
[2022-04-06 03:21:17,017] {spark_submit.py:488} INFO - optional int96 community_owned_date;
[2022-04-06 03:21:17,017] {spark_submit.py:488} INFO - optional int96 creation_date;
[2022-04-06 03:21:17,017] {spark_submit.py:488} INFO - optional int32 favorite_count;
[2022-04-06 03:21:17,017] {spark_submit.py:488} INFO - optional int96 last_activity_date;
[2022-04-06 03:21:17,017] {spark_submit.py:488} INFO - optional int96 last_edit_date;
[2022-04-06 03:21:17,017] {spark_submit.py:488} INFO - optional binary last_editor_display_name (STRING);
[2022-04-06 03:21:17,018] {spark_submit.py:488} INFO - optional int32 last_editor_user_id;
[2022-04-06 03:21:17,018] {spark_submit.py:488} INFO - optional binary owner_display_name (STRING);
[2022-04-06 03:21:17,018] {spark_submit.py:488} INFO - optional int32 owner_user_id;
[2022-04-06 03:21:17,018] {spark_submit.py:488} INFO - optional int32 parent_id;
[2022-04-06 03:21:17,018] {spark_submit.py:488} INFO - optional int32 post_type_id;
[2022-04-06 03:21:17,018] {spark_submit.py:488} INFO - optional int32 score;
[2022-04-06 03:21:17,018] {spark_submit.py:488} INFO - optional binary tags (STRING);
[2022-04-06 03:21:17,018] {spark_submit.py:488} INFO - optional int32 view_count;
[2022-04-06 03:21:17,018] {spark_submit.py:488} INFO - optional int96 group_by_date;
[2022-04-06 03:21:17,018] {spark_submit.py:488} INFO - }
[2022-04-06 03:21:17,018] {spark_submit.py:488} INFO - 
[2022-04-06 03:21:17,018] {spark_submit.py:488} INFO - 
[2022-04-06 03:21:17,018] {spark_submit.py:488} INFO - 22/04/06 03:21:16 INFO ParquetWriteSupport: Initialized Parquet WriteSupport with Catalyst schema:
[2022-04-06 03:21:17,019] {spark_submit.py:488} INFO - {
[2022-04-06 03:21:17,019] {spark_submit.py:488} INFO - "type" : "struct",
[2022-04-06 03:21:17,019] {spark_submit.py:488} INFO - "fields" : [ {
[2022-04-06 03:21:17,019] {spark_submit.py:488} INFO - "name" : "id",
[2022-04-06 03:21:17,019] {spark_submit.py:488} INFO - "type" : "integer",
[2022-04-06 03:21:17,019] {spark_submit.py:488} INFO - "nullable" : true,
[2022-04-06 03:21:17,019] {spark_submit.py:488} INFO - "metadata" : { }
[2022-04-06 03:21:17,019] {spark_submit.py:488} INFO - }, {
[2022-04-06 03:21:17,019] {spark_submit.py:488} INFO - "name" : "title",
[2022-04-06 03:21:17,019] {spark_submit.py:488} INFO - "type" : "string",
[2022-04-06 03:21:17,019] {spark_submit.py:488} INFO - "nullable" : true,
[2022-04-06 03:21:17,019] {spark_submit.py:488} INFO - "metadata" : { }
[2022-04-06 03:21:17,019] {spark_submit.py:488} INFO - }, {
[2022-04-06 03:21:17,019] {spark_submit.py:488} INFO - "name" : "body",
[2022-04-06 03:21:17,028] {spark_submit.py:488} INFO - "type" : "string",
[2022-04-06 03:21:17,028] {spark_submit.py:488} INFO - "nullable" : true,
[2022-04-06 03:21:17,028] {spark_submit.py:488} INFO - "metadata" : { }
[2022-04-06 03:21:17,028] {spark_submit.py:488} INFO - }, {
[2022-04-06 03:21:17,028] {spark_submit.py:488} INFO - "name" : "accepted_answer_id",
[2022-04-06 03:21:17,029] {spark_submit.py:488} INFO - "type" : "integer",
[2022-04-06 03:21:17,029] {spark_submit.py:488} INFO - "nullable" : true,
[2022-04-06 03:21:17,029] {spark_submit.py:488} INFO - "metadata" : { }
[2022-04-06 03:21:17,029] {spark_submit.py:488} INFO - }, {
[2022-04-06 03:21:17,029] {spark_submit.py:488} INFO - "name" : "answer_count",
[2022-04-06 03:21:17,029] {spark_submit.py:488} INFO - "type" : "integer",
[2022-04-06 03:21:17,029] {spark_submit.py:488} INFO - "nullable" : true,
[2022-04-06 03:21:17,029] {spark_submit.py:488} INFO - "metadata" : { }
[2022-04-06 03:21:17,029] {spark_submit.py:488} INFO - }, {
[2022-04-06 03:21:17,029] {spark_submit.py:488} INFO - "name" : "comment_count",
[2022-04-06 03:21:17,029] {spark_submit.py:488} INFO - "type" : "integer",
[2022-04-06 03:21:17,029] {spark_submit.py:488} INFO - "nullable" : true,
[2022-04-06 03:21:17,029] {spark_submit.py:488} INFO - "metadata" : { }
[2022-04-06 03:21:17,029] {spark_submit.py:488} INFO - }, {
[2022-04-06 03:21:17,030] {spark_submit.py:488} INFO - "name" : "community_owned_date",
[2022-04-06 03:21:17,030] {spark_submit.py:488} INFO - "type" : "timestamp",
[2022-04-06 03:21:17,030] {spark_submit.py:488} INFO - "nullable" : true,
[2022-04-06 03:21:17,030] {spark_submit.py:488} INFO - "metadata" : { }
[2022-04-06 03:21:17,030] {spark_submit.py:488} INFO - }, {
[2022-04-06 03:21:17,030] {spark_submit.py:488} INFO - "name" : "creation_date",
[2022-04-06 03:21:17,030] {spark_submit.py:488} INFO - "type" : "timestamp",
[2022-04-06 03:21:17,030] {spark_submit.py:488} INFO - "nullable" : true,
[2022-04-06 03:21:17,030] {spark_submit.py:488} INFO - "metadata" : { }
[2022-04-06 03:21:17,030] {spark_submit.py:488} INFO - }, {
[2022-04-06 03:21:17,030] {spark_submit.py:488} INFO - "name" : "favorite_count",
[2022-04-06 03:21:17,031] {spark_submit.py:488} INFO - "type" : "integer",
[2022-04-06 03:21:17,031] {spark_submit.py:488} INFO - "nullable" : true,
[2022-04-06 03:21:17,031] {spark_submit.py:488} INFO - "metadata" : { }
[2022-04-06 03:21:17,031] {spark_submit.py:488} INFO - }, {
[2022-04-06 03:21:17,031] {spark_submit.py:488} INFO - "name" : "last_activity_date",
[2022-04-06 03:21:17,031] {spark_submit.py:488} INFO - "type" : "timestamp",
[2022-04-06 03:21:17,031] {spark_submit.py:488} INFO - "nullable" : true,
[2022-04-06 03:21:17,031] {spark_submit.py:488} INFO - "metadata" : { }
[2022-04-06 03:21:17,031] {spark_submit.py:488} INFO - }, {
[2022-04-06 03:21:17,031] {spark_submit.py:488} INFO - "name" : "last_edit_date",
[2022-04-06 03:21:17,031] {spark_submit.py:488} INFO - "type" : "timestamp",
[2022-04-06 03:21:17,031] {spark_submit.py:488} INFO - "nullable" : true,
[2022-04-06 03:21:17,031] {spark_submit.py:488} INFO - "metadata" : { }
[2022-04-06 03:21:17,031] {spark_submit.py:488} INFO - }, {
[2022-04-06 03:21:17,032] {spark_submit.py:488} INFO - "name" : "last_editor_display_name",
[2022-04-06 03:21:17,032] {spark_submit.py:488} INFO - "type" : "string",
[2022-04-06 03:21:17,032] {spark_submit.py:488} INFO - "nullable" : true,
[2022-04-06 03:21:17,032] {spark_submit.py:488} INFO - "metadata" : { }
[2022-04-06 03:21:17,032] {spark_submit.py:488} INFO - }, {
[2022-04-06 03:21:17,032] {spark_submit.py:488} INFO - "name" : "last_editor_user_id",
[2022-04-06 03:21:17,032] {spark_submit.py:488} INFO - "type" : "integer",
[2022-04-06 03:21:17,032] {spark_submit.py:488} INFO - "nullable" : true,
[2022-04-06 03:21:17,032] {spark_submit.py:488} INFO - "metadata" : { }
[2022-04-06 03:21:17,032] {spark_submit.py:488} INFO - }, {
[2022-04-06 03:21:17,032] {spark_submit.py:488} INFO - "name" : "owner_display_name",
[2022-04-06 03:21:17,032] {spark_submit.py:488} INFO - "type" : "string",
[2022-04-06 03:21:17,032] {spark_submit.py:488} INFO - "nullable" : true,
[2022-04-06 03:21:17,033] {spark_submit.py:488} INFO - "metadata" : { }
[2022-04-06 03:21:17,033] {spark_submit.py:488} INFO - }, {
[2022-04-06 03:21:17,033] {spark_submit.py:488} INFO - "name" : "owner_user_id",
[2022-04-06 03:21:17,033] {spark_submit.py:488} INFO - "type" : "integer",
[2022-04-06 03:21:17,033] {spark_submit.py:488} INFO - "nullable" : true,
[2022-04-06 03:21:17,033] {spark_submit.py:488} INFO - "metadata" : { }
[2022-04-06 03:21:17,033] {spark_submit.py:488} INFO - }, {
[2022-04-06 03:21:17,033] {spark_submit.py:488} INFO - "name" : "parent_id",
[2022-04-06 03:21:17,033] {spark_submit.py:488} INFO - "type" : "integer",
[2022-04-06 03:21:17,033] {spark_submit.py:488} INFO - "nullable" : true,
[2022-04-06 03:21:17,033] {spark_submit.py:488} INFO - "metadata" : { }
[2022-04-06 03:21:17,033] {spark_submit.py:488} INFO - }, {
[2022-04-06 03:21:17,033] {spark_submit.py:488} INFO - "name" : "post_type_id",
[2022-04-06 03:21:17,033] {spark_submit.py:488} INFO - "type" : "integer",
[2022-04-06 03:21:17,034] {spark_submit.py:488} INFO - "nullable" : true,
[2022-04-06 03:21:17,034] {spark_submit.py:488} INFO - "metadata" : { }
[2022-04-06 03:21:17,034] {spark_submit.py:488} INFO - }, {
[2022-04-06 03:21:17,034] {spark_submit.py:488} INFO - "name" : "score",
[2022-04-06 03:21:17,034] {spark_submit.py:488} INFO - "type" : "integer",
[2022-04-06 03:21:17,034] {spark_submit.py:488} INFO - "nullable" : true,
[2022-04-06 03:21:17,034] {spark_submit.py:488} INFO - "metadata" : { }
[2022-04-06 03:21:17,034] {spark_submit.py:488} INFO - }, {
[2022-04-06 03:21:17,034] {spark_submit.py:488} INFO - "name" : "tags",
[2022-04-06 03:21:17,034] {spark_submit.py:488} INFO - "type" : "string",
[2022-04-06 03:21:17,034] {spark_submit.py:488} INFO - "nullable" : true,
[2022-04-06 03:21:17,034] {spark_submit.py:488} INFO - "metadata" : { }
[2022-04-06 03:21:17,034] {spark_submit.py:488} INFO - }, {
[2022-04-06 03:21:17,035] {spark_submit.py:488} INFO - "name" : "view_count",
[2022-04-06 03:21:17,035] {spark_submit.py:488} INFO - "type" : "integer",
[2022-04-06 03:21:17,085] {spark_submit.py:488} INFO - "nullable" : true,
[2022-04-06 03:21:17,085] {spark_submit.py:488} INFO - "metadata" : { }
[2022-04-06 03:21:17,085] {spark_submit.py:488} INFO - }, {
[2022-04-06 03:21:17,085] {spark_submit.py:488} INFO - "name" : "group_by_date",
[2022-04-06 03:21:17,085] {spark_submit.py:488} INFO - "type" : "timestamp",
[2022-04-06 03:21:17,085] {spark_submit.py:488} INFO - "nullable" : true,
[2022-04-06 03:21:17,085] {spark_submit.py:488} INFO - "metadata" : { }
[2022-04-06 03:21:17,085] {spark_submit.py:488} INFO - } ]
[2022-04-06 03:21:17,086] {spark_submit.py:488} INFO - }
[2022-04-06 03:21:17,086] {spark_submit.py:488} INFO - and corresponding Parquet message type:
[2022-04-06 03:21:17,086] {spark_submit.py:488} INFO - message spark_schema {
[2022-04-06 03:21:17,086] {spark_submit.py:488} INFO - optional int32 id;
[2022-04-06 03:21:17,086] {spark_submit.py:488} INFO - optional binary title (STRING);
[2022-04-06 03:21:17,086] {spark_submit.py:488} INFO - optional binary body (STRING);
[2022-04-06 03:21:17,086] {spark_submit.py:488} INFO - optional int32 accepted_answer_id;
[2022-04-06 03:21:17,086] {spark_submit.py:488} INFO - optional int32 answer_count;
[2022-04-06 03:21:17,086] {spark_submit.py:488} INFO - optional int32 comment_count;
[2022-04-06 03:21:17,086] {spark_submit.py:488} INFO - optional int96 community_owned_date;
[2022-04-06 03:21:17,086] {spark_submit.py:488} INFO - optional int96 creation_date;
[2022-04-06 03:21:17,086] {spark_submit.py:488} INFO - optional int32 favorite_count;
[2022-04-06 03:21:17,086] {spark_submit.py:488} INFO - optional int96 last_activity_date;
[2022-04-06 03:21:17,087] {spark_submit.py:488} INFO - optional int96 last_edit_date;
[2022-04-06 03:21:17,087] {spark_submit.py:488} INFO - optional binary last_editor_display_name (STRING);
[2022-04-06 03:21:17,087] {spark_submit.py:488} INFO - optional int32 last_editor_user_id;
[2022-04-06 03:21:17,087] {spark_submit.py:488} INFO - optional binary owner_display_name (STRING);
[2022-04-06 03:21:17,087] {spark_submit.py:488} INFO - optional int32 owner_user_id;
[2022-04-06 03:21:17,087] {spark_submit.py:488} INFO - optional int32 parent_id;
[2022-04-06 03:21:17,087] {spark_submit.py:488} INFO - optional int32 post_type_id;
[2022-04-06 03:21:17,087] {spark_submit.py:488} INFO - optional int32 score;
[2022-04-06 03:21:17,087] {spark_submit.py:488} INFO - optional binary tags (STRING);
[2022-04-06 03:21:17,087] {spark_submit.py:488} INFO - optional int32 view_count;
[2022-04-06 03:21:17,087] {spark_submit.py:488} INFO - optional int96 group_by_date;
[2022-04-06 03:21:17,087] {spark_submit.py:488} INFO - }
[2022-04-06 03:21:17,087] {spark_submit.py:488} INFO - 
[2022-04-06 03:21:17,116] {spark_submit.py:488} INFO - 
[2022-04-06 03:21:17,116] {spark_submit.py:488} INFO - 22/04/06 03:21:16 INFO ParquetWriteSupport: Initialized Parquet WriteSupport with Catalyst schema:
[2022-04-06 03:21:17,116] {spark_submit.py:488} INFO - {
[2022-04-06 03:21:17,116] {spark_submit.py:488} INFO - "type" : "struct",
[2022-04-06 03:21:17,116] {spark_submit.py:488} INFO - "fields" : [ {
[2022-04-06 03:21:17,117] {spark_submit.py:488} INFO - "name" : "id",
[2022-04-06 03:21:17,117] {spark_submit.py:488} INFO - "type" : "integer",
[2022-04-06 03:21:17,117] {spark_submit.py:488} INFO - "nullable" : true,
[2022-04-06 03:21:17,117] {spark_submit.py:488} INFO - "metadata" : { }
[2022-04-06 03:21:17,117] {spark_submit.py:488} INFO - }, {
[2022-04-06 03:21:17,117] {spark_submit.py:488} INFO - "name" : "title",
[2022-04-06 03:21:17,117] {spark_submit.py:488} INFO - "type" : "string",
[2022-04-06 03:21:17,117] {spark_submit.py:488} INFO - "nullable" : true,
[2022-04-06 03:21:17,117] {spark_submit.py:488} INFO - "metadata" : { }
[2022-04-06 03:21:17,117] {spark_submit.py:488} INFO - }, {
[2022-04-06 03:21:17,117] {spark_submit.py:488} INFO - "name" : "body",
[2022-04-06 03:21:17,117] {spark_submit.py:488} INFO - "type" : "string",
[2022-04-06 03:21:17,118] {spark_submit.py:488} INFO - "nullable" : true,
[2022-04-06 03:21:17,118] {spark_submit.py:488} INFO - "metadata" : { }
[2022-04-06 03:21:17,118] {spark_submit.py:488} INFO - }, {
[2022-04-06 03:21:17,118] {spark_submit.py:488} INFO - "name" : "accepted_answer_id",
[2022-04-06 03:21:17,118] {spark_submit.py:488} INFO - "type" : "integer",
[2022-04-06 03:21:17,118] {spark_submit.py:488} INFO - "nullable" : true,
[2022-04-06 03:21:17,118] {spark_submit.py:488} INFO - "metadata" : { }
[2022-04-06 03:21:17,118] {spark_submit.py:488} INFO - }, {
[2022-04-06 03:21:17,118] {spark_submit.py:488} INFO - "name" : "answer_count",
[2022-04-06 03:21:17,118] {spark_submit.py:488} INFO - "type" : "integer",
[2022-04-06 03:21:17,118] {spark_submit.py:488} INFO - "nullable" : true,
[2022-04-06 03:21:17,118] {spark_submit.py:488} INFO - "metadata" : { }
[2022-04-06 03:21:17,118] {spark_submit.py:488} INFO - }, {
[2022-04-06 03:21:17,118] {spark_submit.py:488} INFO - "name" : "comment_count",
[2022-04-06 03:21:17,118] {spark_submit.py:488} INFO - "type" : "integer",
[2022-04-06 03:21:17,119] {spark_submit.py:488} INFO - "nullable" : true,
[2022-04-06 03:21:17,119] {spark_submit.py:488} INFO - "metadata" : { }
[2022-04-06 03:21:17,119] {spark_submit.py:488} INFO - }, {
[2022-04-06 03:21:17,119] {spark_submit.py:488} INFO - "name" : "community_owned_date",
[2022-04-06 03:21:17,119] {spark_submit.py:488} INFO - "type" : "timestamp",
[2022-04-06 03:21:17,119] {spark_submit.py:488} INFO - "nullable" : true,
[2022-04-06 03:21:17,119] {spark_submit.py:488} INFO - "metadata" : { }
[2022-04-06 03:21:17,119] {spark_submit.py:488} INFO - }, {
[2022-04-06 03:21:17,119] {spark_submit.py:488} INFO - "name" : "creation_date",
[2022-04-06 03:21:17,119] {spark_submit.py:488} INFO - "type" : "timestamp",
[2022-04-06 03:21:17,119] {spark_submit.py:488} INFO - "nullable" : true,
[2022-04-06 03:21:17,119] {spark_submit.py:488} INFO - "metadata" : { }
[2022-04-06 03:21:17,119] {spark_submit.py:488} INFO - }, {
[2022-04-06 03:21:17,119] {spark_submit.py:488} INFO - "name" : "favorite_count",
[2022-04-06 03:21:17,140] {spark_submit.py:488} INFO - "type" : "integer",
[2022-04-06 03:21:17,140] {spark_submit.py:488} INFO - "nullable" : true,
[2022-04-06 03:21:17,140] {spark_submit.py:488} INFO - "metadata" : { }
[2022-04-06 03:21:17,140] {spark_submit.py:488} INFO - }, {
[2022-04-06 03:21:17,140] {spark_submit.py:488} INFO - "name" : "last_activity_date",
[2022-04-06 03:21:17,140] {spark_submit.py:488} INFO - "type" : "timestamp",
[2022-04-06 03:21:17,140] {spark_submit.py:488} INFO - "nullable" : true,
[2022-04-06 03:21:17,140] {spark_submit.py:488} INFO - "metadata" : { }
[2022-04-06 03:21:17,140] {spark_submit.py:488} INFO - }, {
[2022-04-06 03:21:17,140] {spark_submit.py:488} INFO - "name" : "last_edit_date",
[2022-04-06 03:21:17,140] {spark_submit.py:488} INFO - "type" : "timestamp",
[2022-04-06 03:21:17,141] {spark_submit.py:488} INFO - "nullable" : true,
[2022-04-06 03:21:17,141] {spark_submit.py:488} INFO - "metadata" : { }
[2022-04-06 03:21:17,141] {spark_submit.py:488} INFO - }, {
[2022-04-06 03:21:17,141] {spark_submit.py:488} INFO - "name" : "last_editor_display_name",
[2022-04-06 03:21:17,141] {spark_submit.py:488} INFO - "type" : "string",
[2022-04-06 03:21:17,141] {spark_submit.py:488} INFO - "nullable" : true,
[2022-04-06 03:21:17,141] {spark_submit.py:488} INFO - "metadata" : { }
[2022-04-06 03:21:17,141] {spark_submit.py:488} INFO - }, {
[2022-04-06 03:21:17,141] {spark_submit.py:488} INFO - "name" : "last_editor_user_id",
[2022-04-06 03:21:17,141] {spark_submit.py:488} INFO - "type" : "integer",
[2022-04-06 03:21:17,141] {spark_submit.py:488} INFO - "nullable" : true,
[2022-04-06 03:21:17,141] {spark_submit.py:488} INFO - "metadata" : { }
[2022-04-06 03:21:17,141] {spark_submit.py:488} INFO - }, {
[2022-04-06 03:21:17,141] {spark_submit.py:488} INFO - "name" : "owner_display_name",
[2022-04-06 03:21:17,141] {spark_submit.py:488} INFO - "type" : "string",
[2022-04-06 03:21:17,141] {spark_submit.py:488} INFO - "nullable" : true,
[2022-04-06 03:21:17,141] {spark_submit.py:488} INFO - "metadata" : { }
[2022-04-06 03:21:17,142] {spark_submit.py:488} INFO - }, {
[2022-04-06 03:21:17,142] {spark_submit.py:488} INFO - "name" : "owner_user_id",
[2022-04-06 03:21:17,142] {spark_submit.py:488} INFO - "type" : "integer",
[2022-04-06 03:21:17,142] {spark_submit.py:488} INFO - "nullable" : true,
[2022-04-06 03:21:17,142] {spark_submit.py:488} INFO - "metadata" : { }
[2022-04-06 03:21:17,142] {spark_submit.py:488} INFO - }, {
[2022-04-06 03:21:17,142] {spark_submit.py:488} INFO - "name" : "parent_id",
[2022-04-06 03:21:17,142] {spark_submit.py:488} INFO - "type" : "integer",
[2022-04-06 03:21:17,200] {spark_submit.py:488} INFO - "nullable" : true,
[2022-04-06 03:21:17,200] {spark_submit.py:488} INFO - "metadata" : { }
[2022-04-06 03:21:17,200] {spark_submit.py:488} INFO - }, {
[2022-04-06 03:21:17,200] {spark_submit.py:488} INFO - "name" : "post_type_id",
[2022-04-06 03:21:17,200] {spark_submit.py:488} INFO - "type" : "integer",
[2022-04-06 03:21:17,200] {spark_submit.py:488} INFO - "nullable" : true,
[2022-04-06 03:21:17,200] {spark_submit.py:488} INFO - "metadata" : { }
[2022-04-06 03:21:17,201] {spark_submit.py:488} INFO - }, {
[2022-04-06 03:21:17,201] {spark_submit.py:488} INFO - "name" : "score",
[2022-04-06 03:21:17,201] {spark_submit.py:488} INFO - "type" : "integer",
[2022-04-06 03:21:17,201] {spark_submit.py:488} INFO - "nullable" : true,
[2022-04-06 03:21:17,201] {spark_submit.py:488} INFO - "metadata" : { }
[2022-04-06 03:21:17,201] {spark_submit.py:488} INFO - }, {
[2022-04-06 03:21:17,201] {spark_submit.py:488} INFO - "name" : "tags",
[2022-04-06 03:21:17,201] {spark_submit.py:488} INFO - "type" : "string",
[2022-04-06 03:21:17,201] {spark_submit.py:488} INFO - "nullable" : true,
[2022-04-06 03:21:17,201] {spark_submit.py:488} INFO - "metadata" : { }
[2022-04-06 03:21:17,201] {spark_submit.py:488} INFO - }, {
[2022-04-06 03:21:17,201] {spark_submit.py:488} INFO - "name" : "view_count",
[2022-04-06 03:21:17,202] {spark_submit.py:488} INFO - "type" : "integer",
[2022-04-06 03:21:17,202] {spark_submit.py:488} INFO - "nullable" : true,
[2022-04-06 03:21:17,202] {spark_submit.py:488} INFO - "metadata" : { }
[2022-04-06 03:21:17,202] {spark_submit.py:488} INFO - }, {
[2022-04-06 03:21:17,202] {spark_submit.py:488} INFO - "name" : "group_by_date",
[2022-04-06 03:21:17,202] {spark_submit.py:488} INFO - "type" : "timestamp",
[2022-04-06 03:21:17,202] {spark_submit.py:488} INFO - "nullable" : true,
[2022-04-06 03:21:17,203] {spark_submit.py:488} INFO - "metadata" : { }
[2022-04-06 03:21:17,203] {spark_submit.py:488} INFO - } ]
[2022-04-06 03:21:17,203] {spark_submit.py:488} INFO - }
[2022-04-06 03:21:17,203] {spark_submit.py:488} INFO - and corresponding Parquet message type:
[2022-04-06 03:21:17,203] {spark_submit.py:488} INFO - message spark_schema {
[2022-04-06 03:21:17,203] {spark_submit.py:488} INFO - optional int32 id;
[2022-04-06 03:21:17,203] {spark_submit.py:488} INFO - optional binary title (STRING);
[2022-04-06 03:21:17,203] {spark_submit.py:488} INFO - optional binary body (STRING);
[2022-04-06 03:21:17,203] {spark_submit.py:488} INFO - optional int32 accepted_answer_id;
[2022-04-06 03:21:17,203] {spark_submit.py:488} INFO - optional int32 answer_count;
[2022-04-06 03:21:17,203] {spark_submit.py:488} INFO - optional int32 comment_count;
[2022-04-06 03:21:17,203] {spark_submit.py:488} INFO - optional int96 community_owned_date;
[2022-04-06 03:21:17,228] {spark_submit.py:488} INFO - optional int96 creation_date;
[2022-04-06 03:21:17,228] {spark_submit.py:488} INFO - optional int32 favorite_count;
[2022-04-06 03:21:17,228] {spark_submit.py:488} INFO - optional int96 last_activity_date;
[2022-04-06 03:21:17,228] {spark_submit.py:488} INFO - optional int96 last_edit_date;
[2022-04-06 03:21:17,228] {spark_submit.py:488} INFO - optional binary last_editor_display_name (STRING);
[2022-04-06 03:21:17,228] {spark_submit.py:488} INFO - optional int32 last_editor_user_id;
[2022-04-06 03:21:17,228] {spark_submit.py:488} INFO - optional binary owner_display_name (STRING);
[2022-04-06 03:21:17,228] {spark_submit.py:488} INFO - optional int32 owner_user_id;
[2022-04-06 03:21:17,228] {spark_submit.py:488} INFO - optional int32 parent_id;
[2022-04-06 03:21:17,229] {spark_submit.py:488} INFO - optional int32 post_type_id;
[2022-04-06 03:21:17,229] {spark_submit.py:488} INFO - optional int32 score;
[2022-04-06 03:21:17,229] {spark_submit.py:488} INFO - optional binary tags (STRING);
[2022-04-06 03:21:17,229] {spark_submit.py:488} INFO - optional int32 view_count;
[2022-04-06 03:21:17,229] {spark_submit.py:488} INFO - optional int96 group_by_date;
[2022-04-06 03:21:17,229] {spark_submit.py:488} INFO - }
[2022-04-06 03:21:17,229] {spark_submit.py:488} INFO - 
[2022-04-06 03:21:17,229] {spark_submit.py:488} INFO - 
[2022-04-06 03:21:17,229] {spark_submit.py:488} INFO - 22/04/06 03:21:16 INFO ParquetWriteSupport: Initialized Parquet WriteSupport with Catalyst schema:
[2022-04-06 03:21:17,229] {spark_submit.py:488} INFO - {
[2022-04-06 03:21:17,229] {spark_submit.py:488} INFO - "type" : "struct",
[2022-04-06 03:21:17,229] {spark_submit.py:488} INFO - "fields" : [ {
[2022-04-06 03:21:17,229] {spark_submit.py:488} INFO - "name" : "id",
[2022-04-06 03:21:17,229] {spark_submit.py:488} INFO - "type" : "integer",
[2022-04-06 03:21:17,229] {spark_submit.py:488} INFO - "nullable" : true,
[2022-04-06 03:21:17,229] {spark_submit.py:488} INFO - "metadata" : { }
[2022-04-06 03:21:17,230] {spark_submit.py:488} INFO - }, {
[2022-04-06 03:21:17,230] {spark_submit.py:488} INFO - "name" : "title",
[2022-04-06 03:21:17,230] {spark_submit.py:488} INFO - "type" : "string",
[2022-04-06 03:21:17,230] {spark_submit.py:488} INFO - "nullable" : true,
[2022-04-06 03:21:17,230] {spark_submit.py:488} INFO - "metadata" : { }
[2022-04-06 03:21:17,230] {spark_submit.py:488} INFO - }, {
[2022-04-06 03:21:17,230] {spark_submit.py:488} INFO - "name" : "body",
[2022-04-06 03:21:17,230] {spark_submit.py:488} INFO - "type" : "string",
[2022-04-06 03:21:17,230] {spark_submit.py:488} INFO - "nullable" : true,
[2022-04-06 03:21:17,230] {spark_submit.py:488} INFO - "metadata" : { }
[2022-04-06 03:21:17,230] {spark_submit.py:488} INFO - }, {
[2022-04-06 03:21:17,230] {spark_submit.py:488} INFO - "name" : "accepted_answer_id",
[2022-04-06 03:21:17,230] {spark_submit.py:488} INFO - "type" : "integer",
[2022-04-06 03:21:17,230] {spark_submit.py:488} INFO - "nullable" : true,
[2022-04-06 03:21:17,231] {spark_submit.py:488} INFO - "metadata" : { }
[2022-04-06 03:21:17,231] {spark_submit.py:488} INFO - }, {
[2022-04-06 03:21:17,231] {spark_submit.py:488} INFO - "name" : "answer_count",
[2022-04-06 03:21:17,231] {spark_submit.py:488} INFO - "type" : "integer",
[2022-04-06 03:21:17,231] {spark_submit.py:488} INFO - "nullable" : true,
[2022-04-06 03:21:17,231] {spark_submit.py:488} INFO - "metadata" : { }
[2022-04-06 03:21:17,231] {spark_submit.py:488} INFO - }, {
[2022-04-06 03:21:17,231] {spark_submit.py:488} INFO - "name" : "comment_count",
[2022-04-06 03:21:17,231] {spark_submit.py:488} INFO - "type" : "integer",
[2022-04-06 03:21:17,231] {spark_submit.py:488} INFO - "nullable" : true,
[2022-04-06 03:21:17,260] {spark_submit.py:488} INFO - "metadata" : { }
[2022-04-06 03:21:17,260] {spark_submit.py:488} INFO - }, {
[2022-04-06 03:21:17,260] {spark_submit.py:488} INFO - "name" : "community_owned_date",
[2022-04-06 03:21:17,260] {spark_submit.py:488} INFO - "type" : "timestamp",
[2022-04-06 03:21:17,260] {spark_submit.py:488} INFO - "nullable" : true,
[2022-04-06 03:21:17,260] {spark_submit.py:488} INFO - "metadata" : { }
[2022-04-06 03:21:17,260] {spark_submit.py:488} INFO - }, {
[2022-04-06 03:21:17,260] {spark_submit.py:488} INFO - "name" : "creation_date",
[2022-04-06 03:21:17,260] {spark_submit.py:488} INFO - "type" : "timestamp",
[2022-04-06 03:21:17,261] {spark_submit.py:488} INFO - "nullable" : true,
[2022-04-06 03:21:17,261] {spark_submit.py:488} INFO - "metadata" : { }
[2022-04-06 03:21:17,261] {spark_submit.py:488} INFO - }, {
[2022-04-06 03:21:17,261] {spark_submit.py:488} INFO - "name" : "favorite_count",
[2022-04-06 03:21:17,261] {spark_submit.py:488} INFO - "type" : "integer",
[2022-04-06 03:21:17,261] {spark_submit.py:488} INFO - "nullable" : true,
[2022-04-06 03:21:17,261] {spark_submit.py:488} INFO - "metadata" : { }
[2022-04-06 03:21:17,261] {spark_submit.py:488} INFO - }, {
[2022-04-06 03:21:17,261] {spark_submit.py:488} INFO - "name" : "last_activity_date",
[2022-04-06 03:21:17,261] {spark_submit.py:488} INFO - "type" : "timestamp",
[2022-04-06 03:21:17,261] {spark_submit.py:488} INFO - "nullable" : true,
[2022-04-06 03:21:17,261] {spark_submit.py:488} INFO - "metadata" : { }
[2022-04-06 03:21:17,261] {spark_submit.py:488} INFO - }, {
[2022-04-06 03:21:17,262] {spark_submit.py:488} INFO - "name" : "last_edit_date",
[2022-04-06 03:21:17,262] {spark_submit.py:488} INFO - "type" : "timestamp",
[2022-04-06 03:21:17,262] {spark_submit.py:488} INFO - "nullable" : true,
[2022-04-06 03:21:17,262] {spark_submit.py:488} INFO - "metadata" : { }
[2022-04-06 03:21:17,262] {spark_submit.py:488} INFO - }, {
[2022-04-06 03:21:17,262] {spark_submit.py:488} INFO - "name" : "last_editor_display_name",
[2022-04-06 03:21:17,262] {spark_submit.py:488} INFO - "type" : "string",
[2022-04-06 03:21:17,262] {spark_submit.py:488} INFO - "nullable" : true,
[2022-04-06 03:21:17,262] {spark_submit.py:488} INFO - "metadata" : { }
[2022-04-06 03:21:17,262] {spark_submit.py:488} INFO - }, {
[2022-04-06 03:21:17,262] {spark_submit.py:488} INFO - "name" : "last_editor_user_id",
[2022-04-06 03:21:17,262] {spark_submit.py:488} INFO - "type" : "integer",
[2022-04-06 03:21:17,262] {spark_submit.py:488} INFO - "nullable" : true,
[2022-04-06 03:21:17,262] {spark_submit.py:488} INFO - "metadata" : { }
[2022-04-06 03:21:17,263] {spark_submit.py:488} INFO - }, {
[2022-04-06 03:21:17,263] {spark_submit.py:488} INFO - "name" : "owner_display_name",
[2022-04-06 03:21:17,263] {spark_submit.py:488} INFO - "type" : "string",
[2022-04-06 03:21:17,263] {spark_submit.py:488} INFO - "nullable" : true,
[2022-04-06 03:21:17,263] {spark_submit.py:488} INFO - "metadata" : { }
[2022-04-06 03:21:17,263] {spark_submit.py:488} INFO - }, {
[2022-04-06 03:21:17,263] {spark_submit.py:488} INFO - "name" : "owner_user_id",
[2022-04-06 03:21:17,263] {spark_submit.py:488} INFO - "type" : "integer",
[2022-04-06 03:21:17,263] {spark_submit.py:488} INFO - "nullable" : true,
[2022-04-06 03:21:17,263] {spark_submit.py:488} INFO - "metadata" : { }
[2022-04-06 03:21:17,263] {spark_submit.py:488} INFO - }, {
[2022-04-06 03:21:17,263] {spark_submit.py:488} INFO - "name" : "parent_id",
[2022-04-06 03:21:17,292] {spark_submit.py:488} INFO - "type" : "integer",
[2022-04-06 03:21:17,292] {spark_submit.py:488} INFO - "nullable" : true,
[2022-04-06 03:21:17,292] {spark_submit.py:488} INFO - "metadata" : { }
[2022-04-06 03:21:17,292] {spark_submit.py:488} INFO - }, {
[2022-04-06 03:21:17,292] {spark_submit.py:488} INFO - "name" : "post_type_id",
[2022-04-06 03:21:17,292] {spark_submit.py:488} INFO - "type" : "integer",
[2022-04-06 03:21:17,292] {spark_submit.py:488} INFO - "nullable" : true,
[2022-04-06 03:21:17,292] {spark_submit.py:488} INFO - "metadata" : { }
[2022-04-06 03:21:17,292] {spark_submit.py:488} INFO - }, {
[2022-04-06 03:21:17,293] {spark_submit.py:488} INFO - "name" : "score",
[2022-04-06 03:21:17,293] {spark_submit.py:488} INFO - "type" : "integer",
[2022-04-06 03:21:17,293] {spark_submit.py:488} INFO - "nullable" : true,
[2022-04-06 03:21:17,293] {spark_submit.py:488} INFO - "metadata" : { }
[2022-04-06 03:21:17,293] {spark_submit.py:488} INFO - }, {
[2022-04-06 03:21:17,293] {spark_submit.py:488} INFO - "name" : "tags",
[2022-04-06 03:21:17,293] {spark_submit.py:488} INFO - "type" : "string",
[2022-04-06 03:21:17,293] {spark_submit.py:488} INFO - "nullable" : true,
[2022-04-06 03:21:17,293] {spark_submit.py:488} INFO - "metadata" : { }
[2022-04-06 03:21:17,293] {spark_submit.py:488} INFO - }, {
[2022-04-06 03:21:17,293] {spark_submit.py:488} INFO - "name" : "view_count",
[2022-04-06 03:21:17,293] {spark_submit.py:488} INFO - "type" : "integer",
[2022-04-06 03:21:17,293] {spark_submit.py:488} INFO - "nullable" : true,
[2022-04-06 03:21:17,294] {spark_submit.py:488} INFO - "metadata" : { }
[2022-04-06 03:21:17,294] {spark_submit.py:488} INFO - }, {
[2022-04-06 03:21:17,294] {spark_submit.py:488} INFO - "name" : "group_by_date",
[2022-04-06 03:21:17,294] {spark_submit.py:488} INFO - "type" : "timestamp",
[2022-04-06 03:21:17,294] {spark_submit.py:488} INFO - "nullable" : true,
[2022-04-06 03:21:17,294] {spark_submit.py:488} INFO - "metadata" : { }
[2022-04-06 03:21:17,294] {spark_submit.py:488} INFO - } ]
[2022-04-06 03:21:17,294] {spark_submit.py:488} INFO - }
[2022-04-06 03:21:17,294] {spark_submit.py:488} INFO - and corresponding Parquet message type:
[2022-04-06 03:21:17,294] {spark_submit.py:488} INFO - message spark_schema {
[2022-04-06 03:21:17,294] {spark_submit.py:488} INFO - optional int32 id;
[2022-04-06 03:21:17,294] {spark_submit.py:488} INFO - optional binary title (STRING);
[2022-04-06 03:21:17,294] {spark_submit.py:488} INFO - optional binary body (STRING);
[2022-04-06 03:21:17,295] {spark_submit.py:488} INFO - optional int32 accepted_answer_id;
[2022-04-06 03:21:17,295] {spark_submit.py:488} INFO - optional int32 answer_count;
[2022-04-06 03:21:17,295] {spark_submit.py:488} INFO - optional int32 comment_count;
[2022-04-06 03:21:17,295] {spark_submit.py:488} INFO - optional int96 community_owned_date;
[2022-04-06 03:21:17,295] {spark_submit.py:488} INFO - optional int96 creation_date;
[2022-04-06 03:21:17,295] {spark_submit.py:488} INFO - optional int32 favorite_count;
[2022-04-06 03:21:17,295] {spark_submit.py:488} INFO - optional int96 last_activity_date;
[2022-04-06 03:21:17,295] {spark_submit.py:488} INFO - optional int96 last_edit_date;
[2022-04-06 03:21:17,295] {spark_submit.py:488} INFO - optional binary last_editor_display_name (STRING);
[2022-04-06 03:21:17,295] {spark_submit.py:488} INFO - optional int32 last_editor_user_id;
[2022-04-06 03:21:17,295] {spark_submit.py:488} INFO - optional binary owner_display_name (STRING);
[2022-04-06 03:21:17,295] {spark_submit.py:488} INFO - optional int32 owner_user_id;
[2022-04-06 03:21:17,316] {spark_submit.py:488} INFO - optional int32 parent_id;
[2022-04-06 03:21:17,316] {spark_submit.py:488} INFO - optional int32 post_type_id;
[2022-04-06 03:21:17,316] {spark_submit.py:488} INFO - optional int32 score;
[2022-04-06 03:21:17,316] {spark_submit.py:488} INFO - optional binary tags (STRING);
[2022-04-06 03:21:17,316] {spark_submit.py:488} INFO - optional int32 view_count;
[2022-04-06 03:21:17,316] {spark_submit.py:488} INFO - optional int96 group_by_date;
[2022-04-06 03:21:17,316] {spark_submit.py:488} INFO - }
[2022-04-06 03:21:17,316] {spark_submit.py:488} INFO - 
[2022-04-06 03:21:17,316] {spark_submit.py:488} INFO - 
[2022-04-06 03:21:18,471] {spark_submit.py:488} INFO - 22/04/06 03:21:18 INFO CodecPool: Got brand-new compressor [.snappy]
[2022-04-06 03:21:18,475] {spark_submit.py:488} INFO - 22/04/06 03:21:18 INFO CodecPool: Got brand-new compressor [.snappy]
[2022-04-06 03:21:18,475] {spark_submit.py:488} INFO - 22/04/06 03:21:18 INFO CodecPool: Got brand-new compressor [.snappy]
[2022-04-06 03:21:18,488] {spark_submit.py:488} INFO - 22/04/06 03:21:18 INFO CodecPool: Got brand-new compressor [.snappy]
[2022-04-06 03:21:42,956] {spark_submit.py:488} INFO - 22/04/06 03:21:42 INFO GoogleCloudStorageImpl: Ignoring exception of type GoogleJsonResponseException; verified object already exists with desired state.
[2022-04-06 03:21:42,956] {spark_submit.py:488} INFO - 22/04/06 03:21:42 INFO GoogleCloudStorageFileSystem: Successfully repaired 'gs://dtc_data_lake_de-stack-overflow/BigQuery/posts_questions-2019-11/_temporary/0/_temporary/' directory.
[2022-04-06 03:21:42,956] {spark_submit.py:488} INFO - 22/04/06 03:21:42 INFO FileOutputCommitter: Saved output of task 'attempt_202204060321134260789980534816818_0003_m_000002_7' to gs://dtc_data_lake_de-stack-overflow/BigQuery/posts_questions-2019-11/_temporary/0/task_202204060321134260789980534816818_0003_m_000002
[2022-04-06 03:21:42,967] {spark_submit.py:488} INFO - 22/04/06 03:21:42 INFO GoogleCloudStorageImpl: Ignoring exception of type GoogleJsonResponseException; verified object already exists with desired state.
[2022-04-06 03:21:42,968] {spark_submit.py:488} INFO - 22/04/06 03:21:42 INFO GoogleCloudStorageFileSystem: Successfully repaired 'gs://dtc_data_lake_de-stack-overflow/BigQuery/posts_questions-2019-11/_temporary/0/_temporary/' directory.
[2022-04-06 03:21:42,968] {spark_submit.py:488} INFO - 22/04/06 03:21:42 INFO FileOutputCommitter: Saved output of task 'attempt_202204060321138945595960725009949_0003_m_000000_5' to gs://dtc_data_lake_de-stack-overflow/BigQuery/posts_questions-2019-11/_temporary/0/task_202204060321138945595960725009949_0003_m_000000
[2022-04-06 03:21:42,970] {spark_submit.py:488} INFO - 22/04/06 03:21:42 INFO SparkHadoopMapRedUtil: attempt_202204060321138945595960725009949_0003_m_000000_5: Committed
[2022-04-06 03:21:42,985] {spark_submit.py:488} INFO - 22/04/06 03:21:42 INFO GoogleCloudStorageImpl: Ignoring exception of type GoogleJsonResponseException; verified object already exists with desired state.
[2022-04-06 03:21:42,986] {spark_submit.py:488} INFO - 22/04/06 03:21:42 INFO GoogleCloudStorageFileSystem: Successfully repaired 'gs://dtc_data_lake_de-stack-overflow/BigQuery/posts_questions-2019-11/_temporary/0/_temporary/' directory.
[2022-04-06 03:21:42,987] {spark_submit.py:488} INFO - 22/04/06 03:21:42 INFO FileOutputCommitter: Saved output of task 'attempt_202204060321131020466756946030666_0003_m_000001_6' to gs://dtc_data_lake_de-stack-overflow/BigQuery/posts_questions-2019-11/_temporary/0/task_202204060321131020466756946030666_0003_m_000001
[2022-04-06 03:21:43,024] {spark_submit.py:488} INFO - 22/04/06 03:21:43 INFO GoogleCloudStorageFileSystem: Successfully repaired 'gs://dtc_data_lake_de-stack-overflow/BigQuery/posts_questions-2019-11/_temporary/0/_temporary/' directory.
[2022-04-06 03:21:43,025] {spark_submit.py:488} INFO - 22/04/06 03:21:43 INFO FileOutputCommitter: Saved output of task 'attempt_202204060321133537438522978944832_0003_m_000003_8' to gs://dtc_data_lake_de-stack-overflow/BigQuery/posts_questions-2019-11/_temporary/0/task_202204060321133537438522978944832_0003_m_000003
[2022-04-06 03:21:43,048] {spark_submit.py:488} INFO - 22/04/06 03:21:42 INFO SparkHadoopMapRedUtil: attempt_202204060321134260789980534816818_0003_m_000002_7: Committed
[2022-04-06 03:21:43,048] {spark_submit.py:488} INFO - 22/04/06 03:21:42 INFO SparkHadoopMapRedUtil: attempt_202204060321131020466756946030666_0003_m_000001_6: Committed
[2022-04-06 03:21:43,053] {spark_submit.py:488} INFO - 22/04/06 03:21:43 INFO SparkHadoopMapRedUtil: attempt_202204060321133537438522978944832_0003_m_000003_8: Committed
[2022-04-06 03:21:43,118] {spark_submit.py:488} INFO - 22/04/06 03:21:43 INFO Executor: Finished task 2.0 in stage 3.0 (TID 7). 3483 bytes result sent to driver
[2022-04-06 03:21:43,118] {spark_submit.py:488} INFO - 22/04/06 03:21:43 INFO Executor: Finished task 1.0 in stage 3.0 (TID 6). 3483 bytes result sent to driver
[2022-04-06 03:21:43,124] {spark_submit.py:488} INFO - 22/04/06 03:21:43 INFO TaskSetManager: Finished task 2.0 in stage 3.0 (TID 7) in 27806 ms on 9fe4286b2855 (executor driver) (1/4)
[2022-04-06 03:21:43,124] {spark_submit.py:488} INFO - 22/04/06 03:21:43 INFO TaskSetManager: Finished task 1.0 in stage 3.0 (TID 6) in 27809 ms on 9fe4286b2855 (executor driver) (2/4)
[2022-04-06 03:21:43,137] {spark_submit.py:488} INFO - 22/04/06 03:21:43 INFO Executor: Finished task 0.0 in stage 3.0 (TID 5). 3526 bytes result sent to driver
[2022-04-06 03:21:43,140] {spark_submit.py:488} INFO - 22/04/06 03:21:43 INFO TaskSetManager: Finished task 0.0 in stage 3.0 (TID 5) in 27831 ms on 9fe4286b2855 (executor driver) (3/4)
[2022-04-06 03:21:43,165] {spark_submit.py:488} INFO - 22/04/06 03:21:43 INFO Executor: Finished task 3.0 in stage 3.0 (TID 8). 3483 bytes result sent to driver
[2022-04-06 03:21:43,172] {spark_submit.py:488} INFO - 22/04/06 03:21:43 INFO TaskSetManager: Finished task 3.0 in stage 3.0 (TID 8) in 27854 ms on 9fe4286b2855 (executor driver) (4/4)
[2022-04-06 03:21:43,172] {spark_submit.py:488} INFO - 22/04/06 03:21:43 INFO TaskSchedulerImpl: Removed TaskSet 3.0, whose tasks have all completed, from pool
[2022-04-06 03:21:43,177] {spark_submit.py:488} INFO - 22/04/06 03:21:43 INFO DAGScheduler: ResultStage 3 (save at NativeMethodAccessorImpl.java:0) finished in 29.004 s
[2022-04-06 03:21:43,177] {spark_submit.py:488} INFO - 22/04/06 03:21:43 INFO DAGScheduler: Job 2 is finished. Cancelling potential speculative or zombie tasks for this job
[2022-04-06 03:21:43,178] {spark_submit.py:488} INFO - 22/04/06 03:21:43 INFO TaskSchedulerImpl: Killing all running tasks in stage 3: Stage finished
[2022-04-06 03:21:43,180] {spark_submit.py:488} INFO - 22/04/06 03:21:43 INFO DAGScheduler: Job 2 finished: save at NativeMethodAccessorImpl.java:0, took 29.115165 s
[2022-04-06 03:21:43,185] {spark_submit.py:488} INFO - 22/04/06 03:21:43 INFO FileFormatWriter: Start to commit write Job 56c999db-152f-42d3-90e2-dc3079ef2abd.
[2022-04-06 03:21:43,631] {spark_submit.py:488} INFO - 22/04/06 03:21:43 INFO GoogleCloudStorageFileSystem: Successfully repaired 'gs://dtc_data_lake_de-stack-overflow/BigQuery/posts_questions-2019-11/_temporary/0/task_202204060321131020466756946030666_0003_m_000001/' directory.
[2022-04-06 03:21:44,004] {spark_submit.py:488} INFO - 22/04/06 03:21:43 INFO GoogleCloudStorageFileSystem: Successfully repaired 'gs://dtc_data_lake_de-stack-overflow/BigQuery/posts_questions-2019-11/_temporary/0/task_202204060321133537438522978944832_0003_m_000003/' directory.
[2022-04-06 03:21:44,388] {spark_submit.py:488} INFO - 22/04/06 03:21:44 INFO GoogleCloudStorageFileSystem: Successfully repaired 'gs://dtc_data_lake_de-stack-overflow/BigQuery/posts_questions-2019-11/_temporary/0/task_202204060321134260789980534816818_0003_m_000002/' directory.
[2022-04-06 03:21:44,688] {spark_submit.py:488} INFO - 22/04/06 03:21:44 INFO GoogleCloudStorageFileSystem: Successfully repaired 'gs://dtc_data_lake_de-stack-overflow/BigQuery/posts_questions-2019-11/_temporary/0/task_202204060321138945595960725009949_0003_m_000000/' directory.
[2022-04-06 03:21:44,978] {spark_submit.py:488} INFO - 22/04/06 03:21:44 INFO GoogleCloudStorageFileSystem: Successfully repaired 'gs://dtc_data_lake_de-stack-overflow/BigQuery/posts_questions-2019-11/' directory.
[2022-04-06 03:21:45,289] {spark_submit.py:488} INFO - 22/04/06 03:21:45 INFO FileFormatWriter: Write Job 56c999db-152f-42d3-90e2-dc3079ef2abd committed. Elapsed time: 2101 ms.
[2022-04-06 03:21:45,295] {spark_submit.py:488} INFO - 22/04/06 03:21:45 INFO FileFormatWriter: Finished processing stats for write job 56c999db-152f-42d3-90e2-dc3079ef2abd.
[2022-04-06 03:21:45,958] {spark_submit.py:488} INFO - 22/04/06 03:21:45 INFO SparkContext: Invoking stop() from shutdown hook
[2022-04-06 03:21:46,101] {spark_submit.py:488} INFO - 22/04/06 03:21:46 INFO SparkUI: Stopped Spark web UI at http://9fe4286b2855:4049
[2022-04-06 03:21:46,171] {spark_submit.py:488} INFO - 22/04/06 03:21:46 INFO MapOutputTrackerMasterEndpoint: MapOutputTrackerMasterEndpoint stopped!
[2022-04-06 03:21:46,671] {spark_submit.py:488} INFO - 22/04/06 03:21:46 INFO MemoryStore: MemoryStore cleared
[2022-04-06 03:21:46,672] {spark_submit.py:488} INFO - 22/04/06 03:21:46 INFO BlockManager: BlockManager stopped
[2022-04-06 03:21:46,677] {spark_submit.py:488} INFO - 22/04/06 03:21:46 INFO BlockManagerMaster: BlockManagerMaster stopped
[2022-04-06 03:21:46,680] {spark_submit.py:488} INFO - 22/04/06 03:21:46 INFO OutputCommitCoordinator$OutputCommitCoordinatorEndpoint: OutputCommitCoordinator stopped!
[2022-04-06 03:21:46,940] {spark_submit.py:488} INFO - 22/04/06 03:21:46 INFO SparkContext: Successfully stopped SparkContext
[2022-04-06 03:21:46,940] {spark_submit.py:488} INFO - 22/04/06 03:21:46 INFO ShutdownHookManager: Shutdown hook called
[2022-04-06 03:21:46,940] {spark_submit.py:488} INFO - 22/04/06 03:21:46 INFO ShutdownHookManager: Deleting directory /tmp/spark-3955dfb7-d085-427c-80eb-c6a3238644b4/pyspark-a0264e1e-6f0f-45b2-9fc0-e9a2566be13a
[2022-04-06 03:21:47,004] {spark_submit.py:488} INFO - 22/04/06 03:21:47 INFO ShutdownHookManager: Deleting directory /tmp/spark-3955dfb7-d085-427c-80eb-c6a3238644b4
[2022-04-06 03:21:47,064] {spark_submit.py:488} INFO - 22/04/06 03:21:47 INFO ShutdownHookManager: Deleting directory /tmp/spark-1718fb3d-00b4-408c-89d1-2b7698c63a66
[2022-04-06 03:21:49,215] {taskinstance.py:1288} INFO - Marking task as SUCCESS. dag_id=IngestToGCP, task_id=processing_tasks_posts_questions.spark_job, execution_date=20191101T000000, start_date=20220406T031622, end_date=20220406T032149
[2022-04-06 03:21:49,396] {local_task_job.py:154} INFO - Task exited with return code 0
[2022-04-06 03:21:49,536] {local_task_job.py:264} INFO - 1 downstream tasks scheduled from follow-on schedule check
