[2022-04-06 02:42:56,943] {taskinstance.py:1043} INFO - Dependencies all met for <TaskInstance: IngestToGCP.processing_tasks_badges.format_to_parquet_badges scheduled__2018-10-01T00:00:00+00:00 [queued]>
[2022-04-06 02:42:57,220] {taskinstance.py:1043} INFO - Dependencies all met for <TaskInstance: IngestToGCP.processing_tasks_badges.format_to_parquet_badges scheduled__2018-10-01T00:00:00+00:00 [queued]>
[2022-04-06 02:42:57,220] {taskinstance.py:1249} INFO - 
--------------------------------------------------------------------------------
[2022-04-06 02:42:57,220] {taskinstance.py:1250} INFO - Starting attempt 1 of 1
[2022-04-06 02:42:57,220] {taskinstance.py:1251} INFO - 
--------------------------------------------------------------------------------
[2022-04-06 02:42:57,532] {taskinstance.py:1270} INFO - Executing <Task(PythonOperator): processing_tasks_badges.format_to_parquet_badges> on 2018-10-01 00:00:00+00:00
[2022-04-06 02:42:57,688] {standard_task_runner.py:52} INFO - Started process 184746 to run task
[2022-04-06 02:42:57,769] {standard_task_runner.py:79} INFO - Running: ['***', 'tasks', 'run', 'IngestToGCP', 'processing_tasks_badges.format_to_parquet_badges', 'scheduled__2018-10-01T00:00:00+00:00', '--job-id', '11280', '--raw', '--subdir', 'DAGS_FOLDER/ingest_dag.py', '--cfg-path', '/tmp/tmpi9ggi_v7', '--error-file', '/tmp/tmp0ta4rwbr']
[2022-04-06 02:42:57,770] {standard_task_runner.py:80} INFO - Job 11280: Subtask processing_tasks_badges.format_to_parquet_badges
[2022-04-06 02:42:58,291] {logging_mixin.py:109} INFO - Running <TaskInstance: IngestToGCP.processing_tasks_badges.format_to_parquet_badges scheduled__2018-10-01T00:00:00+00:00 [running]> on host 9fe4286b2855
[2022-04-06 02:42:59,086] {logging_mixin.py:109} WARNING - /home/***/.local/lib/python3.7/site-packages/***/utils/context.py:156 AirflowContextDeprecationWarning: Accessing 'execution_date' from the template is deprecated and will be removed in a future version. Please use 'data_interval_start' or 'logical_date' instead.
[2022-04-06 02:42:59,311] {taskinstance.py:1448} INFO - Exporting the following env vars:
AIRFLOW_CTX_DAG_OWNER=***
AIRFLOW_CTX_DAG_ID=IngestToGCP
AIRFLOW_CTX_TASK_ID=processing_tasks_badges.format_to_parquet_badges
AIRFLOW_CTX_EXECUTION_DATE=2018-10-01T00:00:00+00:00
AIRFLOW_CTX_DAG_RUN_ID=scheduled__2018-10-01T00:00:00+00:00
[2022-04-06 02:43:10,724] {python.py:175} INFO - Done. Returned value was: None
[2022-04-06 02:43:11,530] {taskinstance.py:1288} INFO - Marking task as SUCCESS. dag_id=IngestToGCP, task_id=processing_tasks_badges.format_to_parquet_badges, execution_date=20181001T000000, start_date=20220406T024256, end_date=20220406T024311
[2022-04-06 02:43:11,746] {local_task_job.py:154} INFO - Task exited with return code 0
[2022-04-06 02:43:12,139] {local_task_job.py:264} INFO - 1 downstream tasks scheduled from follow-on schedule check
