[2022-04-06 00:29:48,172] {taskinstance.py:1043} INFO - Dependencies all met for <TaskInstance: IngestToGCP.processing_tasks_posts_questions.spark_job scheduled__2013-09-01T00:00:00+00:00 [queued]>
[2022-04-06 00:29:48,421] {taskinstance.py:1043} INFO - Dependencies all met for <TaskInstance: IngestToGCP.processing_tasks_posts_questions.spark_job scheduled__2013-09-01T00:00:00+00:00 [queued]>
[2022-04-06 00:29:48,421] {taskinstance.py:1249} INFO - 
--------------------------------------------------------------------------------
[2022-04-06 00:29:48,421] {taskinstance.py:1250} INFO - Starting attempt 1 of 1
[2022-04-06 00:29:48,421] {taskinstance.py:1251} INFO - 
--------------------------------------------------------------------------------
[2022-04-06 00:29:48,608] {taskinstance.py:1270} INFO - Executing <Task(SparkSubmitOperator): processing_tasks_posts_questions.spark_job> on 2013-09-01 00:00:00+00:00
[2022-04-06 00:29:48,690] {standard_task_runner.py:52} INFO - Started process 93296 to run task
[2022-04-06 00:29:48,791] {standard_task_runner.py:79} INFO - Running: ['***', 'tasks', 'run', 'IngestToGCP', 'processing_tasks_posts_questions.spark_job', 'scheduled__2013-09-01T00:00:00+00:00', '--job-id', '9854', '--raw', '--subdir', 'DAGS_FOLDER/ingest_dag.py', '--cfg-path', '/tmp/tmpjqxjtr0f', '--error-file', '/tmp/tmphpjidl9v']
[2022-04-06 00:29:48,793] {standard_task_runner.py:80} INFO - Job 9854: Subtask processing_tasks_posts_questions.spark_job
[2022-04-06 00:29:49,689] {logging_mixin.py:109} INFO - Running <TaskInstance: IngestToGCP.processing_tasks_posts_questions.spark_job scheduled__2013-09-01T00:00:00+00:00 [running]> on host 9fe4286b2855
[2022-04-06 00:29:50,562] {logging_mixin.py:109} WARNING - /home/***/.local/lib/python3.7/site-packages/***/utils/context.py:156 AirflowContextDeprecationWarning: Accessing 'execution_date' from the template is deprecated and will be removed in a future version. Please use 'data_interval_start' or 'logical_date' instead.
[2022-04-06 00:29:50,788] {taskinstance.py:1448} INFO - Exporting the following env vars:
AIRFLOW_CTX_DAG_OWNER=***
AIRFLOW_CTX_DAG_ID=IngestToGCP
AIRFLOW_CTX_TASK_ID=processing_tasks_posts_questions.spark_job
AIRFLOW_CTX_EXECUTION_DATE=2013-09-01T00:00:00+00:00
AIRFLOW_CTX_DAG_RUN_ID=scheduled__2013-09-01T00:00:00+00:00
[2022-04-06 00:29:50,872] {base.py:79} INFO - Using connection to: id: spark_project. Host: spark://spark, Port: 7077, Schema: , Login: , Password: None, extra: {'queue': 'root.default'}
[2022-04-06 00:29:50,879] {spark_submit.py:335} INFO - Spark-Submit cmd: spark-submit --master spark://spark:7077 --conf spark.master=local[*] --name format_schema --verbose --queue root.default ./dags/pyspark_parquet_transformation.py posts_questions 2013-09
[2022-04-06 00:30:12,800] {spark_submit.py:488} INFO - Using properties file: null
[2022-04-06 00:30:14,763] {spark_submit.py:488} INFO - WARNING: An illegal reflective access operation has occurred
[2022-04-06 00:30:14,764] {spark_submit.py:488} INFO - WARNING: Illegal reflective access by org.apache.spark.unsafe.Platform (file:/opt/***/spark/spark-3.2.1-bin-hadoop3.2/jars/spark-unsafe_2.12-3.2.1.jar) to constructor java.nio.DirectByteBuffer(long,int)
[2022-04-06 00:30:14,764] {spark_submit.py:488} INFO - WARNING: Please consider reporting this to the maintainers of org.apache.spark.unsafe.Platform
[2022-04-06 00:30:14,764] {spark_submit.py:488} INFO - WARNING: Use --illegal-access=warn to enable warnings of further illegal reflective access operations
[2022-04-06 00:30:14,808] {spark_submit.py:488} INFO - WARNING: All illegal access operations will be denied in a future release
[2022-04-06 00:30:16,239] {spark_submit.py:488} INFO - Parsed arguments:
[2022-04-06 00:30:16,239] {spark_submit.py:488} INFO - master                  spark://spark:7077
[2022-04-06 00:30:16,239] {spark_submit.py:488} INFO - deployMode              null
[2022-04-06 00:30:16,240] {spark_submit.py:488} INFO - executorMemory          null
[2022-04-06 00:30:16,240] {spark_submit.py:488} INFO - executorCores           null
[2022-04-06 00:30:16,240] {spark_submit.py:488} INFO - totalExecutorCores      null
[2022-04-06 00:30:16,240] {spark_submit.py:488} INFO - propertiesFile          null
[2022-04-06 00:30:16,240] {spark_submit.py:488} INFO - driverMemory            null
[2022-04-06 00:30:16,240] {spark_submit.py:488} INFO - driverCores             null
[2022-04-06 00:30:16,240] {spark_submit.py:488} INFO - driverExtraClassPath    null
[2022-04-06 00:30:16,241] {spark_submit.py:488} INFO - driverExtraLibraryPath  null
[2022-04-06 00:30:16,241] {spark_submit.py:488} INFO - driverExtraJavaOptions  null
[2022-04-06 00:30:16,241] {spark_submit.py:488} INFO - supervise               false
[2022-04-06 00:30:16,241] {spark_submit.py:488} INFO - queue                   root.default
[2022-04-06 00:30:16,241] {spark_submit.py:488} INFO - numExecutors            null
[2022-04-06 00:30:16,241] {spark_submit.py:488} INFO - files                   null
[2022-04-06 00:30:16,241] {spark_submit.py:488} INFO - pyFiles                 null
[2022-04-06 00:30:16,241] {spark_submit.py:488} INFO - archives                null
[2022-04-06 00:30:16,241] {spark_submit.py:488} INFO - mainClass               null
[2022-04-06 00:30:16,241] {spark_submit.py:488} INFO - primaryResource         file:/opt/***/dags/pyspark_parquet_transformation.py
[2022-04-06 00:30:16,242] {spark_submit.py:488} INFO - name                    format_schema
[2022-04-06 00:30:16,242] {spark_submit.py:488} INFO - childArgs               [posts_questions 2013-09]
[2022-04-06 00:30:16,242] {spark_submit.py:488} INFO - jars                    null
[2022-04-06 00:30:16,242] {spark_submit.py:488} INFO - packages                null
[2022-04-06 00:30:16,242] {spark_submit.py:488} INFO - packagesExclusions      null
[2022-04-06 00:30:16,242] {spark_submit.py:488} INFO - repositories            null
[2022-04-06 00:30:16,242] {spark_submit.py:488} INFO - verbose                 true
[2022-04-06 00:30:16,243] {spark_submit.py:488} INFO - 
[2022-04-06 00:30:16,243] {spark_submit.py:488} INFO - Spark properties used, including those specified through
[2022-04-06 00:30:16,243] {spark_submit.py:488} INFO - --conf and those from the properties file null:
[2022-04-06 00:30:16,243] {spark_submit.py:488} INFO - (spark.master,local[*])
[2022-04-06 00:30:16,243] {spark_submit.py:488} INFO - 
[2022-04-06 00:30:16,252] {spark_submit.py:488} INFO - 
[2022-04-06 00:30:23,365] {spark_submit.py:488} INFO - Main class:
[2022-04-06 00:30:23,369] {spark_submit.py:488} INFO - org.apache.spark.deploy.PythonRunner
[2022-04-06 00:30:23,379] {spark_submit.py:488} INFO - Arguments:
[2022-04-06 00:30:23,379] {spark_submit.py:488} INFO - file:/opt/***/dags/pyspark_parquet_transformation.py
[2022-04-06 00:30:23,379] {spark_submit.py:488} INFO - null
[2022-04-06 00:30:23,380] {spark_submit.py:488} INFO - posts_questions
[2022-04-06 00:30:23,383] {spark_submit.py:488} INFO - 2013-09
[2022-04-06 00:30:23,442] {spark_submit.py:488} INFO - Spark config:
[2022-04-06 00:30:23,443] {spark_submit.py:488} INFO - (spark.master,spark://spark:7077)
[2022-04-06 00:30:23,443] {spark_submit.py:488} INFO - (spark.submit.pyFiles,)
[2022-04-06 00:30:23,443] {spark_submit.py:488} INFO - (spark.submit.deployMode,client)
[2022-04-06 00:30:23,443] {spark_submit.py:488} INFO - (spark.app.name,format_schema)
[2022-04-06 00:30:23,445] {spark_submit.py:488} INFO - Classpath elements:
[2022-04-06 00:30:23,445] {spark_submit.py:488} INFO - 
[2022-04-06 00:30:23,446] {spark_submit.py:488} INFO - 
[2022-04-06 00:30:23,447] {spark_submit.py:488} INFO - 
[2022-04-06 00:30:39,455] {spark_submit.py:488} INFO - Using Spark's default log4j profile: org/apache/spark/log4j-defaults.properties
[2022-04-06 00:30:39,651] {spark_submit.py:488} INFO - 22/04/06 00:30:39 INFO SparkContext: Running Spark version 3.2.1
[2022-04-06 00:30:41,260] {spark_submit.py:488} INFO - 22/04/06 00:30:41 WARN NativeCodeLoader: Unable to load native-hadoop library for your platform... using builtin-java classes where applicable
[2022-04-06 00:30:47,323] {spark_submit.py:488} INFO - 22/04/06 00:30:47 INFO ResourceUtils: ==============================================================
[2022-04-06 00:30:47,355] {spark_submit.py:488} INFO - 22/04/06 00:30:47 INFO ResourceUtils: No custom resources configured for spark.driver.
[2022-04-06 00:30:47,403] {spark_submit.py:488} INFO - 22/04/06 00:30:47 INFO ResourceUtils: ==============================================================
[2022-04-06 00:30:47,472] {spark_submit.py:488} INFO - 22/04/06 00:30:47 INFO SparkContext: Submitted application: Modidy Schema
[2022-04-06 00:30:50,369] {spark_submit.py:488} INFO - 22/04/06 00:30:50 INFO ResourceProfile: Default ResourceProfile created, executor resources: Map(cores -> name: cores, amount: 1, script: , vendor: , memory -> name: memory, amount: 1024, script: , vendor: , offHeap -> name: offHeap, amount: 0, script: , vendor: ), task resources: Map(cpus -> name: cpus, amount: 1.0)
[2022-04-06 00:30:51,218] {spark_submit.py:488} INFO - 22/04/06 00:30:51 INFO ResourceProfile: Limiting resource is cpu
[2022-04-06 00:30:51,252] {spark_submit.py:488} INFO - 22/04/06 00:30:51 INFO ResourceProfileManager: Added ResourceProfile id: 0
[2022-04-06 00:30:53,022] {spark_submit.py:488} INFO - 22/04/06 00:30:53 INFO SecurityManager: Changing view acls to: default
[2022-04-06 00:30:53,023] {spark_submit.py:488} INFO - 22/04/06 00:30:53 INFO SecurityManager: Changing modify acls to: default
[2022-04-06 00:30:53,024] {spark_submit.py:488} INFO - 22/04/06 00:30:53 INFO SecurityManager: Changing view acls groups to:
[2022-04-06 00:30:53,025] {spark_submit.py:488} INFO - 22/04/06 00:30:53 INFO SecurityManager: Changing modify acls groups to:
[2022-04-06 00:30:53,025] {spark_submit.py:488} INFO - 22/04/06 00:30:53 INFO SecurityManager: SecurityManager: authentication disabled; ui acls disabled; users  with view permissions: Set(default); groups with view permissions: Set(); users  with modify permissions: Set(default); groups with modify permissions: Set()
[2022-04-06 00:30:56,670] {spark_submit.py:488} INFO - 22/04/06 00:30:56 INFO Utils: Successfully started service 'sparkDriver' on port 42165.
[2022-04-06 00:30:57,308] {spark_submit.py:488} INFO - 22/04/06 00:30:57 INFO SparkEnv: Registering MapOutputTracker
[2022-04-06 00:30:58,003] {spark_submit.py:488} INFO - 22/04/06 00:30:57 INFO SparkEnv: Registering BlockManagerMaster
[2022-04-06 00:30:58,370] {spark_submit.py:488} INFO - 22/04/06 00:30:58 INFO BlockManagerMasterEndpoint: Using org.apache.spark.storage.DefaultTopologyMapper for getting topology information
[2022-04-06 00:30:58,416] {spark_submit.py:488} INFO - 22/04/06 00:30:58 INFO BlockManagerMasterEndpoint: BlockManagerMasterEndpoint up
[2022-04-06 00:30:58,492] {spark_submit.py:488} INFO - 22/04/06 00:30:58 INFO SparkEnv: Registering BlockManagerMasterHeartbeat
[2022-04-06 00:30:58,805] {spark_submit.py:488} INFO - 22/04/06 00:30:58 INFO DiskBlockManager: Created local directory at /tmp/blockmgr-a0f2322a-8b09-442f-bcc7-7df5b98c3f49
[2022-04-06 00:30:59,249] {spark_submit.py:488} INFO - 22/04/06 00:30:59 INFO MemoryStore: MemoryStore started with capacity 434.4 MiB
[2022-04-06 00:30:59,583] {spark_submit.py:488} INFO - 22/04/06 00:30:59 INFO SparkEnv: Registering OutputCommitCoordinator
[2022-04-06 00:31:03,703] {spark_submit.py:488} INFO - 22/04/06 00:31:03 WARN Utils: Service 'SparkUI' could not bind on port 4040. Attempting port 4041.
[2022-04-06 00:31:03,717] {spark_submit.py:488} INFO - 22/04/06 00:31:03 WARN Utils: Service 'SparkUI' could not bind on port 4041. Attempting port 4042.
[2022-04-06 00:31:03,718] {spark_submit.py:488} INFO - 22/04/06 00:31:03 WARN Utils: Service 'SparkUI' could not bind on port 4042. Attempting port 4043.
[2022-04-06 00:31:03,728] {spark_submit.py:488} INFO - 22/04/06 00:31:03 WARN Utils: Service 'SparkUI' could not bind on port 4043. Attempting port 4044.
[2022-04-06 00:31:03,939] {spark_submit.py:488} INFO - 22/04/06 00:31:03 INFO Utils: Successfully started service 'SparkUI' on port 4044.
[2022-04-06 00:31:05,540] {spark_submit.py:488} INFO - 22/04/06 00:31:05 INFO SparkUI: Bound SparkUI to 0.0.0.0, and started at http://9fe4286b2855:4044
[2022-04-06 00:31:09,304] {spark_submit.py:488} INFO - 22/04/06 00:31:09 INFO Executor: Starting executor ID driver on host 9fe4286b2855
[2022-04-06 00:31:09,940] {spark_submit.py:488} INFO - 22/04/06 00:31:09 INFO Utils: Successfully started service 'org.apache.spark.network.netty.NettyBlockTransferService' on port 45685.
[2022-04-06 00:31:09,941] {spark_submit.py:488} INFO - 22/04/06 00:31:09 INFO NettyBlockTransferService: Server created on 9fe4286b2855:45685
[2022-04-06 00:31:09,949] {spark_submit.py:488} INFO - 22/04/06 00:31:09 INFO BlockManager: Using org.apache.spark.storage.RandomBlockReplicationPolicy for block replication policy
[2022-04-06 00:31:10,047] {spark_submit.py:488} INFO - 22/04/06 00:31:10 INFO BlockManagerMaster: Registering BlockManager BlockManagerId(driver, 9fe4286b2855, 45685, None)
[2022-04-06 00:31:10,174] {spark_submit.py:488} INFO - 22/04/06 00:31:10 INFO BlockManagerMasterEndpoint: Registering block manager 9fe4286b2855:45685 with 434.4 MiB RAM, BlockManagerId(driver, 9fe4286b2855, 45685, None)
[2022-04-06 00:31:10,208] {spark_submit.py:488} INFO - 22/04/06 00:31:10 INFO BlockManagerMaster: Registered BlockManager BlockManagerId(driver, 9fe4286b2855, 45685, None)
[2022-04-06 00:31:10,262] {spark_submit.py:488} INFO - 22/04/06 00:31:10 INFO BlockManager: Initialized BlockManager: BlockManagerId(driver, 9fe4286b2855, 45685, None)
[2022-04-06 00:31:24,328] {spark_submit.py:488} INFO - 22/04/06 00:31:24 INFO SharedState: Setting hive.metastore.warehouse.dir ('null') to the value of spark.sql.warehouse.dir.
[2022-04-06 00:31:24,941] {spark_submit.py:488} INFO - 22/04/06 00:31:24 INFO SharedState: Warehouse path is 'file:/opt/***/spark-warehouse'.
[2022-04-06 00:31:49,609] {spark_submit.py:488} INFO - 22/04/06 00:31:49 INFO InMemoryFileIndex: It took 672 ms to list leaf files for 1 paths.
[2022-04-06 00:31:57,693] {spark_submit.py:488} INFO - 22/04/06 00:31:57 INFO SparkContext: Starting job: parquet at NativeMethodAccessorImpl.java:0
[2022-04-06 00:31:57,943] {spark_submit.py:488} INFO - 22/04/06 00:31:57 INFO DAGScheduler: Got job 0 (parquet at NativeMethodAccessorImpl.java:0) with 1 output partitions
[2022-04-06 00:31:57,963] {spark_submit.py:488} INFO - 22/04/06 00:31:57 INFO DAGScheduler: Final stage: ResultStage 0 (parquet at NativeMethodAccessorImpl.java:0)
[2022-04-06 00:31:57,965] {spark_submit.py:488} INFO - 22/04/06 00:31:57 INFO DAGScheduler: Parents of final stage: List()
[2022-04-06 00:31:57,971] {spark_submit.py:488} INFO - 22/04/06 00:31:57 INFO DAGScheduler: Missing parents: List()
[2022-04-06 00:31:58,074] {spark_submit.py:488} INFO - 22/04/06 00:31:58 INFO DAGScheduler: Submitting ResultStage 0 (MapPartitionsRDD[1] at parquet at NativeMethodAccessorImpl.java:0), which has no missing parents
[2022-04-06 00:31:59,070] {spark_submit.py:488} INFO - 22/04/06 00:31:59 INFO MemoryStore: Block broadcast_0 stored as values in memory (estimated size 100.1 KiB, free 434.3 MiB)
[2022-04-06 00:31:59,840] {spark_submit.py:488} INFO - 22/04/06 00:31:59 INFO MemoryStore: Block broadcast_0_piece0 stored as bytes in memory (estimated size 35.8 KiB, free 434.3 MiB)
[2022-04-06 00:31:59,857] {spark_submit.py:488} INFO - 22/04/06 00:31:59 INFO BlockManagerInfo: Added broadcast_0_piece0 in memory on 9fe4286b2855:45685 (size: 35.8 KiB, free: 434.4 MiB)
[2022-04-06 00:31:59,897] {spark_submit.py:488} INFO - 22/04/06 00:31:59 INFO SparkContext: Created broadcast 0 from broadcast at DAGScheduler.scala:1478
[2022-04-06 00:32:00,147] {spark_submit.py:488} INFO - 22/04/06 00:32:00 INFO DAGScheduler: Submitting 1 missing tasks from ResultStage 0 (MapPartitionsRDD[1] at parquet at NativeMethodAccessorImpl.java:0) (first 15 tasks are for partitions Vector(0))
[2022-04-06 00:32:00,159] {spark_submit.py:488} INFO - 22/04/06 00:32:00 INFO TaskSchedulerImpl: Adding task set 0.0 with 1 tasks resource profile 0
[2022-04-06 00:32:01,107] {spark_submit.py:488} INFO - 22/04/06 00:32:01 INFO TaskSetManager: Starting task 0.0 in stage 0.0 (TID 0) (9fe4286b2855, executor driver, partition 0, PROCESS_LOCAL, 4624 bytes) taskResourceAssignments Map()
[2022-04-06 00:32:01,587] {spark_submit.py:488} INFO - 22/04/06 00:32:01 INFO Executor: Running task 0.0 in stage 0.0 (TID 0)
[2022-04-06 00:32:08,571] {spark_submit.py:488} INFO - 22/04/06 00:32:08 INFO Executor: Finished task 0.0 in stage 0.0 (TID 0). 2409 bytes result sent to driver
[2022-04-06 00:32:08,750] {spark_submit.py:488} INFO - 22/04/06 00:32:08 INFO TaskSetManager: Finished task 0.0 in stage 0.0 (TID 0) in 8202 ms on 9fe4286b2855 (executor driver) (1/1)
[2022-04-06 00:32:08,825] {spark_submit.py:488} INFO - 22/04/06 00:32:08 INFO DAGScheduler: ResultStage 0 (parquet at NativeMethodAccessorImpl.java:0) finished in 10.618 s
[2022-04-06 00:32:08,862] {spark_submit.py:488} INFO - 22/04/06 00:32:08 INFO TaskSchedulerImpl: Removed TaskSet 0.0, whose tasks have all completed, from pool
[2022-04-06 00:32:08,922] {spark_submit.py:488} INFO - 22/04/06 00:32:08 INFO DAGScheduler: Job 0 is finished. Cancelling potential speculative or zombie tasks for this job
[2022-04-06 00:32:08,922] {spark_submit.py:488} INFO - 22/04/06 00:32:08 INFO TaskSchedulerImpl: Killing all running tasks in stage 0: Stage finished
[2022-04-06 00:32:08,945] {spark_submit.py:488} INFO - 22/04/06 00:32:08 INFO DAGScheduler: Job 0 finished: parquet at NativeMethodAccessorImpl.java:0, took 11.237480 s
[2022-04-06 00:32:16,641] {spark_submit.py:488} INFO - 22/04/06 00:32:16 INFO BlockManagerInfo: Removed broadcast_0_piece0 on 9fe4286b2855:45685 in memory (size: 35.8 KiB, free: 434.4 MiB)
[2022-04-06 00:32:51,757] {spark_submit.py:488} INFO - 22/04/06 00:32:51 INFO FileSourceStrategy: Pushed Filters:
[2022-04-06 00:32:51,834] {spark_submit.py:488} INFO - 22/04/06 00:32:51 INFO FileSourceStrategy: Post-Scan Filters:
[2022-04-06 00:32:51,840] {spark_submit.py:488} INFO - 22/04/06 00:32:51 INFO FileSourceStrategy: Output Data Schema: struct<id: bigint, title: string, body: string, accepted_answer_id: double, answer_count: bigint ... 19 more fields>
[2022-04-06 00:32:54,924] {spark_submit.py:488} INFO - 22/04/06 00:32:54 INFO ParquetFileFormat: Using default output committer for Parquet: org.apache.parquet.hadoop.ParquetOutputCommitter
[2022-04-06 00:32:55,468] {spark_submit.py:488} INFO - 22/04/06 00:32:55 INFO FileOutputCommitter: File Output Committer Algorithm version is 1
[2022-04-06 00:32:55,468] {spark_submit.py:488} INFO - 22/04/06 00:32:55 INFO FileOutputCommitter: FileOutputCommitter skip cleanup _temporary folders under output directory:false, ignore cleanup failures: false
[2022-04-06 00:32:55,476] {spark_submit.py:488} INFO - 22/04/06 00:32:55 INFO SQLHadoopMapReduceCommitProtocol: Using user defined output committer class org.apache.parquet.hadoop.ParquetOutputCommitter
[2022-04-06 00:32:55,477] {spark_submit.py:488} INFO - 22/04/06 00:32:55 INFO FileOutputCommitter: File Output Committer Algorithm version is 1
[2022-04-06 00:32:55,477] {spark_submit.py:488} INFO - 22/04/06 00:32:55 INFO FileOutputCommitter: FileOutputCommitter skip cleanup _temporary folders under output directory:false, ignore cleanup failures: false
[2022-04-06 00:32:55,480] {spark_submit.py:488} INFO - 22/04/06 00:32:55 INFO SQLHadoopMapReduceCommitProtocol: Using output committer class org.apache.parquet.hadoop.ParquetOutputCommitter
[2022-04-06 00:33:04,118] {spark_submit.py:488} INFO - 22/04/06 00:33:04 INFO CodeGenerator: Code generated in 4459.488873 ms
[2022-04-06 00:33:04,582] {spark_submit.py:488} INFO - 22/04/06 00:33:04 INFO MemoryStore: Block broadcast_1 stored as values in memory (estimated size 194.3 KiB, free 434.2 MiB)
[2022-04-06 00:33:04,937] {spark_submit.py:488} INFO - 22/04/06 00:33:04 INFO MemoryStore: Block broadcast_1_piece0 stored as bytes in memory (estimated size 34.3 KiB, free 434.2 MiB)
[2022-04-06 00:33:04,940] {spark_submit.py:488} INFO - 22/04/06 00:33:04 INFO BlockManagerInfo: Added broadcast_1_piece0 in memory on 9fe4286b2855:45685 (size: 34.3 KiB, free: 434.4 MiB)
[2022-04-06 00:33:04,971] {spark_submit.py:488} INFO - 22/04/06 00:33:04 INFO SparkContext: Created broadcast 1 from save at NativeMethodAccessorImpl.java:0
[2022-04-06 00:33:05,220] {spark_submit.py:488} INFO - 22/04/06 00:33:05 INFO FileSourceScanExec: Planning scan with bin packing, max size: 15623955 bytes, open cost is considered as scanning 4194304 bytes.
[2022-04-06 00:33:06,167] {spark_submit.py:488} INFO - 22/04/06 00:33:06 INFO DAGScheduler: Registering RDD 6 (save at NativeMethodAccessorImpl.java:0) as input to shuffle 0
[2022-04-06 00:33:06,173] {spark_submit.py:488} INFO - 22/04/06 00:33:06 INFO DAGScheduler: Got map stage job 1 (save at NativeMethodAccessorImpl.java:0) with 4 output partitions
[2022-04-06 00:33:06,174] {spark_submit.py:488} INFO - 22/04/06 00:33:06 INFO DAGScheduler: Final stage: ShuffleMapStage 1 (save at NativeMethodAccessorImpl.java:0)
[2022-04-06 00:33:06,174] {spark_submit.py:488} INFO - 22/04/06 00:33:06 INFO DAGScheduler: Parents of final stage: List()
[2022-04-06 00:33:06,175] {spark_submit.py:488} INFO - 22/04/06 00:33:06 INFO DAGScheduler: Missing parents: List()
[2022-04-06 00:33:06,212] {spark_submit.py:488} INFO - 22/04/06 00:33:06 INFO DAGScheduler: Submitting ShuffleMapStage 1 (MapPartitionsRDD[6] at save at NativeMethodAccessorImpl.java:0), which has no missing parents
[2022-04-06 00:33:06,980] {spark_submit.py:488} INFO - 22/04/06 00:33:06 INFO MemoryStore: Block broadcast_2 stored as values in memory (estimated size 32.2 KiB, free 434.1 MiB)
[2022-04-06 00:33:07,096] {spark_submit.py:488} INFO - 22/04/06 00:33:07 INFO MemoryStore: Block broadcast_2_piece0 stored as bytes in memory (estimated size 10.4 KiB, free 434.1 MiB)
[2022-04-06 00:33:07,099] {spark_submit.py:488} INFO - 22/04/06 00:33:07 INFO BlockManagerInfo: Added broadcast_2_piece0 in memory on 9fe4286b2855:45685 (size: 10.4 KiB, free: 434.4 MiB)
[2022-04-06 00:33:07,109] {spark_submit.py:488} INFO - 22/04/06 00:33:07 INFO SparkContext: Created broadcast 2 from broadcast at DAGScheduler.scala:1478
[2022-04-06 00:33:07,165] {spark_submit.py:488} INFO - 22/04/06 00:33:07 INFO DAGScheduler: Submitting 4 missing tasks from ShuffleMapStage 1 (MapPartitionsRDD[6] at save at NativeMethodAccessorImpl.java:0) (first 15 tasks are for partitions Vector(0, 1, 2, 3))
[2022-04-06 00:33:07,166] {spark_submit.py:488} INFO - 22/04/06 00:33:07 INFO TaskSchedulerImpl: Adding task set 1.0 with 4 tasks resource profile 0
[2022-04-06 00:33:07,178] {spark_submit.py:488} INFO - 22/04/06 00:33:07 INFO TaskSetManager: Starting task 0.0 in stage 1.0 (TID 1) (9fe4286b2855, executor driver, partition 0, PROCESS_LOCAL, 4890 bytes) taskResourceAssignments Map()
[2022-04-06 00:33:07,182] {spark_submit.py:488} INFO - 22/04/06 00:33:07 INFO TaskSetManager: Starting task 1.0 in stage 1.0 (TID 2) (9fe4286b2855, executor driver, partition 1, PROCESS_LOCAL, 4890 bytes) taskResourceAssignments Map()
[2022-04-06 00:33:07,185] {spark_submit.py:488} INFO - 22/04/06 00:33:07 INFO TaskSetManager: Starting task 2.0 in stage 1.0 (TID 3) (9fe4286b2855, executor driver, partition 2, PROCESS_LOCAL, 4890 bytes) taskResourceAssignments Map()
[2022-04-06 00:33:07,186] {spark_submit.py:488} INFO - 22/04/06 00:33:07 INFO TaskSetManager: Starting task 3.0 in stage 1.0 (TID 4) (9fe4286b2855, executor driver, partition 3, PROCESS_LOCAL, 4890 bytes) taskResourceAssignments Map()
[2022-04-06 00:33:07,191] {spark_submit.py:488} INFO - 22/04/06 00:33:07 INFO Executor: Running task 0.0 in stage 1.0 (TID 1)
[2022-04-06 00:33:07,340] {spark_submit.py:488} INFO - 22/04/06 00:33:07 INFO Executor: Running task 2.0 in stage 1.0 (TID 3)
[2022-04-06 00:33:07,342] {spark_submit.py:488} INFO - 22/04/06 00:33:07 INFO Executor: Running task 1.0 in stage 1.0 (TID 2)
[2022-04-06 00:33:07,343] {spark_submit.py:488} INFO - 22/04/06 00:33:07 INFO Executor: Running task 3.0 in stage 1.0 (TID 4)
[2022-04-06 00:33:08,332] {spark_submit.py:488} INFO - 22/04/06 00:33:08 INFO FileScanRDD: Reading File path: gs://dtc_data_lake_de-stack-overflow/parquet/posts_questions-2013-09.parquet, range: 46871865-58301518, partition values: [empty row]
[2022-04-06 00:33:08,399] {spark_submit.py:488} INFO - 22/04/06 00:33:08 INFO FileScanRDD: Reading File path: gs://dtc_data_lake_de-stack-overflow/parquet/posts_questions-2013-09.parquet, range: 15623955-31247910, partition values: [empty row]
[2022-04-06 00:33:08,400] {spark_submit.py:488} INFO - 22/04/06 00:33:08 INFO FileScanRDD: Reading File path: gs://dtc_data_lake_de-stack-overflow/parquet/posts_questions-2013-09.parquet, range: 31247910-46871865, partition values: [empty row]
[2022-04-06 00:33:08,402] {spark_submit.py:488} INFO - 22/04/06 00:33:08 INFO FileScanRDD: Reading File path: gs://dtc_data_lake_de-stack-overflow/parquet/posts_questions-2013-09.parquet, range: 0-15623955, partition values: [empty row]
[2022-04-06 00:33:12,893] {spark_submit.py:488} INFO - 22/04/06 00:33:12 INFO Executor: Finished task 3.0 in stage 1.0 (TID 4). 1857 bytes result sent to driver
[2022-04-06 00:33:12,896] {spark_submit.py:488} INFO - 22/04/06 00:33:12 INFO Executor: Finished task 2.0 in stage 1.0 (TID 3). 1900 bytes result sent to driver
[2022-04-06 00:33:12,953] {spark_submit.py:488} INFO - 22/04/06 00:33:12 INFO Executor: Finished task 0.0 in stage 1.0 (TID 1). 1857 bytes result sent to driver
[2022-04-06 00:33:12,980] {spark_submit.py:488} INFO - 22/04/06 00:33:12 INFO TaskSetManager: Finished task 3.0 in stage 1.0 (TID 4) in 5794 ms on 9fe4286b2855 (executor driver) (1/4)
[2022-04-06 00:33:12,987] {spark_submit.py:488} INFO - 22/04/06 00:33:12 INFO TaskSetManager: Finished task 0.0 in stage 1.0 (TID 1) in 5818 ms on 9fe4286b2855 (executor driver) (2/4)
[2022-04-06 00:33:12,996] {spark_submit.py:488} INFO - 22/04/06 00:33:12 INFO TaskSetManager: Finished task 2.0 in stage 1.0 (TID 3) in 5812 ms on 9fe4286b2855 (executor driver) (3/4)
[2022-04-06 00:33:20,644] {spark_submit.py:488} INFO - 22/04/06 00:33:20 INFO CodecPool: Got brand-new decompressor [.snappy]
[2022-04-06 00:33:59,179] {spark_submit.py:488} INFO - 22/04/06 00:33:59 INFO Executor: Finished task 1.0 in stage 1.0 (TID 2). 2029 bytes result sent to driver
[2022-04-06 00:33:59,195] {spark_submit.py:488} INFO - 22/04/06 00:33:59 INFO TaskSetManager: Finished task 1.0 in stage 1.0 (TID 2) in 52011 ms on 9fe4286b2855 (executor driver) (4/4)
[2022-04-06 00:33:59,196] {spark_submit.py:488} INFO - 22/04/06 00:33:59 INFO TaskSchedulerImpl: Removed TaskSet 1.0, whose tasks have all completed, from pool
[2022-04-06 00:33:59,196] {spark_submit.py:488} INFO - 22/04/06 00:33:59 INFO DAGScheduler: ShuffleMapStage 1 (save at NativeMethodAccessorImpl.java:0) finished in 52.877 s
[2022-04-06 00:33:59,196] {spark_submit.py:488} INFO - 22/04/06 00:33:59 INFO DAGScheduler: looking for newly runnable stages
[2022-04-06 00:33:59,196] {spark_submit.py:488} INFO - 22/04/06 00:33:59 INFO DAGScheduler: running: Set()
[2022-04-06 00:33:59,196] {spark_submit.py:488} INFO - 22/04/06 00:33:59 INFO DAGScheduler: waiting: Set()
[2022-04-06 00:33:59,196] {spark_submit.py:488} INFO - 22/04/06 00:33:59 INFO DAGScheduler: failed: Set()
[2022-04-06 00:34:00,023] {spark_submit.py:488} INFO - 22/04/06 00:34:00 INFO SparkContext: Starting job: save at NativeMethodAccessorImpl.java:0
[2022-04-06 00:34:00,027] {spark_submit.py:488} INFO - 22/04/06 00:34:00 INFO DAGScheduler: Got job 2 (save at NativeMethodAccessorImpl.java:0) with 4 output partitions
[2022-04-06 00:34:00,027] {spark_submit.py:488} INFO - 22/04/06 00:34:00 INFO DAGScheduler: Final stage: ResultStage 3 (save at NativeMethodAccessorImpl.java:0)
[2022-04-06 00:34:00,027] {spark_submit.py:488} INFO - 22/04/06 00:34:00 INFO DAGScheduler: Parents of final stage: List(ShuffleMapStage 2)
[2022-04-06 00:34:00,027] {spark_submit.py:488} INFO - 22/04/06 00:34:00 INFO DAGScheduler: Missing parents: List()
[2022-04-06 00:34:00,048] {spark_submit.py:488} INFO - 22/04/06 00:34:00 INFO DAGScheduler: Submitting ResultStage 3 (ShuffledRowRDD[7] at save at NativeMethodAccessorImpl.java:0), which has no missing parents
[2022-04-06 00:34:00,619] {spark_submit.py:488} INFO - 22/04/06 00:34:00 INFO MemoryStore: Block broadcast_3 stored as values in memory (estimated size 204.2 KiB, free 433.9 MiB)
[2022-04-06 00:34:00,673] {spark_submit.py:488} INFO - 22/04/06 00:34:00 INFO MemoryStore: Block broadcast_3_piece0 stored as bytes in memory (estimated size 72.9 KiB, free 433.9 MiB)
[2022-04-06 00:34:00,675] {spark_submit.py:488} INFO - 22/04/06 00:34:00 INFO BlockManagerInfo: Added broadcast_3_piece0 in memory on 9fe4286b2855:45685 (size: 72.9 KiB, free: 434.3 MiB)
[2022-04-06 00:34:00,716] {spark_submit.py:488} INFO - 22/04/06 00:34:00 INFO SparkContext: Created broadcast 3 from broadcast at DAGScheduler.scala:1478
[2022-04-06 00:34:00,741] {spark_submit.py:488} INFO - 22/04/06 00:34:00 INFO DAGScheduler: Submitting 4 missing tasks from ResultStage 3 (ShuffledRowRDD[7] at save at NativeMethodAccessorImpl.java:0) (first 15 tasks are for partitions Vector(0, 1, 2, 3))
[2022-04-06 00:34:00,742] {spark_submit.py:488} INFO - 22/04/06 00:34:00 INFO TaskSchedulerImpl: Adding task set 3.0 with 4 tasks resource profile 0
[2022-04-06 00:34:00,786] {spark_submit.py:488} INFO - 22/04/06 00:34:00 INFO TaskSetManager: Starting task 0.0 in stage 3.0 (TID 5) (9fe4286b2855, executor driver, partition 0, NODE_LOCAL, 4453 bytes) taskResourceAssignments Map()
[2022-04-06 00:34:00,788] {spark_submit.py:488} INFO - 22/04/06 00:34:00 INFO TaskSetManager: Starting task 1.0 in stage 3.0 (TID 6) (9fe4286b2855, executor driver, partition 1, NODE_LOCAL, 4453 bytes) taskResourceAssignments Map()
[2022-04-06 00:34:00,789] {spark_submit.py:488} INFO - 22/04/06 00:34:00 INFO TaskSetManager: Starting task 2.0 in stage 3.0 (TID 7) (9fe4286b2855, executor driver, partition 2, NODE_LOCAL, 4453 bytes) taskResourceAssignments Map()
[2022-04-06 00:34:00,792] {spark_submit.py:488} INFO - 22/04/06 00:34:00 INFO TaskSetManager: Starting task 3.0 in stage 3.0 (TID 8) (9fe4286b2855, executor driver, partition 3, NODE_LOCAL, 4453 bytes) taskResourceAssignments Map()
[2022-04-06 00:34:00,795] {spark_submit.py:488} INFO - 22/04/06 00:34:00 INFO Executor: Running task 1.0 in stage 3.0 (TID 6)
[2022-04-06 00:34:00,795] {spark_submit.py:488} INFO - 22/04/06 00:34:00 INFO Executor: Running task 0.0 in stage 3.0 (TID 5)
[2022-04-06 00:34:00,795] {spark_submit.py:488} INFO - 22/04/06 00:34:00 INFO Executor: Running task 2.0 in stage 3.0 (TID 7)
[2022-04-06 00:34:00,796] {spark_submit.py:488} INFO - 22/04/06 00:34:00 INFO Executor: Running task 3.0 in stage 3.0 (TID 8)
[2022-04-06 00:34:01,404] {spark_submit.py:488} INFO - 22/04/06 00:34:01 INFO ShuffleBlockFetcherIterator: Getting 1 (15.2 MiB) non-empty blocks including 1 (15.2 MiB) local and 0 (0.0 B) host-local and 0 (0.0 B) push-merged-local and 0 (0.0 B) remote blocks
[2022-04-06 00:34:01,440] {spark_submit.py:488} INFO - 22/04/06 00:34:01 INFO ShuffleBlockFetcherIterator: Started 0 remote fetches in 24 ms
[2022-04-06 00:34:01,440] {spark_submit.py:488} INFO - 22/04/06 00:34:01 INFO ShuffleBlockFetcherIterator: Getting 1 (15.2 MiB) non-empty blocks including 1 (15.2 MiB) local and 0 (0.0 B) host-local and 0 (0.0 B) push-merged-local and 0 (0.0 B) remote blocks
[2022-04-06 00:34:01,441] {spark_submit.py:488} INFO - 22/04/06 00:34:01 INFO ShuffleBlockFetcherIterator: Started 0 remote fetches in 32 ms
[2022-04-06 00:34:01,441] {spark_submit.py:488} INFO - 22/04/06 00:34:01 INFO ShuffleBlockFetcherIterator: Getting 1 (15.2 MiB) non-empty blocks including 1 (15.2 MiB) local and 0 (0.0 B) host-local and 0 (0.0 B) push-merged-local and 0 (0.0 B) remote blocks
[2022-04-06 00:34:01,442] {spark_submit.py:488} INFO - 22/04/06 00:34:01 INFO ShuffleBlockFetcherIterator: Started 0 remote fetches in 53 ms
[2022-04-06 00:34:01,443] {spark_submit.py:488} INFO - 22/04/06 00:34:01 INFO ShuffleBlockFetcherIterator: Getting 1 (15.2 MiB) non-empty blocks including 1 (15.2 MiB) local and 0 (0.0 B) host-local and 0 (0.0 B) push-merged-local and 0 (0.0 B) remote blocks
[2022-04-06 00:34:01,443] {spark_submit.py:488} INFO - 22/04/06 00:34:01 INFO ShuffleBlockFetcherIterator: Started 0 remote fetches in 43 ms
[2022-04-06 00:34:01,485] {spark_submit.py:488} INFO - 22/04/06 00:34:01 INFO FileOutputCommitter: File Output Committer Algorithm version is 1
[2022-04-06 00:34:01,485] {spark_submit.py:488} INFO - 22/04/06 00:34:01 INFO FileOutputCommitter: FileOutputCommitter skip cleanup _temporary folders under output directory:false, ignore cleanup failures: false
[2022-04-06 00:34:01,486] {spark_submit.py:488} INFO - 22/04/06 00:34:01 INFO SQLHadoopMapReduceCommitProtocol: Using user defined output committer class org.apache.parquet.hadoop.ParquetOutputCommitter
[2022-04-06 00:34:01,487] {spark_submit.py:488} INFO - 22/04/06 00:34:01 INFO FileOutputCommitter: File Output Committer Algorithm version is 1
[2022-04-06 00:34:01,487] {spark_submit.py:488} INFO - 22/04/06 00:34:01 INFO FileOutputCommitter: FileOutputCommitter skip cleanup _temporary folders under output directory:false, ignore cleanup failures: false
[2022-04-06 00:34:01,488] {spark_submit.py:488} INFO - 22/04/06 00:34:01 INFO SQLHadoopMapReduceCommitProtocol: Using output committer class org.apache.parquet.hadoop.ParquetOutputCommitter
[2022-04-06 00:34:01,489] {spark_submit.py:488} INFO - 22/04/06 00:34:01 INFO FileOutputCommitter: File Output Committer Algorithm version is 1
[2022-04-06 00:34:01,489] {spark_submit.py:488} INFO - 22/04/06 00:34:01 INFO FileOutputCommitter: FileOutputCommitter skip cleanup _temporary folders under output directory:false, ignore cleanup failures: false
[2022-04-06 00:34:01,496] {spark_submit.py:488} INFO - 22/04/06 00:34:01 INFO FileOutputCommitter: File Output Committer Algorithm version is 1
[2022-04-06 00:34:01,496] {spark_submit.py:488} INFO - 22/04/06 00:34:01 INFO FileOutputCommitter: FileOutputCommitter skip cleanup _temporary folders under output directory:false, ignore cleanup failures: false
[2022-04-06 00:34:01,497] {spark_submit.py:488} INFO - 22/04/06 00:34:01 INFO FileOutputCommitter: File Output Committer Algorithm version is 1
[2022-04-06 00:34:01,497] {spark_submit.py:488} INFO - 22/04/06 00:34:01 INFO SQLHadoopMapReduceCommitProtocol: Using user defined output committer class org.apache.parquet.hadoop.ParquetOutputCommitter
[2022-04-06 00:34:01,614] {spark_submit.py:488} INFO - 22/04/06 00:34:01 INFO FileOutputCommitter: File Output Committer Algorithm version is 1
[2022-04-06 00:34:01,614] {spark_submit.py:488} INFO - 22/04/06 00:34:01 INFO FileOutputCommitter: FileOutputCommitter skip cleanup _temporary folders under output directory:false, ignore cleanup failures: false
[2022-04-06 00:34:01,614] {spark_submit.py:488} INFO - 22/04/06 00:34:01 INFO SQLHadoopMapReduceCommitProtocol: Using output committer class org.apache.parquet.hadoop.ParquetOutputCommitter
[2022-04-06 00:34:01,614] {spark_submit.py:488} INFO - 22/04/06 00:34:01 INFO FileOutputCommitter: FileOutputCommitter skip cleanup _temporary folders under output directory:false, ignore cleanup failures: false
[2022-04-06 00:34:01,614] {spark_submit.py:488} INFO - 22/04/06 00:34:01 INFO SQLHadoopMapReduceCommitProtocol: Using user defined output committer class org.apache.parquet.hadoop.ParquetOutputCommitter
[2022-04-06 00:34:01,614] {spark_submit.py:488} INFO - 22/04/06 00:34:01 INFO FileOutputCommitter: File Output Committer Algorithm version is 1
[2022-04-06 00:34:01,614] {spark_submit.py:488} INFO - 22/04/06 00:34:01 INFO FileOutputCommitter: FileOutputCommitter skip cleanup _temporary folders under output directory:false, ignore cleanup failures: false
[2022-04-06 00:34:01,614] {spark_submit.py:488} INFO - 22/04/06 00:34:01 INFO SQLHadoopMapReduceCommitProtocol: Using output committer class org.apache.parquet.hadoop.ParquetOutputCommitter
[2022-04-06 00:34:01,724] {spark_submit.py:488} INFO - 22/04/06 00:34:01 INFO SQLHadoopMapReduceCommitProtocol: Using user defined output committer class org.apache.parquet.hadoop.ParquetOutputCommitter
[2022-04-06 00:34:01,724] {spark_submit.py:488} INFO - 22/04/06 00:34:01 INFO FileOutputCommitter: File Output Committer Algorithm version is 1
[2022-04-06 00:34:01,725] {spark_submit.py:488} INFO - 22/04/06 00:34:01 INFO FileOutputCommitter: FileOutputCommitter skip cleanup _temporary folders under output directory:false, ignore cleanup failures: false
[2022-04-06 00:34:01,725] {spark_submit.py:488} INFO - 22/04/06 00:34:01 INFO SQLHadoopMapReduceCommitProtocol: Using output committer class org.apache.parquet.hadoop.ParquetOutputCommitter
[2022-04-06 00:34:01,732] {spark_submit.py:488} INFO - 22/04/06 00:34:01 INFO CodecConfig: Compression: SNAPPY
[2022-04-06 00:34:01,733] {spark_submit.py:488} INFO - 22/04/06 00:34:01 INFO CodecConfig: Compression: SNAPPY
[2022-04-06 00:34:01,868] {spark_submit.py:488} INFO - 22/04/06 00:34:01 INFO CodecConfig: Compression: SNAPPY
[2022-04-06 00:34:01,868] {spark_submit.py:488} INFO - 22/04/06 00:34:01 INFO CodecConfig: Compression: SNAPPY
[2022-04-06 00:34:01,868] {spark_submit.py:488} INFO - 22/04/06 00:34:01 INFO CodecConfig: Compression: SNAPPY
[2022-04-06 00:34:01,868] {spark_submit.py:488} INFO - 22/04/06 00:34:01 INFO CodecConfig: Compression: SNAPPY
[2022-04-06 00:34:01,870] {spark_submit.py:488} INFO - 22/04/06 00:34:01 INFO CodecConfig: Compression: SNAPPY
[2022-04-06 00:34:01,870] {spark_submit.py:488} INFO - 22/04/06 00:34:01 INFO CodecConfig: Compression: SNAPPY
[2022-04-06 00:34:01,870] {spark_submit.py:488} INFO - 22/04/06 00:34:01 INFO BlockManagerInfo: Removed broadcast_2_piece0 on 9fe4286b2855:45685 in memory (size: 10.4 KiB, free: 434.3 MiB)
[2022-04-06 00:34:02,095] {spark_submit.py:488} INFO - 22/04/06 00:34:02 INFO ParquetOutputFormat: Parquet block size to 134217728
[2022-04-06 00:34:02,095] {spark_submit.py:488} INFO - 22/04/06 00:34:02 INFO ParquetOutputFormat: Validation is off
[2022-04-06 00:34:02,095] {spark_submit.py:488} INFO - 22/04/06 00:34:02 INFO ParquetOutputFormat: Maximum row group padding size is 8388608 bytes
[2022-04-06 00:34:02,095] {spark_submit.py:488} INFO - 22/04/06 00:34:02 INFO ParquetOutputFormat: Parquet properties are:
[2022-04-06 00:34:02,096] {spark_submit.py:488} INFO - Parquet page size to 1048576
[2022-04-06 00:34:02,096] {spark_submit.py:488} INFO - Parquet dictionary page size to 1048576
[2022-04-06 00:34:02,096] {spark_submit.py:488} INFO - Dictionary is true
[2022-04-06 00:34:02,096] {spark_submit.py:488} INFO - Writer version is: PARQUET_1_0
[2022-04-06 00:34:02,096] {spark_submit.py:488} INFO - Page size checking is: estimated
[2022-04-06 00:34:02,096] {spark_submit.py:488} INFO - Min row count for page size check is: 100
[2022-04-06 00:34:02,096] {spark_submit.py:488} INFO - Max row count for page size check is: 10000
[2022-04-06 00:34:02,096] {spark_submit.py:488} INFO - Truncate length for column indexes is: 64
[2022-04-06 00:34:02,096] {spark_submit.py:488} INFO - Truncate length for statistics min/max  is: 2147483647
[2022-04-06 00:34:02,097] {spark_submit.py:488} INFO - Bloom filter enabled: false
[2022-04-06 00:34:02,097] {spark_submit.py:488} INFO - Max Bloom filter size for a column is 1048576
[2022-04-06 00:34:02,097] {spark_submit.py:488} INFO - Bloom filter expected number of distinct values are: null
[2022-04-06 00:34:02,097] {spark_submit.py:488} INFO - Page row count limit to 20000
[2022-04-06 00:34:02,097] {spark_submit.py:488} INFO - Writing page checksums is: on
[2022-04-06 00:34:02,104] {spark_submit.py:488} INFO - 22/04/06 00:34:02 INFO ParquetOutputFormat: Parquet block size to 134217728
[2022-04-06 00:34:02,104] {spark_submit.py:488} INFO - 22/04/06 00:34:02 INFO ParquetOutputFormat: Validation is off
[2022-04-06 00:34:02,104] {spark_submit.py:488} INFO - 22/04/06 00:34:02 INFO ParquetOutputFormat: Maximum row group padding size is 8388608 bytes
[2022-04-06 00:34:02,104] {spark_submit.py:488} INFO - 22/04/06 00:34:02 INFO ParquetOutputFormat: Parquet properties are:
[2022-04-06 00:34:02,104] {spark_submit.py:488} INFO - Parquet page size to 1048576
[2022-04-06 00:34:02,104] {spark_submit.py:488} INFO - Parquet dictionary page size to 1048576
[2022-04-06 00:34:02,104] {spark_submit.py:488} INFO - Dictionary is true
[2022-04-06 00:34:02,104] {spark_submit.py:488} INFO - Writer version is: PARQUET_1_0
[2022-04-06 00:34:02,104] {spark_submit.py:488} INFO - Page size checking is: estimated
[2022-04-06 00:34:02,105] {spark_submit.py:488} INFO - Min row count for page size check is: 100
[2022-04-06 00:34:02,105] {spark_submit.py:488} INFO - Max row count for page size check is: 10000
[2022-04-06 00:34:02,105] {spark_submit.py:488} INFO - Truncate length for column indexes is: 64
[2022-04-06 00:34:02,105] {spark_submit.py:488} INFO - Truncate length for statistics min/max  is: 2147483647
[2022-04-06 00:34:02,105] {spark_submit.py:488} INFO - Bloom filter enabled: false
[2022-04-06 00:34:02,105] {spark_submit.py:488} INFO - Max Bloom filter size for a column is 1048576
[2022-04-06 00:34:02,105] {spark_submit.py:488} INFO - Bloom filter expected number of distinct values are: null
[2022-04-06 00:34:02,105] {spark_submit.py:488} INFO - Page row count limit to 20000
[2022-04-06 00:34:02,105] {spark_submit.py:488} INFO - Writing page checksums is: on
[2022-04-06 00:34:02,170] {spark_submit.py:488} INFO - 22/04/06 00:34:02 INFO ParquetOutputFormat: Parquet block size to 134217728
[2022-04-06 00:34:02,170] {spark_submit.py:488} INFO - 22/04/06 00:34:02 INFO ParquetOutputFormat: Validation is off
[2022-04-06 00:34:02,170] {spark_submit.py:488} INFO - 22/04/06 00:34:02 INFO ParquetOutputFormat: Maximum row group padding size is 8388608 bytes
[2022-04-06 00:34:02,170] {spark_submit.py:488} INFO - 22/04/06 00:34:02 INFO ParquetOutputFormat: Parquet properties are:
[2022-04-06 00:34:02,170] {spark_submit.py:488} INFO - Parquet page size to 1048576
[2022-04-06 00:34:02,170] {spark_submit.py:488} INFO - Parquet dictionary page size to 1048576
[2022-04-06 00:34:02,170] {spark_submit.py:488} INFO - Dictionary is true
[2022-04-06 00:34:02,170] {spark_submit.py:488} INFO - Writer version is: PARQUET_1_0
[2022-04-06 00:34:02,170] {spark_submit.py:488} INFO - Page size checking is: estimated
[2022-04-06 00:34:02,171] {spark_submit.py:488} INFO - Min row count for page size check is: 100
[2022-04-06 00:34:02,171] {spark_submit.py:488} INFO - Max row count for page size check is: 10000
[2022-04-06 00:34:02,171] {spark_submit.py:488} INFO - Truncate length for column indexes is: 64
[2022-04-06 00:34:02,171] {spark_submit.py:488} INFO - Truncate length for statistics min/max  is: 2147483647
[2022-04-06 00:34:02,171] {spark_submit.py:488} INFO - Bloom filter enabled: false
[2022-04-06 00:34:02,171] {spark_submit.py:488} INFO - Max Bloom filter size for a column is 1048576
[2022-04-06 00:34:02,171] {spark_submit.py:488} INFO - Bloom filter expected number of distinct values are: null
[2022-04-06 00:34:02,171] {spark_submit.py:488} INFO - Page row count limit to 20000
[2022-04-06 00:34:02,171] {spark_submit.py:488} INFO - Writing page checksums is: on
[2022-04-06 00:34:02,172] {spark_submit.py:488} INFO - 22/04/06 00:34:02 INFO ParquetOutputFormat: Parquet block size to 134217728
[2022-04-06 00:34:02,172] {spark_submit.py:488} INFO - 22/04/06 00:34:02 INFO ParquetOutputFormat: Validation is off
[2022-04-06 00:34:02,172] {spark_submit.py:488} INFO - 22/04/06 00:34:02 INFO ParquetOutputFormat: Maximum row group padding size is 8388608 bytes
[2022-04-06 00:34:02,173] {spark_submit.py:488} INFO - 22/04/06 00:34:02 INFO ParquetOutputFormat: Parquet properties are:
[2022-04-06 00:34:02,173] {spark_submit.py:488} INFO - Parquet page size to 1048576
[2022-04-06 00:34:02,173] {spark_submit.py:488} INFO - Parquet dictionary page size to 1048576
[2022-04-06 00:34:02,173] {spark_submit.py:488} INFO - Dictionary is true
[2022-04-06 00:34:02,173] {spark_submit.py:488} INFO - Writer version is: PARQUET_1_0
[2022-04-06 00:34:02,173] {spark_submit.py:488} INFO - Page size checking is: estimated
[2022-04-06 00:34:02,173] {spark_submit.py:488} INFO - Min row count for page size check is: 100
[2022-04-06 00:34:02,173] {spark_submit.py:488} INFO - Max row count for page size check is: 10000
[2022-04-06 00:34:02,173] {spark_submit.py:488} INFO - Truncate length for column indexes is: 64
[2022-04-06 00:34:02,173] {spark_submit.py:488} INFO - Truncate length for statistics min/max  is: 2147483647
[2022-04-06 00:34:02,173] {spark_submit.py:488} INFO - Bloom filter enabled: false
[2022-04-06 00:34:02,174] {spark_submit.py:488} INFO - Max Bloom filter size for a column is 1048576
[2022-04-06 00:34:02,174] {spark_submit.py:488} INFO - Bloom filter expected number of distinct values are: null
[2022-04-06 00:34:02,174] {spark_submit.py:488} INFO - Page row count limit to 20000
[2022-04-06 00:34:02,174] {spark_submit.py:488} INFO - Writing page checksums is: on
[2022-04-06 00:34:02,256] {spark_submit.py:488} INFO - 22/04/06 00:34:02 INFO ParquetWriteSupport: Initialized Parquet WriteSupport with Catalyst schema:
[2022-04-06 00:34:02,256] {spark_submit.py:488} INFO - {
[2022-04-06 00:34:02,256] {spark_submit.py:488} INFO - "type" : "struct",
[2022-04-06 00:34:02,257] {spark_submit.py:488} INFO - "fields" : [ {
[2022-04-06 00:34:02,257] {spark_submit.py:488} INFO - "name" : "id",
[2022-04-06 00:34:02,257] {spark_submit.py:488} INFO - "type" : "integer",
[2022-04-06 00:34:02,257] {spark_submit.py:488} INFO - "nullable" : true,
[2022-04-06 00:34:02,257] {spark_submit.py:488} INFO - "metadata" : { }
[2022-04-06 00:34:02,257] {spark_submit.py:488} INFO - }, {
[2022-04-06 00:34:02,257] {spark_submit.py:488} INFO - "name" : "title",
[2022-04-06 00:34:02,257] {spark_submit.py:488} INFO - "type" : "string",
[2022-04-06 00:34:02,257] {spark_submit.py:488} INFO - "nullable" : true,
[2022-04-06 00:34:02,257] {spark_submit.py:488} INFO - "metadata" : { }
[2022-04-06 00:34:02,257] {spark_submit.py:488} INFO - }, {
[2022-04-06 00:34:02,257] {spark_submit.py:488} INFO - "name" : "body",
[2022-04-06 00:34:02,257] {spark_submit.py:488} INFO - "type" : "string",
[2022-04-06 00:34:02,257] {spark_submit.py:488} INFO - "nullable" : true,
[2022-04-06 00:34:02,258] {spark_submit.py:488} INFO - "metadata" : { }
[2022-04-06 00:34:02,258] {spark_submit.py:488} INFO - }, {
[2022-04-06 00:34:02,258] {spark_submit.py:488} INFO - "name" : "accepted_answer_id",
[2022-04-06 00:34:02,258] {spark_submit.py:488} INFO - "type" : "integer",
[2022-04-06 00:34:02,258] {spark_submit.py:488} INFO - "nullable" : true,
[2022-04-06 00:34:02,258] {spark_submit.py:488} INFO - "metadata" : { }
[2022-04-06 00:34:02,258] {spark_submit.py:488} INFO - }, {
[2022-04-06 00:34:02,258] {spark_submit.py:488} INFO - "name" : "answer_count",
[2022-04-06 00:34:02,258] {spark_submit.py:488} INFO - "type" : "integer",
[2022-04-06 00:34:02,258] {spark_submit.py:488} INFO - "nullable" : true,
[2022-04-06 00:34:02,258] {spark_submit.py:488} INFO - "metadata" : { }
[2022-04-06 00:34:02,258] {spark_submit.py:488} INFO - }, {
[2022-04-06 00:34:02,258] {spark_submit.py:488} INFO - "name" : "comment_count",
[2022-04-06 00:34:02,258] {spark_submit.py:488} INFO - "type" : "integer",
[2022-04-06 00:34:02,259] {spark_submit.py:488} INFO - "nullable" : true,
[2022-04-06 00:34:02,259] {spark_submit.py:488} INFO - "metadata" : { }
[2022-04-06 00:34:02,259] {spark_submit.py:488} INFO - }, {
[2022-04-06 00:34:02,259] {spark_submit.py:488} INFO - "name" : "community_owned_date",
[2022-04-06 00:34:02,259] {spark_submit.py:488} INFO - "type" : "timestamp",
[2022-04-06 00:34:02,259] {spark_submit.py:488} INFO - "nullable" : true,
[2022-04-06 00:34:02,259] {spark_submit.py:488} INFO - "metadata" : { }
[2022-04-06 00:34:02,259] {spark_submit.py:488} INFO - }, {
[2022-04-06 00:34:02,259] {spark_submit.py:488} INFO - "name" : "creation_date",
[2022-04-06 00:34:02,259] {spark_submit.py:488} INFO - "type" : "timestamp",
[2022-04-06 00:34:02,259] {spark_submit.py:488} INFO - "nullable" : true,
[2022-04-06 00:34:02,259] {spark_submit.py:488} INFO - "metadata" : { }
[2022-04-06 00:34:02,259] {spark_submit.py:488} INFO - }, {
[2022-04-06 00:34:02,259] {spark_submit.py:488} INFO - "name" : "favorite_count",
[2022-04-06 00:34:02,260] {spark_submit.py:488} INFO - "type" : "integer",
[2022-04-06 00:34:02,260] {spark_submit.py:488} INFO - "nullable" : true,
[2022-04-06 00:34:02,260] {spark_submit.py:488} INFO - "metadata" : { }
[2022-04-06 00:34:02,260] {spark_submit.py:488} INFO - }, {
[2022-04-06 00:34:02,260] {spark_submit.py:488} INFO - "name" : "last_activity_date",
[2022-04-06 00:34:02,260] {spark_submit.py:488} INFO - "type" : "timestamp",
[2022-04-06 00:34:02,260] {spark_submit.py:488} INFO - "nullable" : true,
[2022-04-06 00:34:02,260] {spark_submit.py:488} INFO - "metadata" : { }
[2022-04-06 00:34:02,260] {spark_submit.py:488} INFO - }, {
[2022-04-06 00:34:02,261] {spark_submit.py:488} INFO - "name" : "last_edit_date",
[2022-04-06 00:34:02,261] {spark_submit.py:488} INFO - "type" : "timestamp",
[2022-04-06 00:34:02,261] {spark_submit.py:488} INFO - "nullable" : true,
[2022-04-06 00:34:02,261] {spark_submit.py:488} INFO - "metadata" : { }
[2022-04-06 00:34:02,261] {spark_submit.py:488} INFO - }, {
[2022-04-06 00:34:02,261] {spark_submit.py:488} INFO - "name" : "last_editor_display_name",
[2022-04-06 00:34:02,261] {spark_submit.py:488} INFO - "type" : "string",
[2022-04-06 00:34:02,261] {spark_submit.py:488} INFO - "nullable" : true,
[2022-04-06 00:34:02,261] {spark_submit.py:488} INFO - "metadata" : { }
[2022-04-06 00:34:02,261] {spark_submit.py:488} INFO - }, {
[2022-04-06 00:34:02,261] {spark_submit.py:488} INFO - "name" : "last_editor_user_id",
[2022-04-06 00:34:02,261] {spark_submit.py:488} INFO - "type" : "integer",
[2022-04-06 00:34:02,261] {spark_submit.py:488} INFO - "nullable" : true,
[2022-04-06 00:34:02,262] {spark_submit.py:488} INFO - "metadata" : { }
[2022-04-06 00:34:02,262] {spark_submit.py:488} INFO - }, {
[2022-04-06 00:34:02,262] {spark_submit.py:488} INFO - "name" : "owner_display_name",
[2022-04-06 00:34:02,262] {spark_submit.py:488} INFO - "type" : "string",
[2022-04-06 00:34:02,262] {spark_submit.py:488} INFO - "nullable" : true,
[2022-04-06 00:34:02,262] {spark_submit.py:488} INFO - "metadata" : { }
[2022-04-06 00:34:02,262] {spark_submit.py:488} INFO - }, {
[2022-04-06 00:34:02,262] {spark_submit.py:488} INFO - "name" : "owner_user_id",
[2022-04-06 00:34:02,262] {spark_submit.py:488} INFO - "type" : "integer",
[2022-04-06 00:34:02,262] {spark_submit.py:488} INFO - "nullable" : true,
[2022-04-06 00:34:02,262] {spark_submit.py:488} INFO - "metadata" : { }
[2022-04-06 00:34:02,262] {spark_submit.py:488} INFO - }, {
[2022-04-06 00:34:02,262] {spark_submit.py:488} INFO - "name" : "parent_id",
[2022-04-06 00:34:02,263] {spark_submit.py:488} INFO - "type" : "integer",
[2022-04-06 00:34:02,263] {spark_submit.py:488} INFO - "nullable" : true,
[2022-04-06 00:34:02,263] {spark_submit.py:488} INFO - "metadata" : { }
[2022-04-06 00:34:02,263] {spark_submit.py:488} INFO - }, {
[2022-04-06 00:34:02,263] {spark_submit.py:488} INFO - "name" : "post_type_id",
[2022-04-06 00:34:02,263] {spark_submit.py:488} INFO - "type" : "integer",
[2022-04-06 00:34:02,263] {spark_submit.py:488} INFO - "nullable" : true,
[2022-04-06 00:34:02,263] {spark_submit.py:488} INFO - "metadata" : { }
[2022-04-06 00:34:02,263] {spark_submit.py:488} INFO - }, {
[2022-04-06 00:34:02,263] {spark_submit.py:488} INFO - "name" : "score",
[2022-04-06 00:34:02,263] {spark_submit.py:488} INFO - "type" : "integer",
[2022-04-06 00:34:02,263] {spark_submit.py:488} INFO - "nullable" : true,
[2022-04-06 00:34:02,263] {spark_submit.py:488} INFO - "metadata" : { }
[2022-04-06 00:34:02,276] {spark_submit.py:488} INFO - }, {
[2022-04-06 00:34:02,276] {spark_submit.py:488} INFO - "name" : "tags",
[2022-04-06 00:34:02,276] {spark_submit.py:488} INFO - "type" : "string",
[2022-04-06 00:34:02,276] {spark_submit.py:488} INFO - "nullable" : true,
[2022-04-06 00:34:02,276] {spark_submit.py:488} INFO - "metadata" : { }
[2022-04-06 00:34:02,276] {spark_submit.py:488} INFO - }, {
[2022-04-06 00:34:02,276] {spark_submit.py:488} INFO - "name" : "view_count",
[2022-04-06 00:34:02,276] {spark_submit.py:488} INFO - "type" : "integer",
[2022-04-06 00:34:02,276] {spark_submit.py:488} INFO - "nullable" : true,
[2022-04-06 00:34:02,276] {spark_submit.py:488} INFO - "metadata" : { }
[2022-04-06 00:34:02,277] {spark_submit.py:488} INFO - }, {
[2022-04-06 00:34:02,277] {spark_submit.py:488} INFO - "name" : "group_by_date",
[2022-04-06 00:34:02,277] {spark_submit.py:488} INFO - "type" : "timestamp",
[2022-04-06 00:34:02,277] {spark_submit.py:488} INFO - "nullable" : true,
[2022-04-06 00:34:02,277] {spark_submit.py:488} INFO - "metadata" : { }
[2022-04-06 00:34:02,277] {spark_submit.py:488} INFO - } ]
[2022-04-06 00:34:02,277] {spark_submit.py:488} INFO - }
[2022-04-06 00:34:02,277] {spark_submit.py:488} INFO - and corresponding Parquet message type:
[2022-04-06 00:34:02,277] {spark_submit.py:488} INFO - message spark_schema {
[2022-04-06 00:34:02,277] {spark_submit.py:488} INFO - optional int32 id;
[2022-04-06 00:34:02,278] {spark_submit.py:488} INFO - optional binary title (STRING);
[2022-04-06 00:34:02,278] {spark_submit.py:488} INFO - optional binary body (STRING);
[2022-04-06 00:34:02,278] {spark_submit.py:488} INFO - optional int32 accepted_answer_id;
[2022-04-06 00:34:02,278] {spark_submit.py:488} INFO - optional int32 answer_count;
[2022-04-06 00:34:02,278] {spark_submit.py:488} INFO - optional int32 comment_count;
[2022-04-06 00:34:02,278] {spark_submit.py:488} INFO - optional int96 community_owned_date;
[2022-04-06 00:34:02,278] {spark_submit.py:488} INFO - optional int96 creation_date;
[2022-04-06 00:34:02,278] {spark_submit.py:488} INFO - optional int32 favorite_count;
[2022-04-06 00:34:02,278] {spark_submit.py:488} INFO - optional int96 last_activity_date;
[2022-04-06 00:34:02,278] {spark_submit.py:488} INFO - optional int96 last_edit_date;
[2022-04-06 00:34:02,278] {spark_submit.py:488} INFO - optional binary last_editor_display_name (STRING);
[2022-04-06 00:34:02,278] {spark_submit.py:488} INFO - optional int32 last_editor_user_id;
[2022-04-06 00:34:02,278] {spark_submit.py:488} INFO - optional binary owner_display_name (STRING);
[2022-04-06 00:34:02,278] {spark_submit.py:488} INFO - optional int32 owner_user_id;
[2022-04-06 00:34:02,279] {spark_submit.py:488} INFO - optional int32 parent_id;
[2022-04-06 00:34:02,279] {spark_submit.py:488} INFO - optional int32 post_type_id;
[2022-04-06 00:34:02,279] {spark_submit.py:488} INFO - optional int32 score;
[2022-04-06 00:34:02,279] {spark_submit.py:488} INFO - optional binary tags (STRING);
[2022-04-06 00:34:02,279] {spark_submit.py:488} INFO - optional int32 view_count;
[2022-04-06 00:34:02,279] {spark_submit.py:488} INFO - optional int96 group_by_date;
[2022-04-06 00:34:02,279] {spark_submit.py:488} INFO - }
[2022-04-06 00:34:02,279] {spark_submit.py:488} INFO - 
[2022-04-06 00:34:02,279] {spark_submit.py:488} INFO - 
[2022-04-06 00:34:02,360] {spark_submit.py:488} INFO - 22/04/06 00:34:02 INFO ParquetWriteSupport: Initialized Parquet WriteSupport with Catalyst schema:
[2022-04-06 00:34:02,360] {spark_submit.py:488} INFO - {
[2022-04-06 00:34:02,360] {spark_submit.py:488} INFO - "type" : "struct",
[2022-04-06 00:34:02,360] {spark_submit.py:488} INFO - "fields" : [ {
[2022-04-06 00:34:02,360] {spark_submit.py:488} INFO - "name" : "id",
[2022-04-06 00:34:02,360] {spark_submit.py:488} INFO - "type" : "integer",
[2022-04-06 00:34:02,380] {spark_submit.py:488} INFO - "nullable" : true,
[2022-04-06 00:34:02,380] {spark_submit.py:488} INFO - "metadata" : { }
[2022-04-06 00:34:02,380] {spark_submit.py:488} INFO - }, {
[2022-04-06 00:34:02,380] {spark_submit.py:488} INFO - "name" : "title",
[2022-04-06 00:34:02,381] {spark_submit.py:488} INFO - "type" : "string",
[2022-04-06 00:34:02,381] {spark_submit.py:488} INFO - "nullable" : true,
[2022-04-06 00:34:02,381] {spark_submit.py:488} INFO - "metadata" : { }
[2022-04-06 00:34:02,381] {spark_submit.py:488} INFO - }, {
[2022-04-06 00:34:02,381] {spark_submit.py:488} INFO - "name" : "body",
[2022-04-06 00:34:02,381] {spark_submit.py:488} INFO - "type" : "string",
[2022-04-06 00:34:02,381] {spark_submit.py:488} INFO - "nullable" : true,
[2022-04-06 00:34:02,381] {spark_submit.py:488} INFO - "metadata" : { }
[2022-04-06 00:34:02,381] {spark_submit.py:488} INFO - }, {
[2022-04-06 00:34:02,381] {spark_submit.py:488} INFO - "name" : "accepted_answer_id",
[2022-04-06 00:34:02,381] {spark_submit.py:488} INFO - "type" : "integer",
[2022-04-06 00:34:02,381] {spark_submit.py:488} INFO - "nullable" : true,
[2022-04-06 00:34:02,381] {spark_submit.py:488} INFO - "metadata" : { }
[2022-04-06 00:34:02,381] {spark_submit.py:488} INFO - }, {
[2022-04-06 00:34:02,382] {spark_submit.py:488} INFO - "name" : "answer_count",
[2022-04-06 00:34:02,382] {spark_submit.py:488} INFO - "type" : "integer",
[2022-04-06 00:34:02,382] {spark_submit.py:488} INFO - "nullable" : true,
[2022-04-06 00:34:02,382] {spark_submit.py:488} INFO - "metadata" : { }
[2022-04-06 00:34:02,382] {spark_submit.py:488} INFO - }, {
[2022-04-06 00:34:02,382] {spark_submit.py:488} INFO - "name" : "comment_count",
[2022-04-06 00:34:02,382] {spark_submit.py:488} INFO - "type" : "integer",
[2022-04-06 00:34:02,382] {spark_submit.py:488} INFO - "nullable" : true,
[2022-04-06 00:34:02,382] {spark_submit.py:488} INFO - "metadata" : { }
[2022-04-06 00:34:02,382] {spark_submit.py:488} INFO - }, {
[2022-04-06 00:34:02,382] {spark_submit.py:488} INFO - "name" : "community_owned_date",
[2022-04-06 00:34:02,382] {spark_submit.py:488} INFO - "type" : "timestamp",
[2022-04-06 00:34:02,382] {spark_submit.py:488} INFO - "nullable" : true,
[2022-04-06 00:34:02,382] {spark_submit.py:488} INFO - "metadata" : { }
[2022-04-06 00:34:02,382] {spark_submit.py:488} INFO - }, {
[2022-04-06 00:34:02,383] {spark_submit.py:488} INFO - "name" : "creation_date",
[2022-04-06 00:34:02,383] {spark_submit.py:488} INFO - "type" : "timestamp",
[2022-04-06 00:34:02,383] {spark_submit.py:488} INFO - "nullable" : true,
[2022-04-06 00:34:02,383] {spark_submit.py:488} INFO - "metadata" : { }
[2022-04-06 00:34:02,383] {spark_submit.py:488} INFO - }, {
[2022-04-06 00:34:02,383] {spark_submit.py:488} INFO - "name" : "favorite_count",
[2022-04-06 00:34:02,383] {spark_submit.py:488} INFO - "type" : "integer",
[2022-04-06 00:34:02,383] {spark_submit.py:488} INFO - "nullable" : true,
[2022-04-06 00:34:02,383] {spark_submit.py:488} INFO - "metadata" : { }
[2022-04-06 00:34:02,383] {spark_submit.py:488} INFO - }, {
[2022-04-06 00:34:02,383] {spark_submit.py:488} INFO - "name" : "last_activity_date",
[2022-04-06 00:34:02,383] {spark_submit.py:488} INFO - "type" : "timestamp",
[2022-04-06 00:34:02,383] {spark_submit.py:488} INFO - "nullable" : true,
[2022-04-06 00:34:02,383] {spark_submit.py:488} INFO - "metadata" : { }
[2022-04-06 00:34:02,456] {spark_submit.py:488} INFO - }, {
[2022-04-06 00:34:02,456] {spark_submit.py:488} INFO - "name" : "last_edit_date",
[2022-04-06 00:34:02,456] {spark_submit.py:488} INFO - "type" : "timestamp",
[2022-04-06 00:34:02,456] {spark_submit.py:488} INFO - "nullable" : true,
[2022-04-06 00:34:02,456] {spark_submit.py:488} INFO - "metadata" : { }
[2022-04-06 00:34:02,456] {spark_submit.py:488} INFO - }, {
[2022-04-06 00:34:02,456] {spark_submit.py:488} INFO - "name" : "last_editor_display_name",
[2022-04-06 00:34:02,456] {spark_submit.py:488} INFO - "type" : "string",
[2022-04-06 00:34:02,457] {spark_submit.py:488} INFO - "nullable" : true,
[2022-04-06 00:34:02,457] {spark_submit.py:488} INFO - "metadata" : { }
[2022-04-06 00:34:02,457] {spark_submit.py:488} INFO - }, {
[2022-04-06 00:34:02,457] {spark_submit.py:488} INFO - "name" : "last_editor_user_id",
[2022-04-06 00:34:02,457] {spark_submit.py:488} INFO - "type" : "integer",
[2022-04-06 00:34:02,457] {spark_submit.py:488} INFO - "nullable" : true,
[2022-04-06 00:34:02,457] {spark_submit.py:488} INFO - "metadata" : { }
[2022-04-06 00:34:02,457] {spark_submit.py:488} INFO - }, {
[2022-04-06 00:34:02,457] {spark_submit.py:488} INFO - "name" : "owner_display_name",
[2022-04-06 00:34:02,457] {spark_submit.py:488} INFO - "type" : "string",
[2022-04-06 00:34:02,457] {spark_submit.py:488} INFO - "nullable" : true,
[2022-04-06 00:34:02,457] {spark_submit.py:488} INFO - "metadata" : { }
[2022-04-06 00:34:02,457] {spark_submit.py:488} INFO - }, {
[2022-04-06 00:34:02,457] {spark_submit.py:488} INFO - "name" : "owner_user_id",
[2022-04-06 00:34:02,458] {spark_submit.py:488} INFO - "type" : "integer",
[2022-04-06 00:34:02,458] {spark_submit.py:488} INFO - "nullable" : true,
[2022-04-06 00:34:02,458] {spark_submit.py:488} INFO - "metadata" : { }
[2022-04-06 00:34:02,458] {spark_submit.py:488} INFO - }, {
[2022-04-06 00:34:02,458] {spark_submit.py:488} INFO - "name" : "parent_id",
[2022-04-06 00:34:02,458] {spark_submit.py:488} INFO - "type" : "integer",
[2022-04-06 00:34:02,458] {spark_submit.py:488} INFO - "nullable" : true,
[2022-04-06 00:34:02,458] {spark_submit.py:488} INFO - "metadata" : { }
[2022-04-06 00:34:02,458] {spark_submit.py:488} INFO - }, {
[2022-04-06 00:34:02,458] {spark_submit.py:488} INFO - "name" : "post_type_id",
[2022-04-06 00:34:02,458] {spark_submit.py:488} INFO - "type" : "integer",
[2022-04-06 00:34:02,458] {spark_submit.py:488} INFO - "nullable" : true,
[2022-04-06 00:34:02,458] {spark_submit.py:488} INFO - "metadata" : { }
[2022-04-06 00:34:02,459] {spark_submit.py:488} INFO - }, {
[2022-04-06 00:34:02,459] {spark_submit.py:488} INFO - "name" : "score",
[2022-04-06 00:34:02,459] {spark_submit.py:488} INFO - "type" : "integer",
[2022-04-06 00:34:02,459] {spark_submit.py:488} INFO - "nullable" : true,
[2022-04-06 00:34:02,459] {spark_submit.py:488} INFO - "metadata" : { }
[2022-04-06 00:34:02,459] {spark_submit.py:488} INFO - }, {
[2022-04-06 00:34:02,459] {spark_submit.py:488} INFO - "name" : "tags",
[2022-04-06 00:34:02,459] {spark_submit.py:488} INFO - "type" : "string",
[2022-04-06 00:34:02,459] {spark_submit.py:488} INFO - "nullable" : true,
[2022-04-06 00:34:02,459] {spark_submit.py:488} INFO - "metadata" : { }
[2022-04-06 00:34:02,459] {spark_submit.py:488} INFO - }, {
[2022-04-06 00:34:02,459] {spark_submit.py:488} INFO - "name" : "view_count",
[2022-04-06 00:34:02,459] {spark_submit.py:488} INFO - "type" : "integer",
[2022-04-06 00:34:02,459] {spark_submit.py:488} INFO - "nullable" : true,
[2022-04-06 00:34:02,552] {spark_submit.py:488} INFO - "metadata" : { }
[2022-04-06 00:34:02,552] {spark_submit.py:488} INFO - }, {
[2022-04-06 00:34:02,552] {spark_submit.py:488} INFO - "name" : "group_by_date",
[2022-04-06 00:34:02,552] {spark_submit.py:488} INFO - "type" : "timestamp",
[2022-04-06 00:34:02,552] {spark_submit.py:488} INFO - "nullable" : true,
[2022-04-06 00:34:02,552] {spark_submit.py:488} INFO - "metadata" : { }
[2022-04-06 00:34:02,552] {spark_submit.py:488} INFO - } ]
[2022-04-06 00:34:02,552] {spark_submit.py:488} INFO - }
[2022-04-06 00:34:02,552] {spark_submit.py:488} INFO - and corresponding Parquet message type:
[2022-04-06 00:34:02,552] {spark_submit.py:488} INFO - message spark_schema {
[2022-04-06 00:34:02,553] {spark_submit.py:488} INFO - optional int32 id;
[2022-04-06 00:34:02,553] {spark_submit.py:488} INFO - optional binary title (STRING);
[2022-04-06 00:34:02,553] {spark_submit.py:488} INFO - optional binary body (STRING);
[2022-04-06 00:34:02,553] {spark_submit.py:488} INFO - optional int32 accepted_answer_id;
[2022-04-06 00:34:02,553] {spark_submit.py:488} INFO - optional int32 answer_count;
[2022-04-06 00:34:02,553] {spark_submit.py:488} INFO - optional int32 comment_count;
[2022-04-06 00:34:02,553] {spark_submit.py:488} INFO - optional int96 community_owned_date;
[2022-04-06 00:34:02,553] {spark_submit.py:488} INFO - optional int96 creation_date;
[2022-04-06 00:34:02,553] {spark_submit.py:488} INFO - optional int32 favorite_count;
[2022-04-06 00:34:02,553] {spark_submit.py:488} INFO - optional int96 last_activity_date;
[2022-04-06 00:34:02,553] {spark_submit.py:488} INFO - optional int96 last_edit_date;
[2022-04-06 00:34:02,553] {spark_submit.py:488} INFO - optional binary last_editor_display_name (STRING);
[2022-04-06 00:34:02,553] {spark_submit.py:488} INFO - optional int32 last_editor_user_id;
[2022-04-06 00:34:02,553] {spark_submit.py:488} INFO - optional binary owner_display_name (STRING);
[2022-04-06 00:34:02,553] {spark_submit.py:488} INFO - optional int32 owner_user_id;
[2022-04-06 00:34:02,553] {spark_submit.py:488} INFO - optional int32 parent_id;
[2022-04-06 00:34:02,554] {spark_submit.py:488} INFO - optional int32 post_type_id;
[2022-04-06 00:34:02,554] {spark_submit.py:488} INFO - optional int32 score;
[2022-04-06 00:34:02,554] {spark_submit.py:488} INFO - optional binary tags (STRING);
[2022-04-06 00:34:02,554] {spark_submit.py:488} INFO - optional int32 view_count;
[2022-04-06 00:34:02,554] {spark_submit.py:488} INFO - optional int96 group_by_date;
[2022-04-06 00:34:02,554] {spark_submit.py:488} INFO - }
[2022-04-06 00:34:02,554] {spark_submit.py:488} INFO - 
[2022-04-06 00:34:02,554] {spark_submit.py:488} INFO - 
[2022-04-06 00:34:02,554] {spark_submit.py:488} INFO - 22/04/06 00:34:02 INFO ParquetWriteSupport: Initialized Parquet WriteSupport with Catalyst schema:
[2022-04-06 00:34:02,554] {spark_submit.py:488} INFO - {
[2022-04-06 00:34:02,554] {spark_submit.py:488} INFO - "type" : "struct",
[2022-04-06 00:34:02,572] {spark_submit.py:488} INFO - "fields" : [ {
[2022-04-06 00:34:02,572] {spark_submit.py:488} INFO - "name" : "id",
[2022-04-06 00:34:02,572] {spark_submit.py:488} INFO - "type" : "integer",
[2022-04-06 00:34:02,572] {spark_submit.py:488} INFO - "nullable" : true,
[2022-04-06 00:34:02,572] {spark_submit.py:488} INFO - "metadata" : { }
[2022-04-06 00:34:02,572] {spark_submit.py:488} INFO - }, {
[2022-04-06 00:34:02,572] {spark_submit.py:488} INFO - "name" : "title",
[2022-04-06 00:34:02,572] {spark_submit.py:488} INFO - "type" : "string",
[2022-04-06 00:34:02,572] {spark_submit.py:488} INFO - "nullable" : true,
[2022-04-06 00:34:02,572] {spark_submit.py:488} INFO - "metadata" : { }
[2022-04-06 00:34:02,573] {spark_submit.py:488} INFO - }, {
[2022-04-06 00:34:02,573] {spark_submit.py:488} INFO - "name" : "body",
[2022-04-06 00:34:02,573] {spark_submit.py:488} INFO - "type" : "string",
[2022-04-06 00:34:02,573] {spark_submit.py:488} INFO - "nullable" : true,
[2022-04-06 00:34:02,573] {spark_submit.py:488} INFO - "metadata" : { }
[2022-04-06 00:34:02,573] {spark_submit.py:488} INFO - }, {
[2022-04-06 00:34:02,573] {spark_submit.py:488} INFO - "name" : "accepted_answer_id",
[2022-04-06 00:34:02,573] {spark_submit.py:488} INFO - "type" : "integer",
[2022-04-06 00:34:02,573] {spark_submit.py:488} INFO - "nullable" : true,
[2022-04-06 00:34:02,573] {spark_submit.py:488} INFO - "metadata" : { }
[2022-04-06 00:34:02,573] {spark_submit.py:488} INFO - }, {
[2022-04-06 00:34:02,573] {spark_submit.py:488} INFO - "name" : "answer_count",
[2022-04-06 00:34:02,573] {spark_submit.py:488} INFO - "type" : "integer",
[2022-04-06 00:34:02,573] {spark_submit.py:488} INFO - "nullable" : true,
[2022-04-06 00:34:02,573] {spark_submit.py:488} INFO - "metadata" : { }
[2022-04-06 00:34:02,574] {spark_submit.py:488} INFO - }, {
[2022-04-06 00:34:02,574] {spark_submit.py:488} INFO - "name" : "comment_count",
[2022-04-06 00:34:02,574] {spark_submit.py:488} INFO - "type" : "integer",
[2022-04-06 00:34:02,574] {spark_submit.py:488} INFO - "nullable" : true,
[2022-04-06 00:34:02,574] {spark_submit.py:488} INFO - "metadata" : { }
[2022-04-06 00:34:02,574] {spark_submit.py:488} INFO - }, {
[2022-04-06 00:34:02,574] {spark_submit.py:488} INFO - "name" : "community_owned_date",
[2022-04-06 00:34:02,574] {spark_submit.py:488} INFO - "type" : "timestamp",
[2022-04-06 00:34:02,574] {spark_submit.py:488} INFO - "nullable" : true,
[2022-04-06 00:34:02,574] {spark_submit.py:488} INFO - "metadata" : { }
[2022-04-06 00:34:02,574] {spark_submit.py:488} INFO - }, {
[2022-04-06 00:34:02,574] {spark_submit.py:488} INFO - "name" : "creation_date",
[2022-04-06 00:34:02,574] {spark_submit.py:488} INFO - "type" : "timestamp",
[2022-04-06 00:34:02,574] {spark_submit.py:488} INFO - "nullable" : true,
[2022-04-06 00:34:02,574] {spark_submit.py:488} INFO - "metadata" : { }
[2022-04-06 00:34:02,575] {spark_submit.py:488} INFO - }, {
[2022-04-06 00:34:02,575] {spark_submit.py:488} INFO - "name" : "favorite_count",
[2022-04-06 00:34:02,575] {spark_submit.py:488} INFO - "type" : "integer",
[2022-04-06 00:34:02,575] {spark_submit.py:488} INFO - "nullable" : true,
[2022-04-06 00:34:02,575] {spark_submit.py:488} INFO - "metadata" : { }
[2022-04-06 00:34:02,575] {spark_submit.py:488} INFO - }, {
[2022-04-06 00:34:02,575] {spark_submit.py:488} INFO - "name" : "last_activity_date",
[2022-04-06 00:34:02,575] {spark_submit.py:488} INFO - "type" : "timestamp",
[2022-04-06 00:34:02,575] {spark_submit.py:488} INFO - "nullable" : true,
[2022-04-06 00:34:02,575] {spark_submit.py:488} INFO - "metadata" : { }
[2022-04-06 00:34:02,575] {spark_submit.py:488} INFO - }, {
[2022-04-06 00:34:02,575] {spark_submit.py:488} INFO - "name" : "last_edit_date",
[2022-04-06 00:34:02,575] {spark_submit.py:488} INFO - "type" : "timestamp",
[2022-04-06 00:34:02,575] {spark_submit.py:488} INFO - "nullable" : true,
[2022-04-06 00:34:02,620] {spark_submit.py:488} INFO - "metadata" : { }
[2022-04-06 00:34:02,620] {spark_submit.py:488} INFO - }, {
[2022-04-06 00:34:02,620] {spark_submit.py:488} INFO - "name" : "last_editor_display_name",
[2022-04-06 00:34:02,620] {spark_submit.py:488} INFO - "type" : "string",
[2022-04-06 00:34:02,620] {spark_submit.py:488} INFO - "nullable" : true,
[2022-04-06 00:34:02,620] {spark_submit.py:488} INFO - "metadata" : { }
[2022-04-06 00:34:02,620] {spark_submit.py:488} INFO - }, {
[2022-04-06 00:34:02,620] {spark_submit.py:488} INFO - "name" : "last_editor_user_id",
[2022-04-06 00:34:02,620] {spark_submit.py:488} INFO - "type" : "integer",
[2022-04-06 00:34:02,620] {spark_submit.py:488} INFO - "nullable" : true,
[2022-04-06 00:34:02,620] {spark_submit.py:488} INFO - "metadata" : { }
[2022-04-06 00:34:02,621] {spark_submit.py:488} INFO - }, {
[2022-04-06 00:34:02,621] {spark_submit.py:488} INFO - "name" : "owner_display_name",
[2022-04-06 00:34:02,621] {spark_submit.py:488} INFO - "type" : "string",
[2022-04-06 00:34:02,621] {spark_submit.py:488} INFO - "nullable" : true,
[2022-04-06 00:34:02,621] {spark_submit.py:488} INFO - "metadata" : { }
[2022-04-06 00:34:02,621] {spark_submit.py:488} INFO - }, {
[2022-04-06 00:34:02,621] {spark_submit.py:488} INFO - "name" : "owner_user_id",
[2022-04-06 00:34:02,621] {spark_submit.py:488} INFO - "type" : "integer",
[2022-04-06 00:34:02,621] {spark_submit.py:488} INFO - "nullable" : true,
[2022-04-06 00:34:02,621] {spark_submit.py:488} INFO - "metadata" : { }
[2022-04-06 00:34:02,621] {spark_submit.py:488} INFO - }, {
[2022-04-06 00:34:02,621] {spark_submit.py:488} INFO - "name" : "parent_id",
[2022-04-06 00:34:02,621] {spark_submit.py:488} INFO - "type" : "integer",
[2022-04-06 00:34:02,621] {spark_submit.py:488} INFO - "nullable" : true,
[2022-04-06 00:34:02,622] {spark_submit.py:488} INFO - "metadata" : { }
[2022-04-06 00:34:02,622] {spark_submit.py:488} INFO - }, {
[2022-04-06 00:34:02,622] {spark_submit.py:488} INFO - "name" : "post_type_id",
[2022-04-06 00:34:02,622] {spark_submit.py:488} INFO - "type" : "integer",
[2022-04-06 00:34:02,622] {spark_submit.py:488} INFO - "nullable" : true,
[2022-04-06 00:34:02,622] {spark_submit.py:488} INFO - "metadata" : { }
[2022-04-06 00:34:02,622] {spark_submit.py:488} INFO - }, {
[2022-04-06 00:34:02,622] {spark_submit.py:488} INFO - "name" : "score",
[2022-04-06 00:34:02,622] {spark_submit.py:488} INFO - "type" : "integer",
[2022-04-06 00:34:02,622] {spark_submit.py:488} INFO - "nullable" : true,
[2022-04-06 00:34:02,622] {spark_submit.py:488} INFO - "metadata" : { }
[2022-04-06 00:34:02,622] {spark_submit.py:488} INFO - }, {
[2022-04-06 00:34:02,622] {spark_submit.py:488} INFO - "name" : "tags",
[2022-04-06 00:34:02,623] {spark_submit.py:488} INFO - "type" : "string",
[2022-04-06 00:34:02,623] {spark_submit.py:488} INFO - "nullable" : true,
[2022-04-06 00:34:02,623] {spark_submit.py:488} INFO - "metadata" : { }
[2022-04-06 00:34:02,623] {spark_submit.py:488} INFO - }, {
[2022-04-06 00:34:02,623] {spark_submit.py:488} INFO - "name" : "view_count",
[2022-04-06 00:34:02,623] {spark_submit.py:488} INFO - "type" : "integer",
[2022-04-06 00:34:02,623] {spark_submit.py:488} INFO - "nullable" : true,
[2022-04-06 00:34:02,623] {spark_submit.py:488} INFO - "metadata" : { }
[2022-04-06 00:34:02,623] {spark_submit.py:488} INFO - }, {
[2022-04-06 00:34:02,623] {spark_submit.py:488} INFO - "name" : "group_by_date",
[2022-04-06 00:34:02,623] {spark_submit.py:488} INFO - "type" : "timestamp",
[2022-04-06 00:34:02,623] {spark_submit.py:488} INFO - "nullable" : true,
[2022-04-06 00:34:02,623] {spark_submit.py:488} INFO - "metadata" : { }
[2022-04-06 00:34:02,623] {spark_submit.py:488} INFO - } ]
[2022-04-06 00:34:02,624] {spark_submit.py:488} INFO - }
[2022-04-06 00:34:02,624] {spark_submit.py:488} INFO - and corresponding Parquet message type:
[2022-04-06 00:34:02,624] {spark_submit.py:488} INFO - message spark_schema {
[2022-04-06 00:34:02,624] {spark_submit.py:488} INFO - optional int32 id;
[2022-04-06 00:34:02,624] {spark_submit.py:488} INFO - optional binary title (STRING);
[2022-04-06 00:34:02,624] {spark_submit.py:488} INFO - optional binary body (STRING);
[2022-04-06 00:34:02,624] {spark_submit.py:488} INFO - optional int32 accepted_answer_id;
[2022-04-06 00:34:02,624] {spark_submit.py:488} INFO - optional int32 answer_count;
[2022-04-06 00:34:02,624] {spark_submit.py:488} INFO - optional int32 comment_count;
[2022-04-06 00:34:02,624] {spark_submit.py:488} INFO - optional int96 community_owned_date;
[2022-04-06 00:34:02,624] {spark_submit.py:488} INFO - optional int96 creation_date;
[2022-04-06 00:34:02,624] {spark_submit.py:488} INFO - optional int32 favorite_count;
[2022-04-06 00:34:02,624] {spark_submit.py:488} INFO - optional int96 last_activity_date;
[2022-04-06 00:34:02,625] {spark_submit.py:488} INFO - optional int96 last_edit_date;
[2022-04-06 00:34:02,625] {spark_submit.py:488} INFO - optional binary last_editor_display_name (STRING);
[2022-04-06 00:34:02,625] {spark_submit.py:488} INFO - optional int32 last_editor_user_id;
[2022-04-06 00:34:02,625] {spark_submit.py:488} INFO - optional binary owner_display_name (STRING);
[2022-04-06 00:34:02,625] {spark_submit.py:488} INFO - optional int32 owner_user_id;
[2022-04-06 00:34:02,625] {spark_submit.py:488} INFO - optional int32 parent_id;
[2022-04-06 00:34:02,625] {spark_submit.py:488} INFO - optional int32 post_type_id;
[2022-04-06 00:34:02,625] {spark_submit.py:488} INFO - optional int32 score;
[2022-04-06 00:34:02,625] {spark_submit.py:488} INFO - optional binary tags (STRING);
[2022-04-06 00:34:02,625] {spark_submit.py:488} INFO - optional int32 view_count;
[2022-04-06 00:34:02,625] {spark_submit.py:488} INFO - optional int96 group_by_date;
[2022-04-06 00:34:02,625] {spark_submit.py:488} INFO - }
[2022-04-06 00:34:02,625] {spark_submit.py:488} INFO - 
[2022-04-06 00:34:02,625] {spark_submit.py:488} INFO - 
[2022-04-06 00:34:02,626] {spark_submit.py:488} INFO - 22/04/06 00:34:02 INFO ParquetWriteSupport: Initialized Parquet WriteSupport with Catalyst schema:
[2022-04-06 00:34:02,626] {spark_submit.py:488} INFO - {
[2022-04-06 00:34:02,626] {spark_submit.py:488} INFO - "type" : "struct",
[2022-04-06 00:34:02,626] {spark_submit.py:488} INFO - "fields" : [ {
[2022-04-06 00:34:02,626] {spark_submit.py:488} INFO - "name" : "id",
[2022-04-06 00:34:02,626] {spark_submit.py:488} INFO - "type" : "integer",
[2022-04-06 00:34:02,626] {spark_submit.py:488} INFO - "nullable" : true,
[2022-04-06 00:34:02,626] {spark_submit.py:488} INFO - "metadata" : { }
[2022-04-06 00:34:02,626] {spark_submit.py:488} INFO - }, {
[2022-04-06 00:34:02,626] {spark_submit.py:488} INFO - "name" : "title",
[2022-04-06 00:34:02,626] {spark_submit.py:488} INFO - "type" : "string",
[2022-04-06 00:34:02,626] {spark_submit.py:488} INFO - "nullable" : true,
[2022-04-06 00:34:02,626] {spark_submit.py:488} INFO - "metadata" : { }
[2022-04-06 00:34:02,626] {spark_submit.py:488} INFO - }, {
[2022-04-06 00:34:02,627] {spark_submit.py:488} INFO - "name" : "body",
[2022-04-06 00:34:02,627] {spark_submit.py:488} INFO - "type" : "string",
[2022-04-06 00:34:02,627] {spark_submit.py:488} INFO - "nullable" : true,
[2022-04-06 00:34:02,627] {spark_submit.py:488} INFO - "metadata" : { }
[2022-04-06 00:34:02,627] {spark_submit.py:488} INFO - }, {
[2022-04-06 00:34:02,627] {spark_submit.py:488} INFO - "name" : "accepted_answer_id",
[2022-04-06 00:34:02,627] {spark_submit.py:488} INFO - "type" : "integer",
[2022-04-06 00:34:02,627] {spark_submit.py:488} INFO - "nullable" : true,
[2022-04-06 00:34:02,627] {spark_submit.py:488} INFO - "metadata" : { }
[2022-04-06 00:34:02,627] {spark_submit.py:488} INFO - }, {
[2022-04-06 00:34:02,627] {spark_submit.py:488} INFO - "name" : "answer_count",
[2022-04-06 00:34:02,627] {spark_submit.py:488} INFO - "type" : "integer",
[2022-04-06 00:34:02,627] {spark_submit.py:488} INFO - "nullable" : true,
[2022-04-06 00:34:02,740] {spark_submit.py:488} INFO - "metadata" : { }
[2022-04-06 00:34:02,740] {spark_submit.py:488} INFO - }, {
[2022-04-06 00:34:02,740] {spark_submit.py:488} INFO - "name" : "comment_count",
[2022-04-06 00:34:02,740] {spark_submit.py:488} INFO - "type" : "integer",
[2022-04-06 00:34:02,740] {spark_submit.py:488} INFO - "nullable" : true,
[2022-04-06 00:34:02,740] {spark_submit.py:488} INFO - "metadata" : { }
[2022-04-06 00:34:02,740] {spark_submit.py:488} INFO - }, {
[2022-04-06 00:34:02,740] {spark_submit.py:488} INFO - "name" : "community_owned_date",
[2022-04-06 00:34:02,740] {spark_submit.py:488} INFO - "type" : "timestamp",
[2022-04-06 00:34:02,740] {spark_submit.py:488} INFO - "nullable" : true,
[2022-04-06 00:34:02,741] {spark_submit.py:488} INFO - "metadata" : { }
[2022-04-06 00:34:02,741] {spark_submit.py:488} INFO - }, {
[2022-04-06 00:34:02,741] {spark_submit.py:488} INFO - "name" : "creation_date",
[2022-04-06 00:34:02,741] {spark_submit.py:488} INFO - "type" : "timestamp",
[2022-04-06 00:34:02,741] {spark_submit.py:488} INFO - "nullable" : true,
[2022-04-06 00:34:02,741] {spark_submit.py:488} INFO - "metadata" : { }
[2022-04-06 00:34:02,741] {spark_submit.py:488} INFO - }, {
[2022-04-06 00:34:02,741] {spark_submit.py:488} INFO - "name" : "favorite_count",
[2022-04-06 00:34:02,741] {spark_submit.py:488} INFO - "type" : "integer",
[2022-04-06 00:34:02,741] {spark_submit.py:488} INFO - "nullable" : true,
[2022-04-06 00:34:02,741] {spark_submit.py:488} INFO - "metadata" : { }
[2022-04-06 00:34:02,741] {spark_submit.py:488} INFO - }, {
[2022-04-06 00:34:02,741] {spark_submit.py:488} INFO - "name" : "last_activity_date",
[2022-04-06 00:34:02,768] {spark_submit.py:488} INFO - "type" : "timestamp",
[2022-04-06 00:34:02,768] {spark_submit.py:488} INFO - "nullable" : true,
[2022-04-06 00:34:02,768] {spark_submit.py:488} INFO - "metadata" : { }
[2022-04-06 00:34:02,768] {spark_submit.py:488} INFO - }, {
[2022-04-06 00:34:02,768] {spark_submit.py:488} INFO - "name" : "last_edit_date",
[2022-04-06 00:34:02,768] {spark_submit.py:488} INFO - "type" : "timestamp",
[2022-04-06 00:34:02,768] {spark_submit.py:488} INFO - "nullable" : true,
[2022-04-06 00:34:02,768] {spark_submit.py:488} INFO - "metadata" : { }
[2022-04-06 00:34:02,768] {spark_submit.py:488} INFO - }, {
[2022-04-06 00:34:02,768] {spark_submit.py:488} INFO - "name" : "last_editor_display_name",
[2022-04-06 00:34:02,769] {spark_submit.py:488} INFO - "type" : "string",
[2022-04-06 00:34:02,769] {spark_submit.py:488} INFO - "nullable" : true,
[2022-04-06 00:34:02,769] {spark_submit.py:488} INFO - "metadata" : { }
[2022-04-06 00:34:02,769] {spark_submit.py:488} INFO - }, {
[2022-04-06 00:34:02,769] {spark_submit.py:488} INFO - "name" : "last_editor_user_id",
[2022-04-06 00:34:02,769] {spark_submit.py:488} INFO - "type" : "integer",
[2022-04-06 00:34:02,769] {spark_submit.py:488} INFO - "nullable" : true,
[2022-04-06 00:34:02,769] {spark_submit.py:488} INFO - "metadata" : { }
[2022-04-06 00:34:02,769] {spark_submit.py:488} INFO - }, {
[2022-04-06 00:34:02,769] {spark_submit.py:488} INFO - "name" : "owner_display_name",
[2022-04-06 00:34:02,769] {spark_submit.py:488} INFO - "type" : "string",
[2022-04-06 00:34:02,769] {spark_submit.py:488} INFO - "nullable" : true,
[2022-04-06 00:34:02,769] {spark_submit.py:488} INFO - "metadata" : { }
[2022-04-06 00:34:02,769] {spark_submit.py:488} INFO - }, {
[2022-04-06 00:34:02,769] {spark_submit.py:488} INFO - "name" : "owner_user_id",
[2022-04-06 00:34:02,770] {spark_submit.py:488} INFO - "type" : "integer",
[2022-04-06 00:34:02,770] {spark_submit.py:488} INFO - "nullable" : true,
[2022-04-06 00:34:02,770] {spark_submit.py:488} INFO - "metadata" : { }
[2022-04-06 00:34:02,770] {spark_submit.py:488} INFO - }, {
[2022-04-06 00:34:02,770] {spark_submit.py:488} INFO - "name" : "parent_id",
[2022-04-06 00:34:02,770] {spark_submit.py:488} INFO - "type" : "integer",
[2022-04-06 00:34:02,770] {spark_submit.py:488} INFO - "nullable" : true,
[2022-04-06 00:34:02,770] {spark_submit.py:488} INFO - "metadata" : { }
[2022-04-06 00:34:02,770] {spark_submit.py:488} INFO - }, {
[2022-04-06 00:34:02,770] {spark_submit.py:488} INFO - "name" : "post_type_id",
[2022-04-06 00:34:02,770] {spark_submit.py:488} INFO - "type" : "integer",
[2022-04-06 00:34:02,770] {spark_submit.py:488} INFO - "nullable" : true,
[2022-04-06 00:34:02,770] {spark_submit.py:488} INFO - "metadata" : { }
[2022-04-06 00:34:02,770] {spark_submit.py:488} INFO - }, {
[2022-04-06 00:34:02,770] {spark_submit.py:488} INFO - "name" : "score",
[2022-04-06 00:34:02,771] {spark_submit.py:488} INFO - "type" : "integer",
[2022-04-06 00:34:02,771] {spark_submit.py:488} INFO - "nullable" : true,
[2022-04-06 00:34:02,771] {spark_submit.py:488} INFO - "metadata" : { }
[2022-04-06 00:34:02,771] {spark_submit.py:488} INFO - }, {
[2022-04-06 00:34:02,771] {spark_submit.py:488} INFO - "name" : "tags",
[2022-04-06 00:34:02,771] {spark_submit.py:488} INFO - "type" : "string",
[2022-04-06 00:34:02,771] {spark_submit.py:488} INFO - "nullable" : true,
[2022-04-06 00:34:02,771] {spark_submit.py:488} INFO - "metadata" : { }
[2022-04-06 00:34:02,771] {spark_submit.py:488} INFO - }, {
[2022-04-06 00:34:02,771] {spark_submit.py:488} INFO - "name" : "view_count",
[2022-04-06 00:34:02,771] {spark_submit.py:488} INFO - "type" : "integer",
[2022-04-06 00:34:02,771] {spark_submit.py:488} INFO - "nullable" : true,
[2022-04-06 00:34:02,771] {spark_submit.py:488} INFO - "metadata" : { }
[2022-04-06 00:34:02,771] {spark_submit.py:488} INFO - }, {
[2022-04-06 00:34:02,771] {spark_submit.py:488} INFO - "name" : "group_by_date",
[2022-04-06 00:34:02,837] {spark_submit.py:488} INFO - "type" : "timestamp",
[2022-04-06 00:34:02,837] {spark_submit.py:488} INFO - "nullable" : true,
[2022-04-06 00:34:02,837] {spark_submit.py:488} INFO - "metadata" : { }
[2022-04-06 00:34:02,837] {spark_submit.py:488} INFO - } ]
[2022-04-06 00:34:02,837] {spark_submit.py:488} INFO - }
[2022-04-06 00:34:02,837] {spark_submit.py:488} INFO - and corresponding Parquet message type:
[2022-04-06 00:34:02,837] {spark_submit.py:488} INFO - message spark_schema {
[2022-04-06 00:34:02,837] {spark_submit.py:488} INFO - optional int32 id;
[2022-04-06 00:34:02,837] {spark_submit.py:488} INFO - optional binary title (STRING);
[2022-04-06 00:34:02,837] {spark_submit.py:488} INFO - optional binary body (STRING);
[2022-04-06 00:34:02,837] {spark_submit.py:488} INFO - optional int32 accepted_answer_id;
[2022-04-06 00:34:02,837] {spark_submit.py:488} INFO - optional int32 answer_count;
[2022-04-06 00:34:02,838] {spark_submit.py:488} INFO - optional int32 comment_count;
[2022-04-06 00:34:02,838] {spark_submit.py:488} INFO - optional int96 community_owned_date;
[2022-04-06 00:34:02,838] {spark_submit.py:488} INFO - optional int96 creation_date;
[2022-04-06 00:34:02,838] {spark_submit.py:488} INFO - optional int32 favorite_count;
[2022-04-06 00:34:02,838] {spark_submit.py:488} INFO - optional int96 last_activity_date;
[2022-04-06 00:34:02,838] {spark_submit.py:488} INFO - optional int96 last_edit_date;
[2022-04-06 00:34:02,838] {spark_submit.py:488} INFO - optional binary last_editor_display_name (STRING);
[2022-04-06 00:34:02,838] {spark_submit.py:488} INFO - optional int32 last_editor_user_id;
[2022-04-06 00:34:02,838] {spark_submit.py:488} INFO - optional binary owner_display_name (STRING);
[2022-04-06 00:34:02,838] {spark_submit.py:488} INFO - optional int32 owner_user_id;
[2022-04-06 00:34:02,838] {spark_submit.py:488} INFO - optional int32 parent_id;
[2022-04-06 00:34:02,838] {spark_submit.py:488} INFO - optional int32 post_type_id;
[2022-04-06 00:34:02,838] {spark_submit.py:488} INFO - optional int32 score;
[2022-04-06 00:34:02,838] {spark_submit.py:488} INFO - optional binary tags (STRING);
[2022-04-06 00:34:02,839] {spark_submit.py:488} INFO - optional int32 view_count;
[2022-04-06 00:34:02,839] {spark_submit.py:488} INFO - optional int96 group_by_date;
[2022-04-06 00:34:02,839] {spark_submit.py:488} INFO - }
[2022-04-06 00:34:02,839] {spark_submit.py:488} INFO - 
[2022-04-06 00:34:02,839] {spark_submit.py:488} INFO - 
[2022-04-06 00:34:03,769] {spark_submit.py:488} INFO - 22/04/06 00:34:03 INFO CodecPool: Got brand-new compressor [.snappy]
[2022-04-06 00:34:03,795] {spark_submit.py:488} INFO - 22/04/06 00:34:03 INFO CodecPool: Got brand-new compressor [.snappy]
[2022-04-06 00:34:03,805] {spark_submit.py:488} INFO - 22/04/06 00:34:03 INFO CodecPool: Got brand-new compressor [.snappy]
[2022-04-06 00:34:03,806] {spark_submit.py:488} INFO - 22/04/06 00:34:03 INFO CodecPool: Got brand-new compressor [.snappy]
[2022-04-06 00:34:19,159] {spark_submit.py:488} INFO - 22/04/06 00:34:19 INFO GoogleCloudStorageImpl: Ignoring exception of type GoogleJsonResponseException; verified object already exists with desired state.
[2022-04-06 00:34:19,160] {spark_submit.py:488} INFO - 22/04/06 00:34:19 INFO GoogleCloudStorageFileSystem: Successfully repaired 'gs://dtc_data_lake_de-stack-overflow/BigQuery/posts_questions-2013-09/_temporary/0/_temporary/' directory.
[2022-04-06 00:34:19,161] {spark_submit.py:488} INFO - 22/04/06 00:34:19 INFO FileOutputCommitter: Saved output of task 'attempt_202204060033593533148615549486041_0003_m_000003_8' to gs://dtc_data_lake_de-stack-overflow/BigQuery/posts_questions-2013-09/_temporary/0/task_202204060033593533148615549486041_0003_m_000003
[2022-04-06 00:34:19,162] {spark_submit.py:488} INFO - 22/04/06 00:34:19 INFO SparkHadoopMapRedUtil: attempt_202204060033593533148615549486041_0003_m_000003_8: Committed
[2022-04-06 00:34:19,184] {spark_submit.py:488} INFO - 22/04/06 00:34:19 INFO GoogleCloudStorageFileSystem: Successfully repaired 'gs://dtc_data_lake_de-stack-overflow/BigQuery/posts_questions-2013-09/_temporary/0/_temporary/' directory.
[2022-04-06 00:34:19,185] {spark_submit.py:488} INFO - 22/04/06 00:34:19 INFO FileOutputCommitter: Saved output of task 'attempt_20220406003359424775291926495965_0003_m_000002_7' to gs://dtc_data_lake_de-stack-overflow/BigQuery/posts_questions-2013-09/_temporary/0/task_20220406003359424775291926495965_0003_m_000002
[2022-04-06 00:34:19,188] {spark_submit.py:488} INFO - 22/04/06 00:34:19 INFO SparkHadoopMapRedUtil: attempt_20220406003359424775291926495965_0003_m_000002_7: Committed
[2022-04-06 00:34:19,235] {spark_submit.py:488} INFO - 22/04/06 00:34:19 INFO GoogleCloudStorageImpl: Ignoring exception of type GoogleJsonResponseException; verified object already exists with desired state.
[2022-04-06 00:34:19,236] {spark_submit.py:488} INFO - 22/04/06 00:34:19 INFO GoogleCloudStorageFileSystem: Successfully repaired 'gs://dtc_data_lake_de-stack-overflow/BigQuery/posts_questions-2013-09/_temporary/0/_temporary/' directory.
[2022-04-06 00:34:19,236] {spark_submit.py:488} INFO - 22/04/06 00:34:19 INFO FileOutputCommitter: Saved output of task 'attempt_202204060033593725918041526863730_0003_m_000000_5' to gs://dtc_data_lake_de-stack-overflow/BigQuery/posts_questions-2013-09/_temporary/0/task_202204060033593725918041526863730_0003_m_000000
[2022-04-06 00:34:19,236] {spark_submit.py:488} INFO - 22/04/06 00:34:19 INFO SparkHadoopMapRedUtil: attempt_202204060033593725918041526863730_0003_m_000000_5: Committed
[2022-04-06 00:34:19,238] {spark_submit.py:488} INFO - 22/04/06 00:34:19 INFO Executor: Finished task 0.0 in stage 3.0 (TID 5). 3483 bytes result sent to driver
[2022-04-06 00:34:19,240] {spark_submit.py:488} INFO - 22/04/06 00:34:19 INFO GoogleCloudStorageImpl: Ignoring exception of type GoogleJsonResponseException; verified object already exists with desired state.
[2022-04-06 00:34:19,241] {spark_submit.py:488} INFO - 22/04/06 00:34:19 INFO GoogleCloudStorageFileSystem: Successfully repaired 'gs://dtc_data_lake_de-stack-overflow/BigQuery/posts_questions-2013-09/_temporary/0/_temporary/' directory.
[2022-04-06 00:34:19,241] {spark_submit.py:488} INFO - 22/04/06 00:34:19 INFO FileOutputCommitter: Saved output of task 'attempt_202204060033599103146933456437298_0003_m_000001_6' to gs://dtc_data_lake_de-stack-overflow/BigQuery/posts_questions-2013-09/_temporary/0/task_202204060033599103146933456437298_0003_m_000001
[2022-04-06 00:34:19,245] {spark_submit.py:488} INFO - 22/04/06 00:34:19 INFO TaskSetManager: Finished task 0.0 in stage 3.0 (TID 5) in 18459 ms on 9fe4286b2855 (executor driver) (1/4)
[2022-04-06 00:34:19,245] {spark_submit.py:488} INFO - 22/04/06 00:34:19 INFO SparkHadoopMapRedUtil: attempt_202204060033599103146933456437298_0003_m_000001_6: Committed
[2022-04-06 00:34:19,250] {spark_submit.py:488} INFO - 22/04/06 00:34:19 INFO Executor: Finished task 2.0 in stage 3.0 (TID 7). 3526 bytes result sent to driver
[2022-04-06 00:34:19,264] {spark_submit.py:488} INFO - 22/04/06 00:34:19 INFO TaskSetManager: Finished task 2.0 in stage 3.0 (TID 7) in 18474 ms on 9fe4286b2855 (executor driver) (2/4)
[2022-04-06 00:34:19,268] {spark_submit.py:488} INFO - 22/04/06 00:34:19 INFO Executor: Finished task 1.0 in stage 3.0 (TID 6). 3483 bytes result sent to driver
[2022-04-06 00:34:19,277] {spark_submit.py:488} INFO - 22/04/06 00:34:19 INFO TaskSetManager: Finished task 1.0 in stage 3.0 (TID 6) in 18490 ms on 9fe4286b2855 (executor driver) (3/4)
[2022-04-06 00:34:19,278] {spark_submit.py:488} INFO - 22/04/06 00:34:19 INFO Executor: Finished task 3.0 in stage 3.0 (TID 8). 3483 bytes result sent to driver
[2022-04-06 00:34:19,281] {spark_submit.py:488} INFO - 22/04/06 00:34:19 INFO TaskSetManager: Finished task 3.0 in stage 3.0 (TID 8) in 18489 ms on 9fe4286b2855 (executor driver) (4/4)
[2022-04-06 00:34:19,281] {spark_submit.py:488} INFO - 22/04/06 00:34:19 INFO TaskSchedulerImpl: Removed TaskSet 3.0, whose tasks have all completed, from pool
[2022-04-06 00:34:19,282] {spark_submit.py:488} INFO - 22/04/06 00:34:19 INFO DAGScheduler: ResultStage 3 (save at NativeMethodAccessorImpl.java:0) finished in 19.153 s
[2022-04-06 00:34:19,282] {spark_submit.py:488} INFO - 22/04/06 00:34:19 INFO DAGScheduler: Job 2 is finished. Cancelling potential speculative or zombie tasks for this job
[2022-04-06 00:34:19,283] {spark_submit.py:488} INFO - 22/04/06 00:34:19 INFO TaskSchedulerImpl: Killing all running tasks in stage 3: Stage finished
[2022-04-06 00:34:19,283] {spark_submit.py:488} INFO - 22/04/06 00:34:19 INFO DAGScheduler: Job 2 finished: save at NativeMethodAccessorImpl.java:0, took 19.259780 s
[2022-04-06 00:34:19,286] {spark_submit.py:488} INFO - 22/04/06 00:34:19 INFO FileFormatWriter: Start to commit write Job 602e3d91-3da4-4f2d-9697-f03e6c677c38.
[2022-04-06 00:34:19,714] {spark_submit.py:488} INFO - 22/04/06 00:34:19 INFO GoogleCloudStorageFileSystem: Successfully repaired 'gs://dtc_data_lake_de-stack-overflow/BigQuery/posts_questions-2013-09/_temporary/0/task_20220406003359424775291926495965_0003_m_000002/' directory.
[2022-04-06 00:34:20,044] {spark_submit.py:488} INFO - 22/04/06 00:34:20 INFO GoogleCloudStorageFileSystem: Successfully repaired 'gs://dtc_data_lake_de-stack-overflow/BigQuery/posts_questions-2013-09/_temporary/0/task_202204060033593533148615549486041_0003_m_000003/' directory.
[2022-04-06 00:34:20,343] {spark_submit.py:488} INFO - 22/04/06 00:34:20 INFO GoogleCloudStorageFileSystem: Successfully repaired 'gs://dtc_data_lake_de-stack-overflow/BigQuery/posts_questions-2013-09/_temporary/0/task_202204060033593725918041526863730_0003_m_000000/' directory.
[2022-04-06 00:34:20,717] {spark_submit.py:488} INFO - 22/04/06 00:34:20 INFO GoogleCloudStorageFileSystem: Successfully repaired 'gs://dtc_data_lake_de-stack-overflow/BigQuery/posts_questions-2013-09/_temporary/0/task_202204060033599103146933456437298_0003_m_000001/' directory.
[2022-04-06 00:34:20,969] {spark_submit.py:488} INFO - 22/04/06 00:34:20 INFO GoogleCloudStorageFileSystem: Successfully repaired 'gs://dtc_data_lake_de-stack-overflow/BigQuery/posts_questions-2013-09/' directory.
[2022-04-06 00:34:21,573] {spark_submit.py:488} INFO - 22/04/06 00:34:21 INFO FileFormatWriter: Write Job 602e3d91-3da4-4f2d-9697-f03e6c677c38 committed. Elapsed time: 2283 ms.
[2022-04-06 00:34:21,579] {spark_submit.py:488} INFO - 22/04/06 00:34:21 INFO FileFormatWriter: Finished processing stats for write job 602e3d91-3da4-4f2d-9697-f03e6c677c38.
[2022-04-06 00:34:22,168] {spark_submit.py:488} INFO - 22/04/06 00:34:22 INFO SparkContext: Invoking stop() from shutdown hook
[2022-04-06 00:34:22,247] {spark_submit.py:488} INFO - 22/04/06 00:34:22 INFO SparkUI: Stopped Spark web UI at http://9fe4286b2855:4044
[2022-04-06 00:34:22,359] {spark_submit.py:488} INFO - 22/04/06 00:34:22 INFO MapOutputTrackerMasterEndpoint: MapOutputTrackerMasterEndpoint stopped!
[2022-04-06 00:34:22,683] {spark_submit.py:488} INFO - 22/04/06 00:34:22 INFO MemoryStore: MemoryStore cleared
[2022-04-06 00:34:22,685] {spark_submit.py:488} INFO - 22/04/06 00:34:22 INFO BlockManager: BlockManager stopped
[2022-04-06 00:34:22,689] {spark_submit.py:488} INFO - 22/04/06 00:34:22 INFO BlockManagerMaster: BlockManagerMaster stopped
[2022-04-06 00:34:22,694] {spark_submit.py:488} INFO - 22/04/06 00:34:22 INFO OutputCommitCoordinator$OutputCommitCoordinatorEndpoint: OutputCommitCoordinator stopped!
[2022-04-06 00:34:22,840] {spark_submit.py:488} INFO - 22/04/06 00:34:22 INFO SparkContext: Successfully stopped SparkContext
[2022-04-06 00:34:22,841] {spark_submit.py:488} INFO - 22/04/06 00:34:22 INFO ShutdownHookManager: Shutdown hook called
[2022-04-06 00:34:22,842] {spark_submit.py:488} INFO - 22/04/06 00:34:22 INFO ShutdownHookManager: Deleting directory /tmp/spark-2e232d6d-7bb5-4d12-92f2-c96895eb56c6
[2022-04-06 00:34:22,859] {spark_submit.py:488} INFO - 22/04/06 00:34:22 INFO ShutdownHookManager: Deleting directory /tmp/spark-d85b852b-b017-4e5a-b0b0-96cc79bc6c42
[2022-04-06 00:34:22,982] {spark_submit.py:488} INFO - 22/04/06 00:34:22 INFO ShutdownHookManager: Deleting directory /tmp/spark-d85b852b-b017-4e5a-b0b0-96cc79bc6c42/pyspark-f93eeaf7-864a-4113-96e2-6a519479d9c1
[2022-04-06 00:34:24,257] {taskinstance.py:1288} INFO - Marking task as SUCCESS. dag_id=IngestToGCP, task_id=processing_tasks_posts_questions.spark_job, execution_date=20130901T000000, start_date=20220406T002948, end_date=20220406T003424
[2022-04-06 00:34:24,421] {local_task_job.py:154} INFO - Task exited with return code 0
[2022-04-06 00:34:24,598] {local_task_job.py:264} INFO - 1 downstream tasks scheduled from follow-on schedule check
