[2022-04-07 19:23:35,353] {taskinstance.py:1043} INFO - Dependencies all met for <TaskInstance: load_to_BigQuery.create_external_posts_questions.create_posts_questions_stack_overflow_data_external_table scheduled__2016-08-01T00:00:00+00:00 [queued]>
[2022-04-07 19:23:35,433] {taskinstance.py:1043} INFO - Dependencies all met for <TaskInstance: load_to_BigQuery.create_external_posts_questions.create_posts_questions_stack_overflow_data_external_table scheduled__2016-08-01T00:00:00+00:00 [queued]>
[2022-04-07 19:23:35,433] {taskinstance.py:1249} INFO - 
--------------------------------------------------------------------------------
[2022-04-07 19:23:35,437] {taskinstance.py:1250} INFO - Starting attempt 1 of 1
[2022-04-07 19:23:35,438] {taskinstance.py:1251} INFO - 
--------------------------------------------------------------------------------
[2022-04-07 19:23:35,937] {taskinstance.py:1270} INFO - Executing <Task(BigQueryCreateExternalTableOperator): create_external_posts_questions.create_posts_questions_stack_overflow_data_external_table> on 2016-08-01 00:00:00+00:00
[2022-04-07 19:23:35,981] {standard_task_runner.py:52} INFO - Started process 3379 to run task
[2022-04-07 19:23:36,024] {standard_task_runner.py:79} INFO - Running: ['***', 'tasks', 'run', 'load_to_BigQuery', 'create_external_posts_questions.create_posts_questions_stack_overflow_data_external_table', 'scheduled__2016-08-01T00:00:00+00:00', '--job-id', '12817', '--raw', '--subdir', 'DAGS_FOLDER/load_to_BigQuery_dag.py', '--cfg-path', '/tmp/tmphe0zjv58', '--error-file', '/tmp/tmphounl2sj']
[2022-04-07 19:23:36,025] {standard_task_runner.py:80} INFO - Job 12817: Subtask create_external_posts_questions.create_posts_questions_stack_overflow_data_external_table
[2022-04-07 19:23:36,466] {logging_mixin.py:109} INFO - Running <TaskInstance: load_to_BigQuery.create_external_posts_questions.create_posts_questions_stack_overflow_data_external_table scheduled__2016-08-01T00:00:00+00:00 [running]> on host 2c54f2187010
[2022-04-07 19:23:36,825] {logging_mixin.py:109} WARNING - /home/***/.local/lib/python3.7/site-packages/***/utils/context.py:156 AirflowContextDeprecationWarning: Accessing 'execution_date' from the template is deprecated and will be removed in a future version. Please use 'data_interval_start' or 'logical_date' instead.
[2022-04-07 19:23:36,958] {taskinstance.py:1448} INFO - Exporting the following env vars:
AIRFLOW_CTX_DAG_OWNER=***
AIRFLOW_CTX_DAG_ID=load_to_BigQuery
AIRFLOW_CTX_TASK_ID=create_external_posts_questions.create_posts_questions_stack_overflow_data_external_table
AIRFLOW_CTX_EXECUTION_DATE=2016-08-01T00:00:00+00:00
AIRFLOW_CTX_DAG_RUN_ID=scheduled__2016-08-01T00:00:00+00:00
[2022-04-07 19:23:36,969] {crypto.py:82} WARNING - empty cryptography key - values will not be stored encrypted.
[2022-04-07 19:23:39,086] {taskinstance.py:1288} INFO - Marking task as SUCCESS. dag_id=load_to_BigQuery, task_id=create_external_posts_questions.create_posts_questions_stack_overflow_data_external_table, execution_date=20160801T000000, start_date=20220407T192335, end_date=20220407T192339
[2022-04-07 19:23:39,250] {local_task_job.py:154} INFO - Task exited with return code 0
[2022-04-07 19:23:39,646] {local_task_job.py:264} INFO - 1 downstream tasks scheduled from follow-on schedule check
[2022-04-07 22:16:58,546] {taskinstance.py:1043} INFO - Dependencies all met for <TaskInstance: load_to_BigQuery.create_external_posts_questions.create_posts_questions_stack_overflow_data_external_table scheduled__2016-08-01T00:00:00+00:00 [queued]>
[2022-04-07 22:16:58,612] {taskinstance.py:1043} INFO - Dependencies all met for <TaskInstance: load_to_BigQuery.create_external_posts_questions.create_posts_questions_stack_overflow_data_external_table scheduled__2016-08-01T00:00:00+00:00 [queued]>
[2022-04-07 22:16:58,613] {taskinstance.py:1249} INFO - 
--------------------------------------------------------------------------------
[2022-04-07 22:16:58,613] {taskinstance.py:1250} INFO - Starting attempt 1 of 1
[2022-04-07 22:16:58,613] {taskinstance.py:1251} INFO - 
--------------------------------------------------------------------------------
[2022-04-07 22:16:58,971] {taskinstance.py:1270} INFO - Executing <Task(BigQueryCreateExternalTableOperator): create_external_posts_questions.create_posts_questions_stack_overflow_data_external_table> on 2016-08-01 00:00:00+00:00
[2022-04-07 22:16:59,004] {standard_task_runner.py:52} INFO - Started process 5694 to run task
[2022-04-07 22:16:59,023] {standard_task_runner.py:79} INFO - Running: ['***', 'tasks', 'run', 'load_to_BigQuery', 'create_external_posts_questions.create_posts_questions_stack_overflow_data_external_table', 'scheduled__2016-08-01T00:00:00+00:00', '--job-id', '14074', '--raw', '--subdir', 'DAGS_FOLDER/load_to_BigQuery_dag.py', '--cfg-path', '/tmp/tmpb25ojksd', '--error-file', '/tmp/tmpl9d7n42e']
[2022-04-07 22:16:59,032] {standard_task_runner.py:80} INFO - Job 14074: Subtask create_external_posts_questions.create_posts_questions_stack_overflow_data_external_table
[2022-04-07 22:16:59,250] {logging_mixin.py:109} INFO - Running <TaskInstance: load_to_BigQuery.create_external_posts_questions.create_posts_questions_stack_overflow_data_external_table scheduled__2016-08-01T00:00:00+00:00 [running]> on host 36107d30f64e
[2022-04-07 22:16:59,543] {logging_mixin.py:109} WARNING - /home/***/.local/lib/python3.7/site-packages/***/utils/context.py:156 AirflowContextDeprecationWarning: Accessing 'execution_date' from the template is deprecated and will be removed in a future version. Please use 'data_interval_start' or 'logical_date' instead.
[2022-04-07 22:16:59,609] {taskinstance.py:1448} INFO - Exporting the following env vars:
AIRFLOW_CTX_DAG_OWNER=***
AIRFLOW_CTX_DAG_ID=load_to_BigQuery
AIRFLOW_CTX_TASK_ID=create_external_posts_questions.create_posts_questions_stack_overflow_data_external_table
AIRFLOW_CTX_EXECUTION_DATE=2016-08-01T00:00:00+00:00
AIRFLOW_CTX_DAG_RUN_ID=scheduled__2016-08-01T00:00:00+00:00
[2022-04-07 22:16:59,614] {crypto.py:82} WARNING - empty cryptography key - values will not be stored encrypted.
[2022-04-07 22:17:01,253] {taskinstance.py:1288} INFO - Marking task as SUCCESS. dag_id=load_to_BigQuery, task_id=create_external_posts_questions.create_posts_questions_stack_overflow_data_external_table, execution_date=20160801T000000, start_date=20220407T221658, end_date=20220407T221701
[2022-04-07 22:17:01,370] {local_task_job.py:154} INFO - Task exited with return code 0
[2022-04-07 22:17:01,574] {local_task_job.py:264} INFO - 1 downstream tasks scheduled from follow-on schedule check
