[2022-03-30 19:59:26,928] {taskinstance.py:1037} INFO - Dependencies all met for <TaskInstance: IngestToGCP.processing_tasks_badges.remove_badges_csv scheduled__2009-05-01T00:00:00+00:00 [queued]>
[2022-03-30 19:59:27,008] {taskinstance.py:1037} INFO - Dependencies all met for <TaskInstance: IngestToGCP.processing_tasks_badges.remove_badges_csv scheduled__2009-05-01T00:00:00+00:00 [queued]>
[2022-03-30 19:59:27,025] {taskinstance.py:1243} INFO - 
--------------------------------------------------------------------------------
[2022-03-30 19:59:27,025] {taskinstance.py:1244} INFO - Starting attempt 1 of 1
[2022-03-30 19:59:27,026] {taskinstance.py:1245} INFO - 
--------------------------------------------------------------------------------
[2022-03-30 19:59:27,113] {taskinstance.py:1264} INFO - Executing <Task(BashOperator): processing_tasks_badges.remove_badges_csv> on 2009-05-01 00:00:00+00:00
[2022-03-30 19:59:27,138] {standard_task_runner.py:52} INFO - Started process 2868 to run task
[2022-03-30 19:59:27,160] {standard_task_runner.py:76} INFO - Running: ['***', 'tasks', 'run', 'IngestToGCP', 'processing_tasks_badges.remove_badges_csv', 'scheduled__2009-05-01T00:00:00+00:00', '--job-id', '151', '--raw', '--subdir', 'DAGS_FOLDER/ingest_dag.py', '--cfg-path', '/tmp/tmp4p5h3wv5', '--error-file', '/tmp/tmp9h75g0sw']
[2022-03-30 19:59:27,164] {standard_task_runner.py:77} INFO - Job 151: Subtask processing_tasks_badges.remove_badges_csv
[2022-03-30 19:59:27,714] {logging_mixin.py:109} INFO - Running <TaskInstance: IngestToGCP.processing_tasks_badges.remove_badges_csv scheduled__2009-05-01T00:00:00+00:00 [running]> on host d9825fd5ae59
[2022-03-30 19:59:28,236] {logging_mixin.py:109} WARNING - /home/***/.local/lib/python3.7/site-packages/***/utils/context.py:156 AirflowContextDeprecationWarning: Accessing 'execution_date' from the template is deprecated and will be removed in a future version. Please use 'data_interval_start' or 'logical_date' instead.
[2022-03-30 19:59:28,390] {taskinstance.py:1431} INFO - Exporting the following env vars:
AIRFLOW_CTX_DAG_OWNER=***
AIRFLOW_CTX_DAG_ID=IngestToGCP
AIRFLOW_CTX_TASK_ID=processing_tasks_badges.remove_badges_csv
AIRFLOW_CTX_EXECUTION_DATE=2009-05-01T00:00:00+00:00
AIRFLOW_CTX_DAG_RUN_ID=scheduled__2009-05-01T00:00:00+00:00
[2022-03-30 19:59:28,392] {subprocess.py:62} INFO - Tmp dir root location: 
 /tmp
[2022-03-30 19:59:28,407] {subprocess.py:74} INFO - Running command: ['bash', '-c', 'rm /opt/***/badges-2009-05.csv']
[2022-03-30 19:59:28,589] {subprocess.py:85} INFO - Output:
[2022-03-30 19:59:28,606] {subprocess.py:93} INFO - Command exited with return code 0
[2022-03-30 19:59:29,744] {taskinstance.py:1282} INFO - Marking task as SUCCESS. dag_id=IngestToGCP, task_id=processing_tasks_badges.remove_badges_csv, execution_date=20090501T000000, start_date=20220330T195926, end_date=20220330T195929
[2022-03-30 19:59:29,843] {local_task_job.py:154} INFO - Task exited with return code 0
[2022-03-30 19:59:30,107] {local_task_job.py:264} INFO - 1 downstream tasks scheduled from follow-on schedule check
[2022-04-05 22:44:47,370] {taskinstance.py:1043} INFO - Dependencies all met for <TaskInstance: IngestToGCP.processing_tasks_badges.remove_badges_csv scheduled__2009-05-01T00:00:00+00:00 [queued]>
[2022-04-05 22:44:47,458] {taskinstance.py:1043} INFO - Dependencies all met for <TaskInstance: IngestToGCP.processing_tasks_badges.remove_badges_csv scheduled__2009-05-01T00:00:00+00:00 [queued]>
[2022-04-05 22:44:47,458] {taskinstance.py:1249} INFO - 
--------------------------------------------------------------------------------
[2022-04-05 22:44:47,458] {taskinstance.py:1250} INFO - Starting attempt 1 of 1
[2022-04-05 22:44:47,458] {taskinstance.py:1251} INFO - 
--------------------------------------------------------------------------------
[2022-04-05 22:44:47,593] {taskinstance.py:1270} INFO - Executing <Task(BashOperator): processing_tasks_badges.remove_badges_csv> on 2009-05-01 00:00:00+00:00
[2022-04-05 22:44:47,629] {standard_task_runner.py:52} INFO - Started process 14024 to run task
[2022-04-05 22:44:47,659] {standard_task_runner.py:79} INFO - Running: ['***', 'tasks', 'run', 'IngestToGCP', 'processing_tasks_badges.remove_badges_csv', 'scheduled__2009-05-01T00:00:00+00:00', '--job-id', '8583', '--raw', '--subdir', 'DAGS_FOLDER/ingest_dag.py', '--cfg-path', '/tmp/tmpx3zw5esu', '--error-file', '/tmp/tmproqz826m']
[2022-04-05 22:44:47,660] {standard_task_runner.py:80} INFO - Job 8583: Subtask processing_tasks_badges.remove_badges_csv
[2022-04-05 22:44:48,661] {logging_mixin.py:109} INFO - Running <TaskInstance: IngestToGCP.processing_tasks_badges.remove_badges_csv scheduled__2009-05-01T00:00:00+00:00 [running]> on host 9fe4286b2855
[2022-04-05 22:44:49,170] {logging_mixin.py:109} WARNING - /home/***/.local/lib/python3.7/site-packages/***/utils/context.py:156 AirflowContextDeprecationWarning: Accessing 'execution_date' from the template is deprecated and will be removed in a future version. Please use 'data_interval_start' or 'logical_date' instead.
[2022-04-05 22:44:49,640] {taskinstance.py:1448} INFO - Exporting the following env vars:
AIRFLOW_CTX_DAG_OWNER=***
AIRFLOW_CTX_DAG_ID=IngestToGCP
AIRFLOW_CTX_TASK_ID=processing_tasks_badges.remove_badges_csv
AIRFLOW_CTX_EXECUTION_DATE=2009-05-01T00:00:00+00:00
AIRFLOW_CTX_DAG_RUN_ID=scheduled__2009-05-01T00:00:00+00:00
[2022-04-05 22:44:49,642] {subprocess.py:62} INFO - Tmp dir root location: 
 /tmp
[2022-04-05 22:44:49,643] {subprocess.py:74} INFO - Running command: ['bash', '-c', 'rm /opt/***/badges-2009-05.csv']
[2022-04-05 22:44:49,904] {subprocess.py:85} INFO - Output:
[2022-04-05 22:44:49,956] {subprocess.py:93} INFO - Command exited with return code 0
[2022-04-05 22:44:51,380] {taskinstance.py:1288} INFO - Marking task as SUCCESS. dag_id=IngestToGCP, task_id=processing_tasks_badges.remove_badges_csv, execution_date=20090501T000000, start_date=20220405T224447, end_date=20220405T224451
[2022-04-05 22:44:51,692] {local_task_job.py:154} INFO - Task exited with return code 0
[2022-04-05 22:44:52,058] {local_task_job.py:264} INFO - 1 downstream tasks scheduled from follow-on schedule check
