[2022-04-06 02:02:36,795] {taskinstance.py:1043} INFO - Dependencies all met for <TaskInstance: IngestToGCP.processing_tasks_users.ingest_users_to_bucket scheduled__2017-04-01T00:00:00+00:00 [queued]>
[2022-04-06 02:02:36,968] {taskinstance.py:1043} INFO - Dependencies all met for <TaskInstance: IngestToGCP.processing_tasks_users.ingest_users_to_bucket scheduled__2017-04-01T00:00:00+00:00 [queued]>
[2022-04-06 02:02:36,969] {taskinstance.py:1249} INFO - 
--------------------------------------------------------------------------------
[2022-04-06 02:02:36,969] {taskinstance.py:1250} INFO - Starting attempt 1 of 1
[2022-04-06 02:02:36,969] {taskinstance.py:1251} INFO - 
--------------------------------------------------------------------------------
[2022-04-06 02:02:37,133] {taskinstance.py:1270} INFO - Executing <Task(PythonOperator): processing_tasks_users.ingest_users_to_bucket> on 2017-04-01 00:00:00+00:00
[2022-04-06 02:02:37,178] {standard_task_runner.py:52} INFO - Started process 157041 to run task
[2022-04-06 02:02:37,337] {standard_task_runner.py:79} INFO - Running: ['***', 'tasks', 'run', 'IngestToGCP', 'processing_tasks_users.ingest_users_to_bucket', 'scheduled__2017-04-01T00:00:00+00:00', '--job-id', '10855', '--raw', '--subdir', 'DAGS_FOLDER/ingest_dag.py', '--cfg-path', '/tmp/tmpfpx2fq99', '--error-file', '/tmp/tmpj9rz3zsr']
[2022-04-06 02:02:37,339] {standard_task_runner.py:80} INFO - Job 10855: Subtask processing_tasks_users.ingest_users_to_bucket
[2022-04-06 02:02:38,011] {logging_mixin.py:109} INFO - Running <TaskInstance: IngestToGCP.processing_tasks_users.ingest_users_to_bucket scheduled__2017-04-01T00:00:00+00:00 [running]> on host 9fe4286b2855
[2022-04-06 02:02:38,736] {logging_mixin.py:109} WARNING - /home/***/.local/lib/python3.7/site-packages/***/utils/context.py:156 AirflowContextDeprecationWarning: Accessing 'execution_date' from the template is deprecated and will be removed in a future version. Please use 'data_interval_start' or 'logical_date' instead.
[2022-04-06 02:02:38,882] {taskinstance.py:1448} INFO - Exporting the following env vars:
AIRFLOW_CTX_DAG_OWNER=***
AIRFLOW_CTX_DAG_ID=IngestToGCP
AIRFLOW_CTX_TASK_ID=processing_tasks_users.ingest_users_to_bucket
AIRFLOW_CTX_EXECUTION_DATE=2017-04-01T00:00:00+00:00
AIRFLOW_CTX_DAG_RUN_ID=scheduled__2017-04-01T00:00:00+00:00
[2022-04-06 02:02:40,047] {python.py:175} INFO - Done. Returned value was: None
[2022-04-06 02:02:40,218] {taskinstance.py:1288} INFO - Marking task as SUCCESS. dag_id=IngestToGCP, task_id=processing_tasks_users.ingest_users_to_bucket, execution_date=20170401T000000, start_date=20220406T020236, end_date=20220406T020240
[2022-04-06 02:02:40,404] {local_task_job.py:154} INFO - Task exited with return code 0
[2022-04-06 02:02:40,755] {local_task_job.py:264} INFO - 1 downstream tasks scheduled from follow-on schedule check
