[2022-04-07 19:22:00,989] {taskinstance.py:1043} INFO - Dependencies all met for <TaskInstance: load_to_BigQuery.create_external_badges.create_badges_stack_overflow_data_external_table scheduled__2015-05-01T00:00:00+00:00 [queued]>
[2022-04-07 19:22:01,047] {taskinstance.py:1043} INFO - Dependencies all met for <TaskInstance: load_to_BigQuery.create_external_badges.create_badges_stack_overflow_data_external_table scheduled__2015-05-01T00:00:00+00:00 [queued]>
[2022-04-07 19:22:01,048] {taskinstance.py:1249} INFO - 
--------------------------------------------------------------------------------
[2022-04-07 19:22:01,048] {taskinstance.py:1250} INFO - Starting attempt 1 of 1
[2022-04-07 19:22:01,048] {taskinstance.py:1251} INFO - 
--------------------------------------------------------------------------------
[2022-04-07 19:22:01,562] {taskinstance.py:1270} INFO - Executing <Task(BigQueryCreateExternalTableOperator): create_external_badges.create_badges_stack_overflow_data_external_table> on 2015-05-01 00:00:00+00:00
[2022-04-07 19:22:01,595] {standard_task_runner.py:52} INFO - Started process 2636 to run task
[2022-04-07 19:22:01,642] {standard_task_runner.py:79} INFO - Running: ['***', 'tasks', 'run', 'load_to_BigQuery', 'create_external_badges.create_badges_stack_overflow_data_external_table', 'scheduled__2015-05-01T00:00:00+00:00', '--job-id', '12711', '--raw', '--subdir', 'DAGS_FOLDER/load_to_BigQuery_dag.py', '--cfg-path', '/tmp/tmp_dpq9nxn', '--error-file', '/tmp/tmpdkkl1nyb']
[2022-04-07 19:22:01,644] {standard_task_runner.py:80} INFO - Job 12711: Subtask create_external_badges.create_badges_stack_overflow_data_external_table
[2022-04-07 19:22:01,879] {logging_mixin.py:109} INFO - Running <TaskInstance: load_to_BigQuery.create_external_badges.create_badges_stack_overflow_data_external_table scheduled__2015-05-01T00:00:00+00:00 [running]> on host 2c54f2187010
[2022-04-07 19:22:01,998] {logging_mixin.py:109} WARNING - /home/***/.local/lib/python3.7/site-packages/***/utils/context.py:156 AirflowContextDeprecationWarning: Accessing 'execution_date' from the template is deprecated and will be removed in a future version. Please use 'data_interval_start' or 'logical_date' instead.
[2022-04-07 19:22:02,116] {taskinstance.py:1448} INFO - Exporting the following env vars:
AIRFLOW_CTX_DAG_OWNER=***
AIRFLOW_CTX_DAG_ID=load_to_BigQuery
AIRFLOW_CTX_TASK_ID=create_external_badges.create_badges_stack_overflow_data_external_table
AIRFLOW_CTX_EXECUTION_DATE=2015-05-01T00:00:00+00:00
AIRFLOW_CTX_DAG_RUN_ID=scheduled__2015-05-01T00:00:00+00:00
[2022-04-07 19:22:02,118] {crypto.py:82} WARNING - empty cryptography key - values will not be stored encrypted.
[2022-04-07 19:22:04,980] {taskinstance.py:1288} INFO - Marking task as SUCCESS. dag_id=load_to_BigQuery, task_id=create_external_badges.create_badges_stack_overflow_data_external_table, execution_date=20150501T000000, start_date=20220407T192200, end_date=20220407T192204
[2022-04-07 19:22:05,174] {local_task_job.py:154} INFO - Task exited with return code 0
[2022-04-07 19:22:05,338] {local_task_job.py:264} INFO - 1 downstream tasks scheduled from follow-on schedule check
[2022-04-07 22:15:33,653] {taskinstance.py:1043} INFO - Dependencies all met for <TaskInstance: load_to_BigQuery.create_external_badges.create_badges_stack_overflow_data_external_table scheduled__2015-05-01T00:00:00+00:00 [queued]>
[2022-04-07 22:15:33,775] {taskinstance.py:1043} INFO - Dependencies all met for <TaskInstance: load_to_BigQuery.create_external_badges.create_badges_stack_overflow_data_external_table scheduled__2015-05-01T00:00:00+00:00 [queued]>
[2022-04-07 22:15:33,775] {taskinstance.py:1249} INFO - 
--------------------------------------------------------------------------------
[2022-04-07 22:15:33,776] {taskinstance.py:1250} INFO - Starting attempt 1 of 1
[2022-04-07 22:15:33,776] {taskinstance.py:1251} INFO - 
--------------------------------------------------------------------------------
[2022-04-07 22:15:34,542] {taskinstance.py:1270} INFO - Executing <Task(BigQueryCreateExternalTableOperator): create_external_badges.create_badges_stack_overflow_data_external_table> on 2015-05-01 00:00:00+00:00
[2022-04-07 22:15:34,575] {standard_task_runner.py:52} INFO - Started process 4986 to run task
[2022-04-07 22:15:34,605] {standard_task_runner.py:79} INFO - Running: ['***', 'tasks', 'run', 'load_to_BigQuery', 'create_external_badges.create_badges_stack_overflow_data_external_table', 'scheduled__2015-05-01T00:00:00+00:00', '--job-id', '13964', '--raw', '--subdir', 'DAGS_FOLDER/load_to_BigQuery_dag.py', '--cfg-path', '/tmp/tmpv9dik080', '--error-file', '/tmp/tmprc98w9gl']
[2022-04-07 22:15:34,607] {standard_task_runner.py:80} INFO - Job 13964: Subtask create_external_badges.create_badges_stack_overflow_data_external_table
[2022-04-07 22:15:34,905] {logging_mixin.py:109} INFO - Running <TaskInstance: load_to_BigQuery.create_external_badges.create_badges_stack_overflow_data_external_table scheduled__2015-05-01T00:00:00+00:00 [running]> on host 36107d30f64e
[2022-04-07 22:15:35,153] {logging_mixin.py:109} WARNING - /home/***/.local/lib/python3.7/site-packages/***/utils/context.py:156 AirflowContextDeprecationWarning: Accessing 'execution_date' from the template is deprecated and will be removed in a future version. Please use 'data_interval_start' or 'logical_date' instead.
[2022-04-07 22:15:35,268] {taskinstance.py:1448} INFO - Exporting the following env vars:
AIRFLOW_CTX_DAG_OWNER=***
AIRFLOW_CTX_DAG_ID=load_to_BigQuery
AIRFLOW_CTX_TASK_ID=create_external_badges.create_badges_stack_overflow_data_external_table
AIRFLOW_CTX_EXECUTION_DATE=2015-05-01T00:00:00+00:00
AIRFLOW_CTX_DAG_RUN_ID=scheduled__2015-05-01T00:00:00+00:00
[2022-04-07 22:15:35,270] {crypto.py:82} WARNING - empty cryptography key - values will not be stored encrypted.
[2022-04-07 22:15:36,124] {taskinstance.py:1288} INFO - Marking task as SUCCESS. dag_id=load_to_BigQuery, task_id=create_external_badges.create_badges_stack_overflow_data_external_table, execution_date=20150501T000000, start_date=20220407T221533, end_date=20220407T221536
[2022-04-07 22:15:36,295] {local_task_job.py:154} INFO - Task exited with return code 0
[2022-04-07 22:15:36,519] {local_task_job.py:264} INFO - 0 downstream tasks scheduled from follow-on schedule check
