[2022-04-05 23:47:54,899] {taskinstance.py:1043} INFO - Dependencies all met for <TaskInstance: IngestToGCP.processing_tasks_posts_answers.remove_posts_answers_parquet scheduled__2011-11-01T00:00:00+00:00 [queued]>
[2022-04-05 23:47:55,071] {taskinstance.py:1043} INFO - Dependencies all met for <TaskInstance: IngestToGCP.processing_tasks_posts_answers.remove_posts_answers_parquet scheduled__2011-11-01T00:00:00+00:00 [queued]>
[2022-04-05 23:47:55,072] {taskinstance.py:1249} INFO - 
--------------------------------------------------------------------------------
[2022-04-05 23:47:55,072] {taskinstance.py:1250} INFO - Starting attempt 1 of 1
[2022-04-05 23:47:55,072] {taskinstance.py:1251} INFO - 
--------------------------------------------------------------------------------
[2022-04-05 23:47:55,272] {taskinstance.py:1270} INFO - Executing <Task(BashOperator): processing_tasks_posts_answers.remove_posts_answers_parquet> on 2011-11-01 00:00:00+00:00
[2022-04-05 23:47:55,432] {standard_task_runner.py:52} INFO - Started process 64365 to run task
[2022-04-05 23:47:55,493] {standard_task_runner.py:79} INFO - Running: ['***', 'tasks', 'run', 'IngestToGCP', 'processing_tasks_posts_answers.remove_posts_answers_parquet', 'scheduled__2011-11-01T00:00:00+00:00', '--job-id', '9388', '--raw', '--subdir', 'DAGS_FOLDER/ingest_dag.py', '--cfg-path', '/tmp/tmpg6o6kdwa', '--error-file', '/tmp/tmproaj6y3y']
[2022-04-05 23:47:55,495] {standard_task_runner.py:80} INFO - Job 9388: Subtask processing_tasks_posts_answers.remove_posts_answers_parquet
[2022-04-05 23:47:56,285] {logging_mixin.py:109} INFO - Running <TaskInstance: IngestToGCP.processing_tasks_posts_answers.remove_posts_answers_parquet scheduled__2011-11-01T00:00:00+00:00 [running]> on host 9fe4286b2855
[2022-04-05 23:47:57,240] {logging_mixin.py:109} WARNING - /home/***/.local/lib/python3.7/site-packages/***/utils/context.py:156 AirflowContextDeprecationWarning: Accessing 'execution_date' from the template is deprecated and will be removed in a future version. Please use 'data_interval_start' or 'logical_date' instead.
[2022-04-05 23:47:57,574] {taskinstance.py:1448} INFO - Exporting the following env vars:
AIRFLOW_CTX_DAG_OWNER=***
AIRFLOW_CTX_DAG_ID=IngestToGCP
AIRFLOW_CTX_TASK_ID=processing_tasks_posts_answers.remove_posts_answers_parquet
AIRFLOW_CTX_EXECUTION_DATE=2011-11-01T00:00:00+00:00
AIRFLOW_CTX_DAG_RUN_ID=scheduled__2011-11-01T00:00:00+00:00
[2022-04-05 23:47:57,576] {subprocess.py:62} INFO - Tmp dir root location: 
 /tmp
[2022-04-05 23:47:57,577] {subprocess.py:74} INFO - Running command: ['bash', '-c', 'rm /opt/***/posts_answers-2011-11.parquet']
[2022-04-05 23:47:57,891] {subprocess.py:85} INFO - Output:
[2022-04-05 23:47:58,192] {subprocess.py:93} INFO - Command exited with return code 0
[2022-04-05 23:47:58,389] {taskinstance.py:1288} INFO - Marking task as SUCCESS. dag_id=IngestToGCP, task_id=processing_tasks_posts_answers.remove_posts_answers_parquet, execution_date=20111101T000000, start_date=20220405T234754, end_date=20220405T234758
[2022-04-05 23:47:58,553] {local_task_job.py:154} INFO - Task exited with return code 0
[2022-04-05 23:47:58,762] {local_task_job.py:264} INFO - 0 downstream tasks scheduled from follow-on schedule check
