[2022-04-07 19:23:29,152] {taskinstance.py:1043} INFO - Dependencies all met for <TaskInstance: load_to_BigQuery.create_external_posts_questions.bq_create_posts_questions_stack_overflow_data_partitioned_table_task scheduled__2016-05-01T00:00:00+00:00 [queued]>
[2022-04-07 19:23:29,196] {taskinstance.py:1043} INFO - Dependencies all met for <TaskInstance: load_to_BigQuery.create_external_posts_questions.bq_create_posts_questions_stack_overflow_data_partitioned_table_task scheduled__2016-05-01T00:00:00+00:00 [queued]>
[2022-04-07 19:23:29,197] {taskinstance.py:1249} INFO - 
--------------------------------------------------------------------------------
[2022-04-07 19:23:29,199] {taskinstance.py:1250} INFO - Starting attempt 1 of 1
[2022-04-07 19:23:29,199] {taskinstance.py:1251} INFO - 
--------------------------------------------------------------------------------
[2022-04-07 19:23:30,124] {taskinstance.py:1270} INFO - Executing <Task(BigQueryInsertJobOperator): create_external_posts_questions.bq_create_posts_questions_stack_overflow_data_partitioned_table_task> on 2016-05-01 00:00:00+00:00
[2022-04-07 19:23:30,167] {standard_task_runner.py:52} INFO - Started process 3342 to run task
[2022-04-07 19:23:30,255] {standard_task_runner.py:79} INFO - Running: ['***', 'tasks', 'run', 'load_to_BigQuery', 'create_external_posts_questions.bq_create_posts_questions_stack_overflow_data_partitioned_table_task', 'scheduled__2016-05-01T00:00:00+00:00', '--job-id', '12811', '--raw', '--subdir', 'DAGS_FOLDER/load_to_BigQuery_dag.py', '--cfg-path', '/tmp/tmpzf6cclja', '--error-file', '/tmp/tmpvrfzz01l']
[2022-04-07 19:23:30,297] {standard_task_runner.py:80} INFO - Job 12811: Subtask create_external_posts_questions.bq_create_posts_questions_stack_overflow_data_partitioned_table_task
[2022-04-07 19:23:30,892] {logging_mixin.py:109} INFO - Running <TaskInstance: load_to_BigQuery.create_external_posts_questions.bq_create_posts_questions_stack_overflow_data_partitioned_table_task scheduled__2016-05-01T00:00:00+00:00 [running]> on host 2c54f2187010
[2022-04-07 19:23:31,221] {taskinstance.py:1448} INFO - Exporting the following env vars:
AIRFLOW_CTX_DAG_OWNER=***
AIRFLOW_CTX_DAG_ID=load_to_BigQuery
AIRFLOW_CTX_TASK_ID=create_external_posts_questions.bq_create_posts_questions_stack_overflow_data_partitioned_table_task
AIRFLOW_CTX_EXECUTION_DATE=2016-05-01T00:00:00+00:00
AIRFLOW_CTX_DAG_RUN_ID=scheduled__2016-05-01T00:00:00+00:00
[2022-04-07 19:23:31,231] {crypto.py:82} WARNING - empty cryptography key - values will not be stored encrypted.
[2022-04-07 19:23:31,310] {logging_mixin.py:109} WARNING - /home/***/.local/lib/python3.7/site-packages/***/utils/context.py:156 AirflowContextDeprecationWarning: Accessing 'execution_date' from the template is deprecated and will be removed in a future version. Please use 'data_interval_start' or 'logical_date' instead.
[2022-04-07 19:23:31,371] {bigquery.py:1554} INFO - Inserting job ***_load_to_BigQuery_create_external_posts_questions_bq_create_posts_questions_stack_overflow_data_partitioned_table_task_2016_05_01T00_00_00_00_00_783f45618bf8473f37d85237191c512c
[2022-04-07 19:23:32,138] {taskinstance.py:1774} ERROR - Task failed with exception
Traceback (most recent call last):
  File "/home/airflow/.local/lib/python3.7/site-packages/airflow/providers/google/cloud/operators/bigquery.py", line 2153, in execute
    job = self._submit_job(hook, job_id)
  File "/home/airflow/.local/lib/python3.7/site-packages/airflow/providers/google/cloud/operators/bigquery.py", line 2119, in _submit_job
    retry=self.result_retry,
  File "/home/airflow/.local/lib/python3.7/site-packages/airflow/providers/google/common/hooks/base_google.py", line 439, in inner_wrapper
    return func(self, *args, **kwargs)
  File "/home/airflow/.local/lib/python3.7/site-packages/airflow/providers/google/cloud/hooks/bigquery.py", line 1560, in insert_job
    job.result(timeout=timeout, retry=retry)
  File "/home/airflow/.local/lib/python3.7/site-packages/google/cloud/bigquery/job/query.py", line 1498, in result
    do_get_result()
  File "/home/airflow/.local/lib/python3.7/site-packages/google/cloud/bigquery/job/query.py", line 1488, in do_get_result
    super(QueryJob, self).result(retry=retry, timeout=timeout)
  File "/home/airflow/.local/lib/python3.7/site-packages/google/cloud/bigquery/job/base.py", line 728, in result
    return super(_AsyncJob, self).result(timeout=timeout, **kwargs)
  File "/home/airflow/.local/lib/python3.7/site-packages/google/api_core/future/polling.py", line 135, in result
    raise self._exception
google.api_core.exceptions.BadRequest: 400 Could not cast literal "creation_date" to type TIMESTAMP at [1:111]

Location: us-central1
Job ID: airflow_load_to_BigQuery_create_external_posts_questions_bq_create_posts_questions_stack_overflow_data_partitioned_table_task_2016_05_01T00_00_00_00_00_783f45618bf8473f37d85237191c512c

[2022-04-07 19:23:32,176] {taskinstance.py:1288} INFO - Marking task as FAILED. dag_id=load_to_BigQuery, task_id=create_external_posts_questions.bq_create_posts_questions_stack_overflow_data_partitioned_table_task, execution_date=20160501T000000, start_date=20220407T192329, end_date=20220407T192332
[2022-04-07 19:23:32,260] {standard_task_runner.py:98} ERROR - Failed to execute job 12811 for task create_external_posts_questions.bq_create_posts_questions_stack_overflow_data_partitioned_table_task (400 Could not cast literal "creation_date" to type TIMESTAMP at [1:111]

Location: us-central1
Job ID: airflow_load_to_BigQuery_create_external_posts_questions_bq_create_posts_questions_stack_overflow_data_partitioned_table_task_2016_05_01T00_00_00_00_00_783f45618bf8473f37d85237191c512c
; 3342)
[2022-04-07 19:23:32,346] {local_task_job.py:154} INFO - Task exited with return code 1
[2022-04-07 19:23:32,602] {local_task_job.py:264} INFO - 0 downstream tasks scheduled from follow-on schedule check
[2022-04-07 22:16:49,323] {taskinstance.py:1043} INFO - Dependencies all met for <TaskInstance: load_to_BigQuery.create_external_posts_questions.bq_create_posts_questions_stack_overflow_data_partitioned_table_task scheduled__2016-05-01T00:00:00+00:00 [queued]>
[2022-04-07 22:16:49,428] {taskinstance.py:1043} INFO - Dependencies all met for <TaskInstance: load_to_BigQuery.create_external_posts_questions.bq_create_posts_questions_stack_overflow_data_partitioned_table_task scheduled__2016-05-01T00:00:00+00:00 [queued]>
[2022-04-07 22:16:49,428] {taskinstance.py:1249} INFO - 
--------------------------------------------------------------------------------
[2022-04-07 22:16:49,428] {taskinstance.py:1250} INFO - Starting attempt 1 of 1
[2022-04-07 22:16:49,428] {taskinstance.py:1251} INFO - 
--------------------------------------------------------------------------------
[2022-04-07 22:16:49,821] {taskinstance.py:1270} INFO - Executing <Task(BigQueryInsertJobOperator): create_external_posts_questions.bq_create_posts_questions_stack_overflow_data_partitioned_table_task> on 2016-05-01 00:00:00+00:00
[2022-04-07 22:16:49,835] {standard_task_runner.py:52} INFO - Started process 5607 to run task
[2022-04-07 22:16:49,857] {standard_task_runner.py:79} INFO - Running: ['***', 'tasks', 'run', 'load_to_BigQuery', 'create_external_posts_questions.bq_create_posts_questions_stack_overflow_data_partitioned_table_task', 'scheduled__2016-05-01T00:00:00+00:00', '--job-id', '14065', '--raw', '--subdir', 'DAGS_FOLDER/load_to_BigQuery_dag.py', '--cfg-path', '/tmp/tmpze9jvw32', '--error-file', '/tmp/tmpva26rd8n']
[2022-04-07 22:16:49,858] {standard_task_runner.py:80} INFO - Job 14065: Subtask create_external_posts_questions.bq_create_posts_questions_stack_overflow_data_partitioned_table_task
[2022-04-07 22:16:50,072] {logging_mixin.py:109} INFO - Running <TaskInstance: load_to_BigQuery.create_external_posts_questions.bq_create_posts_questions_stack_overflow_data_partitioned_table_task scheduled__2016-05-01T00:00:00+00:00 [running]> on host 36107d30f64e
[2022-04-07 22:16:50,264] {taskinstance.py:1448} INFO - Exporting the following env vars:
AIRFLOW_CTX_DAG_OWNER=***
AIRFLOW_CTX_DAG_ID=load_to_BigQuery
AIRFLOW_CTX_TASK_ID=create_external_posts_questions.bq_create_posts_questions_stack_overflow_data_partitioned_table_task
AIRFLOW_CTX_EXECUTION_DATE=2016-05-01T00:00:00+00:00
AIRFLOW_CTX_DAG_RUN_ID=scheduled__2016-05-01T00:00:00+00:00
[2022-04-07 22:16:50,267] {crypto.py:82} WARNING - empty cryptography key - values will not be stored encrypted.
[2022-04-07 22:16:50,294] {logging_mixin.py:109} WARNING - /home/***/.local/lib/python3.7/site-packages/***/utils/context.py:156 AirflowContextDeprecationWarning: Accessing 'execution_date' from the template is deprecated and will be removed in a future version. Please use 'data_interval_start' or 'logical_date' instead.
[2022-04-07 22:16:50,320] {bigquery.py:1554} INFO - Inserting job ***_load_to_BigQuery_create_external_posts_questions_bq_create_posts_questions_stack_overflow_data_partitioned_table_task_2016_05_01T00_00_00_00_00_ed60f36c25e968ac0a9435bf444d17aa
[2022-04-07 22:16:54,178] {taskinstance.py:1288} INFO - Marking task as SUCCESS. dag_id=load_to_BigQuery, task_id=create_external_posts_questions.bq_create_posts_questions_stack_overflow_data_partitioned_table_task, execution_date=20160501T000000, start_date=20220407T221649, end_date=20220407T221654
[2022-04-07 22:16:54,350] {local_task_job.py:154} INFO - Task exited with return code 0
[2022-04-07 22:16:54,452] {local_task_job.py:264} INFO - 0 downstream tasks scheduled from follow-on schedule check
