[2022-04-06 04:08:34,787] {taskinstance.py:1043} INFO - Dependencies all met for <TaskInstance: IngestToGCP.processing_tasks_users.spark_job scheduled__2021-11-01T00:00:00+00:00 [queued]>
[2022-04-06 04:08:34,901] {taskinstance.py:1043} INFO - Dependencies all met for <TaskInstance: IngestToGCP.processing_tasks_users.spark_job scheduled__2021-11-01T00:00:00+00:00 [queued]>
[2022-04-06 04:08:34,902] {taskinstance.py:1249} INFO - 
--------------------------------------------------------------------------------
[2022-04-06 04:08:34,902] {taskinstance.py:1250} INFO - Starting attempt 1 of 1
[2022-04-06 04:08:34,902] {taskinstance.py:1251} INFO - 
--------------------------------------------------------------------------------
[2022-04-06 04:08:35,037] {taskinstance.py:1270} INFO - Executing <Task(SparkSubmitOperator): processing_tasks_users.spark_job> on 2021-11-01 00:00:00+00:00
[2022-04-06 04:08:35,069] {standard_task_runner.py:52} INFO - Started process 243735 to run task
[2022-04-06 04:08:35,107] {standard_task_runner.py:79} INFO - Running: ['***', 'tasks', 'run', 'IngestToGCP', 'processing_tasks_users.spark_job', 'scheduled__2021-11-01T00:00:00+00:00', '--job-id', '12205', '--raw', '--subdir', 'DAGS_FOLDER/ingest_dag.py', '--cfg-path', '/tmp/tmproi089t6', '--error-file', '/tmp/tmp8p7_ot8t']
[2022-04-06 04:08:35,109] {standard_task_runner.py:80} INFO - Job 12205: Subtask processing_tasks_users.spark_job
[2022-04-06 04:08:35,712] {logging_mixin.py:109} INFO - Running <TaskInstance: IngestToGCP.processing_tasks_users.spark_job scheduled__2021-11-01T00:00:00+00:00 [running]> on host 9fe4286b2855
[2022-04-06 04:08:36,182] {logging_mixin.py:109} WARNING - /home/***/.local/lib/python3.7/site-packages/***/utils/context.py:156 AirflowContextDeprecationWarning: Accessing 'execution_date' from the template is deprecated and will be removed in a future version. Please use 'data_interval_start' or 'logical_date' instead.
[2022-04-06 04:08:36,296] {taskinstance.py:1448} INFO - Exporting the following env vars:
AIRFLOW_CTX_DAG_OWNER=***
AIRFLOW_CTX_DAG_ID=IngestToGCP
AIRFLOW_CTX_TASK_ID=processing_tasks_users.spark_job
AIRFLOW_CTX_EXECUTION_DATE=2021-11-01T00:00:00+00:00
AIRFLOW_CTX_DAG_RUN_ID=scheduled__2021-11-01T00:00:00+00:00
[2022-04-06 04:08:36,363] {base.py:79} INFO - Using connection to: id: spark_project. Host: spark://spark, Port: 7077, Schema: , Login: , Password: None, extra: {'queue': 'root.default'}
[2022-04-06 04:08:36,365] {spark_submit.py:335} INFO - Spark-Submit cmd: spark-submit --master spark://spark:7077 --conf spark.master=local[*] --name format_schema --verbose --queue root.default ./dags/pyspark_parquet_transformation.py users 2021-11
[2022-04-06 04:08:52,401] {spark_submit.py:488} INFO - Using properties file: null
[2022-04-06 04:08:53,641] {spark_submit.py:488} INFO - WARNING: An illegal reflective access operation has occurred
[2022-04-06 04:08:53,641] {spark_submit.py:488} INFO - WARNING: Illegal reflective access by org.apache.spark.unsafe.Platform (file:/opt/***/spark/spark-3.2.1-bin-hadoop3.2/jars/spark-unsafe_2.12-3.2.1.jar) to constructor java.nio.DirectByteBuffer(long,int)
[2022-04-06 04:08:53,641] {spark_submit.py:488} INFO - WARNING: Please consider reporting this to the maintainers of org.apache.spark.unsafe.Platform
[2022-04-06 04:08:53,641] {spark_submit.py:488} INFO - WARNING: Use --illegal-access=warn to enable warnings of further illegal reflective access operations
[2022-04-06 04:08:53,654] {spark_submit.py:488} INFO - WARNING: All illegal access operations will be denied in a future release
[2022-04-06 04:08:54,368] {spark_submit.py:488} INFO - Parsed arguments:
[2022-04-06 04:08:54,368] {spark_submit.py:488} INFO - master                  spark://spark:7077
[2022-04-06 04:08:54,368] {spark_submit.py:488} INFO - deployMode              null
[2022-04-06 04:08:54,369] {spark_submit.py:488} INFO - executorMemory          null
[2022-04-06 04:08:54,369] {spark_submit.py:488} INFO - executorCores           null
[2022-04-06 04:08:54,369] {spark_submit.py:488} INFO - totalExecutorCores      null
[2022-04-06 04:08:54,369] {spark_submit.py:488} INFO - propertiesFile          null
[2022-04-06 04:08:54,369] {spark_submit.py:488} INFO - driverMemory            null
[2022-04-06 04:08:54,369] {spark_submit.py:488} INFO - driverCores             null
[2022-04-06 04:08:54,369] {spark_submit.py:488} INFO - driverExtraClassPath    null
[2022-04-06 04:08:54,369] {spark_submit.py:488} INFO - driverExtraLibraryPath  null
[2022-04-06 04:08:54,369] {spark_submit.py:488} INFO - driverExtraJavaOptions  null
[2022-04-06 04:08:54,369] {spark_submit.py:488} INFO - supervise               false
[2022-04-06 04:08:54,369] {spark_submit.py:488} INFO - queue                   root.default
[2022-04-06 04:08:54,369] {spark_submit.py:488} INFO - numExecutors            null
[2022-04-06 04:08:54,369] {spark_submit.py:488} INFO - files                   null
[2022-04-06 04:08:54,369] {spark_submit.py:488} INFO - pyFiles                 null
[2022-04-06 04:08:54,369] {spark_submit.py:488} INFO - archives                null
[2022-04-06 04:08:54,369] {spark_submit.py:488} INFO - mainClass               null
[2022-04-06 04:08:54,370] {spark_submit.py:488} INFO - primaryResource         file:/opt/***/dags/pyspark_parquet_transformation.py
[2022-04-06 04:08:54,370] {spark_submit.py:488} INFO - name                    format_schema
[2022-04-06 04:08:54,370] {spark_submit.py:488} INFO - childArgs               [users 2021-11]
[2022-04-06 04:08:54,370] {spark_submit.py:488} INFO - jars                    null
[2022-04-06 04:08:54,370] {spark_submit.py:488} INFO - packages                null
[2022-04-06 04:08:54,370] {spark_submit.py:488} INFO - packagesExclusions      null
[2022-04-06 04:08:54,370] {spark_submit.py:488} INFO - repositories            null
[2022-04-06 04:08:54,370] {spark_submit.py:488} INFO - verbose                 true
[2022-04-06 04:08:54,370] {spark_submit.py:488} INFO - 
[2022-04-06 04:08:54,370] {spark_submit.py:488} INFO - Spark properties used, including those specified through
[2022-04-06 04:08:54,370] {spark_submit.py:488} INFO - --conf and those from the properties file null:
[2022-04-06 04:08:54,370] {spark_submit.py:488} INFO - (spark.master,local[*])
[2022-04-06 04:08:54,370] {spark_submit.py:488} INFO - 
[2022-04-06 04:08:54,384] {spark_submit.py:488} INFO - 
[2022-04-06 04:08:57,589] {spark_submit.py:488} INFO - Main class:
[2022-04-06 04:08:57,589] {spark_submit.py:488} INFO - org.apache.spark.deploy.PythonRunner
[2022-04-06 04:08:57,590] {spark_submit.py:488} INFO - Arguments:
[2022-04-06 04:08:57,590] {spark_submit.py:488} INFO - file:/opt/***/dags/pyspark_parquet_transformation.py
[2022-04-06 04:08:57,590] {spark_submit.py:488} INFO - null
[2022-04-06 04:08:57,590] {spark_submit.py:488} INFO - users
[2022-04-06 04:08:57,590] {spark_submit.py:488} INFO - 2021-11
[2022-04-06 04:08:57,639] {spark_submit.py:488} INFO - Spark config:
[2022-04-06 04:08:57,639] {spark_submit.py:488} INFO - (spark.master,spark://spark:7077)
[2022-04-06 04:08:57,639] {spark_submit.py:488} INFO - (spark.submit.pyFiles,)
[2022-04-06 04:08:57,639] {spark_submit.py:488} INFO - (spark.submit.deployMode,client)
[2022-04-06 04:08:57,640] {spark_submit.py:488} INFO - (spark.app.name,format_schema)
[2022-04-06 04:08:57,641] {spark_submit.py:488} INFO - Classpath elements:
[2022-04-06 04:08:57,644] {spark_submit.py:488} INFO - 
[2022-04-06 04:08:57,645] {spark_submit.py:488} INFO - 
[2022-04-06 04:08:57,649] {spark_submit.py:488} INFO - 
[2022-04-06 04:09:05,862] {spark_submit.py:488} INFO - Using Spark's default log4j profile: org/apache/spark/log4j-defaults.properties
[2022-04-06 04:09:05,973] {spark_submit.py:488} INFO - 22/04/06 04:09:05 INFO SparkContext: Running Spark version 3.2.1
[2022-04-06 04:09:06,975] {spark_submit.py:488} INFO - 22/04/06 04:09:06 WARN NativeCodeLoader: Unable to load native-hadoop library for your platform... using builtin-java classes where applicable
[2022-04-06 04:09:08,310] {spark_submit.py:488} INFO - 22/04/06 04:09:08 INFO ResourceUtils: ==============================================================
[2022-04-06 04:09:08,356] {spark_submit.py:488} INFO - 22/04/06 04:09:08 INFO ResourceUtils: No custom resources configured for spark.driver.
[2022-04-06 04:09:08,358] {spark_submit.py:488} INFO - 22/04/06 04:09:08 INFO ResourceUtils: ==============================================================
[2022-04-06 04:09:08,359] {spark_submit.py:488} INFO - 22/04/06 04:09:08 INFO SparkContext: Submitted application: Modidy Schema
[2022-04-06 04:09:08,621] {spark_submit.py:488} INFO - 22/04/06 04:09:08 INFO ResourceProfile: Default ResourceProfile created, executor resources: Map(cores -> name: cores, amount: 1, script: , vendor: , memory -> name: memory, amount: 1024, script: , vendor: , offHeap -> name: offHeap, amount: 0, script: , vendor: ), task resources: Map(cpus -> name: cpus, amount: 1.0)
[2022-04-06 04:09:08,733] {spark_submit.py:488} INFO - 22/04/06 04:09:08 INFO ResourceProfile: Limiting resource is cpu
[2022-04-06 04:09:08,735] {spark_submit.py:488} INFO - 22/04/06 04:09:08 INFO ResourceProfileManager: Added ResourceProfile id: 0
[2022-04-06 04:09:09,450] {spark_submit.py:488} INFO - 22/04/06 04:09:09 INFO SecurityManager: Changing view acls to: default
[2022-04-06 04:09:09,485] {spark_submit.py:488} INFO - 22/04/06 04:09:09 INFO SecurityManager: Changing modify acls to: default
[2022-04-06 04:09:09,487] {spark_submit.py:488} INFO - 22/04/06 04:09:09 INFO SecurityManager: Changing view acls groups to:
[2022-04-06 04:09:09,488] {spark_submit.py:488} INFO - 22/04/06 04:09:09 INFO SecurityManager: Changing modify acls groups to:
[2022-04-06 04:09:09,489] {spark_submit.py:488} INFO - 22/04/06 04:09:09 INFO SecurityManager: SecurityManager: authentication disabled; ui acls disabled; users  with view permissions: Set(default); groups with view permissions: Set(); users  with modify permissions: Set(default); groups with modify permissions: Set()
[2022-04-06 04:09:12,603] {spark_submit.py:488} INFO - 22/04/06 04:09:12 INFO Utils: Successfully started service 'sparkDriver' on port 39853.
[2022-04-06 04:09:12,763] {spark_submit.py:488} INFO - 22/04/06 04:09:12 INFO SparkEnv: Registering MapOutputTracker
[2022-04-06 04:09:13,055] {spark_submit.py:488} INFO - 22/04/06 04:09:13 INFO SparkEnv: Registering BlockManagerMaster
[2022-04-06 04:09:13,141] {spark_submit.py:488} INFO - 22/04/06 04:09:13 INFO BlockManagerMasterEndpoint: Using org.apache.spark.storage.DefaultTopologyMapper for getting topology information
[2022-04-06 04:09:13,147] {spark_submit.py:488} INFO - 22/04/06 04:09:13 INFO BlockManagerMasterEndpoint: BlockManagerMasterEndpoint up
[2022-04-06 04:09:13,210] {spark_submit.py:488} INFO - 22/04/06 04:09:13 INFO SparkEnv: Registering BlockManagerMasterHeartbeat
[2022-04-06 04:09:13,388] {spark_submit.py:488} INFO - 22/04/06 04:09:13 INFO DiskBlockManager: Created local directory at /tmp/blockmgr-9afa78e3-fe9c-4737-9bf7-02a2c0f39402
[2022-04-06 04:09:13,574] {spark_submit.py:488} INFO - 22/04/06 04:09:13 INFO MemoryStore: MemoryStore started with capacity 434.4 MiB
[2022-04-06 04:09:13,714] {spark_submit.py:488} INFO - 22/04/06 04:09:13 INFO SparkEnv: Registering OutputCommitCoordinator
[2022-04-06 04:09:16,016] {spark_submit.py:488} INFO - 22/04/06 04:09:15 WARN Utils: Service 'SparkUI' could not bind on port 4040. Attempting port 4041.
[2022-04-06 04:09:16,111] {spark_submit.py:488} INFO - 22/04/06 04:09:16 INFO Utils: Successfully started service 'SparkUI' on port 4041.
[2022-04-06 04:09:16,800] {spark_submit.py:488} INFO - 22/04/06 04:09:16 INFO SparkUI: Bound SparkUI to 0.0.0.0, and started at http://9fe4286b2855:4041
[2022-04-06 04:09:19,283] {spark_submit.py:488} INFO - 22/04/06 04:09:19 INFO Executor: Starting executor ID driver on host 9fe4286b2855
[2022-04-06 04:09:19,741] {spark_submit.py:488} INFO - 22/04/06 04:09:19 INFO Utils: Successfully started service 'org.apache.spark.network.netty.NettyBlockTransferService' on port 43045.
[2022-04-06 04:09:19,742] {spark_submit.py:488} INFO - 22/04/06 04:09:19 INFO NettyBlockTransferService: Server created on 9fe4286b2855:43045
[2022-04-06 04:09:19,749] {spark_submit.py:488} INFO - 22/04/06 04:09:19 INFO BlockManager: Using org.apache.spark.storage.RandomBlockReplicationPolicy for block replication policy
[2022-04-06 04:09:19,855] {spark_submit.py:488} INFO - 22/04/06 04:09:19 INFO BlockManagerMaster: Registering BlockManager BlockManagerId(driver, 9fe4286b2855, 43045, None)
[2022-04-06 04:09:19,913] {spark_submit.py:488} INFO - 22/04/06 04:09:19 INFO BlockManagerMasterEndpoint: Registering block manager 9fe4286b2855:43045 with 434.4 MiB RAM, BlockManagerId(driver, 9fe4286b2855, 43045, None)
[2022-04-06 04:09:19,932] {spark_submit.py:488} INFO - 22/04/06 04:09:19 INFO BlockManagerMaster: Registered BlockManager BlockManagerId(driver, 9fe4286b2855, 43045, None)
[2022-04-06 04:09:19,937] {spark_submit.py:488} INFO - 22/04/06 04:09:19 INFO BlockManager: Initialized BlockManager: BlockManagerId(driver, 9fe4286b2855, 43045, None)
[2022-04-06 04:09:32,896] {spark_submit.py:488} INFO - 22/04/06 04:09:32 INFO SharedState: Setting hive.metastore.warehouse.dir ('null') to the value of spark.sql.warehouse.dir.
[2022-04-06 04:09:33,391] {spark_submit.py:488} INFO - 22/04/06 04:09:33 INFO SharedState: Warehouse path is 'file:/opt/***/spark-warehouse'.
[2022-04-06 04:09:59,538] {spark_submit.py:488} INFO - 22/04/06 04:09:59 INFO InMemoryFileIndex: It took 725 ms to list leaf files for 1 paths.
[2022-04-06 04:10:07,763] {spark_submit.py:488} INFO - 22/04/06 04:10:07 INFO SparkContext: Starting job: parquet at NativeMethodAccessorImpl.java:0
[2022-04-06 04:10:07,986] {spark_submit.py:488} INFO - 22/04/06 04:10:07 INFO DAGScheduler: Got job 0 (parquet at NativeMethodAccessorImpl.java:0) with 1 output partitions
[2022-04-06 04:10:07,988] {spark_submit.py:488} INFO - 22/04/06 04:10:07 INFO DAGScheduler: Final stage: ResultStage 0 (parquet at NativeMethodAccessorImpl.java:0)
[2022-04-06 04:10:07,997] {spark_submit.py:488} INFO - 22/04/06 04:10:07 INFO DAGScheduler: Parents of final stage: List()
[2022-04-06 04:10:08,021] {spark_submit.py:488} INFO - 22/04/06 04:10:08 INFO DAGScheduler: Missing parents: List()
[2022-04-06 04:10:08,110] {spark_submit.py:488} INFO - 22/04/06 04:10:08 INFO DAGScheduler: Submitting ResultStage 0 (MapPartitionsRDD[1] at parquet at NativeMethodAccessorImpl.java:0), which has no missing parents
[2022-04-06 04:10:09,368] {spark_submit.py:488} INFO - 22/04/06 04:10:09 INFO MemoryStore: Block broadcast_0 stored as values in memory (estimated size 100.1 KiB, free 434.3 MiB)
[2022-04-06 04:10:09,845] {spark_submit.py:488} INFO - 22/04/06 04:10:09 INFO MemoryStore: Block broadcast_0_piece0 stored as bytes in memory (estimated size 35.7 KiB, free 434.3 MiB)
[2022-04-06 04:10:09,857] {spark_submit.py:488} INFO - 22/04/06 04:10:09 INFO BlockManagerInfo: Added broadcast_0_piece0 in memory on 9fe4286b2855:43045 (size: 35.7 KiB, free: 434.4 MiB)
[2022-04-06 04:10:09,878] {spark_submit.py:488} INFO - 22/04/06 04:10:09 INFO SparkContext: Created broadcast 0 from broadcast at DAGScheduler.scala:1478
[2022-04-06 04:10:10,057] {spark_submit.py:488} INFO - 22/04/06 04:10:10 INFO DAGScheduler: Submitting 1 missing tasks from ResultStage 0 (MapPartitionsRDD[1] at parquet at NativeMethodAccessorImpl.java:0) (first 15 tasks are for partitions Vector(0))
[2022-04-06 04:10:10,069] {spark_submit.py:488} INFO - 22/04/06 04:10:10 INFO TaskSchedulerImpl: Adding task set 0.0 with 1 tasks resource profile 0
[2022-04-06 04:10:10,865] {spark_submit.py:488} INFO - 22/04/06 04:10:10 INFO TaskSetManager: Starting task 0.0 in stage 0.0 (TID 0) (9fe4286b2855, executor driver, partition 0, PROCESS_LOCAL, 4614 bytes) taskResourceAssignments Map()
[2022-04-06 04:10:11,054] {spark_submit.py:488} INFO - 22/04/06 04:10:11 INFO Executor: Running task 0.0 in stage 0.0 (TID 0)
[2022-04-06 04:10:19,519] {spark_submit.py:488} INFO - 22/04/06 04:10:19 INFO Executor: Finished task 0.0 in stage 0.0 (TID 0). 2145 bytes result sent to driver
[2022-04-06 04:10:19,665] {spark_submit.py:488} INFO - 22/04/06 04:10:19 INFO TaskSetManager: Finished task 0.0 in stage 0.0 (TID 0) in 9123 ms on 9fe4286b2855 (executor driver) (1/1)
[2022-04-06 04:10:19,710] {spark_submit.py:488} INFO - 22/04/06 04:10:19 INFO TaskSchedulerImpl: Removed TaskSet 0.0, whose tasks have all completed, from pool
[2022-04-06 04:10:19,712] {spark_submit.py:488} INFO - 22/04/06 04:10:19 INFO DAGScheduler: ResultStage 0 (parquet at NativeMethodAccessorImpl.java:0) finished in 11.407 s
[2022-04-06 04:10:19,762] {spark_submit.py:488} INFO - 22/04/06 04:10:19 INFO DAGScheduler: Job 0 is finished. Cancelling potential speculative or zombie tasks for this job
[2022-04-06 04:10:19,763] {spark_submit.py:488} INFO - 22/04/06 04:10:19 INFO TaskSchedulerImpl: Killing all running tasks in stage 0: Stage finished
[2022-04-06 04:10:19,814] {spark_submit.py:488} INFO - 22/04/06 04:10:19 INFO DAGScheduler: Job 0 finished: parquet at NativeMethodAccessorImpl.java:0, took 12.044178 s
[2022-04-06 04:10:22,546] {spark_submit.py:488} INFO - 22/04/06 04:10:22 INFO BlockManagerInfo: Removed broadcast_0_piece0 on 9fe4286b2855:43045 in memory (size: 35.7 KiB, free: 434.4 MiB)
[2022-04-06 04:11:04,101] {spark_submit.py:488} INFO - 22/04/06 04:11:04 INFO FileSourceStrategy: Pushed Filters:
[2022-04-06 04:11:04,104] {spark_submit.py:488} INFO - 22/04/06 04:11:04 INFO FileSourceStrategy: Post-Scan Filters:
[2022-04-06 04:11:04,158] {spark_submit.py:488} INFO - 22/04/06 04:11:04 INFO FileSourceStrategy: Output Data Schema: struct<id: bigint, display_name: string, about_me: string, age: double, creation_date: string ... 12 more fields>
[2022-04-06 04:11:07,132] {spark_submit.py:488} INFO - 22/04/06 04:11:07 INFO ParquetFileFormat: Using default output committer for Parquet: org.apache.parquet.hadoop.ParquetOutputCommitter
[2022-04-06 04:11:07,562] {spark_submit.py:488} INFO - 22/04/06 04:11:07 INFO FileOutputCommitter: File Output Committer Algorithm version is 1
[2022-04-06 04:11:07,563] {spark_submit.py:488} INFO - 22/04/06 04:11:07 INFO FileOutputCommitter: FileOutputCommitter skip cleanup _temporary folders under output directory:false, ignore cleanup failures: false
[2022-04-06 04:11:07,611] {spark_submit.py:488} INFO - 22/04/06 04:11:07 INFO SQLHadoopMapReduceCommitProtocol: Using user defined output committer class org.apache.parquet.hadoop.ParquetOutputCommitter
[2022-04-06 04:11:07,652] {spark_submit.py:488} INFO - 22/04/06 04:11:07 INFO FileOutputCommitter: File Output Committer Algorithm version is 1
[2022-04-06 04:11:07,653] {spark_submit.py:488} INFO - 22/04/06 04:11:07 INFO FileOutputCommitter: FileOutputCommitter skip cleanup _temporary folders under output directory:false, ignore cleanup failures: false
[2022-04-06 04:11:07,658] {spark_submit.py:488} INFO - 22/04/06 04:11:07 INFO SQLHadoopMapReduceCommitProtocol: Using output committer class org.apache.parquet.hadoop.ParquetOutputCommitter
[2022-04-06 04:11:17,159] {spark_submit.py:488} INFO - 22/04/06 04:11:17 INFO CodeGenerator: Code generated in 5833.138897 ms
[2022-04-06 04:11:17,512] {spark_submit.py:488} INFO - 22/04/06 04:11:17 INFO MemoryStore: Block broadcast_1 stored as values in memory (estimated size 193.3 KiB, free 434.2 MiB)
[2022-04-06 04:11:17,780] {spark_submit.py:488} INFO - 22/04/06 04:11:17 INFO MemoryStore: Block broadcast_1_piece0 stored as bytes in memory (estimated size 33.9 KiB, free 434.2 MiB)
[2022-04-06 04:11:17,786] {spark_submit.py:488} INFO - 22/04/06 04:11:17 INFO BlockManagerInfo: Added broadcast_1_piece0 in memory on 9fe4286b2855:43045 (size: 33.9 KiB, free: 434.4 MiB)
[2022-04-06 04:11:17,833] {spark_submit.py:488} INFO - 22/04/06 04:11:17 INFO SparkContext: Created broadcast 1 from save at NativeMethodAccessorImpl.java:0
[2022-04-06 04:11:18,051] {spark_submit.py:488} INFO - 22/04/06 04:11:18 INFO FileSourceScanExec: Planning scan with bin packing, max size: 8105460 bytes, open cost is considered as scanning 4194304 bytes.
[2022-04-06 04:11:19,471] {spark_submit.py:488} INFO - 22/04/06 04:11:19 INFO DAGScheduler: Registering RDD 6 (save at NativeMethodAccessorImpl.java:0) as input to shuffle 0
[2022-04-06 04:11:19,478] {spark_submit.py:488} INFO - 22/04/06 04:11:19 INFO DAGScheduler: Got map stage job 1 (save at NativeMethodAccessorImpl.java:0) with 4 output partitions
[2022-04-06 04:11:19,479] {spark_submit.py:488} INFO - 22/04/06 04:11:19 INFO DAGScheduler: Final stage: ShuffleMapStage 1 (save at NativeMethodAccessorImpl.java:0)
[2022-04-06 04:11:19,480] {spark_submit.py:488} INFO - 22/04/06 04:11:19 INFO DAGScheduler: Parents of final stage: List()
[2022-04-06 04:11:19,514] {spark_submit.py:488} INFO - 22/04/06 04:11:19 INFO DAGScheduler: Missing parents: List()
[2022-04-06 04:11:19,585] {spark_submit.py:488} INFO - 22/04/06 04:11:19 INFO DAGScheduler: Submitting ShuffleMapStage 1 (MapPartitionsRDD[6] at save at NativeMethodAccessorImpl.java:0), which has no missing parents
[2022-04-06 04:11:20,321] {spark_submit.py:488} INFO - 22/04/06 04:11:20 INFO MemoryStore: Block broadcast_2 stored as values in memory (estimated size 26.1 KiB, free 434.2 MiB)
[2022-04-06 04:11:20,386] {spark_submit.py:488} INFO - 22/04/06 04:11:20 INFO MemoryStore: Block broadcast_2_piece0 stored as bytes in memory (estimated size 9.4 KiB, free 434.1 MiB)
[2022-04-06 04:11:20,389] {spark_submit.py:488} INFO - 22/04/06 04:11:20 INFO BlockManagerInfo: Added broadcast_2_piece0 in memory on 9fe4286b2855:43045 (size: 9.4 KiB, free: 434.4 MiB)
[2022-04-06 04:11:20,390] {spark_submit.py:488} INFO - 22/04/06 04:11:20 INFO SparkContext: Created broadcast 2 from broadcast at DAGScheduler.scala:1478
[2022-04-06 04:11:20,444] {spark_submit.py:488} INFO - 22/04/06 04:11:20 INFO DAGScheduler: Submitting 4 missing tasks from ShuffleMapStage 1 (MapPartitionsRDD[6] at save at NativeMethodAccessorImpl.java:0) (first 15 tasks are for partitions Vector(0, 1, 2, 3))
[2022-04-06 04:11:20,445] {spark_submit.py:488} INFO - 22/04/06 04:11:20 INFO TaskSchedulerImpl: Adding task set 1.0 with 4 tasks resource profile 0
[2022-04-06 04:11:20,461] {spark_submit.py:488} INFO - 22/04/06 04:11:20 INFO TaskSetManager: Starting task 0.0 in stage 1.0 (TID 1) (9fe4286b2855, executor driver, partition 0, PROCESS_LOCAL, 4880 bytes) taskResourceAssignments Map()
[2022-04-06 04:11:20,462] {spark_submit.py:488} INFO - 22/04/06 04:11:20 INFO TaskSetManager: Starting task 1.0 in stage 1.0 (TID 2) (9fe4286b2855, executor driver, partition 1, PROCESS_LOCAL, 4880 bytes) taskResourceAssignments Map()
[2022-04-06 04:11:20,463] {spark_submit.py:488} INFO - 22/04/06 04:11:20 INFO TaskSetManager: Starting task 2.0 in stage 1.0 (TID 3) (9fe4286b2855, executor driver, partition 2, PROCESS_LOCAL, 4880 bytes) taskResourceAssignments Map()
[2022-04-06 04:11:20,464] {spark_submit.py:488} INFO - 22/04/06 04:11:20 INFO TaskSetManager: Starting task 3.0 in stage 1.0 (TID 4) (9fe4286b2855, executor driver, partition 3, PROCESS_LOCAL, 4880 bytes) taskResourceAssignments Map()
[2022-04-06 04:11:20,537] {spark_submit.py:488} INFO - 22/04/06 04:11:20 INFO Executor: Running task 0.0 in stage 1.0 (TID 1)
[2022-04-06 04:11:20,589] {spark_submit.py:488} INFO - 22/04/06 04:11:20 INFO Executor: Running task 2.0 in stage 1.0 (TID 3)
[2022-04-06 04:11:20,592] {spark_submit.py:488} INFO - 22/04/06 04:11:20 INFO Executor: Running task 1.0 in stage 1.0 (TID 2)
[2022-04-06 04:11:20,619] {spark_submit.py:488} INFO - 22/04/06 04:11:20 INFO Executor: Running task 3.0 in stage 1.0 (TID 4)
[2022-04-06 04:11:21,544] {spark_submit.py:488} INFO - 22/04/06 04:11:21 INFO FileScanRDD: Reading File path: gs://dtc_data_lake_de-stack-overflow/parquet/users-2021-11.parquet, range: 24316380-28227538, partition values: [empty row]
[2022-04-06 04:11:21,548] {spark_submit.py:488} INFO - 22/04/06 04:11:21 INFO FileScanRDD: Reading File path: gs://dtc_data_lake_de-stack-overflow/parquet/users-2021-11.parquet, range: 8105460-16210920, partition values: [empty row]
[2022-04-06 04:11:21,555] {spark_submit.py:488} INFO - 22/04/06 04:11:21 INFO FileScanRDD: Reading File path: gs://dtc_data_lake_de-stack-overflow/parquet/users-2021-11.parquet, range: 0-8105460, partition values: [empty row]
[2022-04-06 04:11:21,576] {spark_submit.py:488} INFO - 22/04/06 04:11:21 INFO FileScanRDD: Reading File path: gs://dtc_data_lake_de-stack-overflow/parquet/users-2021-11.parquet, range: 16210920-24316380, partition values: [empty row]
[2022-04-06 04:11:25,825] {spark_submit.py:488} INFO - 22/04/06 04:11:25 INFO Executor: Finished task 0.0 in stage 1.0 (TID 1). 1857 bytes result sent to driver
[2022-04-06 04:11:25,912] {spark_submit.py:488} INFO - 22/04/06 04:11:25 INFO Executor: Finished task 3.0 in stage 1.0 (TID 4). 1900 bytes result sent to driver
[2022-04-06 04:11:25,914] {spark_submit.py:488} INFO - 22/04/06 04:11:25 INFO Executor: Finished task 2.0 in stage 1.0 (TID 3). 1857 bytes result sent to driver
[2022-04-06 04:11:26,039] {spark_submit.py:488} INFO - 22/04/06 04:11:26 INFO TaskSetManager: Finished task 3.0 in stage 1.0 (TID 4) in 5575 ms on 9fe4286b2855 (executor driver) (1/4)
[2022-04-06 04:11:26,046] {spark_submit.py:488} INFO - 22/04/06 04:11:26 INFO TaskSetManager: Finished task 0.0 in stage 1.0 (TID 1) in 5598 ms on 9fe4286b2855 (executor driver) (2/4)
[2022-04-06 04:11:26,089] {spark_submit.py:488} INFO - 22/04/06 04:11:26 INFO TaskSetManager: Finished task 2.0 in stage 1.0 (TID 3) in 5625 ms on 9fe4286b2855 (executor driver) (3/4)
[2022-04-06 04:11:31,135] {spark_submit.py:488} INFO - 22/04/06 04:11:31 INFO CodecPool: Got brand-new decompressor [.snappy]
[2022-04-06 04:12:38,193] {spark_submit.py:488} INFO - 22/04/06 04:12:38 INFO Executor: Finished task 1.0 in stage 1.0 (TID 2). 2029 bytes result sent to driver
[2022-04-06 04:12:38,196] {spark_submit.py:488} INFO - 22/04/06 04:12:38 INFO TaskSetManager: Finished task 1.0 in stage 1.0 (TID 2) in 77734 ms on 9fe4286b2855 (executor driver) (4/4)
[2022-04-06 04:12:38,197] {spark_submit.py:488} INFO - 22/04/06 04:12:38 INFO TaskSchedulerImpl: Removed TaskSet 1.0, whose tasks have all completed, from pool
[2022-04-06 04:12:38,204] {spark_submit.py:488} INFO - 22/04/06 04:12:38 INFO DAGScheduler: ShuffleMapStage 1 (save at NativeMethodAccessorImpl.java:0) finished in 78.542 s
[2022-04-06 04:12:38,204] {spark_submit.py:488} INFO - 22/04/06 04:12:38 INFO DAGScheduler: looking for newly runnable stages
[2022-04-06 04:12:38,211] {spark_submit.py:488} INFO - 22/04/06 04:12:38 INFO DAGScheduler: running: Set()
[2022-04-06 04:12:38,211] {spark_submit.py:488} INFO - 22/04/06 04:12:38 INFO DAGScheduler: waiting: Set()
[2022-04-06 04:12:38,211] {spark_submit.py:488} INFO - 22/04/06 04:12:38 INFO DAGScheduler: failed: Set()
[2022-04-06 04:12:39,269] {spark_submit.py:488} INFO - 22/04/06 04:12:39 INFO SparkContext: Starting job: save at NativeMethodAccessorImpl.java:0
[2022-04-06 04:12:39,272] {spark_submit.py:488} INFO - 22/04/06 04:12:39 INFO DAGScheduler: Got job 2 (save at NativeMethodAccessorImpl.java:0) with 4 output partitions
[2022-04-06 04:12:39,273] {spark_submit.py:488} INFO - 22/04/06 04:12:39 INFO DAGScheduler: Final stage: ResultStage 3 (save at NativeMethodAccessorImpl.java:0)
[2022-04-06 04:12:39,273] {spark_submit.py:488} INFO - 22/04/06 04:12:39 INFO DAGScheduler: Parents of final stage: List(ShuffleMapStage 2)
[2022-04-06 04:12:39,273] {spark_submit.py:488} INFO - 22/04/06 04:12:39 INFO DAGScheduler: Missing parents: List()
[2022-04-06 04:12:39,275] {spark_submit.py:488} INFO - 22/04/06 04:12:39 INFO DAGScheduler: Submitting ResultStage 3 (ShuffledRowRDD[7] at save at NativeMethodAccessorImpl.java:0), which has no missing parents
[2022-04-06 04:12:39,956] {spark_submit.py:488} INFO - 22/04/06 04:12:39 INFO MemoryStore: Block broadcast_3 stored as values in memory (estimated size 203.2 KiB, free 433.9 MiB)
[2022-04-06 04:12:40,052] {spark_submit.py:488} INFO - 22/04/06 04:12:40 INFO MemoryStore: Block broadcast_3_piece0 stored as bytes in memory (estimated size 72.7 KiB, free 433.9 MiB)
[2022-04-06 04:12:40,054] {spark_submit.py:488} INFO - 22/04/06 04:12:40 INFO BlockManagerInfo: Added broadcast_3_piece0 in memory on 9fe4286b2855:43045 (size: 72.7 KiB, free: 434.3 MiB)
[2022-04-06 04:12:40,054] {spark_submit.py:488} INFO - 22/04/06 04:12:40 INFO SparkContext: Created broadcast 3 from broadcast at DAGScheduler.scala:1478
[2022-04-06 04:12:40,057] {spark_submit.py:488} INFO - 22/04/06 04:12:40 INFO DAGScheduler: Submitting 4 missing tasks from ResultStage 3 (ShuffledRowRDD[7] at save at NativeMethodAccessorImpl.java:0) (first 15 tasks are for partitions Vector(0, 1, 2, 3))
[2022-04-06 04:12:40,057] {spark_submit.py:488} INFO - 22/04/06 04:12:40 INFO TaskSchedulerImpl: Adding task set 3.0 with 4 tasks resource profile 0
[2022-04-06 04:12:40,067] {spark_submit.py:488} INFO - 22/04/06 04:12:40 INFO TaskSetManager: Starting task 0.0 in stage 3.0 (TID 5) (9fe4286b2855, executor driver, partition 0, NODE_LOCAL, 4453 bytes) taskResourceAssignments Map()
[2022-04-06 04:12:40,068] {spark_submit.py:488} INFO - 22/04/06 04:12:40 INFO TaskSetManager: Starting task 1.0 in stage 3.0 (TID 6) (9fe4286b2855, executor driver, partition 1, NODE_LOCAL, 4453 bytes) taskResourceAssignments Map()
[2022-04-06 04:12:40,070] {spark_submit.py:488} INFO - 22/04/06 04:12:40 INFO TaskSetManager: Starting task 2.0 in stage 3.0 (TID 7) (9fe4286b2855, executor driver, partition 2, NODE_LOCAL, 4453 bytes) taskResourceAssignments Map()
[2022-04-06 04:12:40,070] {spark_submit.py:488} INFO - 22/04/06 04:12:40 INFO TaskSetManager: Starting task 3.0 in stage 3.0 (TID 8) (9fe4286b2855, executor driver, partition 3, NODE_LOCAL, 4453 bytes) taskResourceAssignments Map()
[2022-04-06 04:12:40,071] {spark_submit.py:488} INFO - 22/04/06 04:12:40 INFO Executor: Running task 0.0 in stage 3.0 (TID 5)
[2022-04-06 04:12:40,179] {spark_submit.py:488} INFO - 22/04/06 04:12:40 INFO Executor: Running task 1.0 in stage 3.0 (TID 6)
[2022-04-06 04:12:40,183] {spark_submit.py:488} INFO - 22/04/06 04:12:40 INFO Executor: Running task 2.0 in stage 3.0 (TID 7)
[2022-04-06 04:12:40,244] {spark_submit.py:488} INFO - 22/04/06 04:12:40 INFO Executor: Running task 3.0 in stage 3.0 (TID 8)
[2022-04-06 04:12:40,848] {spark_submit.py:488} INFO - 22/04/06 04:12:40 INFO ShuffleBlockFetcherIterator: Getting 1 (8.6 MiB) non-empty blocks including 1 (8.6 MiB) local and 0 (0.0 B) host-local and 0 (0.0 B) push-merged-local and 0 (0.0 B) remote blocks
[2022-04-06 04:12:40,887] {spark_submit.py:488} INFO - 22/04/06 04:12:40 INFO ShuffleBlockFetcherIterator: Getting 1 (8.6 MiB) non-empty blocks including 1 (8.6 MiB) local and 0 (0.0 B) host-local and 0 (0.0 B) push-merged-local and 0 (0.0 B) remote blocks
[2022-04-06 04:12:40,888] {spark_submit.py:488} INFO - 22/04/06 04:12:40 INFO ShuffleBlockFetcherIterator: Getting 1 (8.6 MiB) non-empty blocks including 1 (8.6 MiB) local and 0 (0.0 B) host-local and 0 (0.0 B) push-merged-local and 0 (0.0 B) remote blocks
[2022-04-06 04:12:40,889] {spark_submit.py:488} INFO - 22/04/06 04:12:40 INFO ShuffleBlockFetcherIterator: Started 0 remote fetches in 58 ms
[2022-04-06 04:12:40,896] {spark_submit.py:488} INFO - 22/04/06 04:12:40 INFO ShuffleBlockFetcherIterator: Getting 1 (8.6 MiB) non-empty blocks including 1 (8.6 MiB) local and 0 (0.0 B) host-local and 0 (0.0 B) push-merged-local and 0 (0.0 B) remote blocks
[2022-04-06 04:12:40,897] {spark_submit.py:488} INFO - 22/04/06 04:12:40 INFO ShuffleBlockFetcherIterator: Started 0 remote fetches in 43 ms
[2022-04-06 04:12:40,898] {spark_submit.py:488} INFO - 22/04/06 04:12:40 INFO ShuffleBlockFetcherIterator: Started 0 remote fetches in 75 ms
[2022-04-06 04:12:40,916] {spark_submit.py:488} INFO - 22/04/06 04:12:40 INFO ShuffleBlockFetcherIterator: Started 0 remote fetches in 95 ms
[2022-04-06 04:12:41,006] {spark_submit.py:488} INFO - 22/04/06 04:12:40 INFO FileOutputCommitter: File Output Committer Algorithm version is 1
[2022-04-06 04:12:41,006] {spark_submit.py:488} INFO - 22/04/06 04:12:41 INFO FileOutputCommitter: FileOutputCommitter skip cleanup _temporary folders under output directory:false, ignore cleanup failures: false
[2022-04-06 04:12:41,007] {spark_submit.py:488} INFO - 22/04/06 04:12:41 INFO FileOutputCommitter: File Output Committer Algorithm version is 1
[2022-04-06 04:12:41,007] {spark_submit.py:488} INFO - 22/04/06 04:12:41 INFO FileOutputCommitter: FileOutputCommitter skip cleanup _temporary folders under output directory:false, ignore cleanup failures: false
[2022-04-06 04:12:41,008] {spark_submit.py:488} INFO - 22/04/06 04:12:41 INFO FileOutputCommitter: File Output Committer Algorithm version is 1
[2022-04-06 04:12:41,008] {spark_submit.py:488} INFO - 22/04/06 04:12:41 INFO FileOutputCommitter: FileOutputCommitter skip cleanup _temporary folders under output directory:false, ignore cleanup failures: false
[2022-04-06 04:12:41,013] {spark_submit.py:488} INFO - 22/04/06 04:12:41 INFO SQLHadoopMapReduceCommitProtocol: Using user defined output committer class org.apache.parquet.hadoop.ParquetOutputCommitter
[2022-04-06 04:12:41,013] {spark_submit.py:488} INFO - 22/04/06 04:12:41 INFO FileOutputCommitter: File Output Committer Algorithm version is 1
[2022-04-06 04:12:41,013] {spark_submit.py:488} INFO - 22/04/06 04:12:41 INFO FileOutputCommitter: FileOutputCommitter skip cleanup _temporary folders under output directory:false, ignore cleanup failures: false
[2022-04-06 04:12:41,016] {spark_submit.py:488} INFO - 22/04/06 04:12:41 INFO SQLHadoopMapReduceCommitProtocol: Using output committer class org.apache.parquet.hadoop.ParquetOutputCommitter
[2022-04-06 04:12:41,025] {spark_submit.py:488} INFO - 22/04/06 04:12:41 INFO FileOutputCommitter: File Output Committer Algorithm version is 1
[2022-04-06 04:12:41,026] {spark_submit.py:488} INFO - 22/04/06 04:12:41 INFO FileOutputCommitter: FileOutputCommitter skip cleanup _temporary folders under output directory:false, ignore cleanup failures: false
[2022-04-06 04:12:41,042] {spark_submit.py:488} INFO - 22/04/06 04:12:41 INFO SQLHadoopMapReduceCommitProtocol: Using user defined output committer class org.apache.parquet.hadoop.ParquetOutputCommitter
[2022-04-06 04:12:41,042] {spark_submit.py:488} INFO - 22/04/06 04:12:41 INFO SQLHadoopMapReduceCommitProtocol: Using user defined output committer class org.apache.parquet.hadoop.ParquetOutputCommitter
[2022-04-06 04:12:41,043] {spark_submit.py:488} INFO - 22/04/06 04:12:41 INFO FileOutputCommitter: File Output Committer Algorithm version is 1
[2022-04-06 04:12:41,043] {spark_submit.py:488} INFO - 22/04/06 04:12:41 INFO FileOutputCommitter: File Output Committer Algorithm version is 1
[2022-04-06 04:12:41,043] {spark_submit.py:488} INFO - 22/04/06 04:12:41 INFO FileOutputCommitter: FileOutputCommitter skip cleanup _temporary folders under output directory:false, ignore cleanup failures: false
[2022-04-06 04:12:41,044] {spark_submit.py:488} INFO - 22/04/06 04:12:41 INFO SQLHadoopMapReduceCommitProtocol: Using output committer class org.apache.parquet.hadoop.ParquetOutputCommitter
[2022-04-06 04:12:41,048] {spark_submit.py:488} INFO - 22/04/06 04:12:41 INFO FileOutputCommitter: FileOutputCommitter skip cleanup _temporary folders under output directory:false, ignore cleanup failures: false
[2022-04-06 04:12:41,049] {spark_submit.py:488} INFO - 22/04/06 04:12:41 INFO SQLHadoopMapReduceCommitProtocol: Using output committer class org.apache.parquet.hadoop.ParquetOutputCommitter
[2022-04-06 04:12:41,073] {spark_submit.py:488} INFO - 22/04/06 04:12:41 INFO SQLHadoopMapReduceCommitProtocol: Using user defined output committer class org.apache.parquet.hadoop.ParquetOutputCommitter
[2022-04-06 04:12:41,073] {spark_submit.py:488} INFO - 22/04/06 04:12:41 INFO FileOutputCommitter: File Output Committer Algorithm version is 1
[2022-04-06 04:12:41,073] {spark_submit.py:488} INFO - 22/04/06 04:12:41 INFO FileOutputCommitter: FileOutputCommitter skip cleanup _temporary folders under output directory:false, ignore cleanup failures: false
[2022-04-06 04:12:41,074] {spark_submit.py:488} INFO - 22/04/06 04:12:41 INFO SQLHadoopMapReduceCommitProtocol: Using output committer class org.apache.parquet.hadoop.ParquetOutputCommitter
[2022-04-06 04:12:41,110] {spark_submit.py:488} INFO - 22/04/06 04:12:41 INFO CodecConfig: Compression: SNAPPY
[2022-04-06 04:12:41,115] {spark_submit.py:488} INFO - 22/04/06 04:12:41 INFO CodecConfig: Compression: SNAPPY
[2022-04-06 04:12:41,164] {spark_submit.py:488} INFO - 22/04/06 04:12:41 INFO CodecConfig: Compression: SNAPPY
[2022-04-06 04:12:41,165] {spark_submit.py:488} INFO - 22/04/06 04:12:41 INFO CodecConfig: Compression: SNAPPY
[2022-04-06 04:12:41,169] {spark_submit.py:488} INFO - 22/04/06 04:12:41 INFO CodecConfig: Compression: SNAPPY
[2022-04-06 04:12:41,171] {spark_submit.py:488} INFO - 22/04/06 04:12:41 INFO CodecConfig: Compression: SNAPPY
[2022-04-06 04:12:41,171] {spark_submit.py:488} INFO - 22/04/06 04:12:41 INFO CodecConfig: Compression: SNAPPY
[2022-04-06 04:12:41,171] {spark_submit.py:488} INFO - 22/04/06 04:12:41 INFO CodecConfig: Compression: SNAPPY
[2022-04-06 04:12:41,515] {spark_submit.py:488} INFO - 22/04/06 04:12:41 INFO ParquetOutputFormat: Parquet block size to 134217728
[2022-04-06 04:12:41,517] {spark_submit.py:488} INFO - 22/04/06 04:12:41 INFO ParquetOutputFormat: Validation is off
[2022-04-06 04:12:41,518] {spark_submit.py:488} INFO - 22/04/06 04:12:41 INFO ParquetOutputFormat: Maximum row group padding size is 8388608 bytes
[2022-04-06 04:12:41,518] {spark_submit.py:488} INFO - 22/04/06 04:12:41 INFO ParquetOutputFormat: Parquet properties are:
[2022-04-06 04:12:41,518] {spark_submit.py:488} INFO - Parquet page size to 1048576
[2022-04-06 04:12:41,518] {spark_submit.py:488} INFO - Parquet dictionary page size to 1048576
[2022-04-06 04:12:41,518] {spark_submit.py:488} INFO - Dictionary is true
[2022-04-06 04:12:41,518] {spark_submit.py:488} INFO - Writer version is: PARQUET_1_0
[2022-04-06 04:12:41,518] {spark_submit.py:488} INFO - Page size checking is: estimated
[2022-04-06 04:12:41,518] {spark_submit.py:488} INFO - Min row count for page size check is: 100
[2022-04-06 04:12:41,518] {spark_submit.py:488} INFO - Max row count for page size check is: 10000
[2022-04-06 04:12:41,518] {spark_submit.py:488} INFO - Truncate length for column indexes is: 64
[2022-04-06 04:12:41,518] {spark_submit.py:488} INFO - Truncate length for statistics min/max  is: 2147483647
[2022-04-06 04:12:41,518] {spark_submit.py:488} INFO - Bloom filter enabled: false
[2022-04-06 04:12:41,518] {spark_submit.py:488} INFO - Max Bloom filter size for a column is 1048576
[2022-04-06 04:12:41,518] {spark_submit.py:488} INFO - Bloom filter expected number of distinct values are: null
[2022-04-06 04:12:41,519] {spark_submit.py:488} INFO - Page row count limit to 20000
[2022-04-06 04:12:41,519] {spark_submit.py:488} INFO - Writing page checksums is: on
[2022-04-06 04:12:41,526] {spark_submit.py:488} INFO - 22/04/06 04:12:41 INFO BlockManagerInfo: Removed broadcast_2_piece0 on 9fe4286b2855:43045 in memory (size: 9.4 KiB, free: 434.3 MiB)
[2022-04-06 04:12:41,652] {spark_submit.py:488} INFO - 22/04/06 04:12:41 INFO ParquetOutputFormat: Parquet block size to 134217728
[2022-04-06 04:12:41,652] {spark_submit.py:488} INFO - 22/04/06 04:12:41 INFO ParquetOutputFormat: Validation is off
[2022-04-06 04:12:41,652] {spark_submit.py:488} INFO - 22/04/06 04:12:41 INFO ParquetOutputFormat: Maximum row group padding size is 8388608 bytes
[2022-04-06 04:12:41,652] {spark_submit.py:488} INFO - 22/04/06 04:12:41 INFO ParquetOutputFormat: Parquet properties are:
[2022-04-06 04:12:41,653] {spark_submit.py:488} INFO - Parquet page size to 1048576
[2022-04-06 04:12:41,653] {spark_submit.py:488} INFO - Parquet dictionary page size to 1048576
[2022-04-06 04:12:41,653] {spark_submit.py:488} INFO - Dictionary is true
[2022-04-06 04:12:41,653] {spark_submit.py:488} INFO - Writer version is: PARQUET_1_0
[2022-04-06 04:12:41,653] {spark_submit.py:488} INFO - Page size checking is: estimated
[2022-04-06 04:12:41,653] {spark_submit.py:488} INFO - Min row count for page size check is: 100
[2022-04-06 04:12:41,653] {spark_submit.py:488} INFO - Max row count for page size check is: 10000
[2022-04-06 04:12:41,653] {spark_submit.py:488} INFO - Truncate length for column indexes is: 64
[2022-04-06 04:12:41,653] {spark_submit.py:488} INFO - Truncate length for statistics min/max  is: 2147483647
[2022-04-06 04:12:41,653] {spark_submit.py:488} INFO - Bloom filter enabled: false
[2022-04-06 04:12:41,653] {spark_submit.py:488} INFO - Max Bloom filter size for a column is 1048576
[2022-04-06 04:12:41,653] {spark_submit.py:488} INFO - Bloom filter expected number of distinct values are: null
[2022-04-06 04:12:41,653] {spark_submit.py:488} INFO - Page row count limit to 20000
[2022-04-06 04:12:41,654] {spark_submit.py:488} INFO - Writing page checksums is: on
[2022-04-06 04:12:41,655] {spark_submit.py:488} INFO - 22/04/06 04:12:41 INFO ParquetOutputFormat: Parquet block size to 134217728
[2022-04-06 04:12:41,655] {spark_submit.py:488} INFO - 22/04/06 04:12:41 INFO ParquetOutputFormat: Validation is off
[2022-04-06 04:12:41,655] {spark_submit.py:488} INFO - 22/04/06 04:12:41 INFO ParquetOutputFormat: Maximum row group padding size is 8388608 bytes
[2022-04-06 04:12:41,655] {spark_submit.py:488} INFO - 22/04/06 04:12:41 INFO ParquetOutputFormat: Parquet properties are:
[2022-04-06 04:12:41,655] {spark_submit.py:488} INFO - Parquet page size to 1048576
[2022-04-06 04:12:41,655] {spark_submit.py:488} INFO - Parquet dictionary page size to 1048576
[2022-04-06 04:12:41,655] {spark_submit.py:488} INFO - Dictionary is true
[2022-04-06 04:12:41,655] {spark_submit.py:488} INFO - Writer version is: PARQUET_1_0
[2022-04-06 04:12:41,656] {spark_submit.py:488} INFO - Page size checking is: estimated
[2022-04-06 04:12:41,656] {spark_submit.py:488} INFO - Min row count for page size check is: 100
[2022-04-06 04:12:41,656] {spark_submit.py:488} INFO - Max row count for page size check is: 10000
[2022-04-06 04:12:41,656] {spark_submit.py:488} INFO - Truncate length for column indexes is: 64
[2022-04-06 04:12:41,656] {spark_submit.py:488} INFO - Truncate length for statistics min/max  is: 2147483647
[2022-04-06 04:12:41,656] {spark_submit.py:488} INFO - Bloom filter enabled: false
[2022-04-06 04:12:41,656] {spark_submit.py:488} INFO - Max Bloom filter size for a column is 1048576
[2022-04-06 04:12:41,657] {spark_submit.py:488} INFO - Bloom filter expected number of distinct values are: null
[2022-04-06 04:12:41,657] {spark_submit.py:488} INFO - Page row count limit to 20000
[2022-04-06 04:12:41,657] {spark_submit.py:488} INFO - Writing page checksums is: on
[2022-04-06 04:12:41,691] {spark_submit.py:488} INFO - 22/04/06 04:12:41 INFO ParquetOutputFormat: Parquet block size to 134217728
[2022-04-06 04:12:41,692] {spark_submit.py:488} INFO - 22/04/06 04:12:41 INFO ParquetOutputFormat: Validation is off
[2022-04-06 04:12:41,692] {spark_submit.py:488} INFO - 22/04/06 04:12:41 INFO ParquetOutputFormat: Maximum row group padding size is 8388608 bytes
[2022-04-06 04:12:41,692] {spark_submit.py:488} INFO - 22/04/06 04:12:41 INFO ParquetOutputFormat: Parquet properties are:
[2022-04-06 04:12:41,692] {spark_submit.py:488} INFO - Parquet page size to 1048576
[2022-04-06 04:12:41,692] {spark_submit.py:488} INFO - Parquet dictionary page size to 1048576
[2022-04-06 04:12:41,692] {spark_submit.py:488} INFO - Dictionary is true
[2022-04-06 04:12:41,692] {spark_submit.py:488} INFO - Writer version is: PARQUET_1_0
[2022-04-06 04:12:41,692] {spark_submit.py:488} INFO - Page size checking is: estimated
[2022-04-06 04:12:41,692] {spark_submit.py:488} INFO - Min row count for page size check is: 100
[2022-04-06 04:12:41,692] {spark_submit.py:488} INFO - Max row count for page size check is: 10000
[2022-04-06 04:12:41,692] {spark_submit.py:488} INFO - Truncate length for column indexes is: 64
[2022-04-06 04:12:41,692] {spark_submit.py:488} INFO - Truncate length for statistics min/max  is: 2147483647
[2022-04-06 04:12:41,693] {spark_submit.py:488} INFO - Bloom filter enabled: false
[2022-04-06 04:12:41,693] {spark_submit.py:488} INFO - Max Bloom filter size for a column is 1048576
[2022-04-06 04:12:41,693] {spark_submit.py:488} INFO - Bloom filter expected number of distinct values are: null
[2022-04-06 04:12:41,693] {spark_submit.py:488} INFO - Page row count limit to 20000
[2022-04-06 04:12:41,693] {spark_submit.py:488} INFO - Writing page checksums is: on
[2022-04-06 04:12:41,709] {spark_submit.py:488} INFO - 22/04/06 04:12:41 INFO ParquetWriteSupport: Initialized Parquet WriteSupport with Catalyst schema:
[2022-04-06 04:12:41,709] {spark_submit.py:488} INFO - {
[2022-04-06 04:12:41,710] {spark_submit.py:488} INFO - "type" : "struct",
[2022-04-06 04:12:41,710] {spark_submit.py:488} INFO - "fields" : [ {
[2022-04-06 04:12:41,710] {spark_submit.py:488} INFO - "name" : "id",
[2022-04-06 04:12:41,710] {spark_submit.py:488} INFO - "type" : "integer",
[2022-04-06 04:12:41,710] {spark_submit.py:488} INFO - "nullable" : true,
[2022-04-06 04:12:41,710] {spark_submit.py:488} INFO - "metadata" : { }
[2022-04-06 04:12:41,710] {spark_submit.py:488} INFO - }, {
[2022-04-06 04:12:41,710] {spark_submit.py:488} INFO - "name" : "display_name",
[2022-04-06 04:12:41,710] {spark_submit.py:488} INFO - "type" : "string",
[2022-04-06 04:12:41,710] {spark_submit.py:488} INFO - "nullable" : true,
[2022-04-06 04:12:41,710] {spark_submit.py:488} INFO - "metadata" : { }
[2022-04-06 04:12:41,710] {spark_submit.py:488} INFO - }, {
[2022-04-06 04:12:41,710] {spark_submit.py:488} INFO - "name" : "about_me",
[2022-04-06 04:12:41,710] {spark_submit.py:488} INFO - "type" : "string",
[2022-04-06 04:12:41,711] {spark_submit.py:488} INFO - "nullable" : true,
[2022-04-06 04:12:41,711] {spark_submit.py:488} INFO - "metadata" : { }
[2022-04-06 04:12:41,711] {spark_submit.py:488} INFO - }, {
[2022-04-06 04:12:41,711] {spark_submit.py:488} INFO - "name" : "age",
[2022-04-06 04:12:41,711] {spark_submit.py:488} INFO - "type" : "integer",
[2022-04-06 04:12:41,711] {spark_submit.py:488} INFO - "nullable" : true,
[2022-04-06 04:12:41,711] {spark_submit.py:488} INFO - "metadata" : { }
[2022-04-06 04:12:41,711] {spark_submit.py:488} INFO - }, {
[2022-04-06 04:12:41,711] {spark_submit.py:488} INFO - "name" : "creation_date",
[2022-04-06 04:12:41,711] {spark_submit.py:488} INFO - "type" : "timestamp",
[2022-04-06 04:12:41,711] {spark_submit.py:488} INFO - "nullable" : true,
[2022-04-06 04:12:41,711] {spark_submit.py:488} INFO - "metadata" : { }
[2022-04-06 04:12:41,711] {spark_submit.py:488} INFO - }, {
[2022-04-06 04:12:41,712] {spark_submit.py:488} INFO - "name" : "last_access_date",
[2022-04-06 04:12:41,712] {spark_submit.py:488} INFO - "type" : "timestamp",
[2022-04-06 04:12:41,712] {spark_submit.py:488} INFO - "nullable" : true,
[2022-04-06 04:12:41,712] {spark_submit.py:488} INFO - "metadata" : { }
[2022-04-06 04:12:41,712] {spark_submit.py:488} INFO - }, {
[2022-04-06 04:12:41,712] {spark_submit.py:488} INFO - "name" : "location",
[2022-04-06 04:12:41,712] {spark_submit.py:488} INFO - "type" : "string",
[2022-04-06 04:12:41,712] {spark_submit.py:488} INFO - "nullable" : true,
[2022-04-06 04:12:41,712] {spark_submit.py:488} INFO - "metadata" : { }
[2022-04-06 04:12:41,712] {spark_submit.py:488} INFO - }, {
[2022-04-06 04:12:41,712] {spark_submit.py:488} INFO - "name" : "reputation",
[2022-04-06 04:12:41,712] {spark_submit.py:488} INFO - "type" : "integer",
[2022-04-06 04:12:41,713] {spark_submit.py:488} INFO - "nullable" : true,
[2022-04-06 04:12:41,713] {spark_submit.py:488} INFO - "metadata" : { }
[2022-04-06 04:12:41,713] {spark_submit.py:488} INFO - }, {
[2022-04-06 04:12:41,714] {spark_submit.py:488} INFO - "name" : "up_votes",
[2022-04-06 04:12:41,714] {spark_submit.py:488} INFO - "type" : "integer",
[2022-04-06 04:12:41,714] {spark_submit.py:488} INFO - "nullable" : true,
[2022-04-06 04:12:41,714] {spark_submit.py:488} INFO - "metadata" : { }
[2022-04-06 04:12:41,714] {spark_submit.py:488} INFO - }, {
[2022-04-06 04:12:41,714] {spark_submit.py:488} INFO - "name" : "down_votes",
[2022-04-06 04:12:41,714] {spark_submit.py:488} INFO - "type" : "integer",
[2022-04-06 04:12:41,715] {spark_submit.py:488} INFO - "nullable" : true,
[2022-04-06 04:12:41,715] {spark_submit.py:488} INFO - "metadata" : { }
[2022-04-06 04:12:41,715] {spark_submit.py:488} INFO - }, {
[2022-04-06 04:12:41,715] {spark_submit.py:488} INFO - "name" : "views",
[2022-04-06 04:12:41,715] {spark_submit.py:488} INFO - "type" : "integer",
[2022-04-06 04:12:41,715] {spark_submit.py:488} INFO - "nullable" : true,
[2022-04-06 04:12:41,715] {spark_submit.py:488} INFO - "metadata" : { }
[2022-04-06 04:12:41,715] {spark_submit.py:488} INFO - }, {
[2022-04-06 04:12:41,715] {spark_submit.py:488} INFO - "name" : "profile_image_url",
[2022-04-06 04:12:41,715] {spark_submit.py:488} INFO - "type" : "string",
[2022-04-06 04:12:41,715] {spark_submit.py:488} INFO - "nullable" : true,
[2022-04-06 04:12:41,715] {spark_submit.py:488} INFO - "metadata" : { }
[2022-04-06 04:12:41,716] {spark_submit.py:488} INFO - }, {
[2022-04-06 04:12:41,716] {spark_submit.py:488} INFO - "name" : "website_url",
[2022-04-06 04:12:41,716] {spark_submit.py:488} INFO - "type" : "string",
[2022-04-06 04:12:41,716] {spark_submit.py:488} INFO - "nullable" : true,
[2022-04-06 04:12:41,716] {spark_submit.py:488} INFO - "metadata" : { }
[2022-04-06 04:12:41,716] {spark_submit.py:488} INFO - }, {
[2022-04-06 04:12:41,716] {spark_submit.py:488} INFO - "name" : "group_by_date",
[2022-04-06 04:12:41,716] {spark_submit.py:488} INFO - "type" : "timestamp",
[2022-04-06 04:12:41,716] {spark_submit.py:488} INFO - "nullable" : true,
[2022-04-06 04:12:41,716] {spark_submit.py:488} INFO - "metadata" : { }
[2022-04-06 04:12:41,716] {spark_submit.py:488} INFO - } ]
[2022-04-06 04:12:41,716] {spark_submit.py:488} INFO - }
[2022-04-06 04:12:41,716] {spark_submit.py:488} INFO - and corresponding Parquet message type:
[2022-04-06 04:12:41,717] {spark_submit.py:488} INFO - message spark_schema {
[2022-04-06 04:12:41,717] {spark_submit.py:488} INFO - optional int32 id;
[2022-04-06 04:12:41,717] {spark_submit.py:488} INFO - optional binary display_name (STRING);
[2022-04-06 04:12:41,717] {spark_submit.py:488} INFO - optional binary about_me (STRING);
[2022-04-06 04:12:41,717] {spark_submit.py:488} INFO - optional int32 age;
[2022-04-06 04:12:41,717] {spark_submit.py:488} INFO - optional int96 creation_date;
[2022-04-06 04:12:41,717] {spark_submit.py:488} INFO - optional int96 last_access_date;
[2022-04-06 04:12:41,717] {spark_submit.py:488} INFO - optional binary location (STRING);
[2022-04-06 04:12:41,717] {spark_submit.py:488} INFO - optional int32 reputation;
[2022-04-06 04:12:41,717] {spark_submit.py:488} INFO - optional int32 up_votes;
[2022-04-06 04:12:41,717] {spark_submit.py:488} INFO - optional int32 down_votes;
[2022-04-06 04:12:41,717] {spark_submit.py:488} INFO - optional int32 views;
[2022-04-06 04:12:41,717] {spark_submit.py:488} INFO - optional binary profile_image_url (STRING);
[2022-04-06 04:12:41,717] {spark_submit.py:488} INFO - optional binary website_url (STRING);
[2022-04-06 04:12:41,718] {spark_submit.py:488} INFO - optional int96 group_by_date;
[2022-04-06 04:12:41,718] {spark_submit.py:488} INFO - }
[2022-04-06 04:12:41,718] {spark_submit.py:488} INFO - 
[2022-04-06 04:12:41,718] {spark_submit.py:488} INFO - 
[2022-04-06 04:12:41,718] {spark_submit.py:488} INFO - 22/04/06 04:12:41 INFO ParquetWriteSupport: Initialized Parquet WriteSupport with Catalyst schema:
[2022-04-06 04:12:41,718] {spark_submit.py:488} INFO - {
[2022-04-06 04:12:41,718] {spark_submit.py:488} INFO - "type" : "struct",
[2022-04-06 04:12:41,718] {spark_submit.py:488} INFO - "fields" : [ {
[2022-04-06 04:12:41,718] {spark_submit.py:488} INFO - "name" : "id",
[2022-04-06 04:12:41,718] {spark_submit.py:488} INFO - "type" : "integer",
[2022-04-06 04:12:41,718] {spark_submit.py:488} INFO - "nullable" : true,
[2022-04-06 04:12:41,718] {spark_submit.py:488} INFO - "metadata" : { }
[2022-04-06 04:12:41,718] {spark_submit.py:488} INFO - }, {
[2022-04-06 04:12:41,719] {spark_submit.py:488} INFO - "name" : "display_name",
[2022-04-06 04:12:41,719] {spark_submit.py:488} INFO - "type" : "string",
[2022-04-06 04:12:41,719] {spark_submit.py:488} INFO - "nullable" : true,
[2022-04-06 04:12:41,719] {spark_submit.py:488} INFO - "metadata" : { }
[2022-04-06 04:12:41,719] {spark_submit.py:488} INFO - }, {
[2022-04-06 04:12:41,719] {spark_submit.py:488} INFO - "name" : "about_me",
[2022-04-06 04:12:41,719] {spark_submit.py:488} INFO - "type" : "string",
[2022-04-06 04:12:41,719] {spark_submit.py:488} INFO - "nullable" : true,
[2022-04-06 04:12:41,719] {spark_submit.py:488} INFO - "metadata" : { }
[2022-04-06 04:12:41,719] {spark_submit.py:488} INFO - }, {
[2022-04-06 04:12:41,719] {spark_submit.py:488} INFO - "name" : "age",
[2022-04-06 04:12:41,719] {spark_submit.py:488} INFO - "type" : "integer",
[2022-04-06 04:12:41,719] {spark_submit.py:488} INFO - "nullable" : true,
[2022-04-06 04:12:41,732] {spark_submit.py:488} INFO - "metadata" : { }
[2022-04-06 04:12:41,732] {spark_submit.py:488} INFO - }, {
[2022-04-06 04:12:41,732] {spark_submit.py:488} INFO - "name" : "creation_date",
[2022-04-06 04:12:41,732] {spark_submit.py:488} INFO - "type" : "timestamp",
[2022-04-06 04:12:41,732] {spark_submit.py:488} INFO - "nullable" : true,
[2022-04-06 04:12:41,732] {spark_submit.py:488} INFO - "metadata" : { }
[2022-04-06 04:12:41,732] {spark_submit.py:488} INFO - }, {
[2022-04-06 04:12:41,732] {spark_submit.py:488} INFO - "name" : "last_access_date",
[2022-04-06 04:12:41,732] {spark_submit.py:488} INFO - "type" : "timestamp",
[2022-04-06 04:12:41,732] {spark_submit.py:488} INFO - "nullable" : true,
[2022-04-06 04:12:41,733] {spark_submit.py:488} INFO - "metadata" : { }
[2022-04-06 04:12:41,733] {spark_submit.py:488} INFO - }, {
[2022-04-06 04:12:41,733] {spark_submit.py:488} INFO - "name" : "location",
[2022-04-06 04:12:41,733] {spark_submit.py:488} INFO - "type" : "string",
[2022-04-06 04:12:41,733] {spark_submit.py:488} INFO - "nullable" : true,
[2022-04-06 04:12:41,733] {spark_submit.py:488} INFO - "metadata" : { }
[2022-04-06 04:12:41,733] {spark_submit.py:488} INFO - }, {
[2022-04-06 04:12:41,733] {spark_submit.py:488} INFO - "name" : "reputation",
[2022-04-06 04:12:41,733] {spark_submit.py:488} INFO - "type" : "integer",
[2022-04-06 04:12:41,733] {spark_submit.py:488} INFO - "nullable" : true,
[2022-04-06 04:12:41,733] {spark_submit.py:488} INFO - "metadata" : { }
[2022-04-06 04:12:41,733] {spark_submit.py:488} INFO - }, {
[2022-04-06 04:12:41,733] {spark_submit.py:488} INFO - "name" : "up_votes",
[2022-04-06 04:12:41,733] {spark_submit.py:488} INFO - "type" : "integer",
[2022-04-06 04:12:41,733] {spark_submit.py:488} INFO - "nullable" : true,
[2022-04-06 04:12:41,734] {spark_submit.py:488} INFO - "metadata" : { }
[2022-04-06 04:12:41,734] {spark_submit.py:488} INFO - }, {
[2022-04-06 04:12:41,734] {spark_submit.py:488} INFO - "name" : "down_votes",
[2022-04-06 04:12:41,734] {spark_submit.py:488} INFO - "type" : "integer",
[2022-04-06 04:12:41,734] {spark_submit.py:488} INFO - "nullable" : true,
[2022-04-06 04:12:41,734] {spark_submit.py:488} INFO - "metadata" : { }
[2022-04-06 04:12:41,734] {spark_submit.py:488} INFO - }, {
[2022-04-06 04:12:41,734] {spark_submit.py:488} INFO - "name" : "views",
[2022-04-06 04:12:41,734] {spark_submit.py:488} INFO - "type" : "integer",
[2022-04-06 04:12:41,734] {spark_submit.py:488} INFO - "nullable" : true,
[2022-04-06 04:12:41,734] {spark_submit.py:488} INFO - "metadata" : { }
[2022-04-06 04:12:41,734] {spark_submit.py:488} INFO - }, {
[2022-04-06 04:12:41,734] {spark_submit.py:488} INFO - "name" : "profile_image_url",
[2022-04-06 04:12:41,734] {spark_submit.py:488} INFO - "type" : "string",
[2022-04-06 04:12:41,734] {spark_submit.py:488} INFO - "nullable" : true,
[2022-04-06 04:12:41,735] {spark_submit.py:488} INFO - "metadata" : { }
[2022-04-06 04:12:41,735] {spark_submit.py:488} INFO - }, {
[2022-04-06 04:12:41,735] {spark_submit.py:488} INFO - "name" : "website_url",
[2022-04-06 04:12:41,735] {spark_submit.py:488} INFO - "type" : "string",
[2022-04-06 04:12:41,735] {spark_submit.py:488} INFO - "nullable" : true,
[2022-04-06 04:12:41,735] {spark_submit.py:488} INFO - "metadata" : { }
[2022-04-06 04:12:41,735] {spark_submit.py:488} INFO - }, {
[2022-04-06 04:12:41,735] {spark_submit.py:488} INFO - "name" : "group_by_date",
[2022-04-06 04:12:41,735] {spark_submit.py:488} INFO - "type" : "timestamp",
[2022-04-06 04:12:41,735] {spark_submit.py:488} INFO - "nullable" : true,
[2022-04-06 04:12:41,735] {spark_submit.py:488} INFO - "metadata" : { }
[2022-04-06 04:12:41,735] {spark_submit.py:488} INFO - } ]
[2022-04-06 04:12:41,735] {spark_submit.py:488} INFO - }
[2022-04-06 04:12:41,735] {spark_submit.py:488} INFO - and corresponding Parquet message type:
[2022-04-06 04:12:41,779] {spark_submit.py:488} INFO - message spark_schema {
[2022-04-06 04:12:41,779] {spark_submit.py:488} INFO - optional int32 id;
[2022-04-06 04:12:41,780] {spark_submit.py:488} INFO - optional binary display_name (STRING);
[2022-04-06 04:12:41,780] {spark_submit.py:488} INFO - optional binary about_me (STRING);
[2022-04-06 04:12:41,780] {spark_submit.py:488} INFO - optional int32 age;
[2022-04-06 04:12:41,780] {spark_submit.py:488} INFO - optional int96 creation_date;
[2022-04-06 04:12:41,780] {spark_submit.py:488} INFO - optional int96 last_access_date;
[2022-04-06 04:12:41,780] {spark_submit.py:488} INFO - optional binary location (STRING);
[2022-04-06 04:12:41,780] {spark_submit.py:488} INFO - optional int32 reputation;
[2022-04-06 04:12:41,781] {spark_submit.py:488} INFO - optional int32 up_votes;
[2022-04-06 04:12:41,781] {spark_submit.py:488} INFO - optional int32 down_votes;
[2022-04-06 04:12:41,781] {spark_submit.py:488} INFO - optional int32 views;
[2022-04-06 04:12:41,781] {spark_submit.py:488} INFO - optional binary profile_image_url (STRING);
[2022-04-06 04:12:41,781] {spark_submit.py:488} INFO - optional binary website_url (STRING);
[2022-04-06 04:12:41,812] {spark_submit.py:488} INFO - optional int96 group_by_date;
[2022-04-06 04:12:41,812] {spark_submit.py:488} INFO - }
[2022-04-06 04:12:41,812] {spark_submit.py:488} INFO - 
[2022-04-06 04:12:41,812] {spark_submit.py:488} INFO - 
[2022-04-06 04:12:41,812] {spark_submit.py:488} INFO - 22/04/06 04:12:41 INFO ParquetWriteSupport: Initialized Parquet WriteSupport with Catalyst schema:
[2022-04-06 04:12:41,812] {spark_submit.py:488} INFO - {
[2022-04-06 04:12:41,812] {spark_submit.py:488} INFO - "type" : "struct",
[2022-04-06 04:12:41,813] {spark_submit.py:488} INFO - "fields" : [ {
[2022-04-06 04:12:41,813] {spark_submit.py:488} INFO - "name" : "id",
[2022-04-06 04:12:41,813] {spark_submit.py:488} INFO - "type" : "integer",
[2022-04-06 04:12:41,813] {spark_submit.py:488} INFO - "nullable" : true,
[2022-04-06 04:12:41,813] {spark_submit.py:488} INFO - "metadata" : { }
[2022-04-06 04:12:41,813] {spark_submit.py:488} INFO - }, {
[2022-04-06 04:12:41,813] {spark_submit.py:488} INFO - "name" : "display_name",
[2022-04-06 04:12:41,813] {spark_submit.py:488} INFO - "type" : "string",
[2022-04-06 04:12:41,813] {spark_submit.py:488} INFO - "nullable" : true,
[2022-04-06 04:12:41,813] {spark_submit.py:488} INFO - "metadata" : { }
[2022-04-06 04:12:41,813] {spark_submit.py:488} INFO - }, {
[2022-04-06 04:12:41,813] {spark_submit.py:488} INFO - "name" : "about_me",
[2022-04-06 04:12:41,813] {spark_submit.py:488} INFO - "type" : "string",
[2022-04-06 04:12:41,813] {spark_submit.py:488} INFO - "nullable" : true,
[2022-04-06 04:12:41,813] {spark_submit.py:488} INFO - "metadata" : { }
[2022-04-06 04:12:41,813] {spark_submit.py:488} INFO - }, {
[2022-04-06 04:12:41,814] {spark_submit.py:488} INFO - "name" : "age",
[2022-04-06 04:12:41,814] {spark_submit.py:488} INFO - "type" : "integer",
[2022-04-06 04:12:41,814] {spark_submit.py:488} INFO - "nullable" : true,
[2022-04-06 04:12:41,814] {spark_submit.py:488} INFO - "metadata" : { }
[2022-04-06 04:12:41,814] {spark_submit.py:488} INFO - }, {
[2022-04-06 04:12:41,814] {spark_submit.py:488} INFO - "name" : "creation_date",
[2022-04-06 04:12:41,814] {spark_submit.py:488} INFO - "type" : "timestamp",
[2022-04-06 04:12:41,814] {spark_submit.py:488} INFO - "nullable" : true,
[2022-04-06 04:12:41,815] {spark_submit.py:488} INFO - "metadata" : { }
[2022-04-06 04:12:41,815] {spark_submit.py:488} INFO - }, {
[2022-04-06 04:12:41,815] {spark_submit.py:488} INFO - "name" : "last_access_date",
[2022-04-06 04:12:41,815] {spark_submit.py:488} INFO - "type" : "timestamp",
[2022-04-06 04:12:41,815] {spark_submit.py:488} INFO - "nullable" : true,
[2022-04-06 04:12:41,815] {spark_submit.py:488} INFO - "metadata" : { }
[2022-04-06 04:12:41,815] {spark_submit.py:488} INFO - }, {
[2022-04-06 04:12:41,815] {spark_submit.py:488} INFO - "name" : "location",
[2022-04-06 04:12:41,815] {spark_submit.py:488} INFO - "type" : "string",
[2022-04-06 04:12:41,815] {spark_submit.py:488} INFO - "nullable" : true,
[2022-04-06 04:12:41,815] {spark_submit.py:488} INFO - "metadata" : { }
[2022-04-06 04:12:41,815] {spark_submit.py:488} INFO - }, {
[2022-04-06 04:12:41,876] {spark_submit.py:488} INFO - "name" : "reputation",
[2022-04-06 04:12:41,876] {spark_submit.py:488} INFO - "type" : "integer",
[2022-04-06 04:12:41,876] {spark_submit.py:488} INFO - "nullable" : true,
[2022-04-06 04:12:41,876] {spark_submit.py:488} INFO - "metadata" : { }
[2022-04-06 04:12:41,876] {spark_submit.py:488} INFO - }, {
[2022-04-06 04:12:41,876] {spark_submit.py:488} INFO - "name" : "up_votes",
[2022-04-06 04:12:41,876] {spark_submit.py:488} INFO - "type" : "integer",
[2022-04-06 04:12:41,876] {spark_submit.py:488} INFO - "nullable" : true,
[2022-04-06 04:12:41,876] {spark_submit.py:488} INFO - "metadata" : { }
[2022-04-06 04:12:41,877] {spark_submit.py:488} INFO - }, {
[2022-04-06 04:12:41,877] {spark_submit.py:488} INFO - "name" : "down_votes",
[2022-04-06 04:12:41,877] {spark_submit.py:488} INFO - "type" : "integer",
[2022-04-06 04:12:41,877] {spark_submit.py:488} INFO - "nullable" : true,
[2022-04-06 04:12:41,877] {spark_submit.py:488} INFO - "metadata" : { }
[2022-04-06 04:12:41,877] {spark_submit.py:488} INFO - }, {
[2022-04-06 04:12:41,877] {spark_submit.py:488} INFO - "name" : "views",
[2022-04-06 04:12:41,877] {spark_submit.py:488} INFO - "type" : "integer",
[2022-04-06 04:12:41,877] {spark_submit.py:488} INFO - "nullable" : true,
[2022-04-06 04:12:41,877] {spark_submit.py:488} INFO - "metadata" : { }
[2022-04-06 04:12:41,877] {spark_submit.py:488} INFO - }, {
[2022-04-06 04:12:41,877] {spark_submit.py:488} INFO - "name" : "profile_image_url",
[2022-04-06 04:12:41,877] {spark_submit.py:488} INFO - "type" : "string",
[2022-04-06 04:12:41,877] {spark_submit.py:488} INFO - "nullable" : true,
[2022-04-06 04:12:41,878] {spark_submit.py:488} INFO - "metadata" : { }
[2022-04-06 04:12:41,878] {spark_submit.py:488} INFO - }, {
[2022-04-06 04:12:41,878] {spark_submit.py:488} INFO - "name" : "website_url",
[2022-04-06 04:12:41,878] {spark_submit.py:488} INFO - "type" : "string",
[2022-04-06 04:12:41,878] {spark_submit.py:488} INFO - "nullable" : true,
[2022-04-06 04:12:41,878] {spark_submit.py:488} INFO - "metadata" : { }
[2022-04-06 04:12:41,878] {spark_submit.py:488} INFO - }, {
[2022-04-06 04:12:41,878] {spark_submit.py:488} INFO - "name" : "group_by_date",
[2022-04-06 04:12:41,878] {spark_submit.py:488} INFO - "type" : "timestamp",
[2022-04-06 04:12:41,878] {spark_submit.py:488} INFO - "nullable" : true,
[2022-04-06 04:12:41,878] {spark_submit.py:488} INFO - "metadata" : { }
[2022-04-06 04:12:41,878] {spark_submit.py:488} INFO - } ]
[2022-04-06 04:12:41,878] {spark_submit.py:488} INFO - }
[2022-04-06 04:12:41,878] {spark_submit.py:488} INFO - and corresponding Parquet message type:
[2022-04-06 04:12:41,879] {spark_submit.py:488} INFO - message spark_schema {
[2022-04-06 04:12:41,879] {spark_submit.py:488} INFO - optional int32 id;
[2022-04-06 04:12:41,879] {spark_submit.py:488} INFO - optional binary display_name (STRING);
[2022-04-06 04:12:41,879] {spark_submit.py:488} INFO - optional binary about_me (STRING);
[2022-04-06 04:12:41,879] {spark_submit.py:488} INFO - optional int32 age;
[2022-04-06 04:12:41,879] {spark_submit.py:488} INFO - optional int96 creation_date;
[2022-04-06 04:12:41,879] {spark_submit.py:488} INFO - optional int96 last_access_date;
[2022-04-06 04:12:41,879] {spark_submit.py:488} INFO - optional binary location (STRING);
[2022-04-06 04:12:41,879] {spark_submit.py:488} INFO - optional int32 reputation;
[2022-04-06 04:12:41,879] {spark_submit.py:488} INFO - optional int32 up_votes;
[2022-04-06 04:12:41,879] {spark_submit.py:488} INFO - optional int32 down_votes;
[2022-04-06 04:12:41,879] {spark_submit.py:488} INFO - optional int32 views;
[2022-04-06 04:12:41,879] {spark_submit.py:488} INFO - optional binary profile_image_url (STRING);
[2022-04-06 04:12:41,946] {spark_submit.py:488} INFO - optional binary website_url (STRING);
[2022-04-06 04:12:41,956] {spark_submit.py:488} INFO - optional int96 group_by_date;
[2022-04-06 04:12:41,956] {spark_submit.py:488} INFO - }
[2022-04-06 04:12:41,956] {spark_submit.py:488} INFO - 
[2022-04-06 04:12:41,956] {spark_submit.py:488} INFO - 
[2022-04-06 04:12:41,956] {spark_submit.py:488} INFO - 22/04/06 04:12:41 INFO ParquetWriteSupport: Initialized Parquet WriteSupport with Catalyst schema:
[2022-04-06 04:12:41,956] {spark_submit.py:488} INFO - {
[2022-04-06 04:12:41,956] {spark_submit.py:488} INFO - "type" : "struct",
[2022-04-06 04:12:41,956] {spark_submit.py:488} INFO - "fields" : [ {
[2022-04-06 04:12:41,957] {spark_submit.py:488} INFO - "name" : "id",
[2022-04-06 04:12:41,957] {spark_submit.py:488} INFO - "type" : "integer",
[2022-04-06 04:12:41,957] {spark_submit.py:488} INFO - "nullable" : true,
[2022-04-06 04:12:41,957] {spark_submit.py:488} INFO - "metadata" : { }
[2022-04-06 04:12:41,957] {spark_submit.py:488} INFO - }, {
[2022-04-06 04:12:41,957] {spark_submit.py:488} INFO - "name" : "display_name",
[2022-04-06 04:12:41,957] {spark_submit.py:488} INFO - "type" : "string",
[2022-04-06 04:12:41,957] {spark_submit.py:488} INFO - "nullable" : true,
[2022-04-06 04:12:41,957] {spark_submit.py:488} INFO - "metadata" : { }
[2022-04-06 04:12:41,957] {spark_submit.py:488} INFO - }, {
[2022-04-06 04:12:41,958] {spark_submit.py:488} INFO - "name" : "about_me",
[2022-04-06 04:12:41,958] {spark_submit.py:488} INFO - "type" : "string",
[2022-04-06 04:12:41,958] {spark_submit.py:488} INFO - "nullable" : true,
[2022-04-06 04:12:41,958] {spark_submit.py:488} INFO - "metadata" : { }
[2022-04-06 04:12:41,958] {spark_submit.py:488} INFO - }, {
[2022-04-06 04:12:41,958] {spark_submit.py:488} INFO - "name" : "age",
[2022-04-06 04:12:41,958] {spark_submit.py:488} INFO - "type" : "integer",
[2022-04-06 04:12:41,958] {spark_submit.py:488} INFO - "nullable" : true,
[2022-04-06 04:12:41,958] {spark_submit.py:488} INFO - "metadata" : { }
[2022-04-06 04:12:41,958] {spark_submit.py:488} INFO - }, {
[2022-04-06 04:12:41,958] {spark_submit.py:488} INFO - "name" : "creation_date",
[2022-04-06 04:12:41,958] {spark_submit.py:488} INFO - "type" : "timestamp",
[2022-04-06 04:12:41,958] {spark_submit.py:488} INFO - "nullable" : true,
[2022-04-06 04:12:41,959] {spark_submit.py:488} INFO - "metadata" : { }
[2022-04-06 04:12:41,959] {spark_submit.py:488} INFO - }, {
[2022-04-06 04:12:41,959] {spark_submit.py:488} INFO - "name" : "last_access_date",
[2022-04-06 04:12:42,018] {spark_submit.py:488} INFO - "type" : "timestamp",
[2022-04-06 04:12:42,046] {spark_submit.py:488} INFO - "nullable" : true,
[2022-04-06 04:12:42,060] {spark_submit.py:488} INFO - "metadata" : { }
[2022-04-06 04:12:42,060] {spark_submit.py:488} INFO - }, {
[2022-04-06 04:12:42,060] {spark_submit.py:488} INFO - "name" : "location",
[2022-04-06 04:12:42,060] {spark_submit.py:488} INFO - "type" : "string",
[2022-04-06 04:12:42,060] {spark_submit.py:488} INFO - "nullable" : true,
[2022-04-06 04:12:42,060] {spark_submit.py:488} INFO - "metadata" : { }
[2022-04-06 04:12:42,060] {spark_submit.py:488} INFO - }, {
[2022-04-06 04:12:42,060] {spark_submit.py:488} INFO - "name" : "reputation",
[2022-04-06 04:12:42,061] {spark_submit.py:488} INFO - "type" : "integer",
[2022-04-06 04:12:42,061] {spark_submit.py:488} INFO - "nullable" : true,
[2022-04-06 04:12:42,061] {spark_submit.py:488} INFO - "metadata" : { }
[2022-04-06 04:12:42,061] {spark_submit.py:488} INFO - }, {
[2022-04-06 04:12:42,061] {spark_submit.py:488} INFO - "name" : "up_votes",
[2022-04-06 04:12:42,061] {spark_submit.py:488} INFO - "type" : "integer",
[2022-04-06 04:12:42,061] {spark_submit.py:488} INFO - "nullable" : true,
[2022-04-06 04:12:42,061] {spark_submit.py:488} INFO - "metadata" : { }
[2022-04-06 04:12:42,061] {spark_submit.py:488} INFO - }, {
[2022-04-06 04:12:42,061] {spark_submit.py:488} INFO - "name" : "down_votes",
[2022-04-06 04:12:42,062] {spark_submit.py:488} INFO - "type" : "integer",
[2022-04-06 04:12:42,062] {spark_submit.py:488} INFO - "nullable" : true,
[2022-04-06 04:12:42,062] {spark_submit.py:488} INFO - "metadata" : { }
[2022-04-06 04:12:42,062] {spark_submit.py:488} INFO - }, {
[2022-04-06 04:12:42,062] {spark_submit.py:488} INFO - "name" : "views",
[2022-04-06 04:12:42,062] {spark_submit.py:488} INFO - "type" : "integer",
[2022-04-06 04:12:42,062] {spark_submit.py:488} INFO - "nullable" : true,
[2022-04-06 04:12:42,062] {spark_submit.py:488} INFO - "metadata" : { }
[2022-04-06 04:12:42,062] {spark_submit.py:488} INFO - }, {
[2022-04-06 04:12:42,062] {spark_submit.py:488} INFO - "name" : "profile_image_url",
[2022-04-06 04:12:42,062] {spark_submit.py:488} INFO - "type" : "string",
[2022-04-06 04:12:42,063] {spark_submit.py:488} INFO - "nullable" : true,
[2022-04-06 04:12:42,063] {spark_submit.py:488} INFO - "metadata" : { }
[2022-04-06 04:12:42,063] {spark_submit.py:488} INFO - }, {
[2022-04-06 04:12:42,063] {spark_submit.py:488} INFO - "name" : "website_url",
[2022-04-06 04:12:42,063] {spark_submit.py:488} INFO - "type" : "string",
[2022-04-06 04:12:42,063] {spark_submit.py:488} INFO - "nullable" : true,
[2022-04-06 04:12:42,063] {spark_submit.py:488} INFO - "metadata" : { }
[2022-04-06 04:12:42,063] {spark_submit.py:488} INFO - }, {
[2022-04-06 04:12:42,063] {spark_submit.py:488} INFO - "name" : "group_by_date",
[2022-04-06 04:12:42,063] {spark_submit.py:488} INFO - "type" : "timestamp",
[2022-04-06 04:12:42,063] {spark_submit.py:488} INFO - "nullable" : true,
[2022-04-06 04:12:42,063] {spark_submit.py:488} INFO - "metadata" : { }
[2022-04-06 04:12:42,063] {spark_submit.py:488} INFO - } ]
[2022-04-06 04:12:42,063] {spark_submit.py:488} INFO - }
[2022-04-06 04:12:42,063] {spark_submit.py:488} INFO - and corresponding Parquet message type:
[2022-04-06 04:12:42,131] {spark_submit.py:488} INFO - message spark_schema {
[2022-04-06 04:12:42,132] {spark_submit.py:488} INFO - optional int32 id;
[2022-04-06 04:12:42,132] {spark_submit.py:488} INFO - optional binary display_name (STRING);
[2022-04-06 04:12:42,132] {spark_submit.py:488} INFO - optional binary about_me (STRING);
[2022-04-06 04:12:42,132] {spark_submit.py:488} INFO - optional int32 age;
[2022-04-06 04:12:42,132] {spark_submit.py:488} INFO - optional int96 creation_date;
[2022-04-06 04:12:42,132] {spark_submit.py:488} INFO - optional int96 last_access_date;
[2022-04-06 04:12:42,132] {spark_submit.py:488} INFO - optional binary location (STRING);
[2022-04-06 04:12:42,132] {spark_submit.py:488} INFO - optional int32 reputation;
[2022-04-06 04:12:42,132] {spark_submit.py:488} INFO - optional int32 up_votes;
[2022-04-06 04:12:42,132] {spark_submit.py:488} INFO - optional int32 down_votes;
[2022-04-06 04:12:42,132] {spark_submit.py:488} INFO - optional int32 views;
[2022-04-06 04:12:42,132] {spark_submit.py:488} INFO - optional binary profile_image_url (STRING);
[2022-04-06 04:12:42,133] {spark_submit.py:488} INFO - optional binary website_url (STRING);
[2022-04-06 04:12:42,133] {spark_submit.py:488} INFO - optional int96 group_by_date;
[2022-04-06 04:12:42,133] {spark_submit.py:488} INFO - }
[2022-04-06 04:12:42,133] {spark_submit.py:488} INFO - 
[2022-04-06 04:12:42,133] {spark_submit.py:488} INFO - 
[2022-04-06 04:12:43,420] {spark_submit.py:488} INFO - 22/04/06 04:12:43 INFO CodecPool: Got brand-new compressor [.snappy]
[2022-04-06 04:12:43,526] {spark_submit.py:488} INFO - 22/04/06 04:12:43 INFO CodecPool: Got brand-new compressor [.snappy]
[2022-04-06 04:12:43,566] {spark_submit.py:488} INFO - 22/04/06 04:12:43 INFO CodecPool: Got brand-new compressor [.snappy]
[2022-04-06 04:12:43,676] {spark_submit.py:488} INFO - 22/04/06 04:12:43 INFO CodecPool: Got brand-new compressor [.snappy]
[2022-04-06 04:13:07,478] {spark_submit.py:488} INFO - 22/04/06 04:13:07 INFO GoogleCloudStorageImpl: Ignoring exception of type GoogleJsonResponseException; verified object already exists with desired state.
[2022-04-06 04:13:07,479] {spark_submit.py:488} INFO - 22/04/06 04:13:07 INFO GoogleCloudStorageFileSystem: Successfully repaired 'gs://dtc_data_lake_de-stack-overflow/BigQuery/users-2021-11/_temporary/0/_temporary/' directory.
[2022-04-06 04:13:07,479] {spark_submit.py:488} INFO - 22/04/06 04:13:07 INFO FileOutputCommitter: Saved output of task 'attempt_202204060412386737464527167837056_0003_m_000001_6' to gs://dtc_data_lake_de-stack-overflow/BigQuery/users-2021-11/_temporary/0/task_202204060412386737464527167837056_0003_m_000001
[2022-04-06 04:13:07,502] {spark_submit.py:488} INFO - 22/04/06 04:13:07 INFO GoogleCloudStorageFileSystem: Successfully repaired 'gs://dtc_data_lake_de-stack-overflow/BigQuery/users-2021-11/_temporary/0/_temporary/' directory.
[2022-04-06 04:13:07,503] {spark_submit.py:488} INFO - 22/04/06 04:13:07 INFO FileOutputCommitter: Saved output of task 'attempt_20220406041238941143667049552592_0003_m_000003_8' to gs://dtc_data_lake_de-stack-overflow/BigQuery/users-2021-11/_temporary/0/task_20220406041238941143667049552592_0003_m_000003
[2022-04-06 04:13:07,503] {spark_submit.py:488} INFO - 22/04/06 04:13:07 INFO SparkHadoopMapRedUtil: attempt_20220406041238941143667049552592_0003_m_000003_8: Committed
[2022-04-06 04:13:07,520] {spark_submit.py:488} INFO - 22/04/06 04:13:07 INFO GoogleCloudStorageImpl: Ignoring exception of type GoogleJsonResponseException; verified object already exists with desired state.
[2022-04-06 04:13:07,521] {spark_submit.py:488} INFO - 22/04/06 04:13:07 INFO GoogleCloudStorageFileSystem: Successfully repaired 'gs://dtc_data_lake_de-stack-overflow/BigQuery/users-2021-11/_temporary/0/_temporary/' directory.
[2022-04-06 04:13:07,522] {spark_submit.py:488} INFO - 22/04/06 04:13:07 INFO FileOutputCommitter: Saved output of task 'attempt_202204060412385870930363713044645_0003_m_000000_5' to gs://dtc_data_lake_de-stack-overflow/BigQuery/users-2021-11/_temporary/0/task_202204060412385870930363713044645_0003_m_000000
[2022-04-06 04:13:07,523] {spark_submit.py:488} INFO - 22/04/06 04:13:07 INFO SparkHadoopMapRedUtil: attempt_202204060412386737464527167837056_0003_m_000001_6: Committed
[2022-04-06 04:13:07,528] {spark_submit.py:488} INFO - 22/04/06 04:13:07 INFO SparkHadoopMapRedUtil: attempt_202204060412385870930363713044645_0003_m_000000_5: Committed
[2022-04-06 04:13:07,547] {spark_submit.py:488} INFO - 22/04/06 04:13:07 INFO FileOutputCommitter: Saved output of task 'attempt_202204060412382893260516455358959_0003_m_000002_7' to gs://dtc_data_lake_de-stack-overflow/BigQuery/users-2021-11/_temporary/0/task_202204060412382893260516455358959_0003_m_000002
[2022-04-06 04:13:07,547] {spark_submit.py:488} INFO - 22/04/06 04:13:07 INFO SparkHadoopMapRedUtil: attempt_202204060412382893260516455358959_0003_m_000002_7: Committed
[2022-04-06 04:13:07,609] {spark_submit.py:488} INFO - 22/04/06 04:13:07 INFO Executor: Finished task 2.0 in stage 3.0 (TID 7). 3526 bytes result sent to driver
[2022-04-06 04:13:07,638] {spark_submit.py:488} INFO - 22/04/06 04:13:07 INFO Executor: Finished task 1.0 in stage 3.0 (TID 6). 3526 bytes result sent to driver
[2022-04-06 04:13:07,643] {spark_submit.py:488} INFO - 22/04/06 04:13:07 INFO Executor: Finished task 0.0 in stage 3.0 (TID 5). 3526 bytes result sent to driver
[2022-04-06 04:13:07,645] {spark_submit.py:488} INFO - 22/04/06 04:13:07 INFO TaskSetManager: Finished task 0.0 in stage 3.0 (TID 5) in 27581 ms on 9fe4286b2855 (executor driver) (1/4)
[2022-04-06 04:13:07,645] {spark_submit.py:488} INFO - 22/04/06 04:13:07 INFO TaskSetManager: Finished task 2.0 in stage 3.0 (TID 7) in 27576 ms on 9fe4286b2855 (executor driver) (2/4)
[2022-04-06 04:13:07,645] {spark_submit.py:488} INFO - 22/04/06 04:13:07 INFO Executor: Finished task 3.0 in stage 3.0 (TID 8). 3526 bytes result sent to driver
[2022-04-06 04:13:07,647] {spark_submit.py:488} INFO - 22/04/06 04:13:07 INFO TaskSetManager: Finished task 3.0 in stage 3.0 (TID 8) in 27577 ms on 9fe4286b2855 (executor driver) (3/4)
[2022-04-06 04:13:07,649] {spark_submit.py:488} INFO - 22/04/06 04:13:07 INFO TaskSetManager: Finished task 1.0 in stage 3.0 (TID 6) in 27581 ms on 9fe4286b2855 (executor driver) (4/4)
[2022-04-06 04:13:07,649] {spark_submit.py:488} INFO - 22/04/06 04:13:07 INFO TaskSchedulerImpl: Removed TaskSet 3.0, whose tasks have all completed, from pool
[2022-04-06 04:13:07,654] {spark_submit.py:488} INFO - 22/04/06 04:13:07 INFO DAGScheduler: ResultStage 3 (save at NativeMethodAccessorImpl.java:0) finished in 28.297 s
[2022-04-06 04:13:07,655] {spark_submit.py:488} INFO - 22/04/06 04:13:07 INFO DAGScheduler: Job 2 is finished. Cancelling potential speculative or zombie tasks for this job
[2022-04-06 04:13:07,655] {spark_submit.py:488} INFO - 22/04/06 04:13:07 INFO TaskSchedulerImpl: Killing all running tasks in stage 3: Stage finished
[2022-04-06 04:13:07,655] {spark_submit.py:488} INFO - 22/04/06 04:13:07 INFO DAGScheduler: Job 2 finished: save at NativeMethodAccessorImpl.java:0, took 28.386113 s
[2022-04-06 04:13:07,660] {spark_submit.py:488} INFO - 22/04/06 04:13:07 INFO FileFormatWriter: Start to commit write Job f238130c-d0e8-4805-86a0-7990519b66f2.
[2022-04-06 04:13:08,196] {spark_submit.py:488} INFO - 22/04/06 04:13:08 INFO GoogleCloudStorageFileSystem: Successfully repaired 'gs://dtc_data_lake_de-stack-overflow/BigQuery/users-2021-11/_temporary/0/task_20220406041238941143667049552592_0003_m_000003/' directory.
[2022-04-06 04:13:08,695] {spark_submit.py:488} INFO - 22/04/06 04:13:08 INFO GoogleCloudStorageFileSystem: Successfully repaired 'gs://dtc_data_lake_de-stack-overflow/BigQuery/users-2021-11/_temporary/0/task_202204060412382893260516455358959_0003_m_000002/' directory.
[2022-04-06 04:13:09,153] {spark_submit.py:488} INFO - 22/04/06 04:13:09 INFO GoogleCloudStorageFileSystem: Successfully repaired 'gs://dtc_data_lake_de-stack-overflow/BigQuery/users-2021-11/_temporary/0/task_202204060412385870930363713044645_0003_m_000000/' directory.
[2022-04-06 04:13:09,576] {spark_submit.py:488} INFO - 22/04/06 04:13:09 INFO GoogleCloudStorageFileSystem: Successfully repaired 'gs://dtc_data_lake_de-stack-overflow/BigQuery/users-2021-11/_temporary/0/task_202204060412386737464527167837056_0003_m_000001/' directory.
[2022-04-06 04:13:09,876] {spark_submit.py:488} INFO - 22/04/06 04:13:09 INFO GoogleCloudStorageFileSystem: Successfully repaired 'gs://dtc_data_lake_de-stack-overflow/BigQuery/users-2021-11/' directory.
[2022-04-06 04:13:10,658] {spark_submit.py:488} INFO - 22/04/06 04:13:10 INFO FileFormatWriter: Write Job f238130c-d0e8-4805-86a0-7990519b66f2 committed. Elapsed time: 2997 ms.
[2022-04-06 04:13:10,715] {spark_submit.py:488} INFO - 22/04/06 04:13:10 INFO FileFormatWriter: Finished processing stats for write job f238130c-d0e8-4805-86a0-7990519b66f2.
[2022-04-06 04:13:11,691] {spark_submit.py:488} INFO - 22/04/06 04:13:11 INFO SparkContext: Invoking stop() from shutdown hook
[2022-04-06 04:13:11,760] {spark_submit.py:488} INFO - 22/04/06 04:13:11 INFO SparkUI: Stopped Spark web UI at http://9fe4286b2855:4041
[2022-04-06 04:13:11,905] {spark_submit.py:488} INFO - 22/04/06 04:13:11 INFO MapOutputTrackerMasterEndpoint: MapOutputTrackerMasterEndpoint stopped!
[2022-04-06 04:13:12,278] {spark_submit.py:488} INFO - 22/04/06 04:13:12 INFO MemoryStore: MemoryStore cleared
[2022-04-06 04:13:12,280] {spark_submit.py:488} INFO - 22/04/06 04:13:12 INFO BlockManager: BlockManager stopped
[2022-04-06 04:13:12,289] {spark_submit.py:488} INFO - 22/04/06 04:13:12 INFO BlockManagerMaster: BlockManagerMaster stopped
[2022-04-06 04:13:12,306] {spark_submit.py:488} INFO - 22/04/06 04:13:12 INFO OutputCommitCoordinator$OutputCommitCoordinatorEndpoint: OutputCommitCoordinator stopped!
[2022-04-06 04:13:12,537] {spark_submit.py:488} INFO - 22/04/06 04:13:12 INFO SparkContext: Successfully stopped SparkContext
[2022-04-06 04:13:12,538] {spark_submit.py:488} INFO - 22/04/06 04:13:12 INFO ShutdownHookManager: Shutdown hook called
[2022-04-06 04:13:12,538] {spark_submit.py:488} INFO - 22/04/06 04:13:12 INFO ShutdownHookManager: Deleting directory /tmp/spark-308710ce-9973-4ee1-ac73-91d10bdb79cb
[2022-04-06 04:13:12,559] {spark_submit.py:488} INFO - 22/04/06 04:13:12 INFO ShutdownHookManager: Deleting directory /tmp/spark-a5235e62-0638-4d7d-a995-97bc35f5acf6
[2022-04-06 04:13:12,596] {spark_submit.py:488} INFO - 22/04/06 04:13:12 INFO ShutdownHookManager: Deleting directory /tmp/spark-308710ce-9973-4ee1-ac73-91d10bdb79cb/pyspark-44f9ae73-3f37-47e2-aaa4-9c03aae2f9d0
[2022-04-06 04:13:14,845] {taskinstance.py:1288} INFO - Marking task as SUCCESS. dag_id=IngestToGCP, task_id=processing_tasks_users.spark_job, execution_date=20211101T000000, start_date=20220406T040834, end_date=20220406T041314
[2022-04-06 04:13:15,124] {local_task_job.py:154} INFO - Task exited with return code 0
[2022-04-06 04:13:15,458] {local_task_job.py:264} INFO - 1 downstream tasks scheduled from follow-on schedule check
