[2022-04-07 19:27:24,324] {taskinstance.py:1043} INFO - Dependencies all met for <TaskInstance: load_to_BigQuery.create_external_posts_answers.bq_create_posts_answers_stack_overflow_data_partitioned_table_task scheduled__2018-11-01T00:00:00+00:00 [queued]>
[2022-04-07 19:27:24,368] {taskinstance.py:1043} INFO - Dependencies all met for <TaskInstance: load_to_BigQuery.create_external_posts_answers.bq_create_posts_answers_stack_overflow_data_partitioned_table_task scheduled__2018-11-01T00:00:00+00:00 [queued]>
[2022-04-07 19:27:24,369] {taskinstance.py:1249} INFO - 
--------------------------------------------------------------------------------
[2022-04-07 19:27:24,369] {taskinstance.py:1250} INFO - Starting attempt 1 of 1
[2022-04-07 19:27:24,369] {taskinstance.py:1251} INFO - 
--------------------------------------------------------------------------------
[2022-04-07 19:27:24,886] {taskinstance.py:1270} INFO - Executing <Task(BigQueryInsertJobOperator): create_external_posts_answers.bq_create_posts_answers_stack_overflow_data_partitioned_table_task> on 2018-11-01 00:00:00+00:00
[2022-04-07 19:27:24,934] {standard_task_runner.py:52} INFO - Started process 5039 to run task
[2022-04-07 19:27:24,954] {standard_task_runner.py:79} INFO - Running: ['***', 'tasks', 'run', 'load_to_BigQuery', 'create_external_posts_answers.bq_create_posts_answers_stack_overflow_data_partitioned_table_task', 'scheduled__2018-11-01T00:00:00+00:00', '--job-id', '13071', '--raw', '--subdir', 'DAGS_FOLDER/load_to_BigQuery_dag.py', '--cfg-path', '/tmp/tmpj9sdyapx', '--error-file', '/tmp/tmp4glrc7vy']
[2022-04-07 19:27:24,980] {standard_task_runner.py:80} INFO - Job 13071: Subtask create_external_posts_answers.bq_create_posts_answers_stack_overflow_data_partitioned_table_task
[2022-04-07 19:27:25,311] {logging_mixin.py:109} INFO - Running <TaskInstance: load_to_BigQuery.create_external_posts_answers.bq_create_posts_answers_stack_overflow_data_partitioned_table_task scheduled__2018-11-01T00:00:00+00:00 [running]> on host 2c54f2187010
[2022-04-07 19:27:25,714] {taskinstance.py:1448} INFO - Exporting the following env vars:
AIRFLOW_CTX_DAG_OWNER=***
AIRFLOW_CTX_DAG_ID=load_to_BigQuery
AIRFLOW_CTX_TASK_ID=create_external_posts_answers.bq_create_posts_answers_stack_overflow_data_partitioned_table_task
AIRFLOW_CTX_EXECUTION_DATE=2018-11-01T00:00:00+00:00
AIRFLOW_CTX_DAG_RUN_ID=scheduled__2018-11-01T00:00:00+00:00
[2022-04-07 19:27:25,716] {crypto.py:82} WARNING - empty cryptography key - values will not be stored encrypted.
[2022-04-07 19:27:25,746] {logging_mixin.py:109} WARNING - /home/***/.local/lib/python3.7/site-packages/***/utils/context.py:156 AirflowContextDeprecationWarning: Accessing 'execution_date' from the template is deprecated and will be removed in a future version. Please use 'data_interval_start' or 'logical_date' instead.
[2022-04-07 19:27:25,788] {bigquery.py:1554} INFO - Inserting job ***_load_to_BigQuery_create_external_posts_answers_bq_create_posts_answers_stack_overflow_data_partitioned_table_task_2018_11_01T00_00_00_00_00_a4bfe0be78f5139bae1bd5aa43d8bf9d
[2022-04-07 19:27:26,514] {taskinstance.py:1774} ERROR - Task failed with exception
Traceback (most recent call last):
  File "/home/airflow/.local/lib/python3.7/site-packages/airflow/providers/google/cloud/operators/bigquery.py", line 2153, in execute
    job = self._submit_job(hook, job_id)
  File "/home/airflow/.local/lib/python3.7/site-packages/airflow/providers/google/cloud/operators/bigquery.py", line 2119, in _submit_job
    retry=self.result_retry,
  File "/home/airflow/.local/lib/python3.7/site-packages/airflow/providers/google/common/hooks/base_google.py", line 439, in inner_wrapper
    return func(self, *args, **kwargs)
  File "/home/airflow/.local/lib/python3.7/site-packages/airflow/providers/google/cloud/hooks/bigquery.py", line 1560, in insert_job
    job.result(timeout=timeout, retry=retry)
  File "/home/airflow/.local/lib/python3.7/site-packages/google/cloud/bigquery/job/query.py", line 1498, in result
    do_get_result()
  File "/home/airflow/.local/lib/python3.7/site-packages/google/cloud/bigquery/job/query.py", line 1488, in do_get_result
    super(QueryJob, self).result(retry=retry, timeout=timeout)
  File "/home/airflow/.local/lib/python3.7/site-packages/google/cloud/bigquery/job/base.py", line 728, in result
    return super(_AsyncJob, self).result(timeout=timeout, **kwargs)
  File "/home/airflow/.local/lib/python3.7/site-packages/google/api_core/future/polling.py", line 135, in result
    raise self._exception
google.api_core.exceptions.BadRequest: 400 Could not cast literal "creation_date" to type TIMESTAMP at [1:109]

Location: us-central1
Job ID: airflow_load_to_BigQuery_create_external_posts_answers_bq_create_posts_answers_stack_overflow_data_partitioned_table_task_2018_11_01T00_00_00_00_00_a4bfe0be78f5139bae1bd5aa43d8bf9d

[2022-04-07 19:27:26,571] {taskinstance.py:1288} INFO - Marking task as FAILED. dag_id=load_to_BigQuery, task_id=create_external_posts_answers.bq_create_posts_answers_stack_overflow_data_partitioned_table_task, execution_date=20181101T000000, start_date=20220407T192724, end_date=20220407T192726
[2022-04-07 19:27:26,717] {standard_task_runner.py:98} ERROR - Failed to execute job 13071 for task create_external_posts_answers.bq_create_posts_answers_stack_overflow_data_partitioned_table_task (400 Could not cast literal "creation_date" to type TIMESTAMP at [1:109]

Location: us-central1
Job ID: airflow_load_to_BigQuery_create_external_posts_answers_bq_create_posts_answers_stack_overflow_data_partitioned_table_task_2018_11_01T00_00_00_00_00_a4bfe0be78f5139bae1bd5aa43d8bf9d
; 5039)
[2022-04-07 19:27:26,770] {local_task_job.py:154} INFO - Task exited with return code 1
[2022-04-07 19:27:26,871] {local_task_job.py:264} INFO - 0 downstream tasks scheduled from follow-on schedule check
[2022-04-07 22:19:55,065] {taskinstance.py:1043} INFO - Dependencies all met for <TaskInstance: load_to_BigQuery.create_external_posts_answers.bq_create_posts_answers_stack_overflow_data_partitioned_table_task scheduled__2018-11-01T00:00:00+00:00 [queued]>
[2022-04-07 22:19:55,200] {taskinstance.py:1043} INFO - Dependencies all met for <TaskInstance: load_to_BigQuery.create_external_posts_answers.bq_create_posts_answers_stack_overflow_data_partitioned_table_task scheduled__2018-11-01T00:00:00+00:00 [queued]>
[2022-04-07 22:19:55,200] {taskinstance.py:1249} INFO - 
--------------------------------------------------------------------------------
[2022-04-07 22:19:55,200] {taskinstance.py:1250} INFO - Starting attempt 1 of 1
[2022-04-07 22:19:55,200] {taskinstance.py:1251} INFO - 
--------------------------------------------------------------------------------
[2022-04-07 22:19:55,625] {taskinstance.py:1270} INFO - Executing <Task(BigQueryInsertJobOperator): create_external_posts_answers.bq_create_posts_answers_stack_overflow_data_partitioned_table_task> on 2018-11-01 00:00:00+00:00
[2022-04-07 22:19:55,654] {standard_task_runner.py:52} INFO - Started process 7223 to run task
[2022-04-07 22:19:55,675] {standard_task_runner.py:79} INFO - Running: ['***', 'tasks', 'run', 'load_to_BigQuery', 'create_external_posts_answers.bq_create_posts_answers_stack_overflow_data_partitioned_table_task', 'scheduled__2018-11-01T00:00:00+00:00', '--job-id', '14306', '--raw', '--subdir', 'DAGS_FOLDER/load_to_BigQuery_dag.py', '--cfg-path', '/tmp/tmprtf1_str', '--error-file', '/tmp/tmp9r5ggzi0']
[2022-04-07 22:19:55,696] {standard_task_runner.py:80} INFO - Job 14306: Subtask create_external_posts_answers.bq_create_posts_answers_stack_overflow_data_partitioned_table_task
[2022-04-07 22:19:55,979] {logging_mixin.py:109} INFO - Running <TaskInstance: load_to_BigQuery.create_external_posts_answers.bq_create_posts_answers_stack_overflow_data_partitioned_table_task scheduled__2018-11-01T00:00:00+00:00 [running]> on host 36107d30f64e
[2022-04-07 22:19:56,240] {taskinstance.py:1448} INFO - Exporting the following env vars:
AIRFLOW_CTX_DAG_OWNER=***
AIRFLOW_CTX_DAG_ID=load_to_BigQuery
AIRFLOW_CTX_TASK_ID=create_external_posts_answers.bq_create_posts_answers_stack_overflow_data_partitioned_table_task
AIRFLOW_CTX_EXECUTION_DATE=2018-11-01T00:00:00+00:00
AIRFLOW_CTX_DAG_RUN_ID=scheduled__2018-11-01T00:00:00+00:00
[2022-04-07 22:19:56,243] {crypto.py:82} WARNING - empty cryptography key - values will not be stored encrypted.
[2022-04-07 22:19:56,258] {logging_mixin.py:109} WARNING - /home/***/.local/lib/python3.7/site-packages/***/utils/context.py:156 AirflowContextDeprecationWarning: Accessing 'execution_date' from the template is deprecated and will be removed in a future version. Please use 'data_interval_start' or 'logical_date' instead.
[2022-04-07 22:19:56,301] {bigquery.py:1554} INFO - Inserting job ***_load_to_BigQuery_create_external_posts_answers_bq_create_posts_answers_stack_overflow_data_partitioned_table_task_2018_11_01T00_00_00_00_00_13a7ff05d18c7f4e422914be7399cda9
[2022-04-07 22:19:59,800] {taskinstance.py:1288} INFO - Marking task as SUCCESS. dag_id=load_to_BigQuery, task_id=create_external_posts_answers.bq_create_posts_answers_stack_overflow_data_partitioned_table_task, execution_date=20181101T000000, start_date=20220407T221955, end_date=20220407T221959
[2022-04-07 22:19:59,886] {local_task_job.py:154} INFO - Task exited with return code 0
[2022-04-07 22:20:00,016] {local_task_job.py:264} INFO - 0 downstream tasks scheduled from follow-on schedule check
