[2022-04-05 23:22:17,071] {taskinstance.py:1043} INFO - Dependencies all met for <TaskInstance: IngestToGCP.processing_tasks_posts_questions.spark_job scheduled__2011-01-01T00:00:00+00:00 [queued]>
[2022-04-05 23:22:17,350] {taskinstance.py:1043} INFO - Dependencies all met for <TaskInstance: IngestToGCP.processing_tasks_posts_questions.spark_job scheduled__2011-01-01T00:00:00+00:00 [queued]>
[2022-04-05 23:22:17,350] {taskinstance.py:1249} INFO - 
--------------------------------------------------------------------------------
[2022-04-05 23:22:17,350] {taskinstance.py:1250} INFO - Starting attempt 1 of 1
[2022-04-05 23:22:17,350] {taskinstance.py:1251} INFO - 
--------------------------------------------------------------------------------
[2022-04-05 23:22:17,635] {taskinstance.py:1270} INFO - Executing <Task(SparkSubmitOperator): processing_tasks_posts_questions.spark_job> on 2011-01-01 00:00:00+00:00
[2022-04-05 23:22:17,711] {standard_task_runner.py:52} INFO - Started process 44745 to run task
[2022-04-05 23:22:17,801] {standard_task_runner.py:79} INFO - Running: ['***', 'tasks', 'run', 'IngestToGCP', 'processing_tasks_posts_questions.spark_job', 'scheduled__2011-01-01T00:00:00+00:00', '--job-id', '9088', '--raw', '--subdir', 'DAGS_FOLDER/ingest_dag.py', '--cfg-path', '/tmp/tmpsi2r7wja', '--error-file', '/tmp/tmpaz6_d4fi']
[2022-04-05 23:22:17,802] {standard_task_runner.py:80} INFO - Job 9088: Subtask processing_tasks_posts_questions.spark_job
[2022-04-05 23:22:18,523] {logging_mixin.py:109} INFO - Running <TaskInstance: IngestToGCP.processing_tasks_posts_questions.spark_job scheduled__2011-01-01T00:00:00+00:00 [running]> on host 9fe4286b2855
[2022-04-05 23:22:19,403] {logging_mixin.py:109} WARNING - /home/***/.local/lib/python3.7/site-packages/***/utils/context.py:156 AirflowContextDeprecationWarning: Accessing 'execution_date' from the template is deprecated and will be removed in a future version. Please use 'data_interval_start' or 'logical_date' instead.
[2022-04-05 23:22:19,648] {taskinstance.py:1448} INFO - Exporting the following env vars:
AIRFLOW_CTX_DAG_OWNER=***
AIRFLOW_CTX_DAG_ID=IngestToGCP
AIRFLOW_CTX_TASK_ID=processing_tasks_posts_questions.spark_job
AIRFLOW_CTX_EXECUTION_DATE=2011-01-01T00:00:00+00:00
AIRFLOW_CTX_DAG_RUN_ID=scheduled__2011-01-01T00:00:00+00:00
[2022-04-05 23:22:19,785] {base.py:79} INFO - Using connection to: id: spark_project. Host: spark://spark, Port: 7077, Schema: , Login: , Password: None, extra: {'queue': 'root.default'}
[2022-04-05 23:22:19,787] {spark_submit.py:335} INFO - Spark-Submit cmd: spark-submit --master spark://spark:7077 --conf spark.master=local[*] --name format_schema --verbose --queue root.default ./dags/pyspark_parquet_transformation.py posts_questions 2011-01
[2022-04-05 23:22:47,508] {spark_submit.py:488} INFO - Using properties file: null
[2022-04-05 23:22:49,729] {spark_submit.py:488} INFO - WARNING: An illegal reflective access operation has occurred
[2022-04-05 23:22:49,730] {spark_submit.py:488} INFO - WARNING: Illegal reflective access by org.apache.spark.unsafe.Platform (file:/opt/***/spark/spark-3.2.1-bin-hadoop3.2/jars/spark-unsafe_2.12-3.2.1.jar) to constructor java.nio.DirectByteBuffer(long,int)
[2022-04-05 23:22:49,730] {spark_submit.py:488} INFO - WARNING: Please consider reporting this to the maintainers of org.apache.spark.unsafe.Platform
[2022-04-05 23:22:49,730] {spark_submit.py:488} INFO - WARNING: Use --illegal-access=warn to enable warnings of further illegal reflective access operations
[2022-04-05 23:22:49,730] {spark_submit.py:488} INFO - WARNING: All illegal access operations will be denied in a future release
[2022-04-05 23:22:51,666] {spark_submit.py:488} INFO - Parsed arguments:
[2022-04-05 23:22:51,666] {spark_submit.py:488} INFO - master                  spark://spark:7077
[2022-04-05 23:22:51,666] {spark_submit.py:488} INFO - deployMode              null
[2022-04-05 23:22:51,666] {spark_submit.py:488} INFO - executorMemory          null
[2022-04-05 23:22:51,666] {spark_submit.py:488} INFO - executorCores           null
[2022-04-05 23:22:51,666] {spark_submit.py:488} INFO - totalExecutorCores      null
[2022-04-05 23:22:51,666] {spark_submit.py:488} INFO - propertiesFile          null
[2022-04-05 23:22:51,666] {spark_submit.py:488} INFO - driverMemory            null
[2022-04-05 23:22:51,666] {spark_submit.py:488} INFO - driverCores             null
[2022-04-05 23:22:51,666] {spark_submit.py:488} INFO - driverExtraClassPath    null
[2022-04-05 23:22:51,667] {spark_submit.py:488} INFO - driverExtraLibraryPath  null
[2022-04-05 23:22:51,667] {spark_submit.py:488} INFO - driverExtraJavaOptions  null
[2022-04-05 23:22:51,667] {spark_submit.py:488} INFO - supervise               false
[2022-04-05 23:22:51,667] {spark_submit.py:488} INFO - queue                   root.default
[2022-04-05 23:22:51,667] {spark_submit.py:488} INFO - numExecutors            null
[2022-04-05 23:22:51,667] {spark_submit.py:488} INFO - files                   null
[2022-04-05 23:22:51,667] {spark_submit.py:488} INFO - pyFiles                 null
[2022-04-05 23:22:51,667] {spark_submit.py:488} INFO - archives                null
[2022-04-05 23:22:51,667] {spark_submit.py:488} INFO - mainClass               null
[2022-04-05 23:22:51,667] {spark_submit.py:488} INFO - primaryResource         file:/opt/***/dags/pyspark_parquet_transformation.py
[2022-04-05 23:22:51,667] {spark_submit.py:488} INFO - name                    format_schema
[2022-04-05 23:22:51,667] {spark_submit.py:488} INFO - childArgs               [posts_questions 2011-01]
[2022-04-05 23:22:51,667] {spark_submit.py:488} INFO - jars                    null
[2022-04-05 23:22:51,667] {spark_submit.py:488} INFO - packages                null
[2022-04-05 23:22:51,668] {spark_submit.py:488} INFO - packagesExclusions      null
[2022-04-05 23:22:51,668] {spark_submit.py:488} INFO - repositories            null
[2022-04-05 23:22:51,668] {spark_submit.py:488} INFO - verbose                 true
[2022-04-05 23:22:51,668] {spark_submit.py:488} INFO - 
[2022-04-05 23:22:51,668] {spark_submit.py:488} INFO - Spark properties used, including those specified through
[2022-04-05 23:22:51,668] {spark_submit.py:488} INFO - --conf and those from the properties file null:
[2022-04-05 23:22:51,668] {spark_submit.py:488} INFO - (spark.master,local[*])
[2022-04-05 23:22:51,668] {spark_submit.py:488} INFO - 
[2022-04-05 23:22:51,688] {spark_submit.py:488} INFO - 
[2022-04-05 23:22:57,006] {spark_submit.py:488} INFO - Main class:
[2022-04-05 23:22:57,006] {spark_submit.py:488} INFO - org.apache.spark.deploy.PythonRunner
[2022-04-05 23:22:57,007] {spark_submit.py:488} INFO - Arguments:
[2022-04-05 23:22:57,008] {spark_submit.py:488} INFO - file:/opt/***/dags/pyspark_parquet_transformation.py
[2022-04-05 23:22:57,008] {spark_submit.py:488} INFO - null
[2022-04-05 23:22:57,008] {spark_submit.py:488} INFO - posts_questions
[2022-04-05 23:22:57,008] {spark_submit.py:488} INFO - 2011-01
[2022-04-05 23:22:57,083] {spark_submit.py:488} INFO - Spark config:
[2022-04-05 23:22:57,083] {spark_submit.py:488} INFO - (spark.master,spark://spark:7077)
[2022-04-05 23:22:57,084] {spark_submit.py:488} INFO - (spark.submit.pyFiles,)
[2022-04-05 23:22:57,084] {spark_submit.py:488} INFO - (spark.submit.deployMode,client)
[2022-04-05 23:22:57,084] {spark_submit.py:488} INFO - (spark.app.name,format_schema)
[2022-04-05 23:22:57,085] {spark_submit.py:488} INFO - Classpath elements:
[2022-04-05 23:22:57,085] {spark_submit.py:488} INFO - 
[2022-04-05 23:22:57,086] {spark_submit.py:488} INFO - 
[2022-04-05 23:22:57,086] {spark_submit.py:488} INFO - 
[2022-04-05 23:23:10,635] {spark_submit.py:488} INFO - Using Spark's default log4j profile: org/apache/spark/log4j-defaults.properties
[2022-04-05 23:23:10,839] {spark_submit.py:488} INFO - 22/04/05 23:23:10 INFO SparkContext: Running Spark version 3.2.1
[2022-04-05 23:23:12,389] {spark_submit.py:488} INFO - 22/04/05 23:23:12 WARN NativeCodeLoader: Unable to load native-hadoop library for your platform... using builtin-java classes where applicable
[2022-04-05 23:23:14,239] {spark_submit.py:488} INFO - 22/04/05 23:23:14 INFO ResourceUtils: ==============================================================
[2022-04-05 23:23:14,241] {spark_submit.py:488} INFO - 22/04/05 23:23:14 INFO ResourceUtils: No custom resources configured for spark.driver.
[2022-04-05 23:23:14,247] {spark_submit.py:488} INFO - 22/04/05 23:23:14 INFO ResourceUtils: ==============================================================
[2022-04-05 23:23:14,253] {spark_submit.py:488} INFO - 22/04/05 23:23:14 INFO SparkContext: Submitted application: Modidy Schema
[2022-04-05 23:23:14,671] {spark_submit.py:488} INFO - 22/04/05 23:23:14 INFO ResourceProfile: Default ResourceProfile created, executor resources: Map(cores -> name: cores, amount: 1, script: , vendor: , memory -> name: memory, amount: 1024, script: , vendor: , offHeap -> name: offHeap, amount: 0, script: , vendor: ), task resources: Map(cpus -> name: cpus, amount: 1.0)
[2022-04-05 23:23:14,969] {spark_submit.py:488} INFO - 22/04/05 23:23:14 INFO ResourceProfile: Limiting resource is cpu
[2022-04-05 23:23:14,970] {spark_submit.py:488} INFO - 22/04/05 23:23:14 INFO ResourceProfileManager: Added ResourceProfile id: 0
[2022-04-05 23:23:16,386] {spark_submit.py:488} INFO - 22/04/05 23:23:16 INFO SecurityManager: Changing view acls to: default
[2022-04-05 23:23:16,388] {spark_submit.py:488} INFO - 22/04/05 23:23:16 INFO SecurityManager: Changing modify acls to: default
[2022-04-05 23:23:16,399] {spark_submit.py:488} INFO - 22/04/05 23:23:16 INFO SecurityManager: Changing view acls groups to:
[2022-04-05 23:23:16,401] {spark_submit.py:488} INFO - 22/04/05 23:23:16 INFO SecurityManager: Changing modify acls groups to:
[2022-04-05 23:23:16,456] {spark_submit.py:488} INFO - 22/04/05 23:23:16 INFO SecurityManager: SecurityManager: authentication disabled; ui acls disabled; users  with view permissions: Set(default); groups with view permissions: Set(); users  with modify permissions: Set(default); groups with modify permissions: Set()
[2022-04-05 23:23:22,559] {spark_submit.py:488} INFO - 22/04/05 23:23:22 INFO Utils: Successfully started service 'sparkDriver' on port 39067.
[2022-04-05 23:23:23,555] {spark_submit.py:488} INFO - 22/04/05 23:23:23 INFO SparkEnv: Registering MapOutputTracker
[2022-04-05 23:23:24,334] {spark_submit.py:488} INFO - 22/04/05 23:23:24 INFO SparkEnv: Registering BlockManagerMaster
[2022-04-05 23:23:24,839] {spark_submit.py:488} INFO - 22/04/05 23:23:24 INFO BlockManagerMasterEndpoint: Using org.apache.spark.storage.DefaultTopologyMapper for getting topology information
[2022-04-05 23:23:24,841] {spark_submit.py:488} INFO - 22/04/05 23:23:24 INFO BlockManagerMasterEndpoint: BlockManagerMasterEndpoint up
[2022-04-05 23:23:24,966] {spark_submit.py:488} INFO - 22/04/05 23:23:24 INFO SparkEnv: Registering BlockManagerMasterHeartbeat
[2022-04-05 23:23:25,478] {spark_submit.py:488} INFO - 22/04/05 23:23:25 INFO DiskBlockManager: Created local directory at /tmp/blockmgr-5eb16ed0-7a36-4245-8e3e-9036795ca8de
[2022-04-05 23:23:25,601] {spark_submit.py:488} INFO - 22/04/05 23:23:25 INFO MemoryStore: MemoryStore started with capacity 434.4 MiB
[2022-04-05 23:23:25,852] {spark_submit.py:488} INFO - 22/04/05 23:23:25 INFO SparkEnv: Registering OutputCommitCoordinator
[2022-04-05 23:23:29,193] {spark_submit.py:488} INFO - 22/04/05 23:23:29 WARN Utils: Service 'SparkUI' could not bind on port 4040. Attempting port 4041.
[2022-04-05 23:23:29,195] {spark_submit.py:488} INFO - 22/04/05 23:23:29 WARN Utils: Service 'SparkUI' could not bind on port 4041. Attempting port 4042.
[2022-04-05 23:23:29,421] {spark_submit.py:488} INFO - 22/04/05 23:23:29 INFO Utils: Successfully started service 'SparkUI' on port 4042.
[2022-04-05 23:23:31,210] {spark_submit.py:488} INFO - 22/04/05 23:23:31 INFO SparkUI: Bound SparkUI to 0.0.0.0, and started at http://9fe4286b2855:4042
[2022-04-05 23:23:34,907] {spark_submit.py:488} INFO - 22/04/05 23:23:34 INFO Executor: Starting executor ID driver on host 9fe4286b2855
[2022-04-05 23:23:35,574] {spark_submit.py:488} INFO - 22/04/05 23:23:35 INFO Utils: Successfully started service 'org.apache.spark.network.netty.NettyBlockTransferService' on port 36453.
[2022-04-05 23:23:35,575] {spark_submit.py:488} INFO - 22/04/05 23:23:35 INFO NettyBlockTransferService: Server created on 9fe4286b2855:36453
[2022-04-05 23:23:35,579] {spark_submit.py:488} INFO - 22/04/05 23:23:35 INFO BlockManager: Using org.apache.spark.storage.RandomBlockReplicationPolicy for block replication policy
[2022-04-05 23:23:35,732] {spark_submit.py:488} INFO - 22/04/05 23:23:35 INFO BlockManagerMaster: Registering BlockManager BlockManagerId(driver, 9fe4286b2855, 36453, None)
[2022-04-05 23:23:35,743] {spark_submit.py:488} INFO - 22/04/05 23:23:35 INFO BlockManagerMasterEndpoint: Registering block manager 9fe4286b2855:36453 with 434.4 MiB RAM, BlockManagerId(driver, 9fe4286b2855, 36453, None)
[2022-04-05 23:23:35,822] {spark_submit.py:488} INFO - 22/04/05 23:23:35 INFO BlockManagerMaster: Registered BlockManager BlockManagerId(driver, 9fe4286b2855, 36453, None)
[2022-04-05 23:23:35,849] {spark_submit.py:488} INFO - 22/04/05 23:23:35 INFO BlockManager: Initialized BlockManager: BlockManagerId(driver, 9fe4286b2855, 36453, None)
[2022-04-05 23:23:51,386] {spark_submit.py:488} INFO - 22/04/05 23:23:51 INFO SharedState: Setting hive.metastore.warehouse.dir ('null') to the value of spark.sql.warehouse.dir.
[2022-04-05 23:23:51,950] {spark_submit.py:488} INFO - 22/04/05 23:23:51 INFO SharedState: Warehouse path is 'file:/opt/***/spark-warehouse'.
[2022-04-05 23:24:18,989] {spark_submit.py:488} INFO - 22/04/05 23:24:18 INFO InMemoryFileIndex: It took 1163 ms to list leaf files for 1 paths.
[2022-04-05 23:24:28,083] {spark_submit.py:488} INFO - 22/04/05 23:24:28 INFO SparkContext: Starting job: parquet at NativeMethodAccessorImpl.java:0
[2022-04-05 23:24:28,202] {spark_submit.py:488} INFO - 22/04/05 23:24:28 INFO DAGScheduler: Got job 0 (parquet at NativeMethodAccessorImpl.java:0) with 1 output partitions
[2022-04-05 23:24:28,204] {spark_submit.py:488} INFO - 22/04/05 23:24:28 INFO DAGScheduler: Final stage: ResultStage 0 (parquet at NativeMethodAccessorImpl.java:0)
[2022-04-05 23:24:28,205] {spark_submit.py:488} INFO - 22/04/05 23:24:28 INFO DAGScheduler: Parents of final stage: List()
[2022-04-05 23:24:28,229] {spark_submit.py:488} INFO - 22/04/05 23:24:28 INFO DAGScheduler: Missing parents: List()
[2022-04-05 23:24:28,263] {spark_submit.py:488} INFO - 22/04/05 23:24:28 INFO DAGScheduler: Submitting ResultStage 0 (MapPartitionsRDD[1] at parquet at NativeMethodAccessorImpl.java:0), which has no missing parents
[2022-04-05 23:24:29,436] {spark_submit.py:488} INFO - 22/04/05 23:24:29 INFO MemoryStore: Block broadcast_0 stored as values in memory (estimated size 100.1 KiB, free 434.3 MiB)
[2022-04-05 23:24:29,841] {spark_submit.py:488} INFO - 22/04/05 23:24:29 INFO MemoryStore: Block broadcast_0_piece0 stored as bytes in memory (estimated size 35.7 KiB, free 434.3 MiB)
[2022-04-05 23:24:29,891] {spark_submit.py:488} INFO - 22/04/05 23:24:29 INFO BlockManagerInfo: Added broadcast_0_piece0 in memory on 9fe4286b2855:36453 (size: 35.7 KiB, free: 434.4 MiB)
[2022-04-05 23:24:29,900] {spark_submit.py:488} INFO - 22/04/05 23:24:29 INFO SparkContext: Created broadcast 0 from broadcast at DAGScheduler.scala:1478
[2022-04-05 23:24:30,187] {spark_submit.py:488} INFO - 22/04/05 23:24:30 INFO DAGScheduler: Submitting 1 missing tasks from ResultStage 0 (MapPartitionsRDD[1] at parquet at NativeMethodAccessorImpl.java:0) (first 15 tasks are for partitions Vector(0))
[2022-04-05 23:24:30,193] {spark_submit.py:488} INFO - 22/04/05 23:24:30 INFO TaskSchedulerImpl: Adding task set 0.0 with 1 tasks resource profile 0
[2022-04-05 23:24:31,503] {spark_submit.py:488} INFO - 22/04/05 23:24:31 INFO TaskSetManager: Starting task 0.0 in stage 0.0 (TID 0) (9fe4286b2855, executor driver, partition 0, PROCESS_LOCAL, 4624 bytes) taskResourceAssignments Map()
[2022-04-05 23:24:31,714] {spark_submit.py:488} INFO - 22/04/05 23:24:31 INFO Executor: Running task 0.0 in stage 0.0 (TID 0)
[2022-04-05 23:24:39,819] {spark_submit.py:488} INFO - 22/04/05 23:24:39 INFO Executor: Finished task 0.0 in stage 0.0 (TID 0). 2409 bytes result sent to driver
[2022-04-05 23:24:40,064] {spark_submit.py:488} INFO - 22/04/05 23:24:40 INFO TaskSetManager: Finished task 0.0 in stage 0.0 (TID 0) in 8950 ms on 9fe4286b2855 (executor driver) (1/1)
[2022-04-05 23:24:40,076] {spark_submit.py:488} INFO - 22/04/05 23:24:40 INFO DAGScheduler: ResultStage 0 (parquet at NativeMethodAccessorImpl.java:0) finished in 11.613 s
[2022-04-05 23:24:40,113] {spark_submit.py:488} INFO - 22/04/05 23:24:40 INFO TaskSchedulerImpl: Removed TaskSet 0.0, whose tasks have all completed, from pool
[2022-04-05 23:24:40,165] {spark_submit.py:488} INFO - 22/04/05 23:24:40 INFO DAGScheduler: Job 0 is finished. Cancelling potential speculative or zombie tasks for this job
[2022-04-05 23:24:40,167] {spark_submit.py:488} INFO - 22/04/05 23:24:40 INFO TaskSchedulerImpl: Killing all running tasks in stage 0: Stage finished
[2022-04-05 23:24:40,232] {spark_submit.py:488} INFO - 22/04/05 23:24:40 INFO DAGScheduler: Job 0 finished: parquet at NativeMethodAccessorImpl.java:0, took 12.107010 s
[2022-04-05 23:24:46,385] {spark_submit.py:488} INFO - 22/04/05 23:24:46 INFO BlockManagerInfo: Removed broadcast_0_piece0 on 9fe4286b2855:36453 in memory (size: 35.7 KiB, free: 434.4 MiB)
[2022-04-05 23:25:26,892] {spark_submit.py:488} INFO - 22/04/05 23:25:26 INFO FileSourceStrategy: Pushed Filters:
[2022-04-05 23:25:26,966] {spark_submit.py:488} INFO - 22/04/05 23:25:26 INFO FileSourceStrategy: Post-Scan Filters:
[2022-04-05 23:25:27,078] {spark_submit.py:488} INFO - 22/04/05 23:25:27 INFO FileSourceStrategy: Output Data Schema: struct<id: bigint, title: string, body: string, accepted_answer_id: double, answer_count: bigint ... 19 more fields>
[2022-04-05 23:25:31,489] {spark_submit.py:488} INFO - 22/04/05 23:25:31 INFO ParquetFileFormat: Using default output committer for Parquet: org.apache.parquet.hadoop.ParquetOutputCommitter
[2022-04-05 23:25:32,009] {spark_submit.py:488} INFO - 22/04/05 23:25:32 INFO FileOutputCommitter: File Output Committer Algorithm version is 1
[2022-04-05 23:25:32,010] {spark_submit.py:488} INFO - 22/04/05 23:25:32 INFO FileOutputCommitter: FileOutputCommitter skip cleanup _temporary folders under output directory:false, ignore cleanup failures: false
[2022-04-05 23:25:32,015] {spark_submit.py:488} INFO - 22/04/05 23:25:32 INFO SQLHadoopMapReduceCommitProtocol: Using user defined output committer class org.apache.parquet.hadoop.ParquetOutputCommitter
[2022-04-05 23:25:32,089] {spark_submit.py:488} INFO - 22/04/05 23:25:32 INFO FileOutputCommitter: File Output Committer Algorithm version is 1
[2022-04-05 23:25:32,089] {spark_submit.py:488} INFO - 22/04/05 23:25:32 INFO FileOutputCommitter: FileOutputCommitter skip cleanup _temporary folders under output directory:false, ignore cleanup failures: false
[2022-04-05 23:25:32,097] {spark_submit.py:488} INFO - 22/04/05 23:25:32 INFO SQLHadoopMapReduceCommitProtocol: Using output committer class org.apache.parquet.hadoop.ParquetOutputCommitter
[2022-04-05 23:25:40,805] {spark_submit.py:488} INFO - 22/04/05 23:25:40 INFO CodeGenerator: Code generated in 4211.169809 ms
[2022-04-05 23:25:41,100] {spark_submit.py:488} INFO - 22/04/05 23:25:41 INFO MemoryStore: Block broadcast_1 stored as values in memory (estimated size 194.3 KiB, free 434.2 MiB)
[2022-04-05 23:25:41,340] {spark_submit.py:488} INFO - 22/04/05 23:25:41 INFO MemoryStore: Block broadcast_1_piece0 stored as bytes in memory (estimated size 34.3 KiB, free 434.2 MiB)
[2022-04-05 23:25:41,340] {spark_submit.py:488} INFO - 22/04/05 23:25:41 INFO BlockManagerInfo: Added broadcast_1_piece0 in memory on 9fe4286b2855:36453 (size: 34.3 KiB, free: 434.4 MiB)
[2022-04-05 23:25:41,375] {spark_submit.py:488} INFO - 22/04/05 23:25:41 INFO SparkContext: Created broadcast 1 from save at NativeMethodAccessorImpl.java:0
[2022-04-05 23:25:41,495] {spark_submit.py:488} INFO - 22/04/05 23:25:41 INFO FileSourceScanExec: Planning scan with bin packing, max size: 13747930 bytes, open cost is considered as scanning 4194304 bytes.
[2022-04-05 23:25:42,718] {spark_submit.py:488} INFO - 22/04/05 23:25:42 INFO DAGScheduler: Registering RDD 6 (save at NativeMethodAccessorImpl.java:0) as input to shuffle 0
[2022-04-05 23:25:42,740] {spark_submit.py:488} INFO - 22/04/05 23:25:42 INFO DAGScheduler: Got map stage job 1 (save at NativeMethodAccessorImpl.java:0) with 4 output partitions
[2022-04-05 23:25:42,741] {spark_submit.py:488} INFO - 22/04/05 23:25:42 INFO DAGScheduler: Final stage: ShuffleMapStage 1 (save at NativeMethodAccessorImpl.java:0)
[2022-04-05 23:25:42,742] {spark_submit.py:488} INFO - 22/04/05 23:25:42 INFO DAGScheduler: Parents of final stage: List()
[2022-04-05 23:25:42,759] {spark_submit.py:488} INFO - 22/04/05 23:25:42 INFO DAGScheduler: Missing parents: List()
[2022-04-05 23:25:42,787] {spark_submit.py:488} INFO - 22/04/05 23:25:42 INFO DAGScheduler: Submitting ShuffleMapStage 1 (MapPartitionsRDD[6] at save at NativeMethodAccessorImpl.java:0), which has no missing parents
[2022-04-05 23:25:43,435] {spark_submit.py:488} INFO - 22/04/05 23:25:43 INFO MemoryStore: Block broadcast_2 stored as values in memory (estimated size 32.2 KiB, free 434.1 MiB)
[2022-04-05 23:25:43,478] {spark_submit.py:488} INFO - 22/04/05 23:25:43 INFO MemoryStore: Block broadcast_2_piece0 stored as bytes in memory (estimated size 10.4 KiB, free 434.1 MiB)
[2022-04-05 23:25:43,488] {spark_submit.py:488} INFO - 22/04/05 23:25:43 INFO BlockManagerInfo: Added broadcast_2_piece0 in memory on 9fe4286b2855:36453 (size: 10.4 KiB, free: 434.4 MiB)
[2022-04-05 23:25:43,491] {spark_submit.py:488} INFO - 22/04/05 23:25:43 INFO SparkContext: Created broadcast 2 from broadcast at DAGScheduler.scala:1478
[2022-04-05 23:25:43,519] {spark_submit.py:488} INFO - 22/04/05 23:25:43 INFO DAGScheduler: Submitting 4 missing tasks from ShuffleMapStage 1 (MapPartitionsRDD[6] at save at NativeMethodAccessorImpl.java:0) (first 15 tasks are for partitions Vector(0, 1, 2, 3))
[2022-04-05 23:25:43,520] {spark_submit.py:488} INFO - 22/04/05 23:25:43 INFO TaskSchedulerImpl: Adding task set 1.0 with 4 tasks resource profile 0
[2022-04-05 23:25:43,538] {spark_submit.py:488} INFO - 22/04/05 23:25:43 INFO TaskSetManager: Starting task 0.0 in stage 1.0 (TID 1) (9fe4286b2855, executor driver, partition 0, PROCESS_LOCAL, 4890 bytes) taskResourceAssignments Map()
[2022-04-05 23:25:43,542] {spark_submit.py:488} INFO - 22/04/05 23:25:43 INFO TaskSetManager: Starting task 1.0 in stage 1.0 (TID 2) (9fe4286b2855, executor driver, partition 1, PROCESS_LOCAL, 4890 bytes) taskResourceAssignments Map()
[2022-04-05 23:25:43,544] {spark_submit.py:488} INFO - 22/04/05 23:25:43 INFO TaskSetManager: Starting task 2.0 in stage 1.0 (TID 3) (9fe4286b2855, executor driver, partition 2, PROCESS_LOCAL, 4890 bytes) taskResourceAssignments Map()
[2022-04-05 23:25:43,545] {spark_submit.py:488} INFO - 22/04/05 23:25:43 INFO TaskSetManager: Starting task 3.0 in stage 1.0 (TID 4) (9fe4286b2855, executor driver, partition 3, PROCESS_LOCAL, 4890 bytes) taskResourceAssignments Map()
[2022-04-05 23:25:43,630] {spark_submit.py:488} INFO - 22/04/05 23:25:43 INFO Executor: Running task 0.0 in stage 1.0 (TID 1)
[2022-04-05 23:25:43,704] {spark_submit.py:488} INFO - 22/04/05 23:25:43 INFO Executor: Running task 3.0 in stage 1.0 (TID 4)
[2022-04-05 23:25:43,704] {spark_submit.py:488} INFO - 22/04/05 23:25:43 INFO Executor: Running task 2.0 in stage 1.0 (TID 3)
[2022-04-05 23:25:43,708] {spark_submit.py:488} INFO - 22/04/05 23:25:43 INFO Executor: Running task 1.0 in stage 1.0 (TID 2)
[2022-04-05 23:25:44,590] {spark_submit.py:488} INFO - 22/04/05 23:25:44 INFO FileScanRDD: Reading File path: gs://dtc_data_lake_de-stack-overflow/parquet/posts_questions-2011-01.parquet, range: 13747930-27495860, partition values: [empty row]
[2022-04-05 23:25:44,619] {spark_submit.py:488} INFO - 22/04/05 23:25:44 INFO FileScanRDD: Reading File path: gs://dtc_data_lake_de-stack-overflow/parquet/posts_questions-2011-01.parquet, range: 27495860-41243790, partition values: [empty row]
[2022-04-05 23:25:44,622] {spark_submit.py:488} INFO - 22/04/05 23:25:44 INFO FileScanRDD: Reading File path: gs://dtc_data_lake_de-stack-overflow/parquet/posts_questions-2011-01.parquet, range: 41243790-50797418, partition values: [empty row]
[2022-04-05 23:25:44,708] {spark_submit.py:488} INFO - 22/04/05 23:25:44 INFO FileScanRDD: Reading File path: gs://dtc_data_lake_de-stack-overflow/parquet/posts_questions-2011-01.parquet, range: 0-13747930, partition values: [empty row]
[2022-04-05 23:25:48,500] {spark_submit.py:488} INFO - 22/04/05 23:25:48 INFO Executor: Finished task 3.0 in stage 1.0 (TID 4). 1857 bytes result sent to driver
[2022-04-05 23:25:48,500] {spark_submit.py:488} INFO - 22/04/05 23:25:48 INFO Executor: Finished task 2.0 in stage 1.0 (TID 3). 1857 bytes result sent to driver
[2022-04-05 23:25:48,513] {spark_submit.py:488} INFO - 22/04/05 23:25:48 INFO Executor: Finished task 0.0 in stage 1.0 (TID 1). 1900 bytes result sent to driver
[2022-04-05 23:25:48,632] {spark_submit.py:488} INFO - 22/04/05 23:25:48 INFO TaskSetManager: Finished task 2.0 in stage 1.0 (TID 3) in 5080 ms on 9fe4286b2855 (executor driver) (1/4)
[2022-04-05 23:25:48,636] {spark_submit.py:488} INFO - 22/04/05 23:25:48 INFO TaskSetManager: Finished task 3.0 in stage 1.0 (TID 4) in 5091 ms on 9fe4286b2855 (executor driver) (2/4)
[2022-04-05 23:25:48,655] {spark_submit.py:488} INFO - 22/04/05 23:25:48 INFO TaskSetManager: Finished task 0.0 in stage 1.0 (TID 1) in 5125 ms on 9fe4286b2855 (executor driver) (3/4)
[2022-04-05 23:25:57,716] {spark_submit.py:488} INFO - 22/04/05 23:25:57 INFO CodecPool: Got brand-new decompressor [.snappy]
[2022-04-05 23:26:38,504] {spark_submit.py:488} INFO - 22/04/05 23:26:38 INFO Executor: Finished task 1.0 in stage 1.0 (TID 2). 2029 bytes result sent to driver
[2022-04-05 23:26:38,508] {spark_submit.py:488} INFO - 22/04/05 23:26:38 INFO TaskSetManager: Finished task 1.0 in stage 1.0 (TID 2) in 54969 ms on 9fe4286b2855 (executor driver) (4/4)
[2022-04-05 23:26:38,509] {spark_submit.py:488} INFO - 22/04/05 23:26:38 INFO TaskSchedulerImpl: Removed TaskSet 1.0, whose tasks have all completed, from pool
[2022-04-05 23:26:38,516] {spark_submit.py:488} INFO - 22/04/05 23:26:38 INFO DAGScheduler: ShuffleMapStage 1 (save at NativeMethodAccessorImpl.java:0) finished in 55.625 s
[2022-04-05 23:26:38,516] {spark_submit.py:488} INFO - 22/04/05 23:26:38 INFO DAGScheduler: looking for newly runnable stages
[2022-04-05 23:26:38,516] {spark_submit.py:488} INFO - 22/04/05 23:26:38 INFO DAGScheduler: running: Set()
[2022-04-05 23:26:38,517] {spark_submit.py:488} INFO - 22/04/05 23:26:38 INFO DAGScheduler: waiting: Set()
[2022-04-05 23:26:38,517] {spark_submit.py:488} INFO - 22/04/05 23:26:38 INFO DAGScheduler: failed: Set()
[2022-04-05 23:26:39,123] {spark_submit.py:488} INFO - 22/04/05 23:26:39 INFO SparkContext: Starting job: save at NativeMethodAccessorImpl.java:0
[2022-04-05 23:26:39,139] {spark_submit.py:488} INFO - 22/04/05 23:26:39 INFO DAGScheduler: Got job 2 (save at NativeMethodAccessorImpl.java:0) with 4 output partitions
[2022-04-05 23:26:39,140] {spark_submit.py:488} INFO - 22/04/05 23:26:39 INFO DAGScheduler: Final stage: ResultStage 3 (save at NativeMethodAccessorImpl.java:0)
[2022-04-05 23:26:39,140] {spark_submit.py:488} INFO - 22/04/05 23:26:39 INFO DAGScheduler: Parents of final stage: List(ShuffleMapStage 2)
[2022-04-05 23:26:39,140] {spark_submit.py:488} INFO - 22/04/05 23:26:39 INFO DAGScheduler: Missing parents: List()
[2022-04-05 23:26:39,143] {spark_submit.py:488} INFO - 22/04/05 23:26:39 INFO DAGScheduler: Submitting ResultStage 3 (ShuffledRowRDD[7] at save at NativeMethodAccessorImpl.java:0), which has no missing parents
[2022-04-05 23:26:39,553] {spark_submit.py:488} INFO - 22/04/05 23:26:39 INFO MemoryStore: Block broadcast_3 stored as values in memory (estimated size 204.2 KiB, free 433.9 MiB)
[2022-04-05 23:26:39,589] {spark_submit.py:488} INFO - 22/04/05 23:26:39 INFO MemoryStore: Block broadcast_3_piece0 stored as bytes in memory (estimated size 72.9 KiB, free 433.9 MiB)
[2022-04-05 23:26:39,601] {spark_submit.py:488} INFO - 22/04/05 23:26:39 INFO BlockManagerInfo: Added broadcast_3_piece0 in memory on 9fe4286b2855:36453 (size: 72.9 KiB, free: 434.3 MiB)
[2022-04-05 23:26:39,609] {spark_submit.py:488} INFO - 22/04/05 23:26:39 INFO SparkContext: Created broadcast 3 from broadcast at DAGScheduler.scala:1478
[2022-04-05 23:26:39,615] {spark_submit.py:488} INFO - 22/04/05 23:26:39 INFO DAGScheduler: Submitting 4 missing tasks from ResultStage 3 (ShuffledRowRDD[7] at save at NativeMethodAccessorImpl.java:0) (first 15 tasks are for partitions Vector(0, 1, 2, 3))
[2022-04-05 23:26:39,620] {spark_submit.py:488} INFO - 22/04/05 23:26:39 INFO TaskSchedulerImpl: Adding task set 3.0 with 4 tasks resource profile 0
[2022-04-05 23:26:39,647] {spark_submit.py:488} INFO - 22/04/05 23:26:39 INFO TaskSetManager: Starting task 0.0 in stage 3.0 (TID 5) (9fe4286b2855, executor driver, partition 0, NODE_LOCAL, 4453 bytes) taskResourceAssignments Map()
[2022-04-05 23:26:39,649] {spark_submit.py:488} INFO - 22/04/05 23:26:39 INFO TaskSetManager: Starting task 1.0 in stage 3.0 (TID 6) (9fe4286b2855, executor driver, partition 1, NODE_LOCAL, 4453 bytes) taskResourceAssignments Map()
[2022-04-05 23:26:39,650] {spark_submit.py:488} INFO - 22/04/05 23:26:39 INFO TaskSetManager: Starting task 2.0 in stage 3.0 (TID 7) (9fe4286b2855, executor driver, partition 2, NODE_LOCAL, 4453 bytes) taskResourceAssignments Map()
[2022-04-05 23:26:39,657] {spark_submit.py:488} INFO - 22/04/05 23:26:39 INFO TaskSetManager: Starting task 3.0 in stage 3.0 (TID 8) (9fe4286b2855, executor driver, partition 3, NODE_LOCAL, 4453 bytes) taskResourceAssignments Map()
[2022-04-05 23:26:39,664] {spark_submit.py:488} INFO - 22/04/05 23:26:39 INFO Executor: Running task 0.0 in stage 3.0 (TID 5)
[2022-04-05 23:26:39,668] {spark_submit.py:488} INFO - 22/04/05 23:26:39 INFO Executor: Running task 1.0 in stage 3.0 (TID 6)
[2022-04-05 23:26:39,669] {spark_submit.py:488} INFO - 22/04/05 23:26:39 INFO Executor: Running task 2.0 in stage 3.0 (TID 7)
[2022-04-05 23:26:39,676] {spark_submit.py:488} INFO - 22/04/05 23:26:39 INFO Executor: Running task 3.0 in stage 3.0 (TID 8)
[2022-04-05 23:26:40,237] {spark_submit.py:488} INFO - 22/04/05 23:26:40 INFO ShuffleBlockFetcherIterator: Getting 1 (13.8 MiB) non-empty blocks including 1 (13.8 MiB) local and 0 (0.0 B) host-local and 0 (0.0 B) push-merged-local and 0 (0.0 B) remote blocks
[2022-04-05 23:26:40,268] {spark_submit.py:488} INFO - 22/04/05 23:26:40 INFO ShuffleBlockFetcherIterator: Getting 1 (13.8 MiB) non-empty blocks including 1 (13.8 MiB) local and 0 (0.0 B) host-local and 0 (0.0 B) push-merged-local and 0 (0.0 B) remote blocks
[2022-04-05 23:26:40,271] {spark_submit.py:488} INFO - 22/04/05 23:26:40 INFO ShuffleBlockFetcherIterator: Started 0 remote fetches in 58 ms
[2022-04-05 23:26:40,279] {spark_submit.py:488} INFO - 22/04/05 23:26:40 INFO ShuffleBlockFetcherIterator: Getting 1 (13.8 MiB) non-empty blocks including 1 (13.8 MiB) local and 0 (0.0 B) host-local and 0 (0.0 B) push-merged-local and 0 (0.0 B) remote blocks
[2022-04-05 23:26:40,279] {spark_submit.py:488} INFO - 22/04/05 23:26:40 INFO ShuffleBlockFetcherIterator: Started 0 remote fetches in 66 ms
[2022-04-05 23:26:40,282] {spark_submit.py:488} INFO - 22/04/05 23:26:40 INFO ShuffleBlockFetcherIterator: Started 0 remote fetches in 73 ms
[2022-04-05 23:26:40,318] {spark_submit.py:488} INFO - 22/04/05 23:26:40 INFO ShuffleBlockFetcherIterator: Getting 1 (13.8 MiB) non-empty blocks including 1 (13.8 MiB) local and 0 (0.0 B) host-local and 0 (0.0 B) push-merged-local and 0 (0.0 B) remote blocks
[2022-04-05 23:26:40,318] {spark_submit.py:488} INFO - 22/04/05 23:26:40 INFO ShuffleBlockFetcherIterator: Started 0 remote fetches in 88 ms
[2022-04-05 23:26:40,360] {spark_submit.py:488} INFO - 22/04/05 23:26:40 INFO FileOutputCommitter: File Output Committer Algorithm version is 1
[2022-04-05 23:26:40,360] {spark_submit.py:488} INFO - 22/04/05 23:26:40 INFO FileOutputCommitter: FileOutputCommitter skip cleanup _temporary folders under output directory:false, ignore cleanup failures: false
[2022-04-05 23:26:40,360] {spark_submit.py:488} INFO - 22/04/05 23:26:40 INFO SQLHadoopMapReduceCommitProtocol: Using user defined output committer class org.apache.parquet.hadoop.ParquetOutputCommitter
[2022-04-05 23:26:40,360] {spark_submit.py:488} INFO - 22/04/05 23:26:40 INFO FileOutputCommitter: File Output Committer Algorithm version is 1
[2022-04-05 23:26:40,360] {spark_submit.py:488} INFO - 22/04/05 23:26:40 INFO FileOutputCommitter: FileOutputCommitter skip cleanup _temporary folders under output directory:false, ignore cleanup failures: false
[2022-04-05 23:26:40,360] {spark_submit.py:488} INFO - 22/04/05 23:26:40 INFO SQLHadoopMapReduceCommitProtocol: Using output committer class org.apache.parquet.hadoop.ParquetOutputCommitter
[2022-04-05 23:26:40,366] {spark_submit.py:488} INFO - 22/04/05 23:26:40 INFO FileOutputCommitter: File Output Committer Algorithm version is 1
[2022-04-05 23:26:40,366] {spark_submit.py:488} INFO - 22/04/05 23:26:40 INFO FileOutputCommitter: FileOutputCommitter skip cleanup _temporary folders under output directory:false, ignore cleanup failures: false
[2022-04-05 23:26:40,370] {spark_submit.py:488} INFO - 22/04/05 23:26:40 INFO FileOutputCommitter: File Output Committer Algorithm version is 1
[2022-04-05 23:26:40,370] {spark_submit.py:488} INFO - 22/04/05 23:26:40 INFO FileOutputCommitter: FileOutputCommitter skip cleanup _temporary folders under output directory:false, ignore cleanup failures: false
[2022-04-05 23:26:40,370] {spark_submit.py:488} INFO - 22/04/05 23:26:40 INFO SQLHadoopMapReduceCommitProtocol: Using user defined output committer class org.apache.parquet.hadoop.ParquetOutputCommitter
[2022-04-05 23:26:40,371] {spark_submit.py:488} INFO - 22/04/05 23:26:40 INFO FileOutputCommitter: File Output Committer Algorithm version is 1
[2022-04-05 23:26:40,371] {spark_submit.py:488} INFO - 22/04/05 23:26:40 INFO FileOutputCommitter: FileOutputCommitter skip cleanup _temporary folders under output directory:false, ignore cleanup failures: false
[2022-04-05 23:26:40,371] {spark_submit.py:488} INFO - 22/04/05 23:26:40 INFO SQLHadoopMapReduceCommitProtocol: Using output committer class org.apache.parquet.hadoop.ParquetOutputCommitter
[2022-04-05 23:26:40,372] {spark_submit.py:488} INFO - 22/04/05 23:26:40 INFO SQLHadoopMapReduceCommitProtocol: Using user defined output committer class org.apache.parquet.hadoop.ParquetOutputCommitter
[2022-04-05 23:26:40,372] {spark_submit.py:488} INFO - 22/04/05 23:26:40 INFO FileOutputCommitter: File Output Committer Algorithm version is 1
[2022-04-05 23:26:40,372] {spark_submit.py:488} INFO - 22/04/05 23:26:40 INFO FileOutputCommitter: FileOutputCommitter skip cleanup _temporary folders under output directory:false, ignore cleanup failures: false
[2022-04-05 23:26:40,372] {spark_submit.py:488} INFO - 22/04/05 23:26:40 INFO SQLHadoopMapReduceCommitProtocol: Using output committer class org.apache.parquet.hadoop.ParquetOutputCommitter
[2022-04-05 23:26:40,378] {spark_submit.py:488} INFO - 22/04/05 23:26:40 INFO FileOutputCommitter: File Output Committer Algorithm version is 1
[2022-04-05 23:26:40,378] {spark_submit.py:488} INFO - 22/04/05 23:26:40 INFO FileOutputCommitter: FileOutputCommitter skip cleanup _temporary folders under output directory:false, ignore cleanup failures: false
[2022-04-05 23:26:40,379] {spark_submit.py:488} INFO - 22/04/05 23:26:40 INFO SQLHadoopMapReduceCommitProtocol: Using user defined output committer class org.apache.parquet.hadoop.ParquetOutputCommitter
[2022-04-05 23:26:40,380] {spark_submit.py:488} INFO - 22/04/05 23:26:40 INFO FileOutputCommitter: File Output Committer Algorithm version is 1
[2022-04-05 23:26:40,380] {spark_submit.py:488} INFO - 22/04/05 23:26:40 INFO FileOutputCommitter: FileOutputCommitter skip cleanup _temporary folders under output directory:false, ignore cleanup failures: false
[2022-04-05 23:26:40,381] {spark_submit.py:488} INFO - 22/04/05 23:26:40 INFO SQLHadoopMapReduceCommitProtocol: Using output committer class org.apache.parquet.hadoop.ParquetOutputCommitter
[2022-04-05 23:26:40,603] {spark_submit.py:488} INFO - 22/04/05 23:26:40 INFO CodecConfig: Compression: SNAPPY
[2022-04-05 23:26:40,613] {spark_submit.py:488} INFO - 22/04/05 23:26:40 INFO CodecConfig: Compression: SNAPPY
[2022-04-05 23:26:40,613] {spark_submit.py:488} INFO - 22/04/05 23:26:40 INFO BlockManagerInfo: Removed broadcast_2_piece0 on 9fe4286b2855:36453 in memory (size: 10.4 KiB, free: 434.3 MiB)
[2022-04-05 23:26:40,613] {spark_submit.py:488} INFO - 22/04/05 23:26:40 INFO CodecConfig: Compression: SNAPPY
[2022-04-05 23:26:40,613] {spark_submit.py:488} INFO - 22/04/05 23:26:40 INFO CodecConfig: Compression: SNAPPY
[2022-04-05 23:26:40,613] {spark_submit.py:488} INFO - 22/04/05 23:26:40 INFO CodecConfig: Compression: SNAPPY
[2022-04-05 23:26:40,614] {spark_submit.py:488} INFO - 22/04/05 23:26:40 INFO CodecConfig: Compression: SNAPPY
[2022-04-05 23:26:40,614] {spark_submit.py:488} INFO - 22/04/05 23:26:40 INFO CodecConfig: Compression: SNAPPY
[2022-04-05 23:26:40,615] {spark_submit.py:488} INFO - 22/04/05 23:26:40 INFO CodecConfig: Compression: SNAPPY
[2022-04-05 23:26:40,755] {spark_submit.py:488} INFO - 22/04/05 23:26:40 INFO ParquetOutputFormat: Parquet block size to 134217728
[2022-04-05 23:26:40,755] {spark_submit.py:488} INFO - 22/04/05 23:26:40 INFO ParquetOutputFormat: Validation is off
[2022-04-05 23:26:40,756] {spark_submit.py:488} INFO - 22/04/05 23:26:40 INFO ParquetOutputFormat: Maximum row group padding size is 8388608 bytes
[2022-04-05 23:26:40,756] {spark_submit.py:488} INFO - 22/04/05 23:26:40 INFO ParquetOutputFormat: Parquet properties are:
[2022-04-05 23:26:40,756] {spark_submit.py:488} INFO - Parquet page size to 1048576
[2022-04-05 23:26:40,756] {spark_submit.py:488} INFO - Parquet dictionary page size to 1048576
[2022-04-05 23:26:40,756] {spark_submit.py:488} INFO - Dictionary is true
[2022-04-05 23:26:40,756] {spark_submit.py:488} INFO - Writer version is: PARQUET_1_0
[2022-04-05 23:26:40,756] {spark_submit.py:488} INFO - Page size checking is: estimated
[2022-04-05 23:26:40,756] {spark_submit.py:488} INFO - Min row count for page size check is: 100
[2022-04-05 23:26:40,756] {spark_submit.py:488} INFO - Max row count for page size check is: 10000
[2022-04-05 23:26:40,756] {spark_submit.py:488} INFO - Truncate length for column indexes is: 64
[2022-04-05 23:26:40,756] {spark_submit.py:488} INFO - Truncate length for statistics min/max  is: 2147483647
[2022-04-05 23:26:40,757] {spark_submit.py:488} INFO - Bloom filter enabled: false
[2022-04-05 23:26:40,757] {spark_submit.py:488} INFO - Max Bloom filter size for a column is 1048576
[2022-04-05 23:26:40,757] {spark_submit.py:488} INFO - Bloom filter expected number of distinct values are: null
[2022-04-05 23:26:40,757] {spark_submit.py:488} INFO - Page row count limit to 20000
[2022-04-05 23:26:40,757] {spark_submit.py:488} INFO - Writing page checksums is: on
[2022-04-05 23:26:40,778] {spark_submit.py:488} INFO - 22/04/05 23:26:40 INFO ParquetOutputFormat: Parquet block size to 134217728
[2022-04-05 23:26:40,778] {spark_submit.py:488} INFO - 22/04/05 23:26:40 INFO ParquetOutputFormat: Validation is off
[2022-04-05 23:26:40,779] {spark_submit.py:488} INFO - 22/04/05 23:26:40 INFO ParquetOutputFormat: Maximum row group padding size is 8388608 bytes
[2022-04-05 23:26:40,780] {spark_submit.py:488} INFO - 22/04/05 23:26:40 INFO ParquetOutputFormat: Parquet properties are:
[2022-04-05 23:26:40,781] {spark_submit.py:488} INFO - Parquet page size to 1048576
[2022-04-05 23:26:40,781] {spark_submit.py:488} INFO - Parquet dictionary page size to 1048576
[2022-04-05 23:26:40,781] {spark_submit.py:488} INFO - Dictionary is true
[2022-04-05 23:26:40,781] {spark_submit.py:488} INFO - Writer version is: PARQUET_1_0
[2022-04-05 23:26:40,781] {spark_submit.py:488} INFO - Page size checking is: estimated
[2022-04-05 23:26:40,781] {spark_submit.py:488} INFO - Min row count for page size check is: 100
[2022-04-05 23:26:40,781] {spark_submit.py:488} INFO - Max row count for page size check is: 10000
[2022-04-05 23:26:40,781] {spark_submit.py:488} INFO - Truncate length for column indexes is: 64
[2022-04-05 23:26:40,781] {spark_submit.py:488} INFO - Truncate length for statistics min/max  is: 2147483647
[2022-04-05 23:26:40,781] {spark_submit.py:488} INFO - Bloom filter enabled: false
[2022-04-05 23:26:40,781] {spark_submit.py:488} INFO - Max Bloom filter size for a column is 1048576
[2022-04-05 23:26:40,782] {spark_submit.py:488} INFO - Bloom filter expected number of distinct values are: null
[2022-04-05 23:26:40,782] {spark_submit.py:488} INFO - Page row count limit to 20000
[2022-04-05 23:26:40,782] {spark_submit.py:488} INFO - Writing page checksums is: on
[2022-04-05 23:26:40,804] {spark_submit.py:488} INFO - 22/04/05 23:26:40 INFO ParquetOutputFormat: Parquet block size to 134217728
[2022-04-05 23:26:40,805] {spark_submit.py:488} INFO - 22/04/05 23:26:40 INFO ParquetOutputFormat: Validation is off
[2022-04-05 23:26:40,805] {spark_submit.py:488} INFO - 22/04/05 23:26:40 INFO ParquetOutputFormat: Maximum row group padding size is 8388608 bytes
[2022-04-05 23:26:40,806] {spark_submit.py:488} INFO - 22/04/05 23:26:40 INFO ParquetOutputFormat: Parquet properties are:
[2022-04-05 23:26:40,806] {spark_submit.py:488} INFO - Parquet page size to 1048576
[2022-04-05 23:26:40,806] {spark_submit.py:488} INFO - Parquet dictionary page size to 1048576
[2022-04-05 23:26:40,806] {spark_submit.py:488} INFO - Dictionary is true
[2022-04-05 23:26:40,807] {spark_submit.py:488} INFO - Writer version is: PARQUET_1_0
[2022-04-05 23:26:40,807] {spark_submit.py:488} INFO - Page size checking is: estimated
[2022-04-05 23:26:40,807] {spark_submit.py:488} INFO - Min row count for page size check is: 100
[2022-04-05 23:26:40,807] {spark_submit.py:488} INFO - Max row count for page size check is: 10000
[2022-04-05 23:26:40,807] {spark_submit.py:488} INFO - Truncate length for column indexes is: 64
[2022-04-05 23:26:40,807] {spark_submit.py:488} INFO - Truncate length for statistics min/max  is: 2147483647
[2022-04-05 23:26:40,807] {spark_submit.py:488} INFO - Bloom filter enabled: false
[2022-04-05 23:26:40,807] {spark_submit.py:488} INFO - Max Bloom filter size for a column is 1048576
[2022-04-05 23:26:40,807] {spark_submit.py:488} INFO - Bloom filter expected number of distinct values are: null
[2022-04-05 23:26:40,807] {spark_submit.py:488} INFO - Page row count limit to 20000
[2022-04-05 23:26:40,807] {spark_submit.py:488} INFO - Writing page checksums is: on
[2022-04-05 23:26:40,836] {spark_submit.py:488} INFO - 22/04/05 23:26:40 INFO ParquetOutputFormat: Parquet block size to 134217728
[2022-04-05 23:26:40,836] {spark_submit.py:488} INFO - 22/04/05 23:26:40 INFO ParquetOutputFormat: Validation is off
[2022-04-05 23:26:40,836] {spark_submit.py:488} INFO - 22/04/05 23:26:40 INFO ParquetOutputFormat: Maximum row group padding size is 8388608 bytes
[2022-04-05 23:26:40,836] {spark_submit.py:488} INFO - 22/04/05 23:26:40 INFO ParquetOutputFormat: Parquet properties are:
[2022-04-05 23:26:40,836] {spark_submit.py:488} INFO - Parquet page size to 1048576
[2022-04-05 23:26:40,836] {spark_submit.py:488} INFO - Parquet dictionary page size to 1048576
[2022-04-05 23:26:40,837] {spark_submit.py:488} INFO - Dictionary is true
[2022-04-05 23:26:40,837] {spark_submit.py:488} INFO - Writer version is: PARQUET_1_0
[2022-04-05 23:26:40,837] {spark_submit.py:488} INFO - Page size checking is: estimated
[2022-04-05 23:26:40,837] {spark_submit.py:488} INFO - Min row count for page size check is: 100
[2022-04-05 23:26:40,837] {spark_submit.py:488} INFO - Max row count for page size check is: 10000
[2022-04-05 23:26:40,837] {spark_submit.py:488} INFO - Truncate length for column indexes is: 64
[2022-04-05 23:26:40,837] {spark_submit.py:488} INFO - Truncate length for statistics min/max  is: 2147483647
[2022-04-05 23:26:40,837] {spark_submit.py:488} INFO - Bloom filter enabled: false
[2022-04-05 23:26:40,837] {spark_submit.py:488} INFO - Max Bloom filter size for a column is 1048576
[2022-04-05 23:26:40,837] {spark_submit.py:488} INFO - Bloom filter expected number of distinct values are: null
[2022-04-05 23:26:40,837] {spark_submit.py:488} INFO - Page row count limit to 20000
[2022-04-05 23:26:40,837] {spark_submit.py:488} INFO - Writing page checksums is: on
[2022-04-05 23:26:40,870] {spark_submit.py:488} INFO - 22/04/05 23:26:40 INFO ParquetWriteSupport: Initialized Parquet WriteSupport with Catalyst schema:
[2022-04-05 23:26:40,871] {spark_submit.py:488} INFO - {
[2022-04-05 23:26:40,871] {spark_submit.py:488} INFO - "type" : "struct",
[2022-04-05 23:26:40,871] {spark_submit.py:488} INFO - "fields" : [ {
[2022-04-05 23:26:40,871] {spark_submit.py:488} INFO - "name" : "id",
[2022-04-05 23:26:40,871] {spark_submit.py:488} INFO - "type" : "integer",
[2022-04-05 23:26:40,871] {spark_submit.py:488} INFO - "nullable" : true,
[2022-04-05 23:26:40,871] {spark_submit.py:488} INFO - "metadata" : { }
[2022-04-05 23:26:40,871] {spark_submit.py:488} INFO - }, {
[2022-04-05 23:26:40,871] {spark_submit.py:488} INFO - "name" : "title",
[2022-04-05 23:26:40,871] {spark_submit.py:488} INFO - "type" : "string",
[2022-04-05 23:26:40,871] {spark_submit.py:488} INFO - "nullable" : true,
[2022-04-05 23:26:40,871] {spark_submit.py:488} INFO - "metadata" : { }
[2022-04-05 23:26:40,872] {spark_submit.py:488} INFO - }, {
[2022-04-05 23:26:40,872] {spark_submit.py:488} INFO - "name" : "body",
[2022-04-05 23:26:40,872] {spark_submit.py:488} INFO - "type" : "string",
[2022-04-05 23:26:40,872] {spark_submit.py:488} INFO - "nullable" : true,
[2022-04-05 23:26:40,872] {spark_submit.py:488} INFO - "metadata" : { }
[2022-04-05 23:26:40,872] {spark_submit.py:488} INFO - }, {
[2022-04-05 23:26:40,872] {spark_submit.py:488} INFO - "name" : "accepted_answer_id",
[2022-04-05 23:26:40,872] {spark_submit.py:488} INFO - "type" : "integer",
[2022-04-05 23:26:40,872] {spark_submit.py:488} INFO - "nullable" : true,
[2022-04-05 23:26:40,872] {spark_submit.py:488} INFO - "metadata" : { }
[2022-04-05 23:26:40,872] {spark_submit.py:488} INFO - }, {
[2022-04-05 23:26:40,872] {spark_submit.py:488} INFO - "name" : "answer_count",
[2022-04-05 23:26:40,872] {spark_submit.py:488} INFO - "type" : "integer",
[2022-04-05 23:26:40,872] {spark_submit.py:488} INFO - "nullable" : true,
[2022-04-05 23:26:40,873] {spark_submit.py:488} INFO - "metadata" : { }
[2022-04-05 23:26:40,873] {spark_submit.py:488} INFO - }, {
[2022-04-05 23:26:40,873] {spark_submit.py:488} INFO - "name" : "comment_count",
[2022-04-05 23:26:40,873] {spark_submit.py:488} INFO - "type" : "integer",
[2022-04-05 23:26:40,873] {spark_submit.py:488} INFO - "nullable" : true,
[2022-04-05 23:26:40,873] {spark_submit.py:488} INFO - "metadata" : { }
[2022-04-05 23:26:40,873] {spark_submit.py:488} INFO - }, {
[2022-04-05 23:26:40,873] {spark_submit.py:488} INFO - "name" : "community_owned_date",
[2022-04-05 23:26:40,873] {spark_submit.py:488} INFO - "type" : "timestamp",
[2022-04-05 23:26:40,873] {spark_submit.py:488} INFO - "nullable" : true,
[2022-04-05 23:26:40,873] {spark_submit.py:488} INFO - "metadata" : { }
[2022-04-05 23:26:40,873] {spark_submit.py:488} INFO - }, {
[2022-04-05 23:26:40,873] {spark_submit.py:488} INFO - "name" : "creation_date",
[2022-04-05 23:26:40,874] {spark_submit.py:488} INFO - "type" : "timestamp",
[2022-04-05 23:26:40,874] {spark_submit.py:488} INFO - "nullable" : true,
[2022-04-05 23:26:40,874] {spark_submit.py:488} INFO - "metadata" : { }
[2022-04-05 23:26:40,874] {spark_submit.py:488} INFO - }, {
[2022-04-05 23:26:40,874] {spark_submit.py:488} INFO - "name" : "favorite_count",
[2022-04-05 23:26:40,874] {spark_submit.py:488} INFO - "type" : "integer",
[2022-04-05 23:26:40,874] {spark_submit.py:488} INFO - "nullable" : true,
[2022-04-05 23:26:40,874] {spark_submit.py:488} INFO - "metadata" : { }
[2022-04-05 23:26:40,874] {spark_submit.py:488} INFO - }, {
[2022-04-05 23:26:40,874] {spark_submit.py:488} INFO - "name" : "last_activity_date",
[2022-04-05 23:26:40,874] {spark_submit.py:488} INFO - "type" : "timestamp",
[2022-04-05 23:26:40,874] {spark_submit.py:488} INFO - "nullable" : true,
[2022-04-05 23:26:40,874] {spark_submit.py:488} INFO - "metadata" : { }
[2022-04-05 23:26:40,874] {spark_submit.py:488} INFO - }, {
[2022-04-05 23:26:40,875] {spark_submit.py:488} INFO - "name" : "last_edit_date",
[2022-04-05 23:26:40,875] {spark_submit.py:488} INFO - "type" : "timestamp",
[2022-04-05 23:26:40,875] {spark_submit.py:488} INFO - "nullable" : true,
[2022-04-05 23:26:40,875] {spark_submit.py:488} INFO - "metadata" : { }
[2022-04-05 23:26:40,875] {spark_submit.py:488} INFO - }, {
[2022-04-05 23:26:40,875] {spark_submit.py:488} INFO - "name" : "last_editor_display_name",
[2022-04-05 23:26:40,875] {spark_submit.py:488} INFO - "type" : "string",
[2022-04-05 23:26:40,875] {spark_submit.py:488} INFO - "nullable" : true,
[2022-04-05 23:26:40,875] {spark_submit.py:488} INFO - "metadata" : { }
[2022-04-05 23:26:40,875] {spark_submit.py:488} INFO - }, {
[2022-04-05 23:26:40,875] {spark_submit.py:488} INFO - "name" : "last_editor_user_id",
[2022-04-05 23:26:40,875] {spark_submit.py:488} INFO - "type" : "integer",
[2022-04-05 23:26:40,877] {spark_submit.py:488} INFO - "nullable" : true,
[2022-04-05 23:26:40,877] {spark_submit.py:488} INFO - "metadata" : { }
[2022-04-05 23:26:40,877] {spark_submit.py:488} INFO - }, {
[2022-04-05 23:26:40,877] {spark_submit.py:488} INFO - "name" : "owner_display_name",
[2022-04-05 23:26:40,877] {spark_submit.py:488} INFO - "type" : "string",
[2022-04-05 23:26:40,877] {spark_submit.py:488} INFO - "nullable" : true,
[2022-04-05 23:26:40,878] {spark_submit.py:488} INFO - "metadata" : { }
[2022-04-05 23:26:40,878] {spark_submit.py:488} INFO - }, {
[2022-04-05 23:26:40,878] {spark_submit.py:488} INFO - "name" : "owner_user_id",
[2022-04-05 23:26:40,878] {spark_submit.py:488} INFO - "type" : "integer",
[2022-04-05 23:26:40,878] {spark_submit.py:488} INFO - "nullable" : true,
[2022-04-05 23:26:40,878] {spark_submit.py:488} INFO - "metadata" : { }
[2022-04-05 23:26:40,878] {spark_submit.py:488} INFO - }, {
[2022-04-05 23:26:40,878] {spark_submit.py:488} INFO - "name" : "parent_id",
[2022-04-05 23:26:40,878] {spark_submit.py:488} INFO - "type" : "integer",
[2022-04-05 23:26:40,878] {spark_submit.py:488} INFO - "nullable" : true,
[2022-04-05 23:26:40,878] {spark_submit.py:488} INFO - "metadata" : { }
[2022-04-05 23:26:40,878] {spark_submit.py:488} INFO - }, {
[2022-04-05 23:26:40,878] {spark_submit.py:488} INFO - "name" : "post_type_id",
[2022-04-05 23:26:40,879] {spark_submit.py:488} INFO - "type" : "integer",
[2022-04-05 23:26:40,879] {spark_submit.py:488} INFO - "nullable" : true,
[2022-04-05 23:26:40,879] {spark_submit.py:488} INFO - "metadata" : { }
[2022-04-05 23:26:40,879] {spark_submit.py:488} INFO - }, {
[2022-04-05 23:26:40,879] {spark_submit.py:488} INFO - "name" : "score",
[2022-04-05 23:26:40,879] {spark_submit.py:488} INFO - "type" : "integer",
[2022-04-05 23:26:40,879] {spark_submit.py:488} INFO - "nullable" : true,
[2022-04-05 23:26:40,879] {spark_submit.py:488} INFO - "metadata" : { }
[2022-04-05 23:26:40,879] {spark_submit.py:488} INFO - }, {
[2022-04-05 23:26:40,879] {spark_submit.py:488} INFO - "name" : "tags",
[2022-04-05 23:26:40,879] {spark_submit.py:488} INFO - "type" : "string",
[2022-04-05 23:26:40,879] {spark_submit.py:488} INFO - "nullable" : true,
[2022-04-05 23:26:40,879] {spark_submit.py:488} INFO - "metadata" : { }
[2022-04-05 23:26:40,884] {spark_submit.py:488} INFO - }, {
[2022-04-05 23:26:40,884] {spark_submit.py:488} INFO - "name" : "view_count",
[2022-04-05 23:26:40,884] {spark_submit.py:488} INFO - "type" : "integer",
[2022-04-05 23:26:40,884] {spark_submit.py:488} INFO - "nullable" : true,
[2022-04-05 23:26:40,884] {spark_submit.py:488} INFO - "metadata" : { }
[2022-04-05 23:26:40,884] {spark_submit.py:488} INFO - }, {
[2022-04-05 23:26:40,884] {spark_submit.py:488} INFO - "name" : "group_by_date",
[2022-04-05 23:26:40,884] {spark_submit.py:488} INFO - "type" : "timestamp",
[2022-04-05 23:26:40,884] {spark_submit.py:488} INFO - "nullable" : true,
[2022-04-05 23:26:40,885] {spark_submit.py:488} INFO - "metadata" : { }
[2022-04-05 23:26:40,885] {spark_submit.py:488} INFO - } ]
[2022-04-05 23:26:40,885] {spark_submit.py:488} INFO - }
[2022-04-05 23:26:40,885] {spark_submit.py:488} INFO - and corresponding Parquet message type:
[2022-04-05 23:26:40,885] {spark_submit.py:488} INFO - message spark_schema {
[2022-04-05 23:26:40,885] {spark_submit.py:488} INFO - optional int32 id;
[2022-04-05 23:26:40,885] {spark_submit.py:488} INFO - optional binary title (STRING);
[2022-04-05 23:26:40,885] {spark_submit.py:488} INFO - optional binary body (STRING);
[2022-04-05 23:26:40,885] {spark_submit.py:488} INFO - optional int32 accepted_answer_id;
[2022-04-05 23:26:40,885] {spark_submit.py:488} INFO - optional int32 answer_count;
[2022-04-05 23:26:40,885] {spark_submit.py:488} INFO - optional int32 comment_count;
[2022-04-05 23:26:40,885] {spark_submit.py:488} INFO - optional int96 community_owned_date;
[2022-04-05 23:26:40,885] {spark_submit.py:488} INFO - optional int96 creation_date;
[2022-04-05 23:26:40,885] {spark_submit.py:488} INFO - optional int32 favorite_count;
[2022-04-05 23:26:40,885] {spark_submit.py:488} INFO - optional int96 last_activity_date;
[2022-04-05 23:26:40,886] {spark_submit.py:488} INFO - optional int96 last_edit_date;
[2022-04-05 23:26:40,886] {spark_submit.py:488} INFO - optional binary last_editor_display_name (STRING);
[2022-04-05 23:26:40,886] {spark_submit.py:488} INFO - optional int32 last_editor_user_id;
[2022-04-05 23:26:40,886] {spark_submit.py:488} INFO - optional binary owner_display_name (STRING);
[2022-04-05 23:26:40,886] {spark_submit.py:488} INFO - optional int32 owner_user_id;
[2022-04-05 23:26:40,886] {spark_submit.py:488} INFO - optional int32 parent_id;
[2022-04-05 23:26:40,886] {spark_submit.py:488} INFO - optional int32 post_type_id;
[2022-04-05 23:26:40,886] {spark_submit.py:488} INFO - optional int32 score;
[2022-04-05 23:26:40,886] {spark_submit.py:488} INFO - optional binary tags (STRING);
[2022-04-05 23:26:40,886] {spark_submit.py:488} INFO - optional int32 view_count;
[2022-04-05 23:26:40,886] {spark_submit.py:488} INFO - optional int96 group_by_date;
[2022-04-05 23:26:40,886] {spark_submit.py:488} INFO - }
[2022-04-05 23:26:40,886] {spark_submit.py:488} INFO - 
[2022-04-05 23:26:40,886] {spark_submit.py:488} INFO - 
[2022-04-05 23:26:40,935] {spark_submit.py:488} INFO - 22/04/05 23:26:40 INFO ParquetWriteSupport: Initialized Parquet WriteSupport with Catalyst schema:
[2022-04-05 23:26:40,936] {spark_submit.py:488} INFO - {
[2022-04-05 23:26:40,936] {spark_submit.py:488} INFO - "type" : "struct",
[2022-04-05 23:26:40,936] {spark_submit.py:488} INFO - "fields" : [ {
[2022-04-05 23:26:40,936] {spark_submit.py:488} INFO - "name" : "id",
[2022-04-05 23:26:40,936] {spark_submit.py:488} INFO - "type" : "integer",
[2022-04-05 23:26:40,936] {spark_submit.py:488} INFO - "nullable" : true,
[2022-04-05 23:26:40,936] {spark_submit.py:488} INFO - "metadata" : { }
[2022-04-05 23:26:40,936] {spark_submit.py:488} INFO - }, {
[2022-04-05 23:26:40,936] {spark_submit.py:488} INFO - "name" : "title",
[2022-04-05 23:26:40,936] {spark_submit.py:488} INFO - "type" : "string",
[2022-04-05 23:26:40,936] {spark_submit.py:488} INFO - "nullable" : true,
[2022-04-05 23:26:40,936] {spark_submit.py:488} INFO - "metadata" : { }
[2022-04-05 23:26:40,937] {spark_submit.py:488} INFO - }, {
[2022-04-05 23:26:40,937] {spark_submit.py:488} INFO - "name" : "body",
[2022-04-05 23:26:40,937] {spark_submit.py:488} INFO - "type" : "string",
[2022-04-05 23:26:40,937] {spark_submit.py:488} INFO - "nullable" : true,
[2022-04-05 23:26:40,937] {spark_submit.py:488} INFO - "metadata" : { }
[2022-04-05 23:26:40,937] {spark_submit.py:488} INFO - }, {
[2022-04-05 23:26:40,937] {spark_submit.py:488} INFO - "name" : "accepted_answer_id",
[2022-04-05 23:26:40,937] {spark_submit.py:488} INFO - "type" : "integer",
[2022-04-05 23:26:40,937] {spark_submit.py:488} INFO - "nullable" : true,
[2022-04-05 23:26:40,937] {spark_submit.py:488} INFO - "metadata" : { }
[2022-04-05 23:26:40,937] {spark_submit.py:488} INFO - }, {
[2022-04-05 23:26:40,937] {spark_submit.py:488} INFO - "name" : "answer_count",
[2022-04-05 23:26:40,937] {spark_submit.py:488} INFO - "type" : "integer",
[2022-04-05 23:26:40,938] {spark_submit.py:488} INFO - "nullable" : true,
[2022-04-05 23:26:40,938] {spark_submit.py:488} INFO - "metadata" : { }
[2022-04-05 23:26:40,938] {spark_submit.py:488} INFO - }, {
[2022-04-05 23:26:40,938] {spark_submit.py:488} INFO - "name" : "comment_count",
[2022-04-05 23:26:40,938] {spark_submit.py:488} INFO - "type" : "integer",
[2022-04-05 23:26:40,938] {spark_submit.py:488} INFO - "nullable" : true,
[2022-04-05 23:26:40,938] {spark_submit.py:488} INFO - "metadata" : { }
[2022-04-05 23:26:40,938] {spark_submit.py:488} INFO - }, {
[2022-04-05 23:26:40,938] {spark_submit.py:488} INFO - "name" : "community_owned_date",
[2022-04-05 23:26:40,938] {spark_submit.py:488} INFO - "type" : "timestamp",
[2022-04-05 23:26:40,938] {spark_submit.py:488} INFO - "nullable" : true,
[2022-04-05 23:26:40,938] {spark_submit.py:488} INFO - "metadata" : { }
[2022-04-05 23:26:40,938] {spark_submit.py:488} INFO - }, {
[2022-04-05 23:26:40,939] {spark_submit.py:488} INFO - "name" : "creation_date",
[2022-04-05 23:26:40,939] {spark_submit.py:488} INFO - "type" : "timestamp",
[2022-04-05 23:26:40,939] {spark_submit.py:488} INFO - "nullable" : true,
[2022-04-05 23:26:40,939] {spark_submit.py:488} INFO - "metadata" : { }
[2022-04-05 23:26:40,939] {spark_submit.py:488} INFO - }, {
[2022-04-05 23:26:40,944] {spark_submit.py:488} INFO - "name" : "favorite_count",
[2022-04-05 23:26:40,944] {spark_submit.py:488} INFO - "type" : "integer",
[2022-04-05 23:26:40,944] {spark_submit.py:488} INFO - "nullable" : true,
[2022-04-05 23:26:40,944] {spark_submit.py:488} INFO - "metadata" : { }
[2022-04-05 23:26:40,944] {spark_submit.py:488} INFO - }, {
[2022-04-05 23:26:40,944] {spark_submit.py:488} INFO - "name" : "last_activity_date",
[2022-04-05 23:26:40,944] {spark_submit.py:488} INFO - "type" : "timestamp",
[2022-04-05 23:26:40,944] {spark_submit.py:488} INFO - "nullable" : true,
[2022-04-05 23:26:40,944] {spark_submit.py:488} INFO - "metadata" : { }
[2022-04-05 23:26:40,944] {spark_submit.py:488} INFO - }, {
[2022-04-05 23:26:40,945] {spark_submit.py:488} INFO - "name" : "last_edit_date",
[2022-04-05 23:26:40,945] {spark_submit.py:488} INFO - "type" : "timestamp",
[2022-04-05 23:26:40,945] {spark_submit.py:488} INFO - "nullable" : true,
[2022-04-05 23:26:40,945] {spark_submit.py:488} INFO - "metadata" : { }
[2022-04-05 23:26:40,945] {spark_submit.py:488} INFO - }, {
[2022-04-05 23:26:40,945] {spark_submit.py:488} INFO - "name" : "last_editor_display_name",
[2022-04-05 23:26:40,945] {spark_submit.py:488} INFO - "type" : "string",
[2022-04-05 23:26:40,945] {spark_submit.py:488} INFO - "nullable" : true,
[2022-04-05 23:26:40,945] {spark_submit.py:488} INFO - "metadata" : { }
[2022-04-05 23:26:40,945] {spark_submit.py:488} INFO - }, {
[2022-04-05 23:26:40,945] {spark_submit.py:488} INFO - "name" : "last_editor_user_id",
[2022-04-05 23:26:40,945] {spark_submit.py:488} INFO - "type" : "integer",
[2022-04-05 23:26:40,945] {spark_submit.py:488} INFO - "nullable" : true,
[2022-04-05 23:26:40,945] {spark_submit.py:488} INFO - "metadata" : { }
[2022-04-05 23:26:40,946] {spark_submit.py:488} INFO - }, {
[2022-04-05 23:26:40,946] {spark_submit.py:488} INFO - "name" : "owner_display_name",
[2022-04-05 23:26:40,946] {spark_submit.py:488} INFO - "type" : "string",
[2022-04-05 23:26:40,946] {spark_submit.py:488} INFO - "nullable" : true,
[2022-04-05 23:26:40,946] {spark_submit.py:488} INFO - "metadata" : { }
[2022-04-05 23:26:40,946] {spark_submit.py:488} INFO - }, {
[2022-04-05 23:26:40,946] {spark_submit.py:488} INFO - "name" : "owner_user_id",
[2022-04-05 23:26:40,946] {spark_submit.py:488} INFO - "type" : "integer",
[2022-04-05 23:26:40,946] {spark_submit.py:488} INFO - "nullable" : true,
[2022-04-05 23:26:40,946] {spark_submit.py:488} INFO - "metadata" : { }
[2022-04-05 23:26:40,946] {spark_submit.py:488} INFO - }, {
[2022-04-05 23:26:40,946] {spark_submit.py:488} INFO - "name" : "parent_id",
[2022-04-05 23:26:40,946] {spark_submit.py:488} INFO - "type" : "integer",
[2022-04-05 23:26:40,946] {spark_submit.py:488} INFO - "nullable" : true,
[2022-04-05 23:26:40,946] {spark_submit.py:488} INFO - "metadata" : { }
[2022-04-05 23:26:40,947] {spark_submit.py:488} INFO - }, {
[2022-04-05 23:26:40,947] {spark_submit.py:488} INFO - "name" : "post_type_id",
[2022-04-05 23:26:40,947] {spark_submit.py:488} INFO - "type" : "integer",
[2022-04-05 23:26:40,947] {spark_submit.py:488} INFO - "nullable" : true,
[2022-04-05 23:26:40,947] {spark_submit.py:488} INFO - "metadata" : { }
[2022-04-05 23:26:40,947] {spark_submit.py:488} INFO - }, {
[2022-04-05 23:26:40,947] {spark_submit.py:488} INFO - "name" : "score",
[2022-04-05 23:26:40,947] {spark_submit.py:488} INFO - "type" : "integer",
[2022-04-05 23:26:40,947] {spark_submit.py:488} INFO - "nullable" : true,
[2022-04-05 23:26:40,947] {spark_submit.py:488} INFO - "metadata" : { }
[2022-04-05 23:26:40,947] {spark_submit.py:488} INFO - }, {
[2022-04-05 23:26:40,947] {spark_submit.py:488} INFO - "name" : "tags",
[2022-04-05 23:26:40,947] {spark_submit.py:488} INFO - "type" : "string",
[2022-04-05 23:26:40,954] {spark_submit.py:488} INFO - "nullable" : true,
[2022-04-05 23:26:40,955] {spark_submit.py:488} INFO - "metadata" : { }
[2022-04-05 23:26:40,955] {spark_submit.py:488} INFO - }, {
[2022-04-05 23:26:40,955] {spark_submit.py:488} INFO - "name" : "view_count",
[2022-04-05 23:26:40,955] {spark_submit.py:488} INFO - "type" : "integer",
[2022-04-05 23:26:40,955] {spark_submit.py:488} INFO - "nullable" : true,
[2022-04-05 23:26:40,955] {spark_submit.py:488} INFO - "metadata" : { }
[2022-04-05 23:26:40,955] {spark_submit.py:488} INFO - }, {
[2022-04-05 23:26:40,955] {spark_submit.py:488} INFO - "name" : "group_by_date",
[2022-04-05 23:26:40,955] {spark_submit.py:488} INFO - "type" : "timestamp",
[2022-04-05 23:26:40,955] {spark_submit.py:488} INFO - "nullable" : true,
[2022-04-05 23:26:40,955] {spark_submit.py:488} INFO - "metadata" : { }
[2022-04-05 23:26:40,956] {spark_submit.py:488} INFO - } ]
[2022-04-05 23:26:40,956] {spark_submit.py:488} INFO - }
[2022-04-05 23:26:40,956] {spark_submit.py:488} INFO - and corresponding Parquet message type:
[2022-04-05 23:26:40,956] {spark_submit.py:488} INFO - message spark_schema {
[2022-04-05 23:26:40,956] {spark_submit.py:488} INFO - optional int32 id;
[2022-04-05 23:26:40,956] {spark_submit.py:488} INFO - optional binary title (STRING);
[2022-04-05 23:26:40,956] {spark_submit.py:488} INFO - optional binary body (STRING);
[2022-04-05 23:26:40,956] {spark_submit.py:488} INFO - optional int32 accepted_answer_id;
[2022-04-05 23:26:40,956] {spark_submit.py:488} INFO - optional int32 answer_count;
[2022-04-05 23:26:40,956] {spark_submit.py:488} INFO - optional int32 comment_count;
[2022-04-05 23:26:40,956] {spark_submit.py:488} INFO - optional int96 community_owned_date;
[2022-04-05 23:26:40,956] {spark_submit.py:488} INFO - optional int96 creation_date;
[2022-04-05 23:26:40,956] {spark_submit.py:488} INFO - optional int32 favorite_count;
[2022-04-05 23:26:40,956] {spark_submit.py:488} INFO - optional int96 last_activity_date;
[2022-04-05 23:26:40,957] {spark_submit.py:488} INFO - optional int96 last_edit_date;
[2022-04-05 23:26:40,957] {spark_submit.py:488} INFO - optional binary last_editor_display_name (STRING);
[2022-04-05 23:26:40,957] {spark_submit.py:488} INFO - optional int32 last_editor_user_id;
[2022-04-05 23:26:40,957] {spark_submit.py:488} INFO - optional binary owner_display_name (STRING);
[2022-04-05 23:26:40,957] {spark_submit.py:488} INFO - optional int32 owner_user_id;
[2022-04-05 23:26:40,967] {spark_submit.py:488} INFO - optional int32 parent_id;
[2022-04-05 23:26:40,968] {spark_submit.py:488} INFO - optional int32 post_type_id;
[2022-04-05 23:26:40,968] {spark_submit.py:488} INFO - optional int32 score;
[2022-04-05 23:26:40,968] {spark_submit.py:488} INFO - optional binary tags (STRING);
[2022-04-05 23:26:40,968] {spark_submit.py:488} INFO - optional int32 view_count;
[2022-04-05 23:26:40,968] {spark_submit.py:488} INFO - optional int96 group_by_date;
[2022-04-05 23:26:40,968] {spark_submit.py:488} INFO - }
[2022-04-05 23:26:40,968] {spark_submit.py:488} INFO - 
[2022-04-05 23:26:40,968] {spark_submit.py:488} INFO - 
[2022-04-05 23:26:40,968] {spark_submit.py:488} INFO - 22/04/05 23:26:40 INFO ParquetWriteSupport: Initialized Parquet WriteSupport with Catalyst schema:
[2022-04-05 23:26:40,968] {spark_submit.py:488} INFO - {
[2022-04-05 23:26:40,968] {spark_submit.py:488} INFO - "type" : "struct",
[2022-04-05 23:26:40,968] {spark_submit.py:488} INFO - "fields" : [ {
[2022-04-05 23:26:40,968] {spark_submit.py:488} INFO - "name" : "id",
[2022-04-05 23:26:40,969] {spark_submit.py:488} INFO - "type" : "integer",
[2022-04-05 23:26:40,969] {spark_submit.py:488} INFO - "nullable" : true,
[2022-04-05 23:26:40,969] {spark_submit.py:488} INFO - "metadata" : { }
[2022-04-05 23:26:40,969] {spark_submit.py:488} INFO - }, {
[2022-04-05 23:26:40,969] {spark_submit.py:488} INFO - "name" : "title",
[2022-04-05 23:26:40,984] {spark_submit.py:488} INFO - "type" : "string",
[2022-04-05 23:26:40,984] {spark_submit.py:488} INFO - "nullable" : true,
[2022-04-05 23:26:40,984] {spark_submit.py:488} INFO - "metadata" : { }
[2022-04-05 23:26:40,984] {spark_submit.py:488} INFO - }, {
[2022-04-05 23:26:40,984] {spark_submit.py:488} INFO - "name" : "body",
[2022-04-05 23:26:40,984] {spark_submit.py:488} INFO - "type" : "string",
[2022-04-05 23:26:40,984] {spark_submit.py:488} INFO - "nullable" : true,
[2022-04-05 23:26:40,984] {spark_submit.py:488} INFO - "metadata" : { }
[2022-04-05 23:26:40,984] {spark_submit.py:488} INFO - }, {
[2022-04-05 23:26:40,984] {spark_submit.py:488} INFO - "name" : "accepted_answer_id",
[2022-04-05 23:26:40,985] {spark_submit.py:488} INFO - "type" : "integer",
[2022-04-05 23:26:40,985] {spark_submit.py:488} INFO - "nullable" : true,
[2022-04-05 23:26:40,985] {spark_submit.py:488} INFO - "metadata" : { }
[2022-04-05 23:26:40,985] {spark_submit.py:488} INFO - }, {
[2022-04-05 23:26:40,985] {spark_submit.py:488} INFO - "name" : "answer_count",
[2022-04-05 23:26:40,985] {spark_submit.py:488} INFO - "type" : "integer",
[2022-04-05 23:26:40,985] {spark_submit.py:488} INFO - "nullable" : true,
[2022-04-05 23:26:40,985] {spark_submit.py:488} INFO - "metadata" : { }
[2022-04-05 23:26:40,985] {spark_submit.py:488} INFO - }, {
[2022-04-05 23:26:40,985] {spark_submit.py:488} INFO - "name" : "comment_count",
[2022-04-05 23:26:40,985] {spark_submit.py:488} INFO - "type" : "integer",
[2022-04-05 23:26:40,985] {spark_submit.py:488} INFO - "nullable" : true,
[2022-04-05 23:26:40,985] {spark_submit.py:488} INFO - "metadata" : { }
[2022-04-05 23:26:40,985] {spark_submit.py:488} INFO - }, {
[2022-04-05 23:26:40,985] {spark_submit.py:488} INFO - "name" : "community_owned_date",
[2022-04-05 23:26:40,985] {spark_submit.py:488} INFO - "type" : "timestamp",
[2022-04-05 23:26:40,985] {spark_submit.py:488} INFO - "nullable" : true,
[2022-04-05 23:26:40,986] {spark_submit.py:488} INFO - "metadata" : { }
[2022-04-05 23:26:40,986] {spark_submit.py:488} INFO - }, {
[2022-04-05 23:26:40,986] {spark_submit.py:488} INFO - "name" : "creation_date",
[2022-04-05 23:26:40,986] {spark_submit.py:488} INFO - "type" : "timestamp",
[2022-04-05 23:26:40,986] {spark_submit.py:488} INFO - "nullable" : true,
[2022-04-05 23:26:40,986] {spark_submit.py:488} INFO - "metadata" : { }
[2022-04-05 23:26:40,986] {spark_submit.py:488} INFO - }, {
[2022-04-05 23:26:40,986] {spark_submit.py:488} INFO - "name" : "favorite_count",
[2022-04-05 23:26:40,986] {spark_submit.py:488} INFO - "type" : "integer",
[2022-04-05 23:26:40,986] {spark_submit.py:488} INFO - "nullable" : true,
[2022-04-05 23:26:40,986] {spark_submit.py:488} INFO - "metadata" : { }
[2022-04-05 23:26:40,986] {spark_submit.py:488} INFO - }, {
[2022-04-05 23:26:40,986] {spark_submit.py:488} INFO - "name" : "last_activity_date",
[2022-04-05 23:26:40,986] {spark_submit.py:488} INFO - "type" : "timestamp",
[2022-04-05 23:26:40,986] {spark_submit.py:488} INFO - "nullable" : true,
[2022-04-05 23:26:40,986] {spark_submit.py:488} INFO - "metadata" : { }
[2022-04-05 23:26:40,987] {spark_submit.py:488} INFO - }, {
[2022-04-05 23:26:40,987] {spark_submit.py:488} INFO - "name" : "last_edit_date",
[2022-04-05 23:26:40,987] {spark_submit.py:488} INFO - "type" : "timestamp",
[2022-04-05 23:26:40,987] {spark_submit.py:488} INFO - "nullable" : true,
[2022-04-05 23:26:40,987] {spark_submit.py:488} INFO - "metadata" : { }
[2022-04-05 23:26:40,987] {spark_submit.py:488} INFO - }, {
[2022-04-05 23:26:40,987] {spark_submit.py:488} INFO - "name" : "last_editor_display_name",
[2022-04-05 23:26:40,987] {spark_submit.py:488} INFO - "type" : "string",
[2022-04-05 23:26:40,987] {spark_submit.py:488} INFO - "nullable" : true,
[2022-04-05 23:26:40,987] {spark_submit.py:488} INFO - "metadata" : { }
[2022-04-05 23:26:40,987] {spark_submit.py:488} INFO - }, {
[2022-04-05 23:26:40,987] {spark_submit.py:488} INFO - "name" : "last_editor_user_id",
[2022-04-05 23:26:40,987] {spark_submit.py:488} INFO - "type" : "integer",
[2022-04-05 23:26:40,987] {spark_submit.py:488} INFO - "nullable" : true,
[2022-04-05 23:26:41,020] {spark_submit.py:488} INFO - "metadata" : { }
[2022-04-05 23:26:41,020] {spark_submit.py:488} INFO - }, {
[2022-04-05 23:26:41,020] {spark_submit.py:488} INFO - "name" : "owner_display_name",
[2022-04-05 23:26:41,020] {spark_submit.py:488} INFO - "type" : "string",
[2022-04-05 23:26:41,020] {spark_submit.py:488} INFO - "nullable" : true,
[2022-04-05 23:26:41,020] {spark_submit.py:488} INFO - "metadata" : { }
[2022-04-05 23:26:41,020] {spark_submit.py:488} INFO - }, {
[2022-04-05 23:26:41,021] {spark_submit.py:488} INFO - "name" : "owner_user_id",
[2022-04-05 23:26:41,021] {spark_submit.py:488} INFO - "type" : "integer",
[2022-04-05 23:26:41,021] {spark_submit.py:488} INFO - "nullable" : true,
[2022-04-05 23:26:41,021] {spark_submit.py:488} INFO - "metadata" : { }
[2022-04-05 23:26:41,021] {spark_submit.py:488} INFO - }, {
[2022-04-05 23:26:41,021] {spark_submit.py:488} INFO - "name" : "parent_id",
[2022-04-05 23:26:41,021] {spark_submit.py:488} INFO - "type" : "integer",
[2022-04-05 23:26:41,021] {spark_submit.py:488} INFO - "nullable" : true,
[2022-04-05 23:26:41,021] {spark_submit.py:488} INFO - "metadata" : { }
[2022-04-05 23:26:41,021] {spark_submit.py:488} INFO - }, {
[2022-04-05 23:26:41,021] {spark_submit.py:488} INFO - "name" : "post_type_id",
[2022-04-05 23:26:41,021] {spark_submit.py:488} INFO - "type" : "integer",
[2022-04-05 23:26:41,021] {spark_submit.py:488} INFO - "nullable" : true,
[2022-04-05 23:26:41,022] {spark_submit.py:488} INFO - "metadata" : { }
[2022-04-05 23:26:41,022] {spark_submit.py:488} INFO - }, {
[2022-04-05 23:26:41,022] {spark_submit.py:488} INFO - "name" : "score",
[2022-04-05 23:26:41,022] {spark_submit.py:488} INFO - "type" : "integer",
[2022-04-05 23:26:41,022] {spark_submit.py:488} INFO - "nullable" : true,
[2022-04-05 23:26:41,022] {spark_submit.py:488} INFO - "metadata" : { }
[2022-04-05 23:26:41,022] {spark_submit.py:488} INFO - }, {
[2022-04-05 23:26:41,022] {spark_submit.py:488} INFO - "name" : "tags",
[2022-04-05 23:26:41,022] {spark_submit.py:488} INFO - "type" : "string",
[2022-04-05 23:26:41,022] {spark_submit.py:488} INFO - "nullable" : true,
[2022-04-05 23:26:41,022] {spark_submit.py:488} INFO - "metadata" : { }
[2022-04-05 23:26:41,022] {spark_submit.py:488} INFO - }, {
[2022-04-05 23:26:41,022] {spark_submit.py:488} INFO - "name" : "view_count",
[2022-04-05 23:26:41,022] {spark_submit.py:488} INFO - "type" : "integer",
[2022-04-05 23:26:41,023] {spark_submit.py:488} INFO - "nullable" : true,
[2022-04-05 23:26:41,023] {spark_submit.py:488} INFO - "metadata" : { }
[2022-04-05 23:26:41,023] {spark_submit.py:488} INFO - }, {
[2022-04-05 23:26:41,023] {spark_submit.py:488} INFO - "name" : "group_by_date",
[2022-04-05 23:26:41,023] {spark_submit.py:488} INFO - "type" : "timestamp",
[2022-04-05 23:26:41,023] {spark_submit.py:488} INFO - "nullable" : true,
[2022-04-05 23:26:41,023] {spark_submit.py:488} INFO - "metadata" : { }
[2022-04-05 23:26:41,023] {spark_submit.py:488} INFO - } ]
[2022-04-05 23:26:41,023] {spark_submit.py:488} INFO - }
[2022-04-05 23:26:41,023] {spark_submit.py:488} INFO - and corresponding Parquet message type:
[2022-04-05 23:26:41,023] {spark_submit.py:488} INFO - message spark_schema {
[2022-04-05 23:26:41,023] {spark_submit.py:488} INFO - optional int32 id;
[2022-04-05 23:26:41,023] {spark_submit.py:488} INFO - optional binary title (STRING);
[2022-04-05 23:26:41,060] {spark_submit.py:488} INFO - optional binary body (STRING);
[2022-04-05 23:26:41,060] {spark_submit.py:488} INFO - optional int32 accepted_answer_id;
[2022-04-05 23:26:41,060] {spark_submit.py:488} INFO - optional int32 answer_count;
[2022-04-05 23:26:41,060] {spark_submit.py:488} INFO - optional int32 comment_count;
[2022-04-05 23:26:41,060] {spark_submit.py:488} INFO - optional int96 community_owned_date;
[2022-04-05 23:26:41,060] {spark_submit.py:488} INFO - optional int96 creation_date;
[2022-04-05 23:26:41,060] {spark_submit.py:488} INFO - optional int32 favorite_count;
[2022-04-05 23:26:41,060] {spark_submit.py:488} INFO - optional int96 last_activity_date;
[2022-04-05 23:26:41,060] {spark_submit.py:488} INFO - optional int96 last_edit_date;
[2022-04-05 23:26:41,061] {spark_submit.py:488} INFO - optional binary last_editor_display_name (STRING);
[2022-04-05 23:26:41,061] {spark_submit.py:488} INFO - optional int32 last_editor_user_id;
[2022-04-05 23:26:41,061] {spark_submit.py:488} INFO - optional binary owner_display_name (STRING);
[2022-04-05 23:26:41,061] {spark_submit.py:488} INFO - optional int32 owner_user_id;
[2022-04-05 23:26:41,061] {spark_submit.py:488} INFO - optional int32 parent_id;
[2022-04-05 23:26:41,061] {spark_submit.py:488} INFO - optional int32 post_type_id;
[2022-04-05 23:26:41,061] {spark_submit.py:488} INFO - optional int32 score;
[2022-04-05 23:26:41,061] {spark_submit.py:488} INFO - optional binary tags (STRING);
[2022-04-05 23:26:41,061] {spark_submit.py:488} INFO - optional int32 view_count;
[2022-04-05 23:26:41,061] {spark_submit.py:488} INFO - optional int96 group_by_date;
[2022-04-05 23:26:41,061] {spark_submit.py:488} INFO - }
[2022-04-05 23:26:41,061] {spark_submit.py:488} INFO - 
[2022-04-05 23:26:41,061] {spark_submit.py:488} INFO - 
[2022-04-05 23:26:41,062] {spark_submit.py:488} INFO - 22/04/05 23:26:40 INFO ParquetWriteSupport: Initialized Parquet WriteSupport with Catalyst schema:
[2022-04-05 23:26:41,062] {spark_submit.py:488} INFO - {
[2022-04-05 23:26:41,062] {spark_submit.py:488} INFO - "type" : "struct",
[2022-04-05 23:26:41,062] {spark_submit.py:488} INFO - "fields" : [ {
[2022-04-05 23:26:41,062] {spark_submit.py:488} INFO - "name" : "id",
[2022-04-05 23:26:41,062] {spark_submit.py:488} INFO - "type" : "integer",
[2022-04-05 23:26:41,062] {spark_submit.py:488} INFO - "nullable" : true,
[2022-04-05 23:26:41,062] {spark_submit.py:488} INFO - "metadata" : { }
[2022-04-05 23:26:41,062] {spark_submit.py:488} INFO - }, {
[2022-04-05 23:26:41,062] {spark_submit.py:488} INFO - "name" : "title",
[2022-04-05 23:26:41,062] {spark_submit.py:488} INFO - "type" : "string",
[2022-04-05 23:26:41,062] {spark_submit.py:488} INFO - "nullable" : true,
[2022-04-05 23:26:41,062] {spark_submit.py:488} INFO - "metadata" : { }
[2022-04-05 23:26:41,062] {spark_submit.py:488} INFO - }, {
[2022-04-05 23:26:41,062] {spark_submit.py:488} INFO - "name" : "body",
[2022-04-05 23:26:41,063] {spark_submit.py:488} INFO - "type" : "string",
[2022-04-05 23:26:41,063] {spark_submit.py:488} INFO - "nullable" : true,
[2022-04-05 23:26:41,063] {spark_submit.py:488} INFO - "metadata" : { }
[2022-04-05 23:26:41,063] {spark_submit.py:488} INFO - }, {
[2022-04-05 23:26:41,063] {spark_submit.py:488} INFO - "name" : "accepted_answer_id",
[2022-04-05 23:26:41,063] {spark_submit.py:488} INFO - "type" : "integer",
[2022-04-05 23:26:41,063] {spark_submit.py:488} INFO - "nullable" : true,
[2022-04-05 23:26:41,063] {spark_submit.py:488} INFO - "metadata" : { }
[2022-04-05 23:26:41,063] {spark_submit.py:488} INFO - }, {
[2022-04-05 23:26:41,105] {spark_submit.py:488} INFO - "name" : "answer_count",
[2022-04-05 23:26:41,105] {spark_submit.py:488} INFO - "type" : "integer",
[2022-04-05 23:26:41,105] {spark_submit.py:488} INFO - "nullable" : true,
[2022-04-05 23:26:41,105] {spark_submit.py:488} INFO - "metadata" : { }
[2022-04-05 23:26:41,106] {spark_submit.py:488} INFO - }, {
[2022-04-05 23:26:41,106] {spark_submit.py:488} INFO - "name" : "comment_count",
[2022-04-05 23:26:41,106] {spark_submit.py:488} INFO - "type" : "integer",
[2022-04-05 23:26:41,106] {spark_submit.py:488} INFO - "nullable" : true,
[2022-04-05 23:26:41,106] {spark_submit.py:488} INFO - "metadata" : { }
[2022-04-05 23:26:41,106] {spark_submit.py:488} INFO - }, {
[2022-04-05 23:26:41,106] {spark_submit.py:488} INFO - "name" : "community_owned_date",
[2022-04-05 23:26:41,106] {spark_submit.py:488} INFO - "type" : "timestamp",
[2022-04-05 23:26:41,106] {spark_submit.py:488} INFO - "nullable" : true,
[2022-04-05 23:26:41,106] {spark_submit.py:488} INFO - "metadata" : { }
[2022-04-05 23:26:41,106] {spark_submit.py:488} INFO - }, {
[2022-04-05 23:26:41,106] {spark_submit.py:488} INFO - "name" : "creation_date",
[2022-04-05 23:26:41,131] {spark_submit.py:488} INFO - "type" : "timestamp",
[2022-04-05 23:26:41,131] {spark_submit.py:488} INFO - "nullable" : true,
[2022-04-05 23:26:41,131] {spark_submit.py:488} INFO - "metadata" : { }
[2022-04-05 23:26:41,131] {spark_submit.py:488} INFO - }, {
[2022-04-05 23:26:41,131] {spark_submit.py:488} INFO - "name" : "favorite_count",
[2022-04-05 23:26:41,131] {spark_submit.py:488} INFO - "type" : "integer",
[2022-04-05 23:26:41,131] {spark_submit.py:488} INFO - "nullable" : true,
[2022-04-05 23:26:41,131] {spark_submit.py:488} INFO - "metadata" : { }
[2022-04-05 23:26:41,131] {spark_submit.py:488} INFO - }, {
[2022-04-05 23:26:41,132] {spark_submit.py:488} INFO - "name" : "last_activity_date",
[2022-04-05 23:26:41,132] {spark_submit.py:488} INFO - "type" : "timestamp",
[2022-04-05 23:26:41,132] {spark_submit.py:488} INFO - "nullable" : true,
[2022-04-05 23:26:41,132] {spark_submit.py:488} INFO - "metadata" : { }
[2022-04-05 23:26:41,132] {spark_submit.py:488} INFO - }, {
[2022-04-05 23:26:41,132] {spark_submit.py:488} INFO - "name" : "last_edit_date",
[2022-04-05 23:26:41,132] {spark_submit.py:488} INFO - "type" : "timestamp",
[2022-04-05 23:26:41,132] {spark_submit.py:488} INFO - "nullable" : true,
[2022-04-05 23:26:41,132] {spark_submit.py:488} INFO - "metadata" : { }
[2022-04-05 23:26:41,132] {spark_submit.py:488} INFO - }, {
[2022-04-05 23:26:41,132] {spark_submit.py:488} INFO - "name" : "last_editor_display_name",
[2022-04-05 23:26:41,132] {spark_submit.py:488} INFO - "type" : "string",
[2022-04-05 23:26:41,132] {spark_submit.py:488} INFO - "nullable" : true,
[2022-04-05 23:26:41,132] {spark_submit.py:488} INFO - "metadata" : { }
[2022-04-05 23:26:41,132] {spark_submit.py:488} INFO - }, {
[2022-04-05 23:26:41,133] {spark_submit.py:488} INFO - "name" : "last_editor_user_id",
[2022-04-05 23:26:41,133] {spark_submit.py:488} INFO - "type" : "integer",
[2022-04-05 23:26:41,133] {spark_submit.py:488} INFO - "nullable" : true,
[2022-04-05 23:26:41,133] {spark_submit.py:488} INFO - "metadata" : { }
[2022-04-05 23:26:41,133] {spark_submit.py:488} INFO - }, {
[2022-04-05 23:26:41,133] {spark_submit.py:488} INFO - "name" : "owner_display_name",
[2022-04-05 23:26:41,133] {spark_submit.py:488} INFO - "type" : "string",
[2022-04-05 23:26:41,133] {spark_submit.py:488} INFO - "nullable" : true,
[2022-04-05 23:26:41,133] {spark_submit.py:488} INFO - "metadata" : { }
[2022-04-05 23:26:41,133] {spark_submit.py:488} INFO - }, {
[2022-04-05 23:26:41,133] {spark_submit.py:488} INFO - "name" : "owner_user_id",
[2022-04-05 23:26:41,133] {spark_submit.py:488} INFO - "type" : "integer",
[2022-04-05 23:26:41,133] {spark_submit.py:488} INFO - "nullable" : true,
[2022-04-05 23:26:41,133] {spark_submit.py:488} INFO - "metadata" : { }
[2022-04-05 23:26:41,133] {spark_submit.py:488} INFO - }, {
[2022-04-05 23:26:41,134] {spark_submit.py:488} INFO - "name" : "parent_id",
[2022-04-05 23:26:41,134] {spark_submit.py:488} INFO - "type" : "integer",
[2022-04-05 23:26:41,134] {spark_submit.py:488} INFO - "nullable" : true,
[2022-04-05 23:26:41,134] {spark_submit.py:488} INFO - "metadata" : { }
[2022-04-05 23:26:41,134] {spark_submit.py:488} INFO - }, {
[2022-04-05 23:26:41,134] {spark_submit.py:488} INFO - "name" : "post_type_id",
[2022-04-05 23:26:41,134] {spark_submit.py:488} INFO - "type" : "integer",
[2022-04-05 23:26:41,134] {spark_submit.py:488} INFO - "nullable" : true,
[2022-04-05 23:26:41,134] {spark_submit.py:488} INFO - "metadata" : { }
[2022-04-05 23:26:41,134] {spark_submit.py:488} INFO - }, {
[2022-04-05 23:26:41,134] {spark_submit.py:488} INFO - "name" : "score",
[2022-04-05 23:26:41,134] {spark_submit.py:488} INFO - "type" : "integer",
[2022-04-05 23:26:41,134] {spark_submit.py:488} INFO - "nullable" : true,
[2022-04-05 23:26:41,134] {spark_submit.py:488} INFO - "metadata" : { }
[2022-04-05 23:26:41,135] {spark_submit.py:488} INFO - }, {
[2022-04-05 23:26:41,135] {spark_submit.py:488} INFO - "name" : "tags",
[2022-04-05 23:26:41,135] {spark_submit.py:488} INFO - "type" : "string",
[2022-04-05 23:26:41,135] {spark_submit.py:488} INFO - "nullable" : true,
[2022-04-05 23:26:41,135] {spark_submit.py:488} INFO - "metadata" : { }
[2022-04-05 23:26:41,135] {spark_submit.py:488} INFO - }, {
[2022-04-05 23:26:41,135] {spark_submit.py:488} INFO - "name" : "view_count",
[2022-04-05 23:26:41,135] {spark_submit.py:488} INFO - "type" : "integer",
[2022-04-05 23:26:41,135] {spark_submit.py:488} INFO - "nullable" : true,
[2022-04-05 23:26:41,135] {spark_submit.py:488} INFO - "metadata" : { }
[2022-04-05 23:26:41,135] {spark_submit.py:488} INFO - }, {
[2022-04-05 23:26:41,135] {spark_submit.py:488} INFO - "name" : "group_by_date",
[2022-04-05 23:26:41,135] {spark_submit.py:488} INFO - "type" : "timestamp",
[2022-04-05 23:26:41,148] {spark_submit.py:488} INFO - "nullable" : true,
[2022-04-05 23:26:41,148] {spark_submit.py:488} INFO - "metadata" : { }
[2022-04-05 23:26:41,148] {spark_submit.py:488} INFO - } ]
[2022-04-05 23:26:41,148] {spark_submit.py:488} INFO - }
[2022-04-05 23:26:41,148] {spark_submit.py:488} INFO - and corresponding Parquet message type:
[2022-04-05 23:26:41,148] {spark_submit.py:488} INFO - message spark_schema {
[2022-04-05 23:26:41,148] {spark_submit.py:488} INFO - optional int32 id;
[2022-04-05 23:26:41,148] {spark_submit.py:488} INFO - optional binary title (STRING);
[2022-04-05 23:26:41,148] {spark_submit.py:488} INFO - optional binary body (STRING);
[2022-04-05 23:26:41,148] {spark_submit.py:488} INFO - optional int32 accepted_answer_id;
[2022-04-05 23:26:41,149] {spark_submit.py:488} INFO - optional int32 answer_count;
[2022-04-05 23:26:41,149] {spark_submit.py:488} INFO - optional int32 comment_count;
[2022-04-05 23:26:41,149] {spark_submit.py:488} INFO - optional int96 community_owned_date;
[2022-04-05 23:26:41,149] {spark_submit.py:488} INFO - optional int96 creation_date;
[2022-04-05 23:26:41,149] {spark_submit.py:488} INFO - optional int32 favorite_count;
[2022-04-05 23:26:41,149] {spark_submit.py:488} INFO - optional int96 last_activity_date;
[2022-04-05 23:26:41,149] {spark_submit.py:488} INFO - optional int96 last_edit_date;
[2022-04-05 23:26:41,149] {spark_submit.py:488} INFO - optional binary last_editor_display_name (STRING);
[2022-04-05 23:26:41,149] {spark_submit.py:488} INFO - optional int32 last_editor_user_id;
[2022-04-05 23:26:41,149] {spark_submit.py:488} INFO - optional binary owner_display_name (STRING);
[2022-04-05 23:26:41,149] {spark_submit.py:488} INFO - optional int32 owner_user_id;
[2022-04-05 23:26:41,149] {spark_submit.py:488} INFO - optional int32 parent_id;
[2022-04-05 23:26:41,149] {spark_submit.py:488} INFO - optional int32 post_type_id;
[2022-04-05 23:26:41,149] {spark_submit.py:488} INFO - optional int32 score;
[2022-04-05 23:26:41,150] {spark_submit.py:488} INFO - optional binary tags (STRING);
[2022-04-05 23:26:41,150] {spark_submit.py:488} INFO - optional int32 view_count;
[2022-04-05 23:26:41,150] {spark_submit.py:488} INFO - optional int96 group_by_date;
[2022-04-05 23:26:41,150] {spark_submit.py:488} INFO - }
[2022-04-05 23:26:41,150] {spark_submit.py:488} INFO - 
[2022-04-05 23:26:41,150] {spark_submit.py:488} INFO - 
[2022-04-05 23:26:43,862] {spark_submit.py:488} INFO - 22/04/05 23:26:42 INFO CodecPool: Got brand-new compressor [.snappy]
[2022-04-05 23:26:43,869] {spark_submit.py:488} INFO - 22/04/05 23:26:43 INFO CodecPool: Got brand-new compressor [.snappy]
[2022-04-05 23:26:43,869] {spark_submit.py:488} INFO - 22/04/05 23:26:43 INFO CodecPool: Got brand-new compressor [.snappy]
[2022-04-05 23:26:44,895] {spark_submit.py:488} INFO - 22/04/05 23:26:44 INFO CodecPool: Got brand-new compressor [.snappy]
[2022-04-05 23:26:58,904] {spark_submit.py:488} INFO - 22/04/05 23:26:58 INFO GoogleCloudStorageImpl: Ignoring exception of type GoogleJsonResponseException; verified object already exists with desired state.
[2022-04-05 23:26:58,908] {spark_submit.py:488} INFO - 22/04/05 23:26:58 INFO GoogleCloudStorageFileSystem: Successfully repaired 'gs://dtc_data_lake_de-stack-overflow/BigQuery/posts_questions-2011-01/_temporary/0/_temporary/' directory.
[2022-04-05 23:26:58,908] {spark_submit.py:488} INFO - 22/04/05 23:26:58 INFO FileOutputCommitter: Saved output of task 'attempt_202204052326388067236318624177195_0003_m_000003_8' to gs://dtc_data_lake_de-stack-overflow/BigQuery/posts_questions-2011-01/_temporary/0/task_202204052326388067236318624177195_0003_m_000003
[2022-04-05 23:26:58,908] {spark_submit.py:488} INFO - 22/04/05 23:26:58 INFO SparkHadoopMapRedUtil: attempt_202204052326388067236318624177195_0003_m_000003_8: Committed
[2022-04-05 23:26:58,973] {spark_submit.py:488} INFO - 22/04/05 23:26:58 INFO GoogleCloudStorageFileSystem: Successfully repaired 'gs://dtc_data_lake_de-stack-overflow/BigQuery/posts_questions-2011-01/_temporary/0/_temporary/' directory.
[2022-04-05 23:26:58,973] {spark_submit.py:488} INFO - 22/04/05 23:26:58 INFO GoogleCloudStorageImpl: Ignoring exception of type GoogleJsonResponseException; verified object already exists with desired state.
[2022-04-05 23:26:58,973] {spark_submit.py:488} INFO - 22/04/05 23:26:58 INFO GoogleCloudStorageFileSystem: Successfully repaired 'gs://dtc_data_lake_de-stack-overflow/BigQuery/posts_questions-2011-01/_temporary/0/_temporary/' directory.
[2022-04-05 23:26:59,002] {spark_submit.py:488} INFO - 22/04/05 23:26:59 INFO GoogleCloudStorageImpl: Ignoring exception of type GoogleJsonResponseException; verified object already exists with desired state.
[2022-04-05 23:26:59,002] {spark_submit.py:488} INFO - 22/04/05 23:26:59 INFO GoogleCloudStorageFileSystem: Successfully repaired 'gs://dtc_data_lake_de-stack-overflow/BigQuery/posts_questions-2011-01/_temporary/0/_temporary/' directory.
[2022-04-05 23:26:59,003] {spark_submit.py:488} INFO - 22/04/05 23:26:59 INFO FileOutputCommitter: Saved output of task 'attempt_2022040523263883360348898043540_0003_m_000002_7' to gs://dtc_data_lake_de-stack-overflow/BigQuery/posts_questions-2011-01/_temporary/0/task_2022040523263883360348898043540_0003_m_000002
[2022-04-05 23:26:59,003] {spark_submit.py:488} INFO - 22/04/05 23:26:59 INFO FileOutputCommitter: Saved output of task 'attempt_202204052326384767936036093511786_0003_m_000000_5' to gs://dtc_data_lake_de-stack-overflow/BigQuery/posts_questions-2011-01/_temporary/0/task_202204052326384767936036093511786_0003_m_000000
[2022-04-05 23:26:59,004] {spark_submit.py:488} INFO - 22/04/05 23:26:59 INFO FileOutputCommitter: Saved output of task 'attempt_202204052326389135212631882028964_0003_m_000001_6' to gs://dtc_data_lake_de-stack-overflow/BigQuery/posts_questions-2011-01/_temporary/0/task_202204052326389135212631882028964_0003_m_000001
[2022-04-05 23:26:59,052] {spark_submit.py:488} INFO - 22/04/05 23:26:59 INFO SparkHadoopMapRedUtil: attempt_2022040523263883360348898043540_0003_m_000002_7: Committed
[2022-04-05 23:26:59,052] {spark_submit.py:488} INFO - 22/04/05 23:26:59 INFO SparkHadoopMapRedUtil: attempt_202204052326384767936036093511786_0003_m_000000_5: Committed
[2022-04-05 23:26:59,055] {spark_submit.py:488} INFO - 22/04/05 23:26:59 INFO SparkHadoopMapRedUtil: attempt_202204052326389135212631882028964_0003_m_000001_6: Committed
[2022-04-05 23:26:59,055] {spark_submit.py:488} INFO - 22/04/05 23:26:59 INFO Executor: Finished task 3.0 in stage 3.0 (TID 8). 3526 bytes result sent to driver
[2022-04-05 23:26:59,059] {spark_submit.py:488} INFO - 22/04/05 23:26:59 INFO Executor: Finished task 1.0 in stage 3.0 (TID 6). 3483 bytes result sent to driver
[2022-04-05 23:26:59,060] {spark_submit.py:488} INFO - 22/04/05 23:26:59 INFO Executor: Finished task 0.0 in stage 3.0 (TID 5). 3483 bytes result sent to driver
[2022-04-05 23:26:59,063] {spark_submit.py:488} INFO - 22/04/05 23:26:59 INFO Executor: Finished task 2.0 in stage 3.0 (TID 7). 3483 bytes result sent to driver
[2022-04-05 23:26:59,070] {spark_submit.py:488} INFO - 22/04/05 23:26:59 INFO TaskSetManager: Finished task 3.0 in stage 3.0 (TID 8) in 19416 ms on 9fe4286b2855 (executor driver) (1/4)
[2022-04-05 23:26:59,070] {spark_submit.py:488} INFO - 22/04/05 23:26:59 INFO TaskSetManager: Finished task 0.0 in stage 3.0 (TID 5) in 19427 ms on 9fe4286b2855 (executor driver) (2/4)
[2022-04-05 23:26:59,071] {spark_submit.py:488} INFO - 22/04/05 23:26:59 INFO TaskSetManager: Finished task 2.0 in stage 3.0 (TID 7) in 19421 ms on 9fe4286b2855 (executor driver) (3/4)
[2022-04-05 23:26:59,076] {spark_submit.py:488} INFO - 22/04/05 23:26:59 INFO TaskSetManager: Finished task 1.0 in stage 3.0 (TID 6) in 19426 ms on 9fe4286b2855 (executor driver) (4/4)
[2022-04-05 23:26:59,076] {spark_submit.py:488} INFO - 22/04/05 23:26:59 INFO TaskSchedulerImpl: Removed TaskSet 3.0, whose tasks have all completed, from pool
[2022-04-05 23:26:59,080] {spark_submit.py:488} INFO - 22/04/05 23:26:59 INFO DAGScheduler: ResultStage 3 (save at NativeMethodAccessorImpl.java:0) finished in 19.792 s
[2022-04-05 23:26:59,093] {spark_submit.py:488} INFO - 22/04/05 23:26:59 INFO DAGScheduler: Job 2 is finished. Cancelling potential speculative or zombie tasks for this job
[2022-04-05 23:26:59,102] {spark_submit.py:488} INFO - 22/04/05 23:26:59 INFO TaskSchedulerImpl: Killing all running tasks in stage 3: Stage finished
[2022-04-05 23:26:59,102] {spark_submit.py:488} INFO - 22/04/05 23:26:59 INFO DAGScheduler: Job 2 finished: save at NativeMethodAccessorImpl.java:0, took 19.958041 s
[2022-04-05 23:26:59,102] {spark_submit.py:488} INFO - 22/04/05 23:26:59 INFO FileFormatWriter: Start to commit write Job f8b5d3dc-abb7-4cfb-9a1c-729ccd233a79.
[2022-04-05 23:26:59,535] {spark_submit.py:488} INFO - 22/04/05 23:26:59 INFO GoogleCloudStorageFileSystem: Successfully repaired 'gs://dtc_data_lake_de-stack-overflow/BigQuery/posts_questions-2011-01/_temporary/0/task_2022040523263883360348898043540_0003_m_000002/' directory.
[2022-04-05 23:26:59,955] {spark_submit.py:488} INFO - 22/04/05 23:26:59 INFO GoogleCloudStorageFileSystem: Successfully repaired 'gs://dtc_data_lake_de-stack-overflow/BigQuery/posts_questions-2011-01/_temporary/0/task_202204052326384767936036093511786_0003_m_000000/' directory.
[2022-04-05 23:27:00,285] {spark_submit.py:488} INFO - 22/04/05 23:27:00 INFO GoogleCloudStorageFileSystem: Successfully repaired 'gs://dtc_data_lake_de-stack-overflow/BigQuery/posts_questions-2011-01/_temporary/0/task_202204052326388067236318624177195_0003_m_000003/' directory.
[2022-04-05 23:27:00,616] {spark_submit.py:488} INFO - 22/04/05 23:27:00 INFO GoogleCloudStorageFileSystem: Successfully repaired 'gs://dtc_data_lake_de-stack-overflow/BigQuery/posts_questions-2011-01/_temporary/0/task_202204052326389135212631882028964_0003_m_000001/' directory.
[2022-04-05 23:27:00,912] {spark_submit.py:488} INFO - 22/04/05 23:27:00 INFO GoogleCloudStorageFileSystem: Successfully repaired 'gs://dtc_data_lake_de-stack-overflow/BigQuery/posts_questions-2011-01/' directory.
[2022-04-05 23:27:01,187] {spark_submit.py:488} INFO - 22/04/05 23:27:01 INFO FileFormatWriter: Write Job f8b5d3dc-abb7-4cfb-9a1c-729ccd233a79 committed. Elapsed time: 2088 ms.
[2022-04-05 23:27:01,202] {spark_submit.py:488} INFO - 22/04/05 23:27:01 INFO FileFormatWriter: Finished processing stats for write job f8b5d3dc-abb7-4cfb-9a1c-729ccd233a79.
[2022-04-05 23:27:02,023] {spark_submit.py:488} INFO - 22/04/05 23:27:02 INFO SparkContext: Invoking stop() from shutdown hook
[2022-04-05 23:27:02,180] {spark_submit.py:488} INFO - 22/04/05 23:27:02 INFO SparkUI: Stopped Spark web UI at http://9fe4286b2855:4042
[2022-04-05 23:27:02,317] {spark_submit.py:488} INFO - 22/04/05 23:27:02 INFO MapOutputTrackerMasterEndpoint: MapOutputTrackerMasterEndpoint stopped!
[2022-04-05 23:27:02,675] {spark_submit.py:488} INFO - 22/04/05 23:27:02 INFO MemoryStore: MemoryStore cleared
[2022-04-05 23:27:02,685] {spark_submit.py:488} INFO - 22/04/05 23:27:02 INFO BlockManager: BlockManager stopped
[2022-04-05 23:27:02,690] {spark_submit.py:488} INFO - 22/04/05 23:27:02 INFO BlockManagerMaster: BlockManagerMaster stopped
[2022-04-05 23:27:02,695] {spark_submit.py:488} INFO - 22/04/05 23:27:02 INFO OutputCommitCoordinator$OutputCommitCoordinatorEndpoint: OutputCommitCoordinator stopped!
[2022-04-05 23:27:02,964] {spark_submit.py:488} INFO - 22/04/05 23:27:02 INFO SparkContext: Successfully stopped SparkContext
[2022-04-05 23:27:02,964] {spark_submit.py:488} INFO - 22/04/05 23:27:02 INFO ShutdownHookManager: Shutdown hook called
[2022-04-05 23:27:02,965] {spark_submit.py:488} INFO - 22/04/05 23:27:02 INFO ShutdownHookManager: Deleting directory /tmp/spark-9c3d0108-0efe-4ce9-8d27-d987ea03a623
[2022-04-05 23:27:03,005] {spark_submit.py:488} INFO - 22/04/05 23:27:03 INFO ShutdownHookManager: Deleting directory /tmp/spark-7c43135f-c32e-428a-9918-76a2194d299f/pyspark-ad57f67f-534e-4469-aba4-667c9900dd07
[2022-04-05 23:27:03,041] {spark_submit.py:488} INFO - 22/04/05 23:27:03 INFO ShutdownHookManager: Deleting directory /tmp/spark-7c43135f-c32e-428a-9918-76a2194d299f
[2022-04-05 23:27:03,963] {taskinstance.py:1288} INFO - Marking task as SUCCESS. dag_id=IngestToGCP, task_id=processing_tasks_posts_questions.spark_job, execution_date=20110101T000000, start_date=20220405T232217, end_date=20220405T232703
[2022-04-05 23:27:04,160] {local_task_job.py:154} INFO - Task exited with return code 0
[2022-04-05 23:27:04,968] {local_task_job.py:264} INFO - 0 downstream tasks scheduled from follow-on schedule check
