[2022-04-06 02:20:23,545] {taskinstance.py:1043} INFO - Dependencies all met for <TaskInstance: IngestToGCP.processing_tasks_posts_answers.download_files_posts_answers scheduled__2017-12-01T00:00:00+00:00 [queued]>
[2022-04-06 02:20:23,748] {taskinstance.py:1043} INFO - Dependencies all met for <TaskInstance: IngestToGCP.processing_tasks_posts_answers.download_files_posts_answers scheduled__2017-12-01T00:00:00+00:00 [queued]>
[2022-04-06 02:20:23,748] {taskinstance.py:1249} INFO - 
--------------------------------------------------------------------------------
[2022-04-06 02:20:23,749] {taskinstance.py:1250} INFO - Starting attempt 1 of 1
[2022-04-06 02:20:23,749] {taskinstance.py:1251} INFO - 
--------------------------------------------------------------------------------
[2022-04-06 02:20:23,988] {taskinstance.py:1270} INFO - Executing <Task(BashOperator): processing_tasks_posts_answers.download_files_posts_answers> on 2017-12-01 00:00:00+00:00
[2022-04-06 02:20:24,103] {standard_task_runner.py:52} INFO - Started process 169107 to run task
[2022-04-06 02:20:24,173] {standard_task_runner.py:79} INFO - Running: ['***', 'tasks', 'run', 'IngestToGCP', 'processing_tasks_posts_answers.download_files_posts_answers', 'scheduled__2017-12-01T00:00:00+00:00', '--job-id', '11034', '--raw', '--subdir', 'DAGS_FOLDER/ingest_dag.py', '--cfg-path', '/tmp/tmpad6ra8ca', '--error-file', '/tmp/tmp0ddn55zq']
[2022-04-06 02:20:24,174] {standard_task_runner.py:80} INFO - Job 11034: Subtask processing_tasks_posts_answers.download_files_posts_answers
[2022-04-06 02:20:24,524] {logging_mixin.py:109} INFO - Running <TaskInstance: IngestToGCP.processing_tasks_posts_answers.download_files_posts_answers scheduled__2017-12-01T00:00:00+00:00 [running]> on host 9fe4286b2855
[2022-04-06 02:20:25,130] {logging_mixin.py:109} WARNING - /home/***/.local/lib/python3.7/site-packages/***/utils/context.py:156 AirflowContextDeprecationWarning: Accessing 'execution_date' from the template is deprecated and will be removed in a future version. Please use 'data_interval_start' or 'logical_date' instead.
[2022-04-06 02:20:25,322] {taskinstance.py:1448} INFO - Exporting the following env vars:
AIRFLOW_CTX_DAG_OWNER=***
AIRFLOW_CTX_DAG_ID=IngestToGCP
AIRFLOW_CTX_TASK_ID=processing_tasks_posts_answers.download_files_posts_answers
AIRFLOW_CTX_EXECUTION_DATE=2017-12-01T00:00:00+00:00
AIRFLOW_CTX_DAG_RUN_ID=scheduled__2017-12-01T00:00:00+00:00
[2022-04-06 02:20:25,323] {subprocess.py:62} INFO - Tmp dir root location: 
 /tmp
[2022-04-06 02:20:25,338] {subprocess.py:74} INFO - Running command: ['bash', '-c', 'curl -A "Mozilla Chrome Safari" -sSfl --connect-timeout 5                     --retry 5                     https://storage.googleapis.com/dtc_data_lake_de-stack-overflow/processed/posts_answers-2017-12.csv > /opt/***/posts_answers-2017-12.csv']
[2022-04-06 02:20:25,558] {subprocess.py:85} INFO - Output:
[2022-04-06 02:20:33,438] {subprocess.py:93} INFO - Command exited with return code 0
[2022-04-06 02:20:34,048] {taskinstance.py:1288} INFO - Marking task as SUCCESS. dag_id=IngestToGCP, task_id=processing_tasks_posts_answers.download_files_posts_answers, execution_date=20171201T000000, start_date=20220406T022023, end_date=20220406T022034
[2022-04-06 02:20:34,215] {local_task_job.py:154} INFO - Task exited with return code 0
[2022-04-06 02:20:34,682] {local_task_job.py:264} INFO - 1 downstream tasks scheduled from follow-on schedule check
