[2022-04-06 01:09:24,827] {taskinstance.py:1043} INFO - Dependencies all met for <TaskInstance: IngestToGCP.processing_tasks_posts_questions.ingest_posts_questions_to_bucket scheduled__2015-04-01T00:00:00+00:00 [queued]>
[2022-04-06 01:09:24,994] {taskinstance.py:1043} INFO - Dependencies all met for <TaskInstance: IngestToGCP.processing_tasks_posts_questions.ingest_posts_questions_to_bucket scheduled__2015-04-01T00:00:00+00:00 [queued]>
[2022-04-06 01:09:24,994] {taskinstance.py:1249} INFO - 
--------------------------------------------------------------------------------
[2022-04-06 01:09:24,994] {taskinstance.py:1250} INFO - Starting attempt 1 of 1
[2022-04-06 01:09:24,995] {taskinstance.py:1251} INFO - 
--------------------------------------------------------------------------------
[2022-04-06 01:09:25,149] {taskinstance.py:1270} INFO - Executing <Task(PythonOperator): processing_tasks_posts_questions.ingest_posts_questions_to_bucket> on 2015-04-01 00:00:00+00:00
[2022-04-06 01:09:25,232] {standard_task_runner.py:52} INFO - Started process 121539 to run task
[2022-04-06 01:09:25,225] {standard_task_runner.py:79} INFO - Running: ['***', 'tasks', 'run', 'IngestToGCP', 'processing_tasks_posts_questions.ingest_posts_questions_to_bucket', 'scheduled__2015-04-01T00:00:00+00:00', '--job-id', '10295', '--raw', '--subdir', 'DAGS_FOLDER/ingest_dag.py', '--cfg-path', '/tmp/tmpsvy7s4pa', '--error-file', '/tmp/tmppqgxyett']
[2022-04-06 01:09:25,249] {standard_task_runner.py:80} INFO - Job 10295: Subtask processing_tasks_posts_questions.ingest_posts_questions_to_bucket
[2022-04-06 01:09:25,619] {logging_mixin.py:109} INFO - Running <TaskInstance: IngestToGCP.processing_tasks_posts_questions.ingest_posts_questions_to_bucket scheduled__2015-04-01T00:00:00+00:00 [running]> on host 9fe4286b2855
[2022-04-06 01:09:26,246] {logging_mixin.py:109} WARNING - /home/***/.local/lib/python3.7/site-packages/***/utils/context.py:156 AirflowContextDeprecationWarning: Accessing 'execution_date' from the template is deprecated and will be removed in a future version. Please use 'data_interval_start' or 'logical_date' instead.
[2022-04-06 01:09:26,379] {taskinstance.py:1448} INFO - Exporting the following env vars:
AIRFLOW_CTX_DAG_OWNER=***
AIRFLOW_CTX_DAG_ID=IngestToGCP
AIRFLOW_CTX_TASK_ID=processing_tasks_posts_questions.ingest_posts_questions_to_bucket
AIRFLOW_CTX_EXECUTION_DATE=2015-04-01T00:00:00+00:00
AIRFLOW_CTX_DAG_RUN_ID=scheduled__2015-04-01T00:00:00+00:00
[2022-04-06 01:09:31,222] {python.py:175} INFO - Done. Returned value was: None
[2022-04-06 01:09:31,451] {taskinstance.py:1288} INFO - Marking task as SUCCESS. dag_id=IngestToGCP, task_id=processing_tasks_posts_questions.ingest_posts_questions_to_bucket, execution_date=20150401T000000, start_date=20220406T010924, end_date=20220406T010931
[2022-04-06 01:09:31,688] {local_task_job.py:154} INFO - Task exited with return code 0
[2022-04-06 01:09:32,274] {local_task_job.py:264} INFO - 1 downstream tasks scheduled from follow-on schedule check
