[2022-04-06 01:29:56,013] {taskinstance.py:1043} INFO - Dependencies all met for <TaskInstance: IngestToGCP.processing_tasks_badges.spark_job scheduled__2016-01-01T00:00:00+00:00 [queued]>
[2022-04-06 01:29:56,244] {taskinstance.py:1043} INFO - Dependencies all met for <TaskInstance: IngestToGCP.processing_tasks_badges.spark_job scheduled__2016-01-01T00:00:00+00:00 [queued]>
[2022-04-06 01:29:56,244] {taskinstance.py:1249} INFO - 
--------------------------------------------------------------------------------
[2022-04-06 01:29:56,245] {taskinstance.py:1250} INFO - Starting attempt 1 of 1
[2022-04-06 01:29:56,245] {taskinstance.py:1251} INFO - 
--------------------------------------------------------------------------------
[2022-04-06 01:29:56,456] {taskinstance.py:1270} INFO - Executing <Task(SparkSubmitOperator): processing_tasks_badges.spark_job> on 2016-01-01 00:00:00+00:00
[2022-04-06 01:29:56,632] {standard_task_runner.py:79} INFO - Running: ['***', 'tasks', 'run', 'IngestToGCP', 'processing_tasks_badges.spark_job', 'scheduled__2016-01-01T00:00:00+00:00', '--job-id', '10506', '--raw', '--subdir', 'DAGS_FOLDER/ingest_dag.py', '--cfg-path', '/tmp/tmphg40_cjq', '--error-file', '/tmp/tmpod8hjkr7']
[2022-04-06 01:29:56,634] {standard_task_runner.py:80} INFO - Job 10506: Subtask processing_tasks_badges.spark_job
[2022-04-06 01:29:56,594] {standard_task_runner.py:52} INFO - Started process 134999 to run task
[2022-04-06 01:29:57,099] {logging_mixin.py:109} INFO - Running <TaskInstance: IngestToGCP.processing_tasks_badges.spark_job scheduled__2016-01-01T00:00:00+00:00 [running]> on host 9fe4286b2855
[2022-04-06 01:29:58,060] {logging_mixin.py:109} WARNING - /home/***/.local/lib/python3.7/site-packages/***/utils/context.py:156 AirflowContextDeprecationWarning: Accessing 'execution_date' from the template is deprecated and will be removed in a future version. Please use 'data_interval_start' or 'logical_date' instead.
[2022-04-06 01:29:58,262] {taskinstance.py:1448} INFO - Exporting the following env vars:
AIRFLOW_CTX_DAG_OWNER=***
AIRFLOW_CTX_DAG_ID=IngestToGCP
AIRFLOW_CTX_TASK_ID=processing_tasks_badges.spark_job
AIRFLOW_CTX_EXECUTION_DATE=2016-01-01T00:00:00+00:00
AIRFLOW_CTX_DAG_RUN_ID=scheduled__2016-01-01T00:00:00+00:00
[2022-04-06 01:29:58,384] {base.py:79} INFO - Using connection to: id: spark_project. Host: spark://spark, Port: 7077, Schema: , Login: , Password: None, extra: {'queue': 'root.default'}
[2022-04-06 01:29:58,386] {spark_submit.py:335} INFO - Spark-Submit cmd: spark-submit --master spark://spark:7077 --conf spark.master=local[*] --name format_schema --verbose --queue root.default ./dags/pyspark_parquet_transformation.py badges 2016-01
[2022-04-06 01:30:24,534] {spark_submit.py:488} INFO - Using properties file: null
[2022-04-06 01:30:25,973] {spark_submit.py:488} INFO - WARNING: An illegal reflective access operation has occurred
[2022-04-06 01:30:25,973] {spark_submit.py:488} INFO - WARNING: Illegal reflective access by org.apache.spark.unsafe.Platform (file:/opt/***/spark/spark-3.2.1-bin-hadoop3.2/jars/spark-unsafe_2.12-3.2.1.jar) to constructor java.nio.DirectByteBuffer(long,int)
[2022-04-06 01:30:25,973] {spark_submit.py:488} INFO - WARNING: Please consider reporting this to the maintainers of org.apache.spark.unsafe.Platform
[2022-04-06 01:30:25,973] {spark_submit.py:488} INFO - WARNING: Use --illegal-access=warn to enable warnings of further illegal reflective access operations
[2022-04-06 01:30:25,973] {spark_submit.py:488} INFO - WARNING: All illegal access operations will be denied in a future release
[2022-04-06 01:30:27,251] {spark_submit.py:488} INFO - Parsed arguments:
[2022-04-06 01:30:27,252] {spark_submit.py:488} INFO - master                  spark://spark:7077
[2022-04-06 01:30:27,252] {spark_submit.py:488} INFO - deployMode              null
[2022-04-06 01:30:27,252] {spark_submit.py:488} INFO - executorMemory          null
[2022-04-06 01:30:27,252] {spark_submit.py:488} INFO - executorCores           null
[2022-04-06 01:30:27,252] {spark_submit.py:488} INFO - totalExecutorCores      null
[2022-04-06 01:30:27,252] {spark_submit.py:488} INFO - propertiesFile          null
[2022-04-06 01:30:27,252] {spark_submit.py:488} INFO - driverMemory            null
[2022-04-06 01:30:27,252] {spark_submit.py:488} INFO - driverCores             null
[2022-04-06 01:30:27,252] {spark_submit.py:488} INFO - driverExtraClassPath    null
[2022-04-06 01:30:27,252] {spark_submit.py:488} INFO - driverExtraLibraryPath  null
[2022-04-06 01:30:27,252] {spark_submit.py:488} INFO - driverExtraJavaOptions  null
[2022-04-06 01:30:27,253] {spark_submit.py:488} INFO - supervise               false
[2022-04-06 01:30:27,253] {spark_submit.py:488} INFO - queue                   root.default
[2022-04-06 01:30:27,253] {spark_submit.py:488} INFO - numExecutors            null
[2022-04-06 01:30:27,253] {spark_submit.py:488} INFO - files                   null
[2022-04-06 01:30:27,253] {spark_submit.py:488} INFO - pyFiles                 null
[2022-04-06 01:30:27,253] {spark_submit.py:488} INFO - archives                null
[2022-04-06 01:30:27,253] {spark_submit.py:488} INFO - mainClass               null
[2022-04-06 01:30:27,253] {spark_submit.py:488} INFO - primaryResource         file:/opt/***/dags/pyspark_parquet_transformation.py
[2022-04-06 01:30:27,253] {spark_submit.py:488} INFO - name                    format_schema
[2022-04-06 01:30:27,253] {spark_submit.py:488} INFO - childArgs               [badges 2016-01]
[2022-04-06 01:30:27,253] {spark_submit.py:488} INFO - jars                    null
[2022-04-06 01:30:27,253] {spark_submit.py:488} INFO - packages                null
[2022-04-06 01:30:27,253] {spark_submit.py:488} INFO - packagesExclusions      null
[2022-04-06 01:30:27,253] {spark_submit.py:488} INFO - repositories            null
[2022-04-06 01:30:27,253] {spark_submit.py:488} INFO - verbose                 true
[2022-04-06 01:30:27,254] {spark_submit.py:488} INFO - 
[2022-04-06 01:30:27,254] {spark_submit.py:488} INFO - Spark properties used, including those specified through
[2022-04-06 01:30:27,254] {spark_submit.py:488} INFO - --conf and those from the properties file null:
[2022-04-06 01:30:27,254] {spark_submit.py:488} INFO - (spark.master,local[*])
[2022-04-06 01:30:27,254] {spark_submit.py:488} INFO - 
[2022-04-06 01:30:27,256] {spark_submit.py:488} INFO - 
[2022-04-06 01:30:32,564] {spark_submit.py:488} INFO - Main class:
[2022-04-06 01:30:32,571] {spark_submit.py:488} INFO - org.apache.spark.deploy.PythonRunner
[2022-04-06 01:30:32,575] {spark_submit.py:488} INFO - Arguments:
[2022-04-06 01:30:32,575] {spark_submit.py:488} INFO - file:/opt/***/dags/pyspark_parquet_transformation.py
[2022-04-06 01:30:32,576] {spark_submit.py:488} INFO - null
[2022-04-06 01:30:32,576] {spark_submit.py:488} INFO - badges
[2022-04-06 01:30:32,576] {spark_submit.py:488} INFO - 2016-01
[2022-04-06 01:30:32,590] {spark_submit.py:488} INFO - Spark config:
[2022-04-06 01:30:32,591] {spark_submit.py:488} INFO - (spark.master,spark://spark:7077)
[2022-04-06 01:30:32,591] {spark_submit.py:488} INFO - (spark.submit.pyFiles,)
[2022-04-06 01:30:32,591] {spark_submit.py:488} INFO - (spark.submit.deployMode,client)
[2022-04-06 01:30:32,591] {spark_submit.py:488} INFO - (spark.app.name,format_schema)
[2022-04-06 01:30:32,592] {spark_submit.py:488} INFO - Classpath elements:
[2022-04-06 01:30:32,594] {spark_submit.py:488} INFO - 
[2022-04-06 01:30:32,595] {spark_submit.py:488} INFO - 
[2022-04-06 01:30:32,601] {spark_submit.py:488} INFO - 
[2022-04-06 01:30:47,521] {spark_submit.py:488} INFO - Using Spark's default log4j profile: org/apache/spark/log4j-defaults.properties
[2022-04-06 01:30:47,719] {spark_submit.py:488} INFO - 22/04/06 01:30:47 INFO SparkContext: Running Spark version 3.2.1
[2022-04-06 01:30:49,524] {spark_submit.py:488} INFO - 22/04/06 01:30:49 WARN NativeCodeLoader: Unable to load native-hadoop library for your platform... using builtin-java classes where applicable
[2022-04-06 01:30:52,188] {spark_submit.py:488} INFO - 22/04/06 01:30:52 INFO ResourceUtils: ==============================================================
[2022-04-06 01:30:52,190] {spark_submit.py:488} INFO - 22/04/06 01:30:52 INFO ResourceUtils: No custom resources configured for spark.driver.
[2022-04-06 01:30:52,191] {spark_submit.py:488} INFO - 22/04/06 01:30:52 INFO ResourceUtils: ==============================================================
[2022-04-06 01:30:52,192] {spark_submit.py:488} INFO - 22/04/06 01:30:52 INFO SparkContext: Submitted application: Modidy Schema
[2022-04-06 01:30:52,750] {spark_submit.py:488} INFO - 22/04/06 01:30:52 INFO ResourceProfile: Default ResourceProfile created, executor resources: Map(cores -> name: cores, amount: 1, script: , vendor: , memory -> name: memory, amount: 1024, script: , vendor: , offHeap -> name: offHeap, amount: 0, script: , vendor: ), task resources: Map(cpus -> name: cpus, amount: 1.0)
[2022-04-06 01:30:53,096] {spark_submit.py:488} INFO - 22/04/06 01:30:53 INFO ResourceProfile: Limiting resource is cpu
[2022-04-06 01:30:53,113] {spark_submit.py:488} INFO - 22/04/06 01:30:53 INFO ResourceProfileManager: Added ResourceProfile id: 0
[2022-04-06 01:30:54,090] {spark_submit.py:488} INFO - 22/04/06 01:30:54 INFO SecurityManager: Changing view acls to: default
[2022-04-06 01:30:54,091] {spark_submit.py:488} INFO - 22/04/06 01:30:54 INFO SecurityManager: Changing modify acls to: default
[2022-04-06 01:30:54,092] {spark_submit.py:488} INFO - 22/04/06 01:30:54 INFO SecurityManager: Changing view acls groups to:
[2022-04-06 01:30:54,121] {spark_submit.py:488} INFO - 22/04/06 01:30:54 INFO SecurityManager: Changing modify acls groups to:
[2022-04-06 01:30:54,123] {spark_submit.py:488} INFO - 22/04/06 01:30:54 INFO SecurityManager: SecurityManager: authentication disabled; ui acls disabled; users  with view permissions: Set(default); groups with view permissions: Set(); users  with modify permissions: Set(default); groups with modify permissions: Set()
[2022-04-06 01:30:59,506] {spark_submit.py:488} INFO - 22/04/06 01:30:59 INFO Utils: Successfully started service 'sparkDriver' on port 34475.
[2022-04-06 01:31:00,113] {spark_submit.py:488} INFO - 22/04/06 01:31:00 INFO SparkEnv: Registering MapOutputTracker
[2022-04-06 01:31:00,826] {spark_submit.py:488} INFO - 22/04/06 01:31:00 INFO SparkEnv: Registering BlockManagerMaster
[2022-04-06 01:31:01,615] {spark_submit.py:488} INFO - 22/04/06 01:31:01 INFO BlockManagerMasterEndpoint: Using org.apache.spark.storage.DefaultTopologyMapper for getting topology information
[2022-04-06 01:31:01,631] {spark_submit.py:488} INFO - 22/04/06 01:31:01 INFO BlockManagerMasterEndpoint: BlockManagerMasterEndpoint up
[2022-04-06 01:31:01,761] {spark_submit.py:488} INFO - 22/04/06 01:31:01 INFO SparkEnv: Registering BlockManagerMasterHeartbeat
[2022-04-06 01:31:02,251] {spark_submit.py:488} INFO - 22/04/06 01:31:02 INFO DiskBlockManager: Created local directory at /tmp/blockmgr-550b2eca-7c8e-4d1f-b654-c26d618f8d98
[2022-04-06 01:31:02,585] {spark_submit.py:488} INFO - 22/04/06 01:31:02 INFO MemoryStore: MemoryStore started with capacity 434.4 MiB
[2022-04-06 01:31:03,116] {spark_submit.py:488} INFO - 22/04/06 01:31:03 INFO SparkEnv: Registering OutputCommitCoordinator
[2022-04-06 01:31:06,750] {spark_submit.py:488} INFO - 22/04/06 01:31:06 WARN Utils: Service 'SparkUI' could not bind on port 4040. Attempting port 4041.
[2022-04-06 01:31:06,869] {spark_submit.py:488} INFO - 22/04/06 01:31:06 INFO Utils: Successfully started service 'SparkUI' on port 4041.
[2022-04-06 01:31:08,051] {spark_submit.py:488} INFO - 22/04/06 01:31:08 INFO SparkUI: Bound SparkUI to 0.0.0.0, and started at http://9fe4286b2855:4041
[2022-04-06 01:31:10,140] {spark_submit.py:488} INFO - 22/04/06 01:31:10 INFO Executor: Starting executor ID driver on host 9fe4286b2855
[2022-04-06 01:31:10,497] {spark_submit.py:488} INFO - 22/04/06 01:31:10 INFO Utils: Successfully started service 'org.apache.spark.network.netty.NettyBlockTransferService' on port 32879.
[2022-04-06 01:31:10,498] {spark_submit.py:488} INFO - 22/04/06 01:31:10 INFO NettyBlockTransferService: Server created on 9fe4286b2855:32879
[2022-04-06 01:31:10,512] {spark_submit.py:488} INFO - 22/04/06 01:31:10 INFO BlockManager: Using org.apache.spark.storage.RandomBlockReplicationPolicy for block replication policy
[2022-04-06 01:31:10,566] {spark_submit.py:488} INFO - 22/04/06 01:31:10 INFO BlockManagerMaster: Registering BlockManager BlockManagerId(driver, 9fe4286b2855, 32879, None)
[2022-04-06 01:31:10,585] {spark_submit.py:488} INFO - 22/04/06 01:31:10 INFO BlockManagerMasterEndpoint: Registering block manager 9fe4286b2855:32879 with 434.4 MiB RAM, BlockManagerId(driver, 9fe4286b2855, 32879, None)
[2022-04-06 01:31:10,592] {spark_submit.py:488} INFO - 22/04/06 01:31:10 INFO BlockManagerMaster: Registered BlockManager BlockManagerId(driver, 9fe4286b2855, 32879, None)
[2022-04-06 01:31:10,600] {spark_submit.py:488} INFO - 22/04/06 01:31:10 INFO BlockManager: Initialized BlockManager: BlockManagerId(driver, 9fe4286b2855, 32879, None)
[2022-04-06 01:31:23,473] {spark_submit.py:488} INFO - 22/04/06 01:31:23 INFO SharedState: Setting hive.metastore.warehouse.dir ('null') to the value of spark.sql.warehouse.dir.
[2022-04-06 01:31:23,902] {spark_submit.py:488} INFO - 22/04/06 01:31:23 INFO SharedState: Warehouse path is 'file:/opt/***/spark-warehouse'.
[2022-04-06 01:31:56,427] {spark_submit.py:488} INFO - 22/04/06 01:31:56 INFO InMemoryFileIndex: It took 4272 ms to list leaf files for 1 paths.
[2022-04-06 01:32:08,219] {spark_submit.py:488} INFO - 22/04/06 01:32:08 INFO SparkContext: Starting job: parquet at NativeMethodAccessorImpl.java:0
[2022-04-06 01:32:08,476] {spark_submit.py:488} INFO - 22/04/06 01:32:08 INFO DAGScheduler: Got job 0 (parquet at NativeMethodAccessorImpl.java:0) with 1 output partitions
[2022-04-06 01:32:08,477] {spark_submit.py:488} INFO - 22/04/06 01:32:08 INFO DAGScheduler: Final stage: ResultStage 0 (parquet at NativeMethodAccessorImpl.java:0)
[2022-04-06 01:32:08,478] {spark_submit.py:488} INFO - 22/04/06 01:32:08 INFO DAGScheduler: Parents of final stage: List()
[2022-04-06 01:32:08,501] {spark_submit.py:488} INFO - 22/04/06 01:32:08 INFO DAGScheduler: Missing parents: List()
[2022-04-06 01:32:08,610] {spark_submit.py:488} INFO - 22/04/06 01:32:08 INFO DAGScheduler: Submitting ResultStage 0 (MapPartitionsRDD[1] at parquet at NativeMethodAccessorImpl.java:0), which has no missing parents
[2022-04-06 01:32:09,931] {spark_submit.py:488} INFO - 22/04/06 01:32:09 INFO MemoryStore: Block broadcast_0 stored as values in memory (estimated size 100.1 KiB, free 434.3 MiB)
[2022-04-06 01:32:10,469] {spark_submit.py:488} INFO - 22/04/06 01:32:10 INFO MemoryStore: Block broadcast_0_piece0 stored as bytes in memory (estimated size 35.8 KiB, free 434.3 MiB)
[2022-04-06 01:32:10,478] {spark_submit.py:488} INFO - 22/04/06 01:32:10 INFO BlockManagerInfo: Added broadcast_0_piece0 in memory on 9fe4286b2855:32879 (size: 35.8 KiB, free: 434.4 MiB)
[2022-04-06 01:32:10,497] {spark_submit.py:488} INFO - 22/04/06 01:32:10 INFO SparkContext: Created broadcast 0 from broadcast at DAGScheduler.scala:1478
[2022-04-06 01:32:10,744] {spark_submit.py:488} INFO - 22/04/06 01:32:10 INFO DAGScheduler: Submitting 1 missing tasks from ResultStage 0 (MapPartitionsRDD[1] at parquet at NativeMethodAccessorImpl.java:0) (first 15 tasks are for partitions Vector(0))
[2022-04-06 01:32:10,818] {spark_submit.py:488} INFO - 22/04/06 01:32:10 INFO TaskSchedulerImpl: Adding task set 0.0 with 1 tasks resource profile 0
[2022-04-06 01:32:11,975] {spark_submit.py:488} INFO - 22/04/06 01:32:11 INFO TaskSetManager: Starting task 0.0 in stage 0.0 (TID 0) (9fe4286b2855, executor driver, partition 0, PROCESS_LOCAL, 4615 bytes) taskResourceAssignments Map()
[2022-04-06 01:32:12,233] {spark_submit.py:488} INFO - 22/04/06 01:32:12 INFO Executor: Running task 0.0 in stage 0.0 (TID 0)
[2022-04-06 01:32:22,444] {spark_submit.py:488} INFO - 22/04/06 01:32:22 INFO Executor: Finished task 0.0 in stage 0.0 (TID 0). 1954 bytes result sent to driver
[2022-04-06 01:32:22,517] {spark_submit.py:488} INFO - 22/04/06 01:32:22 INFO TaskSetManager: Finished task 0.0 in stage 0.0 (TID 0) in 11015 ms on 9fe4286b2855 (executor driver) (1/1)
[2022-04-06 01:32:22,528] {spark_submit.py:488} INFO - 22/04/06 01:32:22 INFO TaskSchedulerImpl: Removed TaskSet 0.0, whose tasks have all completed, from pool
[2022-04-06 01:32:22,544] {spark_submit.py:488} INFO - 22/04/06 01:32:22 INFO DAGScheduler: ResultStage 0 (parquet at NativeMethodAccessorImpl.java:0) finished in 13.657 s
[2022-04-06 01:32:22,576] {spark_submit.py:488} INFO - 22/04/06 01:32:22 INFO DAGScheduler: Job 0 is finished. Cancelling potential speculative or zombie tasks for this job
[2022-04-06 01:32:22,580] {spark_submit.py:488} INFO - 22/04/06 01:32:22 INFO TaskSchedulerImpl: Killing all running tasks in stage 0: Stage finished
[2022-04-06 01:32:22,628] {spark_submit.py:488} INFO - 22/04/06 01:32:22 INFO DAGScheduler: Job 0 finished: parquet at NativeMethodAccessorImpl.java:0, took 14.353666 s
[2022-04-06 01:33:02,316] {spark_submit.py:488} INFO - 22/04/06 01:33:02 INFO BlockManagerInfo: Removed broadcast_0_piece0 on 9fe4286b2855:32879 in memory (size: 35.8 KiB, free: 434.4 MiB)
[2022-04-06 01:33:02,966] {spark_submit.py:488} INFO - 22/04/06 01:33:02 INFO FileSourceStrategy: Pushed Filters:
[2022-04-06 01:33:03,001] {spark_submit.py:488} INFO - 22/04/06 01:33:03 INFO FileSourceStrategy: Post-Scan Filters:
[2022-04-06 01:33:03,078] {spark_submit.py:488} INFO - 22/04/06 01:33:03 INFO FileSourceStrategy: Output Data Schema: struct<id: bigint, name: string, date: string, user_id: bigint, class: bigint ... 5 more fields>
[2022-04-06 01:33:06,024] {spark_submit.py:488} INFO - 22/04/06 01:33:05 INFO ParquetFileFormat: Using default output committer for Parquet: org.apache.parquet.hadoop.ParquetOutputCommitter
[2022-04-06 01:33:06,567] {spark_submit.py:488} INFO - 22/04/06 01:33:06 INFO FileOutputCommitter: File Output Committer Algorithm version is 1
[2022-04-06 01:33:06,568] {spark_submit.py:488} INFO - 22/04/06 01:33:06 INFO FileOutputCommitter: FileOutputCommitter skip cleanup _temporary folders under output directory:false, ignore cleanup failures: false
[2022-04-06 01:33:06,578] {spark_submit.py:488} INFO - 22/04/06 01:33:06 INFO SQLHadoopMapReduceCommitProtocol: Using user defined output committer class org.apache.parquet.hadoop.ParquetOutputCommitter
[2022-04-06 01:33:06,578] {spark_submit.py:488} INFO - 22/04/06 01:33:06 INFO FileOutputCommitter: File Output Committer Algorithm version is 1
[2022-04-06 01:33:06,579] {spark_submit.py:488} INFO - 22/04/06 01:33:06 INFO FileOutputCommitter: FileOutputCommitter skip cleanup _temporary folders under output directory:false, ignore cleanup failures: false
[2022-04-06 01:33:06,644] {spark_submit.py:488} INFO - 22/04/06 01:33:06 INFO SQLHadoopMapReduceCommitProtocol: Using output committer class org.apache.parquet.hadoop.ParquetOutputCommitter
[2022-04-06 01:33:15,395] {spark_submit.py:488} INFO - 22/04/06 01:33:15 INFO CodeGenerator: Code generated in 3526.270403 ms
[2022-04-06 01:33:15,632] {spark_submit.py:488} INFO - 22/04/06 01:33:15 INFO MemoryStore: Block broadcast_1 stored as values in memory (estimated size 192.3 KiB, free 434.2 MiB)
[2022-04-06 01:33:15,860] {spark_submit.py:488} INFO - 22/04/06 01:33:15 INFO MemoryStore: Block broadcast_1_piece0 stored as bytes in memory (estimated size 33.6 KiB, free 434.2 MiB)
[2022-04-06 01:33:15,863] {spark_submit.py:488} INFO - 22/04/06 01:33:15 INFO BlockManagerInfo: Added broadcast_1_piece0 in memory on 9fe4286b2855:32879 (size: 33.6 KiB, free: 434.4 MiB)
[2022-04-06 01:33:15,921] {spark_submit.py:488} INFO - 22/04/06 01:33:15 INFO SparkContext: Created broadcast 1 from save at NativeMethodAccessorImpl.java:0
[2022-04-06 01:33:16,162] {spark_submit.py:488} INFO - 22/04/06 01:33:16 INFO FileSourceScanExec: Planning scan with bin packing, max size: 4194304 bytes, open cost is considered as scanning 4194304 bytes.
[2022-04-06 01:33:17,023] {spark_submit.py:488} INFO - 22/04/06 01:33:17 INFO DAGScheduler: Registering RDD 6 (save at NativeMethodAccessorImpl.java:0) as input to shuffle 0
[2022-04-06 01:33:17,037] {spark_submit.py:488} INFO - 22/04/06 01:33:17 INFO DAGScheduler: Got map stage job 1 (save at NativeMethodAccessorImpl.java:0) with 2 output partitions
[2022-04-06 01:33:17,038] {spark_submit.py:488} INFO - 22/04/06 01:33:17 INFO DAGScheduler: Final stage: ShuffleMapStage 1 (save at NativeMethodAccessorImpl.java:0)
[2022-04-06 01:33:17,039] {spark_submit.py:488} INFO - 22/04/06 01:33:17 INFO DAGScheduler: Parents of final stage: List()
[2022-04-06 01:33:17,056] {spark_submit.py:488} INFO - 22/04/06 01:33:17 INFO DAGScheduler: Missing parents: List()
[2022-04-06 01:33:17,086] {spark_submit.py:488} INFO - 22/04/06 01:33:17 INFO DAGScheduler: Submitting ShuffleMapStage 1 (MapPartitionsRDD[6] at save at NativeMethodAccessorImpl.java:0), which has no missing parents
[2022-04-06 01:33:17,707] {spark_submit.py:488} INFO - 22/04/06 01:33:17 INFO MemoryStore: Block broadcast_2 stored as values in memory (estimated size 20.7 KiB, free 434.2 MiB)
[2022-04-06 01:33:17,781] {spark_submit.py:488} INFO - 22/04/06 01:33:17 INFO MemoryStore: Block broadcast_2_piece0 stored as bytes in memory (estimated size 8.5 KiB, free 434.2 MiB)
[2022-04-06 01:33:17,783] {spark_submit.py:488} INFO - 22/04/06 01:33:17 INFO BlockManagerInfo: Added broadcast_2_piece0 in memory on 9fe4286b2855:32879 (size: 8.5 KiB, free: 434.4 MiB)
[2022-04-06 01:33:17,788] {spark_submit.py:488} INFO - 22/04/06 01:33:17 INFO SparkContext: Created broadcast 2 from broadcast at DAGScheduler.scala:1478
[2022-04-06 01:33:17,847] {spark_submit.py:488} INFO - 22/04/06 01:33:17 INFO DAGScheduler: Submitting 2 missing tasks from ShuffleMapStage 1 (MapPartitionsRDD[6] at save at NativeMethodAccessorImpl.java:0) (first 15 tasks are for partitions Vector(0, 1))
[2022-04-06 01:33:17,847] {spark_submit.py:488} INFO - 22/04/06 01:33:17 INFO TaskSchedulerImpl: Adding task set 1.0 with 2 tasks resource profile 0
[2022-04-06 01:33:17,858] {spark_submit.py:488} INFO - 22/04/06 01:33:17 INFO TaskSetManager: Starting task 0.0 in stage 1.0 (TID 1) (9fe4286b2855, executor driver, partition 0, PROCESS_LOCAL, 4881 bytes) taskResourceAssignments Map()
[2022-04-06 01:33:17,859] {spark_submit.py:488} INFO - 22/04/06 01:33:17 INFO TaskSetManager: Starting task 1.0 in stage 1.0 (TID 2) (9fe4286b2855, executor driver, partition 1, PROCESS_LOCAL, 4881 bytes) taskResourceAssignments Map()
[2022-04-06 01:33:17,860] {spark_submit.py:488} INFO - 22/04/06 01:33:17 INFO Executor: Running task 0.0 in stage 1.0 (TID 1)
[2022-04-06 01:33:17,916] {spark_submit.py:488} INFO - 22/04/06 01:33:17 INFO Executor: Running task 1.0 in stage 1.0 (TID 2)
[2022-04-06 01:33:18,693] {spark_submit.py:488} INFO - 22/04/06 01:33:18 INFO FileScanRDD: Reading File path: gs://dtc_data_lake_de-stack-overflow/parquet/badges-2016-01.parquet, range: 0-4194304, partition values: [empty row]
[2022-04-06 01:33:18,713] {spark_submit.py:488} INFO - 22/04/06 01:33:18 INFO FileScanRDD: Reading File path: gs://dtc_data_lake_de-stack-overflow/parquet/badges-2016-01.parquet, range: 4194304-7002602, partition values: [empty row]
[2022-04-06 01:33:22,405] {spark_submit.py:488} INFO - 22/04/06 01:33:22 INFO Executor: Finished task 1.0 in stage 1.0 (TID 2). 1900 bytes result sent to driver
[2022-04-06 01:33:22,534] {spark_submit.py:488} INFO - 22/04/06 01:33:22 INFO TaskSetManager: Finished task 1.0 in stage 1.0 (TID 2) in 4675 ms on 9fe4286b2855 (executor driver) (1/2)
[2022-04-06 01:33:24,670] {spark_submit.py:488} INFO - 22/04/06 01:33:24 INFO CodecPool: Got brand-new decompressor [.snappy]
[2022-04-06 01:34:00,116] {spark_submit.py:488} INFO - 22/04/06 01:34:00 INFO Executor: Finished task 0.0 in stage 1.0 (TID 1). 2072 bytes result sent to driver
[2022-04-06 01:34:00,152] {spark_submit.py:488} INFO - 22/04/06 01:34:00 INFO TaskSetManager: Finished task 0.0 in stage 1.0 (TID 1) in 42301 ms on 9fe4286b2855 (executor driver) (2/2)
[2022-04-06 01:34:00,153] {spark_submit.py:488} INFO - 22/04/06 01:34:00 INFO TaskSchedulerImpl: Removed TaskSet 1.0, whose tasks have all completed, from pool
[2022-04-06 01:34:00,155] {spark_submit.py:488} INFO - 22/04/06 01:34:00 INFO DAGScheduler: ShuffleMapStage 1 (save at NativeMethodAccessorImpl.java:0) finished in 42.962 s
[2022-04-06 01:34:00,155] {spark_submit.py:488} INFO - 22/04/06 01:34:00 INFO DAGScheduler: looking for newly runnable stages
[2022-04-06 01:34:00,160] {spark_submit.py:488} INFO - 22/04/06 01:34:00 INFO DAGScheduler: running: Set()
[2022-04-06 01:34:00,160] {spark_submit.py:488} INFO - 22/04/06 01:34:00 INFO DAGScheduler: waiting: Set()
[2022-04-06 01:34:00,160] {spark_submit.py:488} INFO - 22/04/06 01:34:00 INFO DAGScheduler: failed: Set()
[2022-04-06 01:34:00,964] {spark_submit.py:488} INFO - 22/04/06 01:34:00 INFO SparkContext: Starting job: save at NativeMethodAccessorImpl.java:0
[2022-04-06 01:34:00,967] {spark_submit.py:488} INFO - 22/04/06 01:34:00 INFO DAGScheduler: Got job 2 (save at NativeMethodAccessorImpl.java:0) with 4 output partitions
[2022-04-06 01:34:00,967] {spark_submit.py:488} INFO - 22/04/06 01:34:00 INFO DAGScheduler: Final stage: ResultStage 3 (save at NativeMethodAccessorImpl.java:0)
[2022-04-06 01:34:00,968] {spark_submit.py:488} INFO - 22/04/06 01:34:00 INFO DAGScheduler: Parents of final stage: List(ShuffleMapStage 2)
[2022-04-06 01:34:00,971] {spark_submit.py:488} INFO - 22/04/06 01:34:00 INFO DAGScheduler: Missing parents: List()
[2022-04-06 01:34:00,973] {spark_submit.py:488} INFO - 22/04/06 01:34:00 INFO DAGScheduler: Submitting ResultStage 3 (ShuffledRowRDD[7] at save at NativeMethodAccessorImpl.java:0), which has no missing parents
[2022-04-06 01:34:01,548] {spark_submit.py:488} INFO - 22/04/06 01:34:01 INFO MemoryStore: Block broadcast_3 stored as values in memory (estimated size 202.3 KiB, free 434.0 MiB)
[2022-04-06 01:34:01,622] {spark_submit.py:488} INFO - 22/04/06 01:34:01 INFO MemoryStore: Block broadcast_3_piece0 stored as bytes in memory (estimated size 72.3 KiB, free 433.9 MiB)
[2022-04-06 01:34:01,633] {spark_submit.py:488} INFO - 22/04/06 01:34:01 INFO BlockManagerInfo: Added broadcast_3_piece0 in memory on 9fe4286b2855:32879 (size: 72.3 KiB, free: 434.3 MiB)
[2022-04-06 01:34:01,636] {spark_submit.py:488} INFO - 22/04/06 01:34:01 INFO SparkContext: Created broadcast 3 from broadcast at DAGScheduler.scala:1478
[2022-04-06 01:34:01,651] {spark_submit.py:488} INFO - 22/04/06 01:34:01 INFO DAGScheduler: Submitting 4 missing tasks from ResultStage 3 (ShuffledRowRDD[7] at save at NativeMethodAccessorImpl.java:0) (first 15 tasks are for partitions Vector(0, 1, 2, 3))
[2022-04-06 01:34:01,652] {spark_submit.py:488} INFO - 22/04/06 01:34:01 INFO TaskSchedulerImpl: Adding task set 3.0 with 4 tasks resource profile 0
[2022-04-06 01:34:01,686] {spark_submit.py:488} INFO - 22/04/06 01:34:01 INFO TaskSetManager: Starting task 0.0 in stage 3.0 (TID 3) (9fe4286b2855, executor driver, partition 0, NODE_LOCAL, 4453 bytes) taskResourceAssignments Map()
[2022-04-06 01:34:01,687] {spark_submit.py:488} INFO - 22/04/06 01:34:01 INFO TaskSetManager: Starting task 1.0 in stage 3.0 (TID 4) (9fe4286b2855, executor driver, partition 1, NODE_LOCAL, 4453 bytes) taskResourceAssignments Map()
[2022-04-06 01:34:01,688] {spark_submit.py:488} INFO - 22/04/06 01:34:01 INFO TaskSetManager: Starting task 2.0 in stage 3.0 (TID 5) (9fe4286b2855, executor driver, partition 2, NODE_LOCAL, 4453 bytes) taskResourceAssignments Map()
[2022-04-06 01:34:01,690] {spark_submit.py:488} INFO - 22/04/06 01:34:01 INFO TaskSetManager: Starting task 3.0 in stage 3.0 (TID 6) (9fe4286b2855, executor driver, partition 3, NODE_LOCAL, 4453 bytes) taskResourceAssignments Map()
[2022-04-06 01:34:01,691] {spark_submit.py:488} INFO - 22/04/06 01:34:01 INFO Executor: Running task 0.0 in stage 3.0 (TID 3)
[2022-04-06 01:34:01,696] {spark_submit.py:488} INFO - 22/04/06 01:34:01 INFO Executor: Running task 1.0 in stage 3.0 (TID 4)
[2022-04-06 01:34:01,832] {spark_submit.py:488} INFO - 22/04/06 01:34:01 INFO Executor: Running task 2.0 in stage 3.0 (TID 5)
[2022-04-06 01:34:01,842] {spark_submit.py:488} INFO - 22/04/06 01:34:01 INFO Executor: Running task 3.0 in stage 3.0 (TID 6)
[2022-04-06 01:34:02,419] {spark_submit.py:488} INFO - 22/04/06 01:34:02 INFO ShuffleBlockFetcherIterator: Getting 1 (2.5 MiB) non-empty blocks including 1 (2.5 MiB) local and 0 (0.0 B) host-local and 0 (0.0 B) push-merged-local and 0 (0.0 B) remote blocks
[2022-04-06 01:34:02,423] {spark_submit.py:488} INFO - 22/04/06 01:34:02 INFO ShuffleBlockFetcherIterator: Started 0 remote fetches in 55 ms
[2022-04-06 01:34:02,480] {spark_submit.py:488} INFO - 22/04/06 01:34:02 INFO ShuffleBlockFetcherIterator: Getting 1 (2.5 MiB) non-empty blocks including 1 (2.5 MiB) local and 0 (0.0 B) host-local and 0 (0.0 B) push-merged-local and 0 (0.0 B) remote blocks
[2022-04-06 01:34:02,483] {spark_submit.py:488} INFO - 22/04/06 01:34:02 INFO ShuffleBlockFetcherIterator: Started 0 remote fetches in 88 ms
[2022-04-06 01:34:02,483] {spark_submit.py:488} INFO - 22/04/06 01:34:02 INFO ShuffleBlockFetcherIterator: Getting 1 (2.5 MiB) non-empty blocks including 1 (2.5 MiB) local and 0 (0.0 B) host-local and 0 (0.0 B) push-merged-local and 0 (0.0 B) remote blocks
[2022-04-06 01:34:02,483] {spark_submit.py:488} INFO - 22/04/06 01:34:02 INFO ShuffleBlockFetcherIterator: Started 0 remote fetches in 96 ms
[2022-04-06 01:34:02,504] {spark_submit.py:488} INFO - 22/04/06 01:34:02 INFO ShuffleBlockFetcherIterator: Getting 1 (2.5 MiB) non-empty blocks including 1 (2.5 MiB) local and 0 (0.0 B) host-local and 0 (0.0 B) push-merged-local and 0 (0.0 B) remote blocks
[2022-04-06 01:34:02,505] {spark_submit.py:488} INFO - 22/04/06 01:34:02 INFO ShuffleBlockFetcherIterator: Started 0 remote fetches in 132 ms
[2022-04-06 01:34:02,573] {spark_submit.py:488} INFO - 22/04/06 01:34:02 INFO FileOutputCommitter: File Output Committer Algorithm version is 1
[2022-04-06 01:34:02,573] {spark_submit.py:488} INFO - 22/04/06 01:34:02 INFO FileOutputCommitter: FileOutputCommitter skip cleanup _temporary folders under output directory:false, ignore cleanup failures: false
[2022-04-06 01:34:02,588] {spark_submit.py:488} INFO - 22/04/06 01:34:02 INFO FileOutputCommitter: File Output Committer Algorithm version is 1
[2022-04-06 01:34:02,588] {spark_submit.py:488} INFO - 22/04/06 01:34:02 INFO FileOutputCommitter: FileOutputCommitter skip cleanup _temporary folders under output directory:false, ignore cleanup failures: false
[2022-04-06 01:34:02,589] {spark_submit.py:488} INFO - 22/04/06 01:34:02 INFO SQLHadoopMapReduceCommitProtocol: Using user defined output committer class org.apache.parquet.hadoop.ParquetOutputCommitter
[2022-04-06 01:34:02,589] {spark_submit.py:488} INFO - 22/04/06 01:34:02 INFO FileOutputCommitter: File Output Committer Algorithm version is 1
[2022-04-06 01:34:02,590] {spark_submit.py:488} INFO - 22/04/06 01:34:02 INFO FileOutputCommitter: FileOutputCommitter skip cleanup _temporary folders under output directory:false, ignore cleanup failures: false
[2022-04-06 01:34:02,591] {spark_submit.py:488} INFO - 22/04/06 01:34:02 INFO SQLHadoopMapReduceCommitProtocol: Using output committer class org.apache.parquet.hadoop.ParquetOutputCommitter
[2022-04-06 01:34:02,603] {spark_submit.py:488} INFO - 22/04/06 01:34:02 INFO FileOutputCommitter: File Output Committer Algorithm version is 1
[2022-04-06 01:34:02,603] {spark_submit.py:488} INFO - 22/04/06 01:34:02 INFO FileOutputCommitter: FileOutputCommitter skip cleanup _temporary folders under output directory:false, ignore cleanup failures: false
[2022-04-06 01:34:02,604] {spark_submit.py:488} INFO - 22/04/06 01:34:02 INFO FileOutputCommitter: File Output Committer Algorithm version is 1
[2022-04-06 01:34:02,604] {spark_submit.py:488} INFO - 22/04/06 01:34:02 INFO FileOutputCommitter: FileOutputCommitter skip cleanup _temporary folders under output directory:false, ignore cleanup failures: false
[2022-04-06 01:34:02,605] {spark_submit.py:488} INFO - 22/04/06 01:34:02 INFO SQLHadoopMapReduceCommitProtocol: Using user defined output committer class org.apache.parquet.hadoop.ParquetOutputCommitter
[2022-04-06 01:34:02,605] {spark_submit.py:488} INFO - 22/04/06 01:34:02 INFO FileOutputCommitter: File Output Committer Algorithm version is 1
[2022-04-06 01:34:02,606] {spark_submit.py:488} INFO - 22/04/06 01:34:02 INFO FileOutputCommitter: FileOutputCommitter skip cleanup _temporary folders under output directory:false, ignore cleanup failures: false
[2022-04-06 01:34:02,607] {spark_submit.py:488} INFO - 22/04/06 01:34:02 INFO SQLHadoopMapReduceCommitProtocol: Using output committer class org.apache.parquet.hadoop.ParquetOutputCommitter
[2022-04-06 01:34:02,613] {spark_submit.py:488} INFO - 22/04/06 01:34:02 INFO SQLHadoopMapReduceCommitProtocol: Using user defined output committer class org.apache.parquet.hadoop.ParquetOutputCommitter
[2022-04-06 01:34:02,613] {spark_submit.py:488} INFO - 22/04/06 01:34:02 INFO FileOutputCommitter: File Output Committer Algorithm version is 1
[2022-04-06 01:34:02,613] {spark_submit.py:488} INFO - 22/04/06 01:34:02 INFO FileOutputCommitter: FileOutputCommitter skip cleanup _temporary folders under output directory:false, ignore cleanup failures: false
[2022-04-06 01:34:02,615] {spark_submit.py:488} INFO - 22/04/06 01:34:02 INFO SQLHadoopMapReduceCommitProtocol: Using output committer class org.apache.parquet.hadoop.ParquetOutputCommitter
[2022-04-06 01:34:02,620] {spark_submit.py:488} INFO - 22/04/06 01:34:02 INFO SQLHadoopMapReduceCommitProtocol: Using user defined output committer class org.apache.parquet.hadoop.ParquetOutputCommitter
[2022-04-06 01:34:02,620] {spark_submit.py:488} INFO - 22/04/06 01:34:02 INFO FileOutputCommitter: File Output Committer Algorithm version is 1
[2022-04-06 01:34:02,620] {spark_submit.py:488} INFO - 22/04/06 01:34:02 INFO FileOutputCommitter: FileOutputCommitter skip cleanup _temporary folders under output directory:false, ignore cleanup failures: false
[2022-04-06 01:34:02,621] {spark_submit.py:488} INFO - 22/04/06 01:34:02 INFO SQLHadoopMapReduceCommitProtocol: Using output committer class org.apache.parquet.hadoop.ParquetOutputCommitter
[2022-04-06 01:34:02,684] {spark_submit.py:488} INFO - 22/04/06 01:34:02 INFO CodecConfig: Compression: SNAPPY
[2022-04-06 01:34:02,759] {spark_submit.py:488} INFO - 22/04/06 01:34:02 INFO CodecConfig: Compression: SNAPPY
[2022-04-06 01:34:02,808] {spark_submit.py:488} INFO - 22/04/06 01:34:02 INFO CodecConfig: Compression: SNAPPY
[2022-04-06 01:34:02,809] {spark_submit.py:488} INFO - 22/04/06 01:34:02 INFO CodecConfig: Compression: SNAPPY
[2022-04-06 01:34:02,809] {spark_submit.py:488} INFO - 22/04/06 01:34:02 INFO CodecConfig: Compression: SNAPPY
[2022-04-06 01:34:02,810] {spark_submit.py:488} INFO - 22/04/06 01:34:02 INFO CodecConfig: Compression: SNAPPY
[2022-04-06 01:34:02,810] {spark_submit.py:488} INFO - 22/04/06 01:34:02 INFO CodecConfig: Compression: SNAPPY
[2022-04-06 01:34:02,811] {spark_submit.py:488} INFO - 22/04/06 01:34:02 INFO CodecConfig: Compression: SNAPPY
[2022-04-06 01:34:02,974] {spark_submit.py:488} INFO - 22/04/06 01:34:02 INFO ParquetOutputFormat: Parquet block size to 134217728
[2022-04-06 01:34:02,974] {spark_submit.py:488} INFO - 22/04/06 01:34:02 INFO ParquetOutputFormat: Validation is off
[2022-04-06 01:34:02,974] {spark_submit.py:488} INFO - 22/04/06 01:34:02 INFO ParquetOutputFormat: Maximum row group padding size is 8388608 bytes
[2022-04-06 01:34:02,975] {spark_submit.py:488} INFO - 22/04/06 01:34:02 INFO ParquetOutputFormat: Parquet properties are:
[2022-04-06 01:34:02,975] {spark_submit.py:488} INFO - Parquet page size to 1048576
[2022-04-06 01:34:02,975] {spark_submit.py:488} INFO - Parquet dictionary page size to 1048576
[2022-04-06 01:34:02,975] {spark_submit.py:488} INFO - Dictionary is true
[2022-04-06 01:34:02,975] {spark_submit.py:488} INFO - Writer version is: PARQUET_1_0
[2022-04-06 01:34:02,975] {spark_submit.py:488} INFO - Page size checking is: estimated
[2022-04-06 01:34:02,975] {spark_submit.py:488} INFO - Min row count for page size check is: 100
[2022-04-06 01:34:02,975] {spark_submit.py:488} INFO - Max row count for page size check is: 10000
[2022-04-06 01:34:02,975] {spark_submit.py:488} INFO - Truncate length for column indexes is: 64
[2022-04-06 01:34:02,975] {spark_submit.py:488} INFO - Truncate length for statistics min/max  is: 2147483647
[2022-04-06 01:34:02,975] {spark_submit.py:488} INFO - Bloom filter enabled: false
[2022-04-06 01:34:02,975] {spark_submit.py:488} INFO - Max Bloom filter size for a column is 1048576
[2022-04-06 01:34:02,975] {spark_submit.py:488} INFO - Bloom filter expected number of distinct values are: null
[2022-04-06 01:34:02,975] {spark_submit.py:488} INFO - Page row count limit to 20000
[2022-04-06 01:34:02,976] {spark_submit.py:488} INFO - Writing page checksums is: on
[2022-04-06 01:34:03,026] {spark_submit.py:488} INFO - 22/04/06 01:34:03 INFO ParquetOutputFormat: Parquet block size to 134217728
[2022-04-06 01:34:03,026] {spark_submit.py:488} INFO - 22/04/06 01:34:03 INFO ParquetOutputFormat: Validation is off
[2022-04-06 01:34:03,026] {spark_submit.py:488} INFO - 22/04/06 01:34:03 INFO ParquetOutputFormat: Maximum row group padding size is 8388608 bytes
[2022-04-06 01:34:03,026] {spark_submit.py:488} INFO - 22/04/06 01:34:03 INFO ParquetOutputFormat: Parquet properties are:
[2022-04-06 01:34:03,026] {spark_submit.py:488} INFO - Parquet page size to 1048576
[2022-04-06 01:34:03,027] {spark_submit.py:488} INFO - Parquet dictionary page size to 1048576
[2022-04-06 01:34:03,027] {spark_submit.py:488} INFO - Dictionary is true
[2022-04-06 01:34:03,027] {spark_submit.py:488} INFO - Writer version is: PARQUET_1_0
[2022-04-06 01:34:03,027] {spark_submit.py:488} INFO - Page size checking is: estimated
[2022-04-06 01:34:03,027] {spark_submit.py:488} INFO - Min row count for page size check is: 100
[2022-04-06 01:34:03,027] {spark_submit.py:488} INFO - Max row count for page size check is: 10000
[2022-04-06 01:34:03,027] {spark_submit.py:488} INFO - Truncate length for column indexes is: 64
[2022-04-06 01:34:03,027] {spark_submit.py:488} INFO - Truncate length for statistics min/max  is: 2147483647
[2022-04-06 01:34:03,027] {spark_submit.py:488} INFO - Bloom filter enabled: false
[2022-04-06 01:34:03,027] {spark_submit.py:488} INFO - Max Bloom filter size for a column is 1048576
[2022-04-06 01:34:03,027] {spark_submit.py:488} INFO - Bloom filter expected number of distinct values are: null
[2022-04-06 01:34:03,027] {spark_submit.py:488} INFO - Page row count limit to 20000
[2022-04-06 01:34:03,027] {spark_submit.py:488} INFO - Writing page checksums is: on
[2022-04-06 01:34:03,074] {spark_submit.py:488} INFO - 22/04/06 01:34:03 INFO ParquetOutputFormat: Parquet block size to 134217728
[2022-04-06 01:34:03,074] {spark_submit.py:488} INFO - 22/04/06 01:34:03 INFO ParquetOutputFormat: Validation is off
[2022-04-06 01:34:03,074] {spark_submit.py:488} INFO - 22/04/06 01:34:03 INFO ParquetOutputFormat: Maximum row group padding size is 8388608 bytes
[2022-04-06 01:34:03,074] {spark_submit.py:488} INFO - 22/04/06 01:34:03 INFO ParquetOutputFormat: Parquet properties are:
[2022-04-06 01:34:03,075] {spark_submit.py:488} INFO - Parquet page size to 1048576
[2022-04-06 01:34:03,075] {spark_submit.py:488} INFO - Parquet dictionary page size to 1048576
[2022-04-06 01:34:03,075] {spark_submit.py:488} INFO - Dictionary is true
[2022-04-06 01:34:03,075] {spark_submit.py:488} INFO - Writer version is: PARQUET_1_0
[2022-04-06 01:34:03,075] {spark_submit.py:488} INFO - Page size checking is: estimated
[2022-04-06 01:34:03,075] {spark_submit.py:488} INFO - Min row count for page size check is: 100
[2022-04-06 01:34:03,075] {spark_submit.py:488} INFO - Max row count for page size check is: 10000
[2022-04-06 01:34:03,075] {spark_submit.py:488} INFO - Truncate length for column indexes is: 64
[2022-04-06 01:34:03,075] {spark_submit.py:488} INFO - Truncate length for statistics min/max  is: 2147483647
[2022-04-06 01:34:03,075] {spark_submit.py:488} INFO - Bloom filter enabled: false
[2022-04-06 01:34:03,075] {spark_submit.py:488} INFO - Max Bloom filter size for a column is 1048576
[2022-04-06 01:34:03,075] {spark_submit.py:488} INFO - Bloom filter expected number of distinct values are: null
[2022-04-06 01:34:03,075] {spark_submit.py:488} INFO - Page row count limit to 20000
[2022-04-06 01:34:03,076] {spark_submit.py:488} INFO - Writing page checksums is: on
[2022-04-06 01:34:03,218] {spark_submit.py:488} INFO - 22/04/06 01:34:03 INFO ParquetOutputFormat: Parquet block size to 134217728
[2022-04-06 01:34:03,218] {spark_submit.py:488} INFO - 22/04/06 01:34:03 INFO ParquetOutputFormat: Validation is off
[2022-04-06 01:34:03,218] {spark_submit.py:488} INFO - 22/04/06 01:34:03 INFO ParquetOutputFormat: Maximum row group padding size is 8388608 bytes
[2022-04-06 01:34:03,218] {spark_submit.py:488} INFO - 22/04/06 01:34:03 INFO ParquetOutputFormat: Parquet properties are:
[2022-04-06 01:34:03,219] {spark_submit.py:488} INFO - Parquet page size to 1048576
[2022-04-06 01:34:03,219] {spark_submit.py:488} INFO - Parquet dictionary page size to 1048576
[2022-04-06 01:34:03,219] {spark_submit.py:488} INFO - Dictionary is true
[2022-04-06 01:34:03,219] {spark_submit.py:488} INFO - Writer version is: PARQUET_1_0
[2022-04-06 01:34:03,219] {spark_submit.py:488} INFO - Page size checking is: estimated
[2022-04-06 01:34:03,219] {spark_submit.py:488} INFO - Min row count for page size check is: 100
[2022-04-06 01:34:03,219] {spark_submit.py:488} INFO - Max row count for page size check is: 10000
[2022-04-06 01:34:03,219] {spark_submit.py:488} INFO - Truncate length for column indexes is: 64
[2022-04-06 01:34:03,219] {spark_submit.py:488} INFO - Truncate length for statistics min/max  is: 2147483647
[2022-04-06 01:34:03,219] {spark_submit.py:488} INFO - Bloom filter enabled: false
[2022-04-06 01:34:03,219] {spark_submit.py:488} INFO - Max Bloom filter size for a column is 1048576
[2022-04-06 01:34:03,219] {spark_submit.py:488} INFO - Bloom filter expected number of distinct values are: null
[2022-04-06 01:34:03,220] {spark_submit.py:488} INFO - Page row count limit to 20000
[2022-04-06 01:34:03,220] {spark_submit.py:488} INFO - Writing page checksums is: on
[2022-04-06 01:34:03,226] {spark_submit.py:488} INFO - 22/04/06 01:34:03 INFO ParquetWriteSupport: Initialized Parquet WriteSupport with Catalyst schema:
[2022-04-06 01:34:03,226] {spark_submit.py:488} INFO - {
[2022-04-06 01:34:03,227] {spark_submit.py:488} INFO - "type" : "struct",
[2022-04-06 01:34:03,227] {spark_submit.py:488} INFO - "fields" : [ {
[2022-04-06 01:34:03,227] {spark_submit.py:488} INFO - "name" : "id",
[2022-04-06 01:34:03,227] {spark_submit.py:488} INFO - "type" : "integer",
[2022-04-06 01:34:03,227] {spark_submit.py:488} INFO - "nullable" : true,
[2022-04-06 01:34:03,227] {spark_submit.py:488} INFO - "metadata" : { }
[2022-04-06 01:34:03,227] {spark_submit.py:488} INFO - }, {
[2022-04-06 01:34:03,227] {spark_submit.py:488} INFO - "name" : "name",
[2022-04-06 01:34:03,227] {spark_submit.py:488} INFO - "type" : "string",
[2022-04-06 01:34:03,227] {spark_submit.py:488} INFO - "nullable" : true,
[2022-04-06 01:34:03,227] {spark_submit.py:488} INFO - "metadata" : { }
[2022-04-06 01:34:03,227] {spark_submit.py:488} INFO - }, {
[2022-04-06 01:34:03,228] {spark_submit.py:488} INFO - "name" : "date",
[2022-04-06 01:34:03,228] {spark_submit.py:488} INFO - "type" : "timestamp",
[2022-04-06 01:34:03,228] {spark_submit.py:488} INFO - "nullable" : true,
[2022-04-06 01:34:03,228] {spark_submit.py:488} INFO - "metadata" : { }
[2022-04-06 01:34:03,228] {spark_submit.py:488} INFO - }, {
[2022-04-06 01:34:03,228] {spark_submit.py:488} INFO - "name" : "user_id",
[2022-04-06 01:34:03,228] {spark_submit.py:488} INFO - "type" : "integer",
[2022-04-06 01:34:03,228] {spark_submit.py:488} INFO - "nullable" : true,
[2022-04-06 01:34:03,228] {spark_submit.py:488} INFO - "metadata" : { }
[2022-04-06 01:34:03,228] {spark_submit.py:488} INFO - }, {
[2022-04-06 01:34:03,228] {spark_submit.py:488} INFO - "name" : "class",
[2022-04-06 01:34:03,228] {spark_submit.py:488} INFO - "type" : "integer",
[2022-04-06 01:34:03,228] {spark_submit.py:488} INFO - "nullable" : true,
[2022-04-06 01:34:03,228] {spark_submit.py:488} INFO - "metadata" : { }
[2022-04-06 01:34:03,229] {spark_submit.py:488} INFO - }, {
[2022-04-06 01:34:03,229] {spark_submit.py:488} INFO - "name" : "tag_based",
[2022-04-06 01:34:03,229] {spark_submit.py:488} INFO - "type" : "boolean",
[2022-04-06 01:34:03,229] {spark_submit.py:488} INFO - "nullable" : true,
[2022-04-06 01:34:03,229] {spark_submit.py:488} INFO - "metadata" : { }
[2022-04-06 01:34:03,229] {spark_submit.py:488} INFO - }, {
[2022-04-06 01:34:03,229] {spark_submit.py:488} INFO - "name" : "group_by_date",
[2022-04-06 01:34:03,229] {spark_submit.py:488} INFO - "type" : "timestamp",
[2022-04-06 01:34:03,229] {spark_submit.py:488} INFO - "nullable" : true,
[2022-04-06 01:34:03,229] {spark_submit.py:488} INFO - "metadata" : { }
[2022-04-06 01:34:03,229] {spark_submit.py:488} INFO - } ]
[2022-04-06 01:34:03,229] {spark_submit.py:488} INFO - }
[2022-04-06 01:34:03,229] {spark_submit.py:488} INFO - and corresponding Parquet message type:
[2022-04-06 01:34:03,229] {spark_submit.py:488} INFO - message spark_schema {
[2022-04-06 01:34:03,230] {spark_submit.py:488} INFO - optional int32 id;
[2022-04-06 01:34:03,230] {spark_submit.py:488} INFO - optional binary name (STRING);
[2022-04-06 01:34:03,230] {spark_submit.py:488} INFO - optional int96 date;
[2022-04-06 01:34:03,230] {spark_submit.py:488} INFO - optional int32 user_id;
[2022-04-06 01:34:03,230] {spark_submit.py:488} INFO - optional int32 class;
[2022-04-06 01:34:03,230] {spark_submit.py:488} INFO - optional boolean tag_based;
[2022-04-06 01:34:03,230] {spark_submit.py:488} INFO - optional int96 group_by_date;
[2022-04-06 01:34:03,230] {spark_submit.py:488} INFO - }
[2022-04-06 01:34:03,230] {spark_submit.py:488} INFO - 
[2022-04-06 01:34:03,230] {spark_submit.py:488} INFO - 
[2022-04-06 01:34:03,231] {spark_submit.py:488} INFO - 22/04/06 01:34:03 INFO ParquetWriteSupport: Initialized Parquet WriteSupport with Catalyst schema:
[2022-04-06 01:34:03,231] {spark_submit.py:488} INFO - {
[2022-04-06 01:34:03,231] {spark_submit.py:488} INFO - "type" : "struct",
[2022-04-06 01:34:03,231] {spark_submit.py:488} INFO - "fields" : [ {
[2022-04-06 01:34:03,231] {spark_submit.py:488} INFO - "name" : "id",
[2022-04-06 01:34:03,231] {spark_submit.py:488} INFO - "type" : "integer",
[2022-04-06 01:34:03,231] {spark_submit.py:488} INFO - "nullable" : true,
[2022-04-06 01:34:03,231] {spark_submit.py:488} INFO - "metadata" : { }
[2022-04-06 01:34:03,231] {spark_submit.py:488} INFO - }, {
[2022-04-06 01:34:03,231] {spark_submit.py:488} INFO - "name" : "name",
[2022-04-06 01:34:03,231] {spark_submit.py:488} INFO - "type" : "string",
[2022-04-06 01:34:03,231] {spark_submit.py:488} INFO - "nullable" : true,
[2022-04-06 01:34:03,232] {spark_submit.py:488} INFO - "metadata" : { }
[2022-04-06 01:34:03,232] {spark_submit.py:488} INFO - }, {
[2022-04-06 01:34:03,232] {spark_submit.py:488} INFO - "name" : "date",
[2022-04-06 01:34:03,232] {spark_submit.py:488} INFO - "type" : "timestamp",
[2022-04-06 01:34:03,232] {spark_submit.py:488} INFO - "nullable" : true,
[2022-04-06 01:34:03,232] {spark_submit.py:488} INFO - "metadata" : { }
[2022-04-06 01:34:03,232] {spark_submit.py:488} INFO - }, {
[2022-04-06 01:34:03,232] {spark_submit.py:488} INFO - "name" : "user_id",
[2022-04-06 01:34:03,232] {spark_submit.py:488} INFO - "type" : "integer",
[2022-04-06 01:34:03,232] {spark_submit.py:488} INFO - "nullable" : true,
[2022-04-06 01:34:03,232] {spark_submit.py:488} INFO - "metadata" : { }
[2022-04-06 01:34:03,232] {spark_submit.py:488} INFO - }, {
[2022-04-06 01:34:03,232] {spark_submit.py:488} INFO - "name" : "class",
[2022-04-06 01:34:03,232] {spark_submit.py:488} INFO - "type" : "integer",
[2022-04-06 01:34:03,232] {spark_submit.py:488} INFO - "nullable" : true,
[2022-04-06 01:34:03,233] {spark_submit.py:488} INFO - "metadata" : { }
[2022-04-06 01:34:03,233] {spark_submit.py:488} INFO - }, {
[2022-04-06 01:34:03,233] {spark_submit.py:488} INFO - "name" : "tag_based",
[2022-04-06 01:34:03,233] {spark_submit.py:488} INFO - "type" : "boolean",
[2022-04-06 01:34:03,233] {spark_submit.py:488} INFO - "nullable" : true,
[2022-04-06 01:34:03,233] {spark_submit.py:488} INFO - "metadata" : { }
[2022-04-06 01:34:03,233] {spark_submit.py:488} INFO - }, {
[2022-04-06 01:34:03,233] {spark_submit.py:488} INFO - "name" : "group_by_date",
[2022-04-06 01:34:03,233] {spark_submit.py:488} INFO - "type" : "timestamp",
[2022-04-06 01:34:03,233] {spark_submit.py:488} INFO - "nullable" : true,
[2022-04-06 01:34:03,233] {spark_submit.py:488} INFO - "metadata" : { }
[2022-04-06 01:34:03,233] {spark_submit.py:488} INFO - } ]
[2022-04-06 01:34:03,233] {spark_submit.py:488} INFO - }
[2022-04-06 01:34:03,233] {spark_submit.py:488} INFO - and corresponding Parquet message type:
[2022-04-06 01:34:03,234] {spark_submit.py:488} INFO - message spark_schema {
[2022-04-06 01:34:03,234] {spark_submit.py:488} INFO - optional int32 id;
[2022-04-06 01:34:03,234] {spark_submit.py:488} INFO - optional binary name (STRING);
[2022-04-06 01:34:03,234] {spark_submit.py:488} INFO - optional int96 date;
[2022-04-06 01:34:03,234] {spark_submit.py:488} INFO - optional int32 user_id;
[2022-04-06 01:34:03,234] {spark_submit.py:488} INFO - optional int32 class;
[2022-04-06 01:34:03,234] {spark_submit.py:488} INFO - optional boolean tag_based;
[2022-04-06 01:34:03,234] {spark_submit.py:488} INFO - optional int96 group_by_date;
[2022-04-06 01:34:03,234] {spark_submit.py:488} INFO - }
[2022-04-06 01:34:03,234] {spark_submit.py:488} INFO - 
[2022-04-06 01:34:03,234] {spark_submit.py:488} INFO - 
[2022-04-06 01:34:03,234] {spark_submit.py:488} INFO - 22/04/06 01:34:03 INFO ParquetWriteSupport: Initialized Parquet WriteSupport with Catalyst schema:
[2022-04-06 01:34:03,235] {spark_submit.py:488} INFO - {
[2022-04-06 01:34:03,235] {spark_submit.py:488} INFO - "type" : "struct",
[2022-04-06 01:34:03,235] {spark_submit.py:488} INFO - "fields" : [ {
[2022-04-06 01:34:03,235] {spark_submit.py:488} INFO - "name" : "id",
[2022-04-06 01:34:03,235] {spark_submit.py:488} INFO - "type" : "integer",
[2022-04-06 01:34:03,235] {spark_submit.py:488} INFO - "nullable" : true,
[2022-04-06 01:34:03,235] {spark_submit.py:488} INFO - "metadata" : { }
[2022-04-06 01:34:03,235] {spark_submit.py:488} INFO - }, {
[2022-04-06 01:34:03,235] {spark_submit.py:488} INFO - "name" : "name",
[2022-04-06 01:34:03,235] {spark_submit.py:488} INFO - "type" : "string",
[2022-04-06 01:34:03,235] {spark_submit.py:488} INFO - "nullable" : true,
[2022-04-06 01:34:03,235] {spark_submit.py:488} INFO - "metadata" : { }
[2022-04-06 01:34:03,235] {spark_submit.py:488} INFO - }, {
[2022-04-06 01:34:03,235] {spark_submit.py:488} INFO - "name" : "date",
[2022-04-06 01:34:03,235] {spark_submit.py:488} INFO - "type" : "timestamp",
[2022-04-06 01:34:03,236] {spark_submit.py:488} INFO - "nullable" : true,
[2022-04-06 01:34:03,236] {spark_submit.py:488} INFO - "metadata" : { }
[2022-04-06 01:34:03,236] {spark_submit.py:488} INFO - }, {
[2022-04-06 01:34:03,236] {spark_submit.py:488} INFO - "name" : "user_id",
[2022-04-06 01:34:03,236] {spark_submit.py:488} INFO - "type" : "integer",
[2022-04-06 01:34:03,236] {spark_submit.py:488} INFO - "nullable" : true,
[2022-04-06 01:34:03,236] {spark_submit.py:488} INFO - "metadata" : { }
[2022-04-06 01:34:03,236] {spark_submit.py:488} INFO - }, {
[2022-04-06 01:34:03,236] {spark_submit.py:488} INFO - "name" : "class",
[2022-04-06 01:34:03,236] {spark_submit.py:488} INFO - "type" : "integer",
[2022-04-06 01:34:03,236] {spark_submit.py:488} INFO - "nullable" : true,
[2022-04-06 01:34:03,236] {spark_submit.py:488} INFO - "metadata" : { }
[2022-04-06 01:34:03,236] {spark_submit.py:488} INFO - }, {
[2022-04-06 01:34:03,237] {spark_submit.py:488} INFO - "name" : "tag_based",
[2022-04-06 01:34:03,237] {spark_submit.py:488} INFO - "type" : "boolean",
[2022-04-06 01:34:03,237] {spark_submit.py:488} INFO - "nullable" : true,
[2022-04-06 01:34:03,237] {spark_submit.py:488} INFO - "metadata" : { }
[2022-04-06 01:34:03,237] {spark_submit.py:488} INFO - }, {
[2022-04-06 01:34:03,237] {spark_submit.py:488} INFO - "name" : "group_by_date",
[2022-04-06 01:34:03,237] {spark_submit.py:488} INFO - "type" : "timestamp",
[2022-04-06 01:34:03,237] {spark_submit.py:488} INFO - "nullable" : true,
[2022-04-06 01:34:03,237] {spark_submit.py:488} INFO - "metadata" : { }
[2022-04-06 01:34:03,237] {spark_submit.py:488} INFO - } ]
[2022-04-06 01:34:03,237] {spark_submit.py:488} INFO - }
[2022-04-06 01:34:03,237] {spark_submit.py:488} INFO - and corresponding Parquet message type:
[2022-04-06 01:34:03,237] {spark_submit.py:488} INFO - message spark_schema {
[2022-04-06 01:34:03,237] {spark_submit.py:488} INFO - optional int32 id;
[2022-04-06 01:34:03,237] {spark_submit.py:488} INFO - optional binary name (STRING);
[2022-04-06 01:34:03,238] {spark_submit.py:488} INFO - optional int96 date;
[2022-04-06 01:34:03,238] {spark_submit.py:488} INFO - optional int32 user_id;
[2022-04-06 01:34:03,238] {spark_submit.py:488} INFO - optional int32 class;
[2022-04-06 01:34:03,238] {spark_submit.py:488} INFO - optional boolean tag_based;
[2022-04-06 01:34:03,238] {spark_submit.py:488} INFO - optional int96 group_by_date;
[2022-04-06 01:34:03,238] {spark_submit.py:488} INFO - }
[2022-04-06 01:34:03,238] {spark_submit.py:488} INFO - 
[2022-04-06 01:34:03,238] {spark_submit.py:488} INFO - 
[2022-04-06 01:34:03,238] {spark_submit.py:488} INFO - 22/04/06 01:34:03 INFO ParquetWriteSupport: Initialized Parquet WriteSupport with Catalyst schema:
[2022-04-06 01:34:03,238] {spark_submit.py:488} INFO - {
[2022-04-06 01:34:03,238] {spark_submit.py:488} INFO - "type" : "struct",
[2022-04-06 01:34:03,238] {spark_submit.py:488} INFO - "fields" : [ {
[2022-04-06 01:34:03,238] {spark_submit.py:488} INFO - "name" : "id",
[2022-04-06 01:34:03,238] {spark_submit.py:488} INFO - "type" : "integer",
[2022-04-06 01:34:03,239] {spark_submit.py:488} INFO - "nullable" : true,
[2022-04-06 01:34:03,239] {spark_submit.py:488} INFO - "metadata" : { }
[2022-04-06 01:34:03,239] {spark_submit.py:488} INFO - }, {
[2022-04-06 01:34:03,239] {spark_submit.py:488} INFO - "name" : "name",
[2022-04-06 01:34:03,239] {spark_submit.py:488} INFO - "type" : "string",
[2022-04-06 01:34:03,239] {spark_submit.py:488} INFO - "nullable" : true,
[2022-04-06 01:34:03,239] {spark_submit.py:488} INFO - "metadata" : { }
[2022-04-06 01:34:03,239] {spark_submit.py:488} INFO - }, {
[2022-04-06 01:34:03,239] {spark_submit.py:488} INFO - "name" : "date",
[2022-04-06 01:34:03,239] {spark_submit.py:488} INFO - "type" : "timestamp",
[2022-04-06 01:34:03,239] {spark_submit.py:488} INFO - "nullable" : true,
[2022-04-06 01:34:03,239] {spark_submit.py:488} INFO - "metadata" : { }
[2022-04-06 01:34:03,239] {spark_submit.py:488} INFO - }, {
[2022-04-06 01:34:03,239] {spark_submit.py:488} INFO - "name" : "user_id",
[2022-04-06 01:34:03,360] {spark_submit.py:488} INFO - "type" : "integer",
[2022-04-06 01:34:03,360] {spark_submit.py:488} INFO - "nullable" : true,
[2022-04-06 01:34:03,360] {spark_submit.py:488} INFO - "metadata" : { }
[2022-04-06 01:34:03,360] {spark_submit.py:488} INFO - }, {
[2022-04-06 01:34:03,360] {spark_submit.py:488} INFO - "name" : "class",
[2022-04-06 01:34:03,360] {spark_submit.py:488} INFO - "type" : "integer",
[2022-04-06 01:34:03,360] {spark_submit.py:488} INFO - "nullable" : true,
[2022-04-06 01:34:03,360] {spark_submit.py:488} INFO - "metadata" : { }
[2022-04-06 01:34:03,360] {spark_submit.py:488} INFO - }, {
[2022-04-06 01:34:03,361] {spark_submit.py:488} INFO - "name" : "tag_based",
[2022-04-06 01:34:03,361] {spark_submit.py:488} INFO - "type" : "boolean",
[2022-04-06 01:34:03,361] {spark_submit.py:488} INFO - "nullable" : true,
[2022-04-06 01:34:03,361] {spark_submit.py:488} INFO - "metadata" : { }
[2022-04-06 01:34:03,361] {spark_submit.py:488} INFO - }, {
[2022-04-06 01:34:03,361] {spark_submit.py:488} INFO - "name" : "group_by_date",
[2022-04-06 01:34:03,361] {spark_submit.py:488} INFO - "type" : "timestamp",
[2022-04-06 01:34:03,361] {spark_submit.py:488} INFO - "nullable" : true,
[2022-04-06 01:34:03,361] {spark_submit.py:488} INFO - "metadata" : { }
[2022-04-06 01:34:03,361] {spark_submit.py:488} INFO - } ]
[2022-04-06 01:34:03,361] {spark_submit.py:488} INFO - }
[2022-04-06 01:34:03,362] {spark_submit.py:488} INFO - and corresponding Parquet message type:
[2022-04-06 01:34:03,362] {spark_submit.py:488} INFO - message spark_schema {
[2022-04-06 01:34:03,362] {spark_submit.py:488} INFO - optional int32 id;
[2022-04-06 01:34:03,362] {spark_submit.py:488} INFO - optional binary name (STRING);
[2022-04-06 01:34:03,362] {spark_submit.py:488} INFO - optional int96 date;
[2022-04-06 01:34:03,362] {spark_submit.py:488} INFO - optional int32 user_id;
[2022-04-06 01:34:03,362] {spark_submit.py:488} INFO - optional int32 class;
[2022-04-06 01:34:03,362] {spark_submit.py:488} INFO - optional boolean tag_based;
[2022-04-06 01:34:03,362] {spark_submit.py:488} INFO - optional int96 group_by_date;
[2022-04-06 01:34:03,362] {spark_submit.py:488} INFO - }
[2022-04-06 01:34:03,362] {spark_submit.py:488} INFO - 
[2022-04-06 01:34:03,362] {spark_submit.py:488} INFO - 
[2022-04-06 01:34:05,041] {spark_submit.py:488} INFO - 22/04/06 01:34:04 INFO BlockManagerInfo: Removed broadcast_2_piece0 on 9fe4286b2855:32879 in memory (size: 8.5 KiB, free: 434.3 MiB)
[2022-04-06 01:34:05,869] {spark_submit.py:488} INFO - 22/04/06 01:34:05 INFO CodecPool: Got brand-new compressor [.snappy]
[2022-04-06 01:34:05,869] {spark_submit.py:488} INFO - 22/04/06 01:34:05 INFO CodecPool: Got brand-new compressor [.snappy]
[2022-04-06 01:34:05,942] {spark_submit.py:488} INFO - 22/04/06 01:34:05 INFO CodecPool: Got brand-new compressor [.snappy]
[2022-04-06 01:34:05,944] {spark_submit.py:488} INFO - 22/04/06 01:34:05 INFO CodecPool: Got brand-new compressor [.snappy]
[2022-04-06 01:34:21,281] {spark_submit.py:488} INFO - 22/04/06 01:34:21 INFO GoogleCloudStorageFileSystem: Successfully repaired 'gs://dtc_data_lake_de-stack-overflow/BigQuery/badges-2016-01/_temporary/0/_temporary/' directory.
[2022-04-06 01:34:21,282] {spark_submit.py:488} INFO - 22/04/06 01:34:21 INFO FileOutputCommitter: Saved output of task 'attempt_20220406013400311782390806780624_0003_m_000002_5' to gs://dtc_data_lake_de-stack-overflow/BigQuery/badges-2016-01/_temporary/0/task_20220406013400311782390806780624_0003_m_000002
[2022-04-06 01:34:21,283] {spark_submit.py:488} INFO - 22/04/06 01:34:21 INFO SparkHadoopMapRedUtil: attempt_20220406013400311782390806780624_0003_m_000002_5: Committed
[2022-04-06 01:34:21,334] {spark_submit.py:488} INFO - 22/04/06 01:34:21 INFO GoogleCloudStorageImpl: Ignoring exception of type GoogleJsonResponseException; verified object already exists with desired state.
[2022-04-06 01:34:21,335] {spark_submit.py:488} INFO - 22/04/06 01:34:21 INFO GoogleCloudStorageFileSystem: Successfully repaired 'gs://dtc_data_lake_de-stack-overflow/BigQuery/badges-2016-01/_temporary/0/_temporary/' directory.
[2022-04-06 01:34:21,336] {spark_submit.py:488} INFO - 22/04/06 01:34:21 INFO FileOutputCommitter: Saved output of task 'attempt_202204060134008699323845691925537_0003_m_000003_6' to gs://dtc_data_lake_de-stack-overflow/BigQuery/badges-2016-01/_temporary/0/task_202204060134008699323845691925537_0003_m_000003
[2022-04-06 01:34:21,340] {spark_submit.py:488} INFO - 22/04/06 01:34:21 INFO SparkHadoopMapRedUtil: attempt_202204060134008699323845691925537_0003_m_000003_6: Committed
[2022-04-06 01:34:21,360] {spark_submit.py:488} INFO - 22/04/06 01:34:21 INFO GoogleCloudStorageImpl: Ignoring exception of type GoogleJsonResponseException; verified object already exists with desired state.
[2022-04-06 01:34:21,360] {spark_submit.py:488} INFO - 22/04/06 01:34:21 INFO GoogleCloudStorageFileSystem: Successfully repaired 'gs://dtc_data_lake_de-stack-overflow/BigQuery/badges-2016-01/_temporary/0/_temporary/' directory.
[2022-04-06 01:34:21,360] {spark_submit.py:488} INFO - 22/04/06 01:34:21 INFO FileOutputCommitter: Saved output of task 'attempt_202204060134006414629156368488762_0003_m_000001_4' to gs://dtc_data_lake_de-stack-overflow/BigQuery/badges-2016-01/_temporary/0/task_202204060134006414629156368488762_0003_m_000001
[2022-04-06 01:34:21,360] {spark_submit.py:488} INFO - 22/04/06 01:34:21 INFO SparkHadoopMapRedUtil: attempt_202204060134006414629156368488762_0003_m_000001_4: Committed
[2022-04-06 01:34:21,362] {spark_submit.py:488} INFO - 22/04/06 01:34:21 INFO GoogleCloudStorageImpl: Ignoring exception of type GoogleJsonResponseException; verified object already exists with desired state.
[2022-04-06 01:34:21,362] {spark_submit.py:488} INFO - 22/04/06 01:34:21 INFO GoogleCloudStorageFileSystem: Successfully repaired 'gs://dtc_data_lake_de-stack-overflow/BigQuery/badges-2016-01/_temporary/0/_temporary/' directory.
[2022-04-06 01:34:21,362] {spark_submit.py:488} INFO - 22/04/06 01:34:21 INFO FileOutputCommitter: Saved output of task 'attempt_202204060134003661860658301146307_0003_m_000000_3' to gs://dtc_data_lake_de-stack-overflow/BigQuery/badges-2016-01/_temporary/0/task_202204060134003661860658301146307_0003_m_000000
[2022-04-06 01:34:21,362] {spark_submit.py:488} INFO - 22/04/06 01:34:21 INFO SparkHadoopMapRedUtil: attempt_202204060134003661860658301146307_0003_m_000000_3: Committed
[2022-04-06 01:34:21,370] {spark_submit.py:488} INFO - 22/04/06 01:34:21 INFO Executor: Finished task 0.0 in stage 3.0 (TID 3). 3526 bytes result sent to driver
[2022-04-06 01:34:21,371] {spark_submit.py:488} INFO - 22/04/06 01:34:21 INFO Executor: Finished task 2.0 in stage 3.0 (TID 5). 3526 bytes result sent to driver
[2022-04-06 01:34:21,372] {spark_submit.py:488} INFO - 22/04/06 01:34:21 INFO Executor: Finished task 1.0 in stage 3.0 (TID 4). 3526 bytes result sent to driver
[2022-04-06 01:34:21,397] {spark_submit.py:488} INFO - 22/04/06 01:34:21 INFO TaskSetManager: Finished task 2.0 in stage 3.0 (TID 5) in 19709 ms on 9fe4286b2855 (executor driver) (1/4)
[2022-04-06 01:34:21,401] {spark_submit.py:488} INFO - 22/04/06 01:34:21 INFO TaskSetManager: Finished task 1.0 in stage 3.0 (TID 4) in 19714 ms on 9fe4286b2855 (executor driver) (2/4)
[2022-04-06 01:34:21,405] {spark_submit.py:488} INFO - 22/04/06 01:34:21 INFO Executor: Finished task 3.0 in stage 3.0 (TID 6). 3526 bytes result sent to driver
[2022-04-06 01:34:21,410] {spark_submit.py:488} INFO - 22/04/06 01:34:21 INFO TaskSetManager: Finished task 3.0 in stage 3.0 (TID 6) in 19719 ms on 9fe4286b2855 (executor driver) (3/4)
[2022-04-06 01:34:21,414] {spark_submit.py:488} INFO - 22/04/06 01:34:21 INFO TaskSetManager: Finished task 0.0 in stage 3.0 (TID 3) in 19733 ms on 9fe4286b2855 (executor driver) (4/4)
[2022-04-06 01:34:21,417] {spark_submit.py:488} INFO - 22/04/06 01:34:21 INFO DAGScheduler: ResultStage 3 (save at NativeMethodAccessorImpl.java:0) finished in 20.382 s
[2022-04-06 01:34:21,418] {spark_submit.py:488} INFO - 22/04/06 01:34:21 INFO DAGScheduler: Job 2 is finished. Cancelling potential speculative or zombie tasks for this job
[2022-04-06 01:34:21,418] {spark_submit.py:488} INFO - 22/04/06 01:34:21 INFO TaskSchedulerImpl: Removed TaskSet 3.0, whose tasks have all completed, from pool
[2022-04-06 01:34:21,419] {spark_submit.py:488} INFO - 22/04/06 01:34:21 INFO TaskSchedulerImpl: Killing all running tasks in stage 3: Stage finished
[2022-04-06 01:34:21,421] {spark_submit.py:488} INFO - 22/04/06 01:34:21 INFO DAGScheduler: Job 2 finished: save at NativeMethodAccessorImpl.java:0, took 20.454310 s
[2022-04-06 01:34:21,422] {spark_submit.py:488} INFO - 22/04/06 01:34:21 INFO FileFormatWriter: Start to commit write Job cf4b9320-db56-4db7-916a-e8b47251719d.
[2022-04-06 01:34:21,878] {spark_submit.py:488} INFO - 22/04/06 01:34:21 INFO GoogleCloudStorageFileSystem: Successfully repaired 'gs://dtc_data_lake_de-stack-overflow/BigQuery/badges-2016-01/_temporary/0/task_20220406013400311782390806780624_0003_m_000002/' directory.
[2022-04-06 01:34:22,311] {spark_submit.py:488} INFO - 22/04/06 01:34:22 INFO GoogleCloudStorageFileSystem: Successfully repaired 'gs://dtc_data_lake_de-stack-overflow/BigQuery/badges-2016-01/_temporary/0/task_202204060134003661860658301146307_0003_m_000000/' directory.
[2022-04-06 01:34:22,740] {spark_submit.py:488} INFO - 22/04/06 01:34:22 INFO GoogleCloudStorageFileSystem: Successfully repaired 'gs://dtc_data_lake_de-stack-overflow/BigQuery/badges-2016-01/_temporary/0/task_202204060134006414629156368488762_0003_m_000001/' directory.
[2022-04-06 01:34:23,145] {spark_submit.py:488} INFO - 22/04/06 01:34:23 INFO GoogleCloudStorageFileSystem: Successfully repaired 'gs://dtc_data_lake_de-stack-overflow/BigQuery/badges-2016-01/_temporary/0/task_202204060134008699323845691925537_0003_m_000003/' directory.
[2022-04-06 01:34:23,502] {spark_submit.py:488} INFO - 22/04/06 01:34:23 INFO GoogleCloudStorageFileSystem: Successfully repaired 'gs://dtc_data_lake_de-stack-overflow/BigQuery/badges-2016-01/' directory.
[2022-04-06 01:34:24,204] {spark_submit.py:488} INFO - 22/04/06 01:34:24 INFO FileFormatWriter: Write Job cf4b9320-db56-4db7-916a-e8b47251719d committed. Elapsed time: 2780 ms.
[2022-04-06 01:34:24,247] {spark_submit.py:488} INFO - 22/04/06 01:34:24 INFO FileFormatWriter: Finished processing stats for write job cf4b9320-db56-4db7-916a-e8b47251719d.
[2022-04-06 01:34:24,811] {spark_submit.py:488} INFO - 22/04/06 01:34:24 INFO BlockManagerInfo: Removed broadcast_3_piece0 on 9fe4286b2855:32879 in memory (size: 72.3 KiB, free: 434.4 MiB)
[2022-04-06 01:34:24,902] {spark_submit.py:488} INFO - 22/04/06 01:34:24 INFO SparkContext: Invoking stop() from shutdown hook
[2022-04-06 01:34:25,046] {spark_submit.py:488} INFO - 22/04/06 01:34:25 INFO SparkUI: Stopped Spark web UI at http://9fe4286b2855:4041
[2022-04-06 01:34:25,137] {spark_submit.py:488} INFO - 22/04/06 01:34:25 INFO MapOutputTrackerMasterEndpoint: MapOutputTrackerMasterEndpoint stopped!
[2022-04-06 01:34:25,330] {spark_submit.py:488} INFO - 22/04/06 01:34:25 INFO MemoryStore: MemoryStore cleared
[2022-04-06 01:34:25,331] {spark_submit.py:488} INFO - 22/04/06 01:34:25 INFO BlockManager: BlockManager stopped
[2022-04-06 01:34:25,342] {spark_submit.py:488} INFO - 22/04/06 01:34:25 INFO BlockManagerMaster: BlockManagerMaster stopped
[2022-04-06 01:34:25,350] {spark_submit.py:488} INFO - 22/04/06 01:34:25 INFO OutputCommitCoordinator$OutputCommitCoordinatorEndpoint: OutputCommitCoordinator stopped!
[2022-04-06 01:34:25,543] {spark_submit.py:488} INFO - 22/04/06 01:34:25 INFO SparkContext: Successfully stopped SparkContext
[2022-04-06 01:34:25,543] {spark_submit.py:488} INFO - 22/04/06 01:34:25 INFO ShutdownHookManager: Shutdown hook called
[2022-04-06 01:34:25,543] {spark_submit.py:488} INFO - 22/04/06 01:34:25 INFO ShutdownHookManager: Deleting directory /tmp/spark-bba45950-3cb8-4ae8-8cef-77b47ad2361a
[2022-04-06 01:34:25,597] {spark_submit.py:488} INFO - 22/04/06 01:34:25 INFO ShutdownHookManager: Deleting directory /tmp/spark-bba45950-3cb8-4ae8-8cef-77b47ad2361a/pyspark-dfc3018c-6737-437c-95f0-5fe0c519c5db
[2022-04-06 01:34:25,643] {spark_submit.py:488} INFO - 22/04/06 01:34:25 INFO ShutdownHookManager: Deleting directory /tmp/spark-051a7ab5-708c-4fa0-8b62-1518b3bc2df2
[2022-04-06 01:34:26,771] {taskinstance.py:1288} INFO - Marking task as SUCCESS. dag_id=IngestToGCP, task_id=processing_tasks_badges.spark_job, execution_date=20160101T000000, start_date=20220406T012956, end_date=20220406T013426
[2022-04-06 01:34:26,931] {local_task_job.py:154} INFO - Task exited with return code 0
[2022-04-06 01:34:27,078] {local_task_job.py:264} INFO - 1 downstream tasks scheduled from follow-on schedule check
