[2022-04-07 22:09:43,770] {taskinstance.py:1043} INFO - Dependencies all met for <TaskInstance: load_to_BigQuery.create_external_posts_questions.bq_create_posts_questions_stack_overflow_data_partitioned_table_task scheduled__2010-10-01T00:00:00+00:00 [queued]>
[2022-04-07 22:09:43,809] {taskinstance.py:1043} INFO - Dependencies all met for <TaskInstance: load_to_BigQuery.create_external_posts_questions.bq_create_posts_questions_stack_overflow_data_partitioned_table_task scheduled__2010-10-01T00:00:00+00:00 [queued]>
[2022-04-07 22:09:43,810] {taskinstance.py:1249} INFO - 
--------------------------------------------------------------------------------
[2022-04-07 22:09:43,810] {taskinstance.py:1250} INFO - Starting attempt 1 of 1
[2022-04-07 22:09:43,810] {taskinstance.py:1251} INFO - 
--------------------------------------------------------------------------------
[2022-04-07 22:09:44,375] {taskinstance.py:1270} INFO - Executing <Task(BigQueryInsertJobOperator): create_external_posts_questions.bq_create_posts_questions_stack_overflow_data_partitioned_table_task> on 2010-10-01 00:00:00+00:00
[2022-04-07 22:09:44,434] {standard_task_runner.py:52} INFO - Started process 2049 to run task
[2022-04-07 22:09:44,456] {standard_task_runner.py:79} INFO - Running: ['***', 'tasks', 'run', 'load_to_BigQuery', 'create_external_posts_questions.bq_create_posts_questions_stack_overflow_data_partitioned_table_task', 'scheduled__2010-10-01T00:00:00+00:00', '--job-id', '13529', '--raw', '--subdir', 'DAGS_FOLDER/load_to_BigQuery_dag.py', '--cfg-path', '/tmp/tmp633k47f5', '--error-file', '/tmp/tmpj994jib3']
[2022-04-07 22:09:44,480] {standard_task_runner.py:80} INFO - Job 13529: Subtask create_external_posts_questions.bq_create_posts_questions_stack_overflow_data_partitioned_table_task
[2022-04-07 22:09:44,832] {logging_mixin.py:109} INFO - Running <TaskInstance: load_to_BigQuery.create_external_posts_questions.bq_create_posts_questions_stack_overflow_data_partitioned_table_task scheduled__2010-10-01T00:00:00+00:00 [running]> on host 36107d30f64e
[2022-04-07 22:09:45,064] {taskinstance.py:1448} INFO - Exporting the following env vars:
AIRFLOW_CTX_DAG_OWNER=***
AIRFLOW_CTX_DAG_ID=load_to_BigQuery
AIRFLOW_CTX_TASK_ID=create_external_posts_questions.bq_create_posts_questions_stack_overflow_data_partitioned_table_task
AIRFLOW_CTX_EXECUTION_DATE=2010-10-01T00:00:00+00:00
AIRFLOW_CTX_DAG_RUN_ID=scheduled__2010-10-01T00:00:00+00:00
[2022-04-07 22:09:45,066] {crypto.py:82} WARNING - empty cryptography key - values will not be stored encrypted.
[2022-04-07 22:09:45,087] {logging_mixin.py:109} WARNING - /home/***/.local/lib/python3.7/site-packages/***/utils/context.py:156 AirflowContextDeprecationWarning: Accessing 'execution_date' from the template is deprecated and will be removed in a future version. Please use 'data_interval_start' or 'logical_date' instead.
[2022-04-07 22:09:45,105] {bigquery.py:1554} INFO - Inserting job ***_load_to_BigQuery_create_external_posts_questions_bq_create_posts_questions_stack_overflow_data_partitioned_table_task_2010_10_01T00_00_00_00_00_f535be19f6678cea05b5e9f57dfddff5
[2022-04-07 22:09:48,800] {taskinstance.py:1288} INFO - Marking task as SUCCESS. dag_id=load_to_BigQuery, task_id=create_external_posts_questions.bq_create_posts_questions_stack_overflow_data_partitioned_table_task, execution_date=20101001T000000, start_date=20220407T220943, end_date=20220407T220948
[2022-04-07 22:09:49,074] {local_task_job.py:154} INFO - Task exited with return code 0
[2022-04-07 22:09:49,232] {local_task_job.py:264} INFO - 0 downstream tasks scheduled from follow-on schedule check
