[2022-04-06 00:54:08,780] {taskinstance.py:1043} INFO - Dependencies all met for <TaskInstance: IngestToGCP.processing_tasks_badges.spark_job scheduled__2014-09-01T00:00:00+00:00 [queued]>
[2022-04-06 00:54:09,000] {taskinstance.py:1043} INFO - Dependencies all met for <TaskInstance: IngestToGCP.processing_tasks_badges.spark_job scheduled__2014-09-01T00:00:00+00:00 [queued]>
[2022-04-06 00:54:09,000] {taskinstance.py:1249} INFO - 
--------------------------------------------------------------------------------
[2022-04-06 00:54:09,000] {taskinstance.py:1250} INFO - Starting attempt 1 of 1
[2022-04-06 00:54:09,000] {taskinstance.py:1251} INFO - 
--------------------------------------------------------------------------------
[2022-04-06 00:54:09,188] {taskinstance.py:1270} INFO - Executing <Task(SparkSubmitOperator): processing_tasks_badges.spark_job> on 2014-09-01 00:00:00+00:00
[2022-04-06 00:54:09,314] {standard_task_runner.py:52} INFO - Started process 110671 to run task
[2022-04-06 00:54:09,381] {standard_task_runner.py:79} INFO - Running: ['***', 'tasks', 'run', 'IngestToGCP', 'processing_tasks_badges.spark_job', 'scheduled__2014-09-01T00:00:00+00:00', '--job-id', '10127', '--raw', '--subdir', 'DAGS_FOLDER/ingest_dag.py', '--cfg-path', '/tmp/tmp835yn6z1', '--error-file', '/tmp/tmppg4_4c8c']
[2022-04-06 00:54:09,382] {standard_task_runner.py:80} INFO - Job 10127: Subtask processing_tasks_badges.spark_job
[2022-04-06 00:54:10,207] {logging_mixin.py:109} INFO - Running <TaskInstance: IngestToGCP.processing_tasks_badges.spark_job scheduled__2014-09-01T00:00:00+00:00 [running]> on host 9fe4286b2855
[2022-04-06 00:54:10,973] {logging_mixin.py:109} WARNING - /home/***/.local/lib/python3.7/site-packages/***/utils/context.py:156 AirflowContextDeprecationWarning: Accessing 'execution_date' from the template is deprecated and will be removed in a future version. Please use 'data_interval_start' or 'logical_date' instead.
[2022-04-06 00:54:11,128] {taskinstance.py:1448} INFO - Exporting the following env vars:
AIRFLOW_CTX_DAG_OWNER=***
AIRFLOW_CTX_DAG_ID=IngestToGCP
AIRFLOW_CTX_TASK_ID=processing_tasks_badges.spark_job
AIRFLOW_CTX_EXECUTION_DATE=2014-09-01T00:00:00+00:00
AIRFLOW_CTX_DAG_RUN_ID=scheduled__2014-09-01T00:00:00+00:00
[2022-04-06 00:54:11,172] {base.py:79} INFO - Using connection to: id: spark_project. Host: spark://spark, Port: 7077, Schema: , Login: , Password: None, extra: {'queue': 'root.default'}
[2022-04-06 00:54:11,174] {spark_submit.py:335} INFO - Spark-Submit cmd: spark-submit --master spark://spark:7077 --conf spark.master=local[*] --name format_schema --verbose --queue root.default ./dags/pyspark_parquet_transformation.py badges 2014-09
[2022-04-06 00:54:39,456] {spark_submit.py:488} INFO - Using properties file: null
[2022-04-06 00:54:41,039] {spark_submit.py:488} INFO - WARNING: An illegal reflective access operation has occurred
[2022-04-06 00:54:41,039] {spark_submit.py:488} INFO - WARNING: Illegal reflective access by org.apache.spark.unsafe.Platform (file:/opt/***/spark/spark-3.2.1-bin-hadoop3.2/jars/spark-unsafe_2.12-3.2.1.jar) to constructor java.nio.DirectByteBuffer(long,int)
[2022-04-06 00:54:41,039] {spark_submit.py:488} INFO - WARNING: Please consider reporting this to the maintainers of org.apache.spark.unsafe.Platform
[2022-04-06 00:54:41,039] {spark_submit.py:488} INFO - WARNING: Use --illegal-access=warn to enable warnings of further illegal reflective access operations
[2022-04-06 00:54:41,039] {spark_submit.py:488} INFO - WARNING: All illegal access operations will be denied in a future release
[2022-04-06 00:54:42,136] {spark_submit.py:488} INFO - Parsed arguments:
[2022-04-06 00:54:42,136] {spark_submit.py:488} INFO - master                  spark://spark:7077
[2022-04-06 00:54:42,136] {spark_submit.py:488} INFO - deployMode              null
[2022-04-06 00:54:42,136] {spark_submit.py:488} INFO - executorMemory          null
[2022-04-06 00:54:42,136] {spark_submit.py:488} INFO - executorCores           null
[2022-04-06 00:54:42,136] {spark_submit.py:488} INFO - totalExecutorCores      null
[2022-04-06 00:54:42,136] {spark_submit.py:488} INFO - propertiesFile          null
[2022-04-06 00:54:42,136] {spark_submit.py:488} INFO - driverMemory            null
[2022-04-06 00:54:42,136] {spark_submit.py:488} INFO - driverCores             null
[2022-04-06 00:54:42,136] {spark_submit.py:488} INFO - driverExtraClassPath    null
[2022-04-06 00:54:42,137] {spark_submit.py:488} INFO - driverExtraLibraryPath  null
[2022-04-06 00:54:42,137] {spark_submit.py:488} INFO - driverExtraJavaOptions  null
[2022-04-06 00:54:42,137] {spark_submit.py:488} INFO - supervise               false
[2022-04-06 00:54:42,137] {spark_submit.py:488} INFO - queue                   root.default
[2022-04-06 00:54:42,137] {spark_submit.py:488} INFO - numExecutors            null
[2022-04-06 00:54:42,137] {spark_submit.py:488} INFO - files                   null
[2022-04-06 00:54:42,137] {spark_submit.py:488} INFO - pyFiles                 null
[2022-04-06 00:54:42,137] {spark_submit.py:488} INFO - archives                null
[2022-04-06 00:54:42,137] {spark_submit.py:488} INFO - mainClass               null
[2022-04-06 00:54:42,137] {spark_submit.py:488} INFO - primaryResource         file:/opt/***/dags/pyspark_parquet_transformation.py
[2022-04-06 00:54:42,137] {spark_submit.py:488} INFO - name                    format_schema
[2022-04-06 00:54:42,137] {spark_submit.py:488} INFO - childArgs               [badges 2014-09]
[2022-04-06 00:54:42,137] {spark_submit.py:488} INFO - jars                    null
[2022-04-06 00:54:42,137] {spark_submit.py:488} INFO - packages                null
[2022-04-06 00:54:42,137] {spark_submit.py:488} INFO - packagesExclusions      null
[2022-04-06 00:54:42,137] {spark_submit.py:488} INFO - repositories            null
[2022-04-06 00:54:42,137] {spark_submit.py:488} INFO - verbose                 true
[2022-04-06 00:54:42,137] {spark_submit.py:488} INFO - 
[2022-04-06 00:54:42,138] {spark_submit.py:488} INFO - Spark properties used, including those specified through
[2022-04-06 00:54:42,138] {spark_submit.py:488} INFO - --conf and those from the properties file null:
[2022-04-06 00:54:42,138] {spark_submit.py:488} INFO - (spark.master,local[*])
[2022-04-06 00:54:42,138] {spark_submit.py:488} INFO - 
[2022-04-06 00:54:42,138] {spark_submit.py:488} INFO - 
[2022-04-06 00:54:47,108] {spark_submit.py:488} INFO - Main class:
[2022-04-06 00:54:47,115] {spark_submit.py:488} INFO - org.apache.spark.deploy.PythonRunner
[2022-04-06 00:54:47,117] {spark_submit.py:488} INFO - Arguments:
[2022-04-06 00:54:47,117] {spark_submit.py:488} INFO - file:/opt/***/dags/pyspark_parquet_transformation.py
[2022-04-06 00:54:47,117] {spark_submit.py:488} INFO - null
[2022-04-06 00:54:47,117] {spark_submit.py:488} INFO - badges
[2022-04-06 00:54:47,122] {spark_submit.py:488} INFO - 2014-09
[2022-04-06 00:54:47,140] {spark_submit.py:488} INFO - Spark config:
[2022-04-06 00:54:47,140] {spark_submit.py:488} INFO - (spark.master,spark://spark:7077)
[2022-04-06 00:54:47,140] {spark_submit.py:488} INFO - (spark.submit.pyFiles,)
[2022-04-06 00:54:47,140] {spark_submit.py:488} INFO - (spark.submit.deployMode,client)
[2022-04-06 00:54:47,140] {spark_submit.py:488} INFO - (spark.app.name,format_schema)
[2022-04-06 00:54:47,141] {spark_submit.py:488} INFO - Classpath elements:
[2022-04-06 00:54:47,142] {spark_submit.py:488} INFO - 
[2022-04-06 00:54:47,156] {spark_submit.py:488} INFO - 
[2022-04-06 00:54:47,156] {spark_submit.py:488} INFO - 
[2022-04-06 00:54:56,677] {spark_submit.py:488} INFO - Using Spark's default log4j profile: org/apache/spark/log4j-defaults.properties
[2022-04-06 00:54:56,797] {spark_submit.py:488} INFO - 22/04/06 00:54:56 INFO SparkContext: Running Spark version 3.2.1
[2022-04-06 00:54:57,636] {spark_submit.py:488} INFO - 22/04/06 00:54:57 WARN NativeCodeLoader: Unable to load native-hadoop library for your platform... using builtin-java classes where applicable
[2022-04-06 00:54:59,511] {spark_submit.py:488} INFO - 22/04/06 00:54:59 INFO ResourceUtils: ==============================================================
[2022-04-06 00:54:59,621] {spark_submit.py:488} INFO - 22/04/06 00:54:59 INFO ResourceUtils: No custom resources configured for spark.driver.
[2022-04-06 00:54:59,621] {spark_submit.py:488} INFO - 22/04/06 00:54:59 INFO ResourceUtils: ==============================================================
[2022-04-06 00:54:59,622] {spark_submit.py:488} INFO - 22/04/06 00:54:59 INFO SparkContext: Submitted application: Modidy Schema
[2022-04-06 00:55:00,172] {spark_submit.py:488} INFO - 22/04/06 00:55:00 INFO ResourceProfile: Default ResourceProfile created, executor resources: Map(cores -> name: cores, amount: 1, script: , vendor: , memory -> name: memory, amount: 1024, script: , vendor: , offHeap -> name: offHeap, amount: 0, script: , vendor: ), task resources: Map(cpus -> name: cpus, amount: 1.0)
[2022-04-06 00:55:00,510] {spark_submit.py:488} INFO - 22/04/06 00:55:00 INFO ResourceProfile: Limiting resource is cpu
[2022-04-06 00:55:00,511] {spark_submit.py:488} INFO - 22/04/06 00:55:00 INFO ResourceProfileManager: Added ResourceProfile id: 0
[2022-04-06 00:55:01,450] {spark_submit.py:488} INFO - 22/04/06 00:55:01 INFO SecurityManager: Changing view acls to: default
[2022-04-06 00:55:01,451] {spark_submit.py:488} INFO - 22/04/06 00:55:01 INFO SecurityManager: Changing modify acls to: default
[2022-04-06 00:55:01,453] {spark_submit.py:488} INFO - 22/04/06 00:55:01 INFO SecurityManager: Changing view acls groups to:
[2022-04-06 00:55:01,460] {spark_submit.py:488} INFO - 22/04/06 00:55:01 INFO SecurityManager: Changing modify acls groups to:
[2022-04-06 00:55:01,504] {spark_submit.py:488} INFO - 22/04/06 00:55:01 INFO SecurityManager: SecurityManager: authentication disabled; ui acls disabled; users  with view permissions: Set(default); groups with view permissions: Set(); users  with modify permissions: Set(default); groups with modify permissions: Set()
[2022-04-06 00:55:06,120] {spark_submit.py:488} INFO - 22/04/06 00:55:06 INFO Utils: Successfully started service 'sparkDriver' on port 34901.
[2022-04-06 00:55:06,712] {spark_submit.py:488} INFO - 22/04/06 00:55:06 INFO SparkEnv: Registering MapOutputTracker
[2022-04-06 00:55:07,225] {spark_submit.py:488} INFO - 22/04/06 00:55:07 INFO SparkEnv: Registering BlockManagerMaster
[2022-04-06 00:55:07,565] {spark_submit.py:488} INFO - 22/04/06 00:55:07 INFO BlockManagerMasterEndpoint: Using org.apache.spark.storage.DefaultTopologyMapper for getting topology information
[2022-04-06 00:55:07,582] {spark_submit.py:488} INFO - 22/04/06 00:55:07 INFO BlockManagerMasterEndpoint: BlockManagerMasterEndpoint up
[2022-04-06 00:55:07,664] {spark_submit.py:488} INFO - 22/04/06 00:55:07 INFO SparkEnv: Registering BlockManagerMasterHeartbeat
[2022-04-06 00:55:07,844] {spark_submit.py:488} INFO - 22/04/06 00:55:07 INFO DiskBlockManager: Created local directory at /tmp/blockmgr-60298748-ca6e-478c-8d4a-540bfb1e7458
[2022-04-06 00:55:08,237] {spark_submit.py:488} INFO - 22/04/06 00:55:08 INFO MemoryStore: MemoryStore started with capacity 434.4 MiB
[2022-04-06 00:55:08,460] {spark_submit.py:488} INFO - 22/04/06 00:55:08 INFO SparkEnv: Registering OutputCommitCoordinator
[2022-04-06 00:55:11,830] {spark_submit.py:488} INFO - 22/04/06 00:55:11 WARN Utils: Service 'SparkUI' could not bind on port 4040. Attempting port 4041.
[2022-04-06 00:55:11,966] {spark_submit.py:488} INFO - 22/04/06 00:55:11 INFO Utils: Successfully started service 'SparkUI' on port 4041.
[2022-04-06 00:55:12,188] {spark_submit.py:488} INFO - 22/04/06 00:55:12 INFO SparkUI: Bound SparkUI to 0.0.0.0, and started at http://9fe4286b2855:4041
[2022-04-06 00:55:13,992] {spark_submit.py:488} INFO - 22/04/06 00:55:13 INFO Executor: Starting executor ID driver on host 9fe4286b2855
[2022-04-06 00:55:14,359] {spark_submit.py:488} INFO - 22/04/06 00:55:14 INFO Utils: Successfully started service 'org.apache.spark.network.netty.NettyBlockTransferService' on port 40807.
[2022-04-06 00:55:14,360] {spark_submit.py:488} INFO - 22/04/06 00:55:14 INFO NettyBlockTransferService: Server created on 9fe4286b2855:40807
[2022-04-06 00:55:14,363] {spark_submit.py:488} INFO - 22/04/06 00:55:14 INFO BlockManager: Using org.apache.spark.storage.RandomBlockReplicationPolicy for block replication policy
[2022-04-06 00:55:14,406] {spark_submit.py:488} INFO - 22/04/06 00:55:14 INFO BlockManagerMaster: Registering BlockManager BlockManagerId(driver, 9fe4286b2855, 40807, None)
[2022-04-06 00:55:14,437] {spark_submit.py:488} INFO - 22/04/06 00:55:14 INFO BlockManagerMasterEndpoint: Registering block manager 9fe4286b2855:40807 with 434.4 MiB RAM, BlockManagerId(driver, 9fe4286b2855, 40807, None)
[2022-04-06 00:55:14,444] {spark_submit.py:488} INFO - 22/04/06 00:55:14 INFO BlockManagerMaster: Registered BlockManager BlockManagerId(driver, 9fe4286b2855, 40807, None)
[2022-04-06 00:55:14,462] {spark_submit.py:488} INFO - 22/04/06 00:55:14 INFO BlockManager: Initialized BlockManager: BlockManagerId(driver, 9fe4286b2855, 40807, None)
[2022-04-06 00:55:23,930] {spark_submit.py:488} INFO - 22/04/06 00:55:23 INFO SharedState: Setting hive.metastore.warehouse.dir ('null') to the value of spark.sql.warehouse.dir.
[2022-04-06 00:55:24,436] {spark_submit.py:488} INFO - 22/04/06 00:55:24 INFO SharedState: Warehouse path is 'file:/opt/***/spark-warehouse'.
[2022-04-06 00:55:53,200] {spark_submit.py:488} INFO - 22/04/06 00:55:53 INFO InMemoryFileIndex: It took 1264 ms to list leaf files for 1 paths.
[2022-04-06 00:56:02,186] {spark_submit.py:488} INFO - 22/04/06 00:56:02 INFO SparkContext: Starting job: parquet at NativeMethodAccessorImpl.java:0
[2022-04-06 00:56:02,383] {spark_submit.py:488} INFO - 22/04/06 00:56:02 INFO DAGScheduler: Got job 0 (parquet at NativeMethodAccessorImpl.java:0) with 1 output partitions
[2022-04-06 00:56:02,384] {spark_submit.py:488} INFO - 22/04/06 00:56:02 INFO DAGScheduler: Final stage: ResultStage 0 (parquet at NativeMethodAccessorImpl.java:0)
[2022-04-06 00:56:02,385] {spark_submit.py:488} INFO - 22/04/06 00:56:02 INFO DAGScheduler: Parents of final stage: List()
[2022-04-06 00:56:02,393] {spark_submit.py:488} INFO - 22/04/06 00:56:02 INFO DAGScheduler: Missing parents: List()
[2022-04-06 00:56:02,477] {spark_submit.py:488} INFO - 22/04/06 00:56:02 INFO DAGScheduler: Submitting ResultStage 0 (MapPartitionsRDD[1] at parquet at NativeMethodAccessorImpl.java:0), which has no missing parents
[2022-04-06 00:56:03,778] {spark_submit.py:488} INFO - 22/04/06 00:56:03 INFO MemoryStore: Block broadcast_0 stored as values in memory (estimated size 100.1 KiB, free 434.3 MiB)
[2022-04-06 00:56:04,147] {spark_submit.py:488} INFO - 22/04/06 00:56:04 INFO MemoryStore: Block broadcast_0_piece0 stored as bytes in memory (estimated size 35.8 KiB, free 434.3 MiB)
[2022-04-06 00:56:04,184] {spark_submit.py:488} INFO - 22/04/06 00:56:04 INFO BlockManagerInfo: Added broadcast_0_piece0 in memory on 9fe4286b2855:40807 (size: 35.8 KiB, free: 434.4 MiB)
[2022-04-06 00:56:04,220] {spark_submit.py:488} INFO - 22/04/06 00:56:04 INFO SparkContext: Created broadcast 0 from broadcast at DAGScheduler.scala:1478
[2022-04-06 00:56:04,573] {spark_submit.py:488} INFO - 22/04/06 00:56:04 INFO DAGScheduler: Submitting 1 missing tasks from ResultStage 0 (MapPartitionsRDD[1] at parquet at NativeMethodAccessorImpl.java:0) (first 15 tasks are for partitions Vector(0))
[2022-04-06 00:56:04,575] {spark_submit.py:488} INFO - 22/04/06 00:56:04 INFO TaskSchedulerImpl: Adding task set 0.0 with 1 tasks resource profile 0
[2022-04-06 00:56:05,578] {spark_submit.py:488} INFO - 22/04/06 00:56:05 INFO TaskSetManager: Starting task 0.0 in stage 0.0 (TID 0) (9fe4286b2855, executor driver, partition 0, PROCESS_LOCAL, 4615 bytes) taskResourceAssignments Map()
[2022-04-06 00:56:05,625] {spark_submit.py:488} INFO - 22/04/06 00:56:05 INFO Executor: Running task 0.0 in stage 0.0 (TID 0)
[2022-04-06 00:56:12,981] {spark_submit.py:488} INFO - 22/04/06 00:56:12 INFO Executor: Finished task 0.0 in stage 0.0 (TID 0). 1911 bytes result sent to driver
[2022-04-06 00:56:13,128] {spark_submit.py:488} INFO - 22/04/06 00:56:13 INFO TaskSetManager: Finished task 0.0 in stage 0.0 (TID 0) in 7717 ms on 9fe4286b2855 (executor driver) (1/1)
[2022-04-06 00:56:13,152] {spark_submit.py:488} INFO - 22/04/06 00:56:13 INFO DAGScheduler: ResultStage 0 (parquet at NativeMethodAccessorImpl.java:0) finished in 10.447 s
[2022-04-06 00:56:13,153] {spark_submit.py:488} INFO - 22/04/06 00:56:13 INFO TaskSchedulerImpl: Removed TaskSet 0.0, whose tasks have all completed, from pool
[2022-04-06 00:56:13,205] {spark_submit.py:488} INFO - 22/04/06 00:56:13 INFO DAGScheduler: Job 0 is finished. Cancelling potential speculative or zombie tasks for this job
[2022-04-06 00:56:13,206] {spark_submit.py:488} INFO - 22/04/06 00:56:13 INFO TaskSchedulerImpl: Killing all running tasks in stage 0: Stage finished
[2022-04-06 00:56:13,256] {spark_submit.py:488} INFO - 22/04/06 00:56:13 INFO DAGScheduler: Job 0 finished: parquet at NativeMethodAccessorImpl.java:0, took 11.054700 s
[2022-04-06 00:56:14,196] {spark_submit.py:488} INFO - 22/04/06 00:56:14 INFO BlockManagerInfo: Removed broadcast_0_piece0 on 9fe4286b2855:40807 in memory (size: 35.8 KiB, free: 434.4 MiB)
[2022-04-06 00:56:53,211] {spark_submit.py:488} INFO - 22/04/06 00:56:53 INFO FileSourceStrategy: Pushed Filters:
[2022-04-06 00:56:53,225] {spark_submit.py:488} INFO - 22/04/06 00:56:53 INFO FileSourceStrategy: Post-Scan Filters:
[2022-04-06 00:56:53,274] {spark_submit.py:488} INFO - 22/04/06 00:56:53 INFO FileSourceStrategy: Output Data Schema: struct<id: bigint, name: string, date: string, user_id: bigint, class: bigint ... 5 more fields>
[2022-04-06 00:56:57,495] {spark_submit.py:488} INFO - 22/04/06 00:56:57 INFO ParquetFileFormat: Using default output committer for Parquet: org.apache.parquet.hadoop.ParquetOutputCommitter
[2022-04-06 00:56:58,061] {spark_submit.py:488} INFO - 22/04/06 00:56:58 INFO FileOutputCommitter: File Output Committer Algorithm version is 1
[2022-04-06 00:56:58,062] {spark_submit.py:488} INFO - 22/04/06 00:56:58 INFO FileOutputCommitter: FileOutputCommitter skip cleanup _temporary folders under output directory:false, ignore cleanup failures: false
[2022-04-06 00:56:58,099] {spark_submit.py:488} INFO - 22/04/06 00:56:58 INFO SQLHadoopMapReduceCommitProtocol: Using user defined output committer class org.apache.parquet.hadoop.ParquetOutputCommitter
[2022-04-06 00:56:58,100] {spark_submit.py:488} INFO - 22/04/06 00:56:58 INFO FileOutputCommitter: File Output Committer Algorithm version is 1
[2022-04-06 00:56:58,113] {spark_submit.py:488} INFO - 22/04/06 00:56:58 INFO FileOutputCommitter: FileOutputCommitter skip cleanup _temporary folders under output directory:false, ignore cleanup failures: false
[2022-04-06 00:56:58,140] {spark_submit.py:488} INFO - 22/04/06 00:56:58 INFO SQLHadoopMapReduceCommitProtocol: Using output committer class org.apache.parquet.hadoop.ParquetOutputCommitter
[2022-04-06 00:57:07,489] {spark_submit.py:488} INFO - 22/04/06 00:57:07 INFO CodeGenerator: Code generated in 3978.230698 ms
[2022-04-06 00:57:07,928] {spark_submit.py:488} INFO - 22/04/06 00:57:07 INFO MemoryStore: Block broadcast_1 stored as values in memory (estimated size 192.3 KiB, free 434.2 MiB)
[2022-04-06 00:57:08,227] {spark_submit.py:488} INFO - 22/04/06 00:57:08 INFO MemoryStore: Block broadcast_1_piece0 stored as bytes in memory (estimated size 33.6 KiB, free 434.2 MiB)
[2022-04-06 00:57:08,229] {spark_submit.py:488} INFO - 22/04/06 00:57:08 INFO BlockManagerInfo: Added broadcast_1_piece0 in memory on 9fe4286b2855:40807 (size: 33.6 KiB, free: 434.4 MiB)
[2022-04-06 00:57:08,250] {spark_submit.py:488} INFO - 22/04/06 00:57:08 INFO SparkContext: Created broadcast 1 from save at NativeMethodAccessorImpl.java:0
[2022-04-06 00:57:08,632] {spark_submit.py:488} INFO - 22/04/06 00:57:08 INFO FileSourceScanExec: Planning scan with bin packing, max size: 4194304 bytes, open cost is considered as scanning 4194304 bytes.
[2022-04-06 00:57:09,714] {spark_submit.py:488} INFO - 22/04/06 00:57:09 INFO DAGScheduler: Registering RDD 6 (save at NativeMethodAccessorImpl.java:0) as input to shuffle 0
[2022-04-06 00:57:09,758] {spark_submit.py:488} INFO - 22/04/06 00:57:09 INFO DAGScheduler: Got map stage job 1 (save at NativeMethodAccessorImpl.java:0) with 2 output partitions
[2022-04-06 00:57:09,759] {spark_submit.py:488} INFO - 22/04/06 00:57:09 INFO DAGScheduler: Final stage: ShuffleMapStage 1 (save at NativeMethodAccessorImpl.java:0)
[2022-04-06 00:57:09,759] {spark_submit.py:488} INFO - 22/04/06 00:57:09 INFO DAGScheduler: Parents of final stage: List()
[2022-04-06 00:57:09,797] {spark_submit.py:488} INFO - 22/04/06 00:57:09 INFO DAGScheduler: Missing parents: List()
[2022-04-06 00:57:09,848] {spark_submit.py:488} INFO - 22/04/06 00:57:09 INFO DAGScheduler: Submitting ShuffleMapStage 1 (MapPartitionsRDD[6] at save at NativeMethodAccessorImpl.java:0), which has no missing parents
[2022-04-06 00:57:10,647] {spark_submit.py:488} INFO - 22/04/06 00:57:10 INFO MemoryStore: Block broadcast_2 stored as values in memory (estimated size 20.7 KiB, free 434.2 MiB)
[2022-04-06 00:57:10,759] {spark_submit.py:488} INFO - 22/04/06 00:57:10 INFO MemoryStore: Block broadcast_2_piece0 stored as bytes in memory (estimated size 8.5 KiB, free 434.2 MiB)
[2022-04-06 00:57:10,828] {spark_submit.py:488} INFO - 22/04/06 00:57:10 INFO BlockManagerInfo: Added broadcast_2_piece0 in memory on 9fe4286b2855:40807 (size: 8.5 KiB, free: 434.4 MiB)
[2022-04-06 00:57:10,839] {spark_submit.py:488} INFO - 22/04/06 00:57:10 INFO SparkContext: Created broadcast 2 from broadcast at DAGScheduler.scala:1478
[2022-04-06 00:57:10,868] {spark_submit.py:488} INFO - 22/04/06 00:57:10 INFO DAGScheduler: Submitting 2 missing tasks from ShuffleMapStage 1 (MapPartitionsRDD[6] at save at NativeMethodAccessorImpl.java:0) (first 15 tasks are for partitions Vector(0, 1))
[2022-04-06 00:57:10,869] {spark_submit.py:488} INFO - 22/04/06 00:57:10 INFO TaskSchedulerImpl: Adding task set 1.0 with 2 tasks resource profile 0
[2022-04-06 00:57:10,898] {spark_submit.py:488} INFO - 22/04/06 00:57:10 INFO TaskSetManager: Starting task 0.0 in stage 1.0 (TID 1) (9fe4286b2855, executor driver, partition 0, PROCESS_LOCAL, 4881 bytes) taskResourceAssignments Map()
[2022-04-06 00:57:10,900] {spark_submit.py:488} INFO - 22/04/06 00:57:10 INFO TaskSetManager: Starting task 1.0 in stage 1.0 (TID 2) (9fe4286b2855, executor driver, partition 1, PROCESS_LOCAL, 4881 bytes) taskResourceAssignments Map()
[2022-04-06 00:57:10,901] {spark_submit.py:488} INFO - 22/04/06 00:57:10 INFO Executor: Running task 0.0 in stage 1.0 (TID 1)
[2022-04-06 00:57:11,012] {spark_submit.py:488} INFO - 22/04/06 00:57:11 INFO Executor: Running task 1.0 in stage 1.0 (TID 2)
[2022-04-06 00:57:11,977] {spark_submit.py:488} INFO - 22/04/06 00:57:11 INFO FileScanRDD: Reading File path: gs://dtc_data_lake_de-stack-overflow/parquet/badges-2014-09.parquet, range: 0-4194304, partition values: [empty row]
[2022-04-06 00:57:12,007] {spark_submit.py:488} INFO - 22/04/06 00:57:11 INFO FileScanRDD: Reading File path: gs://dtc_data_lake_de-stack-overflow/parquet/badges-2014-09.parquet, range: 4194304-6809408, partition values: [empty row]
[2022-04-06 00:57:17,906] {spark_submit.py:488} INFO - 22/04/06 00:57:17 INFO Executor: Finished task 1.0 in stage 1.0 (TID 2). 1857 bytes result sent to driver
[2022-04-06 00:57:17,965] {spark_submit.py:488} INFO - 22/04/06 00:57:17 INFO TaskSetManager: Finished task 1.0 in stage 1.0 (TID 2) in 7066 ms on 9fe4286b2855 (executor driver) (1/2)
[2022-04-06 00:57:20,006] {spark_submit.py:488} INFO - 22/04/06 00:57:20 INFO CodecPool: Got brand-new decompressor [.snappy]
[2022-04-06 00:58:01,151] {spark_submit.py:488} INFO - 22/04/06 00:58:01 INFO Executor: Finished task 0.0 in stage 1.0 (TID 1). 2029 bytes result sent to driver
[2022-04-06 00:58:01,171] {spark_submit.py:488} INFO - 22/04/06 00:58:01 INFO TaskSetManager: Finished task 0.0 in stage 1.0 (TID 1) in 50277 ms on 9fe4286b2855 (executor driver) (2/2)
[2022-04-06 00:58:01,171] {spark_submit.py:488} INFO - 22/04/06 00:58:01 INFO TaskSchedulerImpl: Removed TaskSet 1.0, whose tasks have all completed, from pool
[2022-04-06 00:58:01,173] {spark_submit.py:488} INFO - 22/04/06 00:58:01 INFO DAGScheduler: ShuffleMapStage 1 (save at NativeMethodAccessorImpl.java:0) finished in 51.229 s
[2022-04-06 00:58:01,174] {spark_submit.py:488} INFO - 22/04/06 00:58:01 INFO DAGScheduler: looking for newly runnable stages
[2022-04-06 00:58:01,175] {spark_submit.py:488} INFO - 22/04/06 00:58:01 INFO DAGScheduler: running: Set()
[2022-04-06 00:58:01,180] {spark_submit.py:488} INFO - 22/04/06 00:58:01 INFO DAGScheduler: waiting: Set()
[2022-04-06 00:58:01,190] {spark_submit.py:488} INFO - 22/04/06 00:58:01 INFO DAGScheduler: failed: Set()
[2022-04-06 00:58:02,154] {spark_submit.py:488} INFO - 22/04/06 00:58:02 INFO SparkContext: Starting job: save at NativeMethodAccessorImpl.java:0
[2022-04-06 00:58:02,158] {spark_submit.py:488} INFO - 22/04/06 00:58:02 INFO DAGScheduler: Got job 2 (save at NativeMethodAccessorImpl.java:0) with 4 output partitions
[2022-04-06 00:58:02,159] {spark_submit.py:488} INFO - 22/04/06 00:58:02 INFO DAGScheduler: Final stage: ResultStage 3 (save at NativeMethodAccessorImpl.java:0)
[2022-04-06 00:58:02,159] {spark_submit.py:488} INFO - 22/04/06 00:58:02 INFO DAGScheduler: Parents of final stage: List(ShuffleMapStage 2)
[2022-04-06 00:58:02,159] {spark_submit.py:488} INFO - 22/04/06 00:58:02 INFO DAGScheduler: Missing parents: List()
[2022-04-06 00:58:02,161] {spark_submit.py:488} INFO - 22/04/06 00:58:02 INFO DAGScheduler: Submitting ResultStage 3 (ShuffledRowRDD[7] at save at NativeMethodAccessorImpl.java:0), which has no missing parents
[2022-04-06 00:58:02,915] {spark_submit.py:488} INFO - 22/04/06 00:58:02 INFO MemoryStore: Block broadcast_3 stored as values in memory (estimated size 202.3 KiB, free 434.0 MiB)
[2022-04-06 00:58:03,001] {spark_submit.py:488} INFO - 22/04/06 00:58:02 INFO MemoryStore: Block broadcast_3_piece0 stored as bytes in memory (estimated size 72.3 KiB, free 433.9 MiB)
[2022-04-06 00:58:03,005] {spark_submit.py:488} INFO - 22/04/06 00:58:03 INFO BlockManagerInfo: Added broadcast_3_piece0 in memory on 9fe4286b2855:40807 (size: 72.3 KiB, free: 434.3 MiB)
[2022-04-06 00:58:03,010] {spark_submit.py:488} INFO - 22/04/06 00:58:03 INFO SparkContext: Created broadcast 3 from broadcast at DAGScheduler.scala:1478
[2022-04-06 00:58:03,017] {spark_submit.py:488} INFO - 22/04/06 00:58:03 INFO DAGScheduler: Submitting 4 missing tasks from ResultStage 3 (ShuffledRowRDD[7] at save at NativeMethodAccessorImpl.java:0) (first 15 tasks are for partitions Vector(0, 1, 2, 3))
[2022-04-06 00:58:03,027] {spark_submit.py:488} INFO - 22/04/06 00:58:03 INFO TaskSchedulerImpl: Adding task set 3.0 with 4 tasks resource profile 0
[2022-04-06 00:58:03,123] {spark_submit.py:488} INFO - 22/04/06 00:58:03 INFO TaskSetManager: Starting task 0.0 in stage 3.0 (TID 3) (9fe4286b2855, executor driver, partition 0, NODE_LOCAL, 4453 bytes) taskResourceAssignments Map()
[2022-04-06 00:58:03,124] {spark_submit.py:488} INFO - 22/04/06 00:58:03 INFO TaskSetManager: Starting task 1.0 in stage 3.0 (TID 4) (9fe4286b2855, executor driver, partition 1, NODE_LOCAL, 4453 bytes) taskResourceAssignments Map()
[2022-04-06 00:58:03,125] {spark_submit.py:488} INFO - 22/04/06 00:58:03 INFO TaskSetManager: Starting task 2.0 in stage 3.0 (TID 5) (9fe4286b2855, executor driver, partition 2, NODE_LOCAL, 4453 bytes) taskResourceAssignments Map()
[2022-04-06 00:58:03,126] {spark_submit.py:488} INFO - 22/04/06 00:58:03 INFO TaskSetManager: Starting task 3.0 in stage 3.0 (TID 6) (9fe4286b2855, executor driver, partition 3, NODE_LOCAL, 4453 bytes) taskResourceAssignments Map()
[2022-04-06 00:58:03,127] {spark_submit.py:488} INFO - 22/04/06 00:58:03 INFO Executor: Running task 0.0 in stage 3.0 (TID 3)
[2022-04-06 00:58:03,127] {spark_submit.py:488} INFO - 22/04/06 00:58:03 INFO Executor: Running task 1.0 in stage 3.0 (TID 4)
[2022-04-06 00:58:03,160] {spark_submit.py:488} INFO - 22/04/06 00:58:03 INFO Executor: Running task 2.0 in stage 3.0 (TID 5)
[2022-04-06 00:58:03,166] {spark_submit.py:488} INFO - 22/04/06 00:58:03 INFO Executor: Running task 3.0 in stage 3.0 (TID 6)
[2022-04-06 00:58:03,754] {spark_submit.py:488} INFO - 22/04/06 00:58:03 INFO ShuffleBlockFetcherIterator: Getting 1 (3.3 MiB) non-empty blocks including 1 (3.3 MiB) local and 0 (0.0 B) host-local and 0 (0.0 B) push-merged-local and 0 (0.0 B) remote blocks
[2022-04-06 00:58:03,804] {spark_submit.py:488} INFO - 22/04/06 00:58:03 INFO ShuffleBlockFetcherIterator: Getting 1 (3.3 MiB) non-empty blocks including 1 (3.3 MiB) local and 0 (0.0 B) host-local and 0 (0.0 B) push-merged-local and 0 (0.0 B) remote blocks
[2022-04-06 00:58:03,806] {spark_submit.py:488} INFO - 22/04/06 00:58:03 INFO ShuffleBlockFetcherIterator: Started 0 remote fetches in 81 ms
[2022-04-06 00:58:03,812] {spark_submit.py:488} INFO - 22/04/06 00:58:03 INFO ShuffleBlockFetcherIterator: Getting 1 (3.3 MiB) non-empty blocks including 1 (3.3 MiB) local and 0 (0.0 B) host-local and 0 (0.0 B) push-merged-local and 0 (0.0 B) remote blocks
[2022-04-06 00:58:03,813] {spark_submit.py:488} INFO - 22/04/06 00:58:03 INFO ShuffleBlockFetcherIterator: Started 0 remote fetches in 91 ms
[2022-04-06 00:58:03,820] {spark_submit.py:488} INFO - 22/04/06 00:58:03 INFO ShuffleBlockFetcherIterator: Started 0 remote fetches in 83 ms
[2022-04-06 00:58:03,835] {spark_submit.py:488} INFO - 22/04/06 00:58:03 INFO FileOutputCommitter: File Output Committer Algorithm version is 1
[2022-04-06 00:58:03,836] {spark_submit.py:488} INFO - 22/04/06 00:58:03 INFO FileOutputCommitter: FileOutputCommitter skip cleanup _temporary folders under output directory:false, ignore cleanup failures: false
[2022-04-06 00:58:03,843] {spark_submit.py:488} INFO - 22/04/06 00:58:03 INFO ShuffleBlockFetcherIterator: Getting 1 (3.3 MiB) non-empty blocks including 1 (3.3 MiB) local and 0 (0.0 B) host-local and 0 (0.0 B) push-merged-local and 0 (0.0 B) remote blocks
[2022-04-06 00:58:03,844] {spark_submit.py:488} INFO - 22/04/06 00:58:03 INFO ShuffleBlockFetcherIterator: Started 0 remote fetches in 122 ms
[2022-04-06 00:58:03,848] {spark_submit.py:488} INFO - 22/04/06 00:58:03 INFO FileOutputCommitter: File Output Committer Algorithm version is 1
[2022-04-06 00:58:03,909] {spark_submit.py:488} INFO - 22/04/06 00:58:03 INFO SQLHadoopMapReduceCommitProtocol: Using user defined output committer class org.apache.parquet.hadoop.ParquetOutputCommitter
[2022-04-06 00:58:03,911] {spark_submit.py:488} INFO - 22/04/06 00:58:03 INFO FileOutputCommitter: File Output Committer Algorithm version is 1
[2022-04-06 00:58:03,911] {spark_submit.py:488} INFO - 22/04/06 00:58:03 INFO FileOutputCommitter: FileOutputCommitter skip cleanup _temporary folders under output directory:false, ignore cleanup failures: false
[2022-04-06 00:58:03,912] {spark_submit.py:488} INFO - 22/04/06 00:58:03 INFO FileOutputCommitter: File Output Committer Algorithm version is 1
[2022-04-06 00:58:03,912] {spark_submit.py:488} INFO - 22/04/06 00:58:03 INFO FileOutputCommitter: FileOutputCommitter skip cleanup _temporary folders under output directory:false, ignore cleanup failures: false
[2022-04-06 00:58:03,913] {spark_submit.py:488} INFO - 22/04/06 00:58:03 INFO SQLHadoopMapReduceCommitProtocol: Using output committer class org.apache.parquet.hadoop.ParquetOutputCommitter
[2022-04-06 00:58:03,921] {spark_submit.py:488} INFO - 22/04/06 00:58:03 INFO FileOutputCommitter: File Output Committer Algorithm version is 1
[2022-04-06 00:58:03,921] {spark_submit.py:488} INFO - 22/04/06 00:58:03 INFO FileOutputCommitter: FileOutputCommitter skip cleanup _temporary folders under output directory:false, ignore cleanup failures: false
[2022-04-06 00:58:03,923] {spark_submit.py:488} INFO - 22/04/06 00:58:03 INFO FileOutputCommitter: FileOutputCommitter skip cleanup _temporary folders under output directory:false, ignore cleanup failures: false
[2022-04-06 00:58:03,952] {spark_submit.py:488} INFO - 22/04/06 00:58:03 INFO SQLHadoopMapReduceCommitProtocol: Using user defined output committer class org.apache.parquet.hadoop.ParquetOutputCommitter
[2022-04-06 00:58:03,952] {spark_submit.py:488} INFO - 22/04/06 00:58:03 INFO FileOutputCommitter: File Output Committer Algorithm version is 1
[2022-04-06 00:58:03,952] {spark_submit.py:488} INFO - 22/04/06 00:58:03 INFO FileOutputCommitter: FileOutputCommitter skip cleanup _temporary folders under output directory:false, ignore cleanup failures: false
[2022-04-06 00:58:03,952] {spark_submit.py:488} INFO - 22/04/06 00:58:03 INFO SQLHadoopMapReduceCommitProtocol: Using output committer class org.apache.parquet.hadoop.ParquetOutputCommitter
[2022-04-06 00:58:03,954] {spark_submit.py:488} INFO - 22/04/06 00:58:03 INFO SQLHadoopMapReduceCommitProtocol: Using user defined output committer class org.apache.parquet.hadoop.ParquetOutputCommitter
[2022-04-06 00:58:03,954] {spark_submit.py:488} INFO - 22/04/06 00:58:03 INFO FileOutputCommitter: File Output Committer Algorithm version is 1
[2022-04-06 00:58:03,954] {spark_submit.py:488} INFO - 22/04/06 00:58:03 INFO FileOutputCommitter: FileOutputCommitter skip cleanup _temporary folders under output directory:false, ignore cleanup failures: false
[2022-04-06 00:58:03,954] {spark_submit.py:488} INFO - 22/04/06 00:58:03 INFO SQLHadoopMapReduceCommitProtocol: Using output committer class org.apache.parquet.hadoop.ParquetOutputCommitter
[2022-04-06 00:58:03,954] {spark_submit.py:488} INFO - 22/04/06 00:58:03 INFO SQLHadoopMapReduceCommitProtocol: Using user defined output committer class org.apache.parquet.hadoop.ParquetOutputCommitter
[2022-04-06 00:58:03,955] {spark_submit.py:488} INFO - 22/04/06 00:58:03 INFO FileOutputCommitter: File Output Committer Algorithm version is 1
[2022-04-06 00:58:03,955] {spark_submit.py:488} INFO - 22/04/06 00:58:03 INFO FileOutputCommitter: FileOutputCommitter skip cleanup _temporary folders under output directory:false, ignore cleanup failures: false
[2022-04-06 00:58:03,956] {spark_submit.py:488} INFO - 22/04/06 00:58:03 INFO SQLHadoopMapReduceCommitProtocol: Using output committer class org.apache.parquet.hadoop.ParquetOutputCommitter
[2022-04-06 00:58:04,006] {spark_submit.py:488} INFO - 22/04/06 00:58:04 INFO CodecConfig: Compression: SNAPPY
[2022-04-06 00:58:04,015] {spark_submit.py:488} INFO - 22/04/06 00:58:04 INFO CodecConfig: Compression: SNAPPY
[2022-04-06 00:58:04,018] {spark_submit.py:488} INFO - 22/04/06 00:58:04 INFO CodecConfig: Compression: SNAPPY
[2022-04-06 00:58:04,020] {spark_submit.py:488} INFO - 22/04/06 00:58:04 INFO CodecConfig: Compression: SNAPPY
[2022-04-06 00:58:04,061] {spark_submit.py:488} INFO - 22/04/06 00:58:04 INFO CodecConfig: Compression: SNAPPY
[2022-04-06 00:58:04,061] {spark_submit.py:488} INFO - 22/04/06 00:58:04 INFO CodecConfig: Compression: SNAPPY
[2022-04-06 00:58:04,061] {spark_submit.py:488} INFO - 22/04/06 00:58:04 INFO CodecConfig: Compression: SNAPPY
[2022-04-06 00:58:04,061] {spark_submit.py:488} INFO - 22/04/06 00:58:04 INFO CodecConfig: Compression: SNAPPY
[2022-04-06 00:58:04,236] {spark_submit.py:488} INFO - 22/04/06 00:58:04 INFO ParquetOutputFormat: Parquet block size to 134217728
[2022-04-06 00:58:04,236] {spark_submit.py:488} INFO - 22/04/06 00:58:04 INFO ParquetOutputFormat: Validation is off
[2022-04-06 00:58:04,236] {spark_submit.py:488} INFO - 22/04/06 00:58:04 INFO ParquetOutputFormat: Maximum row group padding size is 8388608 bytes
[2022-04-06 00:58:04,236] {spark_submit.py:488} INFO - 22/04/06 00:58:04 INFO ParquetOutputFormat: Parquet properties are:
[2022-04-06 00:58:04,237] {spark_submit.py:488} INFO - Parquet page size to 1048576
[2022-04-06 00:58:04,237] {spark_submit.py:488} INFO - Parquet dictionary page size to 1048576
[2022-04-06 00:58:04,237] {spark_submit.py:488} INFO - Dictionary is true
[2022-04-06 00:58:04,237] {spark_submit.py:488} INFO - Writer version is: PARQUET_1_0
[2022-04-06 00:58:04,237] {spark_submit.py:488} INFO - Page size checking is: estimated
[2022-04-06 00:58:04,237] {spark_submit.py:488} INFO - Min row count for page size check is: 100
[2022-04-06 00:58:04,237] {spark_submit.py:488} INFO - Max row count for page size check is: 10000
[2022-04-06 00:58:04,237] {spark_submit.py:488} INFO - Truncate length for column indexes is: 64
[2022-04-06 00:58:04,237] {spark_submit.py:488} INFO - Truncate length for statistics min/max  is: 2147483647
[2022-04-06 00:58:04,237] {spark_submit.py:488} INFO - Bloom filter enabled: false
[2022-04-06 00:58:04,237] {spark_submit.py:488} INFO - Max Bloom filter size for a column is 1048576
[2022-04-06 00:58:04,237] {spark_submit.py:488} INFO - Bloom filter expected number of distinct values are: null
[2022-04-06 00:58:04,237] {spark_submit.py:488} INFO - Page row count limit to 20000
[2022-04-06 00:58:04,237] {spark_submit.py:488} INFO - Writing page checksums is: on
[2022-04-06 00:58:04,249] {spark_submit.py:488} INFO - 22/04/06 00:58:04 INFO ParquetOutputFormat: Parquet block size to 134217728
[2022-04-06 00:58:04,250] {spark_submit.py:488} INFO - 22/04/06 00:58:04 INFO ParquetOutputFormat: Validation is off
[2022-04-06 00:58:04,250] {spark_submit.py:488} INFO - 22/04/06 00:58:04 INFO ParquetOutputFormat: Maximum row group padding size is 8388608 bytes
[2022-04-06 00:58:04,250] {spark_submit.py:488} INFO - 22/04/06 00:58:04 INFO ParquetOutputFormat: Parquet properties are:
[2022-04-06 00:58:04,250] {spark_submit.py:488} INFO - Parquet page size to 1048576
[2022-04-06 00:58:04,250] {spark_submit.py:488} INFO - Parquet dictionary page size to 1048576
[2022-04-06 00:58:04,250] {spark_submit.py:488} INFO - Dictionary is true
[2022-04-06 00:58:04,250] {spark_submit.py:488} INFO - Writer version is: PARQUET_1_0
[2022-04-06 00:58:04,250] {spark_submit.py:488} INFO - Page size checking is: estimated
[2022-04-06 00:58:04,250] {spark_submit.py:488} INFO - Min row count for page size check is: 100
[2022-04-06 00:58:04,250] {spark_submit.py:488} INFO - Max row count for page size check is: 10000
[2022-04-06 00:58:04,251] {spark_submit.py:488} INFO - Truncate length for column indexes is: 64
[2022-04-06 00:58:04,251] {spark_submit.py:488} INFO - Truncate length for statistics min/max  is: 2147483647
[2022-04-06 00:58:04,251] {spark_submit.py:488} INFO - Bloom filter enabled: false
[2022-04-06 00:58:04,251] {spark_submit.py:488} INFO - Max Bloom filter size for a column is 1048576
[2022-04-06 00:58:04,251] {spark_submit.py:488} INFO - Bloom filter expected number of distinct values are: null
[2022-04-06 00:58:04,251] {spark_submit.py:488} INFO - Page row count limit to 20000
[2022-04-06 00:58:04,251] {spark_submit.py:488} INFO - Writing page checksums is: on
[2022-04-06 00:58:04,269] {spark_submit.py:488} INFO - 22/04/06 00:58:04 INFO BlockManagerInfo: Removed broadcast_2_piece0 on 9fe4286b2855:40807 in memory (size: 8.5 KiB, free: 434.3 MiB)
[2022-04-06 00:58:04,271] {spark_submit.py:488} INFO - 22/04/06 00:58:04 INFO ParquetOutputFormat: Parquet block size to 134217728
[2022-04-06 00:58:04,271] {spark_submit.py:488} INFO - 22/04/06 00:58:04 INFO ParquetOutputFormat: Validation is off
[2022-04-06 00:58:04,271] {spark_submit.py:488} INFO - 22/04/06 00:58:04 INFO ParquetOutputFormat: Maximum row group padding size is 8388608 bytes
[2022-04-06 00:58:04,271] {spark_submit.py:488} INFO - 22/04/06 00:58:04 INFO ParquetOutputFormat: Parquet properties are:
[2022-04-06 00:58:04,271] {spark_submit.py:488} INFO - Parquet page size to 1048576
[2022-04-06 00:58:04,271] {spark_submit.py:488} INFO - Parquet dictionary page size to 1048576
[2022-04-06 00:58:04,272] {spark_submit.py:488} INFO - Dictionary is true
[2022-04-06 00:58:04,272] {spark_submit.py:488} INFO - Writer version is: PARQUET_1_0
[2022-04-06 00:58:04,272] {spark_submit.py:488} INFO - Page size checking is: estimated
[2022-04-06 00:58:04,272] {spark_submit.py:488} INFO - Min row count for page size check is: 100
[2022-04-06 00:58:04,272] {spark_submit.py:488} INFO - Max row count for page size check is: 10000
[2022-04-06 00:58:04,272] {spark_submit.py:488} INFO - Truncate length for column indexes is: 64
[2022-04-06 00:58:04,272] {spark_submit.py:488} INFO - Truncate length for statistics min/max  is: 2147483647
[2022-04-06 00:58:04,272] {spark_submit.py:488} INFO - Bloom filter enabled: false
[2022-04-06 00:58:04,272] {spark_submit.py:488} INFO - Max Bloom filter size for a column is 1048576
[2022-04-06 00:58:04,272] {spark_submit.py:488} INFO - Bloom filter expected number of distinct values are: null
[2022-04-06 00:58:04,272] {spark_submit.py:488} INFO - Page row count limit to 20000
[2022-04-06 00:58:04,272] {spark_submit.py:488} INFO - Writing page checksums is: on
[2022-04-06 00:58:04,273] {spark_submit.py:488} INFO - 22/04/06 00:58:04 INFO ParquetOutputFormat: Parquet block size to 134217728
[2022-04-06 00:58:04,274] {spark_submit.py:488} INFO - 22/04/06 00:58:04 INFO ParquetOutputFormat: Validation is off
[2022-04-06 00:58:04,274] {spark_submit.py:488} INFO - 22/04/06 00:58:04 INFO ParquetOutputFormat: Maximum row group padding size is 8388608 bytes
[2022-04-06 00:58:04,274] {spark_submit.py:488} INFO - 22/04/06 00:58:04 INFO ParquetOutputFormat: Parquet properties are:
[2022-04-06 00:58:04,274] {spark_submit.py:488} INFO - Parquet page size to 1048576
[2022-04-06 00:58:04,274] {spark_submit.py:488} INFO - Parquet dictionary page size to 1048576
[2022-04-06 00:58:04,274] {spark_submit.py:488} INFO - Dictionary is true
[2022-04-06 00:58:04,274] {spark_submit.py:488} INFO - Writer version is: PARQUET_1_0
[2022-04-06 00:58:04,275] {spark_submit.py:488} INFO - Page size checking is: estimated
[2022-04-06 00:58:04,275] {spark_submit.py:488} INFO - Min row count for page size check is: 100
[2022-04-06 00:58:04,275] {spark_submit.py:488} INFO - Max row count for page size check is: 10000
[2022-04-06 00:58:04,275] {spark_submit.py:488} INFO - Truncate length for column indexes is: 64
[2022-04-06 00:58:04,275] {spark_submit.py:488} INFO - Truncate length for statistics min/max  is: 2147483647
[2022-04-06 00:58:04,275] {spark_submit.py:488} INFO - Bloom filter enabled: false
[2022-04-06 00:58:04,275] {spark_submit.py:488} INFO - Max Bloom filter size for a column is 1048576
[2022-04-06 00:58:04,275] {spark_submit.py:488} INFO - Bloom filter expected number of distinct values are: null
[2022-04-06 00:58:04,275] {spark_submit.py:488} INFO - Page row count limit to 20000
[2022-04-06 00:58:04,275] {spark_submit.py:488} INFO - Writing page checksums is: on
[2022-04-06 00:58:04,387] {spark_submit.py:488} INFO - 22/04/06 00:58:04 INFO ParquetWriteSupport: Initialized Parquet WriteSupport with Catalyst schema:
[2022-04-06 00:58:04,387] {spark_submit.py:488} INFO - {
[2022-04-06 00:58:04,387] {spark_submit.py:488} INFO - "type" : "struct",
[2022-04-06 00:58:04,387] {spark_submit.py:488} INFO - "fields" : [ {
[2022-04-06 00:58:04,387] {spark_submit.py:488} INFO - "name" : "id",
[2022-04-06 00:58:04,387] {spark_submit.py:488} INFO - "type" : "integer",
[2022-04-06 00:58:04,387] {spark_submit.py:488} INFO - "nullable" : true,
[2022-04-06 00:58:04,387] {spark_submit.py:488} INFO - "metadata" : { }
[2022-04-06 00:58:04,387] {spark_submit.py:488} INFO - }, {
[2022-04-06 00:58:04,387] {spark_submit.py:488} INFO - "name" : "name",
[2022-04-06 00:58:04,388] {spark_submit.py:488} INFO - "type" : "string",
[2022-04-06 00:58:04,388] {spark_submit.py:488} INFO - "nullable" : true,
[2022-04-06 00:58:04,388] {spark_submit.py:488} INFO - "metadata" : { }
[2022-04-06 00:58:04,388] {spark_submit.py:488} INFO - }, {
[2022-04-06 00:58:04,388] {spark_submit.py:488} INFO - "name" : "date",
[2022-04-06 00:58:04,388] {spark_submit.py:488} INFO - "type" : "timestamp",
[2022-04-06 00:58:04,388] {spark_submit.py:488} INFO - "nullable" : true,
[2022-04-06 00:58:04,388] {spark_submit.py:488} INFO - "metadata" : { }
[2022-04-06 00:58:04,388] {spark_submit.py:488} INFO - }, {
[2022-04-06 00:58:04,388] {spark_submit.py:488} INFO - "name" : "user_id",
[2022-04-06 00:58:04,388] {spark_submit.py:488} INFO - "type" : "integer",
[2022-04-06 00:58:04,388] {spark_submit.py:488} INFO - "nullable" : true,
[2022-04-06 00:58:04,388] {spark_submit.py:488} INFO - "metadata" : { }
[2022-04-06 00:58:04,388] {spark_submit.py:488} INFO - }, {
[2022-04-06 00:58:04,388] {spark_submit.py:488} INFO - "name" : "class",
[2022-04-06 00:58:04,389] {spark_submit.py:488} INFO - "type" : "integer",
[2022-04-06 00:58:04,389] {spark_submit.py:488} INFO - "nullable" : true,
[2022-04-06 00:58:04,389] {spark_submit.py:488} INFO - "metadata" : { }
[2022-04-06 00:58:04,389] {spark_submit.py:488} INFO - }, {
[2022-04-06 00:58:04,389] {spark_submit.py:488} INFO - "name" : "tag_based",
[2022-04-06 00:58:04,389] {spark_submit.py:488} INFO - "type" : "boolean",
[2022-04-06 00:58:04,389] {spark_submit.py:488} INFO - "nullable" : true,
[2022-04-06 00:58:04,389] {spark_submit.py:488} INFO - "metadata" : { }
[2022-04-06 00:58:04,389] {spark_submit.py:488} INFO - }, {
[2022-04-06 00:58:04,389] {spark_submit.py:488} INFO - "name" : "group_by_date",
[2022-04-06 00:58:04,389] {spark_submit.py:488} INFO - "type" : "timestamp",
[2022-04-06 00:58:04,389] {spark_submit.py:488} INFO - "nullable" : true,
[2022-04-06 00:58:04,389] {spark_submit.py:488} INFO - "metadata" : { }
[2022-04-06 00:58:04,407] {spark_submit.py:488} INFO - } ]
[2022-04-06 00:58:04,407] {spark_submit.py:488} INFO - }
[2022-04-06 00:58:04,407] {spark_submit.py:488} INFO - and corresponding Parquet message type:
[2022-04-06 00:58:04,407] {spark_submit.py:488} INFO - message spark_schema {
[2022-04-06 00:58:04,408] {spark_submit.py:488} INFO - optional int32 id;
[2022-04-06 00:58:04,408] {spark_submit.py:488} INFO - optional binary name (STRING);
[2022-04-06 00:58:04,408] {spark_submit.py:488} INFO - optional int96 date;
[2022-04-06 00:58:04,408] {spark_submit.py:488} INFO - optional int32 user_id;
[2022-04-06 00:58:04,408] {spark_submit.py:488} INFO - optional int32 class;
[2022-04-06 00:58:04,408] {spark_submit.py:488} INFO - optional boolean tag_based;
[2022-04-06 00:58:04,408] {spark_submit.py:488} INFO - optional int96 group_by_date;
[2022-04-06 00:58:04,408] {spark_submit.py:488} INFO - }
[2022-04-06 00:58:04,408] {spark_submit.py:488} INFO - 
[2022-04-06 00:58:04,408] {spark_submit.py:488} INFO - 
[2022-04-06 00:58:04,408] {spark_submit.py:488} INFO - 22/04/06 00:58:04 INFO ParquetWriteSupport: Initialized Parquet WriteSupport with Catalyst schema:
[2022-04-06 00:58:04,408] {spark_submit.py:488} INFO - {
[2022-04-06 00:58:04,409] {spark_submit.py:488} INFO - "type" : "struct",
[2022-04-06 00:58:04,409] {spark_submit.py:488} INFO - "fields" : [ {
[2022-04-06 00:58:04,409] {spark_submit.py:488} INFO - "name" : "id",
[2022-04-06 00:58:04,409] {spark_submit.py:488} INFO - "type" : "integer",
[2022-04-06 00:58:04,409] {spark_submit.py:488} INFO - "nullable" : true,
[2022-04-06 00:58:04,409] {spark_submit.py:488} INFO - "metadata" : { }
[2022-04-06 00:58:04,409] {spark_submit.py:488} INFO - }, {
[2022-04-06 00:58:04,409] {spark_submit.py:488} INFO - "name" : "name",
[2022-04-06 00:58:04,409] {spark_submit.py:488} INFO - "type" : "string",
[2022-04-06 00:58:04,409] {spark_submit.py:488} INFO - "nullable" : true,
[2022-04-06 00:58:04,409] {spark_submit.py:488} INFO - "metadata" : { }
[2022-04-06 00:58:04,409] {spark_submit.py:488} INFO - }, {
[2022-04-06 00:58:04,409] {spark_submit.py:488} INFO - "name" : "date",
[2022-04-06 00:58:04,410] {spark_submit.py:488} INFO - "type" : "timestamp",
[2022-04-06 00:58:04,410] {spark_submit.py:488} INFO - "nullable" : true,
[2022-04-06 00:58:04,410] {spark_submit.py:488} INFO - "metadata" : { }
[2022-04-06 00:58:04,410] {spark_submit.py:488} INFO - }, {
[2022-04-06 00:58:04,410] {spark_submit.py:488} INFO - "name" : "user_id",
[2022-04-06 00:58:04,410] {spark_submit.py:488} INFO - "type" : "integer",
[2022-04-06 00:58:04,410] {spark_submit.py:488} INFO - "nullable" : true,
[2022-04-06 00:58:04,410] {spark_submit.py:488} INFO - "metadata" : { }
[2022-04-06 00:58:04,410] {spark_submit.py:488} INFO - }, {
[2022-04-06 00:58:04,410] {spark_submit.py:488} INFO - "name" : "class",
[2022-04-06 00:58:04,410] {spark_submit.py:488} INFO - "type" : "integer",
[2022-04-06 00:58:04,410] {spark_submit.py:488} INFO - "nullable" : true,
[2022-04-06 00:58:04,410] {spark_submit.py:488} INFO - "metadata" : { }
[2022-04-06 00:58:04,410] {spark_submit.py:488} INFO - }, {
[2022-04-06 00:58:04,410] {spark_submit.py:488} INFO - "name" : "tag_based",
[2022-04-06 00:58:04,411] {spark_submit.py:488} INFO - "type" : "boolean",
[2022-04-06 00:58:04,411] {spark_submit.py:488} INFO - "nullable" : true,
[2022-04-06 00:58:04,411] {spark_submit.py:488} INFO - "metadata" : { }
[2022-04-06 00:58:04,411] {spark_submit.py:488} INFO - }, {
[2022-04-06 00:58:04,411] {spark_submit.py:488} INFO - "name" : "group_by_date",
[2022-04-06 00:58:04,411] {spark_submit.py:488} INFO - "type" : "timestamp",
[2022-04-06 00:58:04,417] {spark_submit.py:488} INFO - "nullable" : true,
[2022-04-06 00:58:04,417] {spark_submit.py:488} INFO - "metadata" : { }
[2022-04-06 00:58:04,417] {spark_submit.py:488} INFO - } ]
[2022-04-06 00:58:04,417] {spark_submit.py:488} INFO - }
[2022-04-06 00:58:04,418] {spark_submit.py:488} INFO - and corresponding Parquet message type:
[2022-04-06 00:58:04,418] {spark_submit.py:488} INFO - message spark_schema {
[2022-04-06 00:58:04,418] {spark_submit.py:488} INFO - optional int32 id;
[2022-04-06 00:58:04,418] {spark_submit.py:488} INFO - optional binary name (STRING);
[2022-04-06 00:58:04,418] {spark_submit.py:488} INFO - optional int96 date;
[2022-04-06 00:58:04,418] {spark_submit.py:488} INFO - optional int32 user_id;
[2022-04-06 00:58:04,418] {spark_submit.py:488} INFO - optional int32 class;
[2022-04-06 00:58:04,418] {spark_submit.py:488} INFO - optional boolean tag_based;
[2022-04-06 00:58:04,418] {spark_submit.py:488} INFO - optional int96 group_by_date;
[2022-04-06 00:58:04,418] {spark_submit.py:488} INFO - }
[2022-04-06 00:58:04,418] {spark_submit.py:488} INFO - 
[2022-04-06 00:58:04,418] {spark_submit.py:488} INFO - 
[2022-04-06 00:58:04,418] {spark_submit.py:488} INFO - 22/04/06 00:58:04 INFO ParquetWriteSupport: Initialized Parquet WriteSupport with Catalyst schema:
[2022-04-06 00:58:04,418] {spark_submit.py:488} INFO - {
[2022-04-06 00:58:04,419] {spark_submit.py:488} INFO - "type" : "struct",
[2022-04-06 00:58:04,419] {spark_submit.py:488} INFO - "fields" : [ {
[2022-04-06 00:58:04,419] {spark_submit.py:488} INFO - "name" : "id",
[2022-04-06 00:58:04,419] {spark_submit.py:488} INFO - "type" : "integer",
[2022-04-06 00:58:04,419] {spark_submit.py:488} INFO - "nullable" : true,
[2022-04-06 00:58:04,419] {spark_submit.py:488} INFO - "metadata" : { }
[2022-04-06 00:58:04,419] {spark_submit.py:488} INFO - }, {
[2022-04-06 00:58:04,419] {spark_submit.py:488} INFO - "name" : "name",
[2022-04-06 00:58:04,419] {spark_submit.py:488} INFO - "type" : "string",
[2022-04-06 00:58:04,419] {spark_submit.py:488} INFO - "nullable" : true,
[2022-04-06 00:58:04,419] {spark_submit.py:488} INFO - "metadata" : { }
[2022-04-06 00:58:04,419] {spark_submit.py:488} INFO - }, {
[2022-04-06 00:58:04,419] {spark_submit.py:488} INFO - "name" : "date",
[2022-04-06 00:58:04,431] {spark_submit.py:488} INFO - "type" : "timestamp",
[2022-04-06 00:58:04,432] {spark_submit.py:488} INFO - "nullable" : true,
[2022-04-06 00:58:04,432] {spark_submit.py:488} INFO - "metadata" : { }
[2022-04-06 00:58:04,432] {spark_submit.py:488} INFO - }, {
[2022-04-06 00:58:04,432] {spark_submit.py:488} INFO - "name" : "user_id",
[2022-04-06 00:58:04,432] {spark_submit.py:488} INFO - "type" : "integer",
[2022-04-06 00:58:04,432] {spark_submit.py:488} INFO - "nullable" : true,
[2022-04-06 00:58:04,432] {spark_submit.py:488} INFO - "metadata" : { }
[2022-04-06 00:58:04,432] {spark_submit.py:488} INFO - }, {
[2022-04-06 00:58:04,432] {spark_submit.py:488} INFO - "name" : "class",
[2022-04-06 00:58:04,432] {spark_submit.py:488} INFO - "type" : "integer",
[2022-04-06 00:58:04,432] {spark_submit.py:488} INFO - "nullable" : true,
[2022-04-06 00:58:04,432] {spark_submit.py:488} INFO - "metadata" : { }
[2022-04-06 00:58:04,433] {spark_submit.py:488} INFO - }, {
[2022-04-06 00:58:04,433] {spark_submit.py:488} INFO - "name" : "tag_based",
[2022-04-06 00:58:04,433] {spark_submit.py:488} INFO - "type" : "boolean",
[2022-04-06 00:58:04,433] {spark_submit.py:488} INFO - "nullable" : true,
[2022-04-06 00:58:04,433] {spark_submit.py:488} INFO - "metadata" : { }
[2022-04-06 00:58:04,433] {spark_submit.py:488} INFO - }, {
[2022-04-06 00:58:04,433] {spark_submit.py:488} INFO - "name" : "group_by_date",
[2022-04-06 00:58:04,433] {spark_submit.py:488} INFO - "type" : "timestamp",
[2022-04-06 00:58:04,433] {spark_submit.py:488} INFO - "nullable" : true,
[2022-04-06 00:58:04,433] {spark_submit.py:488} INFO - "metadata" : { }
[2022-04-06 00:58:04,433] {spark_submit.py:488} INFO - } ]
[2022-04-06 00:58:04,433] {spark_submit.py:488} INFO - }
[2022-04-06 00:58:04,433] {spark_submit.py:488} INFO - and corresponding Parquet message type:
[2022-04-06 00:58:04,433] {spark_submit.py:488} INFO - message spark_schema {
[2022-04-06 00:58:04,434] {spark_submit.py:488} INFO - optional int32 id;
[2022-04-06 00:58:04,434] {spark_submit.py:488} INFO - optional binary name (STRING);
[2022-04-06 00:58:04,434] {spark_submit.py:488} INFO - optional int96 date;
[2022-04-06 00:58:04,434] {spark_submit.py:488} INFO - optional int32 user_id;
[2022-04-06 00:58:04,434] {spark_submit.py:488} INFO - optional int32 class;
[2022-04-06 00:58:04,434] {spark_submit.py:488} INFO - optional boolean tag_based;
[2022-04-06 00:58:04,434] {spark_submit.py:488} INFO - optional int96 group_by_date;
[2022-04-06 00:58:04,434] {spark_submit.py:488} INFO - }
[2022-04-06 00:58:04,452] {spark_submit.py:488} INFO - 
[2022-04-06 00:58:04,452] {spark_submit.py:488} INFO - 
[2022-04-06 00:58:04,452] {spark_submit.py:488} INFO - 22/04/06 00:58:04 INFO ParquetWriteSupport: Initialized Parquet WriteSupport with Catalyst schema:
[2022-04-06 00:58:04,452] {spark_submit.py:488} INFO - {
[2022-04-06 00:58:04,452] {spark_submit.py:488} INFO - "type" : "struct",
[2022-04-06 00:58:04,452] {spark_submit.py:488} INFO - "fields" : [ {
[2022-04-06 00:58:04,452] {spark_submit.py:488} INFO - "name" : "id",
[2022-04-06 00:58:04,452] {spark_submit.py:488} INFO - "type" : "integer",
[2022-04-06 00:58:04,453] {spark_submit.py:488} INFO - "nullable" : true,
[2022-04-06 00:58:04,453] {spark_submit.py:488} INFO - "metadata" : { }
[2022-04-06 00:58:04,453] {spark_submit.py:488} INFO - }, {
[2022-04-06 00:58:04,453] {spark_submit.py:488} INFO - "name" : "name",
[2022-04-06 00:58:04,461] {spark_submit.py:488} INFO - "type" : "string",
[2022-04-06 00:58:04,461] {spark_submit.py:488} INFO - "nullable" : true,
[2022-04-06 00:58:04,461] {spark_submit.py:488} INFO - "metadata" : { }
[2022-04-06 00:58:04,461] {spark_submit.py:488} INFO - }, {
[2022-04-06 00:58:04,461] {spark_submit.py:488} INFO - "name" : "date",
[2022-04-06 00:58:04,462] {spark_submit.py:488} INFO - "type" : "timestamp",
[2022-04-06 00:58:04,462] {spark_submit.py:488} INFO - "nullable" : true,
[2022-04-06 00:58:04,462] {spark_submit.py:488} INFO - "metadata" : { }
[2022-04-06 00:58:04,462] {spark_submit.py:488} INFO - }, {
[2022-04-06 00:58:04,462] {spark_submit.py:488} INFO - "name" : "user_id",
[2022-04-06 00:58:04,462] {spark_submit.py:488} INFO - "type" : "integer",
[2022-04-06 00:58:04,462] {spark_submit.py:488} INFO - "nullable" : true,
[2022-04-06 00:58:04,462] {spark_submit.py:488} INFO - "metadata" : { }
[2022-04-06 00:58:04,462] {spark_submit.py:488} INFO - }, {
[2022-04-06 00:58:04,462] {spark_submit.py:488} INFO - "name" : "class",
[2022-04-06 00:58:04,462] {spark_submit.py:488} INFO - "type" : "integer",
[2022-04-06 00:58:04,462] {spark_submit.py:488} INFO - "nullable" : true,
[2022-04-06 00:58:04,462] {spark_submit.py:488} INFO - "metadata" : { }
[2022-04-06 00:58:04,463] {spark_submit.py:488} INFO - }, {
[2022-04-06 00:58:04,463] {spark_submit.py:488} INFO - "name" : "tag_based",
[2022-04-06 00:58:04,463] {spark_submit.py:488} INFO - "type" : "boolean",
[2022-04-06 00:58:04,463] {spark_submit.py:488} INFO - "nullable" : true,
[2022-04-06 00:58:04,463] {spark_submit.py:488} INFO - "metadata" : { }
[2022-04-06 00:58:04,463] {spark_submit.py:488} INFO - }, {
[2022-04-06 00:58:04,463] {spark_submit.py:488} INFO - "name" : "group_by_date",
[2022-04-06 00:58:04,463] {spark_submit.py:488} INFO - "type" : "timestamp",
[2022-04-06 00:58:04,463] {spark_submit.py:488} INFO - "nullable" : true,
[2022-04-06 00:58:04,463] {spark_submit.py:488} INFO - "metadata" : { }
[2022-04-06 00:58:04,463] {spark_submit.py:488} INFO - } ]
[2022-04-06 00:58:04,463] {spark_submit.py:488} INFO - }
[2022-04-06 00:58:04,463] {spark_submit.py:488} INFO - and corresponding Parquet message type:
[2022-04-06 00:58:04,463] {spark_submit.py:488} INFO - message spark_schema {
[2022-04-06 00:58:04,463] {spark_submit.py:488} INFO - optional int32 id;
[2022-04-06 00:58:04,464] {spark_submit.py:488} INFO - optional binary name (STRING);
[2022-04-06 00:58:04,464] {spark_submit.py:488} INFO - optional int96 date;
[2022-04-06 00:58:04,464] {spark_submit.py:488} INFO - optional int32 user_id;
[2022-04-06 00:58:04,464] {spark_submit.py:488} INFO - optional int32 class;
[2022-04-06 00:58:04,464] {spark_submit.py:488} INFO - optional boolean tag_based;
[2022-04-06 00:58:04,464] {spark_submit.py:488} INFO - optional int96 group_by_date;
[2022-04-06 00:58:04,464] {spark_submit.py:488} INFO - }
[2022-04-06 00:58:04,464] {spark_submit.py:488} INFO - 
[2022-04-06 00:58:04,464] {spark_submit.py:488} INFO - 
[2022-04-06 00:58:05,654] {spark_submit.py:488} INFO - 22/04/06 00:58:05 INFO CodecPool: Got brand-new compressor [.snappy]
[2022-04-06 00:58:06,571] {spark_submit.py:488} INFO - 22/04/06 00:58:05 INFO CodecPool: Got brand-new compressor [.snappy]
[2022-04-06 00:58:06,610] {spark_submit.py:488} INFO - 22/04/06 00:58:05 INFO CodecPool: Got brand-new compressor [.snappy]
[2022-04-06 00:58:06,610] {spark_submit.py:488} INFO - 22/04/06 00:58:05 INFO CodecPool: Got brand-new compressor [.snappy]
[2022-04-06 00:58:20,009] {spark_submit.py:488} INFO - 22/04/06 00:58:20 INFO GoogleCloudStorageImpl: Ignoring exception of type GoogleJsonResponseException; verified object already exists with desired state.
[2022-04-06 00:58:20,010] {spark_submit.py:488} INFO - 22/04/06 00:58:20 INFO GoogleCloudStorageFileSystem: Successfully repaired 'gs://dtc_data_lake_de-stack-overflow/BigQuery/badges-2014-09/_temporary/0/_temporary/' directory.
[2022-04-06 00:58:20,011] {spark_submit.py:488} INFO - 22/04/06 00:58:20 INFO FileOutputCommitter: Saved output of task 'attempt_202204060058017800146572742562631_0003_m_000000_3' to gs://dtc_data_lake_de-stack-overflow/BigQuery/badges-2014-09/_temporary/0/task_202204060058017800146572742562631_0003_m_000000
[2022-04-06 00:58:20,012] {spark_submit.py:488} INFO - 22/04/06 00:58:20 INFO SparkHadoopMapRedUtil: attempt_202204060058017800146572742562631_0003_m_000000_3: Committed
[2022-04-06 00:58:20,027] {spark_submit.py:488} INFO - 22/04/06 00:58:20 INFO GoogleCloudStorageImpl: Ignoring exception of type GoogleJsonResponseException; verified object already exists with desired state.
[2022-04-06 00:58:20,028] {spark_submit.py:488} INFO - 22/04/06 00:58:20 INFO GoogleCloudStorageFileSystem: Successfully repaired 'gs://dtc_data_lake_de-stack-overflow/BigQuery/badges-2014-09/_temporary/0/_temporary/' directory.
[2022-04-06 00:58:20,029] {spark_submit.py:488} INFO - 22/04/06 00:58:20 INFO FileOutputCommitter: Saved output of task 'attempt_202204060058014333054189053796059_0003_m_000002_5' to gs://dtc_data_lake_de-stack-overflow/BigQuery/badges-2014-09/_temporary/0/task_202204060058014333054189053796059_0003_m_000002
[2022-04-06 00:58:20,029] {spark_submit.py:488} INFO - 22/04/06 00:58:20 INFO SparkHadoopMapRedUtil: attempt_202204060058014333054189053796059_0003_m_000002_5: Committed
[2022-04-06 00:58:20,038] {spark_submit.py:488} INFO - 22/04/06 00:58:20 INFO GoogleCloudStorageImpl: Ignoring exception of type GoogleJsonResponseException; verified object already exists with desired state.
[2022-04-06 00:58:20,039] {spark_submit.py:488} INFO - 22/04/06 00:58:20 INFO GoogleCloudStorageFileSystem: Successfully repaired 'gs://dtc_data_lake_de-stack-overflow/BigQuery/badges-2014-09/_temporary/0/_temporary/' directory.
[2022-04-06 00:58:20,039] {spark_submit.py:488} INFO - 22/04/06 00:58:20 INFO FileOutputCommitter: Saved output of task 'attempt_202204060058014454222880420222441_0003_m_000003_6' to gs://dtc_data_lake_de-stack-overflow/BigQuery/badges-2014-09/_temporary/0/task_202204060058014454222880420222441_0003_m_000003
[2022-04-06 00:58:20,044] {spark_submit.py:488} INFO - 22/04/06 00:58:20 INFO SparkHadoopMapRedUtil: attempt_202204060058014454222880420222441_0003_m_000003_6: Committed
[2022-04-06 00:58:20,048] {spark_submit.py:488} INFO - 22/04/06 00:58:20 INFO GoogleCloudStorageFileSystem: Successfully repaired 'gs://dtc_data_lake_de-stack-overflow/BigQuery/badges-2014-09/_temporary/0/_temporary/' directory.
[2022-04-06 00:58:20,048] {spark_submit.py:488} INFO - 22/04/06 00:58:20 INFO FileOutputCommitter: Saved output of task 'attempt_202204060058016690475928354646770_0003_m_000001_4' to gs://dtc_data_lake_de-stack-overflow/BigQuery/badges-2014-09/_temporary/0/task_202204060058016690475928354646770_0003_m_000001
[2022-04-06 00:58:20,049] {spark_submit.py:488} INFO - 22/04/06 00:58:20 INFO SparkHadoopMapRedUtil: attempt_202204060058016690475928354646770_0003_m_000001_4: Committed
[2022-04-06 00:58:20,092] {spark_submit.py:488} INFO - 22/04/06 00:58:20 INFO Executor: Finished task 1.0 in stage 3.0 (TID 4). 3526 bytes result sent to driver
[2022-04-06 00:58:20,094] {spark_submit.py:488} INFO - 22/04/06 00:58:20 INFO Executor: Finished task 0.0 in stage 3.0 (TID 3). 3526 bytes result sent to driver
[2022-04-06 00:58:20,095] {spark_submit.py:488} INFO - 22/04/06 00:58:20 INFO Executor: Finished task 2.0 in stage 3.0 (TID 5). 3526 bytes result sent to driver
[2022-04-06 00:58:20,095] {spark_submit.py:488} INFO - 22/04/06 00:58:20 INFO Executor: Finished task 3.0 in stage 3.0 (TID 6). 3526 bytes result sent to driver
[2022-04-06 00:58:20,123] {spark_submit.py:488} INFO - 22/04/06 00:58:20 INFO TaskSetManager: Finished task 0.0 in stage 3.0 (TID 3) in 17003 ms on 9fe4286b2855 (executor driver) (1/4)
[2022-04-06 00:58:20,124] {spark_submit.py:488} INFO - 22/04/06 00:58:20 INFO TaskSetManager: Finished task 2.0 in stage 3.0 (TID 5) in 16999 ms on 9fe4286b2855 (executor driver) (2/4)
[2022-04-06 00:58:20,125] {spark_submit.py:488} INFO - 22/04/06 00:58:20 INFO TaskSetManager: Finished task 3.0 in stage 3.0 (TID 6) in 17000 ms on 9fe4286b2855 (executor driver) (3/4)
[2022-04-06 00:58:20,127] {spark_submit.py:488} INFO - 22/04/06 00:58:20 INFO TaskSetManager: Finished task 1.0 in stage 3.0 (TID 4) in 17004 ms on 9fe4286b2855 (executor driver) (4/4)
[2022-04-06 00:58:20,127] {spark_submit.py:488} INFO - 22/04/06 00:58:20 INFO TaskSchedulerImpl: Removed TaskSet 3.0, whose tasks have all completed, from pool
[2022-04-06 00:58:20,214] {spark_submit.py:488} INFO - 22/04/06 00:58:20 INFO DAGScheduler: ResultStage 3 (save at NativeMethodAccessorImpl.java:0) finished in 17.966 s
[2022-04-06 00:58:20,215] {spark_submit.py:488} INFO - 22/04/06 00:58:20 INFO DAGScheduler: Job 2 is finished. Cancelling potential speculative or zombie tasks for this job
[2022-04-06 00:58:20,215] {spark_submit.py:488} INFO - 22/04/06 00:58:20 INFO TaskSchedulerImpl: Killing all running tasks in stage 3: Stage finished
[2022-04-06 00:58:20,215] {spark_submit.py:488} INFO - 22/04/06 00:58:20 INFO DAGScheduler: Job 2 finished: save at NativeMethodAccessorImpl.java:0, took 18.060418 s
[2022-04-06 00:58:20,219] {spark_submit.py:488} INFO - 22/04/06 00:58:20 INFO FileFormatWriter: Start to commit write Job aa46373a-9a18-4a84-97f4-d8d1b6a67c8d.
[2022-04-06 00:58:20,664] {spark_submit.py:488} INFO - 22/04/06 00:58:20 INFO GoogleCloudStorageFileSystem: Successfully repaired 'gs://dtc_data_lake_de-stack-overflow/BigQuery/badges-2014-09/_temporary/0/task_202204060058014333054189053796059_0003_m_000002/' directory.
[2022-04-06 00:58:21,031] {spark_submit.py:488} INFO - 22/04/06 00:58:21 INFO GoogleCloudStorageFileSystem: Successfully repaired 'gs://dtc_data_lake_de-stack-overflow/BigQuery/badges-2014-09/_temporary/0/task_202204060058014454222880420222441_0003_m_000003/' directory.
[2022-04-06 00:58:21,341] {spark_submit.py:488} INFO - 22/04/06 00:58:21 INFO GoogleCloudStorageFileSystem: Successfully repaired 'gs://dtc_data_lake_de-stack-overflow/BigQuery/badges-2014-09/_temporary/0/task_202204060058016690475928354646770_0003_m_000001/' directory.
[2022-04-06 00:58:22,065] {spark_submit.py:488} INFO - 22/04/06 00:58:22 INFO GoogleCloudStorageFileSystem: Successfully repaired 'gs://dtc_data_lake_de-stack-overflow/BigQuery/badges-2014-09/_temporary/0/task_202204060058017800146572742562631_0003_m_000000/' directory.
[2022-04-06 00:58:22,378] {spark_submit.py:488} INFO - 22/04/06 00:58:22 INFO GoogleCloudStorageFileSystem: Successfully repaired 'gs://dtc_data_lake_de-stack-overflow/BigQuery/badges-2014-09/' directory.
[2022-04-06 00:58:23,190] {spark_submit.py:488} INFO - 22/04/06 00:58:23 INFO FileFormatWriter: Write Job aa46373a-9a18-4a84-97f4-d8d1b6a67c8d committed. Elapsed time: 2969 ms.
[2022-04-06 00:58:23,258] {spark_submit.py:488} INFO - 22/04/06 00:58:23 INFO FileFormatWriter: Finished processing stats for write job aa46373a-9a18-4a84-97f4-d8d1b6a67c8d.
[2022-04-06 00:58:23,791] {spark_submit.py:488} INFO - 22/04/06 00:58:23 INFO BlockManagerInfo: Removed broadcast_3_piece0 on 9fe4286b2855:40807 in memory (size: 72.3 KiB, free: 434.4 MiB)
[2022-04-06 00:58:24,778] {spark_submit.py:488} INFO - 22/04/06 00:58:24 INFO SparkContext: Invoking stop() from shutdown hook
[2022-04-06 00:58:24,885] {spark_submit.py:488} INFO - 22/04/06 00:58:24 INFO SparkUI: Stopped Spark web UI at http://9fe4286b2855:4041
[2022-04-06 00:58:25,213] {spark_submit.py:488} INFO - 22/04/06 00:58:25 INFO MapOutputTrackerMasterEndpoint: MapOutputTrackerMasterEndpoint stopped!
[2022-04-06 00:58:25,659] {spark_submit.py:488} INFO - 22/04/06 00:58:25 INFO MemoryStore: MemoryStore cleared
[2022-04-06 00:58:25,660] {spark_submit.py:488} INFO - 22/04/06 00:58:25 INFO BlockManager: BlockManager stopped
[2022-04-06 00:58:25,660] {spark_submit.py:488} INFO - 22/04/06 00:58:25 INFO BlockManagerMaster: BlockManagerMaster stopped
[2022-04-06 00:58:25,660] {spark_submit.py:488} INFO - 22/04/06 00:58:25 INFO OutputCommitCoordinator$OutputCommitCoordinatorEndpoint: OutputCommitCoordinator stopped!
[2022-04-06 00:58:25,972] {spark_submit.py:488} INFO - 22/04/06 00:58:25 INFO SparkContext: Successfully stopped SparkContext
[2022-04-06 00:58:25,972] {spark_submit.py:488} INFO - 22/04/06 00:58:25 INFO ShutdownHookManager: Shutdown hook called
[2022-04-06 00:58:25,973] {spark_submit.py:488} INFO - 22/04/06 00:58:25 INFO ShutdownHookManager: Deleting directory /tmp/spark-9b721b86-ec22-4025-a098-33a92465f9bf
[2022-04-06 00:58:25,985] {spark_submit.py:488} INFO - 22/04/06 00:58:25 INFO ShutdownHookManager: Deleting directory /tmp/spark-9b721b86-ec22-4025-a098-33a92465f9bf/pyspark-f4875e5f-6c8c-4e41-b119-daa35b8aec68
[2022-04-06 00:58:26,038] {spark_submit.py:488} INFO - 22/04/06 00:58:26 INFO ShutdownHookManager: Deleting directory /tmp/spark-e508651d-9892-4277-81fa-28313f3edd03
[2022-04-06 00:58:27,438] {taskinstance.py:1288} INFO - Marking task as SUCCESS. dag_id=IngestToGCP, task_id=processing_tasks_badges.spark_job, execution_date=20140901T000000, start_date=20220406T005408, end_date=20220406T005827
[2022-04-06 00:58:27,812] {local_task_job.py:154} INFO - Task exited with return code 0
[2022-04-06 00:58:27,899] {local_task_job.py:264} INFO - 1 downstream tasks scheduled from follow-on schedule check
