[2022-04-05 22:33:31,585] {taskinstance.py:1043} INFO - Dependencies all met for <TaskInstance: IngestToGCP.processing_tasks_users.remove_users_csv scheduled__2008-07-01T00:00:00+00:00 [queued]>
[2022-04-05 22:33:31,605] {taskinstance.py:1043} INFO - Dependencies all met for <TaskInstance: IngestToGCP.processing_tasks_users.remove_users_csv scheduled__2008-07-01T00:00:00+00:00 [queued]>
[2022-04-05 22:33:31,605] {taskinstance.py:1249} INFO - 
--------------------------------------------------------------------------------
[2022-04-05 22:33:31,605] {taskinstance.py:1250} INFO - Starting attempt 2 of 2
[2022-04-05 22:33:31,605] {taskinstance.py:1251} INFO - 
--------------------------------------------------------------------------------
[2022-04-05 22:33:31,633] {taskinstance.py:1270} INFO - Executing <Task(BashOperator): processing_tasks_users.remove_users_csv> on 2008-07-01 00:00:00+00:00
[2022-04-05 22:33:31,662] {standard_task_runner.py:52} INFO - Started process 4895 to run task
[2022-04-05 22:33:31,703] {standard_task_runner.py:79} INFO - Running: ['***', 'tasks', 'run', 'IngestToGCP', 'processing_tasks_users.remove_users_csv', 'scheduled__2008-07-01T00:00:00+00:00', '--job-id', '8418', '--raw', '--subdir', 'DAGS_FOLDER/ingest_dag.py', '--cfg-path', '/tmp/tmp51a2fm58', '--error-file', '/tmp/tmpx9bjnt4a']
[2022-04-05 22:33:31,709] {standard_task_runner.py:80} INFO - Job 8418: Subtask processing_tasks_users.remove_users_csv
[2022-04-05 22:33:32,105] {logging_mixin.py:109} INFO - Running <TaskInstance: IngestToGCP.processing_tasks_users.remove_users_csv scheduled__2008-07-01T00:00:00+00:00 [running]> on host 9fe4286b2855
[2022-04-05 22:33:32,297] {logging_mixin.py:109} WARNING - /home/***/.local/lib/python3.7/site-packages/***/utils/context.py:156 AirflowContextDeprecationWarning: Accessing 'execution_date' from the template is deprecated and will be removed in a future version. Please use 'data_interval_start' or 'logical_date' instead.
[2022-04-05 22:33:32,354] {taskinstance.py:1448} INFO - Exporting the following env vars:
AIRFLOW_CTX_DAG_OWNER=***
AIRFLOW_CTX_DAG_ID=IngestToGCP
AIRFLOW_CTX_TASK_ID=processing_tasks_users.remove_users_csv
AIRFLOW_CTX_EXECUTION_DATE=2008-07-01T00:00:00+00:00
AIRFLOW_CTX_DAG_RUN_ID=scheduled__2008-07-01T00:00:00+00:00
[2022-04-05 22:33:32,355] {subprocess.py:62} INFO - Tmp dir root location: 
 /tmp
[2022-04-05 22:33:32,356] {subprocess.py:74} INFO - Running command: ['bash', '-c', 'rm /opt/***/users-2008-07.csv']
[2022-04-05 22:33:32,468] {subprocess.py:85} INFO - Output:
[2022-04-05 22:33:32,476] {subprocess.py:93} INFO - Command exited with return code 0
[2022-04-05 22:33:32,547] {taskinstance.py:1288} INFO - Marking task as SUCCESS. dag_id=IngestToGCP, task_id=processing_tasks_users.remove_users_csv, execution_date=20080701T000000, start_date=20220405T223331, end_date=20220405T223332
[2022-04-05 22:33:32,712] {local_task_job.py:154} INFO - Task exited with return code 0
[2022-04-05 22:33:32,894] {local_task_job.py:264} INFO - 1 downstream tasks scheduled from follow-on schedule check
