[2022-04-05 23:33:16,817] {taskinstance.py:1043} INFO - Dependencies all met for <TaskInstance: IngestToGCP.processing_tasks_users.ingest_users_to_bucket scheduled__2011-08-01T00:00:00+00:00 [queued]>
[2022-04-05 23:33:16,938] {taskinstance.py:1043} INFO - Dependencies all met for <TaskInstance: IngestToGCP.processing_tasks_users.ingest_users_to_bucket scheduled__2011-08-01T00:00:00+00:00 [queued]>
[2022-04-05 23:33:16,938] {taskinstance.py:1249} INFO - 
--------------------------------------------------------------------------------
[2022-04-05 23:33:16,939] {taskinstance.py:1250} INFO - Starting attempt 1 of 1
[2022-04-05 23:33:16,939] {taskinstance.py:1251} INFO - 
--------------------------------------------------------------------------------
[2022-04-05 23:33:17,044] {taskinstance.py:1270} INFO - Executing <Task(PythonOperator): processing_tasks_users.ingest_users_to_bucket> on 2011-08-01 00:00:00+00:00
[2022-04-05 23:33:17,083] {standard_task_runner.py:52} INFO - Started process 53420 to run task
[2022-04-05 23:33:17,133] {standard_task_runner.py:79} INFO - Running: ['***', 'tasks', 'run', 'IngestToGCP', 'processing_tasks_users.ingest_users_to_bucket', 'scheduled__2011-08-01T00:00:00+00:00', '--job-id', '9223', '--raw', '--subdir', 'DAGS_FOLDER/ingest_dag.py', '--cfg-path', '/tmp/tmpqyzbk7cp', '--error-file', '/tmp/tmp_hjfd5xq']
[2022-04-05 23:33:17,134] {standard_task_runner.py:80} INFO - Job 9223: Subtask processing_tasks_users.ingest_users_to_bucket
[2022-04-05 23:33:17,625] {logging_mixin.py:109} INFO - Running <TaskInstance: IngestToGCP.processing_tasks_users.ingest_users_to_bucket scheduled__2011-08-01T00:00:00+00:00 [running]> on host 9fe4286b2855
[2022-04-05 23:33:18,378] {logging_mixin.py:109} WARNING - /home/***/.local/lib/python3.7/site-packages/***/utils/context.py:156 AirflowContextDeprecationWarning: Accessing 'execution_date' from the template is deprecated and will be removed in a future version. Please use 'data_interval_start' or 'logical_date' instead.
[2022-04-05 23:33:18,622] {taskinstance.py:1448} INFO - Exporting the following env vars:
AIRFLOW_CTX_DAG_OWNER=***
AIRFLOW_CTX_DAG_ID=IngestToGCP
AIRFLOW_CTX_TASK_ID=processing_tasks_users.ingest_users_to_bucket
AIRFLOW_CTX_EXECUTION_DATE=2011-08-01T00:00:00+00:00
AIRFLOW_CTX_DAG_RUN_ID=scheduled__2011-08-01T00:00:00+00:00
[2022-04-05 23:33:19,547] {python.py:175} INFO - Done. Returned value was: None
[2022-04-05 23:33:19,573] {taskinstance.py:1288} INFO - Marking task as SUCCESS. dag_id=IngestToGCP, task_id=processing_tasks_users.ingest_users_to_bucket, execution_date=20110801T000000, start_date=20220405T233316, end_date=20220405T233319
[2022-04-05 23:33:19,756] {local_task_job.py:154} INFO - Task exited with return code 0
[2022-04-05 23:33:21,405] {local_task_job.py:264} INFO - 0 downstream tasks scheduled from follow-on schedule check
