[2022-04-06 00:09:14,157] {taskinstance.py:1043} INFO - Dependencies all met for <TaskInstance: IngestToGCP.processing_tasks_posts_answers.spark_job scheduled__2012-12-01T00:00:00+00:00 [queued]>
[2022-04-06 00:09:14,184] {taskinstance.py:1043} INFO - Dependencies all met for <TaskInstance: IngestToGCP.processing_tasks_posts_answers.spark_job scheduled__2012-12-01T00:00:00+00:00 [queued]>
[2022-04-06 00:09:14,185] {taskinstance.py:1249} INFO - 
--------------------------------------------------------------------------------
[2022-04-06 00:09:14,185] {taskinstance.py:1250} INFO - Starting attempt 1 of 1
[2022-04-06 00:09:14,185] {taskinstance.py:1251} INFO - 
--------------------------------------------------------------------------------
[2022-04-06 00:09:14,290] {taskinstance.py:1270} INFO - Executing <Task(SparkSubmitOperator): processing_tasks_posts_answers.spark_job> on 2012-12-01 00:00:00+00:00
[2022-04-06 00:09:14,376] {standard_task_runner.py:52} INFO - Started process 78667 to run task
[2022-04-06 00:09:14,449] {standard_task_runner.py:79} INFO - Running: ['***', 'tasks', 'run', 'IngestToGCP', 'processing_tasks_posts_answers.spark_job', 'scheduled__2012-12-01T00:00:00+00:00', '--job-id', '9623', '--raw', '--subdir', 'DAGS_FOLDER/ingest_dag.py', '--cfg-path', '/tmp/tmpjdghzg4v', '--error-file', '/tmp/tmptkqi9isj']
[2022-04-06 00:09:14,450] {standard_task_runner.py:80} INFO - Job 9623: Subtask processing_tasks_posts_answers.spark_job
[2022-04-06 00:09:15,648] {logging_mixin.py:109} INFO - Running <TaskInstance: IngestToGCP.processing_tasks_posts_answers.spark_job scheduled__2012-12-01T00:00:00+00:00 [running]> on host 9fe4286b2855
[2022-04-06 00:09:16,608] {logging_mixin.py:109} WARNING - /home/***/.local/lib/python3.7/site-packages/***/utils/context.py:156 AirflowContextDeprecationWarning: Accessing 'execution_date' from the template is deprecated and will be removed in a future version. Please use 'data_interval_start' or 'logical_date' instead.
[2022-04-06 00:09:16,747] {taskinstance.py:1448} INFO - Exporting the following env vars:
AIRFLOW_CTX_DAG_OWNER=***
AIRFLOW_CTX_DAG_ID=IngestToGCP
AIRFLOW_CTX_TASK_ID=processing_tasks_posts_answers.spark_job
AIRFLOW_CTX_EXECUTION_DATE=2012-12-01T00:00:00+00:00
AIRFLOW_CTX_DAG_RUN_ID=scheduled__2012-12-01T00:00:00+00:00
[2022-04-06 00:09:16,928] {base.py:79} INFO - Using connection to: id: spark_project. Host: spark://spark, Port: 7077, Schema: , Login: , Password: None, extra: {'queue': 'root.default'}
[2022-04-06 00:09:16,930] {spark_submit.py:335} INFO - Spark-Submit cmd: spark-submit --master spark://spark:7077 --conf spark.master=local[*] --name format_schema --verbose --queue root.default ./dags/pyspark_parquet_transformation.py posts_answers 2012-12
[2022-04-06 00:09:38,737] {spark_submit.py:488} INFO - Using properties file: null
[2022-04-06 00:09:40,314] {spark_submit.py:488} INFO - WARNING: An illegal reflective access operation has occurred
[2022-04-06 00:09:40,314] {spark_submit.py:488} INFO - WARNING: Illegal reflective access by org.apache.spark.unsafe.Platform (file:/opt/***/spark/spark-3.2.1-bin-hadoop3.2/jars/spark-unsafe_2.12-3.2.1.jar) to constructor java.nio.DirectByteBuffer(long,int)
[2022-04-06 00:09:40,314] {spark_submit.py:488} INFO - WARNING: Please consider reporting this to the maintainers of org.apache.spark.unsafe.Platform
[2022-04-06 00:09:40,314] {spark_submit.py:488} INFO - WARNING: Use --illegal-access=warn to enable warnings of further illegal reflective access operations
[2022-04-06 00:09:40,314] {spark_submit.py:488} INFO - WARNING: All illegal access operations will be denied in a future release
[2022-04-06 00:09:41,470] {spark_submit.py:488} INFO - Parsed arguments:
[2022-04-06 00:09:41,471] {spark_submit.py:488} INFO - master                  spark://spark:7077
[2022-04-06 00:09:41,471] {spark_submit.py:488} INFO - deployMode              null
[2022-04-06 00:09:41,471] {spark_submit.py:488} INFO - executorMemory          null
[2022-04-06 00:09:41,471] {spark_submit.py:488} INFO - executorCores           null
[2022-04-06 00:09:41,471] {spark_submit.py:488} INFO - totalExecutorCores      null
[2022-04-06 00:09:41,471] {spark_submit.py:488} INFO - propertiesFile          null
[2022-04-06 00:09:41,471] {spark_submit.py:488} INFO - driverMemory            null
[2022-04-06 00:09:41,471] {spark_submit.py:488} INFO - driverCores             null
[2022-04-06 00:09:41,471] {spark_submit.py:488} INFO - driverExtraClassPath    null
[2022-04-06 00:09:41,471] {spark_submit.py:488} INFO - driverExtraLibraryPath  null
[2022-04-06 00:09:41,471] {spark_submit.py:488} INFO - driverExtraJavaOptions  null
[2022-04-06 00:09:41,471] {spark_submit.py:488} INFO - supervise               false
[2022-04-06 00:09:41,472] {spark_submit.py:488} INFO - queue                   root.default
[2022-04-06 00:09:41,472] {spark_submit.py:488} INFO - numExecutors            null
[2022-04-06 00:09:41,472] {spark_submit.py:488} INFO - files                   null
[2022-04-06 00:09:41,472] {spark_submit.py:488} INFO - pyFiles                 null
[2022-04-06 00:09:41,472] {spark_submit.py:488} INFO - archives                null
[2022-04-06 00:09:41,472] {spark_submit.py:488} INFO - mainClass               null
[2022-04-06 00:09:41,472] {spark_submit.py:488} INFO - primaryResource         file:/opt/***/dags/pyspark_parquet_transformation.py
[2022-04-06 00:09:41,472] {spark_submit.py:488} INFO - name                    format_schema
[2022-04-06 00:09:41,472] {spark_submit.py:488} INFO - childArgs               [posts_answers 2012-12]
[2022-04-06 00:09:41,472] {spark_submit.py:488} INFO - jars                    null
[2022-04-06 00:09:41,472] {spark_submit.py:488} INFO - packages                null
[2022-04-06 00:09:41,472] {spark_submit.py:488} INFO - packagesExclusions      null
[2022-04-06 00:09:41,473] {spark_submit.py:488} INFO - repositories            null
[2022-04-06 00:09:41,473] {spark_submit.py:488} INFO - verbose                 true
[2022-04-06 00:09:41,473] {spark_submit.py:488} INFO - 
[2022-04-06 00:09:41,473] {spark_submit.py:488} INFO - Spark properties used, including those specified through
[2022-04-06 00:09:41,473] {spark_submit.py:488} INFO - --conf and those from the properties file null:
[2022-04-06 00:09:41,473] {spark_submit.py:488} INFO - (spark.master,local[*])
[2022-04-06 00:09:41,473] {spark_submit.py:488} INFO - 
[2022-04-06 00:09:41,492] {spark_submit.py:488} INFO - 
[2022-04-06 00:09:46,981] {spark_submit.py:488} INFO - Main class:
[2022-04-06 00:09:46,982] {spark_submit.py:488} INFO - org.apache.spark.deploy.PythonRunner
[2022-04-06 00:09:46,983] {spark_submit.py:488} INFO - Arguments:
[2022-04-06 00:09:46,983] {spark_submit.py:488} INFO - file:/opt/***/dags/pyspark_parquet_transformation.py
[2022-04-06 00:09:46,983] {spark_submit.py:488} INFO - null
[2022-04-06 00:09:46,983] {spark_submit.py:488} INFO - posts_answers
[2022-04-06 00:09:46,983] {spark_submit.py:488} INFO - 2012-12
[2022-04-06 00:09:47,036] {spark_submit.py:488} INFO - Spark config:
[2022-04-06 00:09:47,036] {spark_submit.py:488} INFO - (spark.master,spark://spark:7077)
[2022-04-06 00:09:47,036] {spark_submit.py:488} INFO - (spark.submit.pyFiles,)
[2022-04-06 00:09:47,036] {spark_submit.py:488} INFO - (spark.submit.deployMode,client)
[2022-04-06 00:09:47,036] {spark_submit.py:488} INFO - (spark.app.name,format_schema)
[2022-04-06 00:09:47,038] {spark_submit.py:488} INFO - Classpath elements:
[2022-04-06 00:09:47,038] {spark_submit.py:488} INFO - 
[2022-04-06 00:09:47,039] {spark_submit.py:488} INFO - 
[2022-04-06 00:09:47,040] {spark_submit.py:488} INFO - 
[2022-04-06 00:09:59,601] {spark_submit.py:488} INFO - Using Spark's default log4j profile: org/apache/spark/log4j-defaults.properties
[2022-04-06 00:09:59,805] {spark_submit.py:488} INFO - 22/04/06 00:09:59 INFO SparkContext: Running Spark version 3.2.1
[2022-04-06 00:10:01,829] {spark_submit.py:488} INFO - 22/04/06 00:10:01 WARN NativeCodeLoader: Unable to load native-hadoop library for your platform... using builtin-java classes where applicable
[2022-04-06 00:10:04,356] {spark_submit.py:488} INFO - 22/04/06 00:10:04 INFO ResourceUtils: ==============================================================
[2022-04-06 00:10:04,381] {spark_submit.py:488} INFO - 22/04/06 00:10:04 INFO ResourceUtils: No custom resources configured for spark.driver.
[2022-04-06 00:10:04,382] {spark_submit.py:488} INFO - 22/04/06 00:10:04 INFO ResourceUtils: ==============================================================
[2022-04-06 00:10:04,382] {spark_submit.py:488} INFO - 22/04/06 00:10:04 INFO SparkContext: Submitted application: Modidy Schema
[2022-04-06 00:10:04,905] {spark_submit.py:488} INFO - 22/04/06 00:10:04 INFO ResourceProfile: Default ResourceProfile created, executor resources: Map(cores -> name: cores, amount: 1, script: , vendor: , memory -> name: memory, amount: 1024, script: , vendor: , offHeap -> name: offHeap, amount: 0, script: , vendor: ), task resources: Map(cpus -> name: cpus, amount: 1.0)
[2022-04-06 00:10:05,182] {spark_submit.py:488} INFO - 22/04/06 00:10:05 INFO ResourceProfile: Limiting resource is cpu
[2022-04-06 00:10:05,183] {spark_submit.py:488} INFO - 22/04/06 00:10:05 INFO ResourceProfileManager: Added ResourceProfile id: 0
[2022-04-06 00:10:06,204] {spark_submit.py:488} INFO - 22/04/06 00:10:06 INFO SecurityManager: Changing view acls to: default
[2022-04-06 00:10:06,204] {spark_submit.py:488} INFO - 22/04/06 00:10:06 INFO SecurityManager: Changing modify acls to: default
[2022-04-06 00:10:06,225] {spark_submit.py:488} INFO - 22/04/06 00:10:06 INFO SecurityManager: Changing view acls groups to:
[2022-04-06 00:10:06,228] {spark_submit.py:488} INFO - 22/04/06 00:10:06 INFO SecurityManager: Changing modify acls groups to:
[2022-04-06 00:10:06,232] {spark_submit.py:488} INFO - 22/04/06 00:10:06 INFO SecurityManager: SecurityManager: authentication disabled; ui acls disabled; users  with view permissions: Set(default); groups with view permissions: Set(); users  with modify permissions: Set(default); groups with modify permissions: Set()
[2022-04-06 00:10:11,552] {spark_submit.py:488} INFO - 22/04/06 00:10:11 INFO Utils: Successfully started service 'sparkDriver' on port 37553.
[2022-04-06 00:10:12,041] {spark_submit.py:488} INFO - 22/04/06 00:10:12 INFO SparkEnv: Registering MapOutputTracker
[2022-04-06 00:10:12,288] {spark_submit.py:488} INFO - 22/04/06 00:10:12 INFO SparkEnv: Registering BlockManagerMaster
[2022-04-06 00:10:12,484] {spark_submit.py:488} INFO - 22/04/06 00:10:12 INFO BlockManagerMasterEndpoint: Using org.apache.spark.storage.DefaultTopologyMapper for getting topology information
[2022-04-06 00:10:12,496] {spark_submit.py:488} INFO - 22/04/06 00:10:12 INFO BlockManagerMasterEndpoint: BlockManagerMasterEndpoint up
[2022-04-06 00:10:12,579] {spark_submit.py:488} INFO - 22/04/06 00:10:12 INFO SparkEnv: Registering BlockManagerMasterHeartbeat
[2022-04-06 00:10:12,856] {spark_submit.py:488} INFO - 22/04/06 00:10:12 INFO DiskBlockManager: Created local directory at /tmp/blockmgr-a64f381e-ca88-4008-98af-002151390e0c
[2022-04-06 00:10:13,188] {spark_submit.py:488} INFO - 22/04/06 00:10:13 INFO MemoryStore: MemoryStore started with capacity 434.4 MiB
[2022-04-06 00:10:13,371] {spark_submit.py:488} INFO - 22/04/06 00:10:13 INFO SparkEnv: Registering OutputCommitCoordinator
[2022-04-06 00:10:16,798] {spark_submit.py:488} INFO - 22/04/06 00:10:16 WARN Utils: Service 'SparkUI' could not bind on port 4040. Attempting port 4041.
[2022-04-06 00:10:16,828] {spark_submit.py:488} INFO - 22/04/06 00:10:16 WARN Utils: Service 'SparkUI' could not bind on port 4041. Attempting port 4042.
[2022-04-06 00:10:16,829] {spark_submit.py:488} INFO - 22/04/06 00:10:16 WARN Utils: Service 'SparkUI' could not bind on port 4042. Attempting port 4043.
[2022-04-06 00:10:16,829] {spark_submit.py:488} INFO - 22/04/06 00:10:16 WARN Utils: Service 'SparkUI' could not bind on port 4043. Attempting port 4044.
[2022-04-06 00:10:16,831] {spark_submit.py:488} INFO - 22/04/06 00:10:16 WARN Utils: Service 'SparkUI' could not bind on port 4044. Attempting port 4045.
[2022-04-06 00:10:17,056] {spark_submit.py:488} INFO - 22/04/06 00:10:17 INFO Utils: Successfully started service 'SparkUI' on port 4045.
[2022-04-06 00:10:18,380] {spark_submit.py:488} INFO - 22/04/06 00:10:18 INFO SparkUI: Bound SparkUI to 0.0.0.0, and started at http://9fe4286b2855:4045
[2022-04-06 00:10:28,707] {spark_submit.py:488} INFO - 22/04/06 00:10:28 INFO Executor: Starting executor ID driver on host 9fe4286b2855
[2022-04-06 00:10:31,346] {spark_submit.py:488} INFO - 22/04/06 00:10:31 INFO Utils: Successfully started service 'org.apache.spark.network.netty.NettyBlockTransferService' on port 36957.
[2022-04-06 00:10:31,348] {spark_submit.py:488} INFO - 22/04/06 00:10:31 INFO NettyBlockTransferService: Server created on 9fe4286b2855:36957
[2022-04-06 00:10:31,351] {spark_submit.py:488} INFO - 22/04/06 00:10:31 INFO BlockManager: Using org.apache.spark.storage.RandomBlockReplicationPolicy for block replication policy
[2022-04-06 00:10:31,536] {spark_submit.py:488} INFO - 22/04/06 00:10:31 INFO BlockManagerMaster: Registering BlockManager BlockManagerId(driver, 9fe4286b2855, 36957, None)
[2022-04-06 00:10:31,709] {spark_submit.py:488} INFO - 22/04/06 00:10:31 INFO BlockManagerMasterEndpoint: Registering block manager 9fe4286b2855:36957 with 434.4 MiB RAM, BlockManagerId(driver, 9fe4286b2855, 36957, None)
[2022-04-06 00:10:31,741] {spark_submit.py:488} INFO - 22/04/06 00:10:31 INFO BlockManagerMaster: Registered BlockManager BlockManagerId(driver, 9fe4286b2855, 36957, None)
[2022-04-06 00:10:31,749] {spark_submit.py:488} INFO - 22/04/06 00:10:31 INFO BlockManager: Initialized BlockManager: BlockManagerId(driver, 9fe4286b2855, 36957, None)
[2022-04-06 00:10:41,623] {spark_submit.py:488} INFO - 22/04/06 00:10:41 INFO SharedState: Setting hive.metastore.warehouse.dir ('null') to the value of spark.sql.warehouse.dir.
[2022-04-06 00:10:41,985] {spark_submit.py:488} INFO - 22/04/06 00:10:41 INFO SharedState: Warehouse path is 'file:/opt/***/spark-warehouse'.
[2022-04-06 00:11:08,596] {spark_submit.py:488} INFO - 22/04/06 00:11:08 INFO InMemoryFileIndex: It took 1470 ms to list leaf files for 1 paths.
[2022-04-06 00:11:19,442] {spark_submit.py:488} INFO - 22/04/06 00:11:19 INFO SparkContext: Starting job: parquet at NativeMethodAccessorImpl.java:0
[2022-04-06 00:11:19,784] {spark_submit.py:488} INFO - 22/04/06 00:11:19 INFO DAGScheduler: Got job 0 (parquet at NativeMethodAccessorImpl.java:0) with 1 output partitions
[2022-04-06 00:11:19,784] {spark_submit.py:488} INFO - 22/04/06 00:11:19 INFO DAGScheduler: Final stage: ResultStage 0 (parquet at NativeMethodAccessorImpl.java:0)
[2022-04-06 00:11:19,784] {spark_submit.py:488} INFO - 22/04/06 00:11:19 INFO DAGScheduler: Parents of final stage: List()
[2022-04-06 00:11:19,820] {spark_submit.py:488} INFO - 22/04/06 00:11:19 INFO DAGScheduler: Missing parents: List()
[2022-04-06 00:11:19,932] {spark_submit.py:488} INFO - 22/04/06 00:11:19 INFO DAGScheduler: Submitting ResultStage 0 (MapPartitionsRDD[1] at parquet at NativeMethodAccessorImpl.java:0), which has no missing parents
[2022-04-06 00:11:21,454] {spark_submit.py:488} INFO - 22/04/06 00:11:21 INFO MemoryStore: Block broadcast_0 stored as values in memory (estimated size 100.1 KiB, free 434.3 MiB)
[2022-04-06 00:11:22,248] {spark_submit.py:488} INFO - 22/04/06 00:11:22 INFO MemoryStore: Block broadcast_0_piece0 stored as bytes in memory (estimated size 35.7 KiB, free 434.3 MiB)
[2022-04-06 00:11:22,284] {spark_submit.py:488} INFO - 22/04/06 00:11:22 INFO BlockManagerInfo: Added broadcast_0_piece0 in memory on 9fe4286b2855:36957 (size: 35.7 KiB, free: 434.4 MiB)
[2022-04-06 00:11:22,370] {spark_submit.py:488} INFO - 22/04/06 00:11:22 INFO SparkContext: Created broadcast 0 from broadcast at DAGScheduler.scala:1478
[2022-04-06 00:11:22,796] {spark_submit.py:488} INFO - 22/04/06 00:11:22 INFO DAGScheduler: Submitting 1 missing tasks from ResultStage 0 (MapPartitionsRDD[1] at parquet at NativeMethodAccessorImpl.java:0) (first 15 tasks are for partitions Vector(0))
[2022-04-06 00:11:22,802] {spark_submit.py:488} INFO - 22/04/06 00:11:22 INFO TaskSchedulerImpl: Adding task set 0.0 with 1 tasks resource profile 0
[2022-04-06 00:11:23,971] {spark_submit.py:488} INFO - 22/04/06 00:11:23 INFO TaskSetManager: Starting task 0.0 in stage 0.0 (TID 0) (9fe4286b2855, executor driver, partition 0, PROCESS_LOCAL, 4622 bytes) taskResourceAssignments Map()
[2022-04-06 00:11:24,348] {spark_submit.py:488} INFO - 22/04/06 00:11:24 INFO Executor: Running task 0.0 in stage 0.0 (TID 0)
[2022-04-06 00:11:35,155] {spark_submit.py:488} INFO - 22/04/06 00:11:35 INFO Executor: Finished task 0.0 in stage 0.0 (TID 0). 2409 bytes result sent to driver
[2022-04-06 00:11:35,324] {spark_submit.py:488} INFO - 22/04/06 00:11:35 INFO TaskSetManager: Finished task 0.0 in stage 0.0 (TID 0) in 11693 ms on 9fe4286b2855 (executor driver) (1/1)
[2022-04-06 00:11:35,364] {spark_submit.py:488} INFO - 22/04/06 00:11:35 INFO TaskSchedulerImpl: Removed TaskSet 0.0, whose tasks have all completed, from pool
[2022-04-06 00:11:35,376] {spark_submit.py:488} INFO - 22/04/06 00:11:35 INFO DAGScheduler: ResultStage 0 (parquet at NativeMethodAccessorImpl.java:0) finished in 15.236 s
[2022-04-06 00:11:35,382] {spark_submit.py:488} INFO - 22/04/06 00:11:35 INFO DAGScheduler: Job 0 is finished. Cancelling potential speculative or zombie tasks for this job
[2022-04-06 00:11:35,432] {spark_submit.py:488} INFO - 22/04/06 00:11:35 INFO TaskSchedulerImpl: Killing all running tasks in stage 0: Stage finished
[2022-04-06 00:11:35,472] {spark_submit.py:488} INFO - 22/04/06 00:11:35 INFO DAGScheduler: Job 0 finished: parquet at NativeMethodAccessorImpl.java:0, took 15.992757 s
[2022-04-06 00:11:36,401] {spark_submit.py:488} INFO - 22/04/06 00:11:36 INFO BlockManagerInfo: Removed broadcast_0_piece0 on 9fe4286b2855:36957 in memory (size: 35.7 KiB, free: 434.4 MiB)
[2022-04-06 00:12:40,959] {spark_submit.py:488} INFO - 22/04/06 00:12:40 INFO FileSourceStrategy: Pushed Filters:
[2022-04-06 00:12:40,960] {spark_submit.py:488} INFO - 22/04/06 00:12:40 INFO FileSourceStrategy: Post-Scan Filters:
[2022-04-06 00:12:41,032] {spark_submit.py:488} INFO - 22/04/06 00:12:41 INFO FileSourceStrategy: Output Data Schema: struct<id: bigint, title: double, body: string, accepted_answer_id: double, answer_count: double ... 19 more fields>
[2022-04-06 00:12:44,672] {spark_submit.py:488} INFO - 22/04/06 00:12:44 INFO ParquetFileFormat: Using default output committer for Parquet: org.apache.parquet.hadoop.ParquetOutputCommitter
[2022-04-06 00:12:45,262] {spark_submit.py:488} INFO - 22/04/06 00:12:45 INFO FileOutputCommitter: File Output Committer Algorithm version is 1
[2022-04-06 00:12:45,263] {spark_submit.py:488} INFO - 22/04/06 00:12:45 INFO FileOutputCommitter: FileOutputCommitter skip cleanup _temporary folders under output directory:false, ignore cleanup failures: false
[2022-04-06 00:12:45,268] {spark_submit.py:488} INFO - 22/04/06 00:12:45 INFO SQLHadoopMapReduceCommitProtocol: Using user defined output committer class org.apache.parquet.hadoop.ParquetOutputCommitter
[2022-04-06 00:12:45,269] {spark_submit.py:488} INFO - 22/04/06 00:12:45 INFO FileOutputCommitter: File Output Committer Algorithm version is 1
[2022-04-06 00:12:45,269] {spark_submit.py:488} INFO - 22/04/06 00:12:45 INFO FileOutputCommitter: FileOutputCommitter skip cleanup _temporary folders under output directory:false, ignore cleanup failures: false
[2022-04-06 00:12:45,270] {spark_submit.py:488} INFO - 22/04/06 00:12:45 INFO SQLHadoopMapReduceCommitProtocol: Using output committer class org.apache.parquet.hadoop.ParquetOutputCommitter
[2022-04-06 00:12:53,294] {spark_submit.py:488} INFO - 22/04/06 00:12:53 INFO CodeGenerator: Code generated in 4852.644503 ms
[2022-04-06 00:12:53,646] {spark_submit.py:488} INFO - 22/04/06 00:12:53 INFO MemoryStore: Block broadcast_1 stored as values in memory (estimated size 194.3 KiB, free 434.2 MiB)
[2022-04-06 00:12:53,863] {spark_submit.py:488} INFO - 22/04/06 00:12:53 INFO MemoryStore: Block broadcast_1_piece0 stored as bytes in memory (estimated size 34.3 KiB, free 434.2 MiB)
[2022-04-06 00:12:53,865] {spark_submit.py:488} INFO - 22/04/06 00:12:53 INFO BlockManagerInfo: Added broadcast_1_piece0 in memory on 9fe4286b2855:36957 (size: 34.3 KiB, free: 434.4 MiB)
[2022-04-06 00:12:53,946] {spark_submit.py:488} INFO - 22/04/06 00:12:53 INFO SparkContext: Created broadcast 1 from save at NativeMethodAccessorImpl.java:0
[2022-04-06 00:12:54,098] {spark_submit.py:488} INFO - 22/04/06 00:12:54 INFO FileSourceScanExec: Planning scan with bin packing, max size: 25980663 bytes, open cost is considered as scanning 4194304 bytes.
[2022-04-06 00:12:54,943] {spark_submit.py:488} INFO - 22/04/06 00:12:54 INFO DAGScheduler: Registering RDD 6 (save at NativeMethodAccessorImpl.java:0) as input to shuffle 0
[2022-04-06 00:12:54,984] {spark_submit.py:488} INFO - 22/04/06 00:12:54 INFO DAGScheduler: Got map stage job 1 (save at NativeMethodAccessorImpl.java:0) with 4 output partitions
[2022-04-06 00:12:54,985] {spark_submit.py:488} INFO - 22/04/06 00:12:54 INFO DAGScheduler: Final stage: ShuffleMapStage 1 (save at NativeMethodAccessorImpl.java:0)
[2022-04-06 00:12:54,986] {spark_submit.py:488} INFO - 22/04/06 00:12:54 INFO DAGScheduler: Parents of final stage: List()
[2022-04-06 00:12:54,990] {spark_submit.py:488} INFO - 22/04/06 00:12:54 INFO DAGScheduler: Missing parents: List()
[2022-04-06 00:12:55,084] {spark_submit.py:488} INFO - 22/04/06 00:12:55 INFO DAGScheduler: Submitting ShuffleMapStage 1 (MapPartitionsRDD[6] at save at NativeMethodAccessorImpl.java:0), which has no missing parents
[2022-04-06 00:12:55,902] {spark_submit.py:488} INFO - 22/04/06 00:12:55 INFO MemoryStore: Block broadcast_2 stored as values in memory (estimated size 32.6 KiB, free 434.1 MiB)
[2022-04-06 00:12:55,948] {spark_submit.py:488} INFO - 22/04/06 00:12:55 INFO MemoryStore: Block broadcast_2_piece0 stored as bytes in memory (estimated size 10.6 KiB, free 434.1 MiB)
[2022-04-06 00:12:55,950] {spark_submit.py:488} INFO - 22/04/06 00:12:55 INFO BlockManagerInfo: Added broadcast_2_piece0 in memory on 9fe4286b2855:36957 (size: 10.6 KiB, free: 434.4 MiB)
[2022-04-06 00:12:55,952] {spark_submit.py:488} INFO - 22/04/06 00:12:55 INFO SparkContext: Created broadcast 2 from broadcast at DAGScheduler.scala:1478
[2022-04-06 00:12:55,980] {spark_submit.py:488} INFO - 22/04/06 00:12:55 INFO DAGScheduler: Submitting 4 missing tasks from ShuffleMapStage 1 (MapPartitionsRDD[6] at save at NativeMethodAccessorImpl.java:0) (first 15 tasks are for partitions Vector(0, 1, 2, 3))
[2022-04-06 00:12:55,981] {spark_submit.py:488} INFO - 22/04/06 00:12:55 INFO TaskSchedulerImpl: Adding task set 1.0 with 4 tasks resource profile 0
[2022-04-06 00:12:56,025] {spark_submit.py:488} INFO - 22/04/06 00:12:56 INFO TaskSetManager: Starting task 0.0 in stage 1.0 (TID 1) (9fe4286b2855, executor driver, partition 0, PROCESS_LOCAL, 4888 bytes) taskResourceAssignments Map()
[2022-04-06 00:12:56,029] {spark_submit.py:488} INFO - 22/04/06 00:12:56 INFO TaskSetManager: Starting task 1.0 in stage 1.0 (TID 2) (9fe4286b2855, executor driver, partition 1, PROCESS_LOCAL, 4888 bytes) taskResourceAssignments Map()
[2022-04-06 00:12:56,029] {spark_submit.py:488} INFO - 22/04/06 00:12:56 INFO TaskSetManager: Starting task 2.0 in stage 1.0 (TID 3) (9fe4286b2855, executor driver, partition 2, PROCESS_LOCAL, 4888 bytes) taskResourceAssignments Map()
[2022-04-06 00:12:56,030] {spark_submit.py:488} INFO - 22/04/06 00:12:56 INFO TaskSetManager: Starting task 3.0 in stage 1.0 (TID 4) (9fe4286b2855, executor driver, partition 3, PROCESS_LOCAL, 4888 bytes) taskResourceAssignments Map()
[2022-04-06 00:12:56,115] {spark_submit.py:488} INFO - 22/04/06 00:12:56 INFO Executor: Running task 0.0 in stage 1.0 (TID 1)
[2022-04-06 00:12:56,157] {spark_submit.py:488} INFO - 22/04/06 00:12:56 INFO Executor: Running task 2.0 in stage 1.0 (TID 3)
[2022-04-06 00:12:56,160] {spark_submit.py:488} INFO - 22/04/06 00:12:56 INFO Executor: Running task 1.0 in stage 1.0 (TID 2)
[2022-04-06 00:12:56,260] {spark_submit.py:488} INFO - 22/04/06 00:12:56 INFO Executor: Running task 3.0 in stage 1.0 (TID 4)
[2022-04-06 00:12:57,297] {spark_submit.py:488} INFO - 22/04/06 00:12:57 INFO FileScanRDD: Reading File path: gs://dtc_data_lake_de-stack-overflow/parquet/posts_answers-2012-12.parquet, range: 51961326-77941989, partition values: [empty row]
[2022-04-06 00:12:57,304] {spark_submit.py:488} INFO - 22/04/06 00:12:57 INFO FileScanRDD: Reading File path: gs://dtc_data_lake_de-stack-overflow/parquet/posts_answers-2012-12.parquet, range: 77941989-99728350, partition values: [empty row]
[2022-04-06 00:12:57,342] {spark_submit.py:488} INFO - 22/04/06 00:12:57 INFO FileScanRDD: Reading File path: gs://dtc_data_lake_de-stack-overflow/parquet/posts_answers-2012-12.parquet, range: 25980663-51961326, partition values: [empty row]
[2022-04-06 00:12:57,345] {spark_submit.py:488} INFO - 22/04/06 00:12:57 INFO FileScanRDD: Reading File path: gs://dtc_data_lake_de-stack-overflow/parquet/posts_answers-2012-12.parquet, range: 0-25980663, partition values: [empty row]
[2022-04-06 00:13:01,131] {spark_submit.py:488} INFO - 22/04/06 00:13:01 INFO Executor: Finished task 2.0 in stage 1.0 (TID 3). 1857 bytes result sent to driver
[2022-04-06 00:13:01,142] {spark_submit.py:488} INFO - 22/04/06 00:13:01 INFO Executor: Finished task 3.0 in stage 1.0 (TID 4). 1900 bytes result sent to driver
[2022-04-06 00:13:01,142] {spark_submit.py:488} INFO - 22/04/06 00:13:01 INFO Executor: Finished task 0.0 in stage 1.0 (TID 1). 1900 bytes result sent to driver
[2022-04-06 00:13:01,193] {spark_submit.py:488} INFO - 22/04/06 00:13:01 INFO TaskSetManager: Finished task 0.0 in stage 1.0 (TID 1) in 5175 ms on 9fe4286b2855 (executor driver) (1/4)
[2022-04-06 00:13:01,289] {spark_submit.py:488} INFO - 22/04/06 00:13:01 INFO TaskSetManager: Finished task 3.0 in stage 1.0 (TID 4) in 5260 ms on 9fe4286b2855 (executor driver) (2/4)
[2022-04-06 00:13:01,292] {spark_submit.py:488} INFO - 22/04/06 00:13:01 INFO TaskSetManager: Finished task 2.0 in stage 1.0 (TID 3) in 5264 ms on 9fe4286b2855 (executor driver) (3/4)
[2022-04-06 00:13:14,282] {spark_submit.py:488} INFO - 22/04/06 00:13:14 INFO CodecPool: Got brand-new decompressor [.snappy]
[2022-04-06 00:14:16,418] {spark_submit.py:488} INFO - 22/04/06 00:14:16 INFO Executor: Finished task 1.0 in stage 1.0 (TID 2). 2029 bytes result sent to driver
[2022-04-06 00:14:16,421] {spark_submit.py:488} INFO - 22/04/06 00:14:16 INFO TaskSetManager: Finished task 1.0 in stage 1.0 (TID 2) in 80394 ms on 9fe4286b2855 (executor driver) (4/4)
[2022-04-06 00:14:16,422] {spark_submit.py:488} INFO - 22/04/06 00:14:16 INFO TaskSchedulerImpl: Removed TaskSet 1.0, whose tasks have all completed, from pool
[2022-04-06 00:14:16,424] {spark_submit.py:488} INFO - 22/04/06 00:14:16 INFO DAGScheduler: ShuffleMapStage 1 (save at NativeMethodAccessorImpl.java:0) finished in 81.280 s
[2022-04-06 00:14:16,424] {spark_submit.py:488} INFO - 22/04/06 00:14:16 INFO DAGScheduler: looking for newly runnable stages
[2022-04-06 00:14:16,425] {spark_submit.py:488} INFO - 22/04/06 00:14:16 INFO DAGScheduler: running: Set()
[2022-04-06 00:14:16,427] {spark_submit.py:488} INFO - 22/04/06 00:14:16 INFO DAGScheduler: waiting: Set()
[2022-04-06 00:14:16,427] {spark_submit.py:488} INFO - 22/04/06 00:14:16 INFO DAGScheduler: failed: Set()
[2022-04-06 00:14:17,416] {spark_submit.py:488} INFO - 22/04/06 00:14:17 INFO SparkContext: Starting job: save at NativeMethodAccessorImpl.java:0
[2022-04-06 00:14:17,421] {spark_submit.py:488} INFO - 22/04/06 00:14:17 INFO DAGScheduler: Got job 2 (save at NativeMethodAccessorImpl.java:0) with 4 output partitions
[2022-04-06 00:14:17,422] {spark_submit.py:488} INFO - 22/04/06 00:14:17 INFO DAGScheduler: Final stage: ResultStage 3 (save at NativeMethodAccessorImpl.java:0)
[2022-04-06 00:14:17,422] {spark_submit.py:488} INFO - 22/04/06 00:14:17 INFO DAGScheduler: Parents of final stage: List(ShuffleMapStage 2)
[2022-04-06 00:14:17,427] {spark_submit.py:488} INFO - 22/04/06 00:14:17 INFO DAGScheduler: Missing parents: List()
[2022-04-06 00:14:17,427] {spark_submit.py:488} INFO - 22/04/06 00:14:17 INFO DAGScheduler: Submitting ResultStage 3 (ShuffledRowRDD[7] at save at NativeMethodAccessorImpl.java:0), which has no missing parents
[2022-04-06 00:14:18,471] {spark_submit.py:488} INFO - 22/04/06 00:14:18 INFO MemoryStore: Block broadcast_3 stored as values in memory (estimated size 204.1 KiB, free 433.9 MiB)
[2022-04-06 00:14:18,511] {spark_submit.py:488} INFO - 22/04/06 00:14:18 INFO MemoryStore: Block broadcast_3_piece0 stored as bytes in memory (estimated size 72.9 KiB, free 433.9 MiB)
[2022-04-06 00:14:18,512] {spark_submit.py:488} INFO - 22/04/06 00:14:18 INFO BlockManagerInfo: Added broadcast_3_piece0 in memory on 9fe4286b2855:36957 (size: 72.9 KiB, free: 434.3 MiB)
[2022-04-06 00:14:18,561] {spark_submit.py:488} INFO - 22/04/06 00:14:18 INFO SparkContext: Created broadcast 3 from broadcast at DAGScheduler.scala:1478
[2022-04-06 00:14:18,562] {spark_submit.py:488} INFO - 22/04/06 00:14:18 INFO DAGScheduler: Submitting 4 missing tasks from ResultStage 3 (ShuffledRowRDD[7] at save at NativeMethodAccessorImpl.java:0) (first 15 tasks are for partitions Vector(0, 1, 2, 3))
[2022-04-06 00:14:18,562] {spark_submit.py:488} INFO - 22/04/06 00:14:18 INFO TaskSchedulerImpl: Adding task set 3.0 with 4 tasks resource profile 0
[2022-04-06 00:14:18,721] {spark_submit.py:488} INFO - 22/04/06 00:14:18 INFO TaskSetManager: Starting task 0.0 in stage 3.0 (TID 5) (9fe4286b2855, executor driver, partition 0, NODE_LOCAL, 4453 bytes) taskResourceAssignments Map()
[2022-04-06 00:14:18,722] {spark_submit.py:488} INFO - 22/04/06 00:14:18 INFO TaskSetManager: Starting task 1.0 in stage 3.0 (TID 6) (9fe4286b2855, executor driver, partition 1, NODE_LOCAL, 4453 bytes) taskResourceAssignments Map()
[2022-04-06 00:14:18,723] {spark_submit.py:488} INFO - 22/04/06 00:14:18 INFO TaskSetManager: Starting task 2.0 in stage 3.0 (TID 7) (9fe4286b2855, executor driver, partition 2, NODE_LOCAL, 4453 bytes) taskResourceAssignments Map()
[2022-04-06 00:14:18,724] {spark_submit.py:488} INFO - 22/04/06 00:14:18 INFO TaskSetManager: Starting task 3.0 in stage 3.0 (TID 8) (9fe4286b2855, executor driver, partition 3, NODE_LOCAL, 4453 bytes) taskResourceAssignments Map()
[2022-04-06 00:14:18,725] {spark_submit.py:488} INFO - 22/04/06 00:14:18 INFO Executor: Running task 0.0 in stage 3.0 (TID 5)
[2022-04-06 00:14:18,852] {spark_submit.py:488} INFO - 22/04/06 00:14:18 INFO Executor: Running task 1.0 in stage 3.0 (TID 6)
[2022-04-06 00:14:18,859] {spark_submit.py:488} INFO - 22/04/06 00:14:18 INFO Executor: Running task 2.0 in stage 3.0 (TID 7)
[2022-04-06 00:14:18,928] {spark_submit.py:488} INFO - 22/04/06 00:14:18 INFO Executor: Running task 3.0 in stage 3.0 (TID 8)
[2022-04-06 00:14:19,542] {spark_submit.py:488} INFO - 22/04/06 00:14:19 INFO ShuffleBlockFetcherIterator: Getting 1 (26.9 MiB) non-empty blocks including 1 (26.9 MiB) local and 0 (0.0 B) host-local and 0 (0.0 B) push-merged-local and 0 (0.0 B) remote blocks
[2022-04-06 00:14:19,564] {spark_submit.py:488} INFO - 22/04/06 00:14:19 INFO ShuffleBlockFetcherIterator: Getting 1 (26.9 MiB) non-empty blocks including 1 (26.9 MiB) local and 0 (0.0 B) host-local and 0 (0.0 B) push-merged-local and 0 (0.0 B) remote blocks
[2022-04-06 00:14:19,566] {spark_submit.py:488} INFO - 22/04/06 00:14:19 INFO ShuffleBlockFetcherIterator: Started 0 remote fetches in 83 ms
[2022-04-06 00:14:19,568] {spark_submit.py:488} INFO - 22/04/06 00:14:19 INFO ShuffleBlockFetcherIterator: Getting 1 (26.9 MiB) non-empty blocks including 1 (26.9 MiB) local and 0 (0.0 B) host-local and 0 (0.0 B) push-merged-local and 0 (0.0 B) remote blocks
[2022-04-06 00:14:19,569] {spark_submit.py:488} INFO - 22/04/06 00:14:19 INFO ShuffleBlockFetcherIterator: Started 0 remote fetches in 80 ms
[2022-04-06 00:14:19,575] {spark_submit.py:488} INFO - 22/04/06 00:14:19 INFO ShuffleBlockFetcherIterator: Getting 1 (26.9 MiB) non-empty blocks including 1 (26.9 MiB) local and 0 (0.0 B) host-local and 0 (0.0 B) push-merged-local and 0 (0.0 B) remote blocks
[2022-04-06 00:14:19,575] {spark_submit.py:488} INFO - 22/04/06 00:14:19 INFO ShuffleBlockFetcherIterator: Started 0 remote fetches in 100 ms
[2022-04-06 00:14:19,580] {spark_submit.py:488} INFO - 22/04/06 00:14:19 INFO ShuffleBlockFetcherIterator: Started 0 remote fetches in 100 ms
[2022-04-06 00:14:19,629] {spark_submit.py:488} INFO - 22/04/06 00:14:19 INFO FileOutputCommitter: File Output Committer Algorithm version is 1
[2022-04-06 00:14:19,629] {spark_submit.py:488} INFO - 22/04/06 00:14:19 INFO FileOutputCommitter: FileOutputCommitter skip cleanup _temporary folders under output directory:false, ignore cleanup failures: false
[2022-04-06 00:14:19,630] {spark_submit.py:488} INFO - 22/04/06 00:14:19 INFO SQLHadoopMapReduceCommitProtocol: Using user defined output committer class org.apache.parquet.hadoop.ParquetOutputCommitter
[2022-04-06 00:14:19,631] {spark_submit.py:488} INFO - 22/04/06 00:14:19 INFO FileOutputCommitter: File Output Committer Algorithm version is 1
[2022-04-06 00:14:19,631] {spark_submit.py:488} INFO - 22/04/06 00:14:19 INFO FileOutputCommitter: FileOutputCommitter skip cleanup _temporary folders under output directory:false, ignore cleanup failures: false
[2022-04-06 00:14:19,633] {spark_submit.py:488} INFO - 22/04/06 00:14:19 INFO SQLHadoopMapReduceCommitProtocol: Using output committer class org.apache.parquet.hadoop.ParquetOutputCommitter
[2022-04-06 00:14:19,640] {spark_submit.py:488} INFO - 22/04/06 00:14:19 INFO FileOutputCommitter: File Output Committer Algorithm version is 1
[2022-04-06 00:14:19,640] {spark_submit.py:488} INFO - 22/04/06 00:14:19 INFO FileOutputCommitter: FileOutputCommitter skip cleanup _temporary folders under output directory:false, ignore cleanup failures: false
[2022-04-06 00:14:19,644] {spark_submit.py:488} INFO - 22/04/06 00:14:19 INFO FileOutputCommitter: File Output Committer Algorithm version is 1
[2022-04-06 00:14:19,644] {spark_submit.py:488} INFO - 22/04/06 00:14:19 INFO FileOutputCommitter: FileOutputCommitter skip cleanup _temporary folders under output directory:false, ignore cleanup failures: false
[2022-04-06 00:14:19,646] {spark_submit.py:488} INFO - 22/04/06 00:14:19 INFO SQLHadoopMapReduceCommitProtocol: Using user defined output committer class org.apache.parquet.hadoop.ParquetOutputCommitter
[2022-04-06 00:14:19,654] {spark_submit.py:488} INFO - 22/04/06 00:14:19 INFO SQLHadoopMapReduceCommitProtocol: Using user defined output committer class org.apache.parquet.hadoop.ParquetOutputCommitter
[2022-04-06 00:14:19,654] {spark_submit.py:488} INFO - 22/04/06 00:14:19 INFO FileOutputCommitter: File Output Committer Algorithm version is 1
[2022-04-06 00:14:19,654] {spark_submit.py:488} INFO - 22/04/06 00:14:19 INFO FileOutputCommitter: FileOutputCommitter skip cleanup _temporary folders under output directory:false, ignore cleanup failures: false
[2022-04-06 00:14:19,654] {spark_submit.py:488} INFO - 22/04/06 00:14:19 INFO SQLHadoopMapReduceCommitProtocol: Using output committer class org.apache.parquet.hadoop.ParquetOutputCommitter
[2022-04-06 00:14:19,656] {spark_submit.py:488} INFO - 22/04/06 00:14:19 INFO FileOutputCommitter: File Output Committer Algorithm version is 1
[2022-04-06 00:14:19,657] {spark_submit.py:488} INFO - 22/04/06 00:14:19 INFO FileOutputCommitter: FileOutputCommitter skip cleanup _temporary folders under output directory:false, ignore cleanup failures: false
[2022-04-06 00:14:19,658] {spark_submit.py:488} INFO - 22/04/06 00:14:19 INFO SQLHadoopMapReduceCommitProtocol: Using user defined output committer class org.apache.parquet.hadoop.ParquetOutputCommitter
[2022-04-06 00:14:19,659] {spark_submit.py:488} INFO - 22/04/06 00:14:19 INFO FileOutputCommitter: File Output Committer Algorithm version is 1
[2022-04-06 00:14:19,659] {spark_submit.py:488} INFO - 22/04/06 00:14:19 INFO FileOutputCommitter: FileOutputCommitter skip cleanup _temporary folders under output directory:false, ignore cleanup failures: false
[2022-04-06 00:14:19,660] {spark_submit.py:488} INFO - 22/04/06 00:14:19 INFO SQLHadoopMapReduceCommitProtocol: Using output committer class org.apache.parquet.hadoop.ParquetOutputCommitter
[2022-04-06 00:14:19,685] {spark_submit.py:488} INFO - 22/04/06 00:14:19 INFO FileOutputCommitter: File Output Committer Algorithm version is 1
[2022-04-06 00:14:19,685] {spark_submit.py:488} INFO - 22/04/06 00:14:19 INFO FileOutputCommitter: FileOutputCommitter skip cleanup _temporary folders under output directory:false, ignore cleanup failures: false
[2022-04-06 00:14:19,693] {spark_submit.py:488} INFO - 22/04/06 00:14:19 INFO SQLHadoopMapReduceCommitProtocol: Using output committer class org.apache.parquet.hadoop.ParquetOutputCommitter
[2022-04-06 00:14:19,817] {spark_submit.py:488} INFO - 22/04/06 00:14:19 INFO CodecConfig: Compression: SNAPPY
[2022-04-06 00:14:19,838] {spark_submit.py:488} INFO - 22/04/06 00:14:19 INFO CodecConfig: Compression: SNAPPY
[2022-04-06 00:14:19,955] {spark_submit.py:488} INFO - 22/04/06 00:14:19 INFO CodecConfig: Compression: SNAPPY
[2022-04-06 00:14:19,955] {spark_submit.py:488} INFO - 22/04/06 00:14:19 INFO CodecConfig: Compression: SNAPPY
[2022-04-06 00:14:19,956] {spark_submit.py:488} INFO - 22/04/06 00:14:19 INFO CodecConfig: Compression: SNAPPY
[2022-04-06 00:14:19,956] {spark_submit.py:488} INFO - 22/04/06 00:14:19 INFO CodecConfig: Compression: SNAPPY
[2022-04-06 00:14:19,961] {spark_submit.py:488} INFO - 22/04/06 00:14:19 INFO CodecConfig: Compression: SNAPPY
[2022-04-06 00:14:19,962] {spark_submit.py:488} INFO - 22/04/06 00:14:19 INFO CodecConfig: Compression: SNAPPY
[2022-04-06 00:14:19,985] {spark_submit.py:488} INFO - 22/04/06 00:14:19 INFO ParquetOutputFormat: Parquet block size to 134217728
[2022-04-06 00:14:19,992] {spark_submit.py:488} INFO - 22/04/06 00:14:19 INFO ParquetOutputFormat: Validation is off
[2022-04-06 00:14:19,996] {spark_submit.py:488} INFO - 22/04/06 00:14:19 INFO ParquetOutputFormat: Parquet block size to 134217728
[2022-04-06 00:14:19,996] {spark_submit.py:488} INFO - 22/04/06 00:14:19 INFO ParquetOutputFormat: Validation is off
[2022-04-06 00:14:19,996] {spark_submit.py:488} INFO - 22/04/06 00:14:19 INFO ParquetOutputFormat: Maximum row group padding size is 8388608 bytes
[2022-04-06 00:14:19,996] {spark_submit.py:488} INFO - 22/04/06 00:14:19 INFO ParquetOutputFormat: Parquet properties are:
[2022-04-06 00:14:19,996] {spark_submit.py:488} INFO - Parquet page size to 1048576
[2022-04-06 00:14:19,996] {spark_submit.py:488} INFO - Parquet dictionary page size to 1048576
[2022-04-06 00:14:19,996] {spark_submit.py:488} INFO - Dictionary is true
[2022-04-06 00:14:19,997] {spark_submit.py:488} INFO - Writer version is: PARQUET_1_0
[2022-04-06 00:14:19,997] {spark_submit.py:488} INFO - Page size checking is: estimated
[2022-04-06 00:14:19,997] {spark_submit.py:488} INFO - Min row count for page size check is: 100
[2022-04-06 00:14:19,997] {spark_submit.py:488} INFO - Max row count for page size check is: 10000
[2022-04-06 00:14:19,997] {spark_submit.py:488} INFO - Truncate length for column indexes is: 64
[2022-04-06 00:14:19,997] {spark_submit.py:488} INFO - Truncate length for statistics min/max  is: 2147483647
[2022-04-06 00:14:19,997] {spark_submit.py:488} INFO - Bloom filter enabled: false
[2022-04-06 00:14:19,997] {spark_submit.py:488} INFO - Max Bloom filter size for a column is 1048576
[2022-04-06 00:14:19,997] {spark_submit.py:488} INFO - Bloom filter expected number of distinct values are: null
[2022-04-06 00:14:19,997] {spark_submit.py:488} INFO - Page row count limit to 20000
[2022-04-06 00:14:19,997] {spark_submit.py:488} INFO - Writing page checksums is: on
[2022-04-06 00:14:20,001] {spark_submit.py:488} INFO - 22/04/06 00:14:19 INFO ParquetOutputFormat: Parquet block size to 134217728
[2022-04-06 00:14:20,004] {spark_submit.py:488} INFO - 22/04/06 00:14:20 INFO ParquetOutputFormat: Validation is off
[2022-04-06 00:14:20,006] {spark_submit.py:488} INFO - 22/04/06 00:14:20 INFO ParquetOutputFormat: Maximum row group padding size is 8388608 bytes
[2022-04-06 00:14:20,006] {spark_submit.py:488} INFO - 22/04/06 00:14:20 INFO ParquetOutputFormat: Parquet properties are:
[2022-04-06 00:14:20,006] {spark_submit.py:488} INFO - Parquet page size to 1048576
[2022-04-06 00:14:20,007] {spark_submit.py:488} INFO - Parquet dictionary page size to 1048576
[2022-04-06 00:14:20,007] {spark_submit.py:488} INFO - Dictionary is true
[2022-04-06 00:14:20,007] {spark_submit.py:488} INFO - Writer version is: PARQUET_1_0
[2022-04-06 00:14:20,007] {spark_submit.py:488} INFO - Page size checking is: estimated
[2022-04-06 00:14:20,007] {spark_submit.py:488} INFO - Min row count for page size check is: 100
[2022-04-06 00:14:20,007] {spark_submit.py:488} INFO - Max row count for page size check is: 10000
[2022-04-06 00:14:20,007] {spark_submit.py:488} INFO - Truncate length for column indexes is: 64
[2022-04-06 00:14:20,007] {spark_submit.py:488} INFO - Truncate length for statistics min/max  is: 2147483647
[2022-04-06 00:14:20,007] {spark_submit.py:488} INFO - Bloom filter enabled: false
[2022-04-06 00:14:20,007] {spark_submit.py:488} INFO - Max Bloom filter size for a column is 1048576
[2022-04-06 00:14:20,007] {spark_submit.py:488} INFO - Bloom filter expected number of distinct values are: null
[2022-04-06 00:14:20,008] {spark_submit.py:488} INFO - Page row count limit to 20000
[2022-04-06 00:14:20,008] {spark_submit.py:488} INFO - Writing page checksums is: on
[2022-04-06 00:14:20,028] {spark_submit.py:488} INFO - 22/04/06 00:14:20 INFO ParquetOutputFormat: Maximum row group padding size is 8388608 bytes
[2022-04-06 00:14:20,028] {spark_submit.py:488} INFO - 22/04/06 00:14:20 INFO ParquetOutputFormat: Parquet properties are:
[2022-04-06 00:14:20,028] {spark_submit.py:488} INFO - Parquet page size to 1048576
[2022-04-06 00:14:20,028] {spark_submit.py:488} INFO - Parquet dictionary page size to 1048576
[2022-04-06 00:14:20,028] {spark_submit.py:488} INFO - Dictionary is true
[2022-04-06 00:14:20,028] {spark_submit.py:488} INFO - Writer version is: PARQUET_1_0
[2022-04-06 00:14:20,028] {spark_submit.py:488} INFO - Page size checking is: estimated
[2022-04-06 00:14:20,028] {spark_submit.py:488} INFO - Min row count for page size check is: 100
[2022-04-06 00:14:20,029] {spark_submit.py:488} INFO - Max row count for page size check is: 10000
[2022-04-06 00:14:20,029] {spark_submit.py:488} INFO - Truncate length for column indexes is: 64
[2022-04-06 00:14:20,029] {spark_submit.py:488} INFO - Truncate length for statistics min/max  is: 2147483647
[2022-04-06 00:14:20,029] {spark_submit.py:488} INFO - Bloom filter enabled: false
[2022-04-06 00:14:20,029] {spark_submit.py:488} INFO - Max Bloom filter size for a column is 1048576
[2022-04-06 00:14:20,029] {spark_submit.py:488} INFO - Bloom filter expected number of distinct values are: null
[2022-04-06 00:14:20,029] {spark_submit.py:488} INFO - Page row count limit to 20000
[2022-04-06 00:14:20,029] {spark_submit.py:488} INFO - Writing page checksums is: on
[2022-04-06 00:14:20,053] {spark_submit.py:488} INFO - 22/04/06 00:14:20 INFO ParquetOutputFormat: Parquet block size to 134217728
[2022-04-06 00:14:20,053] {spark_submit.py:488} INFO - 22/04/06 00:14:20 INFO ParquetOutputFormat: Validation is off
[2022-04-06 00:14:20,053] {spark_submit.py:488} INFO - 22/04/06 00:14:20 INFO ParquetOutputFormat: Maximum row group padding size is 8388608 bytes
[2022-04-06 00:14:20,054] {spark_submit.py:488} INFO - 22/04/06 00:14:20 INFO ParquetOutputFormat: Parquet properties are:
[2022-04-06 00:14:20,054] {spark_submit.py:488} INFO - Parquet page size to 1048576
[2022-04-06 00:14:20,054] {spark_submit.py:488} INFO - Parquet dictionary page size to 1048576
[2022-04-06 00:14:20,054] {spark_submit.py:488} INFO - Dictionary is true
[2022-04-06 00:14:20,054] {spark_submit.py:488} INFO - Writer version is: PARQUET_1_0
[2022-04-06 00:14:20,054] {spark_submit.py:488} INFO - Page size checking is: estimated
[2022-04-06 00:14:20,054] {spark_submit.py:488} INFO - Min row count for page size check is: 100
[2022-04-06 00:14:20,054] {spark_submit.py:488} INFO - Max row count for page size check is: 10000
[2022-04-06 00:14:20,054] {spark_submit.py:488} INFO - Truncate length for column indexes is: 64
[2022-04-06 00:14:20,054] {spark_submit.py:488} INFO - Truncate length for statistics min/max  is: 2147483647
[2022-04-06 00:14:20,054] {spark_submit.py:488} INFO - Bloom filter enabled: false
[2022-04-06 00:14:20,054] {spark_submit.py:488} INFO - Max Bloom filter size for a column is 1048576
[2022-04-06 00:14:20,054] {spark_submit.py:488} INFO - Bloom filter expected number of distinct values are: null
[2022-04-06 00:14:20,055] {spark_submit.py:488} INFO - Page row count limit to 20000
[2022-04-06 00:14:20,055] {spark_submit.py:488} INFO - Writing page checksums is: on
[2022-04-06 00:14:20,266] {spark_submit.py:488} INFO - 22/04/06 00:14:20 INFO ParquetWriteSupport: Initialized Parquet WriteSupport with Catalyst schema:
[2022-04-06 00:14:20,267] {spark_submit.py:488} INFO - {
[2022-04-06 00:14:20,267] {spark_submit.py:488} INFO - "type" : "struct",
[2022-04-06 00:14:20,267] {spark_submit.py:488} INFO - "fields" : [ {
[2022-04-06 00:14:20,267] {spark_submit.py:488} INFO - "name" : "id",
[2022-04-06 00:14:20,267] {spark_submit.py:488} INFO - "type" : "integer",
[2022-04-06 00:14:20,267] {spark_submit.py:488} INFO - "nullable" : true,
[2022-04-06 00:14:20,267] {spark_submit.py:488} INFO - "metadata" : { }
[2022-04-06 00:14:20,267] {spark_submit.py:488} INFO - }, {
[2022-04-06 00:14:20,267] {spark_submit.py:488} INFO - "name" : "title",
[2022-04-06 00:14:20,267] {spark_submit.py:488} INFO - "type" : "string",
[2022-04-06 00:14:20,268] {spark_submit.py:488} INFO - "nullable" : true,
[2022-04-06 00:14:20,268] {spark_submit.py:488} INFO - "metadata" : { }
[2022-04-06 00:14:20,268] {spark_submit.py:488} INFO - }, {
[2022-04-06 00:14:20,268] {spark_submit.py:488} INFO - "name" : "body",
[2022-04-06 00:14:20,268] {spark_submit.py:488} INFO - "type" : "string",
[2022-04-06 00:14:20,268] {spark_submit.py:488} INFO - "nullable" : true,
[2022-04-06 00:14:20,268] {spark_submit.py:488} INFO - "metadata" : { }
[2022-04-06 00:14:20,268] {spark_submit.py:488} INFO - }, {
[2022-04-06 00:14:20,268] {spark_submit.py:488} INFO - "name" : "accepted_answer_id",
[2022-04-06 00:14:20,268] {spark_submit.py:488} INFO - "type" : "integer",
[2022-04-06 00:14:20,268] {spark_submit.py:488} INFO - "nullable" : true,
[2022-04-06 00:14:20,268] {spark_submit.py:488} INFO - "metadata" : { }
[2022-04-06 00:14:20,268] {spark_submit.py:488} INFO - }, {
[2022-04-06 00:14:20,268] {spark_submit.py:488} INFO - "name" : "answer_count",
[2022-04-06 00:14:20,269] {spark_submit.py:488} INFO - "type" : "integer",
[2022-04-06 00:14:20,269] {spark_submit.py:488} INFO - "nullable" : true,
[2022-04-06 00:14:20,269] {spark_submit.py:488} INFO - "metadata" : { }
[2022-04-06 00:14:20,269] {spark_submit.py:488} INFO - }, {
[2022-04-06 00:14:20,269] {spark_submit.py:488} INFO - "name" : "comment_count",
[2022-04-06 00:14:20,269] {spark_submit.py:488} INFO - "type" : "integer",
[2022-04-06 00:14:20,269] {spark_submit.py:488} INFO - "nullable" : true,
[2022-04-06 00:14:20,269] {spark_submit.py:488} INFO - "metadata" : { }
[2022-04-06 00:14:20,269] {spark_submit.py:488} INFO - }, {
[2022-04-06 00:14:20,269] {spark_submit.py:488} INFO - "name" : "community_owned_date",
[2022-04-06 00:14:20,269] {spark_submit.py:488} INFO - "type" : "timestamp",
[2022-04-06 00:14:20,269] {spark_submit.py:488} INFO - "nullable" : true,
[2022-04-06 00:14:20,269] {spark_submit.py:488} INFO - "metadata" : { }
[2022-04-06 00:14:20,269] {spark_submit.py:488} INFO - }, {
[2022-04-06 00:14:20,269] {spark_submit.py:488} INFO - "name" : "creation_date",
[2022-04-06 00:14:20,270] {spark_submit.py:488} INFO - "type" : "timestamp",
[2022-04-06 00:14:20,270] {spark_submit.py:488} INFO - "nullable" : true,
[2022-04-06 00:14:20,270] {spark_submit.py:488} INFO - "metadata" : { }
[2022-04-06 00:14:20,271] {spark_submit.py:488} INFO - }, {
[2022-04-06 00:14:20,271] {spark_submit.py:488} INFO - "name" : "favorite_count",
[2022-04-06 00:14:20,271] {spark_submit.py:488} INFO - "type" : "integer",
[2022-04-06 00:14:20,271] {spark_submit.py:488} INFO - "nullable" : true,
[2022-04-06 00:14:20,271] {spark_submit.py:488} INFO - "metadata" : { }
[2022-04-06 00:14:20,271] {spark_submit.py:488} INFO - }, {
[2022-04-06 00:14:20,272] {spark_submit.py:488} INFO - "name" : "last_activity_date",
[2022-04-06 00:14:20,288] {spark_submit.py:488} INFO - "type" : "timestamp",
[2022-04-06 00:14:20,289] {spark_submit.py:488} INFO - "nullable" : true,
[2022-04-06 00:14:20,289] {spark_submit.py:488} INFO - "metadata" : { }
[2022-04-06 00:14:20,289] {spark_submit.py:488} INFO - }, {
[2022-04-06 00:14:20,289] {spark_submit.py:488} INFO - "name" : "last_edit_date",
[2022-04-06 00:14:20,289] {spark_submit.py:488} INFO - "type" : "timestamp",
[2022-04-06 00:14:20,289] {spark_submit.py:488} INFO - "nullable" : true,
[2022-04-06 00:14:20,289] {spark_submit.py:488} INFO - "metadata" : { }
[2022-04-06 00:14:20,289] {spark_submit.py:488} INFO - }, {
[2022-04-06 00:14:20,289] {spark_submit.py:488} INFO - "name" : "last_editor_display_name",
[2022-04-06 00:14:20,289] {spark_submit.py:488} INFO - "type" : "string",
[2022-04-06 00:14:20,290] {spark_submit.py:488} INFO - "nullable" : true,
[2022-04-06 00:14:20,290] {spark_submit.py:488} INFO - "metadata" : { }
[2022-04-06 00:14:20,290] {spark_submit.py:488} INFO - }, {
[2022-04-06 00:14:20,290] {spark_submit.py:488} INFO - "name" : "last_editor_user_id",
[2022-04-06 00:14:20,290] {spark_submit.py:488} INFO - "type" : "integer",
[2022-04-06 00:14:20,290] {spark_submit.py:488} INFO - "nullable" : true,
[2022-04-06 00:14:20,290] {spark_submit.py:488} INFO - "metadata" : { }
[2022-04-06 00:14:20,290] {spark_submit.py:488} INFO - }, {
[2022-04-06 00:14:20,290] {spark_submit.py:488} INFO - "name" : "owner_display_name",
[2022-04-06 00:14:20,290] {spark_submit.py:488} INFO - "type" : "string",
[2022-04-06 00:14:20,290] {spark_submit.py:488} INFO - "nullable" : true,
[2022-04-06 00:14:20,290] {spark_submit.py:488} INFO - "metadata" : { }
[2022-04-06 00:14:20,290] {spark_submit.py:488} INFO - }, {
[2022-04-06 00:14:20,290] {spark_submit.py:488} INFO - "name" : "owner_user_id",
[2022-04-06 00:14:20,291] {spark_submit.py:488} INFO - "type" : "integer",
[2022-04-06 00:14:20,291] {spark_submit.py:488} INFO - "nullable" : true,
[2022-04-06 00:14:20,291] {spark_submit.py:488} INFO - "metadata" : { }
[2022-04-06 00:14:20,291] {spark_submit.py:488} INFO - }, {
[2022-04-06 00:14:20,291] {spark_submit.py:488} INFO - "name" : "parent_id",
[2022-04-06 00:14:20,291] {spark_submit.py:488} INFO - "type" : "integer",
[2022-04-06 00:14:20,291] {spark_submit.py:488} INFO - "nullable" : true,
[2022-04-06 00:14:20,291] {spark_submit.py:488} INFO - "metadata" : { }
[2022-04-06 00:14:20,291] {spark_submit.py:488} INFO - }, {
[2022-04-06 00:14:20,291] {spark_submit.py:488} INFO - "name" : "post_type_id",
[2022-04-06 00:14:20,291] {spark_submit.py:488} INFO - "type" : "integer",
[2022-04-06 00:14:20,291] {spark_submit.py:488} INFO - "nullable" : true,
[2022-04-06 00:14:20,291] {spark_submit.py:488} INFO - "metadata" : { }
[2022-04-06 00:14:20,297] {spark_submit.py:488} INFO - }, {
[2022-04-06 00:14:20,297] {spark_submit.py:488} INFO - "name" : "score",
[2022-04-06 00:14:20,297] {spark_submit.py:488} INFO - "type" : "integer",
[2022-04-06 00:14:20,297] {spark_submit.py:488} INFO - "nullable" : true,
[2022-04-06 00:14:20,297] {spark_submit.py:488} INFO - "metadata" : { }
[2022-04-06 00:14:20,297] {spark_submit.py:488} INFO - }, {
[2022-04-06 00:14:20,297] {spark_submit.py:488} INFO - "name" : "tags",
[2022-04-06 00:14:20,297] {spark_submit.py:488} INFO - "type" : "string",
[2022-04-06 00:14:20,297] {spark_submit.py:488} INFO - "nullable" : true,
[2022-04-06 00:14:20,297] {spark_submit.py:488} INFO - "metadata" : { }
[2022-04-06 00:14:20,297] {spark_submit.py:488} INFO - }, {
[2022-04-06 00:14:20,297] {spark_submit.py:488} INFO - "name" : "view_count",
[2022-04-06 00:14:20,298] {spark_submit.py:488} INFO - "type" : "integer",
[2022-04-06 00:14:20,298] {spark_submit.py:488} INFO - "nullable" : true,
[2022-04-06 00:14:20,298] {spark_submit.py:488} INFO - "metadata" : { }
[2022-04-06 00:14:20,298] {spark_submit.py:488} INFO - }, {
[2022-04-06 00:14:20,298] {spark_submit.py:488} INFO - "name" : "group_by_date",
[2022-04-06 00:14:20,298] {spark_submit.py:488} INFO - "type" : "timestamp",
[2022-04-06 00:14:20,298] {spark_submit.py:488} INFO - "nullable" : true,
[2022-04-06 00:14:20,298] {spark_submit.py:488} INFO - "metadata" : { }
[2022-04-06 00:14:20,298] {spark_submit.py:488} INFO - } ]
[2022-04-06 00:14:20,298] {spark_submit.py:488} INFO - }
[2022-04-06 00:14:20,298] {spark_submit.py:488} INFO - and corresponding Parquet message type:
[2022-04-06 00:14:20,298] {spark_submit.py:488} INFO - message spark_schema {
[2022-04-06 00:14:20,298] {spark_submit.py:488} INFO - optional int32 id;
[2022-04-06 00:14:20,299] {spark_submit.py:488} INFO - optional binary title (STRING);
[2022-04-06 00:14:20,299] {spark_submit.py:488} INFO - optional binary body (STRING);
[2022-04-06 00:14:20,299] {spark_submit.py:488} INFO - optional int32 accepted_answer_id;
[2022-04-06 00:14:20,299] {spark_submit.py:488} INFO - optional int32 answer_count;
[2022-04-06 00:14:20,299] {spark_submit.py:488} INFO - optional int32 comment_count;
[2022-04-06 00:14:20,299] {spark_submit.py:488} INFO - optional int96 community_owned_date;
[2022-04-06 00:14:20,300] {spark_submit.py:488} INFO - optional int96 creation_date;
[2022-04-06 00:14:20,300] {spark_submit.py:488} INFO - optional int32 favorite_count;
[2022-04-06 00:14:20,300] {spark_submit.py:488} INFO - optional int96 last_activity_date;
[2022-04-06 00:14:20,300] {spark_submit.py:488} INFO - optional int96 last_edit_date;
[2022-04-06 00:14:20,300] {spark_submit.py:488} INFO - optional binary last_editor_display_name (STRING);
[2022-04-06 00:14:20,300] {spark_submit.py:488} INFO - optional int32 last_editor_user_id;
[2022-04-06 00:14:20,300] {spark_submit.py:488} INFO - optional binary owner_display_name (STRING);
[2022-04-06 00:14:20,301] {spark_submit.py:488} INFO - optional int32 owner_user_id;
[2022-04-06 00:14:20,301] {spark_submit.py:488} INFO - optional int32 parent_id;
[2022-04-06 00:14:20,301] {spark_submit.py:488} INFO - optional int32 post_type_id;
[2022-04-06 00:14:20,301] {spark_submit.py:488} INFO - optional int32 score;
[2022-04-06 00:14:20,301] {spark_submit.py:488} INFO - optional binary tags (STRING);
[2022-04-06 00:14:20,301] {spark_submit.py:488} INFO - optional int32 view_count;
[2022-04-06 00:14:20,301] {spark_submit.py:488} INFO - optional int96 group_by_date;
[2022-04-06 00:14:20,301] {spark_submit.py:488} INFO - }
[2022-04-06 00:14:20,301] {spark_submit.py:488} INFO - 
[2022-04-06 00:14:20,301] {spark_submit.py:488} INFO - 
[2022-04-06 00:14:20,301] {spark_submit.py:488} INFO - 22/04/06 00:14:20 INFO ParquetWriteSupport: Initialized Parquet WriteSupport with Catalyst schema:
[2022-04-06 00:14:20,301] {spark_submit.py:488} INFO - {
[2022-04-06 00:14:20,301] {spark_submit.py:488} INFO - "type" : "struct",
[2022-04-06 00:14:20,301] {spark_submit.py:488} INFO - "fields" : [ {
[2022-04-06 00:14:20,302] {spark_submit.py:488} INFO - "name" : "id",
[2022-04-06 00:14:20,302] {spark_submit.py:488} INFO - "type" : "integer",
[2022-04-06 00:14:20,302] {spark_submit.py:488} INFO - "nullable" : true,
[2022-04-06 00:14:20,302] {spark_submit.py:488} INFO - "metadata" : { }
[2022-04-06 00:14:20,302] {spark_submit.py:488} INFO - }, {
[2022-04-06 00:14:20,302] {spark_submit.py:488} INFO - "name" : "title",
[2022-04-06 00:14:20,302] {spark_submit.py:488} INFO - "type" : "string",
[2022-04-06 00:14:20,302] {spark_submit.py:488} INFO - "nullable" : true,
[2022-04-06 00:14:20,302] {spark_submit.py:488} INFO - "metadata" : { }
[2022-04-06 00:14:20,302] {spark_submit.py:488} INFO - }, {
[2022-04-06 00:14:20,302] {spark_submit.py:488} INFO - "name" : "body",
[2022-04-06 00:14:20,302] {spark_submit.py:488} INFO - "type" : "string",
[2022-04-06 00:14:20,302] {spark_submit.py:488} INFO - "nullable" : true,
[2022-04-06 00:14:20,302] {spark_submit.py:488} INFO - "metadata" : { }
[2022-04-06 00:14:20,303] {spark_submit.py:488} INFO - }, {
[2022-04-06 00:14:20,303] {spark_submit.py:488} INFO - "name" : "accepted_answer_id",
[2022-04-06 00:14:20,303] {spark_submit.py:488} INFO - "type" : "integer",
[2022-04-06 00:14:20,303] {spark_submit.py:488} INFO - "nullable" : true,
[2022-04-06 00:14:20,303] {spark_submit.py:488} INFO - "metadata" : { }
[2022-04-06 00:14:20,303] {spark_submit.py:488} INFO - }, {
[2022-04-06 00:14:20,303] {spark_submit.py:488} INFO - "name" : "answer_count",
[2022-04-06 00:14:20,303] {spark_submit.py:488} INFO - "type" : "integer",
[2022-04-06 00:14:20,303] {spark_submit.py:488} INFO - "nullable" : true,
[2022-04-06 00:14:20,303] {spark_submit.py:488} INFO - "metadata" : { }
[2022-04-06 00:14:20,303] {spark_submit.py:488} INFO - }, {
[2022-04-06 00:14:20,303] {spark_submit.py:488} INFO - "name" : "comment_count",
[2022-04-06 00:14:20,303] {spark_submit.py:488} INFO - "type" : "integer",
[2022-04-06 00:14:20,380] {spark_submit.py:488} INFO - "nullable" : true,
[2022-04-06 00:14:20,380] {spark_submit.py:488} INFO - "metadata" : { }
[2022-04-06 00:14:20,380] {spark_submit.py:488} INFO - }, {
[2022-04-06 00:14:20,380] {spark_submit.py:488} INFO - "name" : "community_owned_date",
[2022-04-06 00:14:20,380] {spark_submit.py:488} INFO - "type" : "timestamp",
[2022-04-06 00:14:20,380] {spark_submit.py:488} INFO - "nullable" : true,
[2022-04-06 00:14:20,380] {spark_submit.py:488} INFO - "metadata" : { }
[2022-04-06 00:14:20,380] {spark_submit.py:488} INFO - }, {
[2022-04-06 00:14:20,380] {spark_submit.py:488} INFO - "name" : "creation_date",
[2022-04-06 00:14:20,380] {spark_submit.py:488} INFO - "type" : "timestamp",
[2022-04-06 00:14:20,381] {spark_submit.py:488} INFO - "nullable" : true,
[2022-04-06 00:14:20,381] {spark_submit.py:488} INFO - "metadata" : { }
[2022-04-06 00:14:20,381] {spark_submit.py:488} INFO - }, {
[2022-04-06 00:14:20,381] {spark_submit.py:488} INFO - "name" : "favorite_count",
[2022-04-06 00:14:20,381] {spark_submit.py:488} INFO - "type" : "integer",
[2022-04-06 00:14:20,381] {spark_submit.py:488} INFO - "nullable" : true,
[2022-04-06 00:14:20,381] {spark_submit.py:488} INFO - "metadata" : { }
[2022-04-06 00:14:20,381] {spark_submit.py:488} INFO - }, {
[2022-04-06 00:14:20,381] {spark_submit.py:488} INFO - "name" : "last_activity_date",
[2022-04-06 00:14:20,381] {spark_submit.py:488} INFO - "type" : "timestamp",
[2022-04-06 00:14:20,381] {spark_submit.py:488} INFO - "nullable" : true,
[2022-04-06 00:14:20,381] {spark_submit.py:488} INFO - "metadata" : { }
[2022-04-06 00:14:20,381] {spark_submit.py:488} INFO - }, {
[2022-04-06 00:14:20,381] {spark_submit.py:488} INFO - "name" : "last_edit_date",
[2022-04-06 00:14:20,381] {spark_submit.py:488} INFO - "type" : "timestamp",
[2022-04-06 00:14:20,382] {spark_submit.py:488} INFO - "nullable" : true,
[2022-04-06 00:14:20,382] {spark_submit.py:488} INFO - "metadata" : { }
[2022-04-06 00:14:20,382] {spark_submit.py:488} INFO - }, {
[2022-04-06 00:14:20,382] {spark_submit.py:488} INFO - "name" : "last_editor_display_name",
[2022-04-06 00:14:20,382] {spark_submit.py:488} INFO - "type" : "string",
[2022-04-06 00:14:20,382] {spark_submit.py:488} INFO - "nullable" : true,
[2022-04-06 00:14:20,382] {spark_submit.py:488} INFO - "metadata" : { }
[2022-04-06 00:14:20,382] {spark_submit.py:488} INFO - }, {
[2022-04-06 00:14:20,382] {spark_submit.py:488} INFO - "name" : "last_editor_user_id",
[2022-04-06 00:14:20,382] {spark_submit.py:488} INFO - "type" : "integer",
[2022-04-06 00:14:20,382] {spark_submit.py:488} INFO - "nullable" : true,
[2022-04-06 00:14:20,382] {spark_submit.py:488} INFO - "metadata" : { }
[2022-04-06 00:14:20,382] {spark_submit.py:488} INFO - }, {
[2022-04-06 00:14:20,382] {spark_submit.py:488} INFO - "name" : "owner_display_name",
[2022-04-06 00:14:20,382] {spark_submit.py:488} INFO - "type" : "string",
[2022-04-06 00:14:20,382] {spark_submit.py:488} INFO - "nullable" : true,
[2022-04-06 00:14:20,383] {spark_submit.py:488} INFO - "metadata" : { }
[2022-04-06 00:14:20,383] {spark_submit.py:488} INFO - }, {
[2022-04-06 00:14:20,383] {spark_submit.py:488} INFO - "name" : "owner_user_id",
[2022-04-06 00:14:20,383] {spark_submit.py:488} INFO - "type" : "integer",
[2022-04-06 00:14:20,383] {spark_submit.py:488} INFO - "nullable" : true,
[2022-04-06 00:14:20,383] {spark_submit.py:488} INFO - "metadata" : { }
[2022-04-06 00:14:20,383] {spark_submit.py:488} INFO - }, {
[2022-04-06 00:14:20,383] {spark_submit.py:488} INFO - "name" : "parent_id",
[2022-04-06 00:14:20,383] {spark_submit.py:488} INFO - "type" : "integer",
[2022-04-06 00:14:20,383] {spark_submit.py:488} INFO - "nullable" : true,
[2022-04-06 00:14:20,383] {spark_submit.py:488} INFO - "metadata" : { }
[2022-04-06 00:14:20,383] {spark_submit.py:488} INFO - }, {
[2022-04-06 00:14:20,383] {spark_submit.py:488} INFO - "name" : "post_type_id",
[2022-04-06 00:14:20,383] {spark_submit.py:488} INFO - "type" : "integer",
[2022-04-06 00:14:20,438] {spark_submit.py:488} INFO - "nullable" : true,
[2022-04-06 00:14:20,438] {spark_submit.py:488} INFO - "metadata" : { }
[2022-04-06 00:14:20,438] {spark_submit.py:488} INFO - }, {
[2022-04-06 00:14:20,438] {spark_submit.py:488} INFO - "name" : "score",
[2022-04-06 00:14:20,438] {spark_submit.py:488} INFO - "type" : "integer",
[2022-04-06 00:14:20,438] {spark_submit.py:488} INFO - "nullable" : true,
[2022-04-06 00:14:20,438] {spark_submit.py:488} INFO - "metadata" : { }
[2022-04-06 00:14:20,438] {spark_submit.py:488} INFO - }, {
[2022-04-06 00:14:20,439] {spark_submit.py:488} INFO - "name" : "tags",
[2022-04-06 00:14:20,439] {spark_submit.py:488} INFO - "type" : "string",
[2022-04-06 00:14:20,439] {spark_submit.py:488} INFO - "nullable" : true,
[2022-04-06 00:14:20,439] {spark_submit.py:488} INFO - "metadata" : { }
[2022-04-06 00:14:20,439] {spark_submit.py:488} INFO - }, {
[2022-04-06 00:14:20,439] {spark_submit.py:488} INFO - "name" : "view_count",
[2022-04-06 00:14:20,439] {spark_submit.py:488} INFO - "type" : "integer",
[2022-04-06 00:14:20,439] {spark_submit.py:488} INFO - "nullable" : true,
[2022-04-06 00:14:20,439] {spark_submit.py:488} INFO - "metadata" : { }
[2022-04-06 00:14:20,439] {spark_submit.py:488} INFO - }, {
[2022-04-06 00:14:20,439] {spark_submit.py:488} INFO - "name" : "group_by_date",
[2022-04-06 00:14:20,439] {spark_submit.py:488} INFO - "type" : "timestamp",
[2022-04-06 00:14:20,440] {spark_submit.py:488} INFO - "nullable" : true,
[2022-04-06 00:14:20,440] {spark_submit.py:488} INFO - "metadata" : { }
[2022-04-06 00:14:20,440] {spark_submit.py:488} INFO - } ]
[2022-04-06 00:14:20,440] {spark_submit.py:488} INFO - }
[2022-04-06 00:14:20,440] {spark_submit.py:488} INFO - and corresponding Parquet message type:
[2022-04-06 00:14:20,440] {spark_submit.py:488} INFO - message spark_schema {
[2022-04-06 00:14:20,440] {spark_submit.py:488} INFO - optional int32 id;
[2022-04-06 00:14:20,440] {spark_submit.py:488} INFO - optional binary title (STRING);
[2022-04-06 00:14:20,440] {spark_submit.py:488} INFO - optional binary body (STRING);
[2022-04-06 00:14:20,440] {spark_submit.py:488} INFO - optional int32 accepted_answer_id;
[2022-04-06 00:14:20,440] {spark_submit.py:488} INFO - optional int32 answer_count;
[2022-04-06 00:14:20,440] {spark_submit.py:488} INFO - optional int32 comment_count;
[2022-04-06 00:14:20,440] {spark_submit.py:488} INFO - optional int96 community_owned_date;
[2022-04-06 00:14:20,440] {spark_submit.py:488} INFO - optional int96 creation_date;
[2022-04-06 00:14:20,441] {spark_submit.py:488} INFO - optional int32 favorite_count;
[2022-04-06 00:14:20,441] {spark_submit.py:488} INFO - optional int96 last_activity_date;
[2022-04-06 00:14:20,441] {spark_submit.py:488} INFO - optional int96 last_edit_date;
[2022-04-06 00:14:20,441] {spark_submit.py:488} INFO - optional binary last_editor_display_name (STRING);
[2022-04-06 00:14:20,441] {spark_submit.py:488} INFO - optional int32 last_editor_user_id;
[2022-04-06 00:14:20,441] {spark_submit.py:488} INFO - optional binary owner_display_name (STRING);
[2022-04-06 00:14:20,441] {spark_submit.py:488} INFO - optional int32 owner_user_id;
[2022-04-06 00:14:20,441] {spark_submit.py:488} INFO - optional int32 parent_id;
[2022-04-06 00:14:20,441] {spark_submit.py:488} INFO - optional int32 post_type_id;
[2022-04-06 00:14:20,441] {spark_submit.py:488} INFO - optional int32 score;
[2022-04-06 00:14:20,441] {spark_submit.py:488} INFO - optional binary tags (STRING);
[2022-04-06 00:14:20,441] {spark_submit.py:488} INFO - optional int32 view_count;
[2022-04-06 00:14:20,441] {spark_submit.py:488} INFO - optional int96 group_by_date;
[2022-04-06 00:14:20,442] {spark_submit.py:488} INFO - }
[2022-04-06 00:14:20,442] {spark_submit.py:488} INFO - 
[2022-04-06 00:14:20,442] {spark_submit.py:488} INFO - 
[2022-04-06 00:14:20,442] {spark_submit.py:488} INFO - 22/04/06 00:14:20 INFO ParquetWriteSupport: Initialized Parquet WriteSupport with Catalyst schema:
[2022-04-06 00:14:20,442] {spark_submit.py:488} INFO - {
[2022-04-06 00:14:20,442] {spark_submit.py:488} INFO - "type" : "struct",
[2022-04-06 00:14:20,442] {spark_submit.py:488} INFO - "fields" : [ {
[2022-04-06 00:14:20,442] {spark_submit.py:488} INFO - "name" : "id",
[2022-04-06 00:14:20,442] {spark_submit.py:488} INFO - "type" : "integer",
[2022-04-06 00:14:20,442] {spark_submit.py:488} INFO - "nullable" : true,
[2022-04-06 00:14:20,442] {spark_submit.py:488} INFO - "metadata" : { }
[2022-04-06 00:14:20,442] {spark_submit.py:488} INFO - }, {
[2022-04-06 00:14:20,442] {spark_submit.py:488} INFO - "name" : "title",
[2022-04-06 00:14:20,442] {spark_submit.py:488} INFO - "type" : "string",
[2022-04-06 00:14:20,443] {spark_submit.py:488} INFO - "nullable" : true,
[2022-04-06 00:14:20,443] {spark_submit.py:488} INFO - "metadata" : { }
[2022-04-06 00:14:20,443] {spark_submit.py:488} INFO - }, {
[2022-04-06 00:14:20,443] {spark_submit.py:488} INFO - "name" : "body",
[2022-04-06 00:14:20,443] {spark_submit.py:488} INFO - "type" : "string",
[2022-04-06 00:14:20,443] {spark_submit.py:488} INFO - "nullable" : true,
[2022-04-06 00:14:20,443] {spark_submit.py:488} INFO - "metadata" : { }
[2022-04-06 00:14:20,443] {spark_submit.py:488} INFO - }, {
[2022-04-06 00:14:20,443] {spark_submit.py:488} INFO - "name" : "accepted_answer_id",
[2022-04-06 00:14:20,443] {spark_submit.py:488} INFO - "type" : "integer",
[2022-04-06 00:14:20,443] {spark_submit.py:488} INFO - "nullable" : true,
[2022-04-06 00:14:20,443] {spark_submit.py:488} INFO - "metadata" : { }
[2022-04-06 00:14:20,443] {spark_submit.py:488} INFO - }, {
[2022-04-06 00:14:20,523] {spark_submit.py:488} INFO - "name" : "answer_count",
[2022-04-06 00:14:20,523] {spark_submit.py:488} INFO - "type" : "integer",
[2022-04-06 00:14:20,523] {spark_submit.py:488} INFO - "nullable" : true,
[2022-04-06 00:14:20,523] {spark_submit.py:488} INFO - "metadata" : { }
[2022-04-06 00:14:20,523] {spark_submit.py:488} INFO - }, {
[2022-04-06 00:14:20,523] {spark_submit.py:488} INFO - "name" : "comment_count",
[2022-04-06 00:14:20,523] {spark_submit.py:488} INFO - "type" : "integer",
[2022-04-06 00:14:20,523] {spark_submit.py:488} INFO - "nullable" : true,
[2022-04-06 00:14:20,523] {spark_submit.py:488} INFO - "metadata" : { }
[2022-04-06 00:14:20,523] {spark_submit.py:488} INFO - }, {
[2022-04-06 00:14:20,523] {spark_submit.py:488} INFO - "name" : "community_owned_date",
[2022-04-06 00:14:20,524] {spark_submit.py:488} INFO - "type" : "timestamp",
[2022-04-06 00:14:20,524] {spark_submit.py:488} INFO - "nullable" : true,
[2022-04-06 00:14:20,524] {spark_submit.py:488} INFO - "metadata" : { }
[2022-04-06 00:14:20,524] {spark_submit.py:488} INFO - }, {
[2022-04-06 00:14:20,524] {spark_submit.py:488} INFO - "name" : "creation_date",
[2022-04-06 00:14:20,524] {spark_submit.py:488} INFO - "type" : "timestamp",
[2022-04-06 00:14:20,525] {spark_submit.py:488} INFO - "nullable" : true,
[2022-04-06 00:14:20,525] {spark_submit.py:488} INFO - "metadata" : { }
[2022-04-06 00:14:20,525] {spark_submit.py:488} INFO - }, {
[2022-04-06 00:14:20,525] {spark_submit.py:488} INFO - "name" : "favorite_count",
[2022-04-06 00:14:20,525] {spark_submit.py:488} INFO - "type" : "integer",
[2022-04-06 00:14:20,525] {spark_submit.py:488} INFO - "nullable" : true,
[2022-04-06 00:14:20,526] {spark_submit.py:488} INFO - "metadata" : { }
[2022-04-06 00:14:20,526] {spark_submit.py:488} INFO - }, {
[2022-04-06 00:14:20,526] {spark_submit.py:488} INFO - "name" : "last_activity_date",
[2022-04-06 00:14:20,526] {spark_submit.py:488} INFO - "type" : "timestamp",
[2022-04-06 00:14:20,526] {spark_submit.py:488} INFO - "nullable" : true,
[2022-04-06 00:14:20,592] {spark_submit.py:488} INFO - "metadata" : { }
[2022-04-06 00:14:20,592] {spark_submit.py:488} INFO - }, {
[2022-04-06 00:14:20,592] {spark_submit.py:488} INFO - "name" : "last_edit_date",
[2022-04-06 00:14:20,592] {spark_submit.py:488} INFO - "type" : "timestamp",
[2022-04-06 00:14:20,592] {spark_submit.py:488} INFO - "nullable" : true,
[2022-04-06 00:14:20,592] {spark_submit.py:488} INFO - "metadata" : { }
[2022-04-06 00:14:20,593] {spark_submit.py:488} INFO - }, {
[2022-04-06 00:14:20,593] {spark_submit.py:488} INFO - "name" : "last_editor_display_name",
[2022-04-06 00:14:20,593] {spark_submit.py:488} INFO - "type" : "string",
[2022-04-06 00:14:20,593] {spark_submit.py:488} INFO - "nullable" : true,
[2022-04-06 00:14:20,593] {spark_submit.py:488} INFO - "metadata" : { }
[2022-04-06 00:14:20,593] {spark_submit.py:488} INFO - }, {
[2022-04-06 00:14:20,593] {spark_submit.py:488} INFO - "name" : "last_editor_user_id",
[2022-04-06 00:14:20,593] {spark_submit.py:488} INFO - "type" : "integer",
[2022-04-06 00:14:20,593] {spark_submit.py:488} INFO - "nullable" : true,
[2022-04-06 00:14:20,593] {spark_submit.py:488} INFO - "metadata" : { }
[2022-04-06 00:14:20,593] {spark_submit.py:488} INFO - }, {
[2022-04-06 00:14:20,593] {spark_submit.py:488} INFO - "name" : "owner_display_name",
[2022-04-06 00:14:20,594] {spark_submit.py:488} INFO - "type" : "string",
[2022-04-06 00:14:20,594] {spark_submit.py:488} INFO - "nullable" : true,
[2022-04-06 00:14:20,594] {spark_submit.py:488} INFO - "metadata" : { }
[2022-04-06 00:14:20,594] {spark_submit.py:488} INFO - }, {
[2022-04-06 00:14:20,594] {spark_submit.py:488} INFO - "name" : "owner_user_id",
[2022-04-06 00:14:20,594] {spark_submit.py:488} INFO - "type" : "integer",
[2022-04-06 00:14:20,594] {spark_submit.py:488} INFO - "nullable" : true,
[2022-04-06 00:14:20,594] {spark_submit.py:488} INFO - "metadata" : { }
[2022-04-06 00:14:20,594] {spark_submit.py:488} INFO - }, {
[2022-04-06 00:14:20,594] {spark_submit.py:488} INFO - "name" : "parent_id",
[2022-04-06 00:14:20,594] {spark_submit.py:488} INFO - "type" : "integer",
[2022-04-06 00:14:20,594] {spark_submit.py:488} INFO - "nullable" : true,
[2022-04-06 00:14:20,594] {spark_submit.py:488} INFO - "metadata" : { }
[2022-04-06 00:14:20,595] {spark_submit.py:488} INFO - }, {
[2022-04-06 00:14:20,595] {spark_submit.py:488} INFO - "name" : "post_type_id",
[2022-04-06 00:14:20,595] {spark_submit.py:488} INFO - "type" : "integer",
[2022-04-06 00:14:20,595] {spark_submit.py:488} INFO - "nullable" : true,
[2022-04-06 00:14:20,595] {spark_submit.py:488} INFO - "metadata" : { }
[2022-04-06 00:14:20,595] {spark_submit.py:488} INFO - }, {
[2022-04-06 00:14:20,595] {spark_submit.py:488} INFO - "name" : "score",
[2022-04-06 00:14:20,595] {spark_submit.py:488} INFO - "type" : "integer",
[2022-04-06 00:14:20,595] {spark_submit.py:488} INFO - "nullable" : true,
[2022-04-06 00:14:20,595] {spark_submit.py:488} INFO - "metadata" : { }
[2022-04-06 00:14:20,595] {spark_submit.py:488} INFO - }, {
[2022-04-06 00:14:20,595] {spark_submit.py:488} INFO - "name" : "tags",
[2022-04-06 00:14:20,627] {spark_submit.py:488} INFO - "type" : "string",
[2022-04-06 00:14:20,627] {spark_submit.py:488} INFO - "nullable" : true,
[2022-04-06 00:14:20,627] {spark_submit.py:488} INFO - "metadata" : { }
[2022-04-06 00:14:20,627] {spark_submit.py:488} INFO - }, {
[2022-04-06 00:14:20,627] {spark_submit.py:488} INFO - "name" : "view_count",
[2022-04-06 00:14:20,627] {spark_submit.py:488} INFO - "type" : "integer",
[2022-04-06 00:14:20,627] {spark_submit.py:488} INFO - "nullable" : true,
[2022-04-06 00:14:20,628] {spark_submit.py:488} INFO - "metadata" : { }
[2022-04-06 00:14:20,628] {spark_submit.py:488} INFO - }, {
[2022-04-06 00:14:20,628] {spark_submit.py:488} INFO - "name" : "group_by_date",
[2022-04-06 00:14:20,628] {spark_submit.py:488} INFO - "type" : "timestamp",
[2022-04-06 00:14:20,628] {spark_submit.py:488} INFO - "nullable" : true,
[2022-04-06 00:14:20,628] {spark_submit.py:488} INFO - "metadata" : { }
[2022-04-06 00:14:20,628] {spark_submit.py:488} INFO - } ]
[2022-04-06 00:14:20,628] {spark_submit.py:488} INFO - }
[2022-04-06 00:14:20,629] {spark_submit.py:488} INFO - and corresponding Parquet message type:
[2022-04-06 00:14:20,629] {spark_submit.py:488} INFO - message spark_schema {
[2022-04-06 00:14:20,629] {spark_submit.py:488} INFO - optional int32 id;
[2022-04-06 00:14:20,629] {spark_submit.py:488} INFO - optional binary title (STRING);
[2022-04-06 00:14:20,629] {spark_submit.py:488} INFO - optional binary body (STRING);
[2022-04-06 00:14:20,629] {spark_submit.py:488} INFO - optional int32 accepted_answer_id;
[2022-04-06 00:14:20,629] {spark_submit.py:488} INFO - optional int32 answer_count;
[2022-04-06 00:14:20,629] {spark_submit.py:488} INFO - optional int32 comment_count;
[2022-04-06 00:14:20,629] {spark_submit.py:488} INFO - optional int96 community_owned_date;
[2022-04-06 00:14:20,629] {spark_submit.py:488} INFO - optional int96 creation_date;
[2022-04-06 00:14:20,629] {spark_submit.py:488} INFO - optional int32 favorite_count;
[2022-04-06 00:14:20,630] {spark_submit.py:488} INFO - optional int96 last_activity_date;
[2022-04-06 00:14:20,630] {spark_submit.py:488} INFO - optional int96 last_edit_date;
[2022-04-06 00:14:20,630] {spark_submit.py:488} INFO - optional binary last_editor_display_name (STRING);
[2022-04-06 00:14:20,630] {spark_submit.py:488} INFO - optional int32 last_editor_user_id;
[2022-04-06 00:14:20,630] {spark_submit.py:488} INFO - optional binary owner_display_name (STRING);
[2022-04-06 00:14:20,684] {spark_submit.py:488} INFO - optional int32 owner_user_id;
[2022-04-06 00:14:20,684] {spark_submit.py:488} INFO - optional int32 parent_id;
[2022-04-06 00:14:20,684] {spark_submit.py:488} INFO - optional int32 post_type_id;
[2022-04-06 00:14:20,684] {spark_submit.py:488} INFO - optional int32 score;
[2022-04-06 00:14:20,684] {spark_submit.py:488} INFO - optional binary tags (STRING);
[2022-04-06 00:14:20,684] {spark_submit.py:488} INFO - optional int32 view_count;
[2022-04-06 00:14:20,684] {spark_submit.py:488} INFO - optional int96 group_by_date;
[2022-04-06 00:14:20,684] {spark_submit.py:488} INFO - }
[2022-04-06 00:14:20,684] {spark_submit.py:488} INFO - 
[2022-04-06 00:14:20,685] {spark_submit.py:488} INFO - 
[2022-04-06 00:14:20,685] {spark_submit.py:488} INFO - 22/04/06 00:14:20 INFO ParquetWriteSupport: Initialized Parquet WriteSupport with Catalyst schema:
[2022-04-06 00:14:20,685] {spark_submit.py:488} INFO - {
[2022-04-06 00:14:20,685] {spark_submit.py:488} INFO - "type" : "struct",
[2022-04-06 00:14:20,685] {spark_submit.py:488} INFO - "fields" : [ {
[2022-04-06 00:14:20,685] {spark_submit.py:488} INFO - "name" : "id",
[2022-04-06 00:14:20,685] {spark_submit.py:488} INFO - "type" : "integer",
[2022-04-06 00:14:20,685] {spark_submit.py:488} INFO - "nullable" : true,
[2022-04-06 00:14:20,685] {spark_submit.py:488} INFO - "metadata" : { }
[2022-04-06 00:14:20,685] {spark_submit.py:488} INFO - }, {
[2022-04-06 00:14:20,685] {spark_submit.py:488} INFO - "name" : "title",
[2022-04-06 00:14:20,685] {spark_submit.py:488} INFO - "type" : "string",
[2022-04-06 00:14:20,685] {spark_submit.py:488} INFO - "nullable" : true,
[2022-04-06 00:14:20,685] {spark_submit.py:488} INFO - "metadata" : { }
[2022-04-06 00:14:20,685] {spark_submit.py:488} INFO - }, {
[2022-04-06 00:14:20,685] {spark_submit.py:488} INFO - "name" : "body",
[2022-04-06 00:14:20,686] {spark_submit.py:488} INFO - "type" : "string",
[2022-04-06 00:14:20,686] {spark_submit.py:488} INFO - "nullable" : true,
[2022-04-06 00:14:20,686] {spark_submit.py:488} INFO - "metadata" : { }
[2022-04-06 00:14:20,686] {spark_submit.py:488} INFO - }, {
[2022-04-06 00:14:20,686] {spark_submit.py:488} INFO - "name" : "accepted_answer_id",
[2022-04-06 00:14:20,686] {spark_submit.py:488} INFO - "type" : "integer",
[2022-04-06 00:14:20,686] {spark_submit.py:488} INFO - "nullable" : true,
[2022-04-06 00:14:20,686] {spark_submit.py:488} INFO - "metadata" : { }
[2022-04-06 00:14:20,686] {spark_submit.py:488} INFO - }, {
[2022-04-06 00:14:20,686] {spark_submit.py:488} INFO - "name" : "answer_count",
[2022-04-06 00:14:20,686] {spark_submit.py:488} INFO - "type" : "integer",
[2022-04-06 00:14:20,686] {spark_submit.py:488} INFO - "nullable" : true,
[2022-04-06 00:14:20,686] {spark_submit.py:488} INFO - "metadata" : { }
[2022-04-06 00:14:20,686] {spark_submit.py:488} INFO - }, {
[2022-04-06 00:14:20,686] {spark_submit.py:488} INFO - "name" : "comment_count",
[2022-04-06 00:14:20,687] {spark_submit.py:488} INFO - "type" : "integer",
[2022-04-06 00:14:20,687] {spark_submit.py:488} INFO - "nullable" : true,
[2022-04-06 00:14:20,687] {spark_submit.py:488} INFO - "metadata" : { }
[2022-04-06 00:14:20,687] {spark_submit.py:488} INFO - }, {
[2022-04-06 00:14:20,687] {spark_submit.py:488} INFO - "name" : "community_owned_date",
[2022-04-06 00:14:20,687] {spark_submit.py:488} INFO - "type" : "timestamp",
[2022-04-06 00:14:20,687] {spark_submit.py:488} INFO - "nullable" : true,
[2022-04-06 00:14:20,687] {spark_submit.py:488} INFO - "metadata" : { }
[2022-04-06 00:14:20,687] {spark_submit.py:488} INFO - }, {
[2022-04-06 00:14:20,687] {spark_submit.py:488} INFO - "name" : "creation_date",
[2022-04-06 00:14:20,687] {spark_submit.py:488} INFO - "type" : "timestamp",
[2022-04-06 00:14:20,687] {spark_submit.py:488} INFO - "nullable" : true,
[2022-04-06 00:14:20,687] {spark_submit.py:488} INFO - "metadata" : { }
[2022-04-06 00:14:20,687] {spark_submit.py:488} INFO - }, {
[2022-04-06 00:14:20,736] {spark_submit.py:488} INFO - "name" : "favorite_count",
[2022-04-06 00:14:20,736] {spark_submit.py:488} INFO - "type" : "integer",
[2022-04-06 00:14:20,736] {spark_submit.py:488} INFO - "nullable" : true,
[2022-04-06 00:14:20,736] {spark_submit.py:488} INFO - "metadata" : { }
[2022-04-06 00:14:20,736] {spark_submit.py:488} INFO - }, {
[2022-04-06 00:14:20,736] {spark_submit.py:488} INFO - "name" : "last_activity_date",
[2022-04-06 00:14:20,736] {spark_submit.py:488} INFO - "type" : "timestamp",
[2022-04-06 00:14:20,736] {spark_submit.py:488} INFO - "nullable" : true,
[2022-04-06 00:14:20,736] {spark_submit.py:488} INFO - "metadata" : { }
[2022-04-06 00:14:20,737] {spark_submit.py:488} INFO - }, {
[2022-04-06 00:14:20,737] {spark_submit.py:488} INFO - "name" : "last_edit_date",
[2022-04-06 00:14:20,737] {spark_submit.py:488} INFO - "type" : "timestamp",
[2022-04-06 00:14:20,737] {spark_submit.py:488} INFO - "nullable" : true,
[2022-04-06 00:14:20,737] {spark_submit.py:488} INFO - "metadata" : { }
[2022-04-06 00:14:20,737] {spark_submit.py:488} INFO - }, {
[2022-04-06 00:14:20,737] {spark_submit.py:488} INFO - "name" : "last_editor_display_name",
[2022-04-06 00:14:20,737] {spark_submit.py:488} INFO - "type" : "string",
[2022-04-06 00:14:20,737] {spark_submit.py:488} INFO - "nullable" : true,
[2022-04-06 00:14:20,737] {spark_submit.py:488} INFO - "metadata" : { }
[2022-04-06 00:14:20,737] {spark_submit.py:488} INFO - }, {
[2022-04-06 00:14:20,738] {spark_submit.py:488} INFO - "name" : "last_editor_user_id",
[2022-04-06 00:14:20,738] {spark_submit.py:488} INFO - "type" : "integer",
[2022-04-06 00:14:20,738] {spark_submit.py:488} INFO - "nullable" : true,
[2022-04-06 00:14:20,738] {spark_submit.py:488} INFO - "metadata" : { }
[2022-04-06 00:14:20,738] {spark_submit.py:488} INFO - }, {
[2022-04-06 00:14:20,738] {spark_submit.py:488} INFO - "name" : "owner_display_name",
[2022-04-06 00:14:20,738] {spark_submit.py:488} INFO - "type" : "string",
[2022-04-06 00:14:20,738] {spark_submit.py:488} INFO - "nullable" : true,
[2022-04-06 00:14:20,738] {spark_submit.py:488} INFO - "metadata" : { }
[2022-04-06 00:14:20,738] {spark_submit.py:488} INFO - }, {
[2022-04-06 00:14:20,738] {spark_submit.py:488} INFO - "name" : "owner_user_id",
[2022-04-06 00:14:20,738] {spark_submit.py:488} INFO - "type" : "integer",
[2022-04-06 00:14:20,738] {spark_submit.py:488} INFO - "nullable" : true,
[2022-04-06 00:14:20,738] {spark_submit.py:488} INFO - "metadata" : { }
[2022-04-06 00:14:20,738] {spark_submit.py:488} INFO - }, {
[2022-04-06 00:14:20,739] {spark_submit.py:488} INFO - "name" : "parent_id",
[2022-04-06 00:14:20,739] {spark_submit.py:488} INFO - "type" : "integer",
[2022-04-06 00:14:20,739] {spark_submit.py:488} INFO - "nullable" : true,
[2022-04-06 00:14:20,739] {spark_submit.py:488} INFO - "metadata" : { }
[2022-04-06 00:14:20,739] {spark_submit.py:488} INFO - }, {
[2022-04-06 00:14:20,739] {spark_submit.py:488} INFO - "name" : "post_type_id",
[2022-04-06 00:14:20,739] {spark_submit.py:488} INFO - "type" : "integer",
[2022-04-06 00:14:20,739] {spark_submit.py:488} INFO - "nullable" : true,
[2022-04-06 00:14:20,739] {spark_submit.py:488} INFO - "metadata" : { }
[2022-04-06 00:14:20,739] {spark_submit.py:488} INFO - }, {
[2022-04-06 00:14:20,739] {spark_submit.py:488} INFO - "name" : "score",
[2022-04-06 00:14:20,739] {spark_submit.py:488} INFO - "type" : "integer",
[2022-04-06 00:14:20,739] {spark_submit.py:488} INFO - "nullable" : true,
[2022-04-06 00:14:20,786] {spark_submit.py:488} INFO - "metadata" : { }
[2022-04-06 00:14:20,786] {spark_submit.py:488} INFO - }, {
[2022-04-06 00:14:20,786] {spark_submit.py:488} INFO - "name" : "tags",
[2022-04-06 00:14:20,786] {spark_submit.py:488} INFO - "type" : "string",
[2022-04-06 00:14:20,786] {spark_submit.py:488} INFO - "nullable" : true,
[2022-04-06 00:14:20,786] {spark_submit.py:488} INFO - "metadata" : { }
[2022-04-06 00:14:20,786] {spark_submit.py:488} INFO - }, {
[2022-04-06 00:14:20,786] {spark_submit.py:488} INFO - "name" : "view_count",
[2022-04-06 00:14:20,786] {spark_submit.py:488} INFO - "type" : "integer",
[2022-04-06 00:14:20,786] {spark_submit.py:488} INFO - "nullable" : true,
[2022-04-06 00:14:20,786] {spark_submit.py:488} INFO - "metadata" : { }
[2022-04-06 00:14:20,787] {spark_submit.py:488} INFO - }, {
[2022-04-06 00:14:20,787] {spark_submit.py:488} INFO - "name" : "group_by_date",
[2022-04-06 00:14:20,787] {spark_submit.py:488} INFO - "type" : "timestamp",
[2022-04-06 00:14:20,787] {spark_submit.py:488} INFO - "nullable" : true,
[2022-04-06 00:14:20,787] {spark_submit.py:488} INFO - "metadata" : { }
[2022-04-06 00:14:20,787] {spark_submit.py:488} INFO - } ]
[2022-04-06 00:14:20,787] {spark_submit.py:488} INFO - }
[2022-04-06 00:14:20,787] {spark_submit.py:488} INFO - and corresponding Parquet message type:
[2022-04-06 00:14:20,787] {spark_submit.py:488} INFO - message spark_schema {
[2022-04-06 00:14:20,787] {spark_submit.py:488} INFO - optional int32 id;
[2022-04-06 00:14:20,787] {spark_submit.py:488} INFO - optional binary title (STRING);
[2022-04-06 00:14:20,787] {spark_submit.py:488} INFO - optional binary body (STRING);
[2022-04-06 00:14:20,787] {spark_submit.py:488} INFO - optional int32 accepted_answer_id;
[2022-04-06 00:14:20,812] {spark_submit.py:488} INFO - optional int32 answer_count;
[2022-04-06 00:14:20,812] {spark_submit.py:488} INFO - optional int32 comment_count;
[2022-04-06 00:14:20,812] {spark_submit.py:488} INFO - optional int96 community_owned_date;
[2022-04-06 00:14:20,812] {spark_submit.py:488} INFO - optional int96 creation_date;
[2022-04-06 00:14:20,812] {spark_submit.py:488} INFO - optional int32 favorite_count;
[2022-04-06 00:14:20,812] {spark_submit.py:488} INFO - optional int96 last_activity_date;
[2022-04-06 00:14:20,812] {spark_submit.py:488} INFO - optional int96 last_edit_date;
[2022-04-06 00:14:20,813] {spark_submit.py:488} INFO - optional binary last_editor_display_name (STRING);
[2022-04-06 00:14:20,813] {spark_submit.py:488} INFO - optional int32 last_editor_user_id;
[2022-04-06 00:14:20,813] {spark_submit.py:488} INFO - optional binary owner_display_name (STRING);
[2022-04-06 00:14:20,813] {spark_submit.py:488} INFO - optional int32 owner_user_id;
[2022-04-06 00:14:20,813] {spark_submit.py:488} INFO - optional int32 parent_id;
[2022-04-06 00:14:20,813] {spark_submit.py:488} INFO - optional int32 post_type_id;
[2022-04-06 00:14:20,813] {spark_submit.py:488} INFO - optional int32 score;
[2022-04-06 00:14:20,813] {spark_submit.py:488} INFO - optional binary tags (STRING);
[2022-04-06 00:14:20,813] {spark_submit.py:488} INFO - optional int32 view_count;
[2022-04-06 00:14:20,813] {spark_submit.py:488} INFO - optional int96 group_by_date;
[2022-04-06 00:14:20,813] {spark_submit.py:488} INFO - }
[2022-04-06 00:14:20,813] {spark_submit.py:488} INFO - 
[2022-04-06 00:14:20,813] {spark_submit.py:488} INFO - 
[2022-04-06 00:14:20,814] {spark_submit.py:488} INFO - 22/04/06 00:14:20 INFO BlockManagerInfo: Removed broadcast_2_piece0 on 9fe4286b2855:36957 in memory (size: 10.6 KiB, free: 434.3 MiB)
[2022-04-06 00:14:22,925] {spark_submit.py:488} INFO - 22/04/06 00:14:22 INFO CodecPool: Got brand-new compressor [.snappy]
[2022-04-06 00:14:23,612] {spark_submit.py:488} INFO - 22/04/06 00:14:22 INFO CodecPool: Got brand-new compressor [.snappy]
[2022-04-06 00:14:23,613] {spark_submit.py:488} INFO - 22/04/06 00:14:22 INFO CodecPool: Got brand-new compressor [.snappy]
[2022-04-06 00:14:23,616] {spark_submit.py:488} INFO - 22/04/06 00:14:22 INFO CodecPool: Got brand-new compressor [.snappy]
[2022-04-06 00:15:01,130] {spark_submit.py:488} INFO - 22/04/06 00:15:01 INFO FileOutputCommitter: Saved output of task 'attempt_20220406001416756337185674899659_0003_m_000002_7' to gs://dtc_data_lake_de-stack-overflow/BigQuery/posts_answers-2012-12/_temporary/0/task_20220406001416756337185674899659_0003_m_000002
[2022-04-06 00:15:01,133] {spark_submit.py:488} INFO - 22/04/06 00:15:01 INFO SparkHadoopMapRedUtil: attempt_20220406001416756337185674899659_0003_m_000002_7: Committed
[2022-04-06 00:15:01,558] {spark_submit.py:488} INFO - 22/04/06 00:15:01 INFO Executor: Finished task 2.0 in stage 3.0 (TID 7). 3526 bytes result sent to driver
[2022-04-06 00:15:01,566] {spark_submit.py:488} INFO - 22/04/06 00:15:01 INFO TaskSetManager: Finished task 2.0 in stage 3.0 (TID 7) in 42838 ms on 9fe4286b2855 (executor driver) (1/4)
[2022-04-06 00:15:01,629] {spark_submit.py:488} INFO - 22/04/06 00:15:01 INFO GoogleCloudStorageFileSystem: Successfully repaired 'gs://dtc_data_lake_de-stack-overflow/BigQuery/posts_answers-2012-12/_temporary/0/_temporary/' directory.
[2022-04-06 00:15:01,630] {spark_submit.py:488} INFO - 22/04/06 00:15:01 INFO FileOutputCommitter: Saved output of task 'attempt_202204060014163145039468946757904_0003_m_000000_5' to gs://dtc_data_lake_de-stack-overflow/BigQuery/posts_answers-2012-12/_temporary/0/task_202204060014163145039468946757904_0003_m_000000
[2022-04-06 00:15:01,631] {spark_submit.py:488} INFO - 22/04/06 00:15:01 INFO SparkHadoopMapRedUtil: attempt_202204060014163145039468946757904_0003_m_000000_5: Committed
[2022-04-06 00:15:01,641] {spark_submit.py:488} INFO - 22/04/06 00:15:01 INFO Executor: Finished task 0.0 in stage 3.0 (TID 5). 3483 bytes result sent to driver
[2022-04-06 00:15:01,644] {spark_submit.py:488} INFO - 22/04/06 00:15:01 INFO TaskSetManager: Finished task 0.0 in stage 3.0 (TID 5) in 42926 ms on 9fe4286b2855 (executor driver) (2/4)
[2022-04-06 00:15:01,649] {spark_submit.py:488} INFO - 22/04/06 00:15:01 INFO GoogleCloudStorageImpl: Ignoring exception of type GoogleJsonResponseException; verified object already exists with desired state.
[2022-04-06 00:15:01,650] {spark_submit.py:488} INFO - 22/04/06 00:15:01 INFO GoogleCloudStorageFileSystem: Successfully repaired 'gs://dtc_data_lake_de-stack-overflow/BigQuery/posts_answers-2012-12/_temporary/0/_temporary/' directory.
[2022-04-06 00:15:01,651] {spark_submit.py:488} INFO - 22/04/06 00:15:01 INFO FileOutputCommitter: Saved output of task 'attempt_202204060014163071566808226606472_0003_m_000001_6' to gs://dtc_data_lake_de-stack-overflow/BigQuery/posts_answers-2012-12/_temporary/0/task_202204060014163071566808226606472_0003_m_000001
[2022-04-06 00:15:01,651] {spark_submit.py:488} INFO - 22/04/06 00:15:01 INFO SparkHadoopMapRedUtil: attempt_202204060014163071566808226606472_0003_m_000001_6: Committed
[2022-04-06 00:15:01,655] {spark_submit.py:488} INFO - 22/04/06 00:15:01 INFO GoogleCloudStorageImpl: Ignoring exception of type GoogleJsonResponseException; verified object already exists with desired state.
[2022-04-06 00:15:01,655] {spark_submit.py:488} INFO - 22/04/06 00:15:01 INFO GoogleCloudStorageFileSystem: Successfully repaired 'gs://dtc_data_lake_de-stack-overflow/BigQuery/posts_answers-2012-12/_temporary/0/_temporary/' directory.
[2022-04-06 00:15:01,656] {spark_submit.py:488} INFO - 22/04/06 00:15:01 INFO FileOutputCommitter: Saved output of task 'attempt_202204060014165445190075777696570_0003_m_000003_8' to gs://dtc_data_lake_de-stack-overflow/BigQuery/posts_answers-2012-12/_temporary/0/task_202204060014165445190075777696570_0003_m_000003
[2022-04-06 00:15:01,656] {spark_submit.py:488} INFO - 22/04/06 00:15:01 INFO SparkHadoopMapRedUtil: attempt_202204060014165445190075777696570_0003_m_000003_8: Committed
[2022-04-06 00:15:01,660] {spark_submit.py:488} INFO - 22/04/06 00:15:01 INFO Executor: Finished task 3.0 in stage 3.0 (TID 8). 3483 bytes result sent to driver
[2022-04-06 00:15:01,665] {spark_submit.py:488} INFO - 22/04/06 00:15:01 INFO TaskSetManager: Finished task 3.0 in stage 3.0 (TID 8) in 42938 ms on 9fe4286b2855 (executor driver) (3/4)
[2022-04-06 00:15:01,700] {spark_submit.py:488} INFO - 22/04/06 00:15:01 INFO Executor: Finished task 1.0 in stage 3.0 (TID 6). 3483 bytes result sent to driver
[2022-04-06 00:15:01,712] {spark_submit.py:488} INFO - 22/04/06 00:15:01 INFO TaskSetManager: Finished task 1.0 in stage 3.0 (TID 6) in 42980 ms on 9fe4286b2855 (executor driver) (4/4)
[2022-04-06 00:15:01,712] {spark_submit.py:488} INFO - 22/04/06 00:15:01 INFO TaskSchedulerImpl: Removed TaskSet 3.0, whose tasks have all completed, from pool
[2022-04-06 00:15:01,720] {spark_submit.py:488} INFO - 22/04/06 00:15:01 INFO DAGScheduler: ResultStage 3 (save at NativeMethodAccessorImpl.java:0) finished in 44.203 s
[2022-04-06 00:15:01,720] {spark_submit.py:488} INFO - 22/04/06 00:15:01 INFO DAGScheduler: Job 2 is finished. Cancelling potential speculative or zombie tasks for this job
[2022-04-06 00:15:01,720] {spark_submit.py:488} INFO - 22/04/06 00:15:01 INFO TaskSchedulerImpl: Killing all running tasks in stage 3: Stage finished
[2022-04-06 00:15:01,720] {spark_submit.py:488} INFO - 22/04/06 00:15:01 INFO DAGScheduler: Job 2 finished: save at NativeMethodAccessorImpl.java:0, took 44.297999 s
[2022-04-06 00:15:01,720] {spark_submit.py:488} INFO - 22/04/06 00:15:01 INFO FileFormatWriter: Start to commit write Job 1851296f-04af-4187-9bc2-5e2d4ab3a043.
[2022-04-06 00:15:02,590] {spark_submit.py:488} INFO - 22/04/06 00:15:02 INFO GoogleCloudStorageFileSystem: Successfully repaired 'gs://dtc_data_lake_de-stack-overflow/BigQuery/posts_answers-2012-12/_temporary/0/task_20220406001416756337185674899659_0003_m_000002/' directory.
[2022-04-06 00:15:03,035] {spark_submit.py:488} INFO - 22/04/06 00:15:03 INFO GoogleCloudStorageFileSystem: Successfully repaired 'gs://dtc_data_lake_de-stack-overflow/BigQuery/posts_answers-2012-12/_temporary/0/task_202204060014163071566808226606472_0003_m_000001/' directory.
[2022-04-06 00:15:03,440] {spark_submit.py:488} INFO - 22/04/06 00:15:03 INFO GoogleCloudStorageFileSystem: Successfully repaired 'gs://dtc_data_lake_de-stack-overflow/BigQuery/posts_answers-2012-12/_temporary/0/task_202204060014163145039468946757904_0003_m_000000/' directory.
[2022-04-06 00:15:03,860] {spark_submit.py:488} INFO - 22/04/06 00:15:03 INFO GoogleCloudStorageFileSystem: Successfully repaired 'gs://dtc_data_lake_de-stack-overflow/BigQuery/posts_answers-2012-12/_temporary/0/task_202204060014165445190075777696570_0003_m_000003/' directory.
[2022-04-06 00:15:04,394] {spark_submit.py:488} INFO - 22/04/06 00:15:04 INFO GoogleCloudStorageFileSystem: Successfully repaired 'gs://dtc_data_lake_de-stack-overflow/BigQuery/posts_answers-2012-12/' directory.
[2022-04-06 00:15:05,378] {spark_submit.py:488} INFO - 22/04/06 00:15:05 INFO FileFormatWriter: Write Job 1851296f-04af-4187-9bc2-5e2d4ab3a043 committed. Elapsed time: 3659 ms.
[2022-04-06 00:15:05,412] {spark_submit.py:488} INFO - 22/04/06 00:15:05 INFO FileFormatWriter: Finished processing stats for write job 1851296f-04af-4187-9bc2-5e2d4ab3a043.
[2022-04-06 00:15:06,426] {spark_submit.py:488} INFO - 22/04/06 00:15:06 INFO SparkContext: Invoking stop() from shutdown hook
[2022-04-06 00:15:06,523] {spark_submit.py:488} INFO - 22/04/06 00:15:06 INFO SparkUI: Stopped Spark web UI at http://9fe4286b2855:4045
[2022-04-06 00:15:06,788] {spark_submit.py:488} INFO - 22/04/06 00:15:06 INFO MapOutputTrackerMasterEndpoint: MapOutputTrackerMasterEndpoint stopped!
[2022-04-06 00:15:07,499] {spark_submit.py:488} INFO - 22/04/06 00:15:07 INFO MemoryStore: MemoryStore cleared
[2022-04-06 00:15:07,501] {spark_submit.py:488} INFO - 22/04/06 00:15:07 INFO BlockManager: BlockManager stopped
[2022-04-06 00:15:07,506] {spark_submit.py:488} INFO - 22/04/06 00:15:07 INFO BlockManagerMaster: BlockManagerMaster stopped
[2022-04-06 00:15:07,511] {spark_submit.py:488} INFO - 22/04/06 00:15:07 INFO OutputCommitCoordinator$OutputCommitCoordinatorEndpoint: OutputCommitCoordinator stopped!
[2022-04-06 00:15:07,814] {spark_submit.py:488} INFO - 22/04/06 00:15:07 INFO SparkContext: Successfully stopped SparkContext
[2022-04-06 00:15:07,815] {spark_submit.py:488} INFO - 22/04/06 00:15:07 INFO ShutdownHookManager: Shutdown hook called
[2022-04-06 00:15:07,815] {spark_submit.py:488} INFO - 22/04/06 00:15:07 INFO ShutdownHookManager: Deleting directory /tmp/spark-26deb00c-dc70-49e3-ae01-586b9bf68547
[2022-04-06 00:15:07,884] {spark_submit.py:488} INFO - 22/04/06 00:15:07 INFO ShutdownHookManager: Deleting directory /tmp/spark-ce9e1352-f6ef-486a-ba6f-22ac6d038abc/pyspark-2974682a-9497-45aa-91df-8fbc865dfe86
[2022-04-06 00:15:07,915] {spark_submit.py:488} INFO - 22/04/06 00:15:07 INFO ShutdownHookManager: Deleting directory /tmp/spark-ce9e1352-f6ef-486a-ba6f-22ac6d038abc
[2022-04-06 00:15:09,246] {taskinstance.py:1288} INFO - Marking task as SUCCESS. dag_id=IngestToGCP, task_id=processing_tasks_posts_answers.spark_job, execution_date=20121201T000000, start_date=20220406T000914, end_date=20220406T001509
[2022-04-06 00:15:09,486] {local_task_job.py:154} INFO - Task exited with return code 0
[2022-04-06 00:15:09,698] {local_task_job.py:264} INFO - 1 downstream tasks scheduled from follow-on schedule check
