[2022-03-30 19:59:27,035] {taskinstance.py:1037} INFO - Dependencies all met for <TaskInstance: IngestToGCP.processing_tasks_posts_questions.remove_posts_questions_csv scheduled__2009-07-01T00:00:00+00:00 [queued]>
[2022-03-30 19:59:27,204] {taskinstance.py:1037} INFO - Dependencies all met for <TaskInstance: IngestToGCP.processing_tasks_posts_questions.remove_posts_questions_csv scheduled__2009-07-01T00:00:00+00:00 [queued]>
[2022-03-30 19:59:27,204] {taskinstance.py:1243} INFO - 
--------------------------------------------------------------------------------
[2022-03-30 19:59:27,204] {taskinstance.py:1244} INFO - Starting attempt 1 of 1
[2022-03-30 19:59:27,204] {taskinstance.py:1245} INFO - 
--------------------------------------------------------------------------------
[2022-03-30 19:59:27,383] {taskinstance.py:1264} INFO - Executing <Task(BashOperator): processing_tasks_posts_questions.remove_posts_questions_csv> on 2009-07-01 00:00:00+00:00
[2022-03-30 19:59:27,452] {standard_task_runner.py:52} INFO - Started process 2871 to run task
[2022-03-30 19:59:27,458] {standard_task_runner.py:76} INFO - Running: ['***', 'tasks', 'run', 'IngestToGCP', 'processing_tasks_posts_questions.remove_posts_questions_csv', 'scheduled__2009-07-01T00:00:00+00:00', '--job-id', '146', '--raw', '--subdir', 'DAGS_FOLDER/ingest_dag.py', '--cfg-path', '/tmp/tmp0s4_l2p0', '--error-file', '/tmp/tmp5gsy2kcj']
[2022-03-30 19:59:27,460] {standard_task_runner.py:77} INFO - Job 146: Subtask processing_tasks_posts_questions.remove_posts_questions_csv
[2022-03-30 19:59:27,898] {logging_mixin.py:109} INFO - Running <TaskInstance: IngestToGCP.processing_tasks_posts_questions.remove_posts_questions_csv scheduled__2009-07-01T00:00:00+00:00 [running]> on host d9825fd5ae59
[2022-03-30 19:59:28,491] {logging_mixin.py:109} WARNING - /home/***/.local/lib/python3.7/site-packages/***/utils/context.py:156 AirflowContextDeprecationWarning: Accessing 'execution_date' from the template is deprecated and will be removed in a future version. Please use 'data_interval_start' or 'logical_date' instead.
[2022-03-30 19:59:28,650] {taskinstance.py:1431} INFO - Exporting the following env vars:
AIRFLOW_CTX_DAG_OWNER=***
AIRFLOW_CTX_DAG_ID=IngestToGCP
AIRFLOW_CTX_TASK_ID=processing_tasks_posts_questions.remove_posts_questions_csv
AIRFLOW_CTX_EXECUTION_DATE=2009-07-01T00:00:00+00:00
AIRFLOW_CTX_DAG_RUN_ID=scheduled__2009-07-01T00:00:00+00:00
[2022-03-30 19:59:28,652] {subprocess.py:62} INFO - Tmp dir root location: 
 /tmp
[2022-03-30 19:59:28,658] {subprocess.py:74} INFO - Running command: ['bash', '-c', 'rm /opt/***/posts_questions-2009-07.csv']
[2022-03-30 19:59:28,743] {subprocess.py:85} INFO - Output:
[2022-03-30 19:59:28,765] {subprocess.py:93} INFO - Command exited with return code 0
[2022-03-30 19:59:28,972] {taskinstance.py:1282} INFO - Marking task as SUCCESS. dag_id=IngestToGCP, task_id=processing_tasks_posts_questions.remove_posts_questions_csv, execution_date=20090701T000000, start_date=20220330T195927, end_date=20220330T195928
[2022-03-30 19:59:29,104] {local_task_job.py:154} INFO - Task exited with return code 0
[2022-03-30 19:59:29,454] {local_task_job.py:264} INFO - 1 downstream tasks scheduled from follow-on schedule check
[2022-04-05 22:48:20,024] {taskinstance.py:1043} INFO - Dependencies all met for <TaskInstance: IngestToGCP.processing_tasks_posts_questions.remove_posts_questions_csv scheduled__2009-07-01T00:00:00+00:00 [queued]>
[2022-04-05 22:48:20,405] {taskinstance.py:1043} INFO - Dependencies all met for <TaskInstance: IngestToGCP.processing_tasks_posts_questions.remove_posts_questions_csv scheduled__2009-07-01T00:00:00+00:00 [queued]>
[2022-04-05 22:48:20,405] {taskinstance.py:1249} INFO - 
--------------------------------------------------------------------------------
[2022-04-05 22:48:20,405] {taskinstance.py:1250} INFO - Starting attempt 1 of 1
[2022-04-05 22:48:20,405] {taskinstance.py:1251} INFO - 
--------------------------------------------------------------------------------
[2022-04-05 22:48:20,800] {taskinstance.py:1270} INFO - Executing <Task(BashOperator): processing_tasks_posts_questions.remove_posts_questions_csv> on 2009-07-01 00:00:00+00:00
[2022-04-05 22:48:20,819] {standard_task_runner.py:52} INFO - Started process 16997 to run task
[2022-04-05 22:48:20,941] {standard_task_runner.py:79} INFO - Running: ['***', 'tasks', 'run', 'IngestToGCP', 'processing_tasks_posts_questions.remove_posts_questions_csv', 'scheduled__2009-07-01T00:00:00+00:00', '--job-id', '8641', '--raw', '--subdir', 'DAGS_FOLDER/ingest_dag.py', '--cfg-path', '/tmp/tmp9flaix2b', '--error-file', '/tmp/tmp5jiek3mb']
[2022-04-05 22:48:20,943] {standard_task_runner.py:80} INFO - Job 8641: Subtask processing_tasks_posts_questions.remove_posts_questions_csv
[2022-04-05 22:48:21,768] {logging_mixin.py:109} INFO - Running <TaskInstance: IngestToGCP.processing_tasks_posts_questions.remove_posts_questions_csv scheduled__2009-07-01T00:00:00+00:00 [running]> on host 9fe4286b2855
[2022-04-05 22:48:22,555] {logging_mixin.py:109} WARNING - /home/***/.local/lib/python3.7/site-packages/***/utils/context.py:156 AirflowContextDeprecationWarning: Accessing 'execution_date' from the template is deprecated and will be removed in a future version. Please use 'data_interval_start' or 'logical_date' instead.
[2022-04-05 22:48:22,778] {taskinstance.py:1448} INFO - Exporting the following env vars:
AIRFLOW_CTX_DAG_OWNER=***
AIRFLOW_CTX_DAG_ID=IngestToGCP
AIRFLOW_CTX_TASK_ID=processing_tasks_posts_questions.remove_posts_questions_csv
AIRFLOW_CTX_EXECUTION_DATE=2009-07-01T00:00:00+00:00
AIRFLOW_CTX_DAG_RUN_ID=scheduled__2009-07-01T00:00:00+00:00
[2022-04-05 22:48:22,780] {subprocess.py:62} INFO - Tmp dir root location: 
 /tmp
[2022-04-05 22:48:22,781] {subprocess.py:74} INFO - Running command: ['bash', '-c', 'rm /opt/***/posts_questions-2009-07.csv']
[2022-04-05 22:48:23,020] {subprocess.py:85} INFO - Output:
[2022-04-05 22:48:23,146] {subprocess.py:93} INFO - Command exited with return code 0
[2022-04-05 22:48:24,546] {taskinstance.py:1288} INFO - Marking task as SUCCESS. dag_id=IngestToGCP, task_id=processing_tasks_posts_questions.remove_posts_questions_csv, execution_date=20090701T000000, start_date=20220405T224820, end_date=20220405T224824
[2022-04-05 22:48:24,822] {local_task_job.py:154} INFO - Task exited with return code 0
[2022-04-05 22:48:26,100] {local_task_job.py:264} INFO - 0 downstream tasks scheduled from follow-on schedule check
