[2022-04-07 19:20:34,910] {taskinstance.py:1043} INFO - Dependencies all met for <TaskInstance: load_to_BigQuery.create_external_posts_questions.create_posts_questions_stack_overflow_data_external_table scheduled__2014-05-01T00:00:00+00:00 [queued]>
[2022-04-07 19:20:34,933] {taskinstance.py:1043} INFO - Dependencies all met for <TaskInstance: load_to_BigQuery.create_external_posts_questions.create_posts_questions_stack_overflow_data_external_table scheduled__2014-05-01T00:00:00+00:00 [queued]>
[2022-04-07 19:20:34,933] {taskinstance.py:1249} INFO - 
--------------------------------------------------------------------------------
[2022-04-07 19:20:34,933] {taskinstance.py:1250} INFO - Starting attempt 1 of 1
[2022-04-07 19:20:34,934] {taskinstance.py:1251} INFO - 
--------------------------------------------------------------------------------
[2022-04-07 19:20:35,166] {taskinstance.py:1270} INFO - Executing <Task(BigQueryCreateExternalTableOperator): create_external_posts_questions.create_posts_questions_stack_overflow_data_external_table> on 2014-05-01 00:00:00+00:00
[2022-04-07 19:20:35,177] {standard_task_runner.py:52} INFO - Started process 1997 to run task
[2022-04-07 19:20:35,189] {standard_task_runner.py:79} INFO - Running: ['***', 'tasks', 'run', 'load_to_BigQuery', 'create_external_posts_questions.create_posts_questions_stack_overflow_data_external_table', 'scheduled__2014-05-01T00:00:00+00:00', '--job-id', '12612', '--raw', '--subdir', 'DAGS_FOLDER/load_to_BigQuery_dag.py', '--cfg-path', '/tmp/tmpg3ejw_0_', '--error-file', '/tmp/tmpc24wakn9']
[2022-04-07 19:20:35,191] {standard_task_runner.py:80} INFO - Job 12612: Subtask create_external_posts_questions.create_posts_questions_stack_overflow_data_external_table
[2022-04-07 19:20:35,295] {logging_mixin.py:109} INFO - Running <TaskInstance: load_to_BigQuery.create_external_posts_questions.create_posts_questions_stack_overflow_data_external_table scheduled__2014-05-01T00:00:00+00:00 [running]> on host 2c54f2187010
[2022-04-07 19:20:35,407] {logging_mixin.py:109} WARNING - /home/***/.local/lib/python3.7/site-packages/***/utils/context.py:156 AirflowContextDeprecationWarning: Accessing 'execution_date' from the template is deprecated and will be removed in a future version. Please use 'data_interval_start' or 'logical_date' instead.
[2022-04-07 19:20:35,491] {taskinstance.py:1448} INFO - Exporting the following env vars:
AIRFLOW_CTX_DAG_OWNER=***
AIRFLOW_CTX_DAG_ID=load_to_BigQuery
AIRFLOW_CTX_TASK_ID=create_external_posts_questions.create_posts_questions_stack_overflow_data_external_table
AIRFLOW_CTX_EXECUTION_DATE=2014-05-01T00:00:00+00:00
AIRFLOW_CTX_DAG_RUN_ID=scheduled__2014-05-01T00:00:00+00:00
[2022-04-07 19:20:35,493] {crypto.py:82} WARNING - empty cryptography key - values will not be stored encrypted.
[2022-04-07 19:20:36,126] {taskinstance.py:1288} INFO - Marking task as SUCCESS. dag_id=load_to_BigQuery, task_id=create_external_posts_questions.create_posts_questions_stack_overflow_data_external_table, execution_date=20140501T000000, start_date=20220407T192034, end_date=20220407T192036
[2022-04-07 19:20:36,204] {local_task_job.py:154} INFO - Task exited with return code 0
[2022-04-07 19:20:36,396] {local_task_job.py:264} INFO - 1 downstream tasks scheduled from follow-on schedule check
[2022-04-07 22:14:16,205] {taskinstance.py:1043} INFO - Dependencies all met for <TaskInstance: load_to_BigQuery.create_external_posts_questions.create_posts_questions_stack_overflow_data_external_table scheduled__2014-05-01T00:00:00+00:00 [queued]>
[2022-04-07 22:14:16,238] {taskinstance.py:1043} INFO - Dependencies all met for <TaskInstance: load_to_BigQuery.create_external_posts_questions.create_posts_questions_stack_overflow_data_external_table scheduled__2014-05-01T00:00:00+00:00 [queued]>
[2022-04-07 22:14:16,238] {taskinstance.py:1249} INFO - 
--------------------------------------------------------------------------------
[2022-04-07 22:14:16,238] {taskinstance.py:1250} INFO - Starting attempt 1 of 1
[2022-04-07 22:14:16,238] {taskinstance.py:1251} INFO - 
--------------------------------------------------------------------------------
[2022-04-07 22:14:16,496] {taskinstance.py:1270} INFO - Executing <Task(BigQueryCreateExternalTableOperator): create_external_posts_questions.create_posts_questions_stack_overflow_data_external_table> on 2014-05-01 00:00:00+00:00
[2022-04-07 22:14:16,513] {standard_task_runner.py:52} INFO - Started process 4310 to run task
[2022-04-07 22:14:16,535] {standard_task_runner.py:79} INFO - Running: ['***', 'tasks', 'run', 'load_to_BigQuery', 'create_external_posts_questions.create_posts_questions_stack_overflow_data_external_table', 'scheduled__2014-05-01T00:00:00+00:00', '--job-id', '13868', '--raw', '--subdir', 'DAGS_FOLDER/load_to_BigQuery_dag.py', '--cfg-path', '/tmp/tmpqhhfsmet', '--error-file', '/tmp/tmpfbiy_4sw']
[2022-04-07 22:14:16,542] {standard_task_runner.py:80} INFO - Job 13868: Subtask create_external_posts_questions.create_posts_questions_stack_overflow_data_external_table
[2022-04-07 22:14:16,798] {logging_mixin.py:109} INFO - Running <TaskInstance: load_to_BigQuery.create_external_posts_questions.create_posts_questions_stack_overflow_data_external_table scheduled__2014-05-01T00:00:00+00:00 [running]> on host 36107d30f64e
[2022-04-07 22:14:16,961] {logging_mixin.py:109} WARNING - /home/***/.local/lib/python3.7/site-packages/***/utils/context.py:156 AirflowContextDeprecationWarning: Accessing 'execution_date' from the template is deprecated and will be removed in a future version. Please use 'data_interval_start' or 'logical_date' instead.
[2022-04-07 22:14:17,020] {taskinstance.py:1448} INFO - Exporting the following env vars:
AIRFLOW_CTX_DAG_OWNER=***
AIRFLOW_CTX_DAG_ID=load_to_BigQuery
AIRFLOW_CTX_TASK_ID=create_external_posts_questions.create_posts_questions_stack_overflow_data_external_table
AIRFLOW_CTX_EXECUTION_DATE=2014-05-01T00:00:00+00:00
AIRFLOW_CTX_DAG_RUN_ID=scheduled__2014-05-01T00:00:00+00:00
[2022-04-07 22:14:17,022] {crypto.py:82} WARNING - empty cryptography key - values will not be stored encrypted.
[2022-04-07 22:14:17,558] {taskinstance.py:1288} INFO - Marking task as SUCCESS. dag_id=load_to_BigQuery, task_id=create_external_posts_questions.create_posts_questions_stack_overflow_data_external_table, execution_date=20140501T000000, start_date=20220407T221416, end_date=20220407T221417
[2022-04-07 22:14:17,650] {local_task_job.py:154} INFO - Task exited with return code 0
[2022-04-07 22:14:17,728] {local_task_job.py:264} INFO - 1 downstream tasks scheduled from follow-on schedule check
