[2022-04-06 02:47:51,056] {taskinstance.py:1043} INFO - Dependencies all met for <TaskInstance: IngestToGCP.processing_tasks_users.spark_job scheduled__2018-11-01T00:00:00+00:00 [queued]>
[2022-04-06 02:47:51,076] {taskinstance.py:1043} INFO - Dependencies all met for <TaskInstance: IngestToGCP.processing_tasks_users.spark_job scheduled__2018-11-01T00:00:00+00:00 [queued]>
[2022-04-06 02:47:51,077] {taskinstance.py:1249} INFO - 
--------------------------------------------------------------------------------
[2022-04-06 02:47:51,077] {taskinstance.py:1250} INFO - Starting attempt 1 of 1
[2022-04-06 02:47:51,077] {taskinstance.py:1251} INFO - 
--------------------------------------------------------------------------------
[2022-04-06 02:47:51,106] {taskinstance.py:1270} INFO - Executing <Task(SparkSubmitOperator): processing_tasks_users.spark_job> on 2018-11-01 00:00:00+00:00
[2022-04-06 02:47:51,187] {standard_task_runner.py:52} INFO - Started process 187856 to run task
[2022-04-06 02:47:51,184] {standard_task_runner.py:79} INFO - Running: ['***', 'tasks', 'run', 'IngestToGCP', 'processing_tasks_users.spark_job', 'scheduled__2018-11-01T00:00:00+00:00', '--job-id', '11339', '--raw', '--subdir', 'DAGS_FOLDER/ingest_dag.py', '--cfg-path', '/tmp/tmp6g0hwjbs', '--error-file', '/tmp/tmp9xkfchpo']
[2022-04-06 02:47:51,202] {standard_task_runner.py:80} INFO - Job 11339: Subtask processing_tasks_users.spark_job
[2022-04-06 02:47:52,153] {logging_mixin.py:109} INFO - Running <TaskInstance: IngestToGCP.processing_tasks_users.spark_job scheduled__2018-11-01T00:00:00+00:00 [running]> on host 9fe4286b2855
[2022-04-06 02:47:52,732] {logging_mixin.py:109} WARNING - /home/***/.local/lib/python3.7/site-packages/***/utils/context.py:156 AirflowContextDeprecationWarning: Accessing 'execution_date' from the template is deprecated and will be removed in a future version. Please use 'data_interval_start' or 'logical_date' instead.
[2022-04-06 02:47:52,854] {taskinstance.py:1448} INFO - Exporting the following env vars:
AIRFLOW_CTX_DAG_OWNER=***
AIRFLOW_CTX_DAG_ID=IngestToGCP
AIRFLOW_CTX_TASK_ID=processing_tasks_users.spark_job
AIRFLOW_CTX_EXECUTION_DATE=2018-11-01T00:00:00+00:00
AIRFLOW_CTX_DAG_RUN_ID=scheduled__2018-11-01T00:00:00+00:00
[2022-04-06 02:47:52,880] {base.py:79} INFO - Using connection to: id: spark_project. Host: spark://spark, Port: 7077, Schema: , Login: , Password: None, extra: {'queue': 'root.default'}
[2022-04-06 02:47:52,882] {spark_submit.py:335} INFO - Spark-Submit cmd: spark-submit --master spark://spark:7077 --conf spark.master=local[*] --name format_schema --verbose --queue root.default ./dags/pyspark_parquet_transformation.py users 2018-11
[2022-04-06 02:48:28,305] {spark_submit.py:488} INFO - Using properties file: null
[2022-04-06 02:48:29,841] {spark_submit.py:488} INFO - WARNING: An illegal reflective access operation has occurred
[2022-04-06 02:48:29,841] {spark_submit.py:488} INFO - WARNING: Illegal reflective access by org.apache.spark.unsafe.Platform (file:/opt/***/spark/spark-3.2.1-bin-hadoop3.2/jars/spark-unsafe_2.12-3.2.1.jar) to constructor java.nio.DirectByteBuffer(long,int)
[2022-04-06 02:48:29,841] {spark_submit.py:488} INFO - WARNING: Please consider reporting this to the maintainers of org.apache.spark.unsafe.Platform
[2022-04-06 02:48:29,841] {spark_submit.py:488} INFO - WARNING: Use --illegal-access=warn to enable warnings of further illegal reflective access operations
[2022-04-06 02:48:29,841] {spark_submit.py:488} INFO - WARNING: All illegal access operations will be denied in a future release
[2022-04-06 02:48:31,177] {spark_submit.py:488} INFO - Parsed arguments:
[2022-04-06 02:48:31,177] {spark_submit.py:488} INFO - master                  spark://spark:7077
[2022-04-06 02:48:31,177] {spark_submit.py:488} INFO - deployMode              null
[2022-04-06 02:48:31,177] {spark_submit.py:488} INFO - executorMemory          null
[2022-04-06 02:48:31,177] {spark_submit.py:488} INFO - executorCores           null
[2022-04-06 02:48:31,177] {spark_submit.py:488} INFO - totalExecutorCores      null
[2022-04-06 02:48:31,177] {spark_submit.py:488} INFO - propertiesFile          null
[2022-04-06 02:48:31,177] {spark_submit.py:488} INFO - driverMemory            null
[2022-04-06 02:48:31,178] {spark_submit.py:488} INFO - driverCores             null
[2022-04-06 02:48:31,178] {spark_submit.py:488} INFO - driverExtraClassPath    null
[2022-04-06 02:48:31,178] {spark_submit.py:488} INFO - driverExtraLibraryPath  null
[2022-04-06 02:48:31,178] {spark_submit.py:488} INFO - driverExtraJavaOptions  null
[2022-04-06 02:48:31,178] {spark_submit.py:488} INFO - supervise               false
[2022-04-06 02:48:31,178] {spark_submit.py:488} INFO - queue                   root.default
[2022-04-06 02:48:31,178] {spark_submit.py:488} INFO - numExecutors            null
[2022-04-06 02:48:31,178] {spark_submit.py:488} INFO - files                   null
[2022-04-06 02:48:31,178] {spark_submit.py:488} INFO - pyFiles                 null
[2022-04-06 02:48:31,178] {spark_submit.py:488} INFO - archives                null
[2022-04-06 02:48:31,178] {spark_submit.py:488} INFO - mainClass               null
[2022-04-06 02:48:31,178] {spark_submit.py:488} INFO - primaryResource         file:/opt/***/dags/pyspark_parquet_transformation.py
[2022-04-06 02:48:31,178] {spark_submit.py:488} INFO - name                    format_schema
[2022-04-06 02:48:31,178] {spark_submit.py:488} INFO - childArgs               [users 2018-11]
[2022-04-06 02:48:31,178] {spark_submit.py:488} INFO - jars                    null
[2022-04-06 02:48:31,179] {spark_submit.py:488} INFO - packages                null
[2022-04-06 02:48:31,179] {spark_submit.py:488} INFO - packagesExclusions      null
[2022-04-06 02:48:31,179] {spark_submit.py:488} INFO - repositories            null
[2022-04-06 02:48:31,179] {spark_submit.py:488} INFO - verbose                 true
[2022-04-06 02:48:31,179] {spark_submit.py:488} INFO - 
[2022-04-06 02:48:31,179] {spark_submit.py:488} INFO - Spark properties used, including those specified through
[2022-04-06 02:48:31,179] {spark_submit.py:488} INFO - --conf and those from the properties file null:
[2022-04-06 02:48:31,179] {spark_submit.py:488} INFO - (spark.master,local[*])
[2022-04-06 02:48:31,179] {spark_submit.py:488} INFO - 
[2022-04-06 02:48:31,181] {spark_submit.py:488} INFO - 
[2022-04-06 02:48:35,124] {spark_submit.py:488} INFO - Main class:
[2022-04-06 02:48:35,128] {spark_submit.py:488} INFO - org.apache.spark.deploy.PythonRunner
[2022-04-06 02:48:35,129] {spark_submit.py:488} INFO - Arguments:
[2022-04-06 02:48:35,129] {spark_submit.py:488} INFO - file:/opt/***/dags/pyspark_parquet_transformation.py
[2022-04-06 02:48:35,129] {spark_submit.py:488} INFO - null
[2022-04-06 02:48:35,129] {spark_submit.py:488} INFO - users
[2022-04-06 02:48:35,132] {spark_submit.py:488} INFO - 2018-11
[2022-04-06 02:48:35,189] {spark_submit.py:488} INFO - Spark config:
[2022-04-06 02:48:35,189] {spark_submit.py:488} INFO - (spark.master,spark://spark:7077)
[2022-04-06 02:48:35,189] {spark_submit.py:488} INFO - (spark.submit.pyFiles,)
[2022-04-06 02:48:35,189] {spark_submit.py:488} INFO - (spark.submit.deployMode,client)
[2022-04-06 02:48:35,189] {spark_submit.py:488} INFO - (spark.app.name,format_schema)
[2022-04-06 02:48:35,190] {spark_submit.py:488} INFO - Classpath elements:
[2022-04-06 02:48:35,212] {spark_submit.py:488} INFO - 
[2022-04-06 02:48:35,213] {spark_submit.py:488} INFO - 
[2022-04-06 02:48:35,218] {spark_submit.py:488} INFO - 
[2022-04-06 02:48:45,856] {spark_submit.py:488} INFO - Using Spark's default log4j profile: org/apache/spark/log4j-defaults.properties
[2022-04-06 02:48:46,113] {spark_submit.py:488} INFO - 22/04/06 02:48:46 INFO SparkContext: Running Spark version 3.2.1
[2022-04-06 02:48:48,574] {spark_submit.py:488} INFO - 22/04/06 02:48:48 WARN NativeCodeLoader: Unable to load native-hadoop library for your platform... using builtin-java classes where applicable
[2022-04-06 02:48:50,292] {spark_submit.py:488} INFO - 22/04/06 02:48:50 INFO ResourceUtils: ==============================================================
[2022-04-06 02:48:50,294] {spark_submit.py:488} INFO - 22/04/06 02:48:50 INFO ResourceUtils: No custom resources configured for spark.driver.
[2022-04-06 02:48:50,295] {spark_submit.py:488} INFO - 22/04/06 02:48:50 INFO ResourceUtils: ==============================================================
[2022-04-06 02:48:50,303] {spark_submit.py:488} INFO - 22/04/06 02:48:50 INFO SparkContext: Submitted application: Modidy Schema
[2022-04-06 02:48:50,504] {spark_submit.py:488} INFO - 22/04/06 02:48:50 INFO ResourceProfile: Default ResourceProfile created, executor resources: Map(cores -> name: cores, amount: 1, script: , vendor: , memory -> name: memory, amount: 1024, script: , vendor: , offHeap -> name: offHeap, amount: 0, script: , vendor: ), task resources: Map(cpus -> name: cpus, amount: 1.0)
[2022-04-06 02:48:50,669] {spark_submit.py:488} INFO - 22/04/06 02:48:50 INFO ResourceProfile: Limiting resource is cpu
[2022-04-06 02:48:50,705] {spark_submit.py:488} INFO - 22/04/06 02:48:50 INFO ResourceProfileManager: Added ResourceProfile id: 0
[2022-04-06 02:48:51,545] {spark_submit.py:488} INFO - 22/04/06 02:48:51 INFO SecurityManager: Changing view acls to: default
[2022-04-06 02:48:51,554] {spark_submit.py:488} INFO - 22/04/06 02:48:51 INFO SecurityManager: Changing modify acls to: default
[2022-04-06 02:48:51,555] {spark_submit.py:488} INFO - 22/04/06 02:48:51 INFO SecurityManager: Changing view acls groups to:
[2022-04-06 02:48:51,573] {spark_submit.py:488} INFO - 22/04/06 02:48:51 INFO SecurityManager: Changing modify acls groups to:
[2022-04-06 02:48:51,586] {spark_submit.py:488} INFO - 22/04/06 02:48:51 INFO SecurityManager: SecurityManager: authentication disabled; ui acls disabled; users  with view permissions: Set(default); groups with view permissions: Set(); users  with modify permissions: Set(default); groups with modify permissions: Set()
[2022-04-06 02:48:55,404] {spark_submit.py:488} INFO - 22/04/06 02:48:55 INFO Utils: Successfully started service 'sparkDriver' on port 41395.
[2022-04-06 02:48:55,853] {spark_submit.py:488} INFO - 22/04/06 02:48:55 INFO SparkEnv: Registering MapOutputTracker
[2022-04-06 02:48:56,392] {spark_submit.py:488} INFO - 22/04/06 02:48:56 INFO SparkEnv: Registering BlockManagerMaster
[2022-04-06 02:48:56,589] {spark_submit.py:488} INFO - 22/04/06 02:48:56 INFO BlockManagerMasterEndpoint: Using org.apache.spark.storage.DefaultTopologyMapper for getting topology information
[2022-04-06 02:48:56,591] {spark_submit.py:488} INFO - 22/04/06 02:48:56 INFO BlockManagerMasterEndpoint: BlockManagerMasterEndpoint up
[2022-04-06 02:48:56,650] {spark_submit.py:488} INFO - 22/04/06 02:48:56 INFO SparkEnv: Registering BlockManagerMasterHeartbeat
[2022-04-06 02:48:56,849] {spark_submit.py:488} INFO - 22/04/06 02:48:56 INFO DiskBlockManager: Created local directory at /tmp/blockmgr-2000fbd3-02e8-4ad3-8ce3-eaf90501464c
[2022-04-06 02:48:57,206] {spark_submit.py:488} INFO - 22/04/06 02:48:57 INFO MemoryStore: MemoryStore started with capacity 434.4 MiB
[2022-04-06 02:48:57,410] {spark_submit.py:488} INFO - 22/04/06 02:48:57 INFO SparkEnv: Registering OutputCommitCoordinator
[2022-04-06 02:49:01,010] {spark_submit.py:488} INFO - 22/04/06 02:49:01 WARN Utils: Service 'SparkUI' could not bind on port 4040. Attempting port 4041.
[2022-04-06 02:49:01,011] {spark_submit.py:488} INFO - 22/04/06 02:49:01 WARN Utils: Service 'SparkUI' could not bind on port 4041. Attempting port 4042.
[2022-04-06 02:49:01,012] {spark_submit.py:488} INFO - 22/04/06 02:49:01 WARN Utils: Service 'SparkUI' could not bind on port 4042. Attempting port 4043.
[2022-04-06 02:49:01,012] {spark_submit.py:488} INFO - 22/04/06 02:49:01 WARN Utils: Service 'SparkUI' could not bind on port 4043. Attempting port 4044.
[2022-04-06 02:49:01,203] {spark_submit.py:488} INFO - 22/04/06 02:49:01 INFO Utils: Successfully started service 'SparkUI' on port 4044.
[2022-04-06 02:49:02,553] {spark_submit.py:488} INFO - 22/04/06 02:49:02 INFO SparkUI: Bound SparkUI to 0.0.0.0, and started at http://9fe4286b2855:4044
[2022-04-06 02:49:05,574] {spark_submit.py:488} INFO - 22/04/06 02:49:05 INFO Executor: Starting executor ID driver on host 9fe4286b2855
[2022-04-06 02:49:05,886] {spark_submit.py:488} INFO - 22/04/06 02:49:05 INFO Utils: Successfully started service 'org.apache.spark.network.netty.NettyBlockTransferService' on port 39149.
[2022-04-06 02:49:05,886] {spark_submit.py:488} INFO - 22/04/06 02:49:05 INFO NettyBlockTransferService: Server created on 9fe4286b2855:39149
[2022-04-06 02:49:05,890] {spark_submit.py:488} INFO - 22/04/06 02:49:05 INFO BlockManager: Using org.apache.spark.storage.RandomBlockReplicationPolicy for block replication policy
[2022-04-06 02:49:05,943] {spark_submit.py:488} INFO - 22/04/06 02:49:05 INFO BlockManagerMaster: Registering BlockManager BlockManagerId(driver, 9fe4286b2855, 39149, None)
[2022-04-06 02:49:05,964] {spark_submit.py:488} INFO - 22/04/06 02:49:05 INFO BlockManagerMasterEndpoint: Registering block manager 9fe4286b2855:39149 with 434.4 MiB RAM, BlockManagerId(driver, 9fe4286b2855, 39149, None)
[2022-04-06 02:49:05,970] {spark_submit.py:488} INFO - 22/04/06 02:49:05 INFO BlockManagerMaster: Registered BlockManager BlockManagerId(driver, 9fe4286b2855, 39149, None)
[2022-04-06 02:49:05,984] {spark_submit.py:488} INFO - 22/04/06 02:49:05 INFO BlockManager: Initialized BlockManager: BlockManagerId(driver, 9fe4286b2855, 39149, None)
[2022-04-06 02:49:21,196] {spark_submit.py:488} INFO - 22/04/06 02:49:21 INFO SharedState: Setting hive.metastore.warehouse.dir ('null') to the value of spark.sql.warehouse.dir.
[2022-04-06 02:49:21,729] {spark_submit.py:488} INFO - 22/04/06 02:49:21 INFO SharedState: Warehouse path is 'file:/opt/***/spark-warehouse'.
[2022-04-06 02:49:49,798] {spark_submit.py:488} INFO - 22/04/06 02:49:49 INFO InMemoryFileIndex: It took 554 ms to list leaf files for 1 paths.
[2022-04-06 02:49:55,871] {spark_submit.py:488} INFO - 22/04/06 02:49:55 INFO SparkContext: Starting job: parquet at NativeMethodAccessorImpl.java:0
[2022-04-06 02:49:56,074] {spark_submit.py:488} INFO - 22/04/06 02:49:56 INFO DAGScheduler: Got job 0 (parquet at NativeMethodAccessorImpl.java:0) with 1 output partitions
[2022-04-06 02:49:56,108] {spark_submit.py:488} INFO - 22/04/06 02:49:56 INFO DAGScheduler: Final stage: ResultStage 0 (parquet at NativeMethodAccessorImpl.java:0)
[2022-04-06 02:49:56,109] {spark_submit.py:488} INFO - 22/04/06 02:49:56 INFO DAGScheduler: Parents of final stage: List()
[2022-04-06 02:49:56,111] {spark_submit.py:488} INFO - 22/04/06 02:49:56 INFO DAGScheduler: Missing parents: List()
[2022-04-06 02:49:56,205] {spark_submit.py:488} INFO - 22/04/06 02:49:56 INFO DAGScheduler: Submitting ResultStage 0 (MapPartitionsRDD[1] at parquet at NativeMethodAccessorImpl.java:0), which has no missing parents
[2022-04-06 02:49:57,277] {spark_submit.py:488} INFO - 22/04/06 02:49:57 INFO MemoryStore: Block broadcast_0 stored as values in memory (estimated size 100.1 KiB, free 434.3 MiB)
[2022-04-06 02:49:57,649] {spark_submit.py:488} INFO - 22/04/06 02:49:57 INFO MemoryStore: Block broadcast_0_piece0 stored as bytes in memory (estimated size 35.7 KiB, free 434.3 MiB)
[2022-04-06 02:49:57,667] {spark_submit.py:488} INFO - 22/04/06 02:49:57 INFO BlockManagerInfo: Added broadcast_0_piece0 in memory on 9fe4286b2855:39149 (size: 35.7 KiB, free: 434.4 MiB)
[2022-04-06 02:49:57,697] {spark_submit.py:488} INFO - 22/04/06 02:49:57 INFO SparkContext: Created broadcast 0 from broadcast at DAGScheduler.scala:1478
[2022-04-06 02:49:57,907] {spark_submit.py:488} INFO - 22/04/06 02:49:57 INFO DAGScheduler: Submitting 1 missing tasks from ResultStage 0 (MapPartitionsRDD[1] at parquet at NativeMethodAccessorImpl.java:0) (first 15 tasks are for partitions Vector(0))
[2022-04-06 02:49:57,917] {spark_submit.py:488} INFO - 22/04/06 02:49:57 INFO TaskSchedulerImpl: Adding task set 0.0 with 1 tasks resource profile 0
[2022-04-06 02:49:58,623] {spark_submit.py:488} INFO - 22/04/06 02:49:58 INFO TaskSetManager: Starting task 0.0 in stage 0.0 (TID 0) (9fe4286b2855, executor driver, partition 0, PROCESS_LOCAL, 4614 bytes) taskResourceAssignments Map()
[2022-04-06 02:49:59,002] {spark_submit.py:488} INFO - 22/04/06 02:49:59 INFO Executor: Running task 0.0 in stage 0.0 (TID 0)
[2022-04-06 02:50:07,461] {spark_submit.py:488} INFO - 22/04/06 02:50:07 INFO Executor: Finished task 0.0 in stage 0.0 (TID 0). 2188 bytes result sent to driver
[2022-04-06 02:50:07,619] {spark_submit.py:488} INFO - 22/04/06 02:50:07 INFO TaskSetManager: Finished task 0.0 in stage 0.0 (TID 0) in 9370 ms on 9fe4286b2855 (executor driver) (1/1)
[2022-04-06 02:50:07,632] {spark_submit.py:488} INFO - 22/04/06 02:50:07 INFO DAGScheduler: ResultStage 0 (parquet at NativeMethodAccessorImpl.java:0) finished in 11.247 s
[2022-04-06 02:50:07,696] {spark_submit.py:488} INFO - 22/04/06 02:50:07 INFO TaskSchedulerImpl: Removed TaskSet 0.0, whose tasks have all completed, from pool
[2022-04-06 02:50:07,699] {spark_submit.py:488} INFO - 22/04/06 02:50:07 INFO DAGScheduler: Job 0 is finished. Cancelling potential speculative or zombie tasks for this job
[2022-04-06 02:50:07,700] {spark_submit.py:488} INFO - 22/04/06 02:50:07 INFO TaskSchedulerImpl: Killing all running tasks in stage 0: Stage finished
[2022-04-06 02:50:07,708] {spark_submit.py:488} INFO - 22/04/06 02:50:07 INFO DAGScheduler: Job 0 finished: parquet at NativeMethodAccessorImpl.java:0, took 11.832735 s
[2022-04-06 02:50:13,526] {spark_submit.py:488} INFO - 22/04/06 02:50:13 INFO BlockManagerInfo: Removed broadcast_0_piece0 on 9fe4286b2855:39149 in memory (size: 35.7 KiB, free: 434.4 MiB)
[2022-04-06 02:50:55,322] {spark_submit.py:488} INFO - 22/04/06 02:50:55 INFO FileSourceStrategy: Pushed Filters:
[2022-04-06 02:50:55,372] {spark_submit.py:488} INFO - 22/04/06 02:50:55 INFO FileSourceStrategy: Post-Scan Filters:
[2022-04-06 02:50:55,391] {spark_submit.py:488} INFO - 22/04/06 02:50:55 INFO FileSourceStrategy: Output Data Schema: struct<id: bigint, display_name: string, about_me: string, age: double, creation_date: string ... 12 more fields>
[2022-04-06 02:50:58,485] {spark_submit.py:488} INFO - 22/04/06 02:50:58 INFO ParquetFileFormat: Using default output committer for Parquet: org.apache.parquet.hadoop.ParquetOutputCommitter
[2022-04-06 02:50:58,989] {spark_submit.py:488} INFO - 22/04/06 02:50:58 INFO FileOutputCommitter: File Output Committer Algorithm version is 1
[2022-04-06 02:50:58,989] {spark_submit.py:488} INFO - 22/04/06 02:50:58 INFO FileOutputCommitter: FileOutputCommitter skip cleanup _temporary folders under output directory:false, ignore cleanup failures: false
[2022-04-06 02:50:58,993] {spark_submit.py:488} INFO - 22/04/06 02:50:58 INFO SQLHadoopMapReduceCommitProtocol: Using user defined output committer class org.apache.parquet.hadoop.ParquetOutputCommitter
[2022-04-06 02:50:58,994] {spark_submit.py:488} INFO - 22/04/06 02:50:58 INFO FileOutputCommitter: File Output Committer Algorithm version is 1
[2022-04-06 02:50:58,994] {spark_submit.py:488} INFO - 22/04/06 02:50:58 INFO FileOutputCommitter: FileOutputCommitter skip cleanup _temporary folders under output directory:false, ignore cleanup failures: false
[2022-04-06 02:50:58,996] {spark_submit.py:488} INFO - 22/04/06 02:50:58 INFO SQLHadoopMapReduceCommitProtocol: Using output committer class org.apache.parquet.hadoop.ParquetOutputCommitter
[2022-04-06 02:51:07,874] {spark_submit.py:488} INFO - 22/04/06 02:51:07 INFO CodeGenerator: Code generated in 4828.461523 ms
[2022-04-06 02:51:08,181] {spark_submit.py:488} INFO - 22/04/06 02:51:08 INFO MemoryStore: Block broadcast_1 stored as values in memory (estimated size 193.3 KiB, free 434.2 MiB)
[2022-04-06 02:51:08,367] {spark_submit.py:488} INFO - 22/04/06 02:51:08 INFO MemoryStore: Block broadcast_1_piece0 stored as bytes in memory (estimated size 33.9 KiB, free 434.2 MiB)
[2022-04-06 02:51:08,369] {spark_submit.py:488} INFO - 22/04/06 02:51:08 INFO BlockManagerInfo: Added broadcast_1_piece0 in memory on 9fe4286b2855:39149 (size: 33.9 KiB, free: 434.4 MiB)
[2022-04-06 02:51:08,396] {spark_submit.py:488} INFO - 22/04/06 02:51:08 INFO SparkContext: Created broadcast 1 from save at NativeMethodAccessorImpl.java:0
[2022-04-06 02:51:08,534] {spark_submit.py:488} INFO - 22/04/06 02:51:08 INFO FileSourceScanExec: Planning scan with bin packing, max size: 4318031 bytes, open cost is considered as scanning 4194304 bytes.
[2022-04-06 02:51:09,514] {spark_submit.py:488} INFO - 22/04/06 02:51:09 INFO DAGScheduler: Registering RDD 6 (save at NativeMethodAccessorImpl.java:0) as input to shuffle 0
[2022-04-06 02:51:09,523] {spark_submit.py:488} INFO - 22/04/06 02:51:09 INFO DAGScheduler: Got map stage job 1 (save at NativeMethodAccessorImpl.java:0) with 4 output partitions
[2022-04-06 02:51:09,524] {spark_submit.py:488} INFO - 22/04/06 02:51:09 INFO DAGScheduler: Final stage: ShuffleMapStage 1 (save at NativeMethodAccessorImpl.java:0)
[2022-04-06 02:51:09,524] {spark_submit.py:488} INFO - 22/04/06 02:51:09 INFO DAGScheduler: Parents of final stage: List()
[2022-04-06 02:51:09,556] {spark_submit.py:488} INFO - 22/04/06 02:51:09 INFO DAGScheduler: Missing parents: List()
[2022-04-06 02:51:09,592] {spark_submit.py:488} INFO - 22/04/06 02:51:09 INFO DAGScheduler: Submitting ShuffleMapStage 1 (MapPartitionsRDD[6] at save at NativeMethodAccessorImpl.java:0), which has no missing parents
[2022-04-06 02:51:10,145] {spark_submit.py:488} INFO - 22/04/06 02:51:10 INFO MemoryStore: Block broadcast_2 stored as values in memory (estimated size 26.1 KiB, free 434.2 MiB)
[2022-04-06 02:51:10,233] {spark_submit.py:488} INFO - 22/04/06 02:51:10 INFO MemoryStore: Block broadcast_2_piece0 stored as bytes in memory (estimated size 9.4 KiB, free 434.1 MiB)
[2022-04-06 02:51:10,236] {spark_submit.py:488} INFO - 22/04/06 02:51:10 INFO BlockManagerInfo: Added broadcast_2_piece0 in memory on 9fe4286b2855:39149 (size: 9.4 KiB, free: 434.4 MiB)
[2022-04-06 02:51:10,265] {spark_submit.py:488} INFO - 22/04/06 02:51:10 INFO SparkContext: Created broadcast 2 from broadcast at DAGScheduler.scala:1478
[2022-04-06 02:51:10,272] {spark_submit.py:488} INFO - 22/04/06 02:51:10 INFO DAGScheduler: Submitting 4 missing tasks from ShuffleMapStage 1 (MapPartitionsRDD[6] at save at NativeMethodAccessorImpl.java:0) (first 15 tasks are for partitions Vector(0, 1, 2, 3))
[2022-04-06 02:51:10,272] {spark_submit.py:488} INFO - 22/04/06 02:51:10 INFO TaskSchedulerImpl: Adding task set 1.0 with 4 tasks resource profile 0
[2022-04-06 02:51:10,284] {spark_submit.py:488} INFO - 22/04/06 02:51:10 INFO TaskSetManager: Starting task 0.0 in stage 1.0 (TID 1) (9fe4286b2855, executor driver, partition 0, PROCESS_LOCAL, 4880 bytes) taskResourceAssignments Map()
[2022-04-06 02:51:10,289] {spark_submit.py:488} INFO - 22/04/06 02:51:10 INFO TaskSetManager: Starting task 1.0 in stage 1.0 (TID 2) (9fe4286b2855, executor driver, partition 1, PROCESS_LOCAL, 4880 bytes) taskResourceAssignments Map()
[2022-04-06 02:51:10,295] {spark_submit.py:488} INFO - 22/04/06 02:51:10 INFO TaskSetManager: Starting task 2.0 in stage 1.0 (TID 3) (9fe4286b2855, executor driver, partition 2, PROCESS_LOCAL, 4880 bytes) taskResourceAssignments Map()
[2022-04-06 02:51:10,302] {spark_submit.py:488} INFO - 22/04/06 02:51:10 INFO TaskSetManager: Starting task 3.0 in stage 1.0 (TID 4) (9fe4286b2855, executor driver, partition 3, PROCESS_LOCAL, 4880 bytes) taskResourceAssignments Map()
[2022-04-06 02:51:10,415] {spark_submit.py:488} INFO - 22/04/06 02:51:10 INFO Executor: Running task 0.0 in stage 1.0 (TID 1)
[2022-04-06 02:51:10,463] {spark_submit.py:488} INFO - 22/04/06 02:51:10 INFO Executor: Running task 1.0 in stage 1.0 (TID 2)
[2022-04-06 02:51:10,475] {spark_submit.py:488} INFO - 22/04/06 02:51:10 INFO Executor: Running task 2.0 in stage 1.0 (TID 3)
[2022-04-06 02:51:10,492] {spark_submit.py:488} INFO - 22/04/06 02:51:10 INFO Executor: Running task 3.0 in stage 1.0 (TID 4)
[2022-04-06 02:51:11,134] {spark_submit.py:488} INFO - 22/04/06 02:51:11 INFO FileScanRDD: Reading File path: gs://dtc_data_lake_de-stack-overflow/parquet/users-2018-11.parquet, range: 4318031-8636062, partition values: [empty row]
[2022-04-06 02:51:11,152] {spark_submit.py:488} INFO - 22/04/06 02:51:11 INFO FileScanRDD: Reading File path: gs://dtc_data_lake_de-stack-overflow/parquet/users-2018-11.parquet, range: 0-4318031, partition values: [empty row]
[2022-04-06 02:51:11,168] {spark_submit.py:488} INFO - 22/04/06 02:51:11 INFO FileScanRDD: Reading File path: gs://dtc_data_lake_de-stack-overflow/parquet/users-2018-11.parquet, range: 12954093-13077823, partition values: [empty row]
[2022-04-06 02:51:11,169] {spark_submit.py:488} INFO - 22/04/06 02:51:11 INFO FileScanRDD: Reading File path: gs://dtc_data_lake_de-stack-overflow/parquet/users-2018-11.parquet, range: 8636062-12954093, partition values: [empty row]
[2022-04-06 02:51:14,001] {spark_submit.py:488} INFO - 22/04/06 02:51:14 INFO Executor: Finished task 0.0 in stage 1.0 (TID 1). 1900 bytes result sent to driver
[2022-04-06 02:51:14,003] {spark_submit.py:488} INFO - 22/04/06 02:51:14 INFO Executor: Finished task 2.0 in stage 1.0 (TID 3). 1900 bytes result sent to driver
[2022-04-06 02:51:14,010] {spark_submit.py:488} INFO - 22/04/06 02:51:14 INFO Executor: Finished task 3.0 in stage 1.0 (TID 4). 1857 bytes result sent to driver
[2022-04-06 02:51:14,067] {spark_submit.py:488} INFO - 22/04/06 02:51:14 INFO TaskSetManager: Finished task 0.0 in stage 1.0 (TID 1) in 3793 ms on 9fe4286b2855 (executor driver) (1/4)
[2022-04-06 02:51:14,068] {spark_submit.py:488} INFO - 22/04/06 02:51:14 INFO TaskSetManager: Finished task 2.0 in stage 1.0 (TID 3) in 3778 ms on 9fe4286b2855 (executor driver) (2/4)
[2022-04-06 02:51:14,070] {spark_submit.py:488} INFO - 22/04/06 02:51:14 INFO TaskSetManager: Finished task 3.0 in stage 1.0 (TID 4) in 3768 ms on 9fe4286b2855 (executor driver) (3/4)
[2022-04-06 02:51:18,033] {spark_submit.py:488} INFO - 22/04/06 02:51:18 INFO CodecPool: Got brand-new decompressor [.snappy]
[2022-04-06 02:51:49,645] {spark_submit.py:488} INFO - 22/04/06 02:51:49 INFO Executor: Finished task 1.0 in stage 1.0 (TID 2). 2029 bytes result sent to driver
[2022-04-06 02:51:49,647] {spark_submit.py:488} INFO - 22/04/06 02:51:49 INFO TaskSetManager: Finished task 1.0 in stage 1.0 (TID 2) in 39363 ms on 9fe4286b2855 (executor driver) (4/4)
[2022-04-06 02:51:49,648] {spark_submit.py:488} INFO - 22/04/06 02:51:49 INFO TaskSchedulerImpl: Removed TaskSet 1.0, whose tasks have all completed, from pool
[2022-04-06 02:51:49,649] {spark_submit.py:488} INFO - 22/04/06 02:51:49 INFO DAGScheduler: ShuffleMapStage 1 (save at NativeMethodAccessorImpl.java:0) finished in 39.992 s
[2022-04-06 02:51:49,650] {spark_submit.py:488} INFO - 22/04/06 02:51:49 INFO DAGScheduler: looking for newly runnable stages
[2022-04-06 02:51:49,651] {spark_submit.py:488} INFO - 22/04/06 02:51:49 INFO DAGScheduler: running: Set()
[2022-04-06 02:51:49,651] {spark_submit.py:488} INFO - 22/04/06 02:51:49 INFO DAGScheduler: waiting: Set()
[2022-04-06 02:51:49,654] {spark_submit.py:488} INFO - 22/04/06 02:51:49 INFO DAGScheduler: failed: Set()
[2022-04-06 02:51:50,658] {spark_submit.py:488} INFO - 22/04/06 02:51:50 INFO SparkContext: Starting job: save at NativeMethodAccessorImpl.java:0
[2022-04-06 02:51:50,661] {spark_submit.py:488} INFO - 22/04/06 02:51:50 INFO DAGScheduler: Got job 2 (save at NativeMethodAccessorImpl.java:0) with 4 output partitions
[2022-04-06 02:51:50,661] {spark_submit.py:488} INFO - 22/04/06 02:51:50 INFO DAGScheduler: Final stage: ResultStage 3 (save at NativeMethodAccessorImpl.java:0)
[2022-04-06 02:51:50,662] {spark_submit.py:488} INFO - 22/04/06 02:51:50 INFO DAGScheduler: Parents of final stage: List(ShuffleMapStage 2)
[2022-04-06 02:51:50,662] {spark_submit.py:488} INFO - 22/04/06 02:51:50 INFO DAGScheduler: Missing parents: List()
[2022-04-06 02:51:50,742] {spark_submit.py:488} INFO - 22/04/06 02:51:50 INFO DAGScheduler: Submitting ResultStage 3 (ShuffledRowRDD[7] at save at NativeMethodAccessorImpl.java:0), which has no missing parents
[2022-04-06 02:51:51,407] {spark_submit.py:488} INFO - 22/04/06 02:51:51 INFO MemoryStore: Block broadcast_3 stored as values in memory (estimated size 203.2 KiB, free 433.9 MiB)
[2022-04-06 02:51:51,541] {spark_submit.py:488} INFO - 22/04/06 02:51:51 INFO MemoryStore: Block broadcast_3_piece0 stored as bytes in memory (estimated size 72.7 KiB, free 433.9 MiB)
[2022-04-06 02:51:51,543] {spark_submit.py:488} INFO - 22/04/06 02:51:51 INFO BlockManagerInfo: Added broadcast_3_piece0 in memory on 9fe4286b2855:39149 (size: 72.7 KiB, free: 434.3 MiB)
[2022-04-06 02:51:51,547] {spark_submit.py:488} INFO - 22/04/06 02:51:51 INFO SparkContext: Created broadcast 3 from broadcast at DAGScheduler.scala:1478
[2022-04-06 02:51:51,547] {spark_submit.py:488} INFO - 22/04/06 02:51:51 INFO DAGScheduler: Submitting 4 missing tasks from ResultStage 3 (ShuffledRowRDD[7] at save at NativeMethodAccessorImpl.java:0) (first 15 tasks are for partitions Vector(0, 1, 2, 3))
[2022-04-06 02:51:51,548] {spark_submit.py:488} INFO - 22/04/06 02:51:51 INFO TaskSchedulerImpl: Adding task set 3.0 with 4 tasks resource profile 0
[2022-04-06 02:51:51,560] {spark_submit.py:488} INFO - 22/04/06 02:51:51 INFO TaskSetManager: Starting task 0.0 in stage 3.0 (TID 5) (9fe4286b2855, executor driver, partition 0, NODE_LOCAL, 4453 bytes) taskResourceAssignments Map()
[2022-04-06 02:51:51,560] {spark_submit.py:488} INFO - 22/04/06 02:51:51 INFO TaskSetManager: Starting task 1.0 in stage 3.0 (TID 6) (9fe4286b2855, executor driver, partition 1, NODE_LOCAL, 4453 bytes) taskResourceAssignments Map()
[2022-04-06 02:51:51,560] {spark_submit.py:488} INFO - 22/04/06 02:51:51 INFO TaskSetManager: Starting task 2.0 in stage 3.0 (TID 7) (9fe4286b2855, executor driver, partition 2, NODE_LOCAL, 4453 bytes) taskResourceAssignments Map()
[2022-04-06 02:51:51,561] {spark_submit.py:488} INFO - 22/04/06 02:51:51 INFO TaskSetManager: Starting task 3.0 in stage 3.0 (TID 8) (9fe4286b2855, executor driver, partition 3, NODE_LOCAL, 4453 bytes) taskResourceAssignments Map()
[2022-04-06 02:51:51,562] {spark_submit.py:488} INFO - 22/04/06 02:51:51 INFO Executor: Running task 0.0 in stage 3.0 (TID 5)
[2022-04-06 02:51:51,563] {spark_submit.py:488} INFO - 22/04/06 02:51:51 INFO Executor: Running task 2.0 in stage 3.0 (TID 7)
[2022-04-06 02:51:51,563] {spark_submit.py:488} INFO - 22/04/06 02:51:51 INFO Executor: Running task 1.0 in stage 3.0 (TID 6)
[2022-04-06 02:51:51,563] {spark_submit.py:488} INFO - 22/04/06 02:51:51 INFO Executor: Running task 3.0 in stage 3.0 (TID 8)
[2022-04-06 02:51:52,520] {spark_submit.py:488} INFO - 22/04/06 02:51:52 INFO ShuffleBlockFetcherIterator: Getting 1 (4.0 MiB) non-empty blocks including 1 (4.0 MiB) local and 0 (0.0 B) host-local and 0 (0.0 B) push-merged-local and 0 (0.0 B) remote blocks
[2022-04-06 02:51:52,524] {spark_submit.py:488} INFO - 22/04/06 02:51:52 INFO ShuffleBlockFetcherIterator: Getting 1 (4.0 MiB) non-empty blocks including 1 (4.0 MiB) local and 0 (0.0 B) host-local and 0 (0.0 B) push-merged-local and 0 (0.0 B) remote blocks
[2022-04-06 02:51:52,524] {spark_submit.py:488} INFO - 22/04/06 02:51:52 INFO ShuffleBlockFetcherIterator: Getting 1 (4.0 MiB) non-empty blocks including 1 (4.0 MiB) local and 0 (0.0 B) host-local and 0 (0.0 B) push-merged-local and 0 (0.0 B) remote blocks
[2022-04-06 02:51:52,525] {spark_submit.py:488} INFO - 22/04/06 02:51:52 INFO ShuffleBlockFetcherIterator: Getting 1 (4.0 MiB) non-empty blocks including 1 (4.0 MiB) local and 0 (0.0 B) host-local and 0 (0.0 B) push-merged-local and 0 (0.0 B) remote blocks
[2022-04-06 02:51:52,526] {spark_submit.py:488} INFO - 22/04/06 02:51:52 INFO ShuffleBlockFetcherIterator: Started 0 remote fetches in 145 ms
[2022-04-06 02:51:52,526] {spark_submit.py:488} INFO - 22/04/06 02:51:52 INFO ShuffleBlockFetcherIterator: Started 0 remote fetches in 141 ms
[2022-04-06 02:51:52,531] {spark_submit.py:488} INFO - 22/04/06 02:51:52 INFO ShuffleBlockFetcherIterator: Started 0 remote fetches in 144 ms
[2022-04-06 02:51:52,532] {spark_submit.py:488} INFO - 22/04/06 02:51:52 INFO ShuffleBlockFetcherIterator: Started 0 remote fetches in 124 ms
[2022-04-06 02:51:52,598] {spark_submit.py:488} INFO - 22/04/06 02:51:52 INFO FileOutputCommitter: File Output Committer Algorithm version is 1
[2022-04-06 02:51:52,598] {spark_submit.py:488} INFO - 22/04/06 02:51:52 INFO FileOutputCommitter: FileOutputCommitter skip cleanup _temporary folders under output directory:false, ignore cleanup failures: false
[2022-04-06 02:51:52,603] {spark_submit.py:488} INFO - 22/04/06 02:51:52 INFO SQLHadoopMapReduceCommitProtocol: Using user defined output committer class org.apache.parquet.hadoop.ParquetOutputCommitter
[2022-04-06 02:51:52,603] {spark_submit.py:488} INFO - 22/04/06 02:51:52 INFO FileOutputCommitter: File Output Committer Algorithm version is 1
[2022-04-06 02:51:52,604] {spark_submit.py:488} INFO - 22/04/06 02:51:52 INFO FileOutputCommitter: FileOutputCommitter skip cleanup _temporary folders under output directory:false, ignore cleanup failures: false
[2022-04-06 02:51:52,605] {spark_submit.py:488} INFO - 22/04/06 02:51:52 INFO SQLHadoopMapReduceCommitProtocol: Using output committer class org.apache.parquet.hadoop.ParquetOutputCommitter
[2022-04-06 02:51:52,610] {spark_submit.py:488} INFO - 22/04/06 02:51:52 INFO FileOutputCommitter: File Output Committer Algorithm version is 1
[2022-04-06 02:51:52,611] {spark_submit.py:488} INFO - 22/04/06 02:51:52 INFO FileOutputCommitter: FileOutputCommitter skip cleanup _temporary folders under output directory:false, ignore cleanup failures: false
[2022-04-06 02:51:52,613] {spark_submit.py:488} INFO - 22/04/06 02:51:52 INFO FileOutputCommitter: File Output Committer Algorithm version is 1
[2022-04-06 02:51:52,613] {spark_submit.py:488} INFO - 22/04/06 02:51:52 INFO FileOutputCommitter: FileOutputCommitter skip cleanup _temporary folders under output directory:false, ignore cleanup failures: false
[2022-04-06 02:51:52,625] {spark_submit.py:488} INFO - 22/04/06 02:51:52 INFO SQLHadoopMapReduceCommitProtocol: Using user defined output committer class org.apache.parquet.hadoop.ParquetOutputCommitter
[2022-04-06 02:51:52,626] {spark_submit.py:488} INFO - 22/04/06 02:51:52 INFO FileOutputCommitter: File Output Committer Algorithm version is 1
[2022-04-06 02:51:52,626] {spark_submit.py:488} INFO - 22/04/06 02:51:52 INFO FileOutputCommitter: FileOutputCommitter skip cleanup _temporary folders under output directory:false, ignore cleanup failures: false
[2022-04-06 02:51:52,628] {spark_submit.py:488} INFO - 22/04/06 02:51:52 INFO SQLHadoopMapReduceCommitProtocol: Using output committer class org.apache.parquet.hadoop.ParquetOutputCommitter
[2022-04-06 02:51:52,630] {spark_submit.py:488} INFO - 22/04/06 02:51:52 INFO FileOutputCommitter: File Output Committer Algorithm version is 1
[2022-04-06 02:51:52,630] {spark_submit.py:488} INFO - 22/04/06 02:51:52 INFO FileOutputCommitter: FileOutputCommitter skip cleanup _temporary folders under output directory:false, ignore cleanup failures: false
[2022-04-06 02:51:52,631] {spark_submit.py:488} INFO - 22/04/06 02:51:52 INFO SQLHadoopMapReduceCommitProtocol: Using user defined output committer class org.apache.parquet.hadoop.ParquetOutputCommitter
[2022-04-06 02:51:52,672] {spark_submit.py:488} INFO - 22/04/06 02:51:52 INFO FileOutputCommitter: File Output Committer Algorithm version is 1
[2022-04-06 02:51:52,673] {spark_submit.py:488} INFO - 22/04/06 02:51:52 INFO SQLHadoopMapReduceCommitProtocol: Using user defined output committer class org.apache.parquet.hadoop.ParquetOutputCommitter
[2022-04-06 02:51:52,673] {spark_submit.py:488} INFO - 22/04/06 02:51:52 INFO FileOutputCommitter: File Output Committer Algorithm version is 1
[2022-04-06 02:51:52,674] {spark_submit.py:488} INFO - 22/04/06 02:51:52 INFO FileOutputCommitter: FileOutputCommitter skip cleanup _temporary folders under output directory:false, ignore cleanup failures: false
[2022-04-06 02:51:52,675] {spark_submit.py:488} INFO - 22/04/06 02:51:52 INFO SQLHadoopMapReduceCommitProtocol: Using output committer class org.apache.parquet.hadoop.ParquetOutputCommitter
[2022-04-06 02:51:52,680] {spark_submit.py:488} INFO - 22/04/06 02:51:52 INFO FileOutputCommitter: FileOutputCommitter skip cleanup _temporary folders under output directory:false, ignore cleanup failures: false
[2022-04-06 02:51:52,681] {spark_submit.py:488} INFO - 22/04/06 02:51:52 INFO SQLHadoopMapReduceCommitProtocol: Using output committer class org.apache.parquet.hadoop.ParquetOutputCommitter
[2022-04-06 02:51:52,812] {spark_submit.py:488} INFO - 22/04/06 02:51:52 INFO CodecConfig: Compression: SNAPPY
[2022-04-06 02:51:52,815] {spark_submit.py:488} INFO - 22/04/06 02:51:52 INFO CodecConfig: Compression: SNAPPY
[2022-04-06 02:51:52,816] {spark_submit.py:488} INFO - 22/04/06 02:51:52 INFO CodecConfig: Compression: SNAPPY
[2022-04-06 02:51:52,817] {spark_submit.py:488} INFO - 22/04/06 02:51:52 INFO CodecConfig: Compression: SNAPPY
[2022-04-06 02:51:52,824] {spark_submit.py:488} INFO - 22/04/06 02:51:52 INFO CodecConfig: Compression: SNAPPY
[2022-04-06 02:51:52,825] {spark_submit.py:488} INFO - 22/04/06 02:51:52 INFO CodecConfig: Compression: SNAPPY
[2022-04-06 02:51:52,827] {spark_submit.py:488} INFO - 22/04/06 02:51:52 INFO CodecConfig: Compression: SNAPPY
[2022-04-06 02:51:52,841] {spark_submit.py:488} INFO - 22/04/06 02:51:52 INFO CodecConfig: Compression: SNAPPY
[2022-04-06 02:51:53,045] {spark_submit.py:488} INFO - 22/04/06 02:51:53 INFO BlockManagerInfo: Removed broadcast_2_piece0 on 9fe4286b2855:39149 in memory (size: 9.4 KiB, free: 434.3 MiB)
[2022-04-06 02:51:53,113] {spark_submit.py:488} INFO - 22/04/06 02:51:53 INFO ParquetOutputFormat: Parquet block size to 134217728
[2022-04-06 02:51:53,114] {spark_submit.py:488} INFO - 22/04/06 02:51:53 INFO ParquetOutputFormat: Validation is off
[2022-04-06 02:51:53,114] {spark_submit.py:488} INFO - 22/04/06 02:51:53 INFO ParquetOutputFormat: Maximum row group padding size is 8388608 bytes
[2022-04-06 02:51:53,114] {spark_submit.py:488} INFO - 22/04/06 02:51:53 INFO ParquetOutputFormat: Parquet properties are:
[2022-04-06 02:51:53,114] {spark_submit.py:488} INFO - Parquet page size to 1048576
[2022-04-06 02:51:53,114] {spark_submit.py:488} INFO - Parquet dictionary page size to 1048576
[2022-04-06 02:51:53,114] {spark_submit.py:488} INFO - Dictionary is true
[2022-04-06 02:51:53,114] {spark_submit.py:488} INFO - Writer version is: PARQUET_1_0
[2022-04-06 02:51:53,114] {spark_submit.py:488} INFO - Page size checking is: estimated
[2022-04-06 02:51:53,114] {spark_submit.py:488} INFO - Min row count for page size check is: 100
[2022-04-06 02:51:53,114] {spark_submit.py:488} INFO - Max row count for page size check is: 10000
[2022-04-06 02:51:53,114] {spark_submit.py:488} INFO - Truncate length for column indexes is: 64
[2022-04-06 02:51:53,114] {spark_submit.py:488} INFO - Truncate length for statistics min/max  is: 2147483647
[2022-04-06 02:51:53,114] {spark_submit.py:488} INFO - Bloom filter enabled: false
[2022-04-06 02:51:53,115] {spark_submit.py:488} INFO - Max Bloom filter size for a column is 1048576
[2022-04-06 02:51:53,115] {spark_submit.py:488} INFO - Bloom filter expected number of distinct values are: null
[2022-04-06 02:51:53,115] {spark_submit.py:488} INFO - Page row count limit to 20000
[2022-04-06 02:51:53,115] {spark_submit.py:488} INFO - Writing page checksums is: on
[2022-04-06 02:51:53,118] {spark_submit.py:488} INFO - 22/04/06 02:51:53 INFO ParquetOutputFormat: Parquet block size to 134217728
[2022-04-06 02:51:53,118] {spark_submit.py:488} INFO - 22/04/06 02:51:53 INFO ParquetOutputFormat: Validation is off
[2022-04-06 02:51:53,118] {spark_submit.py:488} INFO - 22/04/06 02:51:53 INFO ParquetOutputFormat: Maximum row group padding size is 8388608 bytes
[2022-04-06 02:51:53,118] {spark_submit.py:488} INFO - 22/04/06 02:51:53 INFO ParquetOutputFormat: Parquet properties are:
[2022-04-06 02:51:53,118] {spark_submit.py:488} INFO - Parquet page size to 1048576
[2022-04-06 02:51:53,118] {spark_submit.py:488} INFO - Parquet dictionary page size to 1048576
[2022-04-06 02:51:53,118] {spark_submit.py:488} INFO - Dictionary is true
[2022-04-06 02:51:53,118] {spark_submit.py:488} INFO - Writer version is: PARQUET_1_0
[2022-04-06 02:51:53,118] {spark_submit.py:488} INFO - Page size checking is: estimated
[2022-04-06 02:51:53,118] {spark_submit.py:488} INFO - Min row count for page size check is: 100
[2022-04-06 02:51:53,118] {spark_submit.py:488} INFO - Max row count for page size check is: 10000
[2022-04-06 02:51:53,118] {spark_submit.py:488} INFO - Truncate length for column indexes is: 64
[2022-04-06 02:51:53,119] {spark_submit.py:488} INFO - Truncate length for statistics min/max  is: 2147483647
[2022-04-06 02:51:53,119] {spark_submit.py:488} INFO - Bloom filter enabled: false
[2022-04-06 02:51:53,119] {spark_submit.py:488} INFO - Max Bloom filter size for a column is 1048576
[2022-04-06 02:51:53,119] {spark_submit.py:488} INFO - Bloom filter expected number of distinct values are: null
[2022-04-06 02:51:53,119] {spark_submit.py:488} INFO - Page row count limit to 20000
[2022-04-06 02:51:53,119] {spark_submit.py:488} INFO - Writing page checksums is: on
[2022-04-06 02:51:53,121] {spark_submit.py:488} INFO - 22/04/06 02:51:53 INFO ParquetOutputFormat: Parquet block size to 134217728
[2022-04-06 02:51:53,121] {spark_submit.py:488} INFO - 22/04/06 02:51:53 INFO ParquetOutputFormat: Validation is off
[2022-04-06 02:51:53,121] {spark_submit.py:488} INFO - 22/04/06 02:51:53 INFO ParquetOutputFormat: Maximum row group padding size is 8388608 bytes
[2022-04-06 02:51:53,121] {spark_submit.py:488} INFO - 22/04/06 02:51:53 INFO ParquetOutputFormat: Parquet properties are:
[2022-04-06 02:51:53,121] {spark_submit.py:488} INFO - Parquet page size to 1048576
[2022-04-06 02:51:53,121] {spark_submit.py:488} INFO - Parquet dictionary page size to 1048576
[2022-04-06 02:51:53,121] {spark_submit.py:488} INFO - Dictionary is true
[2022-04-06 02:51:53,121] {spark_submit.py:488} INFO - Writer version is: PARQUET_1_0
[2022-04-06 02:51:53,121] {spark_submit.py:488} INFO - Page size checking is: estimated
[2022-04-06 02:51:53,121] {spark_submit.py:488} INFO - Min row count for page size check is: 100
[2022-04-06 02:51:53,122] {spark_submit.py:488} INFO - Max row count for page size check is: 10000
[2022-04-06 02:51:53,122] {spark_submit.py:488} INFO - Truncate length for column indexes is: 64
[2022-04-06 02:51:53,122] {spark_submit.py:488} INFO - Truncate length for statistics min/max  is: 2147483647
[2022-04-06 02:51:53,122] {spark_submit.py:488} INFO - Bloom filter enabled: false
[2022-04-06 02:51:53,122] {spark_submit.py:488} INFO - Max Bloom filter size for a column is 1048576
[2022-04-06 02:51:53,122] {spark_submit.py:488} INFO - Bloom filter expected number of distinct values are: null
[2022-04-06 02:51:53,122] {spark_submit.py:488} INFO - Page row count limit to 20000
[2022-04-06 02:51:53,122] {spark_submit.py:488} INFO - Writing page checksums is: on
[2022-04-06 02:51:53,128] {spark_submit.py:488} INFO - 22/04/06 02:51:53 INFO ParquetOutputFormat: Parquet block size to 134217728
[2022-04-06 02:51:53,128] {spark_submit.py:488} INFO - 22/04/06 02:51:53 INFO ParquetOutputFormat: Validation is off
[2022-04-06 02:51:53,128] {spark_submit.py:488} INFO - 22/04/06 02:51:53 INFO ParquetOutputFormat: Maximum row group padding size is 8388608 bytes
[2022-04-06 02:51:53,128] {spark_submit.py:488} INFO - 22/04/06 02:51:53 INFO ParquetOutputFormat: Parquet properties are:
[2022-04-06 02:51:53,128] {spark_submit.py:488} INFO - Parquet page size to 1048576
[2022-04-06 02:51:53,128] {spark_submit.py:488} INFO - Parquet dictionary page size to 1048576
[2022-04-06 02:51:53,128] {spark_submit.py:488} INFO - Dictionary is true
[2022-04-06 02:51:53,129] {spark_submit.py:488} INFO - Writer version is: PARQUET_1_0
[2022-04-06 02:51:53,129] {spark_submit.py:488} INFO - Page size checking is: estimated
[2022-04-06 02:51:53,129] {spark_submit.py:488} INFO - Min row count for page size check is: 100
[2022-04-06 02:51:53,129] {spark_submit.py:488} INFO - Max row count for page size check is: 10000
[2022-04-06 02:51:53,129] {spark_submit.py:488} INFO - Truncate length for column indexes is: 64
[2022-04-06 02:51:53,129] {spark_submit.py:488} INFO - Truncate length for statistics min/max  is: 2147483647
[2022-04-06 02:51:53,129] {spark_submit.py:488} INFO - Bloom filter enabled: false
[2022-04-06 02:51:53,129] {spark_submit.py:488} INFO - Max Bloom filter size for a column is 1048576
[2022-04-06 02:51:53,129] {spark_submit.py:488} INFO - Bloom filter expected number of distinct values are: null
[2022-04-06 02:51:53,139] {spark_submit.py:488} INFO - Page row count limit to 20000
[2022-04-06 02:51:53,139] {spark_submit.py:488} INFO - Writing page checksums is: on
[2022-04-06 02:51:53,234] {spark_submit.py:488} INFO - 22/04/06 02:51:53 INFO ParquetWriteSupport: Initialized Parquet WriteSupport with Catalyst schema:
[2022-04-06 02:51:53,234] {spark_submit.py:488} INFO - {
[2022-04-06 02:51:53,235] {spark_submit.py:488} INFO - "type" : "struct",
[2022-04-06 02:51:53,235] {spark_submit.py:488} INFO - "fields" : [ {
[2022-04-06 02:51:53,235] {spark_submit.py:488} INFO - "name" : "id",
[2022-04-06 02:51:53,235] {spark_submit.py:488} INFO - "type" : "integer",
[2022-04-06 02:51:53,235] {spark_submit.py:488} INFO - "nullable" : true,
[2022-04-06 02:51:53,235] {spark_submit.py:488} INFO - "metadata" : { }
[2022-04-06 02:51:53,235] {spark_submit.py:488} INFO - }, {
[2022-04-06 02:51:53,235] {spark_submit.py:488} INFO - "name" : "display_name",
[2022-04-06 02:51:53,235] {spark_submit.py:488} INFO - "type" : "string",
[2022-04-06 02:51:53,235] {spark_submit.py:488} INFO - "nullable" : true,
[2022-04-06 02:51:53,235] {spark_submit.py:488} INFO - "metadata" : { }
[2022-04-06 02:51:53,235] {spark_submit.py:488} INFO - }, {
[2022-04-06 02:51:53,235] {spark_submit.py:488} INFO - "name" : "about_me",
[2022-04-06 02:51:53,235] {spark_submit.py:488} INFO - "type" : "string",
[2022-04-06 02:51:53,235] {spark_submit.py:488} INFO - "nullable" : true,
[2022-04-06 02:51:53,236] {spark_submit.py:488} INFO - "metadata" : { }
[2022-04-06 02:51:53,236] {spark_submit.py:488} INFO - }, {
[2022-04-06 02:51:53,236] {spark_submit.py:488} INFO - "name" : "age",
[2022-04-06 02:51:53,236] {spark_submit.py:488} INFO - "type" : "integer",
[2022-04-06 02:51:53,236] {spark_submit.py:488} INFO - "nullable" : true,
[2022-04-06 02:51:53,236] {spark_submit.py:488} INFO - "metadata" : { }
[2022-04-06 02:51:53,236] {spark_submit.py:488} INFO - }, {
[2022-04-06 02:51:53,236] {spark_submit.py:488} INFO - "name" : "creation_date",
[2022-04-06 02:51:53,236] {spark_submit.py:488} INFO - "type" : "timestamp",
[2022-04-06 02:51:53,236] {spark_submit.py:488} INFO - "nullable" : true,
[2022-04-06 02:51:53,236] {spark_submit.py:488} INFO - "metadata" : { }
[2022-04-06 02:51:53,236] {spark_submit.py:488} INFO - }, {
[2022-04-06 02:51:53,236] {spark_submit.py:488} INFO - "name" : "last_access_date",
[2022-04-06 02:51:53,236] {spark_submit.py:488} INFO - "type" : "timestamp",
[2022-04-06 02:51:53,236] {spark_submit.py:488} INFO - "nullable" : true,
[2022-04-06 02:51:53,237] {spark_submit.py:488} INFO - "metadata" : { }
[2022-04-06 02:51:53,237] {spark_submit.py:488} INFO - }, {
[2022-04-06 02:51:53,237] {spark_submit.py:488} INFO - "name" : "location",
[2022-04-06 02:51:53,237] {spark_submit.py:488} INFO - "type" : "string",
[2022-04-06 02:51:53,237] {spark_submit.py:488} INFO - "nullable" : true,
[2022-04-06 02:51:53,237] {spark_submit.py:488} INFO - "metadata" : { }
[2022-04-06 02:51:53,237] {spark_submit.py:488} INFO - }, {
[2022-04-06 02:51:53,237] {spark_submit.py:488} INFO - "name" : "reputation",
[2022-04-06 02:51:53,237] {spark_submit.py:488} INFO - "type" : "integer",
[2022-04-06 02:51:53,237] {spark_submit.py:488} INFO - "nullable" : true,
[2022-04-06 02:51:53,238] {spark_submit.py:488} INFO - "metadata" : { }
[2022-04-06 02:51:53,238] {spark_submit.py:488} INFO - }, {
[2022-04-06 02:51:53,238] {spark_submit.py:488} INFO - "name" : "up_votes",
[2022-04-06 02:51:53,238] {spark_submit.py:488} INFO - "type" : "integer",
[2022-04-06 02:51:53,238] {spark_submit.py:488} INFO - "nullable" : true,
[2022-04-06 02:51:53,238] {spark_submit.py:488} INFO - "metadata" : { }
[2022-04-06 02:51:53,238] {spark_submit.py:488} INFO - }, {
[2022-04-06 02:51:53,238] {spark_submit.py:488} INFO - "name" : "down_votes",
[2022-04-06 02:51:53,238] {spark_submit.py:488} INFO - "type" : "integer",
[2022-04-06 02:51:53,238] {spark_submit.py:488} INFO - "nullable" : true,
[2022-04-06 02:51:53,238] {spark_submit.py:488} INFO - "metadata" : { }
[2022-04-06 02:51:53,239] {spark_submit.py:488} INFO - }, {
[2022-04-06 02:51:53,239] {spark_submit.py:488} INFO - "name" : "views",
[2022-04-06 02:51:53,239] {spark_submit.py:488} INFO - "type" : "integer",
[2022-04-06 02:51:53,239] {spark_submit.py:488} INFO - "nullable" : true,
[2022-04-06 02:51:53,239] {spark_submit.py:488} INFO - "metadata" : { }
[2022-04-06 02:51:53,239] {spark_submit.py:488} INFO - }, {
[2022-04-06 02:51:53,239] {spark_submit.py:488} INFO - "name" : "profile_image_url",
[2022-04-06 02:51:53,239] {spark_submit.py:488} INFO - "type" : "string",
[2022-04-06 02:51:53,239] {spark_submit.py:488} INFO - "nullable" : true,
[2022-04-06 02:51:53,239] {spark_submit.py:488} INFO - "metadata" : { }
[2022-04-06 02:51:53,240] {spark_submit.py:488} INFO - }, {
[2022-04-06 02:51:53,240] {spark_submit.py:488} INFO - "name" : "website_url",
[2022-04-06 02:51:53,240] {spark_submit.py:488} INFO - "type" : "string",
[2022-04-06 02:51:53,240] {spark_submit.py:488} INFO - "nullable" : true,
[2022-04-06 02:51:53,240] {spark_submit.py:488} INFO - "metadata" : { }
[2022-04-06 02:51:53,240] {spark_submit.py:488} INFO - }, {
[2022-04-06 02:51:53,240] {spark_submit.py:488} INFO - "name" : "group_by_date",
[2022-04-06 02:51:53,240] {spark_submit.py:488} INFO - "type" : "timestamp",
[2022-04-06 02:51:53,240] {spark_submit.py:488} INFO - "nullable" : true,
[2022-04-06 02:51:53,240] {spark_submit.py:488} INFO - "metadata" : { }
[2022-04-06 02:51:53,241] {spark_submit.py:488} INFO - } ]
[2022-04-06 02:51:53,241] {spark_submit.py:488} INFO - }
[2022-04-06 02:51:53,241] {spark_submit.py:488} INFO - and corresponding Parquet message type:
[2022-04-06 02:51:53,241] {spark_submit.py:488} INFO - message spark_schema {
[2022-04-06 02:51:53,241] {spark_submit.py:488} INFO - optional int32 id;
[2022-04-06 02:51:53,241] {spark_submit.py:488} INFO - optional binary display_name (STRING);
[2022-04-06 02:51:53,241] {spark_submit.py:488} INFO - optional binary about_me (STRING);
[2022-04-06 02:51:53,241] {spark_submit.py:488} INFO - optional int32 age;
[2022-04-06 02:51:53,241] {spark_submit.py:488} INFO - optional int96 creation_date;
[2022-04-06 02:51:53,241] {spark_submit.py:488} INFO - optional int96 last_access_date;
[2022-04-06 02:51:53,241] {spark_submit.py:488} INFO - optional binary location (STRING);
[2022-04-06 02:51:53,242] {spark_submit.py:488} INFO - optional int32 reputation;
[2022-04-06 02:51:53,242] {spark_submit.py:488} INFO - optional int32 up_votes;
[2022-04-06 02:51:53,242] {spark_submit.py:488} INFO - optional int32 down_votes;
[2022-04-06 02:51:53,242] {spark_submit.py:488} INFO - optional int32 views;
[2022-04-06 02:51:53,242] {spark_submit.py:488} INFO - optional binary profile_image_url (STRING);
[2022-04-06 02:51:53,242] {spark_submit.py:488} INFO - optional binary website_url (STRING);
[2022-04-06 02:51:53,242] {spark_submit.py:488} INFO - optional int96 group_by_date;
[2022-04-06 02:51:53,242] {spark_submit.py:488} INFO - }
[2022-04-06 02:51:53,242] {spark_submit.py:488} INFO - 
[2022-04-06 02:51:53,242] {spark_submit.py:488} INFO - 
[2022-04-06 02:51:53,242] {spark_submit.py:488} INFO - 22/04/06 02:51:53 INFO ParquetWriteSupport: Initialized Parquet WriteSupport with Catalyst schema:
[2022-04-06 02:51:53,242] {spark_submit.py:488} INFO - {
[2022-04-06 02:51:53,242] {spark_submit.py:488} INFO - "type" : "struct",
[2022-04-06 02:51:53,242] {spark_submit.py:488} INFO - "fields" : [ {
[2022-04-06 02:51:53,243] {spark_submit.py:488} INFO - "name" : "id",
[2022-04-06 02:51:53,243] {spark_submit.py:488} INFO - "type" : "integer",
[2022-04-06 02:51:53,243] {spark_submit.py:488} INFO - "nullable" : true,
[2022-04-06 02:51:53,243] {spark_submit.py:488} INFO - "metadata" : { }
[2022-04-06 02:51:53,243] {spark_submit.py:488} INFO - }, {
[2022-04-06 02:51:53,243] {spark_submit.py:488} INFO - "name" : "display_name",
[2022-04-06 02:51:53,243] {spark_submit.py:488} INFO - "type" : "string",
[2022-04-06 02:51:53,243] {spark_submit.py:488} INFO - "nullable" : true,
[2022-04-06 02:51:53,243] {spark_submit.py:488} INFO - "metadata" : { }
[2022-04-06 02:51:53,243] {spark_submit.py:488} INFO - }, {
[2022-04-06 02:51:53,243] {spark_submit.py:488} INFO - "name" : "about_me",
[2022-04-06 02:51:53,243] {spark_submit.py:488} INFO - "type" : "string",
[2022-04-06 02:51:53,243] {spark_submit.py:488} INFO - "nullable" : true,
[2022-04-06 02:51:53,253] {spark_submit.py:488} INFO - "metadata" : { }
[2022-04-06 02:51:53,253] {spark_submit.py:488} INFO - }, {
[2022-04-06 02:51:53,253] {spark_submit.py:488} INFO - "name" : "age",
[2022-04-06 02:51:53,253] {spark_submit.py:488} INFO - "type" : "integer",
[2022-04-06 02:51:53,253] {spark_submit.py:488} INFO - "nullable" : true,
[2022-04-06 02:51:53,253] {spark_submit.py:488} INFO - "metadata" : { }
[2022-04-06 02:51:53,254] {spark_submit.py:488} INFO - }, {
[2022-04-06 02:51:53,254] {spark_submit.py:488} INFO - "name" : "creation_date",
[2022-04-06 02:51:53,254] {spark_submit.py:488} INFO - "type" : "timestamp",
[2022-04-06 02:51:53,254] {spark_submit.py:488} INFO - "nullable" : true,
[2022-04-06 02:51:53,254] {spark_submit.py:488} INFO - "metadata" : { }
[2022-04-06 02:51:53,254] {spark_submit.py:488} INFO - }, {
[2022-04-06 02:51:53,254] {spark_submit.py:488} INFO - "name" : "last_access_date",
[2022-04-06 02:51:53,254] {spark_submit.py:488} INFO - "type" : "timestamp",
[2022-04-06 02:51:53,254] {spark_submit.py:488} INFO - "nullable" : true,
[2022-04-06 02:51:53,254] {spark_submit.py:488} INFO - "metadata" : { }
[2022-04-06 02:51:53,254] {spark_submit.py:488} INFO - }, {
[2022-04-06 02:51:53,254] {spark_submit.py:488} INFO - "name" : "location",
[2022-04-06 02:51:53,254] {spark_submit.py:488} INFO - "type" : "string",
[2022-04-06 02:51:53,254] {spark_submit.py:488} INFO - "nullable" : true,
[2022-04-06 02:51:53,255] {spark_submit.py:488} INFO - "metadata" : { }
[2022-04-06 02:51:53,255] {spark_submit.py:488} INFO - }, {
[2022-04-06 02:51:53,255] {spark_submit.py:488} INFO - "name" : "reputation",
[2022-04-06 02:51:53,255] {spark_submit.py:488} INFO - "type" : "integer",
[2022-04-06 02:51:53,255] {spark_submit.py:488} INFO - "nullable" : true,
[2022-04-06 02:51:53,255] {spark_submit.py:488} INFO - "metadata" : { }
[2022-04-06 02:51:53,255] {spark_submit.py:488} INFO - }, {
[2022-04-06 02:51:53,255] {spark_submit.py:488} INFO - "name" : "up_votes",
[2022-04-06 02:51:53,255] {spark_submit.py:488} INFO - "type" : "integer",
[2022-04-06 02:51:53,255] {spark_submit.py:488} INFO - "nullable" : true,
[2022-04-06 02:51:53,255] {spark_submit.py:488} INFO - "metadata" : { }
[2022-04-06 02:51:53,255] {spark_submit.py:488} INFO - }, {
[2022-04-06 02:51:53,256] {spark_submit.py:488} INFO - "name" : "down_votes",
[2022-04-06 02:51:53,256] {spark_submit.py:488} INFO - "type" : "integer",
[2022-04-06 02:51:53,256] {spark_submit.py:488} INFO - "nullable" : true,
[2022-04-06 02:51:53,256] {spark_submit.py:488} INFO - "metadata" : { }
[2022-04-06 02:51:53,256] {spark_submit.py:488} INFO - }, {
[2022-04-06 02:51:53,256] {spark_submit.py:488} INFO - "name" : "views",
[2022-04-06 02:51:53,256] {spark_submit.py:488} INFO - "type" : "integer",
[2022-04-06 02:51:53,256] {spark_submit.py:488} INFO - "nullable" : true,
[2022-04-06 02:51:53,256] {spark_submit.py:488} INFO - "metadata" : { }
[2022-04-06 02:51:53,256] {spark_submit.py:488} INFO - }, {
[2022-04-06 02:51:53,256] {spark_submit.py:488} INFO - "name" : "profile_image_url",
[2022-04-06 02:51:53,257] {spark_submit.py:488} INFO - "type" : "string",
[2022-04-06 02:51:53,257] {spark_submit.py:488} INFO - "nullable" : true,
[2022-04-06 02:51:53,257] {spark_submit.py:488} INFO - "metadata" : { }
[2022-04-06 02:51:53,257] {spark_submit.py:488} INFO - }, {
[2022-04-06 02:51:53,257] {spark_submit.py:488} INFO - "name" : "website_url",
[2022-04-06 02:51:53,257] {spark_submit.py:488} INFO - "type" : "string",
[2022-04-06 02:51:53,257] {spark_submit.py:488} INFO - "nullable" : true,
[2022-04-06 02:51:53,257] {spark_submit.py:488} INFO - "metadata" : { }
[2022-04-06 02:51:53,257] {spark_submit.py:488} INFO - }, {
[2022-04-06 02:51:53,257] {spark_submit.py:488} INFO - "name" : "group_by_date",
[2022-04-06 02:51:53,257] {spark_submit.py:488} INFO - "type" : "timestamp",
[2022-04-06 02:51:53,257] {spark_submit.py:488} INFO - "nullable" : true,
[2022-04-06 02:51:53,257] {spark_submit.py:488} INFO - "metadata" : { }
[2022-04-06 02:51:53,257] {spark_submit.py:488} INFO - } ]
[2022-04-06 02:51:53,257] {spark_submit.py:488} INFO - }
[2022-04-06 02:51:53,258] {spark_submit.py:488} INFO - and corresponding Parquet message type:
[2022-04-06 02:51:53,258] {spark_submit.py:488} INFO - message spark_schema {
[2022-04-06 02:51:53,258] {spark_submit.py:488} INFO - optional int32 id;
[2022-04-06 02:51:53,258] {spark_submit.py:488} INFO - optional binary display_name (STRING);
[2022-04-06 02:51:53,258] {spark_submit.py:488} INFO - optional binary about_me (STRING);
[2022-04-06 02:51:53,258] {spark_submit.py:488} INFO - optional int32 age;
[2022-04-06 02:51:53,258] {spark_submit.py:488} INFO - optional int96 creation_date;
[2022-04-06 02:51:53,258] {spark_submit.py:488} INFO - optional int96 last_access_date;
[2022-04-06 02:51:53,258] {spark_submit.py:488} INFO - optional binary location (STRING);
[2022-04-06 02:51:53,258] {spark_submit.py:488} INFO - optional int32 reputation;
[2022-04-06 02:51:53,258] {spark_submit.py:488} INFO - optional int32 up_votes;
[2022-04-06 02:51:53,258] {spark_submit.py:488} INFO - optional int32 down_votes;
[2022-04-06 02:51:53,258] {spark_submit.py:488} INFO - optional int32 views;
[2022-04-06 02:51:53,258] {spark_submit.py:488} INFO - optional binary profile_image_url (STRING);
[2022-04-06 02:51:53,258] {spark_submit.py:488} INFO - optional binary website_url (STRING);
[2022-04-06 02:51:53,259] {spark_submit.py:488} INFO - optional int96 group_by_date;
[2022-04-06 02:51:53,259] {spark_submit.py:488} INFO - }
[2022-04-06 02:51:53,259] {spark_submit.py:488} INFO - 
[2022-04-06 02:51:53,259] {spark_submit.py:488} INFO - 
[2022-04-06 02:51:53,259] {spark_submit.py:488} INFO - 22/04/06 02:51:53 INFO ParquetWriteSupport: Initialized Parquet WriteSupport with Catalyst schema:
[2022-04-06 02:51:53,259] {spark_submit.py:488} INFO - {
[2022-04-06 02:51:53,259] {spark_submit.py:488} INFO - "type" : "struct",
[2022-04-06 02:51:53,259] {spark_submit.py:488} INFO - "fields" : [ {
[2022-04-06 02:51:53,259] {spark_submit.py:488} INFO - "name" : "id",
[2022-04-06 02:51:53,259] {spark_submit.py:488} INFO - "type" : "integer",
[2022-04-06 02:51:53,259] {spark_submit.py:488} INFO - "nullable" : true,
[2022-04-06 02:51:53,259] {spark_submit.py:488} INFO - "metadata" : { }
[2022-04-06 02:51:53,259] {spark_submit.py:488} INFO - }, {
[2022-04-06 02:51:53,344] {spark_submit.py:488} INFO - "name" : "display_name",
[2022-04-06 02:51:53,344] {spark_submit.py:488} INFO - "type" : "string",
[2022-04-06 02:51:53,344] {spark_submit.py:488} INFO - "nullable" : true,
[2022-04-06 02:51:53,344] {spark_submit.py:488} INFO - "metadata" : { }
[2022-04-06 02:51:53,344] {spark_submit.py:488} INFO - }, {
[2022-04-06 02:51:53,344] {spark_submit.py:488} INFO - "name" : "about_me",
[2022-04-06 02:51:53,344] {spark_submit.py:488} INFO - "type" : "string",
[2022-04-06 02:51:53,344] {spark_submit.py:488} INFO - "nullable" : true,
[2022-04-06 02:51:53,345] {spark_submit.py:488} INFO - "metadata" : { }
[2022-04-06 02:51:53,345] {spark_submit.py:488} INFO - }, {
[2022-04-06 02:51:53,345] {spark_submit.py:488} INFO - "name" : "age",
[2022-04-06 02:51:53,345] {spark_submit.py:488} INFO - "type" : "integer",
[2022-04-06 02:51:53,345] {spark_submit.py:488} INFO - "nullable" : true,
[2022-04-06 02:51:53,345] {spark_submit.py:488} INFO - "metadata" : { }
[2022-04-06 02:51:53,345] {spark_submit.py:488} INFO - }, {
[2022-04-06 02:51:53,345] {spark_submit.py:488} INFO - "name" : "creation_date",
[2022-04-06 02:51:53,345] {spark_submit.py:488} INFO - "type" : "timestamp",
[2022-04-06 02:51:53,345] {spark_submit.py:488} INFO - "nullable" : true,
[2022-04-06 02:51:53,345] {spark_submit.py:488} INFO - "metadata" : { }
[2022-04-06 02:51:53,345] {spark_submit.py:488} INFO - }, {
[2022-04-06 02:51:53,345] {spark_submit.py:488} INFO - "name" : "last_access_date",
[2022-04-06 02:51:53,345] {spark_submit.py:488} INFO - "type" : "timestamp",
[2022-04-06 02:51:53,346] {spark_submit.py:488} INFO - "nullable" : true,
[2022-04-06 02:51:53,346] {spark_submit.py:488} INFO - "metadata" : { }
[2022-04-06 02:51:53,346] {spark_submit.py:488} INFO - }, {
[2022-04-06 02:51:53,346] {spark_submit.py:488} INFO - "name" : "location",
[2022-04-06 02:51:53,346] {spark_submit.py:488} INFO - "type" : "string",
[2022-04-06 02:51:53,346] {spark_submit.py:488} INFO - "nullable" : true,
[2022-04-06 02:51:53,346] {spark_submit.py:488} INFO - "metadata" : { }
[2022-04-06 02:51:53,346] {spark_submit.py:488} INFO - }, {
[2022-04-06 02:51:53,346] {spark_submit.py:488} INFO - "name" : "reputation",
[2022-04-06 02:51:53,346] {spark_submit.py:488} INFO - "type" : "integer",
[2022-04-06 02:51:53,346] {spark_submit.py:488} INFO - "nullable" : true,
[2022-04-06 02:51:53,346] {spark_submit.py:488} INFO - "metadata" : { }
[2022-04-06 02:51:53,346] {spark_submit.py:488} INFO - }, {
[2022-04-06 02:51:53,346] {spark_submit.py:488} INFO - "name" : "up_votes",
[2022-04-06 02:51:53,347] {spark_submit.py:488} INFO - "type" : "integer",
[2022-04-06 02:51:53,347] {spark_submit.py:488} INFO - "nullable" : true,
[2022-04-06 02:51:53,347] {spark_submit.py:488} INFO - "metadata" : { }
[2022-04-06 02:51:53,347] {spark_submit.py:488} INFO - }, {
[2022-04-06 02:51:53,347] {spark_submit.py:488} INFO - "name" : "down_votes",
[2022-04-06 02:51:53,347] {spark_submit.py:488} INFO - "type" : "integer",
[2022-04-06 02:51:53,347] {spark_submit.py:488} INFO - "nullable" : true,
[2022-04-06 02:51:53,347] {spark_submit.py:488} INFO - "metadata" : { }
[2022-04-06 02:51:53,347] {spark_submit.py:488} INFO - }, {
[2022-04-06 02:51:53,347] {spark_submit.py:488} INFO - "name" : "views",
[2022-04-06 02:51:53,347] {spark_submit.py:488} INFO - "type" : "integer",
[2022-04-06 02:51:53,347] {spark_submit.py:488} INFO - "nullable" : true,
[2022-04-06 02:51:53,347] {spark_submit.py:488} INFO - "metadata" : { }
[2022-04-06 02:51:53,347] {spark_submit.py:488} INFO - }, {
[2022-04-06 02:51:53,369] {spark_submit.py:488} INFO - "name" : "profile_image_url",
[2022-04-06 02:51:53,369] {spark_submit.py:488} INFO - "type" : "string",
[2022-04-06 02:51:53,378] {spark_submit.py:488} INFO - "nullable" : true,
[2022-04-06 02:51:53,378] {spark_submit.py:488} INFO - "metadata" : { }
[2022-04-06 02:51:53,378] {spark_submit.py:488} INFO - }, {
[2022-04-06 02:51:53,378] {spark_submit.py:488} INFO - "name" : "website_url",
[2022-04-06 02:51:53,378] {spark_submit.py:488} INFO - "type" : "string",
[2022-04-06 02:51:53,378] {spark_submit.py:488} INFO - "nullable" : true,
[2022-04-06 02:51:53,379] {spark_submit.py:488} INFO - "metadata" : { }
[2022-04-06 02:51:53,379] {spark_submit.py:488} INFO - }, {
[2022-04-06 02:51:53,379] {spark_submit.py:488} INFO - "name" : "group_by_date",
[2022-04-06 02:51:53,379] {spark_submit.py:488} INFO - "type" : "timestamp",
[2022-04-06 02:51:53,379] {spark_submit.py:488} INFO - "nullable" : true,
[2022-04-06 02:51:53,379] {spark_submit.py:488} INFO - "metadata" : { }
[2022-04-06 02:51:53,379] {spark_submit.py:488} INFO - } ]
[2022-04-06 02:51:53,379] {spark_submit.py:488} INFO - }
[2022-04-06 02:51:53,379] {spark_submit.py:488} INFO - and corresponding Parquet message type:
[2022-04-06 02:51:53,379] {spark_submit.py:488} INFO - message spark_schema {
[2022-04-06 02:51:53,379] {spark_submit.py:488} INFO - optional int32 id;
[2022-04-06 02:51:53,379] {spark_submit.py:488} INFO - optional binary display_name (STRING);
[2022-04-06 02:51:53,379] {spark_submit.py:488} INFO - optional binary about_me (STRING);
[2022-04-06 02:51:53,380] {spark_submit.py:488} INFO - optional int32 age;
[2022-04-06 02:51:53,380] {spark_submit.py:488} INFO - optional int96 creation_date;
[2022-04-06 02:51:53,380] {spark_submit.py:488} INFO - optional int96 last_access_date;
[2022-04-06 02:51:53,380] {spark_submit.py:488} INFO - optional binary location (STRING);
[2022-04-06 02:51:53,380] {spark_submit.py:488} INFO - optional int32 reputation;
[2022-04-06 02:51:53,380] {spark_submit.py:488} INFO - optional int32 up_votes;
[2022-04-06 02:51:53,380] {spark_submit.py:488} INFO - optional int32 down_votes;
[2022-04-06 02:51:53,380] {spark_submit.py:488} INFO - optional int32 views;
[2022-04-06 02:51:53,380] {spark_submit.py:488} INFO - optional binary profile_image_url (STRING);
[2022-04-06 02:51:53,380] {spark_submit.py:488} INFO - optional binary website_url (STRING);
[2022-04-06 02:51:53,380] {spark_submit.py:488} INFO - optional int96 group_by_date;
[2022-04-06 02:51:53,381] {spark_submit.py:488} INFO - }
[2022-04-06 02:51:53,381] {spark_submit.py:488} INFO - 
[2022-04-06 02:51:53,381] {spark_submit.py:488} INFO - 
[2022-04-06 02:51:53,381] {spark_submit.py:488} INFO - 22/04/06 02:51:53 INFO ParquetWriteSupport: Initialized Parquet WriteSupport with Catalyst schema:
[2022-04-06 02:51:53,381] {spark_submit.py:488} INFO - {
[2022-04-06 02:51:53,381] {spark_submit.py:488} INFO - "type" : "struct",
[2022-04-06 02:51:53,381] {spark_submit.py:488} INFO - "fields" : [ {
[2022-04-06 02:51:53,381] {spark_submit.py:488} INFO - "name" : "id",
[2022-04-06 02:51:53,381] {spark_submit.py:488} INFO - "type" : "integer",
[2022-04-06 02:51:53,381] {spark_submit.py:488} INFO - "nullable" : true,
[2022-04-06 02:51:53,381] {spark_submit.py:488} INFO - "metadata" : { }
[2022-04-06 02:51:53,381] {spark_submit.py:488} INFO - }, {
[2022-04-06 02:51:53,381] {spark_submit.py:488} INFO - "name" : "display_name",
[2022-04-06 02:51:53,381] {spark_submit.py:488} INFO - "type" : "string",
[2022-04-06 02:51:53,382] {spark_submit.py:488} INFO - "nullable" : true,
[2022-04-06 02:51:53,382] {spark_submit.py:488} INFO - "metadata" : { }
[2022-04-06 02:51:53,382] {spark_submit.py:488} INFO - }, {
[2022-04-06 02:51:53,382] {spark_submit.py:488} INFO - "name" : "about_me",
[2022-04-06 02:51:53,382] {spark_submit.py:488} INFO - "type" : "string",
[2022-04-06 02:51:53,382] {spark_submit.py:488} INFO - "nullable" : true,
[2022-04-06 02:51:53,382] {spark_submit.py:488} INFO - "metadata" : { }
[2022-04-06 02:51:53,382] {spark_submit.py:488} INFO - }, {
[2022-04-06 02:51:53,382] {spark_submit.py:488} INFO - "name" : "age",
[2022-04-06 02:51:53,382] {spark_submit.py:488} INFO - "type" : "integer",
[2022-04-06 02:51:53,382] {spark_submit.py:488} INFO - "nullable" : true,
[2022-04-06 02:51:53,382] {spark_submit.py:488} INFO - "metadata" : { }
[2022-04-06 02:51:53,382] {spark_submit.py:488} INFO - }, {
[2022-04-06 02:51:53,382] {spark_submit.py:488} INFO - "name" : "creation_date",
[2022-04-06 02:51:53,383] {spark_submit.py:488} INFO - "type" : "timestamp",
[2022-04-06 02:51:53,383] {spark_submit.py:488} INFO - "nullable" : true,
[2022-04-06 02:51:53,383] {spark_submit.py:488} INFO - "metadata" : { }
[2022-04-06 02:51:53,383] {spark_submit.py:488} INFO - }, {
[2022-04-06 02:51:53,383] {spark_submit.py:488} INFO - "name" : "last_access_date",
[2022-04-06 02:51:53,383] {spark_submit.py:488} INFO - "type" : "timestamp",
[2022-04-06 02:51:53,383] {spark_submit.py:488} INFO - "nullable" : true,
[2022-04-06 02:51:53,383] {spark_submit.py:488} INFO - "metadata" : { }
[2022-04-06 02:51:53,383] {spark_submit.py:488} INFO - }, {
[2022-04-06 02:51:53,383] {spark_submit.py:488} INFO - "name" : "location",
[2022-04-06 02:51:53,383] {spark_submit.py:488} INFO - "type" : "string",
[2022-04-06 02:51:53,383] {spark_submit.py:488} INFO - "nullable" : true,
[2022-04-06 02:51:53,383] {spark_submit.py:488} INFO - "metadata" : { }
[2022-04-06 02:51:53,383] {spark_submit.py:488} INFO - }, {
[2022-04-06 02:51:53,479] {spark_submit.py:488} INFO - "name" : "reputation",
[2022-04-06 02:51:53,484] {spark_submit.py:488} INFO - "type" : "integer",
[2022-04-06 02:51:53,484] {spark_submit.py:488} INFO - "nullable" : true,
[2022-04-06 02:51:53,484] {spark_submit.py:488} INFO - "metadata" : { }
[2022-04-06 02:51:53,484] {spark_submit.py:488} INFO - }, {
[2022-04-06 02:51:53,484] {spark_submit.py:488} INFO - "name" : "up_votes",
[2022-04-06 02:51:53,484] {spark_submit.py:488} INFO - "type" : "integer",
[2022-04-06 02:51:53,484] {spark_submit.py:488} INFO - "nullable" : true,
[2022-04-06 02:51:53,485] {spark_submit.py:488} INFO - "metadata" : { }
[2022-04-06 02:51:53,485] {spark_submit.py:488} INFO - }, {
[2022-04-06 02:51:53,485] {spark_submit.py:488} INFO - "name" : "down_votes",
[2022-04-06 02:51:53,485] {spark_submit.py:488} INFO - "type" : "integer",
[2022-04-06 02:51:53,485] {spark_submit.py:488} INFO - "nullable" : true,
[2022-04-06 02:51:53,485] {spark_submit.py:488} INFO - "metadata" : { }
[2022-04-06 02:51:53,485] {spark_submit.py:488} INFO - }, {
[2022-04-06 02:51:53,485] {spark_submit.py:488} INFO - "name" : "views",
[2022-04-06 02:51:53,485] {spark_submit.py:488} INFO - "type" : "integer",
[2022-04-06 02:51:53,485] {spark_submit.py:488} INFO - "nullable" : true,
[2022-04-06 02:51:53,485] {spark_submit.py:488} INFO - "metadata" : { }
[2022-04-06 02:51:53,486] {spark_submit.py:488} INFO - }, {
[2022-04-06 02:51:53,486] {spark_submit.py:488} INFO - "name" : "profile_image_url",
[2022-04-06 02:51:53,486] {spark_submit.py:488} INFO - "type" : "string",
[2022-04-06 02:51:53,486] {spark_submit.py:488} INFO - "nullable" : true,
[2022-04-06 02:51:53,560] {spark_submit.py:488} INFO - "metadata" : { }
[2022-04-06 02:51:53,560] {spark_submit.py:488} INFO - }, {
[2022-04-06 02:51:53,560] {spark_submit.py:488} INFO - "name" : "website_url",
[2022-04-06 02:51:53,560] {spark_submit.py:488} INFO - "type" : "string",
[2022-04-06 02:51:53,560] {spark_submit.py:488} INFO - "nullable" : true,
[2022-04-06 02:51:53,561] {spark_submit.py:488} INFO - "metadata" : { }
[2022-04-06 02:51:53,574] {spark_submit.py:488} INFO - }, {
[2022-04-06 02:51:53,574] {spark_submit.py:488} INFO - "name" : "group_by_date",
[2022-04-06 02:51:53,574] {spark_submit.py:488} INFO - "type" : "timestamp",
[2022-04-06 02:51:53,574] {spark_submit.py:488} INFO - "nullable" : true,
[2022-04-06 02:51:53,574] {spark_submit.py:488} INFO - "metadata" : { }
[2022-04-06 02:51:53,574] {spark_submit.py:488} INFO - } ]
[2022-04-06 02:51:53,574] {spark_submit.py:488} INFO - }
[2022-04-06 02:51:53,574] {spark_submit.py:488} INFO - and corresponding Parquet message type:
[2022-04-06 02:51:53,574] {spark_submit.py:488} INFO - message spark_schema {
[2022-04-06 02:51:53,575] {spark_submit.py:488} INFO - optional int32 id;
[2022-04-06 02:51:53,575] {spark_submit.py:488} INFO - optional binary display_name (STRING);
[2022-04-06 02:51:53,575] {spark_submit.py:488} INFO - optional binary about_me (STRING);
[2022-04-06 02:51:53,575] {spark_submit.py:488} INFO - optional int32 age;
[2022-04-06 02:51:53,575] {spark_submit.py:488} INFO - optional int96 creation_date;
[2022-04-06 02:51:53,575] {spark_submit.py:488} INFO - optional int96 last_access_date;
[2022-04-06 02:51:53,575] {spark_submit.py:488} INFO - optional binary location (STRING);
[2022-04-06 02:51:53,575] {spark_submit.py:488} INFO - optional int32 reputation;
[2022-04-06 02:51:53,575] {spark_submit.py:488} INFO - optional int32 up_votes;
[2022-04-06 02:51:53,575] {spark_submit.py:488} INFO - optional int32 down_votes;
[2022-04-06 02:51:53,575] {spark_submit.py:488} INFO - optional int32 views;
[2022-04-06 02:51:53,575] {spark_submit.py:488} INFO - optional binary profile_image_url (STRING);
[2022-04-06 02:51:53,575] {spark_submit.py:488} INFO - optional binary website_url (STRING);
[2022-04-06 02:51:53,575] {spark_submit.py:488} INFO - optional int96 group_by_date;
[2022-04-06 02:51:53,576] {spark_submit.py:488} INFO - }
[2022-04-06 02:51:53,576] {spark_submit.py:488} INFO - 
[2022-04-06 02:51:53,576] {spark_submit.py:488} INFO - 
[2022-04-06 02:51:55,335] {spark_submit.py:488} INFO - 22/04/06 02:51:55 INFO CodecPool: Got brand-new compressor [.snappy]
[2022-04-06 02:51:55,348] {spark_submit.py:488} INFO - 22/04/06 02:51:55 INFO CodecPool: Got brand-new compressor [.snappy]
[2022-04-06 02:51:55,349] {spark_submit.py:488} INFO - 22/04/06 02:51:55 INFO CodecPool: Got brand-new compressor [.snappy]
[2022-04-06 02:51:55,349] {spark_submit.py:488} INFO - 22/04/06 02:51:55 INFO CodecPool: Got brand-new compressor [.snappy]
[2022-04-06 02:52:11,366] {spark_submit.py:488} INFO - 22/04/06 02:52:11 INFO GoogleCloudStorageImpl: Ignoring exception of type GoogleJsonResponseException; verified object already exists with desired state.
[2022-04-06 02:52:11,370] {spark_submit.py:488} INFO - 22/04/06 02:52:11 INFO GoogleCloudStorageFileSystem: Successfully repaired 'gs://dtc_data_lake_de-stack-overflow/BigQuery/users-2018-11/_temporary/0/_temporary/' directory.
[2022-04-06 02:52:11,371] {spark_submit.py:488} INFO - 22/04/06 02:52:11 INFO FileOutputCommitter: Saved output of task 'attempt_202204060251503280820833390783105_0003_m_000000_5' to gs://dtc_data_lake_de-stack-overflow/BigQuery/users-2018-11/_temporary/0/task_202204060251503280820833390783105_0003_m_000000
[2022-04-06 02:52:11,373] {spark_submit.py:488} INFO - 22/04/06 02:52:11 INFO SparkHadoopMapRedUtil: attempt_202204060251503280820833390783105_0003_m_000000_5: Committed
[2022-04-06 02:52:11,388] {spark_submit.py:488} INFO - 22/04/06 02:52:11 INFO GoogleCloudStorageFileSystem: Successfully repaired 'gs://dtc_data_lake_de-stack-overflow/BigQuery/users-2018-11/_temporary/0/_temporary/' directory.
[2022-04-06 02:52:11,389] {spark_submit.py:488} INFO - 22/04/06 02:52:11 INFO FileOutputCommitter: Saved output of task 'attempt_202204060251507331848417309876801_0003_m_000003_8' to gs://dtc_data_lake_de-stack-overflow/BigQuery/users-2018-11/_temporary/0/task_202204060251507331848417309876801_0003_m_000003
[2022-04-06 02:52:11,392] {spark_submit.py:488} INFO - 22/04/06 02:52:11 INFO SparkHadoopMapRedUtil: attempt_202204060251507331848417309876801_0003_m_000003_8: Committed
[2022-04-06 02:52:11,396] {spark_submit.py:488} INFO - 22/04/06 02:52:11 INFO GoogleCloudStorageImpl: Ignoring exception of type GoogleJsonResponseException; verified object already exists with desired state.
[2022-04-06 02:52:11,397] {spark_submit.py:488} INFO - 22/04/06 02:52:11 INFO GoogleCloudStorageFileSystem: Successfully repaired 'gs://dtc_data_lake_de-stack-overflow/BigQuery/users-2018-11/_temporary/0/_temporary/' directory.
[2022-04-06 02:52:11,397] {spark_submit.py:488} INFO - 22/04/06 02:52:11 INFO FileOutputCommitter: Saved output of task 'attempt_202204060251501915401101589923631_0003_m_000002_7' to gs://dtc_data_lake_de-stack-overflow/BigQuery/users-2018-11/_temporary/0/task_202204060251501915401101589923631_0003_m_000002
[2022-04-06 02:52:11,397] {spark_submit.py:488} INFO - 22/04/06 02:52:11 INFO SparkHadoopMapRedUtil: attempt_202204060251501915401101589923631_0003_m_000002_7: Committed
[2022-04-06 02:52:11,401] {spark_submit.py:488} INFO - 22/04/06 02:52:11 INFO GoogleCloudStorageImpl: Ignoring exception of type GoogleJsonResponseException; verified object already exists with desired state.
[2022-04-06 02:52:11,402] {spark_submit.py:488} INFO - 22/04/06 02:52:11 INFO GoogleCloudStorageFileSystem: Successfully repaired 'gs://dtc_data_lake_de-stack-overflow/BigQuery/users-2018-11/_temporary/0/_temporary/' directory.
[2022-04-06 02:52:11,402] {spark_submit.py:488} INFO - 22/04/06 02:52:11 INFO FileOutputCommitter: Saved output of task 'attempt_202204060251501886153282822975993_0003_m_000001_6' to gs://dtc_data_lake_de-stack-overflow/BigQuery/users-2018-11/_temporary/0/task_202204060251501886153282822975993_0003_m_000001
[2022-04-06 02:52:11,403] {spark_submit.py:488} INFO - 22/04/06 02:52:11 INFO SparkHadoopMapRedUtil: attempt_202204060251501886153282822975993_0003_m_000001_6: Committed
[2022-04-06 02:52:11,461] {spark_submit.py:488} INFO - 22/04/06 02:52:11 INFO Executor: Finished task 1.0 in stage 3.0 (TID 6). 3526 bytes result sent to driver
[2022-04-06 02:52:11,465] {spark_submit.py:488} INFO - 22/04/06 02:52:11 INFO Executor: Finished task 2.0 in stage 3.0 (TID 7). 3526 bytes result sent to driver
[2022-04-06 02:52:11,469] {spark_submit.py:488} INFO - 22/04/06 02:52:11 INFO TaskSetManager: Finished task 2.0 in stage 3.0 (TID 7) in 19909 ms on 9fe4286b2855 (executor driver) (1/4)
[2022-04-06 02:52:11,470] {spark_submit.py:488} INFO - 22/04/06 02:52:11 INFO TaskSetManager: Finished task 1.0 in stage 3.0 (TID 6) in 19912 ms on 9fe4286b2855 (executor driver) (2/4)
[2022-04-06 02:52:11,477] {spark_submit.py:488} INFO - 22/04/06 02:52:11 INFO Executor: Finished task 3.0 in stage 3.0 (TID 8). 3526 bytes result sent to driver
[2022-04-06 02:52:11,479] {spark_submit.py:488} INFO - 22/04/06 02:52:11 INFO TaskSetManager: Finished task 3.0 in stage 3.0 (TID 8) in 19920 ms on 9fe4286b2855 (executor driver) (3/4)
[2022-04-06 02:52:11,491] {spark_submit.py:488} INFO - 22/04/06 02:52:11 INFO Executor: Finished task 0.0 in stage 3.0 (TID 5). 3526 bytes result sent to driver
[2022-04-06 02:52:11,498] {spark_submit.py:488} INFO - 22/04/06 02:52:11 INFO TaskSetManager: Finished task 0.0 in stage 3.0 (TID 5) in 19943 ms on 9fe4286b2855 (executor driver) (4/4)
[2022-04-06 02:52:11,499] {spark_submit.py:488} INFO - 22/04/06 02:52:11 INFO TaskSchedulerImpl: Removed TaskSet 3.0, whose tasks have all completed, from pool
[2022-04-06 02:52:11,507] {spark_submit.py:488} INFO - 22/04/06 02:52:11 INFO DAGScheduler: ResultStage 3 (save at NativeMethodAccessorImpl.java:0) finished in 20.721 s
[2022-04-06 02:52:11,509] {spark_submit.py:488} INFO - 22/04/06 02:52:11 INFO DAGScheduler: Job 2 is finished. Cancelling potential speculative or zombie tasks for this job
[2022-04-06 02:52:11,510] {spark_submit.py:488} INFO - 22/04/06 02:52:11 INFO TaskSchedulerImpl: Killing all running tasks in stage 3: Stage finished
[2022-04-06 02:52:11,520] {spark_submit.py:488} INFO - 22/04/06 02:52:11 INFO DAGScheduler: Job 2 finished: save at NativeMethodAccessorImpl.java:0, took 20.854246 s
[2022-04-06 02:52:11,520] {spark_submit.py:488} INFO - 22/04/06 02:52:11 INFO FileFormatWriter: Start to commit write Job a0b5d22e-5f5e-410a-b5b6-9cf943f3e103.
[2022-04-06 02:52:12,108] {spark_submit.py:488} INFO - 22/04/06 02:52:12 INFO GoogleCloudStorageFileSystem: Successfully repaired 'gs://dtc_data_lake_de-stack-overflow/BigQuery/users-2018-11/_temporary/0/task_202204060251501886153282822975993_0003_m_000001/' directory.
[2022-04-06 02:52:12,533] {spark_submit.py:488} INFO - 22/04/06 02:52:12 INFO GoogleCloudStorageFileSystem: Successfully repaired 'gs://dtc_data_lake_de-stack-overflow/BigQuery/users-2018-11/_temporary/0/task_202204060251501915401101589923631_0003_m_000002/' directory.
[2022-04-06 02:52:13,021] {spark_submit.py:488} INFO - 22/04/06 02:52:13 INFO GoogleCloudStorageFileSystem: Successfully repaired 'gs://dtc_data_lake_de-stack-overflow/BigQuery/users-2018-11/_temporary/0/task_202204060251503280820833390783105_0003_m_000000/' directory.
[2022-04-06 02:52:13,530] {spark_submit.py:488} INFO - 22/04/06 02:52:13 INFO GoogleCloudStorageFileSystem: Successfully repaired 'gs://dtc_data_lake_de-stack-overflow/BigQuery/users-2018-11/_temporary/0/task_202204060251507331848417309876801_0003_m_000003/' directory.
[2022-04-06 02:52:13,808] {spark_submit.py:488} INFO - 22/04/06 02:52:13 INFO GoogleCloudStorageFileSystem: Successfully repaired 'gs://dtc_data_lake_de-stack-overflow/BigQuery/users-2018-11/' directory.
[2022-04-06 02:52:14,762] {spark_submit.py:488} INFO - 22/04/06 02:52:14 INFO FileFormatWriter: Write Job a0b5d22e-5f5e-410a-b5b6-9cf943f3e103 committed. Elapsed time: 3243 ms.
[2022-04-06 02:52:14,777] {spark_submit.py:488} INFO - 22/04/06 02:52:14 INFO FileFormatWriter: Finished processing stats for write job a0b5d22e-5f5e-410a-b5b6-9cf943f3e103.
[2022-04-06 02:52:15,770] {spark_submit.py:488} INFO - 22/04/06 02:52:15 INFO SparkContext: Invoking stop() from shutdown hook
[2022-04-06 02:52:15,868] {spark_submit.py:488} INFO - 22/04/06 02:52:15 INFO SparkUI: Stopped Spark web UI at http://9fe4286b2855:4044
[2022-04-06 02:52:15,969] {spark_submit.py:488} INFO - 22/04/06 02:52:15 INFO MapOutputTrackerMasterEndpoint: MapOutputTrackerMasterEndpoint stopped!
[2022-04-06 02:52:16,225] {spark_submit.py:488} INFO - 22/04/06 02:52:16 INFO MemoryStore: MemoryStore cleared
[2022-04-06 02:52:16,228] {spark_submit.py:488} INFO - 22/04/06 02:52:16 INFO BlockManager: BlockManager stopped
[2022-04-06 02:52:16,233] {spark_submit.py:488} INFO - 22/04/06 02:52:16 INFO BlockManagerMaster: BlockManagerMaster stopped
[2022-04-06 02:52:16,238] {spark_submit.py:488} INFO - 22/04/06 02:52:16 INFO OutputCommitCoordinator$OutputCommitCoordinatorEndpoint: OutputCommitCoordinator stopped!
[2022-04-06 02:52:16,470] {spark_submit.py:488} INFO - 22/04/06 02:52:16 INFO SparkContext: Successfully stopped SparkContext
[2022-04-06 02:52:16,470] {spark_submit.py:488} INFO - 22/04/06 02:52:16 INFO ShutdownHookManager: Shutdown hook called
[2022-04-06 02:52:16,471] {spark_submit.py:488} INFO - 22/04/06 02:52:16 INFO ShutdownHookManager: Deleting directory /tmp/spark-879c7ee1-d32a-46fd-b92a-9f1f7eb69da3
[2022-04-06 02:52:16,527] {spark_submit.py:488} INFO - 22/04/06 02:52:16 INFO ShutdownHookManager: Deleting directory /tmp/spark-d7701f71-8be8-4f43-b591-169d77e8178f
[2022-04-06 02:52:16,577] {spark_submit.py:488} INFO - 22/04/06 02:52:16 INFO ShutdownHookManager: Deleting directory /tmp/spark-879c7ee1-d32a-46fd-b92a-9f1f7eb69da3/pyspark-9f17ae4d-0b27-4a68-87b7-bf976a96f32d
[2022-04-06 02:52:17,608] {taskinstance.py:1288} INFO - Marking task as SUCCESS. dag_id=IngestToGCP, task_id=processing_tasks_users.spark_job, execution_date=20181101T000000, start_date=20220406T024751, end_date=20220406T025217
[2022-04-06 02:52:17,968] {local_task_job.py:154} INFO - Task exited with return code 0
[2022-04-06 02:52:18,152] {local_task_job.py:264} INFO - 1 downstream tasks scheduled from follow-on schedule check
