[2022-04-07 22:08:04,109] {taskinstance.py:1043} INFO - Dependencies all met for <TaskInstance: load_to_BigQuery.create_external_posts_answers.bq_create_posts_answers_stack_overflow_data_partitioned_table_task scheduled__2009-08-01T00:00:00+00:00 [queued]>
[2022-04-07 22:08:04,220] {taskinstance.py:1043} INFO - Dependencies all met for <TaskInstance: load_to_BigQuery.create_external_posts_answers.bq_create_posts_answers_stack_overflow_data_partitioned_table_task scheduled__2009-08-01T00:00:00+00:00 [queued]>
[2022-04-07 22:08:04,232] {taskinstance.py:1249} INFO - 
--------------------------------------------------------------------------------
[2022-04-07 22:08:04,232] {taskinstance.py:1250} INFO - Starting attempt 1 of 1
[2022-04-07 22:08:04,232] {taskinstance.py:1251} INFO - 
--------------------------------------------------------------------------------
[2022-04-07 22:08:05,061] {taskinstance.py:1270} INFO - Executing <Task(BigQueryInsertJobOperator): create_external_posts_answers.bq_create_posts_answers_stack_overflow_data_partitioned_table_task> on 2009-08-01 00:00:00+00:00
[2022-04-07 22:08:05,085] {standard_task_runner.py:52} INFO - Started process 1316 to run task
[2022-04-07 22:08:05,116] {standard_task_runner.py:79} INFO - Running: ['***', 'tasks', 'run', 'load_to_BigQuery', 'create_external_posts_answers.bq_create_posts_answers_stack_overflow_data_partitioned_table_task', 'scheduled__2009-08-01T00:00:00+00:00', '--job-id', '13415', '--raw', '--subdir', 'DAGS_FOLDER/load_to_BigQuery_dag.py', '--cfg-path', '/tmp/tmpq4n9q59m', '--error-file', '/tmp/tmpey9c3l8k']
[2022-04-07 22:08:05,118] {standard_task_runner.py:80} INFO - Job 13415: Subtask create_external_posts_answers.bq_create_posts_answers_stack_overflow_data_partitioned_table_task
[2022-04-07 22:08:05,685] {logging_mixin.py:109} INFO - Running <TaskInstance: load_to_BigQuery.create_external_posts_answers.bq_create_posts_answers_stack_overflow_data_partitioned_table_task scheduled__2009-08-01T00:00:00+00:00 [running]> on host 36107d30f64e
[2022-04-07 22:08:06,197] {taskinstance.py:1448} INFO - Exporting the following env vars:
AIRFLOW_CTX_DAG_OWNER=***
AIRFLOW_CTX_DAG_ID=load_to_BigQuery
AIRFLOW_CTX_TASK_ID=create_external_posts_answers.bq_create_posts_answers_stack_overflow_data_partitioned_table_task
AIRFLOW_CTX_EXECUTION_DATE=2009-08-01T00:00:00+00:00
AIRFLOW_CTX_DAG_RUN_ID=scheduled__2009-08-01T00:00:00+00:00
[2022-04-07 22:08:06,199] {crypto.py:82} WARNING - empty cryptography key - values will not be stored encrypted.
[2022-04-07 22:08:06,274] {logging_mixin.py:109} WARNING - /home/***/.local/lib/python3.7/site-packages/***/utils/context.py:156 AirflowContextDeprecationWarning: Accessing 'execution_date' from the template is deprecated and will be removed in a future version. Please use 'data_interval_start' or 'logical_date' instead.
[2022-04-07 22:08:06,353] {bigquery.py:1554} INFO - Inserting job ***_load_to_BigQuery_create_external_posts_answers_bq_create_posts_answers_stack_overflow_data_partitioned_table_task_2009_08_01T00_00_00_00_00_e1cef2de78f440f5cf215e9cce69c460
[2022-04-07 22:08:10,509] {taskinstance.py:1288} INFO - Marking task as SUCCESS. dag_id=load_to_BigQuery, task_id=create_external_posts_answers.bq_create_posts_answers_stack_overflow_data_partitioned_table_task, execution_date=20090801T000000, start_date=20220407T220804, end_date=20220407T220810
[2022-04-07 22:08:10,834] {local_task_job.py:154} INFO - Task exited with return code 0
[2022-04-07 22:08:11,092] {local_task_job.py:264} INFO - 0 downstream tasks scheduled from follow-on schedule check
