[2022-04-07 19:26:51,402] {taskinstance.py:1043} INFO - Dependencies all met for <TaskInstance: load_to_BigQuery.create_external_users.bq_create_users_stack_overflow_data_partitioned_table_task scheduled__2018-08-01T00:00:00+00:00 [queued]>
[2022-04-07 19:26:51,496] {taskinstance.py:1043} INFO - Dependencies all met for <TaskInstance: load_to_BigQuery.create_external_users.bq_create_users_stack_overflow_data_partitioned_table_task scheduled__2018-08-01T00:00:00+00:00 [queued]>
[2022-04-07 19:26:51,496] {taskinstance.py:1249} INFO - 
--------------------------------------------------------------------------------
[2022-04-07 19:26:51,497] {taskinstance.py:1250} INFO - Starting attempt 1 of 1
[2022-04-07 19:26:51,497] {taskinstance.py:1251} INFO - 
--------------------------------------------------------------------------------
[2022-04-07 19:26:52,547] {taskinstance.py:1270} INFO - Executing <Task(BigQueryInsertJobOperator): create_external_users.bq_create_users_stack_overflow_data_partitioned_table_task> on 2018-08-01 00:00:00+00:00
[2022-04-07 19:26:52,597] {standard_task_runner.py:52} INFO - Started process 4821 to run task
[2022-04-07 19:26:52,722] {standard_task_runner.py:79} INFO - Running: ['***', 'tasks', 'run', 'load_to_BigQuery', 'create_external_users.bq_create_users_stack_overflow_data_partitioned_table_task', 'scheduled__2018-08-01T00:00:00+00:00', '--job-id', '13028', '--raw', '--subdir', 'DAGS_FOLDER/load_to_BigQuery_dag.py', '--cfg-path', '/tmp/tmp_gbd_8sd', '--error-file', '/tmp/tmpd5bx2c4u']
[2022-04-07 19:26:52,724] {standard_task_runner.py:80} INFO - Job 13028: Subtask create_external_users.bq_create_users_stack_overflow_data_partitioned_table_task
[2022-04-07 19:26:53,116] {logging_mixin.py:109} INFO - Running <TaskInstance: load_to_BigQuery.create_external_users.bq_create_users_stack_overflow_data_partitioned_table_task scheduled__2018-08-01T00:00:00+00:00 [running]> on host 2c54f2187010
[2022-04-07 19:26:53,348] {taskinstance.py:1448} INFO - Exporting the following env vars:
AIRFLOW_CTX_DAG_OWNER=***
AIRFLOW_CTX_DAG_ID=load_to_BigQuery
AIRFLOW_CTX_TASK_ID=create_external_users.bq_create_users_stack_overflow_data_partitioned_table_task
AIRFLOW_CTX_EXECUTION_DATE=2018-08-01T00:00:00+00:00
AIRFLOW_CTX_DAG_RUN_ID=scheduled__2018-08-01T00:00:00+00:00
[2022-04-07 19:26:53,361] {crypto.py:82} WARNING - empty cryptography key - values will not be stored encrypted.
[2022-04-07 19:26:53,438] {logging_mixin.py:109} WARNING - /home/***/.local/lib/python3.7/site-packages/***/utils/context.py:156 AirflowContextDeprecationWarning: Accessing 'execution_date' from the template is deprecated and will be removed in a future version. Please use 'data_interval_start' or 'logical_date' instead.
[2022-04-07 19:26:53,503] {bigquery.py:1554} INFO - Inserting job ***_load_to_BigQuery_create_external_users_bq_create_users_stack_overflow_data_partitioned_table_task_2018_08_01T00_00_00_00_00_85a9948ae0dc4a85b8a758dddd7ef4b7
[2022-04-07 19:26:54,226] {taskinstance.py:1774} ERROR - Task failed with exception
Traceback (most recent call last):
  File "/home/airflow/.local/lib/python3.7/site-packages/airflow/providers/google/cloud/operators/bigquery.py", line 2153, in execute
    job = self._submit_job(hook, job_id)
  File "/home/airflow/.local/lib/python3.7/site-packages/airflow/providers/google/cloud/operators/bigquery.py", line 2119, in _submit_job
    retry=self.result_retry,
  File "/home/airflow/.local/lib/python3.7/site-packages/airflow/providers/google/common/hooks/base_google.py", line 439, in inner_wrapper
    return func(self, *args, **kwargs)
  File "/home/airflow/.local/lib/python3.7/site-packages/airflow/providers/google/cloud/hooks/bigquery.py", line 1560, in insert_job
    job.result(timeout=timeout, retry=retry)
  File "/home/airflow/.local/lib/python3.7/site-packages/google/cloud/bigquery/job/query.py", line 1498, in result
    do_get_result()
  File "/home/airflow/.local/lib/python3.7/site-packages/google/cloud/bigquery/job/query.py", line 1488, in do_get_result
    super(QueryJob, self).result(retry=retry, timeout=timeout)
  File "/home/airflow/.local/lib/python3.7/site-packages/google/cloud/bigquery/job/base.py", line 728, in result
    return super(_AsyncJob, self).result(timeout=timeout, **kwargs)
  File "/home/airflow/.local/lib/python3.7/site-packages/google/api_core/future/polling.py", line 135, in result
    raise self._exception
google.api_core.exceptions.BadRequest: 400 Could not cast literal "creation_date" to type TIMESTAMP at [1:101]

Location: us-central1
Job ID: airflow_load_to_BigQuery_create_external_users_bq_create_users_stack_overflow_data_partitioned_table_task_2018_08_01T00_00_00_00_00_85a9948ae0dc4a85b8a758dddd7ef4b7

[2022-04-07 19:26:54,277] {taskinstance.py:1288} INFO - Marking task as FAILED. dag_id=load_to_BigQuery, task_id=create_external_users.bq_create_users_stack_overflow_data_partitioned_table_task, execution_date=20180801T000000, start_date=20220407T192651, end_date=20220407T192654
[2022-04-07 19:26:54,558] {standard_task_runner.py:98} ERROR - Failed to execute job 13028 for task create_external_users.bq_create_users_stack_overflow_data_partitioned_table_task (400 Could not cast literal "creation_date" to type TIMESTAMP at [1:101]

Location: us-central1
Job ID: airflow_load_to_BigQuery_create_external_users_bq_create_users_stack_overflow_data_partitioned_table_task_2018_08_01T00_00_00_00_00_85a9948ae0dc4a85b8a758dddd7ef4b7
; 4821)
[2022-04-07 19:26:54,611] {local_task_job.py:154} INFO - Task exited with return code 1
[2022-04-07 19:26:54,716] {local_task_job.py:264} INFO - 0 downstream tasks scheduled from follow-on schedule check
[2022-04-07 22:19:41,269] {taskinstance.py:1043} INFO - Dependencies all met for <TaskInstance: load_to_BigQuery.create_external_users.bq_create_users_stack_overflow_data_partitioned_table_task scheduled__2018-08-01T00:00:00+00:00 [queued]>
[2022-04-07 22:19:41,333] {taskinstance.py:1043} INFO - Dependencies all met for <TaskInstance: load_to_BigQuery.create_external_users.bq_create_users_stack_overflow_data_partitioned_table_task scheduled__2018-08-01T00:00:00+00:00 [queued]>
[2022-04-07 22:19:41,333] {taskinstance.py:1249} INFO - 
--------------------------------------------------------------------------------
[2022-04-07 22:19:41,333] {taskinstance.py:1250} INFO - Starting attempt 1 of 1
[2022-04-07 22:19:41,334] {taskinstance.py:1251} INFO - 
--------------------------------------------------------------------------------
[2022-04-07 22:19:41,881] {taskinstance.py:1270} INFO - Executing <Task(BigQueryInsertJobOperator): create_external_users.bq_create_users_stack_overflow_data_partitioned_table_task> on 2018-08-01 00:00:00+00:00
[2022-04-07 22:19:41,893] {standard_task_runner.py:52} INFO - Started process 7109 to run task
[2022-04-07 22:19:41,926] {standard_task_runner.py:79} INFO - Running: ['***', 'tasks', 'run', 'load_to_BigQuery', 'create_external_users.bq_create_users_stack_overflow_data_partitioned_table_task', 'scheduled__2018-08-01T00:00:00+00:00', '--job-id', '14289', '--raw', '--subdir', 'DAGS_FOLDER/load_to_BigQuery_dag.py', '--cfg-path', '/tmp/tmp6bbm9om5', '--error-file', '/tmp/tmp2keazyb0']
[2022-04-07 22:19:41,949] {standard_task_runner.py:80} INFO - Job 14289: Subtask create_external_users.bq_create_users_stack_overflow_data_partitioned_table_task
[2022-04-07 22:19:42,266] {logging_mixin.py:109} INFO - Running <TaskInstance: load_to_BigQuery.create_external_users.bq_create_users_stack_overflow_data_partitioned_table_task scheduled__2018-08-01T00:00:00+00:00 [running]> on host 36107d30f64e
[2022-04-07 22:19:42,493] {taskinstance.py:1448} INFO - Exporting the following env vars:
AIRFLOW_CTX_DAG_OWNER=***
AIRFLOW_CTX_DAG_ID=load_to_BigQuery
AIRFLOW_CTX_TASK_ID=create_external_users.bq_create_users_stack_overflow_data_partitioned_table_task
AIRFLOW_CTX_EXECUTION_DATE=2018-08-01T00:00:00+00:00
AIRFLOW_CTX_DAG_RUN_ID=scheduled__2018-08-01T00:00:00+00:00
[2022-04-07 22:19:42,495] {crypto.py:82} WARNING - empty cryptography key - values will not be stored encrypted.
[2022-04-07 22:19:42,536] {logging_mixin.py:109} WARNING - /home/***/.local/lib/python3.7/site-packages/***/utils/context.py:156 AirflowContextDeprecationWarning: Accessing 'execution_date' from the template is deprecated and will be removed in a future version. Please use 'data_interval_start' or 'logical_date' instead.
[2022-04-07 22:19:42,593] {bigquery.py:1554} INFO - Inserting job ***_load_to_BigQuery_create_external_users_bq_create_users_stack_overflow_data_partitioned_table_task_2018_08_01T00_00_00_00_00_b79e08ad87712b55309778a659b688b8
[2022-04-07 22:19:45,423] {taskinstance.py:1288} INFO - Marking task as SUCCESS. dag_id=load_to_BigQuery, task_id=create_external_users.bq_create_users_stack_overflow_data_partitioned_table_task, execution_date=20180801T000000, start_date=20220407T221941, end_date=20220407T221945
[2022-04-07 22:19:45,512] {local_task_job.py:154} INFO - Task exited with return code 0
[2022-04-07 22:19:45,611] {local_task_job.py:264} INFO - 0 downstream tasks scheduled from follow-on schedule check
