[2022-04-07 19:27:18,427] {taskinstance.py:1043} INFO - Dependencies all met for <TaskInstance: load_to_BigQuery.create_external_badges.bq_create_badges_stack_overflow_data_partitioned_table_task scheduled__2019-01-01T00:00:00+00:00 [queued]>
[2022-04-07 19:27:18,542] {taskinstance.py:1043} INFO - Dependencies all met for <TaskInstance: load_to_BigQuery.create_external_badges.bq_create_badges_stack_overflow_data_partitioned_table_task scheduled__2019-01-01T00:00:00+00:00 [queued]>
[2022-04-07 19:27:18,542] {taskinstance.py:1249} INFO - 
--------------------------------------------------------------------------------
[2022-04-07 19:27:18,542] {taskinstance.py:1250} INFO - Starting attempt 1 of 1
[2022-04-07 19:27:18,542] {taskinstance.py:1251} INFO - 
--------------------------------------------------------------------------------
[2022-04-07 19:27:19,486] {taskinstance.py:1270} INFO - Executing <Task(BigQueryInsertJobOperator): create_external_badges.bq_create_badges_stack_overflow_data_partitioned_table_task> on 2019-01-01 00:00:00+00:00
[2022-04-07 19:27:19,596] {standard_task_runner.py:52} INFO - Started process 5022 to run task
[2022-04-07 19:27:19,646] {standard_task_runner.py:79} INFO - Running: ['***', 'tasks', 'run', 'load_to_BigQuery', 'create_external_badges.bq_create_badges_stack_overflow_data_partitioned_table_task', 'scheduled__2019-01-01T00:00:00+00:00', '--job-id', '13056', '--raw', '--subdir', 'DAGS_FOLDER/load_to_BigQuery_dag.py', '--cfg-path', '/tmp/tmpdw7g6s2c', '--error-file', '/tmp/tmpys6g2rap']
[2022-04-07 19:27:19,647] {standard_task_runner.py:80} INFO - Job 13056: Subtask create_external_badges.bq_create_badges_stack_overflow_data_partitioned_table_task
[2022-04-07 19:27:20,121] {logging_mixin.py:109} INFO - Running <TaskInstance: load_to_BigQuery.create_external_badges.bq_create_badges_stack_overflow_data_partitioned_table_task scheduled__2019-01-01T00:00:00+00:00 [running]> on host 2c54f2187010
[2022-04-07 19:27:20,625] {taskinstance.py:1448} INFO - Exporting the following env vars:
AIRFLOW_CTX_DAG_OWNER=***
AIRFLOW_CTX_DAG_ID=load_to_BigQuery
AIRFLOW_CTX_TASK_ID=create_external_badges.bq_create_badges_stack_overflow_data_partitioned_table_task
AIRFLOW_CTX_EXECUTION_DATE=2019-01-01T00:00:00+00:00
AIRFLOW_CTX_DAG_RUN_ID=scheduled__2019-01-01T00:00:00+00:00
[2022-04-07 19:27:20,628] {crypto.py:82} WARNING - empty cryptography key - values will not be stored encrypted.
[2022-04-07 19:27:20,658] {logging_mixin.py:109} WARNING - /home/***/.local/lib/python3.7/site-packages/***/utils/context.py:156 AirflowContextDeprecationWarning: Accessing 'execution_date' from the template is deprecated and will be removed in a future version. Please use 'data_interval_start' or 'logical_date' instead.
[2022-04-07 19:27:20,696] {bigquery.py:1554} INFO - Inserting job ***_load_to_BigQuery_create_external_badges_bq_create_badges_stack_overflow_data_partitioned_table_task_2019_01_01T00_00_00_00_00_f034353e27b5f0f5c8d1f9e4963f7f63
[2022-04-07 19:27:21,544] {taskinstance.py:1774} ERROR - Task failed with exception
Traceback (most recent call last):
  File "/home/airflow/.local/lib/python3.7/site-packages/airflow/providers/google/cloud/operators/bigquery.py", line 2153, in execute
    job = self._submit_job(hook, job_id)
  File "/home/airflow/.local/lib/python3.7/site-packages/airflow/providers/google/cloud/operators/bigquery.py", line 2119, in _submit_job
    retry=self.result_retry,
  File "/home/airflow/.local/lib/python3.7/site-packages/airflow/providers/google/common/hooks/base_google.py", line 439, in inner_wrapper
    return func(self, *args, **kwargs)
  File "/home/airflow/.local/lib/python3.7/site-packages/airflow/providers/google/cloud/hooks/bigquery.py", line 1560, in insert_job
    job.result(timeout=timeout, retry=retry)
  File "/home/airflow/.local/lib/python3.7/site-packages/google/cloud/bigquery/job/query.py", line 1498, in result
    do_get_result()
  File "/home/airflow/.local/lib/python3.7/site-packages/google/cloud/bigquery/job/query.py", line 1488, in do_get_result
    super(QueryJob, self).result(retry=retry, timeout=timeout)
  File "/home/airflow/.local/lib/python3.7/site-packages/google/cloud/bigquery/job/base.py", line 728, in result
    return super(_AsyncJob, self).result(timeout=timeout, **kwargs)
  File "/home/airflow/.local/lib/python3.7/site-packages/google/api_core/future/polling.py", line 135, in result
    raise self._exception
google.api_core.exceptions.BadRequest: 400 Could not cast literal "date" to type TIMESTAMP at [1:102]

Location: us-central1
Job ID: airflow_load_to_BigQuery_create_external_badges_bq_create_badges_stack_overflow_data_partitioned_table_task_2019_01_01T00_00_00_00_00_f034353e27b5f0f5c8d1f9e4963f7f63

[2022-04-07 19:27:21,759] {taskinstance.py:1288} INFO - Marking task as FAILED. dag_id=load_to_BigQuery, task_id=create_external_badges.bq_create_badges_stack_overflow_data_partitioned_table_task, execution_date=20190101T000000, start_date=20220407T192718, end_date=20220407T192721
[2022-04-07 19:27:23,127] {standard_task_runner.py:98} ERROR - Failed to execute job 13056 for task create_external_badges.bq_create_badges_stack_overflow_data_partitioned_table_task (400 Could not cast literal "date" to type TIMESTAMP at [1:102]

Location: us-central1
Job ID: airflow_load_to_BigQuery_create_external_badges_bq_create_badges_stack_overflow_data_partitioned_table_task_2019_01_01T00_00_00_00_00_f034353e27b5f0f5c8d1f9e4963f7f63
; 5022)
[2022-04-07 19:27:23,216] {local_task_job.py:154} INFO - Task exited with return code 1
[2022-04-07 19:27:23,393] {local_task_job.py:264} INFO - 0 downstream tasks scheduled from follow-on schedule check
[2022-04-07 22:20:04,169] {taskinstance.py:1043} INFO - Dependencies all met for <TaskInstance: load_to_BigQuery.create_external_badges.bq_create_badges_stack_overflow_data_partitioned_table_task scheduled__2019-01-01T00:00:00+00:00 [queued]>
[2022-04-07 22:20:04,274] {taskinstance.py:1043} INFO - Dependencies all met for <TaskInstance: load_to_BigQuery.create_external_badges.bq_create_badges_stack_overflow_data_partitioned_table_task scheduled__2019-01-01T00:00:00+00:00 [queued]>
[2022-04-07 22:20:04,276] {taskinstance.py:1249} INFO - 
--------------------------------------------------------------------------------
[2022-04-07 22:20:04,276] {taskinstance.py:1250} INFO - Starting attempt 1 of 1
[2022-04-07 22:20:04,276] {taskinstance.py:1251} INFO - 
--------------------------------------------------------------------------------
[2022-04-07 22:20:04,788] {taskinstance.py:1270} INFO - Executing <Task(BigQueryInsertJobOperator): create_external_badges.bq_create_badges_stack_overflow_data_partitioned_table_task> on 2019-01-01 00:00:00+00:00
[2022-04-07 22:20:04,814] {standard_task_runner.py:52} INFO - Started process 7305 to run task
[2022-04-07 22:20:04,849] {standard_task_runner.py:79} INFO - Running: ['***', 'tasks', 'run', 'load_to_BigQuery', 'create_external_badges.bq_create_badges_stack_overflow_data_partitioned_table_task', 'scheduled__2019-01-01T00:00:00+00:00', '--job-id', '14319', '--raw', '--subdir', 'DAGS_FOLDER/load_to_BigQuery_dag.py', '--cfg-path', '/tmp/tmpt1mmbsnf', '--error-file', '/tmp/tmp_lbkfy7z']
[2022-04-07 22:20:04,850] {standard_task_runner.py:80} INFO - Job 14319: Subtask create_external_badges.bq_create_badges_stack_overflow_data_partitioned_table_task
[2022-04-07 22:20:05,184] {logging_mixin.py:109} INFO - Running <TaskInstance: load_to_BigQuery.create_external_badges.bq_create_badges_stack_overflow_data_partitioned_table_task scheduled__2019-01-01T00:00:00+00:00 [running]> on host 36107d30f64e
[2022-04-07 22:20:05,424] {taskinstance.py:1448} INFO - Exporting the following env vars:
AIRFLOW_CTX_DAG_OWNER=***
AIRFLOW_CTX_DAG_ID=load_to_BigQuery
AIRFLOW_CTX_TASK_ID=create_external_badges.bq_create_badges_stack_overflow_data_partitioned_table_task
AIRFLOW_CTX_EXECUTION_DATE=2019-01-01T00:00:00+00:00
AIRFLOW_CTX_DAG_RUN_ID=scheduled__2019-01-01T00:00:00+00:00
[2022-04-07 22:20:05,427] {crypto.py:82} WARNING - empty cryptography key - values will not be stored encrypted.
[2022-04-07 22:20:05,448] {logging_mixin.py:109} WARNING - /home/***/.local/lib/python3.7/site-packages/***/utils/context.py:156 AirflowContextDeprecationWarning: Accessing 'execution_date' from the template is deprecated and will be removed in a future version. Please use 'data_interval_start' or 'logical_date' instead.
[2022-04-07 22:20:05,509] {bigquery.py:1554} INFO - Inserting job ***_load_to_BigQuery_create_external_badges_bq_create_badges_stack_overflow_data_partitioned_table_task_2019_01_01T00_00_00_00_00_a1ad86a2bdbbf791c8c6ced0968d88c6
[2022-04-07 22:20:08,159] {taskinstance.py:1288} INFO - Marking task as SUCCESS. dag_id=load_to_BigQuery, task_id=create_external_badges.bq_create_badges_stack_overflow_data_partitioned_table_task, execution_date=20190101T000000, start_date=20220407T222004, end_date=20220407T222008
[2022-04-07 22:20:08,308] {local_task_job.py:154} INFO - Task exited with return code 0
[2022-04-07 22:20:08,408] {local_task_job.py:264} INFO - 0 downstream tasks scheduled from follow-on schedule check
