[2022-04-07 19:26:51,469] {taskinstance.py:1043} INFO - Dependencies all met for <TaskInstance: load_to_BigQuery.create_external_users.bq_create_users_stack_overflow_data_partitioned_table_task scheduled__2018-09-01T00:00:00+00:00 [queued]>
[2022-04-07 19:26:51,608] {taskinstance.py:1043} INFO - Dependencies all met for <TaskInstance: load_to_BigQuery.create_external_users.bq_create_users_stack_overflow_data_partitioned_table_task scheduled__2018-09-01T00:00:00+00:00 [queued]>
[2022-04-07 19:26:51,615] {taskinstance.py:1249} INFO - 
--------------------------------------------------------------------------------
[2022-04-07 19:26:51,620] {taskinstance.py:1250} INFO - Starting attempt 1 of 1
[2022-04-07 19:26:51,620] {taskinstance.py:1251} INFO - 
--------------------------------------------------------------------------------
[2022-04-07 19:26:52,604] {taskinstance.py:1270} INFO - Executing <Task(BigQueryInsertJobOperator): create_external_users.bq_create_users_stack_overflow_data_partitioned_table_task> on 2018-09-01 00:00:00+00:00
[2022-04-07 19:26:52,690] {standard_task_runner.py:52} INFO - Started process 4822 to run task
[2022-04-07 19:26:52,757] {standard_task_runner.py:79} INFO - Running: ['***', 'tasks', 'run', 'load_to_BigQuery', 'create_external_users.bq_create_users_stack_overflow_data_partitioned_table_task', 'scheduled__2018-09-01T00:00:00+00:00', '--job-id', '13034', '--raw', '--subdir', 'DAGS_FOLDER/load_to_BigQuery_dag.py', '--cfg-path', '/tmp/tmp53zp477_', '--error-file', '/tmp/tmp4_q9fecj']
[2022-04-07 19:26:52,772] {standard_task_runner.py:80} INFO - Job 13034: Subtask create_external_users.bq_create_users_stack_overflow_data_partitioned_table_task
[2022-04-07 19:26:53,152] {logging_mixin.py:109} INFO - Running <TaskInstance: load_to_BigQuery.create_external_users.bq_create_users_stack_overflow_data_partitioned_table_task scheduled__2018-09-01T00:00:00+00:00 [running]> on host 2c54f2187010
[2022-04-07 19:26:53,528] {taskinstance.py:1448} INFO - Exporting the following env vars:
AIRFLOW_CTX_DAG_OWNER=***
AIRFLOW_CTX_DAG_ID=load_to_BigQuery
AIRFLOW_CTX_TASK_ID=create_external_users.bq_create_users_stack_overflow_data_partitioned_table_task
AIRFLOW_CTX_EXECUTION_DATE=2018-09-01T00:00:00+00:00
AIRFLOW_CTX_DAG_RUN_ID=scheduled__2018-09-01T00:00:00+00:00
[2022-04-07 19:26:53,531] {crypto.py:82} WARNING - empty cryptography key - values will not be stored encrypted.
[2022-04-07 19:26:53,583] {logging_mixin.py:109} WARNING - /home/***/.local/lib/python3.7/site-packages/***/utils/context.py:156 AirflowContextDeprecationWarning: Accessing 'execution_date' from the template is deprecated and will be removed in a future version. Please use 'data_interval_start' or 'logical_date' instead.
[2022-04-07 19:26:53,615] {bigquery.py:1554} INFO - Inserting job ***_load_to_BigQuery_create_external_users_bq_create_users_stack_overflow_data_partitioned_table_task_2018_09_01T00_00_00_00_00_ed518413a15bcb7aa883bf2b8afc8899
[2022-04-07 19:26:54,475] {taskinstance.py:1774} ERROR - Task failed with exception
Traceback (most recent call last):
  File "/home/airflow/.local/lib/python3.7/site-packages/airflow/providers/google/cloud/operators/bigquery.py", line 2153, in execute
    job = self._submit_job(hook, job_id)
  File "/home/airflow/.local/lib/python3.7/site-packages/airflow/providers/google/cloud/operators/bigquery.py", line 2119, in _submit_job
    retry=self.result_retry,
  File "/home/airflow/.local/lib/python3.7/site-packages/airflow/providers/google/common/hooks/base_google.py", line 439, in inner_wrapper
    return func(self, *args, **kwargs)
  File "/home/airflow/.local/lib/python3.7/site-packages/airflow/providers/google/cloud/hooks/bigquery.py", line 1560, in insert_job
    job.result(timeout=timeout, retry=retry)
  File "/home/airflow/.local/lib/python3.7/site-packages/google/cloud/bigquery/job/query.py", line 1498, in result
    do_get_result()
  File "/home/airflow/.local/lib/python3.7/site-packages/google/cloud/bigquery/job/query.py", line 1488, in do_get_result
    super(QueryJob, self).result(retry=retry, timeout=timeout)
  File "/home/airflow/.local/lib/python3.7/site-packages/google/cloud/bigquery/job/base.py", line 728, in result
    return super(_AsyncJob, self).result(timeout=timeout, **kwargs)
  File "/home/airflow/.local/lib/python3.7/site-packages/google/api_core/future/polling.py", line 135, in result
    raise self._exception
google.api_core.exceptions.BadRequest: 400 Could not cast literal "creation_date" to type TIMESTAMP at [1:101]

Location: us-central1
Job ID: airflow_load_to_BigQuery_create_external_users_bq_create_users_stack_overflow_data_partitioned_table_task_2018_09_01T00_00_00_00_00_ed518413a15bcb7aa883bf2b8afc8899

[2022-04-07 19:26:54,567] {taskinstance.py:1288} INFO - Marking task as FAILED. dag_id=load_to_BigQuery, task_id=create_external_users.bq_create_users_stack_overflow_data_partitioned_table_task, execution_date=20180901T000000, start_date=20220407T192651, end_date=20220407T192654
[2022-04-07 19:26:55,004] {standard_task_runner.py:98} ERROR - Failed to execute job 13034 for task create_external_users.bq_create_users_stack_overflow_data_partitioned_table_task (400 Could not cast literal "creation_date" to type TIMESTAMP at [1:101]

Location: us-central1
Job ID: airflow_load_to_BigQuery_create_external_users_bq_create_users_stack_overflow_data_partitioned_table_task_2018_09_01T00_00_00_00_00_ed518413a15bcb7aa883bf2b8afc8899
; 4822)
[2022-04-07 19:26:55,023] {local_task_job.py:154} INFO - Task exited with return code 1
[2022-04-07 19:26:55,157] {local_task_job.py:264} INFO - 0 downstream tasks scheduled from follow-on schedule check
[2022-04-07 22:19:40,809] {taskinstance.py:1043} INFO - Dependencies all met for <TaskInstance: load_to_BigQuery.create_external_users.bq_create_users_stack_overflow_data_partitioned_table_task scheduled__2018-09-01T00:00:00+00:00 [queued]>
[2022-04-07 22:19:40,887] {taskinstance.py:1043} INFO - Dependencies all met for <TaskInstance: load_to_BigQuery.create_external_users.bq_create_users_stack_overflow_data_partitioned_table_task scheduled__2018-09-01T00:00:00+00:00 [queued]>
[2022-04-07 22:19:40,896] {taskinstance.py:1249} INFO - 
--------------------------------------------------------------------------------
[2022-04-07 22:19:40,897] {taskinstance.py:1250} INFO - Starting attempt 1 of 1
[2022-04-07 22:19:40,897] {taskinstance.py:1251} INFO - 
--------------------------------------------------------------------------------
[2022-04-07 22:19:41,422] {taskinstance.py:1270} INFO - Executing <Task(BigQueryInsertJobOperator): create_external_users.bq_create_users_stack_overflow_data_partitioned_table_task> on 2018-09-01 00:00:00+00:00
[2022-04-07 22:19:41,448] {standard_task_runner.py:52} INFO - Started process 7092 to run task
[2022-04-07 22:19:41,503] {standard_task_runner.py:79} INFO - Running: ['***', 'tasks', 'run', 'load_to_BigQuery', 'create_external_users.bq_create_users_stack_overflow_data_partitioned_table_task', 'scheduled__2018-09-01T00:00:00+00:00', '--job-id', '14288', '--raw', '--subdir', 'DAGS_FOLDER/load_to_BigQuery_dag.py', '--cfg-path', '/tmp/tmps5r2ty4d', '--error-file', '/tmp/tmpzfpc3chf']
[2022-04-07 22:19:41,523] {standard_task_runner.py:80} INFO - Job 14288: Subtask create_external_users.bq_create_users_stack_overflow_data_partitioned_table_task
[2022-04-07 22:19:41,867] {logging_mixin.py:109} INFO - Running <TaskInstance: load_to_BigQuery.create_external_users.bq_create_users_stack_overflow_data_partitioned_table_task scheduled__2018-09-01T00:00:00+00:00 [running]> on host 36107d30f64e
[2022-04-07 22:19:42,134] {taskinstance.py:1448} INFO - Exporting the following env vars:
AIRFLOW_CTX_DAG_OWNER=***
AIRFLOW_CTX_DAG_ID=load_to_BigQuery
AIRFLOW_CTX_TASK_ID=create_external_users.bq_create_users_stack_overflow_data_partitioned_table_task
AIRFLOW_CTX_EXECUTION_DATE=2018-09-01T00:00:00+00:00
AIRFLOW_CTX_DAG_RUN_ID=scheduled__2018-09-01T00:00:00+00:00
[2022-04-07 22:19:42,137] {crypto.py:82} WARNING - empty cryptography key - values will not be stored encrypted.
[2022-04-07 22:19:42,182] {logging_mixin.py:109} WARNING - /home/***/.local/lib/python3.7/site-packages/***/utils/context.py:156 AirflowContextDeprecationWarning: Accessing 'execution_date' from the template is deprecated and will be removed in a future version. Please use 'data_interval_start' or 'logical_date' instead.
[2022-04-07 22:19:42,233] {bigquery.py:1554} INFO - Inserting job ***_load_to_BigQuery_create_external_users_bq_create_users_stack_overflow_data_partitioned_table_task_2018_09_01T00_00_00_00_00_56a0e298de46fc263fadecf48f417231
[2022-04-07 22:19:44,984] {taskinstance.py:1288} INFO - Marking task as SUCCESS. dag_id=load_to_BigQuery, task_id=create_external_users.bq_create_users_stack_overflow_data_partitioned_table_task, execution_date=20180901T000000, start_date=20220407T221940, end_date=20220407T221944
[2022-04-07 22:19:45,049] {local_task_job.py:154} INFO - Task exited with return code 0
[2022-04-07 22:19:45,178] {local_task_job.py:264} INFO - 0 downstream tasks scheduled from follow-on schedule check
