[2022-04-06 03:54:28,504] {taskinstance.py:1043} INFO - Dependencies all met for <TaskInstance: IngestToGCP.processing_tasks_badges.spark_job scheduled__2021-06-01T00:00:00+00:00 [queued]>
[2022-04-06 03:54:28,632] {taskinstance.py:1043} INFO - Dependencies all met for <TaskInstance: IngestToGCP.processing_tasks_badges.spark_job scheduled__2021-06-01T00:00:00+00:00 [queued]>
[2022-04-06 03:54:28,632] {taskinstance.py:1249} INFO - 
--------------------------------------------------------------------------------
[2022-04-06 03:54:28,632] {taskinstance.py:1250} INFO - Starting attempt 1 of 1
[2022-04-06 03:54:28,632] {taskinstance.py:1251} INFO - 
--------------------------------------------------------------------------------
[2022-04-06 03:54:28,780] {taskinstance.py:1270} INFO - Executing <Task(SparkSubmitOperator): processing_tasks_badges.spark_job> on 2021-06-01 00:00:00+00:00
[2022-04-06 03:54:28,864] {standard_task_runner.py:52} INFO - Started process 234031 to run task
[2022-04-06 03:54:28,979] {standard_task_runner.py:79} INFO - Running: ['***', 'tasks', 'run', 'IngestToGCP', 'processing_tasks_badges.spark_job', 'scheduled__2021-06-01T00:00:00+00:00', '--job-id', '12061', '--raw', '--subdir', 'DAGS_FOLDER/ingest_dag.py', '--cfg-path', '/tmp/tmp_4y1b_h2', '--error-file', '/tmp/tmpzvu6kx17']
[2022-04-06 03:54:29,037] {standard_task_runner.py:80} INFO - Job 12061: Subtask processing_tasks_badges.spark_job
[2022-04-06 03:54:29,856] {logging_mixin.py:109} INFO - Running <TaskInstance: IngestToGCP.processing_tasks_badges.spark_job scheduled__2021-06-01T00:00:00+00:00 [running]> on host 9fe4286b2855
[2022-04-06 03:54:31,246] {logging_mixin.py:109} WARNING - /home/***/.local/lib/python3.7/site-packages/***/utils/context.py:156 AirflowContextDeprecationWarning: Accessing 'execution_date' from the template is deprecated and will be removed in a future version. Please use 'data_interval_start' or 'logical_date' instead.
[2022-04-06 03:54:31,423] {taskinstance.py:1448} INFO - Exporting the following env vars:
AIRFLOW_CTX_DAG_OWNER=***
AIRFLOW_CTX_DAG_ID=IngestToGCP
AIRFLOW_CTX_TASK_ID=processing_tasks_badges.spark_job
AIRFLOW_CTX_EXECUTION_DATE=2021-06-01T00:00:00+00:00
AIRFLOW_CTX_DAG_RUN_ID=scheduled__2021-06-01T00:00:00+00:00
[2022-04-06 03:54:31,508] {base.py:79} INFO - Using connection to: id: spark_project. Host: spark://spark, Port: 7077, Schema: , Login: , Password: None, extra: {'queue': 'root.default'}
[2022-04-06 03:54:31,510] {spark_submit.py:335} INFO - Spark-Submit cmd: spark-submit --master spark://spark:7077 --conf spark.master=local[*] --name format_schema --verbose --queue root.default ./dags/pyspark_parquet_transformation.py badges 2021-06
[2022-04-06 03:55:04,388] {spark_submit.py:488} INFO - Using properties file: null
[2022-04-06 03:55:05,970] {spark_submit.py:488} INFO - WARNING: An illegal reflective access operation has occurred
[2022-04-06 03:55:05,970] {spark_submit.py:488} INFO - WARNING: Illegal reflective access by org.apache.spark.unsafe.Platform (file:/opt/***/spark/spark-3.2.1-bin-hadoop3.2/jars/spark-unsafe_2.12-3.2.1.jar) to constructor java.nio.DirectByteBuffer(long,int)
[2022-04-06 03:55:05,970] {spark_submit.py:488} INFO - WARNING: Please consider reporting this to the maintainers of org.apache.spark.unsafe.Platform
[2022-04-06 03:55:05,970] {spark_submit.py:488} INFO - WARNING: Use --illegal-access=warn to enable warnings of further illegal reflective access operations
[2022-04-06 03:55:05,970] {spark_submit.py:488} INFO - WARNING: All illegal access operations will be denied in a future release
[2022-04-06 03:55:07,290] {spark_submit.py:488} INFO - Parsed arguments:
[2022-04-06 03:55:07,290] {spark_submit.py:488} INFO - master                  spark://spark:7077
[2022-04-06 03:55:07,290] {spark_submit.py:488} INFO - deployMode              null
[2022-04-06 03:55:07,290] {spark_submit.py:488} INFO - executorMemory          null
[2022-04-06 03:55:07,290] {spark_submit.py:488} INFO - executorCores           null
[2022-04-06 03:55:07,290] {spark_submit.py:488} INFO - totalExecutorCores      null
[2022-04-06 03:55:07,290] {spark_submit.py:488} INFO - propertiesFile          null
[2022-04-06 03:55:07,290] {spark_submit.py:488} INFO - driverMemory            null
[2022-04-06 03:55:07,290] {spark_submit.py:488} INFO - driverCores             null
[2022-04-06 03:55:07,291] {spark_submit.py:488} INFO - driverExtraClassPath    null
[2022-04-06 03:55:07,291] {spark_submit.py:488} INFO - driverExtraLibraryPath  null
[2022-04-06 03:55:07,291] {spark_submit.py:488} INFO - driverExtraJavaOptions  null
[2022-04-06 03:55:07,291] {spark_submit.py:488} INFO - supervise               false
[2022-04-06 03:55:07,291] {spark_submit.py:488} INFO - queue                   root.default
[2022-04-06 03:55:07,291] {spark_submit.py:488} INFO - numExecutors            null
[2022-04-06 03:55:07,291] {spark_submit.py:488} INFO - files                   null
[2022-04-06 03:55:07,291] {spark_submit.py:488} INFO - pyFiles                 null
[2022-04-06 03:55:07,291] {spark_submit.py:488} INFO - archives                null
[2022-04-06 03:55:07,291] {spark_submit.py:488} INFO - mainClass               null
[2022-04-06 03:55:07,291] {spark_submit.py:488} INFO - primaryResource         file:/opt/***/dags/pyspark_parquet_transformation.py
[2022-04-06 03:55:07,291] {spark_submit.py:488} INFO - name                    format_schema
[2022-04-06 03:55:07,291] {spark_submit.py:488} INFO - childArgs               [badges 2021-06]
[2022-04-06 03:55:07,292] {spark_submit.py:488} INFO - jars                    null
[2022-04-06 03:55:07,292] {spark_submit.py:488} INFO - packages                null
[2022-04-06 03:55:07,292] {spark_submit.py:488} INFO - packagesExclusions      null
[2022-04-06 03:55:07,292] {spark_submit.py:488} INFO - repositories            null
[2022-04-06 03:55:07,292] {spark_submit.py:488} INFO - verbose                 true
[2022-04-06 03:55:07,292] {spark_submit.py:488} INFO - 
[2022-04-06 03:55:07,292] {spark_submit.py:488} INFO - Spark properties used, including those specified through
[2022-04-06 03:55:07,292] {spark_submit.py:488} INFO - --conf and those from the properties file null:
[2022-04-06 03:55:07,292] {spark_submit.py:488} INFO - (spark.master,local[*])
[2022-04-06 03:55:07,292] {spark_submit.py:488} INFO - 
[2022-04-06 03:55:07,298] {spark_submit.py:488} INFO - 
[2022-04-06 03:55:12,933] {spark_submit.py:488} INFO - Main class:
[2022-04-06 03:55:13,052] {spark_submit.py:488} INFO - org.apache.spark.deploy.PythonRunner
[2022-04-06 03:55:13,053] {spark_submit.py:488} INFO - Arguments:
[2022-04-06 03:55:13,054] {spark_submit.py:488} INFO - file:/opt/***/dags/pyspark_parquet_transformation.py
[2022-04-06 03:55:13,054] {spark_submit.py:488} INFO - null
[2022-04-06 03:55:13,054] {spark_submit.py:488} INFO - badges
[2022-04-06 03:55:13,054] {spark_submit.py:488} INFO - 2021-06
[2022-04-06 03:55:13,126] {spark_submit.py:488} INFO - Spark config:
[2022-04-06 03:55:13,127] {spark_submit.py:488} INFO - (spark.master,spark://spark:7077)
[2022-04-06 03:55:13,127] {spark_submit.py:488} INFO - (spark.submit.pyFiles,)
[2022-04-06 03:55:13,127] {spark_submit.py:488} INFO - (spark.submit.deployMode,client)
[2022-04-06 03:55:13,127] {spark_submit.py:488} INFO - (spark.app.name,format_schema)
[2022-04-06 03:55:13,128] {spark_submit.py:488} INFO - Classpath elements:
[2022-04-06 03:55:13,128] {spark_submit.py:488} INFO - 
[2022-04-06 03:55:13,129] {spark_submit.py:488} INFO - 
[2022-04-06 03:55:13,176] {spark_submit.py:488} INFO - 
[2022-04-06 03:55:24,732] {spark_submit.py:488} INFO - Using Spark's default log4j profile: org/apache/spark/log4j-defaults.properties
[2022-04-06 03:55:25,077] {spark_submit.py:488} INFO - 22/04/06 03:55:25 INFO SparkContext: Running Spark version 3.2.1
[2022-04-06 03:55:27,296] {spark_submit.py:488} INFO - 22/04/06 03:55:27 WARN NativeCodeLoader: Unable to load native-hadoop library for your platform... using builtin-java classes where applicable
[2022-04-06 03:55:29,892] {spark_submit.py:488} INFO - 22/04/06 03:55:29 INFO ResourceUtils: ==============================================================
[2022-04-06 03:55:29,895] {spark_submit.py:488} INFO - 22/04/06 03:55:29 INFO ResourceUtils: No custom resources configured for spark.driver.
[2022-04-06 03:55:29,896] {spark_submit.py:488} INFO - 22/04/06 03:55:29 INFO ResourceUtils: ==============================================================
[2022-04-06 03:55:29,897] {spark_submit.py:488} INFO - 22/04/06 03:55:29 INFO SparkContext: Submitted application: Modidy Schema
[2022-04-06 03:55:30,432] {spark_submit.py:488} INFO - 22/04/06 03:55:30 INFO ResourceProfile: Default ResourceProfile created, executor resources: Map(cores -> name: cores, amount: 1, script: , vendor: , memory -> name: memory, amount: 1024, script: , vendor: , offHeap -> name: offHeap, amount: 0, script: , vendor: ), task resources: Map(cpus -> name: cpus, amount: 1.0)
[2022-04-06 03:55:30,716] {spark_submit.py:488} INFO - 22/04/06 03:55:30 INFO ResourceProfile: Limiting resource is cpu
[2022-04-06 03:55:30,773] {spark_submit.py:488} INFO - 22/04/06 03:55:30 INFO ResourceProfileManager: Added ResourceProfile id: 0
[2022-04-06 03:55:32,041] {spark_submit.py:488} INFO - 22/04/06 03:55:32 INFO SecurityManager: Changing view acls to: default
[2022-04-06 03:55:32,042] {spark_submit.py:488} INFO - 22/04/06 03:55:32 INFO SecurityManager: Changing modify acls to: default
[2022-04-06 03:55:32,044] {spark_submit.py:488} INFO - 22/04/06 03:55:32 INFO SecurityManager: Changing view acls groups to:
[2022-04-06 03:55:32,083] {spark_submit.py:488} INFO - 22/04/06 03:55:32 INFO SecurityManager: Changing modify acls groups to:
[2022-04-06 03:55:32,097] {spark_submit.py:488} INFO - 22/04/06 03:55:32 INFO SecurityManager: SecurityManager: authentication disabled; ui acls disabled; users  with view permissions: Set(default); groups with view permissions: Set(); users  with modify permissions: Set(default); groups with modify permissions: Set()
[2022-04-06 03:55:37,055] {spark_submit.py:488} INFO - 22/04/06 03:55:37 INFO Utils: Successfully started service 'sparkDriver' on port 37933.
[2022-04-06 03:55:37,566] {spark_submit.py:488} INFO - 22/04/06 03:55:37 INFO SparkEnv: Registering MapOutputTracker
[2022-04-06 03:55:38,334] {spark_submit.py:488} INFO - 22/04/06 03:55:38 INFO SparkEnv: Registering BlockManagerMaster
[2022-04-06 03:55:38,936] {spark_submit.py:488} INFO - 22/04/06 03:55:38 INFO BlockManagerMasterEndpoint: Using org.apache.spark.storage.DefaultTopologyMapper for getting topology information
[2022-04-06 03:55:38,959] {spark_submit.py:488} INFO - 22/04/06 03:55:38 INFO BlockManagerMasterEndpoint: BlockManagerMasterEndpoint up
[2022-04-06 03:55:39,083] {spark_submit.py:488} INFO - 22/04/06 03:55:39 INFO SparkEnv: Registering BlockManagerMasterHeartbeat
[2022-04-06 03:55:39,538] {spark_submit.py:488} INFO - 22/04/06 03:55:39 INFO DiskBlockManager: Created local directory at /tmp/blockmgr-5077634d-08d5-4da0-8b3c-afc7d1eede25
[2022-04-06 03:55:39,762] {spark_submit.py:488} INFO - 22/04/06 03:55:39 INFO MemoryStore: MemoryStore started with capacity 434.4 MiB
[2022-04-06 03:55:39,977] {spark_submit.py:488} INFO - 22/04/06 03:55:39 INFO SparkEnv: Registering OutputCommitCoordinator
[2022-04-06 03:55:43,998] {spark_submit.py:488} INFO - 22/04/06 03:55:43 WARN Utils: Service 'SparkUI' could not bind on port 4040. Attempting port 4041.
[2022-04-06 03:55:44,016] {spark_submit.py:488} INFO - 22/04/06 03:55:44 WARN Utils: Service 'SparkUI' could not bind on port 4041. Attempting port 4042.
[2022-04-06 03:55:44,021] {spark_submit.py:488} INFO - 22/04/06 03:55:44 WARN Utils: Service 'SparkUI' could not bind on port 4042. Attempting port 4043.
[2022-04-06 03:55:44,021] {spark_submit.py:488} INFO - 22/04/06 03:55:44 WARN Utils: Service 'SparkUI' could not bind on port 4043. Attempting port 4044.
[2022-04-06 03:55:44,161] {spark_submit.py:488} INFO - 22/04/06 03:55:44 INFO Utils: Successfully started service 'SparkUI' on port 4044.
[2022-04-06 03:55:45,023] {spark_submit.py:488} INFO - 22/04/06 03:55:45 INFO SparkUI: Bound SparkUI to 0.0.0.0, and started at http://9fe4286b2855:4044
[2022-04-06 03:55:47,319] {spark_submit.py:488} INFO - 22/04/06 03:55:47 INFO Executor: Starting executor ID driver on host 9fe4286b2855
[2022-04-06 03:55:47,769] {spark_submit.py:488} INFO - 22/04/06 03:55:47 INFO Utils: Successfully started service 'org.apache.spark.network.netty.NettyBlockTransferService' on port 45327.
[2022-04-06 03:55:47,769] {spark_submit.py:488} INFO - 22/04/06 03:55:47 INFO NettyBlockTransferService: Server created on 9fe4286b2855:45327
[2022-04-06 03:55:47,774] {spark_submit.py:488} INFO - 22/04/06 03:55:47 INFO BlockManager: Using org.apache.spark.storage.RandomBlockReplicationPolicy for block replication policy
[2022-04-06 03:55:47,859] {spark_submit.py:488} INFO - 22/04/06 03:55:47 INFO BlockManagerMaster: Registering BlockManager BlockManagerId(driver, 9fe4286b2855, 45327, None)
[2022-04-06 03:55:47,901] {spark_submit.py:488} INFO - 22/04/06 03:55:47 INFO BlockManagerMasterEndpoint: Registering block manager 9fe4286b2855:45327 with 434.4 MiB RAM, BlockManagerId(driver, 9fe4286b2855, 45327, None)
[2022-04-06 03:55:47,969] {spark_submit.py:488} INFO - 22/04/06 03:55:47 INFO BlockManagerMaster: Registered BlockManager BlockManagerId(driver, 9fe4286b2855, 45327, None)
[2022-04-06 03:55:48,026] {spark_submit.py:488} INFO - 22/04/06 03:55:47 INFO BlockManager: Initialized BlockManager: BlockManagerId(driver, 9fe4286b2855, 45327, None)
[2022-04-06 03:56:01,293] {spark_submit.py:488} INFO - 22/04/06 03:56:01 INFO SharedState: Setting hive.metastore.warehouse.dir ('null') to the value of spark.sql.warehouse.dir.
[2022-04-06 03:56:01,777] {spark_submit.py:488} INFO - 22/04/06 03:56:01 INFO SharedState: Warehouse path is 'file:/opt/***/spark-warehouse'.
[2022-04-06 03:56:30,325] {spark_submit.py:488} INFO - 22/04/06 03:56:30 INFO InMemoryFileIndex: It took 782 ms to list leaf files for 1 paths.
[2022-04-06 03:56:38,856] {spark_submit.py:488} INFO - 22/04/06 03:56:38 INFO SparkContext: Starting job: parquet at NativeMethodAccessorImpl.java:0
[2022-04-06 03:56:38,986] {spark_submit.py:488} INFO - 22/04/06 03:56:38 INFO DAGScheduler: Got job 0 (parquet at NativeMethodAccessorImpl.java:0) with 1 output partitions
[2022-04-06 03:56:38,999] {spark_submit.py:488} INFO - 22/04/06 03:56:38 INFO DAGScheduler: Final stage: ResultStage 0 (parquet at NativeMethodAccessorImpl.java:0)
[2022-04-06 03:56:39,000] {spark_submit.py:488} INFO - 22/04/06 03:56:39 INFO DAGScheduler: Parents of final stage: List()
[2022-04-06 03:56:39,004] {spark_submit.py:488} INFO - 22/04/06 03:56:39 INFO DAGScheduler: Missing parents: List()
[2022-04-06 03:56:39,043] {spark_submit.py:488} INFO - 22/04/06 03:56:39 INFO DAGScheduler: Submitting ResultStage 0 (MapPartitionsRDD[1] at parquet at NativeMethodAccessorImpl.java:0), which has no missing parents
[2022-04-06 03:56:40,336] {spark_submit.py:488} INFO - 22/04/06 03:56:40 INFO MemoryStore: Block broadcast_0 stored as values in memory (estimated size 100.1 KiB, free 434.3 MiB)
[2022-04-06 03:56:40,750] {spark_submit.py:488} INFO - 22/04/06 03:56:40 INFO MemoryStore: Block broadcast_0_piece0 stored as bytes in memory (estimated size 35.7 KiB, free 434.3 MiB)
[2022-04-06 03:56:40,751] {spark_submit.py:488} INFO - 22/04/06 03:56:40 INFO BlockManagerInfo: Added broadcast_0_piece0 in memory on 9fe4286b2855:45327 (size: 35.7 KiB, free: 434.4 MiB)
[2022-04-06 03:56:40,791] {spark_submit.py:488} INFO - 22/04/06 03:56:40 INFO SparkContext: Created broadcast 0 from broadcast at DAGScheduler.scala:1478
[2022-04-06 03:56:41,032] {spark_submit.py:488} INFO - 22/04/06 03:56:41 INFO DAGScheduler: Submitting 1 missing tasks from ResultStage 0 (MapPartitionsRDD[1] at parquet at NativeMethodAccessorImpl.java:0) (first 15 tasks are for partitions Vector(0))
[2022-04-06 03:56:41,079] {spark_submit.py:488} INFO - 22/04/06 03:56:41 INFO TaskSchedulerImpl: Adding task set 0.0 with 1 tasks resource profile 0
[2022-04-06 03:56:41,857] {spark_submit.py:488} INFO - 22/04/06 03:56:41 INFO TaskSetManager: Starting task 0.0 in stage 0.0 (TID 0) (9fe4286b2855, executor driver, partition 0, PROCESS_LOCAL, 4615 bytes) taskResourceAssignments Map()
[2022-04-06 03:56:42,057] {spark_submit.py:488} INFO - 22/04/06 03:56:42 INFO Executor: Running task 0.0 in stage 0.0 (TID 0)
[2022-04-06 03:56:51,045] {spark_submit.py:488} INFO - 22/04/06 03:56:51 INFO Executor: Finished task 0.0 in stage 0.0 (TID 0). 1954 bytes result sent to driver
[2022-04-06 03:56:51,152] {spark_submit.py:488} INFO - 22/04/06 03:56:51 INFO TaskSetManager: Finished task 0.0 in stage 0.0 (TID 0) in 9568 ms on 9fe4286b2855 (executor driver) (1/1)
[2022-04-06 03:56:51,166] {spark_submit.py:488} INFO - 22/04/06 03:56:51 INFO DAGScheduler: ResultStage 0 (parquet at NativeMethodAccessorImpl.java:0) finished in 11.979 s
[2022-04-06 03:56:51,196] {spark_submit.py:488} INFO - 22/04/06 03:56:51 INFO TaskSchedulerImpl: Removed TaskSet 0.0, whose tasks have all completed, from pool
[2022-04-06 03:56:51,199] {spark_submit.py:488} INFO - 22/04/06 03:56:51 INFO DAGScheduler: Job 0 is finished. Cancelling potential speculative or zombie tasks for this job
[2022-04-06 03:56:51,200] {spark_submit.py:488} INFO - 22/04/06 03:56:51 INFO TaskSchedulerImpl: Killing all running tasks in stage 0: Stage finished
[2022-04-06 03:56:51,216] {spark_submit.py:488} INFO - 22/04/06 03:56:51 INFO DAGScheduler: Job 0 finished: parquet at NativeMethodAccessorImpl.java:0, took 12.359340 s
[2022-04-06 03:56:58,750] {spark_submit.py:488} INFO - 22/04/06 03:56:58 INFO BlockManagerInfo: Removed broadcast_0_piece0 on 9fe4286b2855:45327 in memory (size: 35.7 KiB, free: 434.4 MiB)
[2022-04-06 03:57:31,262] {spark_submit.py:488} INFO - 22/04/06 03:57:31 INFO FileSourceStrategy: Pushed Filters:
[2022-04-06 03:57:31,334] {spark_submit.py:488} INFO - 22/04/06 03:57:31 INFO FileSourceStrategy: Post-Scan Filters:
[2022-04-06 03:57:31,339] {spark_submit.py:488} INFO - 22/04/06 03:57:31 INFO FileSourceStrategy: Output Data Schema: struct<id: bigint, name: string, date: string, user_id: bigint, class: bigint ... 5 more fields>
[2022-04-06 03:57:34,483] {spark_submit.py:488} INFO - 22/04/06 03:57:34 INFO ParquetFileFormat: Using default output committer for Parquet: org.apache.parquet.hadoop.ParquetOutputCommitter
[2022-04-06 03:57:35,006] {spark_submit.py:488} INFO - 22/04/06 03:57:35 INFO FileOutputCommitter: File Output Committer Algorithm version is 1
[2022-04-06 03:57:35,006] {spark_submit.py:488} INFO - 22/04/06 03:57:35 INFO FileOutputCommitter: FileOutputCommitter skip cleanup _temporary folders under output directory:false, ignore cleanup failures: false
[2022-04-06 03:57:35,008] {spark_submit.py:488} INFO - 22/04/06 03:57:35 INFO SQLHadoopMapReduceCommitProtocol: Using user defined output committer class org.apache.parquet.hadoop.ParquetOutputCommitter
[2022-04-06 03:57:35,049] {spark_submit.py:488} INFO - 22/04/06 03:57:35 INFO FileOutputCommitter: File Output Committer Algorithm version is 1
[2022-04-06 03:57:35,049] {spark_submit.py:488} INFO - 22/04/06 03:57:35 INFO FileOutputCommitter: FileOutputCommitter skip cleanup _temporary folders under output directory:false, ignore cleanup failures: false
[2022-04-06 03:57:35,085] {spark_submit.py:488} INFO - 22/04/06 03:57:35 INFO SQLHadoopMapReduceCommitProtocol: Using output committer class org.apache.parquet.hadoop.ParquetOutputCommitter
[2022-04-06 03:57:41,915] {spark_submit.py:488} INFO - 22/04/06 03:57:41 INFO CodeGenerator: Code generated in 4233.775621 ms
[2022-04-06 03:57:42,553] {spark_submit.py:488} INFO - 22/04/06 03:57:42 INFO MemoryStore: Block broadcast_1 stored as values in memory (estimated size 192.3 KiB, free 434.2 MiB)
[2022-04-06 03:57:43,041] {spark_submit.py:488} INFO - 22/04/06 03:57:43 INFO MemoryStore: Block broadcast_1_piece0 stored as bytes in memory (estimated size 33.6 KiB, free 434.2 MiB)
[2022-04-06 03:57:43,044] {spark_submit.py:488} INFO - 22/04/06 03:57:43 INFO BlockManagerInfo: Added broadcast_1_piece0 in memory on 9fe4286b2855:45327 (size: 33.6 KiB, free: 434.4 MiB)
[2022-04-06 03:57:43,064] {spark_submit.py:488} INFO - 22/04/06 03:57:43 INFO SparkContext: Created broadcast 1 from save at NativeMethodAccessorImpl.java:0
[2022-04-06 03:57:43,459] {spark_submit.py:488} INFO - 22/04/06 03:57:43 INFO FileSourceScanExec: Planning scan with bin packing, max size: 4194304 bytes, open cost is considered as scanning 4194304 bytes.
[2022-04-06 03:57:44,246] {spark_submit.py:488} INFO - 22/04/06 03:57:44 INFO DAGScheduler: Registering RDD 6 (save at NativeMethodAccessorImpl.java:0) as input to shuffle 0
[2022-04-06 03:57:44,254] {spark_submit.py:488} INFO - 22/04/06 03:57:44 INFO DAGScheduler: Got map stage job 1 (save at NativeMethodAccessorImpl.java:0) with 2 output partitions
[2022-04-06 03:57:44,258] {spark_submit.py:488} INFO - 22/04/06 03:57:44 INFO DAGScheduler: Final stage: ShuffleMapStage 1 (save at NativeMethodAccessorImpl.java:0)
[2022-04-06 03:57:44,262] {spark_submit.py:488} INFO - 22/04/06 03:57:44 INFO DAGScheduler: Parents of final stage: List()
[2022-04-06 03:57:44,268] {spark_submit.py:488} INFO - 22/04/06 03:57:44 INFO DAGScheduler: Missing parents: List()
[2022-04-06 03:57:44,301] {spark_submit.py:488} INFO - 22/04/06 03:57:44 INFO DAGScheduler: Submitting ShuffleMapStage 1 (MapPartitionsRDD[6] at save at NativeMethodAccessorImpl.java:0), which has no missing parents
[2022-04-06 03:57:44,986] {spark_submit.py:488} INFO - 22/04/06 03:57:44 INFO MemoryStore: Block broadcast_2 stored as values in memory (estimated size 20.7 KiB, free 434.2 MiB)
[2022-04-06 03:57:45,012] {spark_submit.py:488} INFO - 22/04/06 03:57:45 INFO MemoryStore: Block broadcast_2_piece0 stored as bytes in memory (estimated size 8.5 KiB, free 434.2 MiB)
[2022-04-06 03:57:45,014] {spark_submit.py:488} INFO - 22/04/06 03:57:45 INFO BlockManagerInfo: Added broadcast_2_piece0 in memory on 9fe4286b2855:45327 (size: 8.5 KiB, free: 434.4 MiB)
[2022-04-06 03:57:45,021] {spark_submit.py:488} INFO - 22/04/06 03:57:45 INFO SparkContext: Created broadcast 2 from broadcast at DAGScheduler.scala:1478
[2022-04-06 03:57:45,037] {spark_submit.py:488} INFO - 22/04/06 03:57:45 INFO DAGScheduler: Submitting 2 missing tasks from ShuffleMapStage 1 (MapPartitionsRDD[6] at save at NativeMethodAccessorImpl.java:0) (first 15 tasks are for partitions Vector(0, 1))
[2022-04-06 03:57:45,038] {spark_submit.py:488} INFO - 22/04/06 03:57:45 INFO TaskSchedulerImpl: Adding task set 1.0 with 2 tasks resource profile 0
[2022-04-06 03:57:45,100] {spark_submit.py:488} INFO - 22/04/06 03:57:45 INFO TaskSetManager: Starting task 0.0 in stage 1.0 (TID 1) (9fe4286b2855, executor driver, partition 0, PROCESS_LOCAL, 4881 bytes) taskResourceAssignments Map()
[2022-04-06 03:57:45,110] {spark_submit.py:488} INFO - 22/04/06 03:57:45 INFO TaskSetManager: Starting task 1.0 in stage 1.0 (TID 2) (9fe4286b2855, executor driver, partition 1, PROCESS_LOCAL, 4881 bytes) taskResourceAssignments Map()
[2022-04-06 03:57:45,129] {spark_submit.py:488} INFO - 22/04/06 03:57:45 INFO Executor: Running task 0.0 in stage 1.0 (TID 1)
[2022-04-06 03:57:45,252] {spark_submit.py:488} INFO - 22/04/06 03:57:45 INFO Executor: Running task 1.0 in stage 1.0 (TID 2)
[2022-04-06 03:57:46,126] {spark_submit.py:488} INFO - 22/04/06 03:57:46 INFO FileScanRDD: Reading File path: gs://dtc_data_lake_de-stack-overflow/parquet/badges-2021-06.parquet, range: 0-4194304, partition values: [empty row]
[2022-04-06 03:57:46,167] {spark_submit.py:488} INFO - 22/04/06 03:57:46 INFO FileScanRDD: Reading File path: gs://dtc_data_lake_de-stack-overflow/parquet/badges-2021-06.parquet, range: 4194304-7629339, partition values: [empty row]
[2022-04-06 03:57:50,530] {spark_submit.py:488} INFO - 22/04/06 03:57:50 INFO Executor: Finished task 1.0 in stage 1.0 (TID 2). 1900 bytes result sent to driver
[2022-04-06 03:57:50,609] {spark_submit.py:488} INFO - 22/04/06 03:57:50 INFO TaskSetManager: Finished task 1.0 in stage 1.0 (TID 2) in 5502 ms on 9fe4286b2855 (executor driver) (1/2)
[2022-04-06 03:57:51,917] {spark_submit.py:488} INFO - 22/04/06 03:57:51 INFO CodecPool: Got brand-new decompressor [.snappy]
[2022-04-06 03:58:32,129] {spark_submit.py:488} INFO - 22/04/06 03:58:32 INFO Executor: Finished task 0.0 in stage 1.0 (TID 1). 2029 bytes result sent to driver
[2022-04-06 03:58:32,162] {spark_submit.py:488} INFO - 22/04/06 03:58:32 INFO TaskSetManager: Finished task 0.0 in stage 1.0 (TID 1) in 47110 ms on 9fe4286b2855 (executor driver) (2/2)
[2022-04-06 03:58:32,180] {spark_submit.py:488} INFO - 22/04/06 03:58:32 INFO DAGScheduler: ShuffleMapStage 1 (save at NativeMethodAccessorImpl.java:0) finished in 47.821 s
[2022-04-06 03:58:32,180] {spark_submit.py:488} INFO - 22/04/06 03:58:32 INFO DAGScheduler: looking for newly runnable stages
[2022-04-06 03:58:32,180] {spark_submit.py:488} INFO - 22/04/06 03:58:32 INFO DAGScheduler: running: Set()
[2022-04-06 03:58:32,180] {spark_submit.py:488} INFO - 22/04/06 03:58:32 INFO DAGScheduler: waiting: Set()
[2022-04-06 03:58:32,180] {spark_submit.py:488} INFO - 22/04/06 03:58:32 INFO DAGScheduler: failed: Set()
[2022-04-06 03:58:32,191] {spark_submit.py:488} INFO - 22/04/06 03:58:32 INFO TaskSchedulerImpl: Removed TaskSet 1.0, whose tasks have all completed, from pool
[2022-04-06 03:58:33,138] {spark_submit.py:488} INFO - 22/04/06 03:58:33 INFO SparkContext: Starting job: save at NativeMethodAccessorImpl.java:0
[2022-04-06 03:58:33,143] {spark_submit.py:488} INFO - 22/04/06 03:58:33 INFO DAGScheduler: Got job 2 (save at NativeMethodAccessorImpl.java:0) with 4 output partitions
[2022-04-06 03:58:33,144] {spark_submit.py:488} INFO - 22/04/06 03:58:33 INFO DAGScheduler: Final stage: ResultStage 3 (save at NativeMethodAccessorImpl.java:0)
[2022-04-06 03:58:33,144] {spark_submit.py:488} INFO - 22/04/06 03:58:33 INFO DAGScheduler: Parents of final stage: List(ShuffleMapStage 2)
[2022-04-06 03:58:33,144] {spark_submit.py:488} INFO - 22/04/06 03:58:33 INFO DAGScheduler: Missing parents: List()
[2022-04-06 03:58:33,148] {spark_submit.py:488} INFO - 22/04/06 03:58:33 INFO DAGScheduler: Submitting ResultStage 3 (ShuffledRowRDD[7] at save at NativeMethodAccessorImpl.java:0), which has no missing parents
[2022-04-06 03:58:33,877] {spark_submit.py:488} INFO - 22/04/06 03:58:33 INFO MemoryStore: Block broadcast_3 stored as values in memory (estimated size 202.3 KiB, free 434.0 MiB)
[2022-04-06 03:58:33,936] {spark_submit.py:488} INFO - 22/04/06 03:58:33 INFO MemoryStore: Block broadcast_3_piece0 stored as bytes in memory (estimated size 72.3 KiB, free 433.9 MiB)
[2022-04-06 03:58:33,938] {spark_submit.py:488} INFO - 22/04/06 03:58:33 INFO BlockManagerInfo: Added broadcast_3_piece0 in memory on 9fe4286b2855:45327 (size: 72.3 KiB, free: 434.3 MiB)
[2022-04-06 03:58:33,940] {spark_submit.py:488} INFO - 22/04/06 03:58:33 INFO SparkContext: Created broadcast 3 from broadcast at DAGScheduler.scala:1478
[2022-04-06 03:58:33,976] {spark_submit.py:488} INFO - 22/04/06 03:58:33 INFO DAGScheduler: Submitting 4 missing tasks from ResultStage 3 (ShuffledRowRDD[7] at save at NativeMethodAccessorImpl.java:0) (first 15 tasks are for partitions Vector(0, 1, 2, 3))
[2022-04-06 03:58:33,976] {spark_submit.py:488} INFO - 22/04/06 03:58:33 INFO TaskSchedulerImpl: Adding task set 3.0 with 4 tasks resource profile 0
[2022-04-06 03:58:34,038] {spark_submit.py:488} INFO - 22/04/06 03:58:34 INFO TaskSetManager: Starting task 0.0 in stage 3.0 (TID 3) (9fe4286b2855, executor driver, partition 0, NODE_LOCAL, 4453 bytes) taskResourceAssignments Map()
[2022-04-06 03:58:34,039] {spark_submit.py:488} INFO - 22/04/06 03:58:34 INFO TaskSetManager: Starting task 1.0 in stage 3.0 (TID 4) (9fe4286b2855, executor driver, partition 1, NODE_LOCAL, 4453 bytes) taskResourceAssignments Map()
[2022-04-06 03:58:34,040] {spark_submit.py:488} INFO - 22/04/06 03:58:34 INFO TaskSetManager: Starting task 2.0 in stage 3.0 (TID 5) (9fe4286b2855, executor driver, partition 2, NODE_LOCAL, 4453 bytes) taskResourceAssignments Map()
[2022-04-06 03:58:34,041] {spark_submit.py:488} INFO - 22/04/06 03:58:34 INFO TaskSetManager: Starting task 3.0 in stage 3.0 (TID 6) (9fe4286b2855, executor driver, partition 3, NODE_LOCAL, 4453 bytes) taskResourceAssignments Map()
[2022-04-06 03:58:34,043] {spark_submit.py:488} INFO - 22/04/06 03:58:34 INFO Executor: Running task 0.0 in stage 3.0 (TID 3)
[2022-04-06 03:58:34,044] {spark_submit.py:488} INFO - 22/04/06 03:58:34 INFO Executor: Running task 1.0 in stage 3.0 (TID 4)
[2022-04-06 03:58:34,101] {spark_submit.py:488} INFO - 22/04/06 03:58:34 INFO Executor: Running task 2.0 in stage 3.0 (TID 5)
[2022-04-06 03:58:34,116] {spark_submit.py:488} INFO - 22/04/06 03:58:34 INFO Executor: Running task 3.0 in stage 3.0 (TID 6)
[2022-04-06 03:58:34,857] {spark_submit.py:488} INFO - 22/04/06 03:58:34 INFO ShuffleBlockFetcherIterator: Getting 1 (3.0 MiB) non-empty blocks including 1 (3.0 MiB) local and 0 (0.0 B) host-local and 0 (0.0 B) push-merged-local and 0 (0.0 B) remote blocks
[2022-04-06 03:58:34,861] {spark_submit.py:488} INFO - 22/04/06 03:58:34 INFO ShuffleBlockFetcherIterator: Started 0 remote fetches in 20 ms
[2022-04-06 03:58:34,908] {spark_submit.py:488} INFO - 22/04/06 03:58:34 INFO ShuffleBlockFetcherIterator: Getting 1 (3.0 MiB) non-empty blocks including 1 (3.0 MiB) local and 0 (0.0 B) host-local and 0 (0.0 B) push-merged-local and 0 (0.0 B) remote blocks
[2022-04-06 03:58:34,909] {spark_submit.py:488} INFO - 22/04/06 03:58:34 INFO ShuffleBlockFetcherIterator: Started 0 remote fetches in 72 ms
[2022-04-06 03:58:34,911] {spark_submit.py:488} INFO - 22/04/06 03:58:34 INFO ShuffleBlockFetcherIterator: Getting 1 (3.0 MiB) non-empty blocks including 1 (3.0 MiB) local and 0 (0.0 B) host-local and 0 (0.0 B) push-merged-local and 0 (0.0 B) remote blocks
[2022-04-06 03:58:34,911] {spark_submit.py:488} INFO - 22/04/06 03:58:34 INFO ShuffleBlockFetcherIterator: Started 0 remote fetches in 68 ms
[2022-04-06 03:58:34,929] {spark_submit.py:488} INFO - 22/04/06 03:58:34 INFO ShuffleBlockFetcherIterator: Getting 1 (3.0 MiB) non-empty blocks including 1 (3.0 MiB) local and 0 (0.0 B) host-local and 0 (0.0 B) push-merged-local and 0 (0.0 B) remote blocks
[2022-04-06 03:58:34,930] {spark_submit.py:488} INFO - 22/04/06 03:58:34 INFO ShuffleBlockFetcherIterator: Started 0 remote fetches in 21 ms
[2022-04-06 03:58:34,982] {spark_submit.py:488} INFO - 22/04/06 03:58:34 INFO FileOutputCommitter: File Output Committer Algorithm version is 1
[2022-04-06 03:58:34,982] {spark_submit.py:488} INFO - 22/04/06 03:58:34 INFO FileOutputCommitter: FileOutputCommitter skip cleanup _temporary folders under output directory:false, ignore cleanup failures: false
[2022-04-06 03:58:34,987] {spark_submit.py:488} INFO - 22/04/06 03:58:34 INFO SQLHadoopMapReduceCommitProtocol: Using user defined output committer class org.apache.parquet.hadoop.ParquetOutputCommitter
[2022-04-06 03:58:34,989] {spark_submit.py:488} INFO - 22/04/06 03:58:34 INFO FileOutputCommitter: File Output Committer Algorithm version is 1
[2022-04-06 03:58:34,989] {spark_submit.py:488} INFO - 22/04/06 03:58:34 INFO FileOutputCommitter: FileOutputCommitter skip cleanup _temporary folders under output directory:false, ignore cleanup failures: false
[2022-04-06 03:58:34,990] {spark_submit.py:488} INFO - 22/04/06 03:58:34 INFO SQLHadoopMapReduceCommitProtocol: Using output committer class org.apache.parquet.hadoop.ParquetOutputCommitter
[2022-04-06 03:58:35,065] {spark_submit.py:488} INFO - 22/04/06 03:58:34 INFO FileOutputCommitter: File Output Committer Algorithm version is 1
[2022-04-06 03:58:35,068] {spark_submit.py:488} INFO - 22/04/06 03:58:35 INFO FileOutputCommitter: FileOutputCommitter skip cleanup _temporary folders under output directory:false, ignore cleanup failures: false
[2022-04-06 03:58:35,068] {spark_submit.py:488} INFO - 22/04/06 03:58:34 INFO FileOutputCommitter: File Output Committer Algorithm version is 1
[2022-04-06 03:58:35,068] {spark_submit.py:488} INFO - 22/04/06 03:58:35 INFO FileOutputCommitter: FileOutputCommitter skip cleanup _temporary folders under output directory:false, ignore cleanup failures: false
[2022-04-06 03:58:35,092] {spark_submit.py:488} INFO - 22/04/06 03:58:34 INFO FileOutputCommitter: File Output Committer Algorithm version is 1
[2022-04-06 03:58:35,092] {spark_submit.py:488} INFO - 22/04/06 03:58:35 INFO FileOutputCommitter: FileOutputCommitter skip cleanup _temporary folders under output directory:false, ignore cleanup failures: false
[2022-04-06 03:58:35,093] {spark_submit.py:488} INFO - 22/04/06 03:58:35 INFO SQLHadoopMapReduceCommitProtocol: Using user defined output committer class org.apache.parquet.hadoop.ParquetOutputCommitter
[2022-04-06 03:58:35,093] {spark_submit.py:488} INFO - 22/04/06 03:58:35 INFO FileOutputCommitter: File Output Committer Algorithm version is 1
[2022-04-06 03:58:35,093] {spark_submit.py:488} INFO - 22/04/06 03:58:35 INFO FileOutputCommitter: FileOutputCommitter skip cleanup _temporary folders under output directory:false, ignore cleanup failures: false
[2022-04-06 03:58:35,093] {spark_submit.py:488} INFO - 22/04/06 03:58:35 INFO SQLHadoopMapReduceCommitProtocol: Using output committer class org.apache.parquet.hadoop.ParquetOutputCommitter
[2022-04-06 03:58:35,096] {spark_submit.py:488} INFO - 22/04/06 03:58:35 INFO SQLHadoopMapReduceCommitProtocol: Using user defined output committer class org.apache.parquet.hadoop.ParquetOutputCommitter
[2022-04-06 03:58:35,096] {spark_submit.py:488} INFO - 22/04/06 03:58:35 INFO FileOutputCommitter: File Output Committer Algorithm version is 1
[2022-04-06 03:58:35,096] {spark_submit.py:488} INFO - 22/04/06 03:58:35 INFO FileOutputCommitter: FileOutputCommitter skip cleanup _temporary folders under output directory:false, ignore cleanup failures: false
[2022-04-06 03:58:35,096] {spark_submit.py:488} INFO - 22/04/06 03:58:35 INFO SQLHadoopMapReduceCommitProtocol: Using output committer class org.apache.parquet.hadoop.ParquetOutputCommitter
[2022-04-06 03:58:35,096] {spark_submit.py:488} INFO - 22/04/06 03:58:35 INFO SQLHadoopMapReduceCommitProtocol: Using user defined output committer class org.apache.parquet.hadoop.ParquetOutputCommitter
[2022-04-06 03:58:35,097] {spark_submit.py:488} INFO - 22/04/06 03:58:35 INFO FileOutputCommitter: File Output Committer Algorithm version is 1
[2022-04-06 03:58:35,097] {spark_submit.py:488} INFO - 22/04/06 03:58:35 INFO FileOutputCommitter: FileOutputCommitter skip cleanup _temporary folders under output directory:false, ignore cleanup failures: false
[2022-04-06 03:58:35,097] {spark_submit.py:488} INFO - 22/04/06 03:58:35 INFO SQLHadoopMapReduceCommitProtocol: Using output committer class org.apache.parquet.hadoop.ParquetOutputCommitter
[2022-04-06 03:58:35,155] {spark_submit.py:488} INFO - 22/04/06 03:58:35 INFO CodecConfig: Compression: SNAPPY
[2022-04-06 03:58:35,157] {spark_submit.py:488} INFO - 22/04/06 03:58:35 INFO CodecConfig: Compression: SNAPPY
[2022-04-06 03:58:35,158] {spark_submit.py:488} INFO - 22/04/06 03:58:35 INFO CodecConfig: Compression: SNAPPY
[2022-04-06 03:58:35,159] {spark_submit.py:488} INFO - 22/04/06 03:58:35 INFO CodecConfig: Compression: SNAPPY
[2022-04-06 03:58:35,162] {spark_submit.py:488} INFO - 22/04/06 03:58:35 INFO CodecConfig: Compression: SNAPPY
[2022-04-06 03:58:35,162] {spark_submit.py:488} INFO - 22/04/06 03:58:35 INFO CodecConfig: Compression: SNAPPY
[2022-04-06 03:58:35,165] {spark_submit.py:488} INFO - 22/04/06 03:58:35 INFO CodecConfig: Compression: SNAPPY
[2022-04-06 03:58:35,173] {spark_submit.py:488} INFO - 22/04/06 03:58:35 INFO CodecConfig: Compression: SNAPPY
[2022-04-06 03:58:35,393] {spark_submit.py:488} INFO - 22/04/06 03:58:35 INFO BlockManagerInfo: Removed broadcast_2_piece0 on 9fe4286b2855:45327 in memory (size: 8.5 KiB, free: 434.3 MiB)
[2022-04-06 03:58:35,516] {spark_submit.py:488} INFO - 22/04/06 03:58:35 INFO ParquetOutputFormat: Parquet block size to 134217728
[2022-04-06 03:58:35,516] {spark_submit.py:488} INFO - 22/04/06 03:58:35 INFO ParquetOutputFormat: Validation is off
[2022-04-06 03:58:35,517] {spark_submit.py:488} INFO - 22/04/06 03:58:35 INFO ParquetOutputFormat: Maximum row group padding size is 8388608 bytes
[2022-04-06 03:58:35,517] {spark_submit.py:488} INFO - 22/04/06 03:58:35 INFO ParquetOutputFormat: Parquet properties are:
[2022-04-06 03:58:35,517] {spark_submit.py:488} INFO - Parquet page size to 1048576
[2022-04-06 03:58:35,517] {spark_submit.py:488} INFO - Parquet dictionary page size to 1048576
[2022-04-06 03:58:35,517] {spark_submit.py:488} INFO - Dictionary is true
[2022-04-06 03:58:35,517] {spark_submit.py:488} INFO - Writer version is: PARQUET_1_0
[2022-04-06 03:58:35,517] {spark_submit.py:488} INFO - Page size checking is: estimated
[2022-04-06 03:58:35,517] {spark_submit.py:488} INFO - Min row count for page size check is: 100
[2022-04-06 03:58:35,517] {spark_submit.py:488} INFO - Max row count for page size check is: 10000
[2022-04-06 03:58:35,517] {spark_submit.py:488} INFO - Truncate length for column indexes is: 64
[2022-04-06 03:58:35,517] {spark_submit.py:488} INFO - Truncate length for statistics min/max  is: 2147483647
[2022-04-06 03:58:35,517] {spark_submit.py:488} INFO - Bloom filter enabled: false
[2022-04-06 03:58:35,517] {spark_submit.py:488} INFO - Max Bloom filter size for a column is 1048576
[2022-04-06 03:58:35,517] {spark_submit.py:488} INFO - Bloom filter expected number of distinct values are: null
[2022-04-06 03:58:35,518] {spark_submit.py:488} INFO - Page row count limit to 20000
[2022-04-06 03:58:35,518] {spark_submit.py:488} INFO - Writing page checksums is: on
[2022-04-06 03:58:35,566] {spark_submit.py:488} INFO - 22/04/06 03:58:35 INFO ParquetOutputFormat: Parquet block size to 134217728
[2022-04-06 03:58:35,566] {spark_submit.py:488} INFO - 22/04/06 03:58:35 INFO ParquetOutputFormat: Validation is off
[2022-04-06 03:58:35,567] {spark_submit.py:488} INFO - 22/04/06 03:58:35 INFO ParquetOutputFormat: Maximum row group padding size is 8388608 bytes
[2022-04-06 03:58:35,567] {spark_submit.py:488} INFO - 22/04/06 03:58:35 INFO ParquetOutputFormat: Parquet properties are:
[2022-04-06 03:58:35,567] {spark_submit.py:488} INFO - Parquet page size to 1048576
[2022-04-06 03:58:35,567] {spark_submit.py:488} INFO - Parquet dictionary page size to 1048576
[2022-04-06 03:58:35,567] {spark_submit.py:488} INFO - Dictionary is true
[2022-04-06 03:58:35,567] {spark_submit.py:488} INFO - Writer version is: PARQUET_1_0
[2022-04-06 03:58:35,567] {spark_submit.py:488} INFO - Page size checking is: estimated
[2022-04-06 03:58:35,567] {spark_submit.py:488} INFO - Min row count for page size check is: 100
[2022-04-06 03:58:35,567] {spark_submit.py:488} INFO - Max row count for page size check is: 10000
[2022-04-06 03:58:35,567] {spark_submit.py:488} INFO - Truncate length for column indexes is: 64
[2022-04-06 03:58:35,567] {spark_submit.py:488} INFO - Truncate length for statistics min/max  is: 2147483647
[2022-04-06 03:58:35,568] {spark_submit.py:488} INFO - Bloom filter enabled: false
[2022-04-06 03:58:35,568] {spark_submit.py:488} INFO - Max Bloom filter size for a column is 1048576
[2022-04-06 03:58:35,568] {spark_submit.py:488} INFO - Bloom filter expected number of distinct values are: null
[2022-04-06 03:58:35,568] {spark_submit.py:488} INFO - Page row count limit to 20000
[2022-04-06 03:58:35,568] {spark_submit.py:488} INFO - Writing page checksums is: on
[2022-04-06 03:58:35,614] {spark_submit.py:488} INFO - 22/04/06 03:58:35 INFO ParquetOutputFormat: Parquet block size to 134217728
[2022-04-06 03:58:35,614] {spark_submit.py:488} INFO - 22/04/06 03:58:35 INFO ParquetOutputFormat: Validation is off
[2022-04-06 03:58:35,614] {spark_submit.py:488} INFO - 22/04/06 03:58:35 INFO ParquetOutputFormat: Maximum row group padding size is 8388608 bytes
[2022-04-06 03:58:35,614] {spark_submit.py:488} INFO - 22/04/06 03:58:35 INFO ParquetOutputFormat: Parquet properties are:
[2022-04-06 03:58:35,614] {spark_submit.py:488} INFO - Parquet page size to 1048576
[2022-04-06 03:58:35,614] {spark_submit.py:488} INFO - Parquet dictionary page size to 1048576
[2022-04-06 03:58:35,614] {spark_submit.py:488} INFO - Dictionary is true
[2022-04-06 03:58:35,614] {spark_submit.py:488} INFO - Writer version is: PARQUET_1_0
[2022-04-06 03:58:35,614] {spark_submit.py:488} INFO - Page size checking is: estimated
[2022-04-06 03:58:35,615] {spark_submit.py:488} INFO - Min row count for page size check is: 100
[2022-04-06 03:58:35,615] {spark_submit.py:488} INFO - Max row count for page size check is: 10000
[2022-04-06 03:58:35,615] {spark_submit.py:488} INFO - Truncate length for column indexes is: 64
[2022-04-06 03:58:35,615] {spark_submit.py:488} INFO - Truncate length for statistics min/max  is: 2147483647
[2022-04-06 03:58:35,615] {spark_submit.py:488} INFO - Bloom filter enabled: false
[2022-04-06 03:58:35,615] {spark_submit.py:488} INFO - Max Bloom filter size for a column is 1048576
[2022-04-06 03:58:35,615] {spark_submit.py:488} INFO - Bloom filter expected number of distinct values are: null
[2022-04-06 03:58:35,615] {spark_submit.py:488} INFO - Page row count limit to 20000
[2022-04-06 03:58:35,615] {spark_submit.py:488} INFO - Writing page checksums is: on
[2022-04-06 03:58:35,625] {spark_submit.py:488} INFO - 22/04/06 03:58:35 INFO ParquetOutputFormat: Parquet block size to 134217728
[2022-04-06 03:58:35,626] {spark_submit.py:488} INFO - 22/04/06 03:58:35 INFO ParquetOutputFormat: Validation is off
[2022-04-06 03:58:35,626] {spark_submit.py:488} INFO - 22/04/06 03:58:35 INFO ParquetOutputFormat: Maximum row group padding size is 8388608 bytes
[2022-04-06 03:58:35,626] {spark_submit.py:488} INFO - 22/04/06 03:58:35 INFO ParquetOutputFormat: Parquet properties are:
[2022-04-06 03:58:35,626] {spark_submit.py:488} INFO - Parquet page size to 1048576
[2022-04-06 03:58:35,627] {spark_submit.py:488} INFO - Parquet dictionary page size to 1048576
[2022-04-06 03:58:35,627] {spark_submit.py:488} INFO - Dictionary is true
[2022-04-06 03:58:35,627] {spark_submit.py:488} INFO - Writer version is: PARQUET_1_0
[2022-04-06 03:58:35,627] {spark_submit.py:488} INFO - Page size checking is: estimated
[2022-04-06 03:58:35,627] {spark_submit.py:488} INFO - Min row count for page size check is: 100
[2022-04-06 03:58:35,627] {spark_submit.py:488} INFO - Max row count for page size check is: 10000
[2022-04-06 03:58:35,627] {spark_submit.py:488} INFO - Truncate length for column indexes is: 64
[2022-04-06 03:58:35,627] {spark_submit.py:488} INFO - Truncate length for statistics min/max  is: 2147483647
[2022-04-06 03:58:35,627] {spark_submit.py:488} INFO - Bloom filter enabled: false
[2022-04-06 03:58:35,627] {spark_submit.py:488} INFO - Max Bloom filter size for a column is 1048576
[2022-04-06 03:58:35,627] {spark_submit.py:488} INFO - Bloom filter expected number of distinct values are: null
[2022-04-06 03:58:35,627] {spark_submit.py:488} INFO - Page row count limit to 20000
[2022-04-06 03:58:35,627] {spark_submit.py:488} INFO - Writing page checksums is: on
[2022-04-06 03:58:35,633] {spark_submit.py:488} INFO - 22/04/06 03:58:35 INFO ParquetWriteSupport: Initialized Parquet WriteSupport with Catalyst schema:
[2022-04-06 03:58:35,633] {spark_submit.py:488} INFO - {
[2022-04-06 03:58:35,633] {spark_submit.py:488} INFO - "type" : "struct",
[2022-04-06 03:58:35,633] {spark_submit.py:488} INFO - "fields" : [ {
[2022-04-06 03:58:35,634] {spark_submit.py:488} INFO - "name" : "id",
[2022-04-06 03:58:35,634] {spark_submit.py:488} INFO - "type" : "integer",
[2022-04-06 03:58:35,634] {spark_submit.py:488} INFO - "nullable" : true,
[2022-04-06 03:58:35,634] {spark_submit.py:488} INFO - "metadata" : { }
[2022-04-06 03:58:35,634] {spark_submit.py:488} INFO - }, {
[2022-04-06 03:58:35,634] {spark_submit.py:488} INFO - "name" : "name",
[2022-04-06 03:58:35,634] {spark_submit.py:488} INFO - "type" : "string",
[2022-04-06 03:58:35,634] {spark_submit.py:488} INFO - "nullable" : true,
[2022-04-06 03:58:35,634] {spark_submit.py:488} INFO - "metadata" : { }
[2022-04-06 03:58:35,634] {spark_submit.py:488} INFO - }, {
[2022-04-06 03:58:35,634] {spark_submit.py:488} INFO - "name" : "date",
[2022-04-06 03:58:35,634] {spark_submit.py:488} INFO - "type" : "timestamp",
[2022-04-06 03:58:35,634] {spark_submit.py:488} INFO - "nullable" : true,
[2022-04-06 03:58:35,634] {spark_submit.py:488} INFO - "metadata" : { }
[2022-04-06 03:58:35,635] {spark_submit.py:488} INFO - }, {
[2022-04-06 03:58:35,635] {spark_submit.py:488} INFO - "name" : "user_id",
[2022-04-06 03:58:35,635] {spark_submit.py:488} INFO - "type" : "integer",
[2022-04-06 03:58:35,635] {spark_submit.py:488} INFO - "nullable" : true,
[2022-04-06 03:58:35,635] {spark_submit.py:488} INFO - "metadata" : { }
[2022-04-06 03:58:35,635] {spark_submit.py:488} INFO - }, {
[2022-04-06 03:58:35,635] {spark_submit.py:488} INFO - "name" : "class",
[2022-04-06 03:58:35,635] {spark_submit.py:488} INFO - "type" : "integer",
[2022-04-06 03:58:35,635] {spark_submit.py:488} INFO - "nullable" : true,
[2022-04-06 03:58:35,635] {spark_submit.py:488} INFO - "metadata" : { }
[2022-04-06 03:58:35,635] {spark_submit.py:488} INFO - }, {
[2022-04-06 03:58:35,635] {spark_submit.py:488} INFO - "name" : "tag_based",
[2022-04-06 03:58:35,636] {spark_submit.py:488} INFO - "type" : "boolean",
[2022-04-06 03:58:35,636] {spark_submit.py:488} INFO - "nullable" : true,
[2022-04-06 03:58:35,636] {spark_submit.py:488} INFO - "metadata" : { }
[2022-04-06 03:58:35,636] {spark_submit.py:488} INFO - }, {
[2022-04-06 03:58:35,636] {spark_submit.py:488} INFO - "name" : "group_by_date",
[2022-04-06 03:58:35,636] {spark_submit.py:488} INFO - "type" : "timestamp",
[2022-04-06 03:58:35,636] {spark_submit.py:488} INFO - "nullable" : true,
[2022-04-06 03:58:35,636] {spark_submit.py:488} INFO - "metadata" : { }
[2022-04-06 03:58:35,636] {spark_submit.py:488} INFO - } ]
[2022-04-06 03:58:35,636] {spark_submit.py:488} INFO - }
[2022-04-06 03:58:35,636] {spark_submit.py:488} INFO - and corresponding Parquet message type:
[2022-04-06 03:58:35,636] {spark_submit.py:488} INFO - message spark_schema {
[2022-04-06 03:58:35,637] {spark_submit.py:488} INFO - optional int32 id;
[2022-04-06 03:58:35,637] {spark_submit.py:488} INFO - optional binary name (STRING);
[2022-04-06 03:58:35,637] {spark_submit.py:488} INFO - optional int96 date;
[2022-04-06 03:58:35,637] {spark_submit.py:488} INFO - optional int32 user_id;
[2022-04-06 03:58:35,637] {spark_submit.py:488} INFO - optional int32 class;
[2022-04-06 03:58:35,637] {spark_submit.py:488} INFO - optional boolean tag_based;
[2022-04-06 03:58:35,637] {spark_submit.py:488} INFO - optional int96 group_by_date;
[2022-04-06 03:58:35,637] {spark_submit.py:488} INFO - }
[2022-04-06 03:58:35,637] {spark_submit.py:488} INFO - 
[2022-04-06 03:58:35,637] {spark_submit.py:488} INFO - 
[2022-04-06 03:58:35,644] {spark_submit.py:488} INFO - 22/04/06 03:58:35 INFO ParquetWriteSupport: Initialized Parquet WriteSupport with Catalyst schema:
[2022-04-06 03:58:35,645] {spark_submit.py:488} INFO - {
[2022-04-06 03:58:35,645] {spark_submit.py:488} INFO - "type" : "struct",
[2022-04-06 03:58:35,645] {spark_submit.py:488} INFO - "fields" : [ {
[2022-04-06 03:58:35,645] {spark_submit.py:488} INFO - "name" : "id",
[2022-04-06 03:58:35,645] {spark_submit.py:488} INFO - "type" : "integer",
[2022-04-06 03:58:35,645] {spark_submit.py:488} INFO - "nullable" : true,
[2022-04-06 03:58:35,645] {spark_submit.py:488} INFO - "metadata" : { }
[2022-04-06 03:58:35,645] {spark_submit.py:488} INFO - }, {
[2022-04-06 03:58:35,645] {spark_submit.py:488} INFO - "name" : "name",
[2022-04-06 03:58:35,646] {spark_submit.py:488} INFO - "type" : "string",
[2022-04-06 03:58:35,646] {spark_submit.py:488} INFO - "nullable" : true,
[2022-04-06 03:58:35,646] {spark_submit.py:488} INFO - "metadata" : { }
[2022-04-06 03:58:35,646] {spark_submit.py:488} INFO - }, {
[2022-04-06 03:58:35,646] {spark_submit.py:488} INFO - "name" : "date",
[2022-04-06 03:58:35,646] {spark_submit.py:488} INFO - "type" : "timestamp",
[2022-04-06 03:58:35,646] {spark_submit.py:488} INFO - "nullable" : true,
[2022-04-06 03:58:35,646] {spark_submit.py:488} INFO - "metadata" : { }
[2022-04-06 03:58:35,646] {spark_submit.py:488} INFO - }, {
[2022-04-06 03:58:35,646] {spark_submit.py:488} INFO - "name" : "user_id",
[2022-04-06 03:58:35,646] {spark_submit.py:488} INFO - "type" : "integer",
[2022-04-06 03:58:35,646] {spark_submit.py:488} INFO - "nullable" : true,
[2022-04-06 03:58:35,646] {spark_submit.py:488} INFO - "metadata" : { }
[2022-04-06 03:58:35,646] {spark_submit.py:488} INFO - }, {
[2022-04-06 03:58:35,647] {spark_submit.py:488} INFO - "name" : "class",
[2022-04-06 03:58:35,647] {spark_submit.py:488} INFO - "type" : "integer",
[2022-04-06 03:58:35,647] {spark_submit.py:488} INFO - "nullable" : true,
[2022-04-06 03:58:35,647] {spark_submit.py:488} INFO - "metadata" : { }
[2022-04-06 03:58:35,647] {spark_submit.py:488} INFO - }, {
[2022-04-06 03:58:35,647] {spark_submit.py:488} INFO - "name" : "tag_based",
[2022-04-06 03:58:35,647] {spark_submit.py:488} INFO - "type" : "boolean",
[2022-04-06 03:58:35,647] {spark_submit.py:488} INFO - "nullable" : true,
[2022-04-06 03:58:35,647] {spark_submit.py:488} INFO - "metadata" : { }
[2022-04-06 03:58:35,647] {spark_submit.py:488} INFO - }, {
[2022-04-06 03:58:35,647] {spark_submit.py:488} INFO - "name" : "group_by_date",
[2022-04-06 03:58:35,647] {spark_submit.py:488} INFO - "type" : "timestamp",
[2022-04-06 03:58:35,647] {spark_submit.py:488} INFO - "nullable" : true,
[2022-04-06 03:58:35,647] {spark_submit.py:488} INFO - "metadata" : { }
[2022-04-06 03:58:35,648] {spark_submit.py:488} INFO - } ]
[2022-04-06 03:58:35,648] {spark_submit.py:488} INFO - }
[2022-04-06 03:58:35,648] {spark_submit.py:488} INFO - and corresponding Parquet message type:
[2022-04-06 03:58:35,648] {spark_submit.py:488} INFO - message spark_schema {
[2022-04-06 03:58:35,648] {spark_submit.py:488} INFO - optional int32 id;
[2022-04-06 03:58:35,648] {spark_submit.py:488} INFO - optional binary name (STRING);
[2022-04-06 03:58:35,648] {spark_submit.py:488} INFO - optional int96 date;
[2022-04-06 03:58:35,648] {spark_submit.py:488} INFO - optional int32 user_id;
[2022-04-06 03:58:35,648] {spark_submit.py:488} INFO - optional int32 class;
[2022-04-06 03:58:35,648] {spark_submit.py:488} INFO - optional boolean tag_based;
[2022-04-06 03:58:35,648] {spark_submit.py:488} INFO - optional int96 group_by_date;
[2022-04-06 03:58:35,648] {spark_submit.py:488} INFO - }
[2022-04-06 03:58:35,648] {spark_submit.py:488} INFO - 
[2022-04-06 03:58:35,648] {spark_submit.py:488} INFO - 
[2022-04-06 03:58:35,810] {spark_submit.py:488} INFO - 22/04/06 03:58:35 INFO ParquetWriteSupport: Initialized Parquet WriteSupport with Catalyst schema:
[2022-04-06 03:58:35,810] {spark_submit.py:488} INFO - {
[2022-04-06 03:58:35,810] {spark_submit.py:488} INFO - "type" : "struct",
[2022-04-06 03:58:35,811] {spark_submit.py:488} INFO - "fields" : [ {
[2022-04-06 03:58:35,811] {spark_submit.py:488} INFO - "name" : "id",
[2022-04-06 03:58:35,811] {spark_submit.py:488} INFO - "type" : "integer",
[2022-04-06 03:58:35,811] {spark_submit.py:488} INFO - "nullable" : true,
[2022-04-06 03:58:35,811] {spark_submit.py:488} INFO - "metadata" : { }
[2022-04-06 03:58:35,811] {spark_submit.py:488} INFO - }, {
[2022-04-06 03:58:35,811] {spark_submit.py:488} INFO - "name" : "name",
[2022-04-06 03:58:35,811] {spark_submit.py:488} INFO - "type" : "string",
[2022-04-06 03:58:35,811] {spark_submit.py:488} INFO - "nullable" : true,
[2022-04-06 03:58:35,811] {spark_submit.py:488} INFO - "metadata" : { }
[2022-04-06 03:58:35,811] {spark_submit.py:488} INFO - }, {
[2022-04-06 03:58:35,811] {spark_submit.py:488} INFO - "name" : "date",
[2022-04-06 03:58:35,811] {spark_submit.py:488} INFO - "type" : "timestamp",
[2022-04-06 03:58:35,812] {spark_submit.py:488} INFO - "nullable" : true,
[2022-04-06 03:58:35,812] {spark_submit.py:488} INFO - "metadata" : { }
[2022-04-06 03:58:35,812] {spark_submit.py:488} INFO - }, {
[2022-04-06 03:58:35,812] {spark_submit.py:488} INFO - "name" : "user_id",
[2022-04-06 03:58:35,812] {spark_submit.py:488} INFO - "type" : "integer",
[2022-04-06 03:58:35,812] {spark_submit.py:488} INFO - "nullable" : true,
[2022-04-06 03:58:35,812] {spark_submit.py:488} INFO - "metadata" : { }
[2022-04-06 03:58:35,812] {spark_submit.py:488} INFO - }, {
[2022-04-06 03:58:35,812] {spark_submit.py:488} INFO - "name" : "class",
[2022-04-06 03:58:35,812] {spark_submit.py:488} INFO - "type" : "integer",
[2022-04-06 03:58:35,812] {spark_submit.py:488} INFO - "nullable" : true,
[2022-04-06 03:58:35,812] {spark_submit.py:488} INFO - "metadata" : { }
[2022-04-06 03:58:35,812] {spark_submit.py:488} INFO - }, {
[2022-04-06 03:58:35,812] {spark_submit.py:488} INFO - "name" : "tag_based",
[2022-04-06 03:58:35,812] {spark_submit.py:488} INFO - "type" : "boolean",
[2022-04-06 03:58:35,813] {spark_submit.py:488} INFO - "nullable" : true,
[2022-04-06 03:58:35,813] {spark_submit.py:488} INFO - "metadata" : { }
[2022-04-06 03:58:35,813] {spark_submit.py:488} INFO - }, {
[2022-04-06 03:58:35,813] {spark_submit.py:488} INFO - "name" : "group_by_date",
[2022-04-06 03:58:35,813] {spark_submit.py:488} INFO - "type" : "timestamp",
[2022-04-06 03:58:35,813] {spark_submit.py:488} INFO - "nullable" : true,
[2022-04-06 03:58:35,813] {spark_submit.py:488} INFO - "metadata" : { }
[2022-04-06 03:58:35,813] {spark_submit.py:488} INFO - } ]
[2022-04-06 03:58:35,813] {spark_submit.py:488} INFO - }
[2022-04-06 03:58:35,813] {spark_submit.py:488} INFO - and corresponding Parquet message type:
[2022-04-06 03:58:35,813] {spark_submit.py:488} INFO - message spark_schema {
[2022-04-06 03:58:35,813] {spark_submit.py:488} INFO - optional int32 id;
[2022-04-06 03:58:35,813] {spark_submit.py:488} INFO - optional binary name (STRING);
[2022-04-06 03:58:35,813] {spark_submit.py:488} INFO - optional int96 date;
[2022-04-06 03:58:35,814] {spark_submit.py:488} INFO - optional int32 user_id;
[2022-04-06 03:58:35,814] {spark_submit.py:488} INFO - optional int32 class;
[2022-04-06 03:58:35,814] {spark_submit.py:488} INFO - optional boolean tag_based;
[2022-04-06 03:58:35,814] {spark_submit.py:488} INFO - optional int96 group_by_date;
[2022-04-06 03:58:35,814] {spark_submit.py:488} INFO - }
[2022-04-06 03:58:35,814] {spark_submit.py:488} INFO - 
[2022-04-06 03:58:35,814] {spark_submit.py:488} INFO - 
[2022-04-06 03:58:35,924] {spark_submit.py:488} INFO - 22/04/06 03:58:35 INFO ParquetWriteSupport: Initialized Parquet WriteSupport with Catalyst schema:
[2022-04-06 03:58:35,924] {spark_submit.py:488} INFO - {
[2022-04-06 03:58:35,924] {spark_submit.py:488} INFO - "type" : "struct",
[2022-04-06 03:58:35,924] {spark_submit.py:488} INFO - "fields" : [ {
[2022-04-06 03:58:35,924] {spark_submit.py:488} INFO - "name" : "id",
[2022-04-06 03:58:35,924] {spark_submit.py:488} INFO - "type" : "integer",
[2022-04-06 03:58:35,924] {spark_submit.py:488} INFO - "nullable" : true,
[2022-04-06 03:58:35,925] {spark_submit.py:488} INFO - "metadata" : { }
[2022-04-06 03:58:35,925] {spark_submit.py:488} INFO - }, {
[2022-04-06 03:58:35,925] {spark_submit.py:488} INFO - "name" : "name",
[2022-04-06 03:58:35,925] {spark_submit.py:488} INFO - "type" : "string",
[2022-04-06 03:58:35,925] {spark_submit.py:488} INFO - "nullable" : true,
[2022-04-06 03:58:35,925] {spark_submit.py:488} INFO - "metadata" : { }
[2022-04-06 03:58:35,925] {spark_submit.py:488} INFO - }, {
[2022-04-06 03:58:35,925] {spark_submit.py:488} INFO - "name" : "date",
[2022-04-06 03:58:35,925] {spark_submit.py:488} INFO - "type" : "timestamp",
[2022-04-06 03:58:35,925] {spark_submit.py:488} INFO - "nullable" : true,
[2022-04-06 03:58:35,925] {spark_submit.py:488} INFO - "metadata" : { }
[2022-04-06 03:58:35,925] {spark_submit.py:488} INFO - }, {
[2022-04-06 03:58:35,925] {spark_submit.py:488} INFO - "name" : "user_id",
[2022-04-06 03:58:35,925] {spark_submit.py:488} INFO - "type" : "integer",
[2022-04-06 03:58:35,926] {spark_submit.py:488} INFO - "nullable" : true,
[2022-04-06 03:58:35,926] {spark_submit.py:488} INFO - "metadata" : { }
[2022-04-06 03:58:35,926] {spark_submit.py:488} INFO - }, {
[2022-04-06 03:58:35,926] {spark_submit.py:488} INFO - "name" : "class",
[2022-04-06 03:58:35,926] {spark_submit.py:488} INFO - "type" : "integer",
[2022-04-06 03:58:35,926] {spark_submit.py:488} INFO - "nullable" : true,
[2022-04-06 03:58:35,926] {spark_submit.py:488} INFO - "metadata" : { }
[2022-04-06 03:58:35,926] {spark_submit.py:488} INFO - }, {
[2022-04-06 03:58:35,926] {spark_submit.py:488} INFO - "name" : "tag_based",
[2022-04-06 03:58:35,926] {spark_submit.py:488} INFO - "type" : "boolean",
[2022-04-06 03:58:35,926] {spark_submit.py:488} INFO - "nullable" : true,
[2022-04-06 03:58:35,926] {spark_submit.py:488} INFO - "metadata" : { }
[2022-04-06 03:58:35,926] {spark_submit.py:488} INFO - }, {
[2022-04-06 03:58:35,927] {spark_submit.py:488} INFO - "name" : "group_by_date",
[2022-04-06 03:58:35,927] {spark_submit.py:488} INFO - "type" : "timestamp",
[2022-04-06 03:58:35,927] {spark_submit.py:488} INFO - "nullable" : true,
[2022-04-06 03:58:35,927] {spark_submit.py:488} INFO - "metadata" : { }
[2022-04-06 03:58:35,927] {spark_submit.py:488} INFO - } ]
[2022-04-06 03:58:35,927] {spark_submit.py:488} INFO - }
[2022-04-06 03:58:35,927] {spark_submit.py:488} INFO - and corresponding Parquet message type:
[2022-04-06 03:58:35,927] {spark_submit.py:488} INFO - message spark_schema {
[2022-04-06 03:58:35,927] {spark_submit.py:488} INFO - optional int32 id;
[2022-04-06 03:58:35,927] {spark_submit.py:488} INFO - optional binary name (STRING);
[2022-04-06 03:58:35,927] {spark_submit.py:488} INFO - optional int96 date;
[2022-04-06 03:58:35,927] {spark_submit.py:488} INFO - optional int32 user_id;
[2022-04-06 03:58:35,927] {spark_submit.py:488} INFO - optional int32 class;
[2022-04-06 03:58:35,928] {spark_submit.py:488} INFO - optional boolean tag_based;
[2022-04-06 03:58:35,928] {spark_submit.py:488} INFO - optional int96 group_by_date;
[2022-04-06 03:58:35,928] {spark_submit.py:488} INFO - }
[2022-04-06 03:58:35,928] {spark_submit.py:488} INFO - 
[2022-04-06 03:58:35,928] {spark_submit.py:488} INFO - 
[2022-04-06 03:58:37,019] {spark_submit.py:488} INFO - 22/04/06 03:58:36 INFO CodecPool: Got brand-new compressor [.snappy]
[2022-04-06 03:58:38,215] {spark_submit.py:488} INFO - 22/04/06 03:58:38 INFO CodecPool: Got brand-new compressor [.snappy]
[2022-04-06 03:58:38,216] {spark_submit.py:488} INFO - 22/04/06 03:58:38 INFO CodecPool: Got brand-new compressor [.snappy]
[2022-04-06 03:58:38,290] {spark_submit.py:488} INFO - 22/04/06 03:58:38 INFO CodecPool: Got brand-new compressor [.snappy]
[2022-04-06 03:58:54,279] {spark_submit.py:488} INFO - 22/04/06 03:58:54 INFO GoogleCloudStorageFileSystem: Successfully repaired 'gs://dtc_data_lake_de-stack-overflow/BigQuery/badges-2021-06/_temporary/0/_temporary/' directory.
[2022-04-06 03:58:54,279] {spark_submit.py:488} INFO - 22/04/06 03:58:54 INFO FileOutputCommitter: Saved output of task 'attempt_202204060358328938251353577628081_0003_m_000003_6' to gs://dtc_data_lake_de-stack-overflow/BigQuery/badges-2021-06/_temporary/0/task_202204060358328938251353577628081_0003_m_000003
[2022-04-06 03:58:54,280] {spark_submit.py:488} INFO - 22/04/06 03:58:54 INFO SparkHadoopMapRedUtil: attempt_202204060358328938251353577628081_0003_m_000003_6: Committed
[2022-04-06 03:58:54,284] {spark_submit.py:488} INFO - 22/04/06 03:58:54 INFO GoogleCloudStorageImpl: Ignoring exception of type GoogleJsonResponseException; verified object already exists with desired state.
[2022-04-06 03:58:54,285] {spark_submit.py:488} INFO - 22/04/06 03:58:54 INFO GoogleCloudStorageFileSystem: Successfully repaired 'gs://dtc_data_lake_de-stack-overflow/BigQuery/badges-2021-06/_temporary/0/_temporary/' directory.
[2022-04-06 03:58:54,285] {spark_submit.py:488} INFO - 22/04/06 03:58:54 INFO FileOutputCommitter: Saved output of task 'attempt_202204060358322490241239086648864_0003_m_000001_4' to gs://dtc_data_lake_de-stack-overflow/BigQuery/badges-2021-06/_temporary/0/task_202204060358322490241239086648864_0003_m_000001
[2022-04-06 03:58:54,285] {spark_submit.py:488} INFO - 22/04/06 03:58:54 INFO SparkHadoopMapRedUtil: attempt_202204060358322490241239086648864_0003_m_000001_4: Committed
[2022-04-06 03:58:54,321] {spark_submit.py:488} INFO - 22/04/06 03:58:54 INFO GoogleCloudStorageImpl: Ignoring exception of type GoogleJsonResponseException; verified object already exists with desired state.
[2022-04-06 03:58:54,322] {spark_submit.py:488} INFO - 22/04/06 03:58:54 INFO GoogleCloudStorageFileSystem: Successfully repaired 'gs://dtc_data_lake_de-stack-overflow/BigQuery/badges-2021-06/_temporary/0/_temporary/' directory.
[2022-04-06 03:58:54,322] {spark_submit.py:488} INFO - 22/04/06 03:58:54 INFO FileOutputCommitter: Saved output of task 'attempt_202204060358321868402423775937367_0003_m_000002_5' to gs://dtc_data_lake_de-stack-overflow/BigQuery/badges-2021-06/_temporary/0/task_202204060358321868402423775937367_0003_m_000002
[2022-04-06 03:58:54,322] {spark_submit.py:488} INFO - 22/04/06 03:58:54 INFO SparkHadoopMapRedUtil: attempt_202204060358321868402423775937367_0003_m_000002_5: Committed
[2022-04-06 03:58:54,326] {spark_submit.py:488} INFO - 22/04/06 03:58:54 INFO GoogleCloudStorageImpl: Ignoring exception of type GoogleJsonResponseException; verified object already exists with desired state.
[2022-04-06 03:58:54,327] {spark_submit.py:488} INFO - 22/04/06 03:58:54 INFO GoogleCloudStorageFileSystem: Successfully repaired 'gs://dtc_data_lake_de-stack-overflow/BigQuery/badges-2021-06/_temporary/0/_temporary/' directory.
[2022-04-06 03:58:54,327] {spark_submit.py:488} INFO - 22/04/06 03:58:54 INFO FileOutputCommitter: Saved output of task 'attempt_202204060358327585531327281153171_0003_m_000000_3' to gs://dtc_data_lake_de-stack-overflow/BigQuery/badges-2021-06/_temporary/0/task_202204060358327585531327281153171_0003_m_000000
[2022-04-06 03:58:54,327] {spark_submit.py:488} INFO - 22/04/06 03:58:54 INFO SparkHadoopMapRedUtil: attempt_202204060358327585531327281153171_0003_m_000000_3: Committed
[2022-04-06 03:58:54,339] {spark_submit.py:488} INFO - 22/04/06 03:58:54 INFO Executor: Finished task 3.0 in stage 3.0 (TID 6). 3526 bytes result sent to driver
[2022-04-06 03:58:54,341] {spark_submit.py:488} INFO - 22/04/06 03:58:54 INFO Executor: Finished task 0.0 in stage 3.0 (TID 3). 3526 bytes result sent to driver
[2022-04-06 03:58:54,348] {spark_submit.py:488} INFO - 22/04/06 03:58:54 INFO Executor: Finished task 1.0 in stage 3.0 (TID 4). 3526 bytes result sent to driver
[2022-04-06 03:58:54,365] {spark_submit.py:488} INFO - 22/04/06 03:58:54 INFO TaskSetManager: Finished task 1.0 in stage 3.0 (TID 4) in 20327 ms on 9fe4286b2855 (executor driver) (1/4)
[2022-04-06 03:58:54,365] {spark_submit.py:488} INFO - 22/04/06 03:58:54 INFO TaskSetManager: Finished task 0.0 in stage 3.0 (TID 3) in 20332 ms on 9fe4286b2855 (executor driver) (2/4)
[2022-04-06 03:58:54,368] {spark_submit.py:488} INFO - 22/04/06 03:58:54 INFO TaskSetManager: Finished task 3.0 in stage 3.0 (TID 6) in 20327 ms on 9fe4286b2855 (executor driver) (3/4)
[2022-04-06 03:58:54,378] {spark_submit.py:488} INFO - 22/04/06 03:58:54 INFO Executor: Finished task 2.0 in stage 3.0 (TID 5). 3526 bytes result sent to driver
[2022-04-06 03:58:54,381] {spark_submit.py:488} INFO - 22/04/06 03:58:54 INFO TaskSetManager: Finished task 2.0 in stage 3.0 (TID 5) in 20340 ms on 9fe4286b2855 (executor driver) (4/4)
[2022-04-06 03:58:54,381] {spark_submit.py:488} INFO - 22/04/06 03:58:54 INFO TaskSchedulerImpl: Removed TaskSet 3.0, whose tasks have all completed, from pool
[2022-04-06 03:58:54,384] {spark_submit.py:488} INFO - 22/04/06 03:58:54 INFO DAGScheduler: ResultStage 3 (save at NativeMethodAccessorImpl.java:0) finished in 21.196 s
[2022-04-06 03:58:54,385] {spark_submit.py:488} INFO - 22/04/06 03:58:54 INFO DAGScheduler: Job 2 is finished. Cancelling potential speculative or zombie tasks for this job
[2022-04-06 03:58:54,385] {spark_submit.py:488} INFO - 22/04/06 03:58:54 INFO TaskSchedulerImpl: Killing all running tasks in stage 3: Stage finished
[2022-04-06 03:58:54,388] {spark_submit.py:488} INFO - 22/04/06 03:58:54 INFO DAGScheduler: Job 2 finished: save at NativeMethodAccessorImpl.java:0, took 21.248090 s
[2022-04-06 03:58:54,391] {spark_submit.py:488} INFO - 22/04/06 03:58:54 INFO FileFormatWriter: Start to commit write Job 0daec051-9757-4d89-9c7b-0c5efc7a02f9.
[2022-04-06 03:58:54,858] {spark_submit.py:488} INFO - 22/04/06 03:58:54 INFO GoogleCloudStorageFileSystem: Successfully repaired 'gs://dtc_data_lake_de-stack-overflow/BigQuery/badges-2021-06/_temporary/0/task_202204060358321868402423775937367_0003_m_000002/' directory.
[2022-04-06 03:58:55,279] {spark_submit.py:488} INFO - 22/04/06 03:58:55 INFO GoogleCloudStorageFileSystem: Successfully repaired 'gs://dtc_data_lake_de-stack-overflow/BigQuery/badges-2021-06/_temporary/0/task_202204060358322490241239086648864_0003_m_000001/' directory.
[2022-04-06 03:58:55,632] {spark_submit.py:488} INFO - 22/04/06 03:58:55 INFO GoogleCloudStorageFileSystem: Successfully repaired 'gs://dtc_data_lake_de-stack-overflow/BigQuery/badges-2021-06/_temporary/0/task_202204060358327585531327281153171_0003_m_000000/' directory.
[2022-04-06 03:58:55,989] {spark_submit.py:488} INFO - 22/04/06 03:58:55 INFO GoogleCloudStorageFileSystem: Successfully repaired 'gs://dtc_data_lake_de-stack-overflow/BigQuery/badges-2021-06/_temporary/0/task_202204060358328938251353577628081_0003_m_000003/' directory.
[2022-04-06 03:58:56,247] {spark_submit.py:488} INFO - 22/04/06 03:58:56 INFO GoogleCloudStorageFileSystem: Successfully repaired 'gs://dtc_data_lake_de-stack-overflow/BigQuery/badges-2021-06/' directory.
[2022-04-06 03:58:57,131] {spark_submit.py:488} INFO - 22/04/06 03:58:57 INFO FileFormatWriter: Write Job 0daec051-9757-4d89-9c7b-0c5efc7a02f9 committed. Elapsed time: 2738 ms.
[2022-04-06 03:58:57,159] {spark_submit.py:488} INFO - 22/04/06 03:58:57 INFO FileFormatWriter: Finished processing stats for write job 0daec051-9757-4d89-9c7b-0c5efc7a02f9.
[2022-04-06 03:58:57,454] {spark_submit.py:488} INFO - 22/04/06 03:58:57 INFO BlockManagerInfo: Removed broadcast_3_piece0 on 9fe4286b2855:45327 in memory (size: 72.3 KiB, free: 434.4 MiB)
[2022-04-06 03:58:57,890] {spark_submit.py:488} INFO - 22/04/06 03:58:57 INFO SparkContext: Invoking stop() from shutdown hook
[2022-04-06 03:58:58,074] {spark_submit.py:488} INFO - 22/04/06 03:58:58 INFO SparkUI: Stopped Spark web UI at http://9fe4286b2855:4044
[2022-04-06 03:58:58,177] {spark_submit.py:488} INFO - 22/04/06 03:58:58 INFO MapOutputTrackerMasterEndpoint: MapOutputTrackerMasterEndpoint stopped!
[2022-04-06 03:58:58,390] {spark_submit.py:488} INFO - 22/04/06 03:58:58 INFO MemoryStore: MemoryStore cleared
[2022-04-06 03:58:58,391] {spark_submit.py:488} INFO - 22/04/06 03:58:58 INFO BlockManager: BlockManager stopped
[2022-04-06 03:58:58,396] {spark_submit.py:488} INFO - 22/04/06 03:58:58 INFO BlockManagerMaster: BlockManagerMaster stopped
[2022-04-06 03:58:58,401] {spark_submit.py:488} INFO - 22/04/06 03:58:58 INFO OutputCommitCoordinator$OutputCommitCoordinatorEndpoint: OutputCommitCoordinator stopped!
[2022-04-06 03:58:58,643] {spark_submit.py:488} INFO - 22/04/06 03:58:58 INFO SparkContext: Successfully stopped SparkContext
[2022-04-06 03:58:58,643] {spark_submit.py:488} INFO - 22/04/06 03:58:58 INFO ShutdownHookManager: Shutdown hook called
[2022-04-06 03:58:58,643] {spark_submit.py:488} INFO - 22/04/06 03:58:58 INFO ShutdownHookManager: Deleting directory /tmp/spark-0a5db42b-7adc-4716-aa55-1f68feb8ce40
[2022-04-06 03:58:58,691] {spark_submit.py:488} INFO - 22/04/06 03:58:58 INFO ShutdownHookManager: Deleting directory /tmp/spark-9a978447-0a6c-4df5-923e-55917f173f60
[2022-04-06 03:58:58,755] {spark_submit.py:488} INFO - 22/04/06 03:58:58 INFO ShutdownHookManager: Deleting directory /tmp/spark-0a5db42b-7adc-4716-aa55-1f68feb8ce40/pyspark-c7ced9a7-483a-4969-838c-f516512e6e3d
[2022-04-06 03:58:59,391] {taskinstance.py:1288} INFO - Marking task as SUCCESS. dag_id=IngestToGCP, task_id=processing_tasks_badges.spark_job, execution_date=20210601T000000, start_date=20220406T035428, end_date=20220406T035859
[2022-04-06 03:58:59,503] {local_task_job.py:154} INFO - Task exited with return code 0
[2022-04-06 03:58:59,788] {local_task_job.py:264} INFO - 1 downstream tasks scheduled from follow-on schedule check
