[2022-04-06 01:27:00,740] {taskinstance.py:1043} INFO - Dependencies all met for <TaskInstance: IngestToGCP.processing_tasks_users.ingest_users_to_bucket scheduled__2015-12-01T00:00:00+00:00 [queued]>
[2022-04-06 01:27:00,980] {taskinstance.py:1043} INFO - Dependencies all met for <TaskInstance: IngestToGCP.processing_tasks_users.ingest_users_to_bucket scheduled__2015-12-01T00:00:00+00:00 [queued]>
[2022-04-06 01:27:00,980] {taskinstance.py:1249} INFO - 
--------------------------------------------------------------------------------
[2022-04-06 01:27:00,980] {taskinstance.py:1250} INFO - Starting attempt 1 of 1
[2022-04-06 01:27:00,981] {taskinstance.py:1251} INFO - 
--------------------------------------------------------------------------------
[2022-04-06 01:27:01,176] {taskinstance.py:1270} INFO - Executing <Task(PythonOperator): processing_tasks_users.ingest_users_to_bucket> on 2015-12-01 00:00:00+00:00
[2022-04-06 01:27:01,253] {standard_task_runner.py:52} INFO - Started process 132880 to run task
[2022-04-06 01:27:01,327] {standard_task_runner.py:79} INFO - Running: ['***', 'tasks', 'run', 'IngestToGCP', 'processing_tasks_users.ingest_users_to_bucket', 'scheduled__2015-12-01T00:00:00+00:00', '--job-id', '10473', '--raw', '--subdir', 'DAGS_FOLDER/ingest_dag.py', '--cfg-path', '/tmp/tmpa7hnbj50', '--error-file', '/tmp/tmp93xyd8ne']
[2022-04-06 01:27:01,365] {standard_task_runner.py:80} INFO - Job 10473: Subtask processing_tasks_users.ingest_users_to_bucket
[2022-04-06 01:27:02,254] {logging_mixin.py:109} INFO - Running <TaskInstance: IngestToGCP.processing_tasks_users.ingest_users_to_bucket scheduled__2015-12-01T00:00:00+00:00 [running]> on host 9fe4286b2855
[2022-04-06 01:27:03,030] {logging_mixin.py:109} WARNING - /home/***/.local/lib/python3.7/site-packages/***/utils/context.py:156 AirflowContextDeprecationWarning: Accessing 'execution_date' from the template is deprecated and will be removed in a future version. Please use 'data_interval_start' or 'logical_date' instead.
[2022-04-06 01:27:03,254] {taskinstance.py:1448} INFO - Exporting the following env vars:
AIRFLOW_CTX_DAG_OWNER=***
AIRFLOW_CTX_DAG_ID=IngestToGCP
AIRFLOW_CTX_TASK_ID=processing_tasks_users.ingest_users_to_bucket
AIRFLOW_CTX_EXECUTION_DATE=2015-12-01T00:00:00+00:00
AIRFLOW_CTX_DAG_RUN_ID=scheduled__2015-12-01T00:00:00+00:00
[2022-04-06 01:27:04,368] {python.py:175} INFO - Done. Returned value was: None
[2022-04-06 01:27:04,406] {taskinstance.py:1288} INFO - Marking task as SUCCESS. dag_id=IngestToGCP, task_id=processing_tasks_users.ingest_users_to_bucket, execution_date=20151201T000000, start_date=20220406T012700, end_date=20220406T012704
[2022-04-06 01:27:04,658] {local_task_job.py:154} INFO - Task exited with return code 0
[2022-04-06 01:27:06,620] {local_task_job.py:264} INFO - 0 downstream tasks scheduled from follow-on schedule check
