[2022-03-30 19:58:48,741] {taskinstance.py:1037} INFO - Dependencies all met for <TaskInstance: IngestToGCP.processing_tasks_posts_questions.format_to_parquet_posts_questions scheduled__2009-01-01T00:00:00+00:00 [queued]>
[2022-03-30 19:58:48,826] {taskinstance.py:1037} INFO - Dependencies all met for <TaskInstance: IngestToGCP.processing_tasks_posts_questions.format_to_parquet_posts_questions scheduled__2009-01-01T00:00:00+00:00 [queued]>
[2022-03-30 19:58:48,827] {taskinstance.py:1243} INFO - 
--------------------------------------------------------------------------------
[2022-03-30 19:58:48,827] {taskinstance.py:1244} INFO - Starting attempt 1 of 1
[2022-03-30 19:58:48,827] {taskinstance.py:1245} INFO - 
--------------------------------------------------------------------------------
[2022-03-30 19:58:48,863] {taskinstance.py:1264} INFO - Executing <Task(PythonOperator): processing_tasks_posts_questions.format_to_parquet_posts_questions> on 2009-01-01 00:00:00+00:00
[2022-03-30 19:58:48,887] {standard_task_runner.py:52} INFO - Started process 1883 to run task
[2022-03-30 19:58:48,912] {standard_task_runner.py:76} INFO - Running: ['***', 'tasks', 'run', 'IngestToGCP', 'processing_tasks_posts_questions.format_to_parquet_posts_questions', 'scheduled__2009-01-01T00:00:00+00:00', '--job-id', '83', '--raw', '--subdir', 'DAGS_FOLDER/ingest_dag.py', '--cfg-path', '/tmp/tmpghuze_vm', '--error-file', '/tmp/tmpdh057si6']
[2022-03-30 19:58:48,913] {standard_task_runner.py:77} INFO - Job 83: Subtask processing_tasks_posts_questions.format_to_parquet_posts_questions
[2022-03-30 19:58:49,310] {logging_mixin.py:109} INFO - Running <TaskInstance: IngestToGCP.processing_tasks_posts_questions.format_to_parquet_posts_questions scheduled__2009-01-01T00:00:00+00:00 [running]> on host d9825fd5ae59
[2022-03-30 19:58:49,629] {logging_mixin.py:109} WARNING - /home/***/.local/lib/python3.7/site-packages/***/utils/context.py:156 AirflowContextDeprecationWarning: Accessing 'execution_date' from the template is deprecated and will be removed in a future version. Please use 'data_interval_start' or 'logical_date' instead.
[2022-03-30 19:58:49,711] {taskinstance.py:1431} INFO - Exporting the following env vars:
AIRFLOW_CTX_DAG_OWNER=***
AIRFLOW_CTX_DAG_ID=IngestToGCP
AIRFLOW_CTX_TASK_ID=processing_tasks_posts_questions.format_to_parquet_posts_questions
AIRFLOW_CTX_EXECUTION_DATE=2009-01-01T00:00:00+00:00
AIRFLOW_CTX_DAG_RUN_ID=scheduled__2009-01-01T00:00:00+00:00
[2022-03-30 19:58:53,508] {python.py:175} INFO - Done. Returned value was: None
[2022-03-30 19:58:53,985] {taskinstance.py:1282} INFO - Marking task as SUCCESS. dag_id=IngestToGCP, task_id=processing_tasks_posts_questions.format_to_parquet_posts_questions, execution_date=20090101T000000, start_date=20220330T195848, end_date=20220330T195853
[2022-03-30 19:58:54,102] {local_task_job.py:154} INFO - Task exited with return code 0
[2022-03-30 19:58:54,278] {local_task_job.py:264} INFO - 1 downstream tasks scheduled from follow-on schedule check
[2022-04-05 22:39:06,366] {taskinstance.py:1043} INFO - Dependencies all met for <TaskInstance: IngestToGCP.processing_tasks_posts_questions.format_to_parquet_posts_questions scheduled__2009-01-01T00:00:00+00:00 [queued]>
[2022-04-05 22:39:06,413] {taskinstance.py:1043} INFO - Dependencies all met for <TaskInstance: IngestToGCP.processing_tasks_posts_questions.format_to_parquet_posts_questions scheduled__2009-01-01T00:00:00+00:00 [queued]>
[2022-04-05 22:39:06,414] {taskinstance.py:1249} INFO - 
--------------------------------------------------------------------------------
[2022-04-05 22:39:06,414] {taskinstance.py:1250} INFO - Starting attempt 1 of 1
[2022-04-05 22:39:06,414] {taskinstance.py:1251} INFO - 
--------------------------------------------------------------------------------
[2022-04-05 22:39:06,467] {taskinstance.py:1270} INFO - Executing <Task(PythonOperator): processing_tasks_posts_questions.format_to_parquet_posts_questions> on 2009-01-01 00:00:00+00:00
[2022-04-05 22:39:06,507] {standard_task_runner.py:79} INFO - Running: ['***', 'tasks', 'run', 'IngestToGCP', 'processing_tasks_posts_questions.format_to_parquet_posts_questions', 'scheduled__2009-01-01T00:00:00+00:00', '--job-id', '8493', '--raw', '--subdir', 'DAGS_FOLDER/ingest_dag.py', '--cfg-path', '/tmp/tmpumyc9piu', '--error-file', '/tmp/tmppkesza82']
[2022-04-05 22:39:06,511] {standard_task_runner.py:80} INFO - Job 8493: Subtask processing_tasks_posts_questions.format_to_parquet_posts_questions
[2022-04-05 22:39:06,501] {standard_task_runner.py:52} INFO - Started process 9545 to run task
[2022-04-05 22:39:06,702] {logging_mixin.py:109} INFO - Running <TaskInstance: IngestToGCP.processing_tasks_posts_questions.format_to_parquet_posts_questions scheduled__2009-01-01T00:00:00+00:00 [running]> on host 9fe4286b2855
[2022-04-05 22:39:06,983] {logging_mixin.py:109} WARNING - /home/***/.local/lib/python3.7/site-packages/***/utils/context.py:156 AirflowContextDeprecationWarning: Accessing 'execution_date' from the template is deprecated and will be removed in a future version. Please use 'data_interval_start' or 'logical_date' instead.
[2022-04-05 22:39:07,076] {taskinstance.py:1448} INFO - Exporting the following env vars:
AIRFLOW_CTX_DAG_OWNER=***
AIRFLOW_CTX_DAG_ID=IngestToGCP
AIRFLOW_CTX_TASK_ID=processing_tasks_posts_questions.format_to_parquet_posts_questions
AIRFLOW_CTX_EXECUTION_DATE=2009-01-01T00:00:00+00:00
AIRFLOW_CTX_DAG_RUN_ID=scheduled__2009-01-01T00:00:00+00:00
[2022-04-05 22:39:09,356] {python.py:175} INFO - Done. Returned value was: None
[2022-04-05 22:39:09,387] {taskinstance.py:1288} INFO - Marking task as SUCCESS. dag_id=IngestToGCP, task_id=processing_tasks_posts_questions.format_to_parquet_posts_questions, execution_date=20090101T000000, start_date=20220405T223906, end_date=20220405T223909
[2022-04-05 22:39:09,481] {local_task_job.py:154} INFO - Task exited with return code 0
[2022-04-05 22:39:09,695] {local_task_job.py:264} INFO - 0 downstream tasks scheduled from follow-on schedule check
