[2022-04-07 19:28:30,782] {taskinstance.py:1043} INFO - Dependencies all met for <TaskInstance: load_to_BigQuery.create_external_posts_answers.bq_create_posts_answers_stack_overflow_data_partitioned_table_task scheduled__2019-10-01T00:00:00+00:00 [queued]>
[2022-04-07 19:28:30,820] {taskinstance.py:1043} INFO - Dependencies all met for <TaskInstance: load_to_BigQuery.create_external_posts_answers.bq_create_posts_answers_stack_overflow_data_partitioned_table_task scheduled__2019-10-01T00:00:00+00:00 [queued]>
[2022-04-07 19:28:30,820] {taskinstance.py:1249} INFO - 
--------------------------------------------------------------------------------
[2022-04-07 19:28:30,821] {taskinstance.py:1250} INFO - Starting attempt 1 of 1
[2022-04-07 19:28:30,821] {taskinstance.py:1251} INFO - 
--------------------------------------------------------------------------------
[2022-04-07 19:28:31,280] {taskinstance.py:1270} INFO - Executing <Task(BigQueryInsertJobOperator): create_external_posts_answers.bq_create_posts_answers_stack_overflow_data_partitioned_table_task> on 2019-10-01 00:00:00+00:00
[2022-04-07 19:28:31,310] {standard_task_runner.py:52} INFO - Started process 5529 to run task
[2022-04-07 19:28:31,343] {standard_task_runner.py:79} INFO - Running: ['***', 'tasks', 'run', 'load_to_BigQuery', 'create_external_posts_answers.bq_create_posts_answers_stack_overflow_data_partitioned_table_task', 'scheduled__2019-10-01T00:00:00+00:00', '--job-id', '13137', '--raw', '--subdir', 'DAGS_FOLDER/load_to_BigQuery_dag.py', '--cfg-path', '/tmp/tmpgr1lh8af', '--error-file', '/tmp/tmp28wvpuhq']
[2022-04-07 19:28:31,346] {standard_task_runner.py:80} INFO - Job 13137: Subtask create_external_posts_answers.bq_create_posts_answers_stack_overflow_data_partitioned_table_task
[2022-04-07 19:28:31,554] {logging_mixin.py:109} INFO - Running <TaskInstance: load_to_BigQuery.create_external_posts_answers.bq_create_posts_answers_stack_overflow_data_partitioned_table_task scheduled__2019-10-01T00:00:00+00:00 [running]> on host 2c54f2187010
[2022-04-07 19:28:31,789] {taskinstance.py:1448} INFO - Exporting the following env vars:
AIRFLOW_CTX_DAG_OWNER=***
AIRFLOW_CTX_DAG_ID=load_to_BigQuery
AIRFLOW_CTX_TASK_ID=create_external_posts_answers.bq_create_posts_answers_stack_overflow_data_partitioned_table_task
AIRFLOW_CTX_EXECUTION_DATE=2019-10-01T00:00:00+00:00
AIRFLOW_CTX_DAG_RUN_ID=scheduled__2019-10-01T00:00:00+00:00
[2022-04-07 19:28:31,792] {crypto.py:82} WARNING - empty cryptography key - values will not be stored encrypted.
[2022-04-07 19:28:31,821] {logging_mixin.py:109} WARNING - /home/***/.local/lib/python3.7/site-packages/***/utils/context.py:156 AirflowContextDeprecationWarning: Accessing 'execution_date' from the template is deprecated and will be removed in a future version. Please use 'data_interval_start' or 'logical_date' instead.
[2022-04-07 19:28:31,846] {bigquery.py:1554} INFO - Inserting job ***_load_to_BigQuery_create_external_posts_answers_bq_create_posts_answers_stack_overflow_data_partitioned_table_task_2019_10_01T00_00_00_00_00_20baf87ace2c9309e20b84ccfe70df40
[2022-04-07 19:28:32,358] {taskinstance.py:1774} ERROR - Task failed with exception
Traceback (most recent call last):
  File "/home/airflow/.local/lib/python3.7/site-packages/airflow/providers/google/cloud/operators/bigquery.py", line 2153, in execute
    job = self._submit_job(hook, job_id)
  File "/home/airflow/.local/lib/python3.7/site-packages/airflow/providers/google/cloud/operators/bigquery.py", line 2119, in _submit_job
    retry=self.result_retry,
  File "/home/airflow/.local/lib/python3.7/site-packages/airflow/providers/google/common/hooks/base_google.py", line 439, in inner_wrapper
    return func(self, *args, **kwargs)
  File "/home/airflow/.local/lib/python3.7/site-packages/airflow/providers/google/cloud/hooks/bigquery.py", line 1560, in insert_job
    job.result(timeout=timeout, retry=retry)
  File "/home/airflow/.local/lib/python3.7/site-packages/google/cloud/bigquery/job/query.py", line 1498, in result
    do_get_result()
  File "/home/airflow/.local/lib/python3.7/site-packages/google/cloud/bigquery/job/query.py", line 1488, in do_get_result
    super(QueryJob, self).result(retry=retry, timeout=timeout)
  File "/home/airflow/.local/lib/python3.7/site-packages/google/cloud/bigquery/job/base.py", line 728, in result
    return super(_AsyncJob, self).result(timeout=timeout, **kwargs)
  File "/home/airflow/.local/lib/python3.7/site-packages/google/api_core/future/polling.py", line 135, in result
    raise self._exception
google.api_core.exceptions.BadRequest: 400 PARTITION BY expression must not be constant at [1:104]

Location: us-central1
Job ID: airflow_load_to_BigQuery_create_external_posts_answers_bq_create_posts_answers_stack_overflow_data_partitioned_table_task_2019_10_01T00_00_00_00_00_20baf87ace2c9309e20b84ccfe70df40

[2022-04-07 19:28:32,455] {taskinstance.py:1288} INFO - Marking task as FAILED. dag_id=load_to_BigQuery, task_id=create_external_posts_answers.bq_create_posts_answers_stack_overflow_data_partitioned_table_task, execution_date=20191001T000000, start_date=20220407T192830, end_date=20220407T192832
[2022-04-07 19:28:32,681] {standard_task_runner.py:98} ERROR - Failed to execute job 13137 for task create_external_posts_answers.bq_create_posts_answers_stack_overflow_data_partitioned_table_task (400 PARTITION BY expression must not be constant at [1:104]

Location: us-central1
Job ID: airflow_load_to_BigQuery_create_external_posts_answers_bq_create_posts_answers_stack_overflow_data_partitioned_table_task_2019_10_01T00_00_00_00_00_20baf87ace2c9309e20b84ccfe70df40
; 5529)
[2022-04-07 19:28:32,722] {local_task_job.py:154} INFO - Task exited with return code 1
[2022-04-07 19:28:32,826] {local_task_job.py:264} INFO - 0 downstream tasks scheduled from follow-on schedule check
[2022-04-07 22:20:59,263] {taskinstance.py:1043} INFO - Dependencies all met for <TaskInstance: load_to_BigQuery.create_external_posts_answers.bq_create_posts_answers_stack_overflow_data_partitioned_table_task scheduled__2019-10-01T00:00:00+00:00 [queued]>
[2022-04-07 22:20:59,304] {taskinstance.py:1043} INFO - Dependencies all met for <TaskInstance: load_to_BigQuery.create_external_posts_answers.bq_create_posts_answers_stack_overflow_data_partitioned_table_task scheduled__2019-10-01T00:00:00+00:00 [queued]>
[2022-04-07 22:20:59,304] {taskinstance.py:1249} INFO - 
--------------------------------------------------------------------------------
[2022-04-07 22:20:59,305] {taskinstance.py:1250} INFO - Starting attempt 1 of 1
[2022-04-07 22:20:59,305] {taskinstance.py:1251} INFO - 
--------------------------------------------------------------------------------
[2022-04-07 22:20:59,561] {taskinstance.py:1270} INFO - Executing <Task(BigQueryInsertJobOperator): create_external_posts_answers.bq_create_posts_answers_stack_overflow_data_partitioned_table_task> on 2019-10-01 00:00:00+00:00
[2022-04-07 22:20:59,573] {standard_task_runner.py:52} INFO - Started process 7788 to run task
[2022-04-07 22:20:59,587] {standard_task_runner.py:79} INFO - Running: ['***', 'tasks', 'run', 'load_to_BigQuery', 'create_external_posts_answers.bq_create_posts_answers_stack_overflow_data_partitioned_table_task', 'scheduled__2019-10-01T00:00:00+00:00', '--job-id', '14398', '--raw', '--subdir', 'DAGS_FOLDER/load_to_BigQuery_dag.py', '--cfg-path', '/tmp/tmpl4nbg33i', '--error-file', '/tmp/tmp_gi7785o']
[2022-04-07 22:20:59,589] {standard_task_runner.py:80} INFO - Job 14398: Subtask create_external_posts_answers.bq_create_posts_answers_stack_overflow_data_partitioned_table_task
[2022-04-07 22:20:59,886] {logging_mixin.py:109} INFO - Running <TaskInstance: load_to_BigQuery.create_external_posts_answers.bq_create_posts_answers_stack_overflow_data_partitioned_table_task scheduled__2019-10-01T00:00:00+00:00 [running]> on host 36107d30f64e
[2022-04-07 22:21:00,152] {taskinstance.py:1448} INFO - Exporting the following env vars:
AIRFLOW_CTX_DAG_OWNER=***
AIRFLOW_CTX_DAG_ID=load_to_BigQuery
AIRFLOW_CTX_TASK_ID=create_external_posts_answers.bq_create_posts_answers_stack_overflow_data_partitioned_table_task
AIRFLOW_CTX_EXECUTION_DATE=2019-10-01T00:00:00+00:00
AIRFLOW_CTX_DAG_RUN_ID=scheduled__2019-10-01T00:00:00+00:00
[2022-04-07 22:21:00,155] {crypto.py:82} WARNING - empty cryptography key - values will not be stored encrypted.
[2022-04-07 22:21:00,183] {logging_mixin.py:109} WARNING - /home/***/.local/lib/python3.7/site-packages/***/utils/context.py:156 AirflowContextDeprecationWarning: Accessing 'execution_date' from the template is deprecated and will be removed in a future version. Please use 'data_interval_start' or 'logical_date' instead.
[2022-04-07 22:21:00,236] {bigquery.py:1554} INFO - Inserting job ***_load_to_BigQuery_create_external_posts_answers_bq_create_posts_answers_stack_overflow_data_partitioned_table_task_2019_10_01T00_00_00_00_00_a67d6ed81815947925686e8858f554e6
[2022-04-07 22:21:04,767] {taskinstance.py:1288} INFO - Marking task as SUCCESS. dag_id=load_to_BigQuery, task_id=create_external_posts_answers.bq_create_posts_answers_stack_overflow_data_partitioned_table_task, execution_date=20191001T000000, start_date=20220407T222059, end_date=20220407T222104
[2022-04-07 22:21:04,954] {local_task_job.py:154} INFO - Task exited with return code 0
[2022-04-07 22:21:05,081] {local_task_job.py:264} INFO - 0 downstream tasks scheduled from follow-on schedule check
