[2022-04-07 19:21:46,929] {taskinstance.py:1043} INFO - Dependencies all met for <TaskInstance: load_to_BigQuery.create_external_badges.create_badges_stack_overflow_data_external_table scheduled__2015-03-01T00:00:00+00:00 [queued]>
[2022-04-07 19:21:46,980] {taskinstance.py:1043} INFO - Dependencies all met for <TaskInstance: load_to_BigQuery.create_external_badges.create_badges_stack_overflow_data_external_table scheduled__2015-03-01T00:00:00+00:00 [queued]>
[2022-04-07 19:21:46,980] {taskinstance.py:1249} INFO - 
--------------------------------------------------------------------------------
[2022-04-07 19:21:46,981] {taskinstance.py:1250} INFO - Starting attempt 1 of 1
[2022-04-07 19:21:46,981] {taskinstance.py:1251} INFO - 
--------------------------------------------------------------------------------
[2022-04-07 19:21:47,670] {taskinstance.py:1270} INFO - Executing <Task(BigQueryCreateExternalTableOperator): create_external_badges.create_badges_stack_overflow_data_external_table> on 2015-03-01 00:00:00+00:00
[2022-04-07 19:21:47,737] {standard_task_runner.py:52} INFO - Started process 2537 to run task
[2022-04-07 19:21:47,765] {standard_task_runner.py:79} INFO - Running: ['***', 'tasks', 'run', 'load_to_BigQuery', 'create_external_badges.create_badges_stack_overflow_data_external_table', 'scheduled__2015-03-01T00:00:00+00:00', '--job-id', '12690', '--raw', '--subdir', 'DAGS_FOLDER/load_to_BigQuery_dag.py', '--cfg-path', '/tmp/tmp3x0tkdul', '--error-file', '/tmp/tmp8bcd7jae']
[2022-04-07 19:21:47,775] {standard_task_runner.py:80} INFO - Job 12690: Subtask create_external_badges.create_badges_stack_overflow_data_external_table
[2022-04-07 19:21:48,416] {logging_mixin.py:109} INFO - Running <TaskInstance: load_to_BigQuery.create_external_badges.create_badges_stack_overflow_data_external_table scheduled__2015-03-01T00:00:00+00:00 [running]> on host 2c54f2187010
[2022-04-07 19:21:48,625] {logging_mixin.py:109} WARNING - /home/***/.local/lib/python3.7/site-packages/***/utils/context.py:156 AirflowContextDeprecationWarning: Accessing 'execution_date' from the template is deprecated and will be removed in a future version. Please use 'data_interval_start' or 'logical_date' instead.
[2022-04-07 19:21:48,746] {taskinstance.py:1448} INFO - Exporting the following env vars:
AIRFLOW_CTX_DAG_OWNER=***
AIRFLOW_CTX_DAG_ID=load_to_BigQuery
AIRFLOW_CTX_TASK_ID=create_external_badges.create_badges_stack_overflow_data_external_table
AIRFLOW_CTX_EXECUTION_DATE=2015-03-01T00:00:00+00:00
AIRFLOW_CTX_DAG_RUN_ID=scheduled__2015-03-01T00:00:00+00:00
[2022-04-07 19:21:48,749] {crypto.py:82} WARNING - empty cryptography key - values will not be stored encrypted.
[2022-04-07 19:21:49,349] {taskinstance.py:1288} INFO - Marking task as SUCCESS. dag_id=load_to_BigQuery, task_id=create_external_badges.create_badges_stack_overflow_data_external_table, execution_date=20150301T000000, start_date=20220407T192146, end_date=20220407T192149
[2022-04-07 19:21:49,491] {local_task_job.py:154} INFO - Task exited with return code 0
[2022-04-07 19:21:49,840] {local_task_job.py:264} INFO - 0 downstream tasks scheduled from follow-on schedule check
[2022-04-07 22:15:12,149] {taskinstance.py:1043} INFO - Dependencies all met for <TaskInstance: load_to_BigQuery.create_external_badges.create_badges_stack_overflow_data_external_table scheduled__2015-03-01T00:00:00+00:00 [queued]>
[2022-04-07 22:15:12,256] {taskinstance.py:1043} INFO - Dependencies all met for <TaskInstance: load_to_BigQuery.create_external_badges.create_badges_stack_overflow_data_external_table scheduled__2015-03-01T00:00:00+00:00 [queued]>
[2022-04-07 22:15:12,256] {taskinstance.py:1249} INFO - 
--------------------------------------------------------------------------------
[2022-04-07 22:15:12,256] {taskinstance.py:1250} INFO - Starting attempt 1 of 1
[2022-04-07 22:15:12,256] {taskinstance.py:1251} INFO - 
--------------------------------------------------------------------------------
[2022-04-07 22:15:13,359] {taskinstance.py:1270} INFO - Executing <Task(BigQueryCreateExternalTableOperator): create_external_badges.create_badges_stack_overflow_data_external_table> on 2015-03-01 00:00:00+00:00
[2022-04-07 22:15:13,395] {standard_task_runner.py:52} INFO - Started process 4834 to run task
[2022-04-07 22:15:13,503] {standard_task_runner.py:79} INFO - Running: ['***', 'tasks', 'run', 'load_to_BigQuery', 'create_external_badges.create_badges_stack_overflow_data_external_table', 'scheduled__2015-03-01T00:00:00+00:00', '--job-id', '13944', '--raw', '--subdir', 'DAGS_FOLDER/load_to_BigQuery_dag.py', '--cfg-path', '/tmp/tmpaxe4s80f', '--error-file', '/tmp/tmphw5mgyz1']
[2022-04-07 22:15:13,517] {standard_task_runner.py:80} INFO - Job 13944: Subtask create_external_badges.create_badges_stack_overflow_data_external_table
[2022-04-07 22:15:13,930] {logging_mixin.py:109} INFO - Running <TaskInstance: load_to_BigQuery.create_external_badges.create_badges_stack_overflow_data_external_table scheduled__2015-03-01T00:00:00+00:00 [running]> on host 36107d30f64e
[2022-04-07 22:15:14,510] {logging_mixin.py:109} WARNING - /home/***/.local/lib/python3.7/site-packages/***/utils/context.py:156 AirflowContextDeprecationWarning: Accessing 'execution_date' from the template is deprecated and will be removed in a future version. Please use 'data_interval_start' or 'logical_date' instead.
[2022-04-07 22:15:14,727] {taskinstance.py:1448} INFO - Exporting the following env vars:
AIRFLOW_CTX_DAG_OWNER=***
AIRFLOW_CTX_DAG_ID=load_to_BigQuery
AIRFLOW_CTX_TASK_ID=create_external_badges.create_badges_stack_overflow_data_external_table
AIRFLOW_CTX_EXECUTION_DATE=2015-03-01T00:00:00+00:00
AIRFLOW_CTX_DAG_RUN_ID=scheduled__2015-03-01T00:00:00+00:00
[2022-04-07 22:15:14,729] {crypto.py:82} WARNING - empty cryptography key - values will not be stored encrypted.
[2022-04-07 22:15:15,613] {taskinstance.py:1288} INFO - Marking task as SUCCESS. dag_id=load_to_BigQuery, task_id=create_external_badges.create_badges_stack_overflow_data_external_table, execution_date=20150301T000000, start_date=20220407T221512, end_date=20220407T221515
[2022-04-07 22:15:15,822] {local_task_job.py:154} INFO - Task exited with return code 0
[2022-04-07 22:15:15,915] {local_task_job.py:264} INFO - 1 downstream tasks scheduled from follow-on schedule check
