[2022-04-07 19:24:19,189] {taskinstance.py:1043} INFO - Dependencies all met for <TaskInstance: load_to_BigQuery.create_external_posts_questions.bq_create_posts_questions_stack_overflow_data_partitioned_table_task scheduled__2016-12-01T00:00:00+00:00 [queued]>
[2022-04-07 19:24:19,341] {taskinstance.py:1043} INFO - Dependencies all met for <TaskInstance: load_to_BigQuery.create_external_posts_questions.bq_create_posts_questions_stack_overflow_data_partitioned_table_task scheduled__2016-12-01T00:00:00+00:00 [queued]>
[2022-04-07 19:24:19,342] {taskinstance.py:1249} INFO - 
--------------------------------------------------------------------------------
[2022-04-07 19:24:19,342] {taskinstance.py:1250} INFO - Starting attempt 1 of 1
[2022-04-07 19:24:19,342] {taskinstance.py:1251} INFO - 
--------------------------------------------------------------------------------
[2022-04-07 19:24:20,676] {taskinstance.py:1270} INFO - Executing <Task(BigQueryInsertJobOperator): create_external_posts_questions.bq_create_posts_questions_stack_overflow_data_partitioned_table_task> on 2016-12-01 00:00:00+00:00
[2022-04-07 19:24:20,737] {standard_task_runner.py:52} INFO - Started process 3717 to run task
[2022-04-07 19:24:20,825] {standard_task_runner.py:79} INFO - Running: ['***', 'tasks', 'run', 'load_to_BigQuery', 'create_external_posts_questions.bq_create_posts_questions_stack_overflow_data_partitioned_table_task', 'scheduled__2016-12-01T00:00:00+00:00', '--job-id', '12869', '--raw', '--subdir', 'DAGS_FOLDER/load_to_BigQuery_dag.py', '--cfg-path', '/tmp/tmp8e4ugt0x', '--error-file', '/tmp/tmp7klgqb8g']
[2022-04-07 19:24:20,852] {standard_task_runner.py:80} INFO - Job 12869: Subtask create_external_posts_questions.bq_create_posts_questions_stack_overflow_data_partitioned_table_task
[2022-04-07 19:24:21,263] {logging_mixin.py:109} INFO - Running <TaskInstance: load_to_BigQuery.create_external_posts_questions.bq_create_posts_questions_stack_overflow_data_partitioned_table_task scheduled__2016-12-01T00:00:00+00:00 [running]> on host 2c54f2187010
[2022-04-07 19:24:21,779] {taskinstance.py:1448} INFO - Exporting the following env vars:
AIRFLOW_CTX_DAG_OWNER=***
AIRFLOW_CTX_DAG_ID=load_to_BigQuery
AIRFLOW_CTX_TASK_ID=create_external_posts_questions.bq_create_posts_questions_stack_overflow_data_partitioned_table_task
AIRFLOW_CTX_EXECUTION_DATE=2016-12-01T00:00:00+00:00
AIRFLOW_CTX_DAG_RUN_ID=scheduled__2016-12-01T00:00:00+00:00
[2022-04-07 19:24:21,797] {crypto.py:82} WARNING - empty cryptography key - values will not be stored encrypted.
[2022-04-07 19:24:21,883] {logging_mixin.py:109} WARNING - /home/***/.local/lib/python3.7/site-packages/***/utils/context.py:156 AirflowContextDeprecationWarning: Accessing 'execution_date' from the template is deprecated and will be removed in a future version. Please use 'data_interval_start' or 'logical_date' instead.
[2022-04-07 19:24:21,961] {bigquery.py:1554} INFO - Inserting job ***_load_to_BigQuery_create_external_posts_questions_bq_create_posts_questions_stack_overflow_data_partitioned_table_task_2016_12_01T00_00_00_00_00_23e68dd24ca8837aa82b50cd31668834
[2022-04-07 19:24:22,734] {taskinstance.py:1774} ERROR - Task failed with exception
Traceback (most recent call last):
  File "/home/airflow/.local/lib/python3.7/site-packages/airflow/providers/google/cloud/operators/bigquery.py", line 2153, in execute
    job = self._submit_job(hook, job_id)
  File "/home/airflow/.local/lib/python3.7/site-packages/airflow/providers/google/cloud/operators/bigquery.py", line 2119, in _submit_job
    retry=self.result_retry,
  File "/home/airflow/.local/lib/python3.7/site-packages/airflow/providers/google/common/hooks/base_google.py", line 439, in inner_wrapper
    return func(self, *args, **kwargs)
  File "/home/airflow/.local/lib/python3.7/site-packages/airflow/providers/google/cloud/hooks/bigquery.py", line 1560, in insert_job
    job.result(timeout=timeout, retry=retry)
  File "/home/airflow/.local/lib/python3.7/site-packages/google/cloud/bigquery/job/query.py", line 1498, in result
    do_get_result()
  File "/home/airflow/.local/lib/python3.7/site-packages/google/cloud/bigquery/job/query.py", line 1488, in do_get_result
    super(QueryJob, self).result(retry=retry, timeout=timeout)
  File "/home/airflow/.local/lib/python3.7/site-packages/google/cloud/bigquery/job/base.py", line 728, in result
    return super(_AsyncJob, self).result(timeout=timeout, **kwargs)
  File "/home/airflow/.local/lib/python3.7/site-packages/google/api_core/future/polling.py", line 135, in result
    raise self._exception
google.api_core.exceptions.BadRequest: 400 Could not cast literal "creation_date" to type TIMESTAMP at [1:111]

Location: us-central1
Job ID: airflow_load_to_BigQuery_create_external_posts_questions_bq_create_posts_questions_stack_overflow_data_partitioned_table_task_2016_12_01T00_00_00_00_00_23e68dd24ca8837aa82b50cd31668834

[2022-04-07 19:24:22,880] {taskinstance.py:1288} INFO - Marking task as FAILED. dag_id=load_to_BigQuery, task_id=create_external_posts_questions.bq_create_posts_questions_stack_overflow_data_partitioned_table_task, execution_date=20161201T000000, start_date=20220407T192419, end_date=20220407T192422
[2022-04-07 19:24:22,928] {standard_task_runner.py:98} ERROR - Failed to execute job 12869 for task create_external_posts_questions.bq_create_posts_questions_stack_overflow_data_partitioned_table_task (400 Could not cast literal "creation_date" to type TIMESTAMP at [1:111]

Location: us-central1
Job ID: airflow_load_to_BigQuery_create_external_posts_questions_bq_create_posts_questions_stack_overflow_data_partitioned_table_task_2016_12_01T00_00_00_00_00_23e68dd24ca8837aa82b50cd31668834
; 3717)
[2022-04-07 19:24:23,002] {local_task_job.py:154} INFO - Task exited with return code 1
[2022-04-07 19:24:23,861] {local_task_job.py:264} INFO - 0 downstream tasks scheduled from follow-on schedule check
[2022-04-07 22:17:42,300] {taskinstance.py:1043} INFO - Dependencies all met for <TaskInstance: load_to_BigQuery.create_external_posts_questions.bq_create_posts_questions_stack_overflow_data_partitioned_table_task scheduled__2016-12-01T00:00:00+00:00 [queued]>
[2022-04-07 22:17:42,355] {taskinstance.py:1043} INFO - Dependencies all met for <TaskInstance: load_to_BigQuery.create_external_posts_questions.bq_create_posts_questions_stack_overflow_data_partitioned_table_task scheduled__2016-12-01T00:00:00+00:00 [queued]>
[2022-04-07 22:17:42,355] {taskinstance.py:1249} INFO - 
--------------------------------------------------------------------------------
[2022-04-07 22:17:42,355] {taskinstance.py:1250} INFO - Starting attempt 1 of 1
[2022-04-07 22:17:42,355] {taskinstance.py:1251} INFO - 
--------------------------------------------------------------------------------
[2022-04-07 22:17:42,696] {taskinstance.py:1270} INFO - Executing <Task(BigQueryInsertJobOperator): create_external_posts_questions.bq_create_posts_questions_stack_overflow_data_partitioned_table_task> on 2016-12-01 00:00:00+00:00
[2022-04-07 22:17:42,711] {standard_task_runner.py:52} INFO - Started process 6034 to run task
[2022-04-07 22:17:42,738] {standard_task_runner.py:79} INFO - Running: ['***', 'tasks', 'run', 'load_to_BigQuery', 'create_external_posts_questions.bq_create_posts_questions_stack_overflow_data_partitioned_table_task', 'scheduled__2016-12-01T00:00:00+00:00', '--job-id', '14127', '--raw', '--subdir', 'DAGS_FOLDER/load_to_BigQuery_dag.py', '--cfg-path', '/tmp/tmpsd3o5f7_', '--error-file', '/tmp/tmprp59wm15']
[2022-04-07 22:17:42,739] {standard_task_runner.py:80} INFO - Job 14127: Subtask create_external_posts_questions.bq_create_posts_questions_stack_overflow_data_partitioned_table_task
[2022-04-07 22:17:42,917] {logging_mixin.py:109} INFO - Running <TaskInstance: load_to_BigQuery.create_external_posts_questions.bq_create_posts_questions_stack_overflow_data_partitioned_table_task scheduled__2016-12-01T00:00:00+00:00 [running]> on host 36107d30f64e
[2022-04-07 22:17:43,183] {taskinstance.py:1448} INFO - Exporting the following env vars:
AIRFLOW_CTX_DAG_OWNER=***
AIRFLOW_CTX_DAG_ID=load_to_BigQuery
AIRFLOW_CTX_TASK_ID=create_external_posts_questions.bq_create_posts_questions_stack_overflow_data_partitioned_table_task
AIRFLOW_CTX_EXECUTION_DATE=2016-12-01T00:00:00+00:00
AIRFLOW_CTX_DAG_RUN_ID=scheduled__2016-12-01T00:00:00+00:00
[2022-04-07 22:17:43,186] {crypto.py:82} WARNING - empty cryptography key - values will not be stored encrypted.
[2022-04-07 22:17:43,209] {logging_mixin.py:109} WARNING - /home/***/.local/lib/python3.7/site-packages/***/utils/context.py:156 AirflowContextDeprecationWarning: Accessing 'execution_date' from the template is deprecated and will be removed in a future version. Please use 'data_interval_start' or 'logical_date' instead.
[2022-04-07 22:17:43,253] {bigquery.py:1554} INFO - Inserting job ***_load_to_BigQuery_create_external_posts_questions_bq_create_posts_questions_stack_overflow_data_partitioned_table_task_2016_12_01T00_00_00_00_00_13cfc15a41896a0ce8d4fb846d20cf19
[2022-04-07 22:17:46,880] {taskinstance.py:1288} INFO - Marking task as SUCCESS. dag_id=load_to_BigQuery, task_id=create_external_posts_questions.bq_create_posts_questions_stack_overflow_data_partitioned_table_task, execution_date=20161201T000000, start_date=20220407T221742, end_date=20220407T221746
[2022-04-07 22:17:47,002] {local_task_job.py:154} INFO - Task exited with return code 0
[2022-04-07 22:17:47,132] {local_task_job.py:264} INFO - 0 downstream tasks scheduled from follow-on schedule check
