[2022-04-05 23:10:24,904] {taskinstance.py:1043} INFO - Dependencies all met for <TaskInstance: IngestToGCP.processing_tasks_users.spark_job scheduled__2010-07-01T00:00:00+00:00 [queued]>
[2022-04-05 23:10:25,015] {taskinstance.py:1043} INFO - Dependencies all met for <TaskInstance: IngestToGCP.processing_tasks_users.spark_job scheduled__2010-07-01T00:00:00+00:00 [queued]>
[2022-04-05 23:10:25,015] {taskinstance.py:1249} INFO - 
--------------------------------------------------------------------------------
[2022-04-05 23:10:25,015] {taskinstance.py:1250} INFO - Starting attempt 1 of 1
[2022-04-05 23:10:25,015] {taskinstance.py:1251} INFO - 
--------------------------------------------------------------------------------
[2022-04-05 23:10:25,145] {taskinstance.py:1270} INFO - Executing <Task(SparkSubmitOperator): processing_tasks_users.spark_job> on 2010-07-01 00:00:00+00:00
[2022-04-05 23:10:25,203] {standard_task_runner.py:52} INFO - Started process 35034 to run task
[2022-04-05 23:10:25,332] {standard_task_runner.py:79} INFO - Running: ['***', 'tasks', 'run', 'IngestToGCP', 'processing_tasks_users.spark_job', 'scheduled__2010-07-01T00:00:00+00:00', '--job-id', '8935', '--raw', '--subdir', 'DAGS_FOLDER/ingest_dag.py', '--cfg-path', '/tmp/tmpa7ttai4k', '--error-file', '/tmp/tmpzveba4g7']
[2022-04-05 23:10:25,333] {standard_task_runner.py:80} INFO - Job 8935: Subtask processing_tasks_users.spark_job
[2022-04-05 23:10:25,793] {logging_mixin.py:109} INFO - Running <TaskInstance: IngestToGCP.processing_tasks_users.spark_job scheduled__2010-07-01T00:00:00+00:00 [running]> on host 9fe4286b2855
[2022-04-05 23:10:26,351] {logging_mixin.py:109} WARNING - /home/***/.local/lib/python3.7/site-packages/***/utils/context.py:156 AirflowContextDeprecationWarning: Accessing 'execution_date' from the template is deprecated and will be removed in a future version. Please use 'data_interval_start' or 'logical_date' instead.
[2022-04-05 23:10:26,530] {taskinstance.py:1448} INFO - Exporting the following env vars:
AIRFLOW_CTX_DAG_OWNER=***
AIRFLOW_CTX_DAG_ID=IngestToGCP
AIRFLOW_CTX_TASK_ID=processing_tasks_users.spark_job
AIRFLOW_CTX_EXECUTION_DATE=2010-07-01T00:00:00+00:00
AIRFLOW_CTX_DAG_RUN_ID=scheduled__2010-07-01T00:00:00+00:00
[2022-04-05 23:10:26,588] {base.py:79} INFO - Using connection to: id: spark_project. Host: spark://spark, Port: 7077, Schema: , Login: , Password: None, extra: {'queue': 'root.default'}
[2022-04-05 23:10:26,590] {spark_submit.py:335} INFO - Spark-Submit cmd: spark-submit --master spark://spark:7077 --conf spark.master=local[*] --name format_schema --verbose --queue root.default ./dags/pyspark_parquet_transformation.py users 2010-07
[2022-04-05 23:10:53,836] {spark_submit.py:488} INFO - Using properties file: null
[2022-04-05 23:10:56,134] {spark_submit.py:488} INFO - WARNING: An illegal reflective access operation has occurred
[2022-04-05 23:10:56,134] {spark_submit.py:488} INFO - WARNING: Illegal reflective access by org.apache.spark.unsafe.Platform (file:/opt/***/spark/spark-3.2.1-bin-hadoop3.2/jars/spark-unsafe_2.12-3.2.1.jar) to constructor java.nio.DirectByteBuffer(long,int)
[2022-04-05 23:10:56,134] {spark_submit.py:488} INFO - WARNING: Please consider reporting this to the maintainers of org.apache.spark.unsafe.Platform
[2022-04-05 23:10:56,135] {spark_submit.py:488} INFO - WARNING: Use --illegal-access=warn to enable warnings of further illegal reflective access operations
[2022-04-05 23:10:56,137] {spark_submit.py:488} INFO - WARNING: All illegal access operations will be denied in a future release
[2022-04-05 23:10:57,935] {spark_submit.py:488} INFO - Parsed arguments:
[2022-04-05 23:10:57,935] {spark_submit.py:488} INFO - master                  spark://spark:7077
[2022-04-05 23:10:57,935] {spark_submit.py:488} INFO - deployMode              null
[2022-04-05 23:10:57,935] {spark_submit.py:488} INFO - executorMemory          null
[2022-04-05 23:10:57,935] {spark_submit.py:488} INFO - executorCores           null
[2022-04-05 23:10:57,935] {spark_submit.py:488} INFO - totalExecutorCores      null
[2022-04-05 23:10:57,935] {spark_submit.py:488} INFO - propertiesFile          null
[2022-04-05 23:10:57,936] {spark_submit.py:488} INFO - driverMemory            null
[2022-04-05 23:10:57,936] {spark_submit.py:488} INFO - driverCores             null
[2022-04-05 23:10:57,936] {spark_submit.py:488} INFO - driverExtraClassPath    null
[2022-04-05 23:10:57,936] {spark_submit.py:488} INFO - driverExtraLibraryPath  null
[2022-04-05 23:10:57,936] {spark_submit.py:488} INFO - driverExtraJavaOptions  null
[2022-04-05 23:10:57,936] {spark_submit.py:488} INFO - supervise               false
[2022-04-05 23:10:57,936] {spark_submit.py:488} INFO - queue                   root.default
[2022-04-05 23:10:57,936] {spark_submit.py:488} INFO - numExecutors            null
[2022-04-05 23:10:57,936] {spark_submit.py:488} INFO - files                   null
[2022-04-05 23:10:57,936] {spark_submit.py:488} INFO - pyFiles                 null
[2022-04-05 23:10:57,936] {spark_submit.py:488} INFO - archives                null
[2022-04-05 23:10:57,936] {spark_submit.py:488} INFO - mainClass               null
[2022-04-05 23:10:57,937] {spark_submit.py:488} INFO - primaryResource         file:/opt/***/dags/pyspark_parquet_transformation.py
[2022-04-05 23:10:57,937] {spark_submit.py:488} INFO - name                    format_schema
[2022-04-05 23:10:57,937] {spark_submit.py:488} INFO - childArgs               [users 2010-07]
[2022-04-05 23:10:57,937] {spark_submit.py:488} INFO - jars                    null
[2022-04-05 23:10:57,937] {spark_submit.py:488} INFO - packages                null
[2022-04-05 23:10:57,937] {spark_submit.py:488} INFO - packagesExclusions      null
[2022-04-05 23:10:57,937] {spark_submit.py:488} INFO - repositories            null
[2022-04-05 23:10:57,937] {spark_submit.py:488} INFO - verbose                 true
[2022-04-05 23:10:57,937] {spark_submit.py:488} INFO - 
[2022-04-05 23:10:57,937] {spark_submit.py:488} INFO - Spark properties used, including those specified through
[2022-04-05 23:10:57,937] {spark_submit.py:488} INFO - --conf and those from the properties file null:
[2022-04-05 23:10:57,937] {spark_submit.py:488} INFO - (spark.master,local[*])
[2022-04-05 23:10:57,937] {spark_submit.py:488} INFO - 
[2022-04-05 23:10:57,988] {spark_submit.py:488} INFO - 
[2022-04-05 23:11:03,522] {spark_submit.py:488} INFO - Main class:
[2022-04-05 23:11:03,522] {spark_submit.py:488} INFO - org.apache.spark.deploy.PythonRunner
[2022-04-05 23:11:03,522] {spark_submit.py:488} INFO - Arguments:
[2022-04-05 23:11:03,522] {spark_submit.py:488} INFO - file:/opt/***/dags/pyspark_parquet_transformation.py
[2022-04-05 23:11:03,522] {spark_submit.py:488} INFO - null
[2022-04-05 23:11:03,523] {spark_submit.py:488} INFO - users
[2022-04-05 23:11:03,523] {spark_submit.py:488} INFO - 2010-07
[2022-04-05 23:11:03,610] {spark_submit.py:488} INFO - Spark config:
[2022-04-05 23:11:03,611] {spark_submit.py:488} INFO - (spark.master,spark://spark:7077)
[2022-04-05 23:11:03,611] {spark_submit.py:488} INFO - (spark.submit.pyFiles,)
[2022-04-05 23:11:03,611] {spark_submit.py:488} INFO - (spark.submit.deployMode,client)
[2022-04-05 23:11:03,611] {spark_submit.py:488} INFO - (spark.app.name,format_schema)
[2022-04-05 23:11:03,643] {spark_submit.py:488} INFO - Classpath elements:
[2022-04-05 23:11:03,644] {spark_submit.py:488} INFO - 
[2022-04-05 23:11:03,645] {spark_submit.py:488} INFO - 
[2022-04-05 23:11:03,646] {spark_submit.py:488} INFO - 
[2022-04-05 23:11:17,362] {spark_submit.py:488} INFO - Using Spark's default log4j profile: org/apache/spark/log4j-defaults.properties
[2022-04-05 23:11:17,586] {spark_submit.py:488} INFO - 22/04/05 23:11:17 INFO SparkContext: Running Spark version 3.2.1
[2022-04-05 23:11:19,211] {spark_submit.py:488} INFO - 22/04/05 23:11:19 WARN NativeCodeLoader: Unable to load native-hadoop library for your platform... using builtin-java classes where applicable
[2022-04-05 23:11:22,144] {spark_submit.py:488} INFO - 22/04/05 23:11:22 INFO ResourceUtils: ==============================================================
[2022-04-05 23:11:22,146] {spark_submit.py:488} INFO - 22/04/05 23:11:22 INFO ResourceUtils: No custom resources configured for spark.driver.
[2022-04-05 23:11:22,169] {spark_submit.py:488} INFO - 22/04/05 23:11:22 INFO ResourceUtils: ==============================================================
[2022-04-05 23:11:22,170] {spark_submit.py:488} INFO - 22/04/05 23:11:22 INFO SparkContext: Submitted application: Modidy Schema
[2022-04-05 23:11:22,548] {spark_submit.py:488} INFO - 22/04/05 23:11:22 INFO ResourceProfile: Default ResourceProfile created, executor resources: Map(cores -> name: cores, amount: 1, script: , vendor: , memory -> name: memory, amount: 1024, script: , vendor: , offHeap -> name: offHeap, amount: 0, script: , vendor: ), task resources: Map(cpus -> name: cpus, amount: 1.0)
[2022-04-05 23:11:22,837] {spark_submit.py:488} INFO - 22/04/05 23:11:22 INFO ResourceProfile: Limiting resource is cpu
[2022-04-05 23:11:22,838] {spark_submit.py:488} INFO - 22/04/05 23:11:22 INFO ResourceProfileManager: Added ResourceProfile id: 0
[2022-04-05 23:11:24,573] {spark_submit.py:488} INFO - 22/04/05 23:11:24 INFO SecurityManager: Changing view acls to: default
[2022-04-05 23:11:24,575] {spark_submit.py:488} INFO - 22/04/05 23:11:24 INFO SecurityManager: Changing modify acls to: default
[2022-04-05 23:11:24,576] {spark_submit.py:488} INFO - 22/04/05 23:11:24 INFO SecurityManager: Changing view acls groups to:
[2022-04-05 23:11:24,661] {spark_submit.py:488} INFO - 22/04/05 23:11:24 INFO SecurityManager: Changing modify acls groups to:
[2022-04-05 23:11:24,662] {spark_submit.py:488} INFO - 22/04/05 23:11:24 INFO SecurityManager: SecurityManager: authentication disabled; ui acls disabled; users  with view permissions: Set(default); groups with view permissions: Set(); users  with modify permissions: Set(default); groups with modify permissions: Set()
[2022-04-05 23:11:32,049] {spark_submit.py:488} INFO - 22/04/05 23:11:32 INFO Utils: Successfully started service 'sparkDriver' on port 39571.
[2022-04-05 23:11:32,709] {spark_submit.py:488} INFO - 22/04/05 23:11:32 INFO SparkEnv: Registering MapOutputTracker
[2022-04-05 23:11:33,274] {spark_submit.py:488} INFO - 22/04/05 23:11:33 INFO SparkEnv: Registering BlockManagerMaster
[2022-04-05 23:11:33,324] {spark_submit.py:488} INFO - 22/04/05 23:11:33 INFO BlockManagerMasterEndpoint: Using org.apache.spark.storage.DefaultTopologyMapper for getting topology information
[2022-04-05 23:11:33,337] {spark_submit.py:488} INFO - 22/04/05 23:11:33 INFO BlockManagerMasterEndpoint: BlockManagerMasterEndpoint up
[2022-04-05 23:11:33,361] {spark_submit.py:488} INFO - 22/04/05 23:11:33 INFO SparkEnv: Registering BlockManagerMasterHeartbeat
[2022-04-05 23:11:33,601] {spark_submit.py:488} INFO - 22/04/05 23:11:33 INFO DiskBlockManager: Created local directory at /tmp/blockmgr-fec2ef1e-9e4e-402a-81f7-80b5f3d455de
[2022-04-05 23:11:33,987] {spark_submit.py:488} INFO - 22/04/05 23:11:33 INFO MemoryStore: MemoryStore started with capacity 434.4 MiB
[2022-04-05 23:11:34,197] {spark_submit.py:488} INFO - 22/04/05 23:11:34 INFO SparkEnv: Registering OutputCommitCoordinator
[2022-04-05 23:11:39,964] {spark_submit.py:488} INFO - 22/04/05 23:11:39 INFO Utils: Successfully started service 'SparkUI' on port 4040.
[2022-04-05 23:11:41,059] {spark_submit.py:488} INFO - 22/04/05 23:11:41 INFO SparkUI: Bound SparkUI to 0.0.0.0, and started at http://9fe4286b2855:4040
[2022-04-05 23:11:44,849] {spark_submit.py:488} INFO - 22/04/05 23:11:44 INFO Executor: Starting executor ID driver on host 9fe4286b2855
[2022-04-05 23:11:45,457] {spark_submit.py:488} INFO - 22/04/05 23:11:45 INFO Utils: Successfully started service 'org.apache.spark.network.netty.NettyBlockTransferService' on port 40169.
[2022-04-05 23:11:45,458] {spark_submit.py:488} INFO - 22/04/05 23:11:45 INFO NettyBlockTransferService: Server created on 9fe4286b2855:40169
[2022-04-05 23:11:45,462] {spark_submit.py:488} INFO - 22/04/05 23:11:45 INFO BlockManager: Using org.apache.spark.storage.RandomBlockReplicationPolicy for block replication policy
[2022-04-05 23:11:45,585] {spark_submit.py:488} INFO - 22/04/05 23:11:45 INFO BlockManagerMaster: Registering BlockManager BlockManagerId(driver, 9fe4286b2855, 40169, None)
[2022-04-05 23:11:45,622] {spark_submit.py:488} INFO - 22/04/05 23:11:45 INFO BlockManagerMasterEndpoint: Registering block manager 9fe4286b2855:40169 with 434.4 MiB RAM, BlockManagerId(driver, 9fe4286b2855, 40169, None)
[2022-04-05 23:11:45,625] {spark_submit.py:488} INFO - 22/04/05 23:11:45 INFO BlockManagerMaster: Registered BlockManager BlockManagerId(driver, 9fe4286b2855, 40169, None)
[2022-04-05 23:11:45,647] {spark_submit.py:488} INFO - 22/04/05 23:11:45 INFO BlockManager: Initialized BlockManager: BlockManagerId(driver, 9fe4286b2855, 40169, None)
[2022-04-05 23:12:02,950] {spark_submit.py:488} INFO - 22/04/05 23:12:02 INFO SharedState: Setting hive.metastore.warehouse.dir ('null') to the value of spark.sql.warehouse.dir.
[2022-04-05 23:12:03,815] {spark_submit.py:488} INFO - 22/04/05 23:12:03 INFO SharedState: Warehouse path is 'file:/opt/***/spark-warehouse'.
[2022-04-05 23:12:37,157] {spark_submit.py:488} INFO - 22/04/05 23:12:37 INFO InMemoryFileIndex: It took 1136 ms to list leaf files for 1 paths.
[2022-04-05 23:12:47,157] {spark_submit.py:488} INFO - 22/04/05 23:12:47 INFO SparkContext: Starting job: parquet at NativeMethodAccessorImpl.java:0
[2022-04-05 23:12:47,221] {spark_submit.py:488} INFO - 22/04/05 23:12:47 INFO DAGScheduler: Got job 0 (parquet at NativeMethodAccessorImpl.java:0) with 1 output partitions
[2022-04-05 23:12:47,223] {spark_submit.py:488} INFO - 22/04/05 23:12:47 INFO DAGScheduler: Final stage: ResultStage 0 (parquet at NativeMethodAccessorImpl.java:0)
[2022-04-05 23:12:47,224] {spark_submit.py:488} INFO - 22/04/05 23:12:47 INFO DAGScheduler: Parents of final stage: List()
[2022-04-05 23:12:47,231] {spark_submit.py:488} INFO - 22/04/05 23:12:47 INFO DAGScheduler: Missing parents: List()
[2022-04-05 23:12:47,263] {spark_submit.py:488} INFO - 22/04/05 23:12:47 INFO DAGScheduler: Submitting ResultStage 0 (MapPartitionsRDD[1] at parquet at NativeMethodAccessorImpl.java:0), which has no missing parents
[2022-04-05 23:12:48,088] {spark_submit.py:488} INFO - 22/04/05 23:12:48 INFO MemoryStore: Block broadcast_0 stored as values in memory (estimated size 100.1 KiB, free 434.3 MiB)
[2022-04-05 23:12:48,579] {spark_submit.py:488} INFO - 22/04/05 23:12:48 INFO MemoryStore: Block broadcast_0_piece0 stored as bytes in memory (estimated size 35.7 KiB, free 434.3 MiB)
[2022-04-05 23:12:48,588] {spark_submit.py:488} INFO - 22/04/05 23:12:48 INFO BlockManagerInfo: Added broadcast_0_piece0 in memory on 9fe4286b2855:40169 (size: 35.7 KiB, free: 434.4 MiB)
[2022-04-05 23:12:48,624] {spark_submit.py:488} INFO - 22/04/05 23:12:48 INFO SparkContext: Created broadcast 0 from broadcast at DAGScheduler.scala:1478
[2022-04-05 23:12:48,802] {spark_submit.py:488} INFO - 22/04/05 23:12:48 INFO DAGScheduler: Submitting 1 missing tasks from ResultStage 0 (MapPartitionsRDD[1] at parquet at NativeMethodAccessorImpl.java:0) (first 15 tasks are for partitions Vector(0))
[2022-04-05 23:12:48,805] {spark_submit.py:488} INFO - 22/04/05 23:12:48 INFO TaskSchedulerImpl: Adding task set 0.0 with 1 tasks resource profile 0
[2022-04-05 23:12:49,921] {spark_submit.py:488} INFO - 22/04/05 23:12:49 INFO TaskSetManager: Starting task 0.0 in stage 0.0 (TID 0) (9fe4286b2855, executor driver, partition 0, PROCESS_LOCAL, 4614 bytes) taskResourceAssignments Map()
[2022-04-05 23:12:50,157] {spark_submit.py:488} INFO - 22/04/05 23:12:50 INFO Executor: Running task 0.0 in stage 0.0 (TID 0)
[2022-04-05 23:12:58,330] {spark_submit.py:488} INFO - 22/04/05 23:12:58 INFO Executor: Finished task 0.0 in stage 0.0 (TID 0). 2145 bytes result sent to driver
[2022-04-05 23:12:58,428] {spark_submit.py:488} INFO - 22/04/05 23:12:58 INFO TaskSetManager: Finished task 0.0 in stage 0.0 (TID 0) in 9041 ms on 9fe4286b2855 (executor driver) (1/1)
[2022-04-05 23:12:58,472] {spark_submit.py:488} INFO - 22/04/05 23:12:58 INFO TaskSchedulerImpl: Removed TaskSet 0.0, whose tasks have all completed, from pool
[2022-04-05 23:12:58,479] {spark_submit.py:488} INFO - 22/04/05 23:12:58 INFO DAGScheduler: ResultStage 0 (parquet at NativeMethodAccessorImpl.java:0) finished in 11.010 s
[2022-04-05 23:12:58,548] {spark_submit.py:488} INFO - 22/04/05 23:12:58 INFO DAGScheduler: Job 0 is finished. Cancelling potential speculative or zombie tasks for this job
[2022-04-05 23:12:58,549] {spark_submit.py:488} INFO - 22/04/05 23:12:58 INFO TaskSchedulerImpl: Killing all running tasks in stage 0: Stage finished
[2022-04-05 23:12:58,580] {spark_submit.py:488} INFO - 22/04/05 23:12:58 INFO DAGScheduler: Job 0 finished: parquet at NativeMethodAccessorImpl.java:0, took 11.421024 s
[2022-04-05 23:13:08,878] {spark_submit.py:488} INFO - 22/04/05 23:13:08 INFO BlockManagerInfo: Removed broadcast_0_piece0 on 9fe4286b2855:40169 in memory (size: 35.7 KiB, free: 434.4 MiB)
[2022-04-05 23:13:41,297] {spark_submit.py:488} INFO - 22/04/05 23:13:41 INFO FileSourceStrategy: Pushed Filters:
[2022-04-05 23:13:41,373] {spark_submit.py:488} INFO - 22/04/05 23:13:41 INFO FileSourceStrategy: Post-Scan Filters:
[2022-04-05 23:13:41,385] {spark_submit.py:488} INFO - 22/04/05 23:13:41 INFO FileSourceStrategy: Output Data Schema: struct<id: bigint, display_name: string, about_me: string, age: double, creation_date: string ... 12 more fields>
[2022-04-05 23:13:44,976] {spark_submit.py:488} INFO - 22/04/05 23:13:44 INFO ParquetFileFormat: Using default output committer for Parquet: org.apache.parquet.hadoop.ParquetOutputCommitter
[2022-04-05 23:13:45,306] {spark_submit.py:488} INFO - 22/04/05 23:13:45 INFO FileOutputCommitter: File Output Committer Algorithm version is 1
[2022-04-05 23:13:45,312] {spark_submit.py:488} INFO - 22/04/05 23:13:45 INFO FileOutputCommitter: FileOutputCommitter skip cleanup _temporary folders under output directory:false, ignore cleanup failures: false
[2022-04-05 23:13:45,347] {spark_submit.py:488} INFO - 22/04/05 23:13:45 INFO SQLHadoopMapReduceCommitProtocol: Using user defined output committer class org.apache.parquet.hadoop.ParquetOutputCommitter
[2022-04-05 23:13:45,370] {spark_submit.py:488} INFO - 22/04/05 23:13:45 INFO FileOutputCommitter: File Output Committer Algorithm version is 1
[2022-04-05 23:13:45,376] {spark_submit.py:488} INFO - 22/04/05 23:13:45 INFO FileOutputCommitter: FileOutputCommitter skip cleanup _temporary folders under output directory:false, ignore cleanup failures: false
[2022-04-05 23:13:45,379] {spark_submit.py:488} INFO - 22/04/05 23:13:45 INFO SQLHadoopMapReduceCommitProtocol: Using output committer class org.apache.parquet.hadoop.ParquetOutputCommitter
[2022-04-05 23:13:50,970] {spark_submit.py:488} INFO - 22/04/05 23:13:50 INFO CodeGenerator: Code generated in 3481.373866 ms
[2022-04-05 23:13:51,247] {spark_submit.py:488} INFO - 22/04/05 23:13:51 INFO MemoryStore: Block broadcast_1 stored as values in memory (estimated size 193.3 KiB, free 434.2 MiB)
[2022-04-05 23:13:51,449] {spark_submit.py:488} INFO - 22/04/05 23:13:51 INFO MemoryStore: Block broadcast_1_piece0 stored as bytes in memory (estimated size 33.9 KiB, free 434.2 MiB)
[2022-04-05 23:13:51,451] {spark_submit.py:488} INFO - 22/04/05 23:13:51 INFO BlockManagerInfo: Added broadcast_1_piece0 in memory on 9fe4286b2855:40169 (size: 33.9 KiB, free: 434.4 MiB)
[2022-04-05 23:13:51,492] {spark_submit.py:488} INFO - 22/04/05 23:13:51 INFO SparkContext: Created broadcast 1 from save at NativeMethodAccessorImpl.java:0
[2022-04-05 23:13:51,673] {spark_submit.py:488} INFO - 22/04/05 23:13:51 INFO FileSourceScanExec: Planning scan with bin packing, max size: 4194304 bytes, open cost is considered as scanning 4194304 bytes.
[2022-04-05 23:13:52,794] {spark_submit.py:488} INFO - 22/04/05 23:13:52 INFO DAGScheduler: Registering RDD 6 (save at NativeMethodAccessorImpl.java:0) as input to shuffle 0
[2022-04-05 23:13:52,816] {spark_submit.py:488} INFO - 22/04/05 23:13:52 INFO DAGScheduler: Got map stage job 1 (save at NativeMethodAccessorImpl.java:0) with 1 output partitions
[2022-04-05 23:13:52,818] {spark_submit.py:488} INFO - 22/04/05 23:13:52 INFO DAGScheduler: Final stage: ShuffleMapStage 1 (save at NativeMethodAccessorImpl.java:0)
[2022-04-05 23:13:52,819] {spark_submit.py:488} INFO - 22/04/05 23:13:52 INFO DAGScheduler: Parents of final stage: List()
[2022-04-05 23:13:52,821] {spark_submit.py:488} INFO - 22/04/05 23:13:52 INFO DAGScheduler: Missing parents: List()
[2022-04-05 23:13:52,850] {spark_submit.py:488} INFO - 22/04/05 23:13:52 INFO DAGScheduler: Submitting ShuffleMapStage 1 (MapPartitionsRDD[6] at save at NativeMethodAccessorImpl.java:0), which has no missing parents
[2022-04-05 23:13:53,458] {spark_submit.py:488} INFO - 22/04/05 23:13:53 INFO MemoryStore: Block broadcast_2 stored as values in memory (estimated size 26.1 KiB, free 434.2 MiB)
[2022-04-05 23:13:53,538] {spark_submit.py:488} INFO - 22/04/05 23:13:53 INFO MemoryStore: Block broadcast_2_piece0 stored as bytes in memory (estimated size 9.4 KiB, free 434.1 MiB)
[2022-04-05 23:13:53,543] {spark_submit.py:488} INFO - 22/04/05 23:13:53 INFO BlockManagerInfo: Added broadcast_2_piece0 in memory on 9fe4286b2855:40169 (size: 9.4 KiB, free: 434.4 MiB)
[2022-04-05 23:13:53,545] {spark_submit.py:488} INFO - 22/04/05 23:13:53 INFO SparkContext: Created broadcast 2 from broadcast at DAGScheduler.scala:1478
[2022-04-05 23:13:53,557] {spark_submit.py:488} INFO - 22/04/05 23:13:53 INFO DAGScheduler: Submitting 1 missing tasks from ShuffleMapStage 1 (MapPartitionsRDD[6] at save at NativeMethodAccessorImpl.java:0) (first 15 tasks are for partitions Vector(0))
[2022-04-05 23:13:53,569] {spark_submit.py:488} INFO - 22/04/05 23:13:53 INFO TaskSchedulerImpl: Adding task set 1.0 with 1 tasks resource profile 0
[2022-04-05 23:13:53,581] {spark_submit.py:488} INFO - 22/04/05 23:13:53 INFO TaskSetManager: Starting task 0.0 in stage 1.0 (TID 1) (9fe4286b2855, executor driver, partition 0, PROCESS_LOCAL, 4880 bytes) taskResourceAssignments Map()
[2022-04-05 23:13:53,584] {spark_submit.py:488} INFO - 22/04/05 23:13:53 INFO Executor: Running task 0.0 in stage 1.0 (TID 1)
[2022-04-05 23:13:55,142] {spark_submit.py:488} INFO - 22/04/05 23:13:55 INFO FileScanRDD: Reading File path: gs://dtc_data_lake_de-stack-overflow/parquet/users-2010-07.parquet, range: 0-1435706, partition values: [empty row]
[2022-04-05 23:13:59,602] {spark_submit.py:488} INFO - 22/04/05 23:13:59 INFO CodecPool: Got brand-new decompressor [.snappy]
[2022-04-05 23:14:12,613] {spark_submit.py:488} INFO - 22/04/05 23:14:12 INFO Executor: Finished task 0.0 in stage 1.0 (TID 1). 2072 bytes result sent to driver
[2022-04-05 23:14:12,675] {spark_submit.py:488} INFO - 22/04/05 23:14:12 INFO TaskSetManager: Finished task 0.0 in stage 1.0 (TID 1) in 19102 ms on 9fe4286b2855 (executor driver) (1/1)
[2022-04-05 23:14:12,675] {spark_submit.py:488} INFO - 22/04/05 23:14:12 INFO TaskSchedulerImpl: Removed TaskSet 1.0, whose tasks have all completed, from pool
[2022-04-05 23:14:12,684] {spark_submit.py:488} INFO - 22/04/05 23:14:12 INFO DAGScheduler: ShuffleMapStage 1 (save at NativeMethodAccessorImpl.java:0) finished in 19.760 s
[2022-04-05 23:14:12,684] {spark_submit.py:488} INFO - 22/04/05 23:14:12 INFO DAGScheduler: looking for newly runnable stages
[2022-04-05 23:14:12,685] {spark_submit.py:488} INFO - 22/04/05 23:14:12 INFO DAGScheduler: running: Set()
[2022-04-05 23:14:12,685] {spark_submit.py:488} INFO - 22/04/05 23:14:12 INFO DAGScheduler: waiting: Set()
[2022-04-05 23:14:12,685] {spark_submit.py:488} INFO - 22/04/05 23:14:12 INFO DAGScheduler: failed: Set()
[2022-04-05 23:14:13,663] {spark_submit.py:488} INFO - 22/04/05 23:14:13 INFO SparkContext: Starting job: save at NativeMethodAccessorImpl.java:0
[2022-04-05 23:14:13,668] {spark_submit.py:488} INFO - 22/04/05 23:14:13 INFO DAGScheduler: Got job 2 (save at NativeMethodAccessorImpl.java:0) with 4 output partitions
[2022-04-05 23:14:13,668] {spark_submit.py:488} INFO - 22/04/05 23:14:13 INFO DAGScheduler: Final stage: ResultStage 3 (save at NativeMethodAccessorImpl.java:0)
[2022-04-05 23:14:13,668] {spark_submit.py:488} INFO - 22/04/05 23:14:13 INFO DAGScheduler: Parents of final stage: List(ShuffleMapStage 2)
[2022-04-05 23:14:13,668] {spark_submit.py:488} INFO - 22/04/05 23:14:13 INFO DAGScheduler: Missing parents: List()
[2022-04-05 23:14:13,678] {spark_submit.py:488} INFO - 22/04/05 23:14:13 INFO DAGScheduler: Submitting ResultStage 3 (ShuffledRowRDD[7] at save at NativeMethodAccessorImpl.java:0), which has no missing parents
[2022-04-05 23:14:14,274] {spark_submit.py:488} INFO - 22/04/05 23:14:14 INFO MemoryStore: Block broadcast_3 stored as values in memory (estimated size 203.2 KiB, free 433.9 MiB)
[2022-04-05 23:14:14,372] {spark_submit.py:488} INFO - 22/04/05 23:14:14 INFO MemoryStore: Block broadcast_3_piece0 stored as bytes in memory (estimated size 72.7 KiB, free 433.9 MiB)
[2022-04-05 23:14:14,374] {spark_submit.py:488} INFO - 22/04/05 23:14:14 INFO BlockManagerInfo: Added broadcast_3_piece0 in memory on 9fe4286b2855:40169 (size: 72.7 KiB, free: 434.3 MiB)
[2022-04-05 23:14:14,388] {spark_submit.py:488} INFO - 22/04/05 23:14:14 INFO SparkContext: Created broadcast 3 from broadcast at DAGScheduler.scala:1478
[2022-04-05 23:14:14,391] {spark_submit.py:488} INFO - 22/04/05 23:14:14 INFO DAGScheduler: Submitting 4 missing tasks from ResultStage 3 (ShuffledRowRDD[7] at save at NativeMethodAccessorImpl.java:0) (first 15 tasks are for partitions Vector(0, 1, 2, 3))
[2022-04-05 23:14:14,392] {spark_submit.py:488} INFO - 22/04/05 23:14:14 INFO TaskSchedulerImpl: Adding task set 3.0 with 4 tasks resource profile 0
[2022-04-05 23:14:14,413] {spark_submit.py:488} INFO - 22/04/05 23:14:14 INFO TaskSetManager: Starting task 0.0 in stage 3.0 (TID 2) (9fe4286b2855, executor driver, partition 0, NODE_LOCAL, 4453 bytes) taskResourceAssignments Map()
[2022-04-05 23:14:14,415] {spark_submit.py:488} INFO - 22/04/05 23:14:14 INFO TaskSetManager: Starting task 1.0 in stage 3.0 (TID 3) (9fe4286b2855, executor driver, partition 1, NODE_LOCAL, 4453 bytes) taskResourceAssignments Map()
[2022-04-05 23:14:14,417] {spark_submit.py:488} INFO - 22/04/05 23:14:14 INFO TaskSetManager: Starting task 2.0 in stage 3.0 (TID 4) (9fe4286b2855, executor driver, partition 2, NODE_LOCAL, 4453 bytes) taskResourceAssignments Map()
[2022-04-05 23:14:14,418] {spark_submit.py:488} INFO - 22/04/05 23:14:14 INFO TaskSetManager: Starting task 3.0 in stage 3.0 (TID 5) (9fe4286b2855, executor driver, partition 3, NODE_LOCAL, 4453 bytes) taskResourceAssignments Map()
[2022-04-05 23:14:14,419] {spark_submit.py:488} INFO - 22/04/05 23:14:14 INFO Executor: Running task 0.0 in stage 3.0 (TID 2)
[2022-04-05 23:14:14,490] {spark_submit.py:488} INFO - 22/04/05 23:14:14 INFO Executor: Running task 1.0 in stage 3.0 (TID 3)
[2022-04-05 23:14:14,492] {spark_submit.py:488} INFO - 22/04/05 23:14:14 INFO Executor: Running task 2.0 in stage 3.0 (TID 4)
[2022-04-05 23:14:14,500] {spark_submit.py:488} INFO - 22/04/05 23:14:14 INFO Executor: Running task 3.0 in stage 3.0 (TID 5)
[2022-04-05 23:14:15,159] {spark_submit.py:488} INFO - 22/04/05 23:14:15 INFO ShuffleBlockFetcherIterator: Getting 1 (416.0 KiB) non-empty blocks including 1 (416.0 KiB) local and 0 (0.0 B) host-local and 0 (0.0 B) push-merged-local and 0 (0.0 B) remote blocks
[2022-04-05 23:14:15,162] {spark_submit.py:488} INFO - 22/04/05 23:14:15 INFO ShuffleBlockFetcherIterator: Started 0 remote fetches in 37 ms
[2022-04-05 23:14:15,238] {spark_submit.py:488} INFO - 22/04/05 23:14:15 INFO ShuffleBlockFetcherIterator: Getting 1 (416.0 KiB) non-empty blocks including 1 (416.0 KiB) local and 0 (0.0 B) host-local and 0 (0.0 B) push-merged-local and 0 (0.0 B) remote blocks
[2022-04-05 23:14:15,238] {spark_submit.py:488} INFO - 22/04/05 23:14:15 INFO ShuffleBlockFetcherIterator: Started 0 remote fetches in 128 ms
[2022-04-05 23:14:15,241] {spark_submit.py:488} INFO - 22/04/05 23:14:15 INFO ShuffleBlockFetcherIterator: Getting 1 (416.0 KiB) non-empty blocks including 1 (416.0 KiB) local and 0 (0.0 B) host-local and 0 (0.0 B) push-merged-local and 0 (0.0 B) remote blocks
[2022-04-05 23:14:15,245] {spark_submit.py:488} INFO - 22/04/05 23:14:15 INFO ShuffleBlockFetcherIterator: Started 0 remote fetches in 148 ms
[2022-04-05 23:14:15,246] {spark_submit.py:488} INFO - 22/04/05 23:14:15 INFO ShuffleBlockFetcherIterator: Getting 1 (416.0 KiB) non-empty blocks including 1 (416.0 KiB) local and 0 (0.0 B) host-local and 0 (0.0 B) push-merged-local and 0 (0.0 B) remote blocks
[2022-04-05 23:14:15,247] {spark_submit.py:488} INFO - 22/04/05 23:14:15 INFO ShuffleBlockFetcherIterator: Started 0 remote fetches in 135 ms
[2022-04-05 23:14:15,296] {spark_submit.py:488} INFO - 22/04/05 23:14:15 INFO FileOutputCommitter: File Output Committer Algorithm version is 1
[2022-04-05 23:14:15,297] {spark_submit.py:488} INFO - 22/04/05 23:14:15 INFO FileOutputCommitter: FileOutputCommitter skip cleanup _temporary folders under output directory:false, ignore cleanup failures: false
[2022-04-05 23:14:15,299] {spark_submit.py:488} INFO - 22/04/05 23:14:15 INFO FileOutputCommitter: File Output Committer Algorithm version is 1
[2022-04-05 23:14:15,299] {spark_submit.py:488} INFO - 22/04/05 23:14:15 INFO FileOutputCommitter: FileOutputCommitter skip cleanup _temporary folders under output directory:false, ignore cleanup failures: false
[2022-04-05 23:14:15,317] {spark_submit.py:488} INFO - 22/04/05 23:14:15 INFO SQLHadoopMapReduceCommitProtocol: Using user defined output committer class org.apache.parquet.hadoop.ParquetOutputCommitter
[2022-04-05 23:14:15,318] {spark_submit.py:488} INFO - 22/04/05 23:14:15 INFO FileOutputCommitter: File Output Committer Algorithm version is 1
[2022-04-05 23:14:15,318] {spark_submit.py:488} INFO - 22/04/05 23:14:15 INFO FileOutputCommitter: FileOutputCommitter skip cleanup _temporary folders under output directory:false, ignore cleanup failures: false
[2022-04-05 23:14:15,319] {spark_submit.py:488} INFO - 22/04/05 23:14:15 INFO SQLHadoopMapReduceCommitProtocol: Using output committer class org.apache.parquet.hadoop.ParquetOutputCommitter
[2022-04-05 23:14:15,323] {spark_submit.py:488} INFO - 22/04/05 23:14:15 INFO SQLHadoopMapReduceCommitProtocol: Using user defined output committer class org.apache.parquet.hadoop.ParquetOutputCommitter
[2022-04-05 23:14:15,324] {spark_submit.py:488} INFO - 22/04/05 23:14:15 INFO FileOutputCommitter: File Output Committer Algorithm version is 1
[2022-04-05 23:14:15,324] {spark_submit.py:488} INFO - 22/04/05 23:14:15 INFO FileOutputCommitter: FileOutputCommitter skip cleanup _temporary folders under output directory:false, ignore cleanup failures: false
[2022-04-05 23:14:15,326] {spark_submit.py:488} INFO - 22/04/05 23:14:15 INFO SQLHadoopMapReduceCommitProtocol: Using output committer class org.apache.parquet.hadoop.ParquetOutputCommitter
[2022-04-05 23:14:15,336] {spark_submit.py:488} INFO - 22/04/05 23:14:15 INFO FileOutputCommitter: File Output Committer Algorithm version is 1
[2022-04-05 23:14:15,336] {spark_submit.py:488} INFO - 22/04/05 23:14:15 INFO FileOutputCommitter: FileOutputCommitter skip cleanup _temporary folders under output directory:false, ignore cleanup failures: false
[2022-04-05 23:14:15,338] {spark_submit.py:488} INFO - 22/04/05 23:14:15 INFO SQLHadoopMapReduceCommitProtocol: Using user defined output committer class org.apache.parquet.hadoop.ParquetOutputCommitter
[2022-04-05 23:14:15,338] {spark_submit.py:488} INFO - 22/04/05 23:14:15 INFO FileOutputCommitter: File Output Committer Algorithm version is 1
[2022-04-05 23:14:15,339] {spark_submit.py:488} INFO - 22/04/05 23:14:15 INFO FileOutputCommitter: FileOutputCommitter skip cleanup _temporary folders under output directory:false, ignore cleanup failures: false
[2022-04-05 23:14:15,340] {spark_submit.py:488} INFO - 22/04/05 23:14:15 INFO SQLHadoopMapReduceCommitProtocol: Using output committer class org.apache.parquet.hadoop.ParquetOutputCommitter
[2022-04-05 23:14:15,365] {spark_submit.py:488} INFO - 22/04/05 23:14:15 INFO FileOutputCommitter: File Output Committer Algorithm version is 1
[2022-04-05 23:14:15,366] {spark_submit.py:488} INFO - 22/04/05 23:14:15 INFO FileOutputCommitter: FileOutputCommitter skip cleanup _temporary folders under output directory:false, ignore cleanup failures: false
[2022-04-05 23:14:15,367] {spark_submit.py:488} INFO - 22/04/05 23:14:15 INFO SQLHadoopMapReduceCommitProtocol: Using user defined output committer class org.apache.parquet.hadoop.ParquetOutputCommitter
[2022-04-05 23:14:15,368] {spark_submit.py:488} INFO - 22/04/05 23:14:15 INFO FileOutputCommitter: File Output Committer Algorithm version is 1
[2022-04-05 23:14:15,368] {spark_submit.py:488} INFO - 22/04/05 23:14:15 INFO FileOutputCommitter: FileOutputCommitter skip cleanup _temporary folders under output directory:false, ignore cleanup failures: false
[2022-04-05 23:14:15,369] {spark_submit.py:488} INFO - 22/04/05 23:14:15 INFO SQLHadoopMapReduceCommitProtocol: Using output committer class org.apache.parquet.hadoop.ParquetOutputCommitter
[2022-04-05 23:14:15,403] {spark_submit.py:488} INFO - 22/04/05 23:14:15 INFO CodecConfig: Compression: SNAPPY
[2022-04-05 23:14:15,425] {spark_submit.py:488} INFO - 22/04/05 23:14:15 INFO CodecConfig: Compression: SNAPPY
[2022-04-05 23:14:15,427] {spark_submit.py:488} INFO - 22/04/05 23:14:15 INFO CodecConfig: Compression: SNAPPY
[2022-04-05 23:14:15,428] {spark_submit.py:488} INFO - 22/04/05 23:14:15 INFO CodecConfig: Compression: SNAPPY
[2022-04-05 23:14:15,431] {spark_submit.py:488} INFO - 22/04/05 23:14:15 INFO CodecConfig: Compression: SNAPPY
[2022-04-05 23:14:15,436] {spark_submit.py:488} INFO - 22/04/05 23:14:15 INFO CodecConfig: Compression: SNAPPY
[2022-04-05 23:14:15,464] {spark_submit.py:488} INFO - 22/04/05 23:14:15 INFO CodecConfig: Compression: SNAPPY
[2022-04-05 23:14:15,465] {spark_submit.py:488} INFO - 22/04/05 23:14:15 INFO CodecConfig: Compression: SNAPPY
[2022-04-05 23:14:15,605] {spark_submit.py:488} INFO - 22/04/05 23:14:15 INFO ParquetOutputFormat: Parquet block size to 134217728
[2022-04-05 23:14:15,605] {spark_submit.py:488} INFO - 22/04/05 23:14:15 INFO ParquetOutputFormat: Validation is off
[2022-04-05 23:14:15,605] {spark_submit.py:488} INFO - 22/04/05 23:14:15 INFO ParquetOutputFormat: Maximum row group padding size is 8388608 bytes
[2022-04-05 23:14:15,605] {spark_submit.py:488} INFO - 22/04/05 23:14:15 INFO ParquetOutputFormat: Parquet properties are:
[2022-04-05 23:14:15,605] {spark_submit.py:488} INFO - Parquet page size to 1048576
[2022-04-05 23:14:15,605] {spark_submit.py:488} INFO - Parquet dictionary page size to 1048576
[2022-04-05 23:14:15,605] {spark_submit.py:488} INFO - Dictionary is true
[2022-04-05 23:14:15,606] {spark_submit.py:488} INFO - Writer version is: PARQUET_1_0
[2022-04-05 23:14:15,606] {spark_submit.py:488} INFO - Page size checking is: estimated
[2022-04-05 23:14:15,606] {spark_submit.py:488} INFO - Min row count for page size check is: 100
[2022-04-05 23:14:15,606] {spark_submit.py:488} INFO - Max row count for page size check is: 10000
[2022-04-05 23:14:15,606] {spark_submit.py:488} INFO - Truncate length for column indexes is: 64
[2022-04-05 23:14:15,606] {spark_submit.py:488} INFO - Truncate length for statistics min/max  is: 2147483647
[2022-04-05 23:14:15,606] {spark_submit.py:488} INFO - Bloom filter enabled: false
[2022-04-05 23:14:15,606] {spark_submit.py:488} INFO - Max Bloom filter size for a column is 1048576
[2022-04-05 23:14:15,606] {spark_submit.py:488} INFO - Bloom filter expected number of distinct values are: null
[2022-04-05 23:14:15,606] {spark_submit.py:488} INFO - Page row count limit to 20000
[2022-04-05 23:14:15,606] {spark_submit.py:488} INFO - Writing page checksums is: on
[2022-04-05 23:14:15,651] {spark_submit.py:488} INFO - 22/04/05 23:14:15 INFO ParquetOutputFormat: Parquet block size to 134217728
[2022-04-05 23:14:15,652] {spark_submit.py:488} INFO - 22/04/05 23:14:15 INFO ParquetOutputFormat: Validation is off
[2022-04-05 23:14:15,652] {spark_submit.py:488} INFO - 22/04/05 23:14:15 INFO ParquetOutputFormat: Maximum row group padding size is 8388608 bytes
[2022-04-05 23:14:15,652] {spark_submit.py:488} INFO - 22/04/05 23:14:15 INFO ParquetOutputFormat: Parquet properties are:
[2022-04-05 23:14:15,652] {spark_submit.py:488} INFO - Parquet page size to 1048576
[2022-04-05 23:14:15,652] {spark_submit.py:488} INFO - Parquet dictionary page size to 1048576
[2022-04-05 23:14:15,652] {spark_submit.py:488} INFO - Dictionary is true
[2022-04-05 23:14:15,652] {spark_submit.py:488} INFO - Writer version is: PARQUET_1_0
[2022-04-05 23:14:15,652] {spark_submit.py:488} INFO - Page size checking is: estimated
[2022-04-05 23:14:15,652] {spark_submit.py:488} INFO - Min row count for page size check is: 100
[2022-04-05 23:14:15,652] {spark_submit.py:488} INFO - Max row count for page size check is: 10000
[2022-04-05 23:14:15,652] {spark_submit.py:488} INFO - Truncate length for column indexes is: 64
[2022-04-05 23:14:15,652] {spark_submit.py:488} INFO - Truncate length for statistics min/max  is: 2147483647
[2022-04-05 23:14:15,652] {spark_submit.py:488} INFO - Bloom filter enabled: false
[2022-04-05 23:14:15,653] {spark_submit.py:488} INFO - Max Bloom filter size for a column is 1048576
[2022-04-05 23:14:15,653] {spark_submit.py:488} INFO - Bloom filter expected number of distinct values are: null
[2022-04-05 23:14:15,653] {spark_submit.py:488} INFO - Page row count limit to 20000
[2022-04-05 23:14:15,653] {spark_submit.py:488} INFO - Writing page checksums is: on
[2022-04-05 23:14:15,681] {spark_submit.py:488} INFO - 22/04/05 23:14:15 INFO ParquetOutputFormat: Parquet block size to 134217728
[2022-04-05 23:14:15,716] {spark_submit.py:488} INFO - 22/04/05 23:14:15 INFO ParquetOutputFormat: Parquet block size to 134217728
[2022-04-05 23:14:15,716] {spark_submit.py:488} INFO - 22/04/05 23:14:15 INFO ParquetOutputFormat: Validation is off
[2022-04-05 23:14:15,717] {spark_submit.py:488} INFO - 22/04/05 23:14:15 INFO ParquetOutputFormat: Maximum row group padding size is 8388608 bytes
[2022-04-05 23:14:15,717] {spark_submit.py:488} INFO - 22/04/05 23:14:15 INFO ParquetOutputFormat: Parquet properties are:
[2022-04-05 23:14:15,717] {spark_submit.py:488} INFO - Parquet page size to 1048576
[2022-04-05 23:14:15,717] {spark_submit.py:488} INFO - Parquet dictionary page size to 1048576
[2022-04-05 23:14:15,717] {spark_submit.py:488} INFO - Dictionary is true
[2022-04-05 23:14:15,717] {spark_submit.py:488} INFO - Writer version is: PARQUET_1_0
[2022-04-05 23:14:15,717] {spark_submit.py:488} INFO - Page size checking is: estimated
[2022-04-05 23:14:15,717] {spark_submit.py:488} INFO - Min row count for page size check is: 100
[2022-04-05 23:14:15,717] {spark_submit.py:488} INFO - Max row count for page size check is: 10000
[2022-04-05 23:14:15,717] {spark_submit.py:488} INFO - Truncate length for column indexes is: 64
[2022-04-05 23:14:15,717] {spark_submit.py:488} INFO - Truncate length for statistics min/max  is: 2147483647
[2022-04-05 23:14:15,717] {spark_submit.py:488} INFO - Bloom filter enabled: false
[2022-04-05 23:14:15,717] {spark_submit.py:488} INFO - Max Bloom filter size for a column is 1048576
[2022-04-05 23:14:15,717] {spark_submit.py:488} INFO - Bloom filter expected number of distinct values are: null
[2022-04-05 23:14:15,718] {spark_submit.py:488} INFO - Page row count limit to 20000
[2022-04-05 23:14:15,718] {spark_submit.py:488} INFO - Writing page checksums is: on
[2022-04-05 23:14:15,721] {spark_submit.py:488} INFO - 22/04/05 23:14:15 INFO ParquetOutputFormat: Validation is off
[2022-04-05 23:14:15,721] {spark_submit.py:488} INFO - 22/04/05 23:14:15 INFO ParquetOutputFormat: Maximum row group padding size is 8388608 bytes
[2022-04-05 23:14:15,721] {spark_submit.py:488} INFO - 22/04/05 23:14:15 INFO ParquetOutputFormat: Parquet properties are:
[2022-04-05 23:14:15,722] {spark_submit.py:488} INFO - Parquet page size to 1048576
[2022-04-05 23:14:15,722] {spark_submit.py:488} INFO - Parquet dictionary page size to 1048576
[2022-04-05 23:14:15,722] {spark_submit.py:488} INFO - Dictionary is true
[2022-04-05 23:14:15,722] {spark_submit.py:488} INFO - Writer version is: PARQUET_1_0
[2022-04-05 23:14:15,722] {spark_submit.py:488} INFO - Page size checking is: estimated
[2022-04-05 23:14:15,722] {spark_submit.py:488} INFO - Min row count for page size check is: 100
[2022-04-05 23:14:15,722] {spark_submit.py:488} INFO - Max row count for page size check is: 10000
[2022-04-05 23:14:15,722] {spark_submit.py:488} INFO - Truncate length for column indexes is: 64
[2022-04-05 23:14:15,722] {spark_submit.py:488} INFO - Truncate length for statistics min/max  is: 2147483647
[2022-04-05 23:14:15,722] {spark_submit.py:488} INFO - Bloom filter enabled: false
[2022-04-05 23:14:15,722] {spark_submit.py:488} INFO - Max Bloom filter size for a column is 1048576
[2022-04-05 23:14:15,722] {spark_submit.py:488} INFO - Bloom filter expected number of distinct values are: null
[2022-04-05 23:14:15,722] {spark_submit.py:488} INFO - Page row count limit to 20000
[2022-04-05 23:14:15,723] {spark_submit.py:488} INFO - Writing page checksums is: on
[2022-04-05 23:14:15,756] {spark_submit.py:488} INFO - 22/04/05 23:14:15 INFO ParquetWriteSupport: Initialized Parquet WriteSupport with Catalyst schema:
[2022-04-05 23:14:15,756] {spark_submit.py:488} INFO - {
[2022-04-05 23:14:15,756] {spark_submit.py:488} INFO - "type" : "struct",
[2022-04-05 23:14:15,756] {spark_submit.py:488} INFO - "fields" : [ {
[2022-04-05 23:14:15,756] {spark_submit.py:488} INFO - "name" : "id",
[2022-04-05 23:14:15,757] {spark_submit.py:488} INFO - "type" : "integer",
[2022-04-05 23:14:15,757] {spark_submit.py:488} INFO - "nullable" : true,
[2022-04-05 23:14:15,757] {spark_submit.py:488} INFO - "metadata" : { }
[2022-04-05 23:14:15,757] {spark_submit.py:488} INFO - }, {
[2022-04-05 23:14:15,757] {spark_submit.py:488} INFO - "name" : "display_name",
[2022-04-05 23:14:15,757] {spark_submit.py:488} INFO - "type" : "string",
[2022-04-05 23:14:15,757] {spark_submit.py:488} INFO - "nullable" : true,
[2022-04-05 23:14:15,757] {spark_submit.py:488} INFO - "metadata" : { }
[2022-04-05 23:14:15,757] {spark_submit.py:488} INFO - }, {
[2022-04-05 23:14:15,757] {spark_submit.py:488} INFO - "name" : "about_me",
[2022-04-05 23:14:15,757] {spark_submit.py:488} INFO - "type" : "string",
[2022-04-05 23:14:15,757] {spark_submit.py:488} INFO - "nullable" : true,
[2022-04-05 23:14:15,757] {spark_submit.py:488} INFO - "metadata" : { }
[2022-04-05 23:14:15,758] {spark_submit.py:488} INFO - }, {
[2022-04-05 23:14:15,758] {spark_submit.py:488} INFO - "name" : "age",
[2022-04-05 23:14:15,758] {spark_submit.py:488} INFO - "type" : "integer",
[2022-04-05 23:14:15,758] {spark_submit.py:488} INFO - "nullable" : true,
[2022-04-05 23:14:15,758] {spark_submit.py:488} INFO - "metadata" : { }
[2022-04-05 23:14:15,758] {spark_submit.py:488} INFO - }, {
[2022-04-05 23:14:15,758] {spark_submit.py:488} INFO - "name" : "creation_date",
[2022-04-05 23:14:15,758] {spark_submit.py:488} INFO - "type" : "timestamp",
[2022-04-05 23:14:15,758] {spark_submit.py:488} INFO - "nullable" : true,
[2022-04-05 23:14:15,758] {spark_submit.py:488} INFO - "metadata" : { }
[2022-04-05 23:14:15,758] {spark_submit.py:488} INFO - }, {
[2022-04-05 23:14:15,758] {spark_submit.py:488} INFO - "name" : "last_access_date",
[2022-04-05 23:14:15,758] {spark_submit.py:488} INFO - "type" : "timestamp",
[2022-04-05 23:14:15,758] {spark_submit.py:488} INFO - "nullable" : true,
[2022-04-05 23:14:15,759] {spark_submit.py:488} INFO - "metadata" : { }
[2022-04-05 23:14:15,759] {spark_submit.py:488} INFO - }, {
[2022-04-05 23:14:15,759] {spark_submit.py:488} INFO - "name" : "location",
[2022-04-05 23:14:15,759] {spark_submit.py:488} INFO - "type" : "string",
[2022-04-05 23:14:15,759] {spark_submit.py:488} INFO - "nullable" : true,
[2022-04-05 23:14:15,759] {spark_submit.py:488} INFO - "metadata" : { }
[2022-04-05 23:14:15,759] {spark_submit.py:488} INFO - }, {
[2022-04-05 23:14:15,759] {spark_submit.py:488} INFO - "name" : "reputation",
[2022-04-05 23:14:15,759] {spark_submit.py:488} INFO - "type" : "integer",
[2022-04-05 23:14:15,759] {spark_submit.py:488} INFO - "nullable" : true,
[2022-04-05 23:14:15,759] {spark_submit.py:488} INFO - "metadata" : { }
[2022-04-05 23:14:15,759] {spark_submit.py:488} INFO - }, {
[2022-04-05 23:14:15,759] {spark_submit.py:488} INFO - "name" : "up_votes",
[2022-04-05 23:14:15,769] {spark_submit.py:488} INFO - "type" : "integer",
[2022-04-05 23:14:15,769] {spark_submit.py:488} INFO - "nullable" : true,
[2022-04-05 23:14:15,769] {spark_submit.py:488} INFO - "metadata" : { }
[2022-04-05 23:14:15,769] {spark_submit.py:488} INFO - }, {
[2022-04-05 23:14:15,769] {spark_submit.py:488} INFO - "name" : "down_votes",
[2022-04-05 23:14:15,769] {spark_submit.py:488} INFO - "type" : "integer",
[2022-04-05 23:14:15,770] {spark_submit.py:488} INFO - "nullable" : true,
[2022-04-05 23:14:15,770] {spark_submit.py:488} INFO - "metadata" : { }
[2022-04-05 23:14:15,770] {spark_submit.py:488} INFO - }, {
[2022-04-05 23:14:15,770] {spark_submit.py:488} INFO - "name" : "views",
[2022-04-05 23:14:15,770] {spark_submit.py:488} INFO - "type" : "integer",
[2022-04-05 23:14:15,770] {spark_submit.py:488} INFO - "nullable" : true,
[2022-04-05 23:14:15,770] {spark_submit.py:488} INFO - "metadata" : { }
[2022-04-05 23:14:15,770] {spark_submit.py:488} INFO - }, {
[2022-04-05 23:14:15,770] {spark_submit.py:488} INFO - "name" : "profile_image_url",
[2022-04-05 23:14:15,770] {spark_submit.py:488} INFO - "type" : "string",
[2022-04-05 23:14:15,770] {spark_submit.py:488} INFO - "nullable" : true,
[2022-04-05 23:14:15,770] {spark_submit.py:488} INFO - "metadata" : { }
[2022-04-05 23:14:15,770] {spark_submit.py:488} INFO - }, {
[2022-04-05 23:14:15,771] {spark_submit.py:488} INFO - "name" : "website_url",
[2022-04-05 23:14:15,771] {spark_submit.py:488} INFO - "type" : "string",
[2022-04-05 23:14:15,771] {spark_submit.py:488} INFO - "nullable" : true,
[2022-04-05 23:14:15,771] {spark_submit.py:488} INFO - "metadata" : { }
[2022-04-05 23:14:15,771] {spark_submit.py:488} INFO - }, {
[2022-04-05 23:14:15,771] {spark_submit.py:488} INFO - "name" : "group_by_date",
[2022-04-05 23:14:15,771] {spark_submit.py:488} INFO - "type" : "timestamp",
[2022-04-05 23:14:15,771] {spark_submit.py:488} INFO - "nullable" : true,
[2022-04-05 23:14:15,771] {spark_submit.py:488} INFO - "metadata" : { }
[2022-04-05 23:14:15,771] {spark_submit.py:488} INFO - } ]
[2022-04-05 23:14:15,771] {spark_submit.py:488} INFO - }
[2022-04-05 23:14:15,771] {spark_submit.py:488} INFO - and corresponding Parquet message type:
[2022-04-05 23:14:15,779] {spark_submit.py:488} INFO - message spark_schema {
[2022-04-05 23:14:15,780] {spark_submit.py:488} INFO - optional int32 id;
[2022-04-05 23:14:15,780] {spark_submit.py:488} INFO - optional binary display_name (STRING);
[2022-04-05 23:14:15,780] {spark_submit.py:488} INFO - optional binary about_me (STRING);
[2022-04-05 23:14:15,780] {spark_submit.py:488} INFO - optional int32 age;
[2022-04-05 23:14:15,780] {spark_submit.py:488} INFO - optional int96 creation_date;
[2022-04-05 23:14:15,780] {spark_submit.py:488} INFO - optional int96 last_access_date;
[2022-04-05 23:14:15,780] {spark_submit.py:488} INFO - optional binary location (STRING);
[2022-04-05 23:14:15,780] {spark_submit.py:488} INFO - optional int32 reputation;
[2022-04-05 23:14:15,780] {spark_submit.py:488} INFO - optional int32 up_votes;
[2022-04-05 23:14:15,780] {spark_submit.py:488} INFO - optional int32 down_votes;
[2022-04-05 23:14:15,780] {spark_submit.py:488} INFO - optional int32 views;
[2022-04-05 23:14:15,781] {spark_submit.py:488} INFO - optional binary profile_image_url (STRING);
[2022-04-05 23:14:15,781] {spark_submit.py:488} INFO - optional binary website_url (STRING);
[2022-04-05 23:14:15,781] {spark_submit.py:488} INFO - optional int96 group_by_date;
[2022-04-05 23:14:15,781] {spark_submit.py:488} INFO - }
[2022-04-05 23:14:15,781] {spark_submit.py:488} INFO - 
[2022-04-05 23:14:15,781] {spark_submit.py:488} INFO - 
[2022-04-05 23:14:15,781] {spark_submit.py:488} INFO - 22/04/05 23:14:15 INFO ParquetWriteSupport: Initialized Parquet WriteSupport with Catalyst schema:
[2022-04-05 23:14:15,781] {spark_submit.py:488} INFO - {
[2022-04-05 23:14:15,781] {spark_submit.py:488} INFO - "type" : "struct",
[2022-04-05 23:14:15,781] {spark_submit.py:488} INFO - "fields" : [ {
[2022-04-05 23:14:15,782] {spark_submit.py:488} INFO - "name" : "id",
[2022-04-05 23:14:15,782] {spark_submit.py:488} INFO - "type" : "integer",
[2022-04-05 23:14:15,782] {spark_submit.py:488} INFO - "nullable" : true,
[2022-04-05 23:14:15,782] {spark_submit.py:488} INFO - "metadata" : { }
[2022-04-05 23:14:15,782] {spark_submit.py:488} INFO - }, {
[2022-04-05 23:14:15,782] {spark_submit.py:488} INFO - "name" : "display_name",
[2022-04-05 23:14:15,782] {spark_submit.py:488} INFO - "type" : "string",
[2022-04-05 23:14:15,782] {spark_submit.py:488} INFO - "nullable" : true,
[2022-04-05 23:14:15,782] {spark_submit.py:488} INFO - "metadata" : { }
[2022-04-05 23:14:15,782] {spark_submit.py:488} INFO - }, {
[2022-04-05 23:14:15,782] {spark_submit.py:488} INFO - "name" : "about_me",
[2022-04-05 23:14:15,782] {spark_submit.py:488} INFO - "type" : "string",
[2022-04-05 23:14:15,782] {spark_submit.py:488} INFO - "nullable" : true,
[2022-04-05 23:14:15,783] {spark_submit.py:488} INFO - "metadata" : { }
[2022-04-05 23:14:15,783] {spark_submit.py:488} INFO - }, {
[2022-04-05 23:14:15,783] {spark_submit.py:488} INFO - "name" : "age",
[2022-04-05 23:14:15,783] {spark_submit.py:488} INFO - "type" : "integer",
[2022-04-05 23:14:15,783] {spark_submit.py:488} INFO - "nullable" : true,
[2022-04-05 23:14:15,783] {spark_submit.py:488} INFO - "metadata" : { }
[2022-04-05 23:14:15,783] {spark_submit.py:488} INFO - }, {
[2022-04-05 23:14:15,783] {spark_submit.py:488} INFO - "name" : "creation_date",
[2022-04-05 23:14:15,783] {spark_submit.py:488} INFO - "type" : "timestamp",
[2022-04-05 23:14:15,783] {spark_submit.py:488} INFO - "nullable" : true,
[2022-04-05 23:14:15,783] {spark_submit.py:488} INFO - "metadata" : { }
[2022-04-05 23:14:15,800] {spark_submit.py:488} INFO - }, {
[2022-04-05 23:14:15,800] {spark_submit.py:488} INFO - "name" : "last_access_date",
[2022-04-05 23:14:15,800] {spark_submit.py:488} INFO - "type" : "timestamp",
[2022-04-05 23:14:15,800] {spark_submit.py:488} INFO - "nullable" : true,
[2022-04-05 23:14:15,801] {spark_submit.py:488} INFO - "metadata" : { }
[2022-04-05 23:14:15,801] {spark_submit.py:488} INFO - }, {
[2022-04-05 23:14:15,801] {spark_submit.py:488} INFO - "name" : "location",
[2022-04-05 23:14:15,801] {spark_submit.py:488} INFO - "type" : "string",
[2022-04-05 23:14:15,810] {spark_submit.py:488} INFO - "nullable" : true,
[2022-04-05 23:14:15,810] {spark_submit.py:488} INFO - "metadata" : { }
[2022-04-05 23:14:15,810] {spark_submit.py:488} INFO - }, {
[2022-04-05 23:14:15,810] {spark_submit.py:488} INFO - "name" : "reputation",
[2022-04-05 23:14:15,810] {spark_submit.py:488} INFO - "type" : "integer",
[2022-04-05 23:14:15,810] {spark_submit.py:488} INFO - "nullable" : true,
[2022-04-05 23:14:15,810] {spark_submit.py:488} INFO - "metadata" : { }
[2022-04-05 23:14:15,810] {spark_submit.py:488} INFO - }, {
[2022-04-05 23:14:15,810] {spark_submit.py:488} INFO - "name" : "up_votes",
[2022-04-05 23:14:15,811] {spark_submit.py:488} INFO - "type" : "integer",
[2022-04-05 23:14:15,811] {spark_submit.py:488} INFO - "nullable" : true,
[2022-04-05 23:14:15,811] {spark_submit.py:488} INFO - "metadata" : { }
[2022-04-05 23:14:15,811] {spark_submit.py:488} INFO - }, {
[2022-04-05 23:14:15,811] {spark_submit.py:488} INFO - "name" : "down_votes",
[2022-04-05 23:14:15,811] {spark_submit.py:488} INFO - "type" : "integer",
[2022-04-05 23:14:15,811] {spark_submit.py:488} INFO - "nullable" : true,
[2022-04-05 23:14:15,811] {spark_submit.py:488} INFO - "metadata" : { }
[2022-04-05 23:14:15,811] {spark_submit.py:488} INFO - }, {
[2022-04-05 23:14:15,811] {spark_submit.py:488} INFO - "name" : "views",
[2022-04-05 23:14:15,811] {spark_submit.py:488} INFO - "type" : "integer",
[2022-04-05 23:14:15,811] {spark_submit.py:488} INFO - "nullable" : true,
[2022-04-05 23:14:15,811] {spark_submit.py:488} INFO - "metadata" : { }
[2022-04-05 23:14:15,817] {spark_submit.py:488} INFO - }, {
[2022-04-05 23:14:15,817] {spark_submit.py:488} INFO - "name" : "profile_image_url",
[2022-04-05 23:14:15,817] {spark_submit.py:488} INFO - "type" : "string",
[2022-04-05 23:14:15,817] {spark_submit.py:488} INFO - "nullable" : true,
[2022-04-05 23:14:15,818] {spark_submit.py:488} INFO - "metadata" : { }
[2022-04-05 23:14:15,818] {spark_submit.py:488} INFO - }, {
[2022-04-05 23:14:15,818] {spark_submit.py:488} INFO - "name" : "website_url",
[2022-04-05 23:14:15,818] {spark_submit.py:488} INFO - "type" : "string",
[2022-04-05 23:14:15,818] {spark_submit.py:488} INFO - "nullable" : true,
[2022-04-05 23:14:15,818] {spark_submit.py:488} INFO - "metadata" : { }
[2022-04-05 23:14:15,818] {spark_submit.py:488} INFO - }, {
[2022-04-05 23:14:15,818] {spark_submit.py:488} INFO - "name" : "group_by_date",
[2022-04-05 23:14:15,818] {spark_submit.py:488} INFO - "type" : "timestamp",
[2022-04-05 23:14:15,818] {spark_submit.py:488} INFO - "nullable" : true,
[2022-04-05 23:14:15,818] {spark_submit.py:488} INFO - "metadata" : { }
[2022-04-05 23:14:15,818] {spark_submit.py:488} INFO - } ]
[2022-04-05 23:14:15,819] {spark_submit.py:488} INFO - }
[2022-04-05 23:14:15,819] {spark_submit.py:488} INFO - and corresponding Parquet message type:
[2022-04-05 23:14:15,819] {spark_submit.py:488} INFO - message spark_schema {
[2022-04-05 23:14:15,819] {spark_submit.py:488} INFO - optional int32 id;
[2022-04-05 23:14:15,819] {spark_submit.py:488} INFO - optional binary display_name (STRING);
[2022-04-05 23:14:15,819] {spark_submit.py:488} INFO - optional binary about_me (STRING);
[2022-04-05 23:14:15,819] {spark_submit.py:488} INFO - optional int32 age;
[2022-04-05 23:14:15,819] {spark_submit.py:488} INFO - optional int96 creation_date;
[2022-04-05 23:14:15,819] {spark_submit.py:488} INFO - optional int96 last_access_date;
[2022-04-05 23:14:15,832] {spark_submit.py:488} INFO - optional binary location (STRING);
[2022-04-05 23:14:15,832] {spark_submit.py:488} INFO - optional int32 reputation;
[2022-04-05 23:14:15,832] {spark_submit.py:488} INFO - optional int32 up_votes;
[2022-04-05 23:14:15,832] {spark_submit.py:488} INFO - optional int32 down_votes;
[2022-04-05 23:14:15,832] {spark_submit.py:488} INFO - optional int32 views;
[2022-04-05 23:14:15,832] {spark_submit.py:488} INFO - optional binary profile_image_url (STRING);
[2022-04-05 23:14:15,832] {spark_submit.py:488} INFO - optional binary website_url (STRING);
[2022-04-05 23:14:15,832] {spark_submit.py:488} INFO - optional int96 group_by_date;
[2022-04-05 23:14:15,833] {spark_submit.py:488} INFO - }
[2022-04-05 23:14:15,833] {spark_submit.py:488} INFO - 
[2022-04-05 23:14:15,833] {spark_submit.py:488} INFO - 
[2022-04-05 23:14:15,833] {spark_submit.py:488} INFO - 22/04/05 23:14:15 INFO ParquetWriteSupport: Initialized Parquet WriteSupport with Catalyst schema:
[2022-04-05 23:14:15,833] {spark_submit.py:488} INFO - {
[2022-04-05 23:14:15,833] {spark_submit.py:488} INFO - "type" : "struct",
[2022-04-05 23:14:15,833] {spark_submit.py:488} INFO - "fields" : [ {
[2022-04-05 23:14:15,833] {spark_submit.py:488} INFO - "name" : "id",
[2022-04-05 23:14:15,833] {spark_submit.py:488} INFO - "type" : "integer",
[2022-04-05 23:14:15,833] {spark_submit.py:488} INFO - "nullable" : true,
[2022-04-05 23:14:15,833] {spark_submit.py:488} INFO - "metadata" : { }
[2022-04-05 23:14:15,833] {spark_submit.py:488} INFO - }, {
[2022-04-05 23:14:15,833] {spark_submit.py:488} INFO - "name" : "display_name",
[2022-04-05 23:14:15,844] {spark_submit.py:488} INFO - "type" : "string",
[2022-04-05 23:14:15,844] {spark_submit.py:488} INFO - "nullable" : true,
[2022-04-05 23:14:15,844] {spark_submit.py:488} INFO - "metadata" : { }
[2022-04-05 23:14:15,844] {spark_submit.py:488} INFO - }, {
[2022-04-05 23:14:15,844] {spark_submit.py:488} INFO - "name" : "about_me",
[2022-04-05 23:14:15,844] {spark_submit.py:488} INFO - "type" : "string",
[2022-04-05 23:14:15,844] {spark_submit.py:488} INFO - "nullable" : true,
[2022-04-05 23:14:15,844] {spark_submit.py:488} INFO - "metadata" : { }
[2022-04-05 23:14:15,844] {spark_submit.py:488} INFO - }, {
[2022-04-05 23:14:15,845] {spark_submit.py:488} INFO - "name" : "age",
[2022-04-05 23:14:15,845] {spark_submit.py:488} INFO - "type" : "integer",
[2022-04-05 23:14:15,845] {spark_submit.py:488} INFO - "nullable" : true,
[2022-04-05 23:14:15,845] {spark_submit.py:488} INFO - "metadata" : { }
[2022-04-05 23:14:15,845] {spark_submit.py:488} INFO - }, {
[2022-04-05 23:14:15,845] {spark_submit.py:488} INFO - "name" : "creation_date",
[2022-04-05 23:14:15,845] {spark_submit.py:488} INFO - "type" : "timestamp",
[2022-04-05 23:14:15,845] {spark_submit.py:488} INFO - "nullable" : true,
[2022-04-05 23:14:15,845] {spark_submit.py:488} INFO - "metadata" : { }
[2022-04-05 23:14:15,845] {spark_submit.py:488} INFO - }, {
[2022-04-05 23:14:15,845] {spark_submit.py:488} INFO - "name" : "last_access_date",
[2022-04-05 23:14:15,845] {spark_submit.py:488} INFO - "type" : "timestamp",
[2022-04-05 23:14:15,845] {spark_submit.py:488} INFO - "nullable" : true,
[2022-04-05 23:14:15,846] {spark_submit.py:488} INFO - "metadata" : { }
[2022-04-05 23:14:15,846] {spark_submit.py:488} INFO - }, {
[2022-04-05 23:14:15,846] {spark_submit.py:488} INFO - "name" : "location",
[2022-04-05 23:14:15,846] {spark_submit.py:488} INFO - "type" : "string",
[2022-04-05 23:14:15,846] {spark_submit.py:488} INFO - "nullable" : true,
[2022-04-05 23:14:15,846] {spark_submit.py:488} INFO - "metadata" : { }
[2022-04-05 23:14:15,846] {spark_submit.py:488} INFO - }, {
[2022-04-05 23:14:15,846] {spark_submit.py:488} INFO - "name" : "reputation",
[2022-04-05 23:14:15,846] {spark_submit.py:488} INFO - "type" : "integer",
[2022-04-05 23:14:15,846] {spark_submit.py:488} INFO - "nullable" : true,
[2022-04-05 23:14:15,846] {spark_submit.py:488} INFO - "metadata" : { }
[2022-04-05 23:14:15,846] {spark_submit.py:488} INFO - }, {
[2022-04-05 23:14:15,846] {spark_submit.py:488} INFO - "name" : "up_votes",
[2022-04-05 23:14:15,846] {spark_submit.py:488} INFO - "type" : "integer",
[2022-04-05 23:14:15,847] {spark_submit.py:488} INFO - "nullable" : true,
[2022-04-05 23:14:15,847] {spark_submit.py:488} INFO - "metadata" : { }
[2022-04-05 23:14:15,847] {spark_submit.py:488} INFO - }, {
[2022-04-05 23:14:15,847] {spark_submit.py:488} INFO - "name" : "down_votes",
[2022-04-05 23:14:15,847] {spark_submit.py:488} INFO - "type" : "integer",
[2022-04-05 23:14:15,847] {spark_submit.py:488} INFO - "nullable" : true,
[2022-04-05 23:14:15,847] {spark_submit.py:488} INFO - "metadata" : { }
[2022-04-05 23:14:15,847] {spark_submit.py:488} INFO - }, {
[2022-04-05 23:14:15,847] {spark_submit.py:488} INFO - "name" : "views",
[2022-04-05 23:14:15,847] {spark_submit.py:488} INFO - "type" : "integer",
[2022-04-05 23:14:15,847] {spark_submit.py:488} INFO - "nullable" : true,
[2022-04-05 23:14:15,847] {spark_submit.py:488} INFO - "metadata" : { }
[2022-04-05 23:14:15,847] {spark_submit.py:488} INFO - }, {
[2022-04-05 23:14:15,864] {spark_submit.py:488} INFO - "name" : "profile_image_url",
[2022-04-05 23:14:15,864] {spark_submit.py:488} INFO - "type" : "string",
[2022-04-05 23:14:15,865] {spark_submit.py:488} INFO - "nullable" : true,
[2022-04-05 23:14:15,865] {spark_submit.py:488} INFO - "metadata" : { }
[2022-04-05 23:14:15,865] {spark_submit.py:488} INFO - }, {
[2022-04-05 23:14:15,865] {spark_submit.py:488} INFO - "name" : "website_url",
[2022-04-05 23:14:15,865] {spark_submit.py:488} INFO - "type" : "string",
[2022-04-05 23:14:15,865] {spark_submit.py:488} INFO - "nullable" : true,
[2022-04-05 23:14:15,865] {spark_submit.py:488} INFO - "metadata" : { }
[2022-04-05 23:14:15,866] {spark_submit.py:488} INFO - }, {
[2022-04-05 23:14:15,866] {spark_submit.py:488} INFO - "name" : "group_by_date",
[2022-04-05 23:14:15,866] {spark_submit.py:488} INFO - "type" : "timestamp",
[2022-04-05 23:14:15,866] {spark_submit.py:488} INFO - "nullable" : true,
[2022-04-05 23:14:15,866] {spark_submit.py:488} INFO - "metadata" : { }
[2022-04-05 23:14:15,866] {spark_submit.py:488} INFO - } ]
[2022-04-05 23:14:15,866] {spark_submit.py:488} INFO - }
[2022-04-05 23:14:15,866] {spark_submit.py:488} INFO - and corresponding Parquet message type:
[2022-04-05 23:14:15,866] {spark_submit.py:488} INFO - message spark_schema {
[2022-04-05 23:14:15,866] {spark_submit.py:488} INFO - optional int32 id;
[2022-04-05 23:14:15,866] {spark_submit.py:488} INFO - optional binary display_name (STRING);
[2022-04-05 23:14:15,866] {spark_submit.py:488} INFO - optional binary about_me (STRING);
[2022-04-05 23:14:15,866] {spark_submit.py:488} INFO - optional int32 age;
[2022-04-05 23:14:15,866] {spark_submit.py:488} INFO - optional int96 creation_date;
[2022-04-05 23:14:15,867] {spark_submit.py:488} INFO - optional int96 last_access_date;
[2022-04-05 23:14:15,867] {spark_submit.py:488} INFO - optional binary location (STRING);
[2022-04-05 23:14:15,867] {spark_submit.py:488} INFO - optional int32 reputation;
[2022-04-05 23:14:15,867] {spark_submit.py:488} INFO - optional int32 up_votes;
[2022-04-05 23:14:15,867] {spark_submit.py:488} INFO - optional int32 down_votes;
[2022-04-05 23:14:15,867] {spark_submit.py:488} INFO - optional int32 views;
[2022-04-05 23:14:15,867] {spark_submit.py:488} INFO - optional binary profile_image_url (STRING);
[2022-04-05 23:14:15,867] {spark_submit.py:488} INFO - optional binary website_url (STRING);
[2022-04-05 23:14:15,867] {spark_submit.py:488} INFO - optional int96 group_by_date;
[2022-04-05 23:14:15,867] {spark_submit.py:488} INFO - }
[2022-04-05 23:14:15,867] {spark_submit.py:488} INFO - 
[2022-04-05 23:14:15,867] {spark_submit.py:488} INFO - 
[2022-04-05 23:14:15,867] {spark_submit.py:488} INFO - 22/04/05 23:14:15 INFO ParquetWriteSupport: Initialized Parquet WriteSupport with Catalyst schema:
[2022-04-05 23:14:15,868] {spark_submit.py:488} INFO - {
[2022-04-05 23:14:15,868] {spark_submit.py:488} INFO - "type" : "struct",
[2022-04-05 23:14:15,868] {spark_submit.py:488} INFO - "fields" : [ {
[2022-04-05 23:14:15,868] {spark_submit.py:488} INFO - "name" : "id",
[2022-04-05 23:14:15,868] {spark_submit.py:488} INFO - "type" : "integer",
[2022-04-05 23:14:15,868] {spark_submit.py:488} INFO - "nullable" : true,
[2022-04-05 23:14:15,868] {spark_submit.py:488} INFO - "metadata" : { }
[2022-04-05 23:14:15,868] {spark_submit.py:488} INFO - }, {
[2022-04-05 23:14:15,868] {spark_submit.py:488} INFO - "name" : "display_name",
[2022-04-05 23:14:15,868] {spark_submit.py:488} INFO - "type" : "string",
[2022-04-05 23:14:15,868] {spark_submit.py:488} INFO - "nullable" : true,
[2022-04-05 23:14:15,869] {spark_submit.py:488} INFO - "metadata" : { }
[2022-04-05 23:14:15,869] {spark_submit.py:488} INFO - }, {
[2022-04-05 23:14:15,869] {spark_submit.py:488} INFO - "name" : "about_me",
[2022-04-05 23:14:15,869] {spark_submit.py:488} INFO - "type" : "string",
[2022-04-05 23:14:15,869] {spark_submit.py:488} INFO - "nullable" : true,
[2022-04-05 23:14:15,869] {spark_submit.py:488} INFO - "metadata" : { }
[2022-04-05 23:14:15,869] {spark_submit.py:488} INFO - }, {
[2022-04-05 23:14:15,869] {spark_submit.py:488} INFO - "name" : "age",
[2022-04-05 23:14:15,869] {spark_submit.py:488} INFO - "type" : "integer",
[2022-04-05 23:14:15,869] {spark_submit.py:488} INFO - "nullable" : true,
[2022-04-05 23:14:15,869] {spark_submit.py:488} INFO - "metadata" : { }
[2022-04-05 23:14:15,869] {spark_submit.py:488} INFO - }, {
[2022-04-05 23:14:15,869] {spark_submit.py:488} INFO - "name" : "creation_date",
[2022-04-05 23:14:15,869] {spark_submit.py:488} INFO - "type" : "timestamp",
[2022-04-05 23:14:15,870] {spark_submit.py:488} INFO - "nullable" : true,
[2022-04-05 23:14:15,870] {spark_submit.py:488} INFO - "metadata" : { }
[2022-04-05 23:14:15,870] {spark_submit.py:488} INFO - }, {
[2022-04-05 23:14:15,870] {spark_submit.py:488} INFO - "name" : "last_access_date",
[2022-04-05 23:14:15,870] {spark_submit.py:488} INFO - "type" : "timestamp",
[2022-04-05 23:14:15,870] {spark_submit.py:488} INFO - "nullable" : true,
[2022-04-05 23:14:15,870] {spark_submit.py:488} INFO - "metadata" : { }
[2022-04-05 23:14:15,870] {spark_submit.py:488} INFO - }, {
[2022-04-05 23:14:15,870] {spark_submit.py:488} INFO - "name" : "location",
[2022-04-05 23:14:15,870] {spark_submit.py:488} INFO - "type" : "string",
[2022-04-05 23:14:15,870] {spark_submit.py:488} INFO - "nullable" : true,
[2022-04-05 23:14:15,870] {spark_submit.py:488} INFO - "metadata" : { }
[2022-04-05 23:14:15,870] {spark_submit.py:488} INFO - }, {
[2022-04-05 23:14:15,871] {spark_submit.py:488} INFO - "name" : "reputation",
[2022-04-05 23:14:15,871] {spark_submit.py:488} INFO - "type" : "integer",
[2022-04-05 23:14:15,871] {spark_submit.py:488} INFO - "nullable" : true,
[2022-04-05 23:14:15,871] {spark_submit.py:488} INFO - "metadata" : { }
[2022-04-05 23:14:15,871] {spark_submit.py:488} INFO - }, {
[2022-04-05 23:14:15,871] {spark_submit.py:488} INFO - "name" : "up_votes",
[2022-04-05 23:14:15,871] {spark_submit.py:488} INFO - "type" : "integer",
[2022-04-05 23:14:15,871] {spark_submit.py:488} INFO - "nullable" : true,
[2022-04-05 23:14:15,871] {spark_submit.py:488} INFO - "metadata" : { }
[2022-04-05 23:14:15,871] {spark_submit.py:488} INFO - }, {
[2022-04-05 23:14:15,871] {spark_submit.py:488} INFO - "name" : "down_votes",
[2022-04-05 23:14:15,871] {spark_submit.py:488} INFO - "type" : "integer",
[2022-04-05 23:14:15,961] {spark_submit.py:488} INFO - "nullable" : true,
[2022-04-05 23:14:15,961] {spark_submit.py:488} INFO - "metadata" : { }
[2022-04-05 23:14:15,961] {spark_submit.py:488} INFO - }, {
[2022-04-05 23:14:15,961] {spark_submit.py:488} INFO - "name" : "views",
[2022-04-05 23:14:15,961] {spark_submit.py:488} INFO - "type" : "integer",
[2022-04-05 23:14:15,961] {spark_submit.py:488} INFO - "nullable" : true,
[2022-04-05 23:14:15,961] {spark_submit.py:488} INFO - "metadata" : { }
[2022-04-05 23:14:15,961] {spark_submit.py:488} INFO - }, {
[2022-04-05 23:14:15,962] {spark_submit.py:488} INFO - "name" : "profile_image_url",
[2022-04-05 23:14:15,962] {spark_submit.py:488} INFO - "type" : "string",
[2022-04-05 23:14:15,962] {spark_submit.py:488} INFO - "nullable" : true,
[2022-04-05 23:14:15,962] {spark_submit.py:488} INFO - "metadata" : { }
[2022-04-05 23:14:15,962] {spark_submit.py:488} INFO - }, {
[2022-04-05 23:14:15,962] {spark_submit.py:488} INFO - "name" : "website_url",
[2022-04-05 23:14:15,962] {spark_submit.py:488} INFO - "type" : "string",
[2022-04-05 23:14:15,962] {spark_submit.py:488} INFO - "nullable" : true,
[2022-04-05 23:14:15,962] {spark_submit.py:488} INFO - "metadata" : { }
[2022-04-05 23:14:15,962] {spark_submit.py:488} INFO - }, {
[2022-04-05 23:14:15,962] {spark_submit.py:488} INFO - "name" : "group_by_date",
[2022-04-05 23:14:15,963] {spark_submit.py:488} INFO - "type" : "timestamp",
[2022-04-05 23:14:15,963] {spark_submit.py:488} INFO - "nullable" : true,
[2022-04-05 23:14:15,963] {spark_submit.py:488} INFO - "metadata" : { }
[2022-04-05 23:14:15,963] {spark_submit.py:488} INFO - } ]
[2022-04-05 23:14:15,963] {spark_submit.py:488} INFO - }
[2022-04-05 23:14:15,963] {spark_submit.py:488} INFO - and corresponding Parquet message type:
[2022-04-05 23:14:15,963] {spark_submit.py:488} INFO - message spark_schema {
[2022-04-05 23:14:15,963] {spark_submit.py:488} INFO - optional int32 id;
[2022-04-05 23:14:15,963] {spark_submit.py:488} INFO - optional binary display_name (STRING);
[2022-04-05 23:14:15,992] {spark_submit.py:488} INFO - optional binary about_me (STRING);
[2022-04-05 23:14:15,992] {spark_submit.py:488} INFO - optional int32 age;
[2022-04-05 23:14:15,992] {spark_submit.py:488} INFO - optional int96 creation_date;
[2022-04-05 23:14:15,992] {spark_submit.py:488} INFO - optional int96 last_access_date;
[2022-04-05 23:14:15,993] {spark_submit.py:488} INFO - optional binary location (STRING);
[2022-04-05 23:14:15,993] {spark_submit.py:488} INFO - optional int32 reputation;
[2022-04-05 23:14:15,993] {spark_submit.py:488} INFO - optional int32 up_votes;
[2022-04-05 23:14:15,993] {spark_submit.py:488} INFO - optional int32 down_votes;
[2022-04-05 23:14:15,993] {spark_submit.py:488} INFO - optional int32 views;
[2022-04-05 23:14:15,994] {spark_submit.py:488} INFO - optional binary profile_image_url (STRING);
[2022-04-05 23:14:15,994] {spark_submit.py:488} INFO - optional binary website_url (STRING);
[2022-04-05 23:14:15,994] {spark_submit.py:488} INFO - optional int96 group_by_date;
[2022-04-05 23:14:15,994] {spark_submit.py:488} INFO - }
[2022-04-05 23:14:15,994] {spark_submit.py:488} INFO - 
[2022-04-05 23:14:15,994] {spark_submit.py:488} INFO - 
[2022-04-05 23:14:17,144] {spark_submit.py:488} INFO - 22/04/05 23:14:17 INFO CodecPool: Got brand-new compressor [.snappy]
[2022-04-05 23:14:17,652] {spark_submit.py:488} INFO - 22/04/05 23:14:17 INFO CodecPool: Got brand-new compressor [.snappy]
[2022-04-05 23:14:17,654] {spark_submit.py:488} INFO - 22/04/05 23:14:17 INFO CodecPool: Got brand-new compressor [.snappy]
[2022-04-05 23:14:17,654] {spark_submit.py:488} INFO - 22/04/05 23:14:17 INFO CodecPool: Got brand-new compressor [.snappy]
[2022-04-05 23:14:18,482] {spark_submit.py:488} INFO - 22/04/05 23:14:18 INFO BlockManagerInfo: Removed broadcast_2_piece0 on 9fe4286b2855:40169 in memory (size: 9.4 KiB, free: 434.3 MiB)
[2022-04-05 23:14:24,468] {spark_submit.py:488} INFO - 22/04/05 23:14:24 INFO GoogleCloudStorageImpl: Ignoring exception of type GoogleJsonResponseException; verified object already exists with desired state.
[2022-04-05 23:14:24,577] {spark_submit.py:488} INFO - 22/04/05 23:14:24 INFO GoogleCloudStorageImpl: Ignoring exception of type GoogleJsonResponseException; verified object already exists with desired state.
[2022-04-05 23:14:24,577] {spark_submit.py:488} INFO - 22/04/05 23:14:24 INFO GoogleCloudStorageImpl: Ignoring exception of type GoogleJsonResponseException; verified object already exists with desired state.
[2022-04-05 23:14:24,592] {spark_submit.py:488} INFO - 22/04/05 23:14:24 INFO GoogleCloudStorageFileSystem: Successfully repaired 'gs://dtc_data_lake_de-stack-overflow/BigQuery/users-2010-07/_temporary/0/_temporary/' directory.
[2022-04-05 23:14:24,592] {spark_submit.py:488} INFO - 22/04/05 23:14:24 INFO FileOutputCommitter: Saved output of task 'attempt_202204052314132956427012296556665_0003_m_000001_3' to gs://dtc_data_lake_de-stack-overflow/BigQuery/users-2010-07/_temporary/0/task_202204052314132956427012296556665_0003_m_000001
[2022-04-05 23:14:24,592] {spark_submit.py:488} INFO - 22/04/05 23:14:24 INFO SparkHadoopMapRedUtil: attempt_202204052314132956427012296556665_0003_m_000001_3: Committed
[2022-04-05 23:14:24,595] {spark_submit.py:488} INFO - 22/04/05 23:14:24 INFO GoogleCloudStorageFileSystem: Successfully repaired 'gs://dtc_data_lake_de-stack-overflow/BigQuery/users-2010-07/_temporary/0/_temporary/' directory.
[2022-04-05 23:14:24,596] {spark_submit.py:488} INFO - 22/04/05 23:14:24 INFO FileOutputCommitter: Saved output of task 'attempt_202204052314134563587502781758757_0003_m_000003_5' to gs://dtc_data_lake_de-stack-overflow/BigQuery/users-2010-07/_temporary/0/task_202204052314134563587502781758757_0003_m_000003
[2022-04-05 23:14:24,596] {spark_submit.py:488} INFO - 22/04/05 23:14:24 INFO GoogleCloudStorageFileSystem: Successfully repaired 'gs://dtc_data_lake_de-stack-overflow/BigQuery/users-2010-07/_temporary/0/_temporary/' directory.
[2022-04-05 23:14:24,596] {spark_submit.py:488} INFO - 22/04/05 23:14:24 INFO FileOutputCommitter: Saved output of task 'attempt_202204052314134899444931606422155_0003_m_000002_4' to gs://dtc_data_lake_de-stack-overflow/BigQuery/users-2010-07/_temporary/0/task_202204052314134899444931606422155_0003_m_000002
[2022-04-05 23:14:24,596] {spark_submit.py:488} INFO - 22/04/05 23:14:24 INFO GoogleCloudStorageFileSystem: Successfully repaired 'gs://dtc_data_lake_de-stack-overflow/BigQuery/users-2010-07/_temporary/0/_temporary/' directory.
[2022-04-05 23:14:24,596] {spark_submit.py:488} INFO - 22/04/05 23:14:24 INFO FileOutputCommitter: Saved output of task 'attempt_202204052314137334563623539089765_0003_m_000000_2' to gs://dtc_data_lake_de-stack-overflow/BigQuery/users-2010-07/_temporary/0/task_202204052314137334563623539089765_0003_m_000000
[2022-04-05 23:14:24,601] {spark_submit.py:488} INFO - 22/04/05 23:14:24 INFO SparkHadoopMapRedUtil: attempt_202204052314134563587502781758757_0003_m_000003_5: Committed
[2022-04-05 23:14:24,602] {spark_submit.py:488} INFO - 22/04/05 23:14:24 INFO SparkHadoopMapRedUtil: attempt_202204052314134899444931606422155_0003_m_000002_4: Committed
[2022-04-05 23:14:24,602] {spark_submit.py:488} INFO - 22/04/05 23:14:24 INFO SparkHadoopMapRedUtil: attempt_202204052314137334563623539089765_0003_m_000000_2: Committed
[2022-04-05 23:14:24,615] {spark_submit.py:488} INFO - 22/04/05 23:14:24 INFO Executor: Finished task 0.0 in stage 3.0 (TID 2). 3526 bytes result sent to driver
[2022-04-05 23:14:24,654] {spark_submit.py:488} INFO - 22/04/05 23:14:24 INFO Executor: Finished task 1.0 in stage 3.0 (TID 3). 3483 bytes result sent to driver
[2022-04-05 23:14:24,680] {spark_submit.py:488} INFO - 22/04/05 23:14:24 INFO TaskSetManager: Finished task 0.0 in stage 3.0 (TID 2) in 10280 ms on 9fe4286b2855 (executor driver) (1/4)
[2022-04-05 23:14:24,688] {spark_submit.py:488} INFO - 22/04/05 23:14:24 INFO Executor: Finished task 3.0 in stage 3.0 (TID 5). 3526 bytes result sent to driver
[2022-04-05 23:14:24,689] {spark_submit.py:488} INFO - 22/04/05 23:14:24 INFO TaskSetManager: Finished task 3.0 in stage 3.0 (TID 5) in 10271 ms on 9fe4286b2855 (executor driver) (2/4)
[2022-04-05 23:14:24,705] {spark_submit.py:488} INFO - 22/04/05 23:14:24 INFO TaskSetManager: Finished task 1.0 in stage 3.0 (TID 3) in 10291 ms on 9fe4286b2855 (executor driver) (3/4)
[2022-04-05 23:14:24,789] {spark_submit.py:488} INFO - 22/04/05 23:14:24 INFO Executor: Finished task 2.0 in stage 3.0 (TID 4). 3526 bytes result sent to driver
[2022-04-05 23:14:24,976] {spark_submit.py:488} INFO - 22/04/05 23:14:24 INFO TaskSetManager: Finished task 2.0 in stage 3.0 (TID 4) in 10376 ms on 9fe4286b2855 (executor driver) (4/4)
[2022-04-05 23:14:24,976] {spark_submit.py:488} INFO - 22/04/05 23:14:24 INFO TaskSchedulerImpl: Removed TaskSet 3.0, whose tasks have all completed, from pool
[2022-04-05 23:14:24,978] {spark_submit.py:488} INFO - 22/04/05 23:14:24 INFO DAGScheduler: ResultStage 3 (save at NativeMethodAccessorImpl.java:0) finished in 11.239 s
[2022-04-05 23:14:24,978] {spark_submit.py:488} INFO - 22/04/05 23:14:24 INFO DAGScheduler: Job 2 is finished. Cancelling potential speculative or zombie tasks for this job
[2022-04-05 23:14:24,978] {spark_submit.py:488} INFO - 22/04/05 23:14:24 INFO TaskSchedulerImpl: Killing all running tasks in stage 3: Stage finished
[2022-04-05 23:14:24,981] {spark_submit.py:488} INFO - 22/04/05 23:14:24 INFO DAGScheduler: Job 2 finished: save at NativeMethodAccessorImpl.java:0, took 11.315479 s
[2022-04-05 23:14:24,985] {spark_submit.py:488} INFO - 22/04/05 23:14:24 INFO FileFormatWriter: Start to commit write Job 594b08a5-5612-456a-8807-6b109d6a3c25.
[2022-04-05 23:14:25,628] {spark_submit.py:488} INFO - 22/04/05 23:14:25 INFO GoogleCloudStorageFileSystem: Successfully repaired 'gs://dtc_data_lake_de-stack-overflow/BigQuery/users-2010-07/_temporary/0/task_202204052314132956427012296556665_0003_m_000001/' directory.
[2022-04-05 23:14:26,085] {spark_submit.py:488} INFO - 22/04/05 23:14:26 INFO GoogleCloudStorageFileSystem: Successfully repaired 'gs://dtc_data_lake_de-stack-overflow/BigQuery/users-2010-07/_temporary/0/task_202204052314134563587502781758757_0003_m_000003/' directory.
[2022-04-05 23:14:26,443] {spark_submit.py:488} INFO - 22/04/05 23:14:26 INFO GoogleCloudStorageFileSystem: Successfully repaired 'gs://dtc_data_lake_de-stack-overflow/BigQuery/users-2010-07/_temporary/0/task_202204052314134899444931606422155_0003_m_000002/' directory.
[2022-04-05 23:14:26,858] {spark_submit.py:488} INFO - 22/04/05 23:14:26 INFO GoogleCloudStorageFileSystem: Successfully repaired 'gs://dtc_data_lake_de-stack-overflow/BigQuery/users-2010-07/_temporary/0/task_202204052314137334563623539089765_0003_m_000000/' directory.
[2022-04-05 23:14:27,130] {spark_submit.py:488} INFO - 22/04/05 23:14:27 INFO GoogleCloudStorageFileSystem: Successfully repaired 'gs://dtc_data_lake_de-stack-overflow/BigQuery/users-2010-07/' directory.
[2022-04-05 23:14:27,897] {spark_submit.py:488} INFO - 22/04/05 23:14:27 INFO FileFormatWriter: Write Job 594b08a5-5612-456a-8807-6b109d6a3c25 committed. Elapsed time: 2910 ms.
[2022-04-05 23:14:27,953] {spark_submit.py:488} INFO - 22/04/05 23:14:27 INFO FileFormatWriter: Finished processing stats for write job 594b08a5-5612-456a-8807-6b109d6a3c25.
[2022-04-05 23:14:28,521] {spark_submit.py:488} INFO - 22/04/05 23:14:28 INFO BlockManagerInfo: Removed broadcast_3_piece0 on 9fe4286b2855:40169 in memory (size: 72.7 KiB, free: 434.4 MiB)
[2022-04-05 23:14:29,041] {spark_submit.py:488} INFO - 22/04/05 23:14:29 INFO SparkContext: Invoking stop() from shutdown hook
[2022-04-05 23:14:29,185] {spark_submit.py:488} INFO - 22/04/05 23:14:29 INFO SparkUI: Stopped Spark web UI at http://9fe4286b2855:4040
[2022-04-05 23:14:29,356] {spark_submit.py:488} INFO - 22/04/05 23:14:29 INFO MapOutputTrackerMasterEndpoint: MapOutputTrackerMasterEndpoint stopped!
[2022-04-05 23:14:29,592] {spark_submit.py:488} INFO - 22/04/05 23:14:29 INFO MemoryStore: MemoryStore cleared
[2022-04-05 23:14:29,593] {spark_submit.py:488} INFO - 22/04/05 23:14:29 INFO BlockManager: BlockManager stopped
[2022-04-05 23:14:29,609] {spark_submit.py:488} INFO - 22/04/05 23:14:29 INFO BlockManagerMaster: BlockManagerMaster stopped
[2022-04-05 23:14:29,616] {spark_submit.py:488} INFO - 22/04/05 23:14:29 INFO OutputCommitCoordinator$OutputCommitCoordinatorEndpoint: OutputCommitCoordinator stopped!
[2022-04-05 23:14:29,867] {spark_submit.py:488} INFO - 22/04/05 23:14:29 INFO SparkContext: Successfully stopped SparkContext
[2022-04-05 23:14:29,872] {spark_submit.py:488} INFO - 22/04/05 23:14:29 INFO ShutdownHookManager: Shutdown hook called
[2022-04-05 23:14:29,874] {spark_submit.py:488} INFO - 22/04/05 23:14:29 INFO ShutdownHookManager: Deleting directory /tmp/spark-33d1cfe3-d90b-4d4c-9997-f8d8fc48e45b
[2022-04-05 23:14:29,926] {spark_submit.py:488} INFO - 22/04/05 23:14:29 INFO ShutdownHookManager: Deleting directory /tmp/spark-33d1cfe3-d90b-4d4c-9997-f8d8fc48e45b/pyspark-578a2c8f-3acd-47f4-843f-5d0842546392
[2022-04-05 23:14:30,047] {spark_submit.py:488} INFO - 22/04/05 23:14:30 INFO ShutdownHookManager: Deleting directory /tmp/spark-cec1ddb8-150a-4b42-99cf-969bacdfa056
[2022-04-05 23:14:31,004] {taskinstance.py:1288} INFO - Marking task as SUCCESS. dag_id=IngestToGCP, task_id=processing_tasks_users.spark_job, execution_date=20100701T000000, start_date=20220405T231024, end_date=20220405T231431
[2022-04-05 23:14:31,328] {local_task_job.py:154} INFO - Task exited with return code 0
[2022-04-05 23:14:31,643] {local_task_job.py:264} INFO - 1 downstream tasks scheduled from follow-on schedule check
