[2022-04-07 19:25:55,398] {taskinstance.py:1043} INFO - Dependencies all met for <TaskInstance: load_to_BigQuery.create_external_posts_questions.bq_create_posts_questions_stack_overflow_data_partitioned_table_task scheduled__2018-01-01T00:00:00+00:00 [queued]>
[2022-04-07 19:25:55,585] {taskinstance.py:1043} INFO - Dependencies all met for <TaskInstance: load_to_BigQuery.create_external_posts_questions.bq_create_posts_questions_stack_overflow_data_partitioned_table_task scheduled__2018-01-01T00:00:00+00:00 [queued]>
[2022-04-07 19:25:55,585] {taskinstance.py:1249} INFO - 
--------------------------------------------------------------------------------
[2022-04-07 19:25:55,586] {taskinstance.py:1250} INFO - Starting attempt 1 of 1
[2022-04-07 19:25:55,591] {taskinstance.py:1251} INFO - 
--------------------------------------------------------------------------------
[2022-04-07 19:25:56,371] {taskinstance.py:1270} INFO - Executing <Task(BigQueryInsertJobOperator): create_external_posts_questions.bq_create_posts_questions_stack_overflow_data_partitioned_table_task> on 2018-01-01 00:00:00+00:00
[2022-04-07 19:25:56,431] {standard_task_runner.py:52} INFO - Started process 4390 to run task
[2022-04-07 19:25:56,486] {standard_task_runner.py:79} INFO - Running: ['***', 'tasks', 'run', 'load_to_BigQuery', 'create_external_posts_questions.bq_create_posts_questions_stack_overflow_data_partitioned_table_task', 'scheduled__2018-01-01T00:00:00+00:00', '--job-id', '12969', '--raw', '--subdir', 'DAGS_FOLDER/load_to_BigQuery_dag.py', '--cfg-path', '/tmp/tmps9y76bqu', '--error-file', '/tmp/tmpfa2kskeq']
[2022-04-07 19:25:56,488] {standard_task_runner.py:80} INFO - Job 12969: Subtask create_external_posts_questions.bq_create_posts_questions_stack_overflow_data_partitioned_table_task
[2022-04-07 19:25:56,864] {logging_mixin.py:109} INFO - Running <TaskInstance: load_to_BigQuery.create_external_posts_questions.bq_create_posts_questions_stack_overflow_data_partitioned_table_task scheduled__2018-01-01T00:00:00+00:00 [running]> on host 2c54f2187010
[2022-04-07 19:25:57,129] {taskinstance.py:1448} INFO - Exporting the following env vars:
AIRFLOW_CTX_DAG_OWNER=***
AIRFLOW_CTX_DAG_ID=load_to_BigQuery
AIRFLOW_CTX_TASK_ID=create_external_posts_questions.bq_create_posts_questions_stack_overflow_data_partitioned_table_task
AIRFLOW_CTX_EXECUTION_DATE=2018-01-01T00:00:00+00:00
AIRFLOW_CTX_DAG_RUN_ID=scheduled__2018-01-01T00:00:00+00:00
[2022-04-07 19:25:57,131] {crypto.py:82} WARNING - empty cryptography key - values will not be stored encrypted.
[2022-04-07 19:25:57,175] {logging_mixin.py:109} WARNING - /home/***/.local/lib/python3.7/site-packages/***/utils/context.py:156 AirflowContextDeprecationWarning: Accessing 'execution_date' from the template is deprecated and will be removed in a future version. Please use 'data_interval_start' or 'logical_date' instead.
[2022-04-07 19:25:57,231] {bigquery.py:1554} INFO - Inserting job ***_load_to_BigQuery_create_external_posts_questions_bq_create_posts_questions_stack_overflow_data_partitioned_table_task_2018_01_01T00_00_00_00_00_994037fd1682052cc4374cb3baae6187
[2022-04-07 19:25:57,887] {taskinstance.py:1774} ERROR - Task failed with exception
Traceback (most recent call last):
  File "/home/airflow/.local/lib/python3.7/site-packages/airflow/providers/google/cloud/operators/bigquery.py", line 2153, in execute
    job = self._submit_job(hook, job_id)
  File "/home/airflow/.local/lib/python3.7/site-packages/airflow/providers/google/cloud/operators/bigquery.py", line 2119, in _submit_job
    retry=self.result_retry,
  File "/home/airflow/.local/lib/python3.7/site-packages/airflow/providers/google/common/hooks/base_google.py", line 439, in inner_wrapper
    return func(self, *args, **kwargs)
  File "/home/airflow/.local/lib/python3.7/site-packages/airflow/providers/google/cloud/hooks/bigquery.py", line 1560, in insert_job
    job.result(timeout=timeout, retry=retry)
  File "/home/airflow/.local/lib/python3.7/site-packages/google/cloud/bigquery/job/query.py", line 1498, in result
    do_get_result()
  File "/home/airflow/.local/lib/python3.7/site-packages/google/cloud/bigquery/job/query.py", line 1488, in do_get_result
    super(QueryJob, self).result(retry=retry, timeout=timeout)
  File "/home/airflow/.local/lib/python3.7/site-packages/google/cloud/bigquery/job/base.py", line 728, in result
    return super(_AsyncJob, self).result(timeout=timeout, **kwargs)
  File "/home/airflow/.local/lib/python3.7/site-packages/google/api_core/future/polling.py", line 135, in result
    raise self._exception
google.api_core.exceptions.BadRequest: 400 Could not cast literal "creation_date" to type TIMESTAMP at [1:111]

Location: us-central1
Job ID: airflow_load_to_BigQuery_create_external_posts_questions_bq_create_posts_questions_stack_overflow_data_partitioned_table_task_2018_01_01T00_00_00_00_00_994037fd1682052cc4374cb3baae6187

[2022-04-07 19:25:57,991] {taskinstance.py:1288} INFO - Marking task as FAILED. dag_id=load_to_BigQuery, task_id=create_external_posts_questions.bq_create_posts_questions_stack_overflow_data_partitioned_table_task, execution_date=20180101T000000, start_date=20220407T192555, end_date=20220407T192557
[2022-04-07 19:25:58,082] {standard_task_runner.py:98} ERROR - Failed to execute job 12969 for task create_external_posts_questions.bq_create_posts_questions_stack_overflow_data_partitioned_table_task (400 Could not cast literal "creation_date" to type TIMESTAMP at [1:111]

Location: us-central1
Job ID: airflow_load_to_BigQuery_create_external_posts_questions_bq_create_posts_questions_stack_overflow_data_partitioned_table_task_2018_01_01T00_00_00_00_00_994037fd1682052cc4374cb3baae6187
; 4390)
[2022-04-07 19:25:58,138] {local_task_job.py:154} INFO - Task exited with return code 1
[2022-04-07 19:25:58,262] {local_task_job.py:264} INFO - 0 downstream tasks scheduled from follow-on schedule check
[2022-04-07 22:18:54,180] {taskinstance.py:1043} INFO - Dependencies all met for <TaskInstance: load_to_BigQuery.create_external_posts_questions.bq_create_posts_questions_stack_overflow_data_partitioned_table_task scheduled__2018-01-01T00:00:00+00:00 [queued]>
[2022-04-07 22:18:54,229] {taskinstance.py:1043} INFO - Dependencies all met for <TaskInstance: load_to_BigQuery.create_external_posts_questions.bq_create_posts_questions_stack_overflow_data_partitioned_table_task scheduled__2018-01-01T00:00:00+00:00 [queued]>
[2022-04-07 22:18:54,230] {taskinstance.py:1249} INFO - 
--------------------------------------------------------------------------------
[2022-04-07 22:18:54,230] {taskinstance.py:1250} INFO - Starting attempt 1 of 1
[2022-04-07 22:18:54,230] {taskinstance.py:1251} INFO - 
--------------------------------------------------------------------------------
[2022-04-07 22:18:54,811] {taskinstance.py:1270} INFO - Executing <Task(BigQueryInsertJobOperator): create_external_posts_questions.bq_create_posts_questions_stack_overflow_data_partitioned_table_task> on 2018-01-01 00:00:00+00:00
[2022-04-07 22:18:54,825] {standard_task_runner.py:52} INFO - Started process 6678 to run task
[2022-04-07 22:18:54,854] {standard_task_runner.py:79} INFO - Running: ['***', 'tasks', 'run', 'load_to_BigQuery', 'create_external_posts_questions.bq_create_posts_questions_stack_overflow_data_partitioned_table_task', 'scheduled__2018-01-01T00:00:00+00:00', '--job-id', '14229', '--raw', '--subdir', 'DAGS_FOLDER/load_to_BigQuery_dag.py', '--cfg-path', '/tmp/tmp4mf_fku9', '--error-file', '/tmp/tmpu7z96xj2']
[2022-04-07 22:18:54,858] {standard_task_runner.py:80} INFO - Job 14229: Subtask create_external_posts_questions.bq_create_posts_questions_stack_overflow_data_partitioned_table_task
[2022-04-07 22:18:55,043] {logging_mixin.py:109} INFO - Running <TaskInstance: load_to_BigQuery.create_external_posts_questions.bq_create_posts_questions_stack_overflow_data_partitioned_table_task scheduled__2018-01-01T00:00:00+00:00 [running]> on host 36107d30f64e
[2022-04-07 22:18:55,238] {taskinstance.py:1448} INFO - Exporting the following env vars:
AIRFLOW_CTX_DAG_OWNER=***
AIRFLOW_CTX_DAG_ID=load_to_BigQuery
AIRFLOW_CTX_TASK_ID=create_external_posts_questions.bq_create_posts_questions_stack_overflow_data_partitioned_table_task
AIRFLOW_CTX_EXECUTION_DATE=2018-01-01T00:00:00+00:00
AIRFLOW_CTX_DAG_RUN_ID=scheduled__2018-01-01T00:00:00+00:00
[2022-04-07 22:18:55,240] {crypto.py:82} WARNING - empty cryptography key - values will not be stored encrypted.
[2022-04-07 22:18:55,259] {logging_mixin.py:109} WARNING - /home/***/.local/lib/python3.7/site-packages/***/utils/context.py:156 AirflowContextDeprecationWarning: Accessing 'execution_date' from the template is deprecated and will be removed in a future version. Please use 'data_interval_start' or 'logical_date' instead.
[2022-04-07 22:18:55,292] {bigquery.py:1554} INFO - Inserting job ***_load_to_BigQuery_create_external_posts_questions_bq_create_posts_questions_stack_overflow_data_partitioned_table_task_2018_01_01T00_00_00_00_00_9987f4420e77dc7022b55c71b6a3eb10
[2022-04-07 22:18:59,159] {taskinstance.py:1288} INFO - Marking task as SUCCESS. dag_id=load_to_BigQuery, task_id=create_external_posts_questions.bq_create_posts_questions_stack_overflow_data_partitioned_table_task, execution_date=20180101T000000, start_date=20220407T221854, end_date=20220407T221859
[2022-04-07 22:18:59,237] {local_task_job.py:154} INFO - Task exited with return code 0
[2022-04-07 22:18:59,326] {local_task_job.py:264} INFO - 0 downstream tasks scheduled from follow-on schedule check
