[2022-04-06 03:32:13,891] {taskinstance.py:1043} INFO - Dependencies all met for <TaskInstance: IngestToGCP.processing_tasks_users.remove_users_csv scheduled__2020-08-01T00:00:00+00:00 [queued]>
[2022-04-06 03:32:14,105] {taskinstance.py:1043} INFO - Dependencies all met for <TaskInstance: IngestToGCP.processing_tasks_users.remove_users_csv scheduled__2020-08-01T00:00:00+00:00 [queued]>
[2022-04-06 03:32:14,106] {taskinstance.py:1249} INFO - 
--------------------------------------------------------------------------------
[2022-04-06 03:32:14,107] {taskinstance.py:1250} INFO - Starting attempt 1 of 1
[2022-04-06 03:32:14,108] {taskinstance.py:1251} INFO - 
--------------------------------------------------------------------------------
[2022-04-06 03:32:14,318] {taskinstance.py:1270} INFO - Executing <Task(BashOperator): processing_tasks_users.remove_users_csv> on 2020-08-01 00:00:00+00:00
[2022-04-06 03:32:14,378] {standard_task_runner.py:52} INFO - Started process 218302 to run task
[2022-04-06 03:32:14,520] {standard_task_runner.py:79} INFO - Running: ['***', 'tasks', 'run', 'IngestToGCP', 'processing_tasks_users.remove_users_csv', 'scheduled__2020-08-01T00:00:00+00:00', '--job-id', '11811', '--raw', '--subdir', 'DAGS_FOLDER/ingest_dag.py', '--cfg-path', '/tmp/tmptqf106ux', '--error-file', '/tmp/tmpxmzloh86']
[2022-04-06 03:32:14,521] {standard_task_runner.py:80} INFO - Job 11811: Subtask processing_tasks_users.remove_users_csv
[2022-04-06 03:32:14,927] {logging_mixin.py:109} INFO - Running <TaskInstance: IngestToGCP.processing_tasks_users.remove_users_csv scheduled__2020-08-01T00:00:00+00:00 [running]> on host 9fe4286b2855
[2022-04-06 03:32:15,301] {logging_mixin.py:109} WARNING - /home/***/.local/lib/python3.7/site-packages/***/utils/context.py:156 AirflowContextDeprecationWarning: Accessing 'execution_date' from the template is deprecated and will be removed in a future version. Please use 'data_interval_start' or 'logical_date' instead.
[2022-04-06 03:32:15,421] {taskinstance.py:1448} INFO - Exporting the following env vars:
AIRFLOW_CTX_DAG_OWNER=***
AIRFLOW_CTX_DAG_ID=IngestToGCP
AIRFLOW_CTX_TASK_ID=processing_tasks_users.remove_users_csv
AIRFLOW_CTX_EXECUTION_DATE=2020-08-01T00:00:00+00:00
AIRFLOW_CTX_DAG_RUN_ID=scheduled__2020-08-01T00:00:00+00:00
[2022-04-06 03:32:15,423] {subprocess.py:62} INFO - Tmp dir root location: 
 /tmp
[2022-04-06 03:32:15,433] {subprocess.py:74} INFO - Running command: ['bash', '-c', 'rm /opt/***/users-2020-08.csv']
[2022-04-06 03:32:15,689] {subprocess.py:85} INFO - Output:
[2022-04-06 03:32:15,803] {subprocess.py:93} INFO - Command exited with return code 0
[2022-04-06 03:32:16,039] {taskinstance.py:1288} INFO - Marking task as SUCCESS. dag_id=IngestToGCP, task_id=processing_tasks_users.remove_users_csv, execution_date=20200801T000000, start_date=20220406T033213, end_date=20220406T033216
[2022-04-06 03:32:16,412] {local_task_job.py:154} INFO - Task exited with return code 0
[2022-04-06 03:32:17,772] {local_task_job.py:264} INFO - 0 downstream tasks scheduled from follow-on schedule check
