[2022-04-06 01:29:14,363] {taskinstance.py:1043} INFO - Dependencies all met for <TaskInstance: IngestToGCP.processing_tasks_posts_questions.format_to_parquet_posts_questions scheduled__2016-01-01T00:00:00+00:00 [queued]>
[2022-04-06 01:29:14,532] {taskinstance.py:1043} INFO - Dependencies all met for <TaskInstance: IngestToGCP.processing_tasks_posts_questions.format_to_parquet_posts_questions scheduled__2016-01-01T00:00:00+00:00 [queued]>
[2022-04-06 01:29:14,532] {taskinstance.py:1249} INFO - 
--------------------------------------------------------------------------------
[2022-04-06 01:29:14,532] {taskinstance.py:1250} INFO - Starting attempt 1 of 1
[2022-04-06 01:29:14,533] {taskinstance.py:1251} INFO - 
--------------------------------------------------------------------------------
[2022-04-06 01:29:14,669] {taskinstance.py:1270} INFO - Executing <Task(PythonOperator): processing_tasks_posts_questions.format_to_parquet_posts_questions> on 2016-01-01 00:00:00+00:00
[2022-04-06 01:29:14,788] {standard_task_runner.py:52} INFO - Started process 134589 to run task
[2022-04-06 01:29:14,876] {standard_task_runner.py:79} INFO - Running: ['***', 'tasks', 'run', 'IngestToGCP', 'processing_tasks_posts_questions.format_to_parquet_posts_questions', 'scheduled__2016-01-01T00:00:00+00:00', '--job-id', '10500', '--raw', '--subdir', 'DAGS_FOLDER/ingest_dag.py', '--cfg-path', '/tmp/tmp6d6rl8uz', '--error-file', '/tmp/tmpxls5ar29']
[2022-04-06 01:29:14,877] {standard_task_runner.py:80} INFO - Job 10500: Subtask processing_tasks_posts_questions.format_to_parquet_posts_questions
[2022-04-06 01:29:15,692] {logging_mixin.py:109} INFO - Running <TaskInstance: IngestToGCP.processing_tasks_posts_questions.format_to_parquet_posts_questions scheduled__2016-01-01T00:00:00+00:00 [running]> on host 9fe4286b2855
[2022-04-06 01:29:16,327] {logging_mixin.py:109} WARNING - /home/***/.local/lib/python3.7/site-packages/***/utils/context.py:156 AirflowContextDeprecationWarning: Accessing 'execution_date' from the template is deprecated and will be removed in a future version. Please use 'data_interval_start' or 'logical_date' instead.
[2022-04-06 01:29:16,849] {taskinstance.py:1448} INFO - Exporting the following env vars:
AIRFLOW_CTX_DAG_OWNER=***
AIRFLOW_CTX_DAG_ID=IngestToGCP
AIRFLOW_CTX_TASK_ID=processing_tasks_posts_questions.format_to_parquet_posts_questions
AIRFLOW_CTX_EXECUTION_DATE=2016-01-01T00:00:00+00:00
AIRFLOW_CTX_DAG_RUN_ID=scheduled__2016-01-01T00:00:00+00:00
[2022-04-06 01:31:08,246] {python.py:175} INFO - Done. Returned value was: None
[2022-04-06 01:31:08,319] {taskinstance.py:1288} INFO - Marking task as SUCCESS. dag_id=IngestToGCP, task_id=processing_tasks_posts_questions.format_to_parquet_posts_questions, execution_date=20160101T000000, start_date=20220406T012914, end_date=20220406T013108
[2022-04-06 01:31:08,701] {local_task_job.py:212} WARNING - State of this instance has been externally set to success. Terminating instance.
[2022-04-06 01:31:08,716] {process_utils.py:124} INFO - Sending Signals.SIGTERM to group 134589. PIDs of all processes in the group: [134589]
[2022-04-06 01:31:08,716] {process_utils.py:75} INFO - Sending the signal Signals.SIGTERM to group 134589
[2022-04-06 01:31:09,393] {process_utils.py:70} INFO - Process psutil.Process(pid=134589, status='terminated', exitcode=0, started='01:29:14') (134589) terminated with exit code 0
