[2022-04-06 03:52:58,802] {taskinstance.py:1043} INFO - Dependencies all met for <TaskInstance: IngestToGCP.processing_tasks_badges.download_files_badges scheduled__2021-06-01T00:00:00+00:00 [queued]>
[2022-04-06 03:52:58,920] {taskinstance.py:1043} INFO - Dependencies all met for <TaskInstance: IngestToGCP.processing_tasks_badges.download_files_badges scheduled__2021-06-01T00:00:00+00:00 [queued]>
[2022-04-06 03:52:58,920] {taskinstance.py:1249} INFO - 
--------------------------------------------------------------------------------
[2022-04-06 03:52:58,920] {taskinstance.py:1250} INFO - Starting attempt 1 of 1
[2022-04-06 03:52:58,921] {taskinstance.py:1251} INFO - 
--------------------------------------------------------------------------------
[2022-04-06 03:52:59,062] {taskinstance.py:1270} INFO - Executing <Task(BashOperator): processing_tasks_badges.download_files_badges> on 2021-06-01 00:00:00+00:00
[2022-04-06 03:52:59,192] {standard_task_runner.py:52} INFO - Started process 233008 to run task
[2022-04-06 03:52:59,226] {standard_task_runner.py:79} INFO - Running: ['***', 'tasks', 'run', 'IngestToGCP', 'processing_tasks_badges.download_files_badges', 'scheduled__2021-06-01T00:00:00+00:00', '--job-id', '12042', '--raw', '--subdir', 'DAGS_FOLDER/ingest_dag.py', '--cfg-path', '/tmp/tmp4eobt5bu', '--error-file', '/tmp/tmprneydfo2']
[2022-04-06 03:52:59,227] {standard_task_runner.py:80} INFO - Job 12042: Subtask processing_tasks_badges.download_files_badges
[2022-04-06 03:52:59,686] {logging_mixin.py:109} INFO - Running <TaskInstance: IngestToGCP.processing_tasks_badges.download_files_badges scheduled__2021-06-01T00:00:00+00:00 [running]> on host 9fe4286b2855
[2022-04-06 03:53:00,328] {logging_mixin.py:109} WARNING - /home/***/.local/lib/python3.7/site-packages/***/utils/context.py:156 AirflowContextDeprecationWarning: Accessing 'execution_date' from the template is deprecated and will be removed in a future version. Please use 'data_interval_start' or 'logical_date' instead.
[2022-04-06 03:53:00,504] {taskinstance.py:1448} INFO - Exporting the following env vars:
AIRFLOW_CTX_DAG_OWNER=***
AIRFLOW_CTX_DAG_ID=IngestToGCP
AIRFLOW_CTX_TASK_ID=processing_tasks_badges.download_files_badges
AIRFLOW_CTX_EXECUTION_DATE=2021-06-01T00:00:00+00:00
AIRFLOW_CTX_DAG_RUN_ID=scheduled__2021-06-01T00:00:00+00:00
[2022-04-06 03:53:00,506] {subprocess.py:62} INFO - Tmp dir root location: 
 /tmp
[2022-04-06 03:53:00,507] {subprocess.py:74} INFO - Running command: ['bash', '-c', 'curl -A "Mozilla Chrome Safari" -sSfl --connect-timeout 5                     --retry 5                     https://storage.googleapis.com/dtc_data_lake_de-stack-overflow/processed/badges-2021-06.csv > /opt/***/badges-2021-06.csv']
[2022-04-06 03:53:00,707] {subprocess.py:85} INFO - Output:
[2022-04-06 03:53:02,158] {subprocess.py:93} INFO - Command exited with return code 0
[2022-04-06 03:53:03,253] {taskinstance.py:1288} INFO - Marking task as SUCCESS. dag_id=IngestToGCP, task_id=processing_tasks_badges.download_files_badges, execution_date=20210601T000000, start_date=20220406T035258, end_date=20220406T035303
[2022-04-06 03:53:03,408] {local_task_job.py:154} INFO - Task exited with return code 0
[2022-04-06 03:53:03,871] {local_task_job.py:264} INFO - 1 downstream tasks scheduled from follow-on schedule check
