[2022-04-07 22:21:45,869] {taskinstance.py:1043} INFO - Dependencies all met for <TaskInstance: load_to_BigQuery.create_external_posts_answers.create_posts_answers_stack_overflow_data_external_table scheduled__2020-07-01T00:00:00+00:00 [queued]>
[2022-04-07 22:21:45,890] {taskinstance.py:1043} INFO - Dependencies all met for <TaskInstance: load_to_BigQuery.create_external_posts_answers.create_posts_answers_stack_overflow_data_external_table scheduled__2020-07-01T00:00:00+00:00 [queued]>
[2022-04-07 22:21:45,890] {taskinstance.py:1249} INFO - 
--------------------------------------------------------------------------------
[2022-04-07 22:21:45,890] {taskinstance.py:1250} INFO - Starting attempt 1 of 1
[2022-04-07 22:21:45,890] {taskinstance.py:1251} INFO - 
--------------------------------------------------------------------------------
[2022-04-07 22:21:46,104] {taskinstance.py:1270} INFO - Executing <Task(BigQueryCreateExternalTableOperator): create_external_posts_answers.create_posts_answers_stack_overflow_data_external_table> on 2020-07-01 00:00:00+00:00
[2022-04-07 22:21:46,115] {standard_task_runner.py:52} INFO - Started process 8201 to run task
[2022-04-07 22:21:46,129] {standard_task_runner.py:79} INFO - Running: ['***', 'tasks', 'run', 'load_to_BigQuery', 'create_external_posts_answers.create_posts_answers_stack_overflow_data_external_table', 'scheduled__2020-07-01T00:00:00+00:00', '--job-id', '14459', '--raw', '--subdir', 'DAGS_FOLDER/load_to_BigQuery_dag.py', '--cfg-path', '/tmp/tmp7r4_g8wq', '--error-file', '/tmp/tmp_bitl3pl']
[2022-04-07 22:21:46,131] {standard_task_runner.py:80} INFO - Job 14459: Subtask create_external_posts_answers.create_posts_answers_stack_overflow_data_external_table
[2022-04-07 22:21:46,251] {logging_mixin.py:109} INFO - Running <TaskInstance: load_to_BigQuery.create_external_posts_answers.create_posts_answers_stack_overflow_data_external_table scheduled__2020-07-01T00:00:00+00:00 [running]> on host 36107d30f64e
[2022-04-07 22:21:46,358] {logging_mixin.py:109} WARNING - /home/***/.local/lib/python3.7/site-packages/***/utils/context.py:156 AirflowContextDeprecationWarning: Accessing 'execution_date' from the template is deprecated and will be removed in a future version. Please use 'data_interval_start' or 'logical_date' instead.
[2022-04-07 22:21:46,427] {taskinstance.py:1448} INFO - Exporting the following env vars:
AIRFLOW_CTX_DAG_OWNER=***
AIRFLOW_CTX_DAG_ID=load_to_BigQuery
AIRFLOW_CTX_TASK_ID=create_external_posts_answers.create_posts_answers_stack_overflow_data_external_table
AIRFLOW_CTX_EXECUTION_DATE=2020-07-01T00:00:00+00:00
AIRFLOW_CTX_DAG_RUN_ID=scheduled__2020-07-01T00:00:00+00:00
[2022-04-07 22:21:46,430] {crypto.py:82} WARNING - empty cryptography key - values will not be stored encrypted.
[2022-04-07 22:21:46,919] {taskinstance.py:1288} INFO - Marking task as SUCCESS. dag_id=load_to_BigQuery, task_id=create_external_posts_answers.create_posts_answers_stack_overflow_data_external_table, execution_date=20200701T000000, start_date=20220407T222145, end_date=20220407T222146
[2022-04-07 22:21:46,978] {local_task_job.py:154} INFO - Task exited with return code 0
[2022-04-07 22:21:47,029] {local_task_job.py:264} INFO - 1 downstream tasks scheduled from follow-on schedule check
