[2022-04-07 19:22:53,838] {taskinstance.py:1043} INFO - Dependencies all met for <TaskInstance: load_to_BigQuery.create_external_posts_questions.bq_create_posts_questions_stack_overflow_data_partitioned_table_task scheduled__2015-12-01T00:00:00+00:00 [queued]>
[2022-04-07 19:22:53,964] {taskinstance.py:1043} INFO - Dependencies all met for <TaskInstance: load_to_BigQuery.create_external_posts_questions.bq_create_posts_questions_stack_overflow_data_partitioned_table_task scheduled__2015-12-01T00:00:00+00:00 [queued]>
[2022-04-07 19:22:53,964] {taskinstance.py:1249} INFO - 
--------------------------------------------------------------------------------
[2022-04-07 19:22:53,964] {taskinstance.py:1250} INFO - Starting attempt 1 of 1
[2022-04-07 19:22:53,964] {taskinstance.py:1251} INFO - 
--------------------------------------------------------------------------------
[2022-04-07 19:22:54,544] {taskinstance.py:1270} INFO - Executing <Task(BigQueryInsertJobOperator): create_external_posts_questions.bq_create_posts_questions_stack_overflow_data_partitioned_table_task> on 2015-12-01 00:00:00+00:00
[2022-04-07 19:22:54,568] {standard_task_runner.py:52} INFO - Started process 3054 to run task
[2022-04-07 19:22:54,602] {standard_task_runner.py:79} INFO - Running: ['***', 'tasks', 'run', 'load_to_BigQuery', 'create_external_posts_questions.bq_create_posts_questions_stack_overflow_data_partitioned_table_task', 'scheduled__2015-12-01T00:00:00+00:00', '--job-id', '12768', '--raw', '--subdir', 'DAGS_FOLDER/load_to_BigQuery_dag.py', '--cfg-path', '/tmp/tmp1e7h2_ac', '--error-file', '/tmp/tmp68a51gl3']
[2022-04-07 19:22:54,627] {standard_task_runner.py:80} INFO - Job 12768: Subtask create_external_posts_questions.bq_create_posts_questions_stack_overflow_data_partitioned_table_task
[2022-04-07 19:22:55,002] {logging_mixin.py:109} INFO - Running <TaskInstance: load_to_BigQuery.create_external_posts_questions.bq_create_posts_questions_stack_overflow_data_partitioned_table_task scheduled__2015-12-01T00:00:00+00:00 [running]> on host 2c54f2187010
[2022-04-07 19:22:55,570] {taskinstance.py:1448} INFO - Exporting the following env vars:
AIRFLOW_CTX_DAG_OWNER=***
AIRFLOW_CTX_DAG_ID=load_to_BigQuery
AIRFLOW_CTX_TASK_ID=create_external_posts_questions.bq_create_posts_questions_stack_overflow_data_partitioned_table_task
AIRFLOW_CTX_EXECUTION_DATE=2015-12-01T00:00:00+00:00
AIRFLOW_CTX_DAG_RUN_ID=scheduled__2015-12-01T00:00:00+00:00
[2022-04-07 19:22:55,572] {crypto.py:82} WARNING - empty cryptography key - values will not be stored encrypted.
[2022-04-07 19:22:55,644] {logging_mixin.py:109} WARNING - /home/***/.local/lib/python3.7/site-packages/***/utils/context.py:156 AirflowContextDeprecationWarning: Accessing 'execution_date' from the template is deprecated and will be removed in a future version. Please use 'data_interval_start' or 'logical_date' instead.
[2022-04-07 19:22:55,695] {bigquery.py:1554} INFO - Inserting job ***_load_to_BigQuery_create_external_posts_questions_bq_create_posts_questions_stack_overflow_data_partitioned_table_task_2015_12_01T00_00_00_00_00_370ae82ba209a7a1f5d66f41773e49a9
[2022-04-07 19:22:56,146] {taskinstance.py:1774} ERROR - Task failed with exception
Traceback (most recent call last):
  File "/home/airflow/.local/lib/python3.7/site-packages/airflow/providers/google/cloud/operators/bigquery.py", line 2153, in execute
    job = self._submit_job(hook, job_id)
  File "/home/airflow/.local/lib/python3.7/site-packages/airflow/providers/google/cloud/operators/bigquery.py", line 2119, in _submit_job
    retry=self.result_retry,
  File "/home/airflow/.local/lib/python3.7/site-packages/airflow/providers/google/common/hooks/base_google.py", line 439, in inner_wrapper
    return func(self, *args, **kwargs)
  File "/home/airflow/.local/lib/python3.7/site-packages/airflow/providers/google/cloud/hooks/bigquery.py", line 1560, in insert_job
    job.result(timeout=timeout, retry=retry)
  File "/home/airflow/.local/lib/python3.7/site-packages/google/cloud/bigquery/job/query.py", line 1498, in result
    do_get_result()
  File "/home/airflow/.local/lib/python3.7/site-packages/google/cloud/bigquery/job/query.py", line 1488, in do_get_result
    super(QueryJob, self).result(retry=retry, timeout=timeout)
  File "/home/airflow/.local/lib/python3.7/site-packages/google/cloud/bigquery/job/base.py", line 728, in result
    return super(_AsyncJob, self).result(timeout=timeout, **kwargs)
  File "/home/airflow/.local/lib/python3.7/site-packages/google/api_core/future/polling.py", line 135, in result
    raise self._exception
google.api_core.exceptions.BadRequest: 400 Could not cast literal "creation_date" to type TIMESTAMP at [1:111]

Location: us-central1
Job ID: airflow_load_to_BigQuery_create_external_posts_questions_bq_create_posts_questions_stack_overflow_data_partitioned_table_task_2015_12_01T00_00_00_00_00_370ae82ba209a7a1f5d66f41773e49a9

[2022-04-07 19:22:56,204] {taskinstance.py:1288} INFO - Marking task as FAILED. dag_id=load_to_BigQuery, task_id=create_external_posts_questions.bq_create_posts_questions_stack_overflow_data_partitioned_table_task, execution_date=20151201T000000, start_date=20220407T192253, end_date=20220407T192256
[2022-04-07 19:22:56,328] {standard_task_runner.py:98} ERROR - Failed to execute job 12768 for task create_external_posts_questions.bq_create_posts_questions_stack_overflow_data_partitioned_table_task (400 Could not cast literal "creation_date" to type TIMESTAMP at [1:111]

Location: us-central1
Job ID: airflow_load_to_BigQuery_create_external_posts_questions_bq_create_posts_questions_stack_overflow_data_partitioned_table_task_2015_12_01T00_00_00_00_00_370ae82ba209a7a1f5d66f41773e49a9
; 3054)
[2022-04-07 19:22:56,410] {local_task_job.py:154} INFO - Task exited with return code 1
[2022-04-07 19:22:56,947] {local_task_job.py:264} INFO - 0 downstream tasks scheduled from follow-on schedule check
[2022-04-07 22:16:13,792] {taskinstance.py:1043} INFO - Dependencies all met for <TaskInstance: load_to_BigQuery.create_external_posts_questions.bq_create_posts_questions_stack_overflow_data_partitioned_table_task scheduled__2015-12-01T00:00:00+00:00 [queued]>
[2022-04-07 22:16:13,843] {taskinstance.py:1043} INFO - Dependencies all met for <TaskInstance: load_to_BigQuery.create_external_posts_questions.bq_create_posts_questions_stack_overflow_data_partitioned_table_task scheduled__2015-12-01T00:00:00+00:00 [queued]>
[2022-04-07 22:16:13,843] {taskinstance.py:1249} INFO - 
--------------------------------------------------------------------------------
[2022-04-07 22:16:13,843] {taskinstance.py:1250} INFO - Starting attempt 1 of 1
[2022-04-07 22:16:13,844] {taskinstance.py:1251} INFO - 
--------------------------------------------------------------------------------
[2022-04-07 22:16:14,277] {taskinstance.py:1270} INFO - Executing <Task(BigQueryInsertJobOperator): create_external_posts_questions.bq_create_posts_questions_stack_overflow_data_partitioned_table_task> on 2015-12-01 00:00:00+00:00
[2022-04-07 22:16:14,304] {standard_task_runner.py:52} INFO - Started process 5305 to run task
[2022-04-07 22:16:14,324] {standard_task_runner.py:79} INFO - Running: ['***', 'tasks', 'run', 'load_to_BigQuery', 'create_external_posts_questions.bq_create_posts_questions_stack_overflow_data_partitioned_table_task', 'scheduled__2015-12-01T00:00:00+00:00', '--job-id', '14020', '--raw', '--subdir', 'DAGS_FOLDER/load_to_BigQuery_dag.py', '--cfg-path', '/tmp/tmpm9jsd4xi', '--error-file', '/tmp/tmpd7_8ec96']
[2022-04-07 22:16:14,326] {standard_task_runner.py:80} INFO - Job 14020: Subtask create_external_posts_questions.bq_create_posts_questions_stack_overflow_data_partitioned_table_task
[2022-04-07 22:16:14,596] {logging_mixin.py:109} INFO - Running <TaskInstance: load_to_BigQuery.create_external_posts_questions.bq_create_posts_questions_stack_overflow_data_partitioned_table_task scheduled__2015-12-01T00:00:00+00:00 [running]> on host 36107d30f64e
[2022-04-07 22:16:14,836] {taskinstance.py:1448} INFO - Exporting the following env vars:
AIRFLOW_CTX_DAG_OWNER=***
AIRFLOW_CTX_DAG_ID=load_to_BigQuery
AIRFLOW_CTX_TASK_ID=create_external_posts_questions.bq_create_posts_questions_stack_overflow_data_partitioned_table_task
AIRFLOW_CTX_EXECUTION_DATE=2015-12-01T00:00:00+00:00
AIRFLOW_CTX_DAG_RUN_ID=scheduled__2015-12-01T00:00:00+00:00
[2022-04-07 22:16:14,838] {crypto.py:82} WARNING - empty cryptography key - values will not be stored encrypted.
[2022-04-07 22:16:14,880] {logging_mixin.py:109} WARNING - /home/***/.local/lib/python3.7/site-packages/***/utils/context.py:156 AirflowContextDeprecationWarning: Accessing 'execution_date' from the template is deprecated and will be removed in a future version. Please use 'data_interval_start' or 'logical_date' instead.
[2022-04-07 22:16:14,903] {bigquery.py:1554} INFO - Inserting job ***_load_to_BigQuery_create_external_posts_questions_bq_create_posts_questions_stack_overflow_data_partitioned_table_task_2015_12_01T00_00_00_00_00_7ca49d0c938fcc206c3cfe82cbc6ce9a
[2022-04-07 22:16:18,382] {taskinstance.py:1288} INFO - Marking task as SUCCESS. dag_id=load_to_BigQuery, task_id=create_external_posts_questions.bq_create_posts_questions_stack_overflow_data_partitioned_table_task, execution_date=20151201T000000, start_date=20220407T221613, end_date=20220407T221618
[2022-04-07 22:16:18,424] {local_task_job.py:154} INFO - Task exited with return code 0
[2022-04-07 22:16:18,483] {local_task_job.py:264} INFO - 0 downstream tasks scheduled from follow-on schedule check
