[2022-03-30 19:58:57,583] {taskinstance.py:1037} INFO - Dependencies all met for <TaskInstance: IngestToGCP.processing_tasks_posts_questions.format_to_parquet_posts_questions scheduled__2009-05-01T00:00:00+00:00 [queued]>
[2022-03-30 19:58:57,694] {taskinstance.py:1037} INFO - Dependencies all met for <TaskInstance: IngestToGCP.processing_tasks_posts_questions.format_to_parquet_posts_questions scheduled__2009-05-01T00:00:00+00:00 [queued]>
[2022-03-30 19:58:57,694] {taskinstance.py:1243} INFO - 
--------------------------------------------------------------------------------
[2022-03-30 19:58:57,695] {taskinstance.py:1244} INFO - Starting attempt 1 of 1
[2022-03-30 19:58:57,695] {taskinstance.py:1245} INFO - 
--------------------------------------------------------------------------------
[2022-03-30 19:58:57,784] {taskinstance.py:1264} INFO - Executing <Task(PythonOperator): processing_tasks_posts_questions.format_to_parquet_posts_questions> on 2009-05-01 00:00:00+00:00
[2022-03-30 19:58:57,818] {standard_task_runner.py:52} INFO - Started process 2120 to run task
[2022-03-30 19:58:57,871] {standard_task_runner.py:76} INFO - Running: ['***', 'tasks', 'run', 'IngestToGCP', 'processing_tasks_posts_questions.format_to_parquet_posts_questions', 'scheduled__2009-05-01T00:00:00+00:00', '--job-id', '98', '--raw', '--subdir', 'DAGS_FOLDER/ingest_dag.py', '--cfg-path', '/tmp/tmp4ar7svjo', '--error-file', '/tmp/tmp87bsfinb']
[2022-03-30 19:58:57,890] {standard_task_runner.py:77} INFO - Job 98: Subtask processing_tasks_posts_questions.format_to_parquet_posts_questions
[2022-03-30 19:58:58,287] {logging_mixin.py:109} INFO - Running <TaskInstance: IngestToGCP.processing_tasks_posts_questions.format_to_parquet_posts_questions scheduled__2009-05-01T00:00:00+00:00 [running]> on host d9825fd5ae59
[2022-03-30 19:58:58,481] {logging_mixin.py:109} WARNING - /home/***/.local/lib/python3.7/site-packages/***/utils/context.py:156 AirflowContextDeprecationWarning: Accessing 'execution_date' from the template is deprecated and will be removed in a future version. Please use 'data_interval_start' or 'logical_date' instead.
[2022-03-30 19:58:58,584] {taskinstance.py:1431} INFO - Exporting the following env vars:
AIRFLOW_CTX_DAG_OWNER=***
AIRFLOW_CTX_DAG_ID=IngestToGCP
AIRFLOW_CTX_TASK_ID=processing_tasks_posts_questions.format_to_parquet_posts_questions
AIRFLOW_CTX_EXECUTION_DATE=2009-05-01T00:00:00+00:00
AIRFLOW_CTX_DAG_RUN_ID=scheduled__2009-05-01T00:00:00+00:00
[2022-03-30 19:59:02,056] {python.py:175} INFO - Done. Returned value was: None
[2022-03-30 19:59:03,878] {taskinstance.py:1282} INFO - Marking task as SUCCESS. dag_id=IngestToGCP, task_id=processing_tasks_posts_questions.format_to_parquet_posts_questions, execution_date=20090501T000000, start_date=20220330T195857, end_date=20220330T195903
[2022-03-30 19:59:04,099] {local_task_job.py:154} INFO - Task exited with return code 0
[2022-03-30 19:59:05,622] {local_task_job.py:264} INFO - 0 downstream tasks scheduled from follow-on schedule check
[2022-04-05 22:44:32,802] {taskinstance.py:1043} INFO - Dependencies all met for <TaskInstance: IngestToGCP.processing_tasks_posts_questions.format_to_parquet_posts_questions scheduled__2009-05-01T00:00:00+00:00 [queued]>
[2022-04-05 22:44:32,993] {taskinstance.py:1043} INFO - Dependencies all met for <TaskInstance: IngestToGCP.processing_tasks_posts_questions.format_to_parquet_posts_questions scheduled__2009-05-01T00:00:00+00:00 [queued]>
[2022-04-05 22:44:33,000] {taskinstance.py:1249} INFO - 
--------------------------------------------------------------------------------
[2022-04-05 22:44:33,000] {taskinstance.py:1250} INFO - Starting attempt 1 of 1
[2022-04-05 22:44:33,000] {taskinstance.py:1251} INFO - 
--------------------------------------------------------------------------------
[2022-04-05 22:44:33,192] {taskinstance.py:1270} INFO - Executing <Task(PythonOperator): processing_tasks_posts_questions.format_to_parquet_posts_questions> on 2009-05-01 00:00:00+00:00
[2022-04-05 22:44:33,274] {standard_task_runner.py:52} INFO - Started process 13923 to run task
[2022-04-05 22:44:33,357] {standard_task_runner.py:79} INFO - Running: ['***', 'tasks', 'run', 'IngestToGCP', 'processing_tasks_posts_questions.format_to_parquet_posts_questions', 'scheduled__2009-05-01T00:00:00+00:00', '--job-id', '8580', '--raw', '--subdir', 'DAGS_FOLDER/ingest_dag.py', '--cfg-path', '/tmp/tmpuntxszzm', '--error-file', '/tmp/tmpv81ws4rf']
[2022-04-05 22:44:33,358] {standard_task_runner.py:80} INFO - Job 8580: Subtask processing_tasks_posts_questions.format_to_parquet_posts_questions
[2022-04-05 22:44:34,181] {logging_mixin.py:109} INFO - Running <TaskInstance: IngestToGCP.processing_tasks_posts_questions.format_to_parquet_posts_questions scheduled__2009-05-01T00:00:00+00:00 [running]> on host 9fe4286b2855
[2022-04-05 22:44:34,855] {logging_mixin.py:109} WARNING - /home/***/.local/lib/python3.7/site-packages/***/utils/context.py:156 AirflowContextDeprecationWarning: Accessing 'execution_date' from the template is deprecated and will be removed in a future version. Please use 'data_interval_start' or 'logical_date' instead.
[2022-04-05 22:44:35,014] {taskinstance.py:1448} INFO - Exporting the following env vars:
AIRFLOW_CTX_DAG_OWNER=***
AIRFLOW_CTX_DAG_ID=IngestToGCP
AIRFLOW_CTX_TASK_ID=processing_tasks_posts_questions.format_to_parquet_posts_questions
AIRFLOW_CTX_EXECUTION_DATE=2009-05-01T00:00:00+00:00
AIRFLOW_CTX_DAG_RUN_ID=scheduled__2009-05-01T00:00:00+00:00
[2022-04-05 22:44:39,627] {python.py:175} INFO - Done. Returned value was: None
[2022-04-05 22:44:39,752] {taskinstance.py:1288} INFO - Marking task as SUCCESS. dag_id=IngestToGCP, task_id=processing_tasks_posts_questions.format_to_parquet_posts_questions, execution_date=20090501T000000, start_date=20220405T224432, end_date=20220405T224439
[2022-04-05 22:44:40,112] {local_task_job.py:154} INFO - Task exited with return code 0
[2022-04-05 22:44:40,332] {local_task_job.py:264} INFO - 1 downstream tasks scheduled from follow-on schedule check
