[2022-03-30 19:58:28,125] {taskinstance.py:1037} INFO - Dependencies all met for <TaskInstance: IngestToGCP.processing_tasks_badges.download_files_badges scheduled__2009-05-01T00:00:00+00:00 [queued]>
[2022-03-30 19:58:28,246] {taskinstance.py:1037} INFO - Dependencies all met for <TaskInstance: IngestToGCP.processing_tasks_badges.download_files_badges scheduled__2009-05-01T00:00:00+00:00 [queued]>
[2022-03-30 19:58:28,247] {taskinstance.py:1243} INFO - 
--------------------------------------------------------------------------------
[2022-03-30 19:58:28,247] {taskinstance.py:1244} INFO - Starting attempt 1 of 1
[2022-03-30 19:58:28,247] {taskinstance.py:1245} INFO - 
--------------------------------------------------------------------------------
[2022-03-30 19:58:28,346] {taskinstance.py:1264} INFO - Executing <Task(BashOperator): processing_tasks_badges.download_files_badges> on 2009-05-01 00:00:00+00:00
[2022-03-30 19:58:28,376] {standard_task_runner.py:52} INFO - Started process 1304 to run task
[2022-03-30 19:58:28,463] {standard_task_runner.py:76} INFO - Running: ['***', 'tasks', 'run', 'IngestToGCP', 'processing_tasks_badges.download_files_badges', 'scheduled__2009-05-01T00:00:00+00:00', '--job-id', '42', '--raw', '--subdir', 'DAGS_FOLDER/ingest_dag.py', '--cfg-path', '/tmp/tmpojgwagri', '--error-file', '/tmp/tmp2yseh3o6']
[2022-03-30 19:58:28,480] {standard_task_runner.py:77} INFO - Job 42: Subtask processing_tasks_badges.download_files_badges
[2022-03-30 19:58:28,778] {logging_mixin.py:109} INFO - Running <TaskInstance: IngestToGCP.processing_tasks_badges.download_files_badges scheduled__2009-05-01T00:00:00+00:00 [running]> on host d9825fd5ae59
[2022-03-30 19:58:28,990] {logging_mixin.py:109} WARNING - /home/***/.local/lib/python3.7/site-packages/***/utils/context.py:156 AirflowContextDeprecationWarning: Accessing 'execution_date' from the template is deprecated and will be removed in a future version. Please use 'data_interval_start' or 'logical_date' instead.
[2022-03-30 19:58:29,102] {taskinstance.py:1431} INFO - Exporting the following env vars:
AIRFLOW_CTX_DAG_OWNER=***
AIRFLOW_CTX_DAG_ID=IngestToGCP
AIRFLOW_CTX_TASK_ID=processing_tasks_badges.download_files_badges
AIRFLOW_CTX_EXECUTION_DATE=2009-05-01T00:00:00+00:00
AIRFLOW_CTX_DAG_RUN_ID=scheduled__2009-05-01T00:00:00+00:00
[2022-03-30 19:58:29,110] {subprocess.py:62} INFO - Tmp dir root location: 
 /tmp
[2022-03-30 19:58:29,123] {subprocess.py:74} INFO - Running command: ['bash', '-c', 'curl -sSfl https://storage.googleapis.com/dtc_data_lake_de-stack-overflow/processed/badges-2009-05.csv > /opt/***/badges-2009-05.csv']
[2022-03-30 19:58:29,224] {subprocess.py:85} INFO - Output:
[2022-03-30 19:58:30,066] {subprocess.py:93} INFO - Command exited with return code 0
[2022-03-30 19:58:30,896] {taskinstance.py:1282} INFO - Marking task as SUCCESS. dag_id=IngestToGCP, task_id=processing_tasks_badges.download_files_badges, execution_date=20090501T000000, start_date=20220330T195828, end_date=20220330T195830
[2022-03-30 19:58:31,047] {local_task_job.py:154} INFO - Task exited with return code 0
[2022-03-30 19:58:31,299] {local_task_job.py:264} INFO - 1 downstream tasks scheduled from follow-on schedule check
