[2022-04-06 01:41:35,399] {taskinstance.py:1043} INFO - Dependencies all met for <TaskInstance: IngestToGCP.processing_tasks_posts_answers.remove_posts_answers_csv scheduled__2016-06-01T00:00:00+00:00 [queued]>
[2022-04-06 01:41:35,659] {taskinstance.py:1043} INFO - Dependencies all met for <TaskInstance: IngestToGCP.processing_tasks_posts_answers.remove_posts_answers_csv scheduled__2016-06-01T00:00:00+00:00 [queued]>
[2022-04-06 01:41:35,659] {taskinstance.py:1249} INFO - 
--------------------------------------------------------------------------------
[2022-04-06 01:41:35,659] {taskinstance.py:1250} INFO - Starting attempt 1 of 1
[2022-04-06 01:41:35,659] {taskinstance.py:1251} INFO - 
--------------------------------------------------------------------------------
[2022-04-06 01:41:35,893] {taskinstance.py:1270} INFO - Executing <Task(BashOperator): processing_tasks_posts_answers.remove_posts_answers_csv> on 2016-06-01 00:00:00+00:00
[2022-04-06 01:41:35,973] {standard_task_runner.py:52} INFO - Started process 143111 to run task
[2022-04-06 01:41:36,075] {standard_task_runner.py:79} INFO - Running: ['***', 'tasks', 'run', 'IngestToGCP', 'processing_tasks_posts_answers.remove_posts_answers_csv', 'scheduled__2016-06-01T00:00:00+00:00', '--job-id', '10629', '--raw', '--subdir', 'DAGS_FOLDER/ingest_dag.py', '--cfg-path', '/tmp/tmpgf9xucwv', '--error-file', '/tmp/tmpeczauuk7']
[2022-04-06 01:41:36,076] {standard_task_runner.py:80} INFO - Job 10629: Subtask processing_tasks_posts_answers.remove_posts_answers_csv
[2022-04-06 01:41:36,552] {logging_mixin.py:109} INFO - Running <TaskInstance: IngestToGCP.processing_tasks_posts_answers.remove_posts_answers_csv scheduled__2016-06-01T00:00:00+00:00 [running]> on host 9fe4286b2855
[2022-04-06 01:41:36,770] {logging_mixin.py:109} WARNING - /home/***/.local/lib/python3.7/site-packages/***/utils/context.py:156 AirflowContextDeprecationWarning: Accessing 'execution_date' from the template is deprecated and will be removed in a future version. Please use 'data_interval_start' or 'logical_date' instead.
[2022-04-06 01:41:37,071] {taskinstance.py:1448} INFO - Exporting the following env vars:
AIRFLOW_CTX_DAG_OWNER=***
AIRFLOW_CTX_DAG_ID=IngestToGCP
AIRFLOW_CTX_TASK_ID=processing_tasks_posts_answers.remove_posts_answers_csv
AIRFLOW_CTX_EXECUTION_DATE=2016-06-01T00:00:00+00:00
AIRFLOW_CTX_DAG_RUN_ID=scheduled__2016-06-01T00:00:00+00:00
[2022-04-06 01:41:37,073] {subprocess.py:62} INFO - Tmp dir root location: 
 /tmp
[2022-04-06 01:41:37,074] {subprocess.py:74} INFO - Running command: ['bash', '-c', 'rm /opt/***/posts_answers-2016-06.csv']
[2022-04-06 01:41:37,171] {subprocess.py:85} INFO - Output:
[2022-04-06 01:41:37,768] {subprocess.py:93} INFO - Command exited with return code 0
[2022-04-06 01:41:38,146] {taskinstance.py:1288} INFO - Marking task as SUCCESS. dag_id=IngestToGCP, task_id=processing_tasks_posts_answers.remove_posts_answers_csv, execution_date=20160601T000000, start_date=20220406T014135, end_date=20220406T014138
[2022-04-06 01:41:38,352] {local_task_job.py:154} INFO - Task exited with return code 0
[2022-04-06 01:41:38,451] {local_task_job.py:264} INFO - 1 downstream tasks scheduled from follow-on schedule check
