[2022-04-06 03:21:30,216] {taskinstance.py:1043} INFO - Dependencies all met for <TaskInstance: IngestToGCP.processing_tasks_posts_answers.remove_posts_answers_parquet scheduled__2019-12-01T00:00:00+00:00 [queued]>
[2022-04-06 03:21:30,500] {taskinstance.py:1043} INFO - Dependencies all met for <TaskInstance: IngestToGCP.processing_tasks_posts_answers.remove_posts_answers_parquet scheduled__2019-12-01T00:00:00+00:00 [queued]>
[2022-04-06 03:21:30,500] {taskinstance.py:1249} INFO - 
--------------------------------------------------------------------------------
[2022-04-06 03:21:30,500] {taskinstance.py:1250} INFO - Starting attempt 1 of 1
[2022-04-06 03:21:30,501] {taskinstance.py:1251} INFO - 
--------------------------------------------------------------------------------
[2022-04-06 03:21:30,796] {taskinstance.py:1270} INFO - Executing <Task(BashOperator): processing_tasks_posts_answers.remove_posts_answers_parquet> on 2019-12-01 00:00:00+00:00
[2022-04-06 03:21:30,879] {standard_task_runner.py:52} INFO - Started process 210998 to run task
[2022-04-06 03:21:30,931] {standard_task_runner.py:79} INFO - Running: ['***', 'tasks', 'run', 'IngestToGCP', 'processing_tasks_posts_answers.remove_posts_answers_parquet', 'scheduled__2019-12-01T00:00:00+00:00', '--job-id', '11690', '--raw', '--subdir', 'DAGS_FOLDER/ingest_dag.py', '--cfg-path', '/tmp/tmpsoo7ycdt', '--error-file', '/tmp/tmp1t2yvcil']
[2022-04-06 03:21:30,946] {standard_task_runner.py:80} INFO - Job 11690: Subtask processing_tasks_posts_answers.remove_posts_answers_parquet
[2022-04-06 03:21:31,661] {logging_mixin.py:109} INFO - Running <TaskInstance: IngestToGCP.processing_tasks_posts_answers.remove_posts_answers_parquet scheduled__2019-12-01T00:00:00+00:00 [running]> on host 9fe4286b2855
[2022-04-06 03:21:32,548] {logging_mixin.py:109} WARNING - /home/***/.local/lib/python3.7/site-packages/***/utils/context.py:156 AirflowContextDeprecationWarning: Accessing 'execution_date' from the template is deprecated and will be removed in a future version. Please use 'data_interval_start' or 'logical_date' instead.
[2022-04-06 03:21:32,721] {taskinstance.py:1448} INFO - Exporting the following env vars:
AIRFLOW_CTX_DAG_OWNER=***
AIRFLOW_CTX_DAG_ID=IngestToGCP
AIRFLOW_CTX_TASK_ID=processing_tasks_posts_answers.remove_posts_answers_parquet
AIRFLOW_CTX_EXECUTION_DATE=2019-12-01T00:00:00+00:00
AIRFLOW_CTX_DAG_RUN_ID=scheduled__2019-12-01T00:00:00+00:00
[2022-04-06 03:21:32,723] {subprocess.py:62} INFO - Tmp dir root location: 
 /tmp
[2022-04-06 03:21:32,724] {subprocess.py:74} INFO - Running command: ['bash', '-c', 'rm /opt/***/posts_answers-2019-12.parquet']
[2022-04-06 03:21:32,910] {subprocess.py:85} INFO - Output:
[2022-04-06 03:21:33,285] {subprocess.py:93} INFO - Command exited with return code 0
[2022-04-06 03:21:33,518] {taskinstance.py:1288} INFO - Marking task as SUCCESS. dag_id=IngestToGCP, task_id=processing_tasks_posts_answers.remove_posts_answers_parquet, execution_date=20191201T000000, start_date=20220406T032130, end_date=20220406T032133
[2022-04-06 03:21:33,917] {local_task_job.py:154} INFO - Task exited with return code 0
[2022-04-06 03:21:34,255] {local_task_job.py:264} INFO - 0 downstream tasks scheduled from follow-on schedule check
