[2022-04-05 22:26:32,858] {taskinstance.py:1043} INFO - Dependencies all met for <TaskInstance: IngestToGCP.processing_tasks_posts_answers.spark_job scheduled__2008-07-01T00:00:00+00:00 [queued]>
[2022-04-05 22:26:32,960] {taskinstance.py:1043} INFO - Dependencies all met for <TaskInstance: IngestToGCP.processing_tasks_posts_answers.spark_job scheduled__2008-07-01T00:00:00+00:00 [queued]>
[2022-04-05 22:26:32,961] {taskinstance.py:1249} INFO - 
--------------------------------------------------------------------------------
[2022-04-05 22:26:32,961] {taskinstance.py:1250} INFO - Starting attempt 1 of 1
[2022-04-05 22:26:32,961] {taskinstance.py:1251} INFO - 
--------------------------------------------------------------------------------
[2022-04-05 22:26:33,024] {taskinstance.py:1270} INFO - Executing <Task(SparkSubmitOperator): processing_tasks_posts_answers.spark_job> on 2008-07-01 00:00:00+00:00
[2022-04-05 22:26:33,057] {standard_task_runner.py:52} INFO - Started process 565 to run task
[2022-04-05 22:26:33,092] {standard_task_runner.py:79} INFO - Running: ['***', 'tasks', 'run', 'IngestToGCP', 'processing_tasks_posts_answers.spark_job', 'scheduled__2008-07-01T00:00:00+00:00', '--job-id', '8353', '--raw', '--subdir', 'DAGS_FOLDER/ingest_dag.py', '--cfg-path', '/tmp/tmptloct95a', '--error-file', '/tmp/tmpgdxsnlz3']
[2022-04-05 22:26:33,093] {standard_task_runner.py:80} INFO - Job 8353: Subtask processing_tasks_posts_answers.spark_job
[2022-04-05 22:26:33,264] {logging_mixin.py:109} INFO - Running <TaskInstance: IngestToGCP.processing_tasks_posts_answers.spark_job scheduled__2008-07-01T00:00:00+00:00 [running]> on host 9fe4286b2855
[2022-04-05 22:26:33,458] {logging_mixin.py:109} WARNING - /home/***/.local/lib/python3.7/site-packages/***/utils/context.py:156 AirflowContextDeprecationWarning: Accessing 'execution_date' from the template is deprecated and will be removed in a future version. Please use 'data_interval_start' or 'logical_date' instead.
[2022-04-05 22:26:33,536] {taskinstance.py:1448} INFO - Exporting the following env vars:
AIRFLOW_CTX_DAG_OWNER=***
AIRFLOW_CTX_DAG_ID=IngestToGCP
AIRFLOW_CTX_TASK_ID=processing_tasks_posts_answers.spark_job
AIRFLOW_CTX_EXECUTION_DATE=2008-07-01T00:00:00+00:00
AIRFLOW_CTX_DAG_RUN_ID=scheduled__2008-07-01T00:00:00+00:00
[2022-04-05 22:26:33,568] {base.py:79} INFO - Using connection to: id: spark_project. Host: spark://spark, Port: 7077, Schema: , Login: , Password: None, extra: {'queue': 'root.default'}
[2022-04-05 22:26:33,570] {spark_submit.py:335} INFO - Spark-Submit cmd: spark-submit --master spark://spark:7077 --conf spark.master=local[*] --name format_schema --verbose --queue root.default ./dags/pyspark_parquet_transformation.py posts_answers 2008-07
[2022-04-05 22:26:45,915] {spark_submit.py:488} INFO - Using properties file: null
[2022-04-05 22:26:46,261] {spark_submit.py:488} INFO - WARNING: An illegal reflective access operation has occurred
[2022-04-05 22:26:46,262] {spark_submit.py:488} INFO - WARNING: Illegal reflective access by org.apache.spark.unsafe.Platform (file:/opt/***/spark/spark-3.2.1-bin-hadoop3.2/jars/spark-unsafe_2.12-3.2.1.jar) to constructor java.nio.DirectByteBuffer(long,int)
[2022-04-05 22:26:46,262] {spark_submit.py:488} INFO - WARNING: Please consider reporting this to the maintainers of org.apache.spark.unsafe.Platform
[2022-04-05 22:26:46,262] {spark_submit.py:488} INFO - WARNING: Use --illegal-access=warn to enable warnings of further illegal reflective access operations
[2022-04-05 22:26:46,265] {spark_submit.py:488} INFO - WARNING: All illegal access operations will be denied in a future release
[2022-04-05 22:26:46,818] {spark_submit.py:488} INFO - Parsed arguments:
[2022-04-05 22:26:46,818] {spark_submit.py:488} INFO - master                  spark://spark:7077
[2022-04-05 22:26:46,818] {spark_submit.py:488} INFO - deployMode              null
[2022-04-05 22:26:46,818] {spark_submit.py:488} INFO - executorMemory          null
[2022-04-05 22:26:46,819] {spark_submit.py:488} INFO - executorCores           null
[2022-04-05 22:26:46,819] {spark_submit.py:488} INFO - totalExecutorCores      null
[2022-04-05 22:26:46,819] {spark_submit.py:488} INFO - propertiesFile          null
[2022-04-05 22:26:46,819] {spark_submit.py:488} INFO - driverMemory            null
[2022-04-05 22:26:46,819] {spark_submit.py:488} INFO - driverCores             null
[2022-04-05 22:26:46,819] {spark_submit.py:488} INFO - driverExtraClassPath    null
[2022-04-05 22:26:46,819] {spark_submit.py:488} INFO - driverExtraLibraryPath  null
[2022-04-05 22:26:46,819] {spark_submit.py:488} INFO - driverExtraJavaOptions  null
[2022-04-05 22:26:46,819] {spark_submit.py:488} INFO - supervise               false
[2022-04-05 22:26:46,819] {spark_submit.py:488} INFO - queue                   root.default
[2022-04-05 22:26:46,819] {spark_submit.py:488} INFO - numExecutors            null
[2022-04-05 22:26:46,819] {spark_submit.py:488} INFO - files                   null
[2022-04-05 22:26:46,819] {spark_submit.py:488} INFO - pyFiles                 null
[2022-04-05 22:26:46,820] {spark_submit.py:488} INFO - archives                null
[2022-04-05 22:26:46,820] {spark_submit.py:488} INFO - mainClass               null
[2022-04-05 22:26:46,820] {spark_submit.py:488} INFO - primaryResource         file:/opt/***/dags/pyspark_parquet_transformation.py
[2022-04-05 22:26:46,820] {spark_submit.py:488} INFO - name                    format_schema
[2022-04-05 22:26:46,820] {spark_submit.py:488} INFO - childArgs               [posts_answers 2008-07]
[2022-04-05 22:26:46,820] {spark_submit.py:488} INFO - jars                    null
[2022-04-05 22:26:46,820] {spark_submit.py:488} INFO - packages                null
[2022-04-05 22:26:46,820] {spark_submit.py:488} INFO - packagesExclusions      null
[2022-04-05 22:26:46,820] {spark_submit.py:488} INFO - repositories            null
[2022-04-05 22:26:46,820] {spark_submit.py:488} INFO - verbose                 true
[2022-04-05 22:26:46,820] {spark_submit.py:488} INFO - 
[2022-04-05 22:26:46,820] {spark_submit.py:488} INFO - Spark properties used, including those specified through
[2022-04-05 22:26:46,821] {spark_submit.py:488} INFO - --conf and those from the properties file null:
[2022-04-05 22:26:46,821] {spark_submit.py:488} INFO - (spark.master,local[*])
[2022-04-05 22:26:46,821] {spark_submit.py:488} INFO - 
[2022-04-05 22:26:46,822] {spark_submit.py:488} INFO - 
[2022-04-05 22:26:49,205] {spark_submit.py:488} INFO - Main class:
[2022-04-05 22:26:49,205] {spark_submit.py:488} INFO - org.apache.spark.deploy.PythonRunner
[2022-04-05 22:26:49,205] {spark_submit.py:488} INFO - Arguments:
[2022-04-05 22:26:49,205] {spark_submit.py:488} INFO - file:/opt/***/dags/pyspark_parquet_transformation.py
[2022-04-05 22:26:49,206] {spark_submit.py:488} INFO - null
[2022-04-05 22:26:49,206] {spark_submit.py:488} INFO - posts_answers
[2022-04-05 22:26:49,206] {spark_submit.py:488} INFO - 2008-07
[2022-04-05 22:26:49,232] {spark_submit.py:488} INFO - Spark config:
[2022-04-05 22:26:49,232] {spark_submit.py:488} INFO - (spark.master,spark://spark:7077)
[2022-04-05 22:26:49,233] {spark_submit.py:488} INFO - (spark.submit.pyFiles,)
[2022-04-05 22:26:49,233] {spark_submit.py:488} INFO - (spark.submit.deployMode,client)
[2022-04-05 22:26:49,233] {spark_submit.py:488} INFO - (spark.app.name,format_schema)
[2022-04-05 22:26:49,247] {spark_submit.py:488} INFO - Classpath elements:
[2022-04-05 22:26:49,247] {spark_submit.py:488} INFO - 
[2022-04-05 22:26:49,247] {spark_submit.py:488} INFO - 
[2022-04-05 22:26:49,247] {spark_submit.py:488} INFO - 
[2022-04-05 22:26:53,424] {spark_submit.py:488} INFO - Using Spark's default log4j profile: org/apache/spark/log4j-defaults.properties
[2022-04-05 22:26:53,497] {spark_submit.py:488} INFO - 22/04/05 22:26:53 INFO SparkContext: Running Spark version 3.2.1
[2022-04-05 22:26:54,134] {spark_submit.py:488} INFO - 22/04/05 22:26:54 WARN NativeCodeLoader: Unable to load native-hadoop library for your platform... using builtin-java classes where applicable
[2022-04-05 22:26:55,187] {spark_submit.py:488} INFO - 22/04/05 22:26:55 INFO ResourceUtils: ==============================================================
[2022-04-05 22:26:55,217] {spark_submit.py:488} INFO - 22/04/05 22:26:55 INFO ResourceUtils: No custom resources configured for spark.driver.
[2022-04-05 22:26:55,218] {spark_submit.py:488} INFO - 22/04/05 22:26:55 INFO ResourceUtils: ==============================================================
[2022-04-05 22:26:55,229] {spark_submit.py:488} INFO - 22/04/05 22:26:55 INFO SparkContext: Submitted application: Modidy Schema
[2022-04-05 22:26:55,554] {spark_submit.py:488} INFO - 22/04/05 22:26:55 INFO ResourceProfile: Default ResourceProfile created, executor resources: Map(cores -> name: cores, amount: 1, script: , vendor: , memory -> name: memory, amount: 1024, script: , vendor: , offHeap -> name: offHeap, amount: 0, script: , vendor: ), task resources: Map(cpus -> name: cpus, amount: 1.0)
[2022-04-05 22:26:55,631] {spark_submit.py:488} INFO - 22/04/05 22:26:55 INFO ResourceProfile: Limiting resource is cpu
[2022-04-05 22:26:55,644] {spark_submit.py:488} INFO - 22/04/05 22:26:55 INFO ResourceProfileManager: Added ResourceProfile id: 0
[2022-04-05 22:26:56,214] {spark_submit.py:488} INFO - 22/04/05 22:26:56 INFO SecurityManager: Changing view acls to: default
[2022-04-05 22:26:56,240] {spark_submit.py:488} INFO - 22/04/05 22:26:56 INFO SecurityManager: Changing modify acls to: default
[2022-04-05 22:26:56,241] {spark_submit.py:488} INFO - 22/04/05 22:26:56 INFO SecurityManager: Changing view acls groups to:
[2022-04-05 22:26:56,250] {spark_submit.py:488} INFO - 22/04/05 22:26:56 INFO SecurityManager: Changing modify acls groups to:
[2022-04-05 22:26:56,269] {spark_submit.py:488} INFO - 22/04/05 22:26:56 INFO SecurityManager: SecurityManager: authentication disabled; ui acls disabled; users  with view permissions: Set(default); groups with view permissions: Set(); users  with modify permissions: Set(default); groups with modify permissions: Set()
[2022-04-05 22:27:00,169] {spark_submit.py:488} INFO - 22/04/05 22:27:00 INFO Utils: Successfully started service 'sparkDriver' on port 46593.
[2022-04-05 22:27:00,496] {spark_submit.py:488} INFO - 22/04/05 22:27:00 INFO SparkEnv: Registering MapOutputTracker
[2022-04-05 22:27:00,753] {spark_submit.py:488} INFO - 22/04/05 22:27:00 INFO SparkEnv: Registering BlockManagerMaster
[2022-04-05 22:27:00,926] {spark_submit.py:488} INFO - 22/04/05 22:27:00 INFO BlockManagerMasterEndpoint: Using org.apache.spark.storage.DefaultTopologyMapper for getting topology information
[2022-04-05 22:27:00,938] {spark_submit.py:488} INFO - 22/04/05 22:27:00 INFO BlockManagerMasterEndpoint: BlockManagerMasterEndpoint up
[2022-04-05 22:27:01,014] {spark_submit.py:488} INFO - 22/04/05 22:27:01 INFO SparkEnv: Registering BlockManagerMasterHeartbeat
[2022-04-05 22:27:01,321] {spark_submit.py:488} INFO - 22/04/05 22:27:01 INFO DiskBlockManager: Created local directory at /tmp/blockmgr-52465688-dd97-4928-867d-49175c3ea394
[2022-04-05 22:27:01,739] {spark_submit.py:488} INFO - 22/04/05 22:27:01 INFO MemoryStore: MemoryStore started with capacity 434.4 MiB
[2022-04-05 22:27:01,895] {spark_submit.py:488} INFO - 22/04/05 22:27:01 INFO SparkEnv: Registering OutputCommitCoordinator
[2022-04-05 22:27:04,167] {spark_submit.py:488} INFO - 22/04/05 22:27:04 WARN Utils: Service 'SparkUI' could not bind on port 4040. Attempting port 4041.
[2022-04-05 22:27:04,195] {spark_submit.py:488} INFO - 22/04/05 22:27:04 WARN Utils: Service 'SparkUI' could not bind on port 4041. Attempting port 4042.
[2022-04-05 22:27:04,211] {spark_submit.py:488} INFO - 22/04/05 22:27:04 WARN Utils: Service 'SparkUI' could not bind on port 4042. Attempting port 4043.
[2022-04-05 22:27:04,226] {spark_submit.py:488} INFO - 22/04/05 22:27:04 WARN Utils: Service 'SparkUI' could not bind on port 4043. Attempting port 4044.
[2022-04-05 22:27:04,370] {spark_submit.py:488} INFO - 22/04/05 22:27:04 INFO Utils: Successfully started service 'SparkUI' on port 4044.
[2022-04-05 22:27:05,255] {spark_submit.py:488} INFO - 22/04/05 22:27:05 INFO SparkUI: Bound SparkUI to 0.0.0.0, and started at http://9fe4286b2855:4044
[2022-04-05 22:27:07,149] {spark_submit.py:488} INFO - 22/04/05 22:27:07 INFO Executor: Starting executor ID driver on host 9fe4286b2855
[2022-04-05 22:27:07,465] {spark_submit.py:488} INFO - 22/04/05 22:27:07 INFO Utils: Successfully started service 'org.apache.spark.network.netty.NettyBlockTransferService' on port 44773.
[2022-04-05 22:27:07,465] {spark_submit.py:488} INFO - 22/04/05 22:27:07 INFO NettyBlockTransferService: Server created on 9fe4286b2855:44773
[2022-04-05 22:27:07,470] {spark_submit.py:488} INFO - 22/04/05 22:27:07 INFO BlockManager: Using org.apache.spark.storage.RandomBlockReplicationPolicy for block replication policy
[2022-04-05 22:27:07,518] {spark_submit.py:488} INFO - 22/04/05 22:27:07 INFO BlockManagerMaster: Registering BlockManager BlockManagerId(driver, 9fe4286b2855, 44773, None)
[2022-04-05 22:27:07,539] {spark_submit.py:488} INFO - 22/04/05 22:27:07 INFO BlockManagerMasterEndpoint: Registering block manager 9fe4286b2855:44773 with 434.4 MiB RAM, BlockManagerId(driver, 9fe4286b2855, 44773, None)
[2022-04-05 22:27:07,544] {spark_submit.py:488} INFO - 22/04/05 22:27:07 INFO BlockManagerMaster: Registered BlockManager BlockManagerId(driver, 9fe4286b2855, 44773, None)
[2022-04-05 22:27:07,555] {spark_submit.py:488} INFO - 22/04/05 22:27:07 INFO BlockManager: Initialized BlockManager: BlockManagerId(driver, 9fe4286b2855, 44773, None)
[2022-04-05 22:27:15,947] {spark_submit.py:488} INFO - 22/04/05 22:27:15 INFO SharedState: Setting hive.metastore.warehouse.dir ('null') to the value of spark.sql.warehouse.dir.
[2022-04-05 22:27:16,080] {spark_submit.py:488} INFO - 22/04/05 22:27:16 INFO SharedState: Warehouse path is 'file:/opt/***/spark-warehouse'.
[2022-04-05 22:27:36,093] {spark_submit.py:488} INFO - 22/04/05 22:27:36 INFO InMemoryFileIndex: It took 524 ms to list leaf files for 1 paths.
[2022-04-05 22:27:43,991] {spark_submit.py:488} INFO - 22/04/05 22:27:43 INFO SparkContext: Starting job: parquet at NativeMethodAccessorImpl.java:0
[2022-04-05 22:27:44,050] {spark_submit.py:488} INFO - 22/04/05 22:27:44 INFO DAGScheduler: Got job 0 (parquet at NativeMethodAccessorImpl.java:0) with 1 output partitions
[2022-04-05 22:27:44,052] {spark_submit.py:488} INFO - 22/04/05 22:27:44 INFO DAGScheduler: Final stage: ResultStage 0 (parquet at NativeMethodAccessorImpl.java:0)
[2022-04-05 22:27:44,052] {spark_submit.py:488} INFO - 22/04/05 22:27:44 INFO DAGScheduler: Parents of final stage: List()
[2022-04-05 22:27:44,055] {spark_submit.py:488} INFO - 22/04/05 22:27:44 INFO DAGScheduler: Missing parents: List()
[2022-04-05 22:27:44,103] {spark_submit.py:488} INFO - 22/04/05 22:27:44 INFO DAGScheduler: Submitting ResultStage 0 (MapPartitionsRDD[1] at parquet at NativeMethodAccessorImpl.java:0), which has no missing parents
[2022-04-05 22:27:45,029] {spark_submit.py:488} INFO - 22/04/05 22:27:45 INFO MemoryStore: Block broadcast_0 stored as values in memory (estimated size 100.1 KiB, free 434.3 MiB)
[2022-04-05 22:27:45,436] {spark_submit.py:488} INFO - 22/04/05 22:27:45 INFO MemoryStore: Block broadcast_0_piece0 stored as bytes in memory (estimated size 35.8 KiB, free 434.3 MiB)
[2022-04-05 22:27:45,444] {spark_submit.py:488} INFO - 22/04/05 22:27:45 INFO BlockManagerInfo: Added broadcast_0_piece0 in memory on 9fe4286b2855:44773 (size: 35.8 KiB, free: 434.4 MiB)
[2022-04-05 22:27:45,471] {spark_submit.py:488} INFO - 22/04/05 22:27:45 INFO SparkContext: Created broadcast 0 from broadcast at DAGScheduler.scala:1478
[2022-04-05 22:27:45,633] {spark_submit.py:488} INFO - 22/04/05 22:27:45 INFO DAGScheduler: Submitting 1 missing tasks from ResultStage 0 (MapPartitionsRDD[1] at parquet at NativeMethodAccessorImpl.java:0) (first 15 tasks are for partitions Vector(0))
[2022-04-05 22:27:45,635] {spark_submit.py:488} INFO - 22/04/05 22:27:45 INFO TaskSchedulerImpl: Adding task set 0.0 with 1 tasks resource profile 0
[2022-04-05 22:27:46,692] {spark_submit.py:488} INFO - 22/04/05 22:27:46 INFO TaskSetManager: Starting task 0.0 in stage 0.0 (TID 0) (9fe4286b2855, executor driver, partition 0, PROCESS_LOCAL, 4622 bytes) taskResourceAssignments Map()
[2022-04-05 22:27:46,780] {spark_submit.py:488} INFO - 22/04/05 22:27:46 INFO Executor: Running task 0.0 in stage 0.0 (TID 0)
[2022-04-05 22:27:50,764] {spark_submit.py:488} INFO - 22/04/05 22:27:50 INFO Executor: Finished task 0.0 in stage 0.0 (TID 0). 2409 bytes result sent to driver
[2022-04-05 22:27:50,852] {spark_submit.py:488} INFO - 22/04/05 22:27:50 INFO TaskSetManager: Finished task 0.0 in stage 0.0 (TID 0) in 4585 ms on 9fe4286b2855 (executor driver) (1/1)
[2022-04-05 22:27:50,890] {spark_submit.py:488} INFO - 22/04/05 22:27:50 INFO DAGScheduler: ResultStage 0 (parquet at NativeMethodAccessorImpl.java:0) finished in 6.648 s
[2022-04-05 22:27:50,973] {spark_submit.py:488} INFO - 22/04/05 22:27:50 INFO DAGScheduler: Job 0 is finished. Cancelling potential speculative or zombie tasks for this job
[2022-04-05 22:27:50,973] {spark_submit.py:488} INFO - 22/04/05 22:27:50 INFO TaskSchedulerImpl: Removed TaskSet 0.0, whose tasks have all completed, from pool
[2022-04-05 22:27:50,985] {spark_submit.py:488} INFO - 22/04/05 22:27:50 INFO TaskSchedulerImpl: Killing all running tasks in stage 0: Stage finished
[2022-04-05 22:27:51,059] {spark_submit.py:488} INFO - 22/04/05 22:27:50 INFO DAGScheduler: Job 0 finished: parquet at NativeMethodAccessorImpl.java:0, took 6.998289 s
[2022-04-05 22:27:57,630] {spark_submit.py:488} INFO - 22/04/05 22:27:57 INFO BlockManagerInfo: Removed broadcast_0_piece0 on 9fe4286b2855:44773 in memory (size: 35.8 KiB, free: 434.4 MiB)
[2022-04-05 22:28:19,264] {spark_submit.py:488} INFO - 22/04/05 22:28:19 INFO FileSourceStrategy: Pushed Filters:
[2022-04-05 22:28:19,298] {spark_submit.py:488} INFO - 22/04/05 22:28:19 INFO FileSourceStrategy: Post-Scan Filters:
[2022-04-05 22:28:19,340] {spark_submit.py:488} INFO - 22/04/05 22:28:19 INFO FileSourceStrategy: Output Data Schema: struct<id: bigint, title: double, body: string, accepted_answer_id: double, answer_count: double ... 19 more fields>
[2022-04-05 22:28:21,519] {spark_submit.py:488} INFO - Traceback (most recent call last):
[2022-04-05 22:28:21,519] {spark_submit.py:488} INFO - File "/opt/***/dags/pyspark_parquet_transformation.py", line 84, in <module>
[2022-04-05 22:28:21,519] {spark_submit.py:488} INFO - transform_parquet(table_name, file_date)
[2022-04-05 22:28:21,519] {spark_submit.py:488} INFO - File "/opt/***/dags/pyspark_parquet_transformation.py", line 66, in transform_parquet
[2022-04-05 22:28:21,519] {spark_submit.py:488} INFO - df.repartition(4).write.format("parquet").save(f"gs://{BUCKET}/BigQuery/{table}-{file_date}")
[2022-04-05 22:28:21,519] {spark_submit.py:488} INFO - File "/opt/***/spark/spark-3.2.1-bin-hadoop3.2/python/lib/pyspark.zip/pyspark/sql/readwriter.py", line 740, in save
[2022-04-05 22:28:21,519] {spark_submit.py:488} INFO - File "/opt/***/spark/spark-3.2.1-bin-hadoop3.2/python/lib/py4j-0.10.9.3-src.zip/py4j/java_gateway.py", line 1322, in __call__
[2022-04-05 22:28:21,519] {spark_submit.py:488} INFO - File "/opt/***/spark/spark-3.2.1-bin-hadoop3.2/python/lib/pyspark.zip/pyspark/sql/utils.py", line 117, in deco
[2022-04-05 22:28:21,592] {spark_submit.py:488} INFO - pyspark.sql.utils.AnalysisException: path gs://dtc_data_lake_de-stack-overflow/BigQuery/posts_answers-2008-07 already exists.
[2022-04-05 22:28:22,396] {spark_submit.py:488} INFO - 22/04/05 22:28:22 INFO SparkContext: Invoking stop() from shutdown hook
[2022-04-05 22:28:22,548] {spark_submit.py:488} INFO - 22/04/05 22:28:22 INFO SparkUI: Stopped Spark web UI at http://9fe4286b2855:4044
[2022-04-05 22:28:22,767] {spark_submit.py:488} INFO - 22/04/05 22:28:22 INFO MapOutputTrackerMasterEndpoint: MapOutputTrackerMasterEndpoint stopped!
[2022-04-05 22:28:22,979] {spark_submit.py:488} INFO - 22/04/05 22:28:22 INFO MemoryStore: MemoryStore cleared
[2022-04-05 22:28:22,981] {spark_submit.py:488} INFO - 22/04/05 22:28:22 INFO BlockManager: BlockManager stopped
[2022-04-05 22:28:22,988] {spark_submit.py:488} INFO - 22/04/05 22:28:22 INFO BlockManagerMaster: BlockManagerMaster stopped
[2022-04-05 22:28:22,993] {spark_submit.py:488} INFO - 22/04/05 22:28:22 INFO OutputCommitCoordinator$OutputCommitCoordinatorEndpoint: OutputCommitCoordinator stopped!
[2022-04-05 22:28:23,110] {spark_submit.py:488} INFO - 22/04/05 22:28:23 INFO SparkContext: Successfully stopped SparkContext
[2022-04-05 22:28:23,111] {spark_submit.py:488} INFO - 22/04/05 22:28:23 INFO ShutdownHookManager: Shutdown hook called
[2022-04-05 22:28:23,112] {spark_submit.py:488} INFO - 22/04/05 22:28:23 INFO ShutdownHookManager: Deleting directory /tmp/spark-07868856-4715-4ca0-b48c-3b3b7254621c/pyspark-77a4b0d4-9e0f-4171-a064-f4915708a47e
[2022-04-05 22:28:23,144] {spark_submit.py:488} INFO - 22/04/05 22:28:23 INFO ShutdownHookManager: Deleting directory /tmp/spark-ec7adb8a-854d-4f1a-842c-fc309b79c65b
[2022-04-05 22:28:23,170] {spark_submit.py:488} INFO - 22/04/05 22:28:23 INFO ShutdownHookManager: Deleting directory /tmp/spark-07868856-4715-4ca0-b48c-3b3b7254621c
[2022-04-05 22:28:23,754] {taskinstance.py:1774} ERROR - Task failed with exception
Traceback (most recent call last):
  File "/home/airflow/.local/lib/python3.7/site-packages/airflow/providers/apache/spark/operators/spark_submit.py", line 157, in execute
    self._hook.submit(self._application)
  File "/home/airflow/.local/lib/python3.7/site-packages/airflow/providers/apache/spark/hooks/spark_submit.py", line 420, in submit
    f"Cannot execute: {self._mask_cmd(spark_submit_cmd)}. Error code is: {returncode}."
airflow.exceptions.AirflowException: Cannot execute: spark-submit --master spark://spark:7077 --conf spark.master=local[*] --name format_schema --verbose --queue root.default ./dags/pyspark_parquet_transformation.py posts_answers 2008-07. Error code is: 1.
[2022-04-05 22:28:23,834] {taskinstance.py:1288} INFO - Marking task as FAILED. dag_id=IngestToGCP, task_id=processing_tasks_posts_answers.spark_job, execution_date=20080701T000000, start_date=20220405T222632, end_date=20220405T222823
[2022-04-05 22:28:23,881] {standard_task_runner.py:98} ERROR - Failed to execute job 8353 for task processing_tasks_posts_answers.spark_job (Cannot execute: spark-submit --master spark://spark:7077 --conf spark.master=local[*] --name format_schema --verbose --queue root.default ./dags/pyspark_parquet_transformation.py posts_answers 2008-07. Error code is: 1.; 565)
[2022-04-05 22:28:23,921] {local_task_job.py:154} INFO - Task exited with return code 1
[2022-04-05 22:28:24,048] {local_task_job.py:264} INFO - 0 downstream tasks scheduled from follow-on schedule check
