[2022-03-23 03:22:59,305] {taskinstance.py:1032} INFO - Dependencies all met for <TaskInstance: spark-postgres.spark_job_load_postgres manual__2022-03-23T00:21:52.618341+00:00 [queued]>
[2022-03-23 03:22:59,321] {taskinstance.py:1032} INFO - Dependencies all met for <TaskInstance: spark-postgres.spark_job_load_postgres manual__2022-03-23T00:21:52.618341+00:00 [queued]>
[2022-03-23 03:22:59,321] {taskinstance.py:1238} INFO - 
--------------------------------------------------------------------------------
[2022-03-23 03:22:59,321] {taskinstance.py:1239} INFO - Starting attempt 16 of 16
[2022-03-23 03:22:59,321] {taskinstance.py:1240} INFO - 
--------------------------------------------------------------------------------
[2022-03-23 03:22:59,338] {taskinstance.py:1259} INFO - Executing <Task(SparkSubmitOperator): spark_job_load_postgres> on 2022-03-23 00:21:52.618341+00:00
[2022-03-23 03:22:59,342] {standard_task_runner.py:52} INFO - Started process 467 to run task
[2022-03-23 03:22:59,346] {standard_task_runner.py:76} INFO - Running: ['***', 'tasks', 'run', 'spark-postgres', 'spark_job_load_postgres', 'manual__2022-03-23T00:21:52.618341+00:00', '--job-id', '64', '--raw', '--subdir', 'DAGS_FOLDER/sample_dag.py', '--cfg-path', '/tmp/tmpat5nrglg', '--error-file', '/tmp/tmpta1a8206']
[2022-03-23 03:22:59,347] {standard_task_runner.py:77} INFO - Job 64: Subtask spark_job_load_postgres
[2022-03-23 03:22:59,416] {logging_mixin.py:109} INFO - Running <TaskInstance: spark-postgres.spark_job_load_postgres manual__2022-03-23T00:21:52.618341+00:00 [running]> on host d74460602b96
[2022-03-23 03:22:59,514] {taskinstance.py:1426} INFO - Exporting the following env vars:
AIRFLOW_CTX_DAG_EMAIL=***@***.com
AIRFLOW_CTX_DAG_OWNER=***
AIRFLOW_CTX_DAG_ID=spark-postgres
AIRFLOW_CTX_TASK_ID=spark_job_load_postgres
AIRFLOW_CTX_EXECUTION_DATE=2022-03-23T00:21:52.618341+00:00
AIRFLOW_CTX_DAG_RUN_ID=manual__2022-03-23T00:21:52.618341+00:00
[2022-03-23 03:22:59,531] {base.py:79} INFO - Using connection to: id: spark_default. Host: spark://spark, Port: 7077, Schema: , Login: , Password: None, extra: {'queue': 'root.default'}
[2022-03-23 03:22:59,534] {spark_submit.py:335} INFO - Spark-Submit cmd: spark-submit --master spark://spark:7077 --conf spark.master=spark://spark:8181 --driver-class-path /usr/local/spark/resources/jars/postgresql-9.4.1207.jar --jars /usr/local/spark/resources/jars/postgresql-9.4.1207.jar --name load-postgres --verbose --queue root.default /usr/local/spark/app/load-postgres.py /usr/local/spark/resources/data/movies.csv /usr/local/spark/resources/data/ratings.csv jdbc:postgresql://postgres/test test postgres
[2022-03-23 03:23:00,745] {spark_submit.py:488} INFO - Using properties file: null
[2022-03-23 03:23:00,931] {spark_submit.py:488} INFO - Parsed arguments:
[2022-03-23 03:23:00,932] {spark_submit.py:488} INFO - master                  spark://spark:7077
[2022-03-23 03:23:00,932] {spark_submit.py:488} INFO - deployMode              null
[2022-03-23 03:23:00,932] {spark_submit.py:488} INFO - executorMemory          null
[2022-03-23 03:23:00,932] {spark_submit.py:488} INFO - executorCores           null
[2022-03-23 03:23:00,932] {spark_submit.py:488} INFO - totalExecutorCores      null
[2022-03-23 03:23:00,932] {spark_submit.py:488} INFO - propertiesFile          null
[2022-03-23 03:23:00,933] {spark_submit.py:488} INFO - driverMemory            null
[2022-03-23 03:23:00,933] {spark_submit.py:488} INFO - driverCores             null
[2022-03-23 03:23:00,933] {spark_submit.py:488} INFO - driverExtraClassPath    /usr/local/spark/resources/jars/postgresql-9.4.1207.jar
[2022-03-23 03:23:00,933] {spark_submit.py:488} INFO - driverExtraLibraryPath  null
[2022-03-23 03:23:00,933] {spark_submit.py:488} INFO - driverExtraJavaOptions  null
[2022-03-23 03:23:00,933] {spark_submit.py:488} INFO - supervise               false
[2022-03-23 03:23:00,933] {spark_submit.py:488} INFO - queue                   root.default
[2022-03-23 03:23:00,933] {spark_submit.py:488} INFO - numExecutors            null
[2022-03-23 03:23:00,934] {spark_submit.py:488} INFO - files                   null
[2022-03-23 03:23:00,934] {spark_submit.py:488} INFO - pyFiles                 null
[2022-03-23 03:23:00,934] {spark_submit.py:488} INFO - archives                null
[2022-03-23 03:23:00,934] {spark_submit.py:488} INFO - mainClass               null
[2022-03-23 03:23:00,934] {spark_submit.py:488} INFO - primaryResource         file:/usr/local/spark/app/load-postgres.py
[2022-03-23 03:23:00,934] {spark_submit.py:488} INFO - name                    load-postgres
[2022-03-23 03:23:00,934] {spark_submit.py:488} INFO - childArgs               [/usr/local/spark/resources/data/movies.csv /usr/local/spark/resources/data/ratings.csv jdbc:postgresql://postgres/test test postgres]
[2022-03-23 03:23:00,934] {spark_submit.py:488} INFO - jars                    file:/usr/local/spark/resources/jars/postgresql-9.4.1207.jar
[2022-03-23 03:23:00,934] {spark_submit.py:488} INFO - packages                null
[2022-03-23 03:23:00,934] {spark_submit.py:488} INFO - packagesExclusions      null
[2022-03-23 03:23:00,934] {spark_submit.py:488} INFO - repositories            null
[2022-03-23 03:23:00,934] {spark_submit.py:488} INFO - verbose                 true
[2022-03-23 03:23:00,935] {spark_submit.py:488} INFO - 
[2022-03-23 03:23:00,935] {spark_submit.py:488} INFO - Spark properties used, including those specified through
[2022-03-23 03:23:00,935] {spark_submit.py:488} INFO - --conf and those from the properties file null:
[2022-03-23 03:23:00,935] {spark_submit.py:488} INFO - (spark.master,spark://spark:8181)
[2022-03-23 03:23:00,935] {spark_submit.py:488} INFO - (spark.driver.extraClassPath,/usr/local/spark/resources/jars/postgresql-9.4.1207.jar)
[2022-03-23 03:23:00,935] {spark_submit.py:488} INFO - 
[2022-03-23 03:23:00,935] {spark_submit.py:488} INFO - 
[2022-03-23 03:23:01,469] {spark_submit.py:488} INFO - 22/03/23 03:23:01 WARN NativeCodeLoader: Unable to load native-hadoop library for your platform... using builtin-java classes where applicable
[2022-03-23 03:23:01,728] {spark_submit.py:488} INFO - Main class:
[2022-03-23 03:23:01,729] {spark_submit.py:488} INFO - org.apache.spark.deploy.PythonRunner
[2022-03-23 03:23:01,729] {spark_submit.py:488} INFO - Arguments:
[2022-03-23 03:23:01,729] {spark_submit.py:488} INFO - file:/usr/local/spark/app/load-postgres.py
[2022-03-23 03:23:01,729] {spark_submit.py:488} INFO - null
[2022-03-23 03:23:01,729] {spark_submit.py:488} INFO - /usr/local/spark/resources/data/movies.csv
[2022-03-23 03:23:01,729] {spark_submit.py:488} INFO - /usr/local/spark/resources/data/ratings.csv
[2022-03-23 03:23:01,729] {spark_submit.py:488} INFO - jdbc:postgresql://postgres/test
[2022-03-23 03:23:01,729] {spark_submit.py:488} INFO - test
[2022-03-23 03:23:01,729] {spark_submit.py:488} INFO - postgres
[2022-03-23 03:23:01,732] {spark_submit.py:488} INFO - Spark config:
[2022-03-23 03:23:01,732] {spark_submit.py:488} INFO - (spark.jars,file:///usr/local/spark/resources/jars/postgresql-9.4.1207.jar)
[2022-03-23 03:23:01,733] {spark_submit.py:488} INFO - (spark.app.name,load-postgres)
[2022-03-23 03:23:01,733] {spark_submit.py:488} INFO - (spark.submit.pyFiles,)
[2022-03-23 03:23:01,733] {spark_submit.py:488} INFO - (spark.submit.deployMode,client)
[2022-03-23 03:23:01,733] {spark_submit.py:488} INFO - (spark.master,spark://spark:7077)
[2022-03-23 03:23:01,733] {spark_submit.py:488} INFO - (spark.driver.extraClassPath,/usr/local/spark/resources/jars/postgresql-9.4.1207.jar)
[2022-03-23 03:23:01,733] {spark_submit.py:488} INFO - (spark.repl.local.jars,file:///usr/local/spark/resources/jars/postgresql-9.4.1207.jar)
[2022-03-23 03:23:01,733] {spark_submit.py:488} INFO - Classpath elements:
[2022-03-23 03:23:01,734] {spark_submit.py:488} INFO - file:///usr/local/spark/resources/jars/postgresql-9.4.1207.jar
[2022-03-23 03:23:01,734] {spark_submit.py:488} INFO - 
[2022-03-23 03:23:01,734] {spark_submit.py:488} INFO - 
[2022-03-23 03:23:02,270] {spark_submit.py:488} INFO - Using Spark's default log4j profile: org/apache/spark/log4j-defaults.properties
[2022-03-23 03:23:02,279] {spark_submit.py:488} INFO - 22/03/23 03:23:02 INFO SparkContext: Running Spark version 3.2.1
[2022-03-23 03:23:02,318] {spark_submit.py:488} INFO - 22/03/23 03:23:02 INFO ResourceUtils: ==============================================================
[2022-03-23 03:23:02,318] {spark_submit.py:488} INFO - 22/03/23 03:23:02 INFO ResourceUtils: No custom resources configured for spark.driver.
[2022-03-23 03:23:02,318] {spark_submit.py:488} INFO - 22/03/23 03:23:02 INFO ResourceUtils: ==============================================================
[2022-03-23 03:23:02,319] {spark_submit.py:488} INFO - 22/03/23 03:23:02 INFO SparkContext: Submitted application: load-postgres
[2022-03-23 03:23:02,349] {spark_submit.py:488} INFO - 22/03/23 03:23:02 INFO ResourceProfile: Default ResourceProfile created, executor resources: Map(cores -> name: cores, amount: 1, script: , vendor: , memory -> name: memory, amount: 1024, script: , vendor: , offHeap -> name: offHeap, amount: 0, script: , vendor: ), task resources: Map(cpus -> name: cpus, amount: 1.0)
[2022-03-23 03:23:02,366] {spark_submit.py:488} INFO - 22/03/23 03:23:02 INFO ResourceProfile: Limiting resource is cpu
[2022-03-23 03:23:02,367] {spark_submit.py:488} INFO - 22/03/23 03:23:02 INFO ResourceProfileManager: Added ResourceProfile id: 0
[2022-03-23 03:23:02,442] {spark_submit.py:488} INFO - 22/03/23 03:23:02 INFO SecurityManager: Changing view acls to: default
[2022-03-23 03:23:02,442] {spark_submit.py:488} INFO - 22/03/23 03:23:02 INFO SecurityManager: Changing modify acls to: default
[2022-03-23 03:23:02,443] {spark_submit.py:488} INFO - 22/03/23 03:23:02 INFO SecurityManager: Changing view acls groups to:
[2022-03-23 03:23:02,443] {spark_submit.py:488} INFO - 22/03/23 03:23:02 INFO SecurityManager: Changing modify acls groups to:
[2022-03-23 03:23:02,444] {spark_submit.py:488} INFO - 22/03/23 03:23:02 INFO SecurityManager: SecurityManager: authentication disabled; ui acls disabled; users  with view permissions: Set(default); groups with view permissions: Set(); users  with modify permissions: Set(default); groups with modify permissions: Set()
[2022-03-23 03:23:02,732] {spark_submit.py:488} INFO - 22/03/23 03:23:02 INFO Utils: Successfully started service 'sparkDriver' on port 40309.
[2022-03-23 03:23:02,775] {spark_submit.py:488} INFO - 22/03/23 03:23:02 INFO SparkEnv: Registering MapOutputTracker
[2022-03-23 03:23:02,819] {spark_submit.py:488} INFO - 22/03/23 03:23:02 INFO SparkEnv: Registering BlockManagerMaster
[2022-03-23 03:23:02,842] {spark_submit.py:488} INFO - 22/03/23 03:23:02 INFO BlockManagerMasterEndpoint: Using org.apache.spark.storage.DefaultTopologyMapper for getting topology information
[2022-03-23 03:23:02,843] {spark_submit.py:488} INFO - 22/03/23 03:23:02 INFO BlockManagerMasterEndpoint: BlockManagerMasterEndpoint up
[2022-03-23 03:23:02,848] {spark_submit.py:488} INFO - 22/03/23 03:23:02 INFO SparkEnv: Registering BlockManagerMasterHeartbeat
[2022-03-23 03:23:02,886] {spark_submit.py:488} INFO - 22/03/23 03:23:02 INFO DiskBlockManager: Created local directory at /tmp/blockmgr-8fa7823b-beca-4c8a-a2c0-e23262c00da5
[2022-03-23 03:23:02,923] {spark_submit.py:488} INFO - 22/03/23 03:23:02 INFO MemoryStore: MemoryStore started with capacity 366.3 MiB
[2022-03-23 03:23:02,945] {spark_submit.py:488} INFO - 22/03/23 03:23:02 INFO SparkEnv: Registering OutputCommitCoordinator
[2022-03-23 03:23:03,289] {spark_submit.py:488} INFO - 22/03/23 03:23:03 INFO Utils: Successfully started service 'SparkUI' on port 4040.
[2022-03-23 03:23:03,449] {spark_submit.py:488} INFO - 22/03/23 03:23:03 INFO SparkUI: Bound SparkUI to 0.0.0.0, and started at http://d74460602b96:4040
[2022-03-23 03:23:03,474] {spark_submit.py:488} INFO - 22/03/23 03:23:03 INFO SparkContext: Added JAR file:///usr/local/spark/resources/jars/postgresql-9.4.1207.jar at spark://d74460602b96:40309/jars/postgresql-9.4.1207.jar with timestamp 1648005782269
[2022-03-23 03:23:03,815] {spark_submit.py:488} INFO - 22/03/23 03:23:03 INFO StandaloneAppClient$ClientEndpoint: Connecting to master spark://spark:7077...
[2022-03-23 03:23:03,897] {spark_submit.py:488} INFO - 22/03/23 03:23:03 INFO TransportClientFactory: Successfully created connection to spark/192.168.48.3:7077 after 47 ms (0 ms spent in bootstraps)
[2022-03-23 03:23:04,059] {spark_submit.py:488} INFO - 22/03/23 03:23:04 INFO StandaloneSchedulerBackend: Connected to Spark cluster with app ID app-20220323032304-0001
[2022-03-23 03:23:04,063] {spark_submit.py:488} INFO - 22/03/23 03:23:04 INFO StandaloneAppClient$ClientEndpoint: Executor added: app-20220323032304-0001/0 on worker-20220323030647-192.168.48.2-41969 (192.168.48.2:41969) with 1 core(s)
[2022-03-23 03:23:04,068] {spark_submit.py:488} INFO - 22/03/23 03:23:04 INFO StandaloneSchedulerBackend: Granted executor ID app-20220323032304-0001/0 on hostPort 192.168.48.2:41969 with 1 core(s), 1024.0 MiB RAM
[2022-03-23 03:23:04,088] {spark_submit.py:488} INFO - 22/03/23 03:23:04 INFO Utils: Successfully started service 'org.apache.spark.network.netty.NettyBlockTransferService' on port 38679.
[2022-03-23 03:23:04,088] {spark_submit.py:488} INFO - 22/03/23 03:23:04 INFO NettyBlockTransferService: Server created on d74460602b96:38679
[2022-03-23 03:23:04,091] {spark_submit.py:488} INFO - 22/03/23 03:23:04 INFO BlockManager: Using org.apache.spark.storage.RandomBlockReplicationPolicy for block replication policy
[2022-03-23 03:23:04,106] {spark_submit.py:488} INFO - 22/03/23 03:23:04 INFO BlockManagerMaster: Registering BlockManager BlockManagerId(driver, d74460602b96, 38679, None)
[2022-03-23 03:23:04,114] {spark_submit.py:488} INFO - 22/03/23 03:23:04 INFO BlockManagerMasterEndpoint: Registering block manager d74460602b96:38679 with 366.3 MiB RAM, BlockManagerId(driver, d74460602b96, 38679, None)
[2022-03-23 03:23:04,120] {spark_submit.py:488} INFO - 22/03/23 03:23:04 INFO BlockManagerMaster: Registered BlockManager BlockManagerId(driver, d74460602b96, 38679, None)
[2022-03-23 03:23:04,122] {spark_submit.py:488} INFO - 22/03/23 03:23:04 INFO BlockManager: Initialized BlockManager: BlockManagerId(driver, d74460602b96, 38679, None)
[2022-03-23 03:23:04,222] {spark_submit.py:488} INFO - 22/03/23 03:23:04 INFO StandaloneAppClient$ClientEndpoint: Executor updated: app-20220323032304-0001/0 is now RUNNING
[2022-03-23 03:23:04,440] {spark_submit.py:488} INFO - 22/03/23 03:23:04 INFO StandaloneSchedulerBackend: SchedulerBackend is ready for scheduling beginning after reached minRegisteredResourcesRatio: 0.0
[2022-03-23 03:23:04,889] {spark_submit.py:488} INFO - ######################################
[2022-03-23 03:23:04,889] {spark_submit.py:488} INFO - READING CSV FILES
[2022-03-23 03:23:04,889] {spark_submit.py:488} INFO - ######################################
[2022-03-23 03:23:04,908] {spark_submit.py:488} INFO - 22/03/23 03:23:04 INFO SharedState: Setting hive.metastore.warehouse.dir ('null') to the value of spark.sql.warehouse.dir.
[2022-03-23 03:23:04,913] {spark_submit.py:488} INFO - 22/03/23 03:23:04 INFO SharedState: Warehouse path is 'file:/opt/***/spark-warehouse'.
[2022-03-23 03:23:06,497] {spark_submit.py:488} INFO - 22/03/23 03:23:06 INFO InMemoryFileIndex: It took 77 ms to list leaf files for 1 paths.
[2022-03-23 03:23:06,619] {spark_submit.py:488} INFO - 22/03/23 03:23:06 INFO InMemoryFileIndex: It took 4 ms to list leaf files for 1 paths.
[2022-03-23 03:23:08,184] {spark_submit.py:488} INFO - 22/03/23 03:23:08 INFO CoarseGrainedSchedulerBackend$DriverEndpoint: Registered executor NettyRpcEndpointRef(spark-client://Executor) (192.168.48.2:33070) with ID 0,  ResourceProfileId 0
[2022-03-23 03:23:08,429] {spark_submit.py:488} INFO - 22/03/23 03:23:08 INFO BlockManagerMasterEndpoint: Registering block manager 192.168.48.2:41877 with 366.3 MiB RAM, BlockManagerId(0, 192.168.48.2, 41877, None)
[2022-03-23 03:23:10,837] {spark_submit.py:488} INFO - 22/03/23 03:23:10 INFO FileSourceStrategy: Pushed Filters:
[2022-03-23 03:23:10,841] {spark_submit.py:488} INFO - 22/03/23 03:23:10 INFO FileSourceStrategy: Post-Scan Filters: (length(trim(value#0, None)) > 0)
[2022-03-23 03:23:10,849] {spark_submit.py:488} INFO - 22/03/23 03:23:10 INFO FileSourceStrategy: Output Data Schema: struct<value: string>
[2022-03-23 03:23:12,040] {spark_submit.py:488} INFO - 22/03/23 03:23:12 INFO CodeGenerator: Code generated in 466.956258 ms
[2022-03-23 03:23:12,127] {spark_submit.py:488} INFO - 22/03/23 03:23:12 INFO MemoryStore: Block broadcast_0 stored as values in memory (estimated size 339.4 KiB, free 366.0 MiB)
[2022-03-23 03:23:12,207] {spark_submit.py:488} INFO - 22/03/23 03:23:12 INFO MemoryStore: Block broadcast_0_piece0 stored as bytes in memory (estimated size 32.7 KiB, free 365.9 MiB)
[2022-03-23 03:23:12,212] {spark_submit.py:488} INFO - 22/03/23 03:23:12 INFO BlockManagerInfo: Added broadcast_0_piece0 in memory on d74460602b96:38679 (size: 32.7 KiB, free: 366.3 MiB)
[2022-03-23 03:23:12,222] {spark_submit.py:488} INFO - 22/03/23 03:23:12 INFO SparkContext: Created broadcast 0 from load at NativeMethodAccessorImpl.java:0
[2022-03-23 03:23:12,242] {spark_submit.py:488} INFO - 22/03/23 03:23:12 INFO FileSourceScanExec: Planning scan with bin packing, max size: 4194304 bytes, open cost is considered as scanning 4194304 bytes.
[2022-03-23 03:23:12,401] {spark_submit.py:488} INFO - 22/03/23 03:23:12 INFO SparkContext: Starting job: load at NativeMethodAccessorImpl.java:0
[2022-03-23 03:23:12,443] {spark_submit.py:488} INFO - 22/03/23 03:23:12 INFO DAGScheduler: Got job 0 (load at NativeMethodAccessorImpl.java:0) with 1 output partitions
[2022-03-23 03:23:12,444] {spark_submit.py:488} INFO - 22/03/23 03:23:12 INFO DAGScheduler: Final stage: ResultStage 0 (load at NativeMethodAccessorImpl.java:0)
[2022-03-23 03:23:12,445] {spark_submit.py:488} INFO - 22/03/23 03:23:12 INFO DAGScheduler: Parents of final stage: List()
[2022-03-23 03:23:12,448] {spark_submit.py:488} INFO - 22/03/23 03:23:12 INFO DAGScheduler: Missing parents: List()
[2022-03-23 03:23:12,455] {spark_submit.py:488} INFO - 22/03/23 03:23:12 INFO DAGScheduler: Submitting ResultStage 0 (MapPartitionsRDD[3] at load at NativeMethodAccessorImpl.java:0), which has no missing parents
[2022-03-23 03:23:12,543] {spark_submit.py:488} INFO - 22/03/23 03:23:12 INFO MemoryStore: Block broadcast_1 stored as values in memory (estimated size 11.6 KiB, free 365.9 MiB)
[2022-03-23 03:23:12,547] {spark_submit.py:488} INFO - 22/03/23 03:23:12 INFO MemoryStore: Block broadcast_1_piece0 stored as bytes in memory (estimated size 5.8 KiB, free 365.9 MiB)
[2022-03-23 03:23:12,548] {spark_submit.py:488} INFO - 22/03/23 03:23:12 INFO BlockManagerInfo: Added broadcast_1_piece0 in memory on d74460602b96:38679 (size: 5.8 KiB, free: 366.3 MiB)
[2022-03-23 03:23:12,549] {spark_submit.py:488} INFO - 22/03/23 03:23:12 INFO SparkContext: Created broadcast 1 from broadcast at DAGScheduler.scala:1478
[2022-03-23 03:23:12,568] {spark_submit.py:488} INFO - 22/03/23 03:23:12 INFO DAGScheduler: Submitting 1 missing tasks from ResultStage 0 (MapPartitionsRDD[3] at load at NativeMethodAccessorImpl.java:0) (first 15 tasks are for partitions Vector(0))
[2022-03-23 03:23:12,569] {spark_submit.py:488} INFO - 22/03/23 03:23:12 INFO TaskSchedulerImpl: Adding task set 0.0 with 1 tasks resource profile 0
[2022-03-23 03:23:12,632] {spark_submit.py:488} INFO - 22/03/23 03:23:12 INFO TaskSetManager: Starting task 0.0 in stage 0.0 (TID 0) (192.168.48.2, executor 0, partition 0, PROCESS_LOCAL, 4878 bytes) taskResourceAssignments Map()
[2022-03-23 03:23:13,145] {spark_submit.py:488} INFO - 22/03/23 03:23:13 INFO BlockManagerInfo: Added broadcast_1_piece0 in memory on 192.168.48.2:41877 (size: 5.8 KiB, free: 366.3 MiB)
[2022-03-23 03:23:14,749] {spark_submit.py:488} INFO - 22/03/23 03:23:14 INFO BlockManagerInfo: Added broadcast_0_piece0 in memory on 192.168.48.2:41877 (size: 32.7 KiB, free: 366.3 MiB)
[2022-03-23 03:23:14,993] {spark_submit.py:488} INFO - 22/03/23 03:23:14 INFO TaskSetManager: Finished task 0.0 in stage 0.0 (TID 0) in 2379 ms on 192.168.48.2 (executor 0) (1/1)
[2022-03-23 03:23:14,997] {spark_submit.py:488} INFO - 22/03/23 03:23:14 INFO TaskSchedulerImpl: Removed TaskSet 0.0, whose tasks have all completed, from pool
[2022-03-23 03:23:15,008] {spark_submit.py:488} INFO - 22/03/23 03:23:15 INFO DAGScheduler: ResultStage 0 (load at NativeMethodAccessorImpl.java:0) finished in 2.529 s
[2022-03-23 03:23:15,016] {spark_submit.py:488} INFO - 22/03/23 03:23:15 INFO DAGScheduler: Job 0 is finished. Cancelling potential speculative or zombie tasks for this job
[2022-03-23 03:23:15,017] {spark_submit.py:488} INFO - 22/03/23 03:23:15 INFO TaskSchedulerImpl: Killing all running tasks in stage 0: Stage finished
[2022-03-23 03:23:15,020] {spark_submit.py:488} INFO - 22/03/23 03:23:15 INFO DAGScheduler: Job 0 finished: load at NativeMethodAccessorImpl.java:0, took 2.617706 s
[2022-03-23 03:23:15,058] {spark_submit.py:488} INFO - 22/03/23 03:23:15 INFO CodeGenerator: Code generated in 18.17431 ms
[2022-03-23 03:23:15,171] {spark_submit.py:488} INFO - 22/03/23 03:23:15 INFO FileSourceStrategy: Pushed Filters:
[2022-03-23 03:23:15,171] {spark_submit.py:488} INFO - 22/03/23 03:23:15 INFO FileSourceStrategy: Post-Scan Filters:
[2022-03-23 03:23:15,172] {spark_submit.py:488} INFO - 22/03/23 03:23:15 INFO FileSourceStrategy: Output Data Schema: struct<value: string>
[2022-03-23 03:23:15,189] {spark_submit.py:488} INFO - 22/03/23 03:23:15 INFO MemoryStore: Block broadcast_2 stored as values in memory (estimated size 339.4 KiB, free 365.6 MiB)
[2022-03-23 03:23:15,208] {spark_submit.py:488} INFO - 22/03/23 03:23:15 INFO MemoryStore: Block broadcast_2_piece0 stored as bytes in memory (estimated size 32.7 KiB, free 365.6 MiB)
[2022-03-23 03:23:15,210] {spark_submit.py:488} INFO - 22/03/23 03:23:15 INFO BlockManagerInfo: Added broadcast_2_piece0 in memory on d74460602b96:38679 (size: 32.7 KiB, free: 366.2 MiB)
[2022-03-23 03:23:15,211] {spark_submit.py:488} INFO - 22/03/23 03:23:15 INFO SparkContext: Created broadcast 2 from load at NativeMethodAccessorImpl.java:0
[2022-03-23 03:23:15,213] {spark_submit.py:488} INFO - 22/03/23 03:23:15 INFO FileSourceScanExec: Planning scan with bin packing, max size: 4194304 bytes, open cost is considered as scanning 4194304 bytes.
[2022-03-23 03:23:15,318] {spark_submit.py:488} INFO - 22/03/23 03:23:15 INFO InMemoryFileIndex: It took 4 ms to list leaf files for 1 paths.
[2022-03-23 03:23:15,332] {spark_submit.py:488} INFO - 22/03/23 03:23:15 INFO InMemoryFileIndex: It took 2 ms to list leaf files for 1 paths.
[2022-03-23 03:23:15,525] {spark_submit.py:488} INFO - 22/03/23 03:23:15 INFO FileSourceStrategy: Pushed Filters:
[2022-03-23 03:23:15,526] {spark_submit.py:488} INFO - 22/03/23 03:23:15 INFO FileSourceStrategy: Post-Scan Filters: (length(trim(value#22, None)) > 0)
[2022-03-23 03:23:15,526] {spark_submit.py:488} INFO - 22/03/23 03:23:15 INFO FileSourceStrategy: Output Data Schema: struct<value: string>
[2022-03-23 03:23:15,553] {spark_submit.py:488} INFO - 22/03/23 03:23:15 INFO MemoryStore: Block broadcast_3 stored as values in memory (estimated size 339.4 KiB, free 365.2 MiB)
[2022-03-23 03:23:15,570] {spark_submit.py:488} INFO - 22/03/23 03:23:15 INFO MemoryStore: Block broadcast_3_piece0 stored as bytes in memory (estimated size 32.7 KiB, free 365.2 MiB)
[2022-03-23 03:23:15,571] {spark_submit.py:488} INFO - 22/03/23 03:23:15 INFO BlockManagerInfo: Added broadcast_3_piece0 in memory on d74460602b96:38679 (size: 32.7 KiB, free: 366.2 MiB)
[2022-03-23 03:23:15,572] {spark_submit.py:488} INFO - 22/03/23 03:23:15 INFO SparkContext: Created broadcast 3 from load at NativeMethodAccessorImpl.java:0
[2022-03-23 03:23:15,573] {spark_submit.py:488} INFO - 22/03/23 03:23:15 INFO FileSourceScanExec: Planning scan with bin packing, max size: 4194304 bytes, open cost is considered as scanning 4194304 bytes.
[2022-03-23 03:23:15,587] {spark_submit.py:488} INFO - 22/03/23 03:23:15 INFO SparkContext: Starting job: load at NativeMethodAccessorImpl.java:0
[2022-03-23 03:23:15,589] {spark_submit.py:488} INFO - 22/03/23 03:23:15 INFO DAGScheduler: Got job 1 (load at NativeMethodAccessorImpl.java:0) with 1 output partitions
[2022-03-23 03:23:15,590] {spark_submit.py:488} INFO - 22/03/23 03:23:15 INFO DAGScheduler: Final stage: ResultStage 1 (load at NativeMethodAccessorImpl.java:0)
[2022-03-23 03:23:15,590] {spark_submit.py:488} INFO - 22/03/23 03:23:15 INFO DAGScheduler: Parents of final stage: List()
[2022-03-23 03:23:15,590] {spark_submit.py:488} INFO - 22/03/23 03:23:15 INFO DAGScheduler: Missing parents: List()
[2022-03-23 03:23:15,592] {spark_submit.py:488} INFO - 22/03/23 03:23:15 INFO DAGScheduler: Submitting ResultStage 1 (MapPartitionsRDD[13] at load at NativeMethodAccessorImpl.java:0), which has no missing parents
[2022-03-23 03:23:15,599] {spark_submit.py:488} INFO - 22/03/23 03:23:15 INFO MemoryStore: Block broadcast_4 stored as values in memory (estimated size 11.6 KiB, free 365.2 MiB)
[2022-03-23 03:23:15,603] {spark_submit.py:488} INFO - 22/03/23 03:23:15 INFO MemoryStore: Block broadcast_4_piece0 stored as bytes in memory (estimated size 5.8 KiB, free 365.2 MiB)
[2022-03-23 03:23:15,604] {spark_submit.py:488} INFO - 22/03/23 03:23:15 INFO BlockManagerInfo: Added broadcast_4_piece0 in memory on d74460602b96:38679 (size: 5.8 KiB, free: 366.2 MiB)
[2022-03-23 03:23:15,605] {spark_submit.py:488} INFO - 22/03/23 03:23:15 INFO SparkContext: Created broadcast 4 from broadcast at DAGScheduler.scala:1478
[2022-03-23 03:23:15,606] {spark_submit.py:488} INFO - 22/03/23 03:23:15 INFO DAGScheduler: Submitting 1 missing tasks from ResultStage 1 (MapPartitionsRDD[13] at load at NativeMethodAccessorImpl.java:0) (first 15 tasks are for partitions Vector(0))
[2022-03-23 03:23:15,606] {spark_submit.py:488} INFO - 22/03/23 03:23:15 INFO TaskSchedulerImpl: Adding task set 1.0 with 1 tasks resource profile 0
[2022-03-23 03:23:15,609] {spark_submit.py:488} INFO - 22/03/23 03:23:15 INFO TaskSetManager: Starting task 0.0 in stage 1.0 (TID 1) (192.168.48.2, executor 0, partition 0, PROCESS_LOCAL, 4879 bytes) taskResourceAssignments Map()
[2022-03-23 03:23:15,649] {spark_submit.py:488} INFO - 22/03/23 03:23:15 INFO BlockManagerInfo: Added broadcast_4_piece0 in memory on 192.168.48.2:41877 (size: 5.8 KiB, free: 366.3 MiB)
[2022-03-23 03:23:15,687] {spark_submit.py:488} INFO - 22/03/23 03:23:15 INFO BlockManagerInfo: Added broadcast_3_piece0 in memory on 192.168.48.2:41877 (size: 32.7 KiB, free: 366.2 MiB)
[2022-03-23 03:23:15,739] {spark_submit.py:488} INFO - 22/03/23 03:23:15 INFO TaskSetManager: Finished task 0.0 in stage 1.0 (TID 1) in 131 ms on 192.168.48.2 (executor 0) (1/1)
[2022-03-23 03:23:15,739] {spark_submit.py:488} INFO - 22/03/23 03:23:15 INFO TaskSchedulerImpl: Removed TaskSet 1.0, whose tasks have all completed, from pool
[2022-03-23 03:23:15,741] {spark_submit.py:488} INFO - 22/03/23 03:23:15 INFO DAGScheduler: ResultStage 1 (load at NativeMethodAccessorImpl.java:0) finished in 0.146 s
[2022-03-23 03:23:15,741] {spark_submit.py:488} INFO - 22/03/23 03:23:15 INFO DAGScheduler: Job 1 is finished. Cancelling potential speculative or zombie tasks for this job
[2022-03-23 03:23:15,741] {spark_submit.py:488} INFO - 22/03/23 03:23:15 INFO TaskSchedulerImpl: Killing all running tasks in stage 1: Stage finished
[2022-03-23 03:23:15,742] {spark_submit.py:488} INFO - 22/03/23 03:23:15 INFO DAGScheduler: Job 1 finished: load at NativeMethodAccessorImpl.java:0, took 0.153949 s
[2022-03-23 03:23:15,772] {spark_submit.py:488} INFO - 22/03/23 03:23:15 INFO FileSourceStrategy: Pushed Filters:
[2022-03-23 03:23:15,772] {spark_submit.py:488} INFO - 22/03/23 03:23:15 INFO FileSourceStrategy: Post-Scan Filters:
[2022-03-23 03:23:15,772] {spark_submit.py:488} INFO - 22/03/23 03:23:15 INFO FileSourceStrategy: Output Data Schema: struct<value: string>
[2022-03-23 03:23:15,789] {spark_submit.py:488} INFO - 22/03/23 03:23:15 INFO MemoryStore: Block broadcast_5 stored as values in memory (estimated size 339.4 KiB, free 364.8 MiB)
[2022-03-23 03:23:15,804] {spark_submit.py:488} INFO - 22/03/23 03:23:15 INFO MemoryStore: Block broadcast_5_piece0 stored as bytes in memory (estimated size 32.7 KiB, free 364.8 MiB)
[2022-03-23 03:23:15,805] {spark_submit.py:488} INFO - 22/03/23 03:23:15 INFO BlockManagerInfo: Added broadcast_5_piece0 in memory on d74460602b96:38679 (size: 32.7 KiB, free: 366.2 MiB)
[2022-03-23 03:23:15,807] {spark_submit.py:488} INFO - 22/03/23 03:23:15 INFO SparkContext: Created broadcast 5 from load at NativeMethodAccessorImpl.java:0
[2022-03-23 03:23:15,808] {spark_submit.py:488} INFO - 22/03/23 03:23:15 INFO FileSourceScanExec: Planning scan with bin packing, max size: 4194304 bytes, open cost is considered as scanning 4194304 bytes.
[2022-03-23 03:23:15,947] {spark_submit.py:488} INFO - ######################################
[2022-03-23 03:23:15,947] {spark_submit.py:488} INFO - LOADING POSTGRES TABLES
[2022-03-23 03:23:15,947] {spark_submit.py:488} INFO - ######################################
[2022-03-23 03:23:16,074] {spark_submit.py:488} INFO - Traceback (most recent call last):
[2022-03-23 03:23:16,075] {spark_submit.py:488} INFO - File "/usr/local/spark/app/load-postgres.py", line 64, in <module>
[2022-03-23 03:23:16,075] {spark_submit.py:488} INFO - .mode("overwrite")
[2022-03-23 03:23:16,075] {spark_submit.py:488} INFO - File "/home/***/.local/lib/python3.7/site-packages/pyspark/sql/readwriter.py", line 738, in save
[2022-03-23 03:23:16,075] {spark_submit.py:488} INFO - self._jwrite.save()
[2022-03-23 03:23:16,075] {spark_submit.py:488} INFO - File "/home/***/.local/lib/python3.7/site-packages/py4j/java_gateway.py", line 1322, in __call__
[2022-03-23 03:23:16,075] {spark_submit.py:488} INFO - answer, self.gateway_client, self.target_id, self.name)
[2022-03-23 03:23:16,076] {spark_submit.py:488} INFO - File "/home/***/.local/lib/python3.7/site-packages/pyspark/sql/utils.py", line 111, in deco
[2022-03-23 03:23:16,076] {spark_submit.py:488} INFO - return f(*a, **kw)
[2022-03-23 03:23:16,076] {spark_submit.py:488} INFO - File "/home/***/.local/lib/python3.7/site-packages/py4j/protocol.py", line 328, in get_return_value
[2022-03-23 03:23:16,076] {spark_submit.py:488} INFO - format(target_id, ".", name), value)
[2022-03-23 03:23:16,077] {spark_submit.py:488} INFO - py4j.protocol.Py4JJavaError: An error occurred while calling o48.save.
[2022-03-23 03:23:16,079] {spark_submit.py:488} INFO - : org.postgresql.util.PSQLException: FATAL: password authentication failed for user "test"
[2022-03-23 03:23:16,079] {spark_submit.py:488} INFO - at org.postgresql.core.v3.ConnectionFactoryImpl.doAuthentication(ConnectionFactoryImpl.java:427)
[2022-03-23 03:23:16,079] {spark_submit.py:488} INFO - at org.postgresql.core.v3.ConnectionFactoryImpl.openConnectionImpl(ConnectionFactoryImpl.java:203)
[2022-03-23 03:23:16,079] {spark_submit.py:488} INFO - at org.postgresql.core.ConnectionFactory.openConnection(ConnectionFactory.java:65)
[2022-03-23 03:23:16,080] {spark_submit.py:488} INFO - at org.postgresql.jdbc.PgConnection.<init>(PgConnection.java:159)
[2022-03-23 03:23:16,080] {spark_submit.py:488} INFO - at org.postgresql.Driver.makeConnection(Driver.java:416)
[2022-03-23 03:23:16,080] {spark_submit.py:488} INFO - at org.postgresql.Driver.connect(Driver.java:283)
[2022-03-23 03:23:16,080] {spark_submit.py:488} INFO - at org.apache.spark.sql.execution.datasources.jdbc.connection.BasicConnectionProvider.getConnection(BasicConnectionProvider.scala:49)
[2022-03-23 03:23:16,080] {spark_submit.py:488} INFO - at org.apache.spark.sql.execution.datasources.jdbc.connection.ConnectionProvider$.create(ConnectionProvider.scala:77)
[2022-03-23 03:23:16,080] {spark_submit.py:488} INFO - at org.apache.spark.sql.execution.datasources.jdbc.JdbcUtils$.$anonfun$createConnectionFactory$1(JdbcUtils.scala:64)
[2022-03-23 03:23:16,081] {spark_submit.py:488} INFO - at org.apache.spark.sql.execution.datasources.jdbc.JdbcRelationProvider.createRelation(JdbcRelationProvider.scala:49)
[2022-03-23 03:23:16,081] {spark_submit.py:488} INFO - at org.apache.spark.sql.execution.datasources.SaveIntoDataSourceCommand.run(SaveIntoDataSourceCommand.scala:45)
[2022-03-23 03:23:16,081] {spark_submit.py:488} INFO - at org.apache.spark.sql.execution.command.ExecutedCommandExec.sideEffectResult$lzycompute(commands.scala:75)
[2022-03-23 03:23:16,081] {spark_submit.py:488} INFO - at org.apache.spark.sql.execution.command.ExecutedCommandExec.sideEffectResult(commands.scala:73)
[2022-03-23 03:23:16,081] {spark_submit.py:488} INFO - at org.apache.spark.sql.execution.command.ExecutedCommandExec.executeCollect(commands.scala:84)
[2022-03-23 03:23:16,082] {spark_submit.py:488} INFO - at org.apache.spark.sql.execution.QueryExecution$$anonfun$eagerlyExecuteCommands$1.$anonfun$applyOrElse$1(QueryExecution.scala:110)
[2022-03-23 03:23:16,082] {spark_submit.py:488} INFO - at org.apache.spark.sql.execution.SQLExecution$.$anonfun$withNewExecutionId$5(SQLExecution.scala:103)
[2022-03-23 03:23:16,082] {spark_submit.py:488} INFO - at org.apache.spark.sql.execution.SQLExecution$.withSQLConfPropagated(SQLExecution.scala:163)
[2022-03-23 03:23:16,082] {spark_submit.py:488} INFO - at org.apache.spark.sql.execution.SQLExecution$.$anonfun$withNewExecutionId$1(SQLExecution.scala:90)
[2022-03-23 03:23:16,082] {spark_submit.py:488} INFO - at org.apache.spark.sql.SparkSession.withActive(SparkSession.scala:775)
[2022-03-23 03:23:16,082] {spark_submit.py:488} INFO - at org.apache.spark.sql.execution.SQLExecution$.withNewExecutionId(SQLExecution.scala:64)
[2022-03-23 03:23:16,083] {spark_submit.py:488} INFO - at org.apache.spark.sql.execution.QueryExecution$$anonfun$eagerlyExecuteCommands$1.applyOrElse(QueryExecution.scala:110)
[2022-03-23 03:23:16,083] {spark_submit.py:488} INFO - at org.apache.spark.sql.execution.QueryExecution$$anonfun$eagerlyExecuteCommands$1.applyOrElse(QueryExecution.scala:106)
[2022-03-23 03:23:16,083] {spark_submit.py:488} INFO - at org.apache.spark.sql.catalyst.trees.TreeNode.$anonfun$transformDownWithPruning$1(TreeNode.scala:481)
[2022-03-23 03:23:16,083] {spark_submit.py:488} INFO - at org.apache.spark.sql.catalyst.trees.CurrentOrigin$.withOrigin(TreeNode.scala:82)
[2022-03-23 03:23:16,083] {spark_submit.py:488} INFO - at org.apache.spark.sql.catalyst.trees.TreeNode.transformDownWithPruning(TreeNode.scala:481)
[2022-03-23 03:23:16,084] {spark_submit.py:488} INFO - at org.apache.spark.sql.catalyst.plans.logical.LogicalPlan.org$apache$spark$sql$catalyst$plans$logical$AnalysisHelper$$super$transformDownWithPruning(LogicalPlan.scala:30)
[2022-03-23 03:23:16,084] {spark_submit.py:488} INFO - at org.apache.spark.sql.catalyst.plans.logical.AnalysisHelper.transformDownWithPruning(AnalysisHelper.scala:267)
[2022-03-23 03:23:16,084] {spark_submit.py:488} INFO - at org.apache.spark.sql.catalyst.plans.logical.AnalysisHelper.transformDownWithPruning$(AnalysisHelper.scala:263)
[2022-03-23 03:23:16,084] {spark_submit.py:488} INFO - at org.apache.spark.sql.catalyst.plans.logical.LogicalPlan.transformDownWithPruning(LogicalPlan.scala:30)
[2022-03-23 03:23:16,084] {spark_submit.py:488} INFO - at org.apache.spark.sql.catalyst.plans.logical.LogicalPlan.transformDownWithPruning(LogicalPlan.scala:30)
[2022-03-23 03:23:16,084] {spark_submit.py:488} INFO - at org.apache.spark.sql.catalyst.trees.TreeNode.transformDown(TreeNode.scala:457)
[2022-03-23 03:23:16,084] {spark_submit.py:488} INFO - at org.apache.spark.sql.execution.QueryExecution.eagerlyExecuteCommands(QueryExecution.scala:106)
[2022-03-23 03:23:16,085] {spark_submit.py:488} INFO - at org.apache.spark.sql.execution.QueryExecution.commandExecuted$lzycompute(QueryExecution.scala:93)
[2022-03-23 03:23:16,085] {spark_submit.py:488} INFO - at org.apache.spark.sql.execution.QueryExecution.commandExecuted(QueryExecution.scala:91)
[2022-03-23 03:23:16,085] {spark_submit.py:488} INFO - at org.apache.spark.sql.execution.QueryExecution.assertCommandExecuted(QueryExecution.scala:128)
[2022-03-23 03:23:16,085] {spark_submit.py:488} INFO - at org.apache.spark.sql.DataFrameWriter.runCommand(DataFrameWriter.scala:848)
[2022-03-23 03:23:16,085] {spark_submit.py:488} INFO - at org.apache.spark.sql.DataFrameWriter.saveToV1Source(DataFrameWriter.scala:382)
[2022-03-23 03:23:16,085] {spark_submit.py:488} INFO - at org.apache.spark.sql.DataFrameWriter.saveInternal(DataFrameWriter.scala:355)
[2022-03-23 03:23:16,085] {spark_submit.py:488} INFO - at org.apache.spark.sql.DataFrameWriter.save(DataFrameWriter.scala:247)
[2022-03-23 03:23:16,085] {spark_submit.py:488} INFO - at sun.reflect.NativeMethodAccessorImpl.invoke0(Native Method)
[2022-03-23 03:23:16,085] {spark_submit.py:488} INFO - at sun.reflect.NativeMethodAccessorImpl.invoke(NativeMethodAccessorImpl.java:62)
[2022-03-23 03:23:16,085] {spark_submit.py:488} INFO - at sun.reflect.DelegatingMethodAccessorImpl.invoke(DelegatingMethodAccessorImpl.java:43)
[2022-03-23 03:23:16,085] {spark_submit.py:488} INFO - at java.lang.reflect.Method.invoke(Method.java:498)
[2022-03-23 03:23:16,086] {spark_submit.py:488} INFO - at py4j.reflection.MethodInvoker.invoke(MethodInvoker.java:244)
[2022-03-23 03:23:16,086] {spark_submit.py:488} INFO - at py4j.reflection.ReflectionEngine.invoke(ReflectionEngine.java:357)
[2022-03-23 03:23:16,086] {spark_submit.py:488} INFO - at py4j.Gateway.invoke(Gateway.java:282)
[2022-03-23 03:23:16,086] {spark_submit.py:488} INFO - at py4j.commands.AbstractCommand.invokeMethod(AbstractCommand.java:132)
[2022-03-23 03:23:16,086] {spark_submit.py:488} INFO - at py4j.commands.CallCommand.execute(CallCommand.java:79)
[2022-03-23 03:23:16,086] {spark_submit.py:488} INFO - at py4j.ClientServerConnection.waitForCommands(ClientServerConnection.java:182)
[2022-03-23 03:23:16,086] {spark_submit.py:488} INFO - at py4j.ClientServerConnection.run(ClientServerConnection.java:106)
[2022-03-23 03:23:16,086] {spark_submit.py:488} INFO - at java.lang.Thread.run(Thread.java:750)
[2022-03-23 03:23:16,086] {spark_submit.py:488} INFO - 
[2022-03-23 03:23:16,146] {spark_submit.py:488} INFO - 22/03/23 03:23:16 INFO SparkContext: Invoking stop() from shutdown hook
[2022-03-23 03:23:16,162] {spark_submit.py:488} INFO - 22/03/23 03:23:16 INFO SparkUI: Stopped Spark web UI at http://d74460602b96:4040
[2022-03-23 03:23:16,169] {spark_submit.py:488} INFO - 22/03/23 03:23:16 INFO StandaloneSchedulerBackend: Shutting down all executors
[2022-03-23 03:23:16,170] {spark_submit.py:488} INFO - 22/03/23 03:23:16 INFO CoarseGrainedSchedulerBackend$DriverEndpoint: Asking each executor to shut down
[2022-03-23 03:23:16,226] {spark_submit.py:488} INFO - 22/03/23 03:23:16 INFO MapOutputTrackerMasterEndpoint: MapOutputTrackerMasterEndpoint stopped!
[2022-03-23 03:23:16,315] {spark_submit.py:488} INFO - 22/03/23 03:23:16 INFO MemoryStore: MemoryStore cleared
[2022-03-23 03:23:16,319] {spark_submit.py:488} INFO - 22/03/23 03:23:16 INFO BlockManager: BlockManager stopped
[2022-03-23 03:23:16,360] {spark_submit.py:488} INFO - 22/03/23 03:23:16 INFO BlockManagerMaster: BlockManagerMaster stopped
[2022-03-23 03:23:16,368] {spark_submit.py:488} INFO - 22/03/23 03:23:16 INFO OutputCommitCoordinator$OutputCommitCoordinatorEndpoint: OutputCommitCoordinator stopped!
[2022-03-23 03:23:16,395] {spark_submit.py:488} INFO - 22/03/23 03:23:16 INFO SparkContext: Successfully stopped SparkContext
[2022-03-23 03:23:16,395] {spark_submit.py:488} INFO - 22/03/23 03:23:16 INFO ShutdownHookManager: Shutdown hook called
[2022-03-23 03:23:16,397] {spark_submit.py:488} INFO - 22/03/23 03:23:16 INFO ShutdownHookManager: Deleting directory /tmp/spark-4b252796-d772-442e-9767-c11d5f33a098
[2022-03-23 03:23:16,403] {spark_submit.py:488} INFO - 22/03/23 03:23:16 INFO ShutdownHookManager: Deleting directory /tmp/spark-f63ea0a1-c70d-40eb-b94c-d4c85c163af2
[2022-03-23 03:23:16,407] {spark_submit.py:488} INFO - 22/03/23 03:23:16 INFO ShutdownHookManager: Deleting directory /tmp/spark-4b252796-d772-442e-9767-c11d5f33a098/pyspark-549e064f-190d-46fa-a71c-50f034dc815d
[2022-03-23 03:23:16,506] {taskinstance.py:1700} ERROR - Task failed with exception
Traceback (most recent call last):
  File "/home/airflow/.local/lib/python3.7/site-packages/airflow/models/taskinstance.py", line 1329, in _run_raw_task
    self._execute_task_with_callbacks(context)
  File "/home/airflow/.local/lib/python3.7/site-packages/airflow/models/taskinstance.py", line 1455, in _execute_task_with_callbacks
    result = self._execute_task(context, self.task)
  File "/home/airflow/.local/lib/python3.7/site-packages/airflow/models/taskinstance.py", line 1511, in _execute_task
    result = execute_callable(context=context)
  File "/home/airflow/.local/lib/python3.7/site-packages/airflow/providers/apache/spark/operators/spark_submit.py", line 157, in execute
    self._hook.submit(self._application)
  File "/home/airflow/.local/lib/python3.7/site-packages/airflow/providers/apache/spark/hooks/spark_submit.py", line 420, in submit
    f"Cannot execute: {self._mask_cmd(spark_submit_cmd)}. Error code is: {returncode}."
airflow.exceptions.AirflowException: Cannot execute: spark-submit --master spark://spark:7077 --conf spark.master=spark://spark:8181 --driver-class-path /usr/local/spark/resources/jars/postgresql-9.4.1207.jar --jars /usr/local/spark/resources/jars/postgresql-9.4.1207.jar --name load-postgres --verbose --queue root.default /usr/local/spark/app/load-postgres.py /usr/local/spark/resources/data/movies.csv /usr/local/spark/resources/data/ratings.csv jdbc:postgresql://postgres/test test postgres. Error code is: 1.
[2022-03-23 03:23:16,519] {taskinstance.py:1277} INFO - Marking task as FAILED. dag_id=spark-postgres, task_id=spark_job_load_postgres, execution_date=20220323T002152, start_date=20220323T032259, end_date=20220323T032316
[2022-03-23 03:23:16,541] {standard_task_runner.py:92} ERROR - Failed to execute job 64 for task spark_job_load_postgres
Traceback (most recent call last):
  File "/home/airflow/.local/lib/python3.7/site-packages/airflow/task/task_runner/standard_task_runner.py", line 85, in _start_by_fork
    args.func(args, dag=self.dag)
  File "/home/airflow/.local/lib/python3.7/site-packages/airflow/cli/cli_parser.py", line 48, in command
    return func(*args, **kwargs)
  File "/home/airflow/.local/lib/python3.7/site-packages/airflow/utils/cli.py", line 92, in wrapper
    return f(*args, **kwargs)
  File "/home/airflow/.local/lib/python3.7/site-packages/airflow/cli/commands/task_command.py", line 298, in task_run
    _run_task_by_selected_method(args, dag, ti)
  File "/home/airflow/.local/lib/python3.7/site-packages/airflow/cli/commands/task_command.py", line 107, in _run_task_by_selected_method
    _run_raw_task(args, ti)
  File "/home/airflow/.local/lib/python3.7/site-packages/airflow/cli/commands/task_command.py", line 184, in _run_raw_task
    error_file=args.error_file,
  File "/home/airflow/.local/lib/python3.7/site-packages/airflow/utils/session.py", line 70, in wrapper
    return func(*args, session=session, **kwargs)
  File "/home/airflow/.local/lib/python3.7/site-packages/airflow/models/taskinstance.py", line 1329, in _run_raw_task
    self._execute_task_with_callbacks(context)
  File "/home/airflow/.local/lib/python3.7/site-packages/airflow/models/taskinstance.py", line 1455, in _execute_task_with_callbacks
    result = self._execute_task(context, self.task)
  File "/home/airflow/.local/lib/python3.7/site-packages/airflow/models/taskinstance.py", line 1511, in _execute_task
    result = execute_callable(context=context)
  File "/home/airflow/.local/lib/python3.7/site-packages/airflow/providers/apache/spark/operators/spark_submit.py", line 157, in execute
    self._hook.submit(self._application)
  File "/home/airflow/.local/lib/python3.7/site-packages/airflow/providers/apache/spark/hooks/spark_submit.py", line 420, in submit
    f"Cannot execute: {self._mask_cmd(spark_submit_cmd)}. Error code is: {returncode}."
airflow.exceptions.AirflowException: Cannot execute: spark-submit --master spark://spark:7077 --conf spark.master=spark://spark:8181 --driver-class-path /usr/local/spark/resources/jars/postgresql-9.4.1207.jar --jars /usr/local/spark/resources/jars/postgresql-9.4.1207.jar --name load-postgres --verbose --queue root.default /usr/local/spark/app/load-postgres.py /usr/local/spark/resources/data/movies.csv /usr/local/spark/resources/data/ratings.csv jdbc:postgresql://postgres/test test postgres. Error code is: 1.
[2022-03-23 03:23:16,579] {local_task_job.py:154} INFO - Task exited with return code 1
[2022-03-23 03:23:16,643] {local_task_job.py:264} INFO - 0 downstream tasks scheduled from follow-on schedule check
