[2022-04-06 03:33:25,410] {taskinstance.py:1043} INFO - Dependencies all met for <TaskInstance: IngestToGCP.processing_tasks_badges.remove_badges_parquet scheduled__2020-06-01T00:00:00+00:00 [queued]>
[2022-04-06 03:33:25,528] {taskinstance.py:1043} INFO - Dependencies all met for <TaskInstance: IngestToGCP.processing_tasks_badges.remove_badges_parquet scheduled__2020-06-01T00:00:00+00:00 [queued]>
[2022-04-06 03:33:25,528] {taskinstance.py:1249} INFO - 
--------------------------------------------------------------------------------
[2022-04-06 03:33:25,529] {taskinstance.py:1250} INFO - Starting attempt 1 of 1
[2022-04-06 03:33:25,529] {taskinstance.py:1251} INFO - 
--------------------------------------------------------------------------------
[2022-04-06 03:33:25,752] {taskinstance.py:1270} INFO - Executing <Task(BashOperator): processing_tasks_badges.remove_badges_parquet> on 2020-06-01 00:00:00+00:00
[2022-04-06 03:33:25,855] {standard_task_runner.py:52} INFO - Started process 219161 to run task
[2022-04-06 03:33:25,910] {standard_task_runner.py:79} INFO - Running: ['***', 'tasks', 'run', 'IngestToGCP', 'processing_tasks_badges.remove_badges_parquet', 'scheduled__2020-06-01T00:00:00+00:00', '--job-id', '11823', '--raw', '--subdir', 'DAGS_FOLDER/ingest_dag.py', '--cfg-path', '/tmp/tmpa8j46s1_', '--error-file', '/tmp/tmp9pef45ju']
[2022-04-06 03:33:25,911] {standard_task_runner.py:80} INFO - Job 11823: Subtask processing_tasks_badges.remove_badges_parquet
[2022-04-06 03:33:27,066] {logging_mixin.py:109} INFO - Running <TaskInstance: IngestToGCP.processing_tasks_badges.remove_badges_parquet scheduled__2020-06-01T00:00:00+00:00 [running]> on host 9fe4286b2855
[2022-04-06 03:33:27,926] {logging_mixin.py:109} WARNING - /home/***/.local/lib/python3.7/site-packages/***/utils/context.py:156 AirflowContextDeprecationWarning: Accessing 'execution_date' from the template is deprecated and will be removed in a future version. Please use 'data_interval_start' or 'logical_date' instead.
[2022-04-06 03:33:28,096] {taskinstance.py:1448} INFO - Exporting the following env vars:
AIRFLOW_CTX_DAG_OWNER=***
AIRFLOW_CTX_DAG_ID=IngestToGCP
AIRFLOW_CTX_TASK_ID=processing_tasks_badges.remove_badges_parquet
AIRFLOW_CTX_EXECUTION_DATE=2020-06-01T00:00:00+00:00
AIRFLOW_CTX_DAG_RUN_ID=scheduled__2020-06-01T00:00:00+00:00
[2022-04-06 03:33:28,098] {subprocess.py:62} INFO - Tmp dir root location: 
 /tmp
[2022-04-06 03:33:28,099] {subprocess.py:74} INFO - Running command: ['bash', '-c', 'rm /opt/***/badges-2020-06.parquet']
[2022-04-06 03:33:28,412] {subprocess.py:85} INFO - Output:
[2022-04-06 03:33:28,471] {subprocess.py:93} INFO - Command exited with return code 0
[2022-04-06 03:33:28,696] {taskinstance.py:1288} INFO - Marking task as SUCCESS. dag_id=IngestToGCP, task_id=processing_tasks_badges.remove_badges_parquet, execution_date=20200601T000000, start_date=20220406T033325, end_date=20220406T033328
[2022-04-06 03:33:29,010] {local_task_job.py:154} INFO - Task exited with return code 0
[2022-04-06 03:33:29,169] {local_task_job.py:264} INFO - 0 downstream tasks scheduled from follow-on schedule check
