[2022-04-06 00:49:50,206] {taskinstance.py:1043} INFO - Dependencies all met for <TaskInstance: IngestToGCP.processing_tasks_posts_questions.format_to_parquet_posts_questions scheduled__2014-07-01T00:00:00+00:00 [queued]>
[2022-04-06 00:49:50,300] {taskinstance.py:1043} INFO - Dependencies all met for <TaskInstance: IngestToGCP.processing_tasks_posts_questions.format_to_parquet_posts_questions scheduled__2014-07-01T00:00:00+00:00 [queued]>
[2022-04-06 00:49:50,300] {taskinstance.py:1249} INFO - 
--------------------------------------------------------------------------------
[2022-04-06 00:49:50,300] {taskinstance.py:1250} INFO - Starting attempt 1 of 1
[2022-04-06 00:49:50,300] {taskinstance.py:1251} INFO - 
--------------------------------------------------------------------------------
[2022-04-06 00:49:50,523] {taskinstance.py:1270} INFO - Executing <Task(PythonOperator): processing_tasks_posts_questions.format_to_parquet_posts_questions> on 2014-07-01 00:00:00+00:00
[2022-04-06 00:49:50,602] {standard_task_runner.py:52} INFO - Started process 107832 to run task
[2022-04-06 00:49:50,650] {standard_task_runner.py:79} INFO - Running: ['***', 'tasks', 'run', 'IngestToGCP', 'processing_tasks_posts_questions.format_to_parquet_posts_questions', 'scheduled__2014-07-01T00:00:00+00:00', '--job-id', '10074', '--raw', '--subdir', 'DAGS_FOLDER/ingest_dag.py', '--cfg-path', '/tmp/tmp8terl4t9', '--error-file', '/tmp/tmpg8hwsm_9']
[2022-04-06 00:49:50,714] {standard_task_runner.py:80} INFO - Job 10074: Subtask processing_tasks_posts_questions.format_to_parquet_posts_questions
[2022-04-06 00:49:51,837] {logging_mixin.py:109} INFO - Running <TaskInstance: IngestToGCP.processing_tasks_posts_questions.format_to_parquet_posts_questions scheduled__2014-07-01T00:00:00+00:00 [running]> on host 9fe4286b2855
[2022-04-06 00:49:52,516] {logging_mixin.py:109} WARNING - /home/***/.local/lib/python3.7/site-packages/***/utils/context.py:156 AirflowContextDeprecationWarning: Accessing 'execution_date' from the template is deprecated and will be removed in a future version. Please use 'data_interval_start' or 'logical_date' instead.
[2022-04-06 00:49:53,358] {taskinstance.py:1448} INFO - Exporting the following env vars:
AIRFLOW_CTX_DAG_OWNER=***
AIRFLOW_CTX_DAG_ID=IngestToGCP
AIRFLOW_CTX_TASK_ID=processing_tasks_posts_questions.format_to_parquet_posts_questions
AIRFLOW_CTX_EXECUTION_DATE=2014-07-01T00:00:00+00:00
AIRFLOW_CTX_DAG_RUN_ID=scheduled__2014-07-01T00:00:00+00:00
[2022-04-06 00:51:28,836] {python.py:175} INFO - Done. Returned value was: None
[2022-04-06 00:51:29,321] {taskinstance.py:1288} INFO - Marking task as SUCCESS. dag_id=IngestToGCP, task_id=processing_tasks_posts_questions.format_to_parquet_posts_questions, execution_date=20140701T000000, start_date=20220406T004950, end_date=20220406T005129
[2022-04-06 00:51:29,439] {local_task_job.py:212} WARNING - State of this instance has been externally set to success. Terminating instance.
[2022-04-06 00:51:29,485] {process_utils.py:124} INFO - Sending Signals.SIGTERM to group 107832. PIDs of all processes in the group: [107832]
[2022-04-06 00:51:29,485] {process_utils.py:75} INFO - Sending the signal Signals.SIGTERM to group 107832
[2022-04-06 00:51:29,936] {process_utils.py:70} INFO - Process psutil.Process(pid=107832, status='terminated', exitcode=0, started='00:49:50') (107832) terminated with exit code 0
