[2022-04-10 19:54:33,959] {taskinstance.py:1043} INFO - Dependencies all met for <TaskInstance: load_to_BigQuery.create_external_badges.create_badges_stack_overflow_data_external_table scheduled__2022-04-09T00:00:00+00:00 [queued]>
[2022-04-10 19:54:33,977] {taskinstance.py:1043} INFO - Dependencies all met for <TaskInstance: load_to_BigQuery.create_external_badges.create_badges_stack_overflow_data_external_table scheduled__2022-04-09T00:00:00+00:00 [queued]>
[2022-04-10 19:54:33,977] {taskinstance.py:1249} INFO - 
--------------------------------------------------------------------------------
[2022-04-10 19:54:33,978] {taskinstance.py:1250} INFO - Starting attempt 7 of 7
[2022-04-10 19:54:33,978] {taskinstance.py:1251} INFO - 
--------------------------------------------------------------------------------
[2022-04-10 19:54:34,004] {taskinstance.py:1270} INFO - Executing <Task(BigQueryCreateExternalTableOperator): create_external_badges.create_badges_stack_overflow_data_external_table> on 2022-04-09 00:00:00+00:00
[2022-04-10 19:54:34,030] {standard_task_runner.py:52} INFO - Started process 279204 to run task
[2022-04-10 19:54:34,048] {standard_task_runner.py:79} INFO - Running: ['***', 'tasks', 'run', 'load_to_BigQuery', 'create_external_badges.create_badges_stack_overflow_data_external_table', 'scheduled__2022-04-09T00:00:00+00:00', '--job-id', '14664', '--raw', '--subdir', 'DAGS_FOLDER/load_to_BigQuery_dag.py', '--cfg-path', '/tmp/tmp4cxx3wu_', '--error-file', '/tmp/tmp4y9p875g']
[2022-04-10 19:54:34,048] {standard_task_runner.py:80} INFO - Job 14664: Subtask create_external_badges.create_badges_stack_overflow_data_external_table
[2022-04-10 19:54:34,251] {logging_mixin.py:109} INFO - Running <TaskInstance: load_to_BigQuery.create_external_badges.create_badges_stack_overflow_data_external_table scheduled__2022-04-09T00:00:00+00:00 [running]> on host 36107d30f64e
[2022-04-10 19:54:35,042] {taskinstance.py:1448} INFO - Exporting the following env vars:
AIRFLOW_CTX_DAG_OWNER=***
AIRFLOW_CTX_DAG_ID=load_to_BigQuery
AIRFLOW_CTX_TASK_ID=create_external_badges.create_badges_stack_overflow_data_external_table
AIRFLOW_CTX_EXECUTION_DATE=2022-04-09T00:00:00+00:00
AIRFLOW_CTX_DAG_RUN_ID=scheduled__2022-04-09T00:00:00+00:00
[2022-04-10 19:54:35,045] {crypto.py:82} WARNING - empty cryptography key - values will not be stored encrypted.
[2022-04-10 19:54:47,462] {taskinstance.py:1288} INFO - Marking task as SUCCESS. dag_id=load_to_BigQuery, task_id=create_external_badges.create_badges_stack_overflow_data_external_table, execution_date=20220409T000000, start_date=20220410T195433, end_date=20220410T195447
[2022-04-10 19:54:47,503] {local_task_job.py:154} INFO - Task exited with return code 0
[2022-04-10 19:54:47,636] {local_task_job.py:264} INFO - 1 downstream tasks scheduled from follow-on schedule check
