[2022-04-07 22:21:14,258] {taskinstance.py:1043} INFO - Dependencies all met for <TaskInstance: load_to_BigQuery.create_external_badges.create_badges_stack_overflow_data_external_table scheduled__2020-02-01T00:00:00+00:00 [queued]>
[2022-04-07 22:21:14,288] {taskinstance.py:1043} INFO - Dependencies all met for <TaskInstance: load_to_BigQuery.create_external_badges.create_badges_stack_overflow_data_external_table scheduled__2020-02-01T00:00:00+00:00 [queued]>
[2022-04-07 22:21:14,288] {taskinstance.py:1249} INFO - 
--------------------------------------------------------------------------------
[2022-04-07 22:21:14,288] {taskinstance.py:1250} INFO - Starting attempt 1 of 1
[2022-04-07 22:21:14,288] {taskinstance.py:1251} INFO - 
--------------------------------------------------------------------------------
[2022-04-07 22:21:14,615] {taskinstance.py:1270} INFO - Executing <Task(BigQueryCreateExternalTableOperator): create_external_badges.create_badges_stack_overflow_data_external_table> on 2020-02-01 00:00:00+00:00
[2022-04-07 22:21:14,629] {standard_task_runner.py:52} INFO - Started process 7930 to run task
[2022-04-07 22:21:14,649] {standard_task_runner.py:79} INFO - Running: ['***', 'tasks', 'run', 'load_to_BigQuery', 'create_external_badges.create_badges_stack_overflow_data_external_table', 'scheduled__2020-02-01T00:00:00+00:00', '--job-id', '14415', '--raw', '--subdir', 'DAGS_FOLDER/load_to_BigQuery_dag.py', '--cfg-path', '/tmp/tmpew20dji4', '--error-file', '/tmp/tmp7964kqai']
[2022-04-07 22:21:14,650] {standard_task_runner.py:80} INFO - Job 14415: Subtask create_external_badges.create_badges_stack_overflow_data_external_table
[2022-04-07 22:21:14,898] {logging_mixin.py:109} INFO - Running <TaskInstance: load_to_BigQuery.create_external_badges.create_badges_stack_overflow_data_external_table scheduled__2020-02-01T00:00:00+00:00 [running]> on host 36107d30f64e
[2022-04-07 22:21:15,070] {logging_mixin.py:109} WARNING - /home/***/.local/lib/python3.7/site-packages/***/utils/context.py:156 AirflowContextDeprecationWarning: Accessing 'execution_date' from the template is deprecated and will be removed in a future version. Please use 'data_interval_start' or 'logical_date' instead.
[2022-04-07 22:21:15,137] {taskinstance.py:1448} INFO - Exporting the following env vars:
AIRFLOW_CTX_DAG_OWNER=***
AIRFLOW_CTX_DAG_ID=load_to_BigQuery
AIRFLOW_CTX_TASK_ID=create_external_badges.create_badges_stack_overflow_data_external_table
AIRFLOW_CTX_EXECUTION_DATE=2020-02-01T00:00:00+00:00
AIRFLOW_CTX_DAG_RUN_ID=scheduled__2020-02-01T00:00:00+00:00
[2022-04-07 22:21:15,140] {crypto.py:82} WARNING - empty cryptography key - values will not be stored encrypted.
[2022-04-07 22:21:15,942] {taskinstance.py:1288} INFO - Marking task as SUCCESS. dag_id=load_to_BigQuery, task_id=create_external_badges.create_badges_stack_overflow_data_external_table, execution_date=20200201T000000, start_date=20220407T222114, end_date=20220407T222115
[2022-04-07 22:21:16,040] {local_task_job.py:154} INFO - Task exited with return code 0
[2022-04-07 22:21:16,160] {local_task_job.py:264} INFO - 1 downstream tasks scheduled from follow-on schedule check
