[2022-04-05 22:49:28,204] {taskinstance.py:1043} INFO - Dependencies all met for <TaskInstance: IngestToGCP.processing_tasks_posts_answers.ingest_posts_answers_to_bucket scheduled__2009-08-01T00:00:00+00:00 [queued]>
[2022-04-05 22:49:28,339] {taskinstance.py:1043} INFO - Dependencies all met for <TaskInstance: IngestToGCP.processing_tasks_posts_answers.ingest_posts_answers_to_bucket scheduled__2009-08-01T00:00:00+00:00 [queued]>
[2022-04-05 22:49:28,339] {taskinstance.py:1249} INFO - 
--------------------------------------------------------------------------------
[2022-04-05 22:49:28,341] {taskinstance.py:1250} INFO - Starting attempt 1 of 1
[2022-04-05 22:49:28,341] {taskinstance.py:1251} INFO - 
--------------------------------------------------------------------------------
[2022-04-05 22:49:28,529] {taskinstance.py:1270} INFO - Executing <Task(PythonOperator): processing_tasks_posts_answers.ingest_posts_answers_to_bucket> on 2009-08-01 00:00:00+00:00
[2022-04-05 22:49:28,592] {standard_task_runner.py:52} INFO - Started process 17731 to run task
[2022-04-05 22:49:28,614] {standard_task_runner.py:79} INFO - Running: ['***', 'tasks', 'run', 'IngestToGCP', 'processing_tasks_posts_answers.ingest_posts_answers_to_bucket', 'scheduled__2009-08-01T00:00:00+00:00', '--job-id', '8659', '--raw', '--subdir', 'DAGS_FOLDER/ingest_dag.py', '--cfg-path', '/tmp/tmpwend9f_1', '--error-file', '/tmp/tmpnj_8s4eh']
[2022-04-05 22:49:28,680] {standard_task_runner.py:80} INFO - Job 8659: Subtask processing_tasks_posts_answers.ingest_posts_answers_to_bucket
[2022-04-05 22:49:29,719] {logging_mixin.py:109} INFO - Running <TaskInstance: IngestToGCP.processing_tasks_posts_answers.ingest_posts_answers_to_bucket scheduled__2009-08-01T00:00:00+00:00 [running]> on host 9fe4286b2855
[2022-04-05 22:49:30,643] {logging_mixin.py:109} WARNING - /home/***/.local/lib/python3.7/site-packages/***/utils/context.py:156 AirflowContextDeprecationWarning: Accessing 'execution_date' from the template is deprecated and will be removed in a future version. Please use 'data_interval_start' or 'logical_date' instead.
[2022-04-05 22:49:30,998] {taskinstance.py:1448} INFO - Exporting the following env vars:
AIRFLOW_CTX_DAG_OWNER=***
AIRFLOW_CTX_DAG_ID=IngestToGCP
AIRFLOW_CTX_TASK_ID=processing_tasks_posts_answers.ingest_posts_answers_to_bucket
AIRFLOW_CTX_EXECUTION_DATE=2009-08-01T00:00:00+00:00
AIRFLOW_CTX_DAG_RUN_ID=scheduled__2009-08-01T00:00:00+00:00
[2022-04-05 22:49:33,612] {python.py:175} INFO - Done. Returned value was: None
[2022-04-05 22:49:33,863] {taskinstance.py:1288} INFO - Marking task as SUCCESS. dag_id=IngestToGCP, task_id=processing_tasks_posts_answers.ingest_posts_answers_to_bucket, execution_date=20090801T000000, start_date=20220405T224928, end_date=20220405T224933
[2022-04-05 22:49:34,188] {local_task_job.py:154} INFO - Task exited with return code 0
[2022-04-05 22:49:37,154] {local_task_job.py:264} INFO - 0 downstream tasks scheduled from follow-on schedule check
