[2022-04-06 03:19:59,880] {taskinstance.py:1043} INFO - Dependencies all met for <TaskInstance: IngestToGCP.processing_tasks_users.ingest_users_to_bucket scheduled__2020-02-01T00:00:00+00:00 [queued]>
[2022-04-06 03:20:00,000] {taskinstance.py:1043} INFO - Dependencies all met for <TaskInstance: IngestToGCP.processing_tasks_users.ingest_users_to_bucket scheduled__2020-02-01T00:00:00+00:00 [queued]>
[2022-04-06 03:20:00,000] {taskinstance.py:1249} INFO - 
--------------------------------------------------------------------------------
[2022-04-06 03:20:00,000] {taskinstance.py:1250} INFO - Starting attempt 1 of 1
[2022-04-06 03:20:00,001] {taskinstance.py:1251} INFO - 
--------------------------------------------------------------------------------
[2022-04-06 03:20:00,152] {taskinstance.py:1270} INFO - Executing <Task(PythonOperator): processing_tasks_users.ingest_users_to_bucket> on 2020-02-01 00:00:00+00:00
[2022-04-06 03:20:00,260] {standard_task_runner.py:52} INFO - Started process 209907 to run task
[2022-04-06 03:20:00,315] {standard_task_runner.py:79} INFO - Running: ['***', 'tasks', 'run', 'IngestToGCP', 'processing_tasks_users.ingest_users_to_bucket', 'scheduled__2020-02-01T00:00:00+00:00', '--job-id', '11680', '--raw', '--subdir', 'DAGS_FOLDER/ingest_dag.py', '--cfg-path', '/tmp/tmpf0ff4qql', '--error-file', '/tmp/tmpez6tke18']
[2022-04-06 03:20:00,316] {standard_task_runner.py:80} INFO - Job 11680: Subtask processing_tasks_users.ingest_users_to_bucket
[2022-04-06 03:20:00,853] {logging_mixin.py:109} INFO - Running <TaskInstance: IngestToGCP.processing_tasks_users.ingest_users_to_bucket scheduled__2020-02-01T00:00:00+00:00 [running]> on host 9fe4286b2855
[2022-04-06 03:20:01,596] {logging_mixin.py:109} WARNING - /home/***/.local/lib/python3.7/site-packages/***/utils/context.py:156 AirflowContextDeprecationWarning: Accessing 'execution_date' from the template is deprecated and will be removed in a future version. Please use 'data_interval_start' or 'logical_date' instead.
[2022-04-06 03:20:01,666] {taskinstance.py:1448} INFO - Exporting the following env vars:
AIRFLOW_CTX_DAG_OWNER=***
AIRFLOW_CTX_DAG_ID=IngestToGCP
AIRFLOW_CTX_TASK_ID=processing_tasks_users.ingest_users_to_bucket
AIRFLOW_CTX_EXECUTION_DATE=2020-02-01T00:00:00+00:00
AIRFLOW_CTX_DAG_RUN_ID=scheduled__2020-02-01T00:00:00+00:00
[2022-04-06 03:20:03,014] {python.py:175} INFO - Done. Returned value was: None
[2022-04-06 03:20:03,082] {taskinstance.py:1288} INFO - Marking task as SUCCESS. dag_id=IngestToGCP, task_id=processing_tasks_users.ingest_users_to_bucket, execution_date=20200201T000000, start_date=20220406T031959, end_date=20220406T032003
[2022-04-06 03:20:03,192] {local_task_job.py:154} INFO - Task exited with return code 0
[2022-04-06 03:20:04,607] {local_task_job.py:264} INFO - 0 downstream tasks scheduled from follow-on schedule check
