[2022-03-30 19:58:38,961] {taskinstance.py:1037} INFO - Dependencies all met for <TaskInstance: IngestToGCP.processing_tasks_posts_questions.download_files_posts_questions scheduled__2009-10-01T00:00:00+00:00 [queued]>
[2022-03-30 19:58:38,987] {taskinstance.py:1037} INFO - Dependencies all met for <TaskInstance: IngestToGCP.processing_tasks_posts_questions.download_files_posts_questions scheduled__2009-10-01T00:00:00+00:00 [queued]>
[2022-03-30 19:58:38,988] {taskinstance.py:1243} INFO - 
--------------------------------------------------------------------------------
[2022-03-30 19:58:38,988] {taskinstance.py:1244} INFO - Starting attempt 1 of 1
[2022-03-30 19:58:38,988] {taskinstance.py:1245} INFO - 
--------------------------------------------------------------------------------
[2022-03-30 19:58:39,025] {taskinstance.py:1264} INFO - Executing <Task(BashOperator): processing_tasks_posts_questions.download_files_posts_questions> on 2009-10-01 00:00:00+00:00
[2022-03-30 19:58:39,048] {standard_task_runner.py:52} INFO - Started process 1575 to run task
[2022-03-30 19:58:39,077] {standard_task_runner.py:76} INFO - Running: ['***', 'tasks', 'run', 'IngestToGCP', 'processing_tasks_posts_questions.download_files_posts_questions', 'scheduled__2009-10-01T00:00:00+00:00', '--job-id', '63', '--raw', '--subdir', 'DAGS_FOLDER/ingest_dag.py', '--cfg-path', '/tmp/tmpmj7u8bdf', '--error-file', '/tmp/tmpmakp7et2']
[2022-03-30 19:58:39,079] {standard_task_runner.py:77} INFO - Job 63: Subtask processing_tasks_posts_questions.download_files_posts_questions
[2022-03-30 19:58:39,493] {logging_mixin.py:109} INFO - Running <TaskInstance: IngestToGCP.processing_tasks_posts_questions.download_files_posts_questions scheduled__2009-10-01T00:00:00+00:00 [running]> on host d9825fd5ae59
[2022-03-30 19:58:39,818] {logging_mixin.py:109} WARNING - /home/***/.local/lib/python3.7/site-packages/***/utils/context.py:156 AirflowContextDeprecationWarning: Accessing 'execution_date' from the template is deprecated and will be removed in a future version. Please use 'data_interval_start' or 'logical_date' instead.
[2022-03-30 19:58:39,932] {taskinstance.py:1431} INFO - Exporting the following env vars:
AIRFLOW_CTX_DAG_OWNER=***
AIRFLOW_CTX_DAG_ID=IngestToGCP
AIRFLOW_CTX_TASK_ID=processing_tasks_posts_questions.download_files_posts_questions
AIRFLOW_CTX_EXECUTION_DATE=2009-10-01T00:00:00+00:00
AIRFLOW_CTX_DAG_RUN_ID=scheduled__2009-10-01T00:00:00+00:00
[2022-03-30 19:58:39,934] {subprocess.py:62} INFO - Tmp dir root location: 
 /tmp
[2022-03-30 19:58:39,963] {subprocess.py:74} INFO - Running command: ['bash', '-c', 'curl -sSfl https://storage.googleapis.com/dtc_data_lake_de-stack-overflow/processed/posts_questions-2009-10.csv > /opt/***/posts_questions-2009-10.csv']
[2022-03-30 19:58:40,192] {subprocess.py:85} INFO - Output:
[2022-03-30 19:58:43,787] {subprocess.py:93} INFO - Command exited with return code 0
[2022-03-30 19:58:46,107] {taskinstance.py:1282} INFO - Marking task as SUCCESS. dag_id=IngestToGCP, task_id=processing_tasks_posts_questions.download_files_posts_questions, execution_date=20091001T000000, start_date=20220330T195838, end_date=20220330T195846
[2022-03-30 19:58:46,230] {local_task_job.py:154} INFO - Task exited with return code 0
[2022-03-30 19:58:46,464] {local_task_job.py:264} INFO - 1 downstream tasks scheduled from follow-on schedule check
[2022-04-05 22:52:17,619] {taskinstance.py:1043} INFO - Dependencies all met for <TaskInstance: IngestToGCP.processing_tasks_posts_questions.download_files_posts_questions scheduled__2009-10-01T00:00:00+00:00 [queued]>
[2022-04-05 22:52:17,808] {taskinstance.py:1043} INFO - Dependencies all met for <TaskInstance: IngestToGCP.processing_tasks_posts_questions.download_files_posts_questions scheduled__2009-10-01T00:00:00+00:00 [queued]>
[2022-04-05 22:52:17,808] {taskinstance.py:1249} INFO - 
--------------------------------------------------------------------------------
[2022-04-05 22:52:17,808] {taskinstance.py:1250} INFO - Starting attempt 1 of 1
[2022-04-05 22:52:17,809] {taskinstance.py:1251} INFO - 
--------------------------------------------------------------------------------
[2022-04-05 22:52:17,948] {taskinstance.py:1270} INFO - Executing <Task(BashOperator): processing_tasks_posts_questions.download_files_posts_questions> on 2009-10-01 00:00:00+00:00
[2022-04-05 22:52:18,050] {standard_task_runner.py:52} INFO - Started process 20047 to run task
[2022-04-05 22:52:18,111] {standard_task_runner.py:79} INFO - Running: ['***', 'tasks', 'run', 'IngestToGCP', 'processing_tasks_posts_questions.download_files_posts_questions', 'scheduled__2009-10-01T00:00:00+00:00', '--job-id', '8682', '--raw', '--subdir', 'DAGS_FOLDER/ingest_dag.py', '--cfg-path', '/tmp/tmp6h1in7cp', '--error-file', '/tmp/tmpfh8dbpli']
[2022-04-05 22:52:18,133] {standard_task_runner.py:80} INFO - Job 8682: Subtask processing_tasks_posts_questions.download_files_posts_questions
[2022-04-05 22:52:18,765] {logging_mixin.py:109} INFO - Running <TaskInstance: IngestToGCP.processing_tasks_posts_questions.download_files_posts_questions scheduled__2009-10-01T00:00:00+00:00 [running]> on host 9fe4286b2855
[2022-04-05 22:52:19,390] {logging_mixin.py:109} WARNING - /home/***/.local/lib/python3.7/site-packages/***/utils/context.py:156 AirflowContextDeprecationWarning: Accessing 'execution_date' from the template is deprecated and will be removed in a future version. Please use 'data_interval_start' or 'logical_date' instead.
[2022-04-05 22:52:19,544] {taskinstance.py:1448} INFO - Exporting the following env vars:
AIRFLOW_CTX_DAG_OWNER=***
AIRFLOW_CTX_DAG_ID=IngestToGCP
AIRFLOW_CTX_TASK_ID=processing_tasks_posts_questions.download_files_posts_questions
AIRFLOW_CTX_EXECUTION_DATE=2009-10-01T00:00:00+00:00
AIRFLOW_CTX_DAG_RUN_ID=scheduled__2009-10-01T00:00:00+00:00
[2022-04-05 22:52:19,553] {subprocess.py:62} INFO - Tmp dir root location: 
 /tmp
[2022-04-05 22:52:19,554] {subprocess.py:74} INFO - Running command: ['bash', '-c', 'curl -A "Mozilla Chrome Safari" -sSfl --connect-timeout 5                     --retry 5                     https://storage.googleapis.com/dtc_data_lake_de-stack-overflow/processed/posts_questions-2009-10.csv > /opt/***/posts_questions-2009-10.csv']
[2022-04-05 22:52:19,793] {subprocess.py:85} INFO - Output:
[2022-04-05 22:52:22,372] {subprocess.py:93} INFO - Command exited with return code 0
[2022-04-05 22:52:22,751] {taskinstance.py:1288} INFO - Marking task as SUCCESS. dag_id=IngestToGCP, task_id=processing_tasks_posts_questions.download_files_posts_questions, execution_date=20091001T000000, start_date=20220405T225217, end_date=20220405T225222
[2022-04-05 22:52:23,244] {local_task_job.py:154} INFO - Task exited with return code 0
[2022-04-05 22:52:23,630] {local_task_job.py:264} INFO - 1 downstream tasks scheduled from follow-on schedule check
