[2022-04-05 23:54:57,617] {taskinstance.py:1043} INFO - Dependencies all met for <TaskInstance: IngestToGCP.processing_tasks_posts_questions.spark_job scheduled__2012-05-01T00:00:00+00:00 [queued]>
[2022-04-05 23:54:57,877] {taskinstance.py:1043} INFO - Dependencies all met for <TaskInstance: IngestToGCP.processing_tasks_posts_questions.spark_job scheduled__2012-05-01T00:00:00+00:00 [queued]>
[2022-04-05 23:54:57,878] {taskinstance.py:1249} INFO - 
--------------------------------------------------------------------------------
[2022-04-05 23:54:57,878] {taskinstance.py:1250} INFO - Starting attempt 1 of 1
[2022-04-05 23:54:57,878] {taskinstance.py:1251} INFO - 
--------------------------------------------------------------------------------
[2022-04-05 23:54:58,049] {taskinstance.py:1270} INFO - Executing <Task(SparkSubmitOperator): processing_tasks_posts_questions.spark_job> on 2012-05-01 00:00:00+00:00
[2022-04-05 23:54:58,160] {standard_task_runner.py:52} INFO - Started process 69281 to run task
[2022-04-05 23:54:58,187] {standard_task_runner.py:79} INFO - Running: ['***', 'tasks', 'run', 'IngestToGCP', 'processing_tasks_posts_questions.spark_job', 'scheduled__2012-05-01T00:00:00+00:00', '--job-id', '9477', '--raw', '--subdir', 'DAGS_FOLDER/ingest_dag.py', '--cfg-path', '/tmp/tmpmez4x5ec', '--error-file', '/tmp/tmpms6liedo']
[2022-04-05 23:54:58,224] {standard_task_runner.py:80} INFO - Job 9477: Subtask processing_tasks_posts_questions.spark_job
[2022-04-05 23:54:59,173] {logging_mixin.py:109} INFO - Running <TaskInstance: IngestToGCP.processing_tasks_posts_questions.spark_job scheduled__2012-05-01T00:00:00+00:00 [running]> on host 9fe4286b2855
[2022-04-05 23:55:00,170] {logging_mixin.py:109} WARNING - /home/***/.local/lib/python3.7/site-packages/***/utils/context.py:156 AirflowContextDeprecationWarning: Accessing 'execution_date' from the template is deprecated and will be removed in a future version. Please use 'data_interval_start' or 'logical_date' instead.
[2022-04-05 23:55:00,404] {taskinstance.py:1448} INFO - Exporting the following env vars:
AIRFLOW_CTX_DAG_OWNER=***
AIRFLOW_CTX_DAG_ID=IngestToGCP
AIRFLOW_CTX_TASK_ID=processing_tasks_posts_questions.spark_job
AIRFLOW_CTX_EXECUTION_DATE=2012-05-01T00:00:00+00:00
AIRFLOW_CTX_DAG_RUN_ID=scheduled__2012-05-01T00:00:00+00:00
[2022-04-05 23:55:00,518] {base.py:79} INFO - Using connection to: id: spark_project. Host: spark://spark, Port: 7077, Schema: , Login: , Password: None, extra: {'queue': 'root.default'}
[2022-04-05 23:55:00,568] {spark_submit.py:335} INFO - Spark-Submit cmd: spark-submit --master spark://spark:7077 --conf spark.master=local[*] --name format_schema --verbose --queue root.default ./dags/pyspark_parquet_transformation.py posts_questions 2012-05
[2022-04-05 23:55:27,453] {spark_submit.py:488} INFO - Using properties file: null
[2022-04-05 23:55:29,298] {spark_submit.py:488} INFO - WARNING: An illegal reflective access operation has occurred
[2022-04-05 23:55:29,298] {spark_submit.py:488} INFO - WARNING: Illegal reflective access by org.apache.spark.unsafe.Platform (file:/opt/***/spark/spark-3.2.1-bin-hadoop3.2/jars/spark-unsafe_2.12-3.2.1.jar) to constructor java.nio.DirectByteBuffer(long,int)
[2022-04-05 23:55:29,298] {spark_submit.py:488} INFO - WARNING: Please consider reporting this to the maintainers of org.apache.spark.unsafe.Platform
[2022-04-05 23:55:29,298] {spark_submit.py:488} INFO - WARNING: Use --illegal-access=warn to enable warnings of further illegal reflective access operations
[2022-04-05 23:55:29,298] {spark_submit.py:488} INFO - WARNING: All illegal access operations will be denied in a future release
[2022-04-05 23:55:30,215] {spark_submit.py:488} INFO - Parsed arguments:
[2022-04-05 23:55:30,215] {spark_submit.py:488} INFO - master                  spark://spark:7077
[2022-04-05 23:55:30,215] {spark_submit.py:488} INFO - deployMode              null
[2022-04-05 23:55:30,215] {spark_submit.py:488} INFO - executorMemory          null
[2022-04-05 23:55:30,215] {spark_submit.py:488} INFO - executorCores           null
[2022-04-05 23:55:30,215] {spark_submit.py:488} INFO - totalExecutorCores      null
[2022-04-05 23:55:30,215] {spark_submit.py:488} INFO - propertiesFile          null
[2022-04-05 23:55:30,216] {spark_submit.py:488} INFO - driverMemory            null
[2022-04-05 23:55:30,216] {spark_submit.py:488} INFO - driverCores             null
[2022-04-05 23:55:30,216] {spark_submit.py:488} INFO - driverExtraClassPath    null
[2022-04-05 23:55:30,216] {spark_submit.py:488} INFO - driverExtraLibraryPath  null
[2022-04-05 23:55:30,216] {spark_submit.py:488} INFO - driverExtraJavaOptions  null
[2022-04-05 23:55:30,216] {spark_submit.py:488} INFO - supervise               false
[2022-04-05 23:55:30,216] {spark_submit.py:488} INFO - queue                   root.default
[2022-04-05 23:55:30,216] {spark_submit.py:488} INFO - numExecutors            null
[2022-04-05 23:55:30,216] {spark_submit.py:488} INFO - files                   null
[2022-04-05 23:55:30,216] {spark_submit.py:488} INFO - pyFiles                 null
[2022-04-05 23:55:30,216] {spark_submit.py:488} INFO - archives                null
[2022-04-05 23:55:30,216] {spark_submit.py:488} INFO - mainClass               null
[2022-04-05 23:55:30,217] {spark_submit.py:488} INFO - primaryResource         file:/opt/***/dags/pyspark_parquet_transformation.py
[2022-04-05 23:55:30,217] {spark_submit.py:488} INFO - name                    format_schema
[2022-04-05 23:55:30,217] {spark_submit.py:488} INFO - childArgs               [posts_questions 2012-05]
[2022-04-05 23:55:30,217] {spark_submit.py:488} INFO - jars                    null
[2022-04-05 23:55:30,217] {spark_submit.py:488} INFO - packages                null
[2022-04-05 23:55:30,217] {spark_submit.py:488} INFO - packagesExclusions      null
[2022-04-05 23:55:30,217] {spark_submit.py:488} INFO - repositories            null
[2022-04-05 23:55:30,217] {spark_submit.py:488} INFO - verbose                 true
[2022-04-05 23:55:30,217] {spark_submit.py:488} INFO - 
[2022-04-05 23:55:30,217] {spark_submit.py:488} INFO - Spark properties used, including those specified through
[2022-04-05 23:55:30,217] {spark_submit.py:488} INFO - --conf and those from the properties file null:
[2022-04-05 23:55:30,217] {spark_submit.py:488} INFO - (spark.master,local[*])
[2022-04-05 23:55:30,217] {spark_submit.py:488} INFO - 
[2022-04-05 23:55:30,218] {spark_submit.py:488} INFO - 
[2022-04-05 23:55:35,414] {spark_submit.py:488} INFO - Main class:
[2022-04-05 23:55:35,415] {spark_submit.py:488} INFO - org.apache.spark.deploy.PythonRunner
[2022-04-05 23:55:35,432] {spark_submit.py:488} INFO - Arguments:
[2022-04-05 23:55:35,433] {spark_submit.py:488} INFO - file:/opt/***/dags/pyspark_parquet_transformation.py
[2022-04-05 23:55:35,433] {spark_submit.py:488} INFO - null
[2022-04-05 23:55:35,433] {spark_submit.py:488} INFO - posts_questions
[2022-04-05 23:55:35,435] {spark_submit.py:488} INFO - 2012-05
[2022-04-05 23:55:35,495] {spark_submit.py:488} INFO - Spark config:
[2022-04-05 23:55:35,496] {spark_submit.py:488} INFO - (spark.master,spark://spark:7077)
[2022-04-05 23:55:35,496] {spark_submit.py:488} INFO - (spark.submit.pyFiles,)
[2022-04-05 23:55:35,496] {spark_submit.py:488} INFO - (spark.submit.deployMode,client)
[2022-04-05 23:55:35,497] {spark_submit.py:488} INFO - (spark.app.name,format_schema)
[2022-04-05 23:55:35,498] {spark_submit.py:488} INFO - Classpath elements:
[2022-04-05 23:55:35,499] {spark_submit.py:488} INFO - 
[2022-04-05 23:55:35,524] {spark_submit.py:488} INFO - 
[2022-04-05 23:55:35,524] {spark_submit.py:488} INFO - 
[2022-04-05 23:55:44,905] {spark_submit.py:488} INFO - Using Spark's default log4j profile: org/apache/spark/log4j-defaults.properties
[2022-04-05 23:55:45,045] {spark_submit.py:488} INFO - 22/04/05 23:55:45 INFO SparkContext: Running Spark version 3.2.1
[2022-04-05 23:55:46,314] {spark_submit.py:488} INFO - 22/04/05 23:55:46 WARN NativeCodeLoader: Unable to load native-hadoop library for your platform... using builtin-java classes where applicable
[2022-04-05 23:55:49,349] {spark_submit.py:488} INFO - 22/04/05 23:55:49 INFO ResourceUtils: ==============================================================
[2022-04-05 23:55:49,372] {spark_submit.py:488} INFO - 22/04/05 23:55:49 INFO ResourceUtils: No custom resources configured for spark.driver.
[2022-04-05 23:55:49,377] {spark_submit.py:488} INFO - 22/04/05 23:55:49 INFO ResourceUtils: ==============================================================
[2022-04-05 23:55:49,381] {spark_submit.py:488} INFO - 22/04/05 23:55:49 INFO SparkContext: Submitted application: Modidy Schema
[2022-04-05 23:55:49,903] {spark_submit.py:488} INFO - 22/04/05 23:55:49 INFO ResourceProfile: Default ResourceProfile created, executor resources: Map(cores -> name: cores, amount: 1, script: , vendor: , memory -> name: memory, amount: 1024, script: , vendor: , offHeap -> name: offHeap, amount: 0, script: , vendor: ), task resources: Map(cpus -> name: cpus, amount: 1.0)
[2022-04-05 23:55:49,953] {spark_submit.py:488} INFO - 22/04/05 23:55:49 INFO ResourceProfile: Limiting resource is cpu
[2022-04-05 23:55:49,954] {spark_submit.py:488} INFO - 22/04/05 23:55:49 INFO ResourceProfileManager: Added ResourceProfile id: 0
[2022-04-05 23:55:51,147] {spark_submit.py:488} INFO - 22/04/05 23:55:51 INFO SecurityManager: Changing view acls to: default
[2022-04-05 23:55:51,178] {spark_submit.py:488} INFO - 22/04/05 23:55:51 INFO SecurityManager: Changing modify acls to: default
[2022-04-05 23:55:51,181] {spark_submit.py:488} INFO - 22/04/05 23:55:51 INFO SecurityManager: Changing view acls groups to:
[2022-04-05 23:55:51,183] {spark_submit.py:488} INFO - 22/04/05 23:55:51 INFO SecurityManager: Changing modify acls groups to:
[2022-04-05 23:55:51,226] {spark_submit.py:488} INFO - 22/04/05 23:55:51 INFO SecurityManager: SecurityManager: authentication disabled; ui acls disabled; users  with view permissions: Set(default); groups with view permissions: Set(); users  with modify permissions: Set(default); groups with modify permissions: Set()
[2022-04-05 23:55:56,923] {spark_submit.py:488} INFO - 22/04/05 23:55:56 INFO Utils: Successfully started service 'sparkDriver' on port 44931.
[2022-04-05 23:55:57,825] {spark_submit.py:488} INFO - 22/04/05 23:55:57 INFO SparkEnv: Registering MapOutputTracker
[2022-04-05 23:55:58,235] {spark_submit.py:488} INFO - 22/04/05 23:55:58 INFO SparkEnv: Registering BlockManagerMaster
[2022-04-05 23:55:58,446] {spark_submit.py:488} INFO - 22/04/05 23:55:58 INFO BlockManagerMasterEndpoint: Using org.apache.spark.storage.DefaultTopologyMapper for getting topology information
[2022-04-05 23:55:58,453] {spark_submit.py:488} INFO - 22/04/05 23:55:58 INFO BlockManagerMasterEndpoint: BlockManagerMasterEndpoint up
[2022-04-05 23:55:58,558] {spark_submit.py:488} INFO - 22/04/05 23:55:58 INFO SparkEnv: Registering BlockManagerMasterHeartbeat
[2022-04-05 23:55:58,940] {spark_submit.py:488} INFO - 22/04/05 23:55:58 INFO DiskBlockManager: Created local directory at /tmp/blockmgr-a281e99c-d110-476f-b5f4-a92a2a897181
[2022-04-05 23:55:59,719] {spark_submit.py:488} INFO - 22/04/05 23:55:59 INFO MemoryStore: MemoryStore started with capacity 434.4 MiB
[2022-04-05 23:56:00,289] {spark_submit.py:488} INFO - 22/04/05 23:56:00 INFO SparkEnv: Registering OutputCommitCoordinator
[2022-04-05 23:56:04,819] {spark_submit.py:488} INFO - 22/04/05 23:56:04 WARN Utils: Service 'SparkUI' could not bind on port 4040. Attempting port 4041.
[2022-04-05 23:56:04,820] {spark_submit.py:488} INFO - 22/04/05 23:56:04 WARN Utils: Service 'SparkUI' could not bind on port 4041. Attempting port 4042.
[2022-04-05 23:56:04,821] {spark_submit.py:488} INFO - 22/04/05 23:56:04 WARN Utils: Service 'SparkUI' could not bind on port 4042. Attempting port 4043.
[2022-04-05 23:56:04,851] {spark_submit.py:488} INFO - 22/04/05 23:56:04 WARN Utils: Service 'SparkUI' could not bind on port 4043. Attempting port 4044.
[2022-04-05 23:56:04,854] {spark_submit.py:488} INFO - 22/04/05 23:56:04 WARN Utils: Service 'SparkUI' could not bind on port 4044. Attempting port 4045.
[2022-04-05 23:56:04,873] {spark_submit.py:488} INFO - 22/04/05 23:56:04 WARN Utils: Service 'SparkUI' could not bind on port 4045. Attempting port 4046.
[2022-04-05 23:56:04,874] {spark_submit.py:488} INFO - 22/04/05 23:56:04 WARN Utils: Service 'SparkUI' could not bind on port 4046. Attempting port 4047.
[2022-04-05 23:56:04,875] {spark_submit.py:488} INFO - 22/04/05 23:56:04 WARN Utils: Service 'SparkUI' could not bind on port 4047. Attempting port 4048.
[2022-04-05 23:56:05,023] {spark_submit.py:488} INFO - 22/04/05 23:56:05 INFO Utils: Successfully started service 'SparkUI' on port 4048.
[2022-04-05 23:56:06,235] {spark_submit.py:488} INFO - 22/04/05 23:56:06 INFO SparkUI: Bound SparkUI to 0.0.0.0, and started at http://9fe4286b2855:4048
[2022-04-05 23:56:09,261] {spark_submit.py:488} INFO - 22/04/05 23:56:09 INFO Executor: Starting executor ID driver on host 9fe4286b2855
[2022-04-05 23:56:09,716] {spark_submit.py:488} INFO - 22/04/05 23:56:09 INFO Utils: Successfully started service 'org.apache.spark.network.netty.NettyBlockTransferService' on port 36603.
[2022-04-05 23:56:09,717] {spark_submit.py:488} INFO - 22/04/05 23:56:09 INFO NettyBlockTransferService: Server created on 9fe4286b2855:36603
[2022-04-05 23:56:09,733] {spark_submit.py:488} INFO - 22/04/05 23:56:09 INFO BlockManager: Using org.apache.spark.storage.RandomBlockReplicationPolicy for block replication policy
[2022-04-05 23:56:09,907] {spark_submit.py:488} INFO - 22/04/05 23:56:09 INFO BlockManagerMaster: Registering BlockManager BlockManagerId(driver, 9fe4286b2855, 36603, None)
[2022-04-05 23:56:09,985] {spark_submit.py:488} INFO - 22/04/05 23:56:09 INFO BlockManagerMasterEndpoint: Registering block manager 9fe4286b2855:36603 with 434.4 MiB RAM, BlockManagerId(driver, 9fe4286b2855, 36603, None)
[2022-04-05 23:56:10,002] {spark_submit.py:488} INFO - 22/04/05 23:56:10 INFO BlockManagerMaster: Registered BlockManager BlockManagerId(driver, 9fe4286b2855, 36603, None)
[2022-04-05 23:56:10,056] {spark_submit.py:488} INFO - 22/04/05 23:56:10 INFO BlockManager: Initialized BlockManager: BlockManagerId(driver, 9fe4286b2855, 36603, None)
[2022-04-05 23:56:28,299] {spark_submit.py:488} INFO - 22/04/05 23:56:28 INFO SharedState: Setting hive.metastore.warehouse.dir ('null') to the value of spark.sql.warehouse.dir.
[2022-04-05 23:56:29,430] {spark_submit.py:488} INFO - 22/04/05 23:56:29 INFO SharedState: Warehouse path is 'file:/opt/***/spark-warehouse'.
[2022-04-05 23:56:56,770] {spark_submit.py:488} INFO - 22/04/05 23:56:56 INFO InMemoryFileIndex: It took 1368 ms to list leaf files for 1 paths.
[2022-04-05 23:57:06,405] {spark_submit.py:488} INFO - 22/04/05 23:57:06 INFO SparkContext: Starting job: parquet at NativeMethodAccessorImpl.java:0
[2022-04-05 23:57:06,600] {spark_submit.py:488} INFO - 22/04/05 23:57:06 INFO DAGScheduler: Got job 0 (parquet at NativeMethodAccessorImpl.java:0) with 1 output partitions
[2022-04-05 23:57:06,600] {spark_submit.py:488} INFO - 22/04/05 23:57:06 INFO DAGScheduler: Final stage: ResultStage 0 (parquet at NativeMethodAccessorImpl.java:0)
[2022-04-05 23:57:06,600] {spark_submit.py:488} INFO - 22/04/05 23:57:06 INFO DAGScheduler: Parents of final stage: List()
[2022-04-05 23:57:06,655] {spark_submit.py:488} INFO - 22/04/05 23:57:06 INFO DAGScheduler: Missing parents: List()
[2022-04-05 23:57:06,808] {spark_submit.py:488} INFO - 22/04/05 23:57:06 INFO DAGScheduler: Submitting ResultStage 0 (MapPartitionsRDD[1] at parquet at NativeMethodAccessorImpl.java:0), which has no missing parents
[2022-04-05 23:57:07,864] {spark_submit.py:488} INFO - 22/04/05 23:57:07 INFO MemoryStore: Block broadcast_0 stored as values in memory (estimated size 100.1 KiB, free 434.3 MiB)
[2022-04-05 23:57:08,838] {spark_submit.py:488} INFO - 22/04/05 23:57:08 INFO MemoryStore: Block broadcast_0_piece0 stored as bytes in memory (estimated size 35.7 KiB, free 434.3 MiB)
[2022-04-05 23:57:08,877] {spark_submit.py:488} INFO - 22/04/05 23:57:08 INFO BlockManagerInfo: Added broadcast_0_piece0 in memory on 9fe4286b2855:36603 (size: 35.7 KiB, free: 434.4 MiB)
[2022-04-05 23:57:08,924] {spark_submit.py:488} INFO - 22/04/05 23:57:08 INFO SparkContext: Created broadcast 0 from broadcast at DAGScheduler.scala:1478
[2022-04-05 23:57:09,045] {spark_submit.py:488} INFO - 22/04/05 23:57:09 INFO DAGScheduler: Submitting 1 missing tasks from ResultStage 0 (MapPartitionsRDD[1] at parquet at NativeMethodAccessorImpl.java:0) (first 15 tasks are for partitions Vector(0))
[2022-04-05 23:57:09,058] {spark_submit.py:488} INFO - 22/04/05 23:57:09 INFO TaskSchedulerImpl: Adding task set 0.0 with 1 tasks resource profile 0
[2022-04-05 23:57:09,900] {spark_submit.py:488} INFO - 22/04/05 23:57:09 INFO TaskSetManager: Starting task 0.0 in stage 0.0 (TID 0) (9fe4286b2855, executor driver, partition 0, PROCESS_LOCAL, 4624 bytes) taskResourceAssignments Map()
[2022-04-05 23:57:10,050] {spark_submit.py:488} INFO - 22/04/05 23:57:10 INFO Executor: Running task 0.0 in stage 0.0 (TID 0)
[2022-04-05 23:57:19,607] {spark_submit.py:488} INFO - 22/04/05 23:57:19 INFO Executor: Finished task 0.0 in stage 0.0 (TID 0). 2452 bytes result sent to driver
[2022-04-05 23:57:19,789] {spark_submit.py:488} INFO - 22/04/05 23:57:19 INFO TaskSetManager: Finished task 0.0 in stage 0.0 (TID 0) in 10447 ms on 9fe4286b2855 (executor driver) (1/1)
[2022-04-05 23:57:19,865] {spark_submit.py:488} INFO - 22/04/05 23:57:19 INFO DAGScheduler: ResultStage 0 (parquet at NativeMethodAccessorImpl.java:0) finished in 12.933 s
[2022-04-05 23:57:19,884] {spark_submit.py:488} INFO - 22/04/05 23:57:19 INFO TaskSchedulerImpl: Removed TaskSet 0.0, whose tasks have all completed, from pool
[2022-04-05 23:57:20,008] {spark_submit.py:488} INFO - 22/04/05 23:57:20 INFO DAGScheduler: Job 0 is finished. Cancelling potential speculative or zombie tasks for this job
[2022-04-05 23:57:20,029] {spark_submit.py:488} INFO - 22/04/05 23:57:20 INFO TaskSchedulerImpl: Killing all running tasks in stage 0: Stage finished
[2022-04-05 23:57:20,057] {spark_submit.py:488} INFO - 22/04/05 23:57:20 INFO DAGScheduler: Job 0 finished: parquet at NativeMethodAccessorImpl.java:0, took 13.638434 s
[2022-04-05 23:57:31,220] {spark_submit.py:488} INFO - 22/04/05 23:57:31 INFO BlockManagerInfo: Removed broadcast_0_piece0 on 9fe4286b2855:36603 in memory (size: 35.7 KiB, free: 434.4 MiB)
[2022-04-05 23:58:16,799] {spark_submit.py:488} INFO - 22/04/05 23:58:16 INFO FileSourceStrategy: Pushed Filters:
[2022-04-05 23:58:16,802] {spark_submit.py:488} INFO - 22/04/05 23:58:16 INFO FileSourceStrategy: Post-Scan Filters:
[2022-04-05 23:58:16,854] {spark_submit.py:488} INFO - 22/04/05 23:58:16 INFO FileSourceStrategy: Output Data Schema: struct<id: bigint, title: string, body: string, accepted_answer_id: double, answer_count: bigint ... 19 more fields>
[2022-04-05 23:58:19,564] {spark_submit.py:488} INFO - 22/04/05 23:58:19 INFO ParquetFileFormat: Using default output committer for Parquet: org.apache.parquet.hadoop.ParquetOutputCommitter
[2022-04-05 23:58:20,079] {spark_submit.py:488} INFO - 22/04/05 23:58:20 INFO FileOutputCommitter: File Output Committer Algorithm version is 1
[2022-04-05 23:58:20,080] {spark_submit.py:488} INFO - 22/04/05 23:58:20 INFO FileOutputCommitter: FileOutputCommitter skip cleanup _temporary folders under output directory:false, ignore cleanup failures: false
[2022-04-05 23:58:20,180] {spark_submit.py:488} INFO - 22/04/05 23:58:20 INFO SQLHadoopMapReduceCommitProtocol: Using user defined output committer class org.apache.parquet.hadoop.ParquetOutputCommitter
[2022-04-05 23:58:20,180] {spark_submit.py:488} INFO - 22/04/05 23:58:20 INFO FileOutputCommitter: File Output Committer Algorithm version is 1
[2022-04-05 23:58:20,181] {spark_submit.py:488} INFO - 22/04/05 23:58:20 INFO FileOutputCommitter: FileOutputCommitter skip cleanup _temporary folders under output directory:false, ignore cleanup failures: false
[2022-04-05 23:58:20,183] {spark_submit.py:488} INFO - 22/04/05 23:58:20 INFO SQLHadoopMapReduceCommitProtocol: Using output committer class org.apache.parquet.hadoop.ParquetOutputCommitter
[2022-04-05 23:58:28,385] {spark_submit.py:488} INFO - 22/04/05 23:58:28 INFO CodeGenerator: Code generated in 4326.703962 ms
[2022-04-05 23:58:28,873] {spark_submit.py:488} INFO - 22/04/05 23:58:28 INFO MemoryStore: Block broadcast_1 stored as values in memory (estimated size 194.3 KiB, free 434.2 MiB)
[2022-04-05 23:58:29,196] {spark_submit.py:488} INFO - 22/04/05 23:58:29 INFO MemoryStore: Block broadcast_1_piece0 stored as bytes in memory (estimated size 34.3 KiB, free 434.2 MiB)
[2022-04-05 23:58:29,198] {spark_submit.py:488} INFO - 22/04/05 23:58:29 INFO BlockManagerInfo: Added broadcast_1_piece0 in memory on 9fe4286b2855:36603 (size: 34.3 KiB, free: 434.4 MiB)
[2022-04-05 23:58:29,233] {spark_submit.py:488} INFO - 22/04/05 23:58:29 INFO SparkContext: Created broadcast 1 from save at NativeMethodAccessorImpl.java:0
[2022-04-05 23:58:29,473] {spark_submit.py:488} INFO - 22/04/05 23:58:29 INFO FileSourceScanExec: Planning scan with bin packing, max size: 26365802 bytes, open cost is considered as scanning 4194304 bytes.
[2022-04-05 23:58:30,827] {spark_submit.py:488} INFO - 22/04/05 23:58:30 INFO DAGScheduler: Registering RDD 6 (save at NativeMethodAccessorImpl.java:0) as input to shuffle 0
[2022-04-05 23:58:30,879] {spark_submit.py:488} INFO - 22/04/05 23:58:30 INFO DAGScheduler: Got map stage job 1 (save at NativeMethodAccessorImpl.java:0) with 4 output partitions
[2022-04-05 23:58:30,881] {spark_submit.py:488} INFO - 22/04/05 23:58:30 INFO DAGScheduler: Final stage: ShuffleMapStage 1 (save at NativeMethodAccessorImpl.java:0)
[2022-04-05 23:58:30,882] {spark_submit.py:488} INFO - 22/04/05 23:58:30 INFO DAGScheduler: Parents of final stage: List()
[2022-04-05 23:58:30,917] {spark_submit.py:488} INFO - 22/04/05 23:58:30 INFO DAGScheduler: Missing parents: List()
[2022-04-05 23:58:30,957] {spark_submit.py:488} INFO - 22/04/05 23:58:30 INFO DAGScheduler: Submitting ShuffleMapStage 1 (MapPartitionsRDD[6] at save at NativeMethodAccessorImpl.java:0), which has no missing parents
[2022-04-05 23:58:31,831] {spark_submit.py:488} INFO - 22/04/05 23:58:31 INFO MemoryStore: Block broadcast_2 stored as values in memory (estimated size 32.2 KiB, free 434.1 MiB)
[2022-04-05 23:58:31,887] {spark_submit.py:488} INFO - 22/04/05 23:58:31 INFO MemoryStore: Block broadcast_2_piece0 stored as bytes in memory (estimated size 10.4 KiB, free 434.1 MiB)
[2022-04-05 23:58:31,891] {spark_submit.py:488} INFO - 22/04/05 23:58:31 INFO BlockManagerInfo: Added broadcast_2_piece0 in memory on 9fe4286b2855:36603 (size: 10.4 KiB, free: 434.4 MiB)
[2022-04-05 23:58:31,900] {spark_submit.py:488} INFO - 22/04/05 23:58:31 INFO SparkContext: Created broadcast 2 from broadcast at DAGScheduler.scala:1478
[2022-04-05 23:58:31,937] {spark_submit.py:488} INFO - 22/04/05 23:58:31 INFO DAGScheduler: Submitting 4 missing tasks from ShuffleMapStage 1 (MapPartitionsRDD[6] at save at NativeMethodAccessorImpl.java:0) (first 15 tasks are for partitions Vector(0, 1, 2, 3))
[2022-04-05 23:58:31,940] {spark_submit.py:488} INFO - 22/04/05 23:58:31 INFO TaskSchedulerImpl: Adding task set 1.0 with 4 tasks resource profile 0
[2022-04-05 23:58:31,978] {spark_submit.py:488} INFO - 22/04/05 23:58:31 INFO TaskSetManager: Starting task 0.0 in stage 1.0 (TID 1) (9fe4286b2855, executor driver, partition 0, PROCESS_LOCAL, 4890 bytes) taskResourceAssignments Map()
[2022-04-05 23:58:31,989] {spark_submit.py:488} INFO - 22/04/05 23:58:31 INFO TaskSetManager: Starting task 1.0 in stage 1.0 (TID 2) (9fe4286b2855, executor driver, partition 1, PROCESS_LOCAL, 4890 bytes) taskResourceAssignments Map()
[2022-04-05 23:58:32,006] {spark_submit.py:488} INFO - 22/04/05 23:58:32 INFO TaskSetManager: Starting task 2.0 in stage 1.0 (TID 3) (9fe4286b2855, executor driver, partition 2, PROCESS_LOCAL, 4890 bytes) taskResourceAssignments Map()
[2022-04-05 23:58:32,008] {spark_submit.py:488} INFO - 22/04/05 23:58:32 INFO TaskSetManager: Starting task 3.0 in stage 1.0 (TID 4) (9fe4286b2855, executor driver, partition 3, PROCESS_LOCAL, 4890 bytes) taskResourceAssignments Map()
[2022-04-05 23:58:32,106] {spark_submit.py:488} INFO - 22/04/05 23:58:32 INFO Executor: Running task 0.0 in stage 1.0 (TID 1)
[2022-04-05 23:58:32,134] {spark_submit.py:488} INFO - 22/04/05 23:58:32 INFO Executor: Running task 1.0 in stage 1.0 (TID 2)
[2022-04-05 23:58:32,184] {spark_submit.py:488} INFO - 22/04/05 23:58:32 INFO Executor: Running task 2.0 in stage 1.0 (TID 3)
[2022-04-05 23:58:32,204] {spark_submit.py:488} INFO - 22/04/05 23:58:32 INFO Executor: Running task 3.0 in stage 1.0 (TID 4)
[2022-04-05 23:58:33,142] {spark_submit.py:488} INFO - 22/04/05 23:58:33 INFO FileScanRDD: Reading File path: gs://dtc_data_lake_de-stack-overflow/parquet/posts_questions-2012-05.parquet, range: 79097406-101268905, partition values: [empty row]
[2022-04-05 23:58:33,152] {spark_submit.py:488} INFO - 22/04/05 23:58:33 INFO FileScanRDD: Reading File path: gs://dtc_data_lake_de-stack-overflow/parquet/posts_questions-2012-05.parquet, range: 0-26365802, partition values: [empty row]
[2022-04-05 23:58:33,173] {spark_submit.py:488} INFO - 22/04/05 23:58:33 INFO FileScanRDD: Reading File path: gs://dtc_data_lake_de-stack-overflow/parquet/posts_questions-2012-05.parquet, range: 26365802-52731604, partition values: [empty row]
[2022-04-05 23:58:33,174] {spark_submit.py:488} INFO - 22/04/05 23:58:33 INFO FileScanRDD: Reading File path: gs://dtc_data_lake_de-stack-overflow/parquet/posts_questions-2012-05.parquet, range: 52731604-79097406, partition values: [empty row]
[2022-04-05 23:58:37,344] {spark_submit.py:488} INFO - 22/04/05 23:58:37 INFO Executor: Finished task 0.0 in stage 1.0 (TID 1). 1900 bytes result sent to driver
[2022-04-05 23:58:37,368] {spark_submit.py:488} INFO - 22/04/05 23:58:37 INFO Executor: Finished task 2.0 in stage 1.0 (TID 3). 1857 bytes result sent to driver
[2022-04-05 23:58:37,375] {spark_submit.py:488} INFO - 22/04/05 23:58:37 INFO Executor: Finished task 3.0 in stage 1.0 (TID 4). 1900 bytes result sent to driver
[2022-04-05 23:58:37,453] {spark_submit.py:488} INFO - 22/04/05 23:58:37 INFO TaskSetManager: Finished task 0.0 in stage 1.0 (TID 1) in 5489 ms on 9fe4286b2855 (executor driver) (1/4)
[2022-04-05 23:58:37,464] {spark_submit.py:488} INFO - 22/04/05 23:58:37 INFO TaskSetManager: Finished task 2.0 in stage 1.0 (TID 3) in 5456 ms on 9fe4286b2855 (executor driver) (2/4)
[2022-04-05 23:58:37,464] {spark_submit.py:488} INFO - 22/04/05 23:58:37 INFO TaskSetManager: Finished task 3.0 in stage 1.0 (TID 4) in 5454 ms on 9fe4286b2855 (executor driver) (3/4)
[2022-04-05 23:58:49,298] {spark_submit.py:488} INFO - 22/04/05 23:58:49 INFO CodecPool: Got brand-new decompressor [.snappy]
[2022-04-05 23:59:49,981] {spark_submit.py:488} INFO - 22/04/05 23:59:49 INFO Executor: Finished task 1.0 in stage 1.0 (TID 2). 2029 bytes result sent to driver
[2022-04-05 23:59:49,988] {spark_submit.py:488} INFO - 22/04/05 23:59:49 INFO TaskSetManager: Finished task 1.0 in stage 1.0 (TID 2) in 78008 ms on 9fe4286b2855 (executor driver) (4/4)
[2022-04-05 23:59:49,988] {spark_submit.py:488} INFO - 22/04/05 23:59:49 INFO TaskSchedulerImpl: Removed TaskSet 1.0, whose tasks have all completed, from pool
[2022-04-05 23:59:49,992] {spark_submit.py:488} INFO - 22/04/05 23:59:49 INFO DAGScheduler: ShuffleMapStage 1 (save at NativeMethodAccessorImpl.java:0) finished in 78.901 s
[2022-04-05 23:59:49,992] {spark_submit.py:488} INFO - 22/04/05 23:59:49 INFO DAGScheduler: looking for newly runnable stages
[2022-04-05 23:59:49,992] {spark_submit.py:488} INFO - 22/04/05 23:59:49 INFO DAGScheduler: running: Set()
[2022-04-05 23:59:49,993] {spark_submit.py:488} INFO - 22/04/05 23:59:49 INFO DAGScheduler: waiting: Set()
[2022-04-05 23:59:49,993] {spark_submit.py:488} INFO - 22/04/05 23:59:49 INFO DAGScheduler: failed: Set()
[2022-04-05 23:59:50,792] {spark_submit.py:488} INFO - 22/04/05 23:59:50 INFO SparkContext: Starting job: save at NativeMethodAccessorImpl.java:0
[2022-04-05 23:59:50,802] {spark_submit.py:488} INFO - 22/04/05 23:59:50 INFO DAGScheduler: Got job 2 (save at NativeMethodAccessorImpl.java:0) with 4 output partitions
[2022-04-05 23:59:50,802] {spark_submit.py:488} INFO - 22/04/05 23:59:50 INFO DAGScheduler: Final stage: ResultStage 3 (save at NativeMethodAccessorImpl.java:0)
[2022-04-05 23:59:50,802] {spark_submit.py:488} INFO - 22/04/05 23:59:50 INFO DAGScheduler: Parents of final stage: List(ShuffleMapStage 2)
[2022-04-05 23:59:50,802] {spark_submit.py:488} INFO - 22/04/05 23:59:50 INFO DAGScheduler: Missing parents: List()
[2022-04-05 23:59:50,811] {spark_submit.py:488} INFO - 22/04/05 23:59:50 INFO DAGScheduler: Submitting ResultStage 3 (ShuffledRowRDD[7] at save at NativeMethodAccessorImpl.java:0), which has no missing parents
[2022-04-05 23:59:51,450] {spark_submit.py:488} INFO - 22/04/05 23:59:51 INFO MemoryStore: Block broadcast_3 stored as values in memory (estimated size 204.2 KiB, free 433.9 MiB)
[2022-04-05 23:59:51,511] {spark_submit.py:488} INFO - 22/04/05 23:59:51 INFO MemoryStore: Block broadcast_3_piece0 stored as bytes in memory (estimated size 72.9 KiB, free 433.9 MiB)
[2022-04-05 23:59:51,513] {spark_submit.py:488} INFO - 22/04/05 23:59:51 INFO BlockManagerInfo: Added broadcast_3_piece0 in memory on 9fe4286b2855:36603 (size: 72.9 KiB, free: 434.3 MiB)
[2022-04-05 23:59:51,585] {spark_submit.py:488} INFO - 22/04/05 23:59:51 INFO SparkContext: Created broadcast 3 from broadcast at DAGScheduler.scala:1478
[2022-04-05 23:59:51,588] {spark_submit.py:488} INFO - 22/04/05 23:59:51 INFO DAGScheduler: Submitting 4 missing tasks from ResultStage 3 (ShuffledRowRDD[7] at save at NativeMethodAccessorImpl.java:0) (first 15 tasks are for partitions Vector(0, 1, 2, 3))
[2022-04-05 23:59:51,588] {spark_submit.py:488} INFO - 22/04/05 23:59:51 INFO TaskSchedulerImpl: Adding task set 3.0 with 4 tasks resource profile 0
[2022-04-05 23:59:51,617] {spark_submit.py:488} INFO - 22/04/05 23:59:51 INFO TaskSetManager: Starting task 0.0 in stage 3.0 (TID 5) (9fe4286b2855, executor driver, partition 0, NODE_LOCAL, 4453 bytes) taskResourceAssignments Map()
[2022-04-05 23:59:51,620] {spark_submit.py:488} INFO - 22/04/05 23:59:51 INFO TaskSetManager: Starting task 1.0 in stage 3.0 (TID 6) (9fe4286b2855, executor driver, partition 1, NODE_LOCAL, 4453 bytes) taskResourceAssignments Map()
[2022-04-05 23:59:51,621] {spark_submit.py:488} INFO - 22/04/05 23:59:51 INFO TaskSetManager: Starting task 2.0 in stage 3.0 (TID 7) (9fe4286b2855, executor driver, partition 2, NODE_LOCAL, 4453 bytes) taskResourceAssignments Map()
[2022-04-05 23:59:51,622] {spark_submit.py:488} INFO - 22/04/05 23:59:51 INFO TaskSetManager: Starting task 3.0 in stage 3.0 (TID 8) (9fe4286b2855, executor driver, partition 3, NODE_LOCAL, 4453 bytes) taskResourceAssignments Map()
[2022-04-05 23:59:51,623] {spark_submit.py:488} INFO - 22/04/05 23:59:51 INFO Executor: Running task 0.0 in stage 3.0 (TID 5)
[2022-04-05 23:59:51,665] {spark_submit.py:488} INFO - 22/04/05 23:59:51 INFO Executor: Running task 1.0 in stage 3.0 (TID 6)
[2022-04-05 23:59:51,676] {spark_submit.py:488} INFO - 22/04/05 23:59:51 INFO Executor: Running task 2.0 in stage 3.0 (TID 7)
[2022-04-05 23:59:51,717] {spark_submit.py:488} INFO - 22/04/05 23:59:51 INFO Executor: Running task 3.0 in stage 3.0 (TID 8)
[2022-04-05 23:59:52,270] {spark_submit.py:488} INFO - 22/04/05 23:59:52 INFO ShuffleBlockFetcherIterator: Getting 1 (26.9 MiB) non-empty blocks including 1 (26.9 MiB) local and 0 (0.0 B) host-local and 0 (0.0 B) push-merged-local and 0 (0.0 B) remote blocks
[2022-04-05 23:59:52,291] {spark_submit.py:488} INFO - 22/04/05 23:59:52 INFO ShuffleBlockFetcherIterator: Started 0 remote fetches in 42 ms
[2022-04-05 23:59:52,343] {spark_submit.py:488} INFO - 22/04/05 23:59:52 INFO ShuffleBlockFetcherIterator: Getting 1 (26.9 MiB) non-empty blocks including 1 (26.9 MiB) local and 0 (0.0 B) host-local and 0 (0.0 B) push-merged-local and 0 (0.0 B) remote blocks
[2022-04-05 23:59:52,343] {spark_submit.py:488} INFO - 22/04/05 23:59:52 INFO ShuffleBlockFetcherIterator: Started 0 remote fetches in 94 ms
[2022-04-05 23:59:52,349] {spark_submit.py:488} INFO - 22/04/05 23:59:52 INFO ShuffleBlockFetcherIterator: Getting 1 (26.9 MiB) non-empty blocks including 1 (26.9 MiB) local and 0 (0.0 B) host-local and 0 (0.0 B) push-merged-local and 0 (0.0 B) remote blocks
[2022-04-05 23:59:52,349] {spark_submit.py:488} INFO - 22/04/05 23:59:52 INFO ShuffleBlockFetcherIterator: Started 0 remote fetches in 95 ms
[2022-04-05 23:59:52,350] {spark_submit.py:488} INFO - 22/04/05 23:59:52 INFO ShuffleBlockFetcherIterator: Getting 1 (26.9 MiB) non-empty blocks including 1 (26.9 MiB) local and 0 (0.0 B) host-local and 0 (0.0 B) push-merged-local and 0 (0.0 B) remote blocks
[2022-04-05 23:59:52,351] {spark_submit.py:488} INFO - 22/04/05 23:59:52 INFO ShuffleBlockFetcherIterator: Started 0 remote fetches in 74 ms
[2022-04-05 23:59:52,380] {spark_submit.py:488} INFO - 22/04/05 23:59:52 INFO FileOutputCommitter: File Output Committer Algorithm version is 1
[2022-04-05 23:59:52,380] {spark_submit.py:488} INFO - 22/04/05 23:59:52 INFO FileOutputCommitter: FileOutputCommitter skip cleanup _temporary folders under output directory:false, ignore cleanup failures: false
[2022-04-05 23:59:52,384] {spark_submit.py:488} INFO - 22/04/05 23:59:52 INFO SQLHadoopMapReduceCommitProtocol: Using user defined output committer class org.apache.parquet.hadoop.ParquetOutputCommitter
[2022-04-05 23:59:52,385] {spark_submit.py:488} INFO - 22/04/05 23:59:52 INFO FileOutputCommitter: File Output Committer Algorithm version is 1
[2022-04-05 23:59:52,385] {spark_submit.py:488} INFO - 22/04/05 23:59:52 INFO FileOutputCommitter: FileOutputCommitter skip cleanup _temporary folders under output directory:false, ignore cleanup failures: false
[2022-04-05 23:59:52,386] {spark_submit.py:488} INFO - 22/04/05 23:59:52 INFO SQLHadoopMapReduceCommitProtocol: Using output committer class org.apache.parquet.hadoop.ParquetOutputCommitter
[2022-04-05 23:59:52,394] {spark_submit.py:488} INFO - 22/04/05 23:59:52 INFO FileOutputCommitter: File Output Committer Algorithm version is 1
[2022-04-05 23:59:52,394] {spark_submit.py:488} INFO - 22/04/05 23:59:52 INFO FileOutputCommitter: FileOutputCommitter skip cleanup _temporary folders under output directory:false, ignore cleanup failures: false
[2022-04-05 23:59:52,396] {spark_submit.py:488} INFO - 22/04/05 23:59:52 INFO FileOutputCommitter: File Output Committer Algorithm version is 1
[2022-04-05 23:59:52,396] {spark_submit.py:488} INFO - 22/04/05 23:59:52 INFO FileOutputCommitter: FileOutputCommitter skip cleanup _temporary folders under output directory:false, ignore cleanup failures: false
[2022-04-05 23:59:52,396] {spark_submit.py:488} INFO - 22/04/05 23:59:52 INFO FileOutputCommitter: File Output Committer Algorithm version is 1
[2022-04-05 23:59:52,396] {spark_submit.py:488} INFO - 22/04/05 23:59:52 INFO FileOutputCommitter: FileOutputCommitter skip cleanup _temporary folders under output directory:false, ignore cleanup failures: false
[2022-04-05 23:59:52,404] {spark_submit.py:488} INFO - 22/04/05 23:59:52 INFO SQLHadoopMapReduceCommitProtocol: Using user defined output committer class org.apache.parquet.hadoop.ParquetOutputCommitter
[2022-04-05 23:59:52,405] {spark_submit.py:488} INFO - 22/04/05 23:59:52 INFO FileOutputCommitter: File Output Committer Algorithm version is 1
[2022-04-05 23:59:52,405] {spark_submit.py:488} INFO - 22/04/05 23:59:52 INFO FileOutputCommitter: FileOutputCommitter skip cleanup _temporary folders under output directory:false, ignore cleanup failures: false
[2022-04-05 23:59:52,406] {spark_submit.py:488} INFO - 22/04/05 23:59:52 INFO SQLHadoopMapReduceCommitProtocol: Using output committer class org.apache.parquet.hadoop.ParquetOutputCommitter
[2022-04-05 23:59:52,406] {spark_submit.py:488} INFO - 22/04/05 23:59:52 INFO SQLHadoopMapReduceCommitProtocol: Using user defined output committer class org.apache.parquet.hadoop.ParquetOutputCommitter
[2022-04-05 23:59:52,406] {spark_submit.py:488} INFO - 22/04/05 23:59:52 INFO FileOutputCommitter: File Output Committer Algorithm version is 1
[2022-04-05 23:59:52,406] {spark_submit.py:488} INFO - 22/04/05 23:59:52 INFO FileOutputCommitter: FileOutputCommitter skip cleanup _temporary folders under output directory:false, ignore cleanup failures: false
[2022-04-05 23:59:52,407] {spark_submit.py:488} INFO - 22/04/05 23:59:52 INFO SQLHadoopMapReduceCommitProtocol: Using output committer class org.apache.parquet.hadoop.ParquetOutputCommitter
[2022-04-05 23:59:52,411] {spark_submit.py:488} INFO - 22/04/05 23:59:52 INFO SQLHadoopMapReduceCommitProtocol: Using user defined output committer class org.apache.parquet.hadoop.ParquetOutputCommitter
[2022-04-05 23:59:52,411] {spark_submit.py:488} INFO - 22/04/05 23:59:52 INFO FileOutputCommitter: File Output Committer Algorithm version is 1
[2022-04-05 23:59:52,411] {spark_submit.py:488} INFO - 22/04/05 23:59:52 INFO FileOutputCommitter: FileOutputCommitter skip cleanup _temporary folders under output directory:false, ignore cleanup failures: false
[2022-04-05 23:59:52,412] {spark_submit.py:488} INFO - 22/04/05 23:59:52 INFO SQLHadoopMapReduceCommitProtocol: Using output committer class org.apache.parquet.hadoop.ParquetOutputCommitter
[2022-04-05 23:59:52,440] {spark_submit.py:488} INFO - 22/04/05 23:59:52 INFO CodecConfig: Compression: SNAPPY
[2022-04-05 23:59:52,444] {spark_submit.py:488} INFO - 22/04/05 23:59:52 INFO CodecConfig: Compression: SNAPPY
[2022-04-05 23:59:52,521] {spark_submit.py:488} INFO - 22/04/05 23:59:52 INFO CodecConfig: Compression: SNAPPY
[2022-04-05 23:59:52,522] {spark_submit.py:488} INFO - 22/04/05 23:59:52 INFO CodecConfig: Compression: SNAPPY
[2022-04-05 23:59:52,523] {spark_submit.py:488} INFO - 22/04/05 23:59:52 INFO CodecConfig: Compression: SNAPPY
[2022-04-05 23:59:52,523] {spark_submit.py:488} INFO - 22/04/05 23:59:52 INFO CodecConfig: Compression: SNAPPY
[2022-04-05 23:59:52,524] {spark_submit.py:488} INFO - 22/04/05 23:59:52 INFO CodecConfig: Compression: SNAPPY
[2022-04-05 23:59:52,699] {spark_submit.py:488} INFO - 22/04/05 23:59:52 INFO CodecConfig: Compression: SNAPPY
[2022-04-05 23:59:52,745] {spark_submit.py:488} INFO - 22/04/05 23:59:52 INFO BlockManagerInfo: Removed broadcast_2_piece0 on 9fe4286b2855:36603 in memory (size: 10.4 KiB, free: 434.3 MiB)
[2022-04-05 23:59:52,873] {spark_submit.py:488} INFO - 22/04/05 23:59:52 INFO ParquetOutputFormat: Parquet block size to 134217728
[2022-04-05 23:59:52,873] {spark_submit.py:488} INFO - 22/04/05 23:59:52 INFO ParquetOutputFormat: Validation is off
[2022-04-05 23:59:52,873] {spark_submit.py:488} INFO - 22/04/05 23:59:52 INFO ParquetOutputFormat: Maximum row group padding size is 8388608 bytes
[2022-04-05 23:59:52,873] {spark_submit.py:488} INFO - 22/04/05 23:59:52 INFO ParquetOutputFormat: Parquet properties are:
[2022-04-05 23:59:52,873] {spark_submit.py:488} INFO - Parquet page size to 1048576
[2022-04-05 23:59:52,874] {spark_submit.py:488} INFO - Parquet dictionary page size to 1048576
[2022-04-05 23:59:52,874] {spark_submit.py:488} INFO - Dictionary is true
[2022-04-05 23:59:52,874] {spark_submit.py:488} INFO - Writer version is: PARQUET_1_0
[2022-04-05 23:59:52,874] {spark_submit.py:488} INFO - Page size checking is: estimated
[2022-04-05 23:59:52,874] {spark_submit.py:488} INFO - Min row count for page size check is: 100
[2022-04-05 23:59:52,874] {spark_submit.py:488} INFO - Max row count for page size check is: 10000
[2022-04-05 23:59:52,874] {spark_submit.py:488} INFO - Truncate length for column indexes is: 64
[2022-04-05 23:59:52,874] {spark_submit.py:488} INFO - Truncate length for statistics min/max  is: 2147483647
[2022-04-05 23:59:52,874] {spark_submit.py:488} INFO - Bloom filter enabled: false
[2022-04-05 23:59:52,874] {spark_submit.py:488} INFO - Max Bloom filter size for a column is 1048576
[2022-04-05 23:59:52,874] {spark_submit.py:488} INFO - Bloom filter expected number of distinct values are: null
[2022-04-05 23:59:52,874] {spark_submit.py:488} INFO - Page row count limit to 20000
[2022-04-05 23:59:52,874] {spark_submit.py:488} INFO - Writing page checksums is: on
[2022-04-05 23:59:52,880] {spark_submit.py:488} INFO - 22/04/05 23:59:52 INFO ParquetOutputFormat: Parquet block size to 134217728
[2022-04-05 23:59:52,881] {spark_submit.py:488} INFO - 22/04/05 23:59:52 INFO ParquetOutputFormat: Validation is off
[2022-04-05 23:59:52,881] {spark_submit.py:488} INFO - 22/04/05 23:59:52 INFO ParquetOutputFormat: Maximum row group padding size is 8388608 bytes
[2022-04-05 23:59:52,881] {spark_submit.py:488} INFO - 22/04/05 23:59:52 INFO ParquetOutputFormat: Parquet properties are:
[2022-04-05 23:59:52,881] {spark_submit.py:488} INFO - Parquet page size to 1048576
[2022-04-05 23:59:52,881] {spark_submit.py:488} INFO - Parquet dictionary page size to 1048576
[2022-04-05 23:59:52,881] {spark_submit.py:488} INFO - Dictionary is true
[2022-04-05 23:59:52,881] {spark_submit.py:488} INFO - Writer version is: PARQUET_1_0
[2022-04-05 23:59:52,881] {spark_submit.py:488} INFO - Page size checking is: estimated
[2022-04-05 23:59:52,881] {spark_submit.py:488} INFO - Min row count for page size check is: 100
[2022-04-05 23:59:52,881] {spark_submit.py:488} INFO - Max row count for page size check is: 10000
[2022-04-05 23:59:52,881] {spark_submit.py:488} INFO - Truncate length for column indexes is: 64
[2022-04-05 23:59:52,881] {spark_submit.py:488} INFO - Truncate length for statistics min/max  is: 2147483647
[2022-04-05 23:59:52,882] {spark_submit.py:488} INFO - Bloom filter enabled: false
[2022-04-05 23:59:52,882] {spark_submit.py:488} INFO - Max Bloom filter size for a column is 1048576
[2022-04-05 23:59:52,882] {spark_submit.py:488} INFO - Bloom filter expected number of distinct values are: null
[2022-04-05 23:59:52,882] {spark_submit.py:488} INFO - Page row count limit to 20000
[2022-04-05 23:59:52,882] {spark_submit.py:488} INFO - Writing page checksums is: on
[2022-04-05 23:59:52,885] {spark_submit.py:488} INFO - 22/04/05 23:59:52 INFO ParquetOutputFormat: Parquet block size to 134217728
[2022-04-05 23:59:52,885] {spark_submit.py:488} INFO - 22/04/05 23:59:52 INFO ParquetOutputFormat: Validation is off
[2022-04-05 23:59:52,885] {spark_submit.py:488} INFO - 22/04/05 23:59:52 INFO ParquetOutputFormat: Maximum row group padding size is 8388608 bytes
[2022-04-05 23:59:52,886] {spark_submit.py:488} INFO - 22/04/05 23:59:52 INFO ParquetOutputFormat: Parquet properties are:
[2022-04-05 23:59:52,886] {spark_submit.py:488} INFO - Parquet page size to 1048576
[2022-04-05 23:59:52,886] {spark_submit.py:488} INFO - Parquet dictionary page size to 1048576
[2022-04-05 23:59:52,886] {spark_submit.py:488} INFO - Dictionary is true
[2022-04-05 23:59:52,886] {spark_submit.py:488} INFO - Writer version is: PARQUET_1_0
[2022-04-05 23:59:52,886] {spark_submit.py:488} INFO - Page size checking is: estimated
[2022-04-05 23:59:52,886] {spark_submit.py:488} INFO - Min row count for page size check is: 100
[2022-04-05 23:59:52,886] {spark_submit.py:488} INFO - Max row count for page size check is: 10000
[2022-04-05 23:59:52,886] {spark_submit.py:488} INFO - Truncate length for column indexes is: 64
[2022-04-05 23:59:52,886] {spark_submit.py:488} INFO - Truncate length for statistics min/max  is: 2147483647
[2022-04-05 23:59:52,886] {spark_submit.py:488} INFO - Bloom filter enabled: false
[2022-04-05 23:59:52,886] {spark_submit.py:488} INFO - Max Bloom filter size for a column is 1048576
[2022-04-05 23:59:52,886] {spark_submit.py:488} INFO - Bloom filter expected number of distinct values are: null
[2022-04-05 23:59:52,887] {spark_submit.py:488} INFO - Page row count limit to 20000
[2022-04-05 23:59:52,887] {spark_submit.py:488} INFO - Writing page checksums is: on
[2022-04-05 23:59:52,896] {spark_submit.py:488} INFO - 22/04/05 23:59:52 INFO ParquetOutputFormat: Parquet block size to 134217728
[2022-04-05 23:59:52,896] {spark_submit.py:488} INFO - 22/04/05 23:59:52 INFO ParquetOutputFormat: Validation is off
[2022-04-05 23:59:52,896] {spark_submit.py:488} INFO - 22/04/05 23:59:52 INFO ParquetOutputFormat: Maximum row group padding size is 8388608 bytes
[2022-04-05 23:59:52,896] {spark_submit.py:488} INFO - 22/04/05 23:59:52 INFO ParquetOutputFormat: Parquet properties are:
[2022-04-05 23:59:52,896] {spark_submit.py:488} INFO - Parquet page size to 1048576
[2022-04-05 23:59:52,896] {spark_submit.py:488} INFO - Parquet dictionary page size to 1048576
[2022-04-05 23:59:52,896] {spark_submit.py:488} INFO - Dictionary is true
[2022-04-05 23:59:52,896] {spark_submit.py:488} INFO - Writer version is: PARQUET_1_0
[2022-04-05 23:59:52,897] {spark_submit.py:488} INFO - Page size checking is: estimated
[2022-04-05 23:59:52,897] {spark_submit.py:488} INFO - Min row count for page size check is: 100
[2022-04-05 23:59:52,897] {spark_submit.py:488} INFO - Max row count for page size check is: 10000
[2022-04-05 23:59:52,897] {spark_submit.py:488} INFO - Truncate length for column indexes is: 64
[2022-04-05 23:59:52,897] {spark_submit.py:488} INFO - Truncate length for statistics min/max  is: 2147483647
[2022-04-05 23:59:52,897] {spark_submit.py:488} INFO - Bloom filter enabled: false
[2022-04-05 23:59:52,897] {spark_submit.py:488} INFO - Max Bloom filter size for a column is 1048576
[2022-04-05 23:59:52,897] {spark_submit.py:488} INFO - Bloom filter expected number of distinct values are: null
[2022-04-05 23:59:52,897] {spark_submit.py:488} INFO - Page row count limit to 20000
[2022-04-05 23:59:52,897] {spark_submit.py:488} INFO - Writing page checksums is: on
[2022-04-05 23:59:52,928] {spark_submit.py:488} INFO - 22/04/05 23:59:52 INFO ParquetWriteSupport: Initialized Parquet WriteSupport with Catalyst schema:
[2022-04-05 23:59:52,928] {spark_submit.py:488} INFO - {
[2022-04-05 23:59:52,928] {spark_submit.py:488} INFO - "type" : "struct",
[2022-04-05 23:59:52,928] {spark_submit.py:488} INFO - "fields" : [ {
[2022-04-05 23:59:52,928] {spark_submit.py:488} INFO - "name" : "id",
[2022-04-05 23:59:52,928] {spark_submit.py:488} INFO - "type" : "integer",
[2022-04-05 23:59:52,928] {spark_submit.py:488} INFO - "nullable" : true,
[2022-04-05 23:59:52,928] {spark_submit.py:488} INFO - "metadata" : { }
[2022-04-05 23:59:52,929] {spark_submit.py:488} INFO - }, {
[2022-04-05 23:59:52,929] {spark_submit.py:488} INFO - "name" : "title",
[2022-04-05 23:59:52,929] {spark_submit.py:488} INFO - "type" : "string",
[2022-04-05 23:59:52,929] {spark_submit.py:488} INFO - "nullable" : true,
[2022-04-05 23:59:52,929] {spark_submit.py:488} INFO - "metadata" : { }
[2022-04-05 23:59:52,929] {spark_submit.py:488} INFO - }, {
[2022-04-05 23:59:52,929] {spark_submit.py:488} INFO - "name" : "body",
[2022-04-05 23:59:52,929] {spark_submit.py:488} INFO - "type" : "string",
[2022-04-05 23:59:52,929] {spark_submit.py:488} INFO - "nullable" : true,
[2022-04-05 23:59:52,929] {spark_submit.py:488} INFO - "metadata" : { }
[2022-04-05 23:59:52,929] {spark_submit.py:488} INFO - }, {
[2022-04-05 23:59:52,929] {spark_submit.py:488} INFO - "name" : "accepted_answer_id",
[2022-04-05 23:59:52,929] {spark_submit.py:488} INFO - "type" : "integer",
[2022-04-05 23:59:52,929] {spark_submit.py:488} INFO - "nullable" : true,
[2022-04-05 23:59:52,930] {spark_submit.py:488} INFO - "metadata" : { }
[2022-04-05 23:59:52,930] {spark_submit.py:488} INFO - }, {
[2022-04-05 23:59:52,930] {spark_submit.py:488} INFO - "name" : "answer_count",
[2022-04-05 23:59:52,930] {spark_submit.py:488} INFO - "type" : "integer",
[2022-04-05 23:59:52,930] {spark_submit.py:488} INFO - "nullable" : true,
[2022-04-05 23:59:52,930] {spark_submit.py:488} INFO - "metadata" : { }
[2022-04-05 23:59:52,930] {spark_submit.py:488} INFO - }, {
[2022-04-05 23:59:52,930] {spark_submit.py:488} INFO - "name" : "comment_count",
[2022-04-05 23:59:52,930] {spark_submit.py:488} INFO - "type" : "integer",
[2022-04-05 23:59:52,930] {spark_submit.py:488} INFO - "nullable" : true,
[2022-04-05 23:59:52,930] {spark_submit.py:488} INFO - "metadata" : { }
[2022-04-05 23:59:52,930] {spark_submit.py:488} INFO - }, {
[2022-04-05 23:59:52,930] {spark_submit.py:488} INFO - "name" : "community_owned_date",
[2022-04-05 23:59:52,930] {spark_submit.py:488} INFO - "type" : "timestamp",
[2022-04-05 23:59:52,931] {spark_submit.py:488} INFO - "nullable" : true,
[2022-04-05 23:59:52,931] {spark_submit.py:488} INFO - "metadata" : { }
[2022-04-05 23:59:52,931] {spark_submit.py:488} INFO - }, {
[2022-04-05 23:59:52,931] {spark_submit.py:488} INFO - "name" : "creation_date",
[2022-04-05 23:59:52,931] {spark_submit.py:488} INFO - "type" : "timestamp",
[2022-04-05 23:59:52,931] {spark_submit.py:488} INFO - "nullable" : true,
[2022-04-05 23:59:52,931] {spark_submit.py:488} INFO - "metadata" : { }
[2022-04-05 23:59:52,931] {spark_submit.py:488} INFO - }, {
[2022-04-05 23:59:52,931] {spark_submit.py:488} INFO - "name" : "favorite_count",
[2022-04-05 23:59:52,931] {spark_submit.py:488} INFO - "type" : "integer",
[2022-04-05 23:59:52,932] {spark_submit.py:488} INFO - "nullable" : true,
[2022-04-05 23:59:52,932] {spark_submit.py:488} INFO - "metadata" : { }
[2022-04-05 23:59:52,932] {spark_submit.py:488} INFO - }, {
[2022-04-05 23:59:52,932] {spark_submit.py:488} INFO - "name" : "last_activity_date",
[2022-04-05 23:59:52,932] {spark_submit.py:488} INFO - "type" : "timestamp",
[2022-04-05 23:59:52,932] {spark_submit.py:488} INFO - "nullable" : true,
[2022-04-05 23:59:52,932] {spark_submit.py:488} INFO - "metadata" : { }
[2022-04-05 23:59:52,932] {spark_submit.py:488} INFO - }, {
[2022-04-05 23:59:52,932] {spark_submit.py:488} INFO - "name" : "last_edit_date",
[2022-04-05 23:59:52,933] {spark_submit.py:488} INFO - "type" : "timestamp",
[2022-04-05 23:59:52,933] {spark_submit.py:488} INFO - "nullable" : true,
[2022-04-05 23:59:52,933] {spark_submit.py:488} INFO - "metadata" : { }
[2022-04-05 23:59:52,933] {spark_submit.py:488} INFO - }, {
[2022-04-05 23:59:52,933] {spark_submit.py:488} INFO - "name" : "last_editor_display_name",
[2022-04-05 23:59:52,933] {spark_submit.py:488} INFO - "type" : "string",
[2022-04-05 23:59:52,933] {spark_submit.py:488} INFO - "nullable" : true,
[2022-04-05 23:59:52,933] {spark_submit.py:488} INFO - "metadata" : { }
[2022-04-05 23:59:52,933] {spark_submit.py:488} INFO - }, {
[2022-04-05 23:59:52,933] {spark_submit.py:488} INFO - "name" : "last_editor_user_id",
[2022-04-05 23:59:52,933] {spark_submit.py:488} INFO - "type" : "integer",
[2022-04-05 23:59:52,933] {spark_submit.py:488} INFO - "nullable" : true,
[2022-04-05 23:59:52,933] {spark_submit.py:488} INFO - "metadata" : { }
[2022-04-05 23:59:52,933] {spark_submit.py:488} INFO - }, {
[2022-04-05 23:59:52,933] {spark_submit.py:488} INFO - "name" : "owner_display_name",
[2022-04-05 23:59:52,934] {spark_submit.py:488} INFO - "type" : "string",
[2022-04-05 23:59:52,934] {spark_submit.py:488} INFO - "nullable" : true,
[2022-04-05 23:59:52,934] {spark_submit.py:488} INFO - "metadata" : { }
[2022-04-05 23:59:52,934] {spark_submit.py:488} INFO - }, {
[2022-04-05 23:59:52,934] {spark_submit.py:488} INFO - "name" : "owner_user_id",
[2022-04-05 23:59:52,934] {spark_submit.py:488} INFO - "type" : "integer",
[2022-04-05 23:59:52,934] {spark_submit.py:488} INFO - "nullable" : true,
[2022-04-05 23:59:52,934] {spark_submit.py:488} INFO - "metadata" : { }
[2022-04-05 23:59:52,934] {spark_submit.py:488} INFO - }, {
[2022-04-05 23:59:52,934] {spark_submit.py:488} INFO - "name" : "parent_id",
[2022-04-05 23:59:52,934] {spark_submit.py:488} INFO - "type" : "integer",
[2022-04-05 23:59:52,935] {spark_submit.py:488} INFO - "nullable" : true,
[2022-04-05 23:59:52,935] {spark_submit.py:488} INFO - "metadata" : { }
[2022-04-05 23:59:52,935] {spark_submit.py:488} INFO - }, {
[2022-04-05 23:59:52,935] {spark_submit.py:488} INFO - "name" : "post_type_id",
[2022-04-05 23:59:52,935] {spark_submit.py:488} INFO - "type" : "integer",
[2022-04-05 23:59:52,935] {spark_submit.py:488} INFO - "nullable" : true,
[2022-04-05 23:59:52,936] {spark_submit.py:488} INFO - "metadata" : { }
[2022-04-05 23:59:52,936] {spark_submit.py:488} INFO - }, {
[2022-04-05 23:59:52,936] {spark_submit.py:488} INFO - "name" : "score",
[2022-04-05 23:59:52,936] {spark_submit.py:488} INFO - "type" : "integer",
[2022-04-05 23:59:52,936] {spark_submit.py:488} INFO - "nullable" : true,
[2022-04-05 23:59:52,936] {spark_submit.py:488} INFO - "metadata" : { }
[2022-04-05 23:59:52,936] {spark_submit.py:488} INFO - }, {
[2022-04-05 23:59:52,936] {spark_submit.py:488} INFO - "name" : "tags",
[2022-04-05 23:59:52,940] {spark_submit.py:488} INFO - "type" : "string",
[2022-04-05 23:59:52,940] {spark_submit.py:488} INFO - "nullable" : true,
[2022-04-05 23:59:52,940] {spark_submit.py:488} INFO - "metadata" : { }
[2022-04-05 23:59:52,940] {spark_submit.py:488} INFO - }, {
[2022-04-05 23:59:52,940] {spark_submit.py:488} INFO - "name" : "view_count",
[2022-04-05 23:59:52,940] {spark_submit.py:488} INFO - "type" : "integer",
[2022-04-05 23:59:52,940] {spark_submit.py:488} INFO - "nullable" : true,
[2022-04-05 23:59:52,940] {spark_submit.py:488} INFO - "metadata" : { }
[2022-04-05 23:59:52,940] {spark_submit.py:488} INFO - }, {
[2022-04-05 23:59:52,940] {spark_submit.py:488} INFO - "name" : "group_by_date",
[2022-04-05 23:59:52,941] {spark_submit.py:488} INFO - "type" : "timestamp",
[2022-04-05 23:59:52,941] {spark_submit.py:488} INFO - "nullable" : true,
[2022-04-05 23:59:52,941] {spark_submit.py:488} INFO - "metadata" : { }
[2022-04-05 23:59:52,941] {spark_submit.py:488} INFO - } ]
[2022-04-05 23:59:52,941] {spark_submit.py:488} INFO - }
[2022-04-05 23:59:52,941] {spark_submit.py:488} INFO - and corresponding Parquet message type:
[2022-04-05 23:59:52,941] {spark_submit.py:488} INFO - message spark_schema {
[2022-04-05 23:59:52,942] {spark_submit.py:488} INFO - optional int32 id;
[2022-04-05 23:59:52,942] {spark_submit.py:488} INFO - optional binary title (STRING);
[2022-04-05 23:59:52,942] {spark_submit.py:488} INFO - optional binary body (STRING);
[2022-04-05 23:59:52,942] {spark_submit.py:488} INFO - optional int32 accepted_answer_id;
[2022-04-05 23:59:52,942] {spark_submit.py:488} INFO - optional int32 answer_count;
[2022-04-05 23:59:52,942] {spark_submit.py:488} INFO - optional int32 comment_count;
[2022-04-05 23:59:52,942] {spark_submit.py:488} INFO - optional int96 community_owned_date;
[2022-04-05 23:59:52,942] {spark_submit.py:488} INFO - optional int96 creation_date;
[2022-04-05 23:59:52,942] {spark_submit.py:488} INFO - optional int32 favorite_count;
[2022-04-05 23:59:52,943] {spark_submit.py:488} INFO - optional int96 last_activity_date;
[2022-04-05 23:59:52,943] {spark_submit.py:488} INFO - optional int96 last_edit_date;
[2022-04-05 23:59:52,943] {spark_submit.py:488} INFO - optional binary last_editor_display_name (STRING);
[2022-04-05 23:59:52,943] {spark_submit.py:488} INFO - optional int32 last_editor_user_id;
[2022-04-05 23:59:52,943] {spark_submit.py:488} INFO - optional binary owner_display_name (STRING);
[2022-04-05 23:59:52,943] {spark_submit.py:488} INFO - optional int32 owner_user_id;
[2022-04-05 23:59:52,943] {spark_submit.py:488} INFO - optional int32 parent_id;
[2022-04-05 23:59:52,943] {spark_submit.py:488} INFO - optional int32 post_type_id;
[2022-04-05 23:59:52,943] {spark_submit.py:488} INFO - optional int32 score;
[2022-04-05 23:59:52,943] {spark_submit.py:488} INFO - optional binary tags (STRING);
[2022-04-05 23:59:52,943] {spark_submit.py:488} INFO - optional int32 view_count;
[2022-04-05 23:59:52,943] {spark_submit.py:488} INFO - optional int96 group_by_date;
[2022-04-05 23:59:52,943] {spark_submit.py:488} INFO - }
[2022-04-05 23:59:52,995] {spark_submit.py:488} INFO - 
[2022-04-05 23:59:52,996] {spark_submit.py:488} INFO - 
[2022-04-05 23:59:52,996] {spark_submit.py:488} INFO - 22/04/05 23:59:52 INFO ParquetWriteSupport: Initialized Parquet WriteSupport with Catalyst schema:
[2022-04-05 23:59:52,996] {spark_submit.py:488} INFO - {
[2022-04-05 23:59:52,996] {spark_submit.py:488} INFO - "type" : "struct",
[2022-04-05 23:59:52,996] {spark_submit.py:488} INFO - "fields" : [ {
[2022-04-05 23:59:52,996] {spark_submit.py:488} INFO - "name" : "id",
[2022-04-05 23:59:52,997] {spark_submit.py:488} INFO - "type" : "integer",
[2022-04-05 23:59:52,997] {spark_submit.py:488} INFO - "nullable" : true,
[2022-04-05 23:59:52,997] {spark_submit.py:488} INFO - "metadata" : { }
[2022-04-05 23:59:52,997] {spark_submit.py:488} INFO - }, {
[2022-04-05 23:59:52,997] {spark_submit.py:488} INFO - "name" : "title",
[2022-04-05 23:59:52,997] {spark_submit.py:488} INFO - "type" : "string",
[2022-04-05 23:59:52,997] {spark_submit.py:488} INFO - "nullable" : true,
[2022-04-05 23:59:52,997] {spark_submit.py:488} INFO - "metadata" : { }
[2022-04-05 23:59:52,997] {spark_submit.py:488} INFO - }, {
[2022-04-05 23:59:52,998] {spark_submit.py:488} INFO - "name" : "body",
[2022-04-05 23:59:52,998] {spark_submit.py:488} INFO - "type" : "string",
[2022-04-05 23:59:52,998] {spark_submit.py:488} INFO - "nullable" : true,
[2022-04-05 23:59:52,998] {spark_submit.py:488} INFO - "metadata" : { }
[2022-04-05 23:59:52,998] {spark_submit.py:488} INFO - }, {
[2022-04-05 23:59:52,998] {spark_submit.py:488} INFO - "name" : "accepted_answer_id",
[2022-04-05 23:59:52,998] {spark_submit.py:488} INFO - "type" : "integer",
[2022-04-05 23:59:52,998] {spark_submit.py:488} INFO - "nullable" : true,
[2022-04-05 23:59:52,998] {spark_submit.py:488} INFO - "metadata" : { }
[2022-04-05 23:59:52,998] {spark_submit.py:488} INFO - }, {
[2022-04-05 23:59:52,999] {spark_submit.py:488} INFO - "name" : "answer_count",
[2022-04-05 23:59:52,999] {spark_submit.py:488} INFO - "type" : "integer",
[2022-04-05 23:59:52,999] {spark_submit.py:488} INFO - "nullable" : true,
[2022-04-05 23:59:52,999] {spark_submit.py:488} INFO - "metadata" : { }
[2022-04-05 23:59:52,999] {spark_submit.py:488} INFO - }, {
[2022-04-05 23:59:52,999] {spark_submit.py:488} INFO - "name" : "comment_count",
[2022-04-05 23:59:52,999] {spark_submit.py:488} INFO - "type" : "integer",
[2022-04-05 23:59:52,999] {spark_submit.py:488} INFO - "nullable" : true,
[2022-04-05 23:59:52,999] {spark_submit.py:488} INFO - "metadata" : { }
[2022-04-05 23:59:52,999] {spark_submit.py:488} INFO - }, {
[2022-04-05 23:59:52,999] {spark_submit.py:488} INFO - "name" : "community_owned_date",
[2022-04-05 23:59:52,999] {spark_submit.py:488} INFO - "type" : "timestamp",
[2022-04-05 23:59:52,999] {spark_submit.py:488} INFO - "nullable" : true,
[2022-04-05 23:59:53,027] {spark_submit.py:488} INFO - "metadata" : { }
[2022-04-05 23:59:53,028] {spark_submit.py:488} INFO - }, {
[2022-04-05 23:59:53,028] {spark_submit.py:488} INFO - "name" : "creation_date",
[2022-04-05 23:59:53,028] {spark_submit.py:488} INFO - "type" : "timestamp",
[2022-04-05 23:59:53,028] {spark_submit.py:488} INFO - "nullable" : true,
[2022-04-05 23:59:53,028] {spark_submit.py:488} INFO - "metadata" : { }
[2022-04-05 23:59:53,028] {spark_submit.py:488} INFO - }, {
[2022-04-05 23:59:53,028] {spark_submit.py:488} INFO - "name" : "favorite_count",
[2022-04-05 23:59:53,028] {spark_submit.py:488} INFO - "type" : "integer",
[2022-04-05 23:59:53,028] {spark_submit.py:488} INFO - "nullable" : true,
[2022-04-05 23:59:53,028] {spark_submit.py:488} INFO - "metadata" : { }
[2022-04-05 23:59:53,029] {spark_submit.py:488} INFO - }, {
[2022-04-05 23:59:53,029] {spark_submit.py:488} INFO - "name" : "last_activity_date",
[2022-04-05 23:59:53,029] {spark_submit.py:488} INFO - "type" : "timestamp",
[2022-04-05 23:59:53,029] {spark_submit.py:488} INFO - "nullable" : true,
[2022-04-05 23:59:53,029] {spark_submit.py:488} INFO - "metadata" : { }
[2022-04-05 23:59:53,029] {spark_submit.py:488} INFO - }, {
[2022-04-05 23:59:53,029] {spark_submit.py:488} INFO - "name" : "last_edit_date",
[2022-04-05 23:59:53,029] {spark_submit.py:488} INFO - "type" : "timestamp",
[2022-04-05 23:59:53,029] {spark_submit.py:488} INFO - "nullable" : true,
[2022-04-05 23:59:53,029] {spark_submit.py:488} INFO - "metadata" : { }
[2022-04-05 23:59:53,029] {spark_submit.py:488} INFO - }, {
[2022-04-05 23:59:53,029] {spark_submit.py:488} INFO - "name" : "last_editor_display_name",
[2022-04-05 23:59:53,029] {spark_submit.py:488} INFO - "type" : "string",
[2022-04-05 23:59:53,030] {spark_submit.py:488} INFO - "nullable" : true,
[2022-04-05 23:59:53,030] {spark_submit.py:488} INFO - "metadata" : { }
[2022-04-05 23:59:53,030] {spark_submit.py:488} INFO - }, {
[2022-04-05 23:59:53,030] {spark_submit.py:488} INFO - "name" : "last_editor_user_id",
[2022-04-05 23:59:53,030] {spark_submit.py:488} INFO - "type" : "integer",
[2022-04-05 23:59:53,030] {spark_submit.py:488} INFO - "nullable" : true,
[2022-04-05 23:59:53,030] {spark_submit.py:488} INFO - "metadata" : { }
[2022-04-05 23:59:53,030] {spark_submit.py:488} INFO - }, {
[2022-04-05 23:59:53,030] {spark_submit.py:488} INFO - "name" : "owner_display_name",
[2022-04-05 23:59:53,030] {spark_submit.py:488} INFO - "type" : "string",
[2022-04-05 23:59:53,030] {spark_submit.py:488} INFO - "nullable" : true,
[2022-04-05 23:59:53,030] {spark_submit.py:488} INFO - "metadata" : { }
[2022-04-05 23:59:53,030] {spark_submit.py:488} INFO - }, {
[2022-04-05 23:59:53,031] {spark_submit.py:488} INFO - "name" : "owner_user_id",
[2022-04-05 23:59:53,031] {spark_submit.py:488} INFO - "type" : "integer",
[2022-04-05 23:59:53,031] {spark_submit.py:488} INFO - "nullable" : true,
[2022-04-05 23:59:53,031] {spark_submit.py:488} INFO - "metadata" : { }
[2022-04-05 23:59:53,031] {spark_submit.py:488} INFO - }, {
[2022-04-05 23:59:53,031] {spark_submit.py:488} INFO - "name" : "parent_id",
[2022-04-05 23:59:53,031] {spark_submit.py:488} INFO - "type" : "integer",
[2022-04-05 23:59:53,031] {spark_submit.py:488} INFO - "nullable" : true,
[2022-04-05 23:59:53,031] {spark_submit.py:488} INFO - "metadata" : { }
[2022-04-05 23:59:53,031] {spark_submit.py:488} INFO - }, {
[2022-04-05 23:59:53,031] {spark_submit.py:488} INFO - "name" : "post_type_id",
[2022-04-05 23:59:53,031] {spark_submit.py:488} INFO - "type" : "integer",
[2022-04-05 23:59:53,031] {spark_submit.py:488} INFO - "nullable" : true,
[2022-04-05 23:59:53,031] {spark_submit.py:488} INFO - "metadata" : { }
[2022-04-05 23:59:53,080] {spark_submit.py:488} INFO - }, {
[2022-04-05 23:59:53,080] {spark_submit.py:488} INFO - "name" : "score",
[2022-04-05 23:59:53,080] {spark_submit.py:488} INFO - "type" : "integer",
[2022-04-05 23:59:53,080] {spark_submit.py:488} INFO - "nullable" : true,
[2022-04-05 23:59:53,080] {spark_submit.py:488} INFO - "metadata" : { }
[2022-04-05 23:59:53,080] {spark_submit.py:488} INFO - }, {
[2022-04-05 23:59:53,080] {spark_submit.py:488} INFO - "name" : "tags",
[2022-04-05 23:59:53,080] {spark_submit.py:488} INFO - "type" : "string",
[2022-04-05 23:59:53,080] {spark_submit.py:488} INFO - "nullable" : true,
[2022-04-05 23:59:53,081] {spark_submit.py:488} INFO - "metadata" : { }
[2022-04-05 23:59:53,081] {spark_submit.py:488} INFO - }, {
[2022-04-05 23:59:53,081] {spark_submit.py:488} INFO - "name" : "view_count",
[2022-04-05 23:59:53,081] {spark_submit.py:488} INFO - "type" : "integer",
[2022-04-05 23:59:53,081] {spark_submit.py:488} INFO - "nullable" : true,
[2022-04-05 23:59:53,081] {spark_submit.py:488} INFO - "metadata" : { }
[2022-04-05 23:59:53,081] {spark_submit.py:488} INFO - }, {
[2022-04-05 23:59:53,081] {spark_submit.py:488} INFO - "name" : "group_by_date",
[2022-04-05 23:59:53,081] {spark_submit.py:488} INFO - "type" : "timestamp",
[2022-04-05 23:59:53,081] {spark_submit.py:488} INFO - "nullable" : true,
[2022-04-05 23:59:53,081] {spark_submit.py:488} INFO - "metadata" : { }
[2022-04-05 23:59:53,081] {spark_submit.py:488} INFO - } ]
[2022-04-05 23:59:53,081] {spark_submit.py:488} INFO - }
[2022-04-05 23:59:53,082] {spark_submit.py:488} INFO - and corresponding Parquet message type:
[2022-04-05 23:59:53,082] {spark_submit.py:488} INFO - message spark_schema {
[2022-04-05 23:59:53,082] {spark_submit.py:488} INFO - optional int32 id;
[2022-04-05 23:59:53,082] {spark_submit.py:488} INFO - optional binary title (STRING);
[2022-04-05 23:59:53,082] {spark_submit.py:488} INFO - optional binary body (STRING);
[2022-04-05 23:59:53,082] {spark_submit.py:488} INFO - optional int32 accepted_answer_id;
[2022-04-05 23:59:53,082] {spark_submit.py:488} INFO - optional int32 answer_count;
[2022-04-05 23:59:53,082] {spark_submit.py:488} INFO - optional int32 comment_count;
[2022-04-05 23:59:53,082] {spark_submit.py:488} INFO - optional int96 community_owned_date;
[2022-04-05 23:59:53,082] {spark_submit.py:488} INFO - optional int96 creation_date;
[2022-04-05 23:59:53,082] {spark_submit.py:488} INFO - optional int32 favorite_count;
[2022-04-05 23:59:53,082] {spark_submit.py:488} INFO - optional int96 last_activity_date;
[2022-04-05 23:59:53,082] {spark_submit.py:488} INFO - optional int96 last_edit_date;
[2022-04-05 23:59:53,082] {spark_submit.py:488} INFO - optional binary last_editor_display_name (STRING);
[2022-04-05 23:59:53,082] {spark_submit.py:488} INFO - optional int32 last_editor_user_id;
[2022-04-05 23:59:53,083] {spark_submit.py:488} INFO - optional binary owner_display_name (STRING);
[2022-04-05 23:59:53,083] {spark_submit.py:488} INFO - optional int32 owner_user_id;
[2022-04-05 23:59:53,083] {spark_submit.py:488} INFO - optional int32 parent_id;
[2022-04-05 23:59:53,083] {spark_submit.py:488} INFO - optional int32 post_type_id;
[2022-04-05 23:59:53,083] {spark_submit.py:488} INFO - optional int32 score;
[2022-04-05 23:59:53,083] {spark_submit.py:488} INFO - optional binary tags (STRING);
[2022-04-05 23:59:53,083] {spark_submit.py:488} INFO - optional int32 view_count;
[2022-04-05 23:59:53,083] {spark_submit.py:488} INFO - optional int96 group_by_date;
[2022-04-05 23:59:53,083] {spark_submit.py:488} INFO - }
[2022-04-05 23:59:53,083] {spark_submit.py:488} INFO - 
[2022-04-05 23:59:53,083] {spark_submit.py:488} INFO - 
[2022-04-05 23:59:53,143] {spark_submit.py:488} INFO - 22/04/05 23:59:52 INFO ParquetWriteSupport: Initialized Parquet WriteSupport with Catalyst schema:
[2022-04-05 23:59:53,143] {spark_submit.py:488} INFO - {
[2022-04-05 23:59:53,143] {spark_submit.py:488} INFO - "type" : "struct",
[2022-04-05 23:59:53,143] {spark_submit.py:488} INFO - "fields" : [ {
[2022-04-05 23:59:53,143] {spark_submit.py:488} INFO - "name" : "id",
[2022-04-05 23:59:53,143] {spark_submit.py:488} INFO - "type" : "integer",
[2022-04-05 23:59:53,143] {spark_submit.py:488} INFO - "nullable" : true,
[2022-04-05 23:59:53,143] {spark_submit.py:488} INFO - "metadata" : { }
[2022-04-05 23:59:53,144] {spark_submit.py:488} INFO - }, {
[2022-04-05 23:59:53,144] {spark_submit.py:488} INFO - "name" : "title",
[2022-04-05 23:59:53,144] {spark_submit.py:488} INFO - "type" : "string",
[2022-04-05 23:59:53,144] {spark_submit.py:488} INFO - "nullable" : true,
[2022-04-05 23:59:53,144] {spark_submit.py:488} INFO - "metadata" : { }
[2022-04-05 23:59:53,144] {spark_submit.py:488} INFO - }, {
[2022-04-05 23:59:53,144] {spark_submit.py:488} INFO - "name" : "body",
[2022-04-05 23:59:53,144] {spark_submit.py:488} INFO - "type" : "string",
[2022-04-05 23:59:53,144] {spark_submit.py:488} INFO - "nullable" : true,
[2022-04-05 23:59:53,144] {spark_submit.py:488} INFO - "metadata" : { }
[2022-04-05 23:59:53,144] {spark_submit.py:488} INFO - }, {
[2022-04-05 23:59:53,144] {spark_submit.py:488} INFO - "name" : "accepted_answer_id",
[2022-04-05 23:59:53,145] {spark_submit.py:488} INFO - "type" : "integer",
[2022-04-05 23:59:53,145] {spark_submit.py:488} INFO - "nullable" : true,
[2022-04-05 23:59:53,145] {spark_submit.py:488} INFO - "metadata" : { }
[2022-04-05 23:59:53,145] {spark_submit.py:488} INFO - }, {
[2022-04-05 23:59:53,145] {spark_submit.py:488} INFO - "name" : "answer_count",
[2022-04-05 23:59:53,145] {spark_submit.py:488} INFO - "type" : "integer",
[2022-04-05 23:59:53,145] {spark_submit.py:488} INFO - "nullable" : true,
[2022-04-05 23:59:53,145] {spark_submit.py:488} INFO - "metadata" : { }
[2022-04-05 23:59:53,145] {spark_submit.py:488} INFO - }, {
[2022-04-05 23:59:53,145] {spark_submit.py:488} INFO - "name" : "comment_count",
[2022-04-05 23:59:53,145] {spark_submit.py:488} INFO - "type" : "integer",
[2022-04-05 23:59:53,145] {spark_submit.py:488} INFO - "nullable" : true,
[2022-04-05 23:59:53,145] {spark_submit.py:488} INFO - "metadata" : { }
[2022-04-05 23:59:53,145] {spark_submit.py:488} INFO - }, {
[2022-04-05 23:59:53,145] {spark_submit.py:488} INFO - "name" : "community_owned_date",
[2022-04-05 23:59:53,146] {spark_submit.py:488} INFO - "type" : "timestamp",
[2022-04-05 23:59:53,146] {spark_submit.py:488} INFO - "nullable" : true,
[2022-04-05 23:59:53,146] {spark_submit.py:488} INFO - "metadata" : { }
[2022-04-05 23:59:53,146] {spark_submit.py:488} INFO - }, {
[2022-04-05 23:59:53,146] {spark_submit.py:488} INFO - "name" : "creation_date",
[2022-04-05 23:59:53,146] {spark_submit.py:488} INFO - "type" : "timestamp",
[2022-04-05 23:59:53,146] {spark_submit.py:488} INFO - "nullable" : true,
[2022-04-05 23:59:53,146] {spark_submit.py:488} INFO - "metadata" : { }
[2022-04-05 23:59:53,146] {spark_submit.py:488} INFO - }, {
[2022-04-05 23:59:53,146] {spark_submit.py:488} INFO - "name" : "favorite_count",
[2022-04-05 23:59:53,146] {spark_submit.py:488} INFO - "type" : "integer",
[2022-04-05 23:59:53,146] {spark_submit.py:488} INFO - "nullable" : true,
[2022-04-05 23:59:53,146] {spark_submit.py:488} INFO - "metadata" : { }
[2022-04-05 23:59:53,146] {spark_submit.py:488} INFO - }, {
[2022-04-05 23:59:53,147] {spark_submit.py:488} INFO - "name" : "last_activity_date",
[2022-04-05 23:59:53,147] {spark_submit.py:488} INFO - "type" : "timestamp",
[2022-04-05 23:59:53,147] {spark_submit.py:488} INFO - "nullable" : true,
[2022-04-05 23:59:53,147] {spark_submit.py:488} INFO - "metadata" : { }
[2022-04-05 23:59:53,147] {spark_submit.py:488} INFO - }, {
[2022-04-05 23:59:53,147] {spark_submit.py:488} INFO - "name" : "last_edit_date",
[2022-04-05 23:59:53,147] {spark_submit.py:488} INFO - "type" : "timestamp",
[2022-04-05 23:59:53,147] {spark_submit.py:488} INFO - "nullable" : true,
[2022-04-05 23:59:53,147] {spark_submit.py:488} INFO - "metadata" : { }
[2022-04-05 23:59:53,147] {spark_submit.py:488} INFO - }, {
[2022-04-05 23:59:53,147] {spark_submit.py:488} INFO - "name" : "last_editor_display_name",
[2022-04-05 23:59:53,147] {spark_submit.py:488} INFO - "type" : "string",
[2022-04-05 23:59:53,147] {spark_submit.py:488} INFO - "nullable" : true,
[2022-04-05 23:59:53,148] {spark_submit.py:488} INFO - "metadata" : { }
[2022-04-05 23:59:53,148] {spark_submit.py:488} INFO - }, {
[2022-04-05 23:59:53,148] {spark_submit.py:488} INFO - "name" : "last_editor_user_id",
[2022-04-05 23:59:53,148] {spark_submit.py:488} INFO - "type" : "integer",
[2022-04-05 23:59:53,148] {spark_submit.py:488} INFO - "nullable" : true,
[2022-04-05 23:59:53,148] {spark_submit.py:488} INFO - "metadata" : { }
[2022-04-05 23:59:53,148] {spark_submit.py:488} INFO - }, {
[2022-04-05 23:59:53,148] {spark_submit.py:488} INFO - "name" : "owner_display_name",
[2022-04-05 23:59:53,148] {spark_submit.py:488} INFO - "type" : "string",
[2022-04-05 23:59:53,148] {spark_submit.py:488} INFO - "nullable" : true,
[2022-04-05 23:59:53,148] {spark_submit.py:488} INFO - "metadata" : { }
[2022-04-05 23:59:53,148] {spark_submit.py:488} INFO - }, {
[2022-04-05 23:59:53,148] {spark_submit.py:488} INFO - "name" : "owner_user_id",
[2022-04-05 23:59:53,148] {spark_submit.py:488} INFO - "type" : "integer",
[2022-04-05 23:59:53,148] {spark_submit.py:488} INFO - "nullable" : true,
[2022-04-05 23:59:53,149] {spark_submit.py:488} INFO - "metadata" : { }
[2022-04-05 23:59:53,149] {spark_submit.py:488} INFO - }, {
[2022-04-05 23:59:53,149] {spark_submit.py:488} INFO - "name" : "parent_id",
[2022-04-05 23:59:53,149] {spark_submit.py:488} INFO - "type" : "integer",
[2022-04-05 23:59:53,149] {spark_submit.py:488} INFO - "nullable" : true,
[2022-04-05 23:59:53,149] {spark_submit.py:488} INFO - "metadata" : { }
[2022-04-05 23:59:53,149] {spark_submit.py:488} INFO - }, {
[2022-04-05 23:59:53,149] {spark_submit.py:488} INFO - "name" : "post_type_id",
[2022-04-05 23:59:53,149] {spark_submit.py:488} INFO - "type" : "integer",
[2022-04-05 23:59:53,149] {spark_submit.py:488} INFO - "nullable" : true,
[2022-04-05 23:59:53,149] {spark_submit.py:488} INFO - "metadata" : { }
[2022-04-05 23:59:53,149] {spark_submit.py:488} INFO - }, {
[2022-04-05 23:59:53,149] {spark_submit.py:488} INFO - "name" : "score",
[2022-04-05 23:59:53,149] {spark_submit.py:488} INFO - "type" : "integer",
[2022-04-05 23:59:53,149] {spark_submit.py:488} INFO - "nullable" : true,
[2022-04-05 23:59:53,150] {spark_submit.py:488} INFO - "metadata" : { }
[2022-04-05 23:59:53,150] {spark_submit.py:488} INFO - }, {
[2022-04-05 23:59:53,150] {spark_submit.py:488} INFO - "name" : "tags",
[2022-04-05 23:59:53,150] {spark_submit.py:488} INFO - "type" : "string",
[2022-04-05 23:59:53,150] {spark_submit.py:488} INFO - "nullable" : true,
[2022-04-05 23:59:53,150] {spark_submit.py:488} INFO - "metadata" : { }
[2022-04-05 23:59:53,150] {spark_submit.py:488} INFO - }, {
[2022-04-05 23:59:53,150] {spark_submit.py:488} INFO - "name" : "view_count",
[2022-04-05 23:59:53,150] {spark_submit.py:488} INFO - "type" : "integer",
[2022-04-05 23:59:53,150] {spark_submit.py:488} INFO - "nullable" : true,
[2022-04-05 23:59:53,150] {spark_submit.py:488} INFO - "metadata" : { }
[2022-04-05 23:59:53,150] {spark_submit.py:488} INFO - }, {
[2022-04-05 23:59:53,150] {spark_submit.py:488} INFO - "name" : "group_by_date",
[2022-04-05 23:59:53,150] {spark_submit.py:488} INFO - "type" : "timestamp",
[2022-04-05 23:59:53,151] {spark_submit.py:488} INFO - "nullable" : true,
[2022-04-05 23:59:53,151] {spark_submit.py:488} INFO - "metadata" : { }
[2022-04-05 23:59:53,151] {spark_submit.py:488} INFO - } ]
[2022-04-05 23:59:53,151] {spark_submit.py:488} INFO - }
[2022-04-05 23:59:53,151] {spark_submit.py:488} INFO - and corresponding Parquet message type:
[2022-04-05 23:59:53,151] {spark_submit.py:488} INFO - message spark_schema {
[2022-04-05 23:59:53,151] {spark_submit.py:488} INFO - optional int32 id;
[2022-04-05 23:59:53,151] {spark_submit.py:488} INFO - optional binary title (STRING);
[2022-04-05 23:59:53,151] {spark_submit.py:488} INFO - optional binary body (STRING);
[2022-04-05 23:59:53,151] {spark_submit.py:488} INFO - optional int32 accepted_answer_id;
[2022-04-05 23:59:53,151] {spark_submit.py:488} INFO - optional int32 answer_count;
[2022-04-05 23:59:53,151] {spark_submit.py:488} INFO - optional int32 comment_count;
[2022-04-05 23:59:53,151] {spark_submit.py:488} INFO - optional int96 community_owned_date;
[2022-04-05 23:59:53,167] {spark_submit.py:488} INFO - optional int96 creation_date;
[2022-04-05 23:59:53,167] {spark_submit.py:488} INFO - optional int32 favorite_count;
[2022-04-05 23:59:53,167] {spark_submit.py:488} INFO - optional int96 last_activity_date;
[2022-04-05 23:59:53,167] {spark_submit.py:488} INFO - optional int96 last_edit_date;
[2022-04-05 23:59:53,167] {spark_submit.py:488} INFO - optional binary last_editor_display_name (STRING);
[2022-04-05 23:59:53,180] {spark_submit.py:488} INFO - optional int32 last_editor_user_id;
[2022-04-05 23:59:53,180] {spark_submit.py:488} INFO - optional binary owner_display_name (STRING);
[2022-04-05 23:59:53,180] {spark_submit.py:488} INFO - optional int32 owner_user_id;
[2022-04-05 23:59:53,180] {spark_submit.py:488} INFO - optional int32 parent_id;
[2022-04-05 23:59:53,180] {spark_submit.py:488} INFO - optional int32 post_type_id;
[2022-04-05 23:59:53,180] {spark_submit.py:488} INFO - optional int32 score;
[2022-04-05 23:59:53,180] {spark_submit.py:488} INFO - optional binary tags (STRING);
[2022-04-05 23:59:53,180] {spark_submit.py:488} INFO - optional int32 view_count;
[2022-04-05 23:59:53,180] {spark_submit.py:488} INFO - optional int96 group_by_date;
[2022-04-05 23:59:53,181] {spark_submit.py:488} INFO - }
[2022-04-05 23:59:53,181] {spark_submit.py:488} INFO - 
[2022-04-05 23:59:53,181] {spark_submit.py:488} INFO - 
[2022-04-05 23:59:53,472] {spark_submit.py:488} INFO - 22/04/05 23:59:52 INFO ParquetWriteSupport: Initialized Parquet WriteSupport with Catalyst schema:
[2022-04-05 23:59:53,472] {spark_submit.py:488} INFO - {
[2022-04-05 23:59:53,472] {spark_submit.py:488} INFO - "type" : "struct",
[2022-04-05 23:59:53,472] {spark_submit.py:488} INFO - "fields" : [ {
[2022-04-05 23:59:53,472] {spark_submit.py:488} INFO - "name" : "id",
[2022-04-05 23:59:53,472] {spark_submit.py:488} INFO - "type" : "integer",
[2022-04-05 23:59:53,472] {spark_submit.py:488} INFO - "nullable" : true,
[2022-04-05 23:59:53,472] {spark_submit.py:488} INFO - "metadata" : { }
[2022-04-05 23:59:53,472] {spark_submit.py:488} INFO - }, {
[2022-04-05 23:59:53,473] {spark_submit.py:488} INFO - "name" : "title",
[2022-04-05 23:59:53,473] {spark_submit.py:488} INFO - "type" : "string",
[2022-04-05 23:59:53,473] {spark_submit.py:488} INFO - "nullable" : true,
[2022-04-05 23:59:53,473] {spark_submit.py:488} INFO - "metadata" : { }
[2022-04-05 23:59:53,473] {spark_submit.py:488} INFO - }, {
[2022-04-05 23:59:53,473] {spark_submit.py:488} INFO - "name" : "body",
[2022-04-05 23:59:53,473] {spark_submit.py:488} INFO - "type" : "string",
[2022-04-05 23:59:53,473] {spark_submit.py:488} INFO - "nullable" : true,
[2022-04-05 23:59:53,473] {spark_submit.py:488} INFO - "metadata" : { }
[2022-04-05 23:59:53,473] {spark_submit.py:488} INFO - }, {
[2022-04-05 23:59:53,473] {spark_submit.py:488} INFO - "name" : "accepted_answer_id",
[2022-04-05 23:59:53,473] {spark_submit.py:488} INFO - "type" : "integer",
[2022-04-05 23:59:53,473] {spark_submit.py:488} INFO - "nullable" : true,
[2022-04-05 23:59:53,474] {spark_submit.py:488} INFO - "metadata" : { }
[2022-04-05 23:59:53,474] {spark_submit.py:488} INFO - }, {
[2022-04-05 23:59:53,474] {spark_submit.py:488} INFO - "name" : "answer_count",
[2022-04-05 23:59:53,474] {spark_submit.py:488} INFO - "type" : "integer",
[2022-04-05 23:59:53,474] {spark_submit.py:488} INFO - "nullable" : true,
[2022-04-05 23:59:53,474] {spark_submit.py:488} INFO - "metadata" : { }
[2022-04-05 23:59:53,474] {spark_submit.py:488} INFO - }, {
[2022-04-05 23:59:53,474] {spark_submit.py:488} INFO - "name" : "comment_count",
[2022-04-05 23:59:53,474] {spark_submit.py:488} INFO - "type" : "integer",
[2022-04-05 23:59:53,474] {spark_submit.py:488} INFO - "nullable" : true,
[2022-04-05 23:59:53,474] {spark_submit.py:488} INFO - "metadata" : { }
[2022-04-05 23:59:53,475] {spark_submit.py:488} INFO - }, {
[2022-04-05 23:59:53,475] {spark_submit.py:488} INFO - "name" : "community_owned_date",
[2022-04-05 23:59:53,475] {spark_submit.py:488} INFO - "type" : "timestamp",
[2022-04-05 23:59:53,475] {spark_submit.py:488} INFO - "nullable" : true,
[2022-04-05 23:59:53,475] {spark_submit.py:488} INFO - "metadata" : { }
[2022-04-05 23:59:53,475] {spark_submit.py:488} INFO - }, {
[2022-04-05 23:59:53,475] {spark_submit.py:488} INFO - "name" : "creation_date",
[2022-04-05 23:59:53,475] {spark_submit.py:488} INFO - "type" : "timestamp",
[2022-04-05 23:59:53,475] {spark_submit.py:488} INFO - "nullable" : true,
[2022-04-05 23:59:53,475] {spark_submit.py:488} INFO - "metadata" : { }
[2022-04-05 23:59:53,475] {spark_submit.py:488} INFO - }, {
[2022-04-05 23:59:53,498] {spark_submit.py:488} INFO - "name" : "favorite_count",
[2022-04-05 23:59:53,498] {spark_submit.py:488} INFO - "type" : "integer",
[2022-04-05 23:59:53,501] {spark_submit.py:488} INFO - "nullable" : true,
[2022-04-05 23:59:53,501] {spark_submit.py:488} INFO - "metadata" : { }
[2022-04-05 23:59:53,501] {spark_submit.py:488} INFO - }, {
[2022-04-05 23:59:53,501] {spark_submit.py:488} INFO - "name" : "last_activity_date",
[2022-04-05 23:59:53,502] {spark_submit.py:488} INFO - "type" : "timestamp",
[2022-04-05 23:59:53,502] {spark_submit.py:488} INFO - "nullable" : true,
[2022-04-05 23:59:53,502] {spark_submit.py:488} INFO - "metadata" : { }
[2022-04-05 23:59:53,502] {spark_submit.py:488} INFO - }, {
[2022-04-05 23:59:53,502] {spark_submit.py:488} INFO - "name" : "last_edit_date",
[2022-04-05 23:59:53,502] {spark_submit.py:488} INFO - "type" : "timestamp",
[2022-04-05 23:59:53,502] {spark_submit.py:488} INFO - "nullable" : true,
[2022-04-05 23:59:53,502] {spark_submit.py:488} INFO - "metadata" : { }
[2022-04-05 23:59:53,502] {spark_submit.py:488} INFO - }, {
[2022-04-05 23:59:53,502] {spark_submit.py:488} INFO - "name" : "last_editor_display_name",
[2022-04-05 23:59:53,502] {spark_submit.py:488} INFO - "type" : "string",
[2022-04-05 23:59:53,502] {spark_submit.py:488} INFO - "nullable" : true,
[2022-04-05 23:59:53,502] {spark_submit.py:488} INFO - "metadata" : { }
[2022-04-05 23:59:53,502] {spark_submit.py:488} INFO - }, {
[2022-04-05 23:59:53,502] {spark_submit.py:488} INFO - "name" : "last_editor_user_id",
[2022-04-05 23:59:53,503] {spark_submit.py:488} INFO - "type" : "integer",
[2022-04-05 23:59:53,503] {spark_submit.py:488} INFO - "nullable" : true,
[2022-04-05 23:59:53,503] {spark_submit.py:488} INFO - "metadata" : { }
[2022-04-05 23:59:53,503] {spark_submit.py:488} INFO - }, {
[2022-04-05 23:59:53,503] {spark_submit.py:488} INFO - "name" : "owner_display_name",
[2022-04-05 23:59:53,503] {spark_submit.py:488} INFO - "type" : "string",
[2022-04-05 23:59:53,503] {spark_submit.py:488} INFO - "nullable" : true,
[2022-04-05 23:59:53,503] {spark_submit.py:488} INFO - "metadata" : { }
[2022-04-05 23:59:53,503] {spark_submit.py:488} INFO - }, {
[2022-04-05 23:59:53,503] {spark_submit.py:488} INFO - "name" : "owner_user_id",
[2022-04-05 23:59:53,503] {spark_submit.py:488} INFO - "type" : "integer",
[2022-04-05 23:59:53,503] {spark_submit.py:488} INFO - "nullable" : true,
[2022-04-05 23:59:53,503] {spark_submit.py:488} INFO - "metadata" : { }
[2022-04-05 23:59:53,507] {spark_submit.py:488} INFO - }, {
[2022-04-05 23:59:53,510] {spark_submit.py:488} INFO - "name" : "parent_id",
[2022-04-05 23:59:53,511] {spark_submit.py:488} INFO - "type" : "integer",
[2022-04-05 23:59:53,511] {spark_submit.py:488} INFO - "nullable" : true,
[2022-04-05 23:59:53,511] {spark_submit.py:488} INFO - "metadata" : { }
[2022-04-05 23:59:53,511] {spark_submit.py:488} INFO - }, {
[2022-04-05 23:59:53,511] {spark_submit.py:488} INFO - "name" : "post_type_id",
[2022-04-05 23:59:53,511] {spark_submit.py:488} INFO - "type" : "integer",
[2022-04-05 23:59:53,512] {spark_submit.py:488} INFO - "nullable" : true,
[2022-04-05 23:59:53,512] {spark_submit.py:488} INFO - "metadata" : { }
[2022-04-05 23:59:53,512] {spark_submit.py:488} INFO - }, {
[2022-04-05 23:59:53,512] {spark_submit.py:488} INFO - "name" : "score",
[2022-04-05 23:59:53,512] {spark_submit.py:488} INFO - "type" : "integer",
[2022-04-05 23:59:53,512] {spark_submit.py:488} INFO - "nullable" : true,
[2022-04-05 23:59:53,512] {spark_submit.py:488} INFO - "metadata" : { }
[2022-04-05 23:59:53,512] {spark_submit.py:488} INFO - }, {
[2022-04-05 23:59:53,512] {spark_submit.py:488} INFO - "name" : "tags",
[2022-04-05 23:59:53,513] {spark_submit.py:488} INFO - "type" : "string",
[2022-04-05 23:59:53,513] {spark_submit.py:488} INFO - "nullable" : true,
[2022-04-05 23:59:53,513] {spark_submit.py:488} INFO - "metadata" : { }
[2022-04-05 23:59:53,513] {spark_submit.py:488} INFO - }, {
[2022-04-05 23:59:53,513] {spark_submit.py:488} INFO - "name" : "view_count",
[2022-04-05 23:59:53,513] {spark_submit.py:488} INFO - "type" : "integer",
[2022-04-05 23:59:53,513] {spark_submit.py:488} INFO - "nullable" : true,
[2022-04-05 23:59:53,515] {spark_submit.py:488} INFO - "metadata" : { }
[2022-04-05 23:59:53,515] {spark_submit.py:488} INFO - }, {
[2022-04-05 23:59:53,516] {spark_submit.py:488} INFO - "name" : "group_by_date",
[2022-04-05 23:59:53,516] {spark_submit.py:488} INFO - "type" : "timestamp",
[2022-04-05 23:59:53,516] {spark_submit.py:488} INFO - "nullable" : true,
[2022-04-05 23:59:53,516] {spark_submit.py:488} INFO - "metadata" : { }
[2022-04-05 23:59:53,516] {spark_submit.py:488} INFO - } ]
[2022-04-05 23:59:53,516] {spark_submit.py:488} INFO - }
[2022-04-05 23:59:53,516] {spark_submit.py:488} INFO - and corresponding Parquet message type:
[2022-04-05 23:59:53,516] {spark_submit.py:488} INFO - message spark_schema {
[2022-04-05 23:59:53,516] {spark_submit.py:488} INFO - optional int32 id;
[2022-04-05 23:59:53,516] {spark_submit.py:488} INFO - optional binary title (STRING);
[2022-04-05 23:59:53,516] {spark_submit.py:488} INFO - optional binary body (STRING);
[2022-04-05 23:59:53,516] {spark_submit.py:488} INFO - optional int32 accepted_answer_id;
[2022-04-05 23:59:53,516] {spark_submit.py:488} INFO - optional int32 answer_count;
[2022-04-05 23:59:53,517] {spark_submit.py:488} INFO - optional int32 comment_count;
[2022-04-05 23:59:53,517] {spark_submit.py:488} INFO - optional int96 community_owned_date;
[2022-04-05 23:59:53,517] {spark_submit.py:488} INFO - optional int96 creation_date;
[2022-04-05 23:59:53,517] {spark_submit.py:488} INFO - optional int32 favorite_count;
[2022-04-05 23:59:53,517] {spark_submit.py:488} INFO - optional int96 last_activity_date;
[2022-04-05 23:59:53,517] {spark_submit.py:488} INFO - optional int96 last_edit_date;
[2022-04-05 23:59:53,517] {spark_submit.py:488} INFO - optional binary last_editor_display_name (STRING);
[2022-04-05 23:59:53,517] {spark_submit.py:488} INFO - optional int32 last_editor_user_id;
[2022-04-05 23:59:53,517] {spark_submit.py:488} INFO - optional binary owner_display_name (STRING);
[2022-04-05 23:59:53,517] {spark_submit.py:488} INFO - optional int32 owner_user_id;
[2022-04-05 23:59:53,517] {spark_submit.py:488} INFO - optional int32 parent_id;
[2022-04-05 23:59:53,517] {spark_submit.py:488} INFO - optional int32 post_type_id;
[2022-04-05 23:59:53,517] {spark_submit.py:488} INFO - optional int32 score;
[2022-04-05 23:59:53,517] {spark_submit.py:488} INFO - optional binary tags (STRING);
[2022-04-05 23:59:53,518] {spark_submit.py:488} INFO - optional int32 view_count;
[2022-04-05 23:59:53,518] {spark_submit.py:488} INFO - optional int96 group_by_date;
[2022-04-05 23:59:53,518] {spark_submit.py:488} INFO - }
[2022-04-05 23:59:53,518] {spark_submit.py:488} INFO - 
[2022-04-05 23:59:53,518] {spark_submit.py:488} INFO - 
[2022-04-05 23:59:54,660] {spark_submit.py:488} INFO - 22/04/05 23:59:54 INFO CodecPool: Got brand-new compressor [.snappy]
[2022-04-05 23:59:54,720] {spark_submit.py:488} INFO - 22/04/05 23:59:54 INFO CodecPool: Got brand-new compressor [.snappy]
[2022-04-05 23:59:54,723] {spark_submit.py:488} INFO - 22/04/05 23:59:54 INFO CodecPool: Got brand-new compressor [.snappy]
[2022-04-05 23:59:54,724] {spark_submit.py:488} INFO - 22/04/05 23:59:54 INFO CodecPool: Got brand-new compressor [.snappy]
[2022-04-06 00:00:33,161] {spark_submit.py:488} INFO - 22/04/06 00:00:33 INFO GoogleCloudStorageImpl: Ignoring exception of type GoogleJsonResponseException; verified object already exists with desired state.
[2022-04-06 00:00:33,192] {spark_submit.py:488} INFO - 22/04/06 00:00:33 INFO GoogleCloudStorageImpl: Ignoring exception of type GoogleJsonResponseException; verified object already exists with desired state.
[2022-04-06 00:00:33,192] {spark_submit.py:488} INFO - 22/04/06 00:00:33 INFO GoogleCloudStorageImpl: Ignoring exception of type GoogleJsonResponseException; verified object already exists with desired state.
[2022-04-06 00:00:33,193] {spark_submit.py:488} INFO - 22/04/06 00:00:33 INFO GoogleCloudStorageFileSystem: Successfully repaired 'gs://dtc_data_lake_de-stack-overflow/BigQuery/posts_questions-2012-05/_temporary/0/_temporary/' directory.
[2022-04-06 00:00:33,193] {spark_submit.py:488} INFO - 22/04/06 00:00:33 INFO FileOutputCommitter: Saved output of task 'attempt_202204052359507838179245140262750_0003_m_000003_8' to gs://dtc_data_lake_de-stack-overflow/BigQuery/posts_questions-2012-05/_temporary/0/task_202204052359507838179245140262750_0003_m_000003
[2022-04-06 00:00:33,194] {spark_submit.py:488} INFO - 22/04/06 00:00:33 INFO SparkHadoopMapRedUtil: attempt_202204052359507838179245140262750_0003_m_000003_8: Committed
[2022-04-06 00:00:33,196] {spark_submit.py:488} INFO - 22/04/06 00:00:33 INFO GoogleCloudStorageFileSystem: Successfully repaired 'gs://dtc_data_lake_de-stack-overflow/BigQuery/posts_questions-2012-05/_temporary/0/_temporary/' directory.
[2022-04-06 00:00:33,196] {spark_submit.py:488} INFO - 22/04/06 00:00:33 INFO FileOutputCommitter: Saved output of task 'attempt_202204052359501379933235358693135_0003_m_000002_7' to gs://dtc_data_lake_de-stack-overflow/BigQuery/posts_questions-2012-05/_temporary/0/task_202204052359501379933235358693135_0003_m_000002
[2022-04-06 00:00:33,204] {spark_submit.py:488} INFO - 22/04/06 00:00:33 INFO GoogleCloudStorageFileSystem: Successfully repaired 'gs://dtc_data_lake_de-stack-overflow/BigQuery/posts_questions-2012-05/_temporary/0/_temporary/' directory.
[2022-04-06 00:00:33,205] {spark_submit.py:488} INFO - 22/04/06 00:00:33 INFO FileOutputCommitter: Saved output of task 'attempt_202204052359507973449180184068816_0003_m_000000_5' to gs://dtc_data_lake_de-stack-overflow/BigQuery/posts_questions-2012-05/_temporary/0/task_202204052359507973449180184068816_0003_m_000000
[2022-04-06 00:00:33,240] {spark_submit.py:488} INFO - 22/04/06 00:00:33 INFO GoogleCloudStorageFileSystem: Successfully repaired 'gs://dtc_data_lake_de-stack-overflow/BigQuery/posts_questions-2012-05/_temporary/0/_temporary/' directory.
[2022-04-06 00:00:33,240] {spark_submit.py:488} INFO - 22/04/06 00:00:33 INFO SparkHadoopMapRedUtil: attempt_202204052359507973449180184068816_0003_m_000000_5: Committed
[2022-04-06 00:00:33,240] {spark_submit.py:488} INFO - 22/04/06 00:00:33 INFO FileOutputCommitter: Saved output of task 'attempt_202204052359506597462814192915835_0003_m_000001_6' to gs://dtc_data_lake_de-stack-overflow/BigQuery/posts_questions-2012-05/_temporary/0/task_202204052359506597462814192915835_0003_m_000001
[2022-04-06 00:00:33,240] {spark_submit.py:488} INFO - 22/04/06 00:00:33 INFO SparkHadoopMapRedUtil: attempt_202204052359501379933235358693135_0003_m_000002_7: Committed
[2022-04-06 00:00:33,241] {spark_submit.py:488} INFO - 22/04/06 00:00:33 INFO SparkHadoopMapRedUtil: attempt_202204052359506597462814192915835_0003_m_000001_6: Committed
[2022-04-06 00:00:33,276] {spark_submit.py:488} INFO - 22/04/06 00:00:33 INFO Executor: Finished task 2.0 in stage 3.0 (TID 7). 3526 bytes result sent to driver
[2022-04-06 00:00:33,278] {spark_submit.py:488} INFO - 22/04/06 00:00:33 INFO Executor: Finished task 0.0 in stage 3.0 (TID 5). 3526 bytes result sent to driver
[2022-04-06 00:00:33,281] {spark_submit.py:488} INFO - 22/04/06 00:00:33 INFO TaskSetManager: Finished task 2.0 in stage 3.0 (TID 7) in 41659 ms on 9fe4286b2855 (executor driver) (1/4)
[2022-04-06 00:00:33,292] {spark_submit.py:488} INFO - 22/04/06 00:00:33 INFO TaskSetManager: Finished task 0.0 in stage 3.0 (TID 5) in 41677 ms on 9fe4286b2855 (executor driver) (2/4)
[2022-04-06 00:00:33,295] {spark_submit.py:488} INFO - 22/04/06 00:00:33 INFO Executor: Finished task 1.0 in stage 3.0 (TID 6). 3526 bytes result sent to driver
[2022-04-06 00:00:33,299] {spark_submit.py:488} INFO - 22/04/06 00:00:33 INFO Executor: Finished task 3.0 in stage 3.0 (TID 8). 3526 bytes result sent to driver
[2022-04-06 00:00:33,299] {spark_submit.py:488} INFO - 22/04/06 00:00:33 INFO TaskSetManager: Finished task 1.0 in stage 3.0 (TID 6) in 41679 ms on 9fe4286b2855 (executor driver) (3/4)
[2022-04-06 00:00:33,299] {spark_submit.py:488} INFO - 22/04/06 00:00:33 INFO TaskSetManager: Finished task 3.0 in stage 3.0 (TID 8) in 41676 ms on 9fe4286b2855 (executor driver) (4/4)
[2022-04-06 00:00:33,299] {spark_submit.py:488} INFO - 22/04/06 00:00:33 INFO TaskSchedulerImpl: Removed TaskSet 3.0, whose tasks have all completed, from pool
[2022-04-06 00:00:33,304] {spark_submit.py:488} INFO - 22/04/06 00:00:33 INFO DAGScheduler: ResultStage 3 (save at NativeMethodAccessorImpl.java:0) finished in 42.450 s
[2022-04-06 00:00:33,305] {spark_submit.py:488} INFO - 22/04/06 00:00:33 INFO DAGScheduler: Job 2 is finished. Cancelling potential speculative or zombie tasks for this job
[2022-04-06 00:00:33,305] {spark_submit.py:488} INFO - 22/04/06 00:00:33 INFO TaskSchedulerImpl: Killing all running tasks in stage 3: Stage finished
[2022-04-06 00:00:33,309] {spark_submit.py:488} INFO - 22/04/06 00:00:33 INFO DAGScheduler: Job 2 finished: save at NativeMethodAccessorImpl.java:0, took 42.524274 s
[2022-04-06 00:00:33,314] {spark_submit.py:488} INFO - 22/04/06 00:00:33 INFO FileFormatWriter: Start to commit write Job 83400edb-0b53-418b-aa45-b458fcc69a8d.
[2022-04-06 00:00:34,063] {spark_submit.py:488} INFO - 22/04/06 00:00:34 INFO GoogleCloudStorageFileSystem: Successfully repaired 'gs://dtc_data_lake_de-stack-overflow/BigQuery/posts_questions-2012-05/_temporary/0/task_202204052359501379933235358693135_0003_m_000002/' directory.
[2022-04-06 00:00:34,460] {spark_submit.py:488} INFO - 22/04/06 00:00:34 INFO GoogleCloudStorageFileSystem: Successfully repaired 'gs://dtc_data_lake_de-stack-overflow/BigQuery/posts_questions-2012-05/_temporary/0/task_202204052359506597462814192915835_0003_m_000001/' directory.
[2022-04-06 00:00:35,128] {spark_submit.py:488} INFO - 22/04/06 00:00:35 INFO GoogleCloudStorageFileSystem: Successfully repaired 'gs://dtc_data_lake_de-stack-overflow/BigQuery/posts_questions-2012-05/_temporary/0/task_202204052359507838179245140262750_0003_m_000003/' directory.
[2022-04-06 00:00:35,476] {spark_submit.py:488} INFO - 22/04/06 00:00:35 INFO GoogleCloudStorageFileSystem: Successfully repaired 'gs://dtc_data_lake_de-stack-overflow/BigQuery/posts_questions-2012-05/_temporary/0/task_202204052359507973449180184068816_0003_m_000000/' directory.
[2022-04-06 00:00:36,025] {spark_submit.py:488} INFO - 22/04/06 00:00:36 INFO GoogleCloudStorageFileSystem: Successfully repaired 'gs://dtc_data_lake_de-stack-overflow/BigQuery/posts_questions-2012-05/' directory.
[2022-04-06 00:00:38,358] {spark_submit.py:488} INFO - 22/04/06 00:00:38 INFO FileFormatWriter: Write Job 83400edb-0b53-418b-aa45-b458fcc69a8d committed. Elapsed time: 5042 ms.
[2022-04-06 00:00:38,490] {spark_submit.py:488} INFO - 22/04/06 00:00:38 INFO FileFormatWriter: Finished processing stats for write job 83400edb-0b53-418b-aa45-b458fcc69a8d.
[2022-04-06 00:00:39,951] {spark_submit.py:488} INFO - 22/04/06 00:00:39 INFO SparkContext: Invoking stop() from shutdown hook
[2022-04-06 00:00:40,217] {spark_submit.py:488} INFO - 22/04/06 00:00:40 INFO SparkUI: Stopped Spark web UI at http://9fe4286b2855:4048
[2022-04-06 00:00:40,429] {spark_submit.py:488} INFO - 22/04/06 00:00:40 INFO MapOutputTrackerMasterEndpoint: MapOutputTrackerMasterEndpoint stopped!
[2022-04-06 00:00:41,270] {spark_submit.py:488} INFO - 22/04/06 00:00:41 INFO MemoryStore: MemoryStore cleared
[2022-04-06 00:00:41,271] {spark_submit.py:488} INFO - 22/04/06 00:00:41 INFO BlockManager: BlockManager stopped
[2022-04-06 00:00:41,279] {spark_submit.py:488} INFO - 22/04/06 00:00:41 INFO BlockManagerMaster: BlockManagerMaster stopped
[2022-04-06 00:00:41,295] {spark_submit.py:488} INFO - 22/04/06 00:00:41 INFO OutputCommitCoordinator$OutputCommitCoordinatorEndpoint: OutputCommitCoordinator stopped!
[2022-04-06 00:00:41,462] {spark_submit.py:488} INFO - 22/04/06 00:00:41 INFO SparkContext: Successfully stopped SparkContext
[2022-04-06 00:00:41,462] {spark_submit.py:488} INFO - 22/04/06 00:00:41 INFO ShutdownHookManager: Shutdown hook called
[2022-04-06 00:00:41,464] {spark_submit.py:488} INFO - 22/04/06 00:00:41 INFO ShutdownHookManager: Deleting directory /tmp/spark-33a5b154-67d9-42d0-b5be-d8886f1333c5
[2022-04-06 00:00:41,530] {spark_submit.py:488} INFO - 22/04/06 00:00:41 INFO ShutdownHookManager: Deleting directory /tmp/spark-9af07f5a-8843-4400-81ef-c4be482ae068
[2022-04-06 00:00:41,558] {spark_submit.py:488} INFO - 22/04/06 00:00:41 INFO ShutdownHookManager: Deleting directory /tmp/spark-33a5b154-67d9-42d0-b5be-d8886f1333c5/pyspark-d65a97dc-6dff-4d84-9833-5041626083d8
[2022-04-06 00:00:43,930] {taskinstance.py:1288} INFO - Marking task as SUCCESS. dag_id=IngestToGCP, task_id=processing_tasks_posts_questions.spark_job, execution_date=20120501T000000, start_date=20220405T235457, end_date=20220406T000043
[2022-04-06 00:00:44,519] {local_task_job.py:154} INFO - Task exited with return code 0
[2022-04-06 00:00:45,096] {local_task_job.py:264} INFO - 1 downstream tasks scheduled from follow-on schedule check
