[2022-04-06 02:52:24,542] {taskinstance.py:1043} INFO - Dependencies all met for <TaskInstance: IngestToGCP.processing_tasks_posts_questions.format_to_parquet_posts_questions scheduled__2019-02-01T00:00:00+00:00 [queued]>
[2022-04-06 02:52:24,704] {taskinstance.py:1043} INFO - Dependencies all met for <TaskInstance: IngestToGCP.processing_tasks_posts_questions.format_to_parquet_posts_questions scheduled__2019-02-01T00:00:00+00:00 [queued]>
[2022-04-06 02:52:24,704] {taskinstance.py:1249} INFO - 
--------------------------------------------------------------------------------
[2022-04-06 02:52:24,704] {taskinstance.py:1250} INFO - Starting attempt 1 of 1
[2022-04-06 02:52:24,704] {taskinstance.py:1251} INFO - 
--------------------------------------------------------------------------------
[2022-04-06 02:52:24,920] {taskinstance.py:1270} INFO - Executing <Task(PythonOperator): processing_tasks_posts_questions.format_to_parquet_posts_questions> on 2019-02-01 00:00:00+00:00
[2022-04-06 02:52:24,991] {standard_task_runner.py:52} INFO - Started process 191194 to run task
[2022-04-06 02:52:25,082] {standard_task_runner.py:79} INFO - Running: ['***', 'tasks', 'run', 'IngestToGCP', 'processing_tasks_posts_questions.format_to_parquet_posts_questions', 'scheduled__2019-02-01T00:00:00+00:00', '--job-id', '11384', '--raw', '--subdir', 'DAGS_FOLDER/ingest_dag.py', '--cfg-path', '/tmp/tmpkjrju99b', '--error-file', '/tmp/tmpw9oqdwrj']
[2022-04-06 02:52:25,083] {standard_task_runner.py:80} INFO - Job 11384: Subtask processing_tasks_posts_questions.format_to_parquet_posts_questions
[2022-04-06 02:52:25,843] {logging_mixin.py:109} INFO - Running <TaskInstance: IngestToGCP.processing_tasks_posts_questions.format_to_parquet_posts_questions scheduled__2019-02-01T00:00:00+00:00 [running]> on host 9fe4286b2855
[2022-04-06 02:52:26,531] {logging_mixin.py:109} WARNING - /home/***/.local/lib/python3.7/site-packages/***/utils/context.py:156 AirflowContextDeprecationWarning: Accessing 'execution_date' from the template is deprecated and will be removed in a future version. Please use 'data_interval_start' or 'logical_date' instead.
[2022-04-06 02:52:26,758] {taskinstance.py:1448} INFO - Exporting the following env vars:
AIRFLOW_CTX_DAG_OWNER=***
AIRFLOW_CTX_DAG_ID=IngestToGCP
AIRFLOW_CTX_TASK_ID=processing_tasks_posts_questions.format_to_parquet_posts_questions
AIRFLOW_CTX_EXECUTION_DATE=2019-02-01T00:00:00+00:00
AIRFLOW_CTX_DAG_RUN_ID=scheduled__2019-02-01T00:00:00+00:00
[2022-04-06 02:53:55,156] {python.py:175} INFO - Done. Returned value was: None
[2022-04-06 02:53:55,257] {taskinstance.py:1288} INFO - Marking task as SUCCESS. dag_id=IngestToGCP, task_id=processing_tasks_posts_questions.format_to_parquet_posts_questions, execution_date=20190201T000000, start_date=20220406T025224, end_date=20220406T025355
[2022-04-06 02:53:55,705] {local_task_job.py:154} INFO - Task exited with return code 0
[2022-04-06 02:53:56,151] {local_task_job.py:264} INFO - 1 downstream tasks scheduled from follow-on schedule check
