[2022-04-07 19:07:51,620] {taskinstance.py:1043} INFO - Dependencies all met for <TaskInstance: load_to_BigQuery.create_external_posts_questions.create_posts_questions_stack_overflow_data_external_table scheduled__2009-05-01T00:00:00+00:00 [queued]>
[2022-04-07 19:07:51,768] {taskinstance.py:1043} INFO - Dependencies all met for <TaskInstance: load_to_BigQuery.create_external_posts_questions.create_posts_questions_stack_overflow_data_external_table scheduled__2009-05-01T00:00:00+00:00 [queued]>
[2022-04-07 19:07:51,768] {taskinstance.py:1249} INFO - 
--------------------------------------------------------------------------------
[2022-04-07 19:07:51,768] {taskinstance.py:1250} INFO - Starting attempt 1 of 1
[2022-04-07 19:07:51,768] {taskinstance.py:1251} INFO - 
--------------------------------------------------------------------------------
[2022-04-07 19:07:52,760] {taskinstance.py:1270} INFO - Executing <Task(BigQueryCreateExternalTableOperator): create_external_posts_questions.create_posts_questions_stack_overflow_data_external_table> on 2009-05-01 00:00:00+00:00
[2022-04-07 19:07:52,797] {standard_task_runner.py:52} INFO - Started process 534 to run task
[2022-04-07 19:07:52,859] {standard_task_runner.py:79} INFO - Running: ['***', 'tasks', 'run', 'load_to_BigQuery', 'create_external_posts_questions.create_posts_questions_stack_overflow_data_external_table', 'scheduled__2009-05-01T00:00:00+00:00', '--job-id', '12360', '--raw', '--subdir', 'DAGS_FOLDER/load_to_BigQuery_dag.py', '--cfg-path', '/tmp/tmpdps1rlzv', '--error-file', '/tmp/tmpoq940oz3']
[2022-04-07 19:07:52,882] {standard_task_runner.py:80} INFO - Job 12360: Subtask create_external_posts_questions.create_posts_questions_stack_overflow_data_external_table
[2022-04-07 19:07:53,375] {logging_mixin.py:109} INFO - Running <TaskInstance: load_to_BigQuery.create_external_posts_questions.create_posts_questions_stack_overflow_data_external_table scheduled__2009-05-01T00:00:00+00:00 [running]> on host cb70d71707b7
[2022-04-07 19:07:54,037] {taskinstance.py:1448} INFO - Exporting the following env vars:
AIRFLOW_CTX_DAG_OWNER=***
AIRFLOW_CTX_DAG_ID=load_to_BigQuery
AIRFLOW_CTX_TASK_ID=create_external_posts_questions.create_posts_questions_stack_overflow_data_external_table
AIRFLOW_CTX_EXECUTION_DATE=2009-05-01T00:00:00+00:00
AIRFLOW_CTX_DAG_RUN_ID=scheduled__2009-05-01T00:00:00+00:00
[2022-04-07 19:07:54,039] {crypto.py:82} WARNING - empty cryptography key - values will not be stored encrypted.
[2022-04-07 19:07:54,347] {taskinstance.py:1774} ERROR - Task failed with exception
Traceback (most recent call last):
  File "/home/airflow/.local/lib/python3.7/site-packages/airflow/providers/google/cloud/operators/bigquery.py", line 1135, in execute
    table_resource=self.table_resource,
  File "/home/airflow/.local/lib/python3.7/site-packages/airflow/providers/google/common/hooks/base_google.py", line 439, in inner_wrapper
    return func(self, *args, **kwargs)
  File "/home/airflow/.local/lib/python3.7/site-packages/airflow/providers/google/cloud/hooks/bigquery.py", line 414, in create_empty_table
    table=table, exists_ok=exists_ok, retry=retry
  File "/home/airflow/.local/lib/python3.7/site-packages/google/cloud/bigquery/client.py", line 755, in create_table
    timeout=timeout,
  File "/home/airflow/.local/lib/python3.7/site-packages/google/cloud/bigquery/client.py", line 782, in _call_api
    return call()
  File "/home/airflow/.local/lib/python3.7/site-packages/google/api_core/retry.py", line 291, in retry_wrapped_func
    on_error=on_error,
  File "/home/airflow/.local/lib/python3.7/site-packages/google/api_core/retry.py", line 189, in retry_target
    return target()
  File "/home/airflow/.local/lib/python3.7/site-packages/google/cloud/_http.py", line 484, in api_request
    raise exceptions.from_http_response(response)
google.api_core.exceptions.BadRequest: 400 POST https://bigquery.googleapis.com/bigquery/v2/projects/DE-stack-overflow/datasets/stack_overflow_data/tables?prettyPrint=false: Invalid resource name projects/DE-stack-overflow; Project id: DE-stack-overflow
[2022-04-07 19:07:54,442] {taskinstance.py:1288} INFO - Marking task as FAILED. dag_id=load_to_BigQuery, task_id=create_external_posts_questions.create_posts_questions_stack_overflow_data_external_table, execution_date=20090501T000000, start_date=20220407T190751, end_date=20220407T190754
[2022-04-07 19:07:54,545] {standard_task_runner.py:98} ERROR - Failed to execute job 12360 for task create_external_posts_questions.create_posts_questions_stack_overflow_data_external_table (400 POST https://bigquery.googleapis.com/bigquery/v2/projects/DE-stack-overflow/datasets/stack_overflow_data/tables?prettyPrint=false: Invalid resource name projects/DE-stack-overflow; Project id: DE-stack-overflow; 534)
[2022-04-07 19:07:54,630] {local_task_job.py:154} INFO - Task exited with return code 1
[2022-04-07 19:07:54,862] {local_task_job.py:264} INFO - 0 downstream tasks scheduled from follow-on schedule check
[2022-04-07 22:07:26,389] {taskinstance.py:1043} INFO - Dependencies all met for <TaskInstance: load_to_BigQuery.create_external_posts_questions.create_posts_questions_stack_overflow_data_external_table scheduled__2009-05-01T00:00:00+00:00 [queued]>
[2022-04-07 22:07:26,465] {taskinstance.py:1043} INFO - Dependencies all met for <TaskInstance: load_to_BigQuery.create_external_posts_questions.create_posts_questions_stack_overflow_data_external_table scheduled__2009-05-01T00:00:00+00:00 [queued]>
[2022-04-07 22:07:26,467] {taskinstance.py:1249} INFO - 
--------------------------------------------------------------------------------
[2022-04-07 22:07:26,467] {taskinstance.py:1250} INFO - Starting attempt 1 of 1
[2022-04-07 22:07:26,467] {taskinstance.py:1251} INFO - 
--------------------------------------------------------------------------------
[2022-04-07 22:07:27,389] {taskinstance.py:1270} INFO - Executing <Task(BigQueryCreateExternalTableOperator): create_external_posts_questions.create_posts_questions_stack_overflow_data_external_table> on 2009-05-01 00:00:00+00:00
[2022-04-07 22:07:27,421] {standard_task_runner.py:52} INFO - Started process 1022 to run task
[2022-04-07 22:07:27,471] {standard_task_runner.py:79} INFO - Running: ['***', 'tasks', 'run', 'load_to_BigQuery', 'create_external_posts_questions.create_posts_questions_stack_overflow_data_external_table', 'scheduled__2009-05-01T00:00:00+00:00', '--job-id', '13376', '--raw', '--subdir', 'DAGS_FOLDER/load_to_BigQuery_dag.py', '--cfg-path', '/tmp/tmp_z77_uqg', '--error-file', '/tmp/tmp2i7r4o6k']
[2022-04-07 22:07:27,484] {standard_task_runner.py:80} INFO - Job 13376: Subtask create_external_posts_questions.create_posts_questions_stack_overflow_data_external_table
[2022-04-07 22:07:27,933] {logging_mixin.py:109} INFO - Running <TaskInstance: load_to_BigQuery.create_external_posts_questions.create_posts_questions_stack_overflow_data_external_table scheduled__2009-05-01T00:00:00+00:00 [running]> on host 36107d30f64e
[2022-04-07 22:07:28,358] {logging_mixin.py:109} WARNING - /home/***/.local/lib/python3.7/site-packages/***/utils/context.py:156 AirflowContextDeprecationWarning: Accessing 'execution_date' from the template is deprecated and will be removed in a future version. Please use 'data_interval_start' or 'logical_date' instead.
[2022-04-07 22:07:28,431] {taskinstance.py:1448} INFO - Exporting the following env vars:
AIRFLOW_CTX_DAG_OWNER=***
AIRFLOW_CTX_DAG_ID=load_to_BigQuery
AIRFLOW_CTX_TASK_ID=create_external_posts_questions.create_posts_questions_stack_overflow_data_external_table
AIRFLOW_CTX_EXECUTION_DATE=2009-05-01T00:00:00+00:00
AIRFLOW_CTX_DAG_RUN_ID=scheduled__2009-05-01T00:00:00+00:00
[2022-04-07 22:07:28,434] {crypto.py:82} WARNING - empty cryptography key - values will not be stored encrypted.
[2022-04-07 22:07:29,114] {taskinstance.py:1288} INFO - Marking task as SUCCESS. dag_id=load_to_BigQuery, task_id=create_external_posts_questions.create_posts_questions_stack_overflow_data_external_table, execution_date=20090501T000000, start_date=20220407T220726, end_date=20220407T220729
[2022-04-07 22:07:29,339] {local_task_job.py:154} INFO - Task exited with return code 0
[2022-04-07 22:07:29,682] {local_task_job.py:264} INFO - 1 downstream tasks scheduled from follow-on schedule check
