[2022-04-07 19:48:53,246] {taskinstance.py:1043} INFO - Dependencies all met for <TaskInstance: load_to_BigQuery.create_external_badges.bq_create_badges_stack_overflow_data_partitioned_table_task scheduled__2012-11-01T00:00:00+00:00 [queued]>
[2022-04-07 19:48:53,509] {taskinstance.py:1043} INFO - Dependencies all met for <TaskInstance: load_to_BigQuery.create_external_badges.bq_create_badges_stack_overflow_data_partitioned_table_task scheduled__2012-11-01T00:00:00+00:00 [queued]>
[2022-04-07 19:48:53,509] {taskinstance.py:1249} INFO - 
--------------------------------------------------------------------------------
[2022-04-07 19:48:53,509] {taskinstance.py:1250} INFO - Starting attempt 1 of 1
[2022-04-07 19:48:53,509] {taskinstance.py:1251} INFO - 
--------------------------------------------------------------------------------
[2022-04-07 19:48:54,640] {taskinstance.py:1270} INFO - Executing <Task(BigQueryInsertJobOperator): create_external_badges.bq_create_badges_stack_overflow_data_partitioned_table_task> on 2012-11-01 00:00:00+00:00
[2022-04-07 19:48:54,785] {standard_task_runner.py:79} INFO - Running: ['***', 'tasks', 'run', 'load_to_BigQuery', 'create_external_badges.bq_create_badges_stack_overflow_data_partitioned_table_task', 'scheduled__2012-11-01T00:00:00+00:00', '--job-id', '13269', '--raw', '--subdir', 'DAGS_FOLDER/load_to_BigQuery_dag.py', '--cfg-path', '/tmp/tmpz_xq459d', '--error-file', '/tmp/tmp0tc7t6nj']
[2022-04-07 19:48:54,792] {standard_task_runner.py:80} INFO - Job 13269: Subtask create_external_badges.bq_create_badges_stack_overflow_data_partitioned_table_task
[2022-04-07 19:48:54,767] {standard_task_runner.py:52} INFO - Started process 7613 to run task
[2022-04-07 19:48:55,369] {logging_mixin.py:109} INFO - Running <TaskInstance: load_to_BigQuery.create_external_badges.bq_create_badges_stack_overflow_data_partitioned_table_task scheduled__2012-11-01T00:00:00+00:00 [running]> on host 2c54f2187010
[2022-04-07 19:48:55,749] {taskinstance.py:1448} INFO - Exporting the following env vars:
AIRFLOW_CTX_DAG_OWNER=***
AIRFLOW_CTX_DAG_ID=load_to_BigQuery
AIRFLOW_CTX_TASK_ID=create_external_badges.bq_create_badges_stack_overflow_data_partitioned_table_task
AIRFLOW_CTX_EXECUTION_DATE=2012-11-01T00:00:00+00:00
AIRFLOW_CTX_DAG_RUN_ID=scheduled__2012-11-01T00:00:00+00:00
[2022-04-07 19:48:55,751] {crypto.py:82} WARNING - empty cryptography key - values will not be stored encrypted.
[2022-04-07 19:48:55,805] {logging_mixin.py:109} WARNING - /home/***/.local/lib/python3.7/site-packages/***/utils/context.py:156 AirflowContextDeprecationWarning: Accessing 'execution_date' from the template is deprecated and will be removed in a future version. Please use 'data_interval_start' or 'logical_date' instead.
[2022-04-07 19:48:55,892] {bigquery.py:1554} INFO - Inserting job ***_load_to_BigQuery_create_external_badges_bq_create_badges_stack_overflow_data_partitioned_table_task_2012_11_01T00_00_00_00_00_e27cc802cd47d40827e899fe558e68b3
[2022-04-07 19:48:58,474] {taskinstance.py:1288} INFO - Marking task as SUCCESS. dag_id=load_to_BigQuery, task_id=create_external_badges.bq_create_badges_stack_overflow_data_partitioned_table_task, execution_date=20121101T000000, start_date=20220407T194853, end_date=20220407T194858
[2022-04-07 19:48:58,665] {local_task_job.py:154} INFO - Task exited with return code 0
[2022-04-07 19:48:58,804] {local_task_job.py:264} INFO - 0 downstream tasks scheduled from follow-on schedule check
[2022-04-07 22:12:23,038] {taskinstance.py:1043} INFO - Dependencies all met for <TaskInstance: load_to_BigQuery.create_external_badges.bq_create_badges_stack_overflow_data_partitioned_table_task scheduled__2012-11-01T00:00:00+00:00 [queued]>
[2022-04-07 22:12:23,080] {taskinstance.py:1043} INFO - Dependencies all met for <TaskInstance: load_to_BigQuery.create_external_badges.bq_create_badges_stack_overflow_data_partitioned_table_task scheduled__2012-11-01T00:00:00+00:00 [queued]>
[2022-04-07 22:12:23,080] {taskinstance.py:1249} INFO - 
--------------------------------------------------------------------------------
[2022-04-07 22:12:23,081] {taskinstance.py:1250} INFO - Starting attempt 1 of 1
[2022-04-07 22:12:23,081] {taskinstance.py:1251} INFO - 
--------------------------------------------------------------------------------
[2022-04-07 22:12:23,524] {taskinstance.py:1270} INFO - Executing <Task(BigQueryInsertJobOperator): create_external_badges.bq_create_badges_stack_overflow_data_partitioned_table_task> on 2012-11-01 00:00:00+00:00
[2022-04-07 22:12:23,563] {standard_task_runner.py:52} INFO - Started process 3396 to run task
[2022-04-07 22:12:23,588] {standard_task_runner.py:79} INFO - Running: ['***', 'tasks', 'run', 'load_to_BigQuery', 'create_external_badges.bq_create_badges_stack_overflow_data_partitioned_table_task', 'scheduled__2012-11-01T00:00:00+00:00', '--job-id', '13734', '--raw', '--subdir', 'DAGS_FOLDER/load_to_BigQuery_dag.py', '--cfg-path', '/tmp/tmpvz95z4nl', '--error-file', '/tmp/tmpzpi66z1r']
[2022-04-07 22:12:23,591] {standard_task_runner.py:80} INFO - Job 13734: Subtask create_external_badges.bq_create_badges_stack_overflow_data_partitioned_table_task
[2022-04-07 22:12:23,848] {logging_mixin.py:109} INFO - Running <TaskInstance: load_to_BigQuery.create_external_badges.bq_create_badges_stack_overflow_data_partitioned_table_task scheduled__2012-11-01T00:00:00+00:00 [running]> on host 36107d30f64e
[2022-04-07 22:12:24,173] {taskinstance.py:1448} INFO - Exporting the following env vars:
AIRFLOW_CTX_DAG_OWNER=***
AIRFLOW_CTX_DAG_ID=load_to_BigQuery
AIRFLOW_CTX_TASK_ID=create_external_badges.bq_create_badges_stack_overflow_data_partitioned_table_task
AIRFLOW_CTX_EXECUTION_DATE=2012-11-01T00:00:00+00:00
AIRFLOW_CTX_DAG_RUN_ID=scheduled__2012-11-01T00:00:00+00:00
[2022-04-07 22:12:24,177] {crypto.py:82} WARNING - empty cryptography key - values will not be stored encrypted.
[2022-04-07 22:12:24,190] {logging_mixin.py:109} WARNING - /home/***/.local/lib/python3.7/site-packages/***/utils/context.py:156 AirflowContextDeprecationWarning: Accessing 'execution_date' from the template is deprecated and will be removed in a future version. Please use 'data_interval_start' or 'logical_date' instead.
[2022-04-07 22:12:24,205] {bigquery.py:1554} INFO - Inserting job ***_load_to_BigQuery_create_external_badges_bq_create_badges_stack_overflow_data_partitioned_table_task_2012_11_01T00_00_00_00_00_af0b6b5fc25122f3c3ff0829a2de5798
[2022-04-07 22:12:26,809] {taskinstance.py:1288} INFO - Marking task as SUCCESS. dag_id=load_to_BigQuery, task_id=create_external_badges.bq_create_badges_stack_overflow_data_partitioned_table_task, execution_date=20121101T000000, start_date=20220407T221223, end_date=20220407T221226
[2022-04-07 22:12:26,866] {local_task_job.py:154} INFO - Task exited with return code 0
[2022-04-07 22:12:26,903] {local_task_job.py:264} INFO - 0 downstream tasks scheduled from follow-on schedule check
