[2022-04-06 03:53:32,875] {taskinstance.py:1043} INFO - Dependencies all met for <TaskInstance: IngestToGCP.processing_tasks_posts_questions.ingest_posts_questions_to_bucket scheduled__2021-05-01T00:00:00+00:00 [queued]>
[2022-04-06 03:53:33,072] {taskinstance.py:1043} INFO - Dependencies all met for <TaskInstance: IngestToGCP.processing_tasks_posts_questions.ingest_posts_questions_to_bucket scheduled__2021-05-01T00:00:00+00:00 [queued]>
[2022-04-06 03:53:33,072] {taskinstance.py:1249} INFO - 
--------------------------------------------------------------------------------
[2022-04-06 03:53:33,072] {taskinstance.py:1250} INFO - Starting attempt 1 of 1
[2022-04-06 03:53:33,072] {taskinstance.py:1251} INFO - 
--------------------------------------------------------------------------------
[2022-04-06 03:53:33,230] {taskinstance.py:1270} INFO - Executing <Task(PythonOperator): processing_tasks_posts_questions.ingest_posts_questions_to_bucket> on 2021-05-01 00:00:00+00:00
[2022-04-06 03:53:33,305] {standard_task_runner.py:52} INFO - Started process 233375 to run task
[2022-04-06 03:53:33,335] {standard_task_runner.py:79} INFO - Running: ['***', 'tasks', 'run', 'IngestToGCP', 'processing_tasks_posts_questions.ingest_posts_questions_to_bucket', 'scheduled__2021-05-01T00:00:00+00:00', '--job-id', '12051', '--raw', '--subdir', 'DAGS_FOLDER/ingest_dag.py', '--cfg-path', '/tmp/tmpc5xqbs_g', '--error-file', '/tmp/tmpo2kxtyyj']
[2022-04-06 03:53:33,378] {standard_task_runner.py:80} INFO - Job 12051: Subtask processing_tasks_posts_questions.ingest_posts_questions_to_bucket
[2022-04-06 03:53:34,186] {logging_mixin.py:109} INFO - Running <TaskInstance: IngestToGCP.processing_tasks_posts_questions.ingest_posts_questions_to_bucket scheduled__2021-05-01T00:00:00+00:00 [running]> on host 9fe4286b2855
[2022-04-06 03:53:35,358] {logging_mixin.py:109} WARNING - /home/***/.local/lib/python3.7/site-packages/***/utils/context.py:156 AirflowContextDeprecationWarning: Accessing 'execution_date' from the template is deprecated and will be removed in a future version. Please use 'data_interval_start' or 'logical_date' instead.
[2022-04-06 03:53:35,963] {taskinstance.py:1448} INFO - Exporting the following env vars:
AIRFLOW_CTX_DAG_OWNER=***
AIRFLOW_CTX_DAG_ID=IngestToGCP
AIRFLOW_CTX_TASK_ID=processing_tasks_posts_questions.ingest_posts_questions_to_bucket
AIRFLOW_CTX_EXECUTION_DATE=2021-05-01T00:00:00+00:00
AIRFLOW_CTX_DAG_RUN_ID=scheduled__2021-05-01T00:00:00+00:00
[2022-04-06 03:53:37,443] {python.py:175} INFO - Done. Returned value was: None
[2022-04-06 03:53:37,594] {taskinstance.py:1288} INFO - Marking task as SUCCESS. dag_id=IngestToGCP, task_id=processing_tasks_posts_questions.ingest_posts_questions_to_bucket, execution_date=20210501T000000, start_date=20220406T035332, end_date=20220406T035337
[2022-04-06 03:53:37,868] {local_task_job.py:154} INFO - Task exited with return code 0
[2022-04-06 03:53:38,270] {local_task_job.py:264} INFO - 1 downstream tasks scheduled from follow-on schedule check
