[2022-04-06 01:16:32,079] {taskinstance.py:1043} INFO - Dependencies all met for <TaskInstance: IngestToGCP.processing_tasks_badges.format_to_parquet_badges scheduled__2015-07-01T00:00:00+00:00 [queued]>
[2022-04-06 01:16:32,252] {taskinstance.py:1043} INFO - Dependencies all met for <TaskInstance: IngestToGCP.processing_tasks_badges.format_to_parquet_badges scheduled__2015-07-01T00:00:00+00:00 [queued]>
[2022-04-06 01:16:32,252] {taskinstance.py:1249} INFO - 
--------------------------------------------------------------------------------
[2022-04-06 01:16:32,253] {taskinstance.py:1250} INFO - Starting attempt 1 of 1
[2022-04-06 01:16:32,253] {taskinstance.py:1251} INFO - 
--------------------------------------------------------------------------------
[2022-04-06 01:16:32,482] {taskinstance.py:1270} INFO - Executing <Task(PythonOperator): processing_tasks_badges.format_to_parquet_badges> on 2015-07-01 00:00:00+00:00
[2022-04-06 01:16:32,550] {standard_task_runner.py:52} INFO - Started process 126127 to run task
[2022-04-06 01:16:32,672] {standard_task_runner.py:79} INFO - Running: ['***', 'tasks', 'run', 'IngestToGCP', 'processing_tasks_badges.format_to_parquet_badges', 'scheduled__2015-07-01T00:00:00+00:00', '--job-id', '10362', '--raw', '--subdir', 'DAGS_FOLDER/ingest_dag.py', '--cfg-path', '/tmp/tmp96snjpvc', '--error-file', '/tmp/tmp9abdyo85']
[2022-04-06 01:16:32,680] {standard_task_runner.py:80} INFO - Job 10362: Subtask processing_tasks_badges.format_to_parquet_badges
[2022-04-06 01:16:33,979] {logging_mixin.py:109} INFO - Running <TaskInstance: IngestToGCP.processing_tasks_badges.format_to_parquet_badges scheduled__2015-07-01T00:00:00+00:00 [running]> on host 9fe4286b2855
[2022-04-06 01:16:34,687] {logging_mixin.py:109} WARNING - /home/***/.local/lib/python3.7/site-packages/***/utils/context.py:156 AirflowContextDeprecationWarning: Accessing 'execution_date' from the template is deprecated and will be removed in a future version. Please use 'data_interval_start' or 'logical_date' instead.
[2022-04-06 01:16:35,460] {taskinstance.py:1448} INFO - Exporting the following env vars:
AIRFLOW_CTX_DAG_OWNER=***
AIRFLOW_CTX_DAG_ID=IngestToGCP
AIRFLOW_CTX_TASK_ID=processing_tasks_badges.format_to_parquet_badges
AIRFLOW_CTX_EXECUTION_DATE=2015-07-01T00:00:00+00:00
AIRFLOW_CTX_DAG_RUN_ID=scheduled__2015-07-01T00:00:00+00:00
[2022-04-06 01:16:44,444] {python.py:175} INFO - Done. Returned value was: None
[2022-04-06 01:16:44,567] {taskinstance.py:1288} INFO - Marking task as SUCCESS. dag_id=IngestToGCP, task_id=processing_tasks_badges.format_to_parquet_badges, execution_date=20150701T000000, start_date=20220406T011632, end_date=20220406T011644
[2022-04-06 01:16:44,945] {local_task_job.py:154} INFO - Task exited with return code 0
[2022-04-06 01:16:45,845] {local_task_job.py:264} INFO - 0 downstream tasks scheduled from follow-on schedule check
