[2022-04-06 03:50:59,849] {taskinstance.py:1043} INFO - Dependencies all met for <TaskInstance: IngestToGCP.processing_tasks_badges.remove_badges_parquet scheduled__2021-02-01T00:00:00+00:00 [queued]>
[2022-04-06 03:51:00,125] {taskinstance.py:1043} INFO - Dependencies all met for <TaskInstance: IngestToGCP.processing_tasks_badges.remove_badges_parquet scheduled__2021-02-01T00:00:00+00:00 [queued]>
[2022-04-06 03:51:00,126] {taskinstance.py:1249} INFO - 
--------------------------------------------------------------------------------
[2022-04-06 03:51:00,126] {taskinstance.py:1250} INFO - Starting attempt 1 of 1
[2022-04-06 03:51:00,126] {taskinstance.py:1251} INFO - 
--------------------------------------------------------------------------------
[2022-04-06 03:51:00,409] {taskinstance.py:1270} INFO - Executing <Task(BashOperator): processing_tasks_badges.remove_badges_parquet> on 2021-02-01 00:00:00+00:00
[2022-04-06 03:51:00,502] {standard_task_runner.py:52} INFO - Started process 231609 to run task
[2022-04-06 03:51:00,647] {standard_task_runner.py:79} INFO - Running: ['***', 'tasks', 'run', 'IngestToGCP', 'processing_tasks_badges.remove_badges_parquet', 'scheduled__2021-02-01T00:00:00+00:00', '--job-id', '12018', '--raw', '--subdir', 'DAGS_FOLDER/ingest_dag.py', '--cfg-path', '/tmp/tmpdj5qjiw2', '--error-file', '/tmp/tmpjmu9gwqv']
[2022-04-06 03:51:00,676] {standard_task_runner.py:80} INFO - Job 12018: Subtask processing_tasks_badges.remove_badges_parquet
[2022-04-06 03:51:01,544] {logging_mixin.py:109} INFO - Running <TaskInstance: IngestToGCP.processing_tasks_badges.remove_badges_parquet scheduled__2021-02-01T00:00:00+00:00 [running]> on host 9fe4286b2855
[2022-04-06 03:51:02,448] {logging_mixin.py:109} WARNING - /home/***/.local/lib/python3.7/site-packages/***/utils/context.py:156 AirflowContextDeprecationWarning: Accessing 'execution_date' from the template is deprecated and will be removed in a future version. Please use 'data_interval_start' or 'logical_date' instead.
[2022-04-06 03:51:02,578] {taskinstance.py:1448} INFO - Exporting the following env vars:
AIRFLOW_CTX_DAG_OWNER=***
AIRFLOW_CTX_DAG_ID=IngestToGCP
AIRFLOW_CTX_TASK_ID=processing_tasks_badges.remove_badges_parquet
AIRFLOW_CTX_EXECUTION_DATE=2021-02-01T00:00:00+00:00
AIRFLOW_CTX_DAG_RUN_ID=scheduled__2021-02-01T00:00:00+00:00
[2022-04-06 03:51:02,579] {subprocess.py:62} INFO - Tmp dir root location: 
 /tmp
[2022-04-06 03:51:02,580] {subprocess.py:74} INFO - Running command: ['bash', '-c', 'rm /opt/***/badges-2021-02.parquet']
[2022-04-06 03:51:02,722] {subprocess.py:85} INFO - Output:
[2022-04-06 03:51:02,837] {subprocess.py:93} INFO - Command exited with return code 0
[2022-04-06 03:51:03,058] {taskinstance.py:1288} INFO - Marking task as SUCCESS. dag_id=IngestToGCP, task_id=processing_tasks_badges.remove_badges_parquet, execution_date=20210201T000000, start_date=20220406T035059, end_date=20220406T035103
[2022-04-06 03:51:03,412] {local_task_job.py:154} INFO - Task exited with return code 0
[2022-04-06 03:51:03,675] {local_task_job.py:264} INFO - 0 downstream tasks scheduled from follow-on schedule check
