[2022-04-07 19:22:40,672] {taskinstance.py:1043} INFO - Dependencies all met for <TaskInstance: load_to_BigQuery.create_external_posts_questions.create_posts_questions_stack_overflow_data_external_table scheduled__2015-11-01T00:00:00+00:00 [queued]>
[2022-04-07 19:22:40,739] {taskinstance.py:1043} INFO - Dependencies all met for <TaskInstance: load_to_BigQuery.create_external_posts_questions.create_posts_questions_stack_overflow_data_external_table scheduled__2015-11-01T00:00:00+00:00 [queued]>
[2022-04-07 19:22:40,755] {taskinstance.py:1249} INFO - 
--------------------------------------------------------------------------------
[2022-04-07 19:22:40,764] {taskinstance.py:1250} INFO - Starting attempt 1 of 1
[2022-04-07 19:22:40,768] {taskinstance.py:1251} INFO - 
--------------------------------------------------------------------------------
[2022-04-07 19:22:41,193] {taskinstance.py:1270} INFO - Executing <Task(BigQueryCreateExternalTableOperator): create_external_posts_questions.create_posts_questions_stack_overflow_data_external_table> on 2015-11-01 00:00:00+00:00
[2022-04-07 19:22:41,223] {standard_task_runner.py:52} INFO - Started process 2943 to run task
[2022-04-07 19:22:41,255] {standard_task_runner.py:79} INFO - Running: ['***', 'tasks', 'run', 'load_to_BigQuery', 'create_external_posts_questions.create_posts_questions_stack_overflow_data_external_table', 'scheduled__2015-11-01T00:00:00+00:00', '--job-id', '12753', '--raw', '--subdir', 'DAGS_FOLDER/load_to_BigQuery_dag.py', '--cfg-path', '/tmp/tmp05b5jmyl', '--error-file', '/tmp/tmpxf3kus7w']
[2022-04-07 19:22:41,258] {standard_task_runner.py:80} INFO - Job 12753: Subtask create_external_posts_questions.create_posts_questions_stack_overflow_data_external_table
[2022-04-07 19:22:41,652] {logging_mixin.py:109} INFO - Running <TaskInstance: load_to_BigQuery.create_external_posts_questions.create_posts_questions_stack_overflow_data_external_table scheduled__2015-11-01T00:00:00+00:00 [running]> on host 2c54f2187010
[2022-04-07 19:22:42,108] {logging_mixin.py:109} WARNING - /home/***/.local/lib/python3.7/site-packages/***/utils/context.py:156 AirflowContextDeprecationWarning: Accessing 'execution_date' from the template is deprecated and will be removed in a future version. Please use 'data_interval_start' or 'logical_date' instead.
[2022-04-07 19:22:42,181] {taskinstance.py:1448} INFO - Exporting the following env vars:
AIRFLOW_CTX_DAG_OWNER=***
AIRFLOW_CTX_DAG_ID=load_to_BigQuery
AIRFLOW_CTX_TASK_ID=create_external_posts_questions.create_posts_questions_stack_overflow_data_external_table
AIRFLOW_CTX_EXECUTION_DATE=2015-11-01T00:00:00+00:00
AIRFLOW_CTX_DAG_RUN_ID=scheduled__2015-11-01T00:00:00+00:00
[2022-04-07 19:22:42,185] {crypto.py:82} WARNING - empty cryptography key - values will not be stored encrypted.
[2022-04-07 19:22:43,591] {taskinstance.py:1288} INFO - Marking task as SUCCESS. dag_id=load_to_BigQuery, task_id=create_external_posts_questions.create_posts_questions_stack_overflow_data_external_table, execution_date=20151101T000000, start_date=20220407T192240, end_date=20220407T192243
[2022-04-07 19:22:43,781] {local_task_job.py:154} INFO - Task exited with return code 0
[2022-04-07 19:22:43,919] {local_task_job.py:264} INFO - 1 downstream tasks scheduled from follow-on schedule check
[2022-04-07 22:16:03,022] {taskinstance.py:1043} INFO - Dependencies all met for <TaskInstance: load_to_BigQuery.create_external_posts_questions.create_posts_questions_stack_overflow_data_external_table scheduled__2015-11-01T00:00:00+00:00 [queued]>
[2022-04-07 22:16:03,089] {taskinstance.py:1043} INFO - Dependencies all met for <TaskInstance: load_to_BigQuery.create_external_posts_questions.create_posts_questions_stack_overflow_data_external_table scheduled__2015-11-01T00:00:00+00:00 [queued]>
[2022-04-07 22:16:03,089] {taskinstance.py:1249} INFO - 
--------------------------------------------------------------------------------
[2022-04-07 22:16:03,089] {taskinstance.py:1250} INFO - Starting attempt 1 of 1
[2022-04-07 22:16:03,089] {taskinstance.py:1251} INFO - 
--------------------------------------------------------------------------------
[2022-04-07 22:16:03,555] {taskinstance.py:1270} INFO - Executing <Task(BigQueryCreateExternalTableOperator): create_external_posts_questions.create_posts_questions_stack_overflow_data_external_table> on 2015-11-01 00:00:00+00:00
[2022-04-07 22:16:03,569] {standard_task_runner.py:52} INFO - Started process 5220 to run task
[2022-04-07 22:16:03,582] {standard_task_runner.py:79} INFO - Running: ['***', 'tasks', 'run', 'load_to_BigQuery', 'create_external_posts_questions.create_posts_questions_stack_overflow_data_external_table', 'scheduled__2015-11-01T00:00:00+00:00', '--job-id', '14006', '--raw', '--subdir', 'DAGS_FOLDER/load_to_BigQuery_dag.py', '--cfg-path', '/tmp/tmpu9v89ysc', '--error-file', '/tmp/tmp2fnttiaj']
[2022-04-07 22:16:03,584] {standard_task_runner.py:80} INFO - Job 14006: Subtask create_external_posts_questions.create_posts_questions_stack_overflow_data_external_table
[2022-04-07 22:16:03,777] {logging_mixin.py:109} INFO - Running <TaskInstance: load_to_BigQuery.create_external_posts_questions.create_posts_questions_stack_overflow_data_external_table scheduled__2015-11-01T00:00:00+00:00 [running]> on host 36107d30f64e
[2022-04-07 22:16:03,916] {logging_mixin.py:109} WARNING - /home/***/.local/lib/python3.7/site-packages/***/utils/context.py:156 AirflowContextDeprecationWarning: Accessing 'execution_date' from the template is deprecated and will be removed in a future version. Please use 'data_interval_start' or 'logical_date' instead.
[2022-04-07 22:16:03,992] {taskinstance.py:1448} INFO - Exporting the following env vars:
AIRFLOW_CTX_DAG_OWNER=***
AIRFLOW_CTX_DAG_ID=load_to_BigQuery
AIRFLOW_CTX_TASK_ID=create_external_posts_questions.create_posts_questions_stack_overflow_data_external_table
AIRFLOW_CTX_EXECUTION_DATE=2015-11-01T00:00:00+00:00
AIRFLOW_CTX_DAG_RUN_ID=scheduled__2015-11-01T00:00:00+00:00
[2022-04-07 22:16:03,998] {crypto.py:82} WARNING - empty cryptography key - values will not be stored encrypted.
[2022-04-07 22:16:06,719] {taskinstance.py:1288} INFO - Marking task as SUCCESS. dag_id=load_to_BigQuery, task_id=create_external_posts_questions.create_posts_questions_stack_overflow_data_external_table, execution_date=20151101T000000, start_date=20220407T221603, end_date=20220407T221606
[2022-04-07 22:16:06,908] {local_task_job.py:154} INFO - Task exited with return code 0
[2022-04-07 22:16:07,476] {local_task_job.py:264} INFO - 0 downstream tasks scheduled from follow-on schedule check
